bosom 19
twarn 1
dout 3
overhauling 1
Confederate 1
Capulet 2
jarred 1
occasioned 5
limits 3
nonetheless 3
spoken 33
latitude 1
ells 1
postponed 2
aps 2
resentful 1
corresponded 1
pretext 1
Revenue 8
fidelity 4
Isis 1
Montalban 1
Adler 15
discoverer 1
endeavours 7
unkindly 2
Alexander 5
WARRANTY 16
detected 4
heroes 10
ripening 1
tormented 8
bung 2
stormed 2
Very 54
horrid 30
supports 1
rollicking 1
b 27
mediocre 1
fastest 1
conciliating 2
aspired 2
XXXVII 2
vegetables 10
prayers 8
lamented 2
lair 3
assistant 21
chrysoberyl 1
weigh 5
harsh 15
reprobated 1
forceps 1
scoundrels 2
spen 1
spected 1
imbecile 3
cleverness 4
steaming 3
gums 1
copyrighted 1
contraction 3
downloading 8
dusky 9
ride 21
vigilance 1
shuck 4
retires 2
adder 2
wont 5
cake 29
toe 21
barred 12
towhead 16
fairest 9
raiment 2
tribe 4
salesmen 3
costs 20
dreamy 6
strides 2
incredulity 3
imperative 1
complimentary 2
exterior 1
often 157
surrender 3
culture 5
melt 4
performer 2
history 42
venerable 5
coarsely 1
heights 1
brother 166
subsistence 1
Arizona 1
silhouetted 1
forces 4
Les 2
hotter 3
lots 17
eternally 1
Melancholy 2
rung 3
bristling 2
lashing 1
picture 108
blush 7
deliberation 1
payment 2
endeared 1
joining 4
wadding 3
sneak 4
Fact 1
Corpse 1
realization 2
Play 3
appeals 7
neckties 3
Lead 1
WENT 6
turned 285
Again 10
pegged 3
buckskin 3
whiskers 13
hark 1
Sarasate 1
morosely 1
redoubled 1
shrill 12
swam 7
uneasier 1
Venner 1
tadpoles 1
own 521
inflicted 6
stab 1
siroc 1
dirtiest 1
sweetheart 10
glowering 2
Dyall 1
intonations 2
shades 4
historical 1
lookyhere 1
conquered 3
warbling 3
swarming 2
wheelbarrow 1
smile 57
Pretty 24
woods 109
slab 3
little 1207
dismal 15
spinning 17
Sheets 1
conflagrations 1
clerks 6
boundary 6
muggins 2
Booth 2
Puzzle 1
hung 85
respecting 1
concussion 1
chillier 1
whiteness 2
muscles 5
elbowed 1
broidery 1
scare 5
sides 40
Insensibly 1
terrorising 1
enveloped 4
Deep 2
Georgian 2
together 237
Never 59
aristocratic 5
Steamboat 1
hubbub 3
sunken 1
paven 1
drain 2
sence 3
blankets 9
blackbird 1
Away 16
January 4
Grand 2
craving 3
precaution 9
jimpson 3
issuing 2
era 1
Adolphus 2
swamp 14
Mariner 2
Diligence 1
stealer 2
countryman 15
dungeon 10
Quite 30
lads 14
brushes 4
lounged 4
alleged 1
Ilsabill 12
interesting 46
authors 6
puffs 1
villains 6
prancing 4
presuming 1
nominal 3
remedies 1
widely 2
degenerate 1
accidents 9
kangaroo 1
hoop 3
comet 1
investigating 2
balance 5
conjured 2
scow 4
antecedents 1
publication 3
XII 7
flakes 1
balminess 1
galoot 1
tiniest 1
criminals 4
insufferably 1
concerning 41
likely 61
wantonly 2
deserts 7
timbered 2
deductions 4
subscriber 1
sipping 4
tire 8
assures 3
reflects 1
Tim 1
hospital 3
monster 41
dash 7
wilt 4
wainscoting 3
remissness 1
genlman 2
dental 1
surely 33
Please 31
she 2921
gateway 2
Boarding 1
thou 53
divinely 3
peaceable 1
corroborate 1
juvenile 3
almost 173
relics 2
buil 1
pair 28
exclaimed 56
signal 20
millennium 1
accustomed 22
grows 7
rugged 5
glass 79
set 430
capacious 2
delightful 43
rain 60
tolerably 3
Bringing 1
woes 5
passel 2
resounding 1
Wigmore 1
station 29
Saville 4
securing 2
Simonetto 1
brash 5
renamed 8
sun 134
unrestrained 2
bluffs 3
consumed 8
restraining 1
feint 1
Sensation 2
Blue 5
mesmerism 1
thicken 1
shoots 2
dangling 8
COME 1
fixings 1
evidently 20
inscription 6
cartridges 1
Tiptoes 1
choke 2
languor 5
flocks 1
River 7
push 12
Dirty 1
sensitive 7
oaks 2
hereafter 2
Carolinas 1
ideals 2
northeast 2
fum 1
beholding 3
raftsmen 2
chiefly 8
boldness 2
moderation 2
swifter 1
distrust 1
skreeky 1
organs 1
pertinacity 1
fraid 2
Fraid 1
into 1423
personality 17
Hoxton 1
lickings 3
jabber 1
clinched 1
creak 1
approaching 14
depresses 1
trotted 4
idler 2
counts 5
buckle 1
floggings 1
greatly 27
aloes 1
enjoined 2
Seek 2
readers 4
discretion 3
antidote 1
blurred 2
Yours 6
Roland 14
plane 1
Harbor 2
Simon 39
succumb 1
thee 55
tapestry 3
Despair 4
pans 7
craft 10
droop 3
frenzy 8
grownup 1
deluge 2
too 657
bray 1
abuse 4
desprate 1
smilin 2
brickbat 2
tension 3
struggling 10
captain 17
disappointments 1
barriers 1
mutual 7
poses 1
Standing 2
bonnet 14
modest 4
report 10
jewels 15
solicitation 8
pane 5
hollowness 1
effort 50
disdain 7
psychical 1
lamb 8
exclusion 9
gbnewby 8
indifferent 22
brave 12
disagreed 1
vile 10
mystical 2
riches 5
Fiend 3
fascinate 3
unhealthy 2
mountaineers 1
ham 6
accumulated 6
mingle 1
crib 2
plover 1
quote 2
Aunt 141
Five 6
pities 1
gouging 2
overlooks 1
dustbins 1
cores 1
coronation 3
informality 1
whims 3
birches 1
Dangerous 1
continues 3
Guards 1
reviving 1
Million 1
Eden 1
OSCAR 1
embark 1
Indignation 1
accord 6
choosing 1
reply 22
Feel 1
deftly 1
pain 76
Holle 10
obstruction 1
suburban 1
Anderson 1
triumphs 3
resks 2
dratted 1
pancakes 1
plunging 3
disease 6
burden 19
Turtle 2
chase 15
Feathers 1
scaffolding 1
rambling 3
Swain 2
presentiment 3
subscribed 1
tenfold 2
centuries 3
managing 2
Coils 1
noose 1
appearance 59
lost 170
mortification 2
patentee 1
capered 3
drowning 1
Tunbridge 3
species 11
flourishing 2
diplomacy 1
hair 190
sqush 1
quartering 3
Holmes 461
thereabouts 2
performed 23
confidential 5
tender 11
agree 66
Theatres 1
ruddy 2
ferryman 1
writ 2
vault 3
action 28
tea 41
harness 5
licks 3
note 63
compass 4
hampered 2
Rest 3
Tottenham 4
oration 1
gwine 1
crosses 3
Diaz 1
pursued 19
sayin 5
incognito 1
Bug 1
ain 431
mixture 8
bearing 12
depose 2
fight 27
slopping 1
livelier 1
whimper 1
inviting 1
Defects 8
vermouth 1
faded 13
disciples 3
petition 3
devotedly 4
Emaux 1
needn 16
developments 2
DAMAGES 16
antagonist 1
epidemic 1
overdone 1
detracted 1
dog 120
blinking 3
attendants 5
ft 1
unpiratical 1
circumstances 36
signs 46
forgave 3
timbers 1
Agrippa 8
reminder 1
crookedness 1
PUNITIVE 8
morals 5
endless 7
gauze 3
hover 2
X 6
steely 1
defend 7
dialogue 2
Moss 1
Pancras 1
Despite 9
colour 46
appeared 120
cousins 3
TRAVELLING 2
furnace 2
dong 4
Won 5
are 1488
deposition 4
hole 65
fallen 47
Almost 1
weakened 3
unavoidable 1
Why 403
Few 3
worn 43
arrogance 1
soberer 1
manageress 1
African 1
Carlsbad 1
presumptuous 1
traitors 1
Superintendent 3
ungovernable 1
diver 1
New 13
smarty 2
lantern 46
rods 1
scrabbled 1
Them 8
labor 6
Wedding 3
Child 2
ornament 3
office 61
statue 2
draped 3
snake 33
BLAM 1
senior 2
tributes 1
subscriptions 1
Pink 1
shop 16
acquaintances 2
creatures 33
geeminy 1
when 1705
regarded 14
Crossing 1
swaller 3
WILSON 1
emphasis 1
Langhorne 1
trusting 4
improvisation 1
Laying 3
directions 9
glides 1
handsomely 3
ajar 1
inshore 1
pervading 3
chimed 1
Piccadilly 2
Produced 12
Stuff 2
Food 1
br 1
pure 23
rapid 9
feet 132
followed 137
As 319
pine 11
thanking 3
guesswork 1
limping 1
pinned 1
wreck 27
rechristened 1
contralto 1
peacock 2
coward 7
earn 26
elbows 6
crowds 2
knit 3
bedside 5
Asks 1
sifting 1
forte 2
cut 158
bestow 16
ferret 1
taper 1
unusually 2
petty 3
insight 4
invoked 1
trader 2
ponder 1
pomegranates 2
mentally 2
perfume 6
farmers 5
rummaged 5
dissuade 3
persuading 2
flagged 2
bankrupted 1
resembling 4
remainders 3
dismalest 1
steeplechase 1
ducats 2
rented 4
returning 24
dangers 8
Lancing 1
Unless 11
origin 11
penal 1
unfortunately 13
dust 25
unlock 2
everlast 1
Grimly 1
wedged 2
rapidity 4
clothes 123
wept 46
Whence 2
poppies 3
moonshine 5
suggestive 9
got 1049
past 107
parties 14
Athenaeum 1
variable 2
personating 2
obliged 42
ugliness 6
fuming 1
captured 7
villainy 1
privately 2
career 8
Somebody 8
dividing 1
blinds 8
interpreter 1
driftwood 3
pale 61
reckoning 1
WE 6
acquittal 1
bail 1
woman 281
means 97
grotesques 1
poking 4
poetic 1
Tudor 1
serpents 1
martyrs 2
parlyment 1
recourse 2
bilin 2
cumbrous 1
Jephro 1
politely 3
puppet 1
symptoms 8
colonel 14
conjunction 1
talettes 1
excitement 22
fully 26
thirty 67
wardrobe 6
visited 24
Rogerses 1
casualties 1
leant 8
fetch 91
FAREWELL 1
champagne 7
linen 13
shelves 4
leapt 8
strawbries 2
rammed 1
unwound 3
amidships 1
me 3617
refund 65
growled 5
inorganic 1
homewards 7
discouraged 5
AGREEMENT 8
appealingly 2
blazed 6
sublimity 1
ultimately 5
Romans 1
horsewhipped 2
duplicates 1
Thursday 10
First 15
despondence 2
transform 2
ladyship 1
Patti 4
gags 1
frontiers 1
petulantly 1
glistening 2
irresolute 1
slumped 1
entrusted 1
equipment 25
peculiarly 15
Two 45
devised 3
grates 1
marked 49
Years 4
wert 3
shuddered 18
somehow 31
scarcity 1
sticking 10
foul 9
Chapman 4
resky 1
silky 2
Bilgewater 10
pone 7
parietal 1
Shutting 1
Get 14
cheeses 2
Camberwell 2
placing 4
bedroom 33
Trafalgar 1
compares 1
Ceilan 1
sexes 4
astonishin 1
Gazette 1
huddled 5
galluses 1
meters 1
alias 1
word 188
created 34
simply 65
Nobility 1
cannibal 1
Signs 1
chairs 22
garters 2
gathered 33
misgivings 3
Hetty 6
decaying 2
jist 10
nary 1
Boggs 16
Empire 1
acquire 5
futility 2
latter 32
nailing 1
numbered 1
oblige 3
monuments 1
nowhere 12
pocketsful 1
grime 1
hesitation 5
deepened 4
grinning 7
Intellect 1
drown 6
Hooray 1
Petrified 1
patches 4
nibble 1
anoints 1
Sleepy 1
thinking 91
blessings 5
Lie 5
cruelly 7
Inflamed 1
slipping 6
swig 1
open 238
dancing 22
drunkards 1
tittering 4
extraordinary 43
Merrily 2
diffunt 1
recognising 1
tremendous 13
nutshells 1
Spence 2
barking 5
Wallenstein 1
column 10
reproachfully 1
Frost 1
stroke 14
complained 8
augmented 4
dissected 1
winced 8
rope 44
compress 2
Night 9
grateful 20
furies 1
accomplished 6
stormy 4
arrives 3
utmost 10
wounds 5
tilted 6
pear 4
waning 1
energy 10
alike 15
denying 2
afterward 8
Europe 12
gipsies 8
unheeded 2
training 3
tranquillity 14
cupboard 10
ringmaster 6
homesickness 1
grasped 10
tanned 2
Goody 1
liveried 1
entrancingly 1
Families 1
sho 4
amusing 4
machines 1
vampire 1
Milanese 1
WHEN 3
killing 2
grassblade 1
auntie 15
included 27
furry 1
incitement 1
errand 8
starving 1
TWISTED 1
thout 4
lodging 10
Four 7
topmost 3
tenant 1
Bolton 1
whisper 24
luxe 1
sluicing 1
juries 1
Grit 1
hokey 1
obligation 1
vehement 1
blaze 5
plash 4
disclaimers 8
balls 5
Uttering 1
appreciated 3
Oath 1
Tallassee 1
Interrupted 1
recital 2
crusted 1
limitless 1
Entirely 3
opinion 41
enticement 1
getherin 1
astronomer 2
misch 1
tastes 5
inspecting 1
Lyon 1
animal 26
penetrated 3
herbage 2
bove 1
sheathed 1
shy 9
secretive 2
autobiography 2
reappear 2
undertaking 14
mayor 14
blithesome 1
homework 1
representations 11
Aynesworth 1
pageant 2
Heart 1
Retaliates 1
nicely 9
Veil 1
Persecuted 1
Near 4
blossoms 12
hinges 5
Him 11
peal 4
midnight 55
redistribute 8
oblivion 4
Heavens 1
Philip 1
Reigns 1
mass 9
Persian 6
cluster 1
whiff 1
dejected 3
carried 107
etching 1
elegantiarum 1
loadened 1
yo 15
represent 8
board 32
instruments 12
boarding 4
slights 1
translate 1
arter 5
justification 1
Levi 5
Trash 1
they 2618
melody 1
bye 32
peaks 2
jiffy 1
airily 1
prattle 1
electronic 216
need 85
spasm 2
flooring 2
thrush 8
club 29
pope 14
as 3768
curdles 1
energetic 4
sores 2
waggons 1
coma 1
Interposing 1
pounding 3
blanketed 1
gallery 13
pennies 6
Opening 1
reap 3
body 204
sulky 5
background 5
lashes 3
Jane 50
noses 6
playfellows 1
relationship 1
exemplified 1
ay 2
Rhone 2
ARAT 1
tout 4
greater 36
reflected 21
unmistakable 1
SO 2
V 6
Dismal 1
arch 2
Sold 5
interlarded 1
scandal 20
advanced 20
tightened 1
Lightning 3
Directly 2
Horror 1
health 38
skulls 2
Dey 11
bullfrogs 1
homes 2
transparent 4
trustfully 1
preventing 2
suppos 1
crockery 3
sit 88
button 8
smash 2
courtesy 3
shopping 1
exactness 1
composed 8
ravines 1
tusks 1
friendship 19
party 27
suitor 4
Deffisit 1
shriek 4
ignored 1
XX 4
unsaid 1
flight 22
loveliness 10
Apple 3
salesman 11
SCANDAL 1
heroine 1
Thornton 1
fanned 3
credulous 1
brute 11
idolatrous 1
pencils 1
BRIDEGROOM 2
revellers 1
countries 14
Knowledge 1
clutched 8
winning 5
faultiness 1
wid 19
comparing 1
journey 71
town 261
outward 6
quarrelsome 1
tray 8
horns 4
tediously 1
abhor 5
kep 7
Devant 2
sweeping 5
vizard 1
waiter 4
crows 1
Ph 1
scale 3
safeguard 2
taxed 1
reliable 3
utter 16
render 11
begone 2
cheaper 1
encouraging 4
depress 1
hoarse 12
foppishness 1
Have 58
lens 12
cheetah 6
XXII 4
banking 4
sentiments 6
Rectory 1
fleecy 3
testifying 2
prophesy 1
Skilled 1
Confidence 1
Same 1
refused 27
talking 88
overlooked 3
ceases 1
collars 1
superhuman 1
handled 3
anyone 100
unloads 1
sayings 1
gamekeeper 1
impotence 2
cocaine 3
recollections 3
adrift 5
skunk 1
play 99
cemetery 2
torrent 2
Leadenhall 5
currently 1
paused 27
bestial 2
wince 1
altar 10
vicious 6
accumulate 1
jeweller 1
relentlessly 2
reconsider 2
ended 17
vivid 11
contents 7
gabbling 1
sharp 43
imparted 2
unmolested 1
forrard 1
Airily 2
claws 9
hood 2
rubs 2
drippings 1
hedges 3
howsoever 1
lordy 6
Looky 11
wirelike 1
hers 11
Lay 3
offer 24
CAP 2
inanimate 4
egotists 1
bare 24
choked 14
Long 8
weapon 10
employers 3
surplus 1
postmarks 1
FIRST 3
Savoy 1
Body 1
touchingly 1
behaves 1
rifts 4
runnin 2
checking 1
There 630
Came 3
Hanner 2
girlish 1
taint 3
persevering 2
yarn 6
NORTON 1
Horner 13
San 4
boyhood 15
ye 22
SCENE 3
tabooed 1
assertion 3
bystander 1
precious 31
prophetic 2
fork 5
Mellow 1
depot 1
estate 14
stayed 39
slaves 3
salable 1
removed 31
MOUNTAINS 2
pitifulness 1
wake 31
Afghanistan 1
wooded 2
metropolis 3
shoutings 3
Lane 62
curious 75
brilliantly 4
worker 1
Cent 1
occupied 36
verdant 2
school 101
Courses 1
solemnization 2
Window 2
artillery 1
love 246
Wilson 21
knob 6
bead 2
Felstein 1
field 35
Wretched 1
capacities 1
outdoor 1
renewed 9
paly 1
weighing 1
notepaper 1
Prim 1
ratty 4
comedian 1
Level 1
Holder 18
magistrates 1
INDIRECT 8
clouds 27
chop 9
bronze 2
beings 30
cottages 7
exerting 1
superscription 2
orange 14
admittance 1
index 2
approaches 3
nowadays 15
ushered 3
festive 1
how 680
congenial 2
escaping 2
Satisfied 1
aware 29
Rail 1
fluffy 3
principle 10
Boscombe 15
conjure 4
lain 5
trophy 2
ailing 1
blurted 1
stop 66
foggy 1
gigantic 11
ignoble 2
ee 1
spying 3
burglars 3
mill 18
antelope 2
ROLAND 2
LIFE 2
Lee 7
vogue 1
slowly 73
sojourn 1
conversing 3
aches 1
minion 1
chopping 1
BECKY 2
trivet 1
inmost 2
marks 28
storied 2
irritably 2
worms 4
Prague 2
voluptuous 1
Billy 2
matters 35
scamp 2
dander 1
hyacinth 1
fresh 63
ME 1
enter 42
sponge 4
crumbled 2
offhand 1
abortion 1
injustice 7
Master 7
opposed 4
innocentest 1
lavished 2
romanticists 1
visitings 1
derbies 1
christening 8
complaints 3
commander 2
clad 15
exaggeration 2
astride 1
las 4
murrey 1
terpret 1
undefined 2
stir 39
revealed 25
irrevocably 2
jutted 1
abstraction 1
bowing 5
bedsheet 1
daubing 1
haze 1
giggles 1
fiver 2
mirrors 6
Pious 1
rotted 1
successor 1
snarl 2
barometric 1
ages 10
Apply 1
puny 1
peart 1
flushing 3
northern 7
wares 5
Charity 1
Case 1
starboard 1
proved 18
provocation 1
sack 22
disquisitions 1
grabbing 1
whirling 3
Melons 1
chord 3
suited 16
decree 1
Alfred 8
tremulous 9
kneeled 3
murders 1
remaining 21
wiser 8
asthma 1
companion 78
oneself 3
innocence 27
magazine 1
firelight 1
LION 2
sof 1
Washington 2
wakening 1
confide 6
guile 2
maker 8
laying 49
address 46
sad 54
blade 4
grace 23
developed 6
fain 2
uncompromising 1
Stroll 1
UNDER 8
ACT 8
beryl 2
grandfather 13
Immense 2
pole 8
owdacious 2
published 5
blacken 1
dialect 3
bethought 4
Prisoner 1
Hilstone 1
intense 12
observer 5
imprisoned 1
t 3591
associated 72
zele 1
tolerable 10
Floating 2
glasses 16
ecstasies 3
fire 217
orbs 1
joggle 2
Shackleford 3
undid 1
accurate 4
rich 81
brassy 1
agreeable 7
disagreement 1
MONDAY 1
Dear 35
hovel 14
Printer 1
magnificently 3
bullyrag 2
analytical 2
infamy 2
heel 14
tricks 10
Twisted 1
resented 1
raftsman 2
noticeably 1
lethal 1
naturally 18
trade 19
lonesomer 1
Plans 2
Ordinary 3
discerning 1
hearn 3
pants 1
ruther 10
grandeur 6
playfully 2
Growler 2
staggers 1
Assyrian 1
slightingly 1
flush 5
unchecked 2
Chamounix 5
fatten 1
beginnings 1
informed 18
subtleties 2
wives 8
newspapers 13
sacrifices 1
insane 2
normally 3
donna 1
Valuable 1
keeper 19
portraits 1
ensconced 2
Rimini 1
encomiums 1
Answer 5
Married 3
sounds 34
London 86
gartered 1
cigar 13
perused 1
comprehended 3
DOG 2
th 27
gravely 16
vinegar 5
remade 1
pound 6
Observer 1
lifts 2
warranted 1
moss 9
employ 5
guards 11
dumb 18
Grotrian 1
Rash 1
suicide 10
yellow 60
debility 2
circled 1
petted 1
distasteful 2
largest 5
peril 15
almonds 1
focus 1
episodes 2
ACTUAL 8
eggshells 1
congratulating 1
ominous 6
founders 1
indecent 1
govment 12
limp 3
hands 323
prefiguring 1
Discord 1
speckles 1
Vere 1
chemistry 7
feud 6
ruefully 3
sass 3
adviser 2
refer 2
recommending 1
ignorant 22
steals 1
kingdoms 3
turpentine 1
requirements 33
pray 42
Moralists 1
Sections 8
Vegetables 1
agitation 19
deed 22
selecting 1
rotten 16
enviously 1
lest 17
experimental 1
discernment 1
Sly 1
thorough 1
damages 17
agitates 2
Hum 7
scheming 1
Foukousas 1
swim 17
freezn 1
bulwark 1
unawares 4
shackles 2
bleached 1
depending 1
Benton 1
WITH 13
freed 10
Without 8
conducive 1
positions 2
buttoning 2
wheeler 4
am 829
luggage 6
cardinal 1
impelled 2
harbor 1
tomato 1
laid 197
mannerly 1
cultivation 4
basket 18
stealthy 6
explained 24
burly 1
ADVENTURE 12
winks 1
citizen 3
furrin 1
scratches 1
scented 6
extreme 26
troublesomest 1
experienced 19
sees 20
us 711
purveyor 1
delicacy 7
Chop 3
XXX 4
flirtation 3
penitentiary 1
recognized 16
transported 4
bundle 16
correspondent 2
Dumbleton 1
Michelangelo 1
apartment 15
Himself 1
Bible 16
precision 3
Wiretap 1
injun 8
mostly 24
amalgam 1
epicurean 1
walked 118
busied 3
availed 1
ridden 2
descending 4
artificiality 1
inquirers 2
implements 1
mutiny 2
bawl 1
deep 115
mourned 6
ambergris 1
bust 18
second 135
illusions 1
satins 1
rats 26
downtown 3
convincing 4
Talking 1
Bear 3
symbolize 1
victories 1
ribbed 2
bladder 1
dreamed 9
month 43
jugged 1
spill 1
wrapt 1
Whitney 8
prow 2
Malay 2
timorous 2
bodings 2
fundraising 10
Runs 1
Irritably 2
indirect 1
forbidding 2
unfriendly 1
Beckenham 1
oilcloth 1
calculated 13
bee 4
supplier 1
dancette 1
Because 38
Polo 1
bringing 16
lowered 2
Bradshaw 2
ceaseless 3
reached 104
Dim 1
happiest 3
Morals 1
opposition 5
blim 1
campaign 3
gaping 7
instructive 3
wading 3
winsome 1
mountainous 1
XL 2
Embankment 1
slovenly 1
Dane 1
Hamilton 1
mortals 2
radius 2
discharge 1
owing 5
abnormal 1
critically 1
survived 2
lookin 3
depositors 1
glittered 7
repugnance 3
jumping 13
burglary 1
scary 3
suggest 14
dulled 1
moods 10
realized 5
highroad 5
Anstruther 1
nettle 1
building 17
graciously 1
carryin 1
Bag 1
turkey 1
cringe 1
thither 24
savagely 3
Iron 11
deepest 11
Shallow 1
Bernard 1
tackle 13
Post 5
promising 5
purloined 2
mat 3
parsonage 1
feller 6
decreased 2
auditor 1
progeny 1
afar 6
Thirdly 1
Thish 1
Dreams 1
strictly 2
pavement 15
confessions 1
County 2
defending 1
sails 4
vexation 5
genlmen 2
bowl 11
uneasiness 8
biscuits 2
carpets 2
argued 1
Upon 13
delivered 14
wearisome 4
rafter 1
Turkish 4
meddling 3
flatheads 1
pills 1
brood 5
muttered 28
Ay 4
mockery 10
Forty 3
saddest 2
numerous 14
woken 2
cashbox 1
Java 2
sentences 2
comrades 9
pillows 5
binds 1
eminence 1
realistic 1
bachelor 8
anon 1
bluejay 1
curtsy 1
tail 35
meets 6
Comfortable 1
Ting 7
unbounded 3
couldst 1
unimpeachable 2
didst 1
gleeful 1
Cadets 2
swear 32
frowning 9
pensioners 1
proprietor 4
want 438
near 152
paint 16
tussock 1
likes 15
forty 35
parted 24
clogs 1
consecutive 1
stronger 17
Col 3
hogged 2
puppy 1
Stealer 1
tram 2
cloudrack 1
dogma 1
widow 78
Ring 2
Remembered 1
treetops 3
Fiction 1
tie 25
capture 6
switches 1
affects 1
swells 1
skimmed 2
galvanism 1
Alpha 7
shilling 1
Sometimes 51
Disciplina 1
warmly 6
Heinrich 1
hallway 3
musty 1
Arrives 1
drear 1
roughs 3
God 110
ale 14
britches 7
entrees 1
bulliest 2
defects 4
miserably 7
antipathy 1
Advantages 1
sur 1
slogan 1
sandwiched 2
stairway 6
depressing 5
temperature 2
hearers 1
apprentices 2
away 906
snap 7
surmounted 1
Temptations 1
Friend 3
Nevertheless 3
swordsman 1
corks 1
fortress 2
staircases 1
stirring 20
sneered 5
faddy 2
gates 11
Countryman 1
forts 1
ruby 3
survival 2
passersby 1
plain 43
barbarously 1
guys 1
pins 7
blamable 1
MUSICIANS 2
scorns 1
mutterings 2
useful 18
charms 6
return 133
ranging 1
careful 27
rushing 12
added 33
orchids 5
Smite 1
appalling 6
plumb 6
Pips 1
penny 6
lingered 5
shadow 36
Londoners 1
loyalty 1
Decided 1
haunt 1
persistently 4
styles 1
magnet 1
Well 662
Webster 2
beforehand 3
fowl 5
amidst 11
dominant 4
Robert 7
arches 1
inexplicable 2
ward 8
shoulder 53
Adieu 2
systems 2
marriage 77
shutting 9
aspilates 1
later 49
Domain 8
charge 79
seeking 15
Lily 9
wage 1
sake 50
punctuality 2
covered 71
pinch 4
memorize 1
bound 89
glowed 4
Form 2
redder 2
eccentricity 2
unfavourable 2
idol 2
Declaration 1
pals 1
postmaster 1
Whatever 10
voluntary 2
sealed 7
desolating 1
mounts 1
screechy 1
PERSONS 1
Monday 25
singly 1
berries 12
discriminate 1
fool 67
chequebook 1
knell 1
soothering 1
Frisco 4
regards 4
curling 8
daytimes 6
Compose 1
regurgitation 1
imitative 1
Colony 1
impressively 1
Am 9
uncertainty 4
SECOND 3
enemy 47
fetching 6
haul 6
wager 2
scalped 2
morocco 2
FEAR 2
flare 1
Thatchers 1
stamped 9
quotation 2
physiognomy 2
businesses 1
Humph 1
aid 23
felled 4
hurrah 1
hardy 2
clan 1
burdensome 2
droned 1
Dacca 1
toned 7
damn 1
Hero 3
because 375
Oxford 13
pendulum 1
fountain 6
disencumbered 1
Truly 3
sirree 1
Sick 1
indeedy 3
Threatens 1
Concerning 1
buyers 1
scoop 5
affected 10
rewrite 1
disgracefully 1
enwrapped 1
Ignorance 1
Ultimately 1
Osborne 1
signed 8
quilts 3
Tallapoosa 1
Balmoral 4
lips 120
happen 37
preparations 4
unwillingly 3
attached 17
emotions 18
farmhouse 1
unused 2
lust 3
reluctance 1
Bracknell 128
melancholy 39
blindness 1
crackers 1
commanded 5
grappling 1
junction 1
meow 5
musk 2
vein 1
Giving 2
thirsting 1
bids 1
brewing 2
enemies 17
tomb 6
appertaining 2
dreariness 1
assisted 5
rekindled 1
pasture 2
vulnerable 1
musings 2
oven 7
peg 5
enigmatical 1
mamsey 1
kivered 2
skirts 6
heartedness 1
dreams 36
flowing 4
BEE 2
aquiline 2
stones 37
underrate 1
eradicated 1
lessening 1
rug 3
flattening 1
plowing 1
drive 50
row 22
chaste 2
lived 116
Decay 1
beheld 34
avenge 1
derives 2
Jour 1
mindlessly 1
regulating 8
roof 42
arbiters 1
baa 2
holiest 1
jabbering 1
spires 2
combs 1
bedtime 3
roams 1
tiaras 1
splinters 1
flew 88
paragraph 84
Ole 4
winked 1
ledgers 1
tempestuous 1
society 48
yoked 1
Mister 3
tidings 6
decanter 2
clinked 1
upstreet 1
error 12
tampered 2
nearing 3
inconvenient 1
incorruptible 1
comforting 2
instructors 1
mushmelon 1
paradoxical 1
Embraces 3
flash 19
faithfully 7
proceeding 3
restore 11
nerved 1
Pray 57
gentleness 11
dank 5
wrapping 2
cub 2
chat 8
engrossed 2
gnat 2
distraction 3
calendar 1
Pooh 2
discomfort 3
weak 29
sleeve 15
grades 1
Aztecs 1
enthralling 1
fended 1
Any 18
his 5478
Francisco 4
why 204
crawled 24
roasted 4
peeping 4
continent 1
chill 17
expense 17
Will 33
overpowered 1
toed 3
Clodion 1
perspiration 1
suffocated 3
Woods 3
rectify 1
Tanner 4
Host 1
ripple 3
fastened 20
capacity 8
citadel 1
dolefully 1
joyously 3
Mask 1
simple 54
Starting 1
bring 136
ingots 1
pile 26
pyramid 1
Blessed 5
BUSH 2
Wher 2
Perfectly 3
L 3
facing 6
