creditors 1
croaked 3
pison 4
pursuers 1
wildcats 1
onreasonable 1
moustache 2
attain 5
Koran 1
street 70
nimbly 5
transformation 3
wilted 3
tombs 1
mantelpiece 8
repairing 1
clumb 16
Gang 9
aspirations 1
ascended 9
whizzed 3
filing 1
successive 5
Nor 17
disappointment 27
escape 40
ruffles 2
smell 20
reasons 17
backward 11
ferule 2
naught 1
stretching 6
boisterous 2
favour 25
sulkily 3
intoxicating 1
Sudden 2
soap 5
purse 7
Dudding 2
Auction 1
plausibly 1
closing 18
chasms 2
appropriated 1
ashen 3
Showing 3
dreaded 10
Le 8
harem 5
advances 1
pounds 48
buyin 1
overflowings 1
threes 1
craggy 2
triviality 2
credit 26
sickly 6
vestments 1
north 19
daring 9
Heh 1
circulation 1
distinguishable 1
Terms 16
Raising 4
fringed 8
Carthage 1
believes 6
Mediterranean 2
Pritchard 1
inveterate 3
reappeared 2
Immortal 1
dab 1
surmounting 1
orphanage 1
hoping 10
solution 12
marm 1
frankly 6
Berkshire 5
vacant 6
cornelian 1
falsehood 3
thickened 3
muslins 1
sculpture 2
strengthened 1
buffalo 1
mosey 2
Fin 2
award 1
possessions 2
preparatory 1
roam 1
devoted 26
dominion 1
umbrellas 1
pathways 1
righted 1
Third 2
fold 2
Facts 1
smelling 5
Black 10
sinking 11
weighted 2
Jewel 1
electric 7
excesses 2
failed 26
refrain 4
explore 10
ther 15
charts 1
grapevine 1
conned 1
taxes 8
huge 32
Household 1
Splendid 2
lookout 11
facts 53
Schumann 1
doublet 5
approached 34
Bohemia 11
extraordinarily 3
clasp 3
forlornly 1
pails 1
RAPUNZEL 2
quieter 2
lo 4
Mayn 1
modesty 3
titles 2
sappy 1
colourless 3
emancipated 1
Sobieski 1
besides 45
discoverers 1
poles 1
Fermor 4
honeycombed 1
eventful 1
rabbits 2
thudding 1
affliction 2
played 60
incapable 8
Pike 2
achievement 1
mocked 5
footsteps 10
Fowler 5
quake 1
genuine 2
impunity 3
Altogether 1
unchanged 5
traced 9
shrank 3
allured 2
FST 1
Pearls 1
mansion 3
Richard 9
examine 14
gloomy 22
secured 5
frontispiece 2
stable 23
superscribed 1
horseman 4
middlin 1
content 19
likewise 22
reefs 2
budged 1
weaker 6
barrels 7
handling 5
lineal 1
Dese 2
Bard 1
contributions 8
manna 1
disquieted 1
whimsical 2
skirt 3
checkmate 1
gesture 12
telescopes 1
killin 4
XXXVI 2
pointless 1
unfurled 2
resounded 1
bedrooms 5
sauce 3
Bar 1
accomplishing 1
diminish 1
maid 70
movement 12
cape 3
whitewashed 10
emptying 2
considerably 15
infusing 1
razberries 1
Florizel 1
lieve 7
albeit 1
reopening 1
Architecture 1
gray 23
hollow 19
cognizance 1
Alpine 2
foods 2
carts 4
biology 1
considerate 4
loftily 1
improving 2
diverging 1
sein 1
Broke 1
piazza 2
clay 23
vitriol 1
expired 1
mossy 1
baptized 1
performances 9
Priest 2
Duvillard 1
Mam 1
seems 100
cured 4
brighten 1
Splinter 1
closest 5
Tilbury 1
labboard 4
senses 35
rouses 2
vaults 2
RAVENS 2
Offers 3
Mexico 2
hustle 1
Heave 1
unfavorable 1
mute 1
willows 9
seriously 19
doctrines 1
unpunctuality 1
construct 1
lurked 2
great 427
comest 1
Rosamun 2
wearing 11
hitting 3
starred 2
rattlesnakes 2
brickish 1
insanity 4
sensibility 3
Sundays 7
drums 2
pervaded 1
fo 12
gunwale 1
circusing 1
redistribution 8
kicks 3
Boone 8
Clods 1
person 124
sweated 6
thinning 1
syndics 1
stead 10
happily 21
meal 35
dependent 4
footlights 2
persistent 3
masterpieces 2
Hence 3
Exchange 1
brushed 10
shins 1
looming 1
below 101
Till 8
loudly 22
tap 11
Siddy 2
chaffed 1
those 248
barked 4
individuality 3
determination 10
lingo 1
Conan 3
Trincomalee 1
stalagmite 2
judgments 2
sipped 2
enamelled 2
heaviest 3
skinning 2
prouder 1
browed 1
Cyril 1
frosty 2
dishful 1
stoop 4
woodman 10
fruitless 3
wish 234
mustn 17
Whether 4
supercargo 1
meed 2
sits 15
imbecility 1
Lucy 3
upright 17
leader 4
sovereigns 1
amiable 20
melon 2
hold 99
poorer 2
mistaking 2
Explanation 1
Collar 1
formalities 1
Inn 4
Voila 1
tortoise 1
rendered 20
JORINDEL 2
mourners 7
Lot 2
punctuate 1
amongst 53
exhibition 6
preach 6
rap 3
points 28
brightness 5
slumbers 2
issue 5
reck 20
wildly 8
decorated 4
revolved 6
Harem 2
tame 4
alteration 15
tussore 1
impatience 7
exploit 1
colonization 1
richer 9
ban 1
decreasing 1
Buck 44
saucer 3
considering 9
Horribly 2
sash 4
harmless 14
engagement 20
image 16
passion 77
comb 14
unlikely 4
Judus 1
seaports 1
reader 4
grovel 1
barefooted 2
layin 2
Do 161
couldn 266
velarium 1
bind 6
climbing 9
splendidest 1
trunks 4
clenching 1
Chile 1
affair 18
neighbors 6
ask 161
Pleasanter 1
inexorable 5
towheads 3
thinker 2
Regency 1
rites 1
everybody 110
prison 26
accusations 2
partickler 1
furnish 7
months 91
influence 46
acid 5
orris 1
solemnizing 1
reflecting 1
dauntless 3
doorsteps 4
gloating 1
breeze 14
Dining 1
lodgings 8
coldly 9
defiled 1
presenting 1
villagers 8
shunned 4
dart 1
Monthly 1
Samsa 34
presume 15
Before 30
sprawling 4
pursuits 4
coax 1
whippings 1
awkward 13
blunt 6
masquerades 1
puffing 5
Treaty 1
Shove 1
truth 74
irreproachable 2
painstaking 1
masons 1
shucks 12
trials 4
Jorindel 10
thwarts 1
doubtless 13
protecting 1
pluck 7
laughing 54
fruits 6
Overjoyed 1
release 2
incessantly 2
smack 4
yank 1
let 502
City 23
Sarah 7
Doth 2
chances 8
Shakespearian 1
disgraceful 6
connections 1
rashness 1
gee 1
affluence 2
removing 3
initials 9
fuss 8
drags 1
beatenest 2
pedestrian 1
HUNCHBACK 1
Ha 21
Windibank 20
turbaned 2
oak 14
patience 12
wiped 8
comparative 1
stations 2
bestowed 13
conflagration 2
winner 1
expire 2
favourably 2
invariable 1
equator 1
Restaurant 1
Certainly 33
puddles 2
Confess 1
mode 18
authorities 9
May 30
stung 2
whine 2
carefree 1
paling 1
Being 10
sends 4
pronounced 11
nucleus 1
stolid 3
dignitaries 1
supper 51
successors 2
absent 13
Vittles 1
sunbeam 1
flighty 2
frisking 1
leaped 11
Ashton 3
Interpret 1
attacked 5
Job 4
FISHERMAN 2
XXXIX 2
pond 5
end 211
birthday 2
wetted 1
Hiding 2
Greenhorns 1
conceiving 1
specialist 1
Public 10
compensate 2
minutely 5
granny 4
marching 2
Millar 5
Boys 4
mercury 1
conduce 2
nightingales 2
statement 17
Accordingly 3
booty 2
modernity 1
passes 6
routed 1
Scott 2
saplings 1
seeing 70
recovered 25
liable 1
paws 8
hoss 2
Coosa 1
virus 8
plan 50
mills 3
nursed 5
camels 3
possessed 52
Antinous 1
whirls 3
gifts 6
glances 7
consorted 1
courageous 1
anchor 1
bath 4
explored 1
neighbourhood 21
Chelleeny 1
Dispersed 2
Patience 1
Reward 1
heaven 44
Breaking 1
execute 3
drawback 3
delusion 2
Dad 4
quill 3
Heaps 1
devices 3
pinnacles 2
willingly 17
relapsing 1
coldness 5
ambuscade 3
braving 1
embellishment 1
arcades 1
laudanum 2
unexpected 8
sympathizing 2
thereby 2
planks 9
basted 1
kite 8
linked 10
chambers 8
invite 4
exordium 1
braided 2
mocker 1
Poetry 1
coughs 2
seat 42
add 13
cowardice 8
salubrious 1
fond 44
chafe 1
transmuted 1
hatched 1
paleness 4
broken 71
downwards 1
tallow 9
unreasoning 3
Eloquence 1
presiding 1
oranges 3
abstained 1
cabbage 3
stuffed 4
expect 24
improbable 6
invective 1
dungeons 1
fad 1
state 119
charcoal 4
emeralds 3
trying 74
condition 31
perseverance 2
tested 1
worded 1
Lo 2
VALIANT 2
inclinations 2
haughtily 2
Severely 4
olive 6
clothed 3
waylaid 3
auspicious 1
penetrating 3
lit 74
fields 33
strain 18
broods 1
Heads 3
horrible 82
difference 35
occurrence 3
bathing 2
thankful 11
shorthand 1
woodcock 2
lickrish 1
put 471
student 9
scullion 1
dingnation 1
uncontrolled 1
showered 1
washes 1
avoiding 1
columns 2
holes 17
ounces 1
gasogene 1
Division 1
fires 3
caresses 2
thinnest 3
emerge 2
singing 34
echo 5
wrongfully 4
lucid 2
jeesum 1
curry 1
jerked 5
velvets 1
murder 56
coil 3
concealment 2
Jip 4
Points 1
boys 189
unsatisfied 4
envious 1
cattle 5
public 122
outfit 8
accident 19
teachers 6
grapple 1
lawyers 1
ison 1
danced 34
detect 2
center 4
crate 4
pigments 1
dialects 2
YOUR 3
Satan 4
watermelons 2
pecking 2
ridicklous 1
vegetarians 1
stain 10
seriousness 1
watering 3
unqualified 1
warts 6
fetters 2
serve 16
popular 7
unite 1
Cabbage 1
flap 3
Smiling 1
meagre 3
burnt 17
soaked 4
mayn 5
employer 6
nightgown 2
dimming 1
intercourse 6
frogs 7
homesick 5
Wrote 2
filling 1
assembling 1
port 5
moneybox 1
Niagara 1
Shaking 3
staggering 3
centre 23
entreat 10
tarnish 1
loungers 2
stevedore 1
snifter 1
smeared 3
blame 49
enunciation 1
downhearted 2
dampness 1
Move 1
silence 87
glee 1
visiting 5
hifalut 1
educated 9
gods 8
armful 1
hilt 2
petulant 2
awake 25
startled 23
acceded 1
mussel 1
buys 2
Dern 5
arrow 11
havoc 3
Goo 1
Texas 4
negative 1
witch 41
krr 2
prowled 1
legislation 1
eBooks 56
communion 3
republics 1
workshop 4
snow 50
memorizing 1
sweeter 2
renunciation 2
gaped 3
snobs 1
returns 14
hateful 11
dun 2
sorrowed 2
wincing 1
imparting 1
Scripture 3
astir 1
awaited 1
Bath 1
sentenced 3
violinist 1
North 14
ST 2
Tonight 3
huff 1
expectantly 1
your 1477
extremes 1
epoch 2
squirm 2
ben 35
wholesome 3
le 9
barn 5
injunction 2
blockhead 1
defeat 2
Ann 2
retchings 1
ebbing 1
Echo 1
Major 5
solve 9
avalanche 5
perceptible 5
nutshell 3
onkores 1
sorer 1
path 61
obliterate 1
ABOUT 2
touch 52
nitric 1
brake 1
attic 6
deputation 1
eclat 1
Hadn 2
Yonder 1
battery 1
envelopes 1
granted 14
cousin 48
neater 2
meadow 13
compositions 5
profusely 1
opponent 2
Old 28
stone 78
consecrate 2
Loss 1
murmurs 1
See 36
downy 1
KEEPING 1
blowed 10
antinomianism 1
deprecate 1
typewritten 6
reserving 1
monarchs 1
dentist 3
redressed 1
buffetings 1
Betwixt 1
shreds 1
suggests 1
Y 3
implores 1
shrink 2
sons 24
Pon 2
Tollers 1
Contested 1
delaying 1
TO 29
eligible 5
average 9
project 3
crawl 16
pikestaff 1
relish 2
inquiry 13
forgiving 2
egad 2
comfortless 1
League 13
discontinue 8
desecration 1
disappointing 1
repented 2
shady 3
queens 1
gory 2
Capri 1
scolding 3
languorous 1
fame 3
reverses 1
vanishing 3
unprofitable 1
indiscreetly 1
Cecily 256
socket 2
sheer 7
fortify 1
apiece 16
Springing 1
left 399
figurine 1
It 1588
Could 17
merchants 3
bedding 1
coal 10
FAIRY 4
reproached 2
stalactites 2
fertile 3
catlike 2
respond 1
Overshadowed 1
clerk 41
stumbling 2
Wells 3
household 15
sympathy 40
reflection 20
glamour 3
compared 9
kinder 13
lazily 3
chirped 1
extravagant 4
sline 1
Beatrice 1
dragging 14
illustrate 2
HEADED 3
Boston 2
opulence 1
participating 1
formed 39
hid 75
concerts 3
Gravesend 5
assassin 2
invents 1
beast 23
Winckelmann 1
Snow 19
frivolous 1
Illinois 17
cashier 3
desk 21
chatted 2
evolve 1
impress 2
persecution 2
Barlow 7
future 73
personally 9
avail 7
averred 1
droll 2
inaction 2
shoemaker 9
humor 1
which 1908
shrieked 9
kingdom 42
hurling 2
grande 1
Simpleton 1
Grimms 4
snag 6
reeled 3
floated 13
Dauphin 3
u 4
Mode 1
Home 8
buttered 1
certified 1
Troubled 1
breaking 21
lessened 2
departed 24
Ought 1
token 6
compositor 1
choose 28
company 64
quit 36
Leave 9
Sorrows 3
flawless 1
imply 2
firewood 1
oughtn 3
muddle 1
DISTRIBUTE 8
exciting 7
define 3
womanly 2
linger 7
inward 5
alassin 1
room 588
hell 14
scenes 27
depressed 5
Ass 1
buried 30
sublime 10
Living 2
dodged 7
cities 1
painful 25
dodge 4
sumach 6
Victor 36
unquiet 1
filial 2
nasty 3
Shucks 13
belting 2
absolute 27
stocks 1
Tintoret 1
stannin 4
Sailing 1
imagining 4
godless 2
extravagance 2
Influence 1
proves 3
yawl 4
Rendezvous 1
engaged 69
Negro 1
cryin 1
buffaloes 1
Contentment 1
spurned 4
turnkeys 2
branched 2
accuracy 2
sadful 1
chasing 9
Poets 1
tent 6
corridors 3
interposed 1
always 456
credulity 1
pressing 13
illustrated 4
Cents 1
lateness 2
mesmerizer 1
it 7987
resolving 4
hellish 9
GRETEL 4
sufficed 1
ordeal 3
textile 2
SCENES 1
cover 19
familiar 28
inquired 20
riverside 2
waller 1
begin 50
oils 1
stolen 19
desertion 1
nly 4
daily 19
threats 5
expiration 2
Slaughter 1
heavenward 1
starts 5
carefully 39
Pontus 1
moulding 2
creed 1
cow 56
boasting 1
cigars 10
pin 21
bull 6
prosperity 3
majesty 13
harnessed 6
Samuel 7
Hines 5
anonymous 2
generations 19
peculiar 28
perversity 2
Like 17
pantaloons 4
doggery 3
cocks 1
Delectable 1
profane 1
OLD 4
spangles 1
voids 1
Good 139
misunderstanding 2
odd 15
trembled 25
Nuff 1
Switzerland 11
piebald 1
Constantinople 4
ghost 9
Pull 1
worsened 1
instincts 4
creep 7
ravine 3
remiss 1
seraph 1
ful 2
thimblefuls 1
makes 109
mediaevalism 1
retrospect 1
eaten 40
Singing 1
prolonging 2
Describe 3
vigil 1
mischeevous 1
Que 1
elbow 16
specked 1
Memphis 1
Square 24
plentiful 5
gasp 3
updated 5
sequence 3
bearskin 1
drunkard 3
juruparis 1
hansoms 1
phrased 2
oatmeal 2
certainer 1
nightdress 1
Husband 6
lick 16
Cure 1
Courtship 1
eighteen 11
Visconti 1
champak 1
reaction 4
suggestiveness 1
conceit 1
wore 38
highwayman 1
whorls 1
ridicule 2
cheap 5
improvements 4
purchase 2
chilled 3
Take 42
offensive 4
winds 16
degrees 17
Dobbins 7
sleeves 12
troubled 31
required 23
tails 14
instituted 2
pumps 1
joys 9
flowed 11
Probably 2
diabetes 1
Civilization 1
lectures 4
drivest 1
glade 1
volley 1
Compliance 8
dangerously 3
som 5
PG 8
slumberous 1
woodbine 1
Bradish 2
top 81
purely 10
Words 4
voices 22
operation 6
chapel 1
snarled 3
wages 8
Civil 1
nosed 1
Trop 1
tools 17
doctoring 2
XXXIII 4
deserting 1
Jeremiah 1
different 102
owe 14
Pleasure 2
Langton 1
valley 19
Inquiringly 1
cottager 1
laboriously 2
nap 8
thrusts 1
pigs 2
intensely 3
unchained 1
Count 3
upraised 1
lacerate 1
Bunburying 6
gentle 58
appeal 7
incurable 1
companies 3
spilled 6
battlements 1
hogs 9
Tut 2
ducal 1
germ 1
stagnate 1
enquired 2
trustworthy 1
complicated 2
grey 51
yew 3
lavee 1
capering 3
luckier 1
strong 81
base 10
licking 3
clandestinely 1
avocations 1
spied 5
betrothed 12
Phrenology 1
moat 3
gimme 7
bachelors 5
booming 10
clawing 1
convalescent 1
Lip 2
soul 141
invalidity 8
Marble 2
Warm 2
animated 9
jointed 1
ten 122
emerged 14
scrubbing 1
Huck 353
Extremely 1
staying 14
shaped 15
breff 1
ed 1
but 3314
tin 38
feebly 6
wriggled 1
severely 2
wizen 1
brushwork 1
homeward 10
jingle 1
bashful 2
terminate 1
newer 1
bluster 1
bland 1
solemnly 7
clubs 2
Falkland 1
stripped 4
peeress 1
doubly 2
smouch 4
sunshiny 1
assault 1
divine 18
thanks 15
gape 5
levelled 1
Charming 18
forbear 2
trip 11
en 222
piston 1
ordered 47
called 246
hock 2
herself 193
shiver 11
passing 50
seltzer 2
Hagan 1
Sheriff 4
invited 12
vulture 1
repentant 2
begging 9
ignotum 1
both 206
Usually 1
miller 38
Westbury 1
debilitated 1
tighter 1
Middlesex 1
W 7
marvellously 3
Human 3
Concorde 1
whale 4
elves 1
fleck 1
supplice 1
assemblages 1
retirement 1
enjoying 4
success 35
Eternal 1
glide 4
Ransomed 1
peas 19
baked 4
sigh 25
ivories 1
wars 5
strife 1
sunny 2
Harley 2
Highland 2
magnifying 3
irresolutely 1
begun 86
tearful 4
passive 1
griffin 5
Jealous 1
motioned 6
travail 2
shouting 16
undertake 9
acknowledges 1
Merryweather 12
ploughing 1
Infernal 1
NO 16
flattened 3
Bristol 8
Beyond 6
clapped 14
agricultural 3
noticing 8
III 14
stalk 2
yonder 33
happens 12
terminated 2
stark 1
Shropshire 5
king 510
commence 18
ha 24
camera 1
covering 4
dalmatic 1
imperishable 1
democracy 1
beans 3
regard 14
untidy 1
ex 2
whaler 1
gong 1
fares 1
naked 11
Show 4
Union 3
consecrated 2
Afghan 1
exquisite 32
composure 4
philosopher 4
splash 4
duck 23
messenger 5
grounding 1
exercising 2
passionate 13
strolled 10
stealing 9
Be 22
chilly 6
Willows 1
collected 18
Creep 1
Intoxication 1
plausible 3
Beeches 8
Dying 1
share 30
fairly 25
alwuz 1
Shaksperean 2
rhyme 2
miseries 13
control 14
struggled 18
factry 2
gauge 1
frescoed 2
motives 12
depth 5
Gone 8
kinfolks 1
befitted 1
peasants 15
Mornings 1
dint 1
tissue 1
hammered 2
residents 1
whereas 2
smiting 1
rails 2
Migsby 1
corroborative 1
bishop 1
mewing 1
East 9
draught 21
nip 3
Eventually 2
settled 32
magazines 1
Murder 2
peopled 1
Bull 5
continued 81
ware 2
stanchion 1
Does 11
positive 5
Blame 11
temperaments 3
tawdry 4
treats 6
impassable 2
persuasion 2
regulated 2
trapse 1
Nailed 1
commuting 1
goal 1
sandwich 3
management 3
abhorrent 2
refresh 2
gully 2
scoundrel 11
headache 5
Really 10
madly 6
vent 4
wises 1
evidence 39
pleasing 3
cautious 4
seven 126
absorb 3
bourne 2
condemns 1
discovering 9
excessive 6
scamper 1
sluggishly 1
damper 1
cretur 5
humoured 1
Time 10
Scheme 1
creates 2
sinned 2
exceeded 3
equals 2
combination 2
endeavour 13
precipices 7
simpleton 2
FINN 5
insistent 2
computer 16
universal 2
unlocked 17
apparent 7
invincible 3
Paradox 1
iteration 1
Sleep 2
scrap 3
accompanying 3
serenity 1
spute 3
crazed 1
Italy 7
playfellow 1
noises 6
starter 2
editor 2
M 29
periodic 8
nice 73
vines 15
swap 2
arrangements 9
import 2
Listening 2
caseful 1
actor 6
weaken 5
observations 1
differed 2
hence 8
Alicia 1
loafs 1
Fifteen 2
Alabama 2
rustle 4
carnage 1
Made 1
LIABILITY 8
sinner 4
handing 3
hasty 3
deposes 1
imprison 1
irresponsible 2
caveman 1
hermit 6
drenched 7
floundering 3
Beloved 3
immensity 1
group 27
aunts 2
Michael 16
theologians 1
Grifonetto 1
construed 3
community 2
Edmund 2
spindly 1
brickdust 1
south 17
encountering 2
signification 2
Awful 2
require 19
bundles 3
reconsidered 2
Parker 5
sour 8
peaches 1
Fellow 2
heretical 1
BREACH 16
speculation 4
waseful 1
Large 2
whither 13
Hollow 2
Fifeshire 1
dunghill 1
safe 97
envelop 1
Turning 4
Land 3
Don 150
Mobbs 1
Girls 3
gathering 7
chiefest 2
Decorations 1
END 9
Weeks 1
proportioned 1
wired 4
northerly 1
moan 7
motions 5
rustled 1
Than 1
Hill 10
slipped 60
amber 3
wretch 47
Red 43
payments 24
twas 10
Photography 1
astonish 1
alleviated 1
glory 20
outwitted 1
portmanteaus 1
Hand 4
spade 7
vibrate 1
Dry 2
widower 3
supervision 1
openly 5
Meditatively 2
half 287
vessels 5
touching 12
contemptuously 1
perturbed 4
creditable 1
onslaught 1
Inspector 6
usually 26
William 49
breathless 5
prisoners 10
dumped 4
growling 3
sally 2
steamed 1
ahead 33
censers 1
towns 10
extensive 2
stockings 4
dais 1
visage 3
arresting 2
speckled 6
lounging 5
gras 1
errors 11
architectural 1
drowned 14
institutions 1
buzzing 2
formal 4
greedily 4
Gesellschaft 1
Plainly 1
Divorces 1
jacinth 1
Franco 1
DOYLE 1
lar 3
smudge 1
Mississippi 13
insists 3
relapses 1
tumble 3
polish 1
nil 1
dragon 18
slang 2
deeper 20
afeard 18
runaway 28
campfire 3
depends 17
rayed 1
Matlock 3
Grey 1
double 36
willowy 1
pausing 2
bed 275
palavering 1
confectioner 1
sinewy 1
marries 3
superb 3
surpass 1
lighthearted 5
elasticity 1
rightness 1
current 44
gaze 15
kids 10
repay 5
Barnes 1
jot 1
Midland 1
saddle 13
unconscious 18
tapers 2
Speckled 1
journal 8
wash 24
nez 2
unquestionably 2
Broken 2
rattles 2
toll 1
christened 20
spear 2
serviceable 1
springing 4
elf 1
throws 8
republican 1
yaller 12
employe 2
aged 26
swinger 1
gardeners 2
mule 2
traitor 2
price 24
introspect 1
Aladdin 2
diversion 1
Devils 2
brainless 1
Everyone 3
diamonds 10
Christ 6
Saxe 7
Louisiana 1
agitated 13
communications 1
tub 4
screwed 2
Washingtons 1
contemplation 4
dilate 1
pleadingly 1
bounds 7
stumbles 1
worrying 3
contracts 1
boring 3
manly 3
accorded 2
GOLDEN 6
islan 5
supplies 2
hesitate 3
assistants 2
ton 2
stool 7
forgetfulness 8
projectors 1
leafless 1
siecle 1
stricken 8
strewn 5
grew 96
importune 1
freemasonry 1
political 2
curiously 17
sympathetic 3
gladness 8
Lafayette 1
muzzle 2
c 25
torture 17
shaded 5
diligently 3
Palmer 1
dustcoat 1
advantage 24
richness 2
scheme 3
command 14
chips 2
Carbuncle 1
Ezekiah 2
Violence 2
premature 10
kneel 5
Pall 2
totally 10
assuming 1
silenced 1
Sholto 1
foolin 1
immoral 6
lights 38
diffidence 1
desiring 2
Rapunzel 23
intrude 3
shinned 1
Stoper 6
seasonable 1
distinctly 12
pupils 10
amiss 4
thrashed 2
unthinking 1
myriads 3
gamme 1
XIII 4
glorified 2
breathings 1
Disillusion 1
attract 3
playthings 2
breaths 2
Witness 9
walk 72
drifting 17
shovel 11
posts 1
ant 5
amusement 14
fibres 3
social 13
elderly 12
indicate 10
Callous 1
prime 8
dusty 7
grow 28
centred 2
crossroads 1
paraded 1
climate 4
Sanskrit 1
cheerfully 4
Romulus 1
Oxfordshire 1
rejoice 3
YOUTH 2
steamboats 5
Ahem 7
limbs 30
Piers 1
spared 13
Unhappy 1
strict 6
summed 1
HALF 1
meddlesome 1
graces 2
commanders 1
tinkled 1
maze 1
tribes 3
forms 23
hot 50
alleging 3
orders 23
Erskine 13
Twas 2
romantic 30
tables 3
indications 3
knew 257
frangipanni 1
smoothed 4
girafft 1
Raft 7
disconcerted 3
paroxysm 1
eluded 4
perched 11
newsletter 8
saying 129
immortal 2
radiance 6
Turn 7
Leastways 2
discarded 1
benefiting 1
frosts 1
commenced 9
forbade 3
victuals 1
hoarsely 1
twins 4
colours 13
unreality 3
biting 5
nurse 14
relentless 2
wouldn 258
interrupt 4
waxy 1
trick 13
sulking 1
dah 15
Milk 1
Couldn 4
Perrier 1
shoot 17
Hedonism 2
prying 5
wagged 5
Additional 8
awoke 55
bosoms 1
idiotic 4
shabby 18
brazier 3
surgeon 5
court 72
detective 10
provided 40
impulsively 1
advancing 6
consider 26
pitiful 4
objection 7
Rugby 1
floorless 1
cheerily 5
cheeky 2
indulging 2
Golden 6
fasteners 1
through 513
Merriman 36
underside 1
Mauritius 1
gaiters 4
kissed 42
tangled 11
perceive 11
barbarous 3
everywheres 6
Moorish 1
white 263
searcher 2
ingredient 2
Name 2
fascinating 18
slaughterers 1
foteen 1
Hunting 1
advises 2
grate 3
boiler 1
ls 1
Smart 1
barge 2
simile 1
emergency 2
dismay 5
rummaging 1
Crane 1
absentmindedness 1
scattered 30
plates 16
unripe 1
wretchedness 17
deficiencies 1
cotton 5
Least 3
slam 5
battles 1
evasion 4
clang 4
Apaches 1
slay 2
undergone 1
dame 1
invest 2
Lively 3
flirting 2
Gothel 2
handsomer 1
swayed 6
tempted 7
enquiringly 1
masculine 1
announcement 5
sulphur 1
devouring 6
gear 1
tottered 1
Advancing 2
uproar 4
Narcissus 2
nerves 15
eyeing 1
lowering 1
Evelyn 1
bending 12
composing 1
kiner 2
felons 1
lock 46
frontals 1
nightly 4
consisting 1
builded 1
minds 17
horn 7
Government 2
whoa 1
BEECHES 1
compressed 11
Nobody 18
plunged 12
running 66
irons 2
Redistributing 8
amused 11
extremest 3
witchcraft 1
torment 9
devils 11
Signing 1
Clair 27
effect 56
palmates 1
match 15
elastic 7
sale 7
compensated 3
flathead 1
Ouch 3
likelier 1
animalism 1
studies 15
Kate 9
mullet 1
hitched 7
passers 3
claimed 4
thunderstorm 3
unruly 1
Advises 1
Nights 2
critics 2
northward 1
breakfas 1
chillen 3
evolved 1
follow 70
gaunt 6
HORSE 2
gossiping 1
trustees 2
Camp 7
sneaky 1
scalp 1
arduous 4
Hallward 91
convention 2
conjugal 1
Winter 1
impostor 1
softy 2
emphasizing 1
highly 17
AN 1
France 16
strawberry 1
imminent 4
cigarettes 8
Ballarat 5
illustrious 6
thoroughly 25
scourging 1
grabbed 17
inspector 23
felicity 2
slabs 4
belittled 1
removes 1
Stealing 4
grappled 1
made 719
should 751
favourable 9
prose 1
yards 45
adorned 4
tutored 1
Slow 1
Solomon 4
Burning 1
bell 55
hawed 1
foreigner 1
anguish 27
shocked 11
Carlington 2
streamed 9
ax 2
embraced 8
crossings 1
jake 1
Australians 1
incredible 8
Patersons 1
Al 4
incense 1
droning 2
perceptibly 1
botherin 1
bargained 1
bunched 2
intently 8
Sibyl 85
boundless 4
treachery 7
meddle 6
Neville 18
Fatigue 1
refilled 1
once 434
architecture 2
governing 1
attends 1
winter 32
spacious 3
forefinger 6
senility 1
agency 4
Louvre 1
glitter 3
consuming 3
stigma 1
seaman 1
guests 16
obsolete 8
across 183
civil 4
producing 5
prosy 1
weepons 1
heaved 6
lighter 5
scramble 2
adjuration 1
process 8
unravel 2
Saint 2
unavenged 1
stirred 42
vulgarity 3
orchard 3
aught 3
everyday 2
substitution 2
