February 6
ploughed 3
swashing 1
christen 1
mazes 1
stoke 1
mighty 117
crop 12
perpetrated 2
pesky 1
hacked 7
flitter 1
discard 1
suspicions 8
dispositions 7
attainments 1
chocolate 2
overweigh 1
fondly 2
CONTENTS 3
contrite 1
throne 9
nosegay 2
boxed 3
plum 1
obleegd 1
Alan 33
rampion 7
breathlessly 1
Hosmer 23
evening 180
inseparably 1
blowing 14
refuse 28
letter 96
bureau 11
edging 1
lawyer 30
blackguard 1
States 90
worked 55
Crowned 1
thirdly 2
tiptoes 2
roun 9
onto 30
attending 6
Surely 20
dirs 1
PREFACE 2
treasures 14
thankfulness 1
Faith 1
concise 1
Brother 8
prodigiously 1
Wilks 14
orphan 5
fraud 8
Hannel 1
inspect 2
enacted 1
matrons 1
picks 8
restoration 1
Mingled 1
hobgoblin 2
shaky 3
Want 2
sociable 2
purses 1
dish 32
beige 1
Sneeze 1
washpan 1
learning 12
ministered 1
ocean 14
breed 9
specimen 6
lucky 27
locket 3
aspect 12
knock 25
peer 1
wearying 1
miracles 1
THUMB 3
Wagnerian 1
scatter 3
p 8
leakage 1
thousandth 2
shot 77
Yet 77
expanding 1
derange 1
Jawing 1
noble 45
rebel 1
ungratitude 1
chemists 1
crab 2
silvery 5
Cupids 3
Title 8
grandson 6
towers 1
hived 1
pump 7
gowns 2
gravity 7
sheltered 4
pathless 2
Harper 42
chinks 4
Quickly 1
dived 5
unfold 1
flowery 2
dealt 4
sport 11
dazzled 1
miau 1
Thunder 1
Romanticists 1
inflamed 5
clack 7
Twon 1
reposed 2
rebellious 1
Bride 5
carree 1
confound 1
thoughts 65
consent 24
allowed 94
partially 2
Swiftly 3
Bridgewater 4
Hyde 1
girl 238
mildew 1
Huckleberry 38
roses 19
Escapes 1
raise 45
slant 1
overthrow 2
basis 8
volunteer 10
trickle 2
dated 7
dummy 4
Stoke 11
stoutly 2
badly 19
philanthropy 2
onless 1
Incident 1
definite 13
step 61
Although 9
candidly 3
energetically 1
circulate 1
hips 2
protracted 1
branches 41
debonair 1
outskirts 4
registers 1
responsible 8
feed 10
hidden 34
boxer 1
Order 1
arrange 9
forenoon 2
Expectation 1
narrowed 3
quivering 7
outset 1
locations 16
topped 3
divinest 2
Diet 1
suppertime 1
Mrs 115
live 161
scared 39
Clouds 1
blackmailing 1
please 65
iniquities 2
Strasbourg 4
await 6
unnatural 9
shamefully 3
Going 6
Missing 1
bored 13
formats 16
Wounded 1
AK 8
eccentricities 1
smite 1
tellin 1
hostile 3
pokers 1
Foe 1
skins 4
caltrops 1
label 3
Other 7
bewilderment 2
Artillery 1
powdered 3
Barque 1
brim 3
daemon 16
fore 2
likeness 4
vital 9
breadcrumbs 1
Steady 3
whatsoever 26
braces 2
Hotchkiss 6
Morris 2
jest 16
reed 4
childhood 6
steeds 1
sulks 1
spyglass 1
rowlocks 1
promises 7
riband 1
succeed 13
truer 1
fatch 1
warily 5
strange 159
flamelike 1
clapping 4
Bofe 1
systematic 1
Venice 3
Sin 2
instigate 1
religgion 1
Visited 1
panel 5
Approaches 1
blowout 1
rattled 9
absorbed 15
jockeys 1
nonentity 1
hatred 16
definitions 1
sense 88
sitting 127
night 651
miserable 84
perdition 1
pursue 21
Obsequies 2
contrary 21
Methuen 1
strangled 7
emeraults 1
bolder 2
details 31
holds 3
ruisselant 1
ca 7
protrusions 1
Expects 1
Dorking 1
palmers 1
coolly 2
occasional 6
Deny 1
knows 70
With 83
wearer 5
listened 85
relieve 9
stratagem 1
BEAN 2
won 206
signature 5
fennel 1
chests 4
entrance 13
Lots 4
multiply 2
caste 1
curl 6
Hafiz 1
unopened 1
Enemy 1
babies 1
conspicuousness 1
Arch 2
quay 2
vexed 7
gleam 8
beating 12
hobby 1
with 4632
rehearsing 1
cuss 5
awfully 10
audacious 2
benefits 1
trim 4
squeeze 6
accounts 19
strangle 3
just 694
waste 18
Speak 3
Wake 2
Merely 1
Gottsreich 1
trailing 1
sift 1
CORONET 1
friend 247
Burdon 2
peasant 56
overhearing 1
sews 2
sometimes 123
chamber 56
sockets 2
zephyr 1
Satyricon 1
sympathize 7
dote 1
Oriental 1
bills 15
Shrill 1
slough 2
inches 9
thrash 2
yard 30
serious 64
ripply 1
pens 11
CLOSE 1
Rushes 1
hew 2
Buckner 1
Breathes 1
yawned 4
lineaments 2
leggings 1
applauded 1
surveying 1
maternal 1
hilarious 1
celestial 5
unsocial 1
palpitated 1
cook 69
matchless 1
Robin 10
avert 6
peacefully 8
supported 10
Family 2
loudest 1
adamantine 1
Even 40
desired 34
cursed 10
affairs 15
awaiting 3
starchy 1
aggrieved 1
Willie 1
stroll 4
Agreed 1
novel 15
lady 175
lined 13
testify 1
unfulfilled 2
receptacle 1
cudgel 3
drew 117
comfortably 5
guardsmen 3
Madam 2
preservation 3
nameless 2
inuring 1
accomplishments 3
stepdaughter 6
whah 10
Hookerville 2
unbolting 1
chorus 1
plants 4
deemed 5
chimneys 4
mercilessly 1
Lawsy 1
thoroughfare 2
pits 1
Gross 1
due 17
marster 1
summarise 1
Swindon 1
Triumphant 1
Queen 12
naval 1
flaunt 2
Country 2
civilly 1
tripped 5
Preacher 1
obviously 9
wrought 15
baths 7
irretrievable 2
abrupt 2
Polyssena 1
conflict 5
popped 4
cucumber 5
unfit 3
engine 3
co 3
committal 1
Innocent 3
rubber 5
destructive 2
scissor 1
pious 3
paralyzed 2
glares 4
screamed 24
daren 1
pore 6
cooking 12
overboard 11
search 54
forests 3
doorstep 1
vintage 2
Farrington 1
wilderness 3
effeminate 2
atones 1
Danby 1
bestowing 3
tormentor 1
cauldron 2
Ashputtel 16
fifty 43
swum 7
Howl 1
orbit 1
Hank 5
surpassed 1
axe 27
piquant 1
myself 387
obedience 2
ONE 1
pitiable 5
wonderful 107
proofread 8
Arabian 16
Joy 2
galley 1
meedyevil 1
mendicants 1
capital 14
noonday 1
Spaniard 14
repeated 24
nobility 2
gripping 2
containing 12
Acting 1
HIS 5
baggy 2
considers 1
delicately 2
literary 5
cultural 1
quicker 8
Hey 2
Nigger 2
simultaneously 2
poisoning 3
inserted 1
meditation 2
drummer 1
minstrel 1
decisive 3
Jacques 1
loneliness 4
audience 14
disagree 1
saucers 1
Christendom 1
Snapping 1
moody 3
Blood 1
Tories 3
allusions 2
Depend 1
faintest 2
dashing 7
piteously 1
Murders 1
irritated 1
semi 2
pouring 9
sont 1
puritanism 1
role 1
protector 1
Formosus 1
preparing 5
demoralising 1
Temperance 6
stranger 56
patted 4
Oho 2
tunnel 4
knitting 4
seashore 4
rendering 1
retreats 1
gurgle 1
hide 54
litter 5
worship 15
gained 30
float 14
grasses 1
evil 61
Fretta 1
lonelier 1
keeps 12
bully 13
disposing 1
CAT 6
miners 2
Saturdays 2
lorgnettte 1
sorrier 1
unlike 13
degraded 7
SHALL 2
dissipate 6
gazes 1
scrunch 1
housed 1
unravelled 1
dazed 5
synthesis 1
Donkey 1
clergyman 9
Some 84
shattered 11
clothing 7
escapade 2
sounded 18
Orleans 18
yesternight 1
miniature 3
caprices 1
overset 3
itch 6
ventilate 1
flitted 7
pettishly 1
fulness 1
hullo 1
trembling 27
spiling 1
Mudie 1
jostling 1
Scour 1
reeling 3
enamel 1
magicians 2
PIPS 1
tried 139
slightly 15
aromatic 2
cancer 2
ginger 1
reformation 1
sand 13
pie 23
repairs 3
mediaeval 3
JAMES 1
discern 1
Clotilde 1
slowed 1
rather 173
goners 2
Inside 4
Burlington 1
hilltop 1
helpin 1
erfull 1
win 10
entreaties 8
occurrences 6
Lost 6
KNOWALL 2
Unnecessary 1
cart 33
warmed 17
sustained 5
rejected 3
observed 53
discoveries 7
befitting 4
fatiguing 1
ordnance 1
rejoined 8
oil 4
stables 7
passions 36
involuntarily 3
drooping 8
crybabies 1
yelp 2
effrontery 1
Bordeaux 1
list 15
boomed 3
inextricable 1
boughs 4
Hear 7
Ordering 1
begins 18
lay 286
kitchen 66
forcing 2
rips 3
adopt 5
sufferer 8
readier 1
continuously 2
widest 16
Godwin 4
Passenger 1
Mansions 1
embroideries 1
ate 55
Pilgrim 1
Deef 1
outline 1
Drawing 4
snares 1
ROBBER 2
Cornelius 6
implacable 1
grounded 1
alarmed 12
Experience 2
invested 2
fist 7
ivy 2
whence 13
Loses 1
scour 1
tapped 10
dashes 1
standstill 2
beamed 3
herald 1
mouthed 1
toasted 1
Health 2
showy 1
repulsed 1
destiny 15
preacher 20
disquiet 2
wrinkled 15
underneath 11
mouths 9
insincere 3
fruitlessly 1
terrific 9
varying 1
misfortune 36
ways 73
acme 1
tranquillize 1
absurdly 6
torpid 1
gasped 13
perceiving 7
Funds 2
shalt 2
forbid 6
screen 19
Brute 1
cheerless 1
Valois 1
breathing 11
fainting 6
pierce 2
peaked 2
tote 3
Shirt 1
Baxter 1
troubling 4
tother 1
affaire 1
employee 8
pride 31
southwards 3
foldings 1
Southern 5
Ancestors 1
rashers 1
Three 23
waifs 1
sinuous 1
acknowledge 7
meadows 8
summons 3
follows 6
namely 3
meanings 2
single 54
attack 8
enormous 12
snowbanks 1
survive 15
remain 58
paroxysms 1
deduce 14
entice 3
nonnamous 5
Right 15
Murdered 1
decade 1
Chase 1
Shake 7
fust 4
secreting 1
gems 14
maintained 1
bunch 8
nail 10
spelling 8
tiptop 1
woolly 1
Pointing 1
envy 13
dearth 2
arc 2
insipid 1
Backs 1
Poor 44
believed 45
sidewindows 1
bracken 1
boar 11
fluted 1
three 396
rag 11
planned 7
escort 2
outsides 1
d 547
sorrowing 2
Frazer 1
sketching 2
semicircle 1
lasting 1
telegraphic 1
shapely 1
Exploring 3
impracticability 1
glisten 1
springs 5
lacis 1
splintered 2
threat 11
relieved 6
infallibly 1
unhitched 1
excessively 5
low 104
dyed 2
jury 10
despicable 1
inns 3
mending 2
None 19
sighs 4
chained 8
sweat 30
besmeared 1
ponderously 1
Markby 8
silken 6
rosary 1
dispute 4
burst 37
pitifully 1
Thus 36
transferred 2
Ship 1
hammering 2
praised 5
hansom 15
brisker 4
severe 18
Gladys 10
spice 1
padlock 1
offend 1
fas 2
vain 46
horned 2
routine 6
decline 10
pink 19
subaltern 1
gesticulations 1
Figure 1
controlled 4
dared 38
seared 5
conflicting 1
bewail 2
retold 1
Ancient 3
hear 248
Seine 1
unseen 4
Opposition 1
quite 386
Cert 2
leaf 13
gains 1
Eton 3
frocks 7
Englishmen 2
illegal 1
Natives 1
elder 20
envelope 16
largely 4
laburnum 2
recurred 4
humour 3
unobserving 1
valuable 13
boo 1
brightest 4
stupefying 1
lidded 2
unfolding 3
Valais 1
dale 2
unirrigated 1
anywher 1
invitations 5
fatigues 1
facilitate 1
last 522
remarkable 27
apart 14
pulpit 6
Guided 1
stepping 8
Geneva 36
Cruelty 1
entangled 3
customer 2
waddling 3
embracing 2
mules 2
Austin 1
argue 9
Arab 2
froze 5
jolted 2
tete 2
barefoot 1
pretending 7
guessed 10
holiday 12
START 16
scepticism 1
encompassed 4
whirl 4
whistled 12
puts 14
Jetant 1
experimentalist 1
grab 7
propagation 1
magnified 1
shell 8
useless 21
sprint 1
Dentistry 2
god 3
provoke 1
bes 2
Orange 1
labours 17
actuality 1
academicians 1
Waldman 9
betoken 1
desolation 7
comparable 1
fierce 12
sat 292
contemplate 7
RAVEN 2
mister 4
drearier 1
beat 37
drink 72
comprehensive 2
rattlin 1
neighboring 4
notching 1
moment 264
showed 103
Darwinismus 1
Laughter 1
oriental 1
chastise 1
yawled 1
Barton 1
inner 7
Tavern 4
blandly 3
Contact 8
produced 33
overwhelmed 8
oar 10
Wharf 1
Co 2
crep 1
unbroken 1
fortitude 5
Havre 1
Cur 1
Spirits 1
wrap 3
surround 4
mankind 14
gen 1
gazing 27
palings 1
DOWLING 1
degree 32
stake 4
legally 9
Agatha 37
faith 11
devoting 1
Son 1
KIND 8
shabbier 3
nudges 1
Slept 1
dire 1
chaffinch 3
cleaned 9
glaciers 3
gratify 1
coffins 3
ASHPUTTEL 2
searching 12
nugget 2
averse 7
jam 10
verbatim 1
gambler 2
straggling 4
confusedly 2
crews 1
plunder 1
axiom 1
governesses 2
new 243
BLUE 3
Tree 3
cathedral 1
profoundly 3
servants 43
becomes 19
plunkety 2
eclipses 1
grimly 2
went 1032
appointments 1
cultured 2
scampered 2
weary 26
restlessness 1
suppliant 1
busily 2
Farewell 8
unfashioned 1
Nursery 1
hoisted 3
chap 18
unlocking 3
severed 1
Hodges 1
Geography 1
utilitarian 1
exquisites 1
sly 8
deranged 3
Cold 3
sings 20
throned 2
originally 2
prompting 1
famine 3
predilection 1
cylinder 4
Windigate 3
talent 7
Board 1
chivalry 2
sources 3
settee 1
jog 1
measles 5
agonizing 2
constituted 2
Manoir 2
efface 1
Market 2
zest 1
Hope 1
problems 8
deposit 5
antics 1
cymophane 1
buckled 1
disguises 3
vacantly 1
female 8
counteract 1
blotches 2
cascade 1
Freebody 1
beastly 1
needles 4
chatting 4
endearments 1
Chubb 1
Arnsworth 1
Light 2
comprised 1
ungenerously 1
diminished 1
title 8
riposte 1
clients 3
pigeon 6
brutality 2
necks 7
coated 2
Out 18
web 27
summers 2
confident 4
skasely 4
rascalities 1
rule 17
Hush 4
balanced 3
Leggo 1
dangerous 29
http 63
instinct 15
deformed 4
sullenly 3
chipping 2
knack 1
two 701
trial 19
fishhooks 1
Perpetual 1
Heroes 1
hired 11
sob 5
dwell 9
big 149
Fine 6
Plate 1
geology 2
chuck 2
solely 3
condescend 3
Importance 4
tale 54
fuel 5
hocus 1
hurry 48
strayed 2
diligent 2
forming 4
dissolute 1
hamlets 1
swabbed 1
figured 7
Relieve 1
missile 2
outrageous 4
carbolised 1
wished 116
peeling 2
shading 1
Bread 1
voo 1
Valentinois 1
HARTFORD 1
posture 3
dawn 22
unreservedly 1
leaky 2
obstinacy 1
stately 8
copse 1
woollen 1
gasps 2
security 11
Yellow 2
responsibility 5
porter 3
Tail 5
intelligently 1
barbarity 2
mo 25
environs 5
completion 5
benefactors 3
WEDDING 6
VII 6
declined 9
plaything 3
Filled 2
cloudy 4
cantelopes 1
conventionalities 1
insensibility 1
ulsters 1
thing 481
habitations 2
pirates 21
plaid 1
Ardor 1
troubles 28
Drunk 3
triple 1
space 18
Beer 1
spin 12
shoving 5
survivor 2
Horsewhipped 1
beautifully 13
hailing 1
distinctive 1
threatens 1
frivolity 1
throwing 28
anodyne 1
landlord 9
troughs 1
accountant 1
MERCHANTIBILITY 8
Neronian 1
hazard 3
magnitude 1
gladdest 1
sniffing 1
squares 1
belch 1
infallible 2
Villa 1
clothesline 1
filed 7
maladies 3
actors 2
stellated 1
pheasant 2
affectionately 1
unwrapped 1
pitilessly 1
spinels 1
imagination 46
Venetian 6
workings 1
particulars 10
orter 2
dine 20
head 502
youngster 3
lavishly 1
Daylight 1
Augusta 23
secretary 2
shun 1
couches 1
Dec 1
accuse 4
Recently 1
prudence 2
latticed 1
portend 1
inseparable 4
warld 1
grinding 2
hum 7
honeymoon 2
clodding 1
slip 30
suppressed 2
culminated 2
looked 451
exertion 9
woodbox 1
Radical 3
consistency 1
festival 3
apron 17
profit 13
strip 3
graves 4
fondness 3
Git 4
youths 2
foreigners 3
profligacies 1
mistress 11
peddle 1
undo 2
blow 70
Ginevra 1
callousness 1
prudent 1
Surrey 6
ram 2
Eglow 1
blanching 1
Darlington 2
artificial 5
lunching 2
bum 6
six 109
debauchery 2
exceed 4
clearness 1
mangled 2
trifle 16
torch 3
seeming 5
fishers 1
crack 24
slid 28
Cusack 3
fulfil 8
category 2
unabated 1
tells 20
prospect 14
grimace 1
Replacement 8
Sid 109
Vision 1
however 262
attested 1
dissatisfied 5
morse 1
corked 2
exhibited 12
colleges 1
thriven 1
Capital 3
sprawled 3
tithe 1
Moderation 1
presently 62
frementi 1
seem 114
GOT 1
contemptuous 2
signet 1
kerchiefs 1
conceited 4
rush 29
amazed 9
FRANKENSTEIN 2
shoves 2
pattering 1
dissent 1
prodigy 1
boy 325
makin 2
bucketfuls 1
hire 2
reserved 6
Muff 27
Counter 1
metaphorically 2
families 17
Noiselessly 1
Crack 1
withdraw 3
cold 128
pork 6
saintly 2
smote 5
Panama 1
sumter 1
Morcar 4
Fleet 2
unhook 1
market 19
inferior 2
bleakness 1
bandaged 1
whitewash 8
Captain 4
clouded 8
hoe 1
Unearthed 1
gift 13
brawling 2
affectation 2
sliding 9
Nebokoodneezer 1
Hayling 1
stalked 1
subterranean 1
Enthusiastically 1
duties 24
entanglement 2
sleeper 5
ascertain 2
further 60
Draw 3
Eastern 3
comfort 25
monger 1
jacinths 1
historians 1
insatiate 1
harmonium 1
behaving 1
Pity 1
immense 18
miser 17
lamp 48
hound 7
steamboat 33
jakes 1
BOSCOMBE 1
plush 3
splendidly 2
specific 8
Devil 5
towing 1
Counties 1
ADLER 1
disrespectfully 1
distributing 58
displeased 1
peaceably 2
kiss 27
sonnets 2
mop 1
aggravate 2
modification 8
reshaped 1
swinging 14
realize 12
abstract 2
boned 1
approach 24
mention 21
beasts 19
owest 1
arriving 3
Ashore 2
flaying 1
hatband 1
bargaining 1
assemblage 2
bony 1
remorseless 1
few 255
mar 7
leggo 1
sentimentering 1
belle 1
Colonel 20
accidental 3
creek 4
considerin 1
withered 9
frog 19
waked 18
dare 50
pecked 8
mouthful 5
racket 6
shortcomings 2
confidence 27
prove 30
soldier 56
snowy 8
flown 4
stepsister 1
spades 2
unwelcoming 1
Language 8
IRS 8
parts 12
torturing 2
complacency 1
IRON 2
sk 3
Naturally 1
deny 16
grievous 2
permits 1
dismissing 1
Christmas 16
reckon 198
drawn 46
Colosseum 1
Noble 1
restored 23
stings 1
slouch 10
banister 2
Smaller 1
Shakespeare 10
whitewashes 1
counterpaned 1
turns 28
importance 31
costume 9
undergo 2
adapt 2
Further 1
HUNTER 3
grieved 24
depression 6
degrade 2
unbelief 1
Beg 1
die 98
confidant 2
Kin 1
jabbed 1
insecure 1
hastened 22
Kisses 2
diseased 6
spindles 1
Tis 6
Caught 2
respect 24
Spies 1
hang 36
termination 2
combed 5
doxolojer 1
fits 7
unbarring 1
ironically 1
lee 1
oral 1
affording 3
lucifer 1
uncivilized 2
conditions 8
cutting 7
Honoria 1
unpoetical 1
Bernal 1
Leaning 1
Gothic 1
tomboy 1
slighted 1
pity 71
toilsome 1
Providences 1
cheats 1
unfenced 1
pour 2
escapes 3
pummelling 1
conclusions 13
Proudest 1
disfigure 1
Jim 426
groaned 8
ado 2
reminds 5
entreaty 1
birds 56
wakefulness 1
Names 1
rocky 6
despondent 1
detestation 3
helped 32
uncontrollable 7
Increase 1
befall 4
CHANTICLEER 5
untidiness 1
vestas 1
programme 4
gloated 1
expeditions 2
porch 6
abstain 1
silks 2
gratification 6
domes 3
theirselves 1
Eg 1
Wherever 1
treat 22
Rio 1
physician 3
chimeras 1
circumspect 1
tumbling 9
subtlety 2
oval 3
tumblers 3
religions 1
turtle 4
remarking 2
wart 5
preserved 5
heir 4
blended 1
outstart 1
awkwardly 1
span 1
Ebook 1
language 32
diligence 6
day 679
crept 62
spoons 7
gules 1
believe 184
daisies 2
niece 12
intuitions 1
fibre 5
necked 1
bank 70
huts 2
empire 3
smuggle 2
Kensington 1
overtopped 1
acres 3
cooper 1
Helen 4
unwholesome 2
lazy 18
Anybody 7
damning 2
tailing 1
cuffing 1
passage 47
Maxbohm 1
cravats 3
Inner 1
wharf 6
une 3
brush 16
tangible 2
breezes 8
safely 13
Emmeline 6
rp 1
Sphinxes 2
upwards 3
Apache 1
bonny 1
nothingness 1
halter 1
cross 36
heavily 26
Money 8
contemplated 13
enslaved 1
Otto 1
jammed 3
get 725
Practices 1
crowns 4
Benjamin 2
embroidered 14
Arabic 2
franzy 1
F 91
stroked 2
Bank 5
Avenger 5
buy 39
combustibles 1
shelf 10
nods 1
canoe 65
inconvenience 6
generation 5
Edinburgh 4
flittering 1
increased 24
herbs 3
Malabar 1
treed 1
branching 1
unworthy 4
places 58
squirt 1
temperance 4
vacuous 2
Seegars 1
speciously 1
proud 33
our 583
relapse 5
narrowly 2
scornful 3
fidgeted 3
Translated 3
privileges 2
tranquil 10
unclean 1
turquoises 2
Holland 3
bushels 1
tickle 1
reliability 1
decision 11
Calmly 1
woodland 3
excusing 1
prized 3
flowers 52
file 23
mischief 14
murderess 1
remembrancers 1
raps 1
contact 30
One 182
relicts 1
sumptuously 1
blissful 1
Sitting 5
teacher 5
tide 11
costly 4
cardboard 2
conception 10
assailed 2
staples 2
unsure 1
epigrams 1
imprinted 2
hussy 1
squirrels 1
arcade 1
rapped 2
whitened 3
suite 3
hoax 1
trigger 1
clearer 5
dictate 4
inconsiderate 1
flyin 1
coils 1
Amoy 1
lesson 14
au 2
freckled 6
Recollections 1
unpapered 1
dishonoured 3
egos 1
beaters 2
snows 3
espied 2
anywheres 6
emaciation 1
attitude 9
enterprises 3
smaller 13
encamp 1
Abner 5
classes 9
engraved 3
Polly 70
high 134
musicians 2
especial 3
lustreless 1
brown 42
Au 1
tug 4
advertisements 2
bore 30
sleepless 4
indulgence 3
Silas 29
mongst 2
jawing 2
adult 1
trespasser 1
Sugar 2
sha 9
enclosure 3
knightly 1
apoplexy 2
cylindrical 1
Anastasius 1
glinting 1
even 373
excuses 5
peering 10
Cry 1
quickly 85
yerd 1
DEAREST 1
answer 124
branch 18
elegant 4
gap 6
vision 5
faithfulness 1
sperits 2
photograph 26
deathbeds 1
shedding 1
animating 1
forwards 14
moons 1
onwards 3
rascal 9
MISER 2
mining 2
Klux 2
subject 65
dimples 1
harder 10
QUEEN 2
weedy 1
probed 2
bits 9
unformed 1
RUMPELSTILTSKIN 3
shekel 1
Asked 1
bury 18
Allen 1
Glares 1
whistle 15
picked 40
threatened 18
steeple 4
Bermuda 1
Effort 1
breasted 2
Destiny 2
shewed 1
Tisn 1
steadfastly 2
muffins 14
heppin 1
rushes 5
shows 14
Widger 4
trapped 1
Governess 1
Wilkses 3
cooled 1
implied 8
R 3
insultingly 1
Turner 29
duds 2
architects 1
Plato 1
rode 53
guitar 5
unpleasing 1
umbrella 3
attackers 1
star 19
Beside 3
failing 8
wanes 1
personage 1
cushions 2
Aside 1
feeding 4
matrimony 1
tipped 2
individualism 2
laughed 102
ravished 1
calmer 4
thieving 2
stumped 3
breakfasts 3
overtired 1
marring 2
ripe 8
puncheon 1
Hague 1
swallowed 22
someone 44
translations 1
scrouched 1
lawn 14
outlined 2
dinner 76
compassionated 1
Sophia 8
gasfitters 2
Ward 1
serene 8
elevated 9
mandate 1
pattern 8
kindling 1
pittance 4
curdling 2
n 148
deadlier 1
associate 8
blacksmith 1
tradition 1
July 8
grumbled 5
stunning 2
Can 37
embers 5
accusation 1
LITTLE 10
widout 2
atmosphere 10
gravest 2
Problems 1
variety 17
mania 3
impressions 7
acorns 2
Alps 5
hither 8
mistook 1
businessman 1
Apprised 1
unnecessaries 1
crucified 1
soothe 6
Mont 13
dirty 26
province 2
pages 16
Rue 1
cup 40
stuff 23
HOOD 2
Yi 1
latching 1
crusts 1
Somewhat 2
expose 1
expression 56
behalf 4
ribbon 7
stirrups 2
moue 1
motive 10
references 18
Gun 1
term 5
luxurious 5
inclination 4
noise 58
forester 6
FROG 2
mudcat 1
fessor 1
beside 57
unmixed 1
reproach 9
blessedest 1
what 1560
overdraw 1
enamoured 4
Atalanta 1
worsted 1
censer 1
kicking 3
laboured 1
willow 17
churchyards 1
dalmatics 1
unaccountable 2
guided 4
deduced 6
quest 8
However 68
bonds 4
helps 3
misplaced 1
depend 15
bismuth 1
endowments 1
mothered 1
trail 2
Fareham 1
Joyeuse 1
bush 17
broideries 1
obstacles 1
forgets 1
OTHER 8
barbaric 2
District 1
cracking 4
ostlers 2
Sunday 52
bulges 1
Antonette 1
tumultuously 1
observe 25
agate 2
plead 1
nerve 8
buttonhole 3
thicket 14
slashed 2
guide 13
shortened 3
revel 1
beef 6
manages 2
Thompson 2
refusal 3
dreadfully 19
pool 14
zeal 5
sacksful 1
ideas 26
improper 1
setting 30
incisive 3
hender 1
Hopelessly 1
proudest 3
judgment 13
bends 1
weekday 1
perambulator 3
Dartmoor 5
disclose 3
courtroom 3
fortunate 21
rabble 1
coaxed 1
pollutes 1
robe 4
pursuit 20
hug 7
bragged 1
Jove 2
quicken 1
vertical 1
overheard 2
frills 4
pleading 1
Economy 3
les 1
falls 8
picturesque 7
lukewarm 1
fishline 1
honorable 1
feeling 99
disarm 1
uncouth 6
autumn 7
seasons 4
watermelon 10
clues 3
lie 85
rational 4
paddle 15
H 13
Sebastian 1
hymn 10
guineas 3
credible 1
marvels 4
NOTICE 8
bargain 20
figure 45
My 445
comply 57
facile 2
hare 16
superiors 1
Grass 1
Seas 3
died 129
lowest 5
indiscriminately 1
nigh 14
prospective 1
homme 1
das 1
fashionable 11
smoking 24
grotesqueness 1
Florence 1
brimmed 4
wick 2
bottle 23
attempted 16
ascent 6
Homburg 1
skiffs 4
reconstruction 1
crushed 13
plight 1
Step 2
daintily 3
rattle 9
derry 1
Stand 6
luckless 1
produce 26
tour 4
aperture 3
Amsterdam 1
croak 2
fooling 13
loan 1
Willoughby 1
round 335
tableau 1
gestures 8
Englishman 10
Blow 6
loaves 6
Now 351
tune 10
twice 53
silently 6
bounding 2
clings 3
Easy 2
Sermon 1
pocket 94
yisterday 1
ability 3
decide 14
lover 24
cheques 2
sickest 1
Montana 1
walks 20
ease 20
panegyric 2
dodgers 1
preserve 21
fickle 2
chunks 1
ejaculated 4
clawed 2
youngest 28
fashion 34
Yard 12
Vaud 1
frail 2
wagon 15
hasp 1
backgammon 1
tragic 15
bridegroom 16
bridle 5
howling 11
sensationalism 2
renowned 4
Grangerfords 6
rubbed 16
pluribus 1
fastenings 1
unmown 1
effected 2
melodramatic 3
compassion 14
pinafore 2
eaves 2
inedible 1
recurrence 1
Head 2
finder 1
capricious 1
cap 39
jets 3
shower 4
occipital 1
Jabez 8
chartered 1
attention 85
confine 4
guiltless 6
hitch 4
thickness 1
leagues 5
sprinkled 5
bedquilt 1
jealously 1
Cross 3
explains 2
deprives 1
trips 2
inside 52
Refund 8
rabbi 1
Starving 1
Walters 8
directly 19
slumber 3
directness 1
stammered 5
decoration 3
thus 95
charged 9
cellarful 1
hopper 4
BERYL 1
occur 26
forgotten 43
EBook 16
spoiler 1
Its 36
HAVE 8
oratory 1
shopkeeper 1
touched 61
assuring 2
wild 112
Specially 3
Ladies 1
sociology 1
bulled 1
responded 6
mediation 1
crinkled 2
Stock 1
mainly 13
Call 3
garment 2
exploits 1
industry 5
insuperable 2
titter 4
underclothes 1
snags 2
pew 16
occupants 1
patiently 5
blaming 3
taw 1
sweep 13
