bijou 1
twitter 1
Greeks 2
paste 2
deary 1
screaming 18
baskets 2
gravel 7
bawled 1
summarily 1
Fairbanks 8
library 28
surroundings 4
instantaneously 2
baker 6
domed 1
Adored 1
FOR 24
ears 52
circus 22
inflated 1
occasion 26
girls 69
Wunst 1
brighter 4
enormity 2
pies 4
Shillings 1
explanation 47
lamenting 2
local 4
firecracker 2
arguing 1
Author 8
blamed 12
wunst 5
stimulant 1
virtuous 5
sneaked 6
toothless 1
Creating 8
Each 14
marigold 1
Compared 4
swished 1
northards 1
ransomed 5
sided 2
pilgrims 1
limbed 1
slight 38
bravest 1
idiot 6
MAKING 1
remotely 2
labour 22
lax 1
woodpile 7
Theseus 1
injuries 9
location 1
Parthian 1
appetites 2
wrinkling 2
sticks 11
stages 3
uninterrupted 1
brushwood 2
owned 5
somewhere 25
crescent 2
Hays 1
Thinks 7
vittles 7
intentions 12
ensuing 4
Sea 6
tit 1
supplementing 1
twopence 3
worst 26
periodically 1
inglorious 1
ween 2
phrenology 1
repeatedly 2
Pshaw 2
Nature 14
anger 23
proficient 1
villas 2
pearls 20
collapsed 5
grassy 1
Church 16
audace 1
waistcoat 9
courtyard 11
wafted 4
stitching 1
whips 1
Guides 1
misconception 1
abound 1
nailed 8
yellocution 1
Florida 3
Reports 2
supposition 3
mightily 3
digging 11
skims 1
intuitive 1
sanguinary 2
fence 38
Peters 3
Redistribution 8
putting 43
gaining 5
De 24
meeky 1
allowing 5
conservatory 8
magnanimous 1
analogies 1
Scoffing 1
apparatus 3
alight 1
brotherly 2
inexperience 2
deferred 1
dozing 5
sung 24
keg 1
sphere 3
Selby 12
rusty 12
magnifico 1
Whoa 1
WORK 8
mechanism 3
tingled 1
palpable 2
alleviate 1
Ohio 5
riveted 1
lapels 1
Coonville 1
believing 6
tonic 1
popping 1
twenty 82
absurd 32
spondulicks 1
obscure 9
convent 2
overwhelm 3
reared 2
seller 1
of 13536
fees 32
drawly 1
untied 2
secreted 1
raged 1
imposed 10
adversary 7
surpassing 2
demonstrative 1
elude 2
less 103
punched 1
diverted 3
doubtful 2
envied 6
outbreak 1
swallowing 1
and 23612
deadly 22
Peile 1
mummy 2
Gently 1
directory 1
source 9
punish 8
Geewhillikins 1
prepared 20
clean 52
spends 1
tiptoe 5
monument 1
talers 10
flat 39
Fairfax 23
crayons 1
Ef 4
splashing 1
freely 41
taedium 1
adored 9
hides 4
Providence 9
diffusing 1
transmitted 1
altered 20
forward 93
stethoscope 1
narrow 29
fairy 27
omnibuses 1
lighted 22
SEVEN 4
Fox 24
statistics 1
male 3
bubbles 1
roofs 6
yellower 1
NEVILLE 1
manager 10
burdened 3
parched 9
pushed 48
Idiot 1
Cave 11
sadly 27
glare 12
Male 1
refine 1
Jake 5
prophesied 2
fatigue 16
binding 3
wrecked 3
unsatisfactory 3
spotted 13
Gave 3
Noises 1
sullen 8
ranked 1
und 2
Currency 1
diaper 1
medicines 4
sounding 5
Draws 1
insufficient 3
shocks 1
Arrived 1
Shore 2
dispose 1
cogitating 2
discharging 3
Keep 15
commonest 1
loitering 3
gasping 4
wherefore 2
neatly 6
XI 6
Terrible 2
throughout 13
ego 1
shadder 1
jingoes 2
behave 16
straitened 2
benignity 2
dense 9
jib 4
insincerity 2
welled 1
cling 4
Empires 1
Gutenberg 666
logical 4
least 107
convinced 24
squirrel 3
midges 1
fireplace 11
prominently 16
Band 3
wartiest 1
disowned 1
doves 14
wonder 94
applied 6
albatross 1
amaz 2
toys 1
judge 51
swallow 7
equipped 2
hinge 1
Petersburg 10
reglar 2
humbly 1
simplify 1
salon 1
bitterness 11
averted 4
Muhammadan 1
confining 1
shudder 55
individual 39
option 1
witnesses 14
crafty 2
brewer 1
repeating 2
perfect 51
complaining 2
distinguishing 3
negroes 1
Part 1
telegram 8
creature 82
Journal 1
buckshot 1
volcanic 1
position 49
linnets 2
Nonesuch 10
dip 1
proudly 2
scarce 2
buffeted 1
agin 28
hypercritical 2
blinding 2
erect 4
Anglomania 1
mortal 9
obstacle 4
Orkneys 1
poked 9
merciful 3
mattress 1
sentence 31
jonquils 1
crocuses 1
overtook 8
instinctively 6
superficial 2
sepulchre 1
loins 2
Harney 8
Hm 1
resolutions 6
threads 5
sheepish 2
harp 7
appearances 5
pronunciation 1
revolver 8
secondly 1
Mf 3
clanging 4
endure 26
shuddering 13
cheat 2
Injuns 2
convulse 1
College 1
Jouet 1
stay 125
Vacation 2
bareheaded 3
polluted 2
tenable 1
dewdrop 1
imaginable 1
drat 4
Saviour 1
Gazetteer 1
boding 1
trains 3
helmet 2
Blessing 2
freak 1
BOHEMIA 1
deafening 1
Mountain 4
Decides 3
allotted 1
sawmill 2
Christopher 1
kindlings 1
doesn 17
chancing 1
belonging 10
harrow 5
groomed 1
Doyle 3
Becuz 4
blossom 4
wheel 21
necessary 42
fancying 1
Shepherdson 9
Walk 2
meeting 26
Heaven 21
charging 4
journeyed 8
palpitating 2
Crown 4
Manager 1
haunted 15
slicing 1
meet 71
Sword 1
Disguise 1
Undoubtedly 2
lodger 2
e 16
sensibilities 1
centaurs 1
Soon 31
immeasurably 1
shovelfuls 1
another 333
While 35
vat 1
profound 9
Gimme 7
haunches 1
harvest 5
angry 45
caprice 4
spitted 1
injure 2
hastening 3
rains 1
Sweetly 2
lending 1
purification 2
perish 8
pledge 5
Water 16
reconciliation 3
churchyard 3
biographical 1
giveth 1
aloud 14
pitched 2
Louisa 1
slyly 4
trainees 1
choking 2
disobey 1
skimming 1
spool 2
broader 1
obtain 31
guess 20
slander 1
consummation 5
needful 1
tiger 1
captures 1
Repentance 1
in 8415
sewn 4
Lengthy 1
stupidest 1
matter 255
crowd 56
prediction 1
pal 3
omnibus 3
inhabit 8
foam 4
shelter 15
startin 1
provide 64
modified 11
grumbling 6
circuses 3
Messrs 1
Admirably 3
prefers 1
philanthropist 2
hanged 7
conquer 2
guarding 1
rage 52
lulling 1
snatching 2
souvenir 1
definition 1
kicked 8
wrung 7
lies 31
narrations 1
protectors 13
continuation 1
contend 1
larger 18
suppose 90
cringing 1
towed 2
Tame 1
repute 2
lauded 1
discerned 1
filth 1
Armand 1
Ormstein 2
volunteered 1
reclaim 2
eloquence 5
pitifulest 1
account 81
wood 146
inestimable 2
magistrate 15
Po 3
partie 1
copper 10
ochre 1
numskull 5
shiniest 1
lowliest 1
Stoner 19
glens 1
rampant 1
Tiberius 1
inspirited 2
histronic 1
born 40
involve 1
gnashes 1
inherit 1
fan 7
frieze 1
structure 6
Slave 1
snore 8
timber 7
killed 90
laboratory 12
wicket 2
caress 1
service 30
tugging 5
Fairy 3
warren 1
desolated 2
threaten 5
forgiveness 7
besought 3
smoked 9
frowzy 1
pews 2
avenues 4
requisite 1
ketching 2
indulgently 1
pityingly 1
behaved 8
wits 5
commit 9
akin 5
EXCEPT 8
saved 46
mediocrity 2
bedridden 1
impossible 47
carved 8
THE 188
laws 81
compelled 10
alarming 1
sink 15
goings 1
Welchman 2
nearly 106
revival 3
observers 1
cravat 3
Gwynn 1
Smears 1
Severn 1
Proosia 1
hall 45
fortnight 12
skirting 1
dross 1
pence 3
soled 1
Sprague 1
copy 104
ass 25
Isa 4
gladhearted 1
urgent 2
Island 10
Charpentier 1
ivory 10
fathers 2
Chene 1
turnips 4
mended 1
introduced 13
struggle 18
strokes 3
Robes 1
pariah 1
reluctantly 2
worshipped 11
pyramids 1
gabble 1
foulness 2
corps 1
unsolicited 8
Sherard 1
invulnerable 2
deviltry 1
planked 1
unsteady 1
stops 4
practised 4
hopeless 10
grinder 8
din 1
Style 1
whispers 11
strangeness 2
loveless 1
chest 36
bezoar 1
proceeded 25
classifications 1
scandalous 3
Astounded 1
Lothman 1
squeezes 1
Stars 2
inequalities 2
sacked 2
bodes 1
probing 1
unloading 1
tattered 5
Robinsoniana 1
probability 6
alluded 2
coarser 1
extinction 4
remained 96
jumped 59
religious 4
evils 4
thar 3
much 591
Ezzelin 1
violet 5
Compare 1
afterwards 81
vicinity 5
corrected 1
infirmity 1
Majorca 1
irritating 1
usefulness 2
sailors 12
leaned 21
hook 8
maidens 5
pulp 1
coolest 1
overstrung 1
Attempt 1
offers 10
madness 19
remotenesses 1
Fundevogel 12
Omne 1
sensitiveness 2
regulate 2
loudness 1
Shanty 1
knucks 1
ranged 6
disengaged 1
pairs 2
sellin 1
Guy 2
Opera 2
palpitation 1
opera 13
starve 5
Chapter 24
chops 1
activities 1
hard 145
changing 12
lord 27
combing 2
Bunker 3
confederates 1
rind 1
UT 8
along 370
XXI 4
fateful 2
Fit 2
festering 1
Discrimination 1
confiding 1
Alarming 1
oily 2
wisdom 15
GRAY 2
befallen 8
pitcher 2
reeds 5
immersion 1
clue 18
abusive 1
poky 1
pastilles 1
Ross 13
pisonest 1
fangled 2
curiosity 44
Behave 6
piteous 5
ENGINEER 1
Tower 2
lanes 4
facility 11
postal 1
Handwriting 1
givin 1
remonstrance 1
relatives 6
XXXIV 4
acuteness 1
despised 6
accompaniment 1
resignation 3
constraint 3
thumped 3
hogwash 1
unfriendliness 1
gets 27
did 913
missionaryin 1
accusing 2
echoing 2
hungry 46
Paralysed 1
von 2
Use 16
Ready 1
cain 1
Donations 16
flows 1
Peruvians 1
Andrew 2
precipitation 1
intruded 1
Merton 2
silk 26
awe 5
suds 1
supposed 17
BUT 9
dissect 1
leaps 1
VALLEY 1
roadway 1
dining 18
danger 58
Resurrection 1
Toys 1
iced 1
culprit 3
hosses 1
Unfeeling 1
IX 6
thoughtfulness 1
sasser 1
destroyed 38
tones 6
debasing 1
nowheres 3
patchin 1
fattest 1
petitioner 1
nose 32
crevice 4
carpenters 1
tiresomeness 1
visitors 9
whitewashin 1
frankness 2
stemmed 1
Athena 1
candid 3
elaborate 14
abusing 2
flaws 2
disposal 2
palsy 1
exculpated 1
earnestly 12
appear 54
beaten 14
alien 2
proficiency 2
flock 13
poker 3
subjects 8
lays 10
terms 176
stare 9
checked 7
Aunty 6
generl 2
hillsides 1
period 22
sacrifice 16
traveler 1
union 18
threshold 9
bargains 2
tallish 1
west 19
poverty 14
postures 1
descended 16
revived 4
affecting 3
gunnel 1
BALLARAT 1
OF 108
Carlton 1
pup 3
ablaze 1
buzz 5
obstructed 2
Andes 1
informing 1
Cain 5
Jezail 1
days 246
vulgar 25
steed 1
chagrined 1
crush 10
ceiling 22
rudely 2
privilege 5
keen 19
population 2
nightmare 2
gnashing 1
pasty 1
prejudiced 5
suffice 1
leck 1
renewing 1
lid 22
Swiss 4
undertaker 8
unburned 1
sober 9
heroines 2
ambassador 2
footed 5
poke 6
ketch 5
unities 1
tangle 4
lent 6
Put 9
implicates 1
homage 1
Deeply 1
overtaken 1
nephew 8
trembly 2
overlook 5
promise 63
unmarried 3
unregular 3
omit 2
wherewith 1
asho 1
Spaniards 2
back 854
Didn 15
Nat 6
farms 4
hit 32
maladie 1
scoured 3
DAMAGE 8
unsullied 2
hunters 2
wave 10
cadence 3
plainly 14
melted 2
busted 21
realise 8
triangular 2
memoir 1
Milksop 1
Ample 2
surly 1
principles 10
headstrong 1
killer 6
floods 1
introduce 12
binary 8
reticule 2
dandyism 1
Early 13
rebellions 1
Tartary 1
tribute 3
unwinding 1
flame 12
placid 8
proverbs 1
bellow 2
division 3
millionaire 2
could 1496
then 1333
Influenced 1
resolute 3
cottage 70
unsystematic 1
deepening 1
Marguerite 1
crown 7
miscarried 1
mark 33
Across 2
Charlemagne 1
progress 24
hurting 3
calumnies 1
exhilarated 1
whoop 13
OR 48
ravenous 3
Circus 1
sp 1
halfbreed 3
carriages 2
roadside 1
jawed 2
Amid 1
toothache 3
store 37
extended 7
relatively 3
faithless 3
showers 1
befriend 1
rise 34
Willoughbys 1
dreamt 6
Born 2
jamboreehoo 1
Duncan 8
aroun 7
pours 2
surmount 2
discrepancy 1
intuition 2
plotting 1
lying 84
arbiter 1
strawberries 3
keyhole 1
Northumberland 2
Testament 11
Boom 1
Auckland 1
Botany 1
Opportunity 1
attractive 9
Gervase 1
accompany 9
celebres 1
massacre 1
expectoration 1
tumblebug 1
panic 3
Stroud 1
named 22
pilier 1
chuckle 4
medium 45
distrusted 4
DISSOLVED 1
goatee 1
impend 1
housework 1
weakening 4
Engineer 1
ply 1
dar 1
Give 22
phrenological 1
Chopin 4
Filial 1
industrious 4
suffocating 3
idling 1
judged 64
assisting 3
hounds 6
dingy 4
cabin 47
interchanging 1
roared 11
tackling 1
such 551
sow 4
soon 440
freeze 1
enable 7
souring 1
Nouvelles 1
skiff 33
rigging 1
thro 1
shirts 5
borrow 13
sheriff 4
determine 13
unenforceability 8
Illustrious 1
swears 1
Leclercq 1
affection 47
text 5
Warnings 1
Solid 1
raf 10
slope 5
oversight 1
Watch 1
requited 1
knave 1
len 3
Brings 1
Pencil 1
Her 84
gratefulness 1
witness 17
tombstone 2
shanty 5
welded 1
unshaken 1
neck 70
waltzed 2
fatherless 1
darken 1
Agra 1
Listen 14
tilling 1
beryls 4
temperate 1
Gracie 2
festal 1
trifling 9
shorter 3
disc 1
Must 5
mockingly 2
poodle 6
inexpressible 2
ambition 12
Reconnoiters 1
settlement 1
Revolution 1
Obelisk 1
Verona 2
apprehensively 1
vagrant 4
boxes 8
deprived 13
elect 12
apt 3
Greece 2
immeasurable 1
throwed 11
angle 10
McFarlane 1
gate 35
fin 1
skeleton 2
preachers 3
dizziness 2
astounded 2
Brighton 2
tumblings 1
nestled 1
Sakes 1
Frankly 2
mist 20
technical 2
imprudently 2
muttering 3
Foster 3
syllables 1
propound 1
menagerie 1
take 547
promised 57
smothered 5
hasten 9
Azure 1
dissecting 2
suspicious 15
raspy 2
fanlight 1
crimes 18
conveys 1
eldest 37
parody 1
mum 21
enquiries 2
hopes 40
curses 2
foreheads 1
strung 4
Climbing 2
Within 6
collections 1
feuds 1
I 14296
wrinkles 2
Mendicant 1
yielding 1
abdicate 1
heaped 3
direct 15
creators 1
firearms 1
possible 106
sheet 40
wean 1
hawking 2
jeans 3
lobster 1
inexcusable 2
brought 241
seventeen 11
enterprise 12
hairy 6
confirmed 20
retreat 13
types 8
flies 14
Egad 1
lightnings 6
tamer 1
woo 2
Seizes 1
allusion 8
Off 6
helplessly 3
absence 18
sensual 4
afflicting 1
Lausanne 1
engrailed 1
dainty 16
integrity 3
imaged 1
exalted 6
washing 13
yourself 172
twouldn 1
repelled 2
twist 4
blinders 1
Cadet 1
battened 1
unfeeling 3
torn 19
elevates 2
whirlwinds 2
sore 17
hustled 2
print 16
pint 4
saint 2
leaden 4
fleurs 2
rambled 1
o 170
indefinable 2
Blamed 6
masonry 1
endow 1
toward 32
herb 2
muffled 7
tripping 2
Commission 1
verities 1
section 3
profited 3
frantically 2
moments 57
varnish 1
interruption 6
hisses 1
biggest 6
purchased 1
portrait 55
lamps 10
riding 13
silent 65
azure 1
confessing 2
rainy 1
twould 1
story 78
unreasonable 1
laced 2
Jo 4
Ah 146
Lives 3
dough 4
traveled 1
counters 2
PRINCESSES 2
Sleeping 1
souleve 1
rut 1
burning 44
celebrate 2
freshen 2
graver 1
suffer 43
reform 6
revolted 1
petalled 2
grievously 1
perfumery 1
strangling 2
opposite 21
quickened 6
examined 37
Terribly 1
recommencing 1
lip 39
Youth 6
permission 68
Salvation 1
legitimate 2
upstream 2
accordance 17
splendid 24
Ned 2
keepers 1
ornamented 1
unsympathized 1
charnel 2
Verily 1
mottoes 1
professions 2
artistic 9
artery 1
disunion 1
rib 1
explosive 1
You 1245
counsel 17
globe 6
ravelled 1
unhooked 1
residing 3
dubious 1
amateur 2
proportions 3
educate 2
morose 4
dangersome 3
greased 2
subsided 2
Rousing 1
Cousin 2
analyse 1
garments 8
bough 2
rusted 1
handbreadth 1
disguised 3
bears 7
distant 20
rattling 8
Tige 2
scruples 1
shallying 1
honour 31
Westaway 2
machine 26
Anyway 4
convince 2
bub 1
weekly 1
measureless 2
pot 20
revive 5
turquoise 4
faithful 23
persuaded 13
concede 2
tuck 11
waded 4
fifteen 37
beats 13
Admission 1
unquenchable 1
site 33
Cordelia 2
ah 1
interests 7
earned 6
knotted 1
lengthy 2
Uncle 61
recommendation 1
Luck 2
Greatest 1
samples 3
Treasure 2
Compositions 1
WATER 2
kettle 8
peppered 2
sagacity 3
consekens 1
blackballed 1
eleventh 2
vermin 2
dismissal 4
apologise 1
Track 2
And 1009
ostentatiously 2
lambs 5
ford 1
captivity 6
yow 4
Everything 22
Secheron 1
contentment 5
petulance 1
slew 4
obeying 1
niche 1
vilest 3
XXVI 3
miny 1
friendly 28
sobbed 8
luxuries 2
buttermilk 3
Angelina 1
talker 1
Opposite 1
irresolution 1
guiding 3
suspicion 24
disposition 17
thinks 24
recess 7
Work 5
smooths 1
shrug 3
trees 86
Awake 2
lecturing 1
reminding 3
consciousness 14
tort 1
writings 2
Glibly 1
incompatible 1
inspected 3
establish 3
odorous 1
stupidity 4
thawed 1
snuffbox 2
uncushioned 1
Crucifixion 1
obliterated 4
transcendent 2
puzzling 1
Prose 1
fortune 42
temple 3
chirrup 1
characteristically 1
sailing 13
electricity 2
swarmed 5
reference 11
joviality 1
pardons 1
uv 9
Posterity 1
surprised 47
worships 1
commiserate 1
endued 5
unimpeded 1
sombrero 1
Parma 1
discontent 3
unguarded 2
declamatory 2
Throughout 3
stitch 1
shingles 1
catch 53
curtained 3
Finn 41
Buttons 1
photography 2
wonderfully 15
band 25
Splendor 1
comforts 1
brides 1
mightn 6
achieved 4
Superstition 1
loafed 2
misery 65
mien 3
Lodge 12
peck 4
non 11
psychology 4
muscle 4
Run 8
hollered 7
plugs 1
judicial 4
financial 8
liberty 15
Torn 1
chanst 3
whiter 1
led 105
heralds 1
VISIT 2
blattered 1
submitted 5
Bundles 1
pouted 1
relied 3
teaspoon 1
clusters 2
beach 5
functions 3
Whither 7
vouching 1
files 17
Russia 2
handsprings 1
Drot 1
RUCASTLE 1
Beautiful 2
commenting 1
Trunks 1
sequel 1
amuse 9
obituaries 1
incrusted 2
approvingly 2
pleasantly 4
guiltlessness 1
steadily 6
hypertext 8
occupation 13
sleeping 45
preaches 1
puckered 1
Sits 1
oftener 2
saturnine 1
artistically 2
whim 3
porphyry 1
cable 1
slain 2
relaxed 6
employed 18
arranging 9
leads 8
unbound 1
carte 2
at 3246
Number 7
lull 1
weakly 1
inquiries 14
wait 119
Knowing 1
squatted 1
THAT 19
necessity 14
wondrous 9
jackets 2
based 17
legacies 1
smoothness 2
reaped 1
cussedest 1
cadaverous 1
ached 1
pry 3
leafy 2
royal 25
Witches 6
clew 3
profile 4
WILDE 1
Magnus 3
speculating 1
September 7
assurance 2
sharpening 2
hull 1
noiseless 2
Underground 2
selfishness 7
faster 13
greediness 2
shrine 1
comprehend 4
drowsily 1
internal 2
gazer 6
Peculiar 1
clamored 1
refusing 5
brings 9
Elephantis 1
Subtle 1
precipitance 1
parents 54
fascinates 3
Said 13
vaguely 4
gambling 1
Berwick 4
scornfully 2
rapscallions 10
secrets 21
ruff 1
Meningen 1
vitals 2
Children 6
eras 1
followers 2
inhale 1
grassless 1
insolences 1
association 2
reread 1
nation 12
ruggedness 1
where 609
learned 48
yers 1
Storm 2
Cibo 1
cakes 9
cataract 1
VIII 7
comedy 3
Sprinkling 1
disagreements 1
shirk 1
Singularity 1
gaol 3
ornaments 1
spasmodic 1
attempt 28
applaud 1
multiplied 3
Took 3
clatter 7
terrifies 4
ultimate 1
parting 4
certainly 114
Philosophy 1
foreseen 2
loathe 2
fur 34
lack 15
rocking 1
Nuffn 1
abjure 1
church 71
luxury 13
sciences 1
LIABLE 8
That 447
Duke 23
suthin 1
block 8
supporters 2
Eight 5
editions 35
picking 12
expectations 3
Wallface 1
litionist 1
stow 1
warehouse 1
Stead 2
grossly 3
art 109
Cease 1
Bartley 3
involved 2
LEAGUE 3
steps 93
Nonsense 2
blunders 1
moused 1
beeswax 1
Eley 1
protect 25
furrow 1
com 1
humbler 1
timid 6
restrained 6
Majesty 19
Considering 2
situated 8
pungle 1
bolthead 1
IV 8
revolution 2
sports 2
circles 4
The 2602
Harbury 2
unapproachable 1
pagan 1
Drance 1
waterfalls 1
Lift 2
jedge 1
sumf 2
disjointed 2
halfhour 1
curiosities 1
guise 2
opened 155
affectations 1
haste 18
Tying 1
These 58
experiences 6
oneasy 1
sidelong 1
Asserts 1
Hon 2
irony 1
Attacked 1
stealth 1
wasting 6
headway 2
kilns 1
Turks 1
Hatfield 1
colder 1
lumber 7
stanch 1
deserves 3
sniffed 1
warped 2
despise 4
Gretel 94
adoration 7
wag 1
wrote 59
butterfly 1
intercepted 1
quivery 1
humbugs 1
signals 2
within 160
doubted 7
conclusive 2
pattered 4
marvel 5
kindness 41
difficulties 8
austere 1
official 38
delight 51
TRADEMARK 8
derivative 24
Find 4
Project 666
choice 16
snakes 21
appreciation 4
punkin 3
additions 10
tm 456
worshipful 1
insinuating 2
givings 1
nod 4
hazarded 1
disposed 3
Whereabouts 1
resemblance 6
reputation 9
fainted 18
overtake 4
dares 3
roughest 2
bloom 12
far 231
pose 29
STRAW 2
honourably 1
Small 2
abnormally 1
voters 1
previous 24
watch 102
lighten 5
rained 3
unsought 1
unalloyed 1
thrift 3
Greasy 1
parlors 1
Wh 1
Tankerville 1
drowsing 3
unrestfully 1
cluttering 1
Coat 2
galled 1
auspices 1
shouldn 10
stag 3
parseme 1
heaths 2
chicks 1
bothring 1
ungentlemanly 1
corporals 1
drawls 1
voluntarily 2
detest 1
prayed 18
monotonous 9
needle 25
reverted 1
G 5
gaslight 2
stray 5
horse 143
coquettish 1
newcomers 2
disappoint 3
distemper 1
Hick 1
raff 2
lan 7
disguise 12
hawk 4
Prendergast 2
knotholes 1
teasing 1
sapphires 2
savoury 1
receipts 1
ungrateful 5
unbolted 2
XXXI 4
crazy 12
competence 1
Graveyard 1
menaced 3
chaise 1
cutlass 1
adherent 1
Roman 3
wads 1
Amen 6
contemplative 1
confirmation 11
belaboured 1
adders 1
urn 1
invade 1
spells 1
aproned 1
rend 1
unkind 5
unpacked 2
hunger 38
lamplit 1
hissing 6
indicated 7
apprehending 1
minutest 2
papers 60
liked 45
acre 1
deepness 1
vows 3
humid 1
slips 3
stopper 2
Dollars 1
vizz 1
Vincent 6
dawned 13
shaming 1
unthinkable 1
languidly 7
swift 10
difficulty 32
Tears 4
bran 1
Eighth 1
Many 18
Of 109
clave 1
UNCLE 1
Price 1
inarticulate 3
Clemens 7
van 1
roots 15
mortuary 1
practise 4
Local 1
arrive 20
lose 60
pap 55
Looy 2
Robbery 1
carelessly 8
daytime 19
negotiation 1
actin 1
sail 16
frame 34
Artemis 1
crisp 6
knots 4
boom 8
peddlers 1
TIME 1
fondest 2
breakfast 92
priest 6
remind 13
probabilities 2
marbre 2
poem 4
cheeks 39
NEXT 1
XVIII 4
prodigious 2
wealth 27
purify 1
pompous 2
inquietude 1
plant 5
avoid 15
answered 278
mortar 3
Fisher 1
placed 88
loves 11
minuteness 1
dan 1
Mr 551
dreary 14
slide 13
S 65
shackly 3
Bill 18
private 37
moreover 5
SULTAN 2
unconsumed 1
straggle 1
civilized 4
grunted 3
abruptly 3
Adolphe 1
triumph 15
insects 2
Longings 1
outlaws 5
stands 20
epigram 1
sucked 4
Pondicherry 5
personification 1
barricade 3
quieted 4
simplifies 1
disadvantage 1
formless 1
rescued 1
goo 8
speeding 2
cheeriness 1
anchorite 1
TAILOR 2
unbridled 1
superior 16
box 66
uncommonly 1
volumes 4
therein 3
sundials 1
lining 8
astonishment 25
Protection 1
lace 11
shavin 1
decoyed 3
complimented 1
skylarking 4
cards 10
time 1167
neighbouring 8
twig 8
Promise 1
bailed 1
appalled 1
notifies 8
brass 28
cutthroats 1
Horse 1
see 1227
Milan 3
lad 78
Authorities 1
deffersits 1
remember 100
restless 11
CATHERINE 2
webby 1
sots 1
fraught 2
preference 2
repulsive 5
woe 10
writhed 7
shooting 16
Princess 2
grasp 19
clammy 2
walnut 1
hushed 4
trickling 3
problem 30
quails 2
Kinsey 1
amethyst 3
unjust 8
hoes 2
ploughman 1
feverishly 1
cabinets 1
malignant 3
Cocksure 1
At 249
conspiracy 1
existing 3
sledges 1
Acts 1
ramrod 1
Kilburn 3
competition 2
power 86
slung 2
sternly 3
ly 1
Ab 3
consults 1
red 164
fetched 53
viewing 8
weep 28
adhesive 3
bruises 1
were 1617
John 42
Douglas 19
Dat 8
eavesdrop 1
servitude 1
Killed 2
evade 1
Danger 2
headgear 1
wire 8
Adriatique 1
actuated 1
scaling 1
fidget 1
chunk 5
weed 2
sixpence 1
conclusion 16
retired 32
bleeve 2
impertinent 3
exaltation 1
chills 3
sprig 1
catbird 1
fell 256
For 163
advertise 5
In 361
might 531
alighting 1
instant 64
staterooms 1
expressed 35
phraseology 1
forget 81
termed 2
hornpipe 1
desperadoes 1
Goodge 2
withheld 1
gentlemen 48
lordship 2
Ropes 1
howled 2
Mark 10
Republican 2
flatboat 1
stiddy 1
activity 5
hailed 11
Section 56
doubled 3
consternation 5
togs 1
Triumph 1
meant 51
panoply 1
goodnight 2
island 56
Where 107
lotus 2
atoned 1
CARBUNCLE 1
trellis 2
Servox 2
recognition 3
creeping 18
frightening 2
weaknesses 1
remains 26
humble 9
dawdle 1
prudently 1
inaccurate 8
lift 16
slanted 1
Spunk 2
beau 1
Adventures 11
development 5
consumes 1
infernal 5
customers 1
waists 1
arrived 72
inception 1
foolscap 2
soften 4
humming 4
er 55
dales 3
hedge 7
floats 1
tawny 2
sways 1
FOX 6
Counsel 4
resisted 2
Shakes 4
Great 14
rings 12
singular 36
guessing 2
march 7
trotting 4
Thrilling 1
marriages 3
leaded 2
whereabouts 4
occupying 1
trampings 1
Knife 1
effective 2
dealings 2
cinder 5
cages 4
prop 1
Threadneedle 2
afloat 1
Wherefore 1
sting 8
Pooty 1
defect 18
Honest 7
RIP 1
Sinking 2
Wimpole 1
hairs 7
marred 11
sejested 1
festoons 1
rules 20
brains 10
talkin 4
Streatham 4
caricature 1
Court 14
stretchers 2
Omission 1
BEFORE 8
wended 2
affords 1
delivering 2
beetle 13
dogmatism 1
implicating 1
gagged 1
hereditary 7
bearings 2
competent 1
inves 2
facetious 1
cynical 6
satiated 3
weeping 14
Messalina 1
terrors 3
hick 3
Soliloquy 3
AND 46
holding 31
screaking 1
tailless 1
peacocks 2
Buonarotti 1
swelling 7
chamberlains 1
contending 1
online 32
den 44
automatons 1
obligations 2
write 67
kneeling 4
localities 1
wasteful 3
franchise 1
develop 3
exchanged 10
prohibition 9
spices 1
Nottingham 1
tortured 9
shots 3
wily 1
orchestra 2
pilgrimage 4
stifle 2
bulge 3
shipshape 1
bob 2
hours 105
gauntleted 1
barring 1
Hercules 1
repinings 1
owns 18
rushed 64
rates 1
sorrowful 25
overspread 2
wander 10
jet 4
dressing 28
servility 2
spec 8
permanently 3
allow 52
sacrificed 4
founded 8
Whilst 8
exaggerated 4
muddy 3
patient 22
Magley 1
water 273
amounted 6
urged 16
Ugly 1
eyed 14
Lying 2
knickknacks 1
furtherance 1
turbulence 1
outside 110
undiscovered 3
overcast 1
witted 2
trusted 5
haunts 3
