Elizabeth 95
failure 16
Fonthill 1
thereupon 2
coals 5
rear 3
familiarly 1
snort 2
chose 9
surrounding 2
PARTNERSHIP 2
views 16
violets 3
whimpering 2
Climax 1
Appreciate 1
spiders 8
Sinai 1
their 1081
concept 16
Ltd 1
decay 7
concert 5
rural 1
gossips 1
replacement 24
firm 29
Portsdown 1
Are 33
forgive 33
mentioning 4
ambitions 1
schoolmaster 6
Andy 1
Grisly 10
lilacs 1
lion 29
employing 2
Hankey 1
deaf 6
curate 1
countrymen 2
highlands 2
sorrers 1
moonrise 1
em 112
sundown 4
inspire 7
overhead 8
traded 4
hungrily 1
breasts 1
fait 1
smear 1
mannered 2
hurries 1
Broad 1
exclude 1
remove 22
coach 9
sanctified 1
squeaking 2
mauve 2
Rely 1
travellers 7
traces 15
funniest 2
endures 1
improved 11
eliminated 1
intrusted 2
come 1009
taking 84
responsibilities 1
opal 4
adage 1
Travelling 1
from 1912
prophet 1
tramping 4
delights 5
troopers 1
Pirates 4
angrily 8
hydropicus 1
Ere 1
lands 3
bruised 2
adjacent 1
receives 1
loop 4
vessel 21
rejoinder 1
triumphed 2
Literary 105
sloping 4
longing 11
achievements 2
mawnin 3
transpired 3
studio 18
sicklied 1
California 3
close 141
glad 141
guarantee 1
Brazilian 1
snip 1
cavortings 1
thinned 3
terraced 1
hundred 112
contract 3
hast 7
docks 2
gudgeons 2
initial 1
splitting 2
Sit 8
remembers 2
design 10
adventurous 3
Vigilance 1
soothingly 1
life 529
paradisiacal 1
plump 3
Cuss 2
emphasized 1
mild 9
family 143
although 93
arguments 9
spiritualizes 1
edition 16
fixed 76
debar 1
raw 1
Tells 1
Hannah 1
mutilation 1
bale 1
bymeby 2
Town 3
Little 27
flecks 1
altitude 1
Dante 2
wrongs 3
road 85
apprehended 1
Presently 55
relapsed 2
window 233
ducks 5
misjudged 1
flaccid 1
toying 1
Rheims 1
fiendish 6
Mind 5
painters 3
Africa 1
Kramm 2
whipcord 3
smocked 1
straightened 8
withdrawn 2
boat 79
Lacey 9
Pie 2
knowed 101
pumping 1
fanlike 1
mortem 1
savagery 1
Cornered 1
contempt 11
infant 13
guest 29
discord 1
disclosed 6
plague 4
espial 1
murderin 1
transfixed 1
improvement 10
undeceived 1
footman 3
Indians 6
inspired 4
kindliness 2
bag 66
pedlar 1
Fourteen 1
What 690
eternity 6
Rats 1
intrusions 1
receipt 19
derned 1
memoranda 1
slack 1
Club 2
charmed 11
rue 6
diffused 3
coss 1
Susan 11
warwhoops 1
locked 59
stall 8
shall 556
saluted 3
despondency 4
Hers 1
fronts 1
start 83
pulses 4
whitewashing 5
snuff 6
lumbus 1
nooks 2
Lips 1
pommel 1
pints 1
Nova 1
late 121
nobleman 5
Learn 4
closet 13
spoonful 2
intimately 2
horseshoe 2
Suburban 2
chalked 1
slopes 1
retrogression 2
laudations 1
member 14
peries 1
event 23
Mort 1
peace 80
barrel 24
fluid 2
purposed 1
President 3
PLAY 2
invention 3
execration 1
impudence 1
caitiff 1
blanc 2
staring 15
writers 3
blonde 1
jis 22
ups 3
hoard 1
encouragements 1
breath 70
unwillingness 1
lynch 5
Act 2
unfrequented 1
stooped 13
WILLOW 2
IDENTITY 1
game 24
Lido 1
daydreams 2
precipitate 2
nuther 15
crick 8
NOBLE 1
barber 1
ow 2
Into 1
woeful 2
Irrigation 1
bagged 2
notches 1
scribble 2
Man 12
ourselves 58
symbol 4
gloried 1
spun 8
brung 6
mandolin 1
Miranda 1
interspersed 2
BEARD 2
mess 3
octavo 1
READ 8
consoles 4
lute 1
spirited 3
rustic 5
pause 32
History 3
Dead 11
somebody 75
heat 17
dried 13
whirlwind 3
simpering 1
Resolved 1
violently 8
ransom 5
wagging 1
Baron 1
tonnage 1
getting 99
palm 8
immaculate 2
clemency 1
dozed 1
Clearly 1
mistaken 18
epistle 3
summonses 1
cloak 44
kept 132
membra 1
conspiring 1
PARAGRAPH 8
candour 5
robber 12
shifting 1
noised 1
arrested 13
declaimed 1
forlorn 4
melodeum 1
turkles 1
actual 11
Pelissier 1
originator 8
can 1055
Underneath 8
bothersome 2
satinwood 2
Coleridge 1
keeled 1
Together 1
irreligious 2
inheritance 3
cat 112
sup 3
ceasing 2
BENJAMIN 1
Confound 4
postoffice 1
crying 55
cosy 2
week 93
gratifying 4
customs 2
Cock 2
kneaded 1
tartar 1
presumably 3
participated 1
handbill 3
stateroom 4
bode 1
load 18
drove 79
schoolbooks 1
rapturously 1
overflow 1
enthrall 1
despair 63
tiled 3
flee 4
yell 9
protruding 6
terrified 14
thinner 1
saves 1
drownd 2
Strand 1
trickled 1
gun 41
throat 34
wolf 70
rein 1
Isotta 1
archways 1
Creator 2
DIED 2
Stick 2
distract 1
depart 9
staving 1
Titan 2
exhausting 1
treble 3
swarm 6
Endell 1
Bachelor 1
unsolved 1
sophisms 1
soundings 1
heartier 1
slippers 8
disreputable 4
astraddle 2
barque 2
Assizes 7
Gilead 1
earth 101
specified 16
therefore 85
Joe 173
slit 4
Lohengrin 2
Romeo 14
manifested 4
voyages 4
appealed 1
garb 3
sickens 1
alighted 7
Wives 1
damaging 2
wandered 40
spot 54
disobedience 2
unrelaxed 1
spellbound 2
contest 1
divulged 1
ravings 4
shriveled 1
Marbank 2
metaphysical 3
murderer 36
Excellent 6
disturbance 6
gross 12
slimy 1
guarded 7
eager 15
Exactly 1
vengeance 27
cushioned 2
serves 3
fleeting 3
jug 22
addled 1
suff 1
complying 24
footmen 3
muff 2
bands 2
Hay 1
bygone 1
limitation 24
defines 1
recapitulation 1
hangman 2
grant 11
forgery 1
burns 3
bruise 2
intellectural 1
Casanova 1
expectorate 1
mellow 7
putty 2
sanguine 1
participate 2
pivot 1
Anything 4
decided 18
himself 631
conviction 12
confronted 1
oeuvre 1
Cuvier 1
Sees 1
identify 10
denies 1
knives 11
bucks 1
emotional 5
hinder 3
Eating 2
harlot 1
compromised 2
perplexity 6
impracticable 1
wreak 3
resound 1
Allegro 2
entitles 2
busting 1
So 535
venturing 1
Kafka 4
patch 11
variegated 1
Winn 1
International 8
pail 9
humdrum 1
newcomer 3
influences 4
rocks 17
weeps 2
crouch 1
amphitheatre 1
suddenly 128
swung 10
cleaner 10
cocking 2
acute 3
tasting 3
JEMMY 1
fitten 5
mind 343
talk 215
cramped 4
stares 2
contumely 2
assigned 2
Goliah 1
mouldings 1
Second 4
awhile 26
disagreeable 2
Ryder 12
Therefore 3
compose 3
barmaid 3
celibacy 2
indignation 15
Cardinal 1
retard 1
child 197
irrevocable 3
hysterical 3
vehicle 2
Gunn 1
spattered 2
IMPLIED 8
dipped 9
flatfooted 1
Quincey 1
adores 1
fourteen 13
Phelps 16
Dampened 1
duty 45
braved 3
lone 1
maxim 1
pistols 4
unprejudiced 2
hills 29
connection 19
banished 5
brisken 1
Californian 1
starlight 1
plodded 1
Hungary 1
baking 2
PAST 1
tourist 1
flute 2
embattled 2
requests 1
only 798
dotted 1
maiden 32
rebuke 2
shod 1
periods 2
Among 5
fitness 1
Windsor 2
rafts 7
Fire 6
Principal 1
Betrayed 1
sighted 4
estimate 3
possessing 1
southwesterly 1
doctored 1
sallied 2
Chamber 1
Moment 1
mask 16
kind 298
policeman 9
twilight 10
beggar 10
Friendship 2
remoter 2
extending 3
personalities 2
Wakefield 1
quench 3
myth 2
point 104
ascend 10
wondrously 1
firmest 1
neat 15
cler 1
swollen 1
discovered 82
amassed 2
holts 2
greatness 3
funerals 3
soured 2
Dowling 5
tract 1
truculent 1
chivalrous 2
dost 3
twelfth 3
multiplication 1
sleepy 9
est 2
unseat 1
Becky 113
snowed 1
replaced 3
cage 16
fidgety 3
Pork 1
Tennessee 1
pliant 1
charily 1
invent 9
ants 6
complicates 1
Miserable 3
hopped 9
prospered 1
whyd 1
consoling 1
hissed 3
Jenkins 1
kill 97
ascertaining 4
Outrageous 1
incantation 3
groom 9
sunbeams 2
pebble 2
switch 3
inclined 11
licked 9
fish 66
Exit 4
toothpicks 1
Palace 2
characters 10
Shelley 4
Creeps 2
Resting 1
bustling 1
doze 1
Park 6
sinks 3
sluggish 2
protestation 1
mission 29
IMPORTANCE 2
overladen 1
Thee 1
superintended 1
Proctors 2
Imagine 1
attained 2
sufferin 2
Seldom 1
parlance 1
expectant 1
combatants 1
prevailed 2
printer 1
seedy 3
Just 77
hautboy 1
blessed 17
strike 29
tongue 35
rioting 1
conveniently 4
Flirtation 1
problematic 1
hey 10
paralysis 1
subsequently 1
Assisted 1
Hasn 1
Unknown 3
weather 46
status 33
Vane 58
faces 38
emperor 12
behind 271
join 21
caressed 1
Civilizing 1
They 652
hasn 8
scarlet 22
humane 1
premises 10
Tragedy 3
wedding 51
woke 15
metaphysics 1
sentimentality 1
Wardour 1
Mexicans 1
Lycurgus 1
knights 4
exceeding 1
colored 3
precis 1
rank 20
Drink 2
connivance 1
conceals 1
amuses 2
Taking 5
advise 14
overhanging 2
shin 6
fried 4
REPLACEMENT 8
spectre 3
hearse 4
Homely 1
prefer 9
capable 21
armpits 2
HUCKLEBERRY 4
civilizations 1
skein 1
Brewing 1
Parties 1
bequeathed 3
decked 2
Contralto 1
absolved 1
muslin 1
reprimand 1
practising 1
pressed 35
whosoever 3
balditude 1
slop 1
Offering 2
include 9
medallions 2
immutable 3
Misgivings 1
pleasures 14
Metropolitan 2
disasters 1
advantages 8
obsequies 1
laps 1
think 637
Ruxton 5
plenitude 1
tuk 1
hollering 2
fortified 2
order 83
Life 40
tyrannized 1
summits 5
Packard 7
Jawge 3
aground 4
spidery 1
seduction 1
anxiously 10
Striding 1
ransacked 8
putrified 1
fillip 1
tortures 5
minutiae 1
wherein 5
startlish 1
gashly 1
Executive 8
vinaigrette 1
complex 10
Chemistry 1
scaffold 3
Arthur 25
Presbyterian 1
actuly 4
Later 1
sketches 1
evidences 1
refuge 12
curtain 30
blooms 1
grimy 1
hornet 3
squah 1
unyielding 1
plucked 12
souls 13
brocade 3
swaps 1
gainer 1
disheartened 1
retained 7
caves 8
Open 13
Maim 1
sturb 2
currents 1
hour 178
feigned 3
ambassadors 1
conducting 4
overcome 30
Congress 4
flinch 1
tampers 1
Email 8
fare 15
obdurate 1
visitor 30
inconceivable 3
angered 1
tow 9
Mourner 1
intention 22
shinest 2
GRIMM 1
Pikesville 2
Doran 12
recite 4
burying 5
soft 35
spend 26
acanthuslike 1
paddled 14
temptations 2
delays 1
without 380
grasshopper 3
conceived 13
insignificant 2
Widow 19
succinct 1
sermon 17
maim 1
sallow 6
screening 2
hate 36
tearing 27
blushing 1
maybe 104
ally 2
ailment 2
filthy 7
sah 15
henceforth 3
sugarloaf 2
ave 1
crouching 2
contrive 6
piracies 2
prisoned 1
aging 1
Observe 1
Ma 1
noticeable 1
loud 48
napkins 1
thish 1
Since 9
stretched 66
greens 3
squatting 1
appears 34
example 18
motherless 2
uncles 10
elsewhere 4
downward 5
Tanagra 1
cheerful 20
Boat 2
coincidence 1
Hatty 3
EIN 8
git 53
implored 3
expostulate 1
chronic 2
so 2603
understand 144
equitable 1
smacked 1
Hubbard 8
condemn 2
entirely 79
dripped 2
Hain 7
Roylotts 2
officer 1
Hood 11
jovially 1
benumbed 1
swing 7
lazying 2
Castle 2
disfigured 1
dear 306
generous 18
unpractised 1
Hie 1
Weakens 1
inquisitive 5
card 22
plans 22
dabbled 1
tempting 2
II 12
tempest 7
losing 8
escalier 2
yearly 1
creases 3
exercised 5
credentials 1
ast 5
hydraulics 1
Continent 1
Handed 6
sailor 14
uses 6
here 573
Better 6
fragile 1
ensued 3
malicious 1
refreshingly 1
horror 89
WILL 10
Grimm 5
Fool 2
colicky 2
housetops 1
punching 1
Cardew 30
postpone 3
destroying 4
hive 3
Goliar 1
crawly 1
Flemish 2
des 3
roasts 1
occurring 1
providing 33
drummed 1
reverse 3
inhales 1
atoms 2
meek 4
GIRL 2
enhance 1
assumed 13
leper 1
natty 1
Harden 3
gardener 23
numbers 4
Mayflower 1
Elise 1
results 16
motion 12
noon 25
Aristocracy 1
commended 1
uniting 1
sheered 1
drenching 1
schoolgirl 2
Thereupon 11
hooing 1
swimmer 1
sottish 1
trounce 1
grapes 5
hustling 2
Paddington 7
liar 7
suis 1
fanciful 6
sacking 1
ducked 3
verbs 1
ripen 1
Coupar 1
hapless 3
fans 3
derrick 2
manual 2
overhung 4
Hark 6
Amusements 1
Bunburyed 1
Leamington 1
Tory 2
Nibble 1
Crusades 1
drank 28
imprudence 3
Scotch 4
Korbes 4
Paying 2
mealtime 1
unfettered 1
School 4
Jew 8
semblance 1
total 5
morsel 3
divining 1
stand 101
strings 5
interpreted 10
symmetry 1
GRANDSON 2
bedstead 2
indistinguishable 1
rocket 4
change 104
strongly 21
smiled 42
assizes 1
catastrophe 7
denouement 1
Quixotic 1
IS 9
goals 8
overflowing 3
bounced 2
reduced 7
fared 4
tag 1
handiest 3
immunity 1
length 69
reasoning 16
Briar 5
huntsmen 23
easiest 1
treatises 1
exercise 17
scattering 2
bandy 1
thousand 101
sterile 2
manifestly 1
Several 12
bear 100
pomander 1
Yit 1
cheery 2
warning 17
arbitrary 1
amour 1
heath 4
tablet 3
acetones 1
observation 9
entry 2
bullet 6
flapdoodle 1
Faces 1
MAN 3
navigating 1
makings 1
decrepitude 1
fourth 11
Gower 1
Soft 1
Click 2
missionarying 2
bumping 1
armchairs 1
meals 6
explosions 1
presided 1
Albertus 3
los 7
sundial 5
org 71
Crowder 3
Holborn 3
tear 37
pathway 1
doughnut 1
dandy 2
Italian 8
nocturnal 3
oncommon 1
Hump 2
Cuzco 1
tore 39
Domesday 1
lugged 2
landslide 1
murky 4
sleeps 3
Snags 1
wetting 1
cautiously 10
April 5
cabbages 2
Bow 2
pried 2
reckless 7
Sort 1
professors 5
unhappiness 5
Father 16
Been 1
explanations 7
preside 1
pined 2
blocks 1
converted 2
wanting 16
vast 21
wanderings 3
swindled 1
vary 2
seductive 1
raining 1
speculations 3
painting 18
foreign 7
wry 1
retrod 1
Atlantic 3
Uncouth 1
Territory 4
haggard 9
regrets 7
reluctant 1
repaired 2
sejest 1
berths 2
nee 1
settles 4
analysing 2
brutal 4
memorable 2
Recoiling 1
sir 192
treating 1
collaborated 1
suspected 13
weeds 9
missus 3
brow 11
discussion 1
pincers 1
Director 8
rely 9
hindrance 2
undulations 1
clod 1
whack 11
repugnant 2
entertain 4
hugged 14
works 271
warn 318
quarrelling 5
singed 2
Marburg 1
Missus 3
Scandal 1
outweigh 1
chime 2
dens 4
observant 3
husky 4
toad 2
policemen 1
knuckles 2
Archery 1
Toller 15
foolish 29
blundering 1
necessarily 10
lightning 49
bloomed 3
WHO 2
crossways 1
skillet 3
Tottering 1
Norton 6
noiselessly 2
greene 1
telephone 1
forearm 1
electronically 16
hideousness 4
Francis 12
gusty 1
presentation 1
coffee 30
WIVES 1
Woolwich 1
doin 5
wrack 4
handbarrow 1
Women 17
Ferrol 4
kindest 1
stays 4
crowed 3
kings 28
precepts 1
AFTER 2
panted 1
demeanour 6
backwards 14
patron 2
dissoluble 1
tenement 1
gradual 1
doorkeys 1
cares 12
easel 1
clears 1
pglaf 53
one 2040
infused 2
bade 17
rippled 2
Behind 6
footmarks 3
unprecedented 1
breastpin 1
ling 14
writing 55
viewed 14
fear 123
artists 7
Liberals 1
intercept 2
remonstrate 2
gulp 2
right 647
overemphasized 2
ashes 41
scourge 1
thatch 1
doo 2
roamed 2
Information 44
send 62
confinement 1
discompose 1
keener 1
Clovis 1
squat 3
plagued 2
woolsey 1
gwyne 46
horriblest 1
jesting 2
devilish 2
quarter 49
paying 25
Margarite 1
suggestion 6
regularity 2
saddened 3
Bankers 1
restive 2
ungraspable 1
misunderstood 2
Hour 1
Fairbank 2
disgraced 3
sheets 11
exploring 4
gleaming 2
Bother 1
metaphor 2
roar 5
alchemist 1
pictured 9
shores 6
watchful 5
department 1
displacing 1
verses 13
audibly 2
rolls 2
cob 3
delirious 4
mysterious 27
murderous 8
Preparations 1
unforeseen 4
communicative 1
worse 55
Diplomatic 1
heavier 5
blackness 3
powerful 32
Hole 1
carelessest 1
caverns 1
Eustace 1
cell 9
unsympathetic 2
princes 11
misled 1
Wreck 3
professionally 1
slathers 2
Backwater 3
pallor 2
preceded 5
whoopin 1
Cake 4
offering 6
Unconsciously 1
ignominy 4
bedded 3
inspiration 5
funnel 1
expel 2
impatiently 7
entertaining 7
trifled 2
writhing 4
outlaw 1
Jealousy 1
bosh 1
Idle 1
tons 1
rien 1
clamor 1
excellence 3
spineless 1
Declaims 1
thread 29
idyll 1
resting 10
greenwood 6
congregation 8
stabboard 7
COL 1
French 29
decrepit 1
Hucky 8
pointing 16
seeds 3
incompetent 1
waggoner 4
turnip 6
behavior 1
resolve 4
Wilt 1
recoil 1
forgiven 3
daylight 43
chuckles 1
substance 5
Hardly 7
Mistress 2
none 101
fearfully 3
Fourth 5
cocktail 1
exquisitely 4
log 43
Henry 278
SPARROW 2
thinness 1
Jura 5
alleys 5
assistance 24
services 8
characterizes 1
moist 5
pots 6
scummed 1
drownding 1
eyebrows 14
prank 2
Lookyhere 5
saints 3
considerateness 1
slides 2
cuff 5
deadens 1
instantly 39
tiresome 6
Youthful 1
son 230
lighting 10
Has 18
trouser 3
Deacon 3
prints 1
knocking 11
Mohammed 1
swarthy 2
important 48
mirrored 2
Richmond 4
toy 4
nooning 1
gaudy 9
croaking 4
crumbs 3
monogram 3
overtaxed 1
juiciest 1
carcass 4
whooped 3
dawning 1
RIGHT 8
Thou 17
picnic 10
flopped 1
listens 2
paled 1
jolly 3
crybaby 1
Sounds 3
accept 21
reading 33
jackass 2
attracted 16
Sweep 1
Readily 1
DANCING 2
fretsaw 2
invalided 1
alienating 1
attribute 1
sacred 8
intruding 2
juice 5
flicker 3
BRIAR 2
earthenware 3
skaddle 1
dewdrops 1
trappings 1
aimed 6
exult 1
vagrants 1
colony 1
pushes 1
hobbled 1
tapering 1
thank 30
shapes 9
absolution 2
Spa 1
hump 4
prolonged 5
gall 2
protested 2
AS 10
imp 1
lawsamercy 1
liver 1
paler 1
information 48
uneducated 2
lunch 17
hats 9
offspring 3
Covered 1
tassel 1
Pure 1
operations 6
Calhoun 2
faint 21
marched 6
composer 1
post 22
bathroom 2
hooked 2
chased 11
courteously 3
ghosts 12
faithfuller 1
Reading 11
Embracing 1
separation 4
Big 2
alder 1
Grace 11
squalidness 2
Fetch 4
SWEETHEART 2
responses 1
fonder 1
ejaculations 2
brew 1
sorrow 36
personal 11
murmuring 2
domestic 9
tarry 4
wooed 2
Men 13
lank 2
Debrett 1
shook 97
beneficial 2
flapper 1
toted 1
swearing 2
enthusiastic 10
Paul 4
creator 19
inapplicable 1
endowed 5
T 5
tool 1
question 89
fever 20
savages 2
tumbles 2
punished 9
equal 11
naughty 1
extracts 1
adjusted 2
Sinks 1
reconciled 1
purport 4
free 178
brief 6
fawn 1
tolerated 2
Dobbin 1
blunder 4
who 1131
meandering 1
kid 5
plunges 1
finds 10
watery 3
reproaching 1
Eve 3
proposition 4
peel 3
reduce 1
humiliated 1
zenith 1
schoolboy 3
steak 10
uncomfortableness 1
rousted 2
alongside 9
Telegraph 1
Lesson 1
Only 42
groups 4
audible 5
regain 1
obese 1
unflagging 1
domesticity 1
leer 1
meaningless 2
convolvulus 1
unjustly 2
Worn 1
corpse 26
lethargy 3
Hands 2
resign 2
attributed 5
prefix 1
scorching 2
Ragged 1
parasol 2
paltry 1
annoys 1
unexplored 3
feasted 1
eaters 1
Meantime 9
Lestrade 38
genuwyne 1
Sixteenth 1
gorgeousness 1
nine 53
navigators 3
strenuous 1
drowsy 6
blubbering 5
defiantly 1
drinking 11
downright 1
cleaver 2
interest 102
exert 4
tertiary 1
Warburton 1
tawdrily 1
tight 22
platinum 1
windowsill 1
signpainter 3
philosophers 5
mines 3
scents 2
LONDON 1
agreed 54
sufficiency 1
HOLLE 2
ash 8
canoed 1
disadvantages 1
Isn 5
emigrated 2
stores 5
bitterest 4
hurts 4
colt 2
messengers 4
Table 1
Bricksville 2
Grice 1
spell 20
landmark 2
extinguishes 1
offence 2
beauty 104
unadulterated 1
recovering 3
foolishest 2
incongruous 1
gloves 10
trampling 3
prejudices 7
lets 11
Pleading 1
bauderike 1
rouse 3
broadened 3
indignant 5
Hardy 3
puddings 2
undoing 1
neglect 3
exposed 11
HOW 7
scoundrelly 1
furtively 3
primers 1
spat 2
Hallelujah 1
grind 1
barges 1
follies 2
rainbow 2
wrath 2
enough 344
stern 20
thieves 19
arranged 12
diet 2
spry 1
mongs 1
Huns 1
Throw 2
nearest 6
sample 2
leprosies 1
conjecture 10
Mentone 1
latten 1
blest 2
thousan 1
sluggards 1
boastful 1
Troy 1
smartness 1
echoed 11
tread 10
established 5
bedewed 1
washed 15
shines 2
applicant 1
fiend 34
extend 1
flowered 1
Ghosts 3
collecting 6
mainland 2
scrawl 2
maintogalans 1
Harry 180
saltire 1
EARNEST 2
garrulous 1
infringement 8
B 31
bewilder 2
commences 1
Wert 1
WHACK 1
profundity 1
nabob 1
summersets 1
barelegged 1
deal 63
clamped 3
subsisted 2
fingered 2
Chickens 1
divorce 2
gitt 1
stalactite 1
yours 34
egotism 3
liking 5
campagne 1
slut 2
festooning 1
grisly 3
induce 10
musical 6
reality 28
anatomize 1
plug 7
massive 7
pleased 55
Rosalind 5
pomp 8
reassured 1
serape 1
victim 26
similarly 1
fortunes 6
ungazed 1
carcase 2
comprehension 1
enraged 4
mufflers 1
indulge 4
ashore 26
cluttered 1
genii 1
maow 5
rair 1
panelling 1
sidewalk 2
permitted 22
read 170
handed 24
galvanised 1
LIMITED 24
experiments 4
illness 12
resource 6
recommence 4
halfway 6
XLII 2
Rogers 18
rubbishy 1
Hesitation 1
habit 24
lisp 1
Behold 2
cornered 2
hain 74
shinning 2
fumbling 2
Charing 2
manners 28
housekeeper 5
displaying 34
parent 5
active 22
trembles 1
speech 37
abashed 2
insolence 2
suits 17
Suddenly 38
saloon 1
admirer 1
wears 4
destroy 44
nodded 12
withstand 4
sincerest 1
merrily 8
disentangled 1
doctrinaire 1
deyselves 1
Ryo 1
messages 1
sort 98
Barbi 1
ices 2
tryin 3
cleanly 1
occasions 6
steady 16
Harmony 1
roved 1
Bradstreet 12
true 157
examines 1
remote 9
undisposed 1
feelers 1
particularly 28
divan 6
glanced 53
adequate 2
speedy 2
underbrush 1
certificates 2
SEND 8
Kelso 8
avenue 9
compassionate 3
sooner 27
flourish 1
machinations 4
twentieth 3
viol 1
discontented 1
dominions 1
recompensing 1
lenses 1
donation 8
realities 1
jeering 1
bowels 1
commercial 9
unequalled 1
hunk 4
Meredith 1
manuscript 7
statements 11
Hermes 1
objections 6
journals 2
planter 1
continually 31
thoughtless 5
humbug 3
stimulated 1
tole 6
Kneels 1
scarcely 35
rougher 2
Blackbird 2
CROOK 1
women 125
arabesques 1
Preachin 1
questionable 2
inscrutable 1
Algernon 271
folded 12
western 2
Ridgeway 1
teams 1
attentive 5
roaring 7
mashed 1
documents 1
Lloyd 1
How 269
calculate 8
agony 38
outstretched 7
betrayed 6
conversations 3
WELL 6
anyhow 3
jewelry 1
finished 60
identification 8
mopping 1
footprints 1
wherever 24
shut 94
docile 2
unnerving 1
Serious 3
detested 7
drag 10
spangled 1
wax 4
keenness 1
despite 10
saving 9
excellent 37
hells 1
goggles 2
innocent 52
splendour 6
sock 1
overworked 1
locust 1
rate 52
climax 2
cashmere 1
general 32
jailers 1
ministers 2
Pay 1
tacked 1
comical 4
hunderd 1
chagrin 2
firemen 1
Yesterday 7
pardoning 1
reasonably 2
palace 43
irksome 7
crystal 2
dove 18
candles 20
outstanding 2
avenged 1
flared 1
Sooner 1
lump 10
Goodnessgracioussakes 1
deceiving 4
helpless 11
daughter 151
trooping 1
fired 6
Stop 17
calculations 1
flour 5
fighting 12
fee 70
mannerism 1
fitter 1
holder 40
soupir 1
disappeared 41
Nay 10
mates 2
darkest 2
Fight 1
until 228
times 160
villa 7
utility 3
heartily 14
heed 4
Thumb 4
Nichols 4
colonies 2
Bakers 2
waves 31
Lynch 1
Cler 2
chuckleheads 2
Boswell 1
sights 6
Hereupon 1
millers 1
Kill 4
librarian 1
supposing 4
Alfonso 1
flutter 3
grievance 2
persuasions 4
irretrievably 2
Hellenic 2
bug 11
foreman 2
steered 1
dey 71
disputatious 1
quitted 23
infuse 1
interpretation 2
wren 7
Countess 8
watcher 2
Baby 1
stairs 60
disinclined 1
Dukes 1
TOO 1
groans 10
romanticism 1
locus 1
petal 1
cabinet 5
disorder 2
acrost 4
Misto 3
loosed 1
departure 22
travel 20
spectacle 12
potent 2
exhilarating 1
neologistic 1
distorted 8
unearthly 3
perpetual 6
shan 7
desperation 3
merrymaking 1
Traveling 1
unsuccessfully 1
sweet 67
robbed 9
Joan 1
admiration 21
foe 4
scole 1
elapse 1
tom 1
farther 35
lug 2
mesmerizing 1
insist 10
courts 4
chromatique 1
hemisphere 1
comer 2
robed 1
nay 3
Letter 4
constrained 2
reflections 19
Charlotte 3
intend 15
Takes 7
hoped 33
prize 17
infinity 1
Grandeur 1
harmonies 1
stream 45
General 36
whiskered 3
Agnew 1
grumblings 1
spheres 1
grounds 14
joyeux 1
pecks 1
mal 1
Borgia 1
delivery 1
moving 38
Cut 3
Spinning 1
ferry 15
gingerbread 1
Beryl 2
replace 13
class 23
draggled 1
churning 1
weepon 1
Destruction 1
unperceived 3
rider 1
recited 3
playmates 1
speak 124
anxiety 24
shame 38
unromantic 3
vague 22
accursed 5
cock 18
scurry 1
shallow 21
registered 16
speeches 1
brain 32
enchantress 15
Leant 1
unadorned 1
esteemed 4
unhappily 2
flickering 7
gin 2
bulging 3
prairie 1
tinted 10
recollects 1
tavern 17
insect 6
discomforting 1
Vain 1
intervals 10
Mildew 1
aluz 1
slitting 2
handkerchief 33
sentimental 4
extra 4
agents 1
avowal 1
Aha 3
hearing 33
TABLEAU 1
Whenever 7
Zipangu 1
PINK 2
bars 13
frost 10
pooh 1
Found 5
fancied 9
dreading 3
BANDY 1
Heel 1
lovinger 1
October 4
Already 2
Leviticus 1
Conference 2
Detectives 1
outcry 2
conspicuously 2
Failure 1
swagger 1
amount 18
Whack 1
shares 1
spoils 1
adduced 2
expend 8
Cloudless 1
blindly 1
prognosticated 1
afflicted 3
Emma 2
uncertainly 1
unclear 1
