prisoner 50
remnants 1
grossest 1
Foolish 1
greenroom 2
upon 1034
quiet 75
pepper 1
shambled 1
Herbert 2
ropemaker 1
Hearing 1
synonymous 8
Cortes 1
flabby 1
onions 1
Self 1
father 540
syndic 1
Done 4
Nonetheless 1
existence 44
whose 161
reminiscences 1
bouquets 1
whu 3
debts 9
poor 270
drunk 49
Cenis 1
mists 3
tailors 2
blood 112
buzzed 5
soothed 8
tended 2
depositing 1
solicited 2
queer 5
nineteen 3
obtained 10
act 57
closer 12
dronings 1
Comfort 1
lynching 2
whoso 1
isn 28
secondary 3
duller 1
Damn 1
House 24
Fashion 1
restorative 1
whittling 1
thanksgivings 1
baptism 2
perfectly 100
mountains 52
venomous 2
pitchers 1
heathens 1
Thrashing 1
obsessed 1
seats 9
spending 2
Lone 6
shuttered 3
calf 21
belted 1
German 34
shred 1
illuminated 6
cot 2
execution 9
clematis 1
instances 2
Cosmopolitan 3
blast 12
monarch 1
plannings 1
missis 3
vegetation 1
waverer 1
Bring 5
Resist 1
foulest 1
moulded 2
thrashing 3
notorious 3
caustic 1
moonless 1
Pennsylvania 1
accuser 1
Susy 2
Cambridge 1
mechanically 2
differing 1
Total 1
Elias 3
thoughtful 10
representatives 1
Lordy 6
unconsciously 3
Death 9
epithets 1
leg 49
Stern 1
Happy 4
Honor 2
Flora 8
belongings 1
gourds 1
scanned 3
countless 3
discourage 2
slums 1
whispering 11
dispelled 1
adorn 1
increase 8
flowerlike 5
Devereux 5
untamed 2
engaging 4
instants 1
watered 4
clumsily 3
borry 2
KORBES 2
itching 3
spectral 1
agonies 5
grocer 1
rare 10
solemn 28
hungers 1
interference 1
requisition 2
ridiculously 2
customarily 1
provisions 14
Hospitality 1
Captive 1
flank 1
genteel 1
smuggled 1
lithe 3
bared 1
preforeordestination 1
Rubbage 2
muse 1
well 508
Rises 2
staccato 3
Fog 1
addition 10
Lacenaire 1
mutability 1
Curdken 13
unbreakable 1
lure 1
prophesying 1
Potter 55
madam 17
Hullo 4
Deserted 1
deportment 1
prices 3
territory 1
principal 22
this 2046
beams 2
logic 2
productions 2
avowed 1
Lina 12
besieged 1
refashioned 1
livin 1
Our 43
worth 69
warring 2
reconcile 1
Rewards 1
amateurs 1
Shet 2
wheeled 2
possession 35
EXPRESS 8
Lear 2
Waits 1
surmise 2
tube 1
sharing 12
behold 21
posing 2
implicate 2
teaspoonful 1
tracing 2
collect 9
NUTS 2
leisurely 1
blowest 1
Grimesby 8
balcony 6
borrowed 11
jewelled 9
wormed 2
contain 20
loses 4
Picture 4
salary 8
risks 2
prone 1
ormolu 1
threadbare 2
Nations 1
sleepiest 1
accent 7
Daytimes 1
Slipping 1
puzzled 16
tods 2
Sawyers 1
mutinous 1
wrists 4
descent 6
lawgivers 1
performs 1
attorney 2
signified 1
we 1874
Sixtus 1
passed 232
insurance 2
boldly 4
TRULY 1
voraciously 1
enticed 2
lection 1
Coburg 9
mousseline 1
transcription 8
Illness 1
deceit 3
Frank 20
unexpectedly 1
deserted 15
cussing 14
silhouette 1
sod 1
NIGHT 4
kags 1
lifelessly 1
Crewe 1
insignificance 1
five 159
immediately 49
stabbing 1
ers 5
provoked 4
confirm 6
histories 2
lunatic 2
Dummy 1
surest 2
cooler 1
consideration 21
existed 7
fleet 1
grating 7
beauties 5
missing 24
Warn 1
Boun 1
inferences 4
Riverson 1
cleared 33
munificent 2
scorned 2
swish 1
Smarty 2
eyes 475
southern 6
enslave 2
galloped 4
Peasant 1
ripped 4
Marks 1
forbearance 1
obnoxious 1
Bayswater 1
fast 115
apple 45
attacking 1
counted 15
befell 2
Tommy 2
skips 1
gethered 2
prosecuted 1
Treasures 3
lean 16
resist 8
redeem 2
perceptions 1
woody 4
scrouge 1
perplexing 1
darted 11
frank 5
Village 1
dowagers 1
accounted 1
complexity 1
embassies 1
holler 3
Ominous 1
Ku 2
demonstrate 1
annoyed 19
safety 20
fitted 13
rabbit 6
erred 2
identity 2
books 51
Peace 2
Immediately 3
access 85
admired 9
Kent 5
patronising 1
ANY 24
unkempt 4
Logic 1
meetings 4
Picks 4
doctors 5
objected 1
bewitching 1
stifling 2
pulled 61
flurry 1
nigger 171
indelibly 1
Nowadays 4
miraculous 3
indoors 4
Hugh 4
impulses 4
Down 7
Depart 1
Affairs 1
compromise 1
moonstone 1
repose 12
Benny 1
purchasing 2
arrayed 1
solemnized 2
divinity 1
brooding 3
Six 7
torchlight 2
Fallen 1
predominated 1
nobby 1
crescents 1
beer 21
rumbling 3
elephants 6
sunning 1
characteristics 4
printed 25
ensure 3
police 54
viler 1
menial 1
Relationship 1
dual 1
grunting 1
weave 6
loathing 11
Over 6
entreated 10
whereon 1
cowpath 1
wan 3
ole 23
earshot 1
mice 8
Oct 1
profitable 1
crudest 1
hurled 6
drowsed 1
unspotted 2
nourishment 4
grouped 1
Anabaptists 1
Roun 1
copier 1
solemnities 2
door 590
hurriedly 15
brambles 1
imposing 5
accused 17
asks 6
anvil 3
chronicles 1
element 7
aims 2
suck 4
Museum 2
slice 6
apologize 1
immersed 1
dipper 1
soliloquized 2
initiation 2
writes 10
foun 2
bidder 1
Midnight 2
calmed 6
goody 5
impressiveness 2
gull 1
innumerable 7
topazes 1
shawled 1
darking 1
profession 15
chapters 1
apparently 20
cunning 14
teaboy 1
suddenness 1
sparkled 10
tape 1
motors 1
wreathed 1
fatal 24
mutable 2
swaying 1
Reveals 1
delighted 29
toil 8
Pic 1
alternate 10
Rupert 1
Goodness 3
griefs 3
allurements 1
have 2981
brandy 11
Mall 2
Perozes 1
imprecations 1
smarter 2
Tramp 1
desks 1
vine 1
joint 4
pestered 1
attrition 1
Prize 3
flashing 4
width 1
honoured 1
wharves 2
etc 7
hauling 1
leap 4
shrugging 1
reminded 9
foundations 8
Star 7
surmised 1
chef 2
pilgrim 2
transversely 1
curse 16
inhuman 1
launched 1
WARRANTIES 16
deposed 4
unbending 1
singer 2
nostrils 14
eventide 1
Adventure 6
colossal 1
cent 11
Burgundy 4
rolled 44
cultivating 1
glidingest 1
mocking 5
awaking 1
destruction 24
Dog 2
risers 1
heard 459
iron 45
battle 12
erroneous 2
unkindness 2
Wilhelm 3
Simply 1
intimacy 4
acting 25
Audley 2
misty 1
treading 3
reporting 1
Imagination 1
spy 4
dulls 1
Inspired 1
Explains 3
McCarthys 3
askance 1
goods 11
fancier 1
ethics 1
Lamp 2
emblem 2
sparks 4
Thinking 2
piled 9
contrived 6
resolution 17
display 10
wasted 18
downstairs 17
soared 2
stage 27
protectress 1
contortions 2
blacker 1
crackling 3
portly 3
stained 20
triumphant 3
seize 10
Curse 1
chiefs 1
surprises 1
scolded 9
portmanteau 1
x 1
Prevention 1
Faithfulness 2
prosperous 3
briskly 6
kissing 2
Jem 4
piracy 1
shrivelled 2
attics 1
overcharged 1
Scepticism 1
abortive 1
MY 4
stalwart 1
fishing 19
northwards 2
SNOWDROP 2
pips 10
shaken 10
acquirement 4
Rushing 1
confirmations 1
flinging 3
nightcap 2
several 114
huffy 3
soughing 1
wigs 1
misanthrope 2
examining 11
geography 5
boun 1
Bitter 2
extinguish 7
Philostratus 1
earnest 17
Web 24
Symbolistes 1
reserve 7
countenances 9
menaces 2
materially 1
midday 7
handwritings 1
regretful 1
omens 1
EVEN 8
Marlow 1
decreed 2
illuminate 3
chaff 1
likelihood 1
self 74
sickened 7
Instead 3
ankles 2
skinned 4
realms 1
Handcuffs 1
blown 9
pensive 2
blouse 1
crawls 2
rocked 4
calamity 4
Crudely 1
devil 39
corners 8
attracts 1
sneaking 4
addressing 2
burned 15
kit 1
Station 8
worried 8
excluded 3
irritability 1
trunk 15
Navigation 1
caterwauling 1
goodness 48
considerble 4
shaving 1
hero 17
overdressed 3
unmoved 2
alert 3
rumour 1
there 1865
somewhat 38
chuckling 1
reveals 3
NOTE 2
rogue 3
antennae 1
Puts 5
copied 18
Cap 26
somewheres 13
scrabble 6
scraped 4
Archie 1
ccx 1
sway 4
Enough 2
sausages 3
jay 1
Useful 1
requires 7
Faun 1
unallied 1
smokes 2
creditor 1
Aldershot 1
done 511
short 97
animation 8
impotent 2
arise 15
grumble 2
sacrament 1
valleys 1
host 9
arts 10
Ye 3
jes 2
collection 41
lane 18
Harrowden 1
skipped 7
ceremonials 1
Belgrave 3
pierced 12
ker 1
policy 2
Langham 1
misses 1
posse 1
imaginative 1
glorious 10
Aldersgate 1
composition 2
Divorce 1
consume 4
spitting 1
copious 1
Forgive 5
Jimmy 2
inherited 5
waters 18
Saleve 4
twigs 1
impulsive 1
tomfoolery 1
Horsham 10
Point 3
thrown 48
sofas 1
unemployed 1
stupendous 4
lofty 7
fetches 2
bricked 1
brag 1
beg 45
chosen 16
gospel 3
im 3
Basket 1
dug 19
lis 2
heal 1
usual 54
aback 2
loved 91
swiftness 5
mischances 1
tolerate 1
Police 1
gentlemanly 1
forestalling 1
sentinel 1
wretched 35
Lady 199
Courage 2
happening 9
stalks 2
McQuire 1
desperately 2
interrupted 15
difficult 31
sufficient 33
impediment 1
Beaufort 7
benediction 2
Applausive 1
surfaces 2
furnishings 1
my 3741
stereotyped 2
stimulus 1
scratching 4
upper 23
minute 135
Mysticism 1
shining 31
raspberry 1
ourn 7
dis 17
twinkled 4
bereaved 1
rewarded 3
Bondage 2
manfully 1
mirth 3
opium 16
charmingly 4
maids 4
granting 1
recitation 1
respite 4
education 14
stick 47
uncomely 2
doomed 6
tops 6
blocked 3
deer 9
noisome 1
encountered 3
sewed 10
ensue 2
masts 2
Bewailing 2
mumble 3
rust 1
harm 53
rearranging 3
ostentatious 1
confided 4
lash 7
disown 2
Conscience 5
paths 6
meanly 2
breakfasted 1
fondled 3
Exhaustion 1
Stripes 1
skurrying 1
frequent 8
hooks 9
extent 16
fling 6
slackened 3
Elsie 27
elected 1
shutters 14
vagabond 4
trash 7
progressively 1
middling 4
Yo 1
Something 18
steam 9
gliding 4
bishops 1
thickening 1
ardent 11
singeing 1
eagle 7
carpeted 2
linsey 1
sending 14
froid 1
Cincinnati 4
ghostly 2
mahogany 3
ripper 3
frolicking 1
footstep 1
changeable 2
nd 6
down 1399
trout 1
dadblamedest 1
superabundance 1
begged 44
pitch 10
riddle 1
hooting 2
mingled 7
Says 15
stains 7
metier 1
This 382
earlier 13
gal 4
has 797
Somehow 4
frolick 1
cargo 2
indisposition 1
stagnation 1
hove 10
million 10
Coronet 2
grand 25
inhabited 12
gittn 1
druther 9
afternoon 65
Smyrna 2
rascality 1
corresponds 2
resided 6
Cornwall 1
wines 1
accessible 8
relating 1
Door 1
Anyways 2
theoretical 1
broadest 1
Fifty 1
infer 2
Calling 1
prate 1
clenched 4
precipitated 1
Southampton 3
laborious 4
uttering 2
thunder 25
Hurry 4
Recovering 1
gloss 1
raised 62
constant 19
notice 73
hesitating 6
sunflowers 1
canonical 1
apply 21
among 132
Maybe 18
storms 3
sales 2
village 111
Goshen 9
selling 2
dollar 15
Gregor 298
easy 117
stress 3
malady 4
fiddler 11
tain 6
humpbacked 1
Under 10
duet 2
faculties 8
dang 1
slap 3
blindfold 2
dozen 32
forefeet 1
Anna 2
Amidst 1
bite 13
Powerful 2
tucked 5
Sixteen 1
dono 9
Velasquez 1
Branksome 1
dimmed 4
trinkets 3
movements 6
threw 110
dandies 1
snoring 16
vices 5
dew 7
omened 1
effigy 1
thump 2
void 11
damp 13
distinguished 11
Rucastles 4
ticket 9
intensified 5
billows 1
combinations 1
fate 38
monstrance 1
insupportable 3
Chesterfield 1
eddy 1
Accursed 1
haggled 1
bullyragged 1
swang 2
wet 24
respectability 4
feverish 7
glut 2
thirds 2
referring 1
Janeero 1
mournin 2
chambermaids 1
Latin 1
waving 8
willing 30
ll 633
crumpled 4
hay 14
masterpiece 5
waltz 3
exhortations 2
penetrate 6
Baton 1
Burkey 1
foolhardy 1
light 267
perfumed 1
Air 1
idle 17
Partlet 17
Matilda 1
ARTHUR 1
adventuress 1
heap 20
infancy 4
doings 3
plate 31
Live 3
RUMPLESTILTSKIN 1
Simple 1
first 541
jerking 3
poignant 3
Malatesta 1
Haines 4
astonished 22
Thomas 29
encore 1
Chanticleer 30
simpletons 1
affections 11
fiction 5
waited 87
TREE 2
yellocute 1
withdrawing 1
credited 1
narration 5
owl 8
slapping 1
When 557
mothers 4
Monsieur 4
war 19
sleigh 1
lurid 3
Lucerne 2
Rotterdam 3
entombed 1
fencing 1
tingling 4
materials 9
slaked 1
softest 1
Bowing 1
smokeless 1
excavating 1
painfully 12
We 493
US 2
mercy 14
cries 8
money 278
caroused 1
imprecate 1
proportion 5
entertainment 3
suffered 41
Bunburyists 1
exasperated 2
calamities 1
frogged 1
skirmishes 1
ray 4
superintendent 8
ancesters 1
mature 1
truths 1
outbreaks 1
Remarkable 1
Edgeware 2
stripes 4
contagion 1
straight 99
comparatively 4
country 211
PEASANT 2
hadst 4
blistered 2
ejected 1
expressing 1
looks 81
virtues 17
freezing 1
proportionate 1
tugged 8
gangs 1
gables 1
doigts 1
disgrace 9
neighbor 3
multifarious 1
nag 2
seeded 1
tackled 4
fail 18
infamous 4
painstakingly 1
warranties 8
breaks 5
Went 2
creeps 2
creations 2
climbed 21
streak 14
Hopper 1
hardihood 1
Munich 1
marshal 1
Wonders 1
Camees 1
intoxicated 1
implicated 2
streaming 5
fated 2
Mutiny 1
lopped 1
jaded 3
gutters 1
Admiral 1
Peter 30
shoveled 1
ungratefulness 1
Louisville 2
flicked 1
proposal 6
seek 45
flung 45
repent 4
furniture 29
Hans 119
Suits 1
mob 6
create 13
Alphonso 1
rudder 2
entering 14
ante 5
footpaths 1
curb 1
flustered 1
bothering 6
striving 2
spirits 59
Drury 3
domain 56
l 9
knotting 1
thicker 3
GRISLY 2
Emperor 1
slippery 2
governor 3
unfailingly 1
vow 6
Believe 3
voice 202
gives 29
laughs 3
Dr 69
striding 4
cistern 1
camel 1
bandage 5
Tourneur 1
mathematics 4
War 3
network 8
Strange 3
June 10
indelible 2
propped 5
monosyllables 1
elaboration 1
transfigured 1
lily 1
diabolical 1
sleek 1
uncocked 1
Dore 1
Clasps 1
parrot 5
Raftsman 1
final 8
privacy 1
reverie 5
fosterage 1
caterpillars 1
Armitage 3
chamberlain 3
downstream 1
Isaacs 4
Understand 1
troop 7
poison 19
jowl 1
Using 1
Me 2
came 900
wings 22
recollected 4
frightened 56
Niel 1
watched 70
drifted 12
canons 2
anguished 1
incomplete 13
analyzed 2
XXXV 4
Miss 291
Hallo 3
entranced 1
reassure 2
tearfully 1
politeness 2
giving 35
tone 21
lead 52
scope 4
hammer 2
aspire 1
wiping 4
rattlesnake 8
stupidness 1
superstitions 2
Gold 7
performance 11
frightfully 2
saphead 1
exchanging 1
beckoning 2
drearily 1
butter 28
savour 1
leaning 28
beware 3
jingling 3
Woolton 3
articulate 4
sixteen 12
cows 9
Leaf 4
cherish 1
Henceforth 1
neighborhood 5
Return 1
expanse 3
High 3
Demoralized 1
America 22
velvet 9
Best 3
same 323
jump 24
fagged 5
squarely 1
Playing 1
uniform 21
threading 3
macerated 1
solicitor 2
young 365
Felix 50
Glorious 1
plasters 1
eat 162
Montanvert 2
unstopped 1
Jersey 1
wedge 4
coolness 2
livid 4
Shipping 1
dragged 34
deef 6
Cobb 1
clearly 36
Science 3
Prometheus 2
miles 56
avidity 1
farmyard 1
satisfied 71
portico 2
Petit 1
confessor 2
listenin 1
teased 2
level 13
perching 1
wishin 1
Lazy 1
huffed 1
Horrid 3
Looks 3
brickfields 1
Johnny 9
fuddled 2
patients 3
grit 4
Sereny 3
Until 4
stomacher 1
compliment 9
Meanwhile 9
crisply 1
Dark 3
factory 2
disappearance 14
quickening 2
tents 2
Shows 3
mariner 1
curt 2
Thrust 1
economy 1
fair 55
herds 1
blammin 1
silences 1
Thirty 4
teponaztli 1
chains 13
bunches 1
idiots 2
shipwreck 1
takes 46
claim 35
fasting 1
responsive 1
lied 4
snack 2
Scarlet 3
circle 24
nevertheless 13
looky 9
Watermelon 1
Penrod 1
serviettes 1
Churchill 1
matched 2
traversed 9
resis 1
cowhiding 1
REMEDIES 8
Conqueror 3
enmity 1
untaught 1
Bots 5
bait 3
tradespeople 1
descriptive 1
mineral 1
introducing 3
ventures 1
loading 2
hurrying 12
consult 10
pathetic 8
Date 9
tired 84
click 5
legible 2
cottagers 23
Reuss 1
plenty 48
schemes 1
skifts 2
Hang 2
Guide 1
careless 4
faculty 3
insensibly 1
handsomest 1
benevolence 7
shorn 1
Scratch 1
contour 1
unlawful 2
directed 17
relinquishing 1
consulting 4
bloc 1
mustard 1
slanting 3
consists 4
spoiled 18
Reserve 1
hovering 1
ostentation 1
wonders 11
bubble 1
conjectured 11
Schemes 1
flaming 4
merchantman 2
noted 5
Hypocrisy 1
ineffectual 4
vigorous 2
Hurrah 1
saddish 1
entries 2
geniality 2
shet 5
death 200
handle 17
Quinze 1
very 1088
decolletee 2
jokes 6
Moore 2
forecastle 1
chasm 1
blotted 5
darkened 8
junk 1
Between 7
spies 3
phrenologist 1
whipping 3
N 1
restrain 3
Menendez 3
again 864
Armada 1
eastern 3
kin 14
Precisely 12
highest 22
spent 61
rooms 49
refrained 3
forwarded 1
Browning 1
distressid 1
objects 14
insolent 3
hanging 59
assurances 1
dolphin 1
honor 8
Jericho 2
consultations 1
foller 2
description 17
conveniences 2
lends 1
puffed 4
zigzag 1
distracting 3
closed 69
quiver 4
bondage 1
quaking 4
creetur 1
Eglonitz 1
Rouge 2
whip 11
carnations 1
Klan 2
yotl 1
torments 3
farewell 3
wealthiest 1
wounded 20
Rather 3
reason 109
dagger 4
redress 1
proportionably 3
temples 2
Talk 5
pitying 1
Finns 1
finer 9
phrases 2
nightshirt 1
Bloomsbury 1
civilised 2
narrative 16
furrows 1
womanhood 1
imperturbably 1
cigarette 31
states 39
cinders 2
Sidney 1
Boyhood 1
sows 2
wheels 21
Williams 9
notch 1
Whitechapel 4
Ocean 4
squeak 1
effectually 1
recalled 7
Whose 8
mint 1
sitz 1
P 7
between 154
prognosticate 1
Drawn 1
under 381
amethysts 1
warmer 2
Tintern 1
clasped 8
befriended 2
dictionary 2
scooting 1
wayside 2
dukes 7
prompt 9
score 2
Writing 1
merely 72
counties 4
welcome 13
waist 3
rest 186
ICHABOD 1
befo 2
ignorantest 1
smouched 3
gipsy 1
clowns 1
wending 1
Moving 5
lorgnette 1
boot 11
dark 205
pioneer 2
Hither 4
gorged 1
whar 1
test 16
Asleep 1
engagements 4
Hotel 6
slavery 10
captive 4
afeared 2
alluring 2
veil 18
Attica 1
turbid 2
hideously 2
farthings 1
undergoing 1
tied 47
English 47
degradation 8
film 5
buying 4
assuredly 5
candlesticks 1
astronomy 1
Egria 1
permanency 1
bathed 3
boil 2
chippered 1
Archive 104
expresses 1
nibbled 2
plasterwork 1
boon 7
cabins 5
Troubles 1
huzzah 2
sex 8
runs 10
se 1
aunt 68
devotion 6
knowledge 54
Statue 1
feathered 2
Hertford 2
Phelpses 1
offense 1
pleasant 43
furiously 6
bang 6
expects 1
yet 383
energies 2
luxuriant 3
Piece 6
Rising 8
possess 12
choicest 1
bidden 1
notions 1
Law 1
infatuation 2
sold 34
Australian 3
wise 21
hovenia 1
outhouse 2
instruction 4
flaw 2
subscribe 8
joy 126
hoarser 1
laces 3
camped 1
weedgrown 1
scufflings 1
go 947
Gorgon 2
splashed 6
liberated 2
feature 10
Everywhere 2
bogus 1
whenever 38
unwisely 1
turmoil 3
granite 3
hardships 5
bottomed 1
Scene 2
satisfactory 18
whiles 1
Pain 6
oaken 1
staggered 11
flannel 2
contrast 16
symphonic 1
recover 6
goats 1
desirous 5
hastily 13
insatiable 2
guardians 3
thickly 4
tenderest 2
scythe 3
TWO 2
apparelled 1
Scotland 18
habitable 1
gardens 4
whoever 16
sharpened 2
Baldy 1
them 1641
director 3
fascinations 1
rebellion 2
corridor 16
intent 6
hopefully 2
national 3
Pope 5
tanner 2
exhaust 1
Frenchman 7
Elder 1
risked 1
botch 1
Gravely 2
incident 18
Examinations 1
daisy 3
twinkle 2
Meditates 1
Mission 8
facade 3
draw 53
pounce 1
LIGHT 2
trove 1
Proceed 1
deceased 6
maddened 2
Montaigne 1
Welcome 2
names 54
culminate 1
sapphire 1
Spot 1
donjon 1
latch 11
quail 1
twyste 1
improve 4
thunderstruck 1
monotonously 3
Aberdeen 2
coverlet 1
Hare 5
Ope 1
flavor 1
Greenland 1
assemblance 1
Wild 1
telegraph 1
presented 25
rash 4
perished 5
invigorated 1
instigated 3
planed 1
Jump 6
date 29
leading 20
will 1454
taunt 2
counter 2
doted 2
negligently 1
napped 1
situation 40
tiny 6
Genevan 1
quarry 4
Giambattista 1
ruffled 4
likeliest 1
Schubert 1
doubting 1
disregarded 1
filled 78
inmate 1
Kirwin 13
uncontrollably 1
Crabb 4
halted 5
coughing 4
neighbourly 1
ounce 2
abandoned 13
briar 2
pang 7
adventure 28
intricacies 2
lassitude 2
capitulated 1
Snowdrop 34
moistened 1
owes 2
imbibed 2
tragedians 2
seegars 2
Battle 2
moonlit 1
afford 19
vanquished 2
deffisit 3
prattled 1
Often 9
groping 6
compasses 1
dubbed 1
Campbell 28
EAT 2
Clergy 1
Burton 2
Blest 2
odds 3
convoy 1
calling 25
Marco 1
fulfilling 1
agile 1
Goring 1
coroner 11
Slowly 3
packed 16
maidy 1
woodwork 1
Caliban 3
remaking 1
factories 2
commands 5
isolation 1
dreamless 1
swerved 2
twitched 4
healing 4
fumes 3
scanty 2
hysterics 1
untying 1
sill 8
disks 2
lathe 3
impudent 3
commissionaire 4
welfare 2
inspiriting 1
cuz 3
temporarily 2
eightpence 1
unveiled 1
gold 175
banging 4
dully 2
coveted 2
Round 7
Friar 1
sprays 1
feel 220
any 1062
Deed 6
AGREE 16
betook 5
cunningest 1
amost 1
Sand 1
email 17
enkindled 1
allows 1
claspings 1
suppers 1
worl 1
aggravated 1
locate 1
Last 17
confusion 8
hundredth 1
underwent 1
budded 1
hewing 1
furder 2
danseuse 1
tossed 23
dishes 10
mournful 14
courtiers 4
plied 2
Stuck 2
wealthy 5
cruelty 18
everywhere 16
Hicksville 2
throw 72
conductors 1
Go 47
rising 32
caged 3
typewriting 4
Mysterious 1
endeth 1
disclaim 8
miss 32
deliverer 7
nipper 1
crossing 7
preached 5
cab 28
swans 1
remanded 1
baying 2
Cal 1
pecker 1
From 59
abandons 1
attractions 3
Cook 1
Holler 2
moping 1
vultures 1
declared 11
sighed 24
masses 3
interchange 2
sowed 1
Bang 6
querulously 1
pantry 3
snuffling 4
upbraided 1
ringtaw 1
lids 9
independence 2
fright 12
praying 4
partner 6
drafts 1
outburst 1
Spoiled 1
rubies 3
depicted 1
accessory 1
Worthing 64
confessed 17
Follows 1
acknowledged 1
skilful 3
quavering 1
canopy 2
Brandon 6
convey 9
vanished 28
basest 1
limited 19
intellect 13
seldom 18
covers 4
imbedded 1
absently 1
odor 1
Arden 2
Delighted 1
Winchester 10
holy 4
blythe 1
detailed 1
Pursuit 1
found 558
rail 7
cottonwood 4
lapel 2
lecture 11
precipice 5
relates 4
Clah 1
themes 1
measure 7
pig 22
thorns 6
unbeaten 1
dances 1
aren 2
TIMOTHY 1
unseal 1
equality 2
stanzas 2
Cursed 4
reiterating 1
yearned 2
confined 12
framework 1
ballroom 1
case 188
partly 20
rave 1
applying 2
methods 21
Sweet 3
tendency 2
fiddle 11
sprawlin 1
Freemason 1
thankfully 1
Enter 34
essence 3
consolations 1
aside 34
justify 2
dogged 1
Oscar 6
slower 1
Actual 1
baffled 6
CAN 1
hopelessly 3
myriad 3
Twice 8
abyss 1
smashing 2
distances 1
FITNESS 8
successful 10
sedulous 1
fervent 2
unavailing 2
rises 5
raking 1
reigned 12
dissipated 1
dealing 2
thresholds 2
peep 7
safes 1
Mosaic 1
omitted 3
astray 3
chaos 6
Sister 14
Maggie 2
reproaches 3
critic 1
Induced 1
resurrected 1
ranges 1
Leonora 1
dominates 1
unquenched 1
deserved 6
exclamations 2
braying 2
ladder 30
saws 2
mews 3
Northern 1
ring 74
Scala 1
footfalls 2
victory 10
brethren 3
Wonderful 2
typewritist 1
cubic 1
hypocrisy 3
ethical 4
imagined 12
touchy 1
revolting 2
D 24
Henri 1
anybody 132
handful 9
drops 17
pate 2
Vengeance 1
cellars 1
comments 1
Southwark 1
alls 1
languid 6
punches 1
build 7
advice 39
him 3585
nocturne 2
scalded 1
sent 111
cheroot 1
inroads 1
attend 12
chimbleys 1
Brabantio 1
intimidated 1
crawfished 1
Moulton 5
Riario 1
bric 1
elevate 1
halo 1
withdrew 3
Unlike 1
ruthless 1
marshy 1
thief 18
tips 6
organisation 2
constructed 5
decipher 1
fattening 1
older 24
cornucopias 1
PICTURE 2
concern 14
Tokyo 1
ringing 6
falsely 2
continuing 2
Lawyer 1
Tearing 1
prentice 1
food 75
luncheon 4
manifold 2
unacquainted 5
clap 2
enlarged 1
Plenty 1
plank 12
calves 2
Attending 2
mulatto 1
world 309
pedestal 1
pantings 1
mend 2
Solemn 2
over 1028
neighbours 11
enflent 1
acquitted 3
admire 10
formerly 10
babe 1
calmly 13
reasonable 18
ague 1
spliced 1
Rooms 1
bowie 3
greeted 2
bride 63
Knowall 4
ruffians 1
moisture 3
flow 10
sinners 1
independent 5
fragment 8
farm 12
wiliness 1
Kywitt 16
heaves 1
bloodstains 2
injections 1
teller 1
Auntie 3
tickled 1
Secretary 2
propose 18
devoured 9
appreciate 6
ends 10
gondola 1
Circulated 1
hinted 4
express 16
sweetened 4
powerfullest 1
Armour 1
accosted 2
Plain 16
four 143
Cathedral 2
organism 1
shapeless 2
learn 80
heading 6
trimmed 4
intervened 1
shivers 2
braver 2
breadth 2
sobered 1
saddles 1
mused 1
able 116
pretence 5
images 7
spongy 1
stoutness 1
drunkenness 1
Genevese 1
jaw 6
Think 10
sledge 13
fortifications 1
Evidently 3
amazement 13
thrust 36
removal 2
favor 3
form 112
dwelt 7
truly 10
peacefuller 1
allowance 4
Spanish 13
fatality 6
tranquillized 1
disgusted 5
Spectacle 1
v 1
zero 2
adds 1
bight 1
pollen 1
determining 1
mumbled 4
restraint 3
Orkney 1
snarling 1
Georges 1
sincerity 4
answering 9
master 100
valet 14
junketings 1
says 686
arm 73
meanwhile 5
inhabitant 1
laths 1
enviable 1
wavered 1
best 161
Ophelia 4
dig 41
smearing 2
discovers 1
spectators 4
lustily 1
thundering 1
Cedars 3
rintendents 1
trumpets 2
awning 3
gent 1
conventions 1
