indicating 11
paraphrases 1
ORANGE 1
conundrums 1
Business 3
meditating 1
ear 57
ecstatic 1
woundin 1
lovingly 1
mishap 1
Thoreau 1
lolled 1
greatcoat 1
sip 1
enjoyed 17
nervous 21
folds 5
immobile 7
heah 15
mistake 26
apricot 1
screw 3
Hesse 1
Scarcely 6
yelling 12
monstrous 37
testimony 2
Pentland 1
coster 1
natures 4
Campaign 1
Interior 1
erected 3
complexion 5
Details 2
brac 1
perambulations 1
clip 6
colors 2
brownish 1
turban 1
Marys 1
pedestrians 1
understanding 17
Road 19
assert 4
split 11
bushes 26
expectancies 1
leaves 69
changed 64
headline 1
Sawbones 1
Academy 3
Identity 2
dined 3
noticed 55
skirted 2
haven 26
Willis 4
Vandeleur 2
stopping 9
Particularly 1
PLEASE 8
waistcoats 2
leering 2
powers 22
Haymarket 1
vengeful 1
lilies 3
arrangement 4
fetter 1
interruptions 1
Asia 2
gayly 3
romping 1
protests 1
gaudiest 1
interim 1
eBook 51
built 30
politician 1
plea 1
Pulls 1
ordinary 16
profligacy 1
regretted 6
insurmountable 5
consequences 8
differently 4
buds 1
Evil 1
howl 14
mumps 8
r 15
garlands 1
wrinkle 2
projects 3
wantonness 1
wanderin 1
soundly 6
imbued 4
describing 3
enables 1
thrusting 2
barren 5
theatres 1
discussing 1
demands 2
sincerely 8
aisle 8
hypothesis 4
Data 1
brightened 1
shake 35
Supposing 1
experience 49
idolatry 3
tattooed 5
slenderly 1
Despondency 1
res 4
stagnant 1
Begone 8
advised 1
listener 2
testimonies 1
sell 38
Newr 1
version 12
coupled 1
balm 1
peppering 1
pretty 220
enrage 1
alliterative 1
Procopius 1
facilitated 1
items 2
elm 3
Consequently 1
science 40
drugged 2
chawed 3
handcuffs 1
Praise 1
commits 1
causes 7
sufferings 16
WHAT 2
jeer 2
records 8
oughter 1
Douglass 1
BEAR 2
merest 3
dead 283
Desdemona 1
tokens 1
contributes 1
Beware 3
concealed 19
standpoint 1
punctuation 1
swallows 2
untroubled 2
limb 15
Exercise 1
wilfulness 1
PARTLET 5
scorches 1
investigation 14
interment 3
sympathized 5
rim 1
pow 2
humanly 1
COPYRIGHTED 1
chewed 2
rum 1
J 4
primary 1
courage 30
adventurer 2
disturbed 27
Lysander 7
experimenter 1
True 7
layers 2
oxen 5
lemme 8
devoutly 1
bricks 7
swishing 1
dropped 79
salt 11
glaring 4
perspired 1
weight 25
onyx 1
subdued 9
hickry 3
fingers 66
eating 38
shouted 29
hazel 12
Lize 3
CASE 1
implore 3
nuisance 5
unsound 1
jogged 5
distribution 48
consisted 10
hunted 21
romances 1
Goodwins 1
MISS 1
guidance 5
treatment 19
soiled 4
destination 3
outstript 1
fences 4
Bout 2
billet 2
ventilator 14
American 19
law 51
induced 7
coasting 1
travelling 20
homely 5
muster 3
repartee 1
outdated 8
coats 6
corn 28
rabs 5
Embassy 1
legged 12
terror 55
diplomatic 1
Strategic 1
stiff 17
Alice 13
nightingale 5
advertising 2
hobbies 1
trust 49
elocution 1
jerk 1
hated 25
tarred 1
dimes 1
Frenchwoman 1
prior 2
Greek 13
winged 4
Posting 2
diadem 1
unobtrusive 1
vale 3
witched 3
petrified 1
lifted 43
bitter 37
According 2
hungered 1
chanced 5
Grecians 1
revolutions 1
wanderer 3
pallet 5
Angelica 1
boundaries 2
Pentonville 1
fidgetings 1
lightest 1
expedient 1
vigour 3
university 7
unselfconsciously 1
Hist 1
its 510
pipe 47
diamond 4
consistent 2
converts 2
warrior 2
Peterson 11
smothering 1
majestic 11
passionately 6
mittens 1
haughty 3
Dis 1
genial 8
sketch 3
laden 6
Hills 1
pigsty 6
billowy 1
gnashed 3
workin 1
trainee 1
rifle 1
emphasize 1
nations 4
metals 1
succour 2
exasperate 1
shouts 4
Drops 1
Accustomed 1
duly 2
glint 1
Signal 1
rimmed 1
macaroni 1
erysiplas 1
REFUND 8
Drunkards 1
Coventry 1
Christy 2
Worse 1
Whistler 1
wuth 2
Hopkins 4
unnecessary 8
invalids 1
sought 49
meantime 24
rifled 2
Secret 4
preliminary 4
loose 55
deserve 12
jaspers 1
measured 6
retinue 1
asked 353
fluttering 8
asleep 124
witnessed 1
oscillated 1
realising 3
valise 1
better 337
couch 30
fishes 9
spoke 104
boyish 7
revolt 2
Rhine 7
packet 3
hooky 1
sponged 2
Milum 1
hilts 1
Benvenuto 1
aweinspiring 1
fugitives 3
monomaniac 1
momentary 6
bonniest 1
ceremony 13
vitality 1
keys 13
woodboats 1
accompli 1
slavey 1
submission 2
succeeding 4
womanthrope 1
Wagner 1
satisfaction 15
huntsman 40
dwarf 62
tricked 2
considable 6
Escaping 2
slick 5
constables 4
heavens 47
prominence 1
Dumb 1
shooter 1
Westmorland 2
oppresses 1
flames 11
roe 2
Pleasant 1
chickens 8
temperament 8
Close 2
rearward 4
expected 53
murdered 44
futurity 1
TURNIP 2
Rouse 1
mastiff 2
Ganymede 1
gnawed 2
Marriage 1
enchanted 12
Disloyalty 1
select 4
dung 2
recognize 7
rude 12
Kiss 4
torches 4
locks 8
regardless 1
Sales 1
Senator 1
computers 16
couple 69
grudge 1
rends 1
earning 3
suspicioned 3
Albert 3
uncourteous 1
infinite 14
jade 2
googling 1
Hooker 6
sot 5
Arve 3
lameness 1
resumption 1
amusements 1
startling 2
distressed 6
ridges 2
wolves 1
royalty 8
Finds 1
cautioned 1
Campanile 1
Line 1
frum 1
SIR 1
Mighty 2
astute 1
Avenue 4
paper 99
Superciliously 1
enjoyments 2
boa 2
caraffe 1
staff 11
standing 117
overslept 1
NOW 2
fuller 7
reg 2
Caligula 1
disconsolate 3
catfish 5
funds 1
Columbus 1
prevent 30
eventual 1
Amazon 1
accentuating 1
Derby 1
excursion 2
Anyhow 3
smoothing 2
ghastly 16
sobbing 12
bark 18
ink 15
researched 1
Got 5
magical 4
silliness 1
milky 2
cassone 2
ingenuity 3
THEY 5
hunter 2
bugged 2
whiskey 5
other 848
Farm 11
rubbage 10
already 183
revenge 41
massacring 1
relation 8
divert 1
forfeited 1
viewer 1
now 1074
Aragon 1
nic 1
apprehensive 2
cheek 21
knot 5
Reproachfully 1
deuce 1
wronged 3
pupil 5
reputations 1
serving 3
exhaustion 3
cask 12
bristles 1
roped 2
necessitate 1
forefingers 1
Movements 1
She 625
infested 1
horsey 2
inconsequential 1
Finished 1
balasses 1
Send 5
shivered 3
plow 1
flipped 1
administration 1
never 799
aristocracy 7
Their 29
sweetest 4
lynches 1
ELSIE 2
unicorn 5
Arkansaw 6
eerie 1
pardon 18
charmant 1
amarre 1
favourites 4
torpor 2
schoolyard 2
retreated 2
pricked 7
Savannah 5
endeavoured 37
pomposity 1
transaction 3
obedient 3
Rumpelstiltskin 1
hopelessness 2
transparency 1
armour 8
stems 1
valance 1
car 1
sidling 1
men 305
Office 1
Uffa 1
unearthed 1
Too 13
disappears 2
Bologna 1
sin 37
faltering 2
employment 7
singularly 3
Justine 55
thoo 2
nickel 1
tricky 1
persuasively 1
liquor 6
gales 4
Pile 1
heeling 1
Brixton 6
sweating 2
steeped 1
Revenge 3
marbles 9
rowing 6
arrowy 1
groundless 1
florid 3
mounted 10
havin 2
abreast 8
civilisation 1
pavilion 1
XVII 4
Royalties 1
Injun 77
puttin 1
hungrier 3
Ugliness 4
Sacred 1
inspection 6
mausoleum 1
tier 1
chestnut 6
bier 2
Amazed 1
fact 92
ingratitude 4
arose 19
chance 118
Earnest 5
sick 68
superbly 1
Turk 10
piny 2
retiring 3
Morning 11
THIS 38
Peru 1
cleverly 1
Come 94
untasted 1
procure 12
tendencies 1
pretend 13
suspense 7
essential 11
unison 2
shouldering 2
unremitting 3
uncommon 11
muleheaded 1
Farintosh 2
terrace 1
Humour 1
depths 6
park 16
Partly 1
growin 1
Still 33
admitted 7
weakest 1
Muhammad 1
Snack 1
sneeze 2
bolts 2
nest 15
stack 4
threatenings 1
microscope 2
leaping 1
aloft 5
cabman 6
companionship 4
clattered 3
Australia 10
learnt 24
table 214
simmons 2
schoolhouse 8
lonesome 18
substantial 1
Sententiously 2
unbuttoned 2
platforms 1
lurking 1
rd 3
funny 15
prospecting 1
remark 23
foil 2
lovelier 6
wreaths 7
wooer 3
nursery 2
joking 8
David 14
backed 10
orphreys 2
detracts 1
article 6
XV 4
charity 8
listlessly 11
flesh 21
sizes 2
qualifications 1
Balcony 1
Colonies 1
Sutherland 11
Oxonian 1
chasubles 1
impressed 14
engineers 1
Kings 2
bases 1
Sevres 1
glimmered 5
acquired 9
Watson 111
everlasting 6
quietus 1
Florentine 3
flocked 4
detriment 1
edges 7
unwearied 1
amplifying 1
fetid 1
Sun 2
district 6
scored 2
renunciations 2
assembled 8
raven 19
absences 2
conceive 15
Islands 1
gushed 3
Collins 1
respectable 17
Aren 2
aphorisms 1
crevices 3
nt 5
expectancy 1
snores 1
Search 3
passenger 2
doddering 1
dressed 90
consequently 8
some 1082
scion 1
rustling 10
irradiation 1
Whoever 5
chip 2
Sho 2
stock 29
Hyro 1
discuss 10
ANYTHING 8
arisen 1
emptied 11
Books 2
Make 6
November 5
towered 1
flecked 1
confidingly 1
decried 1
engages 1
lengthened 2
cooped 3
mad 77
stumbled 7
proceed 15
forcibly 3
sprinkle 1
ards 1
Society 7
merits 3
depravity 1
Reel 2
plantation 10
lightens 1
Pig 1
committed 33
seaside 3
joyfully 4
steadings 1
pearl 9
poems 1
Greenwich 2
requested 3
persecutor 3
Locked 1
creturs 1
flapped 5
pirating 4
debonnair 1
since 134
long 660
butler 10
curves 7
histrionic 2
using 46
nuts 17
procured 11
horses 46
Uri 1
plumes 3
abiding 1
comfortable 47
SHANKS 1
Cat 20
Sell 1
Adonis 2
nets 1
yer 15
Russell 1
Tendin 1
Mallam 1
marvellous 22
going 504
glance 33
terrifically 1
Day 6
fiance 1
puzzle 1
impenetrable 3
elementary 2
planted 7
meetin 1
swoon 1
cordial 1
indication 1
outspoken 1
paved 1
merchant 21
yit 8
mysef 3
unpleasantness 2
PGLAF 8
roughly 4
whit 2
appointed 5
equinoctial 2
scuttle 2
leaving 38
Treadley 4
bow 36
Horace 1
entailed 1
accompanied 14
chemical 11
collared 1
throbbed 1
bailing 1
concluding 1
assembly 1
unimaginable 1
interfere 14
wit 11
rambles 5
fourteenth 1
dessertspoonful 1
defeated 4
Astorre 1
marqueterie 1
raffs 1
Entrance 1
reside 3
rejections 1
scratch 12
stomped 1
investments 4
visits 7
SNAKE 2
Lifted 1
Trepoff 1
fault 30
apothecary 1
dizzy 3
ascending 1
Georgia 2
unwhitewashed 1
Blanc 9
POW 1
Writes 1
bells 10
vacillating 2
contented 12
bloodshed 1
Fishing 2
blurs 1
wrenched 3
Bournemouth 1
traverse 2
valid 2
inarticulately 1
households 1
Late 5
simpler 4
Goes 11
folly 10
perpendicular 2
millionth 1
destined 10
Who 124
opening 23
sunset 6
obscurely 1
despairing 4
overcame 7
plunk 2
mixing 2
patent 5
numb 1
nonproprietary 8
yielded 12
bicycling 1
drum 3
margin 1
undeceive 2
firesides 1
subdue 2
upside 1
Obviously 2
permanent 13
fruit 7
curving 2
effects 12
ODE 1
Montague 1
Terror 5
exotic 3
Starchy 1
accepting 9
exporting 8
met 156
thumb 18
Robinson 9
unclasping 1
EBOOK 16
quarrel 21
hisself 1
rebuked 1
tapestries 4
helper 2
convulsion 2
Mistake 1
Bruno 1
frown 3
traps 9
safest 1
scribbled 2
Delhi 1
heroic 5
sums 4
visibly 1
seized 73
judges 6
plastered 2
whiz 3
horseback 8
reel 3
blushes 1
insensible 2
unsettled 1
shovels 7
devilment 2
Rockies 1
lances 1
profanity 1
angels 6
burnished 3
whitest 1
envying 1
analysis 6
prescribes 1
gaunter 1
man 1156
themselves 123
fads 3
wall 71
Speeches 1
sweetmeats 2
ceremonies 2
loitered 5
unto 4
Doctors 1
cough 11
unknown 24
enfranchised 1
spit 10
whoops 4
jealousy 7
settling 5
annihilation 3
Tay 1
Medicine 1
Archibald 2
ketched 3
Read 2
docketing 1
jacket 25
yesterday 46
despises 1
h 6
brushing 3
favoured 3
disenchanted 2
Wednesday 12
HANS 6
puddle 2
biler 2
wallpaper 1
imitation 5
nineteenth 8
wailings 1
defence 7
wher 4
bile 3
bleeding 4
baggage 8
pea 3
Camillus 1
border 5
fury 10
gruff 3
hue 2
hatching 1
stalagmites 1
dread 20
surprising 6
fulfilment 4
Lally 1
propriety 2
quoted 2
Maudsley 1
shock 12
YOURS 1
exit 2
Brantome 1
remedy 1
oppression 3
bodies 12
hog 7
Herefordshire 2
instead 42
stature 7
electrified 1
Crime 2
lamplight 2
clustering 2
inhabits 1
caring 1
doan 28
Absolutely 3
retort 2
unthought 1
Tooleries 1
bench 15
TOM 18
hotel 13
soie 1
blew 13
booth 1
root 2
colouring 1
anticipated 2
Tread 1
headboard 3
hendering 1
lacks 1
teeth 41
indifference 7
astounding 6
fearing 5
disputed 1
lifelessness 1
intersected 1
chamois 3
dismounted 1
hangest 3
Lemme 6
condolence 1
commonplace 14
Krempe 9
infantile 1
sef 1
tempered 3
courses 2
exceptional 4
lidless 1
dispatches 1
expiring 2
splint 1
royalties 17
concentrate 2
craftily 1
knelt 11
anointed 1
Dunlap 2
coronet 25
persecuted 1
brokers 1
sputtered 1
carbuncles 4
governed 2
carpenter 5
shingle 8
logician 1
mortgage 1
visible 29
Trouville 1
passageways 1
indexing 1
evanescent 1
revealments 1
Hidden 1
pest 1
lakes 6
Arveiron 1
Biron 1
hulled 1
readable 16
meditative 3
wind 110
Vegetarian 1
anything 347
chariot 1
fascinated 11
tarnished 5
tease 1
Lafe 1
kites 2
considered 32
canvas 24
smitten 3
queen 78
refreshed 7
Marleen 14
LAST 2
blubber 2
cle 1
Rucker 2
bats 5
bread 81
is 3858
excited 31
Coroner 9
philosophic 1
canvassed 4
coined 1
FOUR 2
clumps 1
practically 12
Hello 13
officials 1
favorite 2
trait 2
spiteful 3
ladies 29
mourner 1
shed 25
Tear 1
governess 5
recently 6
Medicis 1
dim 40
Ever 5
youthful 4
expedite 1
defeats 1
Frankenstein 30
bitts 1
munched 1
CONTRACT 8
make 530
cynic 1
tulip 1
Cairo 14
executing 2
Mortification 1
tremens 1
Drive 1
accomplice 2
ruin 32
Tunisians 1
gaily 2
inquests 3
remarkably 7
chin 29
coachman 6
Lascar 12
scrubbed 1
Butler 1
keenly 14
grieve 4
supernatural 5
slobbers 1
brazen 2
sugar 17
house 509
Pomegranates 1
completes 1
heptarchies 1
muck 1
consummate 3
borne 18
clamps 1
bleed 3
DEC 1
throng 3
business 185
Strike 3
piece 122
optimism 2
creaking 3
languishy 1
mix 5
eighty 3
alterations 2
Lecture 2
deffersit 1
assaulted 1
girt 1
Is 92
bone 10
intending 7
recommend 4
hollowed 3
revisit 2
dumpling 1
holi 1
vieille 1
Chicago 1
perpetrate 1
Misfortune 1
intellectual 37
jagged 4
sonorous 1
sections 1
slurring 1
Salt 8
pistachio 1
lulled 3
boiling 6
rummies 1
mercenary 2
oath 11
efficacy 1
enhanced 1
parlor 8
unconcerned 1
Como 2
certain 88
After 129
Pardon 4
guilty 18
clews 2
tidy 2
THERE 2
polished 12
cord 13
scene 79
inimitably 1
sullied 1
nipped 2
remembered 55
river 196
persuades 1
ciphered 4
proposed 8
located 32
furnished 13
duel 1
injuring 3
wellnigh 2
narrower 4
Towards 6
thine 8
Someone 4
seneskal 2
overhear 1
gilding 1
prig 1
Waiter 1
Love 5
wooden 26
avoided 7
THREE 2
affront 1
seventy 3
interminable 3
smooth 11
oppressive 7
Subject 1
iridescent 2
jerkily 1
appetite 10
advance 12
lacked 2
scoldings 1
relative 5
agreement 137
submit 6
rang 23
selfish 11
counselled 1
scutcheon 1
ostensibly 1
Sad 1
comeliness 1
lords 2
Louis 23
publicly 4
Belgian 1
sucking 4
speck 9
Ugh 1
Harbison 5
sitters 2
matchbox 1
residence 13
inch 7
Evening 4
trite 1
Hundred 2
maximum 8
joyousness 2
Fear 3
forsakes 1
diggings 2
lipped 4
wand 9
unpack 2
loomed 2
receded 1
Wooden 1
map 7
discipline 3
Continuing 2
moaned 6
cur 1
Bravo 1
eying 2
Authors 1
scholar 3
beds 20
crowned 6
strap 1
oozing 1
slamming 2
husbands 5
sister 209
chirping 4
tropics 1
pinchbug 3
morning 375
cookery 1
eve 1
Wreaths 1
lightened 3
abused 5
sensation 19
erased 1
excite 3
flood 2
stragglers 3
hefty 1
function 1
sturdily 1
paces 7
wondered 33
benevolent 15
inted 1
Marsyas 1
shotgun 1
XXXII 4
houn 1
glimpses 2
clock 131
papa 5
softened 11
judging 1
heaving 6
Knock 1
Astronomical 1
hardness 1
snuggest 1
whippoorwill 1
bushrangers 2
belonged 20
rearing 1
monstre 1
tyrant 1
loaf 12
lurch 1
Steals 1
Hermits 1
Lexington 1
Frowning 1
surrendering 1
Nile 2
loathsome 12
txt 6
songs 6
manger 1
Comparisons 1
widened 3
governments 3
conduct 25
floating 20
uninstructed 1
spiritualizing 1
forcible 1
Game 1
Turkey 2
Hornback 4
coeur 1
Situation 2
distinct 22
codes 8
instructing 2
indulged 5
planking 2
ancestors 3
proclaimed 3
limestone 2
bright 60
Set 9
affirmative 3
blameless 1
riot 1
pertains 2
grandmothers 3
satire 1
dem 8
Mercy 2
eased 2
National 1
Thank 40
pushing 13
flashes 4
summoned 13
region 6
hydrochloric 1
coaches 1
enduring 2
squeezed 10
BOTS 1
perennial 1
strolling 3
perch 6
Euston 3
spruce 1
pay 74
Generous 1
screams 3
theorize 1
stuck 41
cosmopolitan 1
wights 1
Lafayettes 1
dive 1
sacrificing 1
bout 62
drug 7
solitudes 1
inhospitably 1
kase 9
Knives 1
romantical 1
raindrops 1
playing 48
Culture 2
fellows 26
declaration 2
abominable 1
pallid 10
loafers 8
scraggy 1
according 23
presumption 6
seam 2
sawed 9
correct 13
feat 1
lionize 1
slept 58
enraptured 2
emulation 1
pilot 5
beehive 1
rival 4
blight 2
anticipations 3
mid 3
Tracks 1
strewed 5
immoderately 1
fills 7
sparrow 28
republic 1
shocking 4
juncture 1
hope 178
gilt 15
casement 1
actionable 2
Western 4
pleasurable 4
Plainpalais 3
whereby 1
meowing 1
bursting 1
hillock 1
Meddling 1
Here 125
demons 2
incline 1
broomsticks 1
sheepishly 2
paid 90
specially 8
shabbily 2
Godfrey 5
line 82
Turns 1
ship 36
imaginings 1
urging 1
communication 9
completely 24
century 21
frescoes 1
substitute 2
elapsed 11
chimbly 2
secret 106
prowling 6
stainless 1
seas 11
moralizing 1
partnership 1
humans 2
gywne 1
roglyphics 2
draughts 2
literally 2
officially 1
pawing 1
blue 110
Judith 5
debut 3
Alphonse 1
Fair 4
flogged 2
corporation 8
kisses 9
Suivant 1
medicine 6
f 14
JABEZ 1
funereal 1
backs 12
expectation 7
owning 1
fathomed 1
coincident 1
SIMON 1
riverbank 1
flirts 2
obeyed 5
swapped 2
moves 1
dissatisfaction 1
childish 9
unless 54
broad 39
stoked 1
ecstasy 10
soles 4
Unborrow 1
slaughterer 1
occupational 1
drawing 34
varnished 2
fade 5
bein 7
Shepherdsons 10
cream 9
Getting 5
crumbly 1
severer 1
desire 71
presents 13
wildest 5
politic 1
donkey 1
eggs 15
pets 3
Discovery 1
Walsall 1
bolted 6
jobs 2
inst 2
counsellor 2
receiving 14
pronouncing 2
ragamuffin 1
flag 5
spinster 1
preserver 2
drawers 14
HOLMES 6
ancient 12
MRS 2
Effusions 1
trilled 1
prettiest 6
Exchanges 1
still 494
Poland 1
effusions 1
bulk 1
Nudges 1
crime 64
freedom 15
LEARN 2
swash 1
senders 1
orients 1
palpitate 1
unluckily 2
ding 3
planet 2
Foreign 1
been 1416
antiquity 2
relinquish 1
precisely 4
Juryman 1
sixth 5
application 9
swelled 9
possesses 3
correspondence 5
machinery 2
whatever 61
stitched 2
ordering 2
rejoicing 5
FIVE 1
townward 1
Times 4
phantoms 3
expressive 10
stealthiest 1
bounce 2
sty 3
aching 4
causing 8
stagecoach 1
Jefferson 1
rumination 1
morrow 44
declare 8
lifelong 1
Tryin 1
Sholtos 1
Fate 2
absolutely 74
Woman 2
nickname 1
swag 4
awakened 14
coins 6
Tired 2
timetables 1
cloth 24
Begins 1
impecuniosity 1
raved 2
cert 2
JEPHRO 1
chooses 2
clo 2
Sheffield 6
carriage 46
Jewish 1
generly 11
um 20
Aw 1
ticks 1
sulphurous 1
siphons 1
furs 4
annoyance 9
smells 2
hermits 1
McDougal 4
enjoys 3
Jacks 1
mock 12
feathers 14
Daly 1
Forgery 1
Folk 1
impersonal 1
schoolmates 4
Nero 2
calmness 3
Young 13
Sicilian 1
infantine 1
snaked 4
Snake 2
Planned 1
starting 17
strengthen 3
GIT 1
purple 22
device 4
Thames 2
wuz 34
Becomes 1
Sigismondo 1
thenceforth 2
spilt 4
tramp 10
slighter 1
professing 1
players 1
tooth 14
loafing 3
alter 22
plastic 2
pacing 4
universally 1
commissions 1
goodly 1
Pinch 1
married 115
decorative 1
resolved 42
sombre 10
previously 3
yon 1
seafaring 1
duration 1
volume 22
discovery 28
infidels 1
footing 4
lawsy 1
dosing 1
Passionately 1
hearth 11
extort 1
disappointed 20
blank 5
bitten 3
sorrowfully 8
struck 138
Maria 1
blinded 5
Tain 6
tally 1
exactly 41
sheriffs 1
octagonal 2
vibrating 2
belly 7
ambush 3
Wyllie 5
link 7
wrestle 1
catched 19
hillside 4
sackcloth 2
Row 1
ferryboat 20
Speaking 4
Royalty 18
dwelling 15
sorely 5
liquid 3
reopened 1
flooding 1
murmur 10
ringlets 1
Lothrop 6
detained 1
spumeflakes 1
bother 25
gloom 31
hail 6
combat 3
vote 6
issues 2
confederate 3
swathed 1
flameless 1
Tom 1080
shipping 2
Mistaken 1
guiltiest 1
benches 10
ruled 3
delayed 9
Doan 7
nting 1
caught 72
grass 45
groundwork 1
Grant 1
proof 17
incarnation 1
thirst 20
busier 2
demanded 7
unanimously 2
darkish 1
Link 2
branded 3
beard 31
belongs 15
asbestos 1
call 147
Duty 2
eccentric 3
dearest 30
harden 2
LILY 2
snapping 2
hank 3
charities 8
courted 1
bated 1
apprehension 7
Dutch 2
rhymes 1
fluctuating 3
revoke 1
grip 7
Umf 1
towards 221
shirt 39
retains 1
WREN 2
driver 12
congratulatory 2
stubbornness 2
chattered 5
MAIDEN 1
poet 4
Instantly 3
sockdolager 1
dawdling 1
chess 1
shoes 40
Tavernier 1
uninterested 2
sprouted 1
jail 5
check 21
tempt 3
Birrell 1
dictated 1
baby 18
bridal 3
noisy 3
consummated 1
rushlight 1
fretted 3
Seein 1
searchers 4
regular 29
landowner 2
islands 13
spurn 2
operate 1
blackguarding 1
values 1
miscreant 1
scrape 11
coarsest 1
Autumn 1
Examines 1
hospitality 6
otherwise 22
protege 1
flatter 3
aerial 2
coiled 1
greedy 5
after 600
Renaissance 2
convict 1
Parent 1
dasn 16
moccasins 4
aides 1
Guisborne 2
azur 1
ligaments 1
meats 3
hushing 1
addresses 11
ture 1
timidly 3
seated 31
becoming 18
roused 19
welcomed 13
gloomily 2
flattering 1
Shut 6
stan 4
laughter 23
cry 84
irritable 1
landed 23
Nine 1
goes 75
dabble 1
handy 22
XXVII 4
invected 1
jarvies 1
necklace 4
positively 3
Hectic 1
Charles 7
recorded 6
cloudless 6
floor 118
demonstrated 1
crates 2
dignity 11
malignity 7
lam 2
purpose 50
interfered 4
refrains 1
Nottinghamshire 1
frozen 6
grin 6
exulting 1
swiftly 13
rers 1
sped 3
tragedies 5
praise 4
ostrich 3
bottoms 1
elaborately 5
winding 11
weaver 1
memorial 1
University 3
Ain 12
lured 3
Anne 1
Mounts 1
liberally 1
tragedy 29
twisted 18
swords 5
fig 1
museum 1
Hive 1
real 96
data 17
snatched 20
shift 5
blustered 1
VISION 1
Safie 25
coppers 3
reverently 1
knees 51
bean 11
hogsheads 4
happy 141
punctual 1
type 16
Sir 33
advancement 1
dentists 1
ignorance 12
surge 1
introduction 7
Whar 3
haw 1
readily 6
commonly 2
lackin 1
digesting 1
PURPOSE 8
solemnity 7
ma 5
discourtesy 1
sulked 1
tree 172
describes 2
ragged 15
forebodings 3
inquiring 6
persons 15
strained 6
Picked 1
volcano 1
ever 577
affinity 2
wickedness 10
perpendicularity 1
ark 1
hummin 1
varieties 2
villager 1
conscious 34
undivided 2
harmony 9
misshapen 8
evinced 1
heavenly 4
grub 2
Liquor 1
sunlight 15
occupations 13
amicably 1
Fenchurch 2
Hunter 19
proper 20
fine 107
questioning 13
emerald 3
brink 9
cabmen 1
rankling 1
whirring 1
rumbles 1
paw 3
arrows 3
unharmed 1
Marian 2
air 167
circulated 1
raging 10
journeying 4
charwoman 9
dryly 1
balefully 1
something 459
wouldst 2
tracks 19
revelations 1
doubt 113
kick 3
Ash 1
everytime 1
beetles 1
bigger 15
Commons 4
securely 2
descend 10
giants 17
modes 3
students 1
disliking 1
violins 1
dilatory 1
HUNTSMEN 2
Pool 10
stepfather 21
pleasantest 1
tracked 2
folk 11
bamboo 2
hardly 174
exacted 3
cleft 3
encyclopaedias 2
societies 1
Shall 19
sovereign 6
driven 29
castle 85
DEAR 4
feebleness 1
streets 36
outrages 3
insulted 3
taller 4
bucket 6
unofficial 1
Curious 2
Thonon 1
locksmith 4
mercifully 1
stiffened 1
perforated 1
jars 2
convulsive 3
priceless 1
swore 15
XXV 4
pinnacle 1
Montalegre 1
prey 11
addicted 1
Aurora 1
imagine 47
concentrated 5
overnight 2
Jist 2
asphodel 1
illustration 1
comin 6
trackless 1
Farquhar 2
James 44
creepy 1
assent 1
cheated 3
studied 14
Hearken 7
chisel 4
billycock 1
Upper 5
dexter 1
silvered 1
Hatherley 18
His 250
conscience 40
homeless 4
tasks 1
hush 11
exists 9
prophecy 3
Discoveries 1
BACHELOR 1
coast 4
crags 1
madman 5
speculate 2
speaking 24
attempts 9
inasmuch 1
Lionized 1
Boy 13
disturbs 1
quicksilver 3
Commences 1
secrecy 10
amends 2
annihilates 1
hash 1
squirting 1
out 2251
equanimity 1
fog 31
Translator 2
jeweled 1
selection 3
throbbings 1
Chance 2
Minore 1
loophole 1
fabrication 1
county 12
representing 6
tis 8
widespread 3
butted 1
Fashionable 1
foot 135
Sur 3
hilarity 3
transmit 2
Mumps 4
invaders 1
heart 305
distinction 13
Elexander 6
vehemence 1
inwardly 4
Spidery 1
assume 4
Mercutio 2
glimmers 1
WOLF 2
sawlogs 1
mulatter 1
symmetrical 1
train 52
years 248
forehead 27
noway 3
fogive 2
richest 2
brawl 1
mewed 1
sailed 12
Marples 1
longest 4
unpeopled 1
Dearest 5
nobler 2
communicating 2
chaws 3
scuffle 4
beggarman 1
mud 17
inartistic 1
cheered 4
supplied 3
battlefield 1
wigwam 20
counterfeit 3
marvelled 1
crowded 18
Jordan 1
Beethoven 1
Question 1
anyways 5
ere 1
Fresh 1
Aid 1
