AND 1
Admirably 1
Adolphe 1
Adriatique 1
Ah 1
Ah 1
Ah 1
Ah 1
Ah 1
Ah 1
Ah 1
Ah 1
Ah 1
Ah 1
Ah 1
Ah 1
Ah 1
Ah 1
Ah 1
Ah 1
Ah 1
Ah 1
Ah 1
Ah 1
Ah 1
Ah 1
Ah 1
Ah 1
Ah 1
Ah 1
Ah 1
Ah 1
Ah 1
Ah 1
Ah 1
Ah 1
Ah 1
Ah 1
And 1
And 1
And 1
And 1
And 1
And 1
And 1
And 1
And 1
And 1
And 1
And 1
And 1
And 1
And 1
And 1
And 1
And 1
And 1
And 1
And 1
And 1
And 1
And 1
And 1
And 1
And 1
And 1
And 1
And 1
And 1
And 1
And 1
And 1
And 1
And 1
And 1
And 1
And 1
And 1
And 1
And 1
And 1
And 1
And 1
And 1
And 1
And 1
And 1
And 1
And 1
And 1
And 1
And 1
And 1
And 1
And 1
And 1
And 1
And 1
And 1
And 1
And 1
And 1
And 1
And 1
And 1
And 1
And 1
And 1
And 1
And 1
And 1
And 1
And 1
And 1
And 1
And 1
And 1
And 1
And 1
And 1
And 1
And 1
And 1
And 1
And 1
And 1
And 1
And 1
And 1
And 1
And 1
And 1
And 1
And 1
And 1
And 1
And 1
And 1
And 1
And 1
And 1
And 1
And 1
And 1
And 1
And 1
And 1
And 1
And 1
And 1
And 1
And 1
And 1
And 1
And 1
And 1
And 1
Andrew 1
Anglomania 1
Artemis 1
At 1
At 1
At 1
At 1
At 1
At 1
At 1
At 1
At 1
At 1
At 1
At 1
At 1
At 1
At 1
At 1
At 1
At 1
At 1
At 1
At 1
At 1
At 1
At 1
At 1
At 1
At 1
At 1
At 1
At 1
At 1
Athena 1
Author 1
BEFORE 1
BUT 1
Beautiful 1
Berwick 1
Berwick 1
Berwick 1
Berwick 1
Buonarotti 1
Carlton 1
Charpentier 1
Children 1
Chopin 1
Chopin 1
Chopin 1
Chopin 1
Church 1
Church 1
Church 1
Cibo 1
Compared 1
Compared 1
Cordelia 1
Cordelia 1
Court 1
Court 1
Creating 1
Crucifixion 1
DAMAGE 1
Didn 1
Didn 1
Donations 1
Donations 1
Duke 1
Duke 1
Duke 1
Duke 1
Duke 1
Duke 1
Duke 1
Duke 1
EXCEPT 1
Each 1
Each 1
Each 1
Each 1
Egad 1
Elephantis 1
Everything 1
Everything 1
Everything 1
Everything 1
Ezzelin 1
FOR 1
FOR 1
FOR 1
Fairbanks 1
For 1
For 1
For 1
For 1
For 1
For 1
For 1
For 1
For 1
For 1
For 1
For 1
For 1
For 1
For 1
For 1
For 1
For 1
For 1
For 1
For 1
For 1
For 1
For 1
For 1
For 1
For 1
For 1
For 1
For 1
For 1
For 1
For 1
For 1
For 1
For 1
For 1
For 1
For 1
GRAY 1
GRAY 1
Give 1
Give 1
Greasy 1
Great 1
Greeks 1
Gutenberg 1
Gutenberg 1
Gutenberg 1
Gutenberg 1
Gutenberg 1
Gutenberg 1
Gutenberg 1
Gutenberg 1
Gutenberg 1
Gutenberg 1
Gutenberg 1
Gutenberg 1
Gutenberg 1
Gutenberg 1
Gutenberg 1
Gutenberg 1
Gutenberg 1
Gutenberg 1
Gutenberg 1
Gutenberg 1
Gutenberg 1
Gutenberg 1
Gutenberg 1
Gutenberg 1
Gutenberg 1
Gutenberg 1
Gutenberg 1
Gutenberg 1
Gutenberg 1
Gutenberg 1
Gutenberg 1
Gutenberg 1
Gutenberg 1
Gutenberg 1
Gutenberg 1
Gutenberg 1
Gutenberg 1
Gutenberg 1
Gutenberg 1
Gutenberg 1
Gutenberg 1
Gutenberg 1
Gutenberg 1
Gutenberg 1
Gutenberg 1
Gutenberg 1
Gutenberg 1
Gutenberg 1
Gutenberg 1
Gutenberg 1
Gutenberg 1
Gutenberg 1
Gutenberg 1
Gutenberg 1
Gutenberg 1
Gutenberg 1
Gutenberg 1
Gutenberg 1
Gutenberg 1
Gutenberg 1
Gutenberg 1
Gutenberg 1
Gutenberg 1
Gutenberg 1
Gutenberg 1
Gutenberg 1
Gutenberg 1
Gutenberg 1
Gutenberg 1
Gutenberg 1
Gutenberg 1
Gutenberg 1
Gutenberg 1
Gutenberg 1
Gutenberg 1
Gutenberg 1
Gutenberg 1
Gutenberg 1
Gutenberg 1
Gutenberg 1
Gutenberg 1
Gutenberg 1
Gutenberg 1
Heaven 1
Her 1
Her 1
Her 1
Her 1
Her 1
Her 1
Her 1
Her 1
Her 1
Her 1
Her 1
Her 1
Her 1
Her 1
Her 1
Her 1
Her 1
Her 1
Her 1
Her 1
Her 1
Her 1
Her 1
Her 1
Her 1
Her 1
Her 1
Her 1
Her 1
Her 1
Her 1
Her 1
Her 1
Her 1
I 1
I 1
I 1
I 1
I 1
I 1
I 1
I 1
I 1
I 1
I 1
I 1
I 1
I 1
I 1
I 1
I 1
I 1
I 1
I 1
I 1
I 1
I 1
I 1
I 1
I 1
I 1
I 1
I 1
I 1
I 1
I 1
I 1
I 1
I 1
I 1
I 1
I 1
I 1
I 1
I 1
I 1
I 1
I 1
I 1
I 1
I 1
I 1
I 1
I 1
I 1
I 1
I 1
I 1
I 1
I 1
I 1
I 1
I 1
I 1
I 1
I 1
I 1
I 1
I 1
I 1
I 1
I 1
I 1
I 1
I 1
I 1
I 1
I 1
I 1
I 1
I 1
I 1
I 1
I 1
I 1
I 1
I 1
I 1
I 1
I 1
I 1
I 1
I 1
I 1
I 1
I 1
I 1
I 1
I 1
I 1
I 1
I 1
I 1
I 1
I 1
I 1
I 1
I 1
I 1
I 1
I 1
I 1
I 1
I 1
I 1
I 1
I 1
I 1
I 1
I 1
I 1
I 1
I 1
I 1
I 1
I 1
I 1
I 1
I 1
I 1
I 1
I 1
I 1
I 1
I 1
I 1
I 1
I 1
I 1
I 1
I 1
I 1
I 1
I 1
I 1
I 1
I 1
I 1
I 1
I 1
I 1
I 1
I 1
I 1
I 1
I 1
I 1
I 1
I 1
I 1
I 1
I 1
I 1
I 1
I 1
I 1
I 1
I 1
I 1
I 1
I 1
I 1
I 1
I 1
I 1
I 1
I 1
I 1
I 1
I 1
I 1
I 1
I 1
I 1
I 1
I 1
I 1
I 1
I 1
I 1
I 1
I 1
I 1
I 1
I 1
I 1
I 1
I 1
I 1
I 1
I 1
I 1
I 1
I 1
I 1
I 1
I 1
I 1
I 1
I 1
I 1
I 1
I 1
I 1
I 1
I 1
I 1
I 1
I 1
I 1
I 1
I 1
I 1
I 1
I 1
I 1
I 1
I 1
I 1
I 1
I 1
I 1
I 1
I 1
I 1
I 1
I 1
I 1
I 1
I 1
I 1
I 1
I 1
I 1
I 1
I 1
I 1
I 1
I 1
I 1
I 1
I 1
I 1
I 1
I 1
I 1
I 1
I 1
I 1
I 1
I 1
I 1
I 1
I 1
I 1
I 1
I 1
I 1
I 1
I 1
I 1
I 1
I 1
I 1
I 1
I 1
I 1
I 1
I 1
I 1
I 1
I 1
I 1
I 1
I 1
I 1
I 1
I 1
I 1
I 1
I 1
I 1
I 1
I 1
I 1
I 1
I 1
I 1
I 1
I 1
I 1
I 1
I 1
I 1
I 1
I 1
I 1
I 1
I 1
I 1
I 1
I 1
I 1
I 1
I 1
I 1
I 1
I 1
I 1
I 1
I 1
I 1
I 1
I 1
I 1
I 1
I 1
I 1
I 1
I 1
I 1
I 1
I 1
I 1
I 1
I 1
I 1
I 1
I 1
I 1
I 1
I 1
I 1
I 1
I 1
I 1
I 1
I 1
I 1
I 1
I 1
I 1
I 1
I 1
I 1
I 1
I 1
I 1
I 1
I 1
I 1
I 1
I 1
I 1
I 1
I 1
I 1
I 1
I 1
I 1
I 1
I 1
I 1
I 1
I 1
I 1
I 1
I 1
I 1
I 1
I 1
I 1
I 1
I 1
I 1
I 1
I 1
I 1
I 1
I 1
I 1
I 1
I 1
I 1
I 1
I 1
I 1
I 1
I 1
I 1
I 1
I 1
I 1
I 1
I 1
I 1
I 1
I 1
I 1
I 1
I 1
I 1
I 1
I 1
I 1
I 1
I 1
I 1
I 1
I 1
I 1
I 1
I 1
I 1
I 1
I 1
I 1
I 1
I 1
I 1
I 1
I 1
I 1
I 1
I 1
I 1
I 1
I 1
I 1
I 1
I 1
I 1
I 1
I 1
I 1
I 1
I 1
I 1
I 1
I 1
I 1
I 1
I 1
I 1
I 1
I 1
I 1
I 1
I 1
I 1
I 1
I 1
I 1
I 1
I 1
I 1
I 1
I 1
I 1
I 1
I 1
I 1
I 1
I 1
I 1
I 1
I 1
I 1
I 1
I 1
I 1
I 1
I 1
I 1
I 1
I 1
I 1
I 1
I 1
I 1
I 1
I 1
I 1
I 1
I 1
I 1
I 1
I 1
I 1
I 1
I 1
I 1
I 1
I 1
I 1
I 1
I 1
I 1
I 1
I 1
I 1
I 1
I 1
I 1
I 1
I 1
I 1
I 1
I 1
I 1
I 1
I 1
I 1
I 1
I 1
I 1
I 1
I 1
I 1
I 1
I 1
I 1
I 1
I 1
I 1
I 1
I 1
I 1
I 1
I 1
I 1
I 1
I 1
I 1
I 1
I 1
I 1
I 1
I 1
I 1
I 1
I 1
I 1
I 1
I 1
I 1
I 1
I 1
I 1
I 1
I 1
I 1
I 1
I 1
I 1
I 1
I 1
I 1
I 1
I 1
I 1
I 1
I 1
I 1
I 1
I 1
I 1
I 1
I 1
I 1
I 1
I 1
I 1
I 1
I 1
I 1
I 1
I 1
I 1
I 1
I 1
I 1
I 1
I 1
I 1
I 1
I 1
I 1
I 1
I 1
I 1
I 1
I 1
I 1
I 1
I 1
I 1
I 1
I 1
I 1
I 1
I 1
I 1
I 1
I 1
I 1
I 1
I 1
I 1
I 1
I 1
I 1
I 1
I 1
I 1
I 1
I 1
I 1
I 1
I 1
I 1
I 1
I 1
I 1
I 1
I 1
I 1
I 1
I 1
I 1
I 1
I 1
I 1
I 1
I 1
I 1
I 1
I 1
I 1
I 1
I 1
I 1
I 1
I 1
I 1
I 1
I 1
I 1
I 1
I 1
I 1
I 1
I 1
I 1
I 1
I 1
I 1
I 1
I 1
I 1
I 1
I 1
I 1
I 1
I 1
I 1
I 1
I 1
I 1
I 1
I 1
I 1
I 1
I 1
I 1
I 1
I 1
I 1
I 1
I 1
I 1
I 1
I 1
I 1
I 1
I 1
I 1
I 1
I 1
I 1
I 1
I 1
I 1
I 1
I 1
I 1
I 1
I 1
I 1
I 1
I 1
I 1
I 1
I 1
I 1
I 1
I 1
I 1
I 1
I 1
I 1
I 1
I 1
I 1
I 1
I 1
I 1
I 1
I 1
I 1
I 1
I 1
I 1
I 1
I 1
I 1
I 1
I 1
I 1
I 1
I 1
I 1
I 1
I 1
I 1
I 1
I 1
I 1
I 1
I 1
I 1
I 1
I 1
I 1
I 1
I 1
I 1
I 1
I 1
I 1
I 1
I 1
I 1
I 1
I 1
I 1
I 1
I 1
I 1
I 1
I 1
I 1
I 1
I 1
I 1
I 1
I 1
I 1
I 1
I 1
I 1
I 1
I 1
I 1
I 1
I 1
I 1
I 1
I 1
I 1
I 1
I 1
I 1
I 1
I 1
I 1
I 1
I 1
I 1
I 1
I 1
I 1
I 1
I 1
I 1
I 1
I 1
I 1
I 1
I 1
I 1
I 1
I 1
I 1
I 1
I 1
I 1
I 1
I 1
I 1
I 1
I 1
I 1
I 1
I 1
I 1
I 1
I 1
I 1
I 1
I 1
I 1
I 1
I 1
I 1
I 1
I 1
I 1
I 1
I 1
I 1
I 1
I 1
I 1
I 1
I 1
I 1
I 1
I 1
I 1
I 1
I 1
I 1
I 1
I 1
I 1
I 1
I 1
I 1
I 1
I 1
I 1
I 1
I 1
I 1
I 1
I 1
I 1
I 1
I 1
I 1
I 1
I 1
I 1
I 1
I 1
I 1
I 1
I 1
I 1
I 1
I 1
I 1
I 1
I 1
I 1
I 1
I 1
I 1
I 1
I 1
I 1
I 1
I 1
I 1
I 1
I 1
I 1
I 1
I 1
I 1
I 1
I 1
I 1
I 1
I 1
I 1
I 1
I 1
I 1
I 1
I 1
I 1
I 1
I 1
I 1
I 1
I 1
I 1
I 1
I 1
I 1
I 1
I 1
I 1
I 1
I 1
I 1
I 1
I 1
I 1
I 1
I 1
I 1
I 1
I 1
I 1
I 1
I 1
I 1
I 1
I 1
I 1
I 1
I 1
I 1
I 1
I 1
I 1
I 1
I 1
I 1
I 1
I 1
I 1
I 1
I 1
I 1
I 1
I 1
I 1
I 1
I 1
I 1
I 1
I 1
I 1
I 1
I 1
I 1
I 1
I 1
I 1
I 1
I 1
I 1
I 1
I 1
I 1
I 1
I 1
I 1
I 1
I 1
I 1
I 1
I 1
I 1
I 1
I 1
I 1
I 1
I 1
I 1
I 1
I 1
I 1
I 1
I 1
I 1
I 1
I 1
I 1
I 1
I 1
I 1
I 1
I 1
I 1
I 1
I 1
I 1
I 1
I 1
I 1
I 1
I 1
I 1
I 1
I 1
I 1
I 1
I 1
I 1
I 1
I 1
I 1
I 1
I 1
I 1
I 1
I 1
I 1
I 1
I 1
I 1
I 1
I 1
I 1
I 1
I 1
I 1
I 1
I 1
I 1
I 1
I 1
I 1
I 1
I 1
I 1
I 1
I 1
I 1
I 1
I 1
I 1
I 1
I 1
I 1
I 1
I 1
I 1
I 1
I 1
I 1
I 1
I 1
I 1
I 1
I 1
I 1
I 1
I 1
I 1
I 1
I 1
I 1
I 1
I 1
I 1
I 1
I 1
I 1
I 1
I 1
I 1
I 1
I 1
I 1
I 1
I 1
I 1
I 1
I 1
I 1
I 1
I 1
I 1
I 1
I 1
I 1
I 1
I 1
I 1
I 1
I 1
I 1
I 1
I 1
I 1
I 1
I 1
I 1
I 1
I 1
I 1
I 1
I 1
I 1
I 1
I 1
I 1
I 1
I 1
I 1
I 1
I 1
I 1
I 1
I 1
I 1
I 1
I 1
I 1
I 1
I 1
I 1
I 1
I 1
I 1
I 1
I 1
I 1
I 1
I 1
I 1
I 1
I 1
I 1
I 1
I 1
I 1
I 1
I 1
I 1
I 1
I 1
I 1
I 1
I 1
I 1
I 1
I 1
I 1
I 1
I 1
I 1
I 1
I 1
I 1
I 1
I 1
I 1
I 1
I 1
I 1
I 1
I 1
I 1
I 1
I 1
I 1
I 1
I 1
I 1
I 1
I 1
I 1
I 1
I 1
I 1
I 1
I 1
I 1
I 1
I 1
I 1
I 1
I 1
I 1
I 1
I 1
I 1
I 1
I 1
I 1
I 1
I 1
I 1
I 1
I 1
I 1
I 1
I 1
I 1
I 1
I 1
I 1
I 1
I 1
I 1
I 1
I 1
I 1
I 1
I 1
I 1
I 1
I 1
I 1
I 1
I 1
I 1
I 1
I 1
I 1
I 1
I 1
I 1
I 1
I 1
I 1
I 1
I 1
I 1
I 1
I 1
I 1
I 1
I 1
I 1
I 1
I 1
I 1
I 1
I 1
I 1
I 1
I 1
I 1
I 1
I 1
I 1
I 1
I 1
I 1
I 1
I 1
I 1
I 1
I 1
I 1
I 1
I 1
I 1
I 1
I 1
I 1
I 1
I 1
I 1
I 1
I 1
I 1
I 1
I 1
I 1
I 1
I 1
I 1
I 1
I 1
I 1
I 1
I 1
I 1
I 1
I 1
I 1
I 1
I 1
I 1
I 1
I 1
I 1
I 1
I 1
I 1
I 1
I 1
I 1
I 1
I 1
I 1
I 1
I 1
I 1
I 1
I 1
I 1
I 1
I 1
I 1
I 1
I 1
I 1
I 1
I 1
I 1
I 1
I 1
I 1
I 1
I 1
I 1
I 1
I 1
I 1
I 1
I 1
I 1
I 1
I 1
I 1
I 1
I 1
I 1
I 1
I 1
I 1
I 1
I 1
I 1
I 1
I 1
I 1
I 1
I 1
I 1
I 1
I 1
I 1
I 1
I 1
I 1
I 1
I 1
I 1
I 1
I 1
I 1
I 1
I 1
I 1
I 1
I 1
I 1
I 1
I 1
I 1
I 1
I 1
I 1
I 1
I 1
I 1
I 1
I 1
I 1
I 1
I 1
I 1
I 1
I 1
I 1
I 1
I 1
I 1
I 1
I 1
I 1
I 1
I 1
I 1
I 1
I 1
I 1
I 1
I 1
I 1
I 1
I 1
I 1
I 1
I 1
I 1
I 1
I 1
I 1
I 1
I 1
I 1
I 1
I 1
I 1
I 1
I 1
I 1
I 1
I 1
I 1
I 1
I 1
I 1
I 1
I 1
I 1
I 1
I 1
I 1
I 1
I 1
I 1
I 1
I 1
I 1
I 1
I 1
I 1
I 1
I 1
I 1
I 1
I 1
I 1
I 1
I 1
I 1
I 1
I 1
I 1
I 1
I 1
I 1
I 1
I 1
I 1
I 1
I 1
I 1
I 1
I 1
I 1
I 1
I 1
I 1
I 1
I 1
I 1
I 1
I 1
I 1
I 1
I 1
I 1
I 1
I 1
I 1
I 1
I 1
I 1
I 1
I 1
I 1
I 1
I 1
I 1
I 1
I 1
I 1
I 1
I 1
I 1
I 1
I 1
I 1
I 1
I 1
I 1
I 1
I 1
I 1
I 1
I 1
I 1
I 1
I 1
I 1
I 1
I 1
I 1
I 1
I 1
I 1
I 1
I 1
I 1
I 1
I 1
I 1
I 1
I 1
I 1
I 1
I 1
I 1
I 1
I 1
I 1
I 1
I 1
I 1
I 1
I 1
I 1
I 1
I 1
I 1
I 1
I 1
I 1
I 1
I 1
I 1
I 1
I 1
I 1
I 1
I 1
I 1
I 1
I 1
I 1
I 1
I 1
I 1
I 1
I 1
I 1
I 1
I 1
I 1
I 1
I 1
I 1
I 1
I 1
I 1
I 1
I 1
I 1
I 1
I 1
I 1
I 1
I 1
I 1
I 1
I 1
I 1
I 1
I 1
I 1
I 1
I 1
I 1
I 1
I 1
I 1
I 1
I 1
I 1
I 1
I 1
I 1
I 1
I 1
I 1
I 1
I 1
I 1
I 1
I 1
I 1
I 1
I 1
I 1
I 1
I 1
I 1
I 1
I 1
I 1
I 1
I 1
I 1
I 1
I 1
I 1
I 1
I 1
I 1
I 1
I 1
I 1
I 1
I 1
I 1
I 1
I 1
I 1
I 1
I 1
I 1
I 1
I 1
I 1
I 1
I 1
I 1
I 1
I 1
I 1
I 1
I 1
I 1
I 1
I 1
I 1
I 1
I 1
I 1
I 1
I 1
I 1
I 1
I 1
I 1
I 1
I 1
I 1
I 1
I 1
I 1
I 1
I 1
I 1
I 1
I 1
I 1
I 1
I 1
I 1
I 1
I 1
I 1
I 1
I 1
I 1
I 1
I 1
I 1
I 1
I 1
I 1
I 1
I 1
IV 1
Idiot 1
In 1
In 1
In 1
In 1
In 1
In 1
In 1
In 1
In 1
In 1
In 1
In 1
In 1
In 1
In 1
In 1
In 1
In 1
In 1
In 1
In 1
In 1
In 1
In 1
In 1
In 1
In 1
In 1
In 1
In 1
In 1
In 1
In 1
In 1
In 1
In 1
In 1
In 1
In 1
In 1
In 1
In 1
In 1
In 1
In 1
In 1
In 1
In 1
In 1
In 1
In 1
In 1
In 1
In 1
In 1
In 1
In 1
In 1
In 1
John 1
Keep 1
Keep 1
Killed 1
LIABLE 1
Lodge 1
Lying 1
Lying 1
Majorca 1
Many 1
Marguerite 1
Merton 1
Merton 1
Messalina 1
Milan 1
Mr 1
Mr 1
Mr 1
Mr 1
Mr 1
Mr 1
Mr 1
Mr 1
Mr 1
Mr 1
Mr 1
Mr 1
Mr 1
Mr 1
Mr 1
Mr 1
Mr 1
Mr 1
Mr 1
Mr 1
Mr 1
Mr 1
Mr 1
Mr 1
Mr 1
Mr 1
Mr 1
Mr 1
Mr 1
Mr 1
Mr 1
Mr 1
Mr 1
Mr 1
Mr 1
Mr 1
Mr 1
Mr 1
Mr 1
Mr 1
Mr 1
Mr 1
Mr 1
Mr 1
Mr 1
Mr 1
Mr 1
Mr 1
Mr 1
Mr 1
Mr 1
Mr 1
Mr 1
Mr 1
Mr 1
Mr 1
Mr 1
Mr 1
Mr 1
Mr 1
Mr 1
Mr 1
Mr 1
Mr 1
Mr 1
Mr 1
Mr 1
Mr 1
Mr 1
Mr 1
Mr 1
Mr 1
Mr 1
Mr 1
Mr 1
Mr 1
Mr 1
Mr 1
Mr 1
Mr 1
Mr 1
Mr 1
Mr 1
Mr 1
Mr 1
Mr 1
Mr 1
Must 1
Nature 1
Nature 1
Nature 1
Nature 1
Ned 1
Nonsense 1
Nouvelles 1
OF 1
OF 1
OF 1
OF 1
OF 1
OF 1
OF 1
OF 1
OF 1
OF 1
OF 1
OF 1
OR 1
OR 1
OR 1
OR 1
OR 1
OR 1
Obelisk 1
Of 1
Of 1
Of 1
Of 1
Of 1
Of 1
Of 1
Of 1
Of 1
Of 1
Of 1
Of 1
Of 1
Of 1
Of 1
Of 1
Of 1
Of 1
Of 1
Of 1
Of 1
Of 1
Of 1
Of 1
Of 1
Of 1
Of 1
Of 1
Of 1
Of 1
Of 1
Of 1
Of 1
Of 1
Of 1
Opposite 1
Paralysed 1
Parma 1
Parthian 1
Peruvians 1
Project 1
Project 1
Project 1
Project 1
Project 1
Project 1
Project 1
Project 1
Project 1
Project 1
Project 1
Project 1
Project 1
Project 1
Project 1
Project 1
Project 1
Project 1
Project 1
Project 1
Project 1
Project 1
Project 1
Project 1
Project 1
Project 1
Project 1
Project 1
Project 1
Project 1
Project 1
Project 1
Project 1
Project 1
Project 1
Project 1
Project 1
Project 1
Project 1
Project 1
Project 1
Project 1
Project 1
Project 1
Project 1
Project 1
Project 1
Project 1
Project 1
Project 1
Project 1
Project 1
Project 1
Project 1
Project 1
Project 1
Project 1
Project 1
Project 1
Project 1
Project 1
Project 1
Project 1
Project 1
Project 1
Project 1
Project 1
Project 1
Project 1
Project 1
Project 1
Project 1
Project 1
Project 1
Project 1
Project 1
Project 1
Project 1
Project 1
Project 1
Project 1
Project 1
Project 1
Put 1
Redistribution 1
Robinsoniana 1
Roman 1
Roman 1
S 1
S 1
S 1
S 1
S 1
S 1
Section 1
Section 1
Section 1
Section 1
Section 1
Section 1
Section 1
Selby 1
Selby 1
Selby 1
Selby 1
Selby 1
Selby 1
Selby 1
Selby 1
Selby 1
Selby 1
Selby 1
Selby 1
Sherard 1
THAT 1
THAT 1
THE 1
THE 1
THE 1
THE 1
THE 1
THE 1
THE 1
TRADEMARK 1
Tears 1
Terribly 1
That 1
That 1
That 1
That 1
That 1
That 1
That 1
That 1
That 1
That 1
That 1
That 1
That 1
That 1
That 1
That 1
That 1
That 1
That 1
That 1
That 1
That 1
That 1
That 1
That 1
That 1
That 1
That 1
That 1
That 1
That 1
That 1
That 1
That 1
That 1
That 1
That 1
That 1
That 1
That 1
That 1
That 1
That 1
That 1
That 1
That 1
That 1
That 1
That 1
That 1
That 1
That 1
That 1
That 1
That 1
That 1
That 1
That 1
That 1
That 1
That 1
That 1
That 1
That 1
That 1
That 1
That 1
That 1
That 1
That 1
That 1
That 1
That 1
That 1
That 1
That 1
That 1
The 1
The 1
The 1
The 1
The 1
The 1
The 1
The 1
The 1
The 1
The 1
The 1
The 1
The 1
The 1
The 1
The 1
The 1
The 1
The 1
The 1
The 1
The 1
The 1
The 1
The 1
The 1
The 1
The 1
The 1
The 1
The 1
The 1
The 1
The 1
The 1
The 1
The 1
The 1
The 1
The 1
The 1
The 1
The 1
The 1
The 1
The 1
The 1
The 1
The 1
The 1
The 1
The 1
The 1
The 1
The 1
The 1
The 1
The 1
The 1
The 1
The 1
The 1
The 1
The 1
The 1
The 1
The 1
The 1
The 1
The 1
The 1
The 1
The 1
The 1
The 1
The 1
The 1
The 1
The 1
The 1
The 1
The 1
The 1
The 1
The 1
The 1
The 1
The 1
The 1
The 1
The 1
The 1
The 1
The 1
The 1
The 1
The 1
The 1
The 1
The 1
The 1
The 1
The 1
The 1
The 1
The 1
The 1
The 1
The 1
The 1
The 1
The 1
The 1
The 1
The 1
The 1
The 1
The 1
The 1
The 1
The 1
The 1
The 1
The 1
The 1
The 1
The 1
The 1
The 1
The 1
The 1
The 1
The 1
The 1
The 1
The 1
The 1
The 1
The 1
The 1
The 1
The 1
The 1
The 1
The 1
The 1
The 1
The 1
The 1
The 1
The 1
The 1
The 1
The 1
The 1
The 1
The 1
The 1
The 1
The 1
The 1
The 1
The 1
The 1
The 1
The 1
The 1
The 1
The 1
The 1
The 1
The 1
The 1
The 1
The 1
The 1
The 1
The 1
The 1
The 1
The 1
The 1
The 1
The 1
The 1
The 1
The 1
The 1
The 1
The 1
The 1
The 1
The 1
The 1
The 1
The 1
The 1
The 1
The 1
The 1
The 1
The 1
The 1
The 1
The 1
The 1
The 1
The 1
The 1
The 1
The 1
The 1
The 1
The 1
The 1
The 1
The 1
The 1
The 1
The 1
The 1
The 1
The 1
The 1
The 1
The 1
The 1
The 1
The 1
The 1
The 1
The 1
The 1
The 1
The 1
The 1
The 1
The 1
The 1
The 1
The 1
The 1
The 1
The 1
The 1
The 1
The 1
The 1
The 1
The 1
The 1
The 1
The 1
The 1
The 1
The 1
The 1
The 1
The 1
The 1
The 1
The 1
The 1
The 1
The 1
The 1
The 1
The 1
The 1
The 1
The 1
The 1
The 1
The 1
The 1
The 1
The 1
The 1
The 1
The 1
The 1
The 1
The 1
The 1
The 1
The 1
The 1
The 1
The 1
The 1
The 1
The 1
The 1
The 1
The 1
The 1
The 1
The 1
The 1
The 1
The 1
The 1
The 1
The 1
The 1
The 1
The 1
The 1
The 1
The 1
The 1
The 1
The 1
The 1
The 1
The 1
The 1
The 1
The 1
The 1
The 1
The 1
The 1
The 1
The 1
The 1
The 1
The 1
The 1
The 1
The 1
The 1
The 1
The 1
The 1
The 1
The 1
The 1
The 1
The 1
The 1
The 1
The 1
The 1
The 1
The 1
The 1
The 1
The 1
The 1
The 1
The 1
The 1
The 1
The 1
The 1
The 1
The 1
The 1
The 1
The 1
The 1
The 1
The 1
The 1
The 1
The 1
The 1
The 1
The 1
The 1
The 1
The 1
The 1
The 1
The 1
The 1
The 1
The 1
The 1
The 1
The 1
The 1
The 1
The 1
The 1
The 1
The 1
The 1
The 1
The 1
The 1
The 1
The 1
The 1
The 1
The 1
The 1
The 1
The 1
The 1
The 1
The 1
The 1
The 1
The 1
The 1
The 1
The 1
The 1
The 1
The 1
The 1
The 1
The 1
The 1
The 1
The 1
The 1
The 1
The 1
The 1
The 1
The 1
The 1
The 1
The 1
The 1
The 1
The 1
These 1
These 1
These 1
Tiberius 1
Tower 1
Trunks 1
UT 1
Uncle 1
Uncle 1
Uncle 1
Uncle 1
Uncle 1
Uncle 1
Uncle 1
Uncle 1
Use 1
Use 1
VIII 1
Verona 1
Verona 1
WILDE 1
WORK 1
Watch 1
Where 1
Where 1
Where 1
Where 1
Where 1
Where 1
Where 1
Where 1
Where 1
Where 1
Where 1
Where 1
Where 1
Where 1
Where 1
While 1
While 1
Willoughbys 1
You 1
You 1
You 1
You 1
You 1
You 1
You 1
You 1
You 1
You 1
You 1
You 1
You 1
You 1
You 1
You 1
You 1
You 1
You 1
You 1
You 1
You 1
You 1
You 1
You 1
You 1
You 1
You 1
You 1
You 1
You 1
You 1
You 1
You 1
You 1
You 1
You 1
You 1
You 1
You 1
You 1
You 1
You 1
You 1
You 1
You 1
You 1
You 1
You 1
You 1
You 1
You 1
You 1
You 1
You 1
You 1
You 1
You 1
You 1
You 1
You 1
You 1
You 1
You 1
You 1
You 1
You 1
You 1
You 1
You 1
You 1
You 1
You 1
You 1
You 1
You 1
You 1
You 1
You 1
You 1
You 1
You 1
You 1
You 1
You 1
You 1
You 1
You 1
You 1
You 1
You 1
You 1
You 1
You 1
You 1
You 1
You 1
You 1
You 1
You 1
You 1
You 1
You 1
You 1
You 1
You 1
You 1
You 1
You 1
You 1
You 1
You 1
You 1
You 1
You 1
You 1
You 1
You 1
You 1
You 1
You 1
You 1
You 1
You 1
You 1
You 1
You 1
You 1
You 1
You 1
You 1
You 1
You 1
You 1
You 1
You 1
You 1
You 1
You 1
You 1
You 1
You 1
You 1
You 1
You 1
You 1
You 1
You 1
You 1
You 1
You 1
You 1
You 1
You 1
You 1
You 1
You 1
You 1
You 1
You 1
You 1
You 1
You 1
You 1
You 1
You 1
You 1
You 1
You 1
You 1
You 1
You 1
You 1
You 1
You 1
You 1
You 1
You 1
You 1
You 1
You 1
You 1
You 1
You 1
You 1
You 1
You 1
You 1
You 1
You 1
You 1
You 1
You 1
You 1
You 1
You 1
You 1
You 1
You 1
You 1
You 1
You 1
You 1
You 1
You 1
You 1
You 1
You 1
You 1
You 1
You 1
You 1
You 1
You 1
You 1
You 1
You 1
You 1
You 1
You 1
You 1
You 1
You 1
You 1
You 1
You 1
You 1
You 1
You 1
You 1
You 1
You 1
You 1
You 1
You 1
You 1
You 1
You 1
You 1
You 1
You 1
You 1
You 1
You 1
You 1
You 1
You 1
You 1
You 1
You 1
You 1
You 1
You 1
You 1
You 1
You 1
You 1
You 1
You 1
You 1
You 1
You 1
You 1
You 1
You 1
You 1
You 1
You 1
You 1
You 1
You 1
You 1
You 1
You 1
You 1
You 1
You 1
You 1
You 1
You 1
You 1
You 1
You 1
You 1
You 1
You 1
You 1
You 1
You 1
You 1
You 1
You 1
You 1
You 1
You 1
You 1
You 1
You 1
You 1
You 1
You 1
You 1
You 1
You 1
You 1
You 1
You 1
You 1
You 1
You 1
You 1
You 1
You 1
You 1
You 1
You 1
You 1
You 1
You 1
You 1
You 1
You 1
You 1
You 1
You 1
You 1
You 1
You 1
You 1
You 1
You 1
You 1
You 1
You 1
You 1
You 1
You 1
You 1
You 1
You 1
You 1
You 1
You 1
You 1
You 1
You 1
You 1
You 1
You 1
You 1
You 1
You 1
You 1
You 1
You 1
You 1
You 1
You 1
You 1
You 1
You 1
You 1
You 1
You 1
You 1
You 1
You 1
You 1
You 1
You 1
Youth 1
Youth 1
Youth 1
Youth 1
Youth 1
abdicate 1
absence 1
absence 1
absurd 1
absurd 1
absurd 1
absurd 1
absurd 1
absurd 1
absurd 1
absurd 1
absurd 1
absurd 1
absurd 1
absurd 1
absurd 1
absurd 1
absurd 1
accompaniment 1
accompany 1
accordance 1
accordance 1
accordance 1
account 1
account 1
account 1
account 1
account 1
account 1
accusing 1
activity 1
adders 1
additions 1
adoration 1
adoration 1
adoration 1
adoration 1
adored 1
adored 1
adored 1
adored 1
adored 1
adored 1
advertise 1
affectations 1
affection 1
affection 1
affection 1
afterwards 1
afterwards 1
afterwards 1
afterwards 1
afterwards 1
afterwards 1
afterwards 1
afterwards 1
afterwards 1
afterwards 1
afterwards 1
afterwards 1
ah 1
alien 1
alien 1
allow 1
allow 1
allow 1
allow 1
allow 1
allow 1
along 1
along 1
along 1
along 1
along 1
along 1
along 1
altered 1
altered 1
altered 1
altered 1
altered 1
altered 1
altered 1
altered 1
altered 1
altered 1
amateur 1
ambassador 1
amethyst 1
amethyst 1
amuse 1
analyse 1
anchorite 1
and 1
and 1
and 1
and 1
and 1
and 1
and 1
and 1
and 1
and 1
and 1
and 1
and 1
and 1
and 1
and 1
and 1
and 1
and 1
and 1
and 1
and 1
and 1
and 1
and 1
and 1
and 1
and 1
and 1
and 1
and 1
and 1
and 1
and 1
and 1
and 1
and 1
and 1
and 1
and 1
and 1
and 1
and 1
and 1
and 1
and 1
and 1
and 1
and 1
and 1
and 1
and 1
and 1
and 1
and 1
and 1
and 1
and 1
and 1
and 1
and 1
and 1
and 1
and 1
and 1
and 1
and 1
and 1
and 1
and 1
and 1
and 1
and 1
and 1
and 1
and 1
and 1
and 1
and 1
and 1
and 1
and 1
and 1
and 1
and 1
and 1
and 1
and 1
and 1
and 1
and 1
and 1
and 1
and 1
and 1
and 1
and 1
and 1
and 1
and 1
and 1
and 1
and 1
and 1
and 1
and 1
and 1
and 1
and 1
and 1
and 1
and 1
and 1
and 1
and 1
and 1
and 1
and 1
and 1
and 1
and 1
and 1
and 1
and 1
and 1
and 1
and 1
and 1
and 1
and 1
and 1
and 1
and 1
and 1
and 1
and 1
and 1
and 1
and 1
and 1
and 1
and 1
and 1
and 1
and 1
and 1
and 1
and 1
and 1
and 1
and 1
and 1
and 1
and 1
and 1
and 1
and 1
and 1
and 1
and 1
and 1
and 1
and 1
and 1
and 1
and 1
and 1
and 1
and 1
and 1
and 1
and 1
and 1
and 1
and 1
and 1
and 1
and 1
and 1
and 1
and 1
and 1
and 1
and 1
and 1
and 1
and 1
and 1
and 1
and 1
and 1
and 1
and 1
and 1
and 1
and 1
and 1
and 1
and 1
and 1
and 1
and 1
and 1
and 1
and 1
and 1
and 1
and 1
and 1
and 1
and 1
and 1
and 1
and 1
and 1
and 1
and 1
and 1
and 1
and 1
and 1
and 1
and 1
and 1
and 1
and 1
and 1
and 1
and 1
and 1
and 1
and 1
and 1
and 1
and 1
and 1
and 1
and 1
and 1
and 1
and 1
and 1
and 1
and 1
and 1
and 1
and 1
and 1
and 1
and 1
and 1
and 1
and 1
and 1
and 1
and 1
and 1
and 1
and 1
and 1
and 1
and 1
and 1
and 1
and 1
and 1
and 1
and 1
and 1
and 1
and 1
and 1
and 1
and 1
and 1
and 1
and 1
and 1
and 1
and 1
and 1
and 1
and 1
and 1
and 1
and 1
and 1
and 1
and 1
and 1
and 1
and 1
and 1
and 1
and 1
and 1
and 1
and 1
and 1
and 1
and 1
and 1
and 1
and 1
and 1
and 1
and 1
and 1
and 1
and 1
and 1
and 1
and 1
and 1
and 1
and 1
and 1
and 1
and 1
and 1
and 1
and 1
and 1
and 1
and 1
and 1
and 1
and 1
and 1
and 1
and 1
and 1
and 1
and 1
and 1
and 1
and 1
and 1
and 1
and 1
and 1
and 1
and 1
and 1
and 1
and 1
and 1
and 1
and 1
and 1
and 1
and 1
and 1
and 1
and 1
and 1
and 1
and 1
and 1
and 1
and 1
and 1
and 1
and 1
and 1
and 1
and 1
and 1
and 1
and 1
and 1
and 1
and 1
and 1
and 1
and 1
and 1
and 1
and 1
and 1
and 1
and 1
and 1
and 1
and 1
and 1
and 1
and 1
and 1
and 1
and 1
and 1
and 1
and 1
and 1
and 1
and 1
and 1
and 1
and 1
and 1
and 1
and 1
and 1
and 1
and 1
and 1
and 1
and 1
and 1
and 1
and 1
and 1
and 1
and 1
and 1
and 1
and 1
and 1
and 1
and 1
and 1
and 1
and 1
and 1
and 1
and 1
and 1
and 1
and 1
and 1
and 1
and 1
and 1
and 1
and 1
and 1
and 1
and 1
and 1
and 1
and 1
and 1
and 1
and 1
and 1
and 1
and 1
and 1
and 1
and 1
and 1
and 1
and 1
and 1
and 1
and 1
and 1
and 1
and 1
and 1
and 1
and 1
and 1
and 1
and 1
and 1
and 1
and 1
and 1
and 1
and 1
and 1
and 1
and 1
and 1
and 1
and 1
and 1
and 1
and 1
and 1
and 1
and 1
and 1
and 1
and 1
and 1
and 1
and 1
and 1
and 1
and 1
and 1
and 1
and 1
and 1
and 1
and 1
and 1
and 1
and 1
and 1
and 1
and 1
and 1
and 1
and 1
and 1
and 1
and 1
and 1
and 1
and 1
and 1
and 1
and 1
and 1
and 1
and 1
and 1
and 1
and 1
and 1
and 1
and 1
and 1
and 1
and 1
and 1
and 1
and 1
and 1
and 1
and 1
and 1
and 1
and 1
and 1
and 1
and 1
and 1
and 1
and 1
and 1
and 1
and 1
and 1
and 1
and 1
and 1
and 1
and 1
and 1
and 1
and 1
and 1
and 1
and 1
and 1
and 1
and 1
and 1
and 1
and 1
and 1
and 1
and 1
and 1
and 1
and 1
and 1
and 1
and 1
and 1
and 1
and 1
and 1
and 1
and 1
and 1
and 1
and 1
and 1
and 1
and 1
and 1
and 1
and 1
and 1
and 1
and 1
and 1
and 1
and 1
and 1
and 1
and 1
and 1
and 1
and 1
and 1
and 1
and 1
and 1
and 1
and 1
and 1
and 1
and 1
and 1
and 1
and 1
and 1
and 1
and 1
and 1
and 1
and 1
and 1
and 1
and 1
and 1
and 1
and 1
and 1
and 1
and 1
and 1
and 1
and 1
and 1
and 1
and 1
and 1
and 1
and 1
and 1
and 1
and 1
and 1
and 1
and 1
and 1
and 1
and 1
and 1
and 1
and 1
and 1
and 1
and 1
and 1
and 1
and 1
and 1
and 1
and 1
and 1
and 1
and 1
and 1
and 1
and 1
and 1
and 1
and 1
and 1
and 1
and 1
and 1
and 1
and 1
and 1
and 1
and 1
and 1
and 1
and 1
and 1
and 1
and 1
and 1
and 1
and 1
and 1
and 1
and 1
and 1
and 1
and 1
and 1
and 1
and 1
and 1
and 1
and 1
and 1
and 1
and 1
and 1
and 1
and 1
and 1
and 1
and 1
and 1
and 1
and 1
and 1
and 1
and 1
and 1
and 1
and 1
and 1
and 1
and 1
and 1
and 1
and 1
and 1
and 1
and 1
and 1
and 1
and 1
and 1
and 1
and 1
and 1
and 1
and 1
and 1
and 1
and 1
and 1
and 1
and 1
and 1
and 1
and 1
and 1
and 1
and 1
and 1
and 1
and 1
and 1
and 1
and 1
and 1
and 1
and 1
and 1
and 1
and 1
and 1
and 1
and 1
and 1
and 1
and 1
and 1
and 1
and 1
and 1
and 1
and 1
and 1
and 1
and 1
and 1
and 1
and 1
and 1
and 1
and 1
and 1
and 1
and 1
and 1
and 1
and 1
and 1
and 1
and 1
and 1
and 1
and 1
and 1
and 1
and 1
and 1
and 1
and 1
and 1
and 1
and 1
and 1
and 1
and 1
and 1
and 1
and 1
and 1
and 1
and 1
and 1
and 1
and 1
and 1
and 1
and 1
and 1
and 1
and 1
and 1
and 1
and 1
and 1
and 1
and 1
and 1
and 1
and 1
and 1
and 1
and 1
and 1
and 1
and 1
and 1
and 1
and 1
and 1
and 1
and 1
and 1
and 1
and 1
and 1
and 1
and 1
and 1
and 1
and 1
and 1
and 1
and 1
and 1
and 1
and 1
and 1
and 1
and 1
and 1
and 1
and 1
and 1
and 1
and 1
and 1
and 1
and 1
and 1
and 1
and 1
and 1
and 1
and 1
and 1
and 1
and 1
and 1
and 1
and 1
and 1
and 1
and 1
and 1
and 1
and 1
and 1
and 1
and 1
and 1
and 1
and 1
and 1
and 1
and 1
and 1
and 1
and 1
and 1
and 1
and 1
and 1
and 1
and 1
and 1
and 1
and 1
and 1
and 1
and 1
and 1
and 1
and 1
and 1
and 1
and 1
and 1
and 1
and 1
and 1
and 1
and 1
and 1
and 1
and 1
and 1
and 1
and 1
and 1
and 1
and 1
and 1
and 1
and 1
and 1
and 1
and 1
and 1
and 1
and 1
and 1
and 1
and 1
and 1
and 1
and 1
and 1
and 1
and 1
and 1
and 1
and 1
and 1
and 1
and 1
and 1
and 1
and 1
and 1
and 1
and 1
and 1
and 1
and 1
and 1
and 1
and 1
and 1
and 1
and 1
and 1
and 1
and 1
and 1
and 1
and 1
and 1
and 1
and 1
and 1
and 1
and 1
and 1
and 1
and 1
and 1
and 1
and 1
and 1
and 1
and 1
and 1
and 1
and 1
and 1
and 1
and 1
and 1
and 1
and 1
and 1
and 1
and 1
and 1
and 1
and 1
and 1
and 1
and 1
and 1
and 1
and 1
and 1
and 1
and 1
and 1
and 1
and 1
and 1
and 1
and 1
and 1
and 1
and 1
and 1
and 1
and 1
and 1
and 1
and 1
and 1
and 1
and 1
and 1
and 1
and 1
and 1
and 1
and 1
and 1
and 1
and 1
and 1
and 1
and 1
and 1
and 1
and 1
and 1
and 1
and 1
and 1
and 1
and 1
and 1
and 1
and 1
and 1
and 1
and 1
and 1
and 1
and 1
and 1
and 1
and 1
and 1
and 1
and 1
and 1
and 1
and 1
and 1
and 1
and 1
and 1
and 1
and 1
and 1
and 1
and 1
and 1
and 1
and 1
and 1
and 1
and 1
and 1
and 1
and 1
and 1
and 1
and 1
and 1
and 1
and 1
and 1
and 1
and 1
and 1
and 1
and 1
and 1
and 1
and 1
and 1
and 1
and 1
and 1
and 1
and 1
and 1
and 1
and 1
and 1
and 1
and 1
and 1
and 1
and 1
and 1
and 1
and 1
and 1
and 1
and 1
and 1
and 1
and 1
and 1
and 1
and 1
and 1
and 1
and 1
and 1
and 1
and 1
and 1
and 1
and 1
and 1
and 1
and 1
and 1
and 1
and 1
and 1
and 1
and 1
and 1
and 1
and 1
and 1
and 1
and 1
and 1
and 1
and 1
and 1
and 1
and 1
and 1
and 1
and 1
and 1
and 1
and 1
and 1
and 1
and 1
and 1
and 1
and 1
and 1
and 1
and 1
and 1
and 1
and 1
and 1
and 1
and 1
and 1
and 1
and 1
and 1
and 1
and 1
and 1
and 1
and 1
and 1
and 1
and 1
and 1
and 1
and 1
and 1
and 1
and 1
and 1
and 1
and 1
and 1
and 1
and 1
and 1
and 1
and 1
and 1
and 1
and 1
and 1
and 1
and 1
and 1
and 1
and 1
and 1
and 1
and 1
and 1
and 1
and 1
and 1
and 1
and 1
and 1
and 1
and 1
and 1
and 1
and 1
and 1
and 1
and 1
and 1
and 1
and 1
and 1
and 1
and 1
and 1
and 1
and 1
and 1
and 1
and 1
and 1
and 1
and 1
and 1
and 1
and 1
and 1
and 1
and 1
and 1
and 1
and 1
and 1
and 1
and 1
and 1
and 1
and 1
and 1
and 1
and 1
and 1
and 1
and 1
and 1
and 1
and 1
and 1
and 1
and 1
and 1
and 1
and 1
and 1
and 1
and 1
and 1
and 1
and 1
and 1
and 1
and 1
and 1
and 1
and 1
and 1
and 1
and 1
and 1
and 1
and 1
and 1
and 1
and 1
and 1
and 1
and 1
and 1
and 1
and 1
and 1
and 1
and 1
and 1
and 1
and 1
and 1
and 1
and 1
and 1
and 1
and 1
and 1
and 1
and 1
and 1
and 1
and 1
and 1
and 1
and 1
and 1
and 1
and 1
and 1
and 1
and 1
and 1
and 1
and 1
and 1
and 1
and 1
and 1
and 1
and 1
and 1
and 1
and 1
and 1
and 1
and 1
and 1
and 1
and 1
and 1
and 1
and 1
and 1
and 1
and 1
and 1
and 1
and 1
and 1
and 1
and 1
and 1
and 1
and 1
and 1
and 1
and 1
and 1
and 1
and 1
and 1
and 1
and 1
and 1
and 1
and 1
and 1
and 1
and 1
and 1
and 1
and 1
and 1
and 1
and 1
and 1
and 1
and 1
and 1
and 1
and 1
and 1
and 1
and 1
and 1
and 1
and 1
and 1
and 1
and 1
and 1
and 1
and 1
and 1
and 1
and 1
and 1
and 1
and 1
and 1
and 1
and 1
and 1
and 1
and 1
and 1
and 1
and 1
and 1
and 1
and 1
and 1
and 1
and 1
and 1
and 1
and 1
and 1
and 1
and 1
and 1
and 1
and 1
and 1
and 1
and 1
and 1
and 1
and 1
and 1
and 1
and 1
and 1
and 1
and 1
and 1
and 1
and 1
and 1
and 1
and 1
and 1
and 1
and 1
and 1
and 1
and 1
and 1
and 1
and 1
and 1
and 1
and 1
and 1
and 1
and 1
and 1
and 1
and 1
and 1
and 1
and 1
and 1
and 1
and 1
and 1
and 1
and 1
and 1
and 1
and 1
and 1
and 1
and 1
and 1
and 1
and 1
and 1
and 1
and 1
and 1
and 1
and 1
and 1
and 1
and 1
and 1
and 1
and 1
and 1
and 1
and 1
and 1
and 1
and 1
and 1
and 1
and 1
and 1
and 1
and 1
and 1
and 1
and 1
and 1
and 1
and 1
and 1
and 1
and 1
and 1
and 1
and 1
and 1
and 1
and 1
and 1
and 1
and 1
and 1
and 1
and 1
and 1
and 1
and 1
and 1
and 1
and 1
and 1
and 1
and 1
and 1
and 1
and 1
and 1
and 1
and 1
and 1
and 1
and 1
and 1
and 1
and 1
and 1
and 1
and 1
and 1
and 1
and 1
and 1
and 1
and 1
and 1
and 1
and 1
and 1
and 1
and 1
and 1
and 1
and 1
and 1
and 1
and 1
and 1
and 1
and 1
and 1
and 1
and 1
and 1
and 1
and 1
and 1
and 1
and 1
and 1
and 1
and 1
and 1
and 1
and 1
and 1
and 1
and 1
and 1
and 1
and 1
and 1
and 1
and 1
and 1
and 1
and 1
and 1
and 1
and 1
and 1
and 1
and 1
and 1
and 1
and 1
and 1
and 1
and 1
and 1
and 1
and 1
and 1
and 1
and 1
and 1
and 1
and 1
and 1
and 1
and 1
and 1
and 1
and 1
and 1
and 1
and 1
and 1
and 1
and 1
and 1
and 1
and 1
and 1
and 1
and 1
and 1
and 1
and 1
and 1
and 1
and 1
and 1
and 1
and 1
and 1
and 1
and 1
and 1
and 1
and 1
and 1
and 1
and 1
and 1
and 1
and 1
and 1
and 1
and 1
and 1
and 1
and 1
and 1
and 1
and 1
and 1
and 1
and 1
and 1
and 1
and 1
and 1
and 1
and 1
and 1
and 1
and 1
and 1
and 1
and 1
and 1
and 1
and 1
and 1
and 1
and 1
and 1
and 1
and 1
and 1
and 1
and 1
and 1
and 1
and 1
and 1
and 1
and 1
and 1
and 1
and 1
and 1
and 1
and 1
and 1
and 1
and 1
and 1
and 1
and 1
and 1
and 1
and 1
and 1
and 1
and 1
and 1
and 1
and 1
and 1
and 1
and 1
and 1
and 1
and 1
and 1
and 1
and 1
and 1
and 1
and 1
and 1
and 1
and 1
and 1
and 1
and 1
and 1
and 1
and 1
and 1
and 1
and 1
and 1
and 1
and 1
and 1
and 1
and 1
and 1
and 1
and 1
and 1
and 1
and 1
and 1
and 1
and 1
and 1
and 1
and 1
and 1
and 1
and 1
and 1
and 1
and 1
and 1
and 1
and 1
and 1
and 1
and 1
and 1
and 1
and 1
and 1
and 1
and 1
and 1
and 1
and 1
and 1
and 1
and 1
and 1
and 1
and 1
and 1
and 1
and 1
and 1
and 1
and 1
and 1
and 1
and 1
and 1
and 1
and 1
and 1
and 1
and 1
and 1
and 1
and 1
and 1
and 1
and 1
and 1
and 1
and 1
and 1
and 1
and 1
and 1
and 1
and 1
and 1
and 1
and 1
and 1
and 1
and 1
and 1
and 1
and 1
and 1
and 1
and 1
and 1
and 1
and 1
and 1
and 1
and 1
and 1
and 1
and 1
and 1
and 1
and 1
and 1
and 1
and 1
and 1
and 1
and 1
and 1
and 1
and 1
and 1
and 1
and 1
and 1
and 1
and 1
and 1
and 1
and 1
and 1
and 1
and 1
and 1
and 1
and 1
and 1
and 1
and 1
and 1
and 1
and 1
and 1
and 1
and 1
and 1
and 1
and 1
and 1
and 1
and 1
and 1
and 1
and 1
and 1
and 1
and 1
and 1
and 1
and 1
and 1
and 1
and 1
and 1
and 1
and 1
and 1
and 1
and 1
and 1
and 1
and 1
and 1
and 1
and 1
and 1
and 1
and 1
and 1
and 1
and 1
and 1
and 1
and 1
and 1
and 1
and 1
and 1
and 1
and 1
and 1
and 1
and 1
and 1
and 1
and 1
and 1
and 1
and 1
and 1
and 1
and 1
and 1
and 1
and 1
and 1
and 1
and 1
and 1
and 1
and 1
and 1
and 1
and 1
and 1
and 1
and 1
and 1
and 1
and 1
and 1
and 1
and 1
and 1
and 1
and 1
and 1
and 1
and 1
and 1
and 1
and 1
and 1
and 1
and 1
and 1
and 1
and 1
and 1
and 1
and 1
and 1
and 1
and 1
and 1
and 1
and 1
and 1
and 1
and 1
and 1
and 1
and 1
and 1
and 1
and 1
and 1
and 1
and 1
and 1
and 1
and 1
and 1
and 1
and 1
and 1
and 1
and 1
and 1
and 1
and 1
and 1
and 1
and 1
and 1
and 1
and 1
and 1
and 1
and 1
and 1
and 1
and 1
and 1
and 1
and 1
and 1
and 1
and 1
and 1
and 1
and 1
and 1
and 1
and 1
and 1
and 1
and 1
and 1
and 1
and 1
and 1
and 1
and 1
and 1
and 1
and 1
and 1
and 1
and 1
and 1
and 1
and 1
and 1
and 1
and 1
and 1
and 1
and 1
and 1
and 1
and 1
and 1
and 1
and 1
and 1
and 1
and 1
and 1
and 1
and 1
and 1
and 1
and 1
and 1
and 1
and 1
and 1
and 1
and 1
and 1
and 1
and 1
and 1
and 1
and 1
and 1
and 1
and 1
and 1
and 1
and 1
and 1
and 1
and 1
and 1
and 1
and 1
and 1
and 1
and 1
and 1
and 1
and 1
and 1
and 1
and 1
and 1
and 1
and 1
and 1
and 1
and 1
and 1
and 1
and 1
and 1
and 1
and 1
and 1
and 1
and 1
and 1
and 1
and 1
and 1
and 1
and 1
and 1
and 1
and 1
and 1
and 1
and 1
and 1
and 1
and 1
and 1
and 1
and 1
and 1
and 1
and 1
and 1
and 1
and 1
and 1
and 1
and 1
and 1
and 1
and 1
and 1
and 1
and 1
and 1
and 1
and 1
and 1
anger 1
angry 1
angry 1
angry 1
angry 1
angry 1
another 1
another 1
another 1
another 1
another 1
another 1
another 1
another 1
another 1
another 1
another 1
another 1
another 1
another 1
another 1
another 1
answered 1
answered 1
answered 1
answered 1
answered 1
answered 1
answered 1
answered 1
answered 1
answered 1
answered 1
answered 1
answered 1
answered 1
answered 1
answered 1
answered 1
answered 1
answered 1
answered 1
answered 1
answered 1
answered 1
answered 1
answered 1
answered 1
answered 1
answered 1
answered 1
answered 1
answered 1
answered 1
answered 1
answered 1
answered 1
answered 1
answered 1
answered 1
answered 1
answered 1
answered 1
answered 1
answered 1
answered 1
answered 1
answered 1
answered 1
answered 1
answered 1
answered 1
answered 1
answered 1
answered 1
answered 1
answered 1
answered 1
answered 1
answered 1
answered 1
answered 1
answered 1
answered 1
answered 1
answered 1
answered 1
answered 1
answered 1
answered 1
answered 1
answered 1
answered 1
answered 1
answered 1
answered 1
answered 1
answered 1
answered 1
answered 1
answered 1
answered 1
answered 1
answered 1
answered 1
answered 1
answered 1
answered 1
answered 1
appear 1
appear 1
appearances 1
appetites 1
applaud 1
appreciation 1
appreciation 1
appreciation 1
approvingly 1
apt 1
arbiter 1
arrive 1
arrive 1
arrived 1
arrived 1
arrived 1
art 1
art 1
art 1
art 1
art 1
art 1
art 1
art 1
art 1
art 1
art 1
art 1
art 1
art 1
art 1
art 1
art 1
art 1
art 1
art 1
art 1
art 1
art 1
art 1
art 1
art 1
art 1
art 1
art 1
art 1
art 1
art 1
art 1
art 1
art 1
art 1
art 1
art 1
art 1
art 1
art 1
art 1
art 1
art 1
art 1
art 1
art 1
art 1
art 1
art 1
art 1
art 1
art 1
art 1
art 1
art 1
art 1
art 1
art 1
art 1
art 1
art 1
art 1
art 1
art 1
art 1
art 1
art 1
art 1
art 1
art 1
art 1
art 1
art 1
art 1
artistic 1
artistic 1
artistic 1
artistic 1
artistic 1
artistic 1
artistic 1
artistically 1
ass 1
ass 1
at 1
at 1
at 1
at 1
at 1
at 1
at 1
at 1
at 1
at 1
at 1
at 1
at 1
at 1
at 1
at 1
at 1
at 1
at 1
at 1
at 1
at 1
at 1
at 1
at 1
at 1
at 1
at 1
at 1
at 1
at 1
at 1
at 1
at 1
at 1
at 1
at 1
at 1
at 1
at 1
at 1
at 1
at 1
at 1
at 1
at 1
at 1
at 1
at 1
at 1
at 1
at 1
at 1
at 1
at 1
at 1
at 1
at 1
at 1
at 1
at 1
at 1
at 1
at 1
at 1
at 1
at 1
at 1
at 1
at 1
at 1
at 1
at 1
at 1
at 1
at 1
at 1
at 1
at 1
at 1
at 1
at 1
at 1
at 1
at 1
at 1
at 1
at 1
at 1
at 1
at 1
at 1
at 1
at 1
at 1
at 1
at 1
at 1
at 1
at 1
at 1
at 1
at 1
at 1
at 1
at 1
at 1
at 1
at 1
at 1
at 1
at 1
at 1
at 1
at 1
at 1
at 1
at 1
at 1
at 1
at 1
at 1
at 1
at 1
at 1
at 1
at 1
at 1
at 1
at 1
at 1
at 1
at 1
at 1
at 1
at 1
at 1
at 1
at 1
at 1
at 1
at 1
at 1
at 1
at 1
at 1
at 1
at 1
at 1
at 1
at 1
at 1
at 1
at 1
at 1
at 1
at 1
at 1
at 1
at 1
at 1
at 1
at 1
at 1
at 1
at 1
at 1
at 1
at 1
at 1
at 1
at 1
at 1
at 1
at 1
at 1
at 1
at 1
at 1
at 1
at 1
at 1
at 1
at 1
at 1
at 1
at 1
at 1
at 1
at 1
at 1
at 1
at 1
at 1
at 1
at 1
at 1
at 1
at 1
at 1
at 1
at 1
at 1
at 1
at 1
at 1
at 1
at 1
at 1
at 1
at 1
at 1
at 1
at 1
at 1
at 1
at 1
at 1
at 1
at 1
at 1
at 1
at 1
at 1
at 1
at 1
at 1
at 1
at 1
at 1
at 1
at 1
at 1
at 1
at 1
at 1
at 1
at 1
at 1
at 1
at 1
at 1
at 1
at 1
at 1
at 1
at 1
at 1
at 1
at 1
at 1
at 1
at 1
at 1
at 1
at 1
at 1
at 1
at 1
at 1
at 1
at 1
at 1
at 1
at 1
at 1
at 1
at 1
at 1
at 1
at 1
at 1
at 1
at 1
at 1
at 1
at 1
at 1
at 1
at 1
at 1
at 1
at 1
at 1
at 1
at 1
at 1
at 1
at 1
at 1
at 1
at 1
at 1
at 1
at 1
at 1
at 1
at 1
at 1
at 1
at 1
at 1
at 1
at 1
at 1
at 1
at 1
at 1
at 1
at 1
at 1
at 1
at 1
at 1
at 1
at 1
at 1
at 1
at 1
at 1
at 1
at 1
at 1
at 1
at 1
at 1
at 1
at 1
at 1
at 1
at 1
at 1
at 1
at 1
at 1
at 1
at 1
at 1
at 1
at 1
at 1
at 1
at 1
at 1
at 1
at 1
at 1
at 1
at 1
at 1
at 1
at 1
at 1
at 1
at 1
at 1
at 1
at 1
at 1
at 1
at 1
at 1
at 1
at 1
at 1
at 1
at 1
at 1
at 1
at 1
at 1
at 1
at 1
at 1
at 1
at 1
at 1
at 1
at 1
at 1
at 1
at 1
at 1
at 1
at 1
at 1
at 1
at 1
at 1
at 1
at 1
at 1
at 1
at 1
at 1
at 1
at 1
at 1
at 1
at 1
at 1
at 1
at 1
at 1
at 1
at 1
at 1
at 1
at 1
at 1
at 1
at 1
at 1
at 1
at 1
at 1
at 1
at 1
at 1
at 1
at 1
at 1
at 1
at 1
at 1
at 1
at 1
at 1
at 1
at 1
at 1
at 1
at 1
at 1
at 1
at 1
at 1
at 1
at 1
at 1
at 1
at 1
at 1
at 1
at 1
at 1
at 1
at 1
at 1
at 1
at 1
at 1
at 1
at 1
at 1
at 1
at 1
at 1
at 1
at 1
at 1
at 1
at 1
at 1
at 1
at 1
at 1
at 1
at 1
at 1
at 1
at 1
at 1
at 1
at 1
at 1
at 1
at 1
at 1
at 1
at 1
at 1
at 1
at 1
at 1
at 1
at 1
at 1
at 1
at 1
at 1
at 1
at 1
at 1
at 1
at 1
at 1
at 1
at 1
at 1
at 1
at 1
at 1
at 1
at 1
at 1
at 1
at 1
at 1
at 1
at 1
at 1
at 1
at 1
at 1
at 1
at 1
at 1
at 1
at 1
at 1
at 1
at 1
at 1
at 1
at 1
at 1
at 1
at 1
at 1
at 1
at 1
at 1
at 1
at 1
at 1
at 1
at 1
at 1
at 1
at 1
at 1
at 1
at 1
at 1
at 1
atoned 1
attempt 1
audace 1
automatons 1
averted 1
avoid 1
awe 1
back 1
back 1
back 1
back 1
back 1
back 1
back 1
back 1
back 1
back 1
back 1
back 1
back 1
back 1
back 1
back 1
back 1
back 1
back 1
back 1
back 1
back 1
back 1
back 1
back 1
back 1
back 1
back 1
back 1
back 1
back 1
back 1
back 1
back 1
back 1
back 1
back 1
back 1
back 1
back 1
back 1
back 1
back 1
back 1
back 1
back 1
back 1
back 1
back 1
back 1
back 1
back 1
back 1
back 1
back 1
back 1
back 1
back 1
back 1
back 1
back 1
back 1
back 1
back 1
back 1
back 1
back 1
back 1
back 1
back 1
back 1
back 1
back 1
back 1
back 1
back 1
back 1
back 1
back 1
back 1
back 1
back 1
back 1
back 1
back 1
back 1
back 1
back 1
back 1
back 1
back 1
back 1
back 1
back 1
back 1
back 1
back 1
back 1
back 1
back 1
band 1
bareheaded 1
bareheaded 1
based 1
based 1
battened 1
bears 1
beaten 1
beats 1
beau 1
beetle 1
behave 1
behaved 1
believing 1
belonging 1
bezoar 1
binary 1
binding 1
bitterness 1
blackballed 1
bloom 1
bloom 1
bloom 1
blossom 1
blossom 1
born 1
born 1
born 1
born 1
born 1
born 1
box 1
box 1
box 1
box 1
box 1
box 1
box 1
box 1
box 1
box 1
box 1
box 1
box 1
box 1
brains 1
brains 1
brass 1
brass 1
bravest 1
breakfast 1
breakfast 1
breakfast 1
breakfast 1
brighter 1
brighter 1
brings 1
brings 1
brings 1
brings 1
brought 1
brought 1
brought 1
brought 1
brought 1
brought 1
brought 1
brought 1
brought 1
brought 1
brought 1
brought 1
brought 1
brought 1
brought 1
brought 1
brought 1
brought 1
brought 1
brought 1
brought 1
brought 1
brought 1
brought 1
brought 1
brought 1
brought 1
bubbles 1
burdened 1
burdened 1
burning 1
burning 1
burning 1
burning 1
burning 1
burning 1
burning 1
burning 1
butterfly 1
buzz 1
cadence 1
cadence 1
cakes 1
calumnies 1
caprice 1
caprice 1
caprice 1
cards 1
cards 1
carved 1
carved 1
carved 1
carved 1
catch 1
catch 1
catch 1
ceiling 1
ceiling 1
ceiling 1
ceiling 1
centaurs 1
certainly 1
certainly 1
certainly 1
certainly 1
certainly 1
certainly 1
certainly 1
certainly 1
certainly 1
certainly 1
certainly 1
certainly 1
certainly 1
certainly 1
certainly 1
certainly 1
certainly 1
certainly 1
certainly 1
certainly 1
certainly 1
certainly 1
certainly 1
certainly 1
certainly 1
certainly 1
certainly 1
certainly 1
chancing 1
changing 1
changing 1
changing 1
changing 1
cheeks 1
cheeks 1
cheeks 1
cheeks 1
cheeks 1
cheeks 1
cheeks 1
cheeks 1
cheeks 1
cheeks 1
cheeks 1
chest 1
chest 1
chest 1
chest 1
chest 1
chirrup 1
choice 1
choice 1
choice 1
choice 1
choice 1
choice 1
choice 1
choking 1
church 1
church 1
churchyard 1
circus 1
civilized 1
civilized 1
civilized 1
clammy 1
clatter 1
clean 1
clean 1
cling 1
clue 1
clue 1
clusters 1
clusters 1
colder 1
comedy 1
commit 1
commit 1
commit 1
commit 1
commit 1
commonest 1
compelled 1
confirmation 1
confirmed 1
confirmed 1
consciousness 1
consciousness 1
consciousness 1
consciousness 1
conservatory 1
conservatory 1
conservatory 1
conservatory 1
conservatory 1
conspiracy 1
convent 1
convinced 1
copper 1
copper 1
copper 1
copper 1
copper 1
copy 1
copy 1
copy 1
copy 1
copy 1
copy 1
copy 1
copy 1
copy 1
copy 1
copy 1
copy 1
copy 1
copy 1
copy 1
corporals 1
corps 1
could 1
could 1
could 1
could 1
could 1
could 1
could 1
could 1
could 1
could 1
could 1
could 1
could 1
could 1
could 1
could 1
could 1
could 1
could 1
could 1
could 1
could 1
could 1
could 1
could 1
could 1
could 1
could 1
could 1
could 1
could 1
could 1
could 1
could 1
could 1
could 1
could 1
could 1
could 1
could 1
could 1
could 1
could 1
could 1
could 1
could 1
could 1
could 1
could 1
could 1
could 1
could 1
could 1
could 1
could 1
could 1
could 1
could 1
could 1
could 1
could 1
could 1
could 1
could 1
could 1
could 1
could 1
could 1
could 1
could 1
could 1
could 1
could 1
could 1
could 1
could 1
could 1
could 1
could 1
could 1
could 1
could 1
could 1
could 1
could 1
could 1
could 1
could 1
could 1
could 1
could 1
could 1
could 1
could 1
could 1
could 1
could 1
could 1
could 1
could 1
could 1
could 1
could 1
could 1
could 1
could 1
could 1
could 1
could 1
could 1
could 1
could 1
could 1
could 1
could 1
could 1
could 1
could 1
could 1
could 1
could 1
could 1
could 1
could 1
could 1
could 1
could 1
could 1
could 1
could 1
could 1
could 1
could 1
could 1
could 1
could 1
counters 1
counters 1
creature 1
creature 1
creature 1
creature 1
creature 1
creature 1
creature 1
creature 1
creeping 1
creeping 1
creeping 1
creeping 1
creeping 1
creeping 1
creeping 1
creeping 1
crescent 1
crimes 1
crisp 1
crisp 1
crowd 1
crowd 1
crowd 1
crowd 1
crush 1
crush 1
crush 1
crush 1
curiosity 1
curiosity 1
curiosity 1
curiosity 1
curiosity 1
curiosity 1
curiosity 1
curiosity 1
curiosity 1
curiosity 1
curiosity 1
curiosity 1
curtained 1
curtained 1
cynical 1
cynical 1
cynical 1
dainty 1
dainty 1
dainty 1
dainty 1
dainty 1
dainty 1
dandyism 1
danger 1
danger 1
danger 1
danger 1
danger 1
dawned 1
days 1
days 1
days 1
days 1
days 1
days 1
days 1
days 1
days 1
days 1
days 1
days 1
days 1
days 1
days 1
days 1
days 1
days 1
days 1
days 1
days 1
days 1
days 1
days 1
days 1
days 1
deadly 1
deadly 1
deadly 1
deadly 1
dealings 1
defect 1
defect 1
defect 1
definition 1
delight 1
delight 1
delight 1
delight 1
delight 1
delight 1
delight 1
den 1
den 1
den 1
deprived 1
derivative 1
derivative 1
derivative 1
despise 1
destroyed 1
destroyed 1
destroyed 1
destroyed 1
destroyed 1
destroyed 1
destroyed 1
destroyed 1
determine 1
develop 1
development 1
development 1
development 1
development 1
diaper 1
did 1
did 1
did 1
did 1
did 1
did 1
did 1
did 1
did 1
did 1
did 1
did 1
did 1
did 1
did 1
did 1
did 1
did 1
did 1
did 1
did 1
did 1
did 1
did 1
did 1
did 1
did 1
did 1
did 1
did 1
did 1
did 1
did 1
did 1
did 1
did 1
did 1
did 1
did 1
did 1
did 1
did 1
did 1
did 1
did 1
did 1
did 1
did 1
did 1
did 1
did 1
did 1
did 1
did 1
did 1
did 1
did 1
did 1
did 1
did 1
did 1
did 1
did 1
did 1
did 1
did 1
did 1
did 1
did 1
did 1
did 1
did 1
did 1
did 1
did 1
did 1
did 1
did 1
did 1
did 1
did 1
did 1
did 1
did 1
did 1
did 1
difficulty 1
difficulty 1
digging 1
dingy 1
dingy 1
dingy 1
dining 1
dining 1
dining 1
dining 1
dining 1
dining 1
direct 1
disappoint 1
discontent 1
disengaged 1
disguise 1
disguise 1
disguised 1
dissecting 1
distant 1
distant 1
distant 1
distinguishing 1
distinguishing 1
distrusted 1
doesn 1
doesn 1
doesn 1
doesn 1
doesn 1
doesn 1
doesn 1
doesn 1
doesn 1
doesn 1
doesn 1
doesn 1
dreary 1
dressing 1
dressing 1
dressing 1
dressing 1
dressing 1
dressing 1
dressing 1
drowsily 1
e 1
ears 1
ears 1
ears 1
ears 1
ears 1
ears 1
editions 1
editions 1
editions 1
editions 1
editions 1
educate 1
effective 1
ego 1
elaborate 1
elaborate 1
elaborate 1
elaborate 1
elaborate 1
elaborate 1
elaborate 1
elaborate 1
elaborate 1
elaborate 1
eldest 1
elect 1
elect 1
elect 1
endure 1
epigram 1
eras 1
erect 1
exaggerated 1
examined 1
examined 1
examined 1
examined 1
examined 1
examined 1
examined 1
examined 1
experiences 1
experiences 1
explanation 1
explanation 1
explanation 1
explanation 1
explanation 1
explanation 1
explanation 1
expressed 1
expressed 1
eyed 1
eyed 1
facility 1
fainted 1
fainted 1
faithful 1
faithful 1
faithful 1
faithful 1
faithless 1
faithless 1
faithless 1
fan 1
fan 1
fan 1
far 1
far 1
far 1
far 1
far 1
far 1
far 1
far 1
far 1
far 1
far 1
far 1
far 1
far 1
far 1
far 1
far 1
far 1
far 1
far 1
far 1
fascinates 1
fascinates 1
fascinates 1
faster 1
fateful 1
fathers 1
fathers 1
fees 1
fees 1
fees 1
fees 1
fell 1
fell 1
fell 1
fell 1
fell 1
fell 1
fell 1
fell 1
fell 1
fell 1
fell 1
fell 1
fell 1
fell 1
fell 1
fell 1
fell 1
fell 1
fell 1
feverishly 1
fifteen 1
fifteen 1
fifteen 1
fifteen 1
files 1
files 1
fin 1
financial 1
flame 1
flame 1
flame 1
flame 1
flame 1
flat 1
flat 1
fleurs 1
fleurs 1
flies 1
flies 1
foam 1
footed 1
forget 1
forget 1
forget 1
forget 1
forget 1
forget 1
forget 1
forget 1
forget 1
forget 1
forget 1
forget 1
forget 1
forget 1
forget 1
forget 1
forget 1
forget 1
forget 1
forget 1
forget 1
forget 1
forget 1
forget 1
forget 1
forget 1
forget 1
forget 1
forget 1
forget 1
forget 1
forget 1
forget 1
forget 1
forget 1
forgiveness 1
forgiveness 1
forgiveness 1
formless 1
fortnight 1
fortnight 1
fortune 1
forward 1
forward 1
forward 1
forward 1
forward 1
forward 1
forward 1
foulness 1
foulness 1
frame 1
frame 1
frame 1
frame 1
frame 1
frame 1
frame 1
frame 1
frame 1
fraught 1
freely 1
freely 1
freely 1
freely 1
freely 1
friendly 1
frieze 1
fur 1
fur 1
furrow 1
gaining 1
gambling 1
garments 1
gasping 1
gate 1
gauntleted 1
gentlemen 1
gentlemen 1
gentlemen 1
gets 1
gets 1
girls 1
girls 1
girls 1
girls 1
girls 1
girls 1
glare 1
glare 1
globe 1
globe 1
globe 1
globe 1
grasp 1
grassless 1
gravel 1
grossly 1
grossly 1
grossly 1
grumbling 1
guess 1
hailed 1
hailed 1
hailed 1
hairs 1
hall 1
hall 1
hall 1
hall 1
hall 1
hall 1
hall 1
hall 1
hall 1
hall 1
hard 1
hard 1
hard 1
hard 1
hard 1
hard 1
hard 1
hard 1
hard 1
hard 1
harvest 1
haunted 1
haunted 1
haunts 1
hawk 1
hawk 1
helmet 1
heralds 1
heroines 1
heroines 1
hides 1
hides 1
hisses 1
hissing 1
hissing 1
hissing 1
hit 1
hit 1
hit 1
holding 1
holding 1
holding 1
honour 1
honour 1
honour 1
honour 1
honour 1
hopeless 1
hopes 1
horse 1
horse 1
horse 1
horse 1
horse 1
horse 1
horse 1
horse 1
horse 1
horse 1
hounds 1
hours 1
hours 1
hours 1
hours 1
hours 1
hours 1
hours 1
humble 1
hunger 1
hungry 1
hungry 1
hungry 1
hunters 1
hushed 1
hushed 1
hypertext 1
iced 1
imposed 1
impossible 1
impossible 1
impossible 1
impossible 1
impossible 1
impossible 1
impossible 1
impossible 1
impossible 1
impossible 1
impossible 1
impossible 1
impossible 1
impossible 1
impossible 1
in 1
in 1
in 1
in 1
in 1
in 1
in 1
in 1
in 1
in 1
in 1
in 1
in 1
in 1
in 1
in 1
in 1
in 1
in 1
in 1
in 1
in 1
in 1
in 1
in 1
in 1
in 1
in 1
in 1
in 1
in 1
in 1
in 1
in 1
in 1
in 1
in 1
in 1
in 1
in 1
in 1
in 1
in 1
in 1
in 1
in 1
in 1
in 1
in 1
in 1
in 1
in 1
in 1
in 1
in 1
in 1
in 1
in 1
in 1
in 1
in 1
in 1
in 1
in 1
in 1
in 1
in 1
in 1
in 1
in 1
in 1
in 1
in 1
in 1
in 1
in 1
in 1
in 1
in 1
in 1
in 1
in 1
in 1
in 1
in 1
in 1
in 1
in 1
in 1
in 1
in 1
in 1
in 1
in 1
in 1
in 1
in 1
in 1
in 1
in 1
in 1
in 1
in 1
in 1
in 1
in 1
in 1
in 1
in 1
in 1
in 1
in 1
in 1
in 1
in 1
in 1
in 1
in 1
in 1
in 1
in 1
in 1
in 1
in 1
in 1
in 1
in 1
in 1
in 1
in 1
in 1
in 1
in 1
in 1
in 1
in 1
in 1
in 1
in 1
in 1
in 1
in 1
in 1
in 1
in 1
in 1
in 1
in 1
in 1
in 1
in 1
in 1
in 1
in 1
in 1
in 1
in 1
in 1
in 1
in 1
in 1
in 1
in 1
in 1
in 1
in 1
in 1
in 1
in 1
in 1
in 1
in 1
in 1
in 1
in 1
in 1
in 1
in 1
in 1
in 1
in 1
in 1
in 1
in 1
in 1
in 1
in 1
in 1
in 1
in 1
in 1
in 1
in 1
in 1
in 1
in 1
in 1
in 1
in 1
in 1
in 1
in 1
in 1
in 1
in 1
in 1
in 1
in 1
in 1
in 1
in 1
in 1
in 1
in 1
in 1
in 1
in 1
in 1
in 1
in 1
in 1
in 1
in 1
in 1
in 1
in 1
in 1
in 1
in 1
in 1
in 1
in 1
in 1
in 1
in 1
in 1
in 1
in 1
in 1
in 1
in 1
in 1
in 1
in 1
in 1
in 1
in 1
in 1
in 1
in 1
in 1
in 1
in 1
in 1
in 1
in 1
in 1
in 1
in 1
in 1
in 1
in 1
in 1
in 1
in 1
in 1
in 1
in 1
in 1
in 1
in 1
in 1
in 1
in 1
in 1
in 1
in 1
in 1
in 1
in 1
in 1
in 1
in 1
in 1
in 1
in 1
in 1
in 1
in 1
in 1
in 1
in 1
in 1
in 1
in 1
in 1
in 1
in 1
in 1
in 1
in 1
in 1
in 1
in 1
in 1
in 1
in 1
in 1
in 1
in 1
in 1
in 1
in 1
in 1
in 1
in 1
in 1
in 1
in 1
in 1
in 1
in 1
in 1
in 1
in 1
in 1
in 1
in 1
in 1
in 1
in 1
in 1
in 1
in 1
in 1
in 1
in 1
in 1
in 1
in 1
in 1
in 1
in 1
in 1
in 1
in 1
in 1
in 1
in 1
in 1
in 1
in 1
in 1
in 1
in 1
in 1
in 1
in 1
in 1
in 1
in 1
in 1
in 1
in 1
in 1
in 1
in 1
in 1
in 1
in 1
in 1
in 1
in 1
in 1
in 1
in 1
in 1
in 1
in 1
in 1
in 1
in 1
in 1
in 1
in 1
in 1
in 1
in 1
in 1
in 1
in 1
in 1
in 1
in 1
in 1
in 1
in 1
in 1
in 1
in 1
in 1
in 1
in 1
in 1
in 1
in 1
in 1
in 1
in 1
in 1
in 1
in 1
in 1
in 1
in 1
in 1
in 1
in 1
in 1
in 1
in 1
in 1
in 1
in 1
in 1
in 1
in 1
in 1
in 1
in 1
in 1
in 1
in 1
in 1
in 1
in 1
in 1
in 1
in 1
in 1
in 1
in 1
in 1
in 1
in 1
in 1
in 1
in 1
in 1
in 1
in 1
in 1
in 1
in 1
in 1
in 1
in 1
in 1
in 1
in 1
in 1
in 1
in 1
in 1
in 1
in 1
in 1
in 1
in 1
in 1
in 1
in 1
in 1
in 1
in 1
in 1
in 1
in 1
in 1
in 1
in 1
in 1
in 1
in 1
in 1
in 1
in 1
in 1
in 1
in 1
in 1
in 1
in 1
in 1
in 1
in 1
in 1
in 1
in 1
in 1
in 1
in 1
in 1
in 1
in 1
in 1
in 1
in 1
in 1
in 1
in 1
in 1
in 1
in 1
in 1
in 1
in 1
in 1
in 1
in 1
in 1
in 1
in 1
in 1
in 1
in 1
in 1
in 1
in 1
in 1
in 1
in 1
in 1
in 1
in 1
in 1
in 1
in 1
in 1
in 1
in 1
in 1
in 1
in 1
in 1
in 1
in 1
in 1
in 1
in 1
in 1
in 1
in 1
in 1
in 1
in 1
in 1
in 1
in 1
in 1
in 1
in 1
in 1
in 1
in 1
in 1
in 1
in 1
in 1
in 1
in 1
in 1
in 1
in 1
in 1
in 1
in 1
in 1
in 1
in 1
in 1
in 1
in 1
in 1
in 1
in 1
in 1
in 1
in 1
in 1
in 1
in 1
in 1
in 1
in 1
in 1
in 1
in 1
in 1
in 1
in 1
in 1
in 1
in 1
in 1
in 1
in 1
in 1
in 1
in 1
in 1
in 1
in 1
in 1
in 1
in 1
in 1
in 1
in 1
in 1
in 1
in 1
in 1
in 1
in 1
in 1
in 1
in 1
in 1
in 1
in 1
in 1
in 1
in 1
in 1
in 1
in 1
in 1
in 1
in 1
in 1
in 1
in 1
in 1
in 1
in 1
in 1
in 1
in 1
in 1
in 1
in 1
in 1
in 1
in 1
in 1
in 1
in 1
in 1
in 1
in 1
in 1
in 1
in 1
in 1
in 1
in 1
in 1
in 1
in 1
in 1
in 1
in 1
in 1
in 1
in 1
in 1
in 1
in 1
in 1
in 1
in 1
in 1
in 1
in 1
in 1
in 1
in 1
in 1
in 1
in 1
in 1
in 1
in 1
in 1
in 1
in 1
in 1
in 1
in 1
in 1
in 1
in 1
in 1
in 1
in 1
in 1
in 1
in 1
in 1
in 1
in 1
in 1
in 1
in 1
in 1
in 1
in 1
in 1
in 1
in 1
in 1
in 1
in 1
in 1
in 1
in 1
in 1
in 1
in 1
in 1
in 1
in 1
in 1
in 1
in 1
in 1
in 1
in 1
in 1
in 1
in 1
in 1
in 1
in 1
in 1
in 1
in 1
in 1
in 1
in 1
in 1
in 1
in 1
in 1
in 1
in 1
in 1
in 1
in 1
in 1
in 1
in 1
in 1
in 1
in 1
in 1
in 1
in 1
in 1
in 1
in 1
in 1
in 1
in 1
in 1
in 1
in 1
in 1
in 1
in 1
in 1
in 1
in 1
in 1
in 1
in 1
in 1
in 1
in 1
in 1
in 1
in 1
in 1
in 1
in 1
in 1
in 1
in 1
in 1
in 1
in 1
in 1
in 1
in 1
in 1
in 1
in 1
in 1
in 1
in 1
in 1
in 1
in 1
in 1
in 1
in 1
in 1
in 1
in 1
in 1
in 1
in 1
in 1
in 1
in 1
in 1
in 1
in 1
in 1
in 1
in 1
in 1
in 1
in 1
in 1
in 1
in 1
in 1
in 1
in 1
in 1
in 1
in 1
in 1
in 1
in 1
in 1
in 1
in 1
in 1
in 1
in 1
in 1
in 1
in 1
in 1
in 1
in 1
in 1
in 1
in 1
in 1
in 1
in 1
in 1
in 1
in 1
in 1
in 1
in 1
in 1
in 1
in 1
in 1
in 1
in 1
in 1
in 1
in 1
in 1
in 1
in 1
in 1
in 1
in 1
in 1
in 1
in 1
in 1
in 1
in 1
in 1
in 1
in 1
in 1
in 1
in 1
in 1
in 1
in 1
in 1
in 1
in 1
in 1
in 1
in 1
in 1
in 1
in 1
in 1
in 1
in 1
in 1
in 1
in 1
in 1
in 1
in 1
in 1
in 1
in 1
in 1
in 1
in 1
in 1
in 1
in 1
in 1
in 1
in 1
in 1
in 1
in 1
in 1
in 1
in 1
in 1
in 1
in 1
in 1
in 1
in 1
in 1
in 1
in 1
in 1
in 1
in 1
in 1
in 1
in 1
in 1
in 1
in 1
in 1
in 1
in 1
in 1
in 1
in 1
in 1
in 1
in 1
in 1
in 1
in 1
in 1
in 1
in 1
in 1
in 1
in 1
in 1
in 1
in 1
in 1
in 1
in 1
in 1
in 1
in 1
in 1
in 1
in 1
in 1
in 1
in 1
in 1
in 1
in 1
in 1
in 1
in 1
in 1
in 1
in 1
in 1
in 1
in 1
in 1
in 1
in 1
in 1
in 1
in 1
in 1
in 1
in 1
in 1
in 1
in 1
in 1
in 1
in 1
in 1
in 1
in 1
in 1
in 1
in 1
in 1
in 1
in 1
in 1
in 1
in 1
in 1
in 1
in 1
in 1
in 1
in 1
in 1
in 1
in 1
in 1
in 1
in 1
in 1
in 1
in 1
in 1
in 1
in 1
in 1
in 1
in 1
in 1
in 1
in 1
in 1
in 1
in 1
in 1
in 1
in 1
in 1
in 1
in 1
in 1
in 1
in 1
in 1
in 1
in 1
in 1
in 1
in 1
in 1
in 1
in 1
in 1
in 1
in 1
in 1
in 1
in 1
in 1
in 1
in 1
in 1
in 1
in 1
in 1
in 1
in 1
in 1
in 1
in 1
in 1
in 1
in 1
in 1
in 1
in 1
in 1
in 1
in 1
in 1
in 1
in 1
in 1
in 1
in 1
in 1
in 1
in 1
in 1
in 1
in 1
in 1
in 1
in 1
in 1
in 1
in 1
in 1
in 1
in 1
in 1
in 1
in 1
in 1
in 1
in 1
in 1
in 1
in 1
in 1
in 1
in 1
in 1
in 1
in 1
in 1
in 1
in 1
in 1
in 1
in 1
in 1
in 1
in 1
in 1
in 1
in 1
in 1
in 1
in 1
in 1
in 1
in 1
in 1
in 1
in 1
in 1
in 1
in 1
in 1
in 1
in 1
in 1
in 1
in 1
in 1
in 1
in 1
in 1
in 1
in 1
in 1
in 1
in 1
in 1
in 1
in 1
in 1
in 1
in 1
in 1
in 1
in 1
in 1
in 1
in 1
in 1
in 1
in 1
in 1
in 1
in 1
in 1
in 1
in 1
in 1
in 1
in 1
in 1
in 1
in 1
in 1
in 1
in 1
in 1
in 1
inaccurate 1
incompatible 1
incrusted 1
indefinable 1
indefinable 1
individual 1
individual 1
individual 1
individual 1
individual 1
insincerity 1
insolences 1
instantaneously 1
instantaneously 1
instinctively 1
instinctively 1
instinctively 1
intentions 1
interruption 1
introduce 1
introduce 1
introduce 1
introduce 1
introduce 1
introduced 1
introduced 1
introduced 1
involve 1
irony 1
irritating 1
ivory 1
ivory 1
ivory 1
ivory 1
ivory 1
ivory 1
ivory 1
ivory 1
ivory 1
jonquils 1
joviality 1
judge 1
judge 1
judge 1
judge 1
judge 1
jumped 1
jumped 1
jumped 1
keen 1
keepers 1
killed 1
killed 1
killed 1
killed 1
killed 1
killed 1
killed 1
killed 1
killed 1
killed 1
killed 1
killed 1
killed 1
killed 1
killed 1
kilns 1
kindness 1
laboratory 1
laboratory 1
laboratory 1
laboratory 1
laboratory 1
labour 1
lace 1
lace 1
lace 1
lace 1
lace 1
lace 1
lack 1
lack 1
lack 1
lack 1
lack 1
lad 1
lad 1
lad 1
lad 1
lad 1
lad 1
lad 1
lad 1
lad 1
lad 1
lad 1
lad 1
lad 1
lad 1
lad 1
lad 1
lad 1
lad 1
lad 1
lad 1
lad 1
lad 1
lad 1
lad 1
lad 1
lad 1
lad 1
lad 1
lad 1
lad 1
lad 1
lad 1
lad 1
lad 1
lad 1
lad 1
lad 1
lad 1
lad 1
lad 1
lad 1
lad 1
lad 1
lad 1
lad 1
lad 1
lad 1
lad 1
lad 1
lad 1
lad 1
lad 1
lamplit 1
lamps 1
lamps 1
lamps 1
lamps 1
lamps 1
languidly 1
languidly 1
languidly 1
languidly 1
languidly 1
languidly 1
larger 1
laws 1
laws 1
laws 1
laws 1
laws 1
laws 1
laws 1
laws 1
laws 1
laws 1
laws 1
lays 1
leaded 1
leaded 1
leaden 1
leaden 1
leaden 1
leafy 1
leaned 1
leaned 1
leaned 1
leaned 1
leaned 1
learned 1
least 1
least 1
least 1
least 1
least 1
least 1
least 1
least 1
least 1
least 1
least 1
least 1
least 1
least 1
least 1
least 1
least 1
least 1
least 1
least 1
led 1
led 1
led 1
led 1
led 1
led 1
led 1
led 1
led 1
led 1
legacies 1
lending 1
lent 1
lent 1
less 1
less 1
less 1
less 1
less 1
less 1
less 1
less 1
less 1
less 1
less 1
less 1
less 1
less 1
less 1
less 1
less 1
less 1
less 1
liberty 1
library 1
library 1
library 1
library 1
library 1
library 1
library 1
library 1
library 1
library 1
library 1
library 1
library 1
library 1
lies 1
lift 1
lighted 1
lighted 1
lighten 1
liked 1
liked 1
liked 1
liked 1
liked 1
liked 1
liked 1
limbed 1
lining 1
lip 1
lip 1
lip 1
lip 1
lip 1
lip 1
lip 1
lip 1
lip 1
lip 1
lip 1
loathe 1
logical 1
loitering 1
lord 1
lord 1
lord 1
lordship 1
lose 1
lose 1
lose 1
lose 1
lose 1
lose 1
lose 1
lose 1
lose 1
lose 1
lose 1
lose 1
lotus 1
lotus 1
loveless 1
loves 1
loves 1
loves 1
loves 1
loves 1
loves 1
lull 1
luxury 1
luxury 1
luxury 1
luxury 1
luxury 1
luxury 1
lying 1
lying 1
lying 1
lying 1
lying 1
lying 1
lying 1
lying 1
lying 1
lying 1
lying 1
lying 1
lying 1
lying 1
lying 1
lying 1
lying 1
lying 1
machine 1
madness 1
madness 1
madness 1
madness 1
madness 1
madness 1
madness 1
madness 1
madness 1
manager 1
manager 1
marbre 1
marbre 1
marigold 1
mark 1
mark 1
marred 1
marred 1
marred 1
marred 1
marred 1
marred 1
marred 1
marred 1
marred 1
marriages 1
marriages 1
marvel 1
matter 1
matter 1
matter 1
matter 1
matter 1
matter 1
matter 1
matter 1
matter 1
matter 1
matter 1
matter 1
matter 1
matter 1
matter 1
matter 1
matter 1
matter 1
matter 1
matter 1
matter 1
matter 1
matter 1
matter 1
matter 1
matter 1
matter 1
matter 1
matter 1
matter 1
matter 1
matter 1
matter 1
meant 1
meant 1
meant 1
meant 1
meant 1
meant 1
meant 1
meant 1
mediocrity 1
mediocrity 1
medium 1
medium 1
medium 1
medium 1
medium 1
medium 1
medium 1
medium 1
meet 1
meet 1
meet 1
meet 1
meet 1
meet 1
meet 1
meet 1
meet 1
meet 1
meet 1
meet 1
meet 1
meet 1
meet 1
meeting 1
meeting 1
meeting 1
might 1
might 1
might 1
might 1
might 1
might 1
might 1
might 1
might 1
might 1
might 1
might 1
might 1
might 1
might 1
might 1
might 1
might 1
might 1
might 1
might 1
might 1
might 1
might 1
might 1
might 1
might 1
might 1
might 1
might 1
might 1
might 1
might 1
might 1
might 1
might 1
might 1
might 1
might 1
might 1
might 1
might 1
might 1
might 1
might 1
might 1
might 1
might 1
might 1
might 1
might 1
might 1
might 1
might 1
might 1
might 1
might 1
might 1
might 1
misery 1
misery 1
mist 1
mist 1
mist 1
mist 1
mist 1
mist 1
mist 1
mist 1
mist 1
mist 1
mist 1
mist 1
modified 1
moments 1
moments 1
moments 1
moments 1
moments 1
moments 1
moments 1
moments 1
moments 1
moments 1
moments 1
moments 1
moments 1
moments 1
moments 1
moments 1
moments 1
moments 1
moments 1
moments 1
moments 1
moments 1
moments 1
moments 1
moments 1
moments 1
moments 1
moments 1
monotonous 1
monotonous 1
morose 1
mortuary 1
much 1
much 1
much 1
much 1
much 1
much 1
much 1
much 1
much 1
much 1
much 1
much 1
much 1
much 1
much 1
much 1
much 1
much 1
much 1
much 1
much 1
much 1
much 1
much 1
much 1
much 1
much 1
much 1
much 1
much 1
much 1
much 1
much 1
much 1
much 1
much 1
much 1
much 1
much 1
much 1
much 1
much 1
much 1
much 1
much 1
much 1
much 1
much 1
much 1
much 1
much 1
much 1
much 1
much 1
much 1
much 1
much 1
much 1
much 1
much 1
much 1
much 1
much 1
much 1
much 1
much 1
much 1
much 1
much 1
much 1
much 1
much 1
much 1
much 1
much 1
much 1
much 1
much 1
much 1
much 1
much 1
much 1
much 1
much 1
much 1
much 1
much 1
much 1
much 1
much 1
much 1
named 1
narrow 1
nearly 1
nearly 1
nearly 1
nearly 1
nearly 1
nearly 1
nearly 1
nearly 1
nearly 1
nearly 1
nearly 1
nearly 1
nearly 1
nearly 1
nearly 1
necessary 1
necessary 1
necessary 1
necessary 1
necessary 1
necessity 1
necessity 1
necessity 1
necessity 1
neck 1
neck 1
neck 1
neck 1
neck 1
nephew 1
non 1
nose 1
nose 1
notifies 1
o 1
o 1
o 1
o 1
o 1
o 1
o 1
o 1
o 1
o 1
o 1
o 1
o 1
o 1
o 1
o 1
obscure 1
obtain 1
obtain 1
obtain 1
occasion 1
occasion 1
occasion 1
ochre 1
odorous 1
of 1
of 1
of 1
of 1
of 1
of 1
of 1
of 1
of 1
of 1
of 1
of 1
of 1
of 1
of 1
of 1
of 1
of 1
of 1
of 1
of 1
of 1
of 1
of 1
of 1
of 1
of 1
of 1
of 1
of 1
of 1
of 1
of 1
of 1
of 1
of 1
of 1
of 1
of 1
of 1
of 1
of 1
of 1
of 1
of 1
of 1
of 1
of 1
of 1
of 1
of 1
of 1
of 1
of 1
of 1
of 1
of 1
of 1
of 1
of 1
of 1
of 1
of 1
of 1
of 1
of 1
of 1
of 1
of 1
of 1
of 1
of 1
of 1
of 1
of 1
of 1
of 1
of 1
of 1
of 1
of 1
of 1
of 1
of 1
of 1
of 1
of 1
of 1
of 1
of 1
of 1
of 1
of 1
of 1
of 1
of 1
of 1
of 1
of 1
of 1
of 1
of 1
of 1
of 1
of 1
of 1
of 1
of 1
of 1
of 1
of 1
of 1
of 1
of 1
of 1
of 1
of 1
of 1
of 1
of 1
of 1
of 1
of 1
of 1
of 1
of 1
of 1
of 1
of 1
of 1
of 1
of 1
of 1
of 1
of 1
of 1
of 1
of 1
of 1
of 1
of 1
of 1
of 1
of 1
of 1
of 1
of 1
of 1
of 1
of 1
of 1
of 1
of 1
of 1
of 1
of 1
of 1
of 1
of 1
of 1
of 1
of 1
of 1
of 1
of 1
of 1
of 1
of 1
of 1
of 1
of 1
of 1
of 1
of 1
of 1
of 1
of 1
of 1
of 1
of 1
of 1
of 1
of 1
of 1
of 1
of 1
of 1
of 1
of 1
of 1
of 1
of 1
of 1
of 1
of 1
of 1
of 1
of 1
of 1
of 1
of 1
of 1
of 1
of 1
of 1
of 1
of 1
of 1
of 1
of 1
of 1
of 1
of 1
of 1
of 1
of 1
of 1
of 1
of 1
of 1
of 1
of 1
of 1
of 1
of 1
of 1
of 1
of 1
of 1
of 1
of 1
of 1
of 1
of 1
of 1
of 1
of 1
of 1
of 1
of 1
of 1
of 1
of 1
of 1
of 1
of 1
of 1
of 1
of 1
of 1
of 1
of 1
of 1
of 1
of 1
of 1
of 1
of 1
of 1
of 1
of 1
of 1
of 1
of 1
of 1
of 1
of 1
of 1
of 1
of 1
of 1
of 1
of 1
of 1
of 1
of 1
of 1
of 1
of 1
of 1
of 1
of 1
of 1
of 1
of 1
of 1
of 1
of 1
of 1
of 1
of 1
of 1
of 1
of 1
of 1
of 1
of 1
of 1
of 1
of 1
of 1
of 1
of 1
of 1
of 1
of 1
of 1
of 1
of 1
of 1
of 1
of 1
of 1
of 1
of 1
of 1
of 1
of 1
of 1
of 1
of 1
of 1
of 1
of 1
of 1
of 1
of 1
of 1
of 1
of 1
of 1
of 1
of 1
of 1
of 1
of 1
of 1
of 1
of 1
of 1
of 1
of 1
of 1
of 1
of 1
of 1
of 1
of 1
of 1
of 1
of 1
of 1
of 1
of 1
of 1
of 1
of 1
of 1
of 1
of 1
of 1
of 1
of 1
of 1
of 1
of 1
of 1
of 1
of 1
of 1
of 1
of 1
of 1
of 1
of 1
of 1
of 1
of 1
of 1
of 1
of 1
of 1
of 1
of 1
of 1
of 1
of 1
of 1
of 1
of 1
of 1
of 1
of 1
of 1
of 1
of 1
of 1
of 1
of 1
of 1
of 1
of 1
of 1
of 1
of 1
of 1
of 1
of 1
of 1
of 1
of 1
of 1
of 1
of 1
of 1
of 1
of 1
of 1
of 1
of 1
of 1
of 1
of 1
of 1
of 1
of 1
of 1
of 1
of 1
of 1
of 1
of 1
of 1
of 1
of 1
of 1
of 1
of 1
of 1
of 1
of 1
of 1
of 1
of 1
of 1
of 1
of 1
of 1
of 1
of 1
of 1
of 1
of 1
of 1
of 1
of 1
of 1
of 1
of 1
of 1
of 1
of 1
of 1
of 1
of 1
of 1
of 1
of 1
of 1
of 1
of 1
of 1
of 1
of 1
of 1
of 1
of 1
of 1
of 1
of 1
of 1
of 1
of 1
of 1
of 1
of 1
of 1
of 1
of 1
of 1
of 1
of 1
of 1
of 1
of 1
of 1
of 1
of 1
of 1
of 1
of 1
of 1
of 1
of 1
of 1
of 1
of 1
of 1
of 1
of 1
of 1
of 1
of 1
of 1
of 1
of 1
of 1
of 1
of 1
of 1
of 1
of 1
of 1
of 1
of 1
of 1
of 1
of 1
of 1
of 1
of 1
of 1
of 1
of 1
of 1
of 1
of 1
of 1
of 1
of 1
of 1
of 1
of 1
of 1
of 1
of 1
of 1
of 1
of 1
of 1
of 1
of 1
of 1
of 1
of 1
of 1
of 1
of 1
of 1
of 1
of 1
of 1
of 1
of 1
of 1
of 1
of 1
of 1
of 1
of 1
of 1
of 1
of 1
of 1
of 1
of 1
of 1
of 1
of 1
of 1
of 1
of 1
of 1
of 1
of 1
of 1
of 1
of 1
of 1
of 1
of 1
of 1
of 1
of 1
of 1
of 1
of 1
of 1
of 1
of 1
of 1
of 1
of 1
of 1
of 1
of 1
of 1
of 1
of 1
of 1
of 1
of 1
of 1
of 1
of 1
of 1
of 1
of 1
of 1
of 1
of 1
of 1
of 1
of 1
of 1
of 1
of 1
of 1
of 1
of 1
of 1
of 1
of 1
of 1
of 1
of 1
of 1
of 1
of 1
of 1
of 1
of 1
of 1
of 1
of 1
of 1
of 1
of 1
of 1
of 1
of 1
of 1
of 1
of 1
of 1
of 1
of 1
of 1
of 1
of 1
of 1
of 1
of 1
of 1
of 1
of 1
of 1
of 1
of 1
of 1
of 1
of 1
of 1
of 1
of 1
of 1
of 1
of 1
of 1
of 1
of 1
of 1
of 1
of 1
of 1
of 1
of 1
of 1
of 1
of 1
of 1
of 1
of 1
of 1
of 1
of 1
of 1
of 1
of 1
of 1
of 1
of 1
of 1
of 1
of 1
of 1
of 1
of 1
of 1
of 1
of 1
of 1
of 1
of 1
of 1
of 1
of 1
of 1
of 1
of 1
of 1
of 1
of 1
of 1
of 1
of 1
of 1
of 1
of 1
of 1
of 1
of 1
of 1
of 1
of 1
of 1
of 1
of 1
of 1
of 1
of 1
of 1
of 1
of 1
of 1
of 1
of 1
of 1
of 1
of 1
of 1
of 1
of 1
of 1
of 1
of 1
of 1
of 1
of 1
of 1
of 1
of 1
of 1
of 1
of 1
of 1
of 1
of 1
of 1
of 1
of 1
of 1
of 1
of 1
of 1
of 1
of 1
of 1
of 1
of 1
of 1
of 1
of 1
of 1
of 1
of 1
of 1
of 1
of 1
of 1
of 1
of 1
of 1
of 1
of 1
of 1
of 1
of 1
of 1
of 1
of 1
of 1
of 1
of 1
of 1
of 1
of 1
of 1
of 1
of 1
of 1
of 1
of 1
of 1
of 1
of 1
of 1
of 1
of 1
of 1
of 1
of 1
of 1
of 1
of 1
of 1
of 1
of 1
of 1
of 1
of 1
of 1
of 1
of 1
of 1
of 1
of 1
of 1
of 1
of 1
of 1
of 1
of 1
of 1
of 1
of 1
of 1
of 1
of 1
of 1
of 1
of 1
of 1
of 1
of 1
of 1
of 1
of 1
of 1
of 1
of 1
of 1
of 1
of 1
of 1
of 1
of 1
of 1
of 1
of 1
of 1
of 1
of 1
of 1
of 1
of 1
of 1
of 1
of 1
of 1
of 1
of 1
of 1
of 1
of 1
of 1
of 1
of 1
of 1
of 1
of 1
of 1
of 1
of 1
of 1
of 1
of 1
of 1
of 1
of 1
of 1
of 1
of 1
of 1
of 1
of 1
of 1
of 1
of 1
of 1
of 1
of 1
of 1
of 1
of 1
of 1
of 1
of 1
of 1
of 1
of 1
of 1
of 1
of 1
of 1
of 1
of 1
of 1
of 1
of 1
of 1
of 1
of 1
of 1
of 1
of 1
of 1
of 1
of 1
of 1
of 1
of 1
of 1
of 1
of 1
of 1
of 1
of 1
of 1
of 1
of 1
of 1
of 1
of 1
of 1
of 1
of 1
of 1
of 1
of 1
of 1
of 1
of 1
of 1
of 1
of 1
of 1
of 1
of 1
of 1
of 1
of 1
of 1
of 1
of 1
of 1
of 1
of 1
of 1
of 1
of 1
of 1
of 1
of 1
of 1
of 1
of 1
of 1
of 1
of 1
of 1
of 1
of 1
of 1
of 1
of 1
of 1
of 1
of 1
of 1
of 1
of 1
of 1
of 1
of 1
of 1
of 1
of 1
of 1
of 1
of 1
of 1
of 1
of 1
of 1
of 1
of 1
of 1
of 1
of 1
of 1
of 1
of 1
of 1
of 1
of 1
of 1
of 1
of 1
of 1
of 1
of 1
of 1
of 1
of 1
of 1
of 1
of 1
of 1
of 1
of 1
of 1
of 1
of 1
of 1
of 1
of 1
of 1
of 1
of 1
of 1
of 1
of 1
of 1
of 1
of 1
of 1
of 1
of 1
of 1
of 1
of 1
of 1
of 1
of 1
of 1
of 1
of 1
of 1
of 1
of 1
of 1
of 1
of 1
of 1
of 1
of 1
of 1
of 1
of 1
of 1
of 1
of 1
of 1
of 1
of 1
of 1
of 1
of 1
of 1
of 1
of 1
of 1
of 1
of 1
of 1
of 1
of 1
of 1
of 1
of 1
of 1
of 1
of 1
of 1
of 1
of 1
of 1
of 1
of 1
of 1
of 1
of 1
of 1
of 1
of 1
of 1
of 1
of 1
of 1
of 1
of 1
of 1
of 1
of 1
of 1
of 1
of 1
of 1
of 1
of 1
of 1
of 1
of 1
of 1
of 1
of 1
of 1
of 1
of 1
of 1
of 1
of 1
of 1
of 1
of 1
of 1
of 1
of 1
of 1
of 1
of 1
of 1
of 1
of 1
of 1
of 1
of 1
of 1
of 1
of 1
of 1
of 1
of 1
of 1
of 1
of 1
of 1
of 1
of 1
of 1
of 1
of 1
of 1
of 1
of 1
of 1
of 1
of 1
of 1
of 1
of 1
of 1
of 1
of 1
of 1
of 1
of 1
of 1
of 1
of 1
of 1
of 1
of 1
of 1
of 1
of 1
of 1
of 1
of 1
of 1
of 1
of 1
of 1
of 1
of 1
of 1
of 1
of 1
of 1
of 1
of 1
of 1
of 1
of 1
of 1
of 1
of 1
of 1
of 1
of 1
of 1
of 1
of 1
of 1
of 1
of 1
of 1
of 1
of 1
of 1
of 1
of 1
of 1
of 1
of 1
of 1
of 1
of 1
of 1
of 1
of 1
of 1
of 1
of 1
of 1
of 1
of 1
of 1
of 1
of 1
of 1
of 1
of 1
of 1
of 1
of 1
of 1
of 1
of 1
of 1
of 1
of 1
of 1
of 1
of 1
of 1
of 1
of 1
of 1
of 1
of 1
of 1
of 1
of 1
of 1
of 1
of 1
of 1
of 1
of 1
of 1
of 1
of 1
of 1
of 1
of 1
of 1
of 1
of 1
of 1
of 1
of 1
of 1
of 1
of 1
of 1
of 1
of 1
of 1
of 1
of 1
of 1
of 1
of 1
of 1
of 1
of 1
of 1
of 1
of 1
of 1
of 1
of 1
of 1
of 1
of 1
of 1
of 1
of 1
of 1
of 1
of 1
of 1
of 1
of 1
of 1
of 1
of 1
of 1
of 1
of 1
of 1
of 1
of 1
of 1
of 1
of 1
of 1
of 1
of 1
of 1
of 1
of 1
of 1
of 1
of 1
of 1
of 1
of 1
of 1
of 1
of 1
of 1
of 1
of 1
of 1
of 1
of 1
of 1
of 1
of 1
of 1
of 1
of 1
of 1
of 1
of 1
of 1
of 1
of 1
of 1
of 1
of 1
of 1
of 1
of 1
of 1
of 1
of 1
of 1
of 1
of 1
of 1
of 1
of 1
of 1
of 1
of 1
of 1
of 1
of 1
of 1
of 1
of 1
of 1
of 1
of 1
of 1
of 1
of 1
of 1
of 1
of 1
of 1
of 1
of 1
of 1
of 1
of 1
of 1
of 1
of 1
of 1
of 1
of 1
of 1
of 1
of 1
of 1
of 1
of 1
of 1
of 1
of 1
of 1
of 1
of 1
of 1
of 1
of 1
of 1
of 1
of 1
of 1
of 1
of 1
of 1
of 1
of 1
of 1
of 1
of 1
of 1
of 1
of 1
of 1
of 1
of 1
of 1
of 1
of 1
of 1
of 1
of 1
of 1
of 1
of 1
of 1
of 1
of 1
of 1
of 1
of 1
of 1
of 1
of 1
of 1
of 1
of 1
of 1
of 1
of 1
of 1
of 1
of 1
of 1
of 1
of 1
of 1
of 1
of 1
of 1
of 1
of 1
of 1
of 1
of 1
of 1
of 1
of 1
of 1
of 1
of 1
of 1
of 1
of 1
of 1
of 1
of 1
of 1
of 1
of 1
of 1
of 1
of 1
of 1
of 1
of 1
of 1
of 1
of 1
of 1
of 1
of 1
of 1
of 1
of 1
of 1
of 1
of 1
of 1
of 1
of 1
of 1
of 1
of 1
of 1
of 1
of 1
of 1
of 1
of 1
of 1
of 1
of 1
of 1
of 1
of 1
of 1
of 1
of 1
of 1
of 1
of 1
of 1
of 1
of 1
of 1
of 1
of 1
of 1
of 1
of 1
of 1
of 1
of 1
of 1
of 1
of 1
of 1
of 1
of 1
of 1
of 1
of 1
of 1
of 1
of 1
of 1
of 1
of 1
of 1
of 1
of 1
of 1
of 1
of 1
of 1
of 1
of 1
of 1
of 1
of 1
of 1
of 1
of 1
of 1
of 1
of 1
of 1
of 1
of 1
of 1
of 1
of 1
of 1
of 1
of 1
of 1
of 1
of 1
of 1
of 1
of 1
of 1
of 1
of 1
of 1
of 1
of 1
of 1
of 1
of 1
of 1
of 1
of 1
of 1
of 1
of 1
of 1
of 1
of 1
of 1
of 1
of 1
of 1
of 1
of 1
of 1
of 1
of 1
of 1
of 1
of 1
of 1
of 1
of 1
of 1
of 1
of 1
of 1
of 1
of 1
of 1
of 1
of 1
of 1
of 1
of 1
of 1
of 1
of 1
of 1
of 1
of 1
of 1
of 1
of 1
of 1
of 1
of 1
of 1
of 1
of 1
of 1
of 1
of 1
of 1
of 1
of 1
of 1
of 1
of 1
of 1
of 1
of 1
of 1
of 1
of 1
of 1
of 1
of 1
of 1
of 1
of 1
of 1
of 1
of 1
of 1
of 1
of 1
of 1
of 1
of 1
of 1
of 1
of 1
of 1
of 1
of 1
of 1
of 1
of 1
of 1
of 1
of 1
of 1
of 1
of 1
of 1
of 1
of 1
of 1
of 1
of 1
of 1
of 1
of 1
of 1
of 1
of 1
of 1
of 1
of 1
of 1
of 1
of 1
of 1
of 1
of 1
of 1
of 1
of 1
of 1
of 1
of 1
of 1
of 1
of 1
of 1
of 1
of 1
of 1
of 1
of 1
of 1
of 1
of 1
of 1
of 1
of 1
of 1
of 1
of 1
of 1
of 1
of 1
of 1
of 1
of 1
of 1
of 1
of 1
of 1
of 1
of 1
of 1
of 1
of 1
of 1
of 1
of 1
of 1
of 1
of 1
of 1
of 1
of 1
of 1
of 1
of 1
of 1
of 1
of 1
of 1
of 1
of 1
of 1
of 1
of 1
of 1
of 1
of 1
of 1
of 1
of 1
of 1
of 1
of 1
of 1
of 1
of 1
of 1
of 1
of 1
of 1
of 1
of 1
of 1
of 1
of 1
of 1
of 1
of 1
of 1
of 1
of 1
of 1
of 1
of 1
of 1
of 1
of 1
of 1
of 1
of 1
of 1
of 1
of 1
of 1
of 1
of 1
of 1
of 1
of 1
of 1
of 1
of 1
of 1
of 1
of 1
of 1
of 1
of 1
of 1
of 1
of 1
of 1
of 1
of 1
of 1
of 1
of 1
of 1
of 1
of 1
of 1
of 1
of 1
of 1
of 1
of 1
of 1
of 1
of 1
of 1
of 1
of 1
of 1
of 1
of 1
of 1
of 1
of 1
of 1
of 1
of 1
of 1
of 1
of 1
of 1
of 1
of 1
of 1
of 1
of 1
of 1
of 1
of 1
of 1
of 1
of 1
of 1
of 1
of 1
of 1
of 1
of 1
of 1
of 1
of 1
of 1
of 1
of 1
of 1
of 1
of 1
of 1
of 1
of 1
of 1
of 1
of 1
of 1
of 1
of 1
of 1
of 1
of 1
of 1
of 1
of 1
of 1
of 1
of 1
of 1
of 1
of 1
of 1
of 1
of 1
of 1
of 1
of 1
of 1
of 1
of 1
of 1
of 1
of 1
of 1
of 1
of 1
of 1
of 1
of 1
of 1
of 1
of 1
of 1
of 1
of 1
of 1
of 1
of 1
of 1
of 1
of 1
of 1
of 1
of 1
of 1
of 1
of 1
of 1
of 1
of 1
of 1
of 1
of 1
of 1
of 1
of 1
of 1
of 1
of 1
of 1
of 1
of 1
of 1
of 1
of 1
of 1
of 1
of 1
of 1
of 1
of 1
of 1
of 1
of 1
of 1
of 1
of 1
of 1
of 1
of 1
of 1
of 1
of 1
of 1
of 1
of 1
of 1
of 1
of 1
of 1
of 1
of 1
of 1
of 1
of 1
of 1
of 1
of 1
of 1
of 1
of 1
of 1
of 1
of 1
of 1
of 1
of 1
of 1
of 1
of 1
of 1
of 1
of 1
of 1
of 1
of 1
of 1
of 1
of 1
of 1
of 1
of 1
of 1
of 1
of 1
of 1
of 1
of 1
of 1
of 1
of 1
of 1
of 1
of 1
of 1
of 1
of 1
of 1
of 1
of 1
of 1
of 1
of 1
of 1
of 1
of 1
of 1
of 1
of 1
of 1
of 1
of 1
of 1
of 1
of 1
of 1
of 1
of 1
of 1
of 1
of 1
of 1
of 1
of 1
of 1
of 1
of 1
of 1
of 1
of 1
of 1
of 1
of 1
of 1
of 1
of 1
of 1
of 1
of 1
of 1
of 1
of 1
of 1
of 1
of 1
of 1
of 1
of 1
of 1
of 1
of 1
of 1
of 1
of 1
of 1
of 1
of 1
of 1
of 1
of 1
of 1
of 1
of 1
of 1
of 1
of 1
of 1
of 1
of 1
of 1
of 1
of 1
of 1
of 1
of 1
of 1
of 1
of 1
of 1
of 1
of 1
of 1
of 1
of 1
of 1
of 1
of 1
of 1
of 1
of 1
of 1
of 1
of 1
of 1
of 1
of 1
of 1
of 1
of 1
of 1
of 1
of 1
of 1
of 1
of 1
of 1
of 1
of 1
of 1
of 1
of 1
of 1
of 1
of 1
of 1
of 1
of 1
of 1
of 1
of 1
of 1
of 1
of 1
of 1
of 1
of 1
of 1
of 1
of 1
of 1
of 1
of 1
of 1
of 1
of 1
of 1
of 1
of 1
of 1
of 1
of 1
of 1
of 1
of 1
of 1
of 1
of 1
of 1
of 1
of 1
of 1
of 1
of 1
of 1
of 1
of 1
of 1
of 1
of 1
of 1
of 1
of 1
of 1
of 1
of 1
of 1
of 1
of 1
of 1
of 1
of 1
of 1
of 1
of 1
of 1
of 1
of 1
of 1
of 1
of 1
of 1
of 1
of 1
of 1
of 1
of 1
of 1
of 1
of 1
of 1
of 1
of 1
of 1
offers 1
official 1
official 1
official 1
oily 1
omnibus 1
omnibus 1
omnibuses 1
online 1
online 1
online 1
online 1
opened 1
opened 1
opened 1
opened 1
opened 1
opened 1
opened 1
opened 1
opened 1
opened 1
opened 1
opened 1
opened 1
opened 1
opened 1
opened 1
opened 1
opened 1
opened 1
opened 1
opened 1
opened 1
opened 1
opened 1
opened 1
opened 1
opened 1
opened 1
opened 1
opera 1
opera 1
opera 1
opera 1
opera 1
opera 1
opera 1
opera 1
opera 1
opera 1
opera 1
opera 1
opera 1
opposite 1
opposite 1
opposite 1
opposite 1
option 1
orchestra 1
orchestra 1
ornamented 1
outside 1
outside 1
outside 1
outside 1
outside 1
outside 1
outside 1
outside 1
outside 1
owns 1
owns 1
pagan 1
papers 1
papers 1
parched 1
parched 1
parched 1
pardons 1
parents 1
parents 1
parody 1
parseme 1
parting 1
paste 1
pastilles 1
pattered 1
peacocks 1
peacocks 1
pearls 1
pearls 1
pearls 1
pearls 1
pearls 1
pearls 1
pearls 1
pearls 1
perfect 1
perfect 1
perfect 1
perfect 1
perfect 1
perfect 1
perfect 1
perfect 1
perfect 1
perfect 1
perfect 1
perfect 1
perfect 1
perfect 1
perfect 1
perfect 1
perfect 1
perfect 1
perfect 1
perfect 1
perfect 1
perfect 1
period 1
period 1
permission 1
permission 1
permission 1
permission 1
permission 1
permission 1
permission 1
petalled 1
petalled 1
philanthropist 1
picking 1
picking 1
pilgrims 1
pilier 1
piteous 1
placed 1
placed 1
placed 1
placed 1
placed 1
placed 1
placed 1
placed 1
placed 1
placed 1
placed 1
placid 1
placid 1
plant 1
pleasantly 1
ploughman 1
poem 1
poem 1
pompous 1
popping 1
porphyry 1
portrait 1
portrait 1
portrait 1
portrait 1
portrait 1
portrait 1
portrait 1
portrait 1
portrait 1
portrait 1
portrait 1
portrait 1
portrait 1
portrait 1
portrait 1
portrait 1
portrait 1
portrait 1
portrait 1
portrait 1
portrait 1
portrait 1
portrait 1
portrait 1
portrait 1
portrait 1
portrait 1
portrait 1
portrait 1
portrait 1
portrait 1
portrait 1
portrait 1
portrait 1
portrait 1
portrait 1
portrait 1
portrait 1
portrait 1
portrait 1
portrait 1
portrait 1
portrait 1
portrait 1
portrait 1
portrait 1
portrait 1
portrait 1
portrait 1
portrait 1
portrait 1
portrait 1
pose 1
pose 1
pose 1
pose 1
pose 1
pose 1
position 1
position 1
position 1
position 1
position 1
position 1
position 1
position 1
possible 1
possible 1
possible 1
possible 1
possible 1
possible 1
possible 1
possible 1
postures 1
pot 1
pouted 1
poverty 1
power 1
power 1
power 1
power 1
power 1
power 1
practise 1
prayed 1
prayed 1
prejudiced 1
prejudiced 1
prepared 1
previous 1
previous 1
priest 1
priest 1
principles 1
principles 1
principles 1
principles 1
principles 1
principles 1
principles 1
print 1
private 1
private 1
private 1
private 1
private 1
privilege 1
privilege 1
privilege 1
privilege 1
probabilities 1
problem 1
problem 1
problem 1
proceeded 1
professions 1
prohibition 1
prominently 1
prominently 1
promise 1
promise 1
promise 1
promise 1
promised 1
promised 1
promised 1
promised 1
promised 1
promised 1
promised 1
promised 1
promised 1
prophesied 1
proportions 1
protect 1
protect 1
proverbs 1
provide 1
provide 1
provide 1
provide 1
provide 1
provide 1
provide 1
pry 1
psychology 1
psychology 1
psychology 1
psychology 1
purification 1
purification 1
purify 1
pushed 1
putting 1
putting 1
putting 1
putting 1
putting 1
putting 1
putting 1
putting 1
putting 1
putting 1
putting 1
quickened 1
quickened 1
quickened 1
quickened 1
quickened 1
rage 1
rage 1
rage 1
rage 1
rage 1
rage 1
rage 1
ranged 1
ranged 1
rates 1
ravelled 1
ravenous 1
rebellions 1
recognition 1
red 1
red 1
red 1
red 1
red 1
red 1
red 1
red 1
red 1
red 1
red 1
red 1
red 1
red 1
red 1
red 1
red 1
red 1
red 1
red 1
red 1
red 1
red 1
red 1
red 1
red 1
red 1
red 1
red 1
red 1
red 1
red 1
red 1
red 1
red 1
red 1
red 1
red 1
red 1
red 1
red 1
refine 1
reform 1
reform 1
refusing 1
refusing 1
religious 1
religious 1
remained 1
remained 1
remains 1
remains 1
remember 1
remember 1
remember 1
remember 1
remember 1
remember 1
remember 1
remember 1
remember 1
remember 1
remember 1
remember 1
remember 1
remember 1
remember 1
remember 1
remember 1
remember 1
remember 1
remember 1
remember 1
remember 1
remind 1
remind 1
remind 1
remind 1
remind 1
remind 1
reminding 1
reminding 1
repeating 1
reputation 1
reputation 1
reputation 1
reputation 1
reputation 1
resemblance 1
resolutions 1
resolutions 1
resolutions 1
restless 1
retired 1
retired 1
retired 1
retreat 1
revival 1
revolted 1
revolver 1
riding 1
riding 1
rings 1
rings 1
rings 1
rings 1
rings 1
rings 1
rings 1
rise 1
rise 1
rise 1
roofs 1
roofs 1
roots 1
ruff 1
rules 1
rules 1
rules 1
rushed 1
rushed 1
rushed 1
rushed 1
rushed 1
rushed 1
rushed 1
rushed 1
rushed 1
rut 1
sacrifice 1
sacrifice 1
sacrifice 1
sacrifice 1
sacrifice 1
sacrifice 1
sadly 1
sadly 1
sadly 1
sadly 1
sadly 1
sail 1
sail 1
sailors 1
saint 1
saint 1
salon 1
sapphires 1
sapphires 1
saturnine 1
saved 1
saved 1
saved 1
saved 1
screaming 1
secrets 1
secrets 1
secrets 1
secrets 1
secrets 1
secrets 1
secrets 1
secrets 1
secrets 1
see 1
see 1
see 1
see 1
see 1
see 1
see 1
see 1
see 1
see 1
see 1
see 1
see 1
see 1
see 1
see 1
see 1
see 1
see 1
see 1
see 1
see 1
see 1
see 1
see 1
see 1
see 1
see 1
see 1
see 1
see 1
see 1
see 1
see 1
see 1
see 1
see 1
see 1
see 1
see 1
see 1
see 1
see 1
see 1
see 1
see 1
see 1
see 1
see 1
see 1
see 1
see 1
see 1
see 1
see 1
see 1
see 1
see 1
see 1
see 1
see 1
see 1
see 1
see 1
see 1
see 1
see 1
see 1
see 1
see 1
see 1
see 1
see 1
see 1
see 1
see 1
see 1
see 1
see 1
see 1
see 1
see 1
see 1
see 1
see 1
see 1
see 1
see 1
see 1
see 1
see 1
see 1
see 1
see 1
see 1
see 1
see 1
see 1
see 1
see 1
see 1
see 1
see 1
see 1
see 1
see 1
see 1
see 1
see 1
see 1
see 1
see 1
see 1
see 1
see 1
see 1
see 1
see 1
see 1
see 1
see 1
see 1
see 1
selfishness 1
sensual 1
sensual 1
sensual 1
sensual 1
sentence 1
sentence 1
sentence 1
sentence 1
service 1
service 1
service 1
service 1
service 1
servility 1
servility 1
seventeen 1
seventeen 1
seventeen 1
seventeen 1
sewn 1
sheet 1
shirts 1
shooting 1
shooting 1
shooting 1
shooting 1
shooting 1
shouldn 1
shouldn 1
shouldn 1
shouldn 1
shrug 1
shrug 1
shudder 1
shudder 1
shudder 1
shudder 1
shudder 1
shudder 1
shudder 1
shuddering 1
shuddering 1
shuddering 1
shuddering 1
shuddering 1
silent 1
silent 1
silent 1
silent 1
silent 1
silent 1
silent 1
silent 1
silent 1
silent 1
silent 1
silent 1
silent 1
silent 1
silk 1
silk 1
silk 1
silk 1
silk 1
silk 1
silk 1
silk 1
silk 1
silk 1
silk 1
silk 1
silk 1
silk 1
silk 1
singular 1
site 1
site 1
site 1
site 1
slain 1
slain 1
slander 1
sleeping 1
sleeping 1
slew 1
slew 1
slight 1
slight 1
snakes 1
snakes 1
sober 1
somewhere 1
somewhere 1
somewhere 1
somewhere 1
somewhere 1
somewhere 1
soon 1
soon 1
soon 1
soon 1
soon 1
soon 1
soon 1
soon 1
soon 1
soon 1
soon 1
soon 1
soon 1
soon 1
soon 1
soon 1
soon 1
soon 1
soon 1
soon 1
souleve 1
sow 1
spends 1
sphere 1
spices 1
spitted 1
splendid 1
splendid 1
splendid 1
splendid 1
splendid 1
spotted 1
spotted 1
spotted 1
spotted 1
spotted 1
stanch 1
stands 1
starve 1
starve 1
stay 1
stay 1
stay 1
stay 1
stay 1
stay 1
stay 1
stay 1
stay 1
stay 1
stay 1
stay 1
stay 1
stay 1
stay 1
stemmed 1
steps 1
steps 1
steps 1
steps 1
steps 1
steps 1
steps 1
steps 1
sternly 1
sticks 1
store 1
store 1
store 1
store 1
store 1
store 1
store 1
store 1
store 1
store 1
store 1
store 1
story 1
story 1
story 1
story 1
story 1
story 1
story 1
story 1
story 1
story 1
story 1
story 1
story 1
strangeness 1
strawberries 1
strawberries 1
stray 1
struggle 1
stupidity 1
stupidity 1
stupidity 1
subjects 1
such 1
such 1
such 1
such 1
such 1
such 1
such 1
such 1
such 1
such 1
such 1
such 1
such 1
such 1
such 1
such 1
such 1
such 1
such 1
such 1
such 1
such 1
such 1
such 1
such 1
such 1
such 1
such 1
such 1
such 1
such 1
such 1
such 1
such 1
such 1
such 1
such 1
such 1
such 1
such 1
such 1
such 1
such 1
such 1
such 1
such 1
such 1
such 1
such 1
such 1
such 1
such 1
such 1
such 1
such 1
such 1
such 1
such 1
such 1
such 1
such 1
such 1
such 1
such 1
such 1
such 1
such 1
such 1
such 1
such 1
such 1
such 1
such 1
such 1
such 1
such 1
such 1
such 1
such 1
suffer 1
suffer 1
suffer 1
suffer 1
suffer 1
suffer 1
suffer 1
sullen 1
sullen 1
sullen 1
sullen 1
superficial 1
superficial 1
suppose 1
suppose 1
suppose 1
suppose 1
suppose 1
suppose 1
suppose 1
suppose 1
suppose 1
suppose 1
suppose 1
suppose 1
suppose 1
suppose 1
suppose 1
suppose 1
suppose 1
suppose 1
suppose 1
suppose 1
suppose 1
suppose 1
suppose 1
suppose 1
suppose 1
suppose 1
suppose 1
suppose 1
suppose 1
suppose 1
suppose 1
suppose 1
suppose 1
suppose 1
suppose 1
supposed 1
surprised 1
surprised 1
surprised 1
surroundings 1
sways 1
swift 1
taedium 1
take 1
take 1
take 1
take 1
take 1
take 1
take 1
take 1
take 1
take 1
take 1
take 1
take 1
take 1
take 1
take 1
take 1
take 1
take 1
take 1
take 1
take 1
take 1
take 1
take 1
take 1
take 1
take 1
take 1
take 1
take 1
take 1
take 1
take 1
take 1
take 1
take 1
take 1
take 1
take 1
take 1
tattered 1
tattered 1
tattered 1
tawny 1
technical 1
telegram 1
temple 1
termed 1
termed 1
terms 1
terms 1
terms 1
terms 1
terms 1
terms 1
terms 1
terms 1
terms 1
terms 1
terms 1
terms 1
terms 1
terms 1
terms 1
terms 1
terms 1
terms 1
terms 1
terms 1
terms 1
terms 1
terms 1
terms 1
terms 1
terrifies 1
terrifies 1
terrifies 1
terrifies 1
then 1
then 1
then 1
then 1
then 1
then 1
then 1
then 1
then 1
then 1
then 1
then 1
then 1
then 1
then 1
then 1
then 1
then 1
then 1
then 1
then 1
then 1
then 1
then 1
then 1
then 1
then 1
then 1
then 1
then 1
then 1
then 1
then 1
then 1
then 1
then 1
then 1
then 1
then 1
then 1
then 1
then 1
then 1
then 1
then 1
then 1
then 1
then 1
then 1
then 1
then 1
then 1
then 1
then 1
then 1
then 1
then 1
then 1
then 1
then 1
then 1
then 1
then 1
then 1
then 1
then 1
then 1
then 1
then 1
then 1
then 1
then 1
then 1
then 1
then 1
then 1
then 1
then 1
then 1
then 1
then 1
then 1
then 1
then 1
thinks 1
thinks 1
thinks 1
thinks 1
thinks 1
threads 1
threads 1
threads 1
thrift 1
throughout 1
time 1
time 1
time 1
time 1
time 1
time 1
time 1
time 1
time 1
time 1
time 1
time 1
time 1
time 1
time 1
time 1
time 1
time 1
time 1
time 1
time 1
time 1
time 1
time 1
time 1
time 1
time 1
time 1
time 1
time 1
time 1
time 1
time 1
time 1
time 1
time 1
time 1
time 1
time 1
time 1
time 1
time 1
time 1
time 1
time 1
time 1
time 1
time 1
time 1
time 1
time 1
time 1
time 1
time 1
time 1
time 1
time 1
time 1
time 1
time 1
time 1
time 1
time 1
time 1
time 1
time 1
time 1
time 1
time 1
time 1
time 1
time 1
time 1
time 1
time 1
time 1
time 1
time 1
time 1
time 1
time 1
time 1
time 1
time 1
time 1
time 1
time 1
time 1
time 1
time 1
time 1
time 1
time 1
time 1
time 1
time 1
time 1
time 1
time 1
time 1
time 1
time 1
time 1
time 1
time 1
time 1
time 1
time 1
tiptoe 1
tm 1
tm 1
tm 1
tm 1
tm 1
tm 1
tm 1
tm 1
tm 1
tm 1
tm 1
tm 1
tm 1
tm 1
tm 1
tm 1
tm 1
tm 1
tm 1
tm 1
tm 1
tm 1
tm 1
tm 1
tm 1
tm 1
tm 1
tm 1
tm 1
tm 1
tm 1
tm 1
tm 1
tm 1
tm 1
tm 1
tm 1
tm 1
tm 1
tm 1
tm 1
tm 1
tm 1
tm 1
tm 1
tm 1
tm 1
tm 1
tm 1
tm 1
tm 1
tm 1
tm 1
tm 1
tm 1
tm 1
tm 1
tonic 1
torn 1
torn 1
tort 1
trees 1
trees 1
trees 1
trees 1
trees 1
trees 1
trellis 1
trellis 1
triangular 1
triumph 1
triumph 1
triumph 1
triumph 1
triumph 1
turquoise 1
turquoise 1
turquoise 1
turquoise 1
twenty 1
twenty 1
twenty 1
twenty 1
twenty 1
twenty 1
twenty 1
twenty 1
twenty 1
twenty 1
twenty 1
twenty 1
twenty 1
types 1
unenforceability 1
unhooked 1
union 1
unjust 1
unjust 1
unjust 1
unjust 1
unjust 1
unjust 1
unkind 1
unkind 1
unkind 1
unkind 1
unloading 1
unreasonable 1
unsolicited 1
unsullied 1
urn 1
vaguely 1
vaguely 1
varnish 1
vat 1
verities 1
viewing 1
violet 1
violet 1
violet 1
vulgar 1
vulgar 1
vulgar 1
vulgar 1
vulgar 1
vulgar 1
vulgar 1
vulgar 1
vulgar 1
vulgar 1
vulgar 1
vulgar 1
vulgar 1
vulgar 1
vulgar 1
wag 1
waistcoat 1
wait 1
wait 1
wait 1
wait 1
wait 1
warped 1
warped 1
watch 1
watch 1
watch 1
watch 1
watch 1
watch 1
watch 1
watch 1
watch 1
watch 1
watch 1
watch 1
watch 1
watch 1
watch 1
watch 1
water 1
water 1
water 1
water 1
water 1
water 1
water 1
water 1
water 1
wave 1
wave 1
wealth 1
wealth 1
wealth 1
wealth 1
wealth 1
wealth 1
weep 1
weep 1
weep 1
weeping 1
welled 1
were 1
were 1
were 1
were 1
were 1
were 1
were 1
were 1
were 1
were 1
were 1
were 1
were 1
were 1
were 1
were 1
were 1
were 1
were 1
were 1
were 1
were 1
were 1
were 1
were 1
were 1
were 1
were 1
were 1
were 1
were 1
were 1
were 1
were 1
were 1
were 1
were 1
were 1
were 1
were 1
were 1
were 1
were 1
were 1
were 1
were 1
were 1
were 1
were 1
were 1
were 1
were 1
were 1
were 1
were 1
were 1
were 1
were 1
were 1
were 1
were 1
were 1
were 1
were 1
were 1
were 1
were 1
were 1
were 1
were 1
were 1
were 1
were 1
were 1
were 1
were 1
were 1
were 1
were 1
were 1
were 1
were 1
were 1
were 1
were 1
were 1
were 1
were 1
were 1
were 1
were 1
were 1
were 1
were 1
were 1
were 1
were 1
were 1
were 1
were 1
were 1
were 1
were 1
were 1
were 1
were 1
were 1
were 1
were 1
were 1
were 1
were 1
were 1
were 1
were 1
were 1
were 1
were 1
were 1
were 1
were 1
were 1
were 1
were 1
were 1
were 1
were 1
were 1
were 1
were 1
were 1
were 1
were 1
were 1
were 1
were 1
were 1
were 1
were 1
were 1
were 1
were 1
were 1
were 1
were 1
were 1
were 1
were 1
were 1
were 1
were 1
were 1
were 1
were 1
were 1
were 1
were 1
were 1
were 1
were 1
were 1
were 1
were 1
were 1
were 1
were 1
were 1
were 1
were 1
were 1
were 1
were 1
were 1
were 1
were 1
were 1
were 1
were 1
were 1
were 1
were 1
were 1
were 1
were 1
were 1
were 1
were 1
were 1
were 1
were 1
were 1
were 1
were 1
were 1
were 1
were 1
were 1
were 1
were 1
were 1
were 1
were 1
were 1
were 1
were 1
were 1
were 1
were 1
were 1
were 1
were 1
were 1
were 1
were 1
were 1
were 1
were 1
were 1
were 1
were 1
were 1
were 1
were 1
were 1
were 1
were 1
were 1
were 1
were 1
were 1
were 1
were 1
were 1
were 1
were 1
were 1
were 1
were 1
were 1
were 1
were 1
were 1
were 1
were 1
were 1
were 1
were 1
were 1
west 1
wheel 1
where 1
where 1
where 1
where 1
where 1
where 1
where 1
where 1
where 1
where 1
where 1
where 1
where 1
where 1
where 1
where 1
where 1
where 1
where 1
where 1
where 1
where 1
where 1
where 1
where 1
where 1
where 1
where 1
where 1
where 1
where 1
where 1
where 1
where 1
where 1
where 1
where 1
where 1
where 1
where 1
where 1
where 1
whim 1
whispers 1
wire 1
wire 1
wire 1
wisdom 1
wisdom 1
within 1
within 1
within 1
within 1
within 1
within 1
within 1
within 1
within 1
within 1
within 1
within 1
within 1
within 1
within 1
within 1
witnesses 1
wonder 1
wonder 1
wonder 1
wonder 1
wonder 1
wonder 1
wonder 1
wonder 1
wonder 1
wonder 1
wonder 1
wonder 1
wonder 1
wonder 1
wonder 1
wonder 1
wonder 1
wonder 1
wonder 1
wonder 1
wonder 1
wonder 1
wonder 1
wonder 1
wonder 1
wonder 1
wonder 1
wonder 1
wonder 1
wonder 1
wonder 1
wonder 1
wonder 1
wonder 1
wonder 1
wonder 1
wonder 1
wonder 1
wonder 1
wonder 1
wonderfully 1
wonderfully 1
wonderfully 1
wonderfully 1
wonderfully 1
wonderfully 1
wood 1
wood 1
wood 1
wood 1
wood 1
wood 1
wood 1
worshipped 1
worshipped 1
worshipped 1
worshipped 1
worshipped 1
worshipped 1
worshipped 1
worshipped 1
worshipped 1
worshipped 1
worships 1
worst 1
worst 1
worst 1
wrecked 1
wrinkling 1
write 1
write 1
write 1
write 1
write 1
write 1
write 1
write 1
write 1
write 1
write 1
write 1
write 1
write 1
write 1
writhed 1
wrote 1
wrote 1
wrote 1
wrote 1
wrote 1
wrote 1
wrote 1
wrote 1
wrung 1
wrung 1
yourself 1
yourself 1
yourself 1
yourself 1
yourself 1
yourself 1
yourself 1
yourself 1
yourself 1
yourself 1
yourself 1
yourself 1
yourself 1
yourself 1
yourself 1
yourself 1
yourself 1
yourself 1
yourself 1
yourself 1
yourself 1
yourself 1
yourself 1
yourself 1
yourself 1
yourself 1
yourself 1
yourself 1
yourself 1
yourself 1
yourself 1
yourself 1
yourself 1
yourself 1
yourself 1
yourself 1
