ACTUAL 1
ADVENTURE 1
ADVENTURE 1
ADVENTURE 1
ADVENTURE 1
ADVENTURE 1
ADVENTURE 1
ADVENTURE 1
ADVENTURE 1
ADVENTURE 1
ADVENTURE 1
ADVENTURE 1
ADVENTURE 1
AGREEMENT 1
ARAT 1
Adler 1
Adler 1
Adler 1
Adler 1
Adler 1
Adler 1
Adler 1
Adler 1
Adler 1
Adler 1
Adler 1
Adler 1
Adler 1
Adler 1
Adler 1
Afghanistan 1
Again 1
Again 1
Again 1
Alexander 1
Alpha 1
Alpha 1
Alpha 1
Alpha 1
Alpha 1
Alpha 1
Alpha 1
Anderson 1
Anstruther 1
Any 1
Any 1
Apply 1
Arizona 1
As 1
As 1
As 1
As 1
As 1
As 1
As 1
As 1
As 1
As 1
As 1
As 1
As 1
As 1
As 1
As 1
As 1
As 1
As 1
As 1
As 1
As 1
As 1
As 1
As 1
As 1
As 1
As 1
As 1
As 1
As 1
As 1
As 1
As 1
As 1
As 1
As 1
As 1
As 1
As 1
As 1
As 1
As 1
As 1
As 1
As 1
As 1
As 1
As 1
As 1
As 1
As 1
As 1
As 1
As 1
As 1
As 1
As 1
As 1
As 1
As 1
As 1
As 1
As 1
As 1
As 1
As 1
As 1
As 1
As 1
As 1
As 1
As 1
As 1
As 1
As 1
As 1
As 1
As 1
As 1
As 1
As 1
Away 1
Away 1
Ay 1
Balmoral 1
Balmoral 1
Balmoral 1
Balmoral 1
Because 1
Because 1
Because 1
Because 1
Because 1
Because 1
Because 1
Bible 1
Blue 1
Boscombe 1
Boscombe 1
Boscombe 1
Boscombe 1
Boscombe 1
Boscombe 1
Boscombe 1
Boscombe 1
Boscombe 1
Boscombe 1
Boscombe 1
Boscombe 1
Boscombe 1
Boscombe 1
Boscombe 1
Bradshaw 1
Bradshaw 1
Camberwell 1
Camberwell 1
Carlsbad 1
Carolinas 1
Case 1
Colony 1
Confederate 1
DAMAGES 1
DAMAGES 1
Dane 1
Dear 1
Dear 1
Defects 1
Despite 1
Dirty 1
Domain 1
Embankment 1
Entirely 1
Entirely 1
Entirely 1
Europe 1
Europe 1
Europe 1
Europe 1
Europe 1
Europe 1
Felstein 1
First 1
Five 1
Five 1
Five 1
Four 1
Four 1
Four 1
Francisco 1
Francisco 1
Frisco 1
Frisco 1
Frisco 1
Frisco 1
Get 1
Get 1
Get 1
Get 1
Giving 1
God 1
God 1
God 1
God 1
God 1
God 1
God 1
God 1
God 1
God 1
God 1
God 1
God 1
God 1
God 1
God 1
God 1
God 1
God 1
God 1
God 1
God 1
God 1
God 1
God 1
God 1
God 1
God 1
Grand 1
Grit 1
Have 1
Have 1
Have 1
Have 1
Have 1
Have 1
Have 1
Have 1
Have 1
Have 1
Have 1
Have 1
Have 1
Have 1
Have 1
Have 1
Have 1
Have 1
Have 1
Have 1
Holder 1
Holder 1
Holder 1
Holder 1
Holder 1
Holder 1
Holder 1
Holder 1
Holder 1
Holder 1
Holder 1
Holder 1
Holder 1
Holder 1
Holder 1
Holder 1
Holder 1
Holder 1
Holmes 1
Holmes 1
Holmes 1
Holmes 1
Holmes 1
Holmes 1
Holmes 1
Holmes 1
Holmes 1
Holmes 1
Holmes 1
Holmes 1
Holmes 1
Holmes 1
Holmes 1
Holmes 1
Holmes 1
Holmes 1
Holmes 1
Holmes 1
Holmes 1
Holmes 1
Holmes 1
Holmes 1
Holmes 1
Holmes 1
Holmes 1
Holmes 1
Holmes 1
Holmes 1
Holmes 1
Holmes 1
Holmes 1
Holmes 1
Holmes 1
Holmes 1
Holmes 1
Holmes 1
Holmes 1
Holmes 1
Holmes 1
Holmes 1
Holmes 1
Holmes 1
Holmes 1
Holmes 1
Holmes 1
Holmes 1
Holmes 1
Holmes 1
Holmes 1
Holmes 1
Holmes 1
Holmes 1
Holmes 1
Holmes 1
Holmes 1
Holmes 1
Holmes 1
Holmes 1
Holmes 1
Holmes 1
Holmes 1
Holmes 1
Holmes 1
Holmes 1
Holmes 1
Holmes 1
Holmes 1
Holmes 1
Holmes 1
Holmes 1
Holmes 1
Holmes 1
Holmes 1
Holmes 1
Holmes 1
Holmes 1
Holmes 1
Holmes 1
Holmes 1
Holmes 1
Holmes 1
Holmes 1
Holmes 1
Holmes 1
Holmes 1
Holmes 1
Holmes 1
Holmes 1
Holmes 1
Holmes 1
Holmes 1
Holmes 1
Holmes 1
Holmes 1
Holmes 1
Holmes 1
Holmes 1
Holmes 1
Holmes 1
Holmes 1
Holmes 1
Holmes 1
Holmes 1
Holmes 1
Holmes 1
Holmes 1
Holmes 1
Holmes 1
Holmes 1
Holmes 1
Holmes 1
Holmes 1
Holmes 1
Holmes 1
Holmes 1
Holmes 1
Holmes 1
Holmes 1
Holmes 1
Holmes 1
Holmes 1
Holmes 1
Holmes 1
Holmes 1
Holmes 1
Holmes 1
Holmes 1
Holmes 1
Holmes 1
Holmes 1
Holmes 1
Holmes 1
Holmes 1
Holmes 1
Holmes 1
Holmes 1
Holmes 1
Holmes 1
Holmes 1
Holmes 1
Holmes 1
Holmes 1
Holmes 1
Holmes 1
Holmes 1
Holmes 1
Holmes 1
Holmes 1
Holmes 1
Holmes 1
Holmes 1
Holmes 1
Holmes 1
Holmes 1
Holmes 1
Holmes 1
Holmes 1
Holmes 1
Holmes 1
Holmes 1
Holmes 1
Holmes 1
Holmes 1
Holmes 1
Holmes 1
Holmes 1
Holmes 1
Holmes 1
Holmes 1
Holmes 1
Holmes 1
Holmes 1
Holmes 1
Holmes 1
Holmes 1
Holmes 1
Holmes 1
Holmes 1
Holmes 1
Holmes 1
Holmes 1
Holmes 1
Holmes 1
Holmes 1
Holmes 1
Holmes 1
Holmes 1
Holmes 1
Holmes 1
Holmes 1
Holmes 1
Holmes 1
Holmes 1
Holmes 1
Holmes 1
Holmes 1
Holmes 1
Holmes 1
Holmes 1
Holmes 1
Holmes 1
Holmes 1
Holmes 1
Holmes 1
Holmes 1
Holmes 1
Holmes 1
Holmes 1
Holmes 1
Holmes 1
Holmes 1
Holmes 1
Holmes 1
Holmes 1
Holmes 1
Holmes 1
Holmes 1
Holmes 1
Holmes 1
Holmes 1
Holmes 1
Holmes 1
Holmes 1
Holmes 1
Holmes 1
Holmes 1
Holmes 1
Holmes 1
Holmes 1
Holmes 1
Holmes 1
Holmes 1
Holmes 1
Holmes 1
Holmes 1
Holmes 1
Holmes 1
Holmes 1
Holmes 1
Holmes 1
Holmes 1
Holmes 1
Holmes 1
Holmes 1
Holmes 1
Holmes 1
Holmes 1
Holmes 1
Holmes 1
Holmes 1
Holmes 1
Holmes 1
Holmes 1
Holmes 1
Holmes 1
Holmes 1
Holmes 1
Holmes 1
Holmes 1
Holmes 1
Holmes 1
Holmes 1
Holmes 1
Holmes 1
Holmes 1
Holmes 1
Holmes 1
Holmes 1
Holmes 1
Holmes 1
Holmes 1
Holmes 1
Holmes 1
Holmes 1
Holmes 1
Holmes 1
Holmes 1
Holmes 1
Holmes 1
Holmes 1
Holmes 1
Holmes 1
Holmes 1
Holmes 1
Holmes 1
Holmes 1
Holmes 1
Holmes 1
Holmes 1
Holmes 1
Holmes 1
Holmes 1
Holmes 1
Holmes 1
Holmes 1
Holmes 1
Holmes 1
Holmes 1
Holmes 1
Holmes 1
Holmes 1
Holmes 1
Holmes 1
Holmes 1
Holmes 1
Holmes 1
Holmes 1
Holmes 1
Holmes 1
Holmes 1
Holmes 1
Holmes 1
Holmes 1
Holmes 1
Holmes 1
Holmes 1
Holmes 1
Holmes 1
Holmes 1
Holmes 1
Holmes 1
Holmes 1
Holmes 1
Holmes 1
Holmes 1
Holmes 1
Holmes 1
Holmes 1
Holmes 1
Holmes 1
Holmes 1
Holmes 1
Holmes 1
Holmes 1
Holmes 1
Holmes 1
Holmes 1
Holmes 1
Holmes 1
Holmes 1
Holmes 1
Holmes 1
Holmes 1
Holmes 1
Holmes 1
Holmes 1
Holmes 1
Holmes 1
Holmes 1
Holmes 1
Holmes 1
Holmes 1
Holmes 1
Holmes 1
Holmes 1
Holmes 1
Holmes 1
Holmes 1
Holmes 1
Holmes 1
Holmes 1
Holmes 1
Holmes 1
Holmes 1
Holmes 1
Holmes 1
Holmes 1
Holmes 1
Holmes 1
Holmes 1
Holmes 1
Holmes 1
Holmes 1
Holmes 1
Holmes 1
Holmes 1
Holmes 1
Holmes 1
Holmes 1
Holmes 1
Holmes 1
Holmes 1
Holmes 1
Holmes 1
Holmes 1
Holmes 1
Holmes 1
Holmes 1
Holmes 1
Holmes 1
Holmes 1
Holmes 1
Holmes 1
Holmes 1
Holmes 1
Holmes 1
Holmes 1
Holmes 1
Holmes 1
Holmes 1
Holmes 1
Holmes 1
Holmes 1
Holmes 1
Holmes 1
Holmes 1
Holmes 1
Holmes 1
Holmes 1
Holmes 1
Holmes 1
Holmes 1
Holmes 1
Holmes 1
Holmes 1
Holmes 1
Holmes 1
Holmes 1
Holmes 1
Holmes 1
Holmes 1
Holmes 1
Holmes 1
Holmes 1
Holmes 1
Holmes 1
Holmes 1
Holmes 1
Holmes 1
Holmes 1
Holmes 1
Holmes 1
Holmes 1
Holmes 1
Holmes 1
Holmes 1
Holmes 1
Holmes 1
Holmes 1
Holmes 1
Holmes 1
Holmes 1
Holmes 1
Holmes 1
Holmes 1
Holmes 1
Holmes 1
Holmes 1
Holmes 1
Holmes 1
Holmes 1
Holmes 1
Holmes 1
Holmes 1
Holmes 1
Holmes 1
Holmes 1
Holmes 1
Holmes 1
Horner 1
Horner 1
Horner 1
Horner 1
Horner 1
Horner 1
Horner 1
Horner 1
Horner 1
Horner 1
Horner 1
Horner 1
Horner 1
Hum 1
Hum 1
Hum 1
Hum 1
Hum 1
Hum 1
Hum 1
INDIRECT 1
Insensibly 1
Jane 1
January 1
January 1
January 1
January 1
Jephro 1
L 1
L 1
Lane 1
Lane 1
Lane 1
Lane 1
Lane 1
Lane 1
Lane 1
Lane 1
Leadenhall 1
Leadenhall 1
Leadenhall 1
Leadenhall 1
Leadenhall 1
Lee 1
Lee 1
Lee 1
Lee 1
Lee 1
Lee 1
Lee 1
London 1
London 1
London 1
London 1
London 1
London 1
London 1
London 1
London 1
London 1
London 1
London 1
London 1
London 1
London 1
London 1
London 1
London 1
London 1
London 1
London 1
London 1
London 1
London 1
London 1
London 1
London 1
London 1
London 1
London 1
London 1
London 1
London 1
London 1
London 1
London 1
London 1
London 1
London 1
London 1
London 1
Londoners 1
Lyon 1
Malay 1
Married 1
Master 1
Mister 1
Monday 1
Monday 1
Monday 1
Monday 1
Monday 1
Monday 1
Monday 1
Monday 1
Monday 1
Monday 1
Monday 1
Monday 1
Monday 1
Monday 1
NORTON 1
Near 1
Near 1
Never 1
Never 1
Never 1
Never 1
Never 1
Never 1
Never 1
Never 1
Never 1
Never 1
Never 1
Never 1
Never 1
New 1
New 1
New 1
Opening 1
Oxford 1
Oxford 1
Oxford 1
PUNITIVE 1
Pancras 1
Perfectly 1
Persian 1
Petrified 1
Pink 1
Pips 1
Please 1
Please 1
Pooh 1
Pooh 1
Post 1
Post 1
Post 1
Prague 1
Pray 1
Pray 1
Pray 1
Pray 1
Pray 1
Pray 1
Pray 1
Pray 1
Pray 1
Pray 1
Pray 1
Pray 1
Pray 1
Pray 1
Pray 1
Pray 1
Pray 1
Pray 1
Pray 1
Pray 1
Pray 1
Pray 1
Pray 1
Pray 1
Pray 1
Pray 1
Pray 1
Pray 1
Pray 1
Pray 1
Pray 1
Pray 1
Produced 1
Produced 1
Puzzle 1
Quite 1
Quite 1
Quite 1
Quite 1
Quite 1
Quite 1
Quite 1
Quite 1
Quite 1
Quite 1
Quite 1
Quite 1
Quite 1
Quite 1
Quite 1
Quite 1
Quite 1
Revenue 1
River 1
Robert 1
Robert 1
Robert 1
Robert 1
Robert 1
Robert 1
SCANDAL 1
Same 1
San 1
San 1
Sarasate 1
Sections 1
Simon 1
Simon 1
Simon 1
Simon 1
Simon 1
Simon 1
Simon 1
Simon 1
Simon 1
Simon 1
Simon 1
Simon 1
Simon 1
Simon 1
Simon 1
Simon 1
Simon 1
Simon 1
Simon 1
Simon 1
Simon 1
Simon 1
Simon 1
Simon 1
Simon 1
Simon 1
Simon 1
Simon 1
Simon 1
Simon 1
Simon 1
Simon 1
Simon 1
Simon 1
Simon 1
Simon 1
Simon 1
Simon 1
Simon 1
Sold 1
Sold 1
Sometimes 1
Sometimes 1
Sometimes 1
Spence 1
Spence 1
Swain 1
Swain 1
TWISTED 1
There 1
There 1
There 1
There 1
There 1
There 1
There 1
There 1
There 1
There 1
There 1
There 1
There 1
There 1
There 1
There 1
There 1
There 1
There 1
There 1
There 1
There 1
There 1
There 1
There 1
There 1
There 1
There 1
There 1
There 1
There 1
There 1
There 1
There 1
There 1
There 1
There 1
There 1
There 1
There 1
There 1
There 1
There 1
There 1
There 1
There 1
There 1
There 1
There 1
There 1
There 1
There 1
There 1
There 1
There 1
There 1
There 1
There 1
There 1
There 1
There 1
There 1
There 1
There 1
There 1
There 1
There 1
There 1
There 1
There 1
There 1
There 1
There 1
There 1
There 1
There 1
There 1
There 1
There 1
There 1
There 1
There 1
There 1
There 1
There 1
There 1
There 1
There 1
There 1
There 1
There 1
There 1
There 1
There 1
There 1
There 1
There 1
There 1
There 1
There 1
There 1
There 1
There 1
There 1
There 1
There 1
There 1
There 1
There 1
There 1
There 1
There 1
There 1
There 1
There 1
There 1
There 1
There 1
There 1
There 1
There 1
There 1
There 1
There 1
There 1
There 1
There 1
There 1
There 1
There 1
There 1
There 1
There 1
There 1
There 1
There 1
There 1
There 1
There 1
There 1
There 1
There 1
There 1
There 1
There 1
There 1
There 1
There 1
There 1
There 1
There 1
There 1
There 1
There 1
There 1
There 1
There 1
There 1
There 1
There 1
There 1
There 1
There 1
There 1
There 1
There 1
There 1
There 1
There 1
There 1
There 1
There 1
There 1
There 1
Threatens 1
Thursday 1
Thursday 1
Tiptoes 1
Tottenham 1
Tottenham 1
Tottenham 1
Tottenham 1
Trafalgar 1
Tudor 1
Turkish 1
Twisted 1
Two 1
Two 1
Two 1
Two 1
Two 1
Two 1
Two 1
Two 1
Two 1
UNDER 1
Unless 1
Unless 1
Unless 1
Upon 1
Upon 1
V 1
V 1
Venner 1
Vere 1
Very 1
Very 1
Very 1
Very 1
Very 1
Very 1
Very 1
Very 1
Very 1
Very 1
Very 1
Very 1
Very 1
Very 1
Very 1
Very 1
Very 1
Very 1
Very 1
Very 1
Very 1
Very 1
Very 1
Very 1
Very 1
Very 1
Very 1
Very 1
Very 1
Very 1
WARRANTY 1
WARRANTY 1
WILSON 1
WITH 1
WITH 1
Wallenstein 1
Wedding 1
Well 1
Well 1
Well 1
Well 1
Well 1
Well 1
Well 1
Well 1
Well 1
Well 1
Well 1
Well 1
Well 1
Well 1
Well 1
Well 1
Well 1
Well 1
Well 1
Well 1
Well 1
Well 1
Well 1
Well 1
Well 1
Well 1
Well 1
Well 1
Well 1
Well 1
Well 1
Well 1
Well 1
Well 1
Well 1
Well 1
Well 1
Well 1
Well 1
Well 1
Well 1
Well 1
Well 1
Well 1
Well 1
Well 1
Well 1
Well 1
Well 1
Well 1
Well 1
Well 1
Well 1
Well 1
Well 1
Well 1
Well 1
Well 1
Well 1
Well 1
Well 1
Well 1
Well 1
Well 1
Well 1
Well 1
Well 1
Well 1
Well 1
Well 1
Well 1
Well 1
Well 1
Well 1
Well 1
Well 1
Well 1
Well 1
Well 1
Well 1
Well 1
Well 1
Well 1
Well 1
Well 1
Well 1
Well 1
Well 1
Well 1
Well 1
Well 1
Well 1
Well 1
Well 1
Well 1
Well 1
Well 1
Well 1
Well 1
Well 1
Well 1
Well 1
Whatever 1
Whatever 1
Whatever 1
Whitney 1
Whitney 1
Whitney 1
Whitney 1
Whitney 1
Whitney 1
Whitney 1
Whitney 1
Why 1
Why 1
Why 1
Why 1
Why 1
Why 1
Why 1
Why 1
Why 1
Why 1
Why 1
Why 1
Why 1
Why 1
Why 1
Why 1
Why 1
Why 1
Why 1
Why 1
Why 1
Why 1
Why 1
Why 1
Why 1
Why 1
Why 1
Why 1
Why 1
Why 1
Why 1
Why 1
Why 1
Why 1
Why 1
Why 1
Why 1
Wigmore 1
Will 1
Will 1
Will 1
Will 1
Will 1
Wilson 1
Wilson 1
Wilson 1
Wilson 1
Wilson 1
Wilson 1
Wilson 1
Wilson 1
Wilson 1
Wilson 1
Wilson 1
Wilson 1
Wilson 1
Wilson 1
Wilson 1
Wilson 1
Wilson 1
Wilson 1
Wilson 1
Wilson 1
Wilson 1
Without 1
Without 1
Won 1
X 1
X 1
XII 1
XII 1
Yours 1
Yours 1
Yours 1
abnormal 1
abuse 1
accidents 1
accomplished 1
accomplished 1
accumulated 1
accurate 1
accustomed 1
accustomed 1
accustomed 1
accustomed 1
accustomed 1
accustomed 1
acquire 1
action 1
action 1
action 1
action 1
action 1
action 1
action 1
action 1
action 1
action 1
action 1
action 1
added 1
added 1
added 1
adder 1
address 1
address 1
address 1
address 1
address 1
address 1
address 1
address 1
address 1
address 1
address 1
address 1
address 1
address 1
address 1
address 1
address 1
address 1
address 1
address 1
address 1
address 1
address 1
address 1
address 1
address 1
advanced 1
advanced 1
adviser 1
adviser 1
affected 1
affected 1
agitation 1
agitation 1
agitation 1
agitation 1
agitation 1
agree 1
agree 1
agree 1
agree 1
agree 1
agree 1
agree 1
agree 1
agree 1
aid 1
aid 1
aid 1
aid 1
aid 1
aid 1
aid 1
ajar 1
alias 1
alike 1
almost 1
almost 1
almost 1
almost 1
almost 1
almost 1
almost 1
almost 1
almost 1
almost 1
almost 1
almost 1
almost 1
almost 1
almost 1
almost 1
almost 1
almost 1
almost 1
almost 1
altar 1
altar 1
altar 1
altar 1
altar 1
altar 1
am 1
am 1
am 1
am 1
am 1
am 1
am 1
am 1
am 1
am 1
am 1
am 1
am 1
am 1
am 1
am 1
am 1
am 1
am 1
am 1
am 1
am 1
am 1
am 1
am 1
am 1
am 1
am 1
am 1
am 1
am 1
am 1
am 1
am 1
am 1
am 1
am 1
am 1
am 1
am 1
am 1
am 1
am 1
am 1
am 1
am 1
am 1
am 1
am 1
am 1
am 1
am 1
am 1
am 1
am 1
am 1
am 1
am 1
am 1
am 1
am 1
am 1
am 1
am 1
am 1
am 1
am 1
am 1
am 1
am 1
am 1
am 1
am 1
am 1
am 1
am 1
am 1
am 1
am 1
am 1
am 1
am 1
am 1
am 1
am 1
am 1
am 1
am 1
am 1
am 1
am 1
am 1
am 1
am 1
am 1
am 1
am 1
am 1
am 1
am 1
am 1
am 1
am 1
am 1
am 1
am 1
am 1
am 1
am 1
am 1
am 1
am 1
am 1
am 1
am 1
am 1
am 1
am 1
am 1
am 1
am 1
am 1
am 1
am 1
am 1
am 1
am 1
am 1
am 1
am 1
am 1
am 1
am 1
am 1
am 1
am 1
am 1
am 1
am 1
am 1
am 1
am 1
am 1
am 1
am 1
am 1
am 1
am 1
am 1
am 1
am 1
am 1
am 1
am 1
am 1
am 1
am 1
am 1
am 1
am 1
am 1
am 1
am 1
am 1
am 1
am 1
am 1
am 1
am 1
am 1
am 1
am 1
am 1
am 1
am 1
am 1
am 1
am 1
am 1
am 1
am 1
am 1
am 1
am 1
am 1
amalgam 1
amusing 1
amusing 1
analytical 1
analytical 1
animal 1
animal 1
animal 1
animal 1
anoints 1
antagonist 1
antecedents 1
anyone 1
anyone 1
anyone 1
anyone 1
anyone 1
anyone 1
anyone 1
anyone 1
anyone 1
anyone 1
anyone 1
anyone 1
anyone 1
anyone 1
anyone 1
anyone 1
anyone 1
anyone 1
anyone 1
anyone 1
anyone 1
anyone 1
anyone 1
anyone 1
anyone 1
anyone 1
anyone 1
anyone 1
anyone 1
apartment 1
apartment 1
apartment 1
apartment 1
appeals 1
appearance 1
appearance 1
appearance 1
appearance 1
appearance 1
appearance 1
appearance 1
appearance 1
appearance 1
appearance 1
appearance 1
appearance 1
appearance 1
appearance 1
appearance 1
appearance 1
appeared 1
appeared 1
appeared 1
appeared 1
appeared 1
appeared 1
appeared 1
appeared 1
appeared 1
appeared 1
appeared 1
appeared 1
appeared 1
appeared 1
appeared 1
appeared 1
appeared 1
appeared 1
appeared 1
appeared 1
appeared 1
appeared 1
appeared 1
appeared 1
appeared 1
appeared 1
appeared 1
approaching 1
approaching 1
approaching 1
approaching 1
aquiline 1
aquiline 1
are 1
are 1
are 1
are 1
are 1
are 1
are 1
are 1
are 1
are 1
are 1
are 1
are 1
are 1
are 1
are 1
are 1
are 1
are 1
are 1
are 1
are 1
are 1
are 1
are 1
are 1
are 1
are 1
are 1
are 1
are 1
are 1
are 1
are 1
are 1
are 1
are 1
are 1
are 1
are 1
are 1
are 1
are 1
are 1
are 1
are 1
are 1
are 1
are 1
are 1
are 1
are 1
are 1
are 1
are 1
are 1
are 1
are 1
are 1
are 1
are 1
are 1
are 1
are 1
are 1
are 1
are 1
are 1
are 1
are 1
are 1
are 1
are 1
are 1
are 1
are 1
are 1
are 1
are 1
are 1
are 1
are 1
are 1
are 1
are 1
are 1
are 1
are 1
are 1
are 1
are 1
are 1
are 1
are 1
are 1
are 1
are 1
are 1
are 1
are 1
are 1
are 1
are 1
are 1
are 1
are 1
are 1
are 1
are 1
are 1
are 1
are 1
are 1
are 1
are 1
are 1
are 1
are 1
are 1
are 1
are 1
are 1
are 1
are 1
are 1
are 1
are 1
are 1
are 1
are 1
are 1
are 1
are 1
are 1
are 1
are 1
are 1
are 1
are 1
are 1
are 1
are 1
are 1
are 1
are 1
are 1
are 1
are 1
are 1
are 1
are 1
are 1
are 1
are 1
are 1
are 1
are 1
are 1
are 1
are 1
are 1
are 1
are 1
are 1
are 1
are 1
are 1
are 1
are 1
are 1
are 1
are 1
are 1
are 1
are 1
are 1
are 1
are 1
are 1
are 1
are 1
are 1
are 1
are 1
are 1
are 1
are 1
are 1
are 1
are 1
are 1
are 1
are 1
are 1
are 1
are 1
are 1
are 1
are 1
are 1
are 1
are 1
are 1
are 1
are 1
are 1
are 1
are 1
are 1
are 1
are 1
are 1
are 1
are 1
are 1
are 1
are 1
are 1
are 1
are 1
are 1
are 1
are 1
are 1
are 1
are 1
are 1
are 1
are 1
are 1
are 1
are 1
are 1
are 1
are 1
are 1
are 1
are 1
are 1
are 1
are 1
are 1
are 1
are 1
are 1
are 1
are 1
are 1
are 1
are 1
are 1
are 1
are 1
are 1
are 1
are 1
are 1
are 1
are 1
are 1
are 1
are 1
are 1
are 1
are 1
are 1
are 1
are 1
are 1
are 1
are 1
are 1
are 1
are 1
are 1
are 1
are 1
are 1
are 1
are 1
are 1
are 1
are 1
are 1
are 1
are 1
are 1
are 1
are 1
are 1
are 1
are 1
are 1
are 1
are 1
are 1
are 1
are 1
are 1
are 1
are 1
are 1
are 1
are 1
are 1
are 1
are 1
are 1
are 1
are 1
are 1
are 1
are 1
are 1
are 1
are 1
are 1
are 1
are 1
are 1
are 1
are 1
are 1
are 1
are 1
are 1
are 1
are 1
are 1
are 1
are 1
are 1
are 1
are 1
are 1
are 1
are 1
are 1
are 1
are 1
are 1
are 1
are 1
are 1
are 1
are 1
are 1
are 1
are 1
aristocratic 1
aristocratic 1
aristocratic 1
as 1
as 1
as 1
as 1
as 1
as 1
as 1
as 1
as 1
as 1
as 1
as 1
as 1
as 1
as 1
as 1
as 1
as 1
as 1
as 1
as 1
as 1
as 1
as 1
as 1
as 1
as 1
as 1
as 1
as 1
as 1
as 1
as 1
as 1
as 1
as 1
as 1
as 1
as 1
as 1
as 1
as 1
as 1
as 1
as 1
as 1
as 1
as 1
as 1
as 1
as 1
as 1
as 1
as 1
as 1
as 1
as 1
as 1
as 1
as 1
as 1
as 1
as 1
as 1
as 1
as 1
as 1
as 1
as 1
as 1
as 1
as 1
as 1
as 1
as 1
as 1
as 1
as 1
as 1
as 1
as 1
as 1
as 1
as 1
as 1
as 1
as 1
as 1
as 1
as 1
as 1
as 1
as 1
as 1
as 1
as 1
as 1
as 1
as 1
as 1
as 1
as 1
as 1
as 1
as 1
as 1
as 1
as 1
as 1
as 1
as 1
as 1
as 1
as 1
as 1
as 1
as 1
as 1
as 1
as 1
as 1
as 1
as 1
as 1
as 1
as 1
as 1
as 1
as 1
as 1
as 1
as 1
as 1
as 1
as 1
as 1
as 1
as 1
as 1
as 1
as 1
as 1
as 1
as 1
as 1
as 1
as 1
as 1
as 1
as 1
as 1
as 1
as 1
as 1
as 1
as 1
as 1
as 1
as 1
as 1
as 1
as 1
as 1
as 1
as 1
as 1
as 1
as 1
as 1
as 1
as 1
as 1
as 1
as 1
as 1
as 1
as 1
as 1
as 1
as 1
as 1
as 1
as 1
as 1
as 1
as 1
as 1
as 1
as 1
as 1
as 1
as 1
as 1
as 1
as 1
as 1
as 1
as 1
as 1
as 1
as 1
as 1
as 1
as 1
as 1
as 1
as 1
as 1
as 1
as 1
as 1
as 1
as 1
as 1
as 1
as 1
as 1
as 1
as 1
as 1
as 1
as 1
as 1
as 1
as 1
as 1
as 1
as 1
as 1
as 1
as 1
as 1
as 1
as 1
as 1
as 1
as 1
as 1
as 1
as 1
as 1
as 1
as 1
as 1
as 1
as 1
as 1
as 1
as 1
as 1
as 1
as 1
as 1
as 1
as 1
as 1
as 1
as 1
as 1
as 1
as 1
as 1
as 1
as 1
as 1
as 1
as 1
as 1
as 1
as 1
as 1
as 1
as 1
as 1
as 1
as 1
as 1
as 1
as 1
as 1
as 1
as 1
as 1
as 1
as 1
as 1
as 1
as 1
as 1
as 1
as 1
as 1
as 1
as 1
as 1
as 1
as 1
as 1
as 1
as 1
as 1
as 1
as 1
as 1
as 1
as 1
as 1
as 1
as 1
as 1
as 1
as 1
as 1
as 1
as 1
as 1
as 1
as 1
as 1
as 1
as 1
as 1
as 1
as 1
as 1
as 1
as 1
as 1
as 1
as 1
as 1
as 1
as 1
as 1
as 1
as 1
as 1
as 1
as 1
as 1
as 1
as 1
as 1
as 1
as 1
as 1
as 1
as 1
as 1
as 1
as 1
as 1
as 1
as 1
as 1
as 1
as 1
as 1
as 1
as 1
as 1
as 1
as 1
as 1
as 1
as 1
as 1
as 1
as 1
as 1
as 1
as 1
as 1
as 1
as 1
as 1
as 1
as 1
as 1
as 1
as 1
as 1
as 1
as 1
as 1
as 1
as 1
as 1
as 1
as 1
as 1
as 1
as 1
as 1
as 1
as 1
as 1
as 1
as 1
as 1
as 1
as 1
as 1
as 1
as 1
as 1
as 1
as 1
as 1
as 1
as 1
as 1
as 1
as 1
as 1
as 1
as 1
as 1
as 1
as 1
as 1
as 1
as 1
as 1
as 1
as 1
as 1
as 1
as 1
as 1
as 1
as 1
as 1
as 1
as 1
as 1
as 1
as 1
as 1
as 1
as 1
as 1
as 1
as 1
as 1
as 1
as 1
as 1
as 1
as 1
as 1
as 1
as 1
as 1
as 1
as 1
as 1
as 1
as 1
as 1
as 1
as 1
as 1
as 1
as 1
as 1
as 1
as 1
as 1
as 1
as 1
as 1
as 1
as 1
as 1
as 1
as 1
as 1
as 1
as 1
as 1
as 1
as 1
as 1
as 1
as 1
as 1
as 1
as 1
as 1
as 1
as 1
as 1
as 1
as 1
as 1
as 1
as 1
as 1
as 1
as 1
as 1
as 1
as 1
as 1
as 1
as 1
as 1
as 1
as 1
as 1
as 1
as 1
as 1
as 1
as 1
as 1
as 1
as 1
as 1
as 1
as 1
as 1
as 1
as 1
as 1
as 1
as 1
as 1
as 1
as 1
as 1
as 1
as 1
as 1
as 1
as 1
as 1
as 1
as 1
as 1
as 1
as 1
as 1
as 1
as 1
as 1
as 1
as 1
as 1
as 1
as 1
as 1
as 1
as 1
as 1
as 1
as 1
as 1
as 1
as 1
as 1
as 1
as 1
as 1
as 1
as 1
as 1
as 1
as 1
as 1
as 1
as 1
as 1
as 1
as 1
as 1
as 1
as 1
as 1
as 1
as 1
as 1
as 1
as 1
as 1
as 1
as 1
as 1
as 1
as 1
as 1
as 1
as 1
as 1
as 1
as 1
as 1
as 1
as 1
as 1
as 1
as 1
as 1
as 1
as 1
as 1
as 1
as 1
as 1
as 1
as 1
as 1
as 1
as 1
as 1
as 1
as 1
as 1
as 1
as 1
as 1
as 1
as 1
as 1
as 1
as 1
as 1
as 1
as 1
as 1
as 1
as 1
as 1
as 1
as 1
as 1
as 1
as 1
as 1
as 1
as 1
as 1
as 1
as 1
as 1
as 1
as 1
as 1
as 1
as 1
as 1
as 1
as 1
as 1
as 1
as 1
as 1
as 1
as 1
as 1
as 1
as 1
as 1
as 1
as 1
as 1
as 1
as 1
as 1
as 1
as 1
as 1
as 1
as 1
as 1
as 1
as 1
as 1
as 1
as 1
as 1
as 1
as 1
as 1
as 1
as 1
as 1
as 1
as 1
as 1
as 1
as 1
as 1
as 1
as 1
as 1
as 1
as 1
as 1
as 1
as 1
as 1
as 1
as 1
as 1
as 1
as 1
as 1
as 1
as 1
as 1
as 1
as 1
as 1
as 1
as 1
as 1
as 1
as 1
as 1
as 1
as 1
as 1
as 1
as 1
as 1
as 1
as 1
as 1
as 1
as 1
as 1
as 1
as 1
as 1
as 1
as 1
as 1
as 1
as 1
as 1
as 1
as 1
as 1
as 1
as 1
as 1
as 1
as 1
as 1
as 1
as 1
as 1
as 1
as 1
as 1
as 1
as 1
as 1
as 1
as 1
as 1
as 1
as 1
as 1
as 1
as 1
as 1
as 1
as 1
as 1
as 1
as 1
as 1
as 1
as 1
as 1
as 1
as 1
aspired 1
assertion 1
assistant 1
assistant 1
assistant 1
assistant 1
assistant 1
assistant 1
assistant 1
assistant 1
assistant 1
assistant 1
assistant 1
assistant 1
assistant 1
assistant 1
assistant 1
assisted 1
associated 1
associated 1
associated 1
associated 1
associated 1
associated 1
associated 1
associated 1
associated 1
associated 1
associated 1
associated 1
assures 1
attached 1
attached 1
attached 1
aware 1
aware 1
aware 1
aware 1
aware 1
aware 1
aware 1
aware 1
aware 1
aware 1
away 1
away 1
away 1
away 1
away 1
away 1
away 1
away 1
away 1
away 1
away 1
away 1
away 1
away 1
away 1
away 1
away 1
away 1
away 1
away 1
away 1
away 1
away 1
away 1
away 1
away 1
away 1
away 1
away 1
away 1
away 1
away 1
away 1
away 1
away 1
away 1
away 1
away 1
away 1
away 1
away 1
away 1
away 1
away 1
away 1
away 1
away 1
away 1
away 1
away 1
away 1
away 1
away 1
away 1
away 1
away 1
away 1
away 1
away 1
away 1
away 1
away 1
away 1
away 1
away 1
away 1
away 1
away 1
away 1
away 1
away 1
away 1
away 1
away 1
away 1
away 1
away 1
away 1
away 1
away 1
away 1
away 1
away 1
away 1
away 1
away 1
away 1
away 1
away 1
away 1
away 1
away 1
away 1
away 1
away 1
away 1
away 1
away 1
away 1
away 1
away 1
away 1
away 1
away 1
away 1
away 1
away 1
ay 1
b 1
bachelor 1
bachelor 1
bachelor 1
bachelor 1
bachelor 1
bachelor 1
background 1
balance 1
balls 1
banking 1
banking 1
banking 1
bare 1
bare 1
bare 1
bare 1
barometric 1
barred 1
barred 1
barred 1
barred 1
barred 1
barred 1
barred 1
basket 1
basket 1
basket 1
bearing 1
bearing 1
bearing 1
bearing 1
bearing 1
bearing 1
bearing 1
bearing 1
because 1
because 1
because 1
because 1
because 1
because 1
because 1
because 1
because 1
because 1
because 1
because 1
because 1
because 1
because 1
because 1
because 1
bedroom 1
bedroom 1
bedroom 1
bedroom 1
bedroom 1
bedroom 1
bedroom 1
bedroom 1
bedroom 1
bedroom 1
bedroom 1
bedroom 1
bedroom 1
bedroom 1
bedroom 1
bedroom 1
bedroom 1
bedroom 1
bedside 1
bedtime 1
bee 1
beforehand 1
beginnings 1
beings 1
beryl 1
blaze 1
blaze 1
blinds 1
blinds 1
blinds 1
blinds 1
blinds 1
blush 1
board 1
board 1
board 1
boarding 1
boarding 1
body 1
body 1
body 1
body 1
body 1
body 1
body 1
body 1
body 1
body 1
body 1
body 1
body 1
body 1
body 1
body 1
body 1
body 1
body 1
body 1
body 1
bonnet 1
bonnet 1
bonnet 1
bonnet 1
bonnet 1
bosom 1
bosom 1
bound 1
bound 1
bound 1
bound 1
bound 1
bound 1
bound 1
bound 1
bound 1
boundary 1
bowing 1
bowing 1
brassy 1
brave 1
brave 1
brave 1
brave 1
brave 1
brilliantly 1
brilliantly 1
bring 1
bring 1
bring 1
bring 1
bring 1
bring 1
bring 1
bring 1
bring 1
bring 1
bring 1
bring 1
bring 1
bring 1
bring 1
bring 1
bring 1
bring 1
bring 1
bring 1
bring 1
bringing 1
bringing 1
bringing 1
bringing 1
bringing 1
bringing 1
brother 1
brother 1
brother 1
brother 1
brother 1
brother 1
brother 1
brute 1
brute 1
brute 1
building 1
building 1
building 1
building 1
building 1
building 1
building 1
building 1
building 1
building 1
building 1
building 1
building 1
bundle 1
bundle 1
bundle 1
bundle 1
bundle 1
burden 1
burglars 1
burly 1
buttoning 1
buttoning 1
bye 1
bye 1
bye 1
bye 1
bye 1
bye 1
cake 1
calculated 1
campaign 1
campaign 1
capacity 1
capacity 1
capture 1
captured 1
career 1
careful 1
careful 1
careful 1
careful 1
careful 1
careful 1
careful 1
careful 1
carpets 1
carried 1
carried 1
carried 1
carried 1
carried 1
carried 1
carried 1
carried 1
carried 1
carried 1
carried 1
carried 1
carried 1
carried 1
carried 1
carried 1
carried 1
carried 1
carried 1
carried 1
carried 1
carried 1
cashbox 1
ceaseless 1
ceases 1
centuries 1
chairs 1
chairs 1
chairs 1
charge 1
charge 1
charge 1
charge 1
charge 1
charge 1
charge 1
charge 1
charge 1
charge 1
charge 1
charge 1
charge 1
charge 1
charge 1
charge 1
charge 1
charge 1
charge 1
chase 1
chase 1
chase 1
chase 1
chase 1
chat 1
chat 1
cheetah 1
cheetah 1
cheetah 1
cheetah 1
cheetah 1
cheetah 1
chemistry 1
chill 1
chill 1
chill 1
chill 1
choked 1
choked 1
choked 1
choked 1
choosing 1
cigar 1
cigar 1
cigar 1
cigar 1
cigar 1
cigar 1
cigar 1
cigar 1
cigar 1
cigar 1
cigar 1
cigar 1
circumstances 1
circumstances 1
circumstances 1
circumstances 1
circumstances 1
circumstances 1
circumstances 1
circumstances 1
circumstances 1
clad 1
clad 1
clad 1
clad 1
clad 1
clad 1
clad 1
claws 1
claws 1
clerks 1
clerks 1
clerks 1
cleverness 1
clinched 1
clinked 1
clothes 1
clothes 1
clothes 1
clothes 1
clothes 1
clothes 1
clothes 1
clothes 1
clothes 1
clothes 1
clothes 1
clothes 1
clothes 1
clothes 1
clothes 1
clothes 1
clothes 1
clothes 1
clothes 1
clothes 1
clothes 1
clothes 1
clouds 1
clouds 1
clouds 1
clouds 1
clouds 1
clouds 1
club 1
club 1
club 1
club 1
club 1
club 1
club 1
cluster 1
clutched 1
clutched 1
clutched 1
clutched 1
coarsely 1
cocaine 1
cocaine 1
cocaine 1
colonel 1
colonel 1
colonel 1
colonel 1
colonel 1
colonel 1
colonel 1
colonel 1
colonel 1
colonel 1
colonel 1
colonel 1
colonel 1
colonel 1
colour 1
colour 1
colour 1
colour 1
colour 1
colour 1
colour 1
colour 1
colour 1
colour 1
colour 1
colour 1
colour 1
colour 1
colour 1
colour 1
colour 1
colour 1
colour 1
column 1
column 1
column 1
column 1
column 1
column 1
column 1
column 1
column 1
commander 1
companion 1
companion 1
companion 1
companion 1
companion 1
companion 1
companion 1
companion 1
companion 1
companion 1
companion 1
companion 1
companion 1
companion 1
companion 1
companion 1
companion 1
companion 1
companion 1
companion 1
companion 1
companion 1
companion 1
companion 1
companion 1
companion 1
companion 1
companion 1
companion 1
companion 1
companion 1
companion 1
companion 1
companion 1
comparing 1
compass 1
compass 1
complained 1
complained 1
complimentary 1
composed 1
composed 1
composed 1
compress 1
compress 1
concerning 1
concerning 1
concerning 1
confide 1
confide 1
confidential 1
confidential 1
congenial 1
conjunction 1
consumed 1
contents 1
contents 1
contents 1
contents 1
continues 1
contraction 1
contraction 1
contraction 1
convincing 1
convincing 1
convincing 1
corresponded 1
correspondent 1
correspondent 1
corroborate 1
costs 1
costs 1
countries 1
countryman 1
counts 1
courtesy 1
courtesy 1
cousins 1
covered 1
covered 1
covered 1
covered 1
covered 1
covered 1
covered 1
covered 1
covered 1
covered 1
covered 1
crawled 1
created 1
created 1
created 1
creatures 1
crib 1
crib 1
criminals 1
criminals 1
criminals 1
criminals 1
cringe 1
cruelly 1
cruelly 1
cruelly 1
crusted 1
cub 1
cumbrous 1
cupboard 1
cupboard 1
cupboard 1
cupboard 1
curious 1
curious 1
curious 1
curious 1
curious 1
curious 1
curious 1
curious 1
curious 1
curious 1
curious 1
curling 1
curling 1
curling 1
currently 1
cut 1
cut 1
cut 1
cut 1
cut 1
cut 1
cut 1
cut 1
cut 1
cut 1
cut 1
cut 1
cut 1
cut 1
cut 1
cut 1
cut 1
cut 1
cut 1
cut 1
cut 1
cut 1
cut 1
cut 1
cut 1
cut 1
cut 1
cut 1
cut 1
cut 1
damages 1
damages 1
dangers 1
dangers 1
dangling 1
dangling 1
dangling 1
dank 1
dank 1
dash 1
dash 1
daubing 1
deductions 1
deductions 1
deductions 1
deductions 1
deed 1
deed 1
deed 1
deed 1
deed 1
deep 1
deep 1
deep 1
deep 1
deep 1
deep 1
deep 1
deep 1
deep 1
deep 1
deep 1
deep 1
deep 1
deep 1
deep 1
deep 1
deep 1
deep 1
deep 1
deep 1
deep 1
deep 1
deep 1
deep 1
deep 1
deep 1
deepest 1
deepest 1
deepest 1
deepest 1
deepest 1
defects 1
defend 1
defending 1
dejected 1
delicacy 1
delicacy 1
delicacy 1
delicacy 1
delicacy 1
denying 1
depose 1
deposition 1
depositors 1
depot 1
depressing 1
derbies 1
derives 1
descending 1
descending 1
descending 1
deserts 1
deserts 1
detected 1
detracted 1
developed 1
developed 1
developments 1
devised 1
devised 1
devotedly 1
devotedly 1
directions 1
directions 1
disclaimers 1
discretion 1
discretion 1
discretion 1
discriminate 1
disease 1
disease 1
disease 1
dog 1
dog 1
dog 1
dog 1
dog 1
dog 1
dog 1
dog 1
dog 1
dog 1
dog 1
dog 1
dog 1
dog 1
dog 1
dog 1
donna 1
downloading 1
dreams 1
dreams 1
dreamy 1
drive 1
drive 1
drive 1
drive 1
drive 1
drive 1
drive 1
drive 1
drive 1
drive 1
drive 1
drive 1
drive 1
drive 1
drive 1
drive 1
drive 1
drive 1
drive 1
drive 1
duplicates 1
dust 1
dust 1
dust 1
dust 1
dust 1
earn 1
earn 1
earn 1
earn 1
earn 1
earn 1
earn 1
eccentricity 1
eccentricity 1
effort 1
effort 1
effort 1
effort 1
effort 1
effort 1
effort 1
elbowed 1
elbows 1
elbows 1
electronic 1
electronic 1
electronic 1
electronic 1
electronic 1
electronic 1
electronic 1
electronic 1
electronic 1
electronic 1
electronic 1
electronic 1
electronic 1
electronic 1
electronic 1
electronic 1
electronic 1
electronic 1
electronic 1
electronic 1
electronic 1
electronic 1
electronic 1
electronic 1
electronic 1
electronic 1
electronic 1
emotions 1
employ 1
employ 1
employers 1
employers 1
encouraging 1
ended 1
ended 1
ended 1
ended 1
endless 1
endless 1
enemies 1
enemies 1
enemy 1
enemy 1
enemy 1
enemy 1
enemy 1
energetic 1
energetic 1
energetic 1
energetic 1
energy 1
energy 1
energy 1
energy 1
energy 1
energy 1
energy 1
enigmatical 1
enter 1
enter 1
enter 1
enter 1
enter 1
enwrapped 1
epicurean 1
episodes 1
equipment 1
equipment 1
equipment 1
errand 1
errand 1
errand 1
errand 1
error 1
error 1
error 1
error 1
escaping 1
estate 1
estate 1
estate 1
estate 1
estate 1
estate 1
estate 1
estate 1
estate 1
evidently 1
evidently 1
evidently 1
evidently 1
evidently 1
evidently 1
evidently 1
evidently 1
evidently 1
evidently 1
evidently 1
evidently 1
exactness 1
excitement 1
excitement 1
excitement 1
excitement 1
excitement 1
excitement 1
exclaimed 1
exclaimed 1
exclaimed 1
exclusion 1
exclusion 1
expense 1
expense 1
expense 1
expense 1
expense 1
expense 1
experienced 1
explained 1
explained 1
explained 1
explained 1
explained 1
explained 1
explained 1
explained 1
explained 1
extraordinary 1
extraordinary 1
extraordinary 1
extraordinary 1
extraordinary 1
extraordinary 1
extraordinary 1
extraordinary 1
extraordinary 1
extraordinary 1
extraordinary 1
extraordinary 1
extraordinary 1
extraordinary 1
extraordinary 1
extraordinary 1
extraordinary 1
extraordinary 1
extraordinary 1
extreme 1
extreme 1
extreme 1
extreme 1
extreme 1
extreme 1
extreme 1
extreme 1
extreme 1
facing 1
faddy 1
faddy 1
faded 1
faded 1
faded 1
fain 1
faithfully 1
faithfully 1
faithfully 1
fallen 1
fallen 1
fallen 1
fallen 1
fallen 1
fallen 1
fallen 1
fallen 1
fallen 1
fallen 1
fastened 1
fastened 1
fastened 1
fastened 1
fastened 1
fastened 1
fastened 1
fastened 1
fastened 1
fastened 1
feet 1
feet 1
feet 1
feet 1
feet 1
feet 1
feet 1
feet 1
feet 1
feet 1
feet 1
feet 1
feet 1
feet 1
feet 1
feet 1
feet 1
feet 1
feet 1
feet 1
feet 1
feet 1
feet 1
feet 1
feet 1
feet 1
feet 1
feet 1
ferret 1
fetch 1
fidelity 1
field 1
field 1
field 1
field 1
field 1
field 1
field 1
field 1
field 1
fight 1
fight 1
fight 1
fire 1
fire 1
fire 1
fire 1
fire 1
fire 1
fire 1
fire 1
fire 1
fire 1
fire 1
fire 1
fire 1
fire 1
fire 1
fire 1
fire 1
fire 1
fire 1
fire 1
fire 1
fire 1
fire 1
fire 1
fire 1
fire 1
fire 1
fire 1
fire 1
fire 1
fire 1
fire 1
fire 1
fire 1
fire 1
fire 1
fire 1
fire 1
fire 1
fire 1
fire 1
fire 1
fire 1
firelight 1
fiver 1
fiver 1
flagged 1
flagged 1
flare 1
flash 1
flash 1
flattening 1
fleecy 1
fleecy 1
flew 1
flew 1
flew 1
flew 1
flight 1
flight 1
flight 1
flight 1
flight 1
flight 1
flight 1
flight 1
flooring 1
flooring 1
flowing 1
flowing 1
fluffy 1
fluffy 1
fluffy 1
flush 1
flush 1
flush 1
flush 1
flushing 1
flushing 1
focus 1
followed 1
followed 1
followed 1
followed 1
followed 1
followed 1
followed 1
followed 1
followed 1
followed 1
followed 1
followed 1
followed 1
followed 1
followed 1
followed 1
followed 1
followed 1
followed 1
followed 1
followed 1
followed 1
followed 1
followed 1
followed 1
fool 1
fool 1
fool 1
foppishness 1
forbidding 1
forbidding 1
forceps 1
forces 1
forts 1
forty 1
forty 1
forty 1
forty 1
forty 1
foul 1
foul 1
foul 1
foul 1
foul 1
foul 1
fountain 1
fowl 1
freed 1
frenzy 1
frenzy 1
fresh 1
fresh 1
fresh 1
fresh 1
fresh 1
fresh 1
fresh 1
fresh 1
fresh 1
fresh 1
fresh 1
fresh 1
fresh 1
fresh 1
fresh 1
fresh 1
fresh 1
fresh 1
fresh 1
friendship 1
frowning 1
ft 1
fully 1
fully 1
fully 1
fully 1
fundraising 1
gaping 1
gaping 1
gates 1
gates 1
gathered 1
gathered 1
gathered 1
gbnewby 1
gigantic 1
gigantic 1
gigantic 1
gigantic 1
gipsies 1
gipsies 1
gipsies 1
gipsies 1
gipsies 1
gipsies 1
gipsies 1
glass 1
glass 1
glass 1
glass 1
glass 1
glass 1
glass 1
glass 1
glass 1
glass 1
glass 1
glass 1
glass 1
glass 1
glasses 1
glasses 1
glasses 1
glasses 1
glasses 1
glasses 1
glasses 1
glasses 1
got 1
got 1
got 1
got 1
got 1
got 1
got 1
got 1
got 1
got 1
got 1
got 1
got 1
got 1
got 1
got 1
got 1
got 1
got 1
got 1
got 1
got 1
got 1
got 1
got 1
got 1
got 1
got 1
got 1
got 1
got 1
got 1
got 1
got 1
got 1
got 1
got 1
got 1
got 1
got 1
got 1
got 1
got 1
got 1
got 1
got 1
got 1
got 1
got 1
got 1
got 1
got 1
got 1
grace 1
grace 1
grace 1
grandfather 1
grandfather 1
grasped 1
grasped 1
grasped 1
grasped 1
grasped 1
grateful 1
gravely 1
gravely 1
gravely 1
gravely 1
gravely 1
gravely 1
greater 1
greater 1
greater 1
greater 1
greater 1
greater 1
grime 1
grinning 1
grinning 1
hair 1
hair 1
hair 1
hair 1
hair 1
hair 1
hair 1
hair 1
hair 1
hair 1
hair 1
hair 1
hair 1
hair 1
hair 1
hair 1
hair 1
hair 1
hair 1
hair 1
hair 1
hair 1
hair 1
hair 1
hair 1
hair 1
hair 1
hair 1
hair 1
hair 1
hair 1
hair 1
hair 1
hair 1
hair 1
hair 1
hair 1
hair 1
hair 1
hair 1
hair 1
hair 1
hair 1
hair 1
hair 1
handled 1
hands 1
hands 1
hands 1
hands 1
hands 1
hands 1
hands 1
hands 1
hands 1
hands 1
hands 1
hands 1
hands 1
hands 1
hands 1
hands 1
hands 1
hands 1
hands 1
hands 1
hands 1
hands 1
hands 1
hands 1
hands 1
hands 1
hands 1
hands 1
hands 1
hands 1
hands 1
hands 1
hands 1
hands 1
hands 1
hands 1
hands 1
hands 1
hands 1
hands 1
hands 1
hands 1
hands 1
hands 1
hands 1
hands 1
hands 1
hands 1
hands 1
hands 1
hands 1
hands 1
hands 1
hands 1
hands 1
hands 1
hands 1
hands 1
hands 1
hands 1
hands 1
hands 1
hands 1
hands 1
hands 1
hands 1
hands 1
hands 1
hands 1
hands 1
hands 1
hands 1
hands 1
happen 1
happen 1
happen 1
harness 1
harness 1
harsh 1
haze 1
health 1
health 1
health 1
health 1
health 1
hedges 1
hedges 1
heel 1
heel 1
hers 1
hesitation 1
hesitation 1
highroad 1
highroad 1
highroad 1
highroad 1
hinges 1
hinges 1
his 1
his 1
his 1
his 1
his 1
his 1
his 1
his 1
his 1
his 1
his 1
his 1
his 1
his 1
his 1
his 1
his 1
his 1
his 1
his 1
his 1
his 1
his 1
his 1
his 1
his 1
his 1
his 1
his 1
his 1
his 1
his 1
his 1
his 1
his 1
his 1
his 1
his 1
his 1
his 1
his 1
his 1
his 1
his 1
his 1
his 1
his 1
his 1
his 1
his 1
his 1
his 1
his 1
his 1
his 1
his 1
his 1
his 1
his 1
his 1
his 1
his 1
his 1
his 1
his 1
his 1
his 1
his 1
his 1
his 1
his 1
his 1
his 1
his 1
his 1
his 1
his 1
his 1
his 1
his 1
his 1
his 1
his 1
his 1
his 1
his 1
his 1
his 1
his 1
his 1
his 1
his 1
his 1
his 1
his 1
his 1
his 1
his 1
his 1
his 1
his 1
his 1
his 1
his 1
his 1
his 1
his 1
his 1
his 1
his 1
his 1
his 1
his 1
his 1
his 1
his 1
his 1
his 1
his 1
his 1
his 1
his 1
his 1
his 1
his 1
his 1
his 1
his 1
his 1
his 1
his 1
his 1
his 1
his 1
his 1
his 1
his 1
his 1
his 1
his 1
his 1
his 1
his 1
his 1
his 1
his 1
his 1
his 1
his 1
his 1
his 1
his 1
his 1
his 1
his 1
his 1
his 1
his 1
his 1
his 1
his 1
his 1
his 1
his 1
his 1
his 1
his 1
his 1
his 1
his 1
his 1
his 1
his 1
his 1
his 1
his 1
his 1
his 1
his 1
his 1
his 1
his 1
his 1
his 1
his 1
his 1
his 1
his 1
his 1
his 1
his 1
his 1
his 1
his 1
his 1
his 1
his 1
his 1
his 1
his 1
his 1
his 1
his 1
his 1
his 1
his 1
his 1
his 1
his 1
his 1
his 1
his 1
his 1
his 1
his 1
his 1
his 1
his 1
his 1
his 1
his 1
his 1
his 1
his 1
his 1
his 1
his 1
his 1
his 1
his 1
his 1
his 1
his 1
his 1
his 1
his 1
his 1
his 1
his 1
his 1
his 1
his 1
his 1
his 1
his 1
his 1
his 1
his 1
his 1
his 1
his 1
his 1
his 1
his 1
his 1
his 1
his 1
his 1
his 1
his 1
his 1
his 1
his 1
his 1
his 1
his 1
his 1
his 1
his 1
his 1
his 1
his 1
his 1
his 1
his 1
his 1
his 1
his 1
his 1
his 1
his 1
his 1
his 1
his 1
his 1
his 1
his 1
his 1
his 1
his 1
his 1
his 1
his 1
his 1
his 1
his 1
his 1
his 1
his 1
his 1
his 1
his 1
his 1
his 1
his 1
his 1
his 1
his 1
his 1
his 1
his 1
his 1
his 1
his 1
his 1
his 1
his 1
his 1
his 1
his 1
his 1
his 1
his 1
his 1
his 1
his 1
his 1
his 1
his 1
his 1
his 1
his 1
his 1
his 1
his 1
his 1
his 1
his 1
his 1
his 1
his 1
his 1
his 1
his 1
his 1
his 1
his 1
his 1
his 1
his 1
his 1
his 1
his 1
his 1
his 1
his 1
his 1
his 1
his 1
his 1
his 1
his 1
his 1
his 1
his 1
his 1
his 1
his 1
his 1
his 1
his 1
his 1
his 1
his 1
his 1
his 1
his 1
his 1
his 1
his 1
his 1
his 1
his 1
his 1
his 1
his 1
his 1
his 1
his 1
his 1
his 1
his 1
his 1
his 1
his 1
his 1
his 1
his 1
his 1
his 1
his 1
his 1
his 1
his 1
his 1
his 1
his 1
his 1
his 1
his 1
his 1
his 1
his 1
his 1
his 1
his 1
his 1
his 1
his 1
his 1
his 1
his 1
his 1
his 1
his 1
his 1
his 1
his 1
his 1
his 1
his 1
his 1
his 1
his 1
his 1
his 1
his 1
his 1
his 1
his 1
his 1
his 1
his 1
his 1
his 1
his 1
his 1
his 1
his 1
his 1
his 1
his 1
his 1
his 1
his 1
his 1
his 1
his 1
his 1
his 1
his 1
his 1
his 1
his 1
his 1
his 1
his 1
his 1
his 1
his 1
his 1
his 1
his 1
his 1
his 1
his 1
his 1
his 1
his 1
his 1
his 1
his 1
his 1
his 1
his 1
his 1
his 1
his 1
his 1
his 1
his 1
his 1
his 1
his 1
his 1
his 1
his 1
his 1
his 1
his 1
his 1
his 1
his 1
his 1
his 1
his 1
his 1
his 1
his 1
his 1
his 1
his 1
his 1
his 1
his 1
his 1
his 1
his 1
his 1
his 1
his 1
his 1
his 1
his 1
his 1
his 1
his 1
his 1
his 1
his 1
his 1
his 1
his 1
his 1
his 1
his 1
his 1
his 1
his 1
his 1
his 1
his 1
his 1
his 1
his 1
his 1
his 1
his 1
his 1
his 1
his 1
his 1
his 1
his 1
his 1
his 1
his 1
his 1
his 1
his 1
his 1
his 1
his 1
his 1
his 1
his 1
his 1
his 1
his 1
his 1
his 1
his 1
his 1
his 1
his 1
his 1
his 1
his 1
his 1
his 1
his 1
his 1
his 1
his 1
his 1
his 1
his 1
his 1
his 1
his 1
his 1
his 1
his 1
his 1
his 1
his 1
his 1
his 1
his 1
his 1
his 1
his 1
his 1
his 1
his 1
his 1
his 1
his 1
his 1
his 1
his 1
his 1
his 1
his 1
his 1
his 1
his 1
his 1
his 1
his 1
his 1
his 1
his 1
his 1
his 1
his 1
his 1
his 1
his 1
his 1
his 1
his 1
his 1
his 1
his 1
his 1
his 1
his 1
his 1
his 1
his 1
his 1
his 1
his 1
his 1
his 1
his 1
his 1
his 1
his 1
his 1
his 1
his 1
his 1
his 1
his 1
his 1
his 1
his 1
his 1
his 1
his 1
his 1
his 1
his 1
his 1
his 1
his 1
his 1
his 1
his 1
his 1
his 1
his 1
his 1
his 1
his 1
his 1
his 1
his 1
his 1
his 1
his 1
his 1
his 1
his 1
his 1
his 1
his 1
his 1
his 1
his 1
his 1
his 1
his 1
his 1
his 1
his 1
his 1
his 1
his 1
his 1
his 1
his 1
his 1
his 1
his 1
his 1
his 1
his 1
his 1
his 1
his 1
his 1
his 1
his 1
his 1
his 1
his 1
his 1
his 1
his 1
his 1
his 1
his 1
his 1
his 1
his 1
his 1
his 1
his 1
his 1
his 1
his 1
his 1
his 1
his 1
his 1
his 1
his 1
his 1
his 1
his 1
his 1
his 1
his 1
his 1
his 1
his 1
his 1
his 1
his 1
his 1
his 1
his 1
his 1
his 1
his 1
his 1
his 1
his 1
his 1
his 1
his 1
his 1
his 1
his 1
his 1
his 1
his 1
his 1
his 1
his 1
his 1
his 1
his 1
his 1
his 1
his 1
his 1
his 1
his 1
his 1
his 1
his 1
his 1
his 1
his 1
his 1
his 1
his 1
his 1
his 1
his 1
his 1
his 1
his 1
his 1
his 1
his 1
his 1
his 1
his 1
his 1
his 1
his 1
his 1
his 1
his 1
his 1
his 1
his 1
his 1
his 1
his 1
his 1
his 1
his 1
his 1
his 1
his 1
his 1
his 1
his 1
his 1
his 1
his 1
his 1
his 1
his 1
his 1
his 1
his 1
his 1
his 1
his 1
his 1
his 1
his 1
his 1
his 1
his 1
his 1
his 1
his 1
his 1
his 1
his 1
his 1
his 1
his 1
his 1
his 1
his 1
his 1
his 1
his 1
his 1
his 1
his 1
his 1
his 1
his 1
his 1
his 1
his 1
his 1
his 1
his 1
his 1
his 1
his 1
his 1
his 1
his 1
his 1
his 1
his 1
his 1
his 1
his 1
his 1
his 1
his 1
his 1
his 1
his 1
his 1
his 1
his 1
his 1
his 1
his 1
his 1
his 1
his 1
his 1
his 1
his 1
his 1
his 1
his 1
his 1
his 1
his 1
his 1
his 1
his 1
his 1
his 1
his 1
his 1
his 1
his 1
his 1
his 1
his 1
his 1
his 1
his 1
his 1
his 1
his 1
his 1
his 1
his 1
his 1
his 1
his 1
his 1
his 1
his 1
his 1
his 1
his 1
his 1
his 1
his 1
his 1
his 1
his 1
his 1
his 1
his 1
his 1
his 1
his 1
his 1
his 1
his 1
his 1
his 1
his 1
his 1
his 1
his 1
his 1
his 1
his 1
his 1
his 1
his 1
his 1
his 1
his 1
his 1
his 1
his 1
his 1
his 1
his 1
his 1
his 1
his 1
his 1
his 1
his 1
his 1
his 1
his 1
his 1
his 1
his 1
his 1
his 1
his 1
his 1
his 1
his 1
his 1
his 1
his 1
his 1
his 1
his 1
his 1
his 1
his 1
his 1
his 1
his 1
his 1
his 1
his 1
his 1
his 1
his 1
his 1
his 1
his 1
his 1
his 1
his 1
his 1
his 1
his 1
his 1
his 1
his 1
his 1
his 1
his 1
his 1
his 1
his 1
his 1
his 1
his 1
his 1
his 1
his 1
his 1
his 1
his 1
his 1
his 1
his 1
his 1
his 1
his 1
his 1
his 1
his 1
his 1
his 1
his 1
his 1
his 1
his 1
his 1
his 1
his 1
his 1
his 1
his 1
his 1
his 1
his 1
his 1
his 1
his 1
his 1
his 1
his 1
his 1
his 1
his 1
his 1
his 1
his 1
his 1
his 1
his 1
his 1
his 1
his 1
his 1
his 1
his 1
his 1
his 1
his 1
his 1
his 1
his 1
his 1
his 1
his 1
his 1
his 1
his 1
his 1
his 1
his 1
his 1
his 1
his 1
his 1
his 1
his 1
his 1
his 1
his 1
history 1
history 1
history 1
hoarse 1
hoarse 1
hole 1
hole 1
hole 1
hole 1
hole 1
horrid 1
horrid 1
horrid 1
hospital 1
hover 1
how 1
how 1
how 1
how 1
how 1
how 1
how 1
how 1
how 1
how 1
how 1
how 1
how 1
how 1
how 1
how 1
how 1
how 1
how 1
how 1
how 1
how 1
how 1
how 1
how 1
how 1
how 1
how 1
how 1
how 1
how 1
how 1
how 1
how 1
how 1
how 1
how 1
how 1
how 1
how 1
how 1
how 1
how 1
how 1
how 1
how 1
how 1
how 1
how 1
how 1
how 1
how 1
how 1
how 1
how 1
how 1
how 1
how 1
how 1
how 1
how 1
how 1
how 1
how 1
how 1
how 1
how 1
how 1
how 1
how 1
how 1
how 1
how 1
how 1
how 1
how 1
how 1
how 1
how 1
how 1
how 1
how 1
how 1
how 1
how 1
how 1
how 1
how 1
how 1
how 1
how 1
how 1
how 1
how 1
how 1
how 1
how 1
how 1
how 1
how 1
how 1
hubbub 1
hubbub 1
huddled 1
huddled 1
huddled 1
hung 1
hung 1
hung 1
hung 1
hung 1
hung 1
hung 1
hung 1
idler 1
ignorant 1
ignorant 1
ignorant 1
imbecile 1
imbecile 1
imbecile 1
imprisoned 1
included 1
included 1
included 1
included 1
incognito 1
incredulity 1
incredulity 1
index 1
index 1
indifferent 1
indirect 1
inexplicable 1
inexplicable 1
inflicted 1
inflicted 1
informality 1
informed 1
informed 1
informed 1
informed 1
injustice 1
innocence 1
innocence 1
innocence 1
innocence 1
innocence 1
insane 1
insight 1
insight 1
insight 1
instructive 1
instructive 1
instructive 1
intense 1
intense 1
interesting 1
interesting 1
interesting 1
interesting 1
interesting 1
interesting 1
interesting 1
interesting 1
interesting 1
interesting 1
interesting 1
interesting 1
interesting 1
interesting 1
interesting 1
interesting 1
interesting 1
interesting 1
interesting 1
interesting 1
interesting 1
into 1
into 1
into 1
into 1
into 1
into 1
into 1
into 1
into 1
into 1
into 1
into 1
into 1
into 1
into 1
into 1
into 1
into 1
into 1
into 1
into 1
into 1
into 1
into 1
into 1
into 1
into 1
into 1
into 1
into 1
into 1
into 1
into 1
into 1
into 1
into 1
into 1
into 1
into 1
into 1
into 1
into 1
into 1
into 1
into 1
into 1
into 1
into 1
into 1
into 1
into 1
into 1
into 1
into 1
into 1
into 1
into 1
into 1
into 1
into 1
into 1
into 1
into 1
into 1
into 1
into 1
into 1
into 1
into 1
into 1
into 1
into 1
into 1
into 1
into 1
into 1
into 1
into 1
into 1
into 1
into 1
into 1
into 1
into 1
into 1
into 1
into 1
into 1
into 1
into 1
into 1
into 1
into 1
into 1
into 1
into 1
into 1
into 1
into 1
into 1
into 1
into 1
into 1
into 1
into 1
into 1
into 1
into 1
into 1
into 1
into 1
into 1
into 1
into 1
into 1
into 1
into 1
into 1
into 1
into 1
into 1
into 1
into 1
into 1
into 1
into 1
into 1
into 1
into 1
into 1
into 1
into 1
into 1
into 1
into 1
into 1
into 1
into 1
into 1
into 1
into 1
into 1
into 1
into 1
into 1
into 1
into 1
into 1
into 1
into 1
into 1
into 1
into 1
into 1
into 1
into 1
into 1
into 1
into 1
into 1
into 1
into 1
into 1
into 1
into 1
into 1
into 1
into 1
into 1
into 1
into 1
into 1
into 1
into 1
into 1
into 1
into 1
into 1
into 1
into 1
into 1
into 1
into 1
into 1
into 1
into 1
into 1
into 1
into 1
into 1
into 1
into 1
into 1
into 1
into 1
into 1
into 1
into 1
into 1
into 1
into 1
into 1
into 1
into 1
into 1
into 1
into 1
into 1
into 1
into 1
into 1
into 1
into 1
into 1
into 1
into 1
into 1
into 1
into 1
into 1
into 1
into 1
into 1
into 1
into 1
into 1
into 1
into 1
into 1
into 1
into 1
into 1
into 1
into 1
into 1
into 1
into 1
into 1
into 1
into 1
into 1
into 1
into 1
into 1
into 1
into 1
into 1
into 1
into 1
into 1
into 1
into 1
into 1
into 1
into 1
into 1
into 1
into 1
into 1
into 1
into 1
into 1
into 1
into 1
into 1
into 1
into 1
into 1
into 1
into 1
into 1
into 1
into 1
into 1
into 1
jeweller 1
jewels 1
jewels 1
journey 1
journey 1
journey 1
journey 1
journey 1
journey 1
journey 1
journey 1
journey 1
jumping 1
jumping 1
jutted 1
keeper 1
keeper 1
keeper 1
keeper 1
keeper 1
keeper 1
keeper 1
keeper 1
keeper 1
keeper 1
keeper 1
killing 1
ladyship 1
laid 1
laid 1
laid 1
laid 1
laid 1
laid 1
laid 1
laid 1
laid 1
laid 1
laid 1
laid 1
laid 1
laid 1
laid 1
laid 1
laid 1
laid 1
laid 1
laid 1
laid 1
laid 1
laid 1
laid 1
laid 1
laid 1
laid 1
laid 1
laid 1
laid 1
laid 1
laid 1
lain 1
languor 1
languor 1
lantern 1
lantern 1
lantern 1
lantern 1
lantern 1
lantern 1
lantern 1
lantern 1
lantern 1
lantern 1
largest 1
largest 1
largest 1
largest 1
later 1
later 1
later 1
later 1
later 1
later 1
later 1
later 1
later 1
later 1
later 1
later 1
later 1
later 1
later 1
latter 1
latter 1
latter 1
latter 1
latter 1
latter 1
latter 1
latter 1
latter 1
latter 1
laying 1
laying 1
laying 1
laying 1
laying 1
laying 1
laying 1
ledgers 1
lens 1
lens 1
lens 1
lens 1
lens 1
lens 1
lens 1
lens 1
lens 1
lens 1
lens 1
lens 1
lest 1
lest 1
lest 1
likely 1
likely 1
likely 1
likely 1
likely 1
likely 1
likely 1
likely 1
likely 1
likely 1
likely 1
likely 1
likely 1
likely 1
likely 1
likely 1
likely 1
likely 1
likely 1
likely 1
likely 1
likely 1
likely 1
likely 1
limits 1
limits 1
limits 1
limp 1
limp 1
limp 1
limping 1
linen 1
linen 1
linen 1
linen 1
lips 1
lips 1
lips 1
lips 1
lips 1
lips 1
lips 1
lips 1
lips 1
lips 1
lips 1
lips 1
lips 1
lips 1
lips 1
lips 1
lips 1
lips 1
little 1
little 1
little 1
little 1
little 1
little 1
little 1
little 1
little 1
little 1
little 1
little 1
little 1
little 1
little 1
little 1
little 1
little 1
little 1
little 1
little 1
little 1
little 1
little 1
little 1
little 1
little 1
little 1
little 1
little 1
little 1
little 1
little 1
little 1
little 1
little 1
little 1
little 1
little 1
little 1
little 1
little 1
little 1
little 1
little 1
little 1
little 1
little 1
little 1
little 1
little 1
little 1
little 1
little 1
little 1
little 1
little 1
little 1
little 1
little 1
little 1
little 1
little 1
little 1
little 1
little 1
little 1
little 1
little 1
little 1
little 1
little 1
little 1
little 1
little 1
little 1
little 1
little 1
little 1
little 1
little 1
little 1
little 1
little 1
little 1
little 1
little 1
little 1
little 1
little 1
little 1
little 1
little 1
little 1
little 1
little 1
little 1
little 1
little 1
little 1
little 1
little 1
little 1
little 1
little 1
little 1
little 1
little 1
little 1
little 1
little 1
little 1
little 1
little 1
little 1
little 1
little 1
little 1
little 1
little 1
little 1
little 1
little 1
little 1
little 1
little 1
little 1
little 1
little 1
little 1
little 1
little 1
little 1
little 1
little 1
little 1
little 1
little 1
little 1
little 1
little 1
little 1
little 1
little 1
little 1
little 1
little 1
little 1
little 1
little 1
little 1
little 1
little 1
little 1
little 1
little 1
little 1
little 1
little 1
little 1
little 1
little 1
little 1
little 1
little 1
little 1
little 1
little 1
little 1
little 1
little 1
little 1
little 1
little 1
little 1
little 1
little 1
little 1
little 1
little 1
little 1
little 1
little 1
little 1
little 1
little 1
little 1
little 1
little 1
little 1
little 1
little 1
little 1
little 1
little 1
little 1
little 1
little 1
little 1
little 1
little 1
little 1
little 1
little 1
little 1
little 1
little 1
little 1
little 1
little 1
little 1
little 1
little 1
little 1
little 1
little 1
little 1
little 1
little 1
little 1
little 1
little 1
little 1
little 1
little 1
little 1
little 1
little 1
little 1
little 1
little 1
little 1
little 1
little 1
little 1
little 1
little 1
little 1
little 1
little 1
little 1
little 1
little 1
little 1
little 1
little 1
little 1
little 1
little 1
little 1
little 1
little 1
little 1
little 1
little 1
little 1
little 1
little 1
little 1
little 1
little 1
little 1
little 1
little 1
little 1
little 1
little 1
little 1
little 1
lived 1
lived 1
lived 1
lived 1
lived 1
lived 1
lived 1
lived 1
lived 1
lived 1
lived 1
lived 1
lodging 1
lost 1
lost 1
lost 1
lost 1
lost 1
lost 1
lost 1
lost 1
lost 1
lost 1
lost 1
lost 1
lost 1
lost 1
lost 1
lost 1
lost 1
lost 1
lost 1
lost 1
lost 1
lost 1
lost 1
lost 1
lost 1
lost 1
lost 1
lounged 1
lounged 1
lounged 1
love 1
love 1
love 1
love 1
love 1
love 1
love 1
love 1
love 1
love 1
love 1
love 1
love 1
love 1
love 1
love 1
love 1
love 1
lowered 1
luggage 1
lust 1
lust 1
lust 1
magistrates 1
maker 1
maker 1
manageress 1
managing 1
marked 1
marked 1
marked 1
marked 1
marked 1
marked 1
marked 1
marked 1
marked 1
marked 1
marked 1
marked 1
marks 1
marks 1
marks 1
marks 1
marks 1
marks 1
marks 1
marks 1
marks 1
marks 1
marriage 1
marriage 1
marriage 1
marriage 1
marriage 1
marriage 1
marriage 1
marriage 1
marriage 1
marriage 1
marriage 1
marriage 1
marriage 1
marriage 1
marriage 1
marriage 1
marriage 1
marriage 1
marriage 1
marriage 1
marriage 1
marriage 1
marriage 1
marriage 1
marriage 1
marriage 1
marriage 1
mass 1
mass 1
mat 1
mat 1
matters 1
matters 1
matters 1
matters 1
matters 1
matters 1
matters 1
matters 1
matters 1
matters 1
matters 1
matters 1
matters 1
matters 1
matters 1
matters 1
matters 1
matters 1
matters 1
matters 1
me 1
me 1
me 1
me 1
me 1
me 1
me 1
me 1
me 1
me 1
me 1
me 1
me 1
me 1
me 1
me 1
me 1
me 1
me 1
me 1
me 1
me 1
me 1
me 1
me 1
me 1
me 1
me 1
me 1
me 1
me 1
me 1
me 1
me 1
me 1
me 1
me 1
me 1
me 1
me 1
me 1
me 1
me 1
me 1
me 1
me 1
me 1
me 1
me 1
me 1
me 1
me 1
me 1
me 1
me 1
me 1
me 1
me 1
me 1
me 1
me 1
me 1
me 1
me 1
me 1
me 1
me 1
me 1
me 1
me 1
me 1
me 1
me 1
me 1
me 1
me 1
me 1
me 1
me 1
me 1
me 1
me 1
me 1
me 1
me 1
me 1
me 1
me 1
me 1
me 1
me 1
me 1
me 1
me 1
me 1
me 1
me 1
me 1
me 1
me 1
me 1
me 1
me 1
me 1
me 1
me 1
me 1
me 1
me 1
me 1
me 1
me 1
me 1
me 1
me 1
me 1
me 1
me 1
me 1
me 1
me 1
me 1
me 1
me 1
me 1
me 1
me 1
me 1
me 1
me 1
me 1
me 1
me 1
me 1
me 1
me 1
me 1
me 1
me 1
me 1
me 1
me 1
me 1
me 1
me 1
me 1
me 1
me 1
me 1
me 1
me 1
me 1
me 1
me 1
me 1
me 1
me 1
me 1
me 1
me 1
me 1
me 1
me 1
me 1
me 1
me 1
me 1
me 1
me 1
me 1
me 1
me 1
me 1
me 1
me 1
me 1
me 1
me 1
me 1
me 1
me 1
me 1
me 1
me 1
me 1
me 1
me 1
me 1
me 1
me 1
me 1
me 1
me 1
me 1
me 1
me 1
me 1
me 1
me 1
me 1
me 1
me 1
me 1
me 1
me 1
me 1
me 1
me 1
me 1
me 1
me 1
me 1
me 1
me 1
me 1
me 1
me 1
me 1
me 1
me 1
me 1
me 1
me 1
me 1
me 1
me 1
me 1
me 1
me 1
me 1
me 1
me 1
me 1
me 1
me 1
me 1
me 1
me 1
me 1
me 1
me 1
me 1
me 1
me 1
me 1
me 1
me 1
me 1
me 1
me 1
me 1
me 1
me 1
me 1
me 1
me 1
me 1
me 1
me 1
me 1
me 1
me 1
me 1
me 1
me 1
me 1
me 1
me 1
me 1
me 1
me 1
me 1
me 1
me 1
me 1
me 1
me 1
me 1
me 1
me 1
me 1
me 1
me 1
me 1
me 1
me 1
me 1
me 1
me 1
me 1
me 1
me 1
me 1
me 1
me 1
me 1
me 1
me 1
me 1
me 1
me 1
me 1
me 1
me 1
me 1
me 1
me 1
me 1
me 1
me 1
me 1
me 1
me 1
me 1
me 1
me 1
me 1
me 1
me 1
me 1
me 1
me 1
me 1
me 1
me 1
me 1
me 1
me 1
me 1
me 1
me 1
me 1
me 1
me 1
me 1
me 1
me 1
me 1
me 1
me 1
me 1
me 1
me 1
me 1
me 1
me 1
me 1
me 1
me 1
me 1
me 1
me 1
me 1
me 1
me 1
me 1
me 1
me 1
me 1
me 1
me 1
me 1
me 1
me 1
me 1
me 1
me 1
me 1
me 1
me 1
me 1
me 1
me 1
me 1
me 1
me 1
me 1
me 1
me 1
me 1
me 1
me 1
me 1
me 1
me 1
me 1
me 1
me 1
me 1
me 1
me 1
me 1
me 1
me 1
me 1
me 1
me 1
me 1
me 1
me 1
me 1
me 1
me 1
me 1
me 1
me 1
me 1
me 1
me 1
me 1
me 1
me 1
me 1
me 1
me 1
me 1
me 1
me 1
me 1
me 1
me 1
me 1
me 1
me 1
me 1
me 1
me 1
me 1
me 1
me 1
me 1
me 1
me 1
me 1
me 1
me 1
me 1
me 1
me 1
me 1
me 1
me 1
me 1
me 1
me 1
me 1
me 1
me 1
me 1
me 1
me 1
me 1
me 1
me 1
me 1
me 1
me 1
me 1
me 1
me 1
me 1
me 1
me 1
me 1
me 1
me 1
me 1
me 1
me 1
me 1
me 1
me 1
me 1
me 1
me 1
me 1
me 1
me 1
me 1
me 1
me 1
me 1
me 1
me 1
me 1
me 1
me 1
me 1
me 1
me 1
me 1
me 1
me 1
me 1
me 1
me 1
me 1
me 1
me 1
me 1
me 1
me 1
me 1
me 1
me 1
me 1
me 1
me 1
me 1
me 1
me 1
me 1
me 1
me 1
me 1
me 1
me 1
me 1
me 1
me 1
me 1
me 1
me 1
me 1
me 1
me 1
me 1
me 1
me 1
me 1
me 1
me 1
me 1
me 1
me 1
me 1
me 1
me 1
me 1
me 1
me 1
me 1
me 1
me 1
me 1
me 1
me 1
me 1
me 1
me 1
me 1
me 1
me 1
me 1
me 1
me 1
me 1
me 1
me 1
me 1
me 1
me 1
me 1
me 1
me 1
me 1
me 1
me 1
me 1
me 1
me 1
me 1
me 1
me 1
me 1
me 1
me 1
me 1
me 1
me 1
me 1
me 1
me 1
me 1
me 1
me 1
me 1
me 1
me 1
me 1
me 1
me 1
me 1
me 1
me 1
me 1
me 1
me 1
me 1
me 1
me 1
me 1
me 1
me 1
me 1
me 1
me 1
me 1
me 1
me 1
me 1
me 1
me 1
me 1
me 1
me 1
me 1
me 1
me 1
me 1
me 1
me 1
me 1
me 1
me 1
me 1
me 1
me 1
me 1
me 1
me 1
me 1
me 1
me 1
me 1
means 1
means 1
means 1
means 1
means 1
means 1
means 1
means 1
means 1
means 1
means 1
means 1
means 1
means 1
means 1
means 1
means 1
means 1
means 1
means 1
means 1
means 1
meets 1
metropolis 1
metropolis 1
metropolis 1
midnight 1
midnight 1
midnight 1
midnight 1
midnight 1
misgivings 1
misgivings 1
mixture 1
mixture 1
modest 1
month 1
month 1
month 1
month 1
month 1
month 1
month 1
moods 1
moonshine 1
moonshine 1
moonshine 1
morocco 1
morocco 1
mortals 1
moss 1
moss 1
mostly 1
mostly 1
mostly 1
murders 1
muscles 1
muttered 1
muttered 1
muttered 1
muttered 1
naturally 1
naturally 1
naturally 1
naturally 1
naturally 1
naturally 1
naturally 1
naturally 1
near 1
near 1
near 1
near 1
near 1
near 1
near 1
near 1
near 1
near 1
near 1
near 1
near 1
near 1
near 1
near 1
near 1
near 1
near 1
near 1
near 1
near 1
near 1
near 1
near 1
near 1
near 1
near 1
near 1
nearing 1
nearing 1
need 1
need 1
need 1
need 1
need 1
need 1
need 1
need 1
need 1
need 1
need 1
need 1
need 1
need 1
need 1
need 1
need 1
need 1
need 1
need 1
need 1
need 1
newspapers 1
newspapers 1
newspapers 1
newspapers 1
nicely 1
nicely 1
nicely 1
nicely 1
nicely 1
nicely 1
nominal 1
nominal 1
nominal 1
noose 1
note 1
note 1
note 1
note 1
note 1
note 1
note 1
note 1
note 1
note 1
note 1
note 1
note 1
note 1
note 1
note 1
note 1
note 1
note 1
note 1
note 1
note 1
note 1
note 1
note 1
note 1
note 1
note 1
note 1
note 1
note 1
note 1
note 1
note 1
note 1
note 1
note 1
numerous 1
numerous 1
obliged 1
obliged 1
obliged 1
obliged 1
obliged 1
obliged 1
observer 1
observer 1
observer 1
observer 1
occupied 1
offer 1
offer 1
offer 1
offhand 1
office 1
office 1
office 1
office 1
office 1
office 1
office 1
office 1
office 1
office 1
office 1
office 1
office 1
office 1
office 1
office 1
office 1
office 1
office 1
office 1
office 1
office 1
office 1
office 1
office 1
office 1
office 1
often 1
often 1
often 1
often 1
often 1
often 1
often 1
often 1
often 1
often 1
often 1
often 1
often 1
ominous 1
ominous 1
ominous 1
open 1
open 1
open 1
open 1
open 1
open 1
open 1
open 1
open 1
open 1
open 1
open 1
open 1
open 1
open 1
open 1
open 1
open 1
open 1
open 1
open 1
open 1
open 1
open 1
open 1
open 1
open 1
open 1
open 1
open 1
open 1
open 1
open 1
open 1
open 1
open 1
open 1
open 1
open 1
open 1
open 1
open 1
open 1
open 1
open 1
open 1
open 1
open 1
open 1
open 1
open 1
open 1
open 1
open 1
open 1
open 1
open 1
open 1
open 1
open 1
open 1
open 1
open 1
open 1
opinion 1
opinion 1
opinion 1
opinion 1
opinion 1
opinion 1
opinion 1
opinion 1
opinion 1
opinion 1
opinion 1
opinion 1
opinion 1
opinion 1
opinion 1
opinion 1
opinion 1
opinion 1
opinion 1
opinion 1
opposed 1
opposition 1
orange 1
orange 1
orange 1
orange 1
orange 1
orange 1
orange 1
orange 1
orange 1
origin 1
ornament 1
outdoor 1
outward 1
own 1
own 1
own 1
own 1
own 1
own 1
own 1
own 1
own 1
own 1
own 1
own 1
own 1
own 1
own 1
own 1
own 1
own 1
own 1
own 1
own 1
own 1
own 1
own 1
own 1
own 1
own 1
own 1
own 1
own 1
own 1
own 1
own 1
own 1
own 1
own 1
own 1
own 1
own 1
own 1
own 1
own 1
own 1
own 1
own 1
own 1
own 1
own 1
own 1
own 1
own 1
own 1
own 1
own 1
own 1
own 1
own 1
own 1
own 1
own 1
own 1
own 1
own 1
own 1
own 1
own 1
own 1
own 1
own 1
own 1
own 1
own 1
own 1
own 1
own 1
own 1
own 1
own 1
own 1
own 1
own 1
own 1
own 1
own 1
own 1
own 1
own 1
own 1
own 1
own 1
own 1
own 1
own 1
own 1
own 1
own 1
own 1
own 1
own 1
own 1
own 1
pain 1
pain 1
pain 1
pain 1
pain 1
pain 1
pain 1
pain 1
paint 1
paint 1
paint 1
pair 1
pair 1
pair 1
pair 1
pair 1
pair 1
pair 1
pair 1
pair 1
pair 1
pair 1
pair 1
pale 1
pale 1
pale 1
pale 1
pale 1
pale 1
pale 1
pale 1
pale 1
pale 1
pale 1
pale 1
pale 1
pale 1
pale 1
pale 1
pals 1
paradoxical 1
paragraph 1
paragraph 1
paragraph 1
paragraph 1
paragraph 1
paragraph 1
paragraph 1
paragraph 1
paragraph 1
paragraph 1
paragraph 1
paragraph 1
paragraph 1
parietal 1
parsonage 1
parted 1
parted 1
parted 1
parted 1
parted 1
parted 1
parties 1
party 1
party 1
party 1
party 1
party 1
party 1
party 1
party 1
past 1
past 1
past 1
past 1
past 1
past 1
past 1
past 1
past 1
past 1
past 1
past 1
past 1
past 1
past 1
past 1
past 1
past 1
past 1
past 1
past 1
past 1
past 1
past 1
past 1
past 1
past 1
past 1
past 1
patches 1
patentee 1
paused 1
paused 1
paused 1
pavement 1
pavement 1
pavement 1
pavement 1
pavement 1
pavement 1
pavement 1
pavement 1
pavement 1
pavement 1
payment 1
peculiarly 1
peeping 1
penal 1
pencils 1
pennies 1
pennies 1
pennies 1
pennies 1
pennies 1
penny 1
pensioners 1
performed 1
performed 1
performer 1
persevering 1
persistently 1
personality 1
petty 1
petty 1
picture 1
picture 1
picture 1
pile 1
pile 1
pile 1
pile 1
pillows 1
pillows 1
pinch 1
pinch 1
placing 1
plain 1
plain 1
plain 1
plain 1
plain 1
plain 1
plain 1
plain 1
plain 1
plain 1
plain 1
play 1
play 1
play 1
play 1
play 1
play 1
play 1
play 1
play 1
play 1
plover 1
plunging 1
poetic 1
poses 1
positions 1
postmarks 1
pound 1
pound 1
pound 1
pray 1
pray 1
pray 1
pray 1
pray 1
pray 1
pray 1
pray 1
pray 1
pray 1
precaution 1
precaution 1
precaution 1
precaution 1
precaution 1
precious 1
precious 1
precious 1
precious 1
precious 1
precious 1
precious 1
precious 1
precious 1
precious 1
precious 1
precious 1
preparations 1
preparations 1
presuming 1
pretext 1
preventing 1
preventing 1
principle 1
promising 1
proprietor 1
proprietor 1
proprietor 1
proved 1
proved 1
proved 1
proved 1
puny 1
pure 1
pure 1
pursued 1
pursued 1
pursued 1
purveyor 1
push 1
push 1
quartering 1
quote 1
quote 1
radius 1
radius 1
rain 1
rain 1
rain 1
rain 1
rain 1
rain 1
rain 1
rain 1
rain 1
rambling 1
rapid 1
rapidity 1
reached 1
reached 1
reached 1
reached 1
reached 1
reached 1
reached 1
reached 1
reached 1
reached 1
reached 1
reached 1
reached 1
reached 1
reached 1
reached 1
reached 1
reached 1
reached 1
readers 1
realistic 1
recognising 1
reconsider 1
recourse 1
rectify 1
redder 1
redistribute 1
refer 1
refund 1
refund 1
refund 1
refund 1
refund 1
refund 1
refund 1
refund 1
refund 1
refused 1
refused 1
refused 1
refused 1
refused 1
refused 1
refused 1
regards 1
regards 1
regulating 1
regurgitation 1
relics 1
remaining 1
remaining 1
remaining 1
removed 1
removed 1
removed 1
removed 1
removed 1
removed 1
removed 1
renamed 1
renewed 1
reply 1
reply 1
reply 1
reply 1
reply 1
reply 1
report 1
represent 1
represent 1
representations 1
reproachfully 1
requirements 1
requirements 1
requirements 1
requirements 1
resembling 1
restore 1
return 1
return 1
return 1
return 1
return 1
return 1
return 1
return 1
return 1
return 1
return 1
return 1
return 1
return 1
return 1
return 1
return 1
return 1
return 1
return 1
return 1
return 1
returning 1
returning 1
returning 1
returning 1
returning 1
returning 1
returning 1
returning 1
returning 1
returning 1
returning 1
revealed 1
revealed 1
revealed 1
revellers 1
ribbed 1
rich 1
rich 1
rich 1
rich 1
rich 1
rich 1
rich 1
rich 1
rich 1
rich 1
rich 1
rifts 1
roof 1
roof 1
roof 1
roof 1
roof 1
roof 1
roof 1
roof 1
roof 1
rope 1
rope 1
rope 1
rope 1
rope 1
rope 1
rope 1
rope 1
rope 1
roughs 1
roughs 1
roughs 1
row 1
row 1
row 1
row 1
row 1
ruby 1
ruddy 1
ruefully 1
ruefully 1
ruefully 1
rug 1
rug 1
rug 1
rummaged 1
rummaged 1
rummaged 1
rushing 1
rushing 1
rushing 1
rushing 1
rushing 1
sad 1
sad 1
sad 1
sad 1
sad 1
sad 1
saddest 1
safeguard 1
sake 1
sake 1
sake 1
sake 1
sake 1
sake 1
sake 1
sake 1
sake 1
sake 1
sake 1
salesman 1
salesman 1
salesman 1
salesman 1
salesman 1
salesman 1
salesman 1
salesman 1
salesman 1
sandwiched 1
sandwiched 1
savagely 1
savagely 1
scaffolding 1
scale 1
scandal 1
scandal 1
scandal 1
scandal 1
scandal 1
scandal 1
scandal 1
scandal 1
scandal 1
scandal 1
scandal 1
scheming 1
school 1
school 1
school 1
school 1
sealed 1
sealed 1
sealed 1
second 1
second 1
second 1
second 1
second 1
second 1
second 1
second 1
second 1
second 1
second 1
second 1
second 1
second 1
second 1
second 1
second 1
second 1
second 1
second 1
second 1
second 1
second 1
second 1
second 1
second 1
second 1
secretive 1
securing 1
seeking 1
sees 1
sees 1
senior 1
senior 1
sensitive 1
set 1
set 1
set 1
set 1
set 1
set 1
set 1
set 1
set 1
set 1
set 1
set 1
set 1
set 1
set 1
set 1
set 1
set 1
set 1
set 1
set 1
set 1
set 1
set 1
set 1
set 1
set 1
set 1
set 1
set 1
set 1
set 1
set 1
set 1
set 1
set 1
set 1
set 1
set 1
set 1
set 1
set 1
set 1
set 1
set 1
set 1
set 1
set 1
set 1
set 1
shades 1
shadow 1
shadow 1
shadow 1
shadow 1
shadow 1
shadow 1
shadow 1
shadow 1
shadow 1
shadow 1
sharp 1
sharp 1
sharp 1
sharp 1
sharp 1
sharp 1
sharp 1
sharp 1
sharp 1
sharp 1
sharp 1
sharp 1
sharp 1
sharp 1
sharp 1
sharp 1
she 1
she 1
she 1
she 1
she 1
she 1
she 1
she 1
she 1
she 1
she 1
she 1
she 1
she 1
she 1
she 1
she 1
she 1
she 1
she 1
she 1
she 1
she 1
she 1
she 1
she 1
she 1
she 1
she 1
she 1
she 1
she 1
she 1
she 1
she 1
she 1
she 1
she 1
she 1
she 1
she 1
she 1
she 1
she 1
she 1
she 1
she 1
she 1
she 1
she 1
she 1
she 1
she 1
she 1
she 1
she 1
she 1
she 1
she 1
she 1
she 1
she 1
she 1
she 1
she 1
she 1
she 1
she 1
she 1
she 1
she 1
she 1
she 1
she 1
she 1
she 1
she 1
she 1
she 1
she 1
she 1
she 1
she 1
she 1
she 1
she 1
she 1
she 1
she 1
she 1
she 1
she 1
she 1
she 1
she 1
she 1
she 1
she 1
she 1
she 1
she 1
she 1
she 1
she 1
she 1
she 1
she 1
she 1
she 1
she 1
she 1
she 1
she 1
she 1
she 1
she 1
she 1
she 1
she 1
she 1
she 1
she 1
she 1
she 1
she 1
she 1
she 1
she 1
she 1
she 1
she 1
she 1
she 1
she 1
she 1
she 1
she 1
she 1
she 1
she 1
she 1
she 1
she 1
she 1
she 1
she 1
she 1
she 1
she 1
she 1
she 1
she 1
she 1
she 1
she 1
she 1
she 1
she 1
she 1
she 1
she 1
she 1
she 1
she 1
she 1
she 1
she 1
she 1
she 1
she 1
she 1
she 1
she 1
she 1
she 1
she 1
she 1
she 1
she 1
she 1
she 1
she 1
she 1
she 1
she 1
she 1
she 1
she 1
she 1
she 1
she 1
she 1
she 1
she 1
she 1
she 1
she 1
she 1
she 1
she 1
she 1
she 1
she 1
she 1
she 1
she 1
she 1
she 1
she 1
she 1
she 1
she 1
she 1
she 1
she 1
she 1
she 1
she 1
she 1
she 1
she 1
she 1
she 1
she 1
she 1
she 1
she 1
she 1
she 1
she 1
she 1
she 1
she 1
she 1
she 1
she 1
she 1
she 1
she 1
she 1
she 1
she 1
she 1
she 1
she 1
she 1
she 1
she 1
she 1
she 1
she 1
she 1
she 1
she 1
she 1
she 1
she 1
she 1
she 1
she 1
she 1
she 1
she 1
she 1
she 1
she 1
she 1
she 1
she 1
she 1
she 1
she 1
she 1
she 1
she 1
she 1
she 1
she 1
she 1
she 1
she 1
she 1
she 1
she 1
she 1
she 1
she 1
she 1
she 1
she 1
she 1
she 1
she 1
she 1
she 1
she 1
she 1
she 1
she 1
she 1
she 1
she 1
she 1
she 1
she 1
she 1
she 1
she 1
she 1
she 1
she 1
she 1
she 1
she 1
she 1
she 1
she 1
she 1
she 1
she 1
she 1
she 1
she 1
she 1
she 1
she 1
she 1
she 1
she 1
she 1
shelves 1
shelves 1
shilling 1
shoots 1
shop 1
shop 1
shop 1
shop 1
shop 1
shopping 1
shoulder 1
shoulder 1
shoulder 1
shoulder 1
shoulder 1
shoulder 1
shoulder 1
shoulder 1
shoulder 1
shoulder 1
shoulder 1
shoulder 1
shoulder 1
shoulder 1
shriek 1
shriek 1
shriek 1
shriek 1
shuddered 1
shutting 1
shy 1
sides 1
sides 1
sides 1
signal 1
signal 1
signal 1
signal 1
signal 1
signal 1
signal 1
signed 1
signed 1
signed 1
signs 1
signs 1
signs 1
signs 1
signs 1
signs 1
signs 1
signs 1
signs 1
signs 1
signs 1
signs 1
signs 1
simple 1
simple 1
simple 1
simple 1
simple 1
simple 1
simple 1
simple 1
simple 1
simple 1
simple 1
simple 1
simple 1
simple 1
simple 1
simple 1
simple 1
simple 1
simple 1
simply 1
simply 1
simply 1
sit 1
sit 1
sit 1
sit 1
sit 1
sit 1
sit 1
sit 1
sit 1
sit 1
sit 1
sit 1
sit 1
sit 1
sit 1
skirts 1
slab 1
sleeve 1
sleeve 1
sleeve 1
sleeve 1
sleeve 1
slipping 1
slipping 1
slovenly 1
slowly 1
slowly 1
slowly 1
slowly 1
slowly 1
slowly 1
slowly 1
slowly 1
slowly 1
slowly 1
slowly 1
slowly 1
slowly 1
slowly 1
slowly 1
slowly 1
slowly 1
slowly 1
smile 1
smile 1
smile 1
smile 1
smile 1
smile 1
smile 1
snake 1
snake 1
snake 1
snake 1
snake 1
snap 1
snap 1
snarl 1
snarl 1
society 1
society 1
society 1
society 1
society 1
society 1
society 1
society 1
society 1
society 1
society 1
society 1
society 1
society 1
solicitation 1
somehow 1
sounds 1
sounds 1
sounds 1
sounds 1
speckles 1
spinning 1
spinning 1
spoken 1
spoken 1
spoken 1
spoken 1
spoken 1
spoken 1
spoken 1
spoken 1
spoken 1
spoken 1
spoken 1
spoken 1
spoken 1
sponge 1
sponge 1
sponge 1
staircases 1
stamped 1
station 1
station 1
station 1
station 1
station 1
station 1
station 1
station 1
station 1
station 1
station 1
station 1
station 1
station 1
station 1
station 1
station 1
station 1
station 1
station 1
station 1
station 1
steaming 1
steely 1
sticking 1
sticking 1
stirring 1
stirring 1
stirring 1
stones 1
stones 1
stones 1
stones 1
stones 1
stones 1
stones 1
stop 1
stop 1
stop 1
stop 1
stop 1
stop 1
stop 1
stop 1
storied 1
storied 1
stormy 1
stroke 1
stroke 1
stronger 1
stronger 1
stronger 1
struggling 1
struggling 1
suburban 1
suggest 1
suggest 1
suggest 1
suggest 1
suggest 1
suggest 1
suggest 1
suggest 1
suggestive 1
suggestive 1
suggestive 1
suggestive 1
suggestive 1
suggestive 1
suggestive 1
suggestive 1
suggestive 1
suicide 1
suicide 1
suicide 1
suicide 1
suicide 1
suited 1
suited 1
suited 1
suitor 1
sun 1
sun 1
sun 1
sun 1
sun 1
sun 1
sun 1
superscription 1
supplier 1
surely 1
surely 1
surely 1
surely 1
surely 1
survived 1
swamp 1
swamp 1
swear 1
swear 1
swear 1
swear 1
swear 1
swear 1
sweeping 1
sweeping 1
sweetheart 1
sweetheart 1
sweetheart 1
swim 1
swordsman 1
symptoms 1
symptoms 1
t 1
t 1
t 1
t 1
t 1
t 1
t 1
t 1
t 1
t 1
t 1
t 1
t 1
t 1
t 1
t 1
t 1
t 1
t 1
t 1
t 1
t 1
t 1
t 1
t 1
t 1
t 1
t 1
t 1
t 1
t 1
t 1
t 1
t 1
t 1
t 1
t 1
t 1
t 1
t 1
t 1
t 1
t 1
t 1
t 1
t 1
t 1
t 1
t 1
t 1
t 1
t 1
t 1
t 1
t 1
t 1
t 1
t 1
t 1
t 1
t 1
t 1
t 1
t 1
t 1
t 1
t 1
t 1
t 1
t 1
t 1
t 1
t 1
t 1
t 1
t 1
t 1
t 1
t 1
t 1
t 1
t 1
t 1
t 1
t 1
t 1
t 1
t 1
t 1
t 1
t 1
t 1
t 1
t 1
t 1
t 1
t 1
tackle 1
tackle 1
tail 1
tail 1
tail 1
tail 1
tail 1
tail 1
talking 1
talking 1
talking 1
talking 1
talking 1
talking 1
talking 1
talking 1
talking 1
tea 1
tea 1
tea 1
tenant 1
tender 1
tender 1
tender 1
tenfold 1
tension 1
tension 1
tension 1
terrorising 1
th 1
th 1
th 1
th 1
th 1
th 1
th 1
th 1
thanking 1
they 1
they 1
they 1
they 1
they 1
they 1
they 1
they 1
they 1
they 1
they 1
they 1
they 1
they 1
they 1
they 1
they 1
they 1
they 1
they 1
they 1
they 1
they 1
they 1
they 1
they 1
they 1
they 1
they 1
they 1
they 1
they 1
they 1
they 1
they 1
they 1
they 1
they 1
they 1
they 1
they 1
they 1
they 1
they 1
they 1
they 1
they 1
they 1
they 1
they 1
they 1
they 1
they 1
they 1
they 1
they 1
they 1
they 1
they 1
they 1
they 1
they 1
they 1
they 1
they 1
they 1
they 1
they 1
they 1
they 1
they 1
they 1
they 1
they 1
they 1
they 1
they 1
they 1
they 1
they 1
they 1
they 1
they 1
they 1
they 1
they 1
they 1
they 1
they 1
they 1
they 1
they 1
they 1
they 1
they 1
they 1
they 1
they 1
they 1
they 1
they 1
they 1
they 1
they 1
they 1
they 1
they 1
they 1
they 1
they 1
they 1
they 1
they 1
they 1
they 1
they 1
they 1
they 1
they 1
they 1
they 1
they 1
they 1
they 1
they 1
they 1
they 1
they 1
they 1
they 1
they 1
they 1
they 1
they 1
they 1
they 1
they 1
they 1
they 1
they 1
they 1
they 1
they 1
they 1
thinking 1
thinking 1
thinking 1
thinking 1
thinking 1
thinking 1
thinking 1
thirty 1
thirty 1
thirty 1
thirty 1
thirty 1
thirty 1
thirty 1
thirty 1
thirty 1
thirty 1
thirty 1
thirty 1
thirty 1
thirty 1
thirty 1
thirty 1
thither 1
tie 1
tie 1
tie 1
tie 1
tie 1
tilted 1
timbered 1
tiniest 1
tire 1
toe 1
toe 1
toe 1
together 1
together 1
together 1
together 1
together 1
together 1
together 1
together 1
together 1
together 1
together 1
together 1
together 1
together 1
together 1
together 1
together 1
together 1
together 1
together 1
together 1
together 1
together 1
together 1
together 1
together 1
together 1
together 1
together 1
together 1
together 1
together 1
together 1
together 1
too 1
too 1
too 1
too 1
too 1
too 1
too 1
too 1
too 1
too 1
too 1
too 1
too 1
too 1
too 1
too 1
too 1
too 1
too 1
too 1
too 1
too 1
too 1
too 1
too 1
too 1
too 1
too 1
too 1
too 1
too 1
too 1
too 1
too 1
too 1
too 1
too 1
too 1
too 1
too 1
too 1
too 1
too 1
too 1
too 1
too 1
too 1
too 1
too 1
too 1
too 1
too 1
too 1
too 1
too 1
too 1
too 1
too 1
too 1
too 1
too 1
too 1
too 1
too 1
too 1
too 1
too 1
too 1
too 1
too 1
too 1
too 1
too 1
too 1
too 1
too 1
too 1
too 1
too 1
tout 1
tout 1
tout 1
town 1
town 1
town 1
town 1
town 1
town 1
town 1
town 1
town 1
town 1
town 1
town 1
town 1
town 1
town 1
town 1
town 1
town 1
town 1
town 1
town 1
town 1
town 1
trade 1
trade 1
trade 1
trade 1
training 1
training 1
training 1
transform 1
transparent 1
transparent 1
tray 1
tricks 1
trophy 1
turned 1
turned 1
turned 1
turned 1
turned 1
turned 1
turned 1
turned 1
turned 1
turned 1
turned 1
turned 1
turned 1
turned 1
turned 1
turned 1
turned 1
turned 1
turned 1
turned 1
turned 1
turned 1
turned 1
turned 1
turned 1
turned 1
turned 1
turned 1
turned 1
turned 1
turned 1
turned 1
turned 1
turned 1
turned 1
turned 1
turned 1
turned 1
turned 1
turned 1
turned 1
turned 1
turned 1
turned 1
turned 1
turned 1
turned 1
turned 1
turned 1
turned 1
turned 1
ugliness 1
uncompromising 1
undertaking 1
undid 1
uneasiness 1
uneasiness 1
unfortunately 1
unfortunately 1
unfortunately 1
ungovernable 1
unhealthy 1
unheeded 1
unimpeachable 1
unimpeachable 1
unmistakable 1
unusually 1
unwound 1
us 1
us 1
us 1
us 1
us 1
us 1
us 1
us 1
us 1
us 1
us 1
us 1
us 1
us 1
us 1
us 1
us 1
us 1
us 1
us 1
us 1
us 1
us 1
us 1
us 1
us 1
us 1
us 1
us 1
us 1
us 1
us 1
us 1
us 1
us 1
us 1
us 1
us 1
us 1
us 1
us 1
us 1
us 1
us 1
us 1
us 1
us 1
us 1
us 1
us 1
us 1
us 1
us 1
us 1
us 1
us 1
us 1
us 1
us 1
us 1
us 1
us 1
us 1
us 1
us 1
us 1
us 1
us 1
us 1
us 1
us 1
us 1
us 1
us 1
us 1
us 1
us 1
us 1
us 1
us 1
us 1
us 1
us 1
us 1
us 1
us 1
us 1
us 1
us 1
us 1
us 1
us 1
us 1
us 1
us 1
us 1
us 1
us 1
us 1
us 1
us 1
us 1
us 1
us 1
us 1
us 1
us 1
us 1
us 1
us 1
us 1
us 1
us 1
us 1
us 1
us 1
us 1
us 1
us 1
us 1
us 1
us 1
us 1
us 1
us 1
us 1
us 1
us 1
us 1
us 1
us 1
us 1
us 1
us 1
us 1
us 1
us 1
us 1
us 1
us 1
us 1
us 1
us 1
us 1
us 1
us 1
us 1
us 1
us 1
us 1
us 1
us 1
us 1
us 1
us 1
us 1
us 1
us 1
us 1
us 1
us 1
us 1
us 1
us 1
us 1
us 1
us 1
us 1
us 1
us 1
us 1
us 1
us 1
us 1
us 1
us 1
us 1
us 1
us 1
us 1
us 1
us 1
us 1
us 1
useful 1
useful 1
useful 1
useful 1
useful 1
useful 1
ushered 1
ushered 1
utmost 1
utmost 1
utmost 1
utter 1
utter 1
variable 1
vault 1
vault 1
vault 1
vegetables 1
vegetables 1
vile 1
vile 1
vile 1
vile 1
villains 1
villainy 1
visited 1
visited 1
visited 1
vivid 1
vizard 1
vulnerable 1
wadding 1
wager 1
waiter 1
waiter 1
wake 1
wake 1
wake 1
walked 1
walked 1
walked 1
walked 1
walked 1
walked 1
walked 1
walked 1
walked 1
walked 1
walked 1
walked 1
walked 1
walked 1
walked 1
walked 1
walked 1
walked 1
walked 1
walked 1
walked 1
walked 1
walked 1
walked 1
walked 1
walked 1
walked 1
walked 1
want 1
want 1
want 1
want 1
want 1
want 1
want 1
want 1
want 1
want 1
want 1
want 1
want 1
want 1
want 1
want 1
want 1
want 1
want 1
want 1
want 1
want 1
want 1
want 1
want 1
want 1
want 1
want 1
wardrobe 1
wardrobe 1
warmly 1
warmly 1
warmly 1
warmly 1
weak 1
weak 1
weak 1
weak 1
weak 1
weapon 1
weapon 1
weapon 1
weapon 1
weapon 1
weapon 1
weapon 1
weapon 1
wearisome 1
wedged 1
weigh 1
weighing 1
wheeler 1
wheeler 1
wheeler 1
wheeler 1
when 1
when 1
when 1
when 1
when 1
when 1
when 1
when 1
when 1
when 1
when 1
when 1
when 1
when 1
when 1
when 1
when 1
when 1
when 1
when 1
when 1
when 1
when 1
when 1
when 1
when 1
when 1
when 1
when 1
when 1
when 1
when 1
when 1
when 1
when 1
when 1
when 1
when 1
when 1
when 1
when 1
when 1
when 1
when 1
when 1
when 1
when 1
when 1
when 1
when 1
when 1
when 1
when 1
when 1
when 1
when 1
when 1
when 1
when 1
when 1
when 1
when 1
when 1
when 1
when 1
when 1
when 1
when 1
when 1
when 1
when 1
when 1
when 1
when 1
when 1
when 1
when 1
when 1
when 1
when 1
when 1
when 1
when 1
when 1
when 1
when 1
when 1
when 1
when 1
when 1
when 1
when 1
when 1
when 1
when 1
when 1
when 1
when 1
when 1
when 1
when 1
when 1
when 1
when 1
when 1
when 1
when 1
when 1
when 1
when 1
when 1
when 1
when 1
when 1
when 1
when 1
when 1
when 1
when 1
when 1
when 1
when 1
when 1
when 1
when 1
when 1
when 1
when 1
when 1
when 1
when 1
when 1
when 1
when 1
when 1
when 1
when 1
when 1
when 1
when 1
when 1
when 1
when 1
when 1
when 1
when 1
when 1
when 1
when 1
when 1
when 1
when 1
when 1
when 1
when 1
when 1
when 1
when 1
when 1
when 1
when 1
when 1
when 1
when 1
when 1
when 1
when 1
when 1
when 1
when 1
when 1
when 1
when 1
when 1
when 1
when 1
when 1
when 1
when 1
when 1
when 1
when 1
when 1
when 1
when 1
when 1
when 1
when 1
when 1
when 1
when 1
when 1
when 1
when 1
when 1
when 1
when 1
when 1
when 1
when 1
when 1
when 1
when 1
when 1
when 1
when 1
when 1
when 1
when 1
when 1
when 1
when 1
when 1
when 1
when 1
when 1
when 1
when 1
when 1
when 1
when 1
when 1
when 1
when 1
when 1
when 1
when 1
when 1
when 1
when 1
when 1
when 1
when 1
when 1
when 1
when 1
when 1
when 1
when 1
when 1
when 1
when 1
when 1
when 1
when 1
when 1
when 1
when 1
when 1
when 1
when 1
when 1
when 1
when 1
when 1
when 1
when 1
when 1
when 1
when 1
when 1
when 1
when 1
when 1
when 1
when 1
whims 1
whirling 1
whiskers 1
whiskers 1
whiskers 1
whiskers 1
whiskers 1
whiskers 1
whiskers 1
whisper 1
why 1
why 1
why 1
why 1
why 1
why 1
why 1
why 1
why 1
why 1
why 1
why 1
why 1
why 1
why 1
why 1
why 1
why 1
why 1
why 1
why 1
why 1
why 1
why 1
why 1
why 1
why 1
why 1
why 1
why 1
why 1
why 1
why 1
why 1
why 1
why 1
why 1
why 1
why 1
widow 1
winced 1
wiser 1
wiser 1
wives 1
woman 1
woman 1
woman 1
woman 1
woman 1
woman 1
woman 1
woman 1
woman 1
woman 1
woman 1
woman 1
woman 1
woman 1
woman 1
woman 1
woman 1
woman 1
woman 1
woman 1
woman 1
woman 1
woman 1
woman 1
woman 1
woman 1
woman 1
woman 1
woman 1
woman 1
woman 1
woman 1
woman 1
woman 1
woman 1
woman 1
woman 1
woman 1
woman 1
woman 1
woman 1
woman 1
woman 1
woman 1
woman 1
woman 1
woman 1
woman 1
woman 1
woman 1
woman 1
woman 1
woman 1
woman 1
woman 1
woman 1
woman 1
woman 1
woman 1
woman 1
woman 1
woman 1
woman 1
woman 1
woman 1
woman 1
woman 1
woman 1
woman 1
woman 1
woman 1
wont 1
wont 1
wooded 1
woods 1
woods 1
woods 1
woods 1
woods 1
woods 1
woods 1
word 1
word 1
word 1
word 1
word 1
word 1
word 1
word 1
word 1
word 1
word 1
word 1
word 1
word 1
word 1
word 1
word 1
word 1
word 1
word 1
word 1
word 1
word 1
word 1
word 1
word 1
word 1
word 1
word 1
word 1
word 1
word 1
word 1
word 1
word 1
word 1
word 1
word 1
word 1
word 1
word 1
worker 1
worms 1
worn 1
worn 1
worn 1
worn 1
worn 1
worn 1
worn 1
worn 1
worn 1
worn 1
worn 1
worn 1
wreck 1
wreck 1
writ 1
yellow 1
yellow 1
yellow 1
yellow 1
yellow 1
yellow 1
yellow 1
yellow 1
yellow 1
yellow 1
yellow 1
yellow 1
yellow 1
yellow 1
yellow 1
