Additional 1
Advises 1
Ann 1
Ann 1
Ass 1
Auction 1
Awful 1
BREACH 1
BREACH 1
Barlow 1
Barlow 1
Barnes 1
Be 1
Before 1
Before 1
Being 1
Being 1
Betwixt 1
Blame 1
Blame 1
Blame 1
Blame 1
Blame 1
Blame 1
Boston 1
Boston 1
Boys 1
Boys 1
Bradish 1
Bradish 1
Broke 1
Broken 1
Broken 1
Buck 1
Buck 1
Buck 1
Buck 1
Buck 1
Buck 1
Buck 1
Buck 1
Buck 1
Buck 1
Buck 1
Buck 1
Buck 1
Buck 1
Buck 1
Buck 1
Buck 1
Buck 1
Buck 1
Buck 1
Buck 1
Buck 1
Buck 1
Buck 1
Buck 1
Buck 1
Buck 1
Buck 1
Buck 1
Buck 1
Buck 1
Buck 1
Buck 1
Buck 1
Buck 1
Buck 1
Buck 1
Buck 1
Buck 1
Buck 1
Buck 1
Buck 1
Buck 1
Cabbage 1
Camp 1
Camp 1
Camp 1
Cents 1
Chelleeny 1
City 1
Collar 1
Compliance 1
Contested 1
Could 1
Couldn 1
DISTRIBUTE 1
Dad 1
Dad 1
Dad 1
Dauphin 1
Dauphin 1
Dauphin 1
Decorations 1
Dern 1
Dern 1
Dern 1
Dese 1
Dese 1
Dining 1
Dispersed 1
Dispersed 1
Do 1
Do 1
Do 1
Do 1
Do 1
Do 1
Do 1
Do 1
Do 1
Do 1
Do 1
Do 1
Do 1
Do 1
Do 1
Do 1
Do 1
Do 1
Do 1
Do 1
Do 1
Does 1
Does 1
Does 1
Does 1
Does 1
Does 1
Don 1
Don 1
Don 1
Don 1
Don 1
Don 1
Don 1
Don 1
Don 1
Don 1
Don 1
Don 1
Don 1
Don 1
Don 1
Don 1
Don 1
Don 1
Don 1
Don 1
Don 1
Don 1
Don 1
Don 1
Don 1
Don 1
Don 1
Don 1
Don 1
Don 1
Don 1
Don 1
Don 1
Don 1
Don 1
Don 1
Don 1
Don 1
Don 1
Don 1
Don 1
Don 1
Don 1
Don 1
Don 1
Don 1
Don 1
Dry 1
END 1
END 1
Edmund 1
Edmund 1
FINN 1
FINN 1
FINN 1
FINN 1
FINN 1
FST 1
Fellow 1
Fifteen 1
Fifteen 1
France 1
France 1
Gang 1
Gang 1
Gang 1
Gang 1
Gang 1
Gone 1
Gone 1
Gone 1
Gone 1
Gone 1
Goo 1
Good 1
Good 1
Good 1
Good 1
Good 1
Good 1
Good 1
Good 1
Good 1
Good 1
Good 1
Good 1
Good 1
Good 1
Good 1
Good 1
Greenhorns 1
Grey 1
HALF 1
Hadn 1
Hagan 1
Hand 1
Hand 1
Harem 1
Harem 1
Heave 1
Hiding 1
Hiding 1
Highland 1
Highland 1
Hines 1
Hines 1
Hines 1
Hines 1
Hines 1
Hollow 1
Home 1
Huck 1
Huck 1
Huck 1
Huck 1
Huck 1
Huck 1
Huck 1
Huck 1
Huck 1
Huck 1
Huck 1
Huck 1
Huck 1
Huck 1
Huck 1
Huck 1
Huck 1
Huck 1
Huck 1
Huck 1
Huck 1
Huck 1
Huck 1
Huck 1
Huck 1
Huck 1
Huck 1
Huck 1
Huck 1
Huck 1
Huck 1
Huck 1
Huck 1
Huck 1
Huck 1
Huck 1
Huck 1
Huck 1
Huck 1
Huck 1
Huck 1
Huck 1
Huck 1
Huck 1
Huck 1
Huck 1
Huck 1
Huck 1
Huck 1
Huck 1
Huck 1
Huck 1
Huck 1
Huck 1
Huck 1
Huck 1
Huck 1
Huck 1
Huck 1
Huck 1
Huck 1
Huck 1
Huck 1
Huck 1
Huck 1
Huck 1
Huck 1
Huck 1
Huck 1
Huck 1
Huck 1
Huck 1
Huck 1
Huck 1
Huck 1
Huck 1
Huck 1
Huck 1
Huck 1
Huck 1
Huck 1
Huck 1
Huck 1
Huck 1
Huck 1
Huck 1
Huck 1
Huck 1
Huck 1
Huck 1
Huck 1
Huck 1
Huck 1
Huck 1
Huck 1
Huck 1
Human 1
Hunting 1
III 1
III 1
III 1
III 1
III 1
III 1
III 1
Illinois 1
Illinois 1
Illinois 1
Illinois 1
Illinois 1
Illinois 1
Illinois 1
Illinois 1
Illinois 1
Illinois 1
Illinois 1
Illinois 1
Illinois 1
Illinois 1
Illinois 1
Immortal 1
Intoxication 1
It 1
It 1
It 1
It 1
It 1
It 1
It 1
It 1
It 1
It 1
It 1
It 1
It 1
It 1
It 1
It 1
It 1
It 1
It 1
It 1
It 1
It 1
It 1
It 1
It 1
It 1
It 1
It 1
It 1
It 1
It 1
It 1
It 1
It 1
It 1
It 1
It 1
It 1
It 1
It 1
It 1
It 1
It 1
It 1
It 1
It 1
It 1
It 1
It 1
It 1
It 1
It 1
It 1
It 1
It 1
It 1
It 1
It 1
It 1
It 1
It 1
It 1
It 1
It 1
It 1
It 1
It 1
It 1
It 1
It 1
It 1
It 1
It 1
It 1
It 1
It 1
It 1
It 1
It 1
It 1
It 1
It 1
It 1
It 1
It 1
It 1
It 1
It 1
It 1
It 1
It 1
It 1
It 1
It 1
It 1
It 1
It 1
It 1
It 1
It 1
It 1
It 1
It 1
It 1
It 1
It 1
It 1
It 1
It 1
It 1
It 1
It 1
It 1
It 1
It 1
It 1
It 1
It 1
It 1
It 1
It 1
It 1
It 1
It 1
It 1
It 1
It 1
It 1
It 1
It 1
It 1
It 1
It 1
It 1
It 1
It 1
It 1
It 1
It 1
It 1
It 1
It 1
It 1
It 1
It 1
It 1
It 1
It 1
It 1
It 1
It 1
It 1
It 1
It 1
It 1
It 1
It 1
It 1
It 1
It 1
It 1
It 1
It 1
It 1
It 1
It 1
It 1
It 1
It 1
It 1
It 1
It 1
It 1
It 1
It 1
It 1
It 1
It 1
It 1
It 1
It 1
It 1
It 1
It 1
It 1
It 1
It 1
It 1
It 1
It 1
It 1
It 1
It 1
It 1
It 1
It 1
It 1
It 1
It 1
It 1
It 1
It 1
It 1
It 1
It 1
It 1
It 1
It 1
It 1
It 1
It 1
It 1
It 1
It 1
It 1
It 1
It 1
It 1
It 1
It 1
It 1
It 1
It 1
It 1
It 1
It 1
It 1
It 1
It 1
It 1
It 1
It 1
It 1
It 1
It 1
It 1
It 1
It 1
It 1
It 1
It 1
It 1
It 1
It 1
It 1
It 1
It 1
It 1
It 1
It 1
It 1
It 1
Job 1
Job 1
Job 1
Judus 1
LIABILITY 1
Lafayette 1
Le 1
Le 1
Le 1
Le 1
Le 1
Le 1
Le 1
Leastways 1
Leave 1
Leave 1
Leave 1
Like 1
Like 1
Lip 1
Listening 1
Listening 1
Lively 1
Lively 1
Living 1
Loss 1
Lot 1
Lot 1
M 1
M 1
M 1
M 1
Mam 1
Memphis 1
Michael 1
Michael 1
Mississippi 1
Mississippi 1
Mississippi 1
Mississippi 1
Monthly 1
Mornings 1
NO 1
NO 1
Nailed 1
Nobody 1
Nobody 1
Nobody 1
Nobody 1
Nobody 1
Nobody 1
Nobody 1
Nor 1
Nor 1
Nor 1
Nor 1
Nor 1
North 1
North 1
North 1
North 1
Old 1
Old 1
Old 1
Old 1
Old 1
Old 1
Old 1
Old 1
Old 1
Old 1
Old 1
Ouch 1
PG 1
Parker 1
Parker 1
Phrenology 1
Pike 1
Pike 1
Public 1
Raft 1
Raft 1
Raft 1
Raft 1
Raft 1
Raft 1
Raft 1
Raising 1
Raising 1
Ransomed 1
Redistributing 1
Richard 1
Richard 1
Richard 1
Richard 1
Richard 1
Richard 1
Rosamun 1
Rosamun 1
Sailing 1
Saint 1
Samuel 1
Samuel 1
Samuel 1
Sarah 1
Sarah 1
Sarah 1
Sarah 1
Sarah 1
Sarah 1
Sarah 1
Scott 1
Scripture 1
See 1
See 1
See 1
See 1
Shakespearian 1
Shaksperean 1
Shaksperean 1
Shove 1
Shucks 1
Shucks 1
Shucks 1
Shucks 1
Shucks 1
Shucks 1
Shucks 1
Shucks 1
Signing 1
Singing 1
Slow 1
Solomon 1
Solomon 1
Solomon 1
Solomon 1
Splendid 1
Splinter 1
Square 1
Stealing 1
Stealing 1
Stealing 1
Stealing 1
Sudden 1
Sundays 1
Sundays 1
Sundays 1
Sundays 1
TO 1
TO 1
TO 1
Take 1
Take 1
Take 1
Take 1
Take 1
Take 1
Take 1
Take 1
Take 1
Take 1
Take 1
Take 1
Terms 1
Terms 1
Than 1
Third 1
Till 1
Till 1
Time 1
Time 1
Troubled 1
Turn 1
Turning 1
Twas 1
Vittles 1
W 1
W 1
W 1
Washingtons 1
William 1
William 1
William 1
William 1
William 1
William 1
William 1
William 1
William 1
William 1
William 1
William 1
William 1
William 1
William 1
William 1
William 1
William 1
William 1
Wrote 1
Wrote 1
XIII 1
XIII 1
XXXIII 1
XXXIII 1
XXXIX 1
XXXIX 1
XXXVI 1
XXXVI 1
Yonder 1
absent 1
absent 1
accident 1
across 1
across 1
across 1
across 1
across 1
across 1
across 1
across 1
across 1
across 1
across 1
across 1
across 1
across 1
across 1
across 1
across 1
across 1
across 1
across 1
across 1
across 1
across 1
across 1
across 1
across 1
across 1
across 1
across 1
across 1
across 1
across 1
across 1
across 1
across 1
across 1
actor 1
add 1
advantage 1
advantage 1
advantage 1
advantage 1
advises 1
advises 1
afeard 1
afeard 1
afeard 1
afeard 1
afeard 1
afeard 1
afeard 1
afeard 1
afeard 1
afeard 1
afeard 1
aged 1
ahead 1
ahead 1
ahead 1
ahead 1
ahead 1
ahead 1
ahead 1
ahead 1
ahead 1
ahead 1
ahead 1
ahead 1
ahead 1
ahead 1
ahead 1
ahead 1
ahead 1
ahead 1
ahead 1
ahead 1
ahead 1
ahead 1
alassin 1
alteration 1
always 1
always 1
always 1
always 1
always 1
always 1
always 1
always 1
always 1
always 1
always 1
always 1
always 1
always 1
always 1
always 1
always 1
always 1
always 1
always 1
always 1
always 1
always 1
always 1
always 1
always 1
always 1
always 1
always 1
always 1
always 1
always 1
always 1
always 1
always 1
always 1
always 1
always 1
always 1
always 1
always 1
always 1
always 1
always 1
always 1
always 1
always 1
always 1
always 1
always 1
always 1
always 1
always 1
always 1
always 1
always 1
always 1
always 1
always 1
always 1
always 1
always 1
always 1
always 1
always 1
always 1
always 1
always 1
always 1
always 1
always 1
always 1
always 1
always 1
always 1
always 1
always 1
always 1
always 1
always 1
always 1
always 1
always 1
always 1
always 1
always 1
always 1
always 1
always 1
always 1
always 1
always 1
always 1
always 1
always 1
alwuz 1
ambuscade 1
ambuscade 1
amongst 1
amongst 1
amongst 1
amongst 1
amongst 1
amongst 1
amongst 1
amongst 1
amongst 1
amongst 1
amongst 1
amongst 1
amongst 1
amongst 1
amongst 1
amongst 1
amongst 1
amongst 1
amongst 1
amongst 1
amongst 1
amongst 1
amongst 1
amongst 1
amongst 1
amongst 1
amongst 1
amongst 1
amongst 1
amongst 1
amongst 1
amongst 1
amongst 1
amongst 1
amongst 1
amongst 1
amongst 1
apiece 1
apiece 1
apiece 1
apiece 1
apiece 1
apiece 1
apiece 1
apiece 1
apiece 1
armful 1
arrow 1
arrow 1
ask 1
ask 1
ask 1
ask 1
ask 1
ask 1
ask 1
ask 1
ask 1
ask 1
ask 1
ask 1
ask 1
ask 1
ask 1
ask 1
ask 1
ask 1
ask 1
ask 1
ask 1
ask 1
ask 1
ask 1
authorities 1
authorities 1
authorities 1
authorities 1
authorities 1
average 1
average 1
average 1
average 1
awake 1
awkward 1
awkward 1
awkward 1
awkward 1
ax 1
barefooted 1
barefooted 1
barked 1
barn 1
barrels 1
barrels 1
barrels 1
barrels 1
base 1
bashful 1
bath 1
battlements 1
battles 1
beast 1
beatenest 1
beatenest 1
bed 1
bed 1
bed 1
bed 1
bed 1
bed 1
bed 1
bed 1
bed 1
bed 1
bed 1
bed 1
bed 1
bed 1
bed 1
bed 1
bed 1
bed 1
bed 1
bed 1
bed 1
bed 1
bed 1
bed 1
bed 1
bed 1
bed 1
bed 1
bed 1
bed 1
bed 1
bed 1
bed 1
bed 1
bed 1
bed 1
bed 1
bed 1
bed 1
bed 1
bed 1
bed 1
bed 1
bed 1
bed 1
bed 1
bed 1
bed 1
bed 1
bed 1
bed 1
bed 1
bed 1
bed 1
bed 1
bed 1
bed 1
bed 1
bed 1
bed 1
bed 1
bed 1
bed 1
bed 1
bed 1
bed 1
bed 1
bed 1
bed 1
bed 1
bed 1
bed 1
bed 1
bed 1
bed 1
bed 1
bed 1
bed 1
bed 1
begging 1
begging 1
begin 1
begin 1
begin 1
begin 1
begin 1
begin 1
begin 1
begin 1
begin 1
begin 1
begin 1
begin 1
begin 1
begin 1
begin 1
begun 1
begun 1
begun 1
begun 1
begun 1
begun 1
begun 1
begun 1
begun 1
begun 1
begun 1
begun 1
begun 1
begun 1
begun 1
begun 1
begun 1
begun 1
begun 1
begun 1
begun 1
begun 1
begun 1
begun 1
begun 1
begun 1
begun 1
begun 1
begun 1
begun 1
begun 1
begun 1
begun 1
begun 1
begun 1
begun 1
begun 1
begun 1
begun 1
begun 1
begun 1
begun 1
begun 1
begun 1
begun 1
begun 1
begun 1
begun 1
begun 1
begun 1
begun 1
begun 1
begun 1
begun 1
begun 1
begun 1
begun 1
begun 1
begun 1
begun 1
begun 1
begun 1
begun 1
begun 1
begun 1
begun 1
begun 1
begun 1
begun 1
begun 1
begun 1
believes 1
bell 1
bell 1
bell 1
below 1
below 1
below 1
below 1
below 1
below 1
below 1
below 1
below 1
below 1
below 1
below 1
below 1
below 1
below 1
below 1
below 1
below 1
below 1
below 1
below 1
below 1
below 1
below 1
below 1
below 1
below 1
below 1
below 1
below 1
below 1
below 1
below 1
below 1
below 1
below 1
belting 1
ben 1
ben 1
ben 1
ben 1
ben 1
ben 1
ben 1
ben 1
ben 1
ben 1
ben 1
ben 1
ben 1
ben 1
ben 1
ben 1
ben 1
ben 1
ben 1
ben 1
ben 1
ben 1
ben 1
ben 1
ben 1
ben 1
ben 1
ben 1
bending 1
besides 1
besides 1
besides 1
besides 1
besides 1
besides 1
besides 1
besides 1
besides 1
besides 1
besides 1
besides 1
besides 1
besides 1
besides 1
besides 1
besides 1
birthday 1
biting 1
blame 1
blame 1
blame 1
blame 1
blame 1
blame 1
blame 1
blame 1
blame 1
blame 1
blame 1
blame 1
blame 1
blame 1
blame 1
blame 1
blame 1
blame 1
blame 1
blame 1
blame 1
blame 1
blame 1
blame 1
blame 1
blame 1
blame 1
blame 1
blame 1
blame 1
blame 1
blame 1
blame 1
blowed 1
blowed 1
blowed 1
blowed 1
blowed 1
blowed 1
blowed 1
booming 1
booming 1
booming 1
booming 1
booming 1
booming 1
booming 1
booming 1
booming 1
both 1
both 1
both 1
both 1
both 1
both 1
both 1
both 1
both 1
both 1
both 1
both 1
both 1
both 1
both 1
both 1
both 1
both 1
both 1
both 1
both 1
both 1
both 1
both 1
both 1
both 1
both 1
both 1
both 1
both 1
both 1
both 1
both 1
both 1
both 1
both 1
both 1
both 1
both 1
both 1
both 1
both 1
both 1
both 1
both 1
botherin 1
bourne 1
boys 1
boys 1
boys 1
boys 1
boys 1
boys 1
boys 1
boys 1
boys 1
boys 1
boys 1
boys 1
boys 1
boys 1
boys 1
boys 1
boys 1
boys 1
boys 1
boys 1
boys 1
boys 1
boys 1
boys 1
boys 1
boys 1
boys 1
boys 1
boys 1
breakfas 1
breaking 1
breaking 1
breaking 1
breaking 1
breaths 1
breeze 1
breeze 1
breeze 1
breeze 1
breff 1
broken 1
broken 1
broken 1
broken 1
broken 1
broken 1
broken 1
bull 1
bull 1
bull 1
bunched 1
bunched 1
bundles 1
buried 1
buried 1
buried 1
buried 1
burnt 1
burnt 1
but 1
but 1
but 1
but 1
but 1
but 1
but 1
but 1
but 1
but 1
but 1
but 1
but 1
but 1
but 1
but 1
but 1
but 1
but 1
but 1
but 1
but 1
but 1
but 1
but 1
but 1
but 1
but 1
but 1
but 1
but 1
but 1
but 1
but 1
but 1
but 1
but 1
but 1
but 1
but 1
but 1
but 1
but 1
but 1
but 1
but 1
but 1
but 1
but 1
but 1
but 1
but 1
but 1
but 1
but 1
but 1
but 1
but 1
but 1
but 1
but 1
but 1
but 1
but 1
but 1
but 1
but 1
but 1
but 1
but 1
but 1
but 1
but 1
but 1
but 1
but 1
but 1
but 1
but 1
but 1
but 1
but 1
but 1
but 1
but 1
but 1
but 1
but 1
but 1
but 1
but 1
but 1
but 1
but 1
but 1
but 1
but 1
but 1
but 1
but 1
but 1
but 1
but 1
but 1
but 1
but 1
but 1
but 1
but 1
but 1
but 1
but 1
but 1
but 1
but 1
but 1
but 1
but 1
but 1
but 1
but 1
but 1
but 1
but 1
but 1
but 1
but 1
but 1
but 1
but 1
but 1
but 1
but 1
but 1
but 1
but 1
but 1
but 1
but 1
but 1
but 1
but 1
but 1
but 1
but 1
but 1
but 1
but 1
but 1
but 1
but 1
but 1
but 1
but 1
but 1
but 1
but 1
but 1
but 1
but 1
but 1
but 1
but 1
but 1
but 1
but 1
but 1
but 1
but 1
but 1
but 1
but 1
but 1
but 1
but 1
but 1
but 1
but 1
but 1
but 1
but 1
but 1
but 1
but 1
but 1
but 1
but 1
but 1
but 1
but 1
but 1
but 1
but 1
but 1
but 1
but 1
but 1
but 1
but 1
but 1
but 1
but 1
but 1
but 1
but 1
but 1
but 1
but 1
but 1
but 1
but 1
but 1
but 1
but 1
but 1
but 1
but 1
but 1
but 1
but 1
but 1
but 1
but 1
but 1
but 1
but 1
but 1
but 1
but 1
but 1
but 1
but 1
but 1
but 1
but 1
but 1
but 1
but 1
but 1
but 1
but 1
but 1
but 1
but 1
but 1
but 1
but 1
but 1
but 1
but 1
but 1
but 1
but 1
but 1
but 1
but 1
but 1
but 1
but 1
but 1
but 1
but 1
but 1
but 1
but 1
but 1
but 1
but 1
but 1
but 1
but 1
but 1
but 1
but 1
but 1
but 1
but 1
but 1
but 1
but 1
but 1
but 1
but 1
but 1
but 1
but 1
but 1
but 1
but 1
but 1
but 1
but 1
but 1
but 1
but 1
but 1
but 1
but 1
but 1
but 1
but 1
but 1
but 1
but 1
but 1
but 1
but 1
but 1
but 1
but 1
but 1
but 1
but 1
but 1
but 1
but 1
but 1
but 1
but 1
but 1
but 1
but 1
but 1
but 1
but 1
but 1
but 1
but 1
but 1
but 1
but 1
but 1
but 1
but 1
but 1
but 1
but 1
but 1
but 1
but 1
but 1
but 1
but 1
but 1
but 1
but 1
but 1
but 1
but 1
but 1
but 1
but 1
but 1
but 1
but 1
but 1
but 1
but 1
but 1
but 1
but 1
but 1
but 1
but 1
but 1
but 1
but 1
but 1
but 1
but 1
but 1
but 1
but 1
but 1
but 1
but 1
but 1
but 1
but 1
but 1
but 1
but 1
but 1
but 1
but 1
but 1
but 1
but 1
but 1
but 1
but 1
but 1
but 1
but 1
but 1
but 1
but 1
but 1
but 1
but 1
but 1
but 1
but 1
but 1
but 1
but 1
but 1
but 1
but 1
but 1
but 1
but 1
but 1
but 1
but 1
but 1
but 1
but 1
but 1
but 1
but 1
but 1
but 1
but 1
but 1
but 1
but 1
but 1
but 1
but 1
but 1
but 1
but 1
but 1
but 1
but 1
but 1
but 1
but 1
but 1
but 1
but 1
but 1
but 1
but 1
but 1
but 1
but 1
but 1
but 1
but 1
but 1
but 1
but 1
but 1
but 1
but 1
but 1
but 1
but 1
but 1
but 1
but 1
but 1
but 1
but 1
but 1
but 1
but 1
but 1
but 1
but 1
but 1
but 1
but 1
but 1
but 1
but 1
but 1
but 1
but 1
but 1
but 1
but 1
but 1
but 1
but 1
but 1
but 1
but 1
but 1
but 1
but 1
but 1
but 1
but 1
but 1
but 1
but 1
but 1
but 1
but 1
but 1
but 1
but 1
but 1
but 1
but 1
but 1
but 1
but 1
but 1
but 1
but 1
but 1
but 1
but 1
but 1
but 1
but 1
but 1
but 1
but 1
but 1
but 1
but 1
but 1
but 1
but 1
but 1
but 1
but 1
but 1
but 1
but 1
but 1
but 1
but 1
but 1
but 1
but 1
but 1
but 1
but 1
but 1
but 1
but 1
but 1
but 1
but 1
but 1
but 1
but 1
but 1
but 1
but 1
but 1
but 1
but 1
but 1
but 1
but 1
but 1
but 1
but 1
but 1
but 1
but 1
but 1
but 1
but 1
but 1
but 1
but 1
but 1
but 1
but 1
but 1
but 1
but 1
but 1
but 1
but 1
but 1
but 1
but 1
but 1
but 1
but 1
but 1
but 1
but 1
but 1
but 1
but 1
but 1
but 1
but 1
but 1
but 1
but 1
but 1
but 1
but 1
but 1
but 1
but 1
but 1
but 1
but 1
but 1
but 1
but 1
but 1
but 1
but 1
but 1
but 1
but 1
but 1
but 1
but 1
but 1
but 1
but 1
but 1
but 1
but 1
but 1
but 1
but 1
but 1
but 1
but 1
but 1
but 1
but 1
but 1
but 1
but 1
but 1
but 1
but 1
but 1
but 1
but 1
but 1
but 1
but 1
but 1
but 1
but 1
but 1
but 1
but 1
but 1
but 1
but 1
but 1
but 1
but 1
but 1
but 1
but 1
but 1
but 1
but 1
but 1
but 1
but 1
but 1
but 1
but 1
but 1
but 1
but 1
but 1
but 1
but 1
but 1
but 1
but 1
but 1
but 1
but 1
but 1
but 1
but 1
but 1
but 1
but 1
but 1
but 1
but 1
but 1
but 1
but 1
but 1
but 1
but 1
but 1
but 1
but 1
but 1
but 1
but 1
but 1
but 1
but 1
but 1
but 1
but 1
but 1
but 1
but 1
but 1
but 1
but 1
but 1
but 1
but 1
but 1
but 1
but 1
but 1
but 1
but 1
but 1
but 1
but 1
but 1
but 1
but 1
but 1
but 1
but 1
but 1
but 1
but 1
but 1
but 1
but 1
but 1
but 1
but 1
but 1
but 1
but 1
but 1
but 1
but 1
but 1
but 1
but 1
but 1
but 1
but 1
but 1
but 1
but 1
but 1
but 1
but 1
but 1
but 1
but 1
but 1
but 1
but 1
buyin 1
buys 1
buys 1
buzzing 1
c 1
c 1
c 1
cabbage 1
cabbage 1
called 1
called 1
called 1
called 1
called 1
called 1
called 1
called 1
called 1
called 1
called 1
called 1
called 1
called 1
called 1
called 1
called 1
called 1
called 1
called 1
called 1
called 1
called 1
called 1
called 1
called 1
called 1
called 1
called 1
called 1
called 1
called 1
called 1
camels 1
camels 1
camels 1
capering 1
carts 1
cattle 1
cattle 1
cattle 1
cattle 1
cattle 1
cautious 1
center 1
center 1
center 1
certainer 1
chances 1
chances 1
charcoal 1
charts 1
chasing 1
chasing 1
cheap 1
cheap 1
cheeky 1
chillen 1
chillen 1
chillen 1
chilly 1
chips 1
choose 1
choose 1
choose 1
claimed 1
clapped 1
clapped 1
clapped 1
clapped 1
clapped 1
clapped 1
clasp 1
clasp 1
clawing 1
clay 1
clerk 1
clerk 1
climbing 1
closest 1
closest 1
closing 1
clumb 1
clumb 1
clumb 1
clumb 1
clumb 1
clumb 1
clumb 1
clumb 1
clumb 1
clumb 1
clumb 1
clumb 1
clumb 1
clumb 1
clumb 1
clumb 1
coax 1
collected 1
collected 1
comb 1
comb 1
comb 1
comb 1
comb 1
commence 1
commenced 1
company 1
company 1
company 1
company 1
company 1
company 1
company 1
complicated 1
compressed 1
computer 1
computer 1
condition 1
condition 1
condition 1
consider 1
consider 1
consider 1
considering 1
contributions 1
convention 1
cotton 1
cotton 1
cotton 1
couldn 1
couldn 1
couldn 1
couldn 1
couldn 1
couldn 1
couldn 1
couldn 1
couldn 1
couldn 1
couldn 1
couldn 1
couldn 1
couldn 1
couldn 1
couldn 1
couldn 1
couldn 1
couldn 1
couldn 1
couldn 1
couldn 1
couldn 1
couldn 1
couldn 1
couldn 1
couldn 1
couldn 1
couldn 1
couldn 1
couldn 1
couldn 1
couldn 1
couldn 1
couldn 1
couldn 1
couldn 1
couldn 1
couldn 1
couldn 1
couldn 1
couldn 1
couldn 1
couldn 1
couldn 1
couldn 1
couldn 1
couldn 1
couldn 1
couldn 1
couldn 1
couldn 1
couldn 1
couldn 1
couldn 1
couldn 1
couldn 1
couldn 1
couldn 1
couldn 1
couldn 1
couldn 1
couldn 1
couldn 1
couldn 1
couldn 1
couldn 1
couldn 1
couldn 1
couldn 1
couldn 1
couldn 1
couldn 1
couldn 1
couldn 1
couldn 1
couldn 1
couldn 1
couldn 1
couldn 1
couldn 1
couldn 1
couldn 1
couldn 1
couldn 1
couldn 1
couldn 1
couldn 1
couldn 1
couldn 1
couldn 1
couldn 1
couldn 1
couldn 1
couldn 1
couldn 1
couldn 1
couldn 1
couldn 1
couldn 1
couldn 1
couldn 1
couldn 1
couldn 1
couldn 1
couldn 1
couldn 1
couldn 1
couldn 1
couldn 1
couldn 1
couldn 1
couldn 1
couldn 1
couldn 1
couldn 1
couldn 1
couldn 1
couldn 1
couldn 1
couldn 1
couldn 1
couldn 1
couldn 1
couldn 1
couldn 1
couldn 1
couldn 1
couldn 1
couldn 1
couldn 1
couldn 1
couldn 1
couldn 1
couldn 1
couldn 1
couldn 1
couldn 1
couldn 1
couldn 1
couldn 1
couldn 1
couldn 1
couldn 1
couldn 1
couldn 1
couldn 1
couldn 1
couldn 1
couldn 1
couldn 1
couldn 1
couldn 1
couldn 1
couldn 1
couldn 1
couldn 1
couldn 1
couldn 1
couldn 1
couldn 1
couldn 1
couldn 1
couldn 1
couldn 1
couldn 1
couldn 1
couldn 1
couldn 1
couldn 1
couldn 1
couldn 1
couldn 1
couldn 1
couldn 1
couldn 1
couldn 1
couldn 1
couldn 1
couldn 1
couldn 1
couldn 1
couldn 1
couldn 1
couldn 1
couldn 1
couldn 1
couldn 1
couldn 1
couldn 1
couldn 1
couldn 1
couldn 1
couldn 1
couldn 1
couldn 1
couldn 1
couldn 1
couldn 1
couldn 1
couldn 1
couldn 1
couldn 1
couldn 1
couldn 1
couldn 1
couldn 1
couldn 1
couldn 1
couldn 1
couldn 1
couldn 1
couldn 1
couldn 1
couldn 1
couldn 1
couldn 1
couldn 1
couldn 1
couldn 1
couldn 1
couldn 1
couldn 1
couldn 1
court 1
court 1
court 1
court 1
court 1
cousin 1
cousin 1
cousin 1
cover 1
cover 1
cover 1
cover 1
covering 1
cow 1
cow 1
cow 1
cow 1
cow 1
cow 1
cow 1
cow 1
cow 1
cow 1
cow 1
crawl 1
crawl 1
crawl 1
credit 1
credit 1
credit 1
creep 1
cretur 1
cretur 1
cretur 1
cretur 1
crossings 1
cryin 1
current 1
current 1
current 1
current 1
current 1
current 1
current 1
current 1
current 1
current 1
current 1
current 1
current 1
current 1
current 1
current 1
current 1
current 1
current 1
current 1
current 1
current 1
curry 1
dab 1
dah 1
dah 1
dah 1
dah 1
dah 1
dah 1
dah 1
dah 1
dah 1
dah 1
dah 1
dah 1
dah 1
dah 1
dah 1
danced 1
danced 1
dart 1
deeper 1
deeper 1
depends 1
detective 1
devils 1
devils 1
devils 1
dialects 1
diamonds 1
difference 1
difference 1
difference 1
difference 1
difference 1
difference 1
difference 1
difference 1
difference 1
difference 1
difference 1
difference 1
difference 1
difference 1
difference 1
difference 1
difference 1
difference 1
difference 1
different 1
different 1
different 1
different 1
different 1
different 1
different 1
different 1
different 1
different 1
different 1
different 1
different 1
different 1
different 1
different 1
different 1
different 1
different 1
different 1
different 1
different 1
different 1
different 1
different 1
different 1
different 1
dingnation 1
discontinue 1
discovering 1
doctoring 1
doctoring 1
dodge 1
dodge 1
dodge 1
dodge 1
dodged 1
dodged 1
dodged 1
dodged 1
dodged 1
doggery 1
doggery 1
doggery 1
doorsteps 1
double 1
double 1
double 1
double 1
double 1
double 1
double 1
double 1
downhearted 1
dragging 1
dragging 1
dragging 1
drifting 1
drifting 1
drifting 1
drifting 1
drifting 1
drifting 1
duck 1
duck 1
dumped 1
dumped 1
dusty 1
dusty 1
eBooks 1
eBooks 1
eBooks 1
eBooks 1
eBooks 1
eBooks 1
eBooks 1
educated 1
elbow 1
elbow 1
elbow 1
elbow 1
elbow 1
en 1
en 1
en 1
en 1
en 1
en 1
en 1
en 1
en 1
en 1
en 1
en 1
en 1
en 1
en 1
en 1
en 1
en 1
en 1
en 1
en 1
en 1
en 1
en 1
en 1
en 1
en 1
en 1
en 1
en 1
en 1
en 1
en 1
en 1
en 1
en 1
en 1
en 1
en 1
en 1
en 1
en 1
en 1
en 1
en 1
en 1
en 1
en 1
en 1
en 1
en 1
en 1
en 1
en 1
en 1
en 1
en 1
en 1
en 1
en 1
en 1
en 1
en 1
en 1
en 1
en 1
en 1
en 1
en 1
en 1
en 1
en 1
en 1
en 1
en 1
en 1
en 1
en 1
en 1
en 1
en 1
en 1
en 1
en 1
en 1
en 1
en 1
en 1
en 1
en 1
en 1
en 1
en 1
en 1
en 1
en 1
en 1
en 1
en 1
en 1
en 1
en 1
en 1
en 1
en 1
en 1
en 1
en 1
en 1
en 1
en 1
en 1
en 1
en 1
en 1
en 1
en 1
en 1
en 1
en 1
en 1
en 1
en 1
en 1
en 1
en 1
en 1
en 1
en 1
en 1
en 1
en 1
en 1
en 1
en 1
en 1
en 1
en 1
en 1
en 1
en 1
en 1
en 1
en 1
en 1
en 1
en 1
en 1
en 1
en 1
en 1
en 1
en 1
en 1
en 1
en 1
en 1
en 1
en 1
en 1
en 1
en 1
en 1
en 1
en 1
en 1
en 1
en 1
en 1
en 1
en 1
en 1
en 1
en 1
en 1
en 1
en 1
en 1
en 1
en 1
en 1
en 1
en 1
en 1
en 1
en 1
en 1
en 1
en 1
en 1
en 1
en 1
en 1
en 1
en 1
en 1
en 1
en 1
en 1
en 1
en 1
en 1
en 1
en 1
en 1
en 1
en 1
en 1
en 1
en 1
en 1
en 1
en 1
en 1
en 1
en 1
en 1
en 1
en 1
en 1
en 1
end 1
end 1
end 1
end 1
end 1
end 1
end 1
end 1
end 1
end 1
end 1
end 1
end 1
end 1
end 1
end 1
end 1
end 1
end 1
end 1
end 1
end 1
end 1
end 1
end 1
end 1
end 1
end 1
end 1
end 1
end 1
end 1
end 1
enjoying 1
errors 1
escape 1
escape 1
evasion 1
evasion 1
evasion 1
evasion 1
everybody 1
everybody 1
everybody 1
everybody 1
everybody 1
everybody 1
everybody 1
everybody 1
everybody 1
everybody 1
everybody 1
everybody 1
everybody 1
everybody 1
everybody 1
everybody 1
everybody 1
everybody 1
everybody 1
everybody 1
everybody 1
everybody 1
everybody 1
everybody 1
everybody 1
everybody 1
everybody 1
everybody 1
everybody 1
everybody 1
everybody 1
everybody 1
everybody 1
everybody 1
everybody 1
everybody 1
everybody 1
everybody 1
everybody 1
everybody 1
everybody 1
everybody 1
everybody 1
everybody 1
everybody 1
everybody 1
everybody 1
everybody 1
everybody 1
everybody 1
everybody 1
everybody 1
everybody 1
everybody 1
everybody 1
everybody 1
everybody 1
everybody 1
everybody 1
everybody 1
everybody 1
everybody 1
everybody 1
everybody 1
everybody 1
everybody 1
everybody 1
everybody 1
everybody 1
everybody 1
everybody 1
everybody 1
everybody 1
everybody 1
everybody 1
everybody 1
everybody 1
everywheres 1
everywheres 1
everywheres 1
everywheres 1
everywheres 1
evidence 1
examine 1
expect 1
expect 1
expect 1
extremest 1
factry 1
factry 1
facts 1
facts 1
facts 1
facts 1
facts 1
failed 1
fairly 1
fairly 1
fairly 1
fairly 1
fairly 1
fairly 1
fairly 1
fairly 1
fairly 1
fairly 1
fairly 1
fairly 1
felons 1
fields 1
fields 1
fields 1
fields 1
fields 1
flathead 1
flighty 1
floated 1
floated 1
floated 1
floated 1
floated 1
floated 1
fo 1
fo 1
fo 1
fo 1
fo 1
fo 1
fo 1
fo 1
fo 1
fo 1
fo 1
fo 1
follow 1
follow 1
follow 1
follow 1
follow 1
follow 1
follow 1
follow 1
follow 1
footlights 1
footsteps 1
forms 1
foteen 1
frogs 1
frogs 1
ful 1
ful 1
furnish 1
furnish 1
furnish 1
fuss 1
fuss 1
fuss 1
fuss 1
future 1
future 1
future 1
gasp 1
gaze 1
generations 1
generations 1
gentle 1
gentle 1
gentle 1
gentle 1
gentle 1
gentle 1
gentle 1
gentle 1
ghost 1
ghost 1
gifts 1
gimme 1
gimme 1
gimme 1
gimme 1
gimme 1
girafft 1
glide 1
glide 1
glide 1
gloomy 1
glory 1
glory 1
glory 1
glory 1
glory 1
glory 1
grabbed 1
grabbed 1
grabbed 1
grabbed 1
grabbed 1
grabbed 1
grabbed 1
grabbed 1
grabbed 1
grabbed 1
grabbed 1
grabbed 1
grabbed 1
grabbed 1
grabbed 1
granny 1
granny 1
granny 1
granted 1
gray 1
gray 1
gray 1
gray 1
gray 1
gray 1
gray 1
gray 1
gray 1
gray 1
gray 1
gray 1
gray 1
gray 1
great 1
great 1
great 1
great 1
great 1
great 1
great 1
great 1
great 1
grounding 1
group 1
grow 1
grow 1
growling 1
gully 1
ha 1
ha 1
ha 1
half 1
half 1
half 1
half 1
half 1
half 1
half 1
half 1
half 1
half 1
half 1
half 1
half 1
half 1
half 1
half 1
half 1
half 1
half 1
half 1
half 1
half 1
half 1
half 1
half 1
half 1
half 1
half 1
half 1
half 1
half 1
half 1
half 1
half 1
half 1
half 1
half 1
half 1
half 1
half 1
half 1
half 1
half 1
half 1
half 1
half 1
half 1
half 1
half 1
half 1
half 1
half 1
half 1
half 1
half 1
half 1
half 1
half 1
half 1
half 1
half 1
half 1
half 1
half 1
half 1
half 1
half 1
half 1
half 1
half 1
half 1
half 1
half 1
half 1
half 1
half 1
half 1
half 1
half 1
half 1
handling 1
handling 1
happens 1
happens 1
harem 1
harem 1
harem 1
harem 1
harmless 1
harmless 1
hawed 1
heaven 1
heaven 1
heaven 1
hell 1
hell 1
hence 1
herself 1
herself 1
herself 1
herself 1
herself 1
herself 1
herself 1
herself 1
herself 1
herself 1
herself 1
herself 1
herself 1
herself 1
herself 1
herself 1
herself 1
herself 1
hid 1
hid 1
hid 1
hid 1
hid 1
hid 1
hid 1
hid 1
hid 1
hid 1
hid 1
hid 1
hid 1
hid 1
hid 1
hid 1
hid 1
hid 1
hid 1
hid 1
hid 1
hid 1
hid 1
hid 1
hid 1
hid 1
hid 1
hid 1
hid 1
hid 1
hid 1
hid 1
hid 1
hid 1
hid 1
hid 1
hid 1
hid 1
hid 1
hid 1
hifalut 1
hitched 1
hitched 1
hitched 1
hitched 1
hitched 1
hitched 1
hogs 1
hogs 1
hogs 1
hogs 1
hogs 1
hogs 1
hogs 1
hold 1
hold 1
hold 1
hold 1
hold 1
hold 1
hold 1
hold 1
hold 1
hold 1
hold 1
hold 1
hold 1
hold 1
hold 1
hold 1
hold 1
hold 1
hold 1
hold 1
hold 1
hold 1
hold 1
hold 1
hold 1
holes 1
holes 1
holes 1
holes 1
holes 1
holes 1
holes 1
holes 1
hollow 1
homesick 1
hoping 1
horn 1
horn 1
horn 1
horrible 1
horrible 1
hoss 1
hoss 1
hot 1
hot 1
hot 1
hot 1
hot 1
hot 1
hot 1
hot 1
hot 1
hot 1
hot 1
hot 1
hot 1
hot 1
hot 1
humor 1
hustle 1
idiotic 1
idiotic 1
idiotic 1
imagining 1
impostor 1
indicate 1
invalidity 1
invest 1
invest 1
invite 1
invited 1
invited 1
irons 1
islan 1
islan 1
islan 1
islan 1
islan 1
issue 1
it 1
it 1
it 1
it 1
it 1
it 1
it 1
it 1
it 1
it 1
it 1
it 1
it 1
it 1
it 1
it 1
it 1
it 1
it 1
it 1
it 1
it 1
it 1
it 1
it 1
it 1
it 1
it 1
it 1
it 1
it 1
it 1
it 1
it 1
it 1
it 1
it 1
it 1
it 1
it 1
it 1
it 1
it 1
it 1
it 1
it 1
it 1
it 1
it 1
it 1
it 1
it 1
it 1
it 1
it 1
it 1
it 1
it 1
it 1
it 1
it 1
it 1
it 1
it 1
it 1
it 1
it 1
it 1
it 1
it 1
it 1
it 1
it 1
it 1
it 1
it 1
it 1
it 1
it 1
it 1
it 1
it 1
it 1
it 1
it 1
it 1
it 1
it 1
it 1
it 1
it 1
it 1
it 1
it 1
it 1
it 1
it 1
it 1
it 1
it 1
it 1
it 1
it 1
it 1
it 1
it 1
it 1
it 1
it 1
it 1
it 1
it 1
it 1
it 1
it 1
it 1
it 1
it 1
it 1
it 1
it 1
it 1
it 1
it 1
it 1
it 1
it 1
it 1
it 1
it 1
it 1
it 1
it 1
it 1
it 1
it 1
it 1
it 1
it 1
it 1
it 1
it 1
it 1
it 1
it 1
it 1
it 1
it 1
it 1
it 1
it 1
it 1
it 1
it 1
it 1
it 1
it 1
it 1
it 1
it 1
it 1
it 1
it 1
it 1
it 1
it 1
it 1
it 1
it 1
it 1
it 1
it 1
it 1
it 1
it 1
it 1
it 1
it 1
it 1
it 1
it 1
it 1
it 1
it 1
it 1
it 1
it 1
it 1
it 1
it 1
it 1
it 1
it 1
it 1
it 1
it 1
it 1
it 1
it 1
it 1
it 1
it 1
it 1
it 1
it 1
it 1
it 1
it 1
it 1
it 1
it 1
it 1
it 1
it 1
it 1
it 1
it 1
it 1
it 1
it 1
it 1
it 1
it 1
it 1
it 1
it 1
it 1
it 1
it 1
it 1
it 1
it 1
it 1
it 1
it 1
it 1
it 1
it 1
it 1
it 1
it 1
it 1
it 1
it 1
it 1
it 1
it 1
it 1
it 1
it 1
it 1
it 1
it 1
it 1
it 1
it 1
it 1
it 1
it 1
it 1
it 1
it 1
it 1
it 1
it 1
it 1
it 1
it 1
it 1
it 1
it 1
it 1
it 1
it 1
it 1
it 1
it 1
it 1
it 1
it 1
it 1
it 1
it 1
it 1
it 1
it 1
it 1
it 1
it 1
it 1
it 1
it 1
it 1
it 1
it 1
it 1
it 1
it 1
it 1
it 1
it 1
it 1
it 1
it 1
it 1
it 1
it 1
it 1
it 1
it 1
it 1
it 1
it 1
it 1
it 1
it 1
it 1
it 1
it 1
it 1
it 1
it 1
it 1
it 1
it 1
it 1
it 1
it 1
it 1
it 1
it 1
it 1
it 1
it 1
it 1
it 1
it 1
it 1
it 1
it 1
it 1
it 1
it 1
it 1
it 1
it 1
it 1
it 1
it 1
it 1
it 1
it 1
it 1
it 1
it 1
it 1
it 1
it 1
it 1
it 1
it 1
it 1
it 1
it 1
it 1
it 1
it 1
it 1
it 1
it 1
it 1
it 1
it 1
it 1
it 1
it 1
it 1
it 1
it 1
it 1
it 1
it 1
it 1
it 1
it 1
it 1
it 1
it 1
it 1
it 1
it 1
it 1
it 1
it 1
it 1
it 1
it 1
it 1
it 1
it 1
it 1
it 1
it 1
it 1
it 1
it 1
it 1
it 1
it 1
it 1
it 1
it 1
it 1
it 1
it 1
it 1
it 1
it 1
it 1
it 1
it 1
it 1
it 1
it 1
it 1
it 1
it 1
it 1
it 1
it 1
it 1
it 1
it 1
it 1
it 1
it 1
it 1
it 1
it 1
it 1
it 1
it 1
it 1
it 1
it 1
it 1
it 1
it 1
it 1
it 1
it 1
it 1
it 1
it 1
it 1
it 1
it 1
it 1
it 1
it 1
it 1
it 1
it 1
it 1
it 1
it 1
it 1
it 1
it 1
it 1
it 1
it 1
it 1
it 1
it 1
it 1
it 1
it 1
it 1
it 1
it 1
it 1
it 1
it 1
it 1
it 1
it 1
it 1
it 1
it 1
it 1
it 1
it 1
it 1
it 1
it 1
it 1
it 1
it 1
it 1
it 1
it 1
it 1
it 1
it 1
it 1
it 1
it 1
it 1
it 1
it 1
it 1
it 1
it 1
it 1
it 1
it 1
it 1
it 1
it 1
it 1
it 1
it 1
it 1
it 1
it 1
it 1
it 1
it 1
it 1
it 1
it 1
it 1
it 1
it 1
it 1
it 1
it 1
it 1
it 1
it 1
it 1
it 1
it 1
it 1
it 1
it 1
it 1
it 1
it 1
it 1
it 1
it 1
it 1
it 1
it 1
it 1
it 1
it 1
it 1
it 1
it 1
it 1
it 1
it 1
it 1
it 1
it 1
it 1
it 1
it 1
it 1
it 1
it 1
it 1
it 1
it 1
it 1
it 1
it 1
it 1
it 1
it 1
it 1
it 1
it 1
it 1
it 1
it 1
it 1
it 1
it 1
it 1
it 1
it 1
it 1
it 1
it 1
it 1
it 1
it 1
it 1
it 1
it 1
it 1
it 1
it 1
it 1
it 1
it 1
it 1
it 1
it 1
it 1
it 1
it 1
it 1
it 1
it 1
it 1
it 1
it 1
it 1
it 1
it 1
it 1
it 1
it 1
it 1
it 1
it 1
it 1
it 1
it 1
it 1
it 1
it 1
it 1
it 1
it 1
it 1
it 1
it 1
it 1
it 1
it 1
it 1
it 1
it 1
it 1
it 1
it 1
it 1
it 1
it 1
it 1
it 1
it 1
it 1
it 1
it 1
it 1
it 1
it 1
it 1
it 1
it 1
it 1
it 1
it 1
it 1
it 1
it 1
it 1
it 1
it 1
it 1
it 1
it 1
it 1
it 1
it 1
it 1
it 1
it 1
it 1
it 1
it 1
it 1
it 1
it 1
it 1
it 1
it 1
it 1
it 1
it 1
it 1
it 1
it 1
it 1
it 1
it 1
it 1
it 1
it 1
it 1
it 1
it 1
it 1
it 1
it 1
it 1
it 1
it 1
it 1
it 1
it 1
it 1
it 1
it 1
it 1
it 1
it 1
it 1
it 1
it 1
it 1
it 1
it 1
it 1
it 1
it 1
it 1
it 1
it 1
it 1
it 1
it 1
it 1
it 1
it 1
it 1
it 1
it 1
it 1
it 1
it 1
it 1
it 1
it 1
it 1
it 1
it 1
it 1
it 1
it 1
it 1
it 1
it 1
it 1
it 1
it 1
it 1
it 1
it 1
it 1
it 1
it 1
it 1
it 1
it 1
it 1
it 1
it 1
it 1
it 1
it 1
it 1
it 1
it 1
it 1
it 1
it 1
it 1
it 1
it 1
it 1
it 1
it 1
it 1
it 1
it 1
it 1
it 1
it 1
it 1
it 1
it 1
it 1
it 1
it 1
it 1
it 1
it 1
it 1
it 1
it 1
it 1
it 1
it 1
it 1
it 1
it 1
it 1
it 1
it 1
it 1
it 1
it 1
it 1
it 1
it 1
it 1
it 1
it 1
it 1
it 1
it 1
it 1
it 1
it 1
it 1
it 1
it 1
it 1
it 1
it 1
it 1
it 1
it 1
it 1
it 1
it 1
it 1
it 1
it 1
it 1
it 1
it 1
it 1
it 1
it 1
it 1
it 1
it 1
it 1
it 1
it 1
it 1
it 1
it 1
it 1
it 1
it 1
it 1
it 1
it 1
it 1
it 1
it 1
it 1
it 1
it 1
it 1
it 1
it 1
it 1
it 1
it 1
it 1
it 1
it 1
it 1
it 1
it 1
it 1
it 1
it 1
it 1
it 1
it 1
it 1
it 1
it 1
it 1
it 1
it 1
it 1
it 1
it 1
it 1
it 1
it 1
it 1
it 1
it 1
it 1
it 1
it 1
it 1
it 1
it 1
it 1
it 1
it 1
it 1
it 1
it 1
it 1
it 1
it 1
it 1
it 1
it 1
it 1
it 1
it 1
it 1
it 1
it 1
it 1
it 1
it 1
it 1
it 1
it 1
it 1
it 1
it 1
it 1
it 1
it 1
it 1
it 1
it 1
it 1
it 1
it 1
it 1
it 1
it 1
it 1
it 1
it 1
it 1
it 1
it 1
it 1
it 1
it 1
it 1
it 1
it 1
it 1
it 1
it 1
it 1
it 1
it 1
it 1
it 1
it 1
it 1
it 1
it 1
it 1
it 1
it 1
it 1
it 1
it 1
it 1
it 1
it 1
it 1
it 1
it 1
it 1
it 1
it 1
it 1
it 1
it 1
it 1
it 1
it 1
it 1
it 1
it 1
it 1
it 1
it 1
it 1
it 1
it 1
it 1
it 1
it 1
it 1
it 1
it 1
it 1
it 1
it 1
it 1
it 1
it 1
it 1
it 1
it 1
it 1
it 1
it 1
it 1
it 1
it 1
it 1
it 1
it 1
it 1
it 1
it 1
it 1
it 1
it 1
it 1
it 1
it 1
it 1
it 1
it 1
it 1
it 1
it 1
it 1
it 1
it 1
it 1
it 1
it 1
it 1
it 1
it 1
it 1
it 1
it 1
it 1
it 1
it 1
it 1
it 1
it 1
it 1
it 1
it 1
it 1
it 1
it 1
it 1
it 1
it 1
it 1
it 1
it 1
it 1
it 1
it 1
it 1
it 1
it 1
it 1
it 1
it 1
it 1
it 1
it 1
it 1
it 1
it 1
it 1
it 1
it 1
it 1
it 1
it 1
it 1
it 1
it 1
it 1
it 1
it 1
it 1
it 1
it 1
it 1
it 1
it 1
it 1
it 1
it 1
it 1
it 1
it 1
it 1
it 1
it 1
it 1
it 1
it 1
it 1
it 1
it 1
it 1
it 1
it 1
it 1
it 1
it 1
it 1
it 1
it 1
it 1
it 1
it 1
it 1
it 1
it 1
it 1
it 1
it 1
it 1
it 1
it 1
it 1
it 1
it 1
it 1
it 1
it 1
it 1
it 1
it 1
it 1
it 1
it 1
it 1
it 1
it 1
it 1
it 1
it 1
it 1
it 1
it 1
it 1
it 1
it 1
it 1
it 1
it 1
it 1
it 1
it 1
it 1
it 1
it 1
it 1
it 1
it 1
it 1
it 1
it 1
it 1
it 1
it 1
it 1
it 1
it 1
it 1
it 1
it 1
it 1
it 1
it 1
it 1
it 1
it 1
it 1
it 1
it 1
it 1
it 1
it 1
it 1
it 1
it 1
it 1
it 1
it 1
it 1
it 1
it 1
it 1
it 1
it 1
it 1
it 1
it 1
it 1
it 1
it 1
it 1
it 1
it 1
it 1
it 1
it 1
it 1
it 1
it 1
it 1
it 1
it 1
it 1
it 1
it 1
it 1
it 1
it 1
it 1
it 1
it 1
it 1
it 1
it 1
it 1
it 1
it 1
it 1
it 1
it 1
it 1
it 1
it 1
it 1
it 1
it 1
it 1
it 1
it 1
it 1
it 1
it 1
it 1
it 1
it 1
it 1
it 1
it 1
it 1
it 1
it 1
it 1
it 1
it 1
it 1
it 1
it 1
it 1
it 1
it 1
it 1
it 1
it 1
it 1
it 1
it 1
it 1
it 1
it 1
it 1
it 1
it 1
it 1
it 1
it 1
it 1
it 1
it 1
it 1
it 1
it 1
it 1
it 1
it 1
it 1
it 1
it 1
it 1
it 1
it 1
it 1
it 1
it 1
it 1
it 1
it 1
it 1
it 1
it 1
it 1
it 1
it 1
it 1
it 1
it 1
it 1
it 1
it 1
it 1
it 1
it 1
it 1
it 1
it 1
it 1
it 1
it 1
it 1
it 1
it 1
it 1
it 1
it 1
it 1
it 1
it 1
it 1
it 1
it 1
it 1
it 1
it 1
it 1
it 1
it 1
it 1
it 1
it 1
it 1
it 1
it 1
it 1
it 1
it 1
it 1
it 1
it 1
it 1
it 1
it 1
it 1
it 1
it 1
it 1
it 1
it 1
it 1
it 1
it 1
it 1
it 1
it 1
it 1
it 1
it 1
it 1
it 1
it 1
it 1
it 1
it 1
it 1
it 1
it 1
it 1
it 1
it 1
it 1
it 1
it 1
it 1
it 1
it 1
it 1
it 1
it 1
it 1
it 1
it 1
it 1
it 1
it 1
it 1
it 1
it 1
it 1
it 1
it 1
it 1
it 1
it 1
it 1
it 1
it 1
it 1
it 1
it 1
it 1
it 1
it 1
it 1
it 1
it 1
it 1
it 1
it 1
it 1
it 1
it 1
it 1
it 1
it 1
it 1
it 1
it 1
it 1
it 1
it 1
it 1
it 1
it 1
it 1
it 1
it 1
it 1
it 1
it 1
it 1
it 1
it 1
it 1
it 1
it 1
it 1
it 1
it 1
it 1
it 1
it 1
it 1
it 1
it 1
it 1
it 1
it 1
it 1
it 1
it 1
it 1
it 1
it 1
it 1
it 1
it 1
it 1
it 1
it 1
it 1
it 1
it 1
it 1
it 1
it 1
it 1
it 1
it 1
it 1
it 1
it 1
it 1
it 1
it 1
it 1
it 1
it 1
it 1
it 1
it 1
it 1
it 1
it 1
it 1
it 1
it 1
it 1
it 1
it 1
it 1
it 1
it 1
it 1
it 1
it 1
it 1
it 1
it 1
it 1
it 1
it 1
it 1
it 1
it 1
it 1
it 1
it 1
it 1
it 1
it 1
it 1
it 1
it 1
it 1
it 1
it 1
it 1
it 1
it 1
it 1
it 1
it 1
it 1
it 1
it 1
it 1
it 1
it 1
it 1
it 1
it 1
it 1
it 1
it 1
it 1
it 1
it 1
it 1
it 1
it 1
it 1
it 1
it 1
it 1
it 1
it 1
it 1
it 1
it 1
it 1
it 1
it 1
it 1
it 1
it 1
it 1
it 1
it 1
it 1
it 1
it 1
it 1
it 1
it 1
it 1
it 1
it 1
it 1
it 1
it 1
it 1
it 1
it 1
it 1
it 1
it 1
it 1
it 1
it 1
it 1
it 1
it 1
it 1
it 1
it 1
it 1
it 1
it 1
it 1
it 1
it 1
it 1
it 1
it 1
it 1
it 1
it 1
it 1
it 1
it 1
it 1
it 1
it 1
it 1
it 1
it 1
it 1
it 1
it 1
it 1
it 1
it 1
it 1
it 1
it 1
it 1
it 1
it 1
it 1
it 1
it 1
it 1
it 1
it 1
it 1
it 1
it 1
it 1
it 1
it 1
it 1
it 1
it 1
it 1
it 1
it 1
it 1
it 1
it 1
it 1
it 1
it 1
it 1
it 1
it 1
it 1
it 1
it 1
it 1
it 1
it 1
it 1
it 1
it 1
it 1
it 1
it 1
it 1
it 1
it 1
it 1
it 1
it 1
it 1
it 1
it 1
it 1
it 1
it 1
it 1
it 1
it 1
it 1
it 1
it 1
it 1
it 1
it 1
it 1
it 1
it 1
it 1
it 1
it 1
it 1
it 1
it 1
it 1
it 1
it 1
it 1
it 1
it 1
it 1
it 1
it 1
it 1
it 1
it 1
it 1
it 1
it 1
it 1
it 1
it 1
it 1
it 1
it 1
it 1
it 1
it 1
it 1
it 1
it 1
it 1
it 1
it 1
it 1
it 1
it 1
it 1
it 1
it 1
it 1
it 1
it 1
it 1
it 1
it 1
it 1
it 1
it 1
it 1
it 1
it 1
it 1
it 1
it 1
it 1
it 1
it 1
it 1
it 1
it 1
it 1
it 1
it 1
it 1
it 1
it 1
it 1
it 1
it 1
it 1
it 1
it 1
it 1
it 1
it 1
it 1
it 1
it 1
it 1
it 1
it 1
it 1
it 1
it 1
it 1
it 1
it 1
it 1
it 1
it 1
it 1
it 1
it 1
it 1
it 1
it 1
it 1
it 1
it 1
it 1
it 1
it 1
it 1
it 1
it 1
it 1
it 1
it 1
it 1
it 1
it 1
it 1
it 1
it 1
it 1
it 1
it 1
it 1
it 1
it 1
it 1
it 1
it 1
it 1
it 1
it 1
it 1
it 1
it 1
it 1
it 1
it 1
it 1
it 1
it 1
it 1
it 1
it 1
it 1
it 1
it 1
it 1
it 1
it 1
it 1
it 1
it 1
it 1
it 1
it 1
it 1
it 1
it 1
it 1
it 1
it 1
it 1
it 1
it 1
it 1
it 1
it 1
it 1
it 1
it 1
it 1
it 1
it 1
it 1
it 1
it 1
it 1
it 1
it 1
it 1
it 1
it 1
it 1
it 1
it 1
it 1
it 1
it 1
it 1
it 1
it 1
it 1
it 1
it 1
it 1
it 1
it 1
it 1
it 1
it 1
it 1
it 1
it 1
it 1
it 1
it 1
it 1
it 1
it 1
it 1
it 1
it 1
it 1
it 1
it 1
it 1
it 1
it 1
it 1
it 1
it 1
it 1
it 1
it 1
it 1
it 1
it 1
it 1
it 1
it 1
it 1
it 1
it 1
it 1
it 1
it 1
it 1
it 1
it 1
it 1
it 1
it 1
it 1
it 1
it 1
it 1
it 1
it 1
it 1
it 1
it 1
it 1
it 1
it 1
it 1
it 1
it 1
it 1
it 1
it 1
it 1
it 1
it 1
it 1
it 1
it 1
it 1
it 1
it 1
it 1
it 1
it 1
it 1
it 1
it 1
it 1
it 1
it 1
it 1
it 1
it 1
it 1
it 1
it 1
it 1
it 1
it 1
it 1
it 1
it 1
it 1
it 1
it 1
it 1
it 1
it 1
it 1
it 1
it 1
it 1
it 1
it 1
it 1
it 1
it 1
it 1
it 1
it 1
it 1
it 1
it 1
it 1
it 1
it 1
it 1
it 1
it 1
it 1
it 1
it 1
it 1
it 1
it 1
it 1
it 1
it 1
it 1
it 1
it 1
it 1
it 1
it 1
it 1
it 1
it 1
it 1
it 1
it 1
it 1
it 1
it 1
it 1
it 1
it 1
it 1
it 1
it 1
it 1
it 1
it 1
it 1
it 1
it 1
it 1
it 1
it 1
it 1
it 1
it 1
it 1
it 1
it 1
it 1
it 1
it 1
it 1
it 1
it 1
it 1
it 1
it 1
it 1
it 1
it 1
it 1
it 1
it 1
it 1
it 1
it 1
it 1
it 1
it 1
it 1
it 1
it 1
it 1
it 1
it 1
it 1
it 1
it 1
it 1
it 1
it 1
it 1
it 1
it 1
it 1
it 1
it 1
it 1
it 1
it 1
it 1
it 1
it 1
it 1
it 1
it 1
it 1
it 1
it 1
it 1
it 1
it 1
it 1
it 1
it 1
it 1
it 1
it 1
it 1
it 1
it 1
it 1
it 1
it 1
it 1
it 1
it 1
it 1
it 1
it 1
it 1
it 1
it 1
it 1
it 1
it 1
it 1
it 1
it 1
it 1
it 1
it 1
it 1
it 1
it 1
it 1
it 1
it 1
it 1
it 1
it 1
it 1
it 1
it 1
it 1
it 1
it 1
it 1
it 1
it 1
it 1
it 1
it 1
it 1
it 1
it 1
it 1
it 1
it 1
it 1
it 1
it 1
it 1
it 1
it 1
it 1
it 1
it 1
it 1
it 1
it 1
it 1
it 1
it 1
it 1
it 1
it 1
it 1
it 1
it 1
it 1
it 1
it 1
it 1
it 1
it 1
it 1
it 1
it 1
it 1
it 1
it 1
it 1
it 1
it 1
it 1
it 1
it 1
it 1
it 1
it 1
it 1
it 1
it 1
it 1
it 1
it 1
it 1
it 1
it 1
it 1
it 1
it 1
it 1
it 1
it 1
it 1
it 1
it 1
it 1
it 1
it 1
it 1
it 1
it 1
it 1
it 1
it 1
it 1
it 1
it 1
it 1
it 1
it 1
it 1
it 1
it 1
it 1
it 1
it 1
it 1
it 1
it 1
it 1
it 1
it 1
it 1
it 1
it 1
it 1
it 1
it 1
it 1
it 1
it 1
it 1
it 1
it 1
it 1
it 1
it 1
it 1
it 1
it 1
it 1
it 1
it 1
it 1
it 1
it 1
it 1
it 1
it 1
it 1
it 1
it 1
it 1
it 1
it 1
it 1
it 1
it 1
it 1
it 1
it 1
it 1
it 1
it 1
it 1
it 1
jake 1
jeesum 1
jerked 1
jerked 1
jerked 1
jingle 1
journal 1
journal 1
journal 1
journal 1
killin 1
killin 1
killin 1
killin 1
kinder 1
kinder 1
kinder 1
kinder 1
kinder 1
kinder 1
kinder 1
kinder 1
kinder 1
kinder 1
kinder 1
kinder 1
kiner 1
kiner 1
kinfolks 1
king 1
king 1
king 1
king 1
king 1
king 1
king 1
king 1
king 1
king 1
king 1
king 1
king 1
king 1
king 1
king 1
king 1
king 1
king 1
king 1
king 1
king 1
king 1
king 1
king 1
king 1
king 1
king 1
king 1
king 1
king 1
king 1
king 1
king 1
king 1
king 1
king 1
king 1
king 1
king 1
king 1
king 1
king 1
king 1
king 1
king 1
king 1
king 1
king 1
king 1
king 1
king 1
king 1
king 1
king 1
king 1
king 1
king 1
king 1
king 1
king 1
king 1
king 1
king 1
king 1
king 1
king 1
king 1
king 1
king 1
king 1
king 1
king 1
king 1
king 1
king 1
king 1
king 1
king 1
king 1
king 1
king 1
king 1
king 1
king 1
king 1
king 1
king 1
king 1
king 1
king 1
king 1
king 1
king 1
king 1
king 1
king 1
king 1
king 1
king 1
king 1
king 1
king 1
king 1
king 1
king 1
king 1
king 1
king 1
king 1
king 1
king 1
king 1
king 1
king 1
king 1
king 1
king 1
king 1
king 1
king 1
king 1
king 1
king 1
king 1
king 1
king 1
king 1
king 1
king 1
king 1
king 1
king 1
king 1
king 1
king 1
king 1
king 1
king 1
king 1
king 1
king 1
king 1
king 1
king 1
king 1
king 1
king 1
king 1
king 1
king 1
king 1
kingdom 1
kissed 1
kissed 1
kissed 1
kissed 1
kissed 1
kissed 1
kissed 1
kissed 1
knew 1
knew 1
labboard 1
labboard 1
laughing 1
laughing 1
laughing 1
laughing 1
laughing 1
laughing 1
laughing 1
laughing 1
laughing 1
layin 1
le 1
le 1
le 1
le 1
le 1
le 1
le 1
left 1
left 1
left 1
left 1
left 1
left 1
left 1
left 1
left 1
left 1
left 1
left 1
left 1
left 1
left 1
left 1
left 1
left 1
left 1
left 1
left 1
left 1
left 1
left 1
left 1
left 1
left 1
left 1
left 1
left 1
left 1
left 1
left 1
left 1
left 1
left 1
left 1
left 1
left 1
left 1
left 1
left 1
left 1
left 1
left 1
left 1
left 1
left 1
left 1
left 1
left 1
left 1
left 1
left 1
left 1
left 1
left 1
left 1
left 1
left 1
left 1
left 1
left 1
left 1
left 1
left 1
let 1
let 1
let 1
let 1
let 1
let 1
let 1
let 1
let 1
let 1
let 1
let 1
let 1
let 1
let 1
let 1
let 1
let 1
let 1
let 1
let 1
let 1
let 1
let 1
let 1
let 1
let 1
let 1
let 1
let 1
let 1
let 1
let 1
let 1
let 1
let 1
let 1
let 1
let 1
let 1
let 1
let 1
let 1
let 1
let 1
let 1
let 1
let 1
let 1
let 1
let 1
let 1
let 1
let 1
let 1
let 1
let 1
let 1
let 1
let 1
let 1
let 1
let 1
let 1
let 1
let 1
let 1
let 1
let 1
let 1
let 1
let 1
let 1
let 1
let 1
let 1
let 1
let 1
let 1
let 1
let 1
let 1
let 1
let 1
let 1
let 1
let 1
let 1
let 1
let 1
let 1
let 1
let 1
let 1
let 1
let 1
let 1
let 1
let 1
let 1
let 1
let 1
let 1
let 1
let 1
let 1
let 1
let 1
let 1
let 1
let 1
let 1
let 1
let 1
let 1
let 1
let 1
let 1
let 1
let 1
let 1
let 1
let 1
let 1
let 1
let 1
let 1
let 1
let 1
let 1
let 1
let 1
let 1
let 1
let 1
let 1
let 1
let 1
let 1
let 1
let 1
let 1
let 1
let 1
let 1
let 1
let 1
let 1
let 1
let 1
let 1
let 1
lick 1
lick 1
lick 1
lick 1
lick 1
licking 1
lieve 1
lieve 1
lieve 1
lieve 1
lieve 1
lieve 1
lieve 1
lights 1
lights 1
lights 1
lights 1
lights 1
lights 1
lights 1
lights 1
lights 1
lights 1
lights 1
likelier 1
limbs 1
limbs 1
lineal 1
lingo 1
linked 1
lit 1
lit 1
lit 1
lit 1
lit 1
lit 1
lit 1
lit 1
lit 1
lit 1
lit 1
lit 1
lit 1
lit 1
lit 1
lit 1
lit 1
lit 1
lit 1
lit 1
lit 1
lit 1
lit 1
lit 1
lit 1
lit 1
lit 1
lit 1
lit 1
lit 1
lit 1
lo 1
lo 1
lo 1
lock 1
lock 1
lock 1
lock 1
lock 1
lock 1
lock 1
lookout 1
lookout 1
lookout 1
lookout 1
lookout 1
lookout 1
lookout 1
lowering 1
luckier 1
made 1
made 1
made 1
made 1
made 1
made 1
made 1
made 1
made 1
made 1
made 1
made 1
made 1
made 1
made 1
made 1
made 1
made 1
made 1
made 1
made 1
made 1
made 1
made 1
made 1
made 1
made 1
made 1
made 1
made 1
made 1
made 1
made 1
made 1
made 1
made 1
made 1
made 1
made 1
made 1
made 1
made 1
made 1
made 1
made 1
made 1
made 1
made 1
made 1
made 1
made 1
made 1
made 1
made 1
made 1
made 1
made 1
made 1
made 1
made 1
made 1
made 1
made 1
made 1
made 1
made 1
made 1
made 1
made 1
made 1
made 1
made 1
made 1
made 1
made 1
made 1
made 1
made 1
made 1
made 1
made 1
made 1
made 1
made 1
made 1
made 1
made 1
made 1
made 1
made 1
made 1
made 1
made 1
made 1
made 1
made 1
made 1
made 1
made 1
made 1
made 1
made 1
made 1
made 1
made 1
made 1
made 1
made 1
made 1
made 1
made 1
made 1
made 1
made 1
made 1
made 1
made 1
made 1
made 1
made 1
made 1
made 1
made 1
made 1
made 1
made 1
made 1
made 1
made 1
made 1
made 1
made 1
made 1
made 1
made 1
made 1
made 1
made 1
made 1
made 1
made 1
made 1
made 1
made 1
made 1
made 1
made 1
made 1
made 1
made 1
made 1
made 1
made 1
made 1
made 1
made 1
made 1
made 1
made 1
made 1
made 1
made 1
made 1
made 1
made 1
made 1
made 1
made 1
made 1
made 1
made 1
made 1
made 1
made 1
made 1
maid 1
majesty 1
majesty 1
majesty 1
majesty 1
majesty 1
majesty 1
majesty 1
majesty 1
makes 1
makes 1
makes 1
makes 1
makes 1
makes 1
makes 1
makes 1
makes 1
makes 1
makes 1
makes 1
makes 1
makes 1
makes 1
makes 1
makes 1
makes 1
makes 1
makes 1
makes 1
makes 1
makes 1
makes 1
makes 1
makes 1
makes 1
makes 1
makes 1
makes 1
makes 1
mantelpiece 1
marching 1
match 1
match 1
match 1
mayn 1
mayn 1
mayn 1
mayn 1
mayn 1
meal 1
meal 1
meal 1
meal 1
meal 1
meal 1
meal 1
meal 1
meddle 1
meddle 1
meddlesome 1
merchants 1
middlin 1
minds 1
minds 1
moan 1
moan 1
moan 1
moat 1
moat 1
moat 1
months 1
months 1
months 1
months 1
months 1
months 1
months 1
months 1
months 1
months 1
months 1
months 1
mosey 1
mosey 1
motioned 1
motioned 1
motioned 1
mourners 1
mourners 1
mourners 1
mourners 1
mullet 1
murder 1
murder 1
murder 1
murder 1
murder 1
mustn 1
mustn 1
mustn 1
mustn 1
mustn 1
mustn 1
mustn 1
naked 1
naked 1
naked 1
nap 1
nap 1
nap 1
nap 1
nap 1
nap 1
neater 1
neighbors 1
neighbors 1
neighbors 1
neighbors 1
newsletter 1
nice 1
nice 1
nice 1
nice 1
nice 1
nice 1
nice 1
nice 1
nice 1
nice 1
nice 1
nice 1
nice 1
nice 1
nice 1
nice 1
nice 1
nice 1
nice 1
nice 1
nip 1
nly 1
nly 1
nly 1
noises 1
north 1
north 1
noticing 1
noticing 1
nurse 1
oak 1
oak 1
obsolete 1
odd 1
odd 1
once 1
once 1
once 1
once 1
once 1
once 1
once 1
once 1
once 1
once 1
once 1
once 1
once 1
once 1
once 1
once 1
once 1
once 1
once 1
once 1
once 1
once 1
onkores 1
onreasonable 1
oranges 1
ordered 1
ordered 1
orders 1
orders 1
orders 1
oughtn 1
oughtn 1
outfit 1
outfit 1
outfit 1
outfit 1
painful 1
palavering 1
paleness 1
partickler 1
passing 1
passing 1
passing 1
passing 1
passing 1
passing 1
path 1
path 1
path 1
path 1
path 1
path 1
path 1
path 1
patience 1
patience 1
patience 1
payments 1
payments 1
payments 1
peaches 1
pecking 1
pecking 1
performances 1
periodic 1
person 1
person 1
person 1
person 1
person 1
person 1
person 1
person 1
person 1
person 1
person 1
person 1
person 1
person 1
person 1
person 1
person 1
person 1
person 1
person 1
person 1
person 1
person 1
person 1
person 1
person 1
person 1
person 1
pigs 1
pigs 1
pin 1
pin 1
pin 1
pin 1
pison 1
pison 1
pison 1
pison 1
pitiful 1
pitiful 1
plan 1
plan 1
plan 1
plan 1
plan 1
plan 1
plan 1
plan 1
plan 1
plan 1
plan 1
plan 1
plan 1
plan 1
plan 1
plan 1
plan 1
plan 1
plan 1
plan 1
plan 1
plan 1
planks 1
planks 1
planks 1
planks 1
plates 1
plates 1
plates 1
plates 1
plates 1
plates 1
plates 1
plates 1
plates 1
played 1
played 1
played 1
played 1
played 1
played 1
played 1
played 1
played 1
played 1
played 1
played 1
played 1
played 1
played 1
played 1
pleasing 1
pleasing 1
pluck 1
points 1
poles 1
popular 1
possessed 1
possessed 1
posts 1
pounds 1
preach 1
preach 1
preach 1
premature 1
pressing 1
pressing 1
presume 1
presume 1
price 1
price 1
price 1
price 1
prime 1
prime 1
prime 1
prime 1
prime 1
prison 1
prison 1
prison 1
prison 1
prisoners 1
prisoners 1
prisoners 1
prisoners 1
prisoners 1
prisoners 1
prisoners 1
project 1
pronounced 1
provided 1
provided 1
provided 1
prowled 1
public 1
public 1
public 1
public 1
public 1
public 1
public 1
public 1
public 1
public 1
public 1
public 1
purse 1
put 1
put 1
put 1
put 1
put 1
put 1
put 1
put 1
put 1
put 1
put 1
put 1
put 1
put 1
put 1
put 1
put 1
put 1
put 1
put 1
put 1
put 1
put 1
put 1
put 1
put 1
put 1
put 1
put 1
put 1
put 1
put 1
put 1
put 1
put 1
put 1
put 1
put 1
put 1
put 1
put 1
put 1
put 1
put 1
put 1
put 1
put 1
put 1
put 1
put 1
put 1
put 1
put 1
put 1
put 1
put 1
put 1
put 1
put 1
put 1
put 1
put 1
put 1
put 1
put 1
put 1
put 1
put 1
put 1
put 1
put 1
put 1
put 1
put 1
put 1
put 1
put 1
put 1
put 1
put 1
put 1
put 1
put 1
put 1
put 1
put 1
put 1
put 1
put 1
put 1
put 1
put 1
put 1
put 1
put 1
put 1
put 1
put 1
put 1
put 1
put 1
put 1
put 1
put 1
put 1
put 1
put 1
put 1
put 1
put 1
put 1
put 1
put 1
put 1
put 1
put 1
put 1
put 1
put 1
put 1
put 1
put 1
put 1
put 1
put 1
put 1
put 1
put 1
put 1
put 1
put 1
put 1
put 1
put 1
queens 1
quieter 1
quill 1
quit 1
quit 1
quit 1
quit 1
quit 1
quit 1
quit 1
quit 1
quit 1
quit 1
quit 1
quit 1
quit 1
quit 1
quit 1
rabbits 1
rails 1
rattles 1
rattlesnakes 1
rattlesnakes 1
razberries 1
reasons 1
reasons 1
reasons 1
reck 1
reck 1
reck 1
reck 1
reck 1
reck 1
reck 1
reck 1
reck 1
reck 1
reck 1
reck 1
reck 1
reck 1
reck 1
reck 1
reck 1
reck 1
reck 1
reck 1
redistribution 1
reefs 1
reefs 1
regard 1
remiss 1
require 1
require 1
required 1
returns 1
returns 1
rhyme 1
rhyme 1
ridicklous 1
righted 1
rightness 1
room 1
room 1
room 1
room 1
room 1
room 1
room 1
room 1
room 1
room 1
room 1
room 1
room 1
room 1
room 1
room 1
room 1
room 1
room 1
room 1
room 1
room 1
room 1
room 1
room 1
room 1
room 1
room 1
room 1
room 1
room 1
room 1
room 1
room 1
room 1
room 1
room 1
room 1
room 1
room 1
room 1
room 1
room 1
room 1
room 1
room 1
room 1
room 1
room 1
room 1
room 1
room 1
room 1
room 1
room 1
room 1
rouses 1
ruffles 1
rummaging 1
runaway 1
runaway 1
runaway 1
runaway 1
runaway 1
runaway 1
runaway 1
runaway 1
runaway 1
runaway 1
runaway 1
runaway 1
runaway 1
runaway 1
runaway 1
runaway 1
runaway 1
runaway 1
runaway 1
runaway 1
runaway 1
runaway 1
runaway 1
runaway 1
runaway 1
runaway 1
runaway 1
runaway 1
running 1
running 1
running 1
running 1
running 1
running 1
running 1
running 1
running 1
running 1
running 1
running 1
running 1
running 1
running 1
running 1
running 1
running 1
running 1
running 1
running 1
running 1
rustle 1
rustle 1
rustled 1
saddle 1
saddle 1
saddle 1
saddle 1
saddle 1
saddle 1
saddle 1
sadful 1
safe 1
safe 1
safe 1
safe 1
safe 1
safe 1
safe 1
safe 1
safe 1
safe 1
safe 1
safe 1
safe 1
safe 1
safe 1
safe 1
safe 1
safe 1
safe 1
safe 1
safe 1
safe 1
safe 1
safe 1
safe 1
safe 1
safe 1
safe 1
sale 1
sale 1
sale 1
sale 1
sale 1
saplings 1
saying 1
saying 1
saying 1
saying 1
saying 1
saying 1
saying 1
saying 1
saying 1
saying 1
saying 1
saying 1
saying 1
saying 1
saying 1
saying 1
saying 1
saying 1
saying 1
saying 1
saying 1
saying 1
saying 1
saying 1
saying 1
saying 1
saying 1
saying 1
saying 1
saying 1
saying 1
saying 1
saying 1
saying 1
saying 1
saying 1
saying 1
saying 1
saying 1
saying 1
saying 1
saying 1
saying 1
saying 1
saying 1
saying 1
saying 1
saying 1
saying 1
saying 1
saying 1
saying 1
saying 1
scattered 1
scattered 1
scattered 1
scattered 1
scattered 1
scenes 1
scoundrel 1
scoundrel 1
scramble 1
scrap 1
scrap 1
scrap 1
screwed 1
scrubbing 1
seat 1
seat 1
seat 1
seeing 1
seeing 1
seeing 1
seeing 1
seeing 1
seeing 1
seeing 1
seeing 1
seeing 1
seeing 1
seems 1
sends 1
serve 1
serve 1
settled 1
settled 1
settled 1
settled 1
seven 1
seven 1
seven 1
seven 1
seven 1
seven 1
seven 1
seven 1
seven 1
seven 1
seven 1
seven 1
seven 1
seven 1
seven 1
seven 1
seven 1
seven 1
seven 1
seven 1
shabby 1
shaded 1
shady 1
share 1
share 1
share 1
share 1
shinned 1
shins 1
shiver 1
shiver 1
shiver 1
shiver 1
shocked 1
shoot 1
shoot 1
shoot 1
shoot 1
should 1
should 1
should 1
should 1
should 1
should 1
should 1
shouting 1
shouting 1
shouting 1
shouting 1
shouting 1
shouting 1
shouting 1
shouting 1
shovel 1
shovel 1
shovel 1
shovel 1
shucks 1
shucks 1
shucks 1
shucks 1
shucks 1
shucks 1
shucks 1
shucks 1
sickly 1
sickly 1
sigh 1
sigh 1
sigh 1
singing 1
singing 1
singing 1
singing 1
singing 1
singing 1
singing 1
sinking 1
skinning 1
slabs 1
slabs 1
slam 1
slam 1
slam 1
sleeves 1
sline 1
slipped 1
slipped 1
slipped 1
slipped 1
slipped 1
slipped 1
slipped 1
slipped 1
slipped 1
slipped 1
slipped 1
slipped 1
slipped 1
slipped 1
slipped 1
slipped 1
slipped 1
slipped 1
slipped 1
smack 1
smell 1
smell 1
smell 1
smoothed 1
smouch 1
smouch 1
smouch 1
smouch 1
snag 1
snag 1
snag 1
snag 1
snag 1
snag 1
sneaky 1
snow 1
snow 1
snow 1
soaked 1
soap 1
soap 1
soap 1
softy 1
solution 1
som 1
som 1
som 1
som 1
sons 1
sons 1
soul 1
soul 1
soul 1
soul 1
soul 1
sour 1
sour 1
sour 1
south 1
south 1
south 1
speckled 1
speckled 1
speculation 1
splendidest 1
spute 1
spute 1
spute 1
squirm 1
stanchion 1
stannin 1
stannin 1
stannin 1
stannin 1
starter 1
starts 1
state 1
state 1
state 1
state 1
state 1
state 1
state 1
state 1
state 1
state 1
state 1
staying 1
stead 1
stead 1
stead 1
stead 1
stead 1
stead 1
stead 1
stead 1
stead 1
stead 1
stealing 1
stealing 1
stealing 1
stealing 1
stealing 1
steamboats 1
steamboats 1
steamboats 1
steamboats 1
stirred 1
stirred 1
stirred 1
stirred 1
stirred 1
stirred 1
stirred 1
stockings 1
stool 1
stoop 1
strain 1
strain 1
strain 1
street 1
street 1
street 1
street 1
street 1
street 1
street 1
street 1
street 1
street 1
stretching 1
stretching 1
strong 1
strong 1
strong 1
strong 1
struggled 1
stuffed 1
stuffed 1
sublime 1
sublime 1
sublime 1
sunshiny 1
supper 1
supper 1
supper 1
supper 1
supper 1
supper 1
supper 1
supper 1
supper 1
supper 1
supper 1
supper 1
supper 1
supper 1
supper 1
supper 1
supper 1
supper 1
supper 1
supper 1
supper 1
supper 1
supper 1
supper 1
supper 1
swap 1
swap 1
sweated 1
sweated 1
sympathy 1
sympathy 1
sympathy 1
tails 1
tails 1
tails 1
tallow 1
tallow 1
tallow 1
tame 1
tame 1
tame 1
tangled 1
tangled 1
tangled 1
taxes 1
tearful 1
ten 1
ten 1
ten 1
ten 1
ten 1
ten 1
ten 1
ten 1
ten 1
ten 1
ten 1
ten 1
ten 1
ten 1
ten 1
ten 1
ten 1
ten 1
ten 1
ten 1
ten 1
ten 1
ten 1
ten 1
ten 1
ten 1
ten 1
ten 1
ten 1
ten 1
ten 1
ten 1
ten 1
ten 1
ten 1
ten 1
ten 1
ten 1
ten 1
ten 1
ten 1
ten 1
ten 1
ten 1
ten 1
tent 1
tent 1
tent 1
thankful 1
thankful 1
thankful 1
thankful 1
thanks 1
thanks 1
thanks 1
thanks 1
thanks 1
ther 1
ther 1
ther 1
ther 1
ther 1
ther 1
ther 1
ther 1
ther 1
ther 1
ther 1
ther 1
ther 1
ther 1
ther 1
thickened 1
thinnest 1
thinnest 1
thinnest 1
those 1
thrashed 1
thrashed 1
through 1
through 1
through 1
through 1
through 1
through 1
through 1
through 1
through 1
through 1
through 1
through 1
through 1
through 1
through 1
through 1
through 1
through 1
through 1
through 1
through 1
through 1
through 1
through 1
through 1
through 1
through 1
through 1
through 1
through 1
through 1
through 1
through 1
through 1
through 1
through 1
through 1
through 1
through 1
through 1
through 1
through 1
through 1
through 1
through 1
through 1
through 1
through 1
through 1
through 1
through 1
through 1
through 1
through 1
through 1
through 1
through 1
through 1
through 1
through 1
through 1
through 1
through 1
through 1
through 1
through 1
through 1
through 1
through 1
through 1
through 1
through 1
through 1
through 1
through 1
through 1
through 1
through 1
through 1
through 1
through 1
through 1
through 1
through 1
through 1
through 1
throws 1
throws 1
throws 1
throws 1
tighter 1
tin 1
tin 1
tin 1
tin 1
tin 1
tin 1
tin 1
tin 1
tin 1
tin 1
tin 1
tin 1
tin 1
tin 1
tin 1
tin 1
tin 1
tin 1
tin 1
tin 1
tin 1
tin 1
tin 1
tin 1
tin 1
tin 1
titles 1
ton 1
tools 1
tools 1
top 1
top 1
top 1
top 1
top 1
top 1
top 1
top 1
top 1
top 1
top 1
top 1
top 1
top 1
top 1
top 1
top 1
top 1
top 1
touch 1
touch 1
touch 1
touch 1
touch 1
touch 1
touch 1
touch 1
touch 1
touch 1
touching 1
touching 1
towheads 1
towheads 1
towheads 1
towns 1
towns 1
towns 1
trapse 1
treats 1
trembled 1
trick 1
trick 1
trip 1
trip 1
trip 1
trip 1
trip 1
trustworthy 1
truth 1
truth 1
truth 1
truth 1
truth 1
truth 1
truth 1
truth 1
truth 1
truth 1
truth 1
truth 1
trying 1
trying 1
trying 1
trying 1
trying 1
trying 1
trying 1
trying 1
trying 1
trying 1
trying 1
trying 1
trying 1
trying 1
trying 1
trying 1
trying 1
trying 1
trying 1
trying 1
trying 1
trying 1
trying 1
trying 1
trying 1
trying 1
trying 1
trying 1
trying 1
trying 1
trying 1
trying 1
trying 1
trying 1
tub 1
tub 1
tub 1
tumble 1
tumble 1
twas 1
twas 1
twas 1
twas 1
twas 1
twas 1
underside 1
unexpected 1
unfavorable 1
unfurled 1
unlikely 1
unlocked 1
unlocked 1
valley 1
valley 1
vaults 1
victuals 1
vines 1
vines 1
vines 1
vines 1
vines 1
vines 1
vines 1
virus 1
visiting 1
visiting 1
voices 1
voices 1
voices 1
voices 1
wages 1
wagged 1
walk 1
walk 1
walk 1
walk 1
walk 1
walk 1
walk 1
walk 1
walk 1
walk 1
walk 1
walk 1
walk 1
walk 1
walk 1
ware 1
wars 1
waseful 1
wash 1
wash 1
wash 1
wash 1
wash 1
wash 1
wash 1
wash 1
wash 1
washes 1
watermelons 1
watermelons 1
weaken 1
whale 1
whereas 1
which 1
which 1
which 1
which 1
which 1
which 1
which 1
which 1
which 1
which 1
which 1
which 1
which 1
which 1
which 1
which 1
which 1
which 1
which 1
which 1
which 1
which 1
which 1
which 1
which 1
which 1
which 1
which 1
which 1
which 1
which 1
which 1
which 1
which 1
which 1
which 1
which 1
which 1
which 1
which 1
which 1
which 1
which 1
which 1
which 1
which 1
which 1
which 1
which 1
which 1
which 1
which 1
which 1
which 1
which 1
which 1
which 1
which 1
which 1
which 1
which 1
which 1
which 1
which 1
which 1
which 1
which 1
which 1
which 1
which 1
which 1
which 1
which 1
which 1
which 1
which 1
which 1
which 1
which 1
which 1
which 1
which 1
which 1
which 1
which 1
which 1
which 1
which 1
which 1
which 1
which 1
which 1
which 1
which 1
which 1
which 1
which 1
which 1
which 1
which 1
which 1
which 1
which 1
which 1
which 1
which 1
which 1
which 1
which 1
which 1
which 1
which 1
which 1
which 1
which 1
which 1
whirls 1
whirls 1
whirls 1
white 1
white 1
white 1
white 1
white 1
white 1
white 1
white 1
white 1
white 1
white 1
white 1
white 1
white 1
white 1
white 1
white 1
white 1
white 1
white 1
white 1
white 1
white 1
white 1
white 1
white 1
white 1
white 1
white 1
white 1
white 1
white 1
white 1
white 1
white 1
white 1
white 1
white 1
white 1
white 1
white 1
white 1
white 1
white 1
whitewashed 1
whitewashed 1
whitewashed 1
whizzed 1
whizzed 1
wildcats 1
willows 1
willows 1
willows 1
willows 1
willows 1
willows 1
willows 1
willows 1
wilted 1
winds 1
winner 1
winter 1
winter 1
wiped 1
wiped 1
wises 1
wish 1
wish 1
wish 1
wish 1
wish 1
wish 1
wish 1
wish 1
wish 1
wish 1
wish 1
wish 1
wish 1
wish 1
wish 1
wish 1
wish 1
wish 1
wish 1
wish 1
wish 1
wish 1
wish 1
wish 1
wish 1
wish 1
wish 1
wish 1
wish 1
wish 1
witch 1
witch 1
witch 1
witch 1
witch 1
witchcraft 1
wore 1
wore 1
wore 1
wore 1
wore 1
wore 1
wore 1
wore 1
wore 1
worsened 1
wouldn 1
wouldn 1
wouldn 1
wouldn 1
wouldn 1
wouldn 1
wouldn 1
wouldn 1
wouldn 1
wouldn 1
wouldn 1
wouldn 1
wouldn 1
wouldn 1
wouldn 1
wouldn 1
wouldn 1
wouldn 1
wouldn 1
wouldn 1
wouldn 1
wouldn 1
wouldn 1
wouldn 1
wouldn 1
wouldn 1
wouldn 1
wouldn 1
wouldn 1
wouldn 1
wouldn 1
wouldn 1
wouldn 1
wouldn 1
wouldn 1
wouldn 1
wouldn 1
wouldn 1
wouldn 1
wouldn 1
wouldn 1
wouldn 1
wouldn 1
wouldn 1
wouldn 1
wouldn 1
wouldn 1
wouldn 1
wouldn 1
wouldn 1
wouldn 1
wouldn 1
wouldn 1
wouldn 1
wouldn 1
wouldn 1
wouldn 1
wouldn 1
wouldn 1
wouldn 1
wouldn 1
wouldn 1
wouldn 1
wouldn 1
wouldn 1
wouldn 1
wouldn 1
wouldn 1
wouldn 1
wouldn 1
wouldn 1
wouldn 1
wouldn 1
wouldn 1
wouldn 1
wouldn 1
wouldn 1
wouldn 1
wouldn 1
wouldn 1
wouldn 1
wouldn 1
wouldn 1
wouldn 1
wouldn 1
wouldn 1
wouldn 1
wouldn 1
wouldn 1
wouldn 1
wouldn 1
wouldn 1
wouldn 1
wouldn 1
wouldn 1
wouldn 1
wouldn 1
wouldn 1
wouldn 1
wouldn 1
wouldn 1
wouldn 1
wouldn 1
wouldn 1
wouldn 1
wouldn 1
wouldn 1
wouldn 1
wouldn 1
wouldn 1
wouldn 1
wouldn 1
wouldn 1
wouldn 1
wouldn 1
wouldn 1
wouldn 1
wouldn 1
wouldn 1
wouldn 1
wouldn 1
wouldn 1
wouldn 1
wouldn 1
wouldn 1
wouldn 1
wouldn 1
wouldn 1
wouldn 1
wouldn 1
wouldn 1
wouldn 1
wouldn 1
wouldn 1
wouldn 1
wouldn 1
wouldn 1
wouldn 1
wouldn 1
wouldn 1
wouldn 1
wouldn 1
wouldn 1
wouldn 1
wouldn 1
wouldn 1
wouldn 1
wouldn 1
wouldn 1
wouldn 1
wouldn 1
wouldn 1
wouldn 1
wouldn 1
wouldn 1
wouldn 1
wouldn 1
wouldn 1
wouldn 1
wouldn 1
wouldn 1
wouldn 1
wouldn 1
wouldn 1
wouldn 1
wouldn 1
wouldn 1
wouldn 1
wouldn 1
wouldn 1
wouldn 1
wouldn 1
wouldn 1
wouldn 1
wouldn 1
wouldn 1
wouldn 1
wouldn 1
wouldn 1
wouldn 1
wouldn 1
wouldn 1
wouldn 1
wouldn 1
wouldn 1
wouldn 1
wouldn 1
wouldn 1
wouldn 1
wrongfully 1
yaller 1
yaller 1
yaller 1
yaller 1
yaller 1
yaller 1
yaller 1
yaller 1
yaller 1
yaller 1
yaller 1
yards 1
yards 1
yards 1
yards 1
yards 1
yards 1
yards 1
yards 1
yards 1
yards 1
yards 1
yards 1
yards 1
yards 1
yards 1
yards 1
yards 1
yards 1
yawl 1
yawl 1
yawl 1
yonder 1
yonder 1
yonder 1
yonder 1
yonder 1
yonder 1
yonder 1
yonder 1
yonder 1
yonder 1
yonder 1
yonder 1
yonder 1
yonder 1
yonder 1
yonder 1
yonder 1
yonder 1
yonder 1
yonder 1
yonder 1
yonder 1
yonder 1
your 1
your 1
your 1
your 1
your 1
your 1
your 1
your 1
your 1
your 1
your 1
your 1
your 1
your 1
your 1
your 1
your 1
your 1
your 1
your 1
your 1
your 1
your 1
your 1
your 1
your 1
your 1
your 1
your 1
your 1
your 1
your 1
your 1
your 1
your 1
your 1
your 1
your 1
your 1
your 1
your 1
your 1
your 1
your 1
your 1
your 1
your 1
your 1
your 1
your 1
your 1
your 1
your 1
your 1
your 1
your 1
your 1
your 1
your 1
your 1
your 1
your 1
your 1
your 1
your 1
your 1
your 1
your 1
your 1
your 1
your 1
your 1
your 1
your 1
your 1
your 1
your 1
your 1
your 1
your 1
your 1
your 1
your 1
your 1
your 1
your 1
your 1
your 1
your 1
your 1
your 1
your 1
your 1
your 1
your 1
your 1
your 1
your 1
your 1
your 1
your 1
your 1
your 1
your 1
your 1
your 1
your 1
your 1
your 1
your 1
your 1
your 1
your 1
your 1
your 1
your 1
your 1
your 1
your 1
your 1
your 1
your 1
your 1
your 1
your 1
your 1
your 1
your 1
your 1
your 1
your 1
your 1
your 1
your 1
your 1
your 1
your 1
your 1
your 1
your 1
your 1
your 1
your 1
your 1
your 1
your 1
your 1
your 1
your 1
your 1
your 1
your 1
your 1
your 1
your 1
your 1
your 1
your 1
your 1
your 1
your 1
your 1
your 1
your 1
your 1
your 1
your 1
your 1
your 1
your 1
your 1
your 1
your 1
your 1
your 1
your 1
your 1
your 1
your 1
your 1
your 1
your 1
your 1
your 1
your 1
your 1
your 1
your 1
your 1
your 1
your 1
your 1
your 1
your 1
your 1
your 1
your 1
