AK 1
Agatha 1
Agatha 1
Agatha 1
Agatha 1
Agatha 1
Agatha 1
Agatha 1
Agatha 1
Agatha 1
Agatha 1
Agatha 1
Agatha 1
Agatha 1
Agatha 1
Agatha 1
Agatha 1
Agatha 1
Agatha 1
Agatha 1
Agatha 1
Agatha 1
Agatha 1
Alps 1
Alps 1
Alps 1
Alps 1
Alps 1
Although 1
Although 1
Ancient 1
Ancient 1
Arab 1
Arabian 1
Arabian 1
Arabian 1
Arabian 1
Arabian 1
Arabian 1
Arabian 1
Arabian 1
Arabian 1
Arabian 1
Arabian 1
Arabian 1
Arabian 1
Arabic 1
Arabic 1
Can 1
Can 1
Captain 1
Chase 1
Clouds 1
Cold 1
Contact 1
Cornelius 1
Cornelius 1
Cornelius 1
Cornelius 1
Cornelius 1
Cornelius 1
Dec 1
Destiny 1
Devil 1
Devil 1
EBook 1
EBook 1
Eastern 1
Edinburgh 1
Edinburgh 1
Edinburgh 1
Edinburgh 1
Englishman 1
Englishman 1
Englishmen 1
Even 1
Even 1
Even 1
Even 1
Even 1
Even 1
Even 1
Even 1
Even 1
Even 1
Even 1
Even 1
Even 1
F 1
F 1
F 1
F 1
F 1
F 1
F 1
F 1
F 1
F 1
F 1
FRANKENSTEIN 1
FRANKENSTEIN 1
Farewell 1
Farewell 1
Farewell 1
Farewell 1
Farewell 1
Farewell 1
Farewell 1
February 1
Filled 1
Geneva 1
Geneva 1
Geneva 1
Geneva 1
Geneva 1
Geneva 1
Geneva 1
Geneva 1
Geneva 1
Geneva 1
Geneva 1
Geneva 1
Geneva 1
Geneva 1
Geneva 1
Geneva 1
Geneva 1
Geneva 1
Geneva 1
Geneva 1
Geneva 1
Geneva 1
Geneva 1
Geneva 1
Geneva 1
Geneva 1
Geneva 1
Geneva 1
Geneva 1
Geneva 1
Geneva 1
Geneva 1
Geneva 1
Geneva 1
Geneva 1
Geneva 1
Godwin 1
Godwin 1
Godwin 1
Godwin 1
Guided 1
HAVE 1
Havre 1
Hear 1
Hear 1
Hear 1
Holland 1
However 1
However 1
However 1
IRS 1
Increase 1
Its 1
Its 1
Its 1
Its 1
Its 1
July 1
July 1
July 1
KIND 1
Language 1
Light 1
Lost 1
Lost 1
MERCHANTIBILITY 1
Manoir 1
Manoir 1
Mingled 1
Mont 1
Mont 1
Mont 1
Mont 1
Mont 1
Mont 1
Mont 1
Mont 1
Mont 1
Mont 1
Mont 1
Mont 1
Mrs 1
Mrs 1
Mrs 1
Mrs 1
My 1
My 1
My 1
My 1
My 1
My 1
My 1
My 1
My 1
My 1
My 1
My 1
My 1
My 1
My 1
My 1
My 1
My 1
My 1
My 1
My 1
My 1
My 1
My 1
My 1
My 1
My 1
My 1
My 1
My 1
My 1
My 1
My 1
My 1
My 1
My 1
My 1
My 1
My 1
My 1
My 1
My 1
My 1
My 1
My 1
My 1
My 1
My 1
My 1
My 1
My 1
My 1
My 1
My 1
My 1
My 1
My 1
My 1
My 1
My 1
My 1
My 1
My 1
My 1
My 1
My 1
My 1
My 1
My 1
My 1
My 1
My 1
My 1
My 1
My 1
My 1
My 1
My 1
My 1
My 1
My 1
My 1
My 1
My 1
My 1
My 1
My 1
My 1
My 1
My 1
My 1
My 1
My 1
My 1
My 1
My 1
My 1
My 1
My 1
My 1
My 1
My 1
My 1
My 1
My 1
My 1
My 1
My 1
My 1
My 1
My 1
My 1
My 1
My 1
My 1
My 1
My 1
My 1
My 1
My 1
My 1
My 1
My 1
My 1
My 1
My 1
My 1
My 1
My 1
My 1
My 1
My 1
My 1
My 1
My 1
My 1
My 1
My 1
My 1
My 1
My 1
NOTICE 1
None 1
None 1
Now 1
Now 1
Now 1
Now 1
Now 1
Now 1
Now 1
OTHER 1
One 1
One 1
One 1
One 1
One 1
One 1
One 1
One 1
One 1
One 1
One 1
One 1
One 1
One 1
One 1
One 1
One 1
One 1
One 1
One 1
Other 1
Perpetual 1
Poor 1
Poor 1
Poor 1
Poor 1
Poor 1
Poor 1
Poor 1
R 1
R 1
Refund 1
Relieve 1
Replacement 1
Right 1
SHALL 1
SHALL 1
START 1
START 1
Shakespeare 1
Some 1
Some 1
Some 1
Some 1
Some 1
Some 1
Some 1
Some 1
Some 1
Some 1
Some 1
States 1
States 1
States 1
States 1
States 1
States 1
States 1
States 1
States 1
States 1
Strasbourg 1
Strasbourg 1
Strasbourg 1
Strasbourg 1
Sunday 1
Surely 1
Surely 1
Three 1
Thus 1
Thus 1
Thus 1
Thus 1
Thus 1
Thus 1
Thus 1
Thus 1
Thus 1
Thus 1
Thus 1
Thus 1
Thus 1
Thus 1
Thus 1
Thus 1
Title 1
Valais 1
Vaud 1
Villa 1
WEDDING 1
WEDDING 1
WEDDING 1
WEDDING 1
Waldman 1
Waldman 1
Waldman 1
Waldman 1
Waldman 1
Waldman 1
Waldman 1
Waldman 1
Waldman 1
With 1
With 1
With 1
With 1
With 1
With 1
With 1
With 1
Yet 1
Yet 1
Yet 1
Yet 1
Yet 1
Yet 1
Yet 1
Yet 1
Yet 1
Yet 1
Yet 1
Yet 1
Yet 1
Yet 1
Yet 1
Yet 1
Yet 1
Yet 1
Yet 1
Yet 1
Yet 1
Yet 1
Yet 1
Yet 1
Yet 1
Yet 1
Yet 1
Yet 1
Yet 1
Yet 1
Yet 1
Yet 1
Yet 1
Yet 1
Yet 1
Yet 1
Yet 1
ability 1
ability 1
abrupt 1
absorbed 1
absorbed 1
accomplishments 1
accounts 1
accounts 1
accounts 1
accusation 1
accuse 1
accuse 1
acme 1
acorns 1
acorns 1
adapt 1
affairs 1
affairs 1
affectation 1
affectionately 1
affording 1
affording 1
affording 1
agonizing 1
agonizing 1
alarmed 1
alarmed 1
alarmed 1
alarmed 1
alarmed 1
alarmed 1
allowed 1
allowed 1
allowed 1
allowed 1
allowed 1
allowed 1
allowed 1
allowed 1
allowed 1
allowed 1
allowed 1
allowed 1
allowed 1
allowed 1
allowed 1
allowed 1
allowed 1
allowed 1
allowed 1
allowed 1
amazed 1
animating 1
answer 1
answer 1
answer 1
answer 1
answer 1
answer 1
answer 1
answer 1
answer 1
answer 1
answer 1
answer 1
answer 1
answer 1
answer 1
answer 1
answer 1
answer 1
answer 1
answer 1
apart 1
apart 1
approach 1
approach 1
approach 1
approach 1
approach 1
approach 1
approach 1
approach 1
approach 1
approach 1
approach 1
argue 1
arrange 1
arrange 1
arriving 1
ascent 1
ascent 1
ascent 1
ascertain 1
aspect 1
aspect 1
aspect 1
aspect 1
aspect 1
aspect 1
aspect 1
assailed 1
assemblage 1
assemblage 1
associate 1
associate 1
ate 1
ate 1
ate 1
ate 1
atmosphere 1
atmosphere 1
atmosphere 1
attack 1
attempted 1
attempted 1
attempted 1
attempted 1
attempted 1
attempted 1
attempted 1
attempted 1
attempted 1
attending 1
attending 1
attending 1
attending 1
attention 1
attention 1
attention 1
attention 1
attention 1
attention 1
attention 1
attention 1
attention 1
attention 1
attention 1
attention 1
attention 1
attention 1
attention 1
attention 1
attention 1
attention 1
attention 1
attention 1
attention 1
attention 1
attitude 1
attitude 1
autumn 1
autumn 1
autumn 1
autumn 1
averse 1
averse 1
avert 1
avert 1
await 1
await 1
awaiting 1
balanced 1
balanced 1
barbarity 1
barbarity 1
baths 1
beasts 1
beat 1
beat 1
beat 1
beat 1
beat 1
becomes 1
becomes 1
befall 1
befitting 1
befitting 1
befitting 1
befitting 1
begins 1
behalf 1
believe 1
believe 1
believe 1
believe 1
believe 1
believe 1
believe 1
believe 1
believe 1
believe 1
believe 1
believe 1
believe 1
believe 1
believe 1
believe 1
believe 1
believe 1
believe 1
believe 1
believe 1
believe 1
believe 1
believe 1
believe 1
believe 1
believe 1
believe 1
believe 1
believe 1
believe 1
believe 1
believe 1
believed 1
believed 1
believed 1
believed 1
believed 1
believed 1
believed 1
believed 1
believed 1
believed 1
believed 1
believed 1
believed 1
benefactors 1
benefactors 1
benefits 1
beside 1
beside 1
beside 1
beside 1
beside 1
beside 1
beside 1
bestowing 1
bestowing 1
bestowing 1
birds 1
birds 1
birds 1
birds 1
birds 1
bleakness 1
blow 1
blow 1
blow 1
blow 1
bonds 1
bonds 1
bonds 1
bore 1
bore 1
bore 1
bore 1
bore 1
bore 1
bore 1
bounding 1
bounding 1
boy 1
boy 1
boy 1
boy 1
boy 1
boy 1
braces 1
branch 1
branch 1
branch 1
branch 1
branches 1
branches 1
branches 1
branches 1
branches 1
branches 1
branches 1
branches 1
branches 1
branches 1
branches 1
branches 1
brawling 1
breezes 1
breezes 1
brightest 1
brutality 1
brutality 1
burst 1
burst 1
burst 1
burst 1
burst 1
burst 1
burst 1
burst 1
bury 1
busily 1
buy 1
calmer 1
calmer 1
calmer 1
caprices 1
celestial 1
celestial 1
celestial 1
celestial 1
celestial 1
chained 1
chained 1
chained 1
chamber 1
chamber 1
chamber 1
chamber 1
chamber 1
chamber 1
chamber 1
chamber 1
chamber 1
charged 1
charged 1
charged 1
chastise 1
chemists 1
childhood 1
childhood 1
childhood 1
childhood 1
childhood 1
chimeras 1
chinks 1
chivalry 1
chivalry 1
clapping 1
classes 1
clearness 1
clings 1
clings 1
clings 1
clothing 1
clouded 1
clouded 1
clouded 1
clouded 1
cloudy 1
cloudy 1
cold 1
cold 1
cold 1
cold 1
cold 1
cold 1
cold 1
cold 1
cold 1
cold 1
cold 1
cold 1
cold 1
cold 1
cold 1
cold 1
cold 1
cold 1
cold 1
cold 1
cold 1
cold 1
cold 1
cold 1
cold 1
cold 1
cold 1
cold 1
cold 1
cold 1
colleges 1
combustibles 1
comfort 1
comfort 1
comfort 1
comfort 1
comfort 1
comfort 1
comparable 1
compassion 1
compassion 1
compassion 1
compassion 1
compassion 1
compassion 1
compassion 1
compassion 1
compassion 1
compassion 1
compassion 1
compassionated 1
complacency 1
completion 1
completion 1
completion 1
completion 1
completion 1
comply 1
comply 1
comply 1
comply 1
comply 1
comply 1
comply 1
comply 1
comply 1
comply 1
comply 1
comply 1
comply 1
comply 1
comprehensive 1
comprised 1
conceited 1
conception 1
conception 1
conception 1
conception 1
conception 1
conception 1
conclusions 1
conclusions 1
conclusions 1
conditions 1
confidence 1
confidence 1
confidence 1
confidence 1
confident 1
confine 1
confine 1
conflict 1
conflict 1
conflict 1
conflicting 1
confusedly 1
consent 1
consent 1
consent 1
consent 1
consent 1
consent 1
consent 1
consent 1
consent 1
consent 1
consent 1
consent 1
contact 1
contact 1
contact 1
containing 1
containing 1
contemplate 1
contemplate 1
contemplate 1
contemplate 1
contemplated 1
contemplated 1
contemplated 1
contemplated 1
contemplated 1
contemplated 1
contemplated 1
contemplated 1
contemplated 1
contrary 1
contrary 1
contrary 1
contrary 1
cooking 1
cracking 1
creek 1
crept 1
crept 1
crept 1
crept 1
crept 1
crept 1
crept 1
cross 1
cross 1
cross 1
crushed 1
cup 1
cup 1
cup 1
cursed 1
cursed 1
cursed 1
cursed 1
cursed 1
cursed 1
d 1
daemon 1
daemon 1
daemon 1
daemon 1
daemon 1
daemon 1
daemon 1
daemon 1
daemon 1
daemon 1
daemon 1
daemon 1
daemon 1
daemon 1
daemon 1
daemon 1
dangerous 1
dangerous 1
dangerous 1
dangerous 1
dangerous 1
dare 1
dare 1
dare 1
dare 1
dare 1
dare 1
dare 1
dare 1
dare 1
dare 1
dare 1
dare 1
dare 1
dared 1
dared 1
dared 1
dared 1
dared 1
dared 1
dared 1
dared 1
dared 1
dared 1
dared 1
dared 1
dared 1
dared 1
dared 1
dared 1
dared 1
dared 1
dared 1
dashing 1
dashing 1
dashing 1
dashing 1
dated 1
dated 1
dated 1
dawn 1
dawn 1
dawn 1
dawn 1
day 1
day 1
day 1
day 1
day 1
day 1
day 1
day 1
day 1
day 1
day 1
day 1
day 1
day 1
day 1
day 1
day 1
day 1
day 1
day 1
day 1
day 1
day 1
day 1
day 1
day 1
day 1
day 1
day 1
day 1
day 1
day 1
day 1
day 1
day 1
day 1
day 1
day 1
day 1
day 1
day 1
day 1
day 1
day 1
day 1
day 1
day 1
day 1
day 1
day 1
day 1
day 1
day 1
day 1
day 1
day 1
day 1
day 1
day 1
day 1
day 1
day 1
day 1
day 1
day 1
day 1
day 1
day 1
day 1
day 1
day 1
day 1
day 1
day 1
day 1
day 1
day 1
day 1
day 1
day 1
dazzled 1
decide 1
decide 1
decide 1
decide 1
decision 1
decision 1
decisive 1
decisive 1
decline 1
decline 1
decline 1
decline 1
declined 1
declined 1
declined 1
declined 1
declined 1
declined 1
deduce 1
deduced 1
deemed 1
deemed 1
deemed 1
deemed 1
deformed 1
deformed 1
deformed 1
degraded 1
degraded 1
degraded 1
degree 1
degree 1
degree 1
degree 1
degree 1
degree 1
degree 1
degree 1
degree 1
degree 1
degree 1
degree 1
degree 1
degree 1
degree 1
degree 1
degree 1
degree 1
degree 1
degree 1
degree 1
degree 1
degree 1
degree 1
deny 1
deny 1
deny 1
depend 1
depend 1
deprives 1
derange 1
deranged 1
desired 1
desired 1
desired 1
desired 1
desired 1
desired 1
desired 1
desired 1
desired 1
desired 1
desired 1
desired 1
desired 1
desired 1
desired 1
desired 1
desired 1
desired 1
desired 1
desired 1
desired 1
desired 1
desired 1
desired 1
desired 1
desolation 1
desolation 1
desolation 1
desolation 1
desolation 1
desolation 1
despicable 1
despondent 1
destiny 1
destiny 1
destiny 1
destiny 1
destiny 1
destiny 1
destiny 1
destiny 1
destiny 1
destiny 1
destiny 1
destructive 1
details 1
details 1
details 1
detestation 1
detestation 1
detestation 1
devoting 1
dictate 1
dictate 1
die 1
die 1
die 1
die 1
die 1
die 1
die 1
die 1
die 1
die 1
die 1
die 1
die 1
die 1
die 1
die 1
die 1
die 1
die 1
die 1
die 1
die 1
die 1
die 1
died 1
died 1
died 1
died 1
died 1
died 1
died 1
died 1
died 1
died 1
died 1
died 1
died 1
died 1
died 1
died 1
died 1
died 1
died 1
died 1
died 1
died 1
died 1
died 1
died 1
diligence 1
diligence 1
diligence 1
dimples 1
dinner 1
dire 1
directly 1
directly 1
disclose 1
disclose 1
disclose 1
discoveries 1
discoveries 1
discoveries 1
discoveries 1
discoveries 1
discoveries 1
discoveries 1
dismissing 1
dispositions 1
dispositions 1
dispositions 1
dispositions 1
dispositions 1
dispositions 1
dispositions 1
dispute 1
disquiet 1
dissipate 1
dissipate 1
dissipate 1
dissipate 1
dissipate 1
dissipate 1
distributing 1
distributing 1
distributing 1
distributing 1
distributing 1
distributing 1
distributing 1
distributing 1
distributing 1
divinest 1
domes 1
domes 1
drawn 1
drawn 1
drawn 1
drawn 1
dreadfully 1
dreadfully 1
dreadfully 1
drew 1
drew 1
drew 1
drew 1
drew 1
drew 1
drew 1
drew 1
drew 1
drew 1
drew 1
drew 1
drew 1
drew 1
drew 1
drew 1
drew 1
drew 1
drew 1
drew 1
drink 1
drink 1
drink 1
drink 1
due 1
due 1
due 1
duties 1
duties 1
duties 1
duties 1
duties 1
duties 1
duties 1
duties 1
duties 1
duties 1
duties 1
dwell 1
dwell 1
dwell 1
dwell 1
dwell 1
ease 1
ease 1
ease 1
eccentricities 1
efface 1
effected 1
elder 1
elder 1
elevated 1
elevated 1
elevated 1
elevated 1
elevated 1
elevated 1
embers 1
embers 1
embers 1
empire 1
employee 1
encompassed 1
encompassed 1
encompassed 1
encompassed 1
endowments 1
energetically 1
enslaved 1
entrance 1
entreaties 1
entreaties 1
entreaties 1
entreaties 1
environs 1
environs 1
environs 1
environs 1
environs 1
envy 1
envy 1
escapes 1
especial 1
especial 1
even 1
even 1
even 1
even 1
even 1
even 1
even 1
even 1
even 1
even 1
even 1
even 1
even 1
even 1
even 1
even 1
even 1
even 1
even 1
even 1
even 1
even 1
even 1
even 1
even 1
even 1
even 1
even 1
even 1
even 1
even 1
even 1
even 1
even 1
even 1
even 1
even 1
even 1
even 1
even 1
even 1
even 1
even 1
even 1
even 1
even 1
even 1
even 1
even 1
even 1
even 1
even 1
even 1
even 1
even 1
even 1
even 1
even 1
even 1
even 1
even 1
even 1
even 1
even 1
even 1
even 1
even 1
even 1
even 1
even 1
even 1
even 1
even 1
even 1
even 1
even 1
even 1
even 1
even 1
even 1
even 1
even 1
evening 1
evening 1
evening 1
evening 1
evening 1
evening 1
evening 1
evening 1
evening 1
evening 1
evening 1
evening 1
evil 1
evil 1
evil 1
evil 1
evil 1
evil 1
evil 1
evil 1
evil 1
evil 1
evil 1
evil 1
evil 1
evil 1
evil 1
evil 1
evil 1
evil 1
evil 1
evil 1
evil 1
evil 1
exceed 1
exceed 1
exceed 1
excessively 1
exertion 1
exertion 1
exertion 1
exertion 1
exertion 1
exertion 1
exertion 1
exertion 1
exhibited 1
exhibited 1
exhibited 1
exhibited 1
exhibited 1
exhibited 1
exhibited 1
exhibited 1
expanding 1
expeditions 1
experimentalist 1
expression 1
expression 1
expression 1
expression 1
expression 1
expression 1
expression 1
expression 1
expression 1
expression 1
expression 1
expression 1
expression 1
expression 1
expression 1
facile 1
failing 1
failing 1
failing 1
failing 1
fainting 1
faith 1
faith 1
families 1
families 1
famine 1
famine 1
fashion 1
fashion 1
fatigues 1
fatiguing 1
feeling 1
feeling 1
feeling 1
feeling 1
feeling 1
feeling 1
feeling 1
feeling 1
feeling 1
feeling 1
feeling 1
feeling 1
feeling 1
feeling 1
feeling 1
feeling 1
feeling 1
feeling 1
feeling 1
feeling 1
feeling 1
feeling 1
feeling 1
feeling 1
feeling 1
feeling 1
feeling 1
female 1
female 1
female 1
female 1
female 1
festival 1
few 1
few 1
few 1
few 1
few 1
few 1
few 1
few 1
few 1
few 1
few 1
few 1
few 1
few 1
few 1
few 1
few 1
few 1
few 1
few 1
few 1
few 1
few 1
few 1
few 1
few 1
few 1
few 1
few 1
few 1
few 1
few 1
few 1
few 1
few 1
few 1
few 1
few 1
few 1
few 1
few 1
few 1
few 1
few 1
few 1
few 1
few 1
few 1
few 1
few 1
few 1
few 1
few 1
few 1
few 1
few 1
few 1
few 1
few 1
few 1
few 1
few 1
fibre 1
fierce 1
fierce 1
fifty 1
figure 1
figure 1
figure 1
figure 1
figure 1
figure 1
figure 1
figure 1
figure 1
figure 1
figure 1
file 1
file 1
fishers 1
fits 1
fits 1
fits 1
flitted 1
float 1
flowers 1
flowers 1
flowers 1
flowers 1
flowers 1
flowery 1
foldings 1
follows 1
fondly 1
fondly 1
fondness 1
fondness 1
forbid 1
forbid 1
forcing 1
forests 1
forgotten 1
forgotten 1
forgotten 1
forgotten 1
formats 1
formats 1
fortitude 1
fortitude 1
fortitude 1
fortitude 1
fortitude 1
fortunate 1
fortunate 1
fortunate 1
fortunate 1
fortunate 1
fortunate 1
fortunate 1
frail 1
fraud 1
frementi 1
friend 1
friend 1
friend 1
friend 1
friend 1
friend 1
friend 1
friend 1
friend 1
friend 1
friend 1
friend 1
friend 1
friend 1
friend 1
friend 1
friend 1
friend 1
friend 1
friend 1
friend 1
friend 1
friend 1
friend 1
friend 1
friend 1
friend 1
friend 1
friend 1
friend 1
friend 1
friend 1
friend 1
friend 1
friend 1
friend 1
friend 1
friend 1
friend 1
friend 1
friend 1
friend 1
friend 1
friend 1
friend 1
friend 1
friend 1
friend 1
friend 1
friend 1
friend 1
friend 1
friend 1
friend 1
friend 1
friend 1
friend 1
friend 1
friend 1
friend 1
friend 1
friend 1
friend 1
friend 1
friend 1
friend 1
friend 1
friend 1
friend 1
friend 1
fruitlessly 1
fuel 1
fuel 1
fulfil 1
fulfil 1
fulfil 1
fulfil 1
fulfil 1
fulfil 1
fulfil 1
further 1
further 1
gained 1
gained 1
gained 1
gained 1
gained 1
gained 1
gained 1
gained 1
gained 1
gained 1
gained 1
gained 1
gained 1
gasped 1
gazes 1
gazing 1
gazing 1
gazing 1
gazing 1
generation 1
generation 1
gesticulations 1
gestures 1
gestures 1
gestures 1
get 1
get 1
gift 1
gift 1
gift 1
girl 1
girl 1
girl 1
girl 1
girl 1
girl 1
girl 1
girl 1
girl 1
girl 1
girl 1
girl 1
girl 1
girl 1
girl 1
girl 1
girl 1
girl 1
girl 1
girl 1
girl 1
girl 1
girl 1
girl 1
girl 1
girl 1
girl 1
girl 1
glaciers 1
glaciers 1
glaciers 1
gratification 1
gratification 1
gratification 1
gratify 1
graves 1
graves 1
grieved 1
grieved 1
groaned 1
groaned 1
guessed 1
guessed 1
guide 1
guide 1
guide 1
guide 1
guide 1
guide 1
guided 1
guided 1
guided 1
guided 1
guiltless 1
guiltless 1
guiltless 1
guiltless 1
guiltless 1
guitar 1
guitar 1
guitar 1
guitar 1
habitations 1
habitations 1
harder 1
hare 1
hastened 1
hastened 1
hastened 1
hastened 1
hastened 1
hastened 1
hastened 1
hastened 1
hastened 1
hatred 1
hatred 1
hatred 1
hatred 1
hatred 1
hatred 1
hatred 1
hatred 1
hatred 1
hatred 1
hatred 1
hatred 1
hatred 1
hatred 1
hazard 1
head 1
head 1
head 1
head 1
head 1
head 1
head 1
head 1
head 1
head 1
head 1
head 1
head 1
head 1
head 1
head 1
head 1
head 1
head 1
head 1
head 1
head 1
head 1
head 1
head 1
hear 1
hear 1
hear 1
hear 1
hear 1
hear 1
hear 1
hear 1
hear 1
hear 1
hear 1
hear 1
hear 1
hear 1
hear 1
hear 1
hear 1
heavily 1
heavily 1
heavily 1
helped 1
hidden 1
hidden 1
hide 1
hide 1
hide 1
hide 1
hide 1
hide 1
hide 1
high 1
high 1
high 1
high 1
high 1
high 1
high 1
high 1
high 1
high 1
high 1
high 1
high 1
high 1
high 1
high 1
high 1
high 1
high 1
hire 1
hired 1
hired 1
hired 1
hired 1
hired 1
hired 1
hired 1
holds 1
holiday 1
however 1
however 1
however 1
however 1
however 1
however 1
however 1
however 1
however 1
however 1
however 1
however 1
however 1
however 1
however 1
however 1
however 1
however 1
however 1
however 1
however 1
however 1
however 1
however 1
however 1
however 1
however 1
however 1
however 1
however 1
http 1
http 1
http 1
http 1
http 1
http 1
http 1
http 1
humour 1
humour 1
hurry 1
hurry 1
huts 1
huts 1
ideas 1
ideas 1
ideas 1
ideas 1
ideas 1
ideas 1
ideas 1
ideas 1
ideas 1
ideas 1
ideas 1
ideas 1
ideas 1
ideas 1
imagination 1
imagination 1
imagination 1
imagination 1
imagination 1
imagination 1
imagination 1
imagination 1
imagination 1
imagination 1
imagination 1
imagination 1
imagination 1
imagination 1
imagination 1
imagination 1
imagination 1
imagination 1
imagination 1
imagination 1
imagination 1
imagination 1
imagination 1
immense 1
immense 1
immense 1
immense 1
immense 1
implied 1
importance 1
impracticability 1
impressions 1
imprinted 1
imprinted 1
inclination 1
inconsiderate 1
inconvenience 1
increased 1
increased 1
increased 1
increased 1
increased 1
increased 1
increased 1
increased 1
increased 1
increased 1
increased 1
increased 1
indiscriminately 1
indulgence 1
indulgence 1
indulgence 1
infallible 1
infallibly 1
inferior 1
inflamed 1
inflamed 1
inflamed 1
inner 1
insatiate 1
inside 1
instigate 1
instinct 1
insultingly 1
insuperable 1
inuring 1
involuntarily 1
involuntarily 1
irretrievable 1
judgment 1
judgment 1
judgment 1
judgment 1
jury 1
just 1
just 1
just 1
just 1
just 1
just 1
just 1
just 1
just 1
just 1
just 1
just 1
just 1
just 1
just 1
just 1
just 1
just 1
just 1
kindling 1
kiss 1
kitchen 1
knightly 1
knows 1
knows 1
knows 1
knows 1
knows 1
knows 1
labours 1
labours 1
labours 1
labours 1
labours 1
labours 1
labours 1
labours 1
labours 1
labours 1
labours 1
labours 1
labours 1
labours 1
labours 1
labours 1
labours 1
lady 1
lady 1
lady 1
lady 1
lady 1
lady 1
lady 1
lady 1
lady 1
lady 1
lady 1
lamp 1
language 1
language 1
language 1
language 1
language 1
language 1
language 1
language 1
language 1
language 1
language 1
language 1
language 1
language 1
language 1
language 1
language 1
language 1
language 1
last 1
last 1
last 1
last 1
last 1
last 1
last 1
last 1
last 1
last 1
last 1
last 1
last 1
last 1
last 1
last 1
last 1
last 1
last 1
last 1
last 1
last 1
last 1
last 1
last 1
last 1
last 1
last 1
last 1
last 1
last 1
laughed 1
lay 1
lay 1
lay 1
lay 1
lay 1
lay 1
lay 1
lay 1
lay 1
lay 1
lay 1
lay 1
lay 1
lay 1
lay 1
lay 1
lay 1
lay 1
lay 1
lay 1
lay 1
lay 1
lay 1
lay 1
lay 1
lay 1
lay 1
lay 1
leaf 1
leagues 1
leagues 1
leagues 1
learning 1
learning 1
learning 1
legally 1
lesson 1
lesson 1
letter 1
letter 1
letter 1
letter 1
letter 1
letter 1
letter 1
letter 1
letter 1
letter 1
letter 1
letter 1
letter 1
letter 1
letter 1
letter 1
letter 1
letter 1
letter 1
letter 1
letter 1
letter 1
letter 1
letter 1
letter 1
lie 1
lie 1
lie 1
lie 1
lie 1
lineaments 1
lineaments 1
list 1
list 1
list 1
listened 1
listened 1
listened 1
listened 1
listened 1
listened 1
listened 1
listened 1
listened 1
listened 1
listened 1
listened 1
literary 1
live 1
live 1
live 1
live 1
live 1
live 1
live 1
live 1
live 1
live 1
live 1
live 1
live 1
live 1
live 1
live 1
live 1
live 1
live 1
live 1
live 1
live 1
live 1
live 1
live 1
locations 1
locations 1
looked 1
looked 1
looked 1
looked 1
looked 1
looked 1
looked 1
looked 1
looked 1
looked 1
looked 1
looked 1
looked 1
looked 1
looked 1
looked 1
looked 1
looked 1
looked 1
looked 1
looked 1
looked 1
looked 1
looked 1
looked 1
looked 1
looked 1
looked 1
looked 1
lover 1
lover 1
lover 1
lover 1
lover 1
lover 1
lover 1
lover 1
low 1
low 1
low 1
low 1
low 1
low 1
lowest 1
lowest 1
lukewarm 1
luxurious 1
magnitude 1
maintained 1
mandate 1
mangled 1
mankind 1
mankind 1
mankind 1
mankind 1
mankind 1
mankind 1
mankind 1
mankind 1
mankind 1
mankind 1
mankind 1
market 1
market 1
maternal 1
meadows 1
meadows 1
mediation 1
mention 1
mention 1
mention 1
mention 1
mighty 1
mighty 1
mighty 1
mighty 1
mighty 1
mighty 1
mighty 1
mighty 1
mighty 1
mighty 1
mighty 1
mighty 1
mighty 1
miniature 1
miniature 1
ministered 1
miracles 1
mischief 1
mischief 1
mischief 1
mischief 1
mischief 1
miserable 1
miserable 1
miserable 1
miserable 1
miserable 1
miserable 1
miserable 1
miserable 1
miserable 1
miserable 1
miserable 1
miserable 1
miserable 1
miserable 1
miserable 1
miserable 1
miserable 1
miserable 1
miserable 1
miserable 1
miserable 1
miserable 1
miserable 1
miserable 1
miserable 1
miserable 1
miserable 1
miserable 1
miserable 1
miserable 1
miserable 1
miserable 1
miserable 1
miserable 1
miserable 1
miserable 1
miserable 1
miserable 1
miserable 1
miserable 1
miserable 1
miserable 1
miserable 1
miserable 1
miserable 1
miserable 1
miserable 1
miserable 1
miserable 1
miserable 1
miserable 1
miserable 1
miserable 1
miserable 1
miserable 1
miserable 1
miserable 1
miserable 1
miserable 1
miserable 1
miserable 1
miserable 1
miserable 1
misfortune 1
misfortune 1
misfortune 1
misfortune 1
misfortune 1
misfortune 1
misfortune 1
misfortune 1
misfortune 1
misfortune 1
misfortune 1
misfortune 1
misfortune 1
misfortune 1
misfortune 1
misfortune 1
missile 1
mistress 1
mistress 1
mistress 1
modification 1
moment 1
moment 1
moment 1
moment 1
moment 1
moment 1
moment 1
moment 1
moment 1
moment 1
moment 1
moment 1
moment 1
moment 1
moment 1
moment 1
moment 1
moment 1
moment 1
moment 1
moment 1
moment 1
moment 1
moment 1
moment 1
moment 1
moment 1
moment 1
moment 1
moment 1
moment 1
moment 1
moment 1
moment 1
moment 1
moment 1
moment 1
motive 1
motive 1
murderess 1
myself 1
myself 1
myself 1
myself 1
myself 1
myself 1
myself 1
myself 1
myself 1
myself 1
myself 1
myself 1
myself 1
myself 1
myself 1
myself 1
myself 1
myself 1
myself 1
myself 1
myself 1
myself 1
myself 1
myself 1
myself 1
myself 1
myself 1
myself 1
myself 1
myself 1
myself 1
myself 1
myself 1
myself 1
myself 1
myself 1
myself 1
myself 1
myself 1
myself 1
myself 1
myself 1
myself 1
myself 1
myself 1
myself 1
myself 1
myself 1
myself 1
myself 1
myself 1
myself 1
myself 1
myself 1
myself 1
myself 1
myself 1
myself 1
myself 1
myself 1
myself 1
myself 1
myself 1
myself 1
myself 1
myself 1
myself 1
myself 1
myself 1
myself 1
myself 1
myself 1
myself 1
myself 1
myself 1
myself 1
myself 1
myself 1
myself 1
myself 1
myself 1
myself 1
myself 1
myself 1
myself 1
myself 1
myself 1
myself 1
myself 1
myself 1
myself 1
myself 1
myself 1
myself 1
myself 1
myself 1
myself 1
myself 1
myself 1
myself 1
myself 1
myself 1
myself 1
myself 1
myself 1
myself 1
myself 1
myself 1
myself 1
myself 1
myself 1
myself 1
myself 1
myself 1
myself 1
myself 1
myself 1
myself 1
myself 1
myself 1
myself 1
myself 1
myself 1
myself 1
myself 1
myself 1
myself 1
myself 1
myself 1
myself 1
myself 1
myself 1
myself 1
myself 1
myself 1
myself 1
n 1
nameless 1
narrowed 1
naval 1
new 1
new 1
new 1
new 1
new 1
new 1
new 1
new 1
new 1
new 1
new 1
new 1
new 1
new 1
new 1
new 1
new 1
new 1
new 1
new 1
new 1
new 1
new 1
new 1
new 1
new 1
new 1
new 1
new 1
new 1
new 1
new 1
new 1
new 1
new 1
new 1
new 1
new 1
new 1
new 1
new 1
new 1
niece 1
niece 1
niece 1
night 1
night 1
night 1
night 1
night 1
night 1
night 1
night 1
night 1
night 1
night 1
night 1
night 1
night 1
night 1
night 1
night 1
night 1
night 1
night 1
night 1
night 1
night 1
night 1
night 1
night 1
night 1
night 1
night 1
night 1
night 1
night 1
night 1
night 1
night 1
night 1
night 1
night 1
night 1
night 1
night 1
night 1
night 1
night 1
night 1
night 1
night 1
night 1
night 1
night 1
night 1
night 1
night 1
night 1
night 1
night 1
night 1
night 1
night 1
night 1
night 1
night 1
night 1
night 1
night 1
night 1
night 1
night 1
night 1
night 1
night 1
night 1
night 1
night 1
night 1
night 1
night 1
night 1
night 1
night 1
night 1
night 1
night 1
night 1
night 1
noble 1
noble 1
noble 1
noble 1
noble 1
noble 1
noble 1
noble 1
noble 1
noble 1
noble 1
noise 1
oar 1
oar 1
obedience 1
observe 1
observe 1
observe 1
observe 1
observed 1
observed 1
observed 1
observed 1
observed 1
observed 1
observed 1
observed 1
observed 1
observed 1
observed 1
observed 1
observed 1
observed 1
observed 1
observed 1
observed 1
observed 1
observed 1
observed 1
observed 1
obstacles 1
occur 1
occur 1
occur 1
occur 1
occur 1
occurrences 1
occurrences 1
occurrences 1
occurrences 1
occurrences 1
ocean 1
ocean 1
ocean 1
ocean 1
ocean 1
ocean 1
ocean 1
ocean 1
ocean 1
ocean 1
ocean 1
ocean 1
onwards 1
oriental 1
orphan 1
orphan 1
orphan 1
our 1
our 1
our 1
our 1
our 1
our 1
our 1
our 1
our 1
our 1
our 1
our 1
our 1
our 1
our 1
our 1
our 1
our 1
our 1
our 1
our 1
our 1
our 1
our 1
our 1
our 1
our 1
our 1
our 1
our 1
our 1
our 1
our 1
our 1
our 1
our 1
our 1
our 1
our 1
our 1
our 1
our 1
our 1
our 1
our 1
our 1
our 1
our 1
our 1
our 1
our 1
our 1
our 1
our 1
our 1
our 1
our 1
our 1
our 1
our 1
our 1
our 1
our 1
our 1
our 1
our 1
our 1
our 1
our 1
our 1
our 1
our 1
our 1
our 1
our 1
our 1
our 1
our 1
our 1
our 1
our 1
our 1
our 1
our 1
our 1
our 1
our 1
our 1
our 1
our 1
our 1
our 1
our 1
our 1
our 1
our 1
our 1
our 1
our 1
our 1
our 1
our 1
our 1
our 1
our 1
our 1
our 1
our 1
our 1
our 1
our 1
our 1
our 1
our 1
our 1
our 1
our 1
our 1
our 1
our 1
our 1
our 1
overthrow 1
overthrow 1
overweigh 1
overwhelmed 1
overwhelmed 1
overwhelmed 1
overwhelmed 1
overwhelmed 1
owest 1
pages 1
palpitated 1
panegyric 1
paroxysms 1
partially 1
particulars 1
particulars 1
particulars 1
parts 1
parts 1
parts 1
passage 1
passage 1
passage 1
passage 1
passage 1
passage 1
passage 1
passage 1
passage 1
passions 1
passions 1
passions 1
passions 1
passions 1
passions 1
passions 1
passions 1
passions 1
passions 1
passions 1
passions 1
pathless 1
patiently 1
peaceably 1
peaked 1
peasant 1
peasant 1
peasant 1
peasant 1
peasant 1
perceiving 1
perceiving 1
perceiving 1
perceiving 1
perceiving 1
perceiving 1
perdition 1
permits 1
perpetrated 1
physician 1
physician 1
picked 1
picturesque 1
picturesque 1
picturesque 1
pierce 1
pink 1
pitiable 1
pittance 1
pittance 1
pittance 1
pity 1
pity 1
pity 1
pity 1
pity 1
pity 1
pity 1
pity 1
pity 1
pity 1
pity 1
places 1
places 1
places 1
places 1
places 1
places 1
places 1
places 1
places 1
plants 1
plants 1
plaything 1
plaything 1
plead 1
please 1
please 1
please 1
pocket 1
pocket 1
pocket 1
pocket 1
pollutes 1
pool 1
pool 1
pore 1
portend 1
porter 1
posture 1
pour 1
pouring 1
praised 1
predilection 1
preparing 1
preparing 1
preparing 1
preparing 1
presently 1
presently 1
presently 1
presently 1
presently 1
presently 1
presently 1
presently 1
preservation 1
preservation 1
preserve 1
preserve 1
preserve 1
preserve 1
preserve 1
preserve 1
preserved 1
preserved 1
pride 1
pride 1
pride 1
pride 1
pride 1
pride 1
prized 1
produce 1
produce 1
produce 1
produce 1
produce 1
produce 1
produced 1
produced 1
produced 1
produced 1
produced 1
produced 1
produced 1
produced 1
produced 1
produced 1
produced 1
produced 1
produced 1
profit 1
profoundly 1
promises 1
promises 1
proofread 1
prospect 1
prospect 1
prospect 1
prospect 1
prospect 1
prospect 1
prospect 1
prospect 1
prospect 1
prospect 1
prospect 1
prospect 1
prospect 1
protector 1
protracted 1
proud 1
proud 1
prove 1
prove 1
prove 1
prove 1
prove 1
prove 1
prove 1
provoke 1
prudence 1
prudent 1
pulpit 1
pursue 1
pursue 1
pursue 1
pursue 1
pursue 1
pursue 1
pursue 1
pursue 1
pursue 1
pursue 1
pursue 1
pursue 1
pursue 1
pursue 1
pursue 1
pursue 1
pursue 1
pursuit 1
pursuit 1
pursuit 1
pursuit 1
pursuit 1
pursuit 1
pursuit 1
pursuit 1
pursuit 1
pursuit 1
pursuit 1
pursuit 1
pursuit 1
pursuit 1
pursuit 1
pursuit 1
quickly 1
quickly 1
quickly 1
quickly 1
quickly 1
quickly 1
quickly 1
quickly 1
quickly 1
quickly 1
quickly 1
quickly 1
quickly 1
quickly 1
quickly 1
quickly 1
quickly 1
quickly 1
quickly 1
quickly 1
quickly 1
quickly 1
quickly 1
quickly 1
quickly 1
quickly 1
quite 1
quite 1
quite 1
quite 1
quivering 1
raise 1
raise 1
raise 1
raise 1
raise 1
raise 1
rather 1
rather 1
rather 1
rather 1
rather 1
rather 1
rather 1
rather 1
rather 1
rather 1
rather 1
rather 1
rather 1
rather 1
rather 1
rather 1
rather 1
rather 1
rather 1
rather 1
rather 1
rather 1
rather 1
rather 1
rather 1
rather 1
rather 1
rational 1
rational 1
ravished 1
readier 1
realize 1
realize 1
receptacle 1
recurred 1
recurred 1
recurred 1
recurrence 1
references 1
references 1
refuse 1
refuse 1
refuse 1
refuse 1
refuse 1
refuse 1
refuse 1
refuse 1
rejected 1
rejected 1
rejoined 1
relapse 1
relapse 1
relieve 1
relieve 1
relieve 1
relieve 1
relieve 1
relieve 1
relieve 1
relieved 1
relieved 1
relieved 1
religions 1
remain 1
remain 1
remain 1
remain 1
remain 1
remain 1
remain 1
remain 1
remain 1
remain 1
remain 1
remain 1
remain 1
remain 1
remain 1
remain 1
remain 1
remain 1
remain 1
remain 1
remain 1
remain 1
remarkable 1
remarkable 1
remembrancers 1
reminds 1
reminds 1
rendering 1
renowned 1
repeated 1
repeated 1
repeated 1
reposed 1
reposed 1
reproach 1
reproach 1
reserved 1
reserved 1
reserved 1
reserved 1
reserved 1
respect 1
respect 1
respect 1
respect 1
respect 1
restlessness 1
restoration 1
restored 1
restored 1
restored 1
restored 1
restored 1
restored 1
restored 1
restored 1
restored 1
restored 1
restored 1
restored 1
restored 1
restored 1
restored 1
restored 1
retreats 1
revel 1
rocky 1
rocky 1
roses 1
round 1
round 1
round 1
round 1
round 1
round 1
round 1
round 1
round 1
round 1
round 1
routine 1
routine 1
rubbed 1
rule 1
rule 1
rule 1
rush 1
rush 1
saintly 1
saintly 1
sat 1
sat 1
sat 1
sat 1
sat 1
sat 1
sat 1
sat 1
sat 1
sat 1
sat 1
sat 1
sat 1
sat 1
sat 1
sat 1
sat 1
sat 1
sat 1
sat 1
sat 1
sat 1
sat 1
sat 1
sat 1
scared 1
scared 1
screamed 1
search 1
search 1
search 1
search 1
search 1
search 1
search 1
search 1
searching 1
seashore 1
seasons 1
seasons 1
seasons 1
security 1
seem 1
seem 1
seem 1
seem 1
seeming 1
seeming 1
sense 1
sense 1
sense 1
sense 1
sense 1
sense 1
sense 1
sense 1
sense 1
sense 1
sense 1
sense 1
serene 1
serene 1
serene 1
serene 1
serene 1
serene 1
serene 1
serious 1
serious 1
serious 1
servants 1
servants 1
servants 1
servants 1
servants 1
setting 1
setting 1
setting 1
setting 1
setting 1
severe 1
severe 1
severe 1
severe 1
severe 1
shamefully 1
shattered 1
shattered 1
shattered 1
shattered 1
shattered 1
sheltered 1
sheltered 1
shortened 1
shot 1
showed 1
showed 1
showed 1
showed 1
showed 1
showed 1
showed 1
shower 1
silken 1
single 1
single 1
single 1
single 1
single 1
single 1
single 1
single 1
sitting 1
six 1
sleeper 1
sleepless 1
sleepless 1
slough 1
sly 1
snows 1
snows 1
snows 1
snowy 1
snowy 1
snowy 1
snowy 1
snowy 1
snowy 1
snowy 1
sockets 1
sockets 1
soldier 1
solely 1
solely 1
someone 1
someone 1
someone 1
someone 1
someone 1
sometimes 1
sometimes 1
sometimes 1
sometimes 1
sometimes 1
sometimes 1
sometimes 1
sometimes 1
sometimes 1
sometimes 1
sometimes 1
sometimes 1
sometimes 1
sometimes 1
sometimes 1
sometimes 1
sometimes 1
sometimes 1
sometimes 1
sometimes 1
sometimes 1
sometimes 1
sometimes 1
sometimes 1
sometimes 1
sometimes 1
sometimes 1
sometimes 1
sometimes 1
sometimes 1
sometimes 1
sometimes 1
sometimes 1
sometimes 1
sometimes 1
sometimes 1
sometimes 1
soothe 1
soothe 1
soothe 1
soothe 1
sorrowing 1
sounded 1
sources 1
sources 1
southwards 1
southwards 1
southwards 1
space 1
space 1
space 1
specific 1
specimen 1
splintered 1
spoiler 1
sport 1
sport 1
sport 1
springs 1
star 1
star 1
stately 1
stately 1
steeple 1
steeple 1
steeple 1
step 1
step 1
step 1
step 1
step 1
step 1
step 1
stings 1
strange 1
strange 1
strange 1
strange 1
strange 1
strange 1
strange 1
strange 1
strange 1
strange 1
strange 1
strange 1
strange 1
strange 1
strange 1
strange 1
strange 1
strange 1
strange 1
strange 1
strange 1
strange 1
strange 1
strange 1
strange 1
strange 1
strange 1
strange 1
strange 1
strange 1
strange 1
stranger 1
stranger 1
stranger 1
stranger 1
stranger 1
stranger 1
stranger 1
stranger 1
stranger 1
stranger 1
stranger 1
stranger 1
stranger 1
stranger 1
stranger 1
stranger 1
stranger 1
stranger 1
stranger 1
stranger 1
stranger 1
stranger 1
strangled 1
strangled 1
stuff 1
subject 1
subject 1
subject 1
subject 1
subject 1
subject 1
subject 1
subject 1
subject 1
subject 1
subject 1
subject 1
subject 1
subject 1
subject 1
subject 1
subject 1
subject 1
succeed 1
succeed 1
succeed 1
succeed 1
succeed 1
succeed 1
sufferer 1
sufferer 1
summers 1
superiors 1
suppliant 1
supported 1
supported 1
supported 1
supported 1
supported 1
suppressed 1
surpassed 1
surround 1
surround 1
surround 1
surround 1
survive 1
survive 1
survive 1
survive 1
survive 1
survive 1
suspicions 1
sustained 1
sustained 1
sustained 1
sustained 1
sustained 1
swallowed 1
swallowed 1
swallowed 1
swallowed 1
swallowed 1
sympathize 1
sympathize 1
sympathize 1
tale 1
tale 1
tale 1
tale 1
tale 1
tale 1
tale 1
tale 1
tale 1
tale 1
tale 1
tale 1
tale 1
tale 1
tale 1
tale 1
tale 1
tale 1
tale 1
tale 1
tale 1
tale 1
tale 1
tale 1
tale 1
tale 1
tale 1
tale 1
tale 1
tale 1
tale 1
tale 1
talent 1
talent 1
talent 1
talent 1
tangible 1
tapped 1
tapped 1
teacher 1
term 1
termination 1
terrific 1
terrific 1
terrific 1
terrific 1
terrific 1
terrific 1
terrific 1
testify 1
thankfulness 1
thing 1
thing 1
thing 1
thing 1
thing 1
thing 1
thing 1
thing 1
thing 1
thing 1
thing 1
thoughts 1
thoughts 1
thoughts 1
thoughts 1
thoughts 1
thoughts 1
thoughts 1
thoughts 1
thoughts 1
thoughts 1
thoughts 1
thoughts 1
thoughts 1
thoughts 1
thoughts 1
thoughts 1
thoughts 1
thoughts 1
thoughts 1
thoughts 1
thoughts 1
thoughts 1
thoughts 1
thoughts 1
thoughts 1
thoughts 1
thoughts 1
thoughts 1
thoughts 1
thoughts 1
thoughts 1
thoughts 1
thoughts 1
thoughts 1
thoughts 1
thoughts 1
thoughts 1
thoughts 1
thousandth 1
threat 1
threat 1
threat 1
threat 1
threat 1
threat 1
threat 1
threatened 1
threatened 1
threatened 1
threatened 1
threatened 1
three 1
three 1
three 1
three 1
three 1
three 1
three 1
three 1
three 1
three 1
throwing 1
throwing 1
thus 1
thus 1
thus 1
thus 1
thus 1
thus 1
thus 1
thus 1
thus 1
thus 1
thus 1
thus 1
thus 1
thus 1
thus 1
thus 1
thus 1
thus 1
thus 1
thus 1
thus 1
thus 1
thus 1
thus 1
thus 1
thus 1
thus 1
thus 1
thus 1
thus 1
thus 1
thus 1
thus 1
thus 1
thus 1
thus 1
thus 1
thus 1
thus 1
thus 1
thus 1
thus 1
thus 1
thus 1
thus 1
thus 1
thus 1
thus 1
thus 1
thus 1
tide 1
tide 1
title 1
toilsome 1
torch 1
tormentor 1
torturing 1
touched 1
touched 1
touched 1
touched 1
touched 1
tour 1
tour 1
tour 1
tour 1
towers 1
tranquil 1
tranquil 1
tranquil 1
tranquil 1
tranquil 1
tranquil 1
tranquil 1
tranquillize 1
treasures 1
treasures 1
treasures 1
trembling 1
trembling 1
trembling 1
trembling 1
trembling 1
trembling 1
trial 1
trial 1
trial 1
trial 1
trial 1
trial 1
trial 1
trial 1
trial 1
trial 1
trickle 1
tried 1
tried 1
tried 1
tried 1
tried 1
tried 1
tried 1
tried 1
tried 1
tried 1
tried 1
tried 1
tried 1
tried 1
turns 1
turns 1
twice 1
two 1
two 1
two 1
two 1
two 1
two 1
two 1
two 1
two 1
two 1
two 1
two 1
two 1
two 1
two 1
two 1
two 1
two 1
two 1
two 1
two 1
two 1
two 1
two 1
two 1
two 1
two 1
two 1
two 1
two 1
two 1
two 1
two 1
unabated 1
unaccountable 1
unbelief 1
uncontrollable 1
uncontrollable 1
uncouth 1
uncouth 1
uncouth 1
undergo 1
unfashioned 1
unfit 1
unfit 1
unfold 1
unfolding 1
unfolding 1
unformed 1
unfulfilled 1
unfulfilled 1
ungratitude 1
unlike 1
unlike 1
unlike 1
unlike 1
unlike 1
unlike 1
unlike 1
unnatural 1
unnatural 1
unnatural 1
unobserving 1
unreservedly 1
unseen 1
unsocial 1
unwholesome 1
unwholesome 1
unworthy 1
unworthy 1
useless 1
useless 1
useless 1
useless 1
useless 1
useless 1
useless 1
useless 1
useless 1
vain 1
vain 1
vain 1
vain 1
vain 1
vain 1
vain 1
vain 1
vain 1
vain 1
vain 1
vain 1
vain 1
valuable 1
valuable 1
valuable 1
variety 1
variety 1
variety 1
variety 1
vintage 1
vintage 1
vision 1
vision 1
vision 1
vital 1
volunteer 1
walks 1
walks 1
walks 1
walks 1
warmed 1
warmed 1
warmed 1
warmed 1
warmed 1
waste 1
waste 1
waste 1
waste 1
ways 1
ways 1
weary 1
wearying 1
web 1
web 1
web 1
went 1
went 1
went 1
went 1
went 1
went 1
went 1
went 1
went 1
went 1
went 1
went 1
went 1
went 1
went 1
went 1
went 1
went 1
went 1
went 1
what 1
what 1
what 1
what 1
what 1
what 1
what 1
what 1
what 1
what 1
what 1
what 1
what 1
what 1
what 1
what 1
what 1
what 1
what 1
what 1
what 1
what 1
what 1
what 1
what 1
what 1
what 1
what 1
what 1
what 1
what 1
what 1
what 1
what 1
what 1
what 1
what 1
what 1
what 1
what 1
what 1
what 1
what 1
what 1
what 1
what 1
what 1
what 1
what 1
what 1
what 1
what 1
what 1
what 1
what 1
what 1
what 1
what 1
what 1
what 1
what 1
what 1
what 1
what 1
what 1
what 1
what 1
what 1
what 1
what 1
what 1
what 1
what 1
what 1
what 1
what 1
what 1
what 1
what 1
what 1
what 1
what 1
what 1
what 1
what 1
what 1
what 1
what 1
what 1
what 1
what 1
what 1
what 1
what 1
what 1
what 1
what 1
whatsoever 1
whatsoever 1
whatsoever 1
whence 1
whence 1
widest 1
widest 1
wild 1
wild 1
wild 1
wild 1
wild 1
wild 1
wild 1
wild 1
wild 1
wild 1
wild 1
wild 1
willow 1
win 1
win 1
wished 1
wished 1
wished 1
wished 1
wished 1
wished 1
wished 1
wished 1
wished 1
wished 1
wished 1
wished 1
wished 1
wished 1
wished 1
wished 1
wished 1
wished 1
wished 1
wished 1
with 1
with 1
with 1
with 1
with 1
with 1
with 1
with 1
with 1
with 1
with 1
with 1
with 1
with 1
with 1
with 1
with 1
with 1
with 1
with 1
with 1
with 1
with 1
with 1
with 1
with 1
with 1
with 1
with 1
with 1
with 1
with 1
with 1
with 1
with 1
with 1
with 1
with 1
with 1
with 1
with 1
with 1
with 1
with 1
with 1
with 1
with 1
with 1
with 1
with 1
with 1
with 1
with 1
with 1
with 1
with 1
with 1
with 1
with 1
with 1
with 1
with 1
with 1
with 1
with 1
with 1
with 1
with 1
with 1
with 1
with 1
with 1
with 1
with 1
with 1
with 1
with 1
with 1
with 1
with 1
with 1
with 1
with 1
with 1
with 1
with 1
with 1
with 1
with 1
with 1
with 1
with 1
with 1
with 1
with 1
with 1
with 1
with 1
with 1
with 1
with 1
with 1
with 1
with 1
with 1
with 1
with 1
with 1
with 1
with 1
with 1
with 1
with 1
with 1
with 1
with 1
with 1
with 1
with 1
with 1
with 1
with 1
with 1
with 1
with 1
with 1
with 1
with 1
with 1
with 1
with 1
with 1
with 1
with 1
with 1
with 1
with 1
with 1
with 1
with 1
with 1
with 1
with 1
with 1
with 1
with 1
with 1
with 1
with 1
with 1
with 1
with 1
with 1
with 1
with 1
with 1
with 1
with 1
with 1
with 1
with 1
with 1
with 1
with 1
with 1
with 1
with 1
with 1
with 1
with 1
with 1
with 1
with 1
with 1
with 1
with 1
with 1
with 1
with 1
with 1
with 1
with 1
with 1
with 1
with 1
with 1
with 1
with 1
with 1
with 1
with 1
with 1
with 1
with 1
with 1
with 1
with 1
with 1
with 1
with 1
with 1
with 1
with 1
with 1
with 1
with 1
with 1
with 1
with 1
with 1
with 1
with 1
with 1
with 1
with 1
with 1
with 1
with 1
with 1
with 1
with 1
with 1
with 1
with 1
with 1
with 1
with 1
with 1
with 1
with 1
with 1
with 1
with 1
with 1
with 1
with 1
with 1
with 1
with 1
with 1
with 1
with 1
with 1
with 1
with 1
with 1
with 1
with 1
with 1
with 1
with 1
with 1
with 1
with 1
with 1
with 1
with 1
with 1
with 1
with 1
with 1
with 1
with 1
with 1
with 1
with 1
with 1
with 1
with 1
with 1
with 1
with 1
with 1
with 1
with 1
with 1
with 1
with 1
with 1
with 1
with 1
with 1
with 1
with 1
with 1
with 1
with 1
with 1
with 1
with 1
with 1
with 1
with 1
with 1
with 1
with 1
with 1
with 1
with 1
with 1
with 1
with 1
with 1
with 1
with 1
with 1
with 1
with 1
with 1
with 1
with 1
with 1
with 1
with 1
with 1
with 1
with 1
with 1
with 1
with 1
with 1
with 1
with 1
with 1
with 1
with 1
with 1
with 1
with 1
with 1
with 1
with 1
with 1
with 1
with 1
with 1
with 1
with 1
with 1
with 1
with 1
with 1
with 1
with 1
with 1
with 1
with 1
with 1
with 1
with 1
with 1
with 1
with 1
with 1
with 1
with 1
with 1
with 1
with 1
with 1
with 1
with 1
with 1
with 1
with 1
with 1
with 1
with 1
with 1
with 1
with 1
with 1
with 1
with 1
with 1
with 1
with 1
with 1
with 1
with 1
with 1
with 1
with 1
with 1
with 1
with 1
with 1
with 1
with 1
with 1
with 1
with 1
with 1
with 1
with 1
with 1
with 1
with 1
with 1
with 1
with 1
with 1
with 1
with 1
with 1
with 1
with 1
with 1
with 1
with 1
with 1
with 1
with 1
with 1
with 1
with 1
with 1
with 1
with 1
with 1
with 1
with 1
with 1
with 1
with 1
with 1
with 1
with 1
with 1
with 1
with 1
with 1
with 1
with 1
with 1
with 1
with 1
with 1
with 1
with 1
with 1
with 1
with 1
with 1
with 1
with 1
with 1
with 1
with 1
with 1
with 1
with 1
with 1
with 1
with 1
with 1
with 1
with 1
with 1
with 1
with 1
with 1
with 1
with 1
with 1
with 1
with 1
with 1
with 1
with 1
with 1
with 1
with 1
with 1
with 1
with 1
with 1
with 1
with 1
with 1
with 1
with 1
with 1
with 1
with 1
with 1
with 1
with 1
with 1
with 1
with 1
with 1
with 1
with 1
with 1
with 1
with 1
with 1
with 1
with 1
with 1
with 1
with 1
with 1
with 1
with 1
with 1
with 1
with 1
with 1
with 1
with 1
with 1
with 1
with 1
with 1
with 1
with 1
with 1
with 1
with 1
with 1
with 1
with 1
with 1
with 1
with 1
with 1
with 1
with 1
with 1
with 1
with 1
with 1
with 1
with 1
with 1
with 1
with 1
with 1
with 1
with 1
with 1
with 1
with 1
with 1
with 1
with 1
with 1
with 1
with 1
with 1
with 1
with 1
with 1
with 1
with 1
with 1
with 1
with 1
with 1
with 1
with 1
with 1
with 1
with 1
with 1
with 1
with 1
with 1
with 1
with 1
with 1
with 1
with 1
with 1
with 1
with 1
with 1
with 1
with 1
with 1
with 1
with 1
with 1
with 1
with 1
with 1
with 1
with 1
with 1
with 1
with 1
with 1
with 1
with 1
with 1
with 1
with 1
with 1
with 1
with 1
with 1
with 1
with 1
with 1
with 1
with 1
with 1
with 1
with 1
with 1
with 1
with 1
with 1
with 1
with 1
with 1
with 1
with 1
with 1
with 1
with 1
with 1
with 1
with 1
with 1
with 1
with 1
with 1
with 1
with 1
with 1
with 1
with 1
with 1
with 1
with 1
with 1
with 1
with 1
with 1
with 1
with 1
with 1
with 1
with 1
with 1
with 1
with 1
with 1
with 1
with 1
with 1
with 1
with 1
with 1
with 1
with 1
with 1
with 1
with 1
with 1
with 1
with 1
with 1
with 1
with 1
with 1
with 1
with 1
with 1
with 1
with 1
with 1
with 1
with 1
with 1
with 1
with 1
with 1
with 1
with 1
with 1
with 1
with 1
with 1
with 1
with 1
with 1
with 1
with 1
with 1
with 1
with 1
with 1
with 1
with 1
with 1
with 1
with 1
withered 1
won 1
won 1
won 1
wonderful 1
wonderful 1
wonderful 1
wonderful 1
wonderful 1
wonderful 1
wonderful 1
wonderful 1
wonderful 1
wonderful 1
wonderful 1
wonderful 1
wonderful 1
wonderful 1
wonderful 1
wonderful 1
wonderful 1
worked 1
worked 1
worked 1
worked 1
worked 1
worked 1
worked 1
worked 1
worship 1
wrap 1
wrinkled 1
wrinkled 1
wrinkled 1
wrought 1
yard 1
yesternight 1
youngest 1
youngster 1
zeal 1
zeal 1
zeal 1
zeal 1
