Achilles 1
Against 1
Algerian 1
Ask 1
Ask 1
Ask 1
BE 1
Baglioni 1
Basil 1
Basil 1
Basil 1
Basil 1
Basil 1
Basil 1
Basil 1
Basil 1
Basil 1
Basil 1
Basil 1
Basil 1
Basil 1
Basil 1
Basil 1
Basil 1
Basil 1
Basil 1
Basil 1
Basil 1
Basil 1
Basil 1
Basil 1
Basil 1
Basil 1
Basil 1
Basil 1
Basil 1
Basil 1
Basil 1
Basil 1
Basil 1
Basil 1
Basil 1
Basil 1
Basil 1
Basil 1
Basil 1
Basil 1
Basil 1
Basil 1
Basil 1
Basil 1
Basil 1
Basil 1
Basil 1
Basil 1
Basil 1
Basil 1
Basil 1
Basil 1
Basil 1
Basil 1
Basil 1
Basil 1
Basil 1
Basil 1
Basil 1
Basil 1
Basil 1
Basil 1
Basil 1
Basil 1
Basil 1
Basil 1
Basil 1
Basil 1
Basil 1
Basil 1
Basil 1
Basil 1
Basil 1
Basil 1
Basil 1
Basil 1
Basil 1
Basil 1
Basil 1
Basil 1
Basil 1
Basil 1
Basil 1
Basil 1
Basil 1
Basil 1
Basil 1
Basil 1
Basil 1
Basil 1
Basil 1
Basil 1
Basil 1
Basil 1
Basil 1
Basil 1
Basil 1
Basil 1
Basil 1
Basil 1
Basil 1
Basil 1
Basil 1
Basil 1
Basil 1
Basil 1
Basil 1
Basil 1
Basil 1
Basil 1
Basil 1
Basil 1
Basil 1
Basil 1
Basil 1
Basil 1
Basil 1
Basil 1
Basil 1
Basil 1
Basil 1
Basil 1
Basil 1
Basil 1
Basil 1
Basil 1
Basil 1
Basil 1
Basil 1
Basil 1
Basil 1
Basil 1
Basil 1
Basil 1
Basil 1
Basil 1
Basil 1
Basil 1
Basil 1
Basil 1
Basil 1
Basil 1
Basil 1
Basil 1
Basil 1
Basil 1
Basil 1
Basil 1
Basil 1
Basil 1
Basil 1
Basil 1
Basil 1
Basil 1
Basil 1
Basil 1
Basil 1
Basil 1
Basil 1
Bond 1
Book 1
Book 1
By 1
By 1
By 1
By 1
By 1
By 1
C 1
C 1
Copyright 1
Curiosity 1
Democritus 1
Did 1
Did 1
Did 1
Did 1
Did 1
Did 1
Did 1
Did 1
Did 1
Did 1
Did 1
Did 1
Did 1
Did 1
Difference 1
Diversity 1
Domitian 1
Edward 1
Else 1
Except 1
Except 1
Except 1
Except 1
Except 1
Except 1
FOUNDATION 1
FULL 1
FULL 1
Fancy 1
Fancy 1
Finally 1
Finally 1
Finally 1
Finally 1
Finally 1
Finally 1
Finally 1
Fratricide 1
GIVE 1
Garden 1
Gautier 1
Gautier 1
Gautier 1
Gautier 1
George 1
George 1
George 1
George 1
George 1
George 1
George 1
George 1
George 1
George 1
Germany 1
Gladstone 1
Gloucester 1
Goodbody 1
Gray 1
Gray 1
Gray 1
Gray 1
Gray 1
Gray 1
Gray 1
Gray 1
Gray 1
Gray 1
Gray 1
Gray 1
Gray 1
Gray 1
Gray 1
Gray 1
Gray 1
Gray 1
Gray 1
Gray 1
Gray 1
Gray 1
Gray 1
Gray 1
Gray 1
Gray 1
Gray 1
Gray 1
Gray 1
Gray 1
Gray 1
Gray 1
Gray 1
Gray 1
Gray 1
Gray 1
Gray 1
Gray 1
Gray 1
Gray 1
Gray 1
Gray 1
Gray 1
Gray 1
Gray 1
Gray 1
Gray 1
Gray 1
Gray 1
Gray 1
Gray 1
Gray 1
Gray 1
Gray 1
Gray 1
Gray 1
Gray 1
Gray 1
Gray 1
Gray 1
Gray 1
Gray 1
Gray 1
Gray 1
Gray 1
Gray 1
Gray 1
Gray 1
Gray 1
Gray 1
Gray 1
Gray 1
Gray 1
Gray 1
Gray 1
Gray 1
Gray 1
Gray 1
Gray 1
Gray 1
Gray 1
Gray 1
Gray 1
Gray 1
Gray 1
Gray 1
Gray 1
Gray 1
Gray 1
Gray 1
Gray 1
Gray 1
Gray 1
Gray 1
Gray 1
Gray 1
Gray 1
Gray 1
Gray 1
Gray 1
Gray 1
Gray 1
Gray 1
Gray 1
Gray 1
Gray 1
Gray 1
Gray 1
Gray 1
Gray 1
Gray 1
Gray 1
Gray 1
Gray 1
Gray 1
Gray 1
Gray 1
Gray 1
Gray 1
Gray 1
Gray 1
Gray 1
Gray 1
Gray 1
Gray 1
Gray 1
Gray 1
Gray 1
Gray 1
Gray 1
Gray 1
Gray 1
Gray 1
Gray 1
Gray 1
Gray 1
Gray 1
Gray 1
Gray 1
Gray 1
Gray 1
Gray 1
Gray 1
Gray 1
Gray 1
Gray 1
Gray 1
Gray 1
Gray 1
Gray 1
Gray 1
Gray 1
Gray 1
Gray 1
Gray 1
Gray 1
Gray 1
Gray 1
Gray 1
Gray 1
Gray 1
Gray 1
Gray 1
Gray 1
Gray 1
Gray 1
Gray 1
Gray 1
Gray 1
Gray 1
Gray 1
Gray 1
Gray 1
Gray 1
Gray 1
Gray 1
Gray 1
Gray 1
Gray 1
Gray 1
Gray 1
Gray 1
Gray 1
Gray 1
Gray 1
Gray 1
Gray 1
Gray 1
Gray 1
Gray 1
Gray 1
Gray 1
Gray 1
Gray 1
Gray 1
Gray 1
Gray 1
Gray 1
Gray 1
Gray 1
Gray 1
Gray 1
Gray 1
Grosvenor 1
Grosvenor 1
Grosvenor 1
Grosvenor 1
Grosvenor 1
HTML 1
HTML 1
Had 1
Had 1
Had 1
Had 1
Had 1
Had 1
Had 1
Had 1
Had 1
Had 1
Had 1
Had 1
Had 1
Had 1
Half 1
Half 1
Half 1
Half 1
Half 1
Huge 1
IF 1
INCIDENTAL 1
INDEMNITY 1
INQUEST 1
Jack 1
Jacquemart 1
Jermyn 1
Know 1
Leaden 1
Lord 1
Lord 1
Lord 1
Lord 1
Lord 1
Lord 1
Lord 1
Lord 1
Lord 1
Lord 1
Lord 1
Lord 1
Lord 1
Lord 1
Lord 1
Lord 1
Lord 1
Lord 1
Lord 1
Lord 1
Lord 1
Lord 1
Lord 1
Lord 1
Lord 1
Lord 1
Lord 1
Lord 1
Lord 1
Lord 1
Lord 1
Lord 1
Lord 1
Lord 1
Lord 1
Lord 1
Lord 1
Lord 1
Lord 1
Lord 1
Lord 1
Lord 1
Lord 1
Lord 1
Lord 1
Lord 1
Lord 1
Lord 1
Lord 1
Lord 1
Lord 1
Lord 1
Lord 1
Lord 1
Lord 1
Lord 1
Lord 1
Lord 1
Lord 1
Lord 1
Lord 1
Lord 1
Lord 1
Lord 1
Lord 1
Lord 1
Lord 1
Lord 1
Lord 1
Lord 1
Lord 1
Lord 1
Lord 1
Lord 1
Lord 1
Lord 1
Lord 1
Lord 1
Lord 1
Lord 1
Lord 1
Lord 1
Lord 1
Lord 1
Lord 1
Lord 1
Lord 1
Lord 1
Lord 1
Lord 1
Lord 1
Lord 1
Lord 1
Lord 1
Lord 1
Lord 1
Lord 1
Lord 1
Lord 1
Lord 1
Lord 1
Lord 1
Lord 1
Lord 1
Lord 1
Lord 1
Lord 1
Lord 1
Lord 1
Lord 1
Lord 1
Lord 1
Lord 1
Lord 1
Lord 1
Lord 1
Lord 1
Lord 1
Lord 1
Lord 1
Lord 1
Lord 1
Lord 1
Lord 1
Lord 1
Lord 1
Lord 1
Lord 1
Lord 1
Lord 1
Lord 1
Lord 1
Lord 1
Lord 1
Lord 1
Lord 1
Lord 1
Lord 1
Lord 1
Lord 1
Lord 1
Lord 1
Lord 1
Lord 1
Lord 1
Lord 1
Lord 1
Lord 1
Lord 1
Lord 1
Lord 1
Lord 1
Lord 1
Lord 1
Lord 1
Lord 1
Lord 1
Lord 1
Lord 1
Lord 1
Lord 1
Lord 1
Lord 1
Lord 1
Lord 1
Lord 1
Lord 1
Lord 1
Lord 1
Lord 1
Lord 1
Lord 1
Lord 1
Lord 1
Lord 1
Lord 1
Lord 1
Lord 1
Lord 1
Lord 1
Lord 1
Lord 1
Lord 1
Lord 1
Lord 1
Lord 1
Lord 1
Lord 1
Lord 1
Lord 1
Lord 1
Lord 1
Lord 1
Lord 1
Lord 1
Lord 1
Lord 1
Lord 1
Lord 1
Lord 1
Lord 1
Lord 1
Lord 1
Lord 1
Lord 1
Lord 1
Lord 1
Lord 1
Lord 1
Lord 1
Lord 1
Lord 1
Lord 1
Lord 1
Lord 1
Lord 1
Lord 1
Lord 1
Lord 1
Lord 1
Lord 1
Lord 1
Lord 1
Lord 1
Lord 1
Lord 1
Lord 1
Lord 1
Lord 1
Lord 1
Lord 1
Lord 1
Lord 1
Lord 1
Lord 1
Lord 1
Lord 1
Lord 1
Lord 1
Lord 1
Lord 1
Lord 1
Lord 1
Lord 1
Lord 1
Madrid 1
Madrid 1
Melan 1
Memoires 1
Mere 1
Mere 1
Mexican 1
Might 1
Might 1
Mine 1
Monte 1
Mother 1
Mother 1
Mother 1
Mother 1
Mother 1
Mother 1
Mother 1
Mother 1
Mother 1
Mother 1
Mother 1
Mother 1
Mother 1
Mother 1
Mother 1
Mother 1
Mother 1
Mother 1
Mother 1
Mother 1
Mourn 1
Music 1
Music 1
NOT 1
NOT 1
Narborough 1
Narborough 1
Narborough 1
Narborough 1
Narborough 1
Narborough 1
Narborough 1
Narborough 1
Narborough 1
Narborough 1
Narborough 1
Narborough 1
Narborough 1
Narborough 1
Narborough 1
Narborough 1
Narborough 1
Narborough 1
Narborough 1
Narborough 1
Narborough 1
Narborough 1
Neither 1
Neither 1
OWNER 1
Omar 1
Once 1
Once 1
Once 1
Once 1
Once 1
Once 1
Once 1
Once 1
Orlando 1
PROVIDED 1
Paradoxes 1
People 1
People 1
People 1
People 1
People 1
People 1
Perdita 1
Perhaps 1
Perhaps 1
Perhaps 1
Perhaps 1
Perhaps 1
Perhaps 1
Perhaps 1
Perhaps 1
Perhaps 1
Perhaps 1
Perhaps 1
Perhaps 1
Perhaps 1
Perhaps 1
Perhaps 1
Perhaps 1
Perhaps 1
Perhaps 1
Perhaps 1
Perhaps 1
Perhaps 1
Perhaps 1
Perhaps 1
Perhaps 1
Pietro 1
Pietro 1
Possibly 1
Prince 1
Prince 1
Prince 1
Prince 1
Prince 1
Prince 1
Prince 1
Prince 1
Prince 1
Prince 1
Prince 1
Prince 1
Prince 1
Prince 1
Prince 1
Prince 1
Professor 1
Quatorze 1
Quatorze 1
Radicals 1
Radley 1
Radley 1
Radley 1
Regret 1
Religion 1
Religion 1
Romantic 1
Rubinstein 1
SUCH 1
Safe 1
Scenes 1
Seems 1
Silenus 1
Somewhere 1
Somewhere 1
Soul 1
South 1
South 1
Special 1
St 1
St 1
St 1
St 1
Standard 1
Staveley 1
Staveley 1
Summer 1
Tannhauser 1
Tartuffe 1
Tell 1
Tell 1
Tell 1
Tell 1
Tell 1
Tell 1
Tell 1
Tell 1
Tell 1
Theatre 1
Threads 1
Through 1
Through 1
Through 1
Through 1
Tripos 1
Try 1
Tuesday 1
Tuesday 1
Tuesday 1
Tuesday 1
U 1
U 1
U 1
United 1
United 1
United 1
United 1
United 1
United 1
United 1
United 1
United 1
United 1
Upstairs 1
VI 1
VI 1
Vanilla 1
Vanilla 1
Venetians 1
Wait 1
Wait 1
Wait 1
Wasn 1
Worlds 1
Would 1
Would 1
Would 1
Would 1
Would 1
Write 1
Write 1
Yes 1
Yes 1
Yes 1
Yes 1
Yes 1
Yes 1
Yes 1
Yes 1
Yes 1
Yes 1
Yes 1
Yes 1
Yes 1
Yes 1
Yes 1
Yes 1
Yes 1
Yes 1
Yes 1
Yes 1
Yes 1
Yes 1
Yes 1
Yes 1
Yes 1
Yes 1
Yes 1
Yes 1
Yes 1
Yes 1
Yes 1
Yes 1
Yes 1
Yes 1
Yes 1
Yes 1
Yes 1
Yes 1
Yes 1
Yes 1
Yes 1
Yes 1
Yes 1
Yes 1
Yes 1
Yes 1
Yes 1
Yes 1
Yes 1
Yes 1
Yes 1
Yes 1
Yes 1
Yes 1
Yes 1
Yes 1
Yes 1
Yes 1
Yes 1
Yes 1
Yes 1
Yes 1
Yes 1
Yes 1
Yes 1
Yes 1
Yes 1
Yes 1
Yes 1
Yes 1
Yes 1
Yes 1
Yes 1
Yes 1
Yes 1
Yes 1
Yes 1
Yes 1
Yes 1
a 1
a 1
a 1
a 1
a 1
a 1
a 1
a 1
a 1
a 1
a 1
a 1
a 1
a 1
a 1
a 1
a 1
a 1
a 1
a 1
a 1
a 1
a 1
a 1
a 1
a 1
a 1
a 1
a 1
a 1
a 1
a 1
a 1
a 1
a 1
a 1
a 1
a 1
a 1
a 1
a 1
a 1
a 1
a 1
a 1
a 1
a 1
a 1
a 1
a 1
a 1
a 1
a 1
a 1
a 1
a 1
a 1
a 1
a 1
a 1
a 1
a 1
a 1
a 1
a 1
a 1
a 1
a 1
a 1
a 1
a 1
a 1
a 1
a 1
a 1
a 1
a 1
a 1
a 1
a 1
a 1
a 1
a 1
a 1
a 1
a 1
a 1
a 1
a 1
a 1
a 1
a 1
a 1
a 1
a 1
a 1
a 1
a 1
a 1
a 1
a 1
a 1
a 1
a 1
a 1
a 1
a 1
a 1
a 1
a 1
a 1
a 1
a 1
a 1
a 1
a 1
a 1
a 1
a 1
a 1
a 1
a 1
a 1
a 1
a 1
a 1
a 1
a 1
a 1
a 1
a 1
a 1
a 1
a 1
a 1
a 1
a 1
a 1
a 1
a 1
a 1
a 1
a 1
a 1
a 1
a 1
a 1
a 1
a 1
a 1
a 1
a 1
a 1
a 1
a 1
a 1
a 1
a 1
a 1
a 1
a 1
a 1
a 1
a 1
a 1
a 1
a 1
a 1
a 1
a 1
a 1
a 1
a 1
a 1
a 1
a 1
a 1
a 1
a 1
a 1
a 1
a 1
a 1
a 1
a 1
a 1
a 1
a 1
a 1
a 1
a 1
a 1
a 1
a 1
a 1
a 1
a 1
a 1
a 1
a 1
a 1
a 1
a 1
a 1
a 1
a 1
a 1
a 1
a 1
a 1
a 1
a 1
a 1
a 1
a 1
a 1
a 1
a 1
a 1
a 1
a 1
a 1
a 1
a 1
a 1
a 1
a 1
a 1
a 1
a 1
a 1
a 1
a 1
a 1
a 1
a 1
a 1
a 1
a 1
a 1
a 1
a 1
a 1
a 1
a 1
a 1
a 1
a 1
a 1
a 1
a 1
a 1
a 1
a 1
a 1
a 1
a 1
a 1
a 1
a 1
a 1
a 1
a 1
a 1
a 1
a 1
a 1
a 1
a 1
a 1
a 1
a 1
a 1
a 1
a 1
a 1
a 1
a 1
a 1
a 1
a 1
a 1
a 1
a 1
a 1
a 1
a 1
a 1
a 1
a 1
a 1
a 1
a 1
a 1
a 1
a 1
a 1
a 1
a 1
a 1
a 1
a 1
a 1
a 1
a 1
a 1
a 1
a 1
a 1
a 1
a 1
a 1
a 1
a 1
a 1
a 1
a 1
a 1
a 1
a 1
a 1
a 1
a 1
a 1
a 1
a 1
a 1
a 1
a 1
a 1
a 1
a 1
a 1
a 1
a 1
a 1
a 1
a 1
a 1
a 1
a 1
a 1
a 1
a 1
a 1
a 1
a 1
a 1
a 1
a 1
a 1
a 1
a 1
a 1
a 1
a 1
a 1
a 1
a 1
a 1
a 1
a 1
a 1
a 1
a 1
a 1
a 1
a 1
a 1
a 1
a 1
a 1
a 1
a 1
a 1
a 1
a 1
a 1
a 1
a 1
a 1
a 1
a 1
a 1
a 1
a 1
a 1
a 1
a 1
a 1
a 1
a 1
a 1
a 1
a 1
a 1
a 1
a 1
a 1
a 1
a 1
a 1
a 1
a 1
a 1
a 1
a 1
a 1
a 1
a 1
a 1
a 1
a 1
a 1
a 1
a 1
a 1
a 1
a 1
a 1
a 1
a 1
a 1
a 1
a 1
a 1
a 1
a 1
a 1
a 1
a 1
a 1
a 1
a 1
a 1
a 1
a 1
a 1
a 1
a 1
a 1
a 1
a 1
a 1
a 1
a 1
a 1
a 1
a 1
a 1
a 1
a 1
a 1
a 1
a 1
a 1
a 1
a 1
a 1
a 1
a 1
a 1
a 1
a 1
a 1
a 1
a 1
a 1
a 1
a 1
a 1
a 1
a 1
a 1
a 1
a 1
a 1
a 1
a 1
a 1
a 1
a 1
a 1
a 1
a 1
a 1
a 1
a 1
a 1
a 1
a 1
a 1
a 1
a 1
a 1
a 1
a 1
a 1
a 1
a 1
a 1
a 1
a 1
a 1
a 1
a 1
a 1
a 1
a 1
a 1
a 1
a 1
a 1
a 1
a 1
a 1
a 1
a 1
a 1
a 1
a 1
a 1
a 1
a 1
a 1
a 1
a 1
a 1
a 1
a 1
a 1
a 1
a 1
a 1
a 1
a 1
a 1
a 1
a 1
a 1
a 1
a 1
a 1
a 1
a 1
a 1
a 1
a 1
a 1
a 1
a 1
a 1
a 1
a 1
a 1
a 1
a 1
a 1
a 1
a 1
a 1
a 1
a 1
a 1
a 1
a 1
a 1
a 1
a 1
a 1
a 1
a 1
a 1
a 1
a 1
a 1
a 1
a 1
a 1
a 1
a 1
a 1
a 1
a 1
a 1
a 1
a 1
a 1
a 1
a 1
a 1
a 1
a 1
a 1
a 1
a 1
a 1
a 1
a 1
a 1
a 1
a 1
a 1
a 1
a 1
a 1
a 1
a 1
a 1
a 1
a 1
a 1
a 1
a 1
a 1
a 1
a 1
a 1
a 1
a 1
a 1
a 1
a 1
a 1
a 1
a 1
a 1
a 1
a 1
a 1
a 1
a 1
a 1
a 1
a 1
a 1
a 1
a 1
a 1
a 1
a 1
a 1
a 1
a 1
a 1
a 1
a 1
a 1
a 1
a 1
a 1
a 1
a 1
a 1
a 1
a 1
a 1
a 1
a 1
a 1
a 1
a 1
a 1
a 1
a 1
a 1
a 1
a 1
a 1
a 1
a 1
a 1
a 1
a 1
a 1
a 1
a 1
a 1
a 1
a 1
a 1
a 1
a 1
a 1
a 1
a 1
a 1
a 1
a 1
a 1
a 1
a 1
a 1
a 1
a 1
a 1
a 1
a 1
a 1
a 1
a 1
a 1
a 1
a 1
a 1
a 1
a 1
a 1
a 1
a 1
a 1
a 1
a 1
a 1
a 1
a 1
a 1
a 1
a 1
a 1
a 1
a 1
a 1
a 1
a 1
a 1
a 1
a 1
a 1
a 1
a 1
a 1
a 1
a 1
a 1
a 1
a 1
a 1
a 1
a 1
a 1
a 1
a 1
a 1
a 1
a 1
a 1
a 1
a 1
a 1
a 1
a 1
a 1
a 1
a 1
a 1
a 1
a 1
a 1
a 1
a 1
a 1
a 1
a 1
a 1
a 1
a 1
a 1
a 1
a 1
a 1
a 1
a 1
a 1
a 1
a 1
a 1
a 1
a 1
a 1
a 1
a 1
a 1
a 1
a 1
a 1
a 1
a 1
a 1
a 1
a 1
a 1
a 1
a 1
a 1
a 1
a 1
a 1
a 1
a 1
a 1
a 1
a 1
a 1
a 1
a 1
a 1
a 1
a 1
a 1
a 1
a 1
a 1
a 1
a 1
a 1
a 1
a 1
a 1
a 1
a 1
a 1
a 1
a 1
a 1
a 1
a 1
a 1
a 1
a 1
a 1
a 1
a 1
a 1
a 1
a 1
a 1
a 1
a 1
a 1
a 1
a 1
a 1
a 1
a 1
a 1
a 1
a 1
a 1
a 1
a 1
a 1
a 1
a 1
a 1
a 1
a 1
a 1
a 1
a 1
a 1
a 1
a 1
a 1
a 1
a 1
a 1
a 1
a 1
a 1
a 1
a 1
a 1
a 1
a 1
a 1
a 1
a 1
a 1
a 1
a 1
a 1
a 1
a 1
a 1
a 1
a 1
a 1
a 1
a 1
a 1
a 1
a 1
a 1
a 1
a 1
a 1
a 1
a 1
a 1
a 1
a 1
a 1
a 1
a 1
a 1
a 1
a 1
a 1
a 1
a 1
a 1
a 1
a 1
a 1
a 1
a 1
a 1
a 1
a 1
a 1
a 1
a 1
a 1
a 1
a 1
a 1
a 1
a 1
a 1
a 1
a 1
a 1
a 1
a 1
a 1
a 1
a 1
a 1
a 1
a 1
a 1
a 1
a 1
a 1
a 1
a 1
a 1
a 1
a 1
a 1
a 1
a 1
a 1
a 1
a 1
a 1
a 1
a 1
a 1
a 1
a 1
a 1
a 1
a 1
a 1
a 1
a 1
a 1
a 1
a 1
a 1
a 1
a 1
a 1
a 1
a 1
a 1
a 1
a 1
a 1
a 1
a 1
a 1
a 1
a 1
a 1
a 1
a 1
a 1
a 1
a 1
a 1
a 1
a 1
a 1
a 1
a 1
a 1
a 1
a 1
a 1
a 1
a 1
a 1
a 1
a 1
a 1
a 1
a 1
a 1
a 1
a 1
a 1
a 1
a 1
a 1
a 1
a 1
a 1
a 1
a 1
a 1
a 1
a 1
a 1
a 1
a 1
a 1
a 1
a 1
a 1
a 1
a 1
a 1
a 1
a 1
a 1
a 1
a 1
a 1
a 1
a 1
a 1
a 1
a 1
a 1
a 1
a 1
a 1
a 1
a 1
a 1
a 1
a 1
a 1
a 1
a 1
a 1
a 1
a 1
a 1
a 1
a 1
a 1
a 1
a 1
a 1
a 1
a 1
a 1
a 1
a 1
a 1
a 1
a 1
a 1
a 1
a 1
a 1
a 1
a 1
a 1
a 1
a 1
a 1
a 1
a 1
a 1
a 1
a 1
a 1
a 1
a 1
a 1
a 1
a 1
a 1
a 1
a 1
a 1
a 1
a 1
a 1
a 1
a 1
a 1
a 1
a 1
a 1
a 1
a 1
a 1
a 1
a 1
a 1
a 1
a 1
a 1
a 1
a 1
a 1
a 1
a 1
a 1
a 1
a 1
a 1
a 1
a 1
a 1
a 1
a 1
a 1
a 1
a 1
a 1
a 1
a 1
a 1
a 1
a 1
a 1
a 1
a 1
a 1
a 1
a 1
a 1
a 1
a 1
a 1
a 1
a 1
a 1
a 1
a 1
a 1
a 1
a 1
a 1
a 1
a 1
a 1
a 1
a 1
a 1
a 1
a 1
a 1
a 1
a 1
a 1
a 1
a 1
a 1
a 1
a 1
a 1
a 1
a 1
a 1
a 1
a 1
a 1
a 1
a 1
a 1
a 1
a 1
a 1
a 1
a 1
a 1
a 1
a 1
a 1
a 1
a 1
a 1
a 1
a 1
a 1
a 1
a 1
a 1
a 1
a 1
a 1
a 1
a 1
a 1
a 1
a 1
a 1
a 1
a 1
a 1
a 1
a 1
a 1
a 1
a 1
a 1
a 1
a 1
a 1
a 1
a 1
a 1
a 1
a 1
a 1
a 1
a 1
a 1
a 1
a 1
a 1
a 1
a 1
a 1
a 1
a 1
a 1
a 1
a 1
a 1
a 1
a 1
a 1
a 1
a 1
a 1
a 1
a 1
a 1
a 1
a 1
a 1
a 1
a 1
a 1
a 1
a 1
a 1
a 1
a 1
a 1
a 1
a 1
a 1
a 1
a 1
a 1
a 1
a 1
a 1
a 1
a 1
a 1
a 1
a 1
a 1
a 1
a 1
a 1
a 1
a 1
a 1
a 1
a 1
a 1
a 1
a 1
a 1
a 1
a 1
a 1
a 1
a 1
a 1
a 1
a 1
a 1
a 1
a 1
a 1
a 1
a 1
a 1
a 1
a 1
a 1
a 1
a 1
a 1
a 1
a 1
a 1
a 1
a 1
a 1
a 1
a 1
a 1
a 1
a 1
a 1
a 1
a 1
a 1
a 1
a 1
a 1
a 1
a 1
a 1
a 1
a 1
a 1
a 1
a 1
a 1
a 1
a 1
a 1
a 1
a 1
a 1
a 1
a 1
a 1
a 1
a 1
a 1
a 1
a 1
a 1
a 1
a 1
a 1
a 1
a 1
a 1
a 1
a 1
a 1
a 1
a 1
a 1
a 1
a 1
a 1
a 1
a 1
a 1
a 1
a 1
a 1
a 1
a 1
a 1
a 1
a 1
a 1
a 1
a 1
a 1
a 1
a 1
a 1
a 1
a 1
a 1
a 1
a 1
a 1
a 1
a 1
a 1
a 1
a 1
a 1
a 1
a 1
a 1
a 1
a 1
a 1
a 1
a 1
a 1
a 1
a 1
a 1
a 1
a 1
a 1
a 1
a 1
a 1
a 1
a 1
a 1
a 1
a 1
a 1
a 1
a 1
a 1
a 1
a 1
a 1
a 1
a 1
a 1
a 1
a 1
a 1
a 1
a 1
a 1
a 1
a 1
a 1
a 1
a 1
a 1
a 1
a 1
a 1
a 1
a 1
a 1
a 1
a 1
a 1
a 1
a 1
a 1
a 1
a 1
a 1
a 1
a 1
a 1
a 1
a 1
a 1
a 1
a 1
a 1
a 1
a 1
a 1
a 1
a 1
a 1
a 1
a 1
a 1
a 1
a 1
a 1
a 1
a 1
a 1
a 1
a 1
a 1
a 1
a 1
a 1
a 1
a 1
a 1
a 1
a 1
a 1
a 1
a 1
a 1
a 1
a 1
a 1
a 1
a 1
a 1
a 1
a 1
a 1
a 1
a 1
a 1
a 1
a 1
a 1
a 1
a 1
a 1
a 1
a 1
a 1
a 1
a 1
a 1
a 1
a 1
a 1
a 1
a 1
a 1
a 1
a 1
a 1
a 1
a 1
a 1
a 1
a 1
a 1
a 1
a 1
a 1
a 1
a 1
a 1
a 1
a 1
a 1
a 1
a 1
a 1
a 1
a 1
a 1
a 1
a 1
a 1
a 1
a 1
a 1
a 1
a 1
a 1
a 1
a 1
a 1
a 1
a 1
a 1
a 1
a 1
a 1
a 1
a 1
a 1
a 1
a 1
a 1
a 1
a 1
a 1
a 1
a 1
a 1
a 1
a 1
a 1
a 1
a 1
a 1
a 1
a 1
a 1
a 1
a 1
a 1
a 1
a 1
a 1
a 1
a 1
a 1
a 1
a 1
a 1
a 1
a 1
a 1
a 1
a 1
a 1
a 1
a 1
a 1
a 1
a 1
a 1
a 1
a 1
abject 1
aborde 1
absorption 1
acceptance 1
accepted 1
accepted 1
accessed 1
acquaintance 1
acquaintance 1
acted 1
acted 1
acted 1
actress 1
actress 1
actress 1
actress 1
actress 1
actress 1
actress 1
actress 1
admires 1
afraid 1
afraid 1
afraid 1
afraid 1
afraid 1
afraid 1
afraid 1
afraid 1
afraid 1
afraid 1
afraid 1
afraid 1
afraid 1
afraid 1
afraid 1
afraid 1
afraid 1
afraid 1
afraid 1
afraid 1
afraid 1
afraid 1
afraid 1
afraid 1
afraid 1
afraid 1
afraid 1
afraid 1
afraid 1
afraid 1
afraid 1
afraid 1
afraid 1
afraid 1
afraid 1
afraid 1
afraid 1
afraid 1
afraid 1
afraid 1
afraid 1
afraid 1
afraid 1
afraid 1
afraid 1
afraid 1
afraid 1
afraid 1
afraid 1
afraid 1
afraid 1
afraid 1
afraid 1
afraid 1
afraid 1
afraid 1
afraid 1
afraid 1
afraid 1
afraid 1
afraid 1
agent 1
alive 1
alive 1
all 1
all 1
all 1
all 1
all 1
all 1
all 1
all 1
all 1
all 1
all 1
all 1
all 1
all 1
all 1
all 1
all 1
all 1
all 1
all 1
all 1
all 1
all 1
all 1
all 1
all 1
all 1
all 1
all 1
all 1
all 1
all 1
all 1
all 1
all 1
all 1
all 1
all 1
all 1
all 1
all 1
all 1
all 1
all 1
all 1
all 1
all 1
all 1
all 1
all 1
all 1
all 1
all 1
all 1
all 1
all 1
all 1
all 1
all 1
all 1
all 1
all 1
all 1
all 1
all 1
all 1
all 1
all 1
all 1
all 1
all 1
all 1
all 1
all 1
all 1
all 1
all 1
all 1
all 1
all 1
all 1
all 1
all 1
all 1
all 1
all 1
all 1
all 1
all 1
all 1
all 1
all 1
all 1
all 1
all 1
all 1
all 1
all 1
all 1
all 1
all 1
all 1
all 1
all 1
all 1
all 1
all 1
all 1
all 1
all 1
all 1
all 1
all 1
all 1
all 1
all 1
all 1
all 1
all 1
all 1
all 1
all 1
all 1
all 1
all 1
all 1
all 1
all 1
all 1
all 1
all 1
all 1
all 1
all 1
all 1
all 1
all 1
all 1
all 1
all 1
all 1
all 1
all 1
all 1
all 1
all 1
all 1
all 1
all 1
all 1
all 1
all 1
all 1
all 1
all 1
all 1
all 1
all 1
all 1
all 1
all 1
all 1
all 1
all 1
all 1
all 1
all 1
all 1
all 1
all 1
all 1
all 1
all 1
all 1
all 1
all 1
all 1
all 1
all 1
all 1
all 1
all 1
all 1
all 1
all 1
all 1
all 1
all 1
all 1
all 1
all 1
all 1
all 1
all 1
all 1
all 1
all 1
all 1
all 1
all 1
all 1
all 1
all 1
all 1
all 1
all 1
all 1
all 1
all 1
all 1
all 1
all 1
all 1
all 1
all 1
all 1
all 1
all 1
all 1
all 1
all 1
all 1
all 1
all 1
all 1
all 1
all 1
all 1
all 1
all 1
all 1
all 1
all 1
all 1
all 1
all 1
all 1
all 1
all 1
all 1
all 1
all 1
all 1
all 1
all 1
all 1
all 1
all 1
all 1
all 1
all 1
all 1
all 1
all 1
all 1
all 1
all 1
all 1
all 1
all 1
all 1
all 1
all 1
all 1
all 1
all 1
all 1
all 1
all 1
all 1
all 1
all 1
all 1
all 1
all 1
all 1
all 1
all 1
all 1
all 1
all 1
all 1
all 1
all 1
all 1
all 1
all 1
also 1
also 1
also 1
also 1
also 1
also 1
also 1
also 1
also 1
also 1
also 1
also 1
also 1
also 1
also 1
also 1
also 1
also 1
also 1
also 1
also 1
alternative 1
announce 1
annoy 1
annoying 1
annoying 1
antique 1
antique 1
antique 1
anywhere 1
anywhere 1
anywhere 1
anywhere 1
anywhere 1
anywhere 1
anywhere 1
apes 1
apes 1
applause 1
apples 1
archaisms 1
archway 1
archway 1
argot 1
assure 1
assure 1
assure 1
assure 1
assure 1
assure 1
assure 1
assure 1
assure 1
assure 1
atom 1
atom 1
atone 1
atone 1
atone 1
atonement 1
atonement 1
authoritative 1
awful 1
awful 1
awful 1
awful 1
awful 1
bald 1
bankruptcies 1
bar 1
bar 1
bar 1
bar 1
bar 1
bar 1
be 1
be 1
be 1
be 1
be 1
be 1
be 1
be 1
be 1
be 1
be 1
be 1
be 1
be 1
be 1
be 1
be 1
be 1
be 1
be 1
be 1
be 1
be 1
be 1
be 1
be 1
be 1
be 1
be 1
be 1
be 1
be 1
be 1
be 1
be 1
be 1
be 1
be 1
be 1
be 1
be 1
be 1
be 1
be 1
be 1
be 1
be 1
be 1
be 1
be 1
be 1
be 1
be 1
be 1
be 1
be 1
be 1
be 1
be 1
be 1
be 1
be 1
be 1
be 1
be 1
be 1
be 1
be 1
be 1
be 1
be 1
be 1
be 1
be 1
be 1
be 1
be 1
be 1
be 1
be 1
be 1
be 1
be 1
be 1
be 1
be 1
be 1
be 1
be 1
be 1
be 1
be 1
be 1
be 1
be 1
be 1
be 1
be 1
be 1
be 1
be 1
be 1
be 1
be 1
be 1
be 1
be 1
be 1
be 1
be 1
be 1
be 1
be 1
be 1
be 1
be 1
be 1
be 1
be 1
be 1
be 1
be 1
be 1
be 1
be 1
be 1
be 1
be 1
be 1
be 1
be 1
be 1
be 1
be 1
be 1
be 1
be 1
be 1
be 1
be 1
be 1
be 1
be 1
be 1
be 1
be 1
be 1
be 1
be 1
be 1
be 1
be 1
be 1
be 1
be 1
be 1
be 1
be 1
be 1
be 1
be 1
be 1
be 1
be 1
be 1
be 1
be 1
be 1
be 1
be 1
be 1
be 1
be 1
be 1
be 1
be 1
be 1
be 1
be 1
be 1
be 1
be 1
be 1
be 1
be 1
be 1
be 1
be 1
be 1
be 1
be 1
be 1
be 1
be 1
be 1
be 1
be 1
be 1
be 1
be 1
be 1
be 1
be 1
be 1
be 1
be 1
be 1
be 1
be 1
be 1
be 1
be 1
be 1
be 1
be 1
be 1
be 1
be 1
be 1
be 1
be 1
be 1
be 1
be 1
be 1
be 1
be 1
be 1
be 1
be 1
be 1
be 1
be 1
be 1
be 1
be 1
be 1
be 1
be 1
be 1
be 1
be 1
be 1
be 1
be 1
be 1
be 1
be 1
be 1
be 1
be 1
be 1
be 1
be 1
be 1
be 1
be 1
be 1
be 1
be 1
be 1
be 1
be 1
be 1
be 1
be 1
be 1
be 1
be 1
be 1
be 1
be 1
be 1
be 1
be 1
be 1
be 1
be 1
be 1
be 1
be 1
be 1
be 1
be 1
be 1
be 1
be 1
be 1
be 1
be 1
be 1
be 1
be 1
be 1
be 1
be 1
be 1
be 1
be 1
be 1
be 1
be 1
be 1
be 1
be 1
be 1
be 1
be 1
be 1
be 1
be 1
be 1
be 1
be 1
be 1
be 1
be 1
be 1
be 1
be 1
be 1
be 1
be 1
be 1
be 1
be 1
be 1
be 1
be 1
be 1
be 1
be 1
be 1
be 1
be 1
be 1
be 1
be 1
be 1
be 1
be 1
be 1
be 1
be 1
be 1
be 1
be 1
be 1
be 1
be 1
be 1
be 1
be 1
be 1
be 1
be 1
be 1
be 1
be 1
be 1
be 1
be 1
be 1
be 1
be 1
be 1
be 1
be 1
be 1
be 1
be 1
be 1
be 1
be 1
be 1
be 1
be 1
be 1
be 1
be 1
be 1
be 1
be 1
be 1
be 1
be 1
be 1
be 1
be 1
be 1
be 1
be 1
be 1
be 1
be 1
be 1
be 1
be 1
be 1
be 1
be 1
be 1
be 1
be 1
be 1
be 1
be 1
be 1
be 1
be 1
be 1
be 1
be 1
be 1
be 1
be 1
be 1
be 1
be 1
be 1
be 1
be 1
be 1
be 1
be 1
be 1
be 1
be 1
be 1
be 1
be 1
be 1
be 1
be 1
be 1
be 1
be 1
be 1
be 1
be 1
be 1
be 1
be 1
be 1
be 1
be 1
be 1
be 1
be 1
be 1
be 1
be 1
be 1
be 1
be 1
be 1
be 1
be 1
be 1
be 1
be 1
be 1
be 1
be 1
be 1
be 1
be 1
be 1
be 1
beads 1
beads 1
beam 1
beater 1
beater 1
became 1
became 1
became 1
became 1
became 1
became 1
became 1
became 1
became 1
became 1
became 1
became 1
became 1
became 1
became 1
became 1
became 1
became 1
became 1
became 1
became 1
became 1
became 1
became 1
became 1
became 1
became 1
became 1
became 1
became 1
before 1
before 1
before 1
before 1
before 1
before 1
before 1
before 1
before 1
before 1
before 1
before 1
before 1
before 1
before 1
before 1
before 1
before 1
before 1
before 1
before 1
before 1
before 1
before 1
before 1
before 1
before 1
before 1
before 1
before 1
before 1
before 1
before 1
before 1
before 1
before 1
before 1
before 1
before 1
before 1
before 1
before 1
before 1
before 1
before 1
before 1
before 1
before 1
before 1
before 1
before 1
before 1
before 1
before 1
before 1
before 1
before 1
before 1
before 1
before 1
before 1
before 1
before 1
before 1
before 1
before 1
before 1
before 1
began 1
began 1
began 1
began 1
began 1
began 1
began 1
began 1
began 1
began 1
began 1
began 1
began 1
began 1
began 1
began 1
began 1
began 1
began 1
began 1
began 1
began 1
began 1
began 1
began 1
began 1
began 1
began 1
began 1
began 1
began 1
began 1
began 1
began 1
began 1
began 1
began 1
began 1
began 1
began 1
began 1
began 1
began 1
began 1
being 1
being 1
being 1
being 1
being 1
being 1
being 1
being 1
being 1
being 1
being 1
being 1
being 1
being 1
being 1
being 1
being 1
being 1
being 1
being 1
being 1
being 1
being 1
being 1
being 1
being 1
being 1
being 1
being 1
being 1
being 1
being 1
being 1
being 1
being 1
being 1
being 1
being 1
being 1
being 1
being 1
being 1
being 1
being 1
being 1
being 1
being 1
being 1
being 1
being 1
being 1
being 1
being 1
being 1
being 1
being 1
being 1
being 1
being 1
being 1
being 1
beneath 1
beneath 1
beneath 1
beneath 1
beneath 1
beneath 1
beneath 1
beneath 1
beneath 1
bent 1
betting 1
bill 1
bill 1
bill 1
bill 1
bit 1
bit 1
bit 1
bit 1
bit 1
bit 1
bit 1
bit 1
bit 1
bit 1
bit 1
bit 1
bit 1
bitterly 1
bitterly 1
bitterly 1
bitterly 1
bitterly 1
blazing 1
blazing 1
blazoned 1
book 1
book 1
book 1
book 1
book 1
book 1
book 1
book 1
book 1
book 1
book 1
book 1
book 1
book 1
book 1
book 1
book 1
book 1
book 1
book 1
book 1
book 1
book 1
book 1
book 1
book 1
book 1
book 1
book 1
brawled 1
break 1
break 1
break 1
breathed 1
broke 1
broke 1
broke 1
broke 1
broke 1
broke 1
broke 1
broke 1
broke 1
broke 1
broke 1
broke 1
broke 1
broke 1
broke 1
broke 1
broke 1
broke 1
broke 1
broke 1
broke 1
broke 1
bronzes 1
brougham 1
brougham 1
brougham 1
bulky 1
busy 1
cabs 1
candleshades 1
care 1
care 1
care 1
care 1
care 1
care 1
care 1
care 1
care 1
care 1
care 1
care 1
care 1
care 1
care 1
care 1
care 1
care 1
care 1
care 1
cared 1
cared 1
carnal 1
carpet 1
carpet 1
carpet 1
carpet 1
carpet 1
carrying 1
carrying 1
carrying 1
carrying 1
cast 1
cast 1
cast 1
cedar 1
chair 1
chair 1
chair 1
chair 1
chair 1
chair 1
chair 1
chair 1
chair 1
chair 1
chair 1
chair 1
chair 1
chair 1
chair 1
chair 1
chair 1
chair 1
chair 1
chair 1
chair 1
chair 1
chair 1
chair 1
chair 1
chair 1
chair 1
chair 1
chair 1
chair 1
chair 1
chalice 1
chalice 1
challenge 1
character 1
character 1
character 1
character 1
character 1
character 1
chemicals 1
chemist 1
chiselled 1
chiselled 1
chiselled 1
circumstance 1
clarin 1
closely 1
clotted 1
clumsy 1
collar 1
collar 1
collar 1
comes 1
comes 1
comes 1
comes 1
comes 1
comes 1
comes 1
comes 1
comes 1
comes 1
comes 1
comme 1
companions 1
companions 1
complain 1
complain 1
compliance 1
compliance 1
compliance 1
compliance 1
confession 1
confession 1
confession 1
confession 1
confession 1
confession 1
confession 1
confession 1
connected 1
connected 1
connected 1
consented 1
consequence 1
consequence 1
consequence 1
consoled 1
consoled 1
consumption 1
contained 1
contained 1
contained 1
continue 1
convert 1
cooks 1
cope 1
cope 1
copying 1
copying 1
copying 1
copying 1
correctly 1
corrupt 1
corrupt 1
corrupt 1
corrupt 1
corrupt 1
counterpart 1
courteous 1
crawling 1
creaked 1
creating 1
creating 1
creating 1
creation 1
creation 1
creation 1
creation 1
creation 1
crimson 1
crimson 1
crimson 1
crimson 1
crimson 1
cruel 1
cruel 1
cruel 1
cruel 1
cruel 1
cruel 1
cruel 1
cruel 1
cruel 1
cruel 1
cruel 1
cruel 1
curls 1
curls 1
curls 1
cursing 1
curtains 1
curtains 1
curtains 1
curtains 1
curtains 1
custom 1
custom 1
custom 1
cynicism 1
dainties 1
damage 1
damask 1
damask 1
damask 1
damask 1
damask 1
dance 1
dance 1
darkness 1
darkness 1
darkness 1
darkness 1
darkness 1
daubed 1
decent 1
decent 1
decent 1
deception 1
deeply 1
defined 1
denial 1
denial 1
denial 1
denial 1
denial 1
desert 1
desert 1
destroys 1
dice 1
didn 1
didn 1
didn 1
didn 1
didn 1
didn 1
didn 1
didn 1
didn 1
didn 1
didn 1
didn 1
didn 1
didn 1
didn 1
didn 1
didn 1
didn 1
dimly 1
dimly 1
dimly 1
dimly 1
directors 1
discords 1
dishonour 1
disordered 1
distress 1
distribute 1
distribute 1
distribute 1
distribute 1
distribute 1
do 1
do 1
do 1
do 1
do 1
do 1
do 1
do 1
do 1
do 1
do 1
do 1
do 1
do 1
do 1
do 1
do 1
do 1
do 1
do 1
do 1
do 1
do 1
do 1
do 1
do 1
do 1
do 1
do 1
do 1
do 1
do 1
do 1
do 1
do 1
do 1
do 1
do 1
do 1
do 1
do 1
do 1
do 1
do 1
do 1
do 1
do 1
do 1
do 1
do 1
do 1
do 1
do 1
do 1
do 1
do 1
do 1
do 1
do 1
do 1
do 1
do 1
do 1
do 1
do 1
do 1
do 1
do 1
do 1
do 1
do 1
do 1
do 1
do 1
do 1
do 1
do 1
do 1
do 1
do 1
do 1
do 1
do 1
do 1
do 1
do 1
do 1
do 1
do 1
do 1
do 1
do 1
do 1
do 1
do 1
do 1
do 1
do 1
do 1
do 1
do 1
do 1
do 1
do 1
do 1
do 1
do 1
do 1
do 1
do 1
do 1
do 1
do 1
do 1
do 1
do 1
do 1
do 1
do 1
do 1
do 1
do 1
do 1
do 1
do 1
do 1
do 1
do 1
do 1
do 1
do 1
do 1
do 1
do 1
do 1
do 1
do 1
do 1
do 1
do 1
do 1
do 1
do 1
do 1
do 1
do 1
do 1
do 1
do 1
do 1
do 1
do 1
do 1
do 1
do 1
do 1
do 1
do 1
do 1
do 1
do 1
do 1
do 1
do 1
do 1
do 1
do 1
do 1
do 1
do 1
do 1
do 1
do 1
do 1
do 1
do 1
do 1
do 1
do 1
do 1
do 1
do 1
do 1
does 1
does 1
does 1
does 1
does 1
does 1
does 1
does 1
does 1
does 1
does 1
does 1
does 1
does 1
does 1
does 1
does 1
does 1
does 1
does 1
does 1
does 1
does 1
does 1
does 1
does 1
does 1
does 1
does 1
does 1
does 1
does 1
does 1
does 1
does 1
doggedly 1
doing 1
doing 1
doing 1
doing 1
doing 1
doing 1
doing 1
doing 1
doing 1
doing 1
doing 1
doing 1
doing 1
doing 1
doing 1
doing 1
doing 1
doing 1
doleful 1
doll 1
dominate 1
dominate 1
dominate 1
dominate 1
dominated 1
dominated 1
dominated 1
dominated 1
dominated 1
dominated 1
dominated 1
don 1
don 1
don 1
don 1
don 1
don 1
don 1
don 1
don 1
don 1
don 1
don 1
don 1
don 1
don 1
don 1
don 1
don 1
don 1
don 1
don 1
don 1
don 1
don 1
don 1
don 1
don 1
don 1
don 1
don 1
don 1
don 1
don 1
don 1
don 1
don 1
don 1
don 1
don 1
don 1
don 1
don 1
don 1
don 1
don 1
don 1
don 1
don 1
don 1
don 1
don 1
don 1
don 1
don 1
don 1
don 1
don 1
don 1
don 1
don 1
don 1
don 1
don 1
don 1
don 1
don 1
don 1
don 1
don 1
don 1
don 1
don 1
don 1
don 1
don 1
don 1
don 1
don 1
don 1
don 1
don 1
don 1
don 1
don 1
don 1
don 1
don 1
don 1
don 1
don 1
don 1
don 1
don 1
don 1
don 1
don 1
don 1
don 1
don 1
don 1
don 1
don 1
don 1
don 1
don 1
don 1
don 1
don 1
don 1
don 1
don 1
don 1
don 1
don 1
don 1
don 1
don 1
don 1
don 1
don 1
don 1
don 1
don 1
don 1
don 1
don 1
don 1
don 1
don 1
don 1
don 1
don 1
don 1
don 1
don 1
don 1
don 1
don 1
don 1
don 1
don 1
don 1
don 1
don 1
don 1
don 1
don 1
don 1
don 1
don 1
don 1
don 1
don 1
don 1
don 1
don 1
don 1
don 1
don 1
don 1
don 1
don 1
don 1
don 1
don 1
don 1
don 1
don 1
don 1
don 1
don 1
don 1
don 1
don 1
don 1
don 1
don 1
don 1
don 1
don 1
don 1
don 1
don 1
don 1
don 1
don 1
don 1
don 1
don 1
don 1
don 1
don 1
don 1
don 1
doors 1
doors 1
doors 1
doors 1
doors 1
doth 1
dreadful 1
dreadful 1
dreadful 1
dreadful 1
dreadful 1
dreadful 1
dreadful 1
dreadful 1
dreadful 1
dreadful 1
dreadful 1
dreadful 1
dreadful 1
dreadful 1
dreadful 1
dreadful 1
dreadful 1
dreadful 1
dreadful 1
dreadful 1
dreadful 1
dreadful 1
dreadful 1
dreadful 1
dreadful 1
dreadful 1
dreadful 1
dreadful 1
dreadful 1
dreadful 1
dreadful 1
dreadful 1
dreadful 1
dreadful 1
dreadful 1
dreadful 1
dreadful 1
dreadful 1
dreadful 1
dreadful 1
dreadful 1
dreadful 1
dreadful 1
dream 1
dream 1
dream 1
dream 1
dream 1
dream 1
dream 1
dream 1
dream 1
dream 1
dress 1
dress 1
dress 1
dress 1
dress 1
dress 1
dress 1
dress 1
dress 1
dress 1
dress 1
dress 1
dress 1
dress 1
dress 1
dress 1
dress 1
dress 1
drinks 1
drinks 1
drip 1
drip 1
driving 1
driving 1
drop 1
drop 1
drop 1
drop 1
drugs 1
dry 1
dry 1
dry 1
dry 1
dry 1
duets 1
duke 1
during 1
during 1
during 1
during 1
during 1
during 1
during 1
during 1
during 1
eared 1
easily 1
easily 1
easily 1
easily 1
easily 1
easily 1
easily 1
ebony 1
ebony 1
educational 1
either 1
either 1
either 1
either 1
either 1
either 1
either 1
either 1
either 1
either 1
either 1
either 1
either 1
either 1
either 1
either 1
either 1
either 1
either 1
either 1
either 1
either 1
either 1
either 1
either 1
either 1
eleven 1
eleven 1
eleven 1
eleven 1
eleven 1
eleven 1
eleven 1
eleven 1
eleven 1
emotion 1
emotion 1
emotion 1
emotion 1
emotion 1
emotion 1
emotion 1
enabled 1
ending 1
ending 1
ending 1
ending 1
ennui 1
ennui 1
ennui 1
entitled 1
entitled 1
entitled 1
entitled 1
equalled 1
esprit 1
esprit 1
everything 1
everything 1
everything 1
everything 1
everything 1
everything 1
everything 1
everything 1
everything 1
everything 1
everything 1
everything 1
everything 1
everything 1
everything 1
everything 1
everything 1
everything 1
everything 1
everything 1
everything 1
everything 1
everything 1
everything 1
everything 1
everything 1
everything 1
everything 1
everything 1
everything 1
everything 1
everything 1
everything 1
everything 1
everything 1
everything 1
everything 1
everything 1
everything 1
everything 1
everything 1
everything 1
everything 1
everything 1
everything 1
everything 1
everything 1
everything 1
everything 1
everything 1
everything 1
everything 1
everything 1
everything 1
everything 1
everything 1
everything 1
everything 1
everything 1
everything 1
everything 1
everything 1
everything 1
everything 1
everything 1
exact 1
excellently 1
except 1
except 1
except 1
except 1
except 1
except 1
except 1
except 1
except 1
except 1
except 1
except 1
except 1
except 1
except 1
exclamation 1
exhibit 1
exhibit 1
exhibit 1
exhibit 1
exhibit 1
exhibit 1
exhibit 1
exhibit 1
exhibit 1
exhibit 1
exist 1
expenditure 1
expenses 1
expenses 1
expensive 1
experiment 1
experiment 1
experiment 1
experiment 1
eye 1
eye 1
eye 1
eye 1
eye 1
eye 1
eye 1
eye 1
eye 1
eye 1
faced 1
faced 1
faced 1
faced 1
fairness 1
falling 1
falling 1
faltered 1
faltered 1
faults 1
faune 1
fed 1
fed 1
feels 1
feels 1
feels 1
feels 1
felt 1
felt 1
felt 1
felt 1
felt 1
felt 1
felt 1
felt 1
felt 1
felt 1
felt 1
felt 1
felt 1
felt 1
felt 1
felt 1
felt 1
felt 1
felt 1
felt 1
felt 1
felt 1
felt 1
felt 1
felt 1
felt 1
felt 1
felt 1
felt 1
felt 1
felt 1
felt 1
felt 1
felt 1
felt 1
felt 1
felt 1
felt 1
felt 1
felt 1
felt 1
felt 1
felt 1
felt 1
felt 1
felt 1
felt 1
felt 1
felt 1
felt 1
felt 1
felt 1
felt 1
felt 1
felt 1
felt 1
felt 1
felt 1
felt 1
felt 1
felt 1
felt 1
felt 1
felt 1
felt 1
felt 1
felt 1
felt 1
felt 1
felt 1
felt 1
felt 1
felt 1
felt 1
felt 1
felt 1
fifth 1
fifth 1
figures 1
figures 1
finest 1
finest 1
finest 1
finest 1
firing 1
fists 1
fit 1
fit 1
fit 1
fit 1
flake 1
flapping 1
fled 1
fled 1
florins 1
flushed 1
flushed 1
flushed 1
flushed 1
flushed 1
flushed 1
flushed 1
fluttered 1
fluttered 1
fopperies 1
for 1
for 1
for 1
for 1
for 1
for 1
for 1
for 1
for 1
for 1
for 1
for 1
for 1
for 1
for 1
for 1
for 1
for 1
for 1
for 1
for 1
for 1
for 1
for 1
for 1
for 1
for 1
for 1
for 1
for 1
for 1
for 1
for 1
for 1
for 1
for 1
for 1
for 1
for 1
for 1
for 1
for 1
for 1
for 1
for 1
for 1
for 1
for 1
for 1
for 1
for 1
for 1
for 1
for 1
for 1
for 1
for 1
for 1
for 1
for 1
for 1
for 1
for 1
for 1
for 1
for 1
for 1
for 1
for 1
for 1
for 1
for 1
for 1
for 1
for 1
for 1
for 1
for 1
for 1
for 1
for 1
for 1
for 1
for 1
for 1
for 1
for 1
for 1
for 1
for 1
for 1
for 1
for 1
for 1
for 1
for 1
for 1
for 1
for 1
for 1
for 1
for 1
for 1
for 1
for 1
for 1
for 1
for 1
for 1
for 1
for 1
for 1
for 1
for 1
for 1
for 1
for 1
for 1
for 1
for 1
for 1
for 1
for 1
for 1
for 1
for 1
for 1
for 1
for 1
for 1
for 1
for 1
for 1
for 1
for 1
for 1
for 1
for 1
for 1
for 1
for 1
for 1
for 1
for 1
for 1
for 1
for 1
for 1
for 1
for 1
for 1
for 1
for 1
for 1
for 1
for 1
for 1
for 1
for 1
for 1
for 1
for 1
for 1
for 1
for 1
for 1
for 1
for 1
for 1
for 1
for 1
for 1
for 1
for 1
for 1
for 1
for 1
for 1
for 1
for 1
for 1
for 1
for 1
for 1
for 1
for 1
for 1
for 1
for 1
for 1
for 1
for 1
for 1
for 1
for 1
for 1
for 1
for 1
for 1
for 1
for 1
for 1
for 1
for 1
for 1
for 1
for 1
for 1
for 1
for 1
for 1
for 1
for 1
for 1
for 1
for 1
for 1
for 1
for 1
for 1
for 1
for 1
for 1
for 1
for 1
for 1
for 1
for 1
for 1
for 1
for 1
for 1
for 1
for 1
for 1
for 1
for 1
for 1
for 1
for 1
for 1
for 1
for 1
for 1
for 1
for 1
for 1
for 1
for 1
for 1
for 1
for 1
for 1
for 1
for 1
for 1
for 1
for 1
for 1
for 1
for 1
for 1
for 1
for 1
for 1
for 1
for 1
for 1
for 1
for 1
for 1
for 1
for 1
for 1
for 1
for 1
for 1
for 1
for 1
for 1
for 1
for 1
for 1
for 1
for 1
for 1
for 1
for 1
for 1
for 1
for 1
for 1
for 1
for 1
for 1
for 1
for 1
for 1
for 1
for 1
for 1
for 1
for 1
for 1
for 1
for 1
for 1
for 1
for 1
for 1
for 1
for 1
for 1
for 1
for 1
for 1
for 1
for 1
for 1
for 1
for 1
for 1
for 1
for 1
for 1
for 1
for 1
for 1
for 1
for 1
for 1
for 1
for 1
for 1
for 1
for 1
for 1
for 1
for 1
for 1
for 1
for 1
for 1
for 1
for 1
for 1
for 1
for 1
for 1
for 1
for 1
for 1
for 1
for 1
for 1
for 1
for 1
for 1
for 1
for 1
for 1
for 1
for 1
for 1
for 1
for 1
for 1
for 1
for 1
for 1
for 1
for 1
for 1
for 1
for 1
for 1
for 1
for 1
for 1
for 1
for 1
for 1
for 1
for 1
for 1
for 1
for 1
for 1
for 1
for 1
for 1
for 1
for 1
for 1
for 1
for 1
for 1
for 1
for 1
for 1
for 1
for 1
for 1
for 1
for 1
for 1
for 1
for 1
for 1
for 1
for 1
for 1
for 1
for 1
for 1
for 1
for 1
for 1
for 1
for 1
for 1
for 1
for 1
for 1
for 1
for 1
for 1
for 1
for 1
for 1
for 1
for 1
for 1
for 1
for 1
for 1
for 1
for 1
for 1
for 1
for 1
for 1
for 1
for 1
for 1
for 1
for 1
for 1
for 1
for 1
for 1
for 1
for 1
for 1
for 1
for 1
for 1
for 1
for 1
for 1
for 1
for 1
for 1
for 1
for 1
for 1
for 1
for 1
for 1
for 1
for 1
for 1
for 1
for 1
for 1
for 1
for 1
for 1
for 1
for 1
for 1
for 1
for 1
for 1
for 1
for 1
for 1
for 1
for 1
for 1
for 1
for 1
for 1
for 1
for 1
for 1
for 1
for 1
for 1
for 1
for 1
for 1
for 1
for 1
for 1
for 1
for 1
for 1
for 1
for 1
for 1
for 1
for 1
for 1
for 1
for 1
for 1
for 1
for 1
for 1
for 1
for 1
for 1
for 1
for 1
for 1
for 1
for 1
for 1
for 1
for 1
for 1
for 1
for 1
for 1
for 1
for 1
for 1
for 1
for 1
for 1
for 1
for 1
for 1
for 1
for 1
for 1
for 1
for 1
for 1
for 1
for 1
for 1
for 1
for 1
for 1
for 1
for 1
for 1
for 1
for 1
for 1
for 1
for 1
for 1
for 1
for 1
for 1
for 1
for 1
for 1
forbidden 1
forced 1
forced 1
forced 1
forced 1
forced 1
former 1
frankincense 1
frantic 1
fro 1
fro 1
fro 1
full 1
full 1
full 1
full 1
full 1
full 1
full 1
full 1
full 1
full 1
full 1
full 1
full 1
full 1
full 1
full 1
full 1
full 1
full 1
full 1
full 1
full 1
full 1
full 1
full 1
full 1
furious 1
furious 1
furious 1
furious 1
gauzes 1
glasslike 1
glistened 1
glistened 1
gnaw 1
godlike 1
golds 1
graceful 1
graceful 1
graceful 1
graceful 1
graceful 1
graceful 1
graceful 1
gracious 1
gracious 1
gracious 1
gracious 1
grape 1
grave 1
grave 1
grave 1
grave 1
grave 1
grave 1
grave 1
grave 1
grave 1
grave 1
grave 1
grave 1
greatest 1
greatest 1
greatest 1
greatest 1
greatest 1
greatest 1
grief 1
grotesque 1
grotesque 1
grotesque 1
grotesque 1
grotesque 1
grotesque 1
grotesque 1
guffawed 1
guinea 1
hat 1
hat 1
hat 1
hat 1
hat 1
hat 1
hat 1
hat 1
hat 1
hat 1
hat 1
healthy 1
heartless 1
heartless 1
heavy 1
heavy 1
heavy 1
heavy 1
heavy 1
heavy 1
heavy 1
heavy 1
heavy 1
heavy 1
heavy 1
heavy 1
heavy 1
heavy 1
heavy 1
heavy 1
heavy 1
heavy 1
heavy 1
heavy 1
heavy 1
heavy 1
heavy 1
heavy 1
heavy 1
heavy 1
heavy 1
held 1
held 1
held 1
held 1
held 1
held 1
held 1
held 1
held 1
help 1
help 1
help 1
help 1
help 1
help 1
help 1
help 1
help 1
help 1
help 1
help 1
help 1
help 1
help 1
help 1
help 1
help 1
help 1
help 1
help 1
help 1
help 1
help 1
help 1
help 1
help 1
help 1
help 1
help 1
help 1
help 1
her 1
her 1
her 1
her 1
her 1
her 1
her 1
her 1
her 1
her 1
her 1
her 1
her 1
her 1
her 1
her 1
her 1
her 1
her 1
her 1
her 1
her 1
her 1
her 1
her 1
her 1
her 1
her 1
her 1
her 1
her 1
her 1
her 1
her 1
her 1
her 1
her 1
her 1
her 1
her 1
her 1
her 1
her 1
her 1
her 1
her 1
her 1
her 1
her 1
her 1
her 1
her 1
her 1
her 1
her 1
her 1
her 1
her 1
her 1
her 1
her 1
her 1
her 1
her 1
her 1
her 1
her 1
her 1
her 1
her 1
her 1
her 1
her 1
her 1
her 1
her 1
her 1
her 1
her 1
her 1
her 1
her 1
her 1
her 1
her 1
her 1
her 1
her 1
her 1
her 1
her 1
her 1
her 1
her 1
her 1
her 1
her 1
her 1
her 1
her 1
her 1
her 1
her 1
her 1
her 1
her 1
her 1
her 1
her 1
her 1
her 1
her 1
her 1
her 1
her 1
her 1
her 1
her 1
her 1
her 1
her 1
her 1
her 1
her 1
her 1
her 1
her 1
her 1
her 1
her 1
her 1
her 1
her 1
her 1
her 1
her 1
her 1
her 1
her 1
her 1
her 1
her 1
her 1
her 1
her 1
her 1
her 1
her 1
her 1
her 1
her 1
her 1
her 1
her 1
her 1
her 1
her 1
her 1
her 1
her 1
her 1
her 1
her 1
her 1
her 1
her 1
her 1
her 1
her 1
her 1
her 1
her 1
her 1
her 1
her 1
her 1
her 1
her 1
her 1
her 1
her 1
her 1
her 1
her 1
her 1
her 1
her 1
her 1
her 1
her 1
her 1
her 1
her 1
her 1
her 1
her 1
her 1
her 1
her 1
her 1
her 1
her 1
her 1
her 1
her 1
her 1
her 1
her 1
her 1
her 1
her 1
her 1
her 1
her 1
her 1
her 1
her 1
her 1
her 1
her 1
her 1
her 1
her 1
her 1
her 1
her 1
her 1
her 1
her 1
her 1
her 1
her 1
her 1
her 1
her 1
her 1
her 1
her 1
her 1
her 1
her 1
her 1
her 1
her 1
her 1
her 1
her 1
her 1
her 1
her 1
her 1
her 1
her 1
her 1
her 1
her 1
her 1
her 1
her 1
her 1
her 1
her 1
her 1
her 1
her 1
her 1
her 1
her 1
her 1
her 1
her 1
her 1
her 1
her 1
her 1
her 1
her 1
her 1
her 1
her 1
her 1
her 1
her 1
her 1
her 1
her 1
her 1
her 1
her 1
her 1
her 1
her 1
her 1
her 1
her 1
her 1
her 1
her 1
her 1
her 1
her 1
her 1
her 1
her 1
her 1
her 1
her 1
her 1
her 1
her 1
her 1
her 1
her 1
her 1
her 1
her 1
her 1
her 1
her 1
her 1
her 1
her 1
her 1
her 1
her 1
her 1
her 1
her 1
her 1
her 1
her 1
her 1
her 1
her 1
her 1
her 1
her 1
her 1
her 1
her 1
her 1
her 1
her 1
her 1
her 1
her 1
her 1
her 1
her 1
her 1
her 1
her 1
her 1
her 1
her 1
her 1
her 1
her 1
her 1
her 1
her 1
her 1
her 1
her 1
her 1
her 1
her 1
her 1
her 1
her 1
her 1
her 1
her 1
her 1
her 1
her 1
her 1
her 1
her 1
her 1
her 1
her 1
her 1
her 1
her 1
her 1
her 1
her 1
her 1
her 1
her 1
her 1
her 1
her 1
her 1
her 1
her 1
her 1
her 1
her 1
her 1
her 1
her 1
her 1
her 1
hiding 1
hiding 1
hiding 1
horrors 1
horrors 1
horrors 1
hospitals 1
human 1
human 1
human 1
human 1
humility 1
humped 1
hurried 1
hurried 1
hurried 1
hurried 1
hurried 1
huskily 1
ideal 1
ideal 1
ideal 1
ideal 1
ideal 1
ideal 1
ideal 1
ideal 1
ideal 1
ideal 1
ideal 1
ideal 1
ideality 1
ill 1
ill 1
ill 1
ill 1
ill 1
ill 1
ill 1
ill 1
ill 1
ill 1
ill 1
ill 1
imaginary 1
imagines 1
immensely 1
immensely 1
immensely 1
imperial 1
impression 1
impression 1
impression 1
impression 1
impression 1
impression 1
impulse 1
impulse 1
impulse 1
impulse 1
inchased 1
includes 1
indemnify 1
indolence 1
inhabitants 1
inhabitants 1
inordinate 1
inordinate 1
insisted 1
insisted 1
insisted 1
insisted 1
insisted 1
insisted 1
intelligent 1
intended 1
intended 1
intended 1
intended 1
interested 1
interested 1
interested 1
interested 1
interested 1
interested 1
interested 1
interested 1
interested 1
intolerable 1
intolerable 1
intolerable 1
invalid 1
invaluable 1
inverted 1
investigated 1
invisible 1
invisible 1
irresistible 1
je 1
jerkin 1
jerkin 1
job 1
justified 1
know 1
know 1
know 1
know 1
know 1
know 1
know 1
know 1
know 1
know 1
know 1
know 1
know 1
know 1
know 1
know 1
know 1
know 1
know 1
know 1
know 1
know 1
know 1
know 1
know 1
know 1
know 1
know 1
know 1
know 1
know 1
know 1
know 1
know 1
know 1
know 1
know 1
know 1
know 1
know 1
know 1
know 1
know 1
know 1
know 1
know 1
know 1
know 1
know 1
know 1
know 1
know 1
know 1
know 1
know 1
know 1
know 1
know 1
know 1
know 1
know 1
know 1
know 1
know 1
know 1
know 1
know 1
know 1
know 1
know 1
know 1
know 1
know 1
know 1
know 1
know 1
know 1
know 1
know 1
know 1
know 1
know 1
know 1
know 1
know 1
know 1
know 1
know 1
know 1
know 1
know 1
know 1
know 1
know 1
know 1
know 1
know 1
know 1
know 1
know 1
know 1
know 1
know 1
know 1
know 1
know 1
know 1
know 1
know 1
know 1
know 1
know 1
know 1
know 1
know 1
know 1
know 1
know 1
know 1
know 1
know 1
know 1
know 1
know 1
know 1
know 1
know 1
know 1
know 1
know 1
know 1
know 1
know 1
know 1
know 1
know 1
know 1
know 1
know 1
know 1
know 1
know 1
know 1
know 1
know 1
know 1
know 1
know 1
know 1
know 1
know 1
know 1
know 1
know 1
know 1
know 1
know 1
know 1
know 1
know 1
know 1
know 1
know 1
know 1
know 1
know 1
know 1
know 1
know 1
know 1
know 1
know 1
know 1
know 1
know 1
know 1
landing 1
landing 1
landing 1
landing 1
lapis 1
lashed 1
lashed 1
lately 1
lately 1
laugh 1
laugh 1
laugh 1
laugh 1
laugh 1
laugh 1
laugh 1
laugh 1
laugh 1
laugh 1
laugh 1
laugh 1
laugh 1
laugh 1
laugh 1
laugh 1
laugh 1
laugh 1
laugh 1
laugh 1
ledger 1
lend 1
lend 1
lend 1
lend 1
lend 1
lenders 1
lilas 1
limit 1
limit 1
lions 1
lions 1
listen 1
listen 1
listen 1
listen 1
listen 1
listen 1
listen 1
listen 1
listen 1
listen 1
listen 1
listen 1
livery 1
lives 1
lives 1
lives 1
lives 1
lives 1
lives 1
lives 1
lives 1
lives 1
lives 1
lives 1
lives 1
lives 1
lives 1
lives 1
lives 1
lives 1
lives 1
lives 1
lives 1
lives 1
lives 1
lives 1
lives 1
loathed 1
loathed 1
loathed 1
loathed 1
loathed 1
longed 1
longed 1
look 1
look 1
look 1
look 1
look 1
look 1
look 1
look 1
look 1
look 1
look 1
look 1
look 1
look 1
look 1
look 1
look 1
look 1
look 1
look 1
look 1
look 1
look 1
look 1
look 1
look 1
look 1
look 1
look 1
look 1
look 1
look 1
look 1
look 1
look 1
look 1
look 1
look 1
look 1
look 1
look 1
look 1
look 1
look 1
look 1
look 1
look 1
look 1
look 1
look 1
look 1
look 1
look 1
look 1
look 1
look 1
look 1
look 1
look 1
look 1
look 1
look 1
look 1
look 1
look 1
look 1
look 1
look 1
look 1
look 1
look 1
look 1
look 1
look 1
look 1
look 1
look 1
look 1
look 1
look 1
look 1
look 1
look 1
look 1
look 1
look 1
look 1
look 1
looking 1
looking 1
looking 1
looking 1
looking 1
looking 1
looking 1
looking 1
looking 1
looking 1
looking 1
looking 1
looking 1
looking 1
looking 1
looking 1
looking 1
looking 1
looking 1
looking 1
looking 1
looking 1
looking 1
looking 1
looking 1
looking 1
looking 1
looking 1
looking 1
looking 1
looking 1
looking 1
looking 1
looking 1
looking 1
looking 1
looking 1
looking 1
looking 1
looking 1
looking 1
looking 1
looking 1
looking 1
looking 1
looking 1
looking 1
looking 1
looking 1
looking 1
looking 1
looking 1
looking 1
looking 1
looking 1
looking 1
looking 1
looking 1
looking 1
looking 1
looking 1
looking 1
looking 1
looking 1
looking 1
looking 1
looking 1
looking 1
looking 1
looking 1
lower 1
lurks 1
lutes 1
magenta 1
magic 1
magnificent 1
magnificent 1
mail 1
mail 1
marble 1
marble 1
marble 1
marble 1
marble 1
mare 1
mare 1
marionettes 1
marrying 1
mars 1
mars 1
martyr 1
martyr 1
masks 1
may 1
may 1
may 1
may 1
may 1
may 1
may 1
may 1
may 1
may 1
may 1
may 1
may 1
may 1
may 1
may 1
may 1
may 1
may 1
may 1
may 1
may 1
may 1
may 1
may 1
may 1
may 1
may 1
may 1
may 1
may 1
may 1
may 1
may 1
may 1
may 1
may 1
may 1
may 1
may 1
may 1
may 1
may 1
may 1
mean 1
mean 1
mean 1
mean 1
mean 1
mean 1
mean 1
mean 1
mean 1
mean 1
mean 1
mean 1
mean 1
mean 1
mean 1
mean 1
mean 1
mean 1
mean 1
mean 1
mean 1
mean 1
mean 1
mean 1
mean 1
mean 1
mean 1
mean 1
mean 1
mean 1
meanest 1
meaning 1
meaning 1
meaning 1
memory 1
memory 1
memory 1
memory 1
memory 1
memory 1
memory 1
memory 1
memory 1
memory 1
memory 1
memory 1
memory 1
memory 1
memory 1
memory 1
memory 1
memory 1
menu 1
metal 1
metal 1
metal 1
metal 1
method 1
method 1
method 1
method 1
method 1
method 1
method 1
method 1
mile 1
mine 1
mine 1
mine 1
mine 1
mine 1
mine 1
mine 1
mine 1
mine 1
mine 1
mine 1
miniatures 1
mirror 1
mirror 1
mirror 1
mirror 1
mirror 1
mirror 1
mirror 1
mislaid 1
monotony 1
monotony 1
monsters 1
monsters 1
moonlight 1
moonlight 1
moralize 1
morbid 1
morbid 1
morbid 1
morbid 1
mourning 1
mourning 1
mouth 1
mouth 1
mouth 1
mouth 1
mouth 1
mouth 1
mouth 1
mouth 1
mouth 1
mouth 1
mouth 1
mouth 1
mouth 1
mouth 1
mouth 1
mouth 1
mouth 1
murmured 1
murmured 1
murmured 1
murmured 1
murmured 1
murmured 1
murmured 1
murmured 1
murmured 1
murmured 1
murmured 1
murmured 1
murmured 1
murmured 1
murmured 1
murmured 1
murmured 1
murmured 1
murmured 1
murmured 1
murmured 1
murmured 1
murmured 1
murmured 1
murmured 1
murmured 1
murmured 1
murmured 1
murmured 1
murmured 1
murmured 1
murmured 1
murmured 1
murmured 1
murmured 1
murmured 1
murmured 1
murmured 1
murmured 1
murmured 1
murmured 1
murmured 1
musically 1
must 1
must 1
must 1
must 1
must 1
must 1
must 1
must 1
must 1
must 1
must 1
must 1
must 1
must 1
must 1
must 1
must 1
must 1
must 1
must 1
must 1
must 1
must 1
must 1
must 1
must 1
must 1
must 1
must 1
must 1
must 1
must 1
must 1
must 1
must 1
must 1
must 1
must 1
must 1
must 1
must 1
must 1
must 1
must 1
must 1
must 1
must 1
must 1
must 1
must 1
must 1
must 1
must 1
must 1
must 1
must 1
must 1
must 1
must 1
must 1
must 1
must 1
must 1
must 1
must 1
must 1
must 1
must 1
must 1
must 1
must 1
must 1
must 1
must 1
must 1
must 1
must 1
must 1
must 1
must 1
must 1
must 1
must 1
must 1
must 1
must 1
must 1
must 1
must 1
must 1
must 1
must 1
must 1
must 1
must 1
must 1
must 1
must 1
must 1
must 1
must 1
must 1
must 1
must 1
must 1
must 1
must 1
must 1
must 1
must 1
must 1
must 1
must 1
must 1
must 1
must 1
must 1
must 1
must 1
must 1
must 1
must 1
must 1
must 1
must 1
must 1
must 1
must 1
must 1
must 1
must 1
must 1
must 1
must 1
must 1
must 1
must 1
must 1
must 1
must 1
must 1
must 1
must 1
must 1
must 1
must 1
must 1
must 1
must 1
must 1
must 1
must 1
must 1
must 1
must 1
must 1
must 1
must 1
must 1
must 1
must 1
must 1
must 1
mystic 1
mystic 1
napkin 1
napkin 1
natural 1
natural 1
natural 1
natural 1
natural 1
natural 1
natural 1
natural 1
necktie 1
necktie 1
nervousness 1
news 1
news 1
news 1
next 1
next 1
next 1
next 1
next 1
next 1
next 1
next 1
next 1
next 1
next 1
next 1
next 1
next 1
next 1
next 1
next 1
next 1
next 1
next 1
ninth 1
ninth 1
nobody 1
nobody 1
nobody 1
not 1
not 1
not 1
not 1
not 1
not 1
not 1
not 1
not 1
not 1
not 1
not 1
not 1
not 1
not 1
not 1
not 1
not 1
not 1
not 1
not 1
not 1
not 1
not 1
not 1
not 1
not 1
not 1
not 1
not 1
not 1
not 1
not 1
not 1
not 1
not 1
not 1
not 1
not 1
not 1
not 1
not 1
not 1
not 1
not 1
not 1
not 1
not 1
not 1
not 1
not 1
not 1
not 1
not 1
not 1
not 1
not 1
not 1
not 1
not 1
not 1
not 1
not 1
not 1
not 1
not 1
not 1
not 1
not 1
not 1
not 1
not 1
not 1
not 1
not 1
not 1
not 1
not 1
not 1
not 1
not 1
not 1
not 1
not 1
not 1
not 1
not 1
not 1
not 1
not 1
not 1
not 1
not 1
not 1
not 1
not 1
not 1
not 1
not 1
not 1
not 1
not 1
not 1
not 1
not 1
not 1
not 1
not 1
not 1
not 1
not 1
not 1
not 1
not 1
not 1
not 1
not 1
not 1
not 1
not 1
not 1
not 1
not 1
not 1
not 1
not 1
not 1
not 1
not 1
not 1
not 1
not 1
not 1
not 1
not 1
not 1
not 1
not 1
not 1
not 1
not 1
not 1
not 1
not 1
not 1
not 1
not 1
not 1
not 1
not 1
not 1
not 1
not 1
not 1
not 1
not 1
not 1
not 1
not 1
not 1
not 1
not 1
not 1
not 1
not 1
not 1
not 1
not 1
not 1
not 1
not 1
not 1
not 1
not 1
not 1
not 1
not 1
not 1
not 1
not 1
not 1
not 1
not 1
not 1
not 1
not 1
not 1
not 1
not 1
not 1
not 1
not 1
not 1
not 1
not 1
not 1
not 1
not 1
not 1
not 1
not 1
not 1
not 1
not 1
not 1
not 1
not 1
not 1
not 1
not 1
not 1
not 1
not 1
not 1
not 1
not 1
not 1
not 1
not 1
not 1
not 1
not 1
not 1
not 1
not 1
not 1
not 1
not 1
not 1
not 1
not 1
not 1
not 1
not 1
not 1
not 1
not 1
not 1
not 1
not 1
not 1
not 1
not 1
not 1
not 1
not 1
not 1
not 1
not 1
not 1
not 1
not 1
not 1
not 1
not 1
not 1
not 1
not 1
not 1
not 1
not 1
not 1
not 1
not 1
not 1
not 1
not 1
not 1
not 1
not 1
not 1
not 1
not 1
not 1
not 1
not 1
not 1
not 1
not 1
not 1
not 1
not 1
not 1
not 1
not 1
not 1
not 1
not 1
not 1
not 1
not 1
not 1
not 1
not 1
not 1
not 1
not 1
not 1
not 1
not 1
not 1
not 1
not 1
not 1
not 1
not 1
not 1
not 1
not 1
not 1
not 1
not 1
not 1
not 1
not 1
not 1
not 1
not 1
not 1
not 1
not 1
not 1
not 1
not 1
not 1
not 1
not 1
not 1
not 1
not 1
not 1
not 1
not 1
not 1
not 1
not 1
not 1
not 1
not 1
not 1
not 1
not 1
not 1
not 1
not 1
not 1
not 1
not 1
not 1
not 1
not 1
not 1
not 1
not 1
not 1
not 1
not 1
not 1
not 1
not 1
not 1
not 1
not 1
not 1
not 1
not 1
not 1
not 1
not 1
not 1
not 1
not 1
not 1
not 1
not 1
not 1
not 1
not 1
not 1
not 1
not 1
not 1
not 1
not 1
not 1
not 1
not 1
not 1
not 1
not 1
not 1
not 1
not 1
not 1
not 1
not 1
not 1
not 1
not 1
not 1
not 1
not 1
not 1
not 1
not 1
not 1
not 1
not 1
not 1
not 1
not 1
not 1
not 1
not 1
not 1
not 1
not 1
not 1
not 1
not 1
not 1
not 1
not 1
not 1
not 1
not 1
not 1
not 1
not 1
not 1
not 1
not 1
not 1
not 1
not 1
not 1
not 1
not 1
not 1
not 1
not 1
not 1
not 1
not 1
not 1
not 1
not 1
not 1
not 1
not 1
not 1
not 1
not 1
not 1
not 1
not 1
not 1
not 1
not 1
not 1
not 1
not 1
not 1
not 1
not 1
not 1
not 1
not 1
not 1
not 1
not 1
not 1
not 1
not 1
not 1
not 1
not 1
not 1
notices 1
novels 1
novelty 1
novelty 1
object 1
object 1
object 1
object 1
object 1
object 1
object 1
obtaining 1
obtaining 1
offices 1
offices 1
oldest 1
omelette 1
ondes 1
opportunities 1
opportunity 1
opportunity 1
opportunity 1
opportunity 1
orgies 1
original 1
original 1
original 1
ought 1
pack 1
pack 1
page 1
page 1
page 1
page 1
page 1
page 1
page 1
page 1
painted 1
painted 1
painted 1
painted 1
painted 1
painted 1
painted 1
painted 1
painted 1
painted 1
painted 1
painted 1
painted 1
painted 1
painted 1
painted 1
painted 1
painted 1
painted 1
painted 1
painted 1
painted 1
painted 1
painted 1
painted 1
painted 1
painted 1
painted 1
painted 1
painted 1
painted 1
painted 1
painter 1
painter 1
painter 1
painter 1
painter 1
painter 1
painter 1
painter 1
painter 1
painter 1
painter 1
painter 1
painter 1
painter 1
painter 1
painter 1
painter 1
painter 1
painter 1
painter 1
painter 1
painter 1
painter 1
painter 1
painter 1
painter 1
painter 1
painter 1
painter 1
painter 1
painter 1
painter 1
painter 1
painter 1
painter 1
painter 1
painter 1
painter 1
painter 1
painter 1
pall 1
pall 1
pall 1
pall 1
panegyrics 1
panelled 1
panelled 1
panis 1
panting 1
paperwork 1
paragraphs 1
paragraphs 1
paragraphs 1
particular 1
particular 1
particular 1
particular 1
particular 1
particular 1
particular 1
particular 1
patterned 1
peerage 1
penalty 1
per 1
perform 1
perform 1
performing 1
performing 1
performing 1
petals 1
petals 1
petals 1
petals 1
petals 1
phantom 1
philosophy 1
philosophy 1
philosophy 1
philosophy 1
philosophy 1
philosophy 1
photographs 1
physical 1
physical 1
physical 1
physical 1
physical 1
physical 1
piano 1
piano 1
piano 1
piano 1
piano 1
piano 1
piano 1
piano 1
pick 1
pieces 1
pieces 1
pieces 1
pigeons 1
pipes 1
pipes 1
pit 1
pit 1
pit 1
pit 1
pit 1
pit 1
plaintively 1
plaited 1
plaited 1
player 1
player 1
plot 1
plucking 1
plumaged 1
plumaged 1
pockets 1
pockets 1
politics 1
politics 1
politics 1
politics 1
politics 1
politics 1
posed 1
possibly 1
possibly 1
possibly 1
possibly 1
practice 1
practice 1
preceding 1
preceding 1
precise 1
prepare 1
prepare 1
prescriptions 1
present 1
present 1
present 1
present 1
present 1
present 1
present 1
present 1
present 1
present 1
present 1
present 1
present 1
present 1
present 1
present 1
present 1
present 1
present 1
press 1
press 1
press 1
press 1
prevented 1
prevented 1
probable 1
procession 1
production 1
proletariat 1
properties 1
property 1
property 1
property 1
property 1
property 1
property 1
property 1
provision 1
provision 1
psychological 1
psychological 1
psychological 1
psychological 1
psychological 1
quietly 1
quietly 1
quietly 1
quietly 1
quietly 1
quietly 1
race 1
race 1
race 1
race 1
race 1
race 1
race 1
rapt 1
rarely 1
reaching 1
reaching 1
reaching 1
ready 1
ready 1
ready 1
ready 1
ready 1
ready 1
ready 1
ready 1
ready 1
ready 1
really 1
really 1
really 1
really 1
really 1
really 1
really 1
really 1
really 1
really 1
really 1
really 1
really 1
really 1
really 1
really 1
really 1
really 1
really 1
really 1
really 1
really 1
really 1
really 1
really 1
really 1
really 1
really 1
really 1
really 1
really 1
really 1
really 1
really 1
really 1
really 1
really 1
really 1
really 1
really 1
really 1
really 1
really 1
really 1
really 1
really 1
really 1
really 1
really 1
really 1
really 1
really 1
really 1
really 1
really 1
really 1
really 1
really 1
really 1
really 1
really 1
really 1
really 1
really 1
really 1
really 1
really 1
really 1
really 1
really 1
really 1
really 1
really 1
really 1
really 1
really 1
really 1
really 1
really 1
really 1
really 1
really 1
really 1
really 1
really 1
really 1
really 1
really 1
really 1
really 1
really 1
really 1
really 1
really 1
really 1
really 1
really 1
really 1
really 1
really 1
received 1
received 1
received 1
received 1
received 1
received 1
received 1
received 1
reclining 1
reconstructed 1
recreate 1
recreate 1
reedlike 1
refined 1
refined 1
reins 1
relations 1
relations 1
relations 1
relations 1
relations 1
religion 1
remarked 1
remarked 1
remarked 1
remarked 1
remarked 1
remarked 1
remarked 1
remarked 1
reparation 1
repetition 1
repetition 1
reported 1
reported 1
reported 1
representative 1
research 1
research 1
resumed 1
retain 1
reviews 1
reward 1
ribbons 1
ribbons 1
rid 1
rid 1
rid 1
rid 1
rid 1
rid 1
risk 1
risk 1
risking 1
roche 1
romance 1
romance 1
romance 1
romance 1
romance 1
romance 1
romance 1
romance 1
romance 1
romance 1
romance 1
romance 1
romance 1
romance 1
romance 1
romance 1
romance 1
romance 1
romance 1
romance 1
romance 1
romance 1
romance 1
rose 1
rose 1
rose 1
rose 1
rose 1
rose 1
rose 1
rose 1
rose 1
rose 1
rose 1
rose 1
rose 1
rose 1
rose 1
rose 1
rose 1
rose 1
rose 1
rose 1
rose 1
rose 1
rose 1
rose 1
rose 1
rose 1
rose 1
rose 1
rose 1
rose 1
rose 1
rose 1
rose 1
rosettes 1
rotting 1
rough 1
rough 1
rough 1
rough 1
rough 1
rough 1
rough 1
rough 1
rough 1
rough 1
rough 1
rough 1
rubbing 1
rubbish 1
rugs 1
rumoured 1
rumoured 1
rumoured 1
run 1
run 1
run 1
run 1
run 1
run 1
run 1
run 1
salad 1
sardius 1
satisfying 1
satyr 1
scandals 1
scandals 1
scandals 1
scenery 1
scenery 1
scenery 1
sceptic 1
schoolroom 1
schoolroom 1
scientific 1
scientific 1
scientific 1
scientific 1
scientific 1
scientific 1
scientific 1
scientific 1
scientific 1
scientific 1
scientific 1
scratched 1
scuffling 1
sea 1
sea 1
sea 1
sea 1
sea 1
searched 1
searched 1
seething 1
seething 1
selected 1
selects 1
sensible 1
served 1
served 1
served 1
served 1
seventeenth 1
shaking 1
shaking 1
shaking 1
shaking 1
shaking 1
shaking 1
shaking 1
shaking 1
shaking 1
sharpness 1
shawl 1
sheep 1
shimmering 1
shirted 1
shirted 1
shoulders 1
shoulders 1
shoulders 1
shoulders 1
shoulders 1
shoulders 1
shoulders 1
shoulders 1
shoulders 1
shoulders 1
shoulders 1
shoulders 1
shoulders 1
showing 1
showing 1
shown 1
shown 1
shown 1
shown 1
shown 1
shown 1
shown 1
shown 1
shown 1
shown 1
shown 1
shrugged 1
shrugged 1
shrugged 1
shrugged 1
shrugged 1
shrugged 1
shrugged 1
shrugged 1
shrugged 1
side 1
side 1
side 1
side 1
side 1
side 1
side 1
side 1
side 1
side 1
side 1
side 1
sidled 1
siege 1
silly 1
silly 1
silly 1
silly 1
silly 1
silly 1
silly 1
silly 1
silly 1
silly 1
silly 1
silly 1
silly 1
silly 1
silly 1
silly 1
similar 1
sing 1
sing 1
sing 1
sins 1
sins 1
sins 1
sins 1
sins 1
sins 1
sins 1
sins 1
sins 1
sins 1
sins 1
sins 1
sins 1
sins 1
sins 1
sins 1
sins 1
sins 1
sins 1
sins 1
sins 1
sins 1
sins 1
sins 1
sins 1
sins 1
sins 1
skies 1
sky 1
sky 1
sky 1
sky 1
sky 1
sky 1
sky 1
sky 1
sky 1
sky 1
sky 1
slightest 1
slightest 1
slightest 1
smoke 1
smoke 1
smoke 1
smoke 1
smoke 1
smoke 1
smoke 1
snapped 1
snared 1
sneer 1
sneer 1
sneer 1
sofa 1
sofa 1
sofa 1
sofa 1
sofa 1
sofa 1
sofa 1
sofa 1
sofa 1
solitary 1
solitude 1
song 1
song 1
sorts 1
sorts 1
sparrows 1
specimens 1
specimens 1
specimens 1
spider 1
spiritualize 1
spoil 1
spoil 1
spoil 1
spoil 1
spoil 1
spray 1
spray 1
spray 1
square 1
square 1
square 1
square 1
stabbed 1
stabbed 1
stabbed 1
staircase 1
staircase 1
staircase 1
stalls 1
stamping 1
stared 1
stared 1
stared 1
stared 1
stared 1
stared 1
steamer 1
stood 1
stood 1
stood 1
stood 1
stood 1
stood 1
stood 1
stood 1
stood 1
stood 1
stood 1
stood 1
stood 1
stood 1
stood 1
stood 1
stood 1
stood 1
stood 1
stood 1
stood 1
stood 1
stood 1
stood 1
stood 1
stood 1
stood 1
stood 1
stood 1
stood 1
stood 1
stood 1
stood 1
stood 1
stopped 1
stopped 1
stopped 1
stopped 1
stopped 1
stopped 1
stopped 1
stopped 1
stopped 1
stopped 1
stopped 1
stopped 1
stopped 1
stopped 1
stopped 1
strangest 1
strangest 1
strangest 1
straw 1
straying 1
study 1
study 1
study 1
study 1
study 1
study 1
study 1
study 1
study 1
studying 1
style 1
style 1
style 1
style 1
style 1
succeeded 1
succeeded 1
succeeded 1
succeeded 1
sudaria 1
sudden 1
sudden 1
sudden 1
sudden 1
sudden 1
sudden 1
sudden 1
sudden 1
sudden 1
sudden 1
sudden 1
suitable 1
suitable 1
suitable 1
sum 1
sum 1
sum 1
sum 1
sum 1
summer 1
summer 1
summer 1
summer 1
summer 1
summer 1
summer 1
summer 1
summer 1
summer 1
summer 1
sunburnt 1
support 1
support 1
support 1
support 1
support 1
supreme 1
surface 1
surface 1
surface 1
sweetness 1
swept 1
swept 1
swept 1
swept 1
swept 1
swept 1
swept 1
tabernacle 1
talks 1
talks 1
tax 1
tax 1
tax 1
tax 1
tax 1
tax 1
teach 1
teach 1
teach 1
teach 1
teach 1
tears 1
tears 1
tears 1
tears 1
tears 1
tears 1
tears 1
tears 1
tears 1
tears 1
tears 1
tears 1
tears 1
tears 1
tell 1
tell 1
tell 1
tell 1
tell 1
tell 1
tell 1
tell 1
tell 1
tell 1
tell 1
tell 1
tell 1
tell 1
tell 1
tell 1
tell 1
tell 1
tell 1
tell 1
tell 1
tell 1
tell 1
tell 1
tell 1
tell 1
tell 1
tell 1
tell 1
tell 1
tell 1
tell 1
tell 1
tell 1
tell 1
tell 1
tell 1
tell 1
tell 1
tell 1
tell 1
tell 1
tell 1
tell 1
tell 1
tell 1
tell 1
tell 1
tell 1
tell 1
tell 1
tell 1
tell 1
tell 1
tell 1
tell 1
tell 1
tell 1
tell 1
tell 1
tell 1
tell 1
tell 1
tell 1
tell 1
tell 1
tell 1
tell 1
tell 1
tell 1
tell 1
tell 1
tell 1
tell 1
tell 1
tell 1
tell 1
tell 1
tell 1
tell 1
tell 1
tell 1
tell 1
tell 1
telling 1
telling 1
telling 1
telling 1
telling 1
telling 1
telling 1
telling 1
telling 1
telling 1
telling 1
telling 1
telling 1
telling 1
temper 1
temper 1
temper 1
temper 1
temptation 1
temptation 1
temptation 1
the 1
the 1
the 1
the 1
the 1
the 1
the 1
the 1
the 1
the 1
the 1
the 1
the 1
the 1
the 1
the 1
the 1
the 1
the 1
the 1
the 1
the 1
the 1
the 1
the 1
the 1
the 1
the 1
the 1
the 1
the 1
the 1
the 1
the 1
the 1
the 1
the 1
the 1
the 1
the 1
the 1
the 1
the 1
the 1
the 1
the 1
the 1
the 1
the 1
the 1
the 1
the 1
the 1
the 1
the 1
the 1
the 1
the 1
the 1
the 1
the 1
the 1
the 1
the 1
the 1
the 1
the 1
the 1
the 1
the 1
the 1
the 1
the 1
the 1
the 1
the 1
the 1
the 1
the 1
the 1
the 1
the 1
the 1
the 1
the 1
the 1
the 1
the 1
the 1
the 1
the 1
the 1
the 1
the 1
the 1
the 1
the 1
the 1
the 1
the 1
the 1
the 1
the 1
the 1
the 1
the 1
the 1
the 1
the 1
the 1
the 1
the 1
the 1
the 1
the 1
the 1
the 1
the 1
the 1
the 1
the 1
the 1
the 1
the 1
the 1
the 1
the 1
the 1
the 1
the 1
the 1
the 1
the 1
the 1
the 1
the 1
the 1
the 1
the 1
the 1
the 1
the 1
the 1
the 1
the 1
the 1
the 1
the 1
the 1
the 1
the 1
the 1
the 1
the 1
the 1
the 1
the 1
the 1
the 1
the 1
the 1
the 1
the 1
the 1
the 1
the 1
the 1
the 1
the 1
the 1
the 1
the 1
the 1
the 1
the 1
the 1
the 1
the 1
the 1
the 1
the 1
the 1
the 1
the 1
the 1
the 1
the 1
the 1
the 1
the 1
the 1
the 1
the 1
the 1
the 1
the 1
the 1
the 1
the 1
the 1
the 1
the 1
the 1
the 1
the 1
the 1
the 1
the 1
the 1
the 1
the 1
the 1
the 1
the 1
the 1
the 1
the 1
the 1
the 1
the 1
the 1
the 1
the 1
the 1
the 1
the 1
the 1
the 1
the 1
the 1
the 1
the 1
the 1
the 1
the 1
the 1
the 1
the 1
the 1
the 1
the 1
the 1
the 1
the 1
the 1
the 1
the 1
the 1
the 1
the 1
the 1
the 1
the 1
the 1
the 1
the 1
the 1
the 1
the 1
the 1
the 1
the 1
the 1
the 1
the 1
the 1
the 1
the 1
the 1
the 1
the 1
the 1
the 1
the 1
the 1
the 1
the 1
the 1
the 1
the 1
the 1
the 1
the 1
the 1
the 1
the 1
the 1
the 1
the 1
the 1
the 1
the 1
the 1
the 1
the 1
the 1
the 1
the 1
the 1
the 1
the 1
the 1
the 1
the 1
the 1
the 1
the 1
the 1
the 1
the 1
the 1
the 1
the 1
the 1
the 1
the 1
the 1
the 1
the 1
the 1
the 1
the 1
the 1
the 1
the 1
the 1
the 1
the 1
the 1
the 1
the 1
the 1
the 1
the 1
the 1
the 1
the 1
the 1
the 1
the 1
the 1
the 1
the 1
the 1
the 1
the 1
the 1
the 1
the 1
the 1
the 1
the 1
the 1
the 1
the 1
the 1
the 1
the 1
the 1
the 1
the 1
the 1
the 1
the 1
the 1
the 1
the 1
the 1
the 1
the 1
the 1
the 1
the 1
the 1
the 1
the 1
the 1
the 1
the 1
the 1
the 1
the 1
the 1
the 1
the 1
the 1
the 1
the 1
the 1
the 1
the 1
the 1
the 1
the 1
the 1
the 1
the 1
the 1
the 1
the 1
the 1
the 1
the 1
the 1
the 1
the 1
the 1
the 1
the 1
the 1
the 1
the 1
the 1
the 1
the 1
the 1
the 1
the 1
the 1
the 1
the 1
the 1
the 1
the 1
the 1
the 1
the 1
the 1
the 1
the 1
the 1
the 1
the 1
the 1
the 1
the 1
the 1
the 1
the 1
the 1
the 1
the 1
the 1
the 1
the 1
the 1
the 1
the 1
the 1
the 1
the 1
the 1
the 1
the 1
the 1
the 1
the 1
the 1
the 1
the 1
the 1
the 1
the 1
the 1
the 1
the 1
the 1
the 1
the 1
the 1
the 1
the 1
the 1
the 1
the 1
the 1
the 1
the 1
the 1
the 1
the 1
the 1
the 1
the 1
the 1
the 1
the 1
the 1
the 1
the 1
the 1
the 1
the 1
the 1
the 1
the 1
the 1
the 1
the 1
the 1
the 1
the 1
the 1
the 1
the 1
the 1
the 1
the 1
the 1
the 1
the 1
the 1
the 1
the 1
the 1
the 1
the 1
the 1
the 1
the 1
the 1
the 1
the 1
the 1
the 1
the 1
the 1
the 1
the 1
the 1
the 1
the 1
the 1
the 1
the 1
the 1
the 1
the 1
the 1
the 1
the 1
the 1
the 1
the 1
the 1
the 1
the 1
the 1
the 1
the 1
the 1
the 1
the 1
the 1
the 1
the 1
the 1
the 1
the 1
the 1
the 1
the 1
the 1
the 1
the 1
the 1
the 1
the 1
the 1
the 1
the 1
the 1
the 1
the 1
the 1
the 1
the 1
the 1
the 1
the 1
the 1
the 1
the 1
the 1
the 1
the 1
the 1
the 1
the 1
the 1
the 1
the 1
the 1
the 1
the 1
the 1
the 1
the 1
the 1
the 1
the 1
the 1
the 1
the 1
the 1
the 1
the 1
the 1
the 1
the 1
the 1
the 1
the 1
the 1
the 1
the 1
the 1
the 1
the 1
the 1
the 1
the 1
the 1
the 1
the 1
the 1
the 1
the 1
the 1
the 1
the 1
the 1
the 1
the 1
the 1
the 1
the 1
the 1
the 1
the 1
the 1
the 1
the 1
the 1
the 1
the 1
the 1
the 1
the 1
the 1
the 1
the 1
the 1
the 1
the 1
the 1
the 1
the 1
the 1
the 1
the 1
the 1
the 1
the 1
the 1
the 1
the 1
the 1
the 1
the 1
the 1
the 1
the 1
the 1
the 1
the 1
the 1
the 1
the 1
the 1
the 1
the 1
the 1
the 1
the 1
the 1
the 1
the 1
the 1
the 1
the 1
the 1
the 1
the 1
the 1
the 1
the 1
the 1
the 1
the 1
the 1
the 1
the 1
the 1
the 1
the 1
the 1
the 1
the 1
the 1
the 1
the 1
the 1
the 1
the 1
the 1
the 1
the 1
the 1
the 1
the 1
the 1
the 1
the 1
the 1
the 1
the 1
the 1
the 1
the 1
the 1
the 1
the 1
the 1
the 1
the 1
the 1
the 1
the 1
the 1
the 1
the 1
the 1
the 1
the 1
the 1
the 1
the 1
the 1
the 1
the 1
the 1
the 1
the 1
the 1
the 1
the 1
the 1
the 1
the 1
the 1
the 1
the 1
the 1
the 1
the 1
the 1
the 1
the 1
the 1
the 1
the 1
the 1
the 1
the 1
the 1
the 1
the 1
the 1
the 1
the 1
the 1
the 1
the 1
the 1
the 1
the 1
the 1
the 1
the 1
the 1
the 1
the 1
the 1
the 1
the 1
the 1
the 1
the 1
the 1
the 1
the 1
the 1
the 1
the 1
the 1
the 1
the 1
the 1
the 1
the 1
the 1
the 1
the 1
the 1
the 1
the 1
the 1
the 1
the 1
the 1
the 1
the 1
the 1
the 1
the 1
the 1
the 1
the 1
the 1
the 1
the 1
the 1
the 1
the 1
the 1
the 1
the 1
the 1
the 1
the 1
the 1
the 1
the 1
the 1
the 1
the 1
the 1
the 1
the 1
the 1
the 1
the 1
the 1
the 1
the 1
the 1
the 1
the 1
the 1
the 1
the 1
the 1
the 1
the 1
the 1
the 1
the 1
the 1
the 1
the 1
the 1
the 1
the 1
the 1
the 1
the 1
the 1
the 1
the 1
the 1
the 1
the 1
the 1
the 1
the 1
the 1
the 1
the 1
the 1
the 1
the 1
the 1
the 1
the 1
the 1
the 1
the 1
the 1
the 1
the 1
the 1
the 1
the 1
the 1
the 1
the 1
the 1
the 1
the 1
the 1
the 1
the 1
the 1
the 1
the 1
the 1
the 1
the 1
the 1
the 1
the 1
the 1
the 1
the 1
the 1
the 1
the 1
the 1
the 1
the 1
the 1
the 1
the 1
the 1
the 1
the 1
the 1
the 1
the 1
the 1
the 1
the 1
the 1
the 1
the 1
the 1
the 1
the 1
the 1
the 1
the 1
the 1
the 1
the 1
the 1
the 1
the 1
the 1
the 1
the 1
the 1
the 1
the 1
the 1
the 1
the 1
the 1
the 1
the 1
the 1
the 1
the 1
the 1
the 1
the 1
the 1
the 1
the 1
the 1
the 1
the 1
the 1
the 1
the 1
the 1
the 1
the 1
the 1
the 1
the 1
the 1
the 1
the 1
the 1
the 1
the 1
the 1
the 1
the 1
the 1
the 1
the 1
the 1
the 1
the 1
the 1
the 1
the 1
the 1
the 1
the 1
the 1
the 1
the 1
the 1
the 1
the 1
the 1
the 1
the 1
the 1
the 1
the 1
the 1
the 1
the 1
the 1
the 1
the 1
the 1
the 1
the 1
the 1
the 1
the 1
the 1
the 1
the 1
the 1
the 1
the 1
the 1
the 1
the 1
the 1
the 1
the 1
the 1
the 1
the 1
the 1
the 1
the 1
the 1
the 1
the 1
the 1
the 1
the 1
the 1
the 1
the 1
the 1
the 1
the 1
the 1
the 1
the 1
the 1
the 1
the 1
the 1
the 1
the 1
the 1
the 1
the 1
the 1
the 1
the 1
the 1
the 1
the 1
the 1
the 1
the 1
the 1
the 1
the 1
the 1
the 1
the 1
the 1
the 1
the 1
the 1
the 1
the 1
the 1
the 1
the 1
the 1
the 1
the 1
the 1
the 1
the 1
the 1
the 1
the 1
the 1
the 1
the 1
the 1
the 1
the 1
the 1
the 1
the 1
the 1
the 1
the 1
the 1
the 1
the 1
the 1
the 1
the 1
the 1
the 1
the 1
the 1
the 1
the 1
the 1
the 1
the 1
the 1
the 1
the 1
the 1
the 1
the 1
the 1
the 1
the 1
the 1
the 1
the 1
the 1
the 1
the 1
the 1
the 1
the 1
the 1
the 1
the 1
the 1
the 1
the 1
the 1
the 1
the 1
the 1
the 1
the 1
the 1
the 1
the 1
the 1
the 1
the 1
the 1
the 1
the 1
the 1
the 1
the 1
the 1
the 1
the 1
the 1
the 1
the 1
the 1
the 1
the 1
the 1
the 1
the 1
the 1
the 1
the 1
the 1
the 1
the 1
the 1
the 1
the 1
the 1
the 1
the 1
the 1
the 1
the 1
the 1
the 1
the 1
the 1
the 1
the 1
the 1
the 1
the 1
the 1
the 1
the 1
the 1
the 1
the 1
the 1
the 1
the 1
the 1
the 1
the 1
the 1
the 1
the 1
the 1
the 1
the 1
the 1
the 1
the 1
the 1
the 1
the 1
the 1
the 1
the 1
the 1
the 1
the 1
the 1
the 1
the 1
the 1
the 1
the 1
the 1
the 1
the 1
the 1
the 1
the 1
the 1
the 1
the 1
the 1
the 1
the 1
the 1
the 1
the 1
the 1
the 1
the 1
the 1
the 1
the 1
the 1
the 1
the 1
the 1
the 1
the 1
the 1
the 1
the 1
the 1
the 1
the 1
the 1
the 1
the 1
the 1
the 1
the 1
the 1
the 1
the 1
the 1
the 1
the 1
the 1
the 1
the 1
the 1
the 1
the 1
the 1
the 1
the 1
the 1
the 1
the 1
the 1
the 1
the 1
the 1
the 1
the 1
the 1
the 1
the 1
the 1
the 1
the 1
the 1
the 1
the 1
the 1
the 1
the 1
the 1
the 1
the 1
the 1
the 1
the 1
the 1
the 1
the 1
the 1
the 1
the 1
the 1
the 1
the 1
the 1
the 1
the 1
the 1
the 1
the 1
the 1
the 1
the 1
the 1
the 1
the 1
the 1
the 1
the 1
the 1
the 1
the 1
the 1
the 1
the 1
the 1
the 1
the 1
the 1
the 1
the 1
the 1
the 1
the 1
the 1
the 1
the 1
the 1
the 1
the 1
the 1
the 1
the 1
the 1
the 1
the 1
the 1
the 1
the 1
the 1
the 1
the 1
the 1
the 1
the 1
the 1
the 1
the 1
the 1
the 1
the 1
the 1
the 1
the 1
the 1
the 1
the 1
the 1
the 1
the 1
the 1
the 1
the 1
the 1
the 1
the 1
the 1
the 1
the 1
the 1
the 1
the 1
the 1
the 1
the 1
the 1
the 1
the 1
the 1
the 1
the 1
the 1
the 1
the 1
the 1
the 1
the 1
the 1
the 1
the 1
the 1
the 1
the 1
the 1
the 1
the 1
the 1
the 1
the 1
the 1
the 1
the 1
the 1
the 1
the 1
the 1
the 1
the 1
the 1
the 1
the 1
the 1
the 1
the 1
the 1
the 1
the 1
the 1
the 1
the 1
the 1
the 1
the 1
the 1
the 1
the 1
the 1
the 1
the 1
the 1
the 1
the 1
the 1
the 1
the 1
the 1
the 1
the 1
the 1
the 1
the 1
the 1
the 1
the 1
the 1
the 1
the 1
the 1
the 1
the 1
the 1
the 1
the 1
the 1
the 1
the 1
the 1
the 1
the 1
the 1
the 1
the 1
the 1
the 1
the 1
the 1
the 1
the 1
the 1
the 1
the 1
the 1
the 1
the 1
the 1
the 1
the 1
the 1
the 1
the 1
the 1
the 1
the 1
the 1
the 1
the 1
the 1
the 1
the 1
the 1
the 1
the 1
the 1
the 1
the 1
the 1
the 1
the 1
the 1
the 1
the 1
the 1
the 1
the 1
the 1
the 1
the 1
the 1
the 1
the 1
the 1
the 1
the 1
the 1
the 1
the 1
the 1
the 1
the 1
the 1
the 1
the 1
the 1
the 1
the 1
the 1
the 1
the 1
the 1
the 1
the 1
the 1
the 1
the 1
the 1
the 1
the 1
the 1
the 1
the 1
the 1
the 1
the 1
the 1
the 1
the 1
the 1
the 1
the 1
the 1
the 1
the 1
the 1
the 1
the 1
the 1
the 1
the 1
the 1
the 1
the 1
the 1
the 1
the 1
the 1
the 1
the 1
the 1
the 1
the 1
the 1
the 1
the 1
the 1
the 1
the 1
the 1
the 1
the 1
the 1
the 1
the 1
the 1
the 1
the 1
the 1
the 1
the 1
the 1
the 1
the 1
the 1
the 1
the 1
the 1
the 1
the 1
the 1
the 1
the 1
the 1
the 1
the 1
the 1
the 1
the 1
the 1
the 1
the 1
the 1
the 1
the 1
the 1
the 1
the 1
the 1
the 1
the 1
the 1
the 1
the 1
the 1
the 1
the 1
the 1
the 1
the 1
the 1
the 1
the 1
the 1
the 1
the 1
the 1
the 1
the 1
the 1
the 1
the 1
the 1
the 1
the 1
the 1
the 1
the 1
the 1
the 1
the 1
the 1
the 1
the 1
the 1
the 1
the 1
the 1
the 1
the 1
the 1
the 1
the 1
the 1
the 1
the 1
the 1
the 1
the 1
the 1
the 1
the 1
the 1
the 1
the 1
the 1
the 1
the 1
the 1
the 1
the 1
the 1
the 1
the 1
the 1
the 1
the 1
the 1
the 1
the 1
the 1
the 1
the 1
the 1
the 1
the 1
the 1
the 1
the 1
the 1
the 1
the 1
the 1
the 1
the 1
the 1
the 1
the 1
the 1
the 1
the 1
the 1
the 1
the 1
the 1
the 1
the 1
the 1
the 1
the 1
the 1
the 1
the 1
the 1
the 1
the 1
the 1
the 1
the 1
the 1
the 1
the 1
the 1
the 1
the 1
the 1
the 1
the 1
the 1
the 1
the 1
the 1
the 1
the 1
the 1
the 1
the 1
the 1
the 1
the 1
the 1
the 1
the 1
the 1
the 1
the 1
the 1
the 1
the 1
the 1
the 1
the 1
the 1
the 1
the 1
the 1
the 1
the 1
the 1
the 1
the 1
the 1
the 1
the 1
the 1
the 1
the 1
the 1
the 1
the 1
the 1
the 1
the 1
the 1
the 1
the 1
the 1
the 1
the 1
the 1
the 1
the 1
the 1
the 1
the 1
the 1
the 1
the 1
the 1
the 1
the 1
the 1
the 1
the 1
the 1
the 1
the 1
the 1
the 1
the 1
the 1
the 1
the 1
the 1
the 1
the 1
the 1
the 1
the 1
the 1
the 1
the 1
the 1
the 1
the 1
the 1
the 1
the 1
the 1
the 1
the 1
the 1
the 1
the 1
the 1
the 1
the 1
the 1
the 1
the 1
the 1
the 1
the 1
the 1
the 1
the 1
the 1
the 1
the 1
the 1
the 1
the 1
the 1
the 1
the 1
the 1
the 1
the 1
the 1
the 1
the 1
the 1
the 1
the 1
the 1
the 1
the 1
the 1
the 1
the 1
the 1
the 1
the 1
the 1
the 1
the 1
the 1
the 1
the 1
the 1
the 1
the 1
the 1
the 1
the 1
the 1
the 1
the 1
the 1
the 1
the 1
the 1
the 1
the 1
the 1
the 1
the 1
the 1
the 1
the 1
the 1
the 1
the 1
the 1
the 1
the 1
the 1
the 1
the 1
the 1
the 1
the 1
the 1
the 1
the 1
the 1
the 1
the 1
the 1
the 1
the 1
the 1
the 1
the 1
the 1
the 1
the 1
the 1
the 1
the 1
the 1
the 1
the 1
the 1
the 1
the 1
the 1
the 1
the 1
the 1
the 1
the 1
the 1
the 1
the 1
the 1
the 1
the 1
the 1
the 1
the 1
the 1
the 1
the 1
the 1
the 1
the 1
the 1
the 1
the 1
the 1
the 1
the 1
the 1
the 1
the 1
the 1
the 1
the 1
the 1
the 1
the 1
the 1
the 1
the 1
the 1
the 1
the 1
the 1
the 1
the 1
the 1
the 1
the 1
the 1
the 1
the 1
the 1
the 1
the 1
the 1
the 1
the 1
the 1
the 1
the 1
the 1
the 1
the 1
the 1
the 1
the 1
the 1
the 1
the 1
the 1
the 1
the 1
the 1
the 1
the 1
the 1
the 1
the 1
the 1
the 1
the 1
the 1
the 1
the 1
the 1
the 1
the 1
the 1
the 1
the 1
the 1
the 1
the 1
the 1
the 1
the 1
the 1
the 1
the 1
the 1
the 1
the 1
the 1
the 1
the 1
the 1
the 1
the 1
the 1
the 1
the 1
the 1
the 1
the 1
the 1
the 1
the 1
the 1
the 1
the 1
the 1
the 1
the 1
the 1
the 1
the 1
the 1
the 1
the 1
the 1
the 1
the 1
the 1
the 1
the 1
the 1
the 1
the 1
the 1
the 1
the 1
the 1
the 1
the 1
the 1
the 1
the 1
the 1
the 1
the 1
the 1
the 1
the 1
the 1
the 1
the 1
the 1
the 1
the 1
the 1
the 1
the 1
the 1
the 1
the 1
the 1
the 1
the 1
the 1
the 1
the 1
the 1
the 1
the 1
the 1
the 1
the 1
the 1
the 1
the 1
the 1
the 1
the 1
the 1
the 1
the 1
the 1
the 1
the 1
the 1
the 1
the 1
the 1
the 1
the 1
the 1
the 1
the 1
the 1
the 1
the 1
the 1
the 1
the 1
the 1
the 1
the 1
the 1
the 1
the 1
the 1
the 1
the 1
the 1
the 1
the 1
the 1
the 1
the 1
the 1
the 1
the 1
the 1
the 1
the 1
the 1
the 1
the 1
the 1
the 1
the 1
the 1
the 1
the 1
the 1
the 1
the 1
the 1
the 1
the 1
the 1
the 1
the 1
the 1
the 1
the 1
the 1
the 1
the 1
the 1
the 1
the 1
the 1
the 1
the 1
the 1
the 1
the 1
the 1
the 1
the 1
the 1
the 1
the 1
the 1
the 1
the 1
the 1
the 1
the 1
the 1
the 1
the 1
the 1
the 1
the 1
the 1
the 1
the 1
the 1
the 1
the 1
the 1
the 1
the 1
the 1
the 1
the 1
the 1
the 1
the 1
the 1
the 1
the 1
the 1
the 1
the 1
the 1
the 1
the 1
the 1
the 1
the 1
the 1
the 1
the 1
the 1
the 1
the 1
the 1
the 1
the 1
the 1
the 1
the 1
the 1
the 1
the 1
the 1
the 1
the 1
the 1
the 1
the 1
the 1
the 1
the 1
the 1
the 1
the 1
the 1
the 1
the 1
the 1
the 1
the 1
the 1
the 1
the 1
the 1
the 1
the 1
the 1
the 1
the 1
the 1
the 1
the 1
the 1
the 1
the 1
the 1
the 1
the 1
the 1
the 1
the 1
the 1
the 1
the 1
the 1
the 1
the 1
the 1
the 1
the 1
the 1
the 1
the 1
the 1
the 1
the 1
the 1
the 1
the 1
the 1
the 1
the 1
the 1
the 1
the 1
the 1
the 1
the 1
the 1
the 1
the 1
the 1
the 1
the 1
the 1
the 1
the 1
the 1
the 1
the 1
the 1
the 1
the 1
the 1
the 1
the 1
the 1
the 1
the 1
the 1
the 1
the 1
the 1
the 1
the 1
the 1
the 1
the 1
the 1
the 1
the 1
the 1
the 1
the 1
the 1
the 1
the 1
the 1
the 1
the 1
the 1
the 1
the 1
the 1
the 1
the 1
the 1
the 1
the 1
the 1
the 1
the 1
the 1
the 1
the 1
the 1
the 1
the 1
the 1
the 1
the 1
the 1
the 1
the 1
the 1
the 1
the 1
the 1
the 1
the 1
the 1
the 1
the 1
the 1
the 1
the 1
the 1
the 1
the 1
the 1
the 1
the 1
the 1
the 1
the 1
the 1
the 1
the 1
the 1
the 1
the 1
the 1
the 1
the 1
the 1
the 1
the 1
the 1
the 1
the 1
the 1
the 1
the 1
the 1
the 1
the 1
the 1
the 1
the 1
the 1
the 1
the 1
the 1
the 1
the 1
the 1
the 1
the 1
the 1
the 1
the 1
the 1
the 1
the 1
the 1
the 1
the 1
the 1
the 1
the 1
the 1
the 1
the 1
the 1
the 1
the 1
the 1
the 1
the 1
the 1
the 1
the 1
the 1
the 1
the 1
the 1
the 1
the 1
the 1
the 1
the 1
the 1
the 1
the 1
the 1
the 1
the 1
the 1
the 1
the 1
the 1
the 1
the 1
the 1
the 1
the 1
the 1
the 1
the 1
the 1
the 1
the 1
the 1
the 1
the 1
the 1
the 1
the 1
the 1
the 1
the 1
the 1
the 1
the 1
the 1
the 1
the 1
the 1
the 1
the 1
the 1
the 1
the 1
the 1
the 1
the 1
the 1
the 1
the 1
the 1
the 1
the 1
the 1
the 1
the 1
the 1
the 1
the 1
the 1
the 1
the 1
the 1
the 1
the 1
the 1
the 1
the 1
the 1
the 1
the 1
the 1
the 1
the 1
the 1
the 1
the 1
the 1
the 1
the 1
the 1
the 1
the 1
the 1
the 1
the 1
the 1
the 1
the 1
the 1
the 1
the 1
the 1
the 1
the 1
the 1
the 1
the 1
the 1
the 1
the 1
the 1
the 1
the 1
the 1
the 1
the 1
the 1
the 1
the 1
the 1
the 1
the 1
the 1
the 1
the 1
the 1
the 1
the 1
the 1
the 1
the 1
the 1
the 1
the 1
the 1
the 1
the 1
the 1
the 1
the 1
the 1
the 1
the 1
the 1
the 1
the 1
the 1
the 1
the 1
the 1
the 1
the 1
the 1
the 1
the 1
the 1
the 1
the 1
the 1
the 1
the 1
the 1
the 1
the 1
the 1
the 1
the 1
the 1
the 1
the 1
the 1
the 1
the 1
the 1
the 1
the 1
the 1
the 1
the 1
the 1
the 1
the 1
the 1
the 1
the 1
the 1
the 1
the 1
the 1
the 1
the 1
the 1
the 1
the 1
the 1
the 1
the 1
the 1
the 1
the 1
the 1
the 1
the 1
the 1
the 1
the 1
the 1
the 1
the 1
the 1
the 1
the 1
the 1
the 1
the 1
the 1
the 1
the 1
the 1
the 1
the 1
the 1
the 1
the 1
the 1
the 1
the 1
the 1
the 1
the 1
the 1
the 1
the 1
the 1
the 1
the 1
the 1
the 1
the 1
the 1
the 1
the 1
the 1
the 1
the 1
the 1
the 1
the 1
the 1
the 1
the 1
the 1
the 1
the 1
the 1
the 1
the 1
the 1
the 1
the 1
the 1
the 1
the 1
the 1
the 1
the 1
the 1
the 1
the 1
the 1
the 1
the 1
the 1
the 1
the 1
the 1
the 1
the 1
the 1
the 1
the 1
the 1
the 1
the 1
the 1
the 1
the 1
the 1
the 1
the 1
the 1
the 1
the 1
the 1
the 1
the 1
the 1
the 1
the 1
the 1
the 1
the 1
the 1
the 1
the 1
the 1
the 1
the 1
the 1
the 1
the 1
the 1
the 1
the 1
the 1
the 1
the 1
the 1
the 1
the 1
the 1
the 1
the 1
the 1
the 1
the 1
the 1
the 1
the 1
the 1
the 1
the 1
the 1
the 1
the 1
the 1
the 1
the 1
the 1
the 1
the 1
the 1
the 1
the 1
the 1
the 1
the 1
the 1
the 1
the 1
the 1
the 1
the 1
the 1
the 1
the 1
the 1
the 1
the 1
the 1
the 1
the 1
the 1
the 1
the 1
the 1
the 1
the 1
the 1
the 1
the 1
the 1
the 1
the 1
the 1
the 1
the 1
the 1
the 1
the 1
the 1
the 1
the 1
the 1
the 1
the 1
the 1
the 1
the 1
the 1
the 1
the 1
the 1
the 1
the 1
the 1
the 1
the 1
the 1
the 1
the 1
the 1
the 1
the 1
the 1
the 1
the 1
the 1
the 1
the 1
the 1
the 1
the 1
the 1
the 1
the 1
the 1
the 1
the 1
the 1
the 1
the 1
the 1
the 1
the 1
the 1
the 1
the 1
the 1
the 1
the 1
the 1
the 1
the 1
the 1
the 1
the 1
the 1
the 1
the 1
the 1
the 1
the 1
the 1
the 1
the 1
the 1
the 1
the 1
the 1
the 1
the 1
the 1
the 1
the 1
the 1
the 1
the 1
the 1
the 1
the 1
the 1
the 1
the 1
the 1
the 1
the 1
the 1
the 1
the 1
the 1
the 1
the 1
the 1
the 1
the 1
the 1
the 1
the 1
the 1
the 1
the 1
the 1
the 1
the 1
the 1
the 1
the 1
the 1
the 1
the 1
the 1
the 1
the 1
the 1
the 1
the 1
the 1
the 1
the 1
the 1
the 1
the 1
the 1
the 1
the 1
the 1
the 1
the 1
the 1
the 1
the 1
the 1
the 1
the 1
the 1
the 1
the 1
the 1
the 1
the 1
the 1
the 1
the 1
the 1
the 1
the 1
the 1
the 1
the 1
the 1
the 1
the 1
the 1
the 1
the 1
the 1
the 1
the 1
the 1
the 1
the 1
the 1
the 1
the 1
the 1
the 1
the 1
the 1
the 1
the 1
the 1
the 1
the 1
the 1
the 1
the 1
the 1
the 1
the 1
the 1
the 1
the 1
the 1
the 1
the 1
the 1
the 1
the 1
the 1
the 1
the 1
the 1
the 1
the 1
the 1
the 1
the 1
the 1
the 1
the 1
the 1
the 1
the 1
the 1
the 1
the 1
the 1
the 1
the 1
the 1
the 1
the 1
the 1
the 1
the 1
the 1
the 1
the 1
the 1
the 1
the 1
the 1
the 1
the 1
the 1
the 1
the 1
the 1
the 1
the 1
the 1
the 1
the 1
the 1
the 1
the 1
the 1
the 1
the 1
the 1
the 1
the 1
the 1
the 1
the 1
the 1
the 1
the 1
the 1
the 1
the 1
the 1
the 1
the 1
the 1
the 1
the 1
the 1
the 1
the 1
the 1
the 1
the 1
the 1
the 1
the 1
the 1
the 1
the 1
the 1
the 1
the 1
the 1
the 1
the 1
the 1
the 1
the 1
the 1
the 1
the 1
the 1
the 1
the 1
the 1
the 1
the 1
the 1
the 1
the 1
the 1
the 1
the 1
the 1
the 1
the 1
the 1
the 1
the 1
the 1
the 1
the 1
the 1
the 1
the 1
the 1
the 1
the 1
the 1
the 1
the 1
the 1
the 1
the 1
the 1
the 1
the 1
the 1
the 1
the 1
the 1
the 1
the 1
the 1
the 1
the 1
the 1
the 1
the 1
the 1
the 1
the 1
the 1
the 1
the 1
the 1
the 1
the 1
the 1
the 1
the 1
the 1
the 1
the 1
the 1
the 1
the 1
the 1
the 1
the 1
the 1
the 1
the 1
the 1
the 1
the 1
the 1
the 1
the 1
the 1
the 1
the 1
the 1
the 1
the 1
the 1
the 1
the 1
the 1
the 1
the 1
the 1
the 1
the 1
the 1
the 1
the 1
the 1
the 1
the 1
the 1
the 1
the 1
the 1
the 1
the 1
the 1
the 1
the 1
the 1
the 1
the 1
the 1
the 1
the 1
the 1
the 1
the 1
the 1
the 1
the 1
the 1
the 1
the 1
the 1
the 1
the 1
the 1
the 1
the 1
the 1
the 1
the 1
the 1
the 1
the 1
the 1
the 1
the 1
the 1
the 1
the 1
the 1
the 1
the 1
the 1
the 1
the 1
the 1
the 1
the 1
the 1
the 1
the 1
the 1
the 1
the 1
the 1
the 1
the 1
the 1
the 1
the 1
the 1
the 1
the 1
the 1
the 1
the 1
the 1
the 1
the 1
the 1
the 1
the 1
the 1
the 1
the 1
the 1
the 1
the 1
the 1
the 1
the 1
the 1
the 1
the 1
the 1
the 1
the 1
the 1
the 1
the 1
the 1
the 1
the 1
the 1
the 1
the 1
the 1
the 1
the 1
the 1
the 1
the 1
the 1
the 1
the 1
the 1
the 1
the 1
the 1
the 1
the 1
the 1
the 1
the 1
the 1
the 1
the 1
the 1
the 1
the 1
the 1
the 1
the 1
the 1
the 1
the 1
the 1
the 1
the 1
the 1
the 1
the 1
the 1
the 1
the 1
the 1
the 1
the 1
the 1
the 1
the 1
the 1
the 1
the 1
the 1
the 1
the 1
the 1
the 1
the 1
the 1
the 1
the 1
the 1
the 1
the 1
the 1
the 1
the 1
the 1
the 1
the 1
the 1
the 1
the 1
the 1
the 1
the 1
the 1
the 1
the 1
the 1
the 1
the 1
the 1
the 1
the 1
the 1
the 1
the 1
the 1
the 1
the 1
the 1
the 1
the 1
the 1
the 1
the 1
the 1
the 1
the 1
the 1
the 1
the 1
the 1
the 1
the 1
the 1
the 1
the 1
the 1
the 1
the 1
the 1
the 1
the 1
the 1
the 1
the 1
the 1
the 1
the 1
the 1
the 1
the 1
the 1
the 1
the 1
the 1
the 1
the 1
the 1
the 1
the 1
the 1
the 1
the 1
the 1
the 1
the 1
the 1
the 1
the 1
the 1
the 1
the 1
the 1
the 1
theatre 1
theatre 1
theatre 1
theatre 1
theatre 1
theatre 1
theatre 1
theatre 1
theatre 1
theatre 1
theatre 1
theatre 1
theatre 1
theatre 1
theatre 1
theatre 1
theatre 1
theatre 1
theatre 1
theirs 1
theirs 1
theirs 1
theories 1
theories 1
theories 1
theories 1
theories 1
theories 1
thirteen 1
though 1
though 1
though 1
though 1
though 1
though 1
though 1
though 1
though 1
though 1
though 1
though 1
though 1
though 1
though 1
though 1
though 1
though 1
though 1
though 1
though 1
though 1
though 1
though 1
though 1
though 1
though 1
though 1
though 1
though 1
though 1
though 1
though 1
though 1
though 1
though 1
though 1
though 1
throbbing 1
throbbing 1
throbbing 1
throbbing 1
tickets 1
tightening 1
tilting 1
toilet 1
told 1
told 1
told 1
told 1
told 1
told 1
told 1
told 1
told 1
told 1
told 1
told 1
told 1
told 1
told 1
told 1
told 1
told 1
told 1
told 1
told 1
told 1
told 1
told 1
told 1
told 1
told 1
told 1
told 1
told 1
told 1
told 1
told 1
told 1
told 1
told 1
told 1
told 1
told 1
told 1
told 1
told 1
told 1
told 1
told 1
told 1
told 1
told 1
told 1
told 1
told 1
told 1
told 1
told 1
told 1
told 1
told 1
told 1
told 1
told 1
told 1
told 1
told 1
told 1
told 1
told 1
told 1
told 1
told 1
told 1
told 1
told 1
told 1
told 1
told 1
told 1
toujours 1
track 1
track 1
tradesman 1
tradesmen 1
treacherous 1
treacherous 1
trouble 1
trouble 1
trouble 1
trouble 1
trouble 1
trouble 1
trouble 1
trouble 1
trouble 1
trouble 1
trouble 1
trouble 1
tubes 1
twitch 1
un 1
un 1
un 1
unadvised 1
unbarred 1
unbearable 1
unbearable 1
unbearable 1
unbearable 1
unbearable 1
underlip 1
underlip 1
undisturbed 1
undisturbed 1
unspoiled 1
untouched 1
untrue 1
up 1
up 1
up 1
up 1
up 1
up 1
up 1
up 1
up 1
up 1
up 1
up 1
up 1
up 1
up 1
up 1
up 1
up 1
up 1
up 1
up 1
up 1
up 1
up 1
up 1
up 1
up 1
up 1
up 1
up 1
up 1
up 1
up 1
up 1
up 1
up 1
up 1
up 1
up 1
up 1
up 1
up 1
up 1
up 1
up 1
up 1
up 1
up 1
up 1
up 1
up 1
up 1
up 1
up 1
up 1
up 1
up 1
up 1
up 1
up 1
up 1
up 1
up 1
up 1
up 1
up 1
up 1
up 1
up 1
up 1
up 1
up 1
up 1
up 1
up 1
up 1
up 1
up 1
up 1
up 1
up 1
up 1
up 1
up 1
up 1
up 1
up 1
up 1
up 1
up 1
up 1
up 1
up 1
up 1
up 1
up 1
up 1
up 1
up 1
up 1
up 1
up 1
up 1
up 1
up 1
up 1
up 1
up 1
up 1
up 1
up 1
up 1
up 1
up 1
up 1
up 1
up 1
up 1
up 1
up 1
up 1
up 1
up 1
up 1
up 1
up 1
up 1
up 1
up 1
up 1
up 1
up 1
up 1
up 1
up 1
up 1
up 1
up 1
up 1
up 1
up 1
up 1
up 1
up 1
up 1
up 1
up 1
up 1
up 1
up 1
up 1
up 1
up 1
use 1
use 1
use 1
use 1
use 1
use 1
use 1
use 1
use 1
use 1
use 1
use 1
use 1
use 1
use 1
use 1
use 1
use 1
use 1
use 1
use 1
use 1
use 1
use 1
use 1
use 1
use 1
use 1
used 1
used 1
used 1
used 1
used 1
used 1
used 1
used 1
used 1
used 1
used 1
used 1
used 1
used 1
used 1
used 1
used 1
used 1
used 1
used 1
used 1
used 1
used 1
used 1
used 1
used 1
used 1
used 1
used 1
used 1
used 1
used 1
used 1
used 1
used 1
used 1
used 1
used 1
used 1
used 1
user 1
user 1
user 1
uttered 1
uttered 1
ve 1
veined 1
verse 1
verse 1
view 1
view 1
view 1
view 1
view 1
view 1
view 1
view 1
view 1
view 1
violates 1
vividly 1
wafer 1
waiting 1
waiting 1
waiting 1
waiting 1
waiting 1
waiting 1
waiting 1
waiting 1
waiting 1
waiting 1
waiting 1
waiting 1
waiting 1
waiting 1
waiting 1
waiting 1
waiting 1
waiting 1
walking 1
walking 1
walking 1
walking 1
walking 1
walking 1
walking 1
walking 1
walking 1
walking 1
walking 1
walled 1
walls 1
walls 1
walls 1
wanton 1
watchers 1
watching 1
watching 1
watching 1
watching 1
watching 1
watching 1
watching 1
watching 1
watching 1
waved 1
waved 1
way 1
way 1
way 1
way 1
way 1
way 1
way 1
way 1
way 1
way 1
way 1
way 1
way 1
way 1
way 1
way 1
way 1
way 1
way 1
way 1
way 1
way 1
way 1
way 1
way 1
way 1
way 1
way 1
way 1
way 1
way 1
way 1
way 1
way 1
way 1
way 1
way 1
way 1
way 1
way 1
way 1
way 1
way 1
way 1
way 1
way 1
way 1
way 1
weakness 1
while 1
while 1
while 1
while 1
while 1
while 1
while 1
while 1
while 1
while 1
while 1
while 1
while 1
while 1
while 1
while 1
while 1
whined 1
whipped 1
whispered 1
whispered 1
whispered 1
whispered 1
whispered 1
whispered 1
whispered 1
whispered 1
whispered 1
whispered 1
whispered 1
whispered 1
whispered 1
whom 1
whom 1
whom 1
whom 1
whom 1
whom 1
whom 1
whom 1
whom 1
whom 1
whom 1
whom 1
whom 1
whom 1
whom 1
whom 1
whom 1
whom 1
whom 1
whom 1
whom 1
whom 1
whom 1
whom 1
whom 1
whom 1
whom 1
whom 1
wicked 1
wicked 1
wicked 1
wicked 1
wicked 1
wicked 1
wicked 1
wicked 1
wicker 1
wicker 1
widening 1
wider 1
wider 1
wilful 1
wilful 1
wilful 1
wilful 1
wilful 1
wishes 1
wishes 1
wither 1
wither 1
witty 1
wool 1
wringing 1
wristbands 1
