ABOUT 1
ABOUT 1
Additional 1
Alabama 1
Alabama 1
Aladdin 1
Aladdin 1
Awful 1
BREACH 1
BREACH 1
Barlow 1
Barlow 1
Barlow 1
Barlow 1
Barlow 1
Bath 1
Be 1
Before 1
Before 1
Before 1
Beyond 1
Black 1
Black 1
Black 1
Black 1
Black 1
Black 1
Blame 1
Blame 1
Blame 1
Blame 1
Blame 1
Boys 1
Boys 1
Buck 1
Bull 1
Bull 1
Bull 1
Bull 1
Bull 1
Burning 1
Camp 1
Camp 1
Camp 1
Camp 1
Certainly 1
Certainly 1
Certainly 1
Christ 1
City 1
Clods 1
Compliance 1
Constantinople 1
Constantinople 1
Contentment 1
Coosa 1
Could 1
Could 1
Courtship 1
Cure 1
DISTRIBUTE 1
Dad 1
Delectable 1
Dern 1
Dern 1
Describe 1
Devils 1
Devils 1
Do 1
Do 1
Do 1
Do 1
Do 1
Do 1
Do 1
Do 1
Do 1
Do 1
Do 1
Do 1
Do 1
Do 1
Do 1
Do 1
Do 1
Dobbins 1
Dobbins 1
Dobbins 1
Dobbins 1
Dobbins 1
Dobbins 1
Dobbins 1
Does 1
Don 1
Don 1
Don 1
Don 1
Don 1
Don 1
Don 1
Don 1
Don 1
Don 1
Don 1
Don 1
Don 1
Don 1
Don 1
Don 1
Don 1
Don 1
Don 1
Don 1
Don 1
Don 1
Don 1
Don 1
Don 1
Don 1
Don 1
Don 1
Don 1
Don 1
Don 1
Dying 1
END 1
Eloquence 1
Fatigue 1
Fellow 1
Gang 1
Gang 1
Gang 1
Girls 1
Good 1
Good 1
Good 1
Good 1
Good 1
Good 1
Good 1
Good 1
Good 1
Good 1
Good 1
Good 1
Government 1
Government 1
Ha 1
Hadn 1
Hand 1
Heaps 1
Hill 1
Hill 1
Hill 1
Hill 1
Hill 1
Hill 1
Hill 1
Hill 1
Hill 1
Hollow 1
Home 1
Home 1
Home 1
Huck 1
Huck 1
Huck 1
Huck 1
Huck 1
Huck 1
Huck 1
Huck 1
Huck 1
Huck 1
Huck 1
Huck 1
Huck 1
Huck 1
Huck 1
Huck 1
Huck 1
Huck 1
Huck 1
Huck 1
Huck 1
Huck 1
Huck 1
Huck 1
Huck 1
Huck 1
Huck 1
Huck 1
Huck 1
Huck 1
Huck 1
Huck 1
Huck 1
Huck 1
Huck 1
Huck 1
Huck 1
Huck 1
Huck 1
Huck 1
Huck 1
Huck 1
Huck 1
Huck 1
Huck 1
Huck 1
Huck 1
Huck 1
Huck 1
Huck 1
Huck 1
Huck 1
Huck 1
Huck 1
Huck 1
Huck 1
Huck 1
Huck 1
Huck 1
Huck 1
Huck 1
Huck 1
Huck 1
Huck 1
Huck 1
Huck 1
Huck 1
Huck 1
Huck 1
Huck 1
Huck 1
Huck 1
Huck 1
Huck 1
Huck 1
Huck 1
Huck 1
Huck 1
Huck 1
Huck 1
Huck 1
Huck 1
Huck 1
Huck 1
Huck 1
Huck 1
Huck 1
Huck 1
Huck 1
Huck 1
Huck 1
Huck 1
Huck 1
Huck 1
Huck 1
Huck 1
Huck 1
Huck 1
Huck 1
Huck 1
Huck 1
Huck 1
Huck 1
Huck 1
Huck 1
Huck 1
Huck 1
Huck 1
Huck 1
Huck 1
Huck 1
Huck 1
Huck 1
Huck 1
Huck 1
Huck 1
Huck 1
Huck 1
Huck 1
Huck 1
Huck 1
Huck 1
Huck 1
Huck 1
Huck 1
Huck 1
Huck 1
Huck 1
Huck 1
Huck 1
Huck 1
Huck 1
Huck 1
Huck 1
Huck 1
Huck 1
Huck 1
Huck 1
Huck 1
Huck 1
Huck 1
Huck 1
Huck 1
Huck 1
Huck 1
Huck 1
Huck 1
Huck 1
Huck 1
Huck 1
Huck 1
Huck 1
Huck 1
Huck 1
Huck 1
Huck 1
Huck 1
Huck 1
Huck 1
Huck 1
Huck 1
Huck 1
Huck 1
Huck 1
Huck 1
Huck 1
Huck 1
Huck 1
Huck 1
Huck 1
Huck 1
Huck 1
Huck 1
Huck 1
Huck 1
Huck 1
Huck 1
Huck 1
Huck 1
Huck 1
Huck 1
Huck 1
Huck 1
Huck 1
Huck 1
Huck 1
Huck 1
Huck 1
Huck 1
Huck 1
Huck 1
Huck 1
Huck 1
Huck 1
Huck 1
Huck 1
Huck 1
Huck 1
Huck 1
Huck 1
Huck 1
Huck 1
Huck 1
Huck 1
Huck 1
Huck 1
Huck 1
Huck 1
Huck 1
Huck 1
Huck 1
Huck 1
Huck 1
Huck 1
Huck 1
Huck 1
Huck 1
Huck 1
Huck 1
Huck 1
Huck 1
Huck 1
Huck 1
Huck 1
Huck 1
Huck 1
Huck 1
Huck 1
Huck 1
Huck 1
Huck 1
Huck 1
Huck 1
Huck 1
Huck 1
Huck 1
Huck 1
Huck 1
Huck 1
Huck 1
Huck 1
Huck 1
Huck 1
Huck 1
Huck 1
Huck 1
Huck 1
Huck 1
Huck 1
Huck 1
Huck 1
Huck 1
Huck 1
Huck 1
Huck 1
Huck 1
Huck 1
III 1
III 1
Illinois 1
Illinois 1
Infernal 1
It 1
It 1
It 1
It 1
It 1
It 1
It 1
It 1
It 1
It 1
It 1
It 1
It 1
It 1
It 1
It 1
It 1
It 1
It 1
It 1
It 1
It 1
It 1
It 1
It 1
It 1
It 1
It 1
It 1
It 1
It 1
It 1
It 1
It 1
It 1
It 1
It 1
It 1
It 1
It 1
It 1
It 1
It 1
It 1
It 1
It 1
It 1
It 1
It 1
It 1
It 1
It 1
It 1
It 1
It 1
It 1
It 1
It 1
It 1
It 1
It 1
It 1
It 1
It 1
It 1
It 1
It 1
It 1
It 1
It 1
It 1
It 1
It 1
It 1
It 1
It 1
It 1
It 1
It 1
It 1
It 1
It 1
It 1
It 1
It 1
It 1
It 1
It 1
It 1
It 1
It 1
It 1
It 1
It 1
It 1
It 1
It 1
It 1
It 1
It 1
It 1
It 1
It 1
It 1
It 1
It 1
It 1
It 1
It 1
It 1
It 1
It 1
It 1
It 1
It 1
It 1
It 1
It 1
It 1
It 1
It 1
It 1
It 1
It 1
It 1
It 1
It 1
It 1
It 1
It 1
It 1
It 1
It 1
It 1
It 1
It 1
It 1
It 1
It 1
It 1
It 1
It 1
It 1
It 1
It 1
It 1
It 1
It 1
It 1
It 1
It 1
It 1
It 1
It 1
It 1
It 1
It 1
It 1
It 1
It 1
It 1
It 1
It 1
It 1
It 1
It 1
It 1
It 1
It 1
It 1
It 1
It 1
It 1
It 1
It 1
It 1
It 1
It 1
It 1
It 1
It 1
It 1
It 1
It 1
It 1
It 1
It 1
It 1
Jealous 1
Job 1
LIABILITY 1
Land 1
Land 1
Land 1
Least 1
Least 1
Least 1
Leastways 1
Like 1
Like 1
Like 1
Like 1
Like 1
Like 1
Lively 1
Made 1
Major 1
Mayn 1
Michael 1
Michael 1
Mississippi 1
Mississippi 1
Mississippi 1
Mode 1
Move 1
NO 1
NO 1
Name 1
Niagara 1
Nights 1
Nobody 1
Nobody 1
Nobody 1
Nobody 1
Nobody 1
Nobody 1
Nobody 1
Nor 1
North 1
Nuff 1
Old 1
Old 1
Old 1
Old 1
Old 1
Old 1
Old 1
Old 1
Ouch 1
Ouch 1
Overshadowed 1
PG 1
Plainly 1
Poetry 1
Public 1
Public 1
Red 1
Red 1
Red 1
Red 1
Red 1
Red 1
Red 1
Redistributing 1
Rendezvous 1
Reward 1
Richard 1
Richard 1
Saint 1
Samuel 1
Samuel 1
Samuel 1
Samuel 1
Satan 1
Satan 1
Scripture 1
Scripture 1
See 1
See 1
See 1
See 1
See 1
See 1
Sheriff 1
Sheriff 1
Sheriff 1
Sheriff 1
Show 1
Showing 1
Showing 1
Shucks 1
Shucks 1
Shucks 1
Shucks 1
Shucks 1
Siddy 1
Siddy 1
Slaughter 1
Sleep 1
Splendid 1
Springing 1
Sudden 1
Sundays 1
Sundays 1
Sundays 1
TO 1
TO 1
TO 1
Take 1
Take 1
Take 1
Take 1
Take 1
Terms 1
Terms 1
Texas 1
Texas 1
Texas 1
Time 1
Time 1
Treaty 1
Turn 1
Turn 1
Twas 1
Words 1
Words 1
XIII 1
XIII 1
XXXIII 1
XXXIII 1
Y 1
Y 1
Y 1
absent 1
absent 1
absent 1
absent 1
absentmindedness 1
accompanying 1
accompanying 1
accomplishing 1
achievement 1
across 1
across 1
across 1
across 1
across 1
across 1
across 1
adorned 1
adorned 1
adorned 1
advances 1
advantage 1
advantage 1
advantage 1
afeard 1
afeard 1
afeard 1
afeard 1
afeard 1
afeard 1
afeard 1
affair 1
aged 1
aged 1
aged 1
aged 1
aged 1
ahead 1
ahead 1
ahead 1
ahead 1
ahead 1
ahead 1
ahead 1
ahead 1
alteration 1
alteration 1
always 1
always 1
always 1
always 1
always 1
always 1
always 1
always 1
always 1
always 1
always 1
always 1
always 1
always 1
always 1
always 1
always 1
always 1
always 1
always 1
always 1
always 1
always 1
always 1
always 1
always 1
always 1
always 1
always 1
always 1
always 1
always 1
always 1
always 1
always 1
always 1
always 1
always 1
always 1
always 1
always 1
always 1
always 1
always 1
always 1
always 1
always 1
always 1
always 1
always 1
always 1
always 1
always 1
always 1
always 1
always 1
always 1
always 1
always 1
always 1
always 1
always 1
always 1
always 1
always 1
always 1
always 1
always 1
always 1
always 1
always 1
ambuscade 1
amiss 1
amongst 1
amusement 1
amusement 1
anguish 1
anguish 1
ant 1
apiece 1
apiece 1
appeal 1
approached 1
approached 1
approached 1
approached 1
architecture 1
arrow 1
arrow 1
arrow 1
ask 1
ask 1
ask 1
ask 1
ask 1
ask 1
ask 1
ask 1
ask 1
ask 1
ask 1
ask 1
ask 1
assembling 1
astonish 1
attain 1
attic 1
auspicious 1
authorities 1
average 1
avocations 1
awake 1
awake 1
awake 1
awake 1
awake 1
awake 1
awake 1
awake 1
awkward 1
awkward 1
awkward 1
awoke 1
awoke 1
awoke 1
awoke 1
awoke 1
awoke 1
awoke 1
ax 1
backward 1
backward 1
backward 1
barrels 1
base 1
base 1
bathing 1
battery 1
beast 1
bed 1
bed 1
bed 1
bed 1
bed 1
bed 1
bed 1
bed 1
bed 1
bed 1
bed 1
bed 1
bed 1
bed 1
bed 1
bed 1
bed 1
bed 1
bed 1
bed 1
bed 1
bed 1
bed 1
bed 1
bed 1
befitted 1
begging 1
begin 1
begin 1
begin 1
begin 1
begin 1
begin 1
begin 1
begin 1
begin 1
begun 1
begun 1
begun 1
belittled 1
bell 1
bell 1
bell 1
bell 1
bell 1
bell 1
bell 1
bell 1
bell 1
bell 1
below 1
below 1
below 1
below 1
below 1
below 1
below 1
below 1
below 1
below 1
below 1
below 1
below 1
below 1
below 1
below 1
belting 1
ben 1
ben 1
ben 1
ben 1
ben 1
ben 1
ben 1
bending 1
bending 1
bending 1
bending 1
bending 1
besides 1
besides 1
besides 1
besides 1
besides 1
besides 1
besides 1
besides 1
besides 1
besides 1
besides 1
blame 1
blame 1
blame 1
blame 1
blame 1
blame 1
blame 1
blame 1
blowed 1
blowed 1
blowed 1
boiler 1
boisterous 1
booming 1
boring 1
both 1
both 1
both 1
both 1
both 1
both 1
both 1
both 1
both 1
both 1
both 1
both 1
both 1
both 1
both 1
both 1
both 1
both 1
both 1
both 1
both 1
both 1
boundless 1
boys 1
boys 1
boys 1
boys 1
boys 1
boys 1
boys 1
boys 1
boys 1
boys 1
boys 1
boys 1
boys 1
boys 1
boys 1
boys 1
boys 1
boys 1
boys 1
boys 1
boys 1
boys 1
boys 1
boys 1
boys 1
boys 1
boys 1
boys 1
boys 1
boys 1
boys 1
boys 1
boys 1
boys 1
boys 1
boys 1
boys 1
boys 1
boys 1
boys 1
boys 1
boys 1
boys 1
boys 1
boys 1
boys 1
boys 1
boys 1
boys 1
boys 1
boys 1
boys 1
boys 1
boys 1
boys 1
boys 1
boys 1
boys 1
boys 1
boys 1
boys 1
boys 1
boys 1
boys 1
boys 1
boys 1
boys 1
boys 1
boys 1
boys 1
boys 1
boys 1
boys 1
boys 1
boys 1
boys 1
boys 1
boys 1
boys 1
boys 1
boys 1
boys 1
boys 1
boys 1
boys 1
boys 1
boys 1
boys 1
boys 1
boys 1
boys 1
boys 1
boys 1
boys 1
boys 1
boys 1
boys 1
boys 1
boys 1
boys 1
boys 1
boys 1
boys 1
boys 1
boys 1
boys 1
boys 1
boys 1
boys 1
boys 1
boys 1
boys 1
boys 1
boys 1
boys 1
boys 1
boys 1
boys 1
boys 1
boys 1
boys 1
boys 1
boys 1
boys 1
boys 1
boys 1
boys 1
boys 1
boys 1
boys 1
boys 1
boys 1
boys 1
boys 1
boys 1
boys 1
boys 1
boys 1
boys 1
boys 1
boys 1
boys 1
boys 1
boys 1
boys 1
boys 1
boys 1
boys 1
boys 1
boys 1
boys 1
boys 1
boys 1
boys 1
boys 1
boys 1
branched 1
branched 1
breaking 1
breathings 1
breathless 1
breathless 1
breaths 1
broken 1
broken 1
broken 1
broken 1
broken 1
broken 1
broken 1
broken 1
broken 1
broken 1
broken 1
broken 1
broken 1
broken 1
broken 1
browed 1
brushed 1
brushed 1
brushed 1
brushed 1
budged 1
buffaloes 1
builded 1
bull 1
buried 1
buried 1
buried 1
buried 1
buried 1
buried 1
buried 1
burnt 1
burnt 1
but 1
but 1
but 1
but 1
but 1
but 1
but 1
but 1
but 1
but 1
but 1
but 1
but 1
but 1
but 1
but 1
but 1
but 1
but 1
but 1
but 1
but 1
but 1
but 1
but 1
but 1
but 1
but 1
but 1
but 1
but 1
but 1
but 1
but 1
but 1
but 1
but 1
but 1
but 1
but 1
but 1
but 1
but 1
but 1
but 1
but 1
but 1
but 1
but 1
but 1
but 1
but 1
but 1
but 1
but 1
but 1
but 1
but 1
but 1
but 1
but 1
but 1
but 1
but 1
but 1
but 1
but 1
but 1
but 1
but 1
but 1
but 1
but 1
but 1
but 1
but 1
but 1
but 1
but 1
but 1
but 1
but 1
but 1
but 1
but 1
but 1
but 1
but 1
but 1
but 1
but 1
but 1
but 1
but 1
but 1
but 1
but 1
but 1
but 1
but 1
but 1
but 1
but 1
but 1
but 1
but 1
but 1
but 1
but 1
but 1
but 1
but 1
but 1
but 1
but 1
but 1
but 1
but 1
but 1
but 1
but 1
but 1
but 1
but 1
but 1
but 1
but 1
but 1
but 1
but 1
but 1
but 1
but 1
but 1
but 1
but 1
but 1
but 1
but 1
but 1
but 1
but 1
but 1
but 1
but 1
but 1
but 1
but 1
but 1
but 1
but 1
but 1
but 1
but 1
but 1
but 1
but 1
but 1
but 1
but 1
but 1
but 1
but 1
but 1
but 1
but 1
but 1
but 1
but 1
but 1
but 1
but 1
but 1
but 1
but 1
but 1
but 1
but 1
but 1
but 1
but 1
but 1
but 1
but 1
but 1
but 1
but 1
but 1
but 1
but 1
but 1
but 1
but 1
but 1
but 1
but 1
but 1
but 1
but 1
but 1
but 1
but 1
but 1
but 1
but 1
but 1
but 1
but 1
but 1
but 1
but 1
but 1
but 1
but 1
but 1
but 1
but 1
but 1
but 1
but 1
but 1
but 1
but 1
but 1
but 1
but 1
but 1
but 1
but 1
but 1
but 1
but 1
but 1
but 1
but 1
but 1
but 1
but 1
but 1
but 1
but 1
but 1
but 1
but 1
but 1
but 1
but 1
but 1
but 1
but 1
but 1
but 1
but 1
but 1
but 1
but 1
but 1
but 1
but 1
but 1
but 1
but 1
but 1
but 1
but 1
but 1
but 1
but 1
but 1
but 1
but 1
but 1
but 1
but 1
but 1
but 1
but 1
but 1
but 1
but 1
but 1
but 1
but 1
but 1
but 1
but 1
but 1
but 1
but 1
but 1
but 1
but 1
but 1
but 1
but 1
but 1
but 1
but 1
but 1
but 1
but 1
but 1
but 1
but 1
but 1
but 1
but 1
but 1
but 1
but 1
but 1
but 1
but 1
but 1
but 1
but 1
but 1
but 1
but 1
but 1
but 1
but 1
but 1
but 1
but 1
but 1
but 1
but 1
but 1
but 1
but 1
but 1
but 1
but 1
but 1
but 1
but 1
but 1
but 1
but 1
but 1
but 1
but 1
but 1
but 1
but 1
but 1
but 1
but 1
but 1
but 1
but 1
but 1
but 1
but 1
but 1
but 1
but 1
but 1
but 1
but 1
but 1
but 1
but 1
but 1
but 1
but 1
but 1
but 1
but 1
but 1
but 1
but 1
but 1
but 1
but 1
but 1
but 1
but 1
but 1
but 1
but 1
but 1
but 1
but 1
but 1
but 1
but 1
but 1
but 1
but 1
but 1
but 1
but 1
but 1
but 1
but 1
but 1
but 1
but 1
but 1
but 1
but 1
but 1
but 1
but 1
but 1
but 1
but 1
but 1
but 1
but 1
but 1
but 1
but 1
but 1
c 1
c 1
c 1
called 1
called 1
called 1
called 1
called 1
called 1
called 1
called 1
called 1
called 1
called 1
called 1
called 1
called 1
called 1
called 1
called 1
campfire 1
campfire 1
campfire 1
carefully 1
carefully 1
carefully 1
carefully 1
catlike 1
cautious 1
center 1
centre 1
centre 1
certified 1
chambers 1
chances 1
chances 1
chances 1
chasing 1
chasing 1
chasing 1
chasing 1
chasms 1
chatted 1
cheerily 1
cheerily 1
chiefest 1
chilled 1
chilly 1
chilly 1
chips 1
chirped 1
choose 1
choose 1
choose 1
cigars 1
cigars 1
cigars 1
circusing 1
cities 1
claimed 1
clandestinely 1
clay 1
clay 1
clay 1
clay 1
clay 1
clay 1
clay 1
clay 1
clay 1
clay 1
clerk 1
climbing 1
climbing 1
climbing 1
closest 1
closing 1
closing 1
closing 1
closing 1
coal 1
cocks 1
coldly 1
comb 1
comb 1
combination 1
command 1
command 1
command 1
commanders 1
commenced 1
companies 1
company 1
company 1
company 1
company 1
company 1
company 1
company 1
company 1
company 1
company 1
company 1
company 1
company 1
company 1
company 1
company 1
company 1
company 1
company 1
compared 1
compensate 1
compositions 1
compositions 1
compositions 1
compositions 1
compositions 1
compressed 1
compressed 1
computer 1
computer 1
condition 1
condition 1
condition 1
condition 1
condition 1
condition 1
conflagration 1
conned 1
considerably 1
considering 1
construed 1
consuming 1
consuming 1
content 1
content 1
content 1
continued 1
continued 1
continued 1
continued 1
continued 1
continued 1
continued 1
continued 1
continued 1
continued 1
continued 1
continued 1
continued 1
continued 1
contributions 1
convalescent 1
corridors 1
corridors 1
couldn 1
couldn 1
couldn 1
couldn 1
couldn 1
couldn 1
couldn 1
couldn 1
couldn 1
couldn 1
couldn 1
couldn 1
couldn 1
couldn 1
couldn 1
couldn 1
couldn 1
couldn 1
couldn 1
couldn 1
couldn 1
couldn 1
court 1
court 1
court 1
court 1
court 1
court 1
court 1
court 1
cousin 1
cover 1
cover 1
cover 1
cover 1
cow 1
craggy 1
crawl 1
crazed 1
credit 1
credit 1
credit 1
creep 1
cretur 1
crossroads 1
cured 1
curiously 1
curiously 1
curiously 1
current 1
current 1
current 1
current 1
current 1
current 1
current 1
current 1
daily 1
daily 1
daily 1
damper 1
danced 1
daring 1
daring 1
dauntless 1
deeper 1
deeper 1
deeper 1
degrees 1
departed 1
departed 1
departed 1
departed 1
departed 1
departed 1
depends 1
depth 1
desk 1
desk 1
desk 1
desk 1
desk 1
desk 1
desk 1
desk 1
detect 1
detective 1
detective 1
devices 1
devils 1
devils 1
devils 1
devils 1
difference 1
difference 1
difference 1
different 1
different 1
different 1
different 1
different 1
different 1
dignitaries 1
diligently 1
diminish 1
disappointment 1
disappointment 1
disappointment 1
disappointment 1
discarded 1
disconcerted 1
discontinue 1
discovering 1
dismay 1
distinguishable 1
diverging 1
diversion 1
divine 1
dodged 1
dodged 1
doorsteps 1
doorsteps 1
doorsteps 1
double 1
double 1
double 1
doublet 1
doubtless 1
doubtless 1
downhearted 1
dragging 1
dragging 1
dragging 1
dragging 1
dreaded 1
drenched 1
drenched 1
drenched 1
drifting 1
drifting 1
drifting 1
drifting 1
drifting 1
drifting 1
drifting 1
drowned 1
drowned 1
drowned 1
drowned 1
drowned 1
drowned 1
drunkard 1
dumped 1
dumped 1
eBooks 1
eBooks 1
eBooks 1
eBooks 1
eBooks 1
eBooks 1
eBooks 1
eaten 1
eaten 1
eaten 1
eaten 1
eaten 1
eclat 1
ed 1
editor 1
educated 1
effect 1
effect 1
effect 1
effect 1
effect 1
effect 1
effect 1
effect 1
effect 1
effect 1
effect 1
effect 1
eighteen 1
eighteen 1
elastic 1
elbow 1
elbow 1
elbow 1
elbow 1
elbow 1
elderly 1
elderly 1
electric 1
embellishment 1
emerged 1
emerged 1
emerged 1
emerged 1
emergency 1
emphasizing 1
end 1
end 1
end 1
end 1
end 1
end 1
end 1
end 1
end 1
end 1
end 1
end 1
end 1
end 1
end 1
end 1
end 1
end 1
end 1
end 1
end 1
end 1
end 1
end 1
end 1
end 1
end 1
engaged 1
engaged 1
engaged 1
engaged 1
engaged 1
engaged 1
engaged 1
enjoying 1
equator 1
errors 1
escape 1
escape 1
escape 1
everybody 1
everybody 1
everybody 1
everybody 1
everybody 1
everybody 1
everybody 1
everybody 1
everybody 1
everybody 1
everybody 1
everybody 1
everybody 1
everybody 1
everybody 1
everybody 1
everybody 1
everybody 1
everywheres 1
evidence 1
evidence 1
evidence 1
evidence 1
examine 1
excessive 1
exciting 1
exciting 1
exciting 1
exercising 1
exhibition 1
expect 1
expect 1
expect 1
expectantly 1
expire 1
explore 1
explore 1
explore 1
explore 1
explore 1
explore 1
explore 1
explored 1
eyeing 1
facts 1
failed 1
failed 1
failed 1
failed 1
failed 1
failed 1
failed 1
failed 1
fairly 1
fairly 1
fairly 1
fame 1
familiar 1
familiar 1
familiar 1
familiar 1
familiar 1
familiar 1
fascinating 1
feebly 1
feebly 1
feebly 1
feebly 1
feebly 1
felicity 1
fertile 1
ferule 1
ferule 1
fetters 1
fetters 1
filing 1
flighty 1
floated 1
floated 1
floated 1
floorless 1
floundering 1
flowed 1
flowed 1
follow 1
follow 1
follow 1
follow 1
follow 1
follow 1
follow 1
follow 1
follow 1
follow 1
follow 1
fond 1
fond 1
foolin 1
footsteps 1
forbade 1
forbade 1
forefinger 1
forgiving 1
forlornly 1
formed 1
formed 1
formed 1
formed 1
forms 1
forms 1
frescoed 1
frescoed 1
fringed 1
fringed 1
frisking 1
frivolous 1
frogs 1
frontispiece 1
fruitless 1
furnish 1
furnish 1
fuss 1
future 1
future 1
future 1
future 1
future 1
future 1
gape 1
gaped 1
gasp 1
gasp 1
gathering 1
gathering 1
gathering 1
gauge 1
gaze 1
gaze 1
gaze 1
gaze 1
gee 1
generations 1
generations 1
gentle 1
gentle 1
gentle 1
genuine 1
genuine 1
gesture 1
ghost 1
ghost 1
ghost 1
ghost 1
gifts 1
gimme 1
gimme 1
gladness 1
gladness 1
glances 1
gloating 1
gloomy 1
gloomy 1
gloomy 1
gloomy 1
glorified 1
glorified 1
glory 1
glory 1
glory 1
glory 1
glory 1
glory 1
glory 1
goal 1
gory 1
gory 1
grabbed 1
grabbed 1
graces 1
granny 1
granted 1
granted 1
grapevine 1
grappled 1
gray 1
gray 1
gray 1
gray 1
gray 1
gray 1
gray 1
gray 1
gray 1
great 1
great 1
great 1
great 1
great 1
great 1
great 1
great 1
great 1
great 1
great 1
great 1
great 1
great 1
great 1
great 1
great 1
great 1
great 1
great 1
great 1
great 1
great 1
great 1
great 1
great 1
great 1
great 1
great 1
great 1
great 1
great 1
great 1
great 1
great 1
great 1
great 1
great 1
great 1
great 1
great 1
great 1
great 1
great 1
great 1
great 1
great 1
great 1
great 1
great 1
great 1
great 1
great 1
great 1
great 1
great 1
great 1
great 1
great 1
great 1
great 1
great 1
great 1
great 1
great 1
great 1
great 1
grew 1
grew 1
grew 1
grew 1
grew 1
grew 1
grew 1
grew 1
grew 1
grew 1
grew 1
grew 1
grew 1
grew 1
grew 1
grew 1
grew 1
grew 1
grew 1
grew 1
grew 1
grew 1
grew 1
grew 1
group 1
group 1
group 1
group 1
group 1
group 1
group 1
group 1
group 1
group 1
group 1
group 1
group 1
group 1
grow 1
grow 1
grow 1
grow 1
grow 1
grow 1
guests 1
gully 1
gunwale 1
ha 1
ha 1
ha 1
ha 1
ha 1
ha 1
ha 1
ha 1
ha 1
ha 1
ha 1
ha 1
ha 1
ha 1
ha 1
ha 1
half 1
half 1
half 1
half 1
half 1
half 1
half 1
half 1
half 1
half 1
half 1
half 1
half 1
half 1
half 1
half 1
half 1
half 1
half 1
half 1
half 1
half 1
half 1
half 1
half 1
half 1
half 1
half 1
half 1
half 1
half 1
half 1
half 1
half 1
half 1
half 1
half 1
half 1
half 1
half 1
half 1
half 1
half 1
half 1
half 1
half 1
half 1
half 1
half 1
happens 1
happily 1
harmless 1
hateful 1
hateful 1
hateful 1
hateful 1
havoc 1
heaved 1
heaven 1
heaven 1
heaven 1
heavenward 1
hell 1
hence 1
hermit 1
hermit 1
hermit 1
hermit 1
hermit 1
herself 1
herself 1
herself 1
herself 1
herself 1
herself 1
herself 1
herself 1
herself 1
herself 1
herself 1
herself 1
herself 1
herself 1
herself 1
herself 1
herself 1
herself 1
herself 1
herself 1
herself 1
hid 1
hid 1
hid 1
hid 1
hid 1
hid 1
hid 1
hid 1
hid 1
hid 1
hid 1
hid 1
hid 1
hilt 1
hilt 1
hitched 1
hogs 1
hogs 1
hold 1
hold 1
hold 1
hold 1
hold 1
hold 1
hold 1
hold 1
hold 1
hold 1
hold 1
hold 1
hold 1
hold 1
hold 1
holes 1
hollow 1
hollow 1
hollow 1
hollow 1
hollow 1
hollow 1
hollow 1
hollow 1
homesick 1
homesick 1
homeward 1
homeward 1
homeward 1
homeward 1
homeward 1
homeward 1
hoping 1
hoping 1
hoping 1
hoping 1
hoping 1
hot 1
hot 1
hot 1
hot 1
hot 1
hot 1
hot 1
hot 1
hot 1
hot 1
hot 1
huff 1
illustrated 1
illustrious 1
illustrious 1
illustrious 1
image 1
imagining 1
imminent 1
immortal 1
impatience 1
imperishable 1
improving 1
incredible 1
incredible 1
indicate 1
influence 1
influence 1
ingredient 1
initials 1
inquired 1
intently 1
intently 1
intrude 1
invalidity 1
inveterate 1
inveterate 1
invite 1
invited 1
inward 1
inward 1
irresolutely 1
irresponsible 1
ison 1
it 1
it 1
it 1
it 1
it 1
it 1
it 1
it 1
it 1
it 1
it 1
it 1
it 1
it 1
it 1
it 1
it 1
it 1
it 1
it 1
it 1
it 1
it 1
it 1
it 1
it 1
it 1
it 1
it 1
it 1
it 1
it 1
it 1
it 1
it 1
it 1
it 1
it 1
it 1
it 1
it 1
it 1
it 1
it 1
it 1
it 1
it 1
it 1
it 1
it 1
it 1
it 1
it 1
it 1
it 1
it 1
it 1
it 1
it 1
it 1
it 1
it 1
it 1
it 1
it 1
it 1
it 1
it 1
it 1
it 1
it 1
it 1
it 1
it 1
it 1
it 1
it 1
it 1
it 1
it 1
it 1
it 1
it 1
it 1
it 1
it 1
it 1
it 1
it 1
it 1
it 1
it 1
it 1
it 1
it 1
it 1
it 1
it 1
it 1
it 1
it 1
it 1
it 1
it 1
it 1
it 1
it 1
it 1
it 1
it 1
it 1
it 1
it 1
it 1
it 1
it 1
it 1
it 1
it 1
it 1
it 1
it 1
it 1
it 1
it 1
it 1
it 1
it 1
it 1
it 1
it 1
it 1
it 1
it 1
it 1
it 1
it 1
it 1
it 1
it 1
it 1
it 1
it 1
it 1
it 1
it 1
it 1
it 1
it 1
it 1
it 1
it 1
it 1
it 1
it 1
it 1
it 1
it 1
it 1
it 1
it 1
it 1
it 1
it 1
it 1
it 1
it 1
it 1
it 1
it 1
it 1
it 1
it 1
it 1
it 1
it 1
it 1
it 1
it 1
it 1
it 1
it 1
it 1
it 1
it 1
it 1
it 1
it 1
it 1
it 1
it 1
it 1
it 1
it 1
it 1
it 1
it 1
it 1
it 1
it 1
it 1
it 1
it 1
it 1
it 1
it 1
it 1
it 1
it 1
it 1
it 1
it 1
it 1
it 1
it 1
it 1
it 1
it 1
it 1
it 1
it 1
it 1
it 1
it 1
it 1
it 1
it 1
it 1
it 1
it 1
it 1
it 1
it 1
it 1
it 1
it 1
it 1
it 1
it 1
it 1
it 1
it 1
it 1
it 1
it 1
it 1
it 1
it 1
it 1
it 1
it 1
it 1
it 1
it 1
it 1
it 1
it 1
it 1
it 1
it 1
it 1
it 1
it 1
it 1
it 1
it 1
it 1
it 1
it 1
it 1
it 1
it 1
it 1
it 1
it 1
it 1
it 1
it 1
it 1
it 1
it 1
it 1
it 1
it 1
it 1
it 1
it 1
it 1
it 1
it 1
it 1
it 1
it 1
it 1
it 1
it 1
it 1
it 1
it 1
it 1
it 1
it 1
it 1
it 1
it 1
it 1
it 1
it 1
it 1
it 1
it 1
it 1
it 1
it 1
it 1
it 1
it 1
it 1
it 1
it 1
it 1
it 1
it 1
it 1
it 1
it 1
it 1
it 1
it 1
it 1
it 1
it 1
it 1
it 1
it 1
it 1
it 1
it 1
it 1
it 1
it 1
it 1
it 1
it 1
it 1
it 1
it 1
it 1
it 1
it 1
it 1
it 1
it 1
it 1
it 1
it 1
it 1
it 1
it 1
it 1
it 1
it 1
it 1
it 1
it 1
it 1
it 1
it 1
it 1
it 1
it 1
it 1
it 1
it 1
it 1
it 1
it 1
it 1
it 1
it 1
it 1
it 1
it 1
it 1
it 1
it 1
it 1
it 1
it 1
it 1
it 1
it 1
it 1
it 1
it 1
it 1
it 1
it 1
it 1
it 1
it 1
it 1
it 1
it 1
it 1
it 1
it 1
it 1
it 1
it 1
it 1
it 1
it 1
it 1
it 1
it 1
it 1
it 1
it 1
it 1
it 1
it 1
it 1
it 1
it 1
it 1
it 1
it 1
it 1
it 1
it 1
it 1
it 1
it 1
it 1
it 1
it 1
it 1
it 1
it 1
it 1
it 1
it 1
it 1
it 1
it 1
it 1
it 1
it 1
it 1
it 1
it 1
it 1
it 1
it 1
it 1
it 1
it 1
it 1
it 1
it 1
it 1
it 1
it 1
it 1
it 1
it 1
it 1
it 1
it 1
it 1
it 1
it 1
it 1
it 1
it 1
it 1
it 1
it 1
it 1
it 1
it 1
it 1
it 1
it 1
it 1
it 1
it 1
it 1
it 1
it 1
it 1
it 1
it 1
it 1
it 1
it 1
it 1
it 1
it 1
it 1
it 1
it 1
it 1
it 1
it 1
it 1
it 1
it 1
it 1
it 1
it 1
it 1
it 1
it 1
it 1
it 1
it 1
it 1
it 1
it 1
it 1
it 1
it 1
it 1
it 1
it 1
it 1
it 1
it 1
it 1
it 1
it 1
it 1
it 1
it 1
it 1
it 1
it 1
it 1
it 1
it 1
it 1
it 1
it 1
it 1
it 1
it 1
it 1
it 1
it 1
it 1
it 1
it 1
it 1
it 1
it 1
it 1
it 1
it 1
it 1
it 1
it 1
it 1
it 1
it 1
it 1
it 1
it 1
it 1
it 1
it 1
it 1
it 1
it 1
it 1
it 1
it 1
it 1
it 1
it 1
it 1
it 1
it 1
it 1
it 1
it 1
it 1
it 1
it 1
it 1
it 1
it 1
it 1
it 1
it 1
it 1
it 1
it 1
it 1
it 1
it 1
it 1
it 1
it 1
it 1
it 1
it 1
it 1
it 1
it 1
it 1
it 1
it 1
it 1
it 1
it 1
it 1
it 1
it 1
it 1
it 1
it 1
it 1
it 1
it 1
it 1
it 1
it 1
it 1
it 1
it 1
it 1
it 1
it 1
it 1
it 1
it 1
it 1
it 1
it 1
it 1
it 1
it 1
it 1
it 1
it 1
it 1
it 1
it 1
it 1
it 1
it 1
it 1
it 1
it 1
it 1
it 1
it 1
it 1
it 1
it 1
it 1
it 1
it 1
it 1
it 1
it 1
it 1
it 1
it 1
it 1
it 1
it 1
it 1
it 1
it 1
it 1
it 1
it 1
it 1
it 1
it 1
it 1
it 1
it 1
it 1
it 1
it 1
it 1
it 1
it 1
it 1
it 1
it 1
it 1
it 1
it 1
it 1
it 1
it 1
it 1
it 1
it 1
it 1
it 1
it 1
it 1
it 1
it 1
it 1
it 1
it 1
it 1
it 1
it 1
it 1
it 1
it 1
it 1
it 1
it 1
it 1
it 1
it 1
it 1
it 1
it 1
it 1
it 1
it 1
it 1
it 1
it 1
it 1
it 1
it 1
it 1
it 1
it 1
it 1
it 1
it 1
it 1
it 1
it 1
it 1
it 1
it 1
it 1
it 1
it 1
it 1
it 1
it 1
it 1
it 1
it 1
it 1
it 1
it 1
it 1
it 1
it 1
it 1
it 1
it 1
it 1
it 1
it 1
it 1
it 1
it 1
it 1
it 1
it 1
it 1
it 1
it 1
it 1
it 1
it 1
it 1
it 1
it 1
it 1
it 1
it 1
it 1
it 1
it 1
it 1
it 1
it 1
it 1
it 1
it 1
it 1
it 1
it 1
it 1
it 1
it 1
it 1
it 1
it 1
it 1
it 1
it 1
it 1
it 1
it 1
it 1
it 1
it 1
it 1
it 1
it 1
it 1
it 1
it 1
it 1
it 1
it 1
it 1
it 1
it 1
it 1
it 1
it 1
it 1
it 1
it 1
it 1
it 1
it 1
it 1
it 1
it 1
it 1
it 1
it 1
it 1
it 1
it 1
it 1
it 1
it 1
it 1
it 1
it 1
it 1
it 1
it 1
it 1
it 1
it 1
it 1
it 1
it 1
it 1
it 1
it 1
it 1
it 1
it 1
it 1
it 1
it 1
it 1
it 1
it 1
it 1
it 1
it 1
it 1
it 1
it 1
it 1
it 1
it 1
it 1
it 1
it 1
it 1
it 1
it 1
it 1
it 1
it 1
it 1
it 1
it 1
it 1
it 1
it 1
it 1
it 1
it 1
it 1
it 1
it 1
it 1
it 1
it 1
it 1
it 1
it 1
it 1
it 1
it 1
it 1
it 1
it 1
it 1
it 1
it 1
it 1
it 1
it 1
it 1
it 1
it 1
it 1
it 1
it 1
it 1
it 1
it 1
it 1
it 1
it 1
it 1
it 1
it 1
it 1
it 1
it 1
it 1
it 1
it 1
it 1
it 1
it 1
it 1
it 1
it 1
it 1
it 1
it 1
it 1
it 1
it 1
it 1
it 1
it 1
it 1
it 1
it 1
it 1
it 1
it 1
it 1
it 1
it 1
it 1
it 1
it 1
it 1
it 1
it 1
it 1
it 1
it 1
it 1
it 1
it 1
it 1
it 1
it 1
it 1
it 1
it 1
it 1
it 1
it 1
it 1
it 1
it 1
it 1
it 1
it 1
it 1
it 1
it 1
it 1
it 1
it 1
it 1
it 1
it 1
it 1
it 1
it 1
it 1
it 1
it 1
it 1
it 1
it 1
it 1
it 1
it 1
it 1
it 1
it 1
it 1
it 1
it 1
it 1
it 1
it 1
it 1
it 1
it 1
it 1
it 1
it 1
it 1
it 1
it 1
it 1
it 1
it 1
it 1
it 1
it 1
it 1
it 1
it 1
it 1
it 1
it 1
it 1
it 1
it 1
it 1
it 1
it 1
it 1
it 1
it 1
it 1
it 1
it 1
it 1
it 1
it 1
it 1
it 1
it 1
it 1
it 1
it 1
it 1
it 1
it 1
it 1
it 1
it 1
it 1
it 1
it 1
it 1
it 1
it 1
it 1
it 1
it 1
it 1
it 1
it 1
it 1
it 1
it 1
it 1
it 1
it 1
it 1
it 1
it 1
it 1
it 1
it 1
it 1
it 1
it 1
it 1
it 1
it 1
it 1
it 1
it 1
it 1
it 1
it 1
it 1
it 1
it 1
it 1
it 1
it 1
it 1
it 1
it 1
it 1
it 1
it 1
it 1
it 1
it 1
it 1
it 1
it 1
it 1
it 1
it 1
it 1
it 1
it 1
it 1
it 1
it 1
it 1
it 1
it 1
it 1
it 1
it 1
it 1
it 1
it 1
it 1
it 1
jointed 1
joys 1
judgments 1
kicks 1
kids 1
king 1
kingdom 1
kissed 1
kissed 1
kissed 1
kissed 1
kissed 1
kissed 1
kissed 1
kite 1
kite 1
kite 1
kite 1
kite 1
kite 1
kite 1
kite 1
kneel 1
knew 1
knew 1
knew 1
knew 1
knew 1
knew 1
knew 1
knew 1
knew 1
knew 1
knew 1
knew 1
knew 1
knew 1
knew 1
knew 1
knew 1
knew 1
knew 1
knew 1
knew 1
knew 1
knew 1
knew 1
knew 1
knew 1
knew 1
knew 1
knew 1
knew 1
knew 1
knew 1
knew 1
knew 1
knew 1
knew 1
knew 1
knew 1
knew 1
knew 1
knew 1
knew 1
knew 1
knew 1
knew 1
knew 1
knew 1
labboard 1
labboard 1
laboriously 1
lacerate 1
lar 1
lar 1
lar 1
laughing 1
laughing 1
lawyers 1
layin 1
leaped 1
left 1
left 1
left 1
left 1
left 1
left 1
left 1
left 1
left 1
left 1
left 1
left 1
left 1
left 1
left 1
left 1
left 1
left 1
left 1
left 1
left 1
left 1
left 1
left 1
left 1
left 1
left 1
left 1
left 1
left 1
left 1
let 1
let 1
let 1
let 1
let 1
let 1
let 1
let 1
let 1
let 1
let 1
let 1
let 1
let 1
let 1
let 1
let 1
let 1
let 1
let 1
let 1
let 1
let 1
let 1
let 1
let 1
let 1
let 1
let 1
let 1
let 1
let 1
let 1
let 1
let 1
let 1
let 1
let 1
let 1
let 1
let 1
let 1
let 1
let 1
let 1
let 1
let 1
let 1
let 1
let 1
let 1
let 1
let 1
let 1
let 1
let 1
let 1
let 1
let 1
let 1
let 1
let 1
let 1
let 1
let 1
let 1
let 1
let 1
let 1
let 1
let 1
let 1
let 1
let 1
let 1
let 1
let 1
let 1
let 1
levelled 1
lick 1
lick 1
lick 1
lick 1
lick 1
lick 1
lick 1
lick 1
lick 1
lick 1
licking 1
lickrish 1
lighthearted 1
lights 1
lights 1
lights 1
lights 1
lights 1
lights 1
lights 1
lights 1
lights 1
lights 1
lights 1
lights 1
lights 1
limbs 1
limbs 1
linger 1
linked 1
lit 1
lit 1
lit 1
lit 1
lit 1
lit 1
lit 1
lit 1
lit 1
lit 1
lit 1
lit 1
lit 1
lo 1
loafs 1
lock 1
lock 1
lock 1
lookout 1
lookout 1
lookout 1
ls 1
lucid 1
lurked 1
made 1
made 1
made 1
made 1
made 1
made 1
made 1
made 1
made 1
made 1
made 1
made 1
made 1
made 1
made 1
made 1
made 1
made 1
made 1
made 1
made 1
made 1
made 1
made 1
made 1
made 1
made 1
made 1
made 1
made 1
made 1
made 1
made 1
made 1
made 1
made 1
made 1
made 1
made 1
made 1
made 1
made 1
made 1
made 1
made 1
made 1
made 1
made 1
made 1
made 1
made 1
made 1
made 1
made 1
made 1
made 1
made 1
made 1
made 1
made 1
made 1
made 1
made 1
made 1
made 1
made 1
made 1
made 1
made 1
made 1
made 1
made 1
made 1
made 1
made 1
made 1
made 1
made 1
made 1
made 1
made 1
made 1
made 1
made 1
made 1
made 1
maid 1
makes 1
makes 1
makes 1
makes 1
makes 1
makes 1
makes 1
makes 1
makes 1
makes 1
makes 1
makes 1
makes 1
makes 1
makes 1
manly 1
manly 1
mansion 1
mansion 1
marching 1
marvellously 1
maze 1
meagre 1
meal 1
meal 1
meal 1
meddle 1
meed 1
melon 1
memorizing 1
mercury 1
mesmerizer 1
messenger 1
mewing 1
miller 1
minds 1
mischeevous 1
miseries 1
miseries 1
miseries 1
mistaking 1
moan 1
moan 1
moan 1
mocker 1
modesty 1
monarchs 1
moneybox 1
months 1
months 1
mossy 1
motions 1
mourners 1
mourners 1
movement 1
muddle 1
murder 1
murder 1
murder 1
murder 1
murder 1
murder 1
murder 1
murder 1
murder 1
murder 1
murmurs 1
mustn 1
mustn 1
mustn 1
mustn 1
naked 1
naked 1
naked 1
negative 1
neighbors 1
neighbors 1
nerves 1
newsletter 1
nice 1
nice 1
nice 1
nice 1
nice 1
nice 1
nice 1
nice 1
nice 1
nice 1
nice 1
nice 1
nice 1
nightly 1
nightly 1
nightly 1
nip 1
nly 1
noises 1
noises 1
north 1
noticing 1
noticing 1
noticing 1
noticing 1
nursed 1
oak 1
oak 1
oak 1
oatmeal 1
obsolete 1
odd 1
offensive 1
once 1
once 1
once 1
once 1
once 1
once 1
once 1
once 1
once 1
once 1
once 1
once 1
once 1
once 1
once 1
once 1
once 1
once 1
once 1
once 1
once 1
once 1
once 1
once 1
once 1
once 1
once 1
once 1
once 1
once 1
once 1
once 1
once 1
once 1
once 1
once 1
once 1
once 1
once 1
once 1
once 1
once 1
once 1
once 1
once 1
once 1
once 1
once 1
once 1
once 1
once 1
once 1
once 1
once 1
once 1
once 1
once 1
once 1
once 1
once 1
once 1
once 1
once 1
once 1
onslaught 1
operation 1
ordeal 1
ordered 1
ordered 1
ordered 1
orders 1
orders 1
orders 1
orders 1
orders 1
orders 1
orders 1
oughtn 1
outfit 1
overflowings 1
painful 1
painful 1
paleness 1
paling 1
pantaloons 1
paraded 1
participating 1
passes 1
passing 1
passing 1
passing 1
passing 1
passing 1
passing 1
passing 1
passion 1
passion 1
path 1
path 1
path 1
path 1
path 1
path 1
path 1
path 1
patience 1
paws 1
paws 1
payments 1
payments 1
payments 1
peculiar 1
peculiar 1
peculiar 1
peculiar 1
perceptible 1
perceptible 1
perceptible 1
perceptible 1
perched 1
performances 1
performances 1
periodic 1
persecution 1
person 1
person 1
person 1
person 1
person 1
person 1
person 1
person 1
person 1
philosopher 1
pin 1
pin 1
pin 1
pin 1
pin 1
pin 1
pin 1
pin 1
plan 1
plan 1
plan 1
plan 1
plausible 1
plausible 1
plausibly 1
played 1
played 1
played 1
played 1
played 1
played 1
played 1
playthings 1
pleadingly 1
ploughing 1
pluck 1
plunged 1
plunged 1
plunged 1
plunged 1
points 1
points 1
port 1
port 1
possessed 1
possessed 1
possessed 1
pounds 1
premature 1
pressing 1
pressing 1
prime 1
prime 1
prison 1
prisoners 1
prisoners 1
process 1
producing 1
pronounced 1
pronounced 1
pronounced 1
pronounced 1
pronounced 1
prosy 1
prouder 1
provided 1
provided 1
provided 1
provided 1
provided 1
public 1
public 1
public 1
public 1
public 1
public 1
public 1
public 1
public 1
public 1
public 1
public 1
public 1
public 1
public 1
public 1
public 1
puffing 1
pumps 1
punctuate 1
pupils 1
pupils 1
pupils 1
pupils 1
pupils 1
pupils 1
pupils 1
pupils 1
put 1
put 1
put 1
put 1
put 1
put 1
put 1
put 1
put 1
put 1
put 1
put 1
put 1
put 1
put 1
put 1
put 1
put 1
put 1
put 1
put 1
put 1
put 1
put 1
put 1
put 1
put 1
put 1
put 1
put 1
put 1
put 1
put 1
put 1
put 1
put 1
put 1
put 1
put 1
put 1
put 1
put 1
put 1
put 1
put 1
put 1
put 1
put 1
put 1
put 1
put 1
put 1
put 1
put 1
put 1
put 1
quake 1
quit 1
quit 1
quit 1
rap 1
rattles 1
reader 1
reader 1
reader 1
reader 1
reasons 1
reasons 1
reasons 1
redistribution 1
reeled 1
refilled 1
reflection 1
relish 1
repentant 1
reproached 1
require 1
required 1
required 1
required 1
required 1
retchings 1
returns 1
ridicule 1
romantic 1
romantic 1
romantic 1
romantic 1
romantic 1
romantic 1
romantic 1
room 1
room 1
room 1
room 1
room 1
room 1
room 1
room 1
room 1
room 1
room 1
room 1
room 1
room 1
room 1
room 1
room 1
room 1
room 1
room 1
room 1
routed 1
running 1
running 1
rustle 1
safe 1
safe 1
safe 1
safe 1
safe 1
safe 1
safe 1
safe 1
safe 1
safe 1
sally 1
sappy 1
sash 1
sash 1
sash 1
sash 1
sauce 1
saying 1
saying 1
saying 1
saying 1
saying 1
saying 1
saying 1
saying 1
saying 1
saying 1
saying 1
saying 1
saying 1
saying 1
saying 1
saying 1
scamper 1
scattered 1
scattered 1
scattered 1
scattered 1
scenes 1
scheme 1
scheme 1
scolding 1
searcher 1
seat 1
seat 1
seat 1
seat 1
seat 1
seat 1
seat 1
seat 1
seat 1
seeing 1
seeing 1
seeing 1
seeing 1
seems 1
seems 1
seems 1
seems 1
seems 1
seems 1
senses 1
seriously 1
settled 1
settled 1
settled 1
settled 1
settled 1
settled 1
seven 1
seven 1
seven 1
shabby 1
shabby 1
shaded 1
shaded 1
shady 1
shaped 1
shaped 1
share 1
share 1
share 1
share 1
share 1
sheer 1
sheer 1
shiver 1
shiver 1
shiver 1
shoot 1
should 1
should 1
should 1
should 1
should 1
should 1
should 1
should 1
should 1
should 1
should 1
should 1
should 1
should 1
should 1
should 1
should 1
should 1
should 1
should 1
should 1
should 1
should 1
should 1
should 1
should 1
shouting 1
shovel 1
shovel 1
shovel 1
shovel 1
shovel 1
shovel 1
shreds 1
shucks 1
shucks 1
shucks 1
shucks 1
shunned 1
sigh 1
sigh 1
sigh 1
sigh 1
sigh 1
sigh 1
silence 1
silence 1
silence 1
silence 1
silence 1
silence 1
silence 1
silence 1
silence 1
silence 1
silence 1
silence 1
silence 1
silence 1
silence 1
silence 1
silence 1
silence 1
silence 1
silence 1
silence 1
silence 1
silence 1
silence 1
silence 1
silence 1
silence 1
silence 1
silence 1
silence 1
silence 1
singing 1
singing 1
sinking 1
skinning 1
sleeves 1
slipped 1
slipped 1
slipped 1
slipped 1
slipped 1
slipped 1
slipped 1
slipped 1
slumbers 1
smeared 1
smeared 1
smell 1
smoothed 1
snifter 1
snobs 1
soaked 1
soaked 1
soap 1
soap 1
softy 1
solution 1
som 1
sons 1
sons 1
sons 1
sons 1
sons 1
sons 1
sons 1
sorer 1
soul 1
soul 1
soul 1
soul 1
soul 1
soul 1
soul 1
soul 1
soul 1
soul 1
soul 1
soul 1
soul 1
soul 1
soul 1
soul 1
sour 1
south 1
south 1
spacious 1
spacious 1
spade 1
spade 1
spangles 1
spared 1
speckled 1
spied 1
spied 1
spied 1
spilled 1
sprawling 1
sprawling 1
sprawling 1
squirm 1
stable 1
staggering 1
stain 1
stalactites 1
stalactites 1
stalagmite 1
stalagmite 1
stalk 1
stark 1
starter 1
startled 1
startled 1
startled 1
startled 1
state 1
state 1
state 1
state 1
state 1
state 1
state 1
state 1
state 1
state 1
state 1
state 1
statement 1
statement 1
statement 1
stealing 1
stealing 1
stealing 1
stirred 1
stirred 1
stirred 1
stirred 1
stirred 1
stirred 1
stirred 1
stirred 1
stolen 1
stolen 1
stolen 1
stolen 1
stolen 1
stolid 1
stolid 1
stolid 1
stone 1
stone 1
stone 1
stone 1
stone 1
stone 1
stone 1
strain 1
strain 1
strain 1
strain 1
strain 1
strain 1
strain 1
street 1
street 1
street 1
street 1
street 1
street 1
street 1
street 1
street 1
street 1
street 1
street 1
stricken 1
stricken 1
stricken 1
stricken 1
strict 1
strict 1
stripped 1
stripped 1
strong 1
strong 1
strong 1
strong 1
strong 1
strong 1
strong 1
strong 1
strong 1
strong 1
strong 1
strong 1
strong 1
strong 1
struggled 1
struggled 1
struggled 1
struggled 1
studies 1
stumbling 1
success 1
success 1
success 1
success 1
success 1
success 1
success 1
sumach 1
sumach 1
sumach 1
sumach 1
sumach 1
sumach 1
sunny 1
superb 1
supervision 1
supper 1
supper 1
supper 1
supper 1
supper 1
supper 1
supper 1
supper 1
supper 1
sweated 1
sweated 1
sweated 1
sympathy 1
sympathy 1
sympathy 1
sympathy 1
sympathy 1
tables 1
tails 1
tails 1
tails 1
tails 1
tallow 1
tallow 1
tallow 1
tame 1
tangled 1
tangled 1
taxes 1
teachers 1
teachers 1
teachers 1
teachers 1
teachers 1
tearful 1
tearful 1
ten 1
ten 1
ten 1
ten 1
ten 1
ten 1
ten 1
ten 1
ten 1
ten 1
ten 1
ten 1
ten 1
ten 1
ten 1
ten 1
ten 1
ten 1
ten 1
ten 1
tent 1
tent 1
tent 1
thankful 1
thankful 1
thankful 1
thankful 1
thanks 1
thanks 1
thimblefuls 1
thoroughly 1
thoroughly 1
those 1
those 1
those 1
those 1
those 1
those 1
those 1
those 1
those 1
those 1
those 1
those 1
those 1
those 1
those 1
those 1
those 1
those 1
those 1
through 1
through 1
through 1
through 1
through 1
through 1
through 1
through 1
through 1
through 1
through 1
through 1
through 1
through 1
through 1
through 1
through 1
through 1
through 1
through 1
through 1
through 1
through 1
through 1
through 1
through 1
through 1
through 1
through 1
through 1
through 1
through 1
through 1
through 1
through 1
through 1
through 1
through 1
through 1
through 1
through 1
through 1
through 1
through 1
through 1
through 1
through 1
through 1
through 1
through 1
through 1
through 1
through 1
through 1
through 1
through 1
through 1
through 1
through 1
through 1
through 1
through 1
through 1
through 1
through 1
through 1
through 1
through 1
through 1
through 1
through 1
through 1
through 1
through 1
through 1
through 1
through 1
through 1
through 1
through 1
through 1
through 1
through 1
through 1
through 1
through 1
through 1
through 1
through 1
through 1
through 1
through 1
through 1
through 1
through 1
through 1
thunderstorm 1
thwarts 1
tin 1
tin 1
tin 1
tin 1
tin 1
tin 1
tin 1
tin 1
tin 1
tinkled 1
titles 1
toll 1
ton 1
tools 1
tools 1
tools 1
tools 1
tools 1
tools 1
tools 1
tools 1
tools 1
tools 1
top 1
top 1
top 1
top 1
top 1
top 1
top 1
torment 1
torment 1
torment 1
torment 1
torture 1
torture 1
torture 1
tottered 1
touch 1
touch 1
touch 1
touch 1
touch 1
touch 1
touch 1
touch 1
touching 1
touching 1
towns 1
traced 1
traitor 1
treachery 1
trembled 1
trembled 1
trembled 1
trials 1
tribes 1
trick 1
trick 1
trip 1
trip 1
troubled 1
troubled 1
troubled 1
troubled 1
troubled 1
troubled 1
troubled 1
trunks 1
trunks 1
truth 1
truth 1
truth 1
truth 1
truth 1
truth 1
truth 1
truth 1
trying 1
trying 1
trying 1
trying 1
trying 1
trying 1
trying 1
trying 1
trying 1
trying 1
trying 1
trying 1
trying 1
twas 1
twas 1
twas 1
u 1
u 1
u 1
u 1
unconscious 1
unconscious 1
unconscious 1
unconscious 1
unfurled 1
unlocked 1
unlocked 1
unlocked 1
unquestionably 1
unquestionably 1
unreasoning 1
unsatisfied 1
updated 1
updated 1
upright 1
upright 1
usually 1
usually 1
usually 1
vacant 1
vacant 1
vacant 1
valley 1
valley 1
valley 1
valley 1
vent 1
villagers 1
villagers 1
villagers 1
villagers 1
vines 1
vines 1
vines 1
vines 1
virus 1
visiting 1
visiting 1
voices 1
voices 1
voices 1
voices 1
voices 1
voices 1
voids 1
wages 1
wagged 1
wagged 1
walk 1
walk 1
walk 1
walk 1
walk 1
walk 1
waller 1
warts 1
warts 1
warts 1
warts 1
warts 1
warts 1
wash 1
wash 1
wash 1
wash 1
wash 1
wash 1
waylaid 1
weaken 1
weaker 1
weaker 1
weepons 1
which 1
which 1
which 1
which 1
which 1
which 1
which 1
which 1
which 1
which 1
which 1
which 1
which 1
which 1
which 1
which 1
which 1
which 1
which 1
which 1
which 1
which 1
which 1
which 1
which 1
which 1
which 1
which 1
which 1
which 1
which 1
which 1
which 1
which 1
which 1
which 1
which 1
which 1
which 1
which 1
which 1
which 1
which 1
which 1
which 1
which 1
which 1
which 1
which 1
which 1
which 1
which 1
which 1
which 1
which 1
which 1
which 1
which 1
which 1
which 1
which 1
which 1
which 1
which 1
which 1
which 1
which 1
which 1
which 1
which 1
which 1
which 1
which 1
which 1
whippings 1
white 1
white 1
white 1
white 1
white 1
white 1
white 1
white 1
white 1
white 1
white 1
white 1
white 1
white 1
white 1
white 1
white 1
white 1
white 1
white 1
white 1
white 1
white 1
white 1
white 1
white 1
white 1
white 1
white 1
white 1
white 1
white 1
whitewashed 1
whitewashed 1
whither 1
whizzed 1
wildly 1
wilted 1
wilted 1
winds 1
wish 1
wish 1
wish 1
wish 1
wish 1
wish 1
wish 1
wish 1
wish 1
wish 1
wish 1
wish 1
wish 1
wish 1
wish 1
wish 1
wish 1
wish 1
wish 1
wish 1
wish 1
wish 1
wish 1
wish 1
wish 1
wish 1
wish 1
wish 1
wish 1
witch 1
witch 1
witch 1
wore 1
wore 1
wore 1
wore 1
wore 1
wore 1
wore 1
worrying 1
wouldn 1
wouldn 1
wouldn 1
wouldn 1
wouldn 1
wouldn 1
wouldn 1
wouldn 1
wouldn 1
wouldn 1
wouldn 1
wouldn 1
wouldn 1
wouldn 1
wouldn 1
wouldn 1
wouldn 1
wouldn 1
wouldn 1
wouldn 1
wouldn 1
wouldn 1
wouldn 1
wouldn 1
wouldn 1
wouldn 1
wouldn 1
wouldn 1
wouldn 1
wouldn 1
wouldn 1
wouldn 1
wouldn 1
wouldn 1
wouldn 1
wouldn 1
wouldn 1
wouldn 1
wouldn 1
wouldn 1
wouldn 1
wouldn 1
wouldn 1
wouldn 1
wouldn 1
wouldn 1
wouldn 1
wouldn 1
wretch 1
wretchedness 1
wretchedness 1
yaller 1
yards 1
yards 1
yards 1
yards 1
yards 1
yards 1
yards 1
yards 1
yards 1
yards 1
yards 1
yawl 1
yew 1
yew 1
yonder 1
yonder 1
yonder 1
yonder 1
yonder 1
yonder 1
your 1
your 1
your 1
your 1
your 1
your 1
your 1
your 1
your 1
your 1
your 1
your 1
your 1
your 1
your 1
your 1
your 1
your 1
your 1
your 1
your 1
your 1
your 1
your 1
your 1
your 1
your 1
your 1
your 1
your 1
your 1
your 1
your 1
your 1
your 1
your 1
your 1
your 1
your 1
your 1
your 1
your 1
your 1
your 1
your 1
your 1
your 1
your 1
your 1
your 1
your 1
your 1
your 1
your 1
your 1
your 1
your 1
your 1
your 1
your 1
your 1
your 1
your 1
your 1
your 1
your 1
your 1
your 1
your 1
your 1
your 1
your 1
your 1
your 1
your 1
your 1
your 1
your 1
your 1
your 1
your 1
your 1
your 1
your 1
your 1
your 1
your 1
your 1
