ANYTHING 1
After 1
After 1
After 1
After 1
After 1
After 1
After 1
After 1
After 1
After 1
After 1
After 1
After 1
After 1
After 1
After 1
After 1
Alphonse 1
American 1
Angelica 1
Arve 1
Arve 1
Arve 1
Arveiron 1
Asia 1
Asia 1
Autumn 1
Begone 1
Begone 1
Begone 1
Begone 1
Begone 1
Begone 1
Begone 1
Beware 1
Biron 1
Blanc 1
Blanc 1
Blanc 1
Blanc 1
Blanc 1
Blanc 1
Blanc 1
Blanc 1
Boy 1
CONTRACT 1
Chance 1
Charles 1
Christy 1
Christy 1
Come 1
Come 1
Come 1
Come 1
Come 1
Como 1
Como 1
Continuing 1
David 1
David 1
Day 1
Day 1
Dearest 1
Dearest 1
Derby 1
Despondency 1
Dutch 1
EBOOK 1
EBOOK 1
Ever 1
Ever 1
Ever 1
Evil 1
Fear 1
Fear 1
Frankenstein 1
Frankenstein 1
Frankenstein 1
Frankenstein 1
Frankenstein 1
Frankenstein 1
Frankenstein 1
Frankenstein 1
Frankenstein 1
Frankenstein 1
Frankenstein 1
Frankenstein 1
Frankenstein 1
Frankenstein 1
Frankenstein 1
Frankenstein 1
Frankenstein 1
Frankenstein 1
Frankenstein 1
Frankenstein 1
Frankenstein 1
Frankenstein 1
Frankenstein 1
Frankenstein 1
Frankenstein 1
Frankenstein 1
Frankenstein 1
Frankenstein 1
Frankenstein 1
Frankenstein 1
Frenchwoman 1
Generous 1
Grecians 1
Greek 1
Greek 1
Greenwich 1
Here 1
Here 1
Here 1
Here 1
Here 1
Here 1
Here 1
Hills 1
His 1
His 1
His 1
His 1
His 1
His 1
His 1
His 1
His 1
His 1
His 1
His 1
His 1
His 1
His 1
His 1
His 1
His 1
His 1
His 1
His 1
His 1
His 1
His 1
His 1
His 1
His 1
His 1
His 1
His 1
His 1
His 1
His 1
Is 1
Is 1
Is 1
Is 1
Is 1
Islands 1
Judith 1
Judith 1
Justine 1
Justine 1
Justine 1
Justine 1
Justine 1
Justine 1
Justine 1
Justine 1
Justine 1
Justine 1
Justine 1
Justine 1
Justine 1
Justine 1
Justine 1
Justine 1
Justine 1
Justine 1
Justine 1
Justine 1
Justine 1
Justine 1
Justine 1
Justine 1
Justine 1
Justine 1
Justine 1
Justine 1
Justine 1
Justine 1
Justine 1
Justine 1
Justine 1
Justine 1
Justine 1
Justine 1
Justine 1
Justine 1
Justine 1
Justine 1
Justine 1
Justine 1
Justine 1
Justine 1
Justine 1
Justine 1
Justine 1
Justine 1
Justine 1
Justine 1
Justine 1
Justine 1
Justine 1
Justine 1
Justine 1
Krempe 1
Krempe 1
Krempe 1
Krempe 1
Krempe 1
Krempe 1
Krempe 1
Krempe 1
Krempe 1
Louis 1
Make 1
Montalegre 1
Morning 1
Morning 1
Muhammad 1
November 1
PGLAF 1
PLEASE 1
PURPOSE 1
Pardon 1
Pardon 1
Partly 1
Pentland 1
Peru 1
Plainpalais 1
Plainpalais 1
Plainpalais 1
REFUND 1
Rhine 1
Rhine 1
Rhine 1
Rhine 1
Rhine 1
Rhine 1
Rhine 1
Royalty 1
Royalty 1
Safie 1
Safie 1
Safie 1
Safie 1
Safie 1
Safie 1
Safie 1
Safie 1
Safie 1
Safie 1
Safie 1
Safie 1
Safie 1
Safie 1
Safie 1
Safie 1
Safie 1
Safie 1
Safie 1
Safie 1
Safie 1
Safie 1
Safie 1
Safie 1
Safie 1
Salt 1
Shall 1
Shall 1
Shall 1
Shall 1
Shall 1
Shall 1
She 1
She 1
She 1
She 1
She 1
She 1
She 1
She 1
She 1
She 1
She 1
She 1
She 1
She 1
She 1
She 1
She 1
She 1
She 1
She 1
She 1
She 1
She 1
She 1
She 1
She 1
She 1
She 1
She 1
She 1
She 1
She 1
She 1
She 1
She 1
She 1
She 1
She 1
She 1
She 1
She 1
She 1
She 1
She 1
She 1
She 1
She 1
She 1
She 1
She 1
She 1
She 1
She 1
She 1
She 1
She 1
She 1
She 1
She 1
She 1
She 1
She 1
She 1
She 1
She 1
She 1
She 1
She 1
She 1
She 1
She 1
She 1
Shut 1
Sir 1
Still 1
Still 1
Still 1
Still 1
THIS 1
THIS 1
THIS 1
THIS 1
THIS 1
Tavernier 1
Tay 1
Thames 1
Thank 1
Their 1
Their 1
Their 1
Their 1
Their 1
Their 1
Their 1
Their 1
Their 1
Their 1
Thonon 1
Towards 1
Turk 1
Turk 1
Turk 1
Turk 1
Turk 1
Turk 1
Turk 1
Turk 1
Turk 1
Turk 1
Turkey 1
Turkey 1
Unborrow 1
Uri 1
Westmorland 1
Westmorland 1
Who 1
Who 1
Who 1
Who 1
Who 1
Who 1
Who 1
Who 1
Who 1
Who 1
Who 1
Young 1
absolutely 1
absolutely 1
accepting 1
accompanied 1
accompanied 1
accompanied 1
accompanied 1
accompanied 1
accompanied 1
accompanied 1
accompanied 1
accompanied 1
according 1
according 1
according 1
aching 1
acquired 1
acquired 1
acquired 1
addresses 1
advance 1
advance 1
advancement 1
adventurer 1
aerial 1
aerial 1
affirmative 1
affirmative 1
after 1
after 1
after 1
after 1
after 1
after 1
after 1
after 1
after 1
after 1
after 1
after 1
after 1
after 1
after 1
after 1
after 1
after 1
after 1
after 1
after 1
after 1
after 1
after 1
after 1
after 1
after 1
after 1
after 1
after 1
after 1
after 1
after 1
after 1
after 1
after 1
after 1
after 1
after 1
after 1
after 1
after 1
after 1
after 1
after 1
after 1
after 1
after 1
after 1
after 1
after 1
after 1
after 1
after 1
after 1
after 1
after 1
after 1
after 1
after 1
after 1
agreement 1
agreement 1
agreement 1
agreement 1
agreement 1
agreement 1
agreement 1
agreement 1
agreement 1
agreement 1
agreement 1
agreement 1
agreement 1
agreement 1
agreement 1
agreement 1
agreement 1
air 1
air 1
air 1
air 1
air 1
air 1
air 1
air 1
air 1
air 1
air 1
air 1
air 1
air 1
air 1
air 1
air 1
air 1
air 1
air 1
air 1
air 1
air 1
air 1
air 1
air 1
air 1
already 1
already 1
already 1
already 1
already 1
already 1
already 1
already 1
already 1
already 1
already 1
already 1
already 1
already 1
already 1
already 1
already 1
already 1
already 1
already 1
already 1
already 1
already 1
already 1
already 1
already 1
already 1
already 1
already 1
already 1
already 1
already 1
already 1
alter 1
alter 1
alter 1
alter 1
alterations 1
amusements 1
analysis 1
ancestors 1
ancient 1
ancient 1
ancient 1
ancient 1
ancient 1
ancient 1
ancient 1
ancient 1
annihilation 1
annihilation 1
annihilation 1
anticipated 1
anticipations 1
antiquity 1
anything 1
anything 1
anything 1
anything 1
anything 1
anything 1
anything 1
apothecary 1
appetite 1
appetite 1
appetite 1
appetite 1
application 1
application 1
application 1
application 1
application 1
application 1
application 1
apprehension 1
apprehension 1
apprehension 1
apprehension 1
arisen 1
arose 1
arose 1
arose 1
arose 1
arose 1
arose 1
arose 1
arose 1
arose 1
arrowy 1
article 1
asked 1
asked 1
asked 1
asked 1
asked 1
asked 1
asked 1
asked 1
asked 1
asked 1
asked 1
asked 1
asked 1
asked 1
asked 1
asked 1
asleep 1
asleep 1
assembled 1
assume 1
astounding 1
attempts 1
attempts 1
attempts 1
avoided 1
avoided 1
avoided 1
awakened 1
awakened 1
awakened 1
backs 1
barren 1
barren 1
barren 1
becoming 1
becoming 1
becoming 1
becoming 1
beds 1
been 1
been 1
been 1
been 1
been 1
been 1
been 1
been 1
been 1
been 1
been 1
been 1
been 1
been 1
been 1
been 1
been 1
been 1
been 1
been 1
been 1
been 1
been 1
been 1
been 1
been 1
been 1
been 1
been 1
been 1
been 1
been 1
been 1
been 1
been 1
been 1
been 1
been 1
been 1
been 1
been 1
been 1
been 1
been 1
been 1
been 1
been 1
been 1
been 1
been 1
been 1
been 1
been 1
been 1
been 1
been 1
been 1
been 1
been 1
been 1
been 1
been 1
been 1
been 1
been 1
been 1
been 1
been 1
been 1
been 1
been 1
been 1
been 1
been 1
been 1
been 1
been 1
been 1
been 1
been 1
been 1
been 1
been 1
been 1
been 1
been 1
been 1
been 1
been 1
been 1
been 1
been 1
been 1
been 1
been 1
been 1
been 1
been 1
been 1
been 1
been 1
been 1
been 1
been 1
been 1
been 1
been 1
been 1
been 1
been 1
been 1
been 1
been 1
been 1
been 1
been 1
been 1
been 1
been 1
been 1
been 1
been 1
been 1
been 1
been 1
been 1
been 1
been 1
been 1
been 1
been 1
been 1
been 1
been 1
been 1
been 1
been 1
been 1
been 1
been 1
been 1
been 1
been 1
been 1
been 1
been 1
been 1
been 1
been 1
been 1
been 1
been 1
been 1
been 1
been 1
been 1
been 1
been 1
been 1
been 1
been 1
been 1
been 1
been 1
been 1
been 1
been 1
been 1
been 1
been 1
been 1
been 1
been 1
been 1
been 1
been 1
been 1
been 1
been 1
been 1
been 1
been 1
been 1
been 1
been 1
been 1
been 1
been 1
been 1
been 1
belonged 1
belonged 1
belonged 1
belonged 1
belongs 1
benevolent 1
benevolent 1
benevolent 1
benevolent 1
benevolent 1
benevolent 1
benevolent 1
benevolent 1
benevolent 1
benevolent 1
benevolent 1
benevolent 1
benevolent 1
benevolent 1
better 1
better 1
better 1
better 1
better 1
better 1
better 1
better 1
better 1
better 1
better 1
better 1
better 1
bier 1
bitter 1
bitter 1
bitter 1
bitter 1
bitter 1
bitter 1
bitter 1
bitter 1
bitter 1
bitter 1
bitter 1
bitter 1
bitter 1
bitter 1
bitter 1
bitter 1
blameless 1
blew 1
blight 1
blight 1
blinded 1
blinded 1
bloodshed 1
blue 1
blue 1
blue 1
blue 1
blue 1
blue 1
blue 1
blue 1
blue 1
blue 1
blue 1
bodies 1
bodies 1
bodies 1
bolts 1
bone 1
borne 1
borne 1
borne 1
borne 1
borne 1
borne 1
boundaries 1
boundaries 1
bread 1
bread 1
bread 1
bread 1
bridal 1
bright 1
bright 1
bright 1
bright 1
bright 1
bright 1
bright 1
brink 1
brink 1
brink 1
broad 1
broad 1
buds 1
built 1
built 1
bursting 1
bushes 1
busier 1
business 1
business 1
business 1
business 1
call 1
call 1
call 1
call 1
call 1
call 1
call 1
call 1
call 1
call 1
call 1
call 1
call 1
calmness 1
calmness 1
canvassed 1
carriage 1
carriage 1
carriage 1
casement 1
castle 1
castle 1
caught 1
caught 1
causes 1
causes 1
causes 1
causes 1
causes 1
causing 1
century 1
century 1
ceremony 1
ceremony 1
ceremony 1
certain 1
certain 1
certain 1
certain 1
certain 1
certain 1
certain 1
chamois 1
chamois 1
chance 1
chance 1
chance 1
chance 1
chance 1
chance 1
chanced 1
changed 1
changed 1
changed 1
changed 1
changed 1
changed 1
changed 1
changed 1
changed 1
changed 1
charities 1
charity 1
charity 1
chattered 1
chattered 1
check 1
check 1
check 1
cheek 1
cheek 1
cheek 1
cheek 1
cheek 1
cheek 1
cheered 1
cheered 1
chemical 1
chemical 1
chemical 1
chemical 1
chemical 1
chemical 1
childish 1
childish 1
childish 1
childish 1
clock 1
clock 1
clock 1
clock 1
clock 1
clock 1
clock 1
clock 1
cloudless 1
cloudless 1
cloudless 1
cloudless 1
coarsest 1
coast 1
coasting 1
codes 1
combat 1
combat 1
comfortable 1
committed 1
committed 1
committed 1
committed 1
committed 1
committed 1
committed 1
committed 1
committed 1
committed 1
committed 1
committed 1
committed 1
communicating 1
communicating 1
communication 1
communication 1
communication 1
companionship 1
companionship 1
completely 1
completely 1
completes 1
complexion 1
complexion 1
computers 1
computers 1
concealed 1
concealed 1
concealed 1
concealed 1
concealed 1
concealed 1
conceive 1
conceive 1
conceive 1
conceive 1
conceive 1
conceive 1
conceive 1
conceive 1
conceive 1
conceive 1
concentrated 1
conduct 1
conduct 1
conduct 1
conduct 1
conduct 1
conduct 1
conduct 1
conduct 1
congratulatory 1
congratulatory 1
conscience 1
conscience 1
conscience 1
conscience 1
conscience 1
conscience 1
conscious 1
conscious 1
conscious 1
consequences 1
consequences 1
consequences 1
consequences 1
consequently 1
consequently 1
considered 1
considered 1
considered 1
considered 1
considered 1
considered 1
considered 1
considered 1
considered 1
considered 1
considered 1
consisted 1
consisted 1
consisted 1
consisted 1
consistent 1
consummate 1
consummate 1
consummated 1
contented 1
contented 1
contented 1
contented 1
contented 1
contributes 1
convict 1
convulsive 1
cooped 1
cord 1
cordial 1
corporation 1
correspondence 1
correspondence 1
courage 1
courage 1
courage 1
courage 1
courage 1
courage 1
courage 1
courage 1
courage 1
courage 1
courage 1
courage 1
courage 1
courage 1
courage 1
courage 1
courage 1
courage 1
courses 1
crags 1
creaking 1
crevices 1
crime 1
crime 1
crime 1
crime 1
crime 1
crime 1
crime 1
crime 1
crime 1
crime 1
crime 1
crime 1
crime 1
crime 1
crime 1
crime 1
crowded 1
crowded 1
cry 1
cry 1
dabble 1
data 1
dead 1
dead 1
dead 1
dead 1
dead 1
dead 1
dead 1
dead 1
dead 1
dead 1
dead 1
dead 1
dead 1
dead 1
dead 1
dead 1
dead 1
dead 1
dead 1
dead 1
dead 1
dead 1
dead 1
dearest 1
dearest 1
dearest 1
dearest 1
dearest 1
dearest 1
dearest 1
dearest 1
dearest 1
dearest 1
dearest 1
dearest 1
dearest 1
dearest 1
dearest 1
dearest 1
declaration 1
declare 1
declare 1
declare 1
defence 1
defence 1
defence 1
delayed 1
delayed 1
delayed 1
delayed 1
delayed 1
demanded 1
demanded 1
demanded 1
demanded 1
demands 1
demons 1
depravity 1
depths 1
descend 1
descend 1
descend 1
descend 1
descend 1
deserve 1
deserve 1
deserve 1
desire 1
desire 1
desire 1
desire 1
desire 1
desire 1
desire 1
desire 1
desire 1
desire 1
desire 1
desire 1
desire 1
desire 1
desire 1
desire 1
desire 1
desire 1
desire 1
desire 1
desire 1
desire 1
desire 1
desire 1
desire 1
desire 1
desire 1
desire 1
despairing 1
despairing 1
despairing 1
destination 1
destination 1
destined 1
destined 1
destined 1
destined 1
destined 1
detracts 1
dictated 1
dignity 1
dignity 1
dignity 1
dignity 1
dilatory 1
dim 1
dim 1
dim 1
disappointed 1
disappointed 1
disappointed 1
discipline 1
disconsolate 1
disconsolate 1
disconsolate 1
discovery 1
discovery 1
discovery 1
discovery 1
discovery 1
discovery 1
discovery 1
discovery 1
discovery 1
discovery 1
discovery 1
discovery 1
discovery 1
discovery 1
discovery 1
discovery 1
discovery 1
discovery 1
distinct 1
distinct 1
distinct 1
distinct 1
distinct 1
distinct 1
distinct 1
distinction 1
distinction 1
distinction 1
distribution 1
distribution 1
distribution 1
distribution 1
distribution 1
distribution 1
district 1
disturbed 1
disturbed 1
disturbed 1
disturbed 1
disturbed 1
disturbed 1
disturbed 1
disturbed 1
disturbs 1
divert 1
dizzy 1
dizzy 1
doubt 1
doubt 1
doubt 1
doubt 1
doubt 1
doubt 1
doubt 1
doubt 1
doubt 1
doubt 1
doubt 1
doubt 1
drawing 1
drawing 1
drawing 1
drawing 1
drawing 1
dread 1
dread 1
dread 1
dread 1
dread 1
dread 1
dread 1
dressed 1
dressed 1
dressed 1
dressed 1
dressed 1
driven 1
driven 1
driven 1
driven 1
driven 1
dropped 1
drug 1
duration 1
dwelling 1
dwelling 1
dwelling 1
dwelling 1
dwelling 1
dwelling 1
dwelling 1
dwelling 1
dwelling 1
dwelling 1
eBook 1
eBook 1
eBook 1
eBook 1
eBook 1
eBook 1
ear 1
ear 1
ear 1
ear 1
ecstasy 1
ecstasy 1
ecstasy 1
ecstasy 1
ecstasy 1
ecstasy 1
ecstatic 1
edges 1
effects 1
effects 1
effects 1
effects 1
effects 1
effects 1
effects 1
effusions 1
elapsed 1
elapsed 1
elapsed 1
elapsed 1
elapsed 1
elapsed 1
elapsed 1
elementary 1
employment 1
employment 1
employment 1
employment 1
employment 1
employment 1
emulation 1
enchanted 1
enchanted 1
endeavoured 1
endeavoured 1
endeavoured 1
endeavoured 1
endeavoured 1
endeavoured 1
endeavoured 1
endeavoured 1
endeavoured 1
endeavoured 1
endeavoured 1
endeavoured 1
endeavoured 1
endeavoured 1
endeavoured 1
endeavoured 1
endeavoured 1
endeavoured 1
endeavoured 1
endeavoured 1
endeavoured 1
endeavoured 1
endeavoured 1
endeavoured 1
endeavoured 1
endeavoured 1
endeavoured 1
endeavoured 1
enduring 1
enfranchised 1
engages 1
enhanced 1
enjoyed 1
enjoyed 1
enjoyed 1
enjoyed 1
enjoyed 1
enjoyed 1
enjoyed 1
enjoyed 1
enjoyed 1
enjoyed 1
enjoyed 1
enjoyed 1
enjoyed 1
enjoyments 1
enjoyments 1
enjoys 1
enjoys 1
enraptured 1
enraptured 1
eventual 1
ever 1
ever 1
ever 1
ever 1
ever 1
ever 1
ever 1
ever 1
ever 1
ever 1
ever 1
ever 1
ever 1
ever 1
ever 1
ever 1
ever 1
ever 1
ever 1
ever 1
ever 1
ever 1
ever 1
ever 1
ever 1
ever 1
ever 1
ever 1
ever 1
ever 1
ever 1
ever 1
ever 1
ever 1
ever 1
ever 1
ever 1
ever 1
ever 1
ever 1
ever 1
ever 1
ever 1
ever 1
ever 1
ever 1
ever 1
everlasting 1
everlasting 1
everlasting 1
everlasting 1
everlasting 1
evinced 1
exactly 1
exactly 1
exactly 1
exasperate 1
excite 1
excite 1
excite 1
excited 1
excited 1
excited 1
excited 1
excited 1
excited 1
excited 1
excited 1
excited 1
excited 1
excited 1
excited 1
excursion 1
executing 1
exhaustion 1
exhaustion 1
exists 1
exists 1
exotic 1
expectation 1
expectation 1
expectation 1
expectation 1
expectation 1
expectation 1
expected 1
expected 1
expected 1
expected 1
expected 1
expected 1
expected 1
expected 1
expected 1
expected 1
expected 1
expected 1
expedite 1
experience 1
experience 1
experience 1
experience 1
experience 1
experience 1
experience 1
exporting 1
expressive 1
expressive 1
expressive 1
expressive 1
expressive 1
expressive 1
expressive 1
extort 1
exulting 1
facilitated 1
fact 1
fact 1
fact 1
fact 1
fade 1
faltering 1
favourites 1
fearing 1
fearing 1
fearing 1
fellows 1
fellows 1
fellows 1
fetter 1
fills 1
fills 1
fills 1
fills 1
fills 1
fine 1
fine 1
fine 1
fine 1
fine 1
fine 1
fingers 1
fingers 1
fingers 1
fingers 1
fingers 1
firesides 1
flames 1
flames 1
flashes 1
flashes 1
flesh 1
flesh 1
flesh 1
flesh 1
floating 1
flood 1
floor 1
floor 1
floor 1
fluctuating 1
fluctuating 1
fog 1
folds 1
folds 1
folly 1
folly 1
foot 1
foot 1
foot 1
foot 1
foot 1
forcible 1
forcibly 1
forcibly 1
forcibly 1
forebodings 1
forebodings 1
forehead 1
forsakes 1
freedom 1
freedom 1
freedom 1
frozen 1
frozen 1
frozen 1
frozen 1
fugitives 1
fulfilment 1
fulfilment 1
fulfilment 1
furnished 1
furs 1
furs 1
fury 1
fury 1
fury 1
fury 1
fury 1
fury 1
futurity 1
gales 1
gales 1
genial 1
genial 1
ghastly 1
ghastly 1
ghastly 1
glance 1
glance 1
glance 1
glance 1
glance 1
glaring 1
glimmers 1
gloom 1
gloom 1
gloom 1
gloom 1
gloom 1
gloom 1
gloom 1
gloom 1
gloom 1
gloom 1
gloom 1
gloomily 1
gnashed 1
gnashed 1
gnashed 1
going 1
going 1
going 1
going 1
going 1
going 1
going 1
going 1
governed 1
governments 1
governments 1
governments 1
grass 1
grass 1
grass 1
grass 1
grass 1
grieve 1
grin 1
grin 1
grin 1
groundwork 1
grudge 1
gruff 1
guidance 1
guilty 1
guilty 1
guilty 1
guilty 1
guilty 1
guilty 1
guilty 1
guilty 1
guilty 1
guilty 1
guilty 1
gushed 1
gushed 1
hail 1
happy 1
happy 1
happy 1
happy 1
happy 1
happy 1
happy 1
happy 1
happy 1
happy 1
happy 1
happy 1
happy 1
happy 1
happy 1
happy 1
happy 1
happy 1
happy 1
happy 1
happy 1
happy 1
happy 1
happy 1
happy 1
happy 1
happy 1
happy 1
happy 1
happy 1
happy 1
happy 1
happy 1
happy 1
happy 1
happy 1
happy 1
happy 1
happy 1
happy 1
happy 1
happy 1
happy 1
happy 1
happy 1
harden 1
hardly 1
hardly 1
hardly 1
hardly 1
hardly 1
hardly 1
hardly 1
hardly 1
hardly 1
hardly 1
hardly 1
hardly 1
hardly 1
hardly 1
hardly 1
hardly 1
hardly 1
hardly 1
hardly 1
hardly 1
hardly 1
hardly 1
hardly 1
hardly 1
hardly 1
hardly 1
hardly 1
harmony 1
harmony 1
hated 1
hated 1
hated 1
hated 1
hated 1
hated 1
haughty 1
heart 1
heart 1
heart 1
heart 1
heart 1
heart 1
heart 1
heart 1
heart 1
heart 1
heart 1
heart 1
heart 1
heart 1
heart 1
heart 1
heart 1
heart 1
heart 1
heart 1
heart 1
heart 1
heart 1
heart 1
heart 1
heart 1
heart 1
heart 1
heart 1
heart 1
heart 1
heart 1
heart 1
heart 1
heart 1
heart 1
heart 1
heart 1
heart 1
heart 1
heart 1
heart 1
heart 1
heart 1
heart 1
heart 1
heart 1
heart 1
heart 1
heart 1
heart 1
heart 1
heart 1
heart 1
heart 1
heart 1
heart 1
heart 1
heart 1
heart 1
heart 1
heart 1
heart 1
heart 1
heart 1
heart 1
heart 1
heart 1
heart 1
heart 1
heart 1
heart 1
heart 1
heart 1
heart 1
heart 1
heart 1
heart 1
heart 1
heart 1
heart 1
heavenly 1
heavenly 1
heavenly 1
heavenly 1
heavens 1
heavens 1
heavens 1
heavens 1
heavens 1
heavens 1
heavens 1
heavens 1
heavens 1
heavens 1
heavens 1
heavens 1
heavens 1
heavens 1
heavens 1
heavens 1
heaving 1
heroic 1
heroic 1
hilarity 1
hilarity 1
homeless 1
hope 1
hope 1
hope 1
hope 1
hope 1
hope 1
hope 1
hope 1
hope 1
hope 1
hope 1
hope 1
hope 1
hope 1
hope 1
hope 1
hope 1
hope 1
hope 1
hope 1
hope 1
hope 1
hope 1
hope 1
hope 1
hope 1
hope 1
hope 1
hope 1
hope 1
hope 1
hope 1
hope 1
hope 1
hope 1
hope 1
hope 1
hope 1
hope 1
hope 1
hope 1
hope 1
hope 1
hope 1
hope 1
hope 1
hope 1
hope 1
hope 1
hope 1
hope 1
horseback 1
horseback 1
horses 1
horses 1
horses 1
hospitality 1
house 1
house 1
house 1
house 1
house 1
house 1
house 1
house 1
house 1
house 1
house 1
house 1
house 1
house 1
house 1
house 1
house 1
house 1
house 1
house 1
house 1
house 1
house 1
house 1
house 1
house 1
house 1
house 1
house 1
house 1
house 1
house 1
house 1
house 1
house 1
house 1
house 1
house 1
house 1
house 1
howl 1
hue 1
hunted 1
ignorance 1
ignorance 1
ignorance 1
ignorance 1
imagine 1
imagine 1
imagine 1
imagine 1
imbued 1
imbued 1
imbued 1
imbued 1
imitation 1
imitation 1
impenetrable 1
impenetrable 1
impenetrable 1
impressed 1
impressed 1
impressed 1
impressed 1
impressed 1
impressed 1
impressed 1
impressed 1
inasmuch 1
incline 1
indicating 1
indicating 1
indifference 1
induced 1
induced 1
induced 1
induced 1
induced 1
induced 1
indulged 1
indulged 1
indulged 1
infantile 1
infantine 1
infidels 1
infinite 1
infinite 1
infinite 1
ingenuity 1
ingratitude 1
ingratitude 1
ingratitude 1
inhabits 1
inhospitably 1
inquiring 1
insensible 1
insensible 1
instead 1
instead 1
instead 1
instead 1
instead 1
instead 1
instead 1
instead 1
instead 1
instead 1
instructing 1
insulted 1
insurmountable 1
insurmountable 1
insurmountable 1
insurmountable 1
insurmountable 1
intellectual 1
intellectual 1
intellectual 1
interfere 1
interfere 1
interfere 1
interfered 1
interment 1
interment 1
intersected 1
introduction 1
introduction 1
introduction 1
irradiation 1
is 1
is 1
is 1
is 1
is 1
is 1
is 1
is 1
is 1
is 1
is 1
is 1
is 1
is 1
is 1
is 1
is 1
is 1
is 1
is 1
is 1
is 1
is 1
is 1
is 1
is 1
is 1
is 1
is 1
is 1
is 1
is 1
is 1
is 1
is 1
is 1
is 1
is 1
is 1
is 1
is 1
is 1
is 1
is 1
is 1
is 1
is 1
is 1
is 1
is 1
is 1
is 1
is 1
is 1
is 1
is 1
is 1
is 1
is 1
is 1
is 1
is 1
is 1
is 1
is 1
is 1
is 1
is 1
is 1
is 1
is 1
is 1
is 1
is 1
is 1
is 1
is 1
is 1
is 1
is 1
is 1
is 1
is 1
is 1
is 1
is 1
is 1
is 1
is 1
is 1
is 1
is 1
is 1
is 1
is 1
is 1
is 1
is 1
is 1
is 1
is 1
is 1
is 1
is 1
is 1
is 1
is 1
is 1
is 1
is 1
is 1
is 1
is 1
is 1
is 1
is 1
is 1
is 1
is 1
is 1
is 1
is 1
is 1
is 1
is 1
is 1
is 1
is 1
is 1
is 1
is 1
is 1
is 1
is 1
is 1
is 1
is 1
is 1
is 1
is 1
is 1
is 1
is 1
is 1
is 1
is 1
is 1
is 1
is 1
is 1
is 1
is 1
is 1
is 1
is 1
is 1
is 1
is 1
is 1
is 1
is 1
is 1
is 1
is 1
is 1
is 1
is 1
is 1
is 1
is 1
is 1
is 1
is 1
is 1
is 1
is 1
is 1
is 1
is 1
is 1
is 1
is 1
is 1
is 1
is 1
is 1
is 1
is 1
is 1
is 1
is 1
is 1
is 1
is 1
is 1
is 1
is 1
is 1
is 1
is 1
is 1
is 1
is 1
is 1
is 1
is 1
is 1
is 1
is 1
is 1
is 1
is 1
is 1
is 1
is 1
is 1
is 1
is 1
is 1
is 1
is 1
is 1
is 1
is 1
is 1
is 1
is 1
is 1
is 1
is 1
is 1
is 1
is 1
is 1
is 1
is 1
is 1
is 1
is 1
is 1
is 1
is 1
is 1
is 1
is 1
is 1
is 1
is 1
is 1
is 1
is 1
is 1
is 1
is 1
is 1
is 1
is 1
is 1
is 1
is 1
is 1
is 1
is 1
is 1
is 1
is 1
is 1
is 1
is 1
is 1
is 1
is 1
is 1
is 1
is 1
is 1
is 1
is 1
is 1
is 1
is 1
is 1
is 1
is 1
is 1
is 1
is 1
is 1
is 1
is 1
is 1
is 1
is 1
is 1
is 1
is 1
is 1
is 1
is 1
is 1
is 1
is 1
is 1
is 1
is 1
is 1
is 1
is 1
is 1
is 1
is 1
is 1
is 1
is 1
is 1
is 1
is 1
is 1
is 1
is 1
is 1
is 1
is 1
is 1
is 1
is 1
is 1
is 1
islands 1
islands 1
islands 1
islands 1
its 1
its 1
its 1
its 1
its 1
its 1
its 1
its 1
its 1
its 1
its 1
its 1
its 1
its 1
its 1
its 1
its 1
its 1
its 1
its 1
its 1
its 1
its 1
its 1
its 1
its 1
its 1
its 1
its 1
its 1
its 1
its 1
its 1
its 1
its 1
its 1
its 1
its 1
its 1
its 1
its 1
its 1
its 1
its 1
its 1
its 1
its 1
its 1
its 1
its 1
its 1
its 1
its 1
its 1
its 1
its 1
its 1
its 1
its 1
its 1
its 1
its 1
its 1
its 1
its 1
its 1
its 1
its 1
its 1
its 1
its 1
its 1
its 1
its 1
its 1
its 1
its 1
its 1
its 1
its 1
its 1
its 1
its 1
its 1
its 1
its 1
its 1
its 1
its 1
its 1
its 1
its 1
its 1
its 1
its 1
its 1
its 1
its 1
its 1
its 1
its 1
its 1
its 1
its 1
its 1
its 1
its 1
its 1
its 1
its 1
its 1
its 1
its 1
its 1
its 1
its 1
its 1
its 1
its 1
its 1
its 1
its 1
its 1
its 1
jacket 1
jeer 1
journeying 1
journeying 1
judges 1
judges 1
judges 1
judges 1
judges 1
judges 1
keys 1
knees 1
knees 1
knelt 1
knelt 1
knelt 1
knelt 1
knelt 1
ladies 1
lakes 1
lakes 1
lakes 1
lakes 1
lakes 1
landed 1
landed 1
landed 1
landed 1
landed 1
landed 1
laughter 1
laughter 1
laughter 1
laughter 1
law 1
law 1
law 1
law 1
law 1
law 1
learnt 1
leaves 1
leaves 1
leaves 1
leaves 1
leaves 1
leaves 1
leaves 1
leaves 1
leaves 1
leaves 1
leaves 1
leaving 1
leaving 1
leaving 1
leaving 1
liberally 1
lifelessness 1
lifted 1
ligaments 1
lightened 1
limb 1
limb 1
limb 1
line 1
line 1
line 1
link 1
link 1
listener 1
listener 1
listlessly 1
literally 1
loaf 1
loaf 1
loathsome 1
loathsome 1
loathsome 1
loathsome 1
loathsome 1
located 1
located 1
located 1
located 1
locks 1
loitered 1
loitered 1
long 1
long 1
long 1
long 1
long 1
long 1
long 1
long 1
long 1
long 1
long 1
long 1
long 1
long 1
long 1
long 1
long 1
long 1
long 1
long 1
long 1
long 1
long 1
long 1
long 1
long 1
long 1
long 1
long 1
long 1
long 1
long 1
long 1
long 1
long 1
long 1
long 1
long 1
long 1
long 1
long 1
long 1
long 1
long 1
long 1
long 1
long 1
long 1
long 1
loose 1
loose 1
loose 1
loose 1
loose 1
loose 1
loose 1
loose 1
lords 1
lulled 1
lulled 1
mad 1
mad 1
mad 1
mad 1
mad 1
mad 1
mad 1
madman 1
madman 1
madman 1
majestic 1
majestic 1
majestic 1
majestic 1
majestic 1
majestic 1
make 1
make 1
make 1
make 1
make 1
make 1
make 1
make 1
make 1
make 1
make 1
make 1
make 1
make 1
make 1
make 1
make 1
make 1
make 1
make 1
make 1
make 1
make 1
make 1
make 1
make 1
make 1
make 1
make 1
make 1
make 1
make 1
make 1
make 1
make 1
make 1
make 1
make 1
malignity 1
malignity 1
malignity 1
malignity 1
malignity 1
malignity 1
malignity 1
man 1
man 1
man 1
man 1
man 1
man 1
man 1
man 1
man 1
man 1
man 1
man 1
man 1
man 1
man 1
man 1
man 1
man 1
man 1
man 1
man 1
man 1
man 1
man 1
man 1
man 1
man 1
man 1
man 1
man 1
man 1
man 1
man 1
man 1
man 1
man 1
man 1
man 1
man 1
man 1
man 1
man 1
man 1
man 1
man 1
man 1
man 1
man 1
man 1
man 1
man 1
man 1
man 1
man 1
man 1
man 1
man 1
man 1
man 1
man 1
man 1
man 1
man 1
man 1
man 1
man 1
man 1
man 1
man 1
man 1
man 1
man 1
man 1
man 1
man 1
man 1
man 1
man 1
man 1
man 1
man 1
man 1
man 1
man 1
man 1
man 1
man 1
man 1
man 1
man 1
man 1
man 1
man 1
man 1
man 1
man 1
man 1
man 1
man 1
man 1
man 1
man 1
man 1
man 1
man 1
man 1
man 1
man 1
man 1
man 1
man 1
man 1
man 1
man 1
man 1
man 1
man 1
man 1
man 1
man 1
man 1
man 1
man 1
man 1
man 1
man 1
man 1
man 1
man 1
man 1
man 1
man 1
man 1
map 1
married 1
married 1
married 1
married 1
marvellous 1
marvellous 1
marvellous 1
massacring 1
maximum 1
meantime 1
meantime 1
meantime 1
meantime 1
meantime 1
meantime 1
meantime 1
meantime 1
meantime 1
measured 1
medicine 1
men 1
men 1
men 1
men 1
men 1
men 1
men 1
men 1
men 1
men 1
men 1
men 1
men 1
men 1
men 1
men 1
men 1
men 1
men 1
men 1
men 1
men 1
men 1
men 1
men 1
men 1
men 1
men 1
men 1
men 1
men 1
men 1
men 1
men 1
men 1
men 1
men 1
men 1
men 1
men 1
men 1
men 1
men 1
mercenary 1
merchant 1
merchant 1
merchant 1
merchant 1
merchant 1
merchant 1
merchant 1
merits 1
merits 1
merits 1
met 1
met 1
met 1
met 1
met 1
met 1
met 1
met 1
met 1
metals 1
microscope 1
mistake 1
mix 1
mock 1
mock 1
mock 1
mock 1
momentary 1
momentary 1
monstrous 1
monstrous 1
monstrous 1
moralizing 1
morning 1
morning 1
morning 1
morning 1
morning 1
morning 1
morning 1
morning 1
morning 1
morning 1
morning 1
morning 1
morning 1
morning 1
morning 1
morning 1
morning 1
morning 1
morning 1
morning 1
morning 1
morning 1
morning 1
morning 1
morning 1
morning 1
morning 1
morning 1
morning 1
morning 1
morning 1
morning 1
morning 1
morning 1
morning 1
morning 1
morning 1
morrow 1
morrow 1
morrow 1
morrow 1
mounted 1
mounted 1
mourner 1
murdered 1
murdered 1
murdered 1
murdered 1
murdered 1
murdered 1
murdered 1
murdered 1
murdered 1
murdered 1
murdered 1
murdered 1
murdered 1
murdered 1
murdered 1
murdered 1
murdered 1
murdered 1
murdered 1
murdered 1
murmur 1
murmur 1
murmur 1
narrower 1
nations 1
natures 1
natures 1
nervous 1
nervous 1
nervous 1
nervous 1
nervous 1
nets 1
never 1
never 1
never 1
never 1
never 1
never 1
never 1
never 1
never 1
never 1
never 1
never 1
never 1
never 1
never 1
never 1
never 1
never 1
never 1
never 1
never 1
never 1
never 1
never 1
never 1
never 1
never 1
never 1
never 1
never 1
never 1
never 1
never 1
never 1
never 1
never 1
never 1
never 1
never 1
never 1
never 1
never 1
never 1
never 1
never 1
never 1
never 1
never 1
never 1
never 1
never 1
never 1
never 1
never 1
never 1
never 1
never 1
never 1
never 1
never 1
never 1
never 1
never 1
never 1
never 1
never 1
nightingale 1
nightingale 1
noisy 1
nonproprietary 1
now 1
now 1
now 1
now 1
now 1
now 1
now 1
now 1
now 1
now 1
now 1
now 1
now 1
now 1
now 1
now 1
now 1
now 1
now 1
now 1
now 1
now 1
now 1
now 1
now 1
now 1
now 1
now 1
now 1
now 1
now 1
now 1
now 1
now 1
now 1
now 1
now 1
now 1
now 1
now 1
now 1
now 1
now 1
now 1
now 1
now 1
now 1
now 1
now 1
now 1
now 1
now 1
now 1
now 1
now 1
now 1
now 1
now 1
now 1
now 1
now 1
now 1
now 1
now 1
now 1
now 1
now 1
now 1
now 1
now 1
now 1
now 1
now 1
now 1
now 1
now 1
now 1
now 1
now 1
now 1
now 1
now 1
now 1
now 1
now 1
now 1
now 1
now 1
now 1
now 1
now 1
now 1
now 1
now 1
now 1
now 1
now 1
now 1
now 1
now 1
now 1
now 1
now 1
now 1
now 1
now 1
now 1
now 1
now 1
now 1
now 1
now 1
now 1
now 1
now 1
now 1
now 1
now 1
now 1
now 1
now 1
now 1
now 1
now 1
now 1
now 1
now 1
now 1
now 1
now 1
now 1
now 1
now 1
now 1
now 1
now 1
now 1
now 1
now 1
now 1
now 1
now 1
now 1
now 1
now 1
now 1
now 1
nuts 1
nuts 1
oath 1
obedient 1
obscurely 1
occupations 1
occupations 1
occupations 1
occupations 1
occupations 1
occupations 1
occupations 1
occupations 1
occupations 1
occupations 1
occupations 1
occupations 1
officially 1
opening 1
opening 1
operate 1
oppresses 1
oppression 1
oppression 1
oppressive 1
oppressive 1
oppressive 1
ordinary 1
ordinary 1
other 1
other 1
other 1
other 1
other 1
other 1
other 1
other 1
other 1
other 1
other 1
other 1
other 1
other 1
other 1
other 1
other 1
other 1
other 1
other 1
other 1
other 1
other 1
other 1
other 1
other 1
other 1
other 1
other 1
other 1
other 1
other 1
other 1
other 1
other 1
other 1
other 1
other 1
other 1
other 1
other 1
other 1
other 1
other 1
other 1
other 1
other 1
other 1
other 1
other 1
other 1
other 1
other 1
other 1
other 1
other 1
other 1
other 1
other 1
other 1
other 1
other 1
other 1
other 1
other 1
other 1
other 1
other 1
other 1
other 1
other 1
other 1
other 1
other 1
other 1
other 1
other 1
other 1
other 1
other 1
other 1
other 1
other 1
other 1
other 1
other 1
other 1
other 1
otherwise 1
otherwise 1
otherwise 1
otherwise 1
otherwise 1
otherwise 1
otherwise 1
otherwise 1
out 1
out 1
out 1
out 1
out 1
out 1
out 1
out 1
out 1
out 1
out 1
out 1
out 1
out 1
out 1
out 1
out 1
out 1
out 1
out 1
out 1
out 1
out 1
out 1
out 1
out 1
out 1
out 1
out 1
out 1
out 1
out 1
out 1
out 1
out 1
out 1
out 1
out 1
out 1
out 1
outdated 1
outrages 1
outstript 1
overcame 1
overcame 1
overcame 1
overcame 1
overcame 1
overcame 1
overcame 1
owning 1
pacing 1
packet 1
paid 1
paid 1
paid 1
paid 1
paid 1
paid 1
paid 1
paid 1
paid 1
paid 1
paid 1
paid 1
pallid 1
palpitate 1
papa 1
papa 1
papa 1
paper 1
paper 1
paper 1
pardon 1
pardon 1
passionately 1
pay 1
pay 1
pay 1
pay 1
perambulations 1
permanent 1
perpendicular 1
perpendicular 1
perpendicularity 1
perpetrate 1
persecutor 1
persecutor 1
persecutor 1
persons 1
persons 1
persons 1
persons 1
persuades 1
pest 1
piece 1
piece 1
piece 1
pinnacle 1
piny 1
piny 1
playing 1
playing 1
playing 1
pleasurable 1
pleasurable 1
poems 1
poet 1
politic 1
positively 1
possesses 1
powers 1
powers 1
powers 1
powers 1
powers 1
powers 1
powers 1
powers 1
powers 1
powers 1
powers 1
powers 1
powers 1
powers 1
powers 1
practically 1
practically 1
praise 1
praise 1
precisely 1
preliminary 1
presents 1
presents 1
presents 1
preserver 1
presumption 1
presumption 1
presumption 1
pretend 1
pretend 1
pretend 1
pretty 1
pretty 1
pretty 1
pretty 1
pretty 1
pretty 1
prevent 1
prevent 1
prevent 1
prevent 1
prevent 1
prevent 1
previously 1
previously 1
previously 1
prey 1
prey 1
prey 1
prey 1
prey 1
prey 1
proceed 1
proceed 1
proceed 1
proceed 1
proceed 1
proceed 1
proceed 1
proceed 1
procure 1
procure 1
procure 1
procure 1
procure 1
procure 1
procure 1
procure 1
procure 1
procure 1
procured 1
procured 1
procured 1
procured 1
procured 1
procured 1
procured 1
procured 1
projects 1
projects 1
projects 1
pronouncing 1
pronouncing 1
proof 1
proof 1
proof 1
proof 1
proof 1
proper 1
proper 1
proposed 1
publicly 1
publicly 1
pupil 1
purpose 1
purpose 1
purpose 1
purpose 1
purpose 1
purpose 1
purpose 1
purpose 1
purpose 1
purpose 1
purpose 1
purpose 1
purpose 1
purpose 1
purpose 1
purpose 1
purpose 1
purpose 1
purpose 1
queen 1
ragged 1
ragged 1
raging 1
rambles 1
rambles 1
rambles 1
rambles 1
rambles 1
rang 1
rang 1
rang 1
rang 1
rang 1
rankling 1
raved 1
raven 1
readable 1
readable 1
real 1
real 1
real 1
real 1
real 1
real 1
real 1
receiving 1
receiving 1
receiving 1
receiving 1
receiving 1
recognize 1
recorded 1
recorded 1
recorded 1
refreshed 1
refreshed 1
refreshed 1
refreshed 1
region 1
region 1
region 1
region 1
regretted 1
regular 1
relation 1
relation 1
relation 1
relation 1
relation 1
relative 1
relative 1
relinquish 1
remark 1
remark 1
remark 1
remark 1
remarkably 1
remarkably 1
remarkably 1
remedy 1
remembered 1
remembered 1
remembered 1
remembered 1
remembered 1
remembered 1
remembered 1
remembered 1
remembered 1
remembered 1
remembered 1
remembered 1
remembered 1
rends 1
republic 1
requested 1
requested 1
reside 1
reside 1
residence 1
residence 1
residence 1
residence 1
residence 1
residence 1
residence 1
residence 1
residence 1
residence 1
resolved 1
resolved 1
resolved 1
resolved 1
resolved 1
resolved 1
resolved 1
resolved 1
resolved 1
resolved 1
resolved 1
resolved 1
resolved 1
resolved 1
resolved 1
resolved 1
resolved 1
resolved 1
resolved 1
resolved 1
resolved 1
resolved 1
resolved 1
resolved 1
resolved 1
resolved 1
resolved 1
resolved 1
resolved 1
resolved 1
resolved 1
respectable 1
retains 1
retreated 1
retreated 1
revenge 1
revenge 1
revenge 1
revenge 1
revenge 1
revenge 1
revenge 1
revenge 1
revenge 1
revenge 1
revenge 1
revenge 1
revenge 1
revenge 1
revenge 1
revenge 1
revenge 1
revenge 1
revenge 1
revenge 1
revenge 1
revenge 1
revenge 1
revenge 1
revisit 1
revisit 1
revoke 1
revolt 1
revolutions 1
ridges 1
riot 1
rival 1
river 1
river 1
river 1
river 1
river 1
river 1
river 1
river 1
river 1
river 1
river 1
river 1
roughly 1
roused 1
roused 1
roused 1
roused 1
roused 1
roused 1
roused 1
rowing 1
rowing 1
royalties 1
royalties 1
royalty 1
rude 1
rude 1
rude 1
rude 1
rude 1
rude 1
ruin 1
ruin 1
ruin 1
ruin 1
ruin 1
ruin 1
ruin 1
ruin 1
ruin 1
ruled 1
ruled 1
rustling 1
sailed 1
sailed 1
sailed 1
sailed 1
satisfaction 1
scene 1
scene 1
scene 1
scene 1
scene 1
scene 1
scene 1
scene 1
scene 1
scene 1
scene 1
scene 1
scene 1
scene 1
scene 1
scene 1
scene 1
scene 1
scene 1
scene 1
scene 1
scene 1
scene 1
scene 1
scene 1
scene 1
scene 1
scene 1
scene 1
scene 1
scene 1
scene 1
scene 1
scene 1
scene 1
scene 1
scene 1
scene 1
scene 1
scene 1
scene 1
scene 1
scene 1
scene 1
science 1
science 1
science 1
science 1
science 1
science 1
science 1
science 1
science 1
science 1
science 1
science 1
science 1
science 1
science 1
science 1
science 1
science 1
science 1
science 1
science 1
science 1
science 1
science 1
science 1
science 1
science 1
science 1
scion 1
scraggy 1
seafaring 1
seas 1
seas 1
seas 1
seas 1
seas 1
seas 1
seated 1
seated 1
seated 1
seated 1
secret 1
secret 1
secret 1
secret 1
secret 1
secret 1
secret 1
secret 1
secret 1
secret 1
secret 1
secret 1
secret 1
securely 1
seized 1
seized 1
seized 1
seized 1
seized 1
seized 1
seized 1
seized 1
seized 1
seized 1
seized 1
seized 1
seized 1
seized 1
seized 1
seized 1
select 1
selfish 1
selfish 1
selfish 1
selfish 1
sell 1
sensation 1
sensation 1
sensation 1
sensation 1
sensation 1
sensation 1
sensation 1
sensation 1
sensation 1
sensation 1
sensation 1
sensation 1
serving 1
shake 1
shake 1
shake 1
shake 1
shed 1
shed 1
shed 1
shed 1
shed 1
shed 1
shed 1
shed 1
ship 1
ship 1
ship 1
ship 1
ship 1
ship 1
ship 1
ship 1
shipping 1
shock 1
shock 1
shock 1
shock 1
shocking 1
sick 1
sick 1
sick 1
simpler 1
simpler 1
since 1
since 1
since 1
since 1
since 1
since 1
since 1
since 1
since 1
since 1
since 1
since 1
since 1
since 1
since 1
since 1
since 1
since 1
since 1
since 1
since 1
since 1
since 1
since 1
since 1
sincerely 1
sincerely 1
sincerely 1
sincerely 1
sincerely 1
sincerely 1
sincerely 1
sincerely 1
singularly 1
singularly 1
sister 1
sister 1
sister 1
sister 1
sister 1
sister 1
sister 1
sister 1
sister 1
sister 1
sister 1
sister 1
sister 1
sister 1
sister 1
sister 1
sister 1
sister 1
sister 1
sister 1
sister 1
sister 1
sister 1
sister 1
sister 1
sister 1
sixth 1
skirted 1
slenderly 1
slept 1
slept 1
slept 1
slept 1
slept 1
slept 1
slept 1
slept 1
smitten 1
smooth 1
snatched 1
snatched 1
snatched 1
snatched 1
softened 1
softened 1
softened 1
solemnity 1
solemnity 1
solemnity 1
solemnity 1
solitudes 1
sombre 1
some 1
some 1
some 1
some 1
some 1
some 1
some 1
some 1
some 1
some 1
some 1
some 1
some 1
some 1
some 1
some 1
some 1
some 1
some 1
some 1
some 1
some 1
some 1
some 1
some 1
some 1
some 1
some 1
some 1
some 1
some 1
some 1
some 1
some 1
some 1
some 1
some 1
some 1
some 1
some 1
some 1
some 1
some 1
some 1
some 1
some 1
some 1
some 1
some 1
some 1
some 1
some 1
some 1
some 1
some 1
some 1
some 1
some 1
some 1
some 1
some 1
some 1
some 1
some 1
some 1
some 1
some 1
some 1
some 1
some 1
some 1
some 1
some 1
some 1
some 1
some 1
some 1
some 1
some 1
some 1
some 1
some 1
some 1
some 1
some 1
some 1
some 1
some 1
some 1
some 1
some 1
some 1
some 1
some 1
some 1
some 1
some 1
some 1
some 1
some 1
some 1
some 1
some 1
some 1
some 1
some 1
some 1
some 1
some 1
some 1
some 1
some 1
some 1
some 1
some 1
some 1
some 1
some 1
some 1
some 1
some 1
some 1
some 1
some 1
some 1
some 1
some 1
some 1
some 1
some 1
some 1
some 1
some 1
some 1
some 1
some 1
some 1
something 1
something 1
something 1
something 1
something 1
something 1
something 1
something 1
something 1
something 1
something 1
something 1
something 1
something 1
something 1
something 1
songs 1
songs 1
songs 1
sought 1
sought 1
sought 1
sought 1
sought 1
sought 1
sought 1
sought 1
sought 1
sought 1
sought 1
sought 1
sought 1
sought 1
sought 1
sought 1
sought 1
sought 1
soundly 1
sparrow 1
speaking 1
speaking 1
speck 1
split 1
split 1
spoke 1
spoke 1
spoke 1
spoke 1
spoke 1
spoke 1
spoke 1
spoke 1
spoke 1
spoke 1
spoke 1
spoke 1
spoke 1
spoke 1
spoke 1
spoke 1
spoke 1
spoke 1
spoke 1
spoke 1
spoke 1
spoke 1
spoke 1
spoke 1
spoke 1
spurn 1
spurn 1
staff 1
stagecoach 1
standing 1
standing 1
standing 1
starting 1
stature 1
stature 1
stature 1
stature 1
stature 1
stature 1
stature 1
stiff 1
still 1
still 1
still 1
still 1
still 1
still 1
still 1
still 1
still 1
still 1
still 1
still 1
still 1
still 1
still 1
still 1
still 1
still 1
still 1
still 1
still 1
still 1
still 1
still 1
still 1
still 1
still 1
still 1
still 1
still 1
still 1
still 1
still 1
still 1
still 1
still 1
still 1
still 1
still 1
still 1
still 1
still 1
still 1
still 1
still 1
still 1
still 1
still 1
still 1
still 1
still 1
still 1
still 1
still 1
still 1
still 1
still 1
still 1
still 1
still 1
still 1
still 1
still 1
still 1
stock 1
stock 1
stock 1
stopping 1
strained 1
streets 1
streets 1
streets 1
streets 1
streets 1
streets 1
strewed 1
strewed 1
struck 1
struck 1
struck 1
struck 1
struck 1
struck 1
struck 1
struck 1
struck 1
struck 1
students 1
studied 1
studied 1
studied 1
studied 1
studied 1
sty 1
sty 1
subdue 1
subdued 1
subdued 1
subdued 1
submission 1
submit 1
succour 1
succour 1
sufferings 1
sufferings 1
sufferings 1
sufferings 1
sufferings 1
sufferings 1
sufferings 1
sufferings 1
sufferings 1
sufferings 1
sufferings 1
sufferings 1
sufferings 1
sufferings 1
summoned 1
sunlight 1
sunset 1
sunset 1
supernatural 1
supernatural 1
supernatural 1
supernatural 1
supplied 1
supplied 1
surprising 1
surprising 1
suspense 1
suspense 1
suspense 1
suspense 1
sweetest 1
swelled 1
swelled 1
swelled 1
swore 1
sympathized 1
sympathized 1
sympathized 1
sympathized 1
table 1
teeth 1
teeth 1
teeth 1
teeth 1
teeth 1
teeth 1
teeth 1
teeth 1
terrifically 1
terror 1
terror 1
terror 1
terror 1
terror 1
terror 1
terror 1
terror 1
terror 1
terror 1
testimonies 1
testimony 1
themselves 1
themselves 1
themselves 1
themselves 1
themselves 1
themselves 1
themselves 1
themselves 1
themselves 1
themselves 1
themselves 1
themselves 1
thenceforth 1
thenceforth 1
thine 1
thine 1
thine 1
thirst 1
thirst 1
thirst 1
thirst 1
thirst 1
thirst 1
thirst 1
thirst 1
thirst 1
thirst 1
thirst 1
thirst 1
thirst 1
thirst 1
throbbings 1
tokens 1
torches 1
torpor 1
torpor 1
towards 1
towards 1
towards 1
towards 1
towards 1
towards 1
towards 1
towards 1
towards 1
towards 1
towards 1
towards 1
towards 1
towards 1
towards 1
towards 1
towards 1
towards 1
towards 1
towards 1
towards 1
towards 1
towards 1
towards 1
towards 1
towards 1
towards 1
towards 1
towards 1
towards 1
towards 1
towards 1
towards 1
towards 1
towards 1
towards 1
towards 1
towards 1
towards 1
towards 1
towards 1
towards 1
towards 1
towards 1
towards 1
towards 1
towards 1
towards 1
towards 1
towards 1
towards 1
towards 1
towards 1
towards 1
towards 1
towards 1
towards 1
towards 1
towards 1
towards 1
towards 1
towards 1
towards 1
towards 1
towards 1
towards 1
towards 1
towards 1
towards 1
towards 1
towards 1
towards 1
towards 1
towards 1
towards 1
towards 1
towards 1
towards 1
towards 1
towards 1
towards 1
towards 1
towards 1
towards 1
towards 1
towards 1
towards 1
towards 1
towards 1
towards 1
towards 1
towards 1
towards 1
towered 1
tragedy 1
train 1
train 1
train 1
train 1
train 1
train 1
trait 1
trait 1
transaction 1
transmit 1
travelling 1
traverse 1
traverse 1
treatment 1
treatment 1
treatment 1
treatment 1
treatment 1
tree 1
tree 1
tree 1
tree 1
tree 1
trust 1
trust 1
trust 1
trust 1
trust 1
trust 1
txt 1
type 1
type 1
tyrant 1
uncommon 1
uncommon 1
uncommon 1
undeceive 1
understanding 1
understanding 1
understanding 1
understanding 1
understanding 1
undivided 1
uninterested 1
university 1
university 1
university 1
university 1
university 1
university 1
university 1
unknown 1
unknown 1
unknown 1
unknown 1
unknown 1
unknown 1
unknown 1
unless 1
unless 1
unless 1
unless 1
unless 1
unless 1
unless 1
unremitting 1
unremitting 1
unremitting 1
unsettled 1
unwearied 1
using 1
using 1
using 1
using 1
using 1
vacillating 1
vale 1
version 1
version 1
version 1
vigour 1
vigour 1
visible 1
visible 1
visible 1
visible 1
visible 1
visible 1
visits 1
visits 1
visits 1
visits 1
volcano 1
volume 1
volume 1
volume 1
volume 1
wall 1
wand 1
wanderer 1
wanderer 1
wantonness 1
weight 1
weight 1
weight 1
weight 1
weight 1
weight 1
weight 1
welcomed 1
welcomed 1
welcomed 1
welcomed 1
welcomed 1
whatever 1
whatever 1
wickedness 1
wickedness 1
wickedness 1
wickedness 1
wickedness 1
wickedness 1
wildest 1
wildest 1
wildest 1
wind 1
wind 1
wind 1
wind 1
wind 1
wind 1
wind 1
wind 1
wind 1
wind 1
wind 1
wind 1
wind 1
wind 1
wind 1
wind 1
wind 1
wind 1
wind 1
wind 1
wind 1
wind 1
wind 1
wind 1
wind 1
wind 1
wind 1
winding 1
winged 1
witnessed 1
wouldst 1
wreaths 1
wrenched 1
wrestle 1
years 1
years 1
years 1
years 1
years 1
years 1
years 1
years 1
years 1
years 1
years 1
years 1
years 1
years 1
years 1
years 1
years 1
years 1
years 1
years 1
years 1
years 1
years 1
years 1
years 1
years 1
years 1
years 1
years 1
years 1
years 1
years 1
years 1
years 1
years 1
years 1
years 1
years 1
years 1
years 1
years 1
years 1
years 1
years 1
yesterday 1
yesterday 1
yesterday 1
yielded 1
yielded 1
yielded 1
yon 1
youthful 1
youthful 1
youthful 1
