AFTER 1
AS 1
AS 1
Among 1
Andy 1
April 1
Are 1
Are 1
Aristocracy 1
Assisted 1
B 1
B 1
B 1
B 1
Baron 1
Been 1
Behind 1
Boat 1
Boat 1
Brewing 1
Bricksville 1
Bricksville 1
Broad 1
COL 1
Casanova 1
Castle 1
Charlotte 1
Charlotte 1
Charlotte 1
Chickens 1
Civilizing 1
Cler 1
Cler 1
Confound 1
Confound 1
Confound 1
Congress 1
Congress 1
Congress 1
Creeps 1
Creeps 1
Cuss 1
Cuss 1
Cut 1
Deacon 1
Deacon 1
Deacon 1
Dead 1
Dead 1
Dead 1
Dead 1
Director 1
Domesday 1
Dowling 1
Dowling 1
Dowling 1
Dowling 1
Dowling 1
Dukes 1
EIN 1
Email 1
Executive 1
Father 1
Father 1
Father 1
Fetch 1
Fetch 1
Fire 1
Found 1
Fourteen 1
Fourth 1
Fourth 1
Fourth 1
French 1
French 1
French 1
French 1
French 1
Friendship 1
General 1
General 1
General 1
General 1
General 1
Goliar 1
Goodnessgracioussakes 1
Grace 1
Grace 1
Grace 1
Grace 1
Grace 1
Grace 1
Grandeur 1
Gunn 1
HOW 1
HUCKLEBERRY 1
HUCKLEBERRY 1
HUCKLEBERRY 1
HUCKLEBERRY 1
Hain 1
Hain 1
Hain 1
Hain 1
Hain 1
Hain 1
Hallelujah 1
Hannah 1
Harry 1
Harry 1
Has 1
Has 1
Has 1
Has 1
Has 1
Has 1
Has 1
Hasn 1
Heel 1
Henry 1
Henry 1
Henry 1
Henry 1
Henry 1
Henry 1
Hole 1
How 1
How 1
How 1
How 1
How 1
How 1
How 1
How 1
How 1
How 1
How 1
How 1
How 1
How 1
How 1
How 1
How 1
How 1
How 1
How 1
How 1
How 1
How 1
How 1
How 1
How 1
How 1
How 1
How 1
How 1
How 1
How 1
How 1
How 1
How 1
Hump 1
Hump 1
II 1
II 1
IMPLIED 1
IS 1
Information 1
Information 1
Information 1
Information 1
Information 1
Information 1
Information 1
International 1
Irrigation 1
Jawge 1
Jawge 1
Jawge 1
Joe 1
Joe 1
Joe 1
Just 1
Just 1
Just 1
Just 1
Just 1
Just 1
Just 1
Just 1
Just 1
Just 1
Just 1
Just 1
Just 1
Kill 1
Kill 1
LIMITED 1
LIMITED 1
LIMITED 1
Leviticus 1
Literary 1
Literary 1
Literary 1
Literary 1
Literary 1
Literary 1
Literary 1
Literary 1
Literary 1
Literary 1
Literary 1
Literary 1
Literary 1
Little 1
Little 1
Lynch 1
Ma 1
Maim 1
Man 1
Man 1
Man 1
Mayflower 1
Men 1
Men 1
Mind 1
Missus 1
Missus 1
Missus 1
Misto 1
Misto 1
Misto 1
Mort 1
Nichols 1
Nichols 1
Nichols 1
Nichols 1
Offering 1
Only 1
Only 1
Only 1
Only 1
Only 1
Only 1
Outrageous 1
PARAGRAPH 1
PAST 1
Packard 1
Packard 1
Packard 1
Packard 1
Packard 1
Packard 1
Packard 1
Paying 1
Phelps 1
Phelps 1
Phelps 1
Phelps 1
Phelps 1
Phelps 1
Phelps 1
Phelps 1
Phelps 1
Phelps 1
Phelps 1
Phelps 1
Phelps 1
Phelps 1
Phelps 1
Phelps 1
Pie 1
Pie 1
Pikesville 1
Pikesville 1
Pork 1
Preachin 1
Presbyterian 1
Proctors 1
Proctors 1
READ 1
REPLACEMENT 1
RIGHT 1
Rats 1
Resting 1
Richmond 1
Ridgeway 1
Rogers 1
Rogers 1
Rogers 1
Rogers 1
Rogers 1
Rogers 1
Rogers 1
Rogers 1
Romeo 1
Romeo 1
Romeo 1
Romeo 1
Romeo 1
Romeo 1
Romeo 1
Ryo 1
SEND 1
Second 1
Second 1
Second 1
Several 1
Since 1
Sixteenth 1
Snags 1
So 1
So 1
So 1
So 1
So 1
So 1
So 1
So 1
So 1
So 1
So 1
So 1
So 1
So 1
So 1
So 1
So 1
So 1
So 1
So 1
So 1
So 1
So 1
So 1
So 1
So 1
So 1
So 1
So 1
So 1
So 1
So 1
So 1
So 1
So 1
So 1
So 1
So 1
So 1
So 1
So 1
So 1
So 1
So 1
So 1
So 1
So 1
So 1
So 1
So 1
So 1
So 1
So 1
So 1
So 1
So 1
So 1
So 1
So 1
So 1
So 1
So 1
So 1
So 1
So 1
So 1
So 1
So 1
So 1
So 1
So 1
So 1
So 1
So 1
So 1
So 1
So 1
So 1
So 1
So 1
So 1
So 1
So 1
So 1
So 1
So 1
So 1
So 1
So 1
So 1
So 1
So 1
So 1
So 1
So 1
So 1
So 1
So 1
So 1
So 1
So 1
So 1
So 1
So 1
So 1
So 1
So 1
So 1
So 1
So 1
So 1
So 1
So 1
So 1
So 1
So 1
So 1
So 1
So 1
So 1
So 1
So 1
So 1
So 1
So 1
So 1
So 1
So 1
So 1
So 1
So 1
So 1
So 1
So 1
So 1
So 1
So 1
So 1
So 1
So 1
So 1
So 1
So 1
So 1
So 1
So 1
So 1
So 1
So 1
So 1
So 1
So 1
So 1
So 1
So 1
So 1
So 1
So 1
So 1
So 1
So 1
So 1
So 1
So 1
So 1
So 1
So 1
So 1
So 1
So 1
So 1
So 1
So 1
So 1
So 1
So 1
So 1
So 1
So 1
So 1
So 1
So 1
So 1
So 1
So 1
So 1
So 1
So 1
So 1
So 1
So 1
So 1
So 1
So 1
So 1
So 1
So 1
So 1
So 1
So 1
So 1
So 1
So 1
So 1
So 1
So 1
So 1
So 1
So 1
So 1
So 1
So 1
So 1
So 1
So 1
So 1
So 1
So 1
So 1
So 1
So 1
So 1
So 1
So 1
So 1
So 1
So 1
So 1
So 1
So 1
So 1
So 1
So 1
So 1
So 1
So 1
So 1
So 1
Stick 1
Stick 1
Stop 1
Susan 1
Susan 1
Susan 1
Susan 1
Susan 1
Susan 1
Susan 1
Susan 1
Susan 1
Susan 1
T 1
Takes 1
Taking 1
Territory 1
Territory 1
Territory 1
Territory 1
Thee 1
They 1
They 1
They 1
They 1
They 1
They 1
They 1
They 1
They 1
They 1
They 1
They 1
They 1
They 1
They 1
They 1
They 1
They 1
They 1
They 1
They 1
They 1
They 1
They 1
They 1
They 1
They 1
They 1
They 1
They 1
They 1
They 1
They 1
They 1
They 1
They 1
They 1
They 1
They 1
They 1
They 1
They 1
They 1
They 1
They 1
They 1
They 1
They 1
They 1
They 1
They 1
They 1
They 1
They 1
They 1
They 1
They 1
They 1
They 1
They 1
They 1
They 1
They 1
They 1
They 1
They 1
They 1
They 1
They 1
They 1
They 1
They 1
They 1
They 1
They 1
They 1
They 1
They 1
They 1
They 1
They 1
They 1
They 1
They 1
They 1
They 1
They 1
They 1
They 1
They 1
They 1
They 1
They 1
They 1
They 1
They 1
They 1
They 1
They 1
They 1
They 1
They 1
They 1
They 1
They 1
They 1
They 1
They 1
They 1
They 1
They 1
They 1
They 1
They 1
They 1
They 1
They 1
They 1
They 1
They 1
They 1
They 1
They 1
They 1
They 1
They 1
They 1
They 1
They 1
They 1
They 1
They 1
They 1
They 1
Thou 1
Thou 1
Throw 1
Town 1
Town 1
Tragedy 1
Tragedy 1
Traveling 1
Unknown 1
Unknown 1
Vigilance 1
WELL 1
WELL 1
WELL 1
WELL 1
WELL 1
WELL 1
WHACK 1
WILL 1
Whack 1
What 1
What 1
What 1
What 1
What 1
What 1
What 1
What 1
What 1
What 1
What 1
What 1
What 1
What 1
What 1
What 1
What 1
What 1
What 1
What 1
What 1
What 1
What 1
What 1
What 1
What 1
What 1
What 1
What 1
What 1
What 1
What 1
What 1
What 1
What 1
What 1
What 1
What 1
What 1
What 1
What 1
What 1
What 1
What 1
What 1
What 1
What 1
What 1
What 1
What 1
What 1
What 1
What 1
What 1
What 1
What 1
What 1
What 1
What 1
What 1
What 1
What 1
What 1
What 1
What 1
What 1
What 1
What 1
What 1
What 1
What 1
What 1
What 1
What 1
What 1
What 1
What 1
What 1
What 1
What 1
What 1
What 1
What 1
What 1
What 1
What 1
What 1
What 1
What 1
What 1
What 1
What 1
What 1
What 1
What 1
What 1
What 1
What 1
What 1
What 1
What 1
What 1
What 1
What 1
What 1
What 1
What 1
What 1
What 1
What 1
Whenever 1
Whenever 1
Whenever 1
Widow 1
Widow 1
Widow 1
Winn 1
Wives 1
Wreck 1
Wreck 1
Wreck 1
XLII 1
XLII 1
Yit 1
accept 1
acrost 1
acrost 1
acrost 1
acrost 1
active 1
active 1
actuly 1
actuly 1
actuly 1
actuly 1
adage 1
addled 1
advise 1
afflicted 1
agreed 1
agreed 1
agreed 1
agreed 1
agreed 1
aground 1
aground 1
aground 1
aground 1
aimed 1
aimed 1
aimed 1
alleys 1
alongside 1
alongside 1
alongside 1
alongside 1
alongside 1
aluz 1
amount 1
amount 1
amount 1
amount 1
amount 1
amount 1
amount 1
anxiety 1
anyhow 1
anyhow 1
appears 1
armpits 1
armpits 1
ascend 1
ash 1
ash 1
ash 1
ash 1
ash 1
ashes 1
ashes 1
ashes 1
ashes 1
ashes 1
ashore 1
ashore 1
ashore 1
ashore 1
ashore 1
ashore 1
ashore 1
ashore 1
ashore 1
ashore 1
ashore 1
ashore 1
ashore 1
ashore 1
ashore 1
ashore 1
ashore 1
ashore 1
ashore 1
ashore 1
assistance 1
ast 1
ast 1
ast 1
ast 1
ast 1
astraddle 1
astraddle 1
awhile 1
awhile 1
awhile 1
awhile 1
awhile 1
awhile 1
awhile 1
awhile 1
awhile 1
backwards 1
backwards 1
backwards 1
bag 1
bag 1
bag 1
bag 1
bag 1
bag 1
bag 1
bag 1
bag 1
bag 1
bag 1
bag 1
bag 1
bag 1
bag 1
bag 1
bag 1
bag 1
bag 1
bag 1
bag 1
bag 1
bag 1
bagged 1
balditude 1
barrel 1
barrel 1
barrel 1
barrel 1
barrel 1
barrel 1
barrel 1
barrel 1
bars 1
bars 1
bear 1
bear 1
bear 1
bear 1
bear 1
bear 1
bear 1
beauty 1
beauty 1
bedstead 1
bedstead 1
behind 1
behind 1
behind 1
behind 1
behind 1
behind 1
behind 1
behind 1
behind 1
behind 1
behind 1
behind 1
behind 1
behind 1
behind 1
behind 1
behind 1
behind 1
behind 1
behind 1
behind 1
behind 1
behind 1
behind 1
behind 1
behind 1
behind 1
behind 1
behind 1
behind 1
behind 1
behind 1
behind 1
behind 1
behind 1
behind 1
behind 1
behind 1
behind 1
behind 1
behind 1
behind 1
behind 1
behind 1
behind 1
behind 1
behind 1
behind 1
behind 1
behind 1
behind 1
behind 1
behind 1
behind 1
behind 1
behind 1
behind 1
behind 1
blessed 1
blessed 1
blessed 1
blest 1
blest 1
blubbering 1
blubbering 1
blubbering 1
blubbering 1
boat 1
boat 1
boat 1
boat 1
boat 1
boat 1
boat 1
boat 1
boat 1
boat 1
boat 1
boat 1
boat 1
boat 1
boat 1
boat 1
boat 1
boat 1
boat 1
boat 1
boat 1
boat 1
boat 1
boat 1
boat 1
boat 1
boat 1
boat 1
boat 1
boat 1
boat 1
boat 1
boat 1
bothersome 1
bounced 1
bounced 1
brain 1
brain 1
breasts 1
breath 1
breath 1
breath 1
breath 1
breath 1
breath 1
breath 1
breath 1
breath 1
breath 1
breath 1
breath 1
breath 1
brisken 1
brung 1
brung 1
brung 1
brung 1
brung 1
brung 1
bucks 1
bug 1
bug 1
bulging 1
bulging 1
bullet 1
bullet 1
bullet 1
bullet 1
bullet 1
burying 1
busting 1
bymeby 1
bymeby 1
cabbages 1
calculate 1
can 1
can 1
can 1
can 1
can 1
can 1
can 1
can 1
can 1
can 1
can 1
can 1
can 1
can 1
can 1
can 1
can 1
can 1
can 1
can 1
can 1
can 1
can 1
can 1
can 1
can 1
can 1
can 1
can 1
can 1
can 1
can 1
can 1
can 1
can 1
can 1
can 1
can 1
can 1
can 1
can 1
can 1
can 1
can 1
can 1
can 1
can 1
can 1
can 1
can 1
can 1
can 1
can 1
can 1
can 1
can 1
can 1
can 1
can 1
can 1
can 1
can 1
can 1
can 1
can 1
can 1
can 1
can 1
can 1
can 1
can 1
can 1
can 1
can 1
can 1
can 1
can 1
can 1
can 1
can 1
can 1
can 1
can 1
can 1
can 1
can 1
can 1
can 1
can 1
can 1
can 1
can 1
can 1
can 1
can 1
can 1
can 1
can 1
can 1
can 1
can 1
can 1
can 1
can 1
can 1
can 1
can 1
can 1
can 1
can 1
can 1
can 1
can 1
can 1
can 1
can 1
can 1
can 1
can 1
can 1
can 1
can 1
can 1
can 1
can 1
can 1
can 1
can 1
can 1
can 1
can 1
can 1
can 1
can 1
can 1
can 1
can 1
can 1
can 1
can 1
can 1
can 1
can 1
can 1
can 1
can 1
can 1
can 1
can 1
can 1
can 1
can 1
can 1
can 1
can 1
can 1
can 1
can 1
can 1
can 1
can 1
can 1
can 1
can 1
can 1
can 1
can 1
can 1
can 1
can 1
can 1
can 1
can 1
can 1
can 1
can 1
can 1
can 1
can 1
can 1
can 1
can 1
can 1
can 1
can 1
can 1
can 1
can 1
can 1
can 1
can 1
can 1
can 1
can 1
can 1
can 1
can 1
can 1
can 1
can 1
can 1
can 1
can 1
can 1
can 1
can 1
can 1
can 1
can 1
can 1
can 1
can 1
can 1
can 1
can 1
can 1
can 1
can 1
can 1
can 1
can 1
can 1
can 1
can 1
can 1
can 1
can 1
can 1
can 1
can 1
can 1
can 1
can 1
can 1
can 1
can 1
can 1
can 1
can 1
can 1
can 1
candles 1
candles 1
candles 1
candles 1
candles 1
candles 1
candles 1
candles 1
candles 1
candles 1
candles 1
candles 1
candles 1
canoed 1
carcass 1
carcass 1
carcass 1
carcass 1
card 1
carelessest 1
cat 1
cat 1
cat 1
cat 1
cat 1
cat 1
cat 1
cat 1
cat 1
cat 1
cat 1
cat 1
cat 1
cat 1
cat 1
cat 1
cat 1
cat 1
cat 1
cat 1
cat 1
caverns 1
caves 1
caves 1
cavortings 1
chalked 1
change 1
change 1
change 1
change 1
change 1
change 1
change 1
change 1
change 1
change 1
change 1
change 1
characters 1
characters 1
chased 1
chased 1
chased 1
chased 1
cheerful 1
cheerful 1
child 1
child 1
child 1
child 1
child 1
child 1
child 1
child 1
child 1
child 1
child 1
child 1
chuckleheads 1
chuckleheads 1
chuckles 1
churning 1
class 1
class 1
cler 1
close 1
close 1
close 1
close 1
close 1
close 1
close 1
close 1
close 1
close 1
close 1
close 1
close 1
close 1
close 1
close 1
close 1
close 1
close 1
close 1
close 1
close 1
close 1
close 1
closet 1
closet 1
cluttered 1
coals 1
cob 1
cob 1
cocking 1
coffee 1
coffee 1
coffee 1
coffee 1
coffee 1
coffee 1
coffee 1
coffee 1
coffee 1
colicky 1
come 1
come 1
come 1
come 1
come 1
come 1
come 1
come 1
come 1
come 1
come 1
come 1
come 1
come 1
come 1
come 1
come 1
come 1
come 1
come 1
come 1
come 1
come 1
come 1
come 1
come 1
come 1
come 1
come 1
come 1
come 1
come 1
come 1
come 1
come 1
come 1
come 1
come 1
come 1
come 1
come 1
come 1
come 1
come 1
come 1
come 1
come 1
come 1
come 1
come 1
come 1
come 1
come 1
come 1
come 1
come 1
come 1
come 1
come 1
come 1
come 1
come 1
come 1
come 1
come 1
come 1
come 1
come 1
come 1
come 1
come 1
come 1
come 1
come 1
come 1
come 1
come 1
come 1
come 1
come 1
come 1
come 1
come 1
come 1
come 1
come 1
come 1
come 1
come 1
come 1
come 1
come 1
come 1
come 1
come 1
come 1
come 1
come 1
come 1
come 1
come 1
come 1
come 1
come 1
come 1
come 1
come 1
come 1
come 1
come 1
come 1
come 1
come 1
come 1
come 1
come 1
come 1
come 1
come 1
come 1
come 1
come 1
come 1
come 1
come 1
come 1
come 1
come 1
come 1
come 1
come 1
come 1
come 1
come 1
come 1
come 1
come 1
come 1
come 1
come 1
come 1
come 1
come 1
come 1
come 1
come 1
come 1
come 1
come 1
come 1
come 1
come 1
come 1
come 1
come 1
come 1
come 1
come 1
come 1
come 1
come 1
come 1
come 1
come 1
come 1
come 1
come 1
come 1
come 1
come 1
come 1
come 1
come 1
come 1
come 1
come 1
come 1
come 1
come 1
come 1
come 1
come 1
come 1
come 1
come 1
come 1
come 1
come 1
come 1
come 1
come 1
come 1
come 1
come 1
come 1
come 1
come 1
come 1
come 1
come 1
come 1
come 1
come 1
come 1
come 1
come 1
come 1
come 1
come 1
come 1
come 1
come 1
come 1
come 1
come 1
come 1
come 1
come 1
come 1
come 1
come 1
come 1
come 1
come 1
come 1
come 1
come 1
come 1
come 1
come 1
come 1
come 1
come 1
come 1
come 1
come 1
come 1
come 1
come 1
come 1
come 1
come 1
come 1
come 1
come 1
come 1
come 1
come 1
come 1
come 1
come 1
come 1
come 1
come 1
come 1
come 1
come 1
come 1
come 1
come 1
come 1
come 1
come 1
come 1
come 1
come 1
come 1
come 1
come 1
come 1
come 1
come 1
come 1
come 1
come 1
come 1
come 1
come 1
come 1
come 1
come 1
come 1
come 1
come 1
come 1
come 1
come 1
come 1
come 1
come 1
come 1
come 1
come 1
come 1
come 1
come 1
come 1
come 1
come 1
come 1
come 1
come 1
come 1
come 1
come 1
come 1
come 1
come 1
come 1
come 1
come 1
come 1
come 1
come 1
come 1
come 1
come 1
come 1
come 1
come 1
come 1
come 1
come 1
come 1
come 1
come 1
come 1
come 1
come 1
come 1
come 1
come 1
come 1
come 1
come 1
come 1
come 1
come 1
come 1
come 1
come 1
come 1
come 1
come 1
come 1
come 1
come 1
come 1
come 1
come 1
come 1
come 1
come 1
come 1
come 1
come 1
come 1
come 1
come 1
come 1
come 1
come 1
come 1
come 1
come 1
come 1
come 1
come 1
come 1
come 1
come 1
come 1
come 1
come 1
come 1
come 1
come 1
come 1
commercial 1
complying 1
complying 1
complying 1
concept 1
concept 1
congregation 1
connection 1
contrive 1
contumely 1
cornered 1
cornered 1
corpse 1
corpse 1
corpse 1
corpse 1
corpse 1
coss 1
courts 1
courts 1
cramped 1
cramped 1
cramped 1
crawly 1
crick 1
crick 1
crick 1
crick 1
crick 1
crick 1
crick 1
crick 1
crying 1
crying 1
crying 1
crying 1
crying 1
crying 1
crying 1
crying 1
crying 1
crying 1
crying 1
crying 1
crying 1
crying 1
crying 1
crying 1
crying 1
crying 1
cuff 1
currents 1
curtain 1
curtain 1
curtain 1
curtain 1
curtain 1
curtain 1
curtain 1
curtain 1
curtain 1
curtain 1
curtain 1
dandy 1
daughter 1
daughter 1
daughter 1
daughter 1
daughter 1
daylight 1
daylight 1
daylight 1
daylight 1
daylight 1
daylight 1
daylight 1
daylight 1
daylight 1
daylight 1
daylight 1
daylight 1
daylight 1
daylight 1
daylight 1
daylight 1
daylight 1
daylight 1
daylight 1
daylight 1
daylight 1
daylight 1
daylight 1
deal 1
deal 1
deal 1
deal 1
deal 1
deal 1
deal 1
deal 1
deal 1
deal 1
deal 1
deal 1
deal 1
deal 1
deal 1
deal 1
dear 1
dear 1
dear 1
dear 1
dear 1
dear 1
dear 1
dear 1
dear 1
dear 1
dear 1
dear 1
dear 1
dear 1
dear 1
dear 1
dear 1
decided 1
derned 1
derrick 1
design 1
destroy 1
destroy 1
dey 1
dey 1
dey 1
dey 1
dey 1
dey 1
dey 1
dey 1
dey 1
dey 1
dey 1
dey 1
dey 1
dey 1
dey 1
dey 1
dey 1
dey 1
dey 1
dey 1
dey 1
dey 1
dey 1
dey 1
dey 1
dey 1
dey 1
dey 1
dey 1
dey 1
dey 1
dey 1
dey 1
dey 1
dey 1
dey 1
dey 1
dey 1
dey 1
dey 1
dey 1
dey 1
dey 1
dey 1
dey 1
dey 1
dey 1
dey 1
dey 1
dey 1
dey 1
dey 1
dey 1
dey 1
dey 1
dey 1
dey 1
dey 1
dey 1
dey 1
dey 1
dey 1
dey 1
dey 1
dey 1
dey 1
dey 1
dey 1
dey 1
dey 1
dey 1
deyselves 1
disappeared 1
disappeared 1
discovered 1
disgraced 1
displaying 1
displaying 1
displaying 1
displaying 1
disturbance 1
disturbance 1
divining 1
documents 1
doin 1
doin 1
doin 1
doin 1
doin 1
domestic 1
donation 1
dove 1
dove 1
dozed 1
drag 1
drag 1
drag 1
drank 1
drank 1
drank 1
drank 1
dried 1
drinking 1
drinking 1
drove 1
drove 1
drove 1
drove 1
drove 1
drove 1
drove 1
drownd 1
ducked 1
ducked 1
ducks 1
duty 1
duty 1
duty 1
duty 1
duty 1
eager 1
eager 1
earth 1
earth 1
earth 1
easiest 1
edition 1
electronically 1
electronically 1
em 1
em 1
em 1
em 1
em 1
em 1
em 1
em 1
em 1
em 1
em 1
em 1
em 1
em 1
em 1
em 1
em 1
em 1
em 1
em 1
em 1
em 1
em 1
em 1
em 1
em 1
em 1
em 1
em 1
em 1
em 1
em 1
em 1
em 1
em 1
em 1
em 1
em 1
em 1
em 1
em 1
em 1
em 1
em 1
em 1
em 1
em 1
em 1
em 1
em 1
em 1
em 1
em 1
em 1
em 1
em 1
em 1
em 1
em 1
em 1
em 1
em 1
em 1
em 1
embattled 1
emperor 1
enough 1
enough 1
enough 1
enough 1
enough 1
enough 1
enough 1
enough 1
enough 1
enough 1
enough 1
enough 1
enough 1
enough 1
enough 1
enough 1
enough 1
enough 1
enough 1
enough 1
enough 1
enough 1
enough 1
enough 1
enough 1
enough 1
enough 1
enough 1
enough 1
enough 1
enough 1
enough 1
enough 1
enough 1
enough 1
enough 1
enough 1
enough 1
enough 1
enough 1
enough 1
enough 1
enough 1
enough 1
enough 1
enough 1
enough 1
enough 1
enough 1
enough 1
enough 1
enough 1
enough 1
enough 1
enough 1
enough 1
enough 1
enough 1
enough 1
enough 1
enough 1
enough 1
enough 1
enough 1
enough 1
enough 1
enough 1
enough 1
enough 1
enough 1
enough 1
enough 1
enough 1
enough 1
enough 1
enough 1
enough 1
enough 1
enough 1
enough 1
enough 1
enough 1
enough 1
enough 1
enough 1
enough 1
enough 1
enough 1
enough 1
enough 1
enough 1
enough 1
enough 1
enough 1
enough 1
enough 1
enough 1
enough 1
enough 1
enough 1
enough 1
enough 1
enough 1
enough 1
enough 1
enough 1
enough 1
enough 1
enough 1
enough 1
enough 1
enough 1
entirely 1
example 1
expend 1
explanations 1
exploring 1
exploring 1
exposed 1
extra 1
eyebrows 1
eyebrows 1
eyebrows 1
faces 1
faces 1
faces 1
faces 1
faces 1
faces 1
failure 1
faint 1
faint 1
faithfuller 1
family 1
family 1
family 1
family 1
family 1
family 1
family 1
family 1
family 1
family 1
family 1
family 1
family 1
family 1
family 1
family 1
family 1
family 1
family 1
family 1
family 1
family 1
family 1
family 1
family 1
family 1
family 1
family 1
family 1
family 1
family 1
family 1
fans 1
fans 1
fear 1
fee 1
fee 1
fee 1
fee 1
fee 1
fee 1
fee 1
fee 1
ferry 1
ferry 1
ferry 1
ferry 1
ferry 1
ferry 1
ferry 1
ferry 1
ferry 1
fever 1
fever 1
fever 1
fever 1
fever 1
fidgety 1
fidgety 1
fidgety 1
fighting 1
fighting 1
finished 1
fish 1
fish 1
fish 1
fish 1
fish 1
fish 1
fish 1
fish 1
fish 1
fish 1
fish 1
fish 1
fish 1
fish 1
fitten 1
fitten 1
fitten 1
fitten 1
fixed 1
fixed 1
fixed 1
fixed 1
fixed 1
fixed 1
fixed 1
fixed 1
fixed 1
fixed 1
fixed 1
fixed 1
fixed 1
fixed 1
fixed 1
fixed 1
fixed 1
fixed 1
fixed 1
fixed 1
fixed 1
fixed 1
fixed 1
flapdoodle 1
flapper 1
flatfooted 1
flicker 1
flicker 1
flopped 1
flour 1
flour 1
flour 1
flour 1
flutter 1
folded 1
folded 1
folded 1
folded 1
foolish 1
foolish 1
foolish 1
foolish 1
foolish 1
foolish 1
foolish 1
foolishest 1
forgive 1
forlorn 1
fortunes 1
fourteen 1
fourteen 1
fourteen 1
fourteen 1
fourteen 1
fourteen 1
fourth 1
free 1
free 1
free 1
free 1
free 1
free 1
free 1
free 1
free 1
free 1
free 1
free 1
free 1
free 1
free 1
free 1
free 1
free 1
free 1
free 1
free 1
free 1
free 1
free 1
free 1
free 1
free 1
free 1
free 1
free 1
free 1
free 1
free 1
free 1
free 1
free 1
free 1
free 1
free 1
free 1
free 1
free 1
free 1
free 1
free 1
free 1
fried 1
fried 1
from 1
from 1
from 1
from 1
from 1
from 1
from 1
from 1
from 1
from 1
from 1
from 1
from 1
from 1
from 1
from 1
from 1
from 1
from 1
from 1
from 1
from 1
from 1
from 1
from 1
from 1
from 1
from 1
from 1
from 1
from 1
from 1
from 1
from 1
from 1
from 1
from 1
from 1
from 1
from 1
from 1
from 1
from 1
from 1
from 1
from 1
from 1
from 1
from 1
from 1
from 1
from 1
from 1
from 1
from 1
from 1
from 1
from 1
from 1
from 1
from 1
from 1
from 1
from 1
from 1
from 1
from 1
from 1
from 1
from 1
from 1
from 1
from 1
from 1
from 1
from 1
from 1
from 1
from 1
from 1
from 1
from 1
from 1
from 1
from 1
from 1
from 1
from 1
from 1
from 1
from 1
from 1
from 1
from 1
from 1
from 1
from 1
from 1
from 1
from 1
from 1
from 1
from 1
from 1
from 1
from 1
from 1
from 1
from 1
from 1
from 1
from 1
from 1
from 1
from 1
from 1
from 1
from 1
from 1
from 1
from 1
from 1
from 1
from 1
from 1
from 1
from 1
from 1
from 1
from 1
from 1
from 1
from 1
from 1
from 1
from 1
from 1
from 1
from 1
from 1
from 1
from 1
from 1
from 1
from 1
from 1
from 1
from 1
from 1
from 1
from 1
from 1
from 1
from 1
from 1
from 1
from 1
from 1
from 1
from 1
from 1
from 1
from 1
from 1
from 1
from 1
from 1
from 1
from 1
from 1
from 1
from 1
from 1
from 1
from 1
from 1
from 1
from 1
from 1
from 1
from 1
from 1
fumbling 1
fumbling 1
funerals 1
funniest 1
game 1
game 1
game 1
game 1
gashly 1
gaudy 1
gaudy 1
gaudy 1
gaudy 1
gaudy 1
general 1
general 1
general 1
general 1
general 1
general 1
general 1
generous 1
generous 1
generous 1
generous 1
getting 1
getting 1
getting 1
getting 1
getting 1
getting 1
getting 1
getting 1
getting 1
getting 1
getting 1
getting 1
getting 1
getting 1
getting 1
getting 1
getting 1
getting 1
getting 1
getting 1
getting 1
getting 1
getting 1
getting 1
getting 1
getting 1
getting 1
getting 1
getting 1
getting 1
getting 1
getting 1
getting 1
getting 1
getting 1
getting 1
getting 1
getting 1
getting 1
getting 1
getting 1
getting 1
getting 1
getting 1
getting 1
ghosts 1
ghosts 1
gin 1
gingerbread 1
git 1
git 1
git 1
git 1
git 1
git 1
git 1
git 1
git 1
git 1
git 1
git 1
git 1
git 1
git 1
git 1
git 1
git 1
git 1
git 1
git 1
git 1
git 1
git 1
git 1
git 1
git 1
git 1
git 1
git 1
git 1
git 1
git 1
git 1
git 1
git 1
git 1
git 1
git 1
git 1
git 1
git 1
git 1
git 1
git 1
git 1
git 1
gitt 1
glad 1
glad 1
glad 1
glad 1
glad 1
glad 1
glad 1
glad 1
glad 1
glad 1
glad 1
glad 1
glad 1
glad 1
glad 1
glad 1
glad 1
glad 1
glad 1
glad 1
glad 1
glad 1
glad 1
glad 1
glad 1
glad 1
glad 1
glad 1
glad 1
glad 1
glad 1
glad 1
glad 1
glad 1
glad 1
glad 1
glad 1
glad 1
glad 1
glad 1
glad 1
glad 1
glad 1
glad 1
glad 1
glad 1
gloves 1
goals 1
goggles 1
gradual 1
grapes 1
grapes 1
greens 1
greens 1
gross 1
gun 1
gun 1
gun 1
gun 1
gun 1
gun 1
gun 1
gun 1
gun 1
gun 1
gun 1
gun 1
gun 1
gun 1
gun 1
gun 1
gun 1
gun 1
gun 1
gun 1
gun 1
gun 1
gun 1
gun 1
gun 1
gun 1
gun 1
gun 1
gun 1
gun 1
gwyne 1
gwyne 1
gwyne 1
gwyne 1
gwyne 1
gwyne 1
gwyne 1
gwyne 1
gwyne 1
gwyne 1
gwyne 1
gwyne 1
gwyne 1
gwyne 1
gwyne 1
gwyne 1
gwyne 1
gwyne 1
gwyne 1
gwyne 1
gwyne 1
gwyne 1
gwyne 1
gwyne 1
gwyne 1
gwyne 1
gwyne 1
gwyne 1
gwyne 1
gwyne 1
gwyne 1
gwyne 1
gwyne 1
gwyne 1
gwyne 1
gwyne 1
gwyne 1
gwyne 1
gwyne 1
gwyne 1
gwyne 1
gwyne 1
gwyne 1
gwyne 1
gwyne 1
gwyne 1
hain 1
hain 1
hain 1
hain 1
hain 1
hain 1
hain 1
hain 1
hain 1
hain 1
hain 1
hain 1
hain 1
hain 1
hain 1
hain 1
hain 1
hain 1
hain 1
hain 1
hain 1
hain 1
hain 1
hain 1
hain 1
hain 1
hain 1
hain 1
hain 1
hain 1
hain 1
hain 1
hain 1
hain 1
hain 1
hain 1
hain 1
hain 1
hain 1
hain 1
hain 1
hain 1
hain 1
hain 1
hain 1
hain 1
hain 1
hain 1
hain 1
hain 1
hain 1
hain 1
hain 1
hain 1
hain 1
hain 1
hain 1
hain 1
hain 1
hain 1
hain 1
hain 1
hain 1
hain 1
hain 1
hain 1
hain 1
hain 1
handbill 1
handbill 1
handbill 1
handed 1
handed 1
handed 1
handed 1
handiest 1
handiest 1
handiest 1
handkerchief 1
handkerchief 1
handkerchief 1
hasn 1
hasn 1
hasn 1
hasn 1
hasn 1
hats 1
hats 1
hats 1
hats 1
hearing 1
hearing 1
heat 1
here 1
here 1
here 1
here 1
here 1
here 1
here 1
here 1
here 1
here 1
here 1
here 1
here 1
here 1
here 1
here 1
here 1
here 1
here 1
here 1
here 1
here 1
here 1
here 1
here 1
here 1
here 1
here 1
here 1
here 1
here 1
here 1
here 1
here 1
here 1
here 1
here 1
here 1
here 1
here 1
here 1
here 1
here 1
here 1
here 1
here 1
here 1
here 1
here 1
here 1
here 1
here 1
here 1
here 1
here 1
here 1
here 1
here 1
here 1
here 1
here 1
here 1
here 1
here 1
here 1
here 1
here 1
here 1
here 1
here 1
here 1
here 1
here 1
here 1
here 1
here 1
here 1
here 1
here 1
here 1
here 1
here 1
here 1
here 1
here 1
here 1
here 1
here 1
here 1
here 1
here 1
here 1
here 1
here 1
here 1
here 1
here 1
here 1
here 1
here 1
here 1
here 1
here 1
here 1
here 1
here 1
here 1
here 1
here 1
here 1
here 1
here 1
here 1
here 1
here 1
here 1
here 1
here 1
here 1
here 1
here 1
here 1
here 1
here 1
here 1
here 1
here 1
here 1
here 1
here 1
here 1
here 1
here 1
here 1
here 1
here 1
here 1
here 1
here 1
here 1
here 1
here 1
here 1
here 1
here 1
here 1
here 1
here 1
here 1
here 1
here 1
here 1
here 1
here 1
here 1
here 1
here 1
here 1
here 1
here 1
here 1
here 1
here 1
here 1
here 1
here 1
here 1
here 1
here 1
here 1
here 1
here 1
here 1
here 1
hey 1
hey 1
hey 1
hey 1
hey 1
himself 1
himself 1
himself 1
himself 1
himself 1
himself 1
himself 1
himself 1
himself 1
himself 1
himself 1
himself 1
himself 1
himself 1
himself 1
himself 1
himself 1
himself 1
himself 1
himself 1
himself 1
himself 1
himself 1
himself 1
himself 1
himself 1
himself 1
himself 1
himself 1
himself 1
himself 1
himself 1
himself 1
himself 1
himself 1
himself 1
himself 1
himself 1
himself 1
himself 1
himself 1
himself 1
himself 1
himself 1
himself 1
himself 1
himself 1
hive 1
hive 1
hive 1
holder 1
holder 1
holder 1
holder 1
hollering 1
hollering 1
holts 1
holts 1
hooing 1
hoped 1
hoped 1
hoped 1
hoped 1
hoped 1
hoped 1
hopped 1
hopped 1
hopped 1
hornet 1
hornet 1
horriblest 1
horseshoe 1
horseshoe 1
hour 1
hour 1
hour 1
hour 1
hour 1
hour 1
hour 1
hour 1
hour 1
hour 1
hour 1
hour 1
hour 1
hour 1
hour 1
hour 1
hour 1
hour 1
hour 1
hour 1
hour 1
hour 1
hour 1
hour 1
hour 1
hour 1
hour 1
hour 1
hour 1
hour 1
hour 1
hour 1
hour 1
hour 1
hour 1
housetops 1
hugged 1
hugged 1
hugged 1
hugged 1
hugged 1
hugged 1
hugged 1
hugged 1
humbug 1
hump 1
hump 1
hunderd 1
hundred 1
hundred 1
hundred 1
hundred 1
hundred 1
hundred 1
hundred 1
hundred 1
hundred 1
hundred 1
hundred 1
hundred 1
hundred 1
hundred 1
hundred 1
hundred 1
hundred 1
hundred 1
hundred 1
hundred 1
hundred 1
hundred 1
hundred 1
hundred 1
hundred 1
hundred 1
hundred 1
hundred 1
hundred 1
hundred 1
hundred 1
hundred 1
hundred 1
hundred 1
hundred 1
hunk 1
hunk 1
hunk 1
hunk 1
husky 1
husky 1
husky 1
hustling 1
hustling 1
identification 1
identify 1
important 1
important 1
include 1
infant 1
infant 1
infant 1
infant 1
information 1
information 1
information 1
information 1
infringement 1
initial 1
innocent 1
innocent 1
innocent 1
innocent 1
intellectural 1
interest 1
interest 1
interest 1
interest 1
interest 1
interpreted 1
interpreted 1
invent 1
invent 1
invent 1
invent 1
irreligious 1
jackass 1
jackass 1
jewelry 1
jis 1
jis 1
jis 1
jis 1
jis 1
jis 1
jis 1
jis 1
jis 1
jis 1
jis 1
jis 1
jis 1
jis 1
jis 1
jis 1
jis 1
jis 1
jis 1
jis 1
jis 1
jis 1
join 1
join 1
jolly 1
journals 1
jug 1
jug 1
jug 1
jug 1
jug 1
jug 1
jug 1
jug 1
jug 1
jug 1
juice 1
juice 1
juice 1
keeled 1
kept 1
kept 1
kept 1
kept 1
kept 1
kept 1
kept 1
kept 1
kept 1
kept 1
kept 1
kept 1
kept 1
kept 1
kept 1
kept 1
kept 1
kept 1
kept 1
kept 1
kept 1
kept 1
kept 1
kept 1
kept 1
kept 1
kept 1
kept 1
kept 1
kept 1
kept 1
kept 1
kept 1
kept 1
kept 1
kept 1
kept 1
kept 1
kept 1
kept 1
kept 1
kept 1
kept 1
kept 1
kept 1
kept 1
kept 1
kill 1
kill 1
kill 1
kill 1
kill 1
kill 1
kill 1
kill 1
kill 1
kill 1
kill 1
kill 1
kill 1
kill 1
kill 1
kill 1
kill 1
kill 1
kill 1
kill 1
kill 1
kill 1
kill 1
kill 1
kill 1
kill 1
kill 1
kill 1
kill 1
kill 1
kill 1
kind 1
kind 1
kind 1
kind 1
kind 1
kind 1
kind 1
kind 1
kind 1
kind 1
kind 1
kind 1
kind 1
kind 1
kind 1
kind 1
kind 1
kind 1
kind 1
kind 1
kind 1
kind 1
kind 1
kind 1
kind 1
kind 1
kind 1
kind 1
kind 1
kind 1
kind 1
kind 1
kind 1
kind 1
kind 1
kind 1
kind 1
kind 1
kind 1
kind 1
kind 1
kind 1
kind 1
kind 1
kind 1
kind 1
kind 1
kind 1
kind 1
kind 1
kind 1
kind 1
kind 1
kind 1
kind 1
kind 1
kind 1
kind 1
kind 1
kind 1
kind 1
kind 1
kind 1
kind 1
kind 1
kind 1
kind 1
kind 1
kind 1
kind 1
kind 1
kind 1
kind 1
kind 1
kind 1
kind 1
kind 1
kind 1
kind 1
kind 1
kind 1
kind 1
kind 1
kind 1
kind 1
kind 1
kind 1
kind 1
kind 1
kind 1
kind 1
kind 1
kind 1
kind 1
kind 1
kind 1
kind 1
kind 1
kind 1
kind 1
kind 1
kind 1
kind 1
kind 1
kind 1
kind 1
kind 1
kind 1
kind 1
kind 1
kind 1
kind 1
kind 1
kind 1
kind 1
kind 1
kind 1
kind 1
kind 1
kind 1
kind 1
kind 1
kind 1
kind 1
kind 1
kind 1
kind 1
kind 1
kind 1
kind 1
kind 1
kind 1
kind 1
kind 1
kind 1
kind 1
kind 1
kind 1
kind 1
kings 1
kings 1
kings 1
kings 1
kings 1
kings 1
kings 1
kings 1
kings 1
kings 1
kings 1
kings 1
kings 1
kings 1
kings 1
kings 1
kings 1
knives 1
knives 1
knives 1
knives 1
knives 1
knives 1
knives 1
knives 1
knives 1
knocking 1
knocking 1
knocking 1
knowed 1
knowed 1
knowed 1
knowed 1
knowed 1
knowed 1
knowed 1
knowed 1
knowed 1
knowed 1
knowed 1
knowed 1
knowed 1
knowed 1
knowed 1
knowed 1
knowed 1
knowed 1
knowed 1
knowed 1
knowed 1
knowed 1
knowed 1
knowed 1
knowed 1
knowed 1
knowed 1
knowed 1
knowed 1
knowed 1
knowed 1
knowed 1
knowed 1
knowed 1
knowed 1
knowed 1
knowed 1
knowed 1
knowed 1
knowed 1
knowed 1
knowed 1
knowed 1
knowed 1
knowed 1
knowed 1
knowed 1
knowed 1
knowed 1
knowed 1
knowed 1
knowed 1
knowed 1
knowed 1
knowed 1
knowed 1
knowed 1
knowed 1
knowed 1
knowed 1
knowed 1
knowed 1
knowed 1
knowed 1
knowed 1
knowed 1
knowed 1
knowed 1
knowed 1
knowed 1
knowed 1
knowed 1
knowed 1
knowed 1
knowed 1
knowed 1
knowed 1
knowed 1
knowed 1
knowed 1
knowed 1
knowed 1
knowed 1
knowed 1
knowed 1
knowed 1
knowed 1
knowed 1
knowed 1
knowed 1
knowed 1
knowed 1
knowed 1
knowed 1
knuckles 1
lands 1
late 1
late 1
late 1
late 1
late 1
late 1
late 1
late 1
late 1
late 1
late 1
late 1
late 1
late 1
late 1
late 1
late 1
late 1
late 1
late 1
lawsamercy 1
lazying 1
lazying 1
length 1
length 1
length 1
lets 1
lets 1
lets 1
lets 1
lets 1
lets 1
lets 1
lets 1
liar 1
liar 1
licked 1
licked 1
life 1
life 1
life 1
life 1
life 1
life 1
life 1
life 1
life 1
life 1
life 1
life 1
life 1
life 1
life 1
life 1
life 1
life 1
life 1
life 1
life 1
life 1
life 1
life 1
life 1
life 1
life 1
life 1
life 1
life 1
life 1
lighting 1
lighting 1
lightning 1
lightning 1
lightning 1
lightning 1
lightning 1
lightning 1
lightning 1
lightning 1
lightning 1
lightning 1
lightning 1
lightning 1
lightning 1
lightning 1
lightning 1
lightning 1
lightning 1
lightning 1
lightning 1
lightning 1
lightning 1
lightning 1
lightning 1
lightning 1
lightning 1
lightning 1
lightning 1
lightning 1
lightning 1
liking 1
limitation 1
limitation 1
limitation 1
listens 1
listens 1
load 1
load 1
load 1
load 1
locked 1
locked 1
locked 1
locked 1
locked 1
locked 1
locked 1
locked 1
locked 1
locked 1
locked 1
locked 1
locked 1
locked 1
locked 1
locked 1
locked 1
log 1
log 1
log 1
log 1
log 1
log 1
log 1
log 1
log 1
log 1
log 1
log 1
log 1
log 1
log 1
log 1
log 1
log 1
log 1
log 1
log 1
log 1
log 1
log 1
log 1
log 1
log 1
log 1
log 1
log 1
log 1
lone 1
los 1
los 1
los 1
los 1
los 1
los 1
los 1
losing 1
loud 1
loud 1
loud 1
loud 1
loud 1
loud 1
loud 1
loud 1
loud 1
loud 1
loud 1
lovinger 1
lug 1
lugged 1
lumbus 1
lump 1
lump 1
lump 1
lunch 1
lunch 1
lunch 1
lunch 1
lynch 1
lynch 1
lynch 1
lynch 1
mannered 1
manners 1
manners 1
marched 1
mashed 1
mawnin 1
mawnin 1
mawnin 1
maybe 1
maybe 1
maybe 1
maybe 1
maybe 1
maybe 1
maybe 1
maybe 1
maybe 1
maybe 1
maybe 1
maybe 1
maybe 1
maybe 1
maybe 1
maybe 1
maybe 1
maybe 1
maybe 1
maybe 1
maybe 1
maybe 1
maybe 1
maybe 1
maybe 1
maybe 1
maybe 1
maybe 1
maybe 1
maybe 1
maybe 1
maybe 1
maybe 1
maybe 1
maybe 1
maybe 1
maybe 1
maybe 1
maybe 1
maybe 1
maybe 1
maybe 1
maybe 1
maybe 1
maybe 1
maybe 1
maybe 1
maybe 1
maybe 1
maybe 1
maybe 1
maybe 1
maybe 1
maybe 1
maybe 1
maybe 1
maybe 1
maybe 1
maybe 1
maybe 1
maybe 1
maybe 1
meals 1
meek 1
meek 1
mellow 1
mellow 1
melodeum 1
member 1
mesmerizing 1
mess 1
mess 1
mild 1
mind 1
mind 1
mind 1
mind 1
mind 1
mind 1
mind 1
mind 1
mind 1
mind 1
mind 1
mind 1
mind 1
mind 1
mind 1
mind 1
mind 1
mind 1
mind 1
mind 1
mind 1
mind 1
mind 1
mind 1
mind 1
mind 1
mind 1
mind 1
mind 1
mind 1
mind 1
mind 1
mind 1
mind 1
mind 1
mind 1
mind 1
mind 1
mind 1
mind 1
mind 1
mind 1
mind 1
mind 1
mind 1
mind 1
mind 1
mind 1
mind 1
mind 1
mind 1
mind 1
mind 1
mind 1
mind 1
mind 1
mind 1
mind 1
mind 1
mind 1
mind 1
mind 1
mind 1
mind 1
mind 1
mind 1
mind 1
mind 1
mind 1
mind 1
mind 1
mind 1
mind 1
mind 1
mind 1
mind 1
mission 1
mission 1
mission 1
missionarying 1
missionarying 1
missus 1
missus 1
missus 1
mistaken 1
mistaken 1
misunderstood 1
mongs 1
moonrise 1
motherless 1
moving 1
moving 1
multiplication 1
murderer 1
mysterious 1
mysterious 1
mysterious 1
mysterious 1
nabob 1
navigating 1
nearest 1
neat 1
neat 1
necessarily 1
nine 1
nine 1
nine 1
nine 1
nine 1
nine 1
nine 1
nine 1
nine 1
nine 1
nine 1
nine 1
nine 1
nine 1
nodded 1
none 1
none 1
none 1
none 1
none 1
none 1
none 1
none 1
none 1
none 1
none 1
none 1
none 1
none 1
none 1
none 1
none 1
none 1
none 1
none 1
noon 1
noon 1
noon 1
nuther 1
nuther 1
nuther 1
nuther 1
nuther 1
nuther 1
nuther 1
nuther 1
nuther 1
nuther 1
nuther 1
nuther 1
nuther 1
nuther 1
nuther 1
objections 1
objections 1
objections 1
obsequies 1
oncommon 1
one 1
one 1
one 1
one 1
one 1
one 1
one 1
one 1
one 1
one 1
one 1
one 1
one 1
one 1
one 1
one 1
one 1
one 1
one 1
one 1
one 1
one 1
one 1
one 1
one 1
one 1
one 1
one 1
one 1
one 1
one 1
one 1
one 1
one 1
one 1
one 1
one 1
one 1
one 1
one 1
one 1
one 1
one 1
one 1
one 1
one 1
one 1
one 1
one 1
one 1
one 1
one 1
one 1
one 1
one 1
one 1
one 1
one 1
one 1
one 1
one 1
one 1
one 1
one 1
one 1
one 1
one 1
one 1
one 1
one 1
one 1
one 1
one 1
one 1
one 1
one 1
one 1
one 1
one 1
one 1
one 1
one 1
one 1
one 1
one 1
one 1
one 1
one 1
one 1
one 1
one 1
one 1
one 1
one 1
one 1
one 1
one 1
one 1
one 1
one 1
one 1
one 1
one 1
one 1
one 1
one 1
one 1
one 1
one 1
one 1
one 1
one 1
one 1
one 1
one 1
one 1
one 1
one 1
one 1
one 1
one 1
one 1
one 1
one 1
one 1
one 1
one 1
one 1
one 1
one 1
one 1
one 1
one 1
one 1
one 1
one 1
one 1
one 1
one 1
one 1
one 1
one 1
one 1
one 1
one 1
one 1
one 1
one 1
one 1
one 1
one 1
one 1
one 1
one 1
one 1
one 1
one 1
one 1
one 1
one 1
one 1
one 1
one 1
one 1
one 1
one 1
one 1
one 1
one 1
one 1
one 1
one 1
one 1
one 1
one 1
one 1
one 1
one 1
one 1
one 1
one 1
one 1
one 1
one 1
one 1
one 1
one 1
one 1
one 1
one 1
one 1
one 1
one 1
one 1
one 1
one 1
one 1
one 1
one 1
one 1
one 1
one 1
one 1
one 1
one 1
one 1
one 1
one 1
one 1
one 1
one 1
one 1
one 1
one 1
one 1
one 1
one 1
one 1
one 1
one 1
one 1
one 1
one 1
one 1
one 1
one 1
one 1
one 1
one 1
one 1
one 1
one 1
one 1
one 1
one 1
one 1
one 1
one 1
one 1
one 1
one 1
one 1
one 1
one 1
one 1
one 1
one 1
one 1
one 1
one 1
one 1
one 1
one 1
one 1
one 1
one 1
one 1
one 1
one 1
one 1
one 1
one 1
one 1
one 1
one 1
one 1
one 1
one 1
one 1
one 1
one 1
one 1
one 1
one 1
one 1
one 1
one 1
one 1
one 1
one 1
one 1
one 1
one 1
one 1
one 1
one 1
one 1
one 1
one 1
one 1
one 1
one 1
one 1
one 1
one 1
one 1
one 1
one 1
one 1
one 1
one 1
one 1
one 1
one 1
one 1
one 1
one 1
one 1
one 1
one 1
one 1
one 1
one 1
one 1
one 1
one 1
one 1
one 1
one 1
one 1
one 1
one 1
one 1
one 1
one 1
one 1
one 1
one 1
one 1
one 1
one 1
one 1
one 1
one 1
one 1
one 1
one 1
one 1
one 1
one 1
one 1
one 1
one 1
one 1
one 1
one 1
one 1
one 1
one 1
one 1
one 1
one 1
one 1
one 1
one 1
one 1
one 1
one 1
one 1
one 1
one 1
one 1
one 1
one 1
one 1
one 1
one 1
only 1
only 1
only 1
only 1
only 1
only 1
only 1
only 1
only 1
only 1
only 1
only 1
only 1
only 1
only 1
only 1
only 1
only 1
only 1
only 1
only 1
only 1
only 1
only 1
only 1
only 1
only 1
only 1
only 1
only 1
only 1
only 1
only 1
only 1
only 1
only 1
only 1
only 1
only 1
only 1
only 1
only 1
only 1
only 1
only 1
only 1
only 1
only 1
only 1
only 1
only 1
only 1
only 1
only 1
only 1
only 1
only 1
only 1
only 1
only 1
only 1
only 1
only 1
only 1
only 1
only 1
only 1
only 1
only 1
only 1
only 1
only 1
only 1
only 1
only 1
only 1
only 1
only 1
only 1
only 1
only 1
only 1
only 1
only 1
only 1
only 1
only 1
only 1
only 1
only 1
only 1
only 1
only 1
only 1
only 1
only 1
only 1
only 1
only 1
only 1
only 1
only 1
only 1
only 1
only 1
only 1
only 1
only 1
only 1
only 1
only 1
only 1
only 1
only 1
order 1
order 1
order 1
org 1
org 1
org 1
org 1
org 1
org 1
org 1
originator 1
ourselves 1
ourselves 1
ourselves 1
ourselves 1
ourselves 1
ourselves 1
ourselves 1
ourselves 1
ourselves 1
ourselves 1
ourselves 1
ourselves 1
overflow 1
paddled 1
paddled 1
paddled 1
paddled 1
paddled 1
paddled 1
paddled 1
paddled 1
paddled 1
paddled 1
paddled 1
paddled 1
paddled 1
palace 1
palace 1
palace 1
palace 1
palace 1
palace 1
palace 1
paralysis 1
parasol 1
particularly 1
patch 1
patch 1
patch 1
pause 1
paying 1
paying 1
paying 1
peace 1
peace 1
peace 1
peace 1
pecks 1
permitted 1
permitted 1
personal 1
pglaf 1
pglaf 1
pglaf 1
pglaf 1
pglaf 1
pglaf 1
pglaf 1
picnic 1
picnic 1
pined 1
pints 1
pivot 1
plague 1
plans 1
plans 1
plans 1
plans 1
pleased 1
pleased 1
pleased 1
pleased 1
pleased 1
plug 1
plug 1
plug 1
plug 1
plug 1
plug 1
point 1
point 1
point 1
point 1
point 1
point 1
pointing 1
pointing 1
pommel 1
post 1
post 1
post 1
post 1
post 1
pots 1
pots 1
powerful 1
powerful 1
powerful 1
powerful 1
powerful 1
powerful 1
powerful 1
powerful 1
powerful 1
powerful 1
powerful 1
powerful 1
powerful 1
powerful 1
powerful 1
powerful 1
powerful 1
powerful 1
prairie 1
premises 1
pressed 1
printer 1
providing 1
providing 1
providing 1
providing 1
pumping 1
putrified 1
quarter 1
quarter 1
quarter 1
quarter 1
quarter 1
quarter 1
quarter 1
quarter 1
quarter 1
quarter 1
quarter 1
quarter 1
quarter 1
quarter 1
quarter 1
quarter 1
question 1
question 1
question 1
question 1
question 1
question 1
rafts 1
rafts 1
rafts 1
rafts 1
rafts 1
rafts 1
rafts 1
rainbow 1
rair 1
rank 1
rank 1
rank 1
rank 1
rank 1
rank 1
ransacked 1
ransacked 1
ransacked 1
ransom 1
ransom 1
rate 1
rate 1
rate 1
rate 1
rate 1
rate 1
rate 1
rate 1
raw 1
read 1
read 1
read 1
read 1
read 1
read 1
read 1
read 1
read 1
read 1
read 1
read 1
read 1
read 1
read 1
read 1
read 1
read 1
read 1
read 1
read 1
read 1
read 1
read 1
read 1
read 1
read 1
read 1
read 1
read 1
read 1
read 1
read 1
read 1
read 1
read 1
read 1
reading 1
reading 1
reading 1
reading 1
reasoning 1
receipt 1
receipt 1
receipt 1
registered 1
registered 1
remove 1
replace 1
replacement 1
replacement 1
replacement 1
resting 1
resting 1
resting 1
resting 1
right 1
right 1
right 1
right 1
right 1
right 1
right 1
right 1
right 1
right 1
right 1
right 1
right 1
right 1
right 1
right 1
right 1
right 1
right 1
right 1
right 1
right 1
right 1
right 1
right 1
right 1
right 1
right 1
right 1
right 1
right 1
right 1
right 1
right 1
right 1
right 1
right 1
right 1
right 1
right 1
right 1
right 1
right 1
right 1
right 1
right 1
right 1
right 1
right 1
right 1
right 1
right 1
right 1
right 1
right 1
right 1
right 1
right 1
right 1
right 1
right 1
right 1
right 1
right 1
right 1
right 1
right 1
right 1
right 1
right 1
right 1
right 1
right 1
right 1
right 1
right 1
right 1
right 1
right 1
right 1
right 1
right 1
right 1
right 1
right 1
right 1
right 1
right 1
right 1
right 1
right 1
right 1
right 1
right 1
right 1
right 1
right 1
right 1
right 1
right 1
right 1
right 1
right 1
right 1
right 1
right 1
right 1
right 1
right 1
right 1
right 1
right 1
right 1
right 1
right 1
right 1
right 1
right 1
right 1
right 1
right 1
right 1
right 1
right 1
right 1
right 1
right 1
right 1
right 1
right 1
right 1
right 1
right 1
right 1
right 1
right 1
right 1
right 1
right 1
right 1
right 1
right 1
right 1
right 1
right 1
right 1
right 1
right 1
right 1
right 1
right 1
right 1
right 1
right 1
right 1
right 1
right 1
right 1
right 1
right 1
right 1
right 1
right 1
right 1
right 1
right 1
right 1
right 1
right 1
right 1
right 1
right 1
right 1
right 1
right 1
right 1
right 1
right 1
right 1
right 1
right 1
right 1
right 1
right 1
right 1
right 1
right 1
right 1
right 1
right 1
right 1
right 1
right 1
right 1
right 1
right 1
right 1
right 1
right 1
right 1
right 1
right 1
right 1
right 1
right 1
right 1
right 1
right 1
right 1
right 1
right 1
right 1
right 1
right 1
right 1
right 1
right 1
right 1
right 1
right 1
right 1
right 1
right 1
right 1
right 1
right 1
right 1
right 1
right 1
right 1
right 1
right 1
right 1
right 1
right 1
right 1
right 1
right 1
right 1
right 1
right 1
right 1
right 1
right 1
right 1
right 1
right 1
right 1
right 1
right 1
right 1
right 1
right 1
right 1
right 1
right 1
right 1
right 1
right 1
right 1
right 1
right 1
right 1
right 1
right 1
right 1
right 1
right 1
right 1
right 1
right 1
right 1
right 1
right 1
right 1
right 1
right 1
right 1
right 1
right 1
right 1
right 1
right 1
right 1
right 1
right 1
right 1
right 1
right 1
right 1
right 1
right 1
right 1
right 1
right 1
right 1
right 1
right 1
right 1
right 1
right 1
right 1
right 1
road 1
road 1
road 1
road 1
road 1
road 1
road 1
road 1
road 1
road 1
road 1
road 1
road 1
road 1
road 1
road 1
road 1
road 1
road 1
road 1
road 1
road 1
road 1
road 1
road 1
road 1
road 1
road 1
road 1
road 1
robbed 1
robbed 1
robbed 1
robber 1
robber 1
robber 1
rocks 1
rocks 1
rocks 1
rocks 1
rocks 1
rougher 1
rousted 1
rousted 1
sacred 1
sah 1
sah 1
sah 1
sah 1
sah 1
sah 1
sah 1
sah 1
sah 1
sah 1
sah 1
sah 1
sah 1
sah 1
sah 1
sailor 1
sailor 1
saltire 1
sanctified 1
saving 1
scattering 1
scattering 1
scole 1
seedy 1
sejest 1
send 1
send 1
send 1
send 1
send 1
send 1
send 1
send 1
send 1
send 1
send 1
send 1
send 1
send 1
send 1
send 1
send 1
sermon 1
sermon 1
sermon 1
settles 1
shall 1
shall 1
shall 1
shall 1
shallow 1
shame 1
shame 1
shame 1
shame 1
shares 1
sheets 1
sheets 1
sheets 1
sheets 1
shin 1
shin 1
shin 1
shin 1
shin 1
shin 1
shines 1
shinning 1
shinning 1
shook 1
shook 1
shook 1
shook 1
shook 1
shook 1
shook 1
shook 1
shook 1
shook 1
shook 1
shook 1
shook 1
shook 1
shook 1
shook 1
shook 1
shook 1
shook 1
shook 1
shook 1
shook 1
shores 1
shriveled 1
shut 1
shut 1
shut 1
shut 1
shut 1
shut 1
shut 1
shut 1
shut 1
shut 1
shut 1
shut 1
shut 1
shut 1
shut 1
shut 1
shut 1
shut 1
shut 1
shut 1
shut 1
shut 1
shut 1
shut 1
shut 1
sicklied 1
sighted 1
sir 1
sir 1
sir 1
sir 1
sir 1
sir 1
sir 1
sir 1
sir 1
sir 1
sir 1
sir 1
sir 1
sir 1
sir 1
sir 1
sir 1
sir 1
sir 1
sir 1
sir 1
sir 1
sir 1
sir 1
skaddle 1
skillet 1
skillet 1
sleepy 1
sleepy 1
sleepy 1
sleepy 1
slides 1
slides 1
slippers 1
smiled 1
smiled 1
smiled 1
smiled 1
smiled 1
smiled 1
snuff 1
so 1
so 1
so 1
so 1
so 1
so 1
so 1
so 1
so 1
so 1
so 1
so 1
so 1
so 1
so 1
so 1
so 1
so 1
so 1
so 1
so 1
so 1
so 1
so 1
so 1
so 1
so 1
so 1
so 1
so 1
so 1
so 1
so 1
so 1
so 1
so 1
so 1
so 1
so 1
so 1
so 1
so 1
so 1
so 1
so 1
so 1
so 1
so 1
so 1
so 1
so 1
so 1
so 1
so 1
so 1
so 1
so 1
so 1
so 1
so 1
so 1
so 1
so 1
so 1
so 1
so 1
so 1
so 1
so 1
so 1
so 1
so 1
so 1
so 1
so 1
so 1
so 1
so 1
so 1
so 1
so 1
so 1
so 1
so 1
so 1
so 1
so 1
so 1
so 1
so 1
so 1
so 1
so 1
so 1
so 1
so 1
so 1
so 1
so 1
so 1
so 1
so 1
so 1
so 1
so 1
so 1
so 1
so 1
so 1
so 1
so 1
so 1
so 1
so 1
so 1
so 1
so 1
so 1
so 1
so 1
so 1
so 1
so 1
so 1
so 1
so 1
so 1
so 1
so 1
so 1
so 1
so 1
so 1
so 1
so 1
so 1
so 1
so 1
so 1
so 1
so 1
so 1
so 1
so 1
so 1
so 1
so 1
so 1
so 1
so 1
so 1
so 1
so 1
so 1
so 1
so 1
so 1
so 1
so 1
so 1
so 1
so 1
so 1
so 1
so 1
so 1
so 1
so 1
so 1
so 1
so 1
so 1
so 1
so 1
so 1
so 1
so 1
so 1
so 1
so 1
so 1
so 1
so 1
so 1
so 1
so 1
so 1
so 1
so 1
so 1
so 1
so 1
so 1
so 1
so 1
so 1
so 1
so 1
so 1
so 1
so 1
so 1
so 1
so 1
so 1
so 1
so 1
so 1
so 1
so 1
so 1
so 1
so 1
so 1
so 1
so 1
so 1
so 1
so 1
so 1
so 1
so 1
so 1
so 1
so 1
so 1
so 1
so 1
so 1
so 1
so 1
so 1
so 1
so 1
so 1
so 1
so 1
so 1
so 1
so 1
so 1
so 1
so 1
so 1
so 1
so 1
so 1
so 1
so 1
so 1
so 1
so 1
so 1
so 1
so 1
so 1
so 1
so 1
so 1
so 1
so 1
so 1
so 1
so 1
so 1
so 1
so 1
so 1
so 1
so 1
so 1
so 1
so 1
so 1
so 1
so 1
so 1
so 1
so 1
so 1
so 1
so 1
so 1
so 1
so 1
so 1
so 1
so 1
so 1
so 1
so 1
so 1
so 1
so 1
so 1
so 1
so 1
so 1
so 1
so 1
so 1
so 1
so 1
so 1
so 1
so 1
so 1
so 1
so 1
so 1
so 1
so 1
so 1
so 1
so 1
so 1
so 1
so 1
so 1
so 1
so 1
so 1
so 1
so 1
so 1
so 1
so 1
so 1
so 1
so 1
so 1
so 1
so 1
so 1
so 1
so 1
so 1
so 1
so 1
so 1
so 1
so 1
so 1
so 1
so 1
so 1
so 1
so 1
so 1
so 1
so 1
so 1
so 1
so 1
so 1
so 1
so 1
so 1
so 1
so 1
so 1
so 1
so 1
so 1
so 1
so 1
so 1
so 1
so 1
so 1
so 1
so 1
so 1
so 1
so 1
so 1
so 1
so 1
so 1
so 1
so 1
so 1
so 1
so 1
so 1
so 1
so 1
so 1
so 1
so 1
so 1
so 1
so 1
so 1
so 1
so 1
so 1
so 1
so 1
so 1
so 1
so 1
so 1
so 1
so 1
so 1
so 1
so 1
so 1
so 1
so 1
so 1
so 1
so 1
so 1
so 1
so 1
so 1
so 1
so 1
so 1
so 1
so 1
so 1
so 1
so 1
so 1
so 1
so 1
so 1
so 1
so 1
so 1
so 1
so 1
so 1
so 1
so 1
so 1
so 1
so 1
so 1
so 1
so 1
so 1
so 1
so 1
so 1
so 1
so 1
so 1
so 1
so 1
so 1
so 1
so 1
so 1
so 1
so 1
so 1
so 1
so 1
so 1
so 1
so 1
so 1
so 1
so 1
so 1
so 1
so 1
so 1
so 1
so 1
so 1
so 1
so 1
so 1
so 1
so 1
so 1
so 1
so 1
so 1
so 1
so 1
so 1
so 1
so 1
so 1
so 1
so 1
so 1
so 1
so 1
so 1
so 1
so 1
so 1
so 1
so 1
so 1
so 1
so 1
so 1
so 1
so 1
so 1
so 1
so 1
so 1
so 1
so 1
so 1
so 1
so 1
so 1
so 1
so 1
so 1
so 1
so 1
so 1
so 1
so 1
so 1
so 1
so 1
so 1
so 1
so 1
so 1
so 1
so 1
so 1
so 1
so 1
so 1
so 1
so 1
so 1
so 1
so 1
so 1
so 1
so 1
so 1
so 1
so 1
so 1
so 1
so 1
so 1
so 1
so 1
so 1
so 1
so 1
so 1
so 1
so 1
so 1
so 1
so 1
so 1
so 1
so 1
so 1
so 1
so 1
so 1
so 1
so 1
so 1
so 1
so 1
so 1
so 1
so 1
so 1
so 1
so 1
so 1
so 1
so 1
so 1
so 1
so 1
so 1
so 1
so 1
so 1
so 1
so 1
so 1
so 1
so 1
so 1
so 1
so 1
so 1
so 1
so 1
so 1
so 1
so 1
so 1
so 1
so 1
so 1
so 1
so 1
so 1
so 1
so 1
so 1
so 1
so 1
so 1
so 1
so 1
so 1
so 1
so 1
so 1
so 1
so 1
so 1
so 1
so 1
so 1
so 1
so 1
so 1
so 1
so 1
so 1
so 1
so 1
so 1
so 1
so 1
so 1
so 1
so 1
so 1
so 1
so 1
so 1
so 1
so 1
so 1
so 1
so 1
so 1
so 1
so 1
so 1
so 1
so 1
so 1
so 1
so 1
so 1
so 1
so 1
so 1
so 1
so 1
so 1
so 1
so 1
so 1
so 1
so 1
so 1
so 1
so 1
so 1
so 1
so 1
so 1
so 1
so 1
so 1
so 1
so 1
so 1
so 1
so 1
so 1
so 1
so 1
so 1
so 1
so 1
so 1
so 1
so 1
so 1
so 1
so 1
so 1
so 1
so 1
so 1
so 1
so 1
so 1
so 1
so 1
so 1
so 1
so 1
so 1
so 1
so 1
so 1
so 1
so 1
so 1
so 1
so 1
so 1
so 1
so 1
soft 1
soft 1
soft 1
soft 1
soft 1
soft 1
soft 1
soft 1
soft 1
soft 1
soft 1
soft 1
soft 1
soft 1
somebody 1
somebody 1
somebody 1
somebody 1
somebody 1
somebody 1
somebody 1
somebody 1
somebody 1
somebody 1
somebody 1
somebody 1
somebody 1
somebody 1
somebody 1
somebody 1
somebody 1
somebody 1
somebody 1
somebody 1
somebody 1
somebody 1
somebody 1
somebody 1
somebody 1
somebody 1
somebody 1
somebody 1
somebody 1
somebody 1
somebody 1
somebody 1
somebody 1
somebody 1
somebody 1
somebody 1
somebody 1
somebody 1
somebody 1
somebody 1
somebody 1
somebody 1
somebody 1
somebody 1
somebody 1
somebody 1
somebody 1
somebody 1
somebody 1
somebody 1
son 1
son 1
son 1
son 1
son 1
son 1
son 1
son 1
son 1
son 1
son 1
son 1
son 1
son 1
son 1
sooner 1
sooner 1
sooner 1
sorrers 1
sort 1
sort 1
sort 1
sort 1
sort 1
sort 1
sort 1
sort 1
sort 1
sort 1
sort 1
sort 1
sort 1
sort 1
sort 1
sort 1
sort 1
souls 1
souls 1
souls 1
souls 1
soundings 1
soured 1
soured 1
speak 1
speak 1
speak 1
speak 1
speak 1
speak 1
speak 1
speak 1
speak 1
specified 1
specified 1
speech 1
speech 1
speech 1
speech 1
speech 1
speech 1
speech 1
speech 1
speech 1
speech 1
speech 1
spell 1
spell 1
spell 1
spell 1
spell 1
spell 1
spell 1
spend 1
spend 1
spend 1
spend 1
spiders 1
spiders 1
spiders 1
spiders 1
spiders 1
spiders 1
spiders 1
spiders 1
spidery 1
spirited 1
splitting 1
spoonful 1
spot 1
spry 1
spun 1
squah 1
squatting 1
stabboard 1
stabboard 1
stabboard 1
stabboard 1
stairs 1
stairs 1
stairs 1
stairs 1
stairs 1
stairs 1
stairs 1
stairs 1
stairs 1
stairs 1
stairs 1
stairs 1
stairs 1
stairs 1
stairs 1
stairs 1
stairs 1
stairs 1
stairs 1
stairs 1
stairs 1
stairs 1
stairs 1
stand 1
stand 1
stand 1
stand 1
stand 1
stand 1
stand 1
stand 1
stand 1
stand 1
stand 1
stand 1
stand 1
stand 1
stand 1
stand 1
stand 1
stand 1
stand 1
stand 1
stand 1
stand 1
stand 1
stand 1
stand 1
stand 1
stand 1
stand 1
stand 1
stand 1
stand 1
stand 1
stand 1
stand 1
stand 1
stand 1
stand 1
stand 1
start 1
start 1
start 1
start 1
start 1
start 1
start 1
start 1
start 1
start 1
start 1
start 1
start 1
start 1
start 1
start 1
start 1
start 1
start 1
start 1
start 1
start 1
start 1
start 1
start 1
start 1
start 1
start 1
start 1
start 1
start 1
start 1
start 1
start 1
start 1
start 1
start 1
start 1
start 1
start 1
start 1
start 1
startlish 1
statements 1
statements 1
stateroom 1
stateroom 1
stateroom 1
stateroom 1
status 1
status 1
status 1
status 1
staving 1
stays 1
stays 1
steady 1
steady 1
steady 1
steady 1
steady 1
steady 1
stern 1
stern 1
stern 1
stern 1
stern 1
stern 1
stern 1
stern 1
stern 1
stooped 1
stooped 1
stooped 1
stooped 1
stores 1
stores 1
straightened 1
straightened 1
straightened 1
stream 1
stream 1
stream 1
stream 1
stream 1
stream 1
stream 1
stream 1
stream 1
stream 1
stream 1
stream 1
stream 1
stream 1
stretched 1
stretched 1
stretched 1
stretched 1
stretched 1
stretched 1
stretched 1
stretched 1
stretched 1
stretched 1
stretched 1
strike 1
strike 1
strike 1
strike 1
strike 1
strike 1
strings 1
strings 1
sturb 1
sturb 1
suff 1
sufferin 1
sufferin 1
suits 1
suits 1
suits 1
suits 1
suits 1
suits 1
sundown 1
sundown 1
sundown 1
sundown 1
superintended 1
swaps 1
swarm 1
swarm 1
swarm 1
swearing 1
sweet 1
sweet 1
sweet 1
sweet 1
sweet 1
sweet 1
sweet 1
sweet 1
sweet 1
sweet 1
sweet 1
sweet 1
swindled 1
swung 1
swung 1
tag 1
taking 1
taking 1
taking 1
taking 1
taking 1
taking 1
taking 1
taking 1
taking 1
taking 1
taking 1
taking 1
talk 1
talk 1
talk 1
talk 1
talk 1
talk 1
talk 1
talk 1
talk 1
talk 1
talk 1
talk 1
talk 1
talk 1
talk 1
talk 1
talk 1
talk 1
talk 1
talk 1
talk 1
talk 1
talk 1
talk 1
talk 1
talk 1
talk 1
talk 1
talk 1
talk 1
talk 1
talk 1
talk 1
talk 1
talk 1
talk 1
talk 1
talk 1
talk 1
talk 1
talk 1
talk 1
talk 1
talk 1
talk 1
talk 1
talk 1
talk 1
talk 1
talk 1
talk 1
talk 1
talk 1
talk 1
talk 1
talk 1
talk 1
talk 1
talk 1
talk 1
talk 1
talk 1
talk 1
talk 1
talk 1
talk 1
talk 1
talk 1
talk 1
talk 1
talk 1
tapering 1
tartar 1
tavern 1
tavern 1
teams 1
tear 1
tear 1
tear 1
tear 1
tear 1
tear 1
tear 1
tear 1
tear 1
tear 1
tearing 1
tearing 1
tearing 1
tearing 1
tearing 1
tearing 1
tearing 1
tearing 1
tearing 1
tearing 1
tearing 1
tearing 1
thank 1
thank 1
thank 1
thank 1
their 1
their 1
their 1
their 1
their 1
their 1
their 1
their 1
their 1
their 1
their 1
their 1
their 1
their 1
their 1
their 1
their 1
their 1
their 1
their 1
their 1
their 1
their 1
their 1
their 1
their 1
their 1
their 1
their 1
their 1
their 1
their 1
their 1
their 1
their 1
their 1
their 1
their 1
their 1
their 1
their 1
their 1
their 1
their 1
their 1
their 1
their 1
their 1
their 1
their 1
their 1
their 1
their 1
their 1
their 1
their 1
their 1
their 1
their 1
their 1
their 1
their 1
their 1
their 1
their 1
their 1
their 1
their 1
their 1
their 1
their 1
their 1
their 1
their 1
their 1
their 1
their 1
their 1
their 1
their 1
their 1
their 1
their 1
their 1
their 1
their 1
their 1
their 1
their 1
their 1
their 1
their 1
their 1
their 1
their 1
their 1
their 1
their 1
their 1
their 1
their 1
their 1
their 1
their 1
their 1
their 1
their 1
their 1
their 1
their 1
their 1
their 1
their 1
their 1
their 1
their 1
their 1
their 1
their 1
their 1
their 1
their 1
their 1
their 1
their 1
their 1
their 1
their 1
their 1
their 1
their 1
their 1
their 1
their 1
their 1
their 1
their 1
their 1
their 1
their 1
their 1
their 1
their 1
their 1
their 1
their 1
their 1
their 1
their 1
their 1
their 1
their 1
their 1
their 1
thieves 1
thieves 1
think 1
think 1
think 1
think 1
think 1
think 1
think 1
think 1
think 1
think 1
think 1
think 1
think 1
think 1
think 1
think 1
think 1
think 1
think 1
think 1
think 1
think 1
think 1
think 1
think 1
think 1
think 1
think 1
think 1
think 1
think 1
think 1
think 1
think 1
think 1
think 1
think 1
think 1
think 1
think 1
think 1
think 1
think 1
think 1
think 1
think 1
think 1
think 1
think 1
think 1
think 1
think 1
think 1
think 1
think 1
think 1
think 1
think 1
think 1
think 1
think 1
think 1
think 1
think 1
think 1
think 1
think 1
think 1
think 1
think 1
think 1
think 1
think 1
think 1
think 1
think 1
think 1
think 1
think 1
think 1
think 1
think 1
think 1
think 1
think 1
think 1
think 1
think 1
think 1
think 1
think 1
think 1
think 1
think 1
think 1
think 1
think 1
think 1
think 1
think 1
think 1
think 1
think 1
think 1
think 1
think 1
think 1
think 1
think 1
think 1
think 1
think 1
think 1
think 1
think 1
think 1
think 1
think 1
think 1
think 1
think 1
think 1
think 1
think 1
think 1
think 1
think 1
think 1
think 1
think 1
think 1
think 1
think 1
think 1
think 1
think 1
think 1
thinned 1
thousan 1
thousand 1
thousand 1
thousand 1
thousand 1
thousand 1
thousand 1
thousand 1
thousand 1
thousand 1
thousand 1
thousand 1
thousand 1
thousand 1
thousand 1
thousand 1
thousand 1
thousand 1
thousand 1
thousand 1
thousand 1
thousand 1
thousand 1
thousand 1
thousand 1
thousand 1
thousand 1
thousand 1
thousand 1
thousand 1
thousand 1
thousand 1
thousand 1
thousand 1
thread 1
thread 1
thread 1
thread 1
thread 1
thread 1
thread 1
thread 1
throat 1
throat 1
throat 1
throat 1
throat 1
tight 1
tight 1
tight 1
tight 1
tight 1
tight 1
tight 1
tight 1
tight 1
tight 1
tight 1
tight 1
tight 1
tight 1
tight 1
times 1
times 1
times 1
times 1
times 1
times 1
times 1
times 1
times 1
times 1
times 1
times 1
times 1
times 1
times 1
times 1
times 1
times 1
times 1
times 1
times 1
times 1
times 1
times 1
times 1
times 1
times 1
times 1
times 1
times 1
times 1
times 1
times 1
times 1
times 1
times 1
times 1
times 1
times 1
times 1
times 1
times 1
times 1
times 1
times 1
times 1
times 1
times 1
times 1
tiresome 1
tiresome 1
tiresome 1
toad 1
tole 1
tole 1
tole 1
tole 1
tongue 1
tongue 1
tongue 1
tongue 1
tongue 1
tongue 1
toothpicks 1
tore 1
tore 1
tore 1
tore 1
tore 1
tore 1
tore 1
tore 1
toted 1
tow 1
tow 1
tow 1
tow 1
tow 1
tow 1
tow 1
tow 1
tow 1
tract 1
traded 1
traded 1
tramping 1
tramping 1
travel 1
travel 1
travel 1
travel 1
trouser 1
true 1
true 1
true 1
true 1
true 1
true 1
true 1
true 1
true 1
true 1
tryin 1
tryin 1
tryin 1
tuk 1
tumbles 1
turkles 1
turnip 1
turnip 1
uncles 1
uncles 1
uncles 1
uncles 1
uncles 1
uncles 1
uncles 1
uncles 1
uncles 1
uncles 1
uncomfortableness 1
understand 1
understand 1
understand 1
understand 1
understand 1
understand 1
understand 1
understand 1
understand 1
understand 1
understand 1
understand 1
understand 1
undisposed 1
until 1
until 1
until 1
ups 1
ups 1
ups 1
uses 1
verses 1
viewed 1
wagging 1
wanting 1
wanting 1
wanting 1
warn 1
warn 1
warn 1
warn 1
warn 1
warn 1
warn 1
warn 1
warn 1
warn 1
warn 1
warn 1
warn 1
warn 1
warn 1
warn 1
warn 1
warn 1
warn 1
warn 1
warn 1
warn 1
warn 1
warn 1
warn 1
warn 1
warn 1
warn 1
warn 1
warn 1
warn 1
warn 1
warn 1
warn 1
warn 1
warn 1
warn 1
warn 1
warn 1
warn 1
warn 1
warn 1
warn 1
warn 1
warn 1
warn 1
warn 1
warn 1
warn 1
warn 1
warn 1
warn 1
warn 1
warn 1
warn 1
warn 1
warn 1
warn 1
warn 1
warn 1
warn 1
warn 1
warn 1
warn 1
warn 1
warn 1
warn 1
warn 1
warn 1
warn 1
warn 1
warn 1
warn 1
warn 1
warn 1
warn 1
warn 1
warn 1
warn 1
warn 1
warn 1
warn 1
warn 1
warn 1
warn 1
warn 1
warn 1
warn 1
warn 1
warn 1
warn 1
warn 1
warn 1
warn 1
warn 1
warn 1
warn 1
warn 1
warn 1
warn 1
warn 1
warn 1
warn 1
warn 1
warn 1
warn 1
warn 1
warn 1
warn 1
warn 1
warn 1
warn 1
warn 1
warn 1
warn 1
warn 1
warn 1
warn 1
warn 1
warn 1
warn 1
warn 1
warn 1
warn 1
warn 1
warn 1
warn 1
warn 1
warn 1
warn 1
warn 1
warn 1
warn 1
warn 1
warn 1
warn 1
warn 1
warn 1
warn 1
warn 1
warn 1
warn 1
warn 1
warn 1
warn 1
warn 1
warn 1
warn 1
warn 1
warn 1
warn 1
warn 1
warn 1
warn 1
warn 1
warn 1
warn 1
warn 1
warn 1
warn 1
warn 1
warn 1
warn 1
warn 1
warn 1
warn 1
warn 1
warn 1
warn 1
warn 1
warn 1
warn 1
warn 1
warn 1
warn 1
warn 1
warn 1
warn 1
warn 1
warn 1
warn 1
warn 1
warn 1
warn 1
warn 1
warn 1
warn 1
warn 1
warn 1
warn 1
warn 1
warn 1
warn 1
warn 1
warn 1
warn 1
warn 1
warn 1
warn 1
warn 1
warn 1
warn 1
warn 1
warn 1
warn 1
warn 1
warn 1
warn 1
warn 1
warn 1
warn 1
warn 1
warn 1
warn 1
warn 1
warn 1
warn 1
warn 1
warn 1
warn 1
warn 1
warn 1
warn 1
warn 1
warn 1
warn 1
warn 1
warn 1
warn 1
warn 1
warn 1
warn 1
warn 1
warn 1
warn 1
warn 1
warn 1
warn 1
warn 1
warn 1
warn 1
warn 1
warn 1
warn 1
warn 1
warn 1
warn 1
warn 1
warn 1
warn 1
warn 1
warn 1
warn 1
warn 1
warn 1
warn 1
warn 1
warn 1
warn 1
warn 1
warn 1
warn 1
warn 1
warn 1
warn 1
warn 1
warn 1
warn 1
warn 1
warn 1
warn 1
warn 1
warn 1
warn 1
warn 1
warn 1
warn 1
warn 1
warn 1
warn 1
warn 1
warn 1
warn 1
warn 1
warn 1
warn 1
warn 1
warn 1
warn 1
warn 1
warn 1
warn 1
warn 1
warn 1
warn 1
warn 1
warning 1
washed 1
washed 1
washed 1
washed 1
washed 1
washed 1
waves 1
waves 1
waves 1
waves 1
wax 1
weather 1
weather 1
weather 1
weather 1
weather 1
weather 1
weather 1
weather 1
weather 1
weather 1
weather 1
weather 1
weeds 1
weeds 1
weeds 1
week 1
week 1
week 1
week 1
week 1
week 1
week 1
week 1
week 1
week 1
week 1
week 1
week 1
week 1
week 1
week 1
week 1
week 1
week 1
whack 1
whack 1
whack 1
whack 1
wherever 1
wherever 1
wherever 1
wherever 1
wherever 1
wherever 1
wherever 1
whimpering 1
whimpering 1
who 1
who 1
who 1
who 1
who 1
who 1
who 1
who 1
who 1
who 1
who 1
who 1
who 1
who 1
who 1
who 1
who 1
who 1
who 1
who 1
who 1
who 1
who 1
who 1
who 1
who 1
who 1
who 1
who 1
who 1
who 1
who 1
who 1
who 1
who 1
who 1
who 1
who 1
who 1
who 1
who 1
who 1
who 1
who 1
who 1
who 1
who 1
who 1
who 1
who 1
who 1
who 1
whooped 1
whooped 1
whoopin 1
whyd 1
window 1
window 1
window 1
window 1
window 1
window 1
window 1
window 1
window 1
window 1
window 1
window 1
window 1
window 1
window 1
window 1
window 1
window 1
window 1
window 1
window 1
window 1
window 1
window 1
window 1
window 1
window 1
window 1
window 1
without 1
without 1
without 1
without 1
without 1
without 1
without 1
without 1
without 1
without 1
without 1
without 1
without 1
without 1
without 1
without 1
without 1
without 1
without 1
without 1
without 1
without 1
without 1
without 1
without 1
without 1
without 1
without 1
without 1
without 1
without 1
without 1
without 1
without 1
without 1
without 1
without 1
without 1
without 1
without 1
without 1
without 1
without 1
without 1
without 1
without 1
without 1
without 1
without 1
without 1
without 1
woke 1
woke 1
woke 1
woke 1
women 1
women 1
women 1
women 1
women 1
women 1
women 1
women 1
women 1
women 1
women 1
women 1
women 1
women 1
women 1
women 1
women 1
women 1
women 1
women 1
women 1
women 1
women 1
women 1
women 1
woolsey 1
works 1
works 1
works 1
works 1
works 1
works 1
works 1
works 1
works 1
works 1
works 1
works 1
works 1
works 1
works 1
works 1
works 1
works 1
works 1
works 1
works 1
works 1
works 1
works 1
works 1
works 1
works 1
works 1
works 1
works 1
works 1
works 1
works 1
works 1
works 1
works 1
worse 1
worse 1
worse 1
worse 1
worse 1
worse 1
worse 1
worse 1
worse 1
worse 1
worse 1
worse 1
worse 1
worse 1
worse 1
worse 1
wrack 1
wrack 1
wrack 1
writing 1
writing 1
writing 1
writing 1
writing 1
writing 1
writing 1
yearly 1
yell 1
yell 1
yell 1
yell 1
yell 1
yell 1
yell 1
yours 1
