Alright 1
BE 1
By 1
By 1
By 1
C 1
C 1
C 1
Cheerio 1
Copyright 1
Copyright 1
Did 1
Did 1
Except 1
Except 1
FOUNDATION 1
FULL 1
FULL 1
Franz 1
Franz 1
Franz 1
Franz 1
GIVE 1
Grete 1
Grete 1
Grete 1
Grete 1
Grete 1
Grete 1
Grete 1
Grete 1
Grete 1
Grete 1
Grete 1
Grete 1
Grete 1
Grete 1
Grete 1
Grete 1
Grete 1
Grete 1
Grete 1
Grete 1
Grete 1
Grete 1
Grete 1
Grete 1
Grete 1
Had 1
Had 1
Half 1
Hell 1
IF 1
INCIDENTAL 1
INDEMNITY 1
Melan 1
Mother 1
Mother 1
Mother 1
Mother 1
NOT 1
NOT 1
OWNER 1
Once 1
Once 1
Once 1
PROVIDED 1
Perhaps 1
Perhaps 1
Perhaps 1
Professor 1
SUCH 1
Seven 1
Special 1
Through 1
U 1
U 1
U 1
United 1
United 1
United 1
United 1
United 1
United 1
United 1
United 1
United 1
United 1
Vanilla 1
Vanilla 1
Would 1
Would 1
Would 1
Yes 1
Yes 1
Yes 1
Yes 1
Yes 1
a 1
a 1
a 1
a 1
a 1
a 1
a 1
a 1
a 1
a 1
a 1
a 1
a 1
a 1
a 1
a 1
a 1
a 1
a 1
a 1
a 1
a 1
a 1
a 1
a 1
a 1
a 1
a 1
a 1
a 1
a 1
a 1
a 1
a 1
a 1
a 1
a 1
a 1
a 1
a 1
a 1
a 1
a 1
a 1
a 1
a 1
a 1
a 1
a 1
a 1
a 1
a 1
a 1
a 1
a 1
a 1
a 1
a 1
a 1
a 1
a 1
a 1
a 1
a 1
a 1
a 1
a 1
a 1
a 1
a 1
a 1
a 1
a 1
a 1
a 1
a 1
a 1
a 1
a 1
a 1
a 1
a 1
a 1
a 1
a 1
a 1
a 1
a 1
a 1
a 1
a 1
a 1
a 1
a 1
a 1
a 1
a 1
a 1
a 1
a 1
a 1
a 1
a 1
a 1
a 1
a 1
a 1
a 1
a 1
a 1
a 1
a 1
a 1
a 1
a 1
a 1
a 1
a 1
a 1
a 1
a 1
a 1
a 1
a 1
a 1
a 1
a 1
a 1
a 1
a 1
a 1
a 1
a 1
a 1
a 1
a 1
a 1
a 1
a 1
a 1
a 1
a 1
a 1
a 1
a 1
a 1
a 1
a 1
a 1
a 1
a 1
a 1
a 1
a 1
a 1
a 1
a 1
a 1
a 1
a 1
a 1
a 1
a 1
a 1
a 1
a 1
a 1
a 1
a 1
a 1
a 1
a 1
a 1
a 1
a 1
a 1
a 1
a 1
a 1
a 1
a 1
a 1
a 1
a 1
a 1
a 1
a 1
a 1
a 1
a 1
a 1
a 1
a 1
a 1
a 1
a 1
a 1
a 1
a 1
a 1
a 1
a 1
a 1
a 1
a 1
a 1
a 1
a 1
a 1
a 1
a 1
a 1
a 1
a 1
a 1
a 1
a 1
a 1
a 1
a 1
a 1
a 1
a 1
a 1
a 1
a 1
a 1
a 1
a 1
a 1
a 1
a 1
a 1
a 1
a 1
a 1
a 1
a 1
a 1
a 1
a 1
a 1
a 1
a 1
a 1
a 1
a 1
a 1
a 1
a 1
a 1
a 1
a 1
a 1
a 1
a 1
a 1
a 1
a 1
a 1
a 1
a 1
a 1
a 1
a 1
a 1
a 1
a 1
a 1
a 1
a 1
a 1
a 1
a 1
a 1
a 1
a 1
a 1
a 1
a 1
a 1
a 1
a 1
a 1
a 1
a 1
a 1
a 1
a 1
a 1
a 1
a 1
a 1
a 1
a 1
a 1
a 1
a 1
a 1
a 1
a 1
a 1
a 1
a 1
a 1
a 1
a 1
a 1
a 1
a 1
a 1
a 1
a 1
a 1
a 1
a 1
a 1
a 1
a 1
a 1
a 1
a 1
a 1
a 1
a 1
a 1
a 1
a 1
a 1
a 1
a 1
a 1
a 1
a 1
a 1
a 1
a 1
a 1
a 1
a 1
a 1
acceptance 1
accepted 1
accepted 1
accessed 1
afraid 1
afraid 1
afraid 1
agent 1
all 1
all 1
all 1
all 1
all 1
all 1
all 1
all 1
all 1
all 1
all 1
all 1
all 1
all 1
all 1
all 1
all 1
all 1
all 1
all 1
all 1
all 1
all 1
all 1
all 1
all 1
all 1
all 1
all 1
all 1
all 1
all 1
all 1
all 1
all 1
all 1
all 1
all 1
all 1
all 1
all 1
all 1
all 1
all 1
all 1
all 1
all 1
all 1
all 1
all 1
all 1
all 1
all 1
all 1
all 1
all 1
all 1
all 1
all 1
all 1
all 1
all 1
all 1
all 1
all 1
all 1
all 1
all 1
all 1
all 1
all 1
all 1
all 1
all 1
all 1
all 1
all 1
all 1
all 1
all 1
all 1
all 1
all 1
all 1
all 1
all 1
all 1
all 1
all 1
all 1
all 1
all 1
all 1
all 1
all 1
all 1
all 1
all 1
all 1
all 1
all 1
all 1
all 1
all 1
all 1
all 1
all 1
all 1
all 1
all 1
all 1
all 1
all 1
all 1
all 1
all 1
all 1
all 1
all 1
all 1
all 1
all 1
all 1
all 1
all 1
all 1
all 1
all 1
all 1
all 1
all 1
all 1
all 1
all 1
all 1
all 1
all 1
all 1
all 1
all 1
all 1
all 1
all 1
all 1
all 1
all 1
all 1
all 1
alright 1
alright 1
alright 1
alright 1
also 1
also 1
also 1
also 1
also 1
also 1
also 1
also 1
also 1
also 1
also 1
also 1
also 1
also 1
also 1
also 1
also 1
anywhere 1
anywhere 1
anywhere 1
anywhere 1
apples 1
armchair 1
army 1
assure 1
awful 1
be 1
be 1
be 1
be 1
be 1
be 1
be 1
be 1
be 1
be 1
be 1
be 1
be 1
be 1
be 1
be 1
be 1
be 1
be 1
be 1
be 1
be 1
be 1
be 1
be 1
be 1
be 1
be 1
be 1
be 1
be 1
be 1
be 1
be 1
be 1
be 1
be 1
be 1
be 1
be 1
be 1
be 1
be 1
be 1
be 1
be 1
be 1
be 1
be 1
be 1
be 1
be 1
be 1
be 1
be 1
be 1
be 1
be 1
be 1
be 1
be 1
be 1
be 1
be 1
be 1
be 1
be 1
be 1
be 1
be 1
be 1
be 1
be 1
be 1
be 1
be 1
be 1
be 1
be 1
be 1
be 1
be 1
be 1
be 1
be 1
be 1
be 1
be 1
be 1
be 1
be 1
be 1
be 1
be 1
be 1
be 1
be 1
be 1
be 1
be 1
be 1
be 1
be 1
be 1
be 1
be 1
be 1
be 1
be 1
be 1
be 1
be 1
be 1
be 1
be 1
be 1
be 1
be 1
be 1
be 1
be 1
be 1
be 1
be 1
be 1
be 1
be 1
be 1
be 1
be 1
be 1
be 1
be 1
be 1
be 1
be 1
beards 1
beards 1
beards 1
became 1
became 1
became 1
became 1
became 1
became 1
became 1
became 1
became 1
became 1
became 1
became 1
became 1
became 1
became 1
bedpost 1
before 1
before 1
before 1
before 1
before 1
before 1
before 1
before 1
before 1
before 1
before 1
before 1
before 1
before 1
before 1
before 1
before 1
before 1
before 1
before 1
before 1
before 1
before 1
before 1
before 1
before 1
before 1
before 1
before 1
before 1
before 1
before 1
before 1
before 1
before 1
before 1
before 1
began 1
began 1
began 1
began 1
began 1
began 1
began 1
began 1
began 1
began 1
began 1
began 1
began 1
began 1
began 1
began 1
began 1
began 1
being 1
being 1
being 1
being 1
being 1
being 1
being 1
being 1
being 1
being 1
being 1
being 1
being 1
being 1
being 1
being 1
being 1
being 1
being 1
being 1
being 1
being 1
being 1
being 1
being 1
being 1
bent 1
bent 1
bent 1
bent 1
bent 1
bent 1
bit 1
bit 1
bit 1
bit 1
blanket 1
bombard 1
break 1
break 1
break 1
break 1
broke 1
broke 1
broke 1
broke 1
broom 1
broom 1
broom 1
broom 1
broom 1
buttons 1
buttons 1
buttons 1
care 1
carpet 1
carpet 1
carpet 1
carpet 1
carpet 1
carpet 1
carrying 1
carrying 1
carrying 1
cash 1
cash 1
celebrations 1
chair 1
chair 1
chair 1
chair 1
chair 1
chair 1
chair 1
chair 1
chair 1
chair 1
chair 1
chair 1
chair 1
chair 1
chair 1
chair 1
cheer 1
cheese 1
cheese 1
cheese 1
chewing 1
cleaning 1
cleaning 1
closely 1
closely 1
clumsy 1
collar 1
collar 1
comes 1
commerce 1
companions 1
companions 1
compellingly 1
compliance 1
compliance 1
compliance 1
compliance 1
concentration 1
concentration 1
concerned 1
condemned 1
continue 1
continue 1
continue 1
convert 1
cope 1
copying 1
copying 1
copying 1
copying 1
corrupt 1
crawling 1
crawling 1
crawling 1
crawling 1
crawling 1
crawling 1
creating 1
creating 1
creating 1
creation 1
crucial 1
curtains 1
damage 1
damage 1
damage 1
darkness 1
darkness 1
darkness 1
darkness 1
debt 1
debt 1
debt 1
decayed 1
decisions 1
deeply 1
deeply 1
deeply 1
definitely 1
definitely 1
didn 1
didn 1
didn 1
didn 1
didn 1
didn 1
didn 1
didn 1
didn 1
didn 1
dirt 1
dirt 1
disappear 1
disappear 1
distress 1
distress 1
distribute 1
distribute 1
distribute 1
distribute 1
distribute 1
disturb 1
do 1
do 1
do 1
do 1
do 1
do 1
do 1
do 1
do 1
do 1
do 1
do 1
do 1
do 1
do 1
do 1
do 1
do 1
do 1
do 1
do 1
do 1
do 1
do 1
do 1
do 1
do 1
do 1
do 1
do 1
do 1
do 1
do 1
do 1
do 1
do 1
do 1
do 1
do 1
do 1
do 1
do 1
do 1
do 1
do 1
do 1
do 1
do 1
do 1
do 1
do 1
do 1
do 1
do 1
do 1
do 1
do 1
does 1
does 1
doing 1
doing 1
doing 1
doing 1
doing 1
doing 1
doing 1
doing 1
doing 1
doing 1
doing 1
doing 1
doing 1
dome 1
dominated 1
don 1
don 1
don 1
don 1
don 1
don 1
don 1
don 1
don 1
don 1
don 1
don 1
doors 1
doors 1
doors 1
doors 1
doors 1
doors 1
doors 1
doors 1
doors 1
doors 1
dream 1
dream 1
driving 1
drop 1
droplets 1
dry 1
dry 1
during 1
during 1
during 1
during 1
during 1
easily 1
easily 1
easily 1
easily 1
easily 1
easily 1
educational 1
either 1
either 1
either 1
either 1
either 1
either 1
emotion 1
emotion 1
enthusiasm 1
entitled 1
everything 1
everything 1
everything 1
everything 1
everything 1
everything 1
everything 1
everything 1
everything 1
everything 1
everything 1
everything 1
everything 1
everything 1
everything 1
everything 1
everything 1
everything 1
everything 1
everything 1
everything 1
everything 1
everything 1
everything 1
everything 1
everything 1
everything 1
everything 1
everything 1
exact 1
expecting 1
expenses 1
expenses 1
falling 1
falling 1
falling 1
feeble 1
feelings 1
felt 1
felt 1
felt 1
felt 1
felt 1
felt 1
felt 1
felt 1
felt 1
felt 1
felt 1
felt 1
felt 1
felt 1
felt 1
finally 1
finally 1
finally 1
finally 1
finally 1
finally 1
finally 1
finally 1
finally 1
finally 1
finances 1
firmly 1
fists 1
fists 1
fled 1
fled 1
fled 1
fluttered 1
for 1
for 1
for 1
for 1
for 1
for 1
for 1
for 1
for 1
for 1
for 1
for 1
for 1
for 1
for 1
for 1
for 1
for 1
for 1
for 1
for 1
for 1
for 1
for 1
for 1
for 1
for 1
for 1
for 1
for 1
for 1
for 1
for 1
for 1
for 1
for 1
for 1
for 1
for 1
for 1
for 1
for 1
for 1
for 1
for 1
for 1
for 1
for 1
for 1
for 1
for 1
for 1
for 1
for 1
for 1
for 1
for 1
for 1
for 1
for 1
for 1
for 1
for 1
for 1
for 1
for 1
for 1
for 1
for 1
for 1
for 1
for 1
for 1
for 1
for 1
for 1
for 1
for 1
for 1
for 1
for 1
for 1
for 1
for 1
for 1
for 1
for 1
for 1
for 1
for 1
for 1
for 1
for 1
for 1
for 1
for 1
for 1
for 1
for 1
for 1
for 1
for 1
for 1
for 1
for 1
for 1
for 1
for 1
for 1
for 1
for 1
for 1
for 1
for 1
for 1
for 1
for 1
for 1
for 1
for 1
for 1
for 1
for 1
for 1
for 1
for 1
for 1
for 1
for 1
for 1
for 1
for 1
for 1
for 1
for 1
for 1
for 1
for 1
for 1
for 1
for 1
for 1
for 1
for 1
for 1
for 1
for 1
for 1
for 1
for 1
for 1
for 1
for 1
for 1
for 1
for 1
for 1
for 1
for 1
for 1
for 1
for 1
for 1
for 1
for 1
for 1
for 1
for 1
for 1
for 1
for 1
for 1
for 1
for 1
for 1
for 1
for 1
for 1
for 1
for 1
forced 1
forced 1
forced 1
forced 1
forced 1
former 1
fro 1
fro 1
full 1
full 1
full 1
full 1
full 1
full 1
full 1
full 1
full 1
full 1
full 1
full 1
full 1
full 1
full 1
full 1
full 1
gifted 1
gratitude 1
gratitude 1
greatest 1
greatest 1
greatest 1
halt 1
harmful 1
hat 1
hat 1
hat 1
hat 1
healed 1
healthy 1
heavy 1
heavy 1
heavy 1
heavy 1
held 1
held 1
held 1
held 1
held 1
held 1
held 1
held 1
held 1
held 1
held 1
held 1
held 1
held 1
help 1
help 1
help 1
help 1
help 1
help 1
help 1
help 1
help 1
help 1
help 1
help 1
help 1
help 1
help 1
help 1
help 1
her 1
her 1
her 1
her 1
her 1
her 1
her 1
her 1
her 1
her 1
her 1
her 1
her 1
her 1
her 1
her 1
her 1
her 1
her 1
her 1
her 1
her 1
her 1
her 1
her 1
her 1
her 1
her 1
her 1
her 1
her 1
her 1
her 1
her 1
her 1
her 1
her 1
her 1
her 1
her 1
her 1
her 1
her 1
her 1
her 1
her 1
her 1
her 1
her 1
her 1
her 1
her 1
her 1
her 1
her 1
her 1
her 1
her 1
her 1
her 1
her 1
her 1
her 1
her 1
her 1
her 1
her 1
her 1
her 1
her 1
her 1
her 1
her 1
her 1
her 1
her 1
her 1
her 1
her 1
her 1
her 1
her 1
her 1
her 1
her 1
her 1
her 1
her 1
her 1
her 1
her 1
her 1
her 1
her 1
her 1
her 1
her 1
her 1
her 1
her 1
her 1
her 1
her 1
her 1
her 1
her 1
her 1
her 1
her 1
her 1
her 1
her 1
her 1
her 1
her 1
her 1
her 1
her 1
her 1
her 1
her 1
her 1
her 1
her 1
her 1
her 1
her 1
her 1
her 1
her 1
her 1
her 1
her 1
her 1
her 1
her 1
her 1
her 1
her 1
her 1
her 1
her 1
her 1
her 1
her 1
her 1
her 1
her 1
her 1
her 1
her 1
her 1
her 1
her 1
her 1
her 1
her 1
her 1
her 1
her 1
her 1
her 1
her 1
her 1
her 1
her 1
her 1
her 1
her 1
her 1
her 1
her 1
her 1
her 1
her 1
her 1
her 1
her 1
her 1
her 1
her 1
her 1
her 1
human 1
human 1
human 1
human 1
human 1
humility 1
hurried 1
hurried 1
hurried 1
hurried 1
hurried 1
hurried 1
hurried 1
hurried 1
ill 1
ill 1
ill 1
ill 1
ill 1
ill 1
ill 1
impression 1
impression 1
inaccessible 1
includes 1
indemnify 1
infirm 1
injured 1
injured 1
injured 1
institute 1
intended 1
intended 1
invalid 1
investigate 1
invisible 1
irritation 1
irritation 1
jewellery 1
job 1
job 1
job 1
job 1
job 1
job 1
job 1
job 1
know 1
know 1
know 1
know 1
know 1
know 1
know 1
know 1
know 1
know 1
know 1
know 1
know 1
know 1
know 1
know 1
know 1
know 1
landing 1
landing 1
landing 1
landing 1
landing 1
landing 1
laugh 1
letting 1
letting 1
letting 1
lieutenant 1
limped 1
limply 1
listen 1
listen 1
listen 1
listen 1
listen 1
lively 1
lively 1
lively 1
lives 1
look 1
look 1
look 1
look 1
look 1
look 1
look 1
look 1
look 1
look 1
look 1
look 1
look 1
look 1
look 1
look 1
look 1
look 1
look 1
look 1
look 1
look 1
looking 1
looking 1
looking 1
looking 1
looking 1
looking 1
looking 1
looking 1
looking 1
looking 1
lower 1
lower 1
lower 1
lower 1
lower 1
lower 1
lower 1
lungs 1
mail 1
managed 1
managed 1
managed 1
martyr 1
may 1
may 1
may 1
may 1
may 1
may 1
may 1
may 1
may 1
may 1
may 1
may 1
may 1
may 1
may 1
mean 1
mean 1
mean 1
memory 1
method 1
method 1
minor 1
misfortunes 1
mobility 1
mouth 1
mouth 1
mouth 1
mouth 1
mouth 1
mouth 1
mouth 1
mouth 1
must 1
must 1
must 1
must 1
must 1
must 1
must 1
must 1
must 1
must 1
must 1
must 1
must 1
must 1
must 1
must 1
must 1
must 1
must 1
must 1
must 1
must 1
must 1
must 1
must 1
must 1
must 1
must 1
natural 1
nearby 1
news 1
news 1
news 1
next 1
next 1
next 1
next 1
next 1
next 1
next 1
next 1
next 1
next 1
next 1
next 1
next 1
next 1
next 1
next 1
next 1
next 1
nobody 1
nobody 1
nobody 1
nobody 1
nobody 1
not 1
not 1
not 1
not 1
not 1
not 1
not 1
not 1
not 1
not 1
not 1
not 1
not 1
not 1
not 1
not 1
not 1
not 1
not 1
not 1
not 1
not 1
not 1
not 1
not 1
not 1
not 1
not 1
not 1
not 1
not 1
not 1
not 1
not 1
not 1
not 1
not 1
not 1
not 1
not 1
not 1
not 1
not 1
not 1
not 1
not 1
not 1
not 1
not 1
not 1
not 1
not 1
not 1
not 1
not 1
not 1
not 1
not 1
not 1
not 1
not 1
not 1
not 1
not 1
not 1
not 1
not 1
not 1
not 1
not 1
not 1
not 1
not 1
not 1
not 1
not 1
not 1
not 1
not 1
not 1
not 1
not 1
not 1
not 1
not 1
not 1
not 1
not 1
not 1
not 1
not 1
not 1
not 1
not 1
not 1
not 1
not 1
not 1
not 1
not 1
not 1
not 1
not 1
not 1
not 1
not 1
not 1
not 1
not 1
not 1
not 1
not 1
not 1
not 1
not 1
not 1
not 1
not 1
not 1
not 1
not 1
not 1
not 1
not 1
not 1
not 1
not 1
not 1
not 1
not 1
not 1
not 1
not 1
not 1
not 1
not 1
not 1
not 1
not 1
not 1
not 1
not 1
not 1
not 1
not 1
not 1
not 1
not 1
not 1
not 1
not 1
not 1
not 1
not 1
not 1
not 1
not 1
not 1
not 1
not 1
not 1
not 1
not 1
not 1
not 1
not 1
not 1
not 1
not 1
not 1
not 1
not 1
not 1
not 1
not 1
not 1
not 1
not 1
not 1
not 1
not 1
not 1
not 1
not 1
not 1
not 1
not 1
not 1
not 1
not 1
not 1
not 1
not 1
not 1
not 1
object 1
obstinate 1
obtaining 1
obtaining 1
opportunities 1
opportunity 1
opportunity 1
opportunity 1
original 1
ought 1
ought 1
ought 1
ought 1
overcoat 1
overcoat 1
pack 1
page 1
page 1
page 1
panting 1
paperwork 1
paragraphs 1
paragraphs 1
paragraphs 1
particular 1
particular 1
particular 1
particular 1
particular 1
particular 1
peaceful 1
peaceful 1
perform 1
perform 1
performing 1
performing 1
performing 1
physical 1
physical 1
pieces 1
pieces 1
piercing 1
piercing 1
plaintively 1
player 1
pockets 1
pockets 1
pockets 1
pockets 1
practice 1
prepare 1
prepare 1
present 1
present 1
present 1
present 1
present 1
present 1
present 1
present 1
present 1
press 1
pressure 1
prevail 1
prevented 1
production 1
property 1
property 1
provincial 1
provision 1
quietly 1
quietly 1
quietly 1
quietly 1
quietly 1
reaching 1
reaching 1
ready 1
ready 1
ready 1
ready 1
really 1
really 1
really 1
really 1
really 1
really 1
really 1
really 1
really 1
really 1
really 1
really 1
really 1
really 1
really 1
really 1
really 1
really 1
really 1
really 1
really 1
really 1
really 1
received 1
received 1
received 1
received 1
received 1
received 1
received 1
reported 1
reported 1
representative 1
research 1
research 1
response 1
rid 1
rid 1
rid 1
rid 1
robust 1
rubbing 1
run 1
run 1
sank 1
sank 1
sensible 1
sensible 1
sensible 1
sensible 1
sewing 1
sewing 1
shaking 1
shaking 1
shaking 1
sharply 1
shortcoming 1
shoulders 1
shoulders 1
shoulders 1
shoved 1
showing 1
showing 1
shown 1
shown 1
shrugged 1
shuffled 1
side 1
side 1
side 1
side 1
side 1
side 1
side 1
side 1
side 1
side 1
side 1
side 1
side 1
side 1
side 1
side 1
side 1
side 1
side 1
side 1
side 1
side 1
sideboard 1
similar 1
sky 1
slammed 1
slammed 1
slammed 1
slammed 1
slammed 1
sleepiness 1
slightest 1
slightest 1
slightest 1
slightest 1
slightest 1
slightest 1
smoke 1
snapped 1
sofa 1
sofa 1
sofa 1
splinter 1
spokesman 1
square 1
staircase 1
stamping 1
stared 1
stood 1
stood 1
stood 1
stood 1
stood 1
stood 1
stood 1
stood 1
stood 1
stood 1
stood 1
stood 1
stood 1
stood 1
stopped 1
stopped 1
stopped 1
stopped 1
stopped 1
stopped 1
stopped 1
stopped 1
stopped 1
succeeded 1
sudden 1
sudden 1
sudden 1
suitable 1
suitable 1
suitable 1
sunk 1
superfluous 1
support 1
support 1
support 1
support 1
swept 1
symptom 1
task 1
task 1
tax 1
tax 1
tax 1
tax 1
tax 1
tax 1
tears 1
tears 1
tears 1
tears 1
tears 1
tears 1
tears 1
tears 1
tears 1
tell 1
tell 1
tell 1
tell 1
tell 1
tell 1
telling 1
the 1
the 1
the 1
the 1
the 1
the 1
the 1
the 1
the 1
the 1
the 1
the 1
the 1
the 1
the 1
the 1
the 1
the 1
the 1
the 1
the 1
the 1
the 1
the 1
the 1
the 1
the 1
the 1
the 1
the 1
the 1
the 1
the 1
the 1
the 1
the 1
the 1
the 1
the 1
the 1
the 1
the 1
the 1
the 1
the 1
the 1
the 1
the 1
the 1
the 1
the 1
the 1
the 1
the 1
the 1
the 1
the 1
the 1
the 1
the 1
the 1
the 1
the 1
the 1
the 1
the 1
the 1
the 1
the 1
the 1
the 1
the 1
the 1
the 1
the 1
the 1
the 1
the 1
the 1
the 1
the 1
the 1
the 1
the 1
the 1
the 1
the 1
the 1
the 1
the 1
the 1
the 1
the 1
the 1
the 1
the 1
the 1
the 1
the 1
the 1
the 1
the 1
the 1
the 1
the 1
the 1
the 1
the 1
the 1
the 1
the 1
the 1
the 1
the 1
the 1
the 1
the 1
the 1
the 1
the 1
the 1
the 1
the 1
the 1
the 1
the 1
the 1
the 1
the 1
the 1
the 1
the 1
the 1
the 1
the 1
the 1
the 1
the 1
the 1
the 1
the 1
the 1
the 1
the 1
the 1
the 1
the 1
the 1
the 1
the 1
the 1
the 1
the 1
the 1
the 1
the 1
the 1
the 1
the 1
the 1
the 1
the 1
the 1
the 1
the 1
the 1
the 1
the 1
the 1
the 1
the 1
the 1
the 1
the 1
the 1
the 1
the 1
the 1
the 1
the 1
the 1
the 1
the 1
the 1
the 1
the 1
the 1
the 1
the 1
the 1
the 1
the 1
the 1
the 1
the 1
the 1
the 1
the 1
the 1
the 1
the 1
the 1
the 1
the 1
the 1
the 1
the 1
the 1
the 1
the 1
the 1
the 1
the 1
the 1
the 1
the 1
the 1
the 1
the 1
the 1
the 1
the 1
the 1
the 1
the 1
the 1
the 1
the 1
the 1
the 1
the 1
the 1
the 1
the 1
the 1
the 1
the 1
the 1
the 1
the 1
the 1
the 1
the 1
the 1
the 1
the 1
the 1
the 1
the 1
the 1
the 1
the 1
the 1
the 1
the 1
the 1
the 1
the 1
the 1
the 1
the 1
the 1
the 1
the 1
the 1
the 1
the 1
the 1
the 1
the 1
the 1
the 1
the 1
the 1
the 1
the 1
the 1
the 1
the 1
the 1
the 1
the 1
the 1
the 1
the 1
the 1
the 1
the 1
the 1
the 1
the 1
the 1
the 1
the 1
the 1
the 1
the 1
the 1
the 1
the 1
the 1
the 1
the 1
the 1
the 1
the 1
the 1
the 1
the 1
the 1
the 1
the 1
the 1
the 1
the 1
the 1
the 1
the 1
the 1
the 1
the 1
the 1
the 1
the 1
the 1
the 1
the 1
the 1
the 1
the 1
the 1
the 1
the 1
the 1
the 1
the 1
the 1
the 1
the 1
the 1
the 1
the 1
the 1
the 1
the 1
the 1
the 1
the 1
the 1
the 1
the 1
the 1
the 1
the 1
the 1
the 1
the 1
the 1
the 1
the 1
the 1
the 1
the 1
the 1
the 1
the 1
the 1
the 1
the 1
the 1
the 1
the 1
the 1
the 1
the 1
the 1
the 1
the 1
the 1
the 1
the 1
the 1
the 1
the 1
the 1
the 1
the 1
the 1
the 1
the 1
the 1
the 1
the 1
the 1
the 1
the 1
the 1
the 1
the 1
the 1
the 1
the 1
the 1
the 1
the 1
the 1
the 1
the 1
the 1
the 1
the 1
the 1
the 1
the 1
the 1
the 1
the 1
the 1
the 1
the 1
the 1
the 1
the 1
the 1
the 1
the 1
the 1
the 1
the 1
the 1
the 1
the 1
the 1
the 1
the 1
the 1
the 1
the 1
the 1
the 1
the 1
the 1
the 1
the 1
the 1
the 1
the 1
the 1
the 1
the 1
the 1
the 1
the 1
the 1
the 1
the 1
the 1
the 1
the 1
the 1
the 1
the 1
the 1
the 1
the 1
the 1
the 1
the 1
the 1
the 1
the 1
the 1
the 1
the 1
the 1
the 1
the 1
the 1
the 1
the 1
the 1
the 1
the 1
the 1
the 1
the 1
the 1
the 1
the 1
the 1
the 1
the 1
the 1
the 1
the 1
the 1
the 1
the 1
the 1
the 1
the 1
the 1
the 1
the 1
the 1
the 1
the 1
the 1
the 1
the 1
the 1
the 1
the 1
the 1
the 1
the 1
the 1
the 1
the 1
the 1
the 1
the 1
the 1
the 1
the 1
the 1
the 1
the 1
the 1
the 1
the 1
the 1
the 1
the 1
the 1
the 1
the 1
the 1
the 1
the 1
the 1
the 1
the 1
the 1
the 1
the 1
the 1
the 1
the 1
the 1
the 1
the 1
the 1
the 1
the 1
the 1
the 1
the 1
the 1
the 1
the 1
the 1
the 1
the 1
the 1
the 1
the 1
the 1
the 1
the 1
the 1
the 1
the 1
the 1
the 1
the 1
the 1
the 1
the 1
the 1
the 1
the 1
the 1
the 1
the 1
the 1
the 1
the 1
the 1
the 1
the 1
the 1
the 1
the 1
the 1
the 1
the 1
the 1
the 1
the 1
the 1
the 1
the 1
the 1
the 1
the 1
the 1
the 1
the 1
the 1
the 1
the 1
the 1
the 1
the 1
the 1
the 1
the 1
the 1
the 1
the 1
the 1
the 1
the 1
the 1
the 1
the 1
the 1
the 1
the 1
the 1
the 1
the 1
the 1
the 1
the 1
the 1
the 1
the 1
the 1
the 1
the 1
the 1
the 1
the 1
the 1
the 1
the 1
the 1
the 1
the 1
the 1
the 1
the 1
the 1
the 1
the 1
the 1
the 1
the 1
the 1
the 1
the 1
the 1
the 1
the 1
the 1
the 1
the 1
the 1
the 1
the 1
the 1
the 1
the 1
the 1
the 1
the 1
the 1
the 1
the 1
the 1
the 1
the 1
the 1
the 1
the 1
the 1
the 1
the 1
the 1
the 1
the 1
the 1
the 1
the 1
the 1
the 1
the 1
the 1
the 1
the 1
the 1
the 1
the 1
the 1
the 1
the 1
the 1
the 1
the 1
the 1
the 1
the 1
the 1
the 1
the 1
the 1
the 1
the 1
the 1
the 1
the 1
the 1
the 1
the 1
the 1
the 1
the 1
the 1
the 1
the 1
the 1
the 1
the 1
the 1
the 1
the 1
the 1
the 1
the 1
the 1
the 1
the 1
the 1
the 1
the 1
the 1
the 1
the 1
the 1
the 1
the 1
the 1
the 1
the 1
the 1
the 1
the 1
the 1
the 1
the 1
the 1
the 1
the 1
the 1
the 1
the 1
the 1
the 1
the 1
the 1
the 1
the 1
the 1
the 1
the 1
the 1
the 1
the 1
the 1
the 1
the 1
the 1
the 1
the 1
the 1
the 1
the 1
the 1
the 1
the 1
the 1
the 1
the 1
the 1
the 1
the 1
the 1
the 1
the 1
the 1
the 1
the 1
the 1
the 1
the 1
the 1
the 1
the 1
the 1
the 1
the 1
the 1
the 1
the 1
the 1
the 1
the 1
the 1
the 1
the 1
the 1
the 1
the 1
the 1
the 1
the 1
the 1
the 1
the 1
the 1
the 1
the 1
the 1
the 1
the 1
the 1
the 1
the 1
the 1
the 1
the 1
the 1
the 1
the 1
the 1
the 1
the 1
the 1
the 1
the 1
the 1
the 1
the 1
the 1
the 1
the 1
the 1
the 1
the 1
the 1
the 1
the 1
the 1
the 1
the 1
the 1
the 1
the 1
the 1
the 1
the 1
the 1
the 1
the 1
the 1
the 1
the 1
the 1
the 1
the 1
the 1
the 1
the 1
the 1
the 1
the 1
the 1
the 1
the 1
the 1
the 1
the 1
the 1
the 1
the 1
the 1
the 1
the 1
the 1
the 1
the 1
the 1
the 1
the 1
the 1
the 1
the 1
the 1
the 1
the 1
the 1
the 1
the 1
the 1
the 1
the 1
the 1
the 1
the 1
the 1
the 1
the 1
the 1
the 1
the 1
the 1
the 1
the 1
the 1
the 1
the 1
the 1
the 1
the 1
the 1
the 1
the 1
the 1
the 1
the 1
the 1
the 1
the 1
the 1
the 1
the 1
the 1
the 1
the 1
the 1
the 1
the 1
the 1
the 1
the 1
the 1
the 1
the 1
the 1
the 1
the 1
the 1
the 1
the 1
the 1
the 1
the 1
the 1
the 1
the 1
the 1
the 1
the 1
the 1
the 1
the 1
the 1
the 1
the 1
the 1
the 1
the 1
the 1
the 1
the 1
the 1
the 1
the 1
the 1
the 1
the 1
the 1
the 1
the 1
the 1
the 1
the 1
the 1
the 1
the 1
the 1
the 1
the 1
the 1
the 1
the 1
the 1
the 1
the 1
the 1
the 1
the 1
the 1
the 1
the 1
the 1
the 1
the 1
the 1
the 1
the 1
the 1
the 1
the 1
the 1
the 1
the 1
the 1
the 1
the 1
the 1
the 1
the 1
the 1
the 1
the 1
the 1
the 1
the 1
the 1
the 1
the 1
the 1
the 1
the 1
the 1
the 1
the 1
the 1
the 1
the 1
the 1
the 1
the 1
the 1
the 1
the 1
the 1
the 1
the 1
the 1
the 1
the 1
the 1
the 1
the 1
the 1
the 1
the 1
the 1
the 1
the 1
the 1
the 1
the 1
the 1
the 1
the 1
the 1
the 1
the 1
the 1
the 1
the 1
the 1
the 1
the 1
the 1
the 1
the 1
the 1
the 1
the 1
the 1
the 1
the 1
the 1
the 1
the 1
the 1
the 1
the 1
the 1
the 1
the 1
the 1
the 1
the 1
the 1
the 1
the 1
the 1
the 1
the 1
the 1
the 1
the 1
the 1
the 1
the 1
the 1
the 1
the 1
the 1
the 1
the 1
the 1
the 1
the 1
the 1
the 1
the 1
the 1
the 1
the 1
the 1
the 1
the 1
the 1
the 1
the 1
the 1
the 1
the 1
the 1
the 1
the 1
the 1
the 1
the 1
the 1
the 1
the 1
the 1
the 1
the 1
the 1
the 1
the 1
the 1
the 1
the 1
the 1
the 1
the 1
the 1
the 1
the 1
the 1
the 1
the 1
the 1
the 1
the 1
the 1
the 1
the 1
the 1
the 1
the 1
the 1
the 1
the 1
the 1
the 1
the 1
the 1
the 1
the 1
the 1
the 1
the 1
the 1
the 1
the 1
the 1
the 1
the 1
the 1
the 1
the 1
the 1
the 1
the 1
the 1
the 1
the 1
the 1
the 1
the 1
the 1
the 1
the 1
the 1
the 1
the 1
the 1
the 1
the 1
the 1
the 1
the 1
the 1
the 1
the 1
the 1
the 1
the 1
the 1
the 1
the 1
the 1
the 1
the 1
the 1
the 1
the 1
the 1
the 1
the 1
the 1
the 1
the 1
the 1
the 1
the 1
the 1
the 1
the 1
the 1
the 1
the 1
the 1
the 1
the 1
the 1
the 1
the 1
the 1
the 1
the 1
the 1
the 1
though 1
though 1
though 1
though 1
though 1
though 1
though 1
though 1
though 1
though 1
though 1
though 1
though 1
though 1
though 1
though 1
though 1
though 1
though 1
though 1
though 1
though 1
though 1
though 1
though 1
though 1
though 1
though 1
though 1
though 1
tidied 1
tidied 1
tip 1
tip 1
tip 1
tip 1
told 1
told 1
told 1
told 1
told 1
told 1
told 1
told 1
told 1
transport 1
traveller 1
turnover 1
unbearable 1
unbearable 1
undisturbed 1
unfastened 1
unheard 1
unheard 1
untouched 1
up 1
up 1
up 1
up 1
up 1
up 1
up 1
up 1
up 1
up 1
up 1
up 1
up 1
up 1
up 1
up 1
up 1
up 1
up 1
up 1
up 1
up 1
up 1
up 1
up 1
up 1
up 1
up 1
up 1
up 1
up 1
up 1
up 1
up 1
up 1
up 1
up 1
up 1
up 1
up 1
up 1
up 1
up 1
up 1
up 1
up 1
up 1
up 1
up 1
up 1
up 1
up 1
up 1
up 1
up 1
up 1
up 1
up 1
up 1
up 1
up 1
up 1
up 1
up 1
up 1
up 1
up 1
up 1
up 1
up 1
up 1
up 1
up 1
up 1
up 1
up 1
up 1
up 1
up 1
up 1
up 1
up 1
up 1
up 1
use 1
use 1
use 1
use 1
use 1
use 1
use 1
use 1
use 1
use 1
use 1
use 1
use 1
use 1
use 1
use 1
use 1
use 1
use 1
use 1
used 1
used 1
used 1
used 1
used 1
used 1
used 1
used 1
used 1
used 1
used 1
used 1
used 1
used 1
used 1
used 1
used 1
used 1
used 1
used 1
used 1
used 1
used 1
user 1
user 1
user 1
ve 1
ve 1
ve 1
ve 1
ve 1
ve 1
ve 1
ve 1
ve 1
view 1
view 1
view 1
view 1
violates 1
waiting 1
waiting 1
waiting 1
walking 1
walls 1
walls 1
walls 1
walls 1
walls 1
walls 1
walls 1
watching 1
watching 1
watching 1
waved 1
way 1
way 1
way 1
way 1
way 1
way 1
way 1
way 1
way 1
way 1
way 1
way 1
way 1
way 1
way 1
way 1
way 1
way 1
way 1
way 1
way 1
way 1
way 1
way 1
way 1
way 1
way 1
way 1
way 1
way 1
way 1
way 1
way 1
way 1
way 1
way 1
way 1
way 1
way 1
way 1
way 1
way 1
way 1
way 1
way 1
way 1
way 1
way 1
way 1
way 1
way 1
way 1
way 1
way 1
way 1
way 1
way 1
way 1
way 1
way 1
way 1
way 1
way 1
way 1
while 1
while 1
while 1
while 1
while 1
while 1
while 1
while 1
while 1
while 1
while 1
while 1
while 1
while 1
while 1
while 1
while 1
while 1
while 1
while 1
while 1
while 1
while 1
while 1
while 1
while 1
while 1
while 1
while 1
while 1
while 1
while 1
while 1
while 1
while 1
while 1
while 1
while 1
while 1
while 1
whispered 1
whispered 1
whom 1
whom 1
whom 1
wrenching 1
