ANYTHING 1
Academy 1
Academy 1
According 1
Adonis 1
Adonis 1
After 1
After 1
After 1
After 1
After 1
After 1
After 1
After 1
After 1
After 1
After 1
After 1
After 1
After 1
After 1
After 1
After 1
After 1
After 1
After 1
After 1
After 1
After 1
After 1
After 1
After 1
After 1
After 1
After 1
After 1
After 1
After 1
After 1
After 1
After 1
Ain 1
Alice 1
Amazon 1
American 1
American 1
American 1
American 1
American 1
American 1
American 1
Anne 1
Aragon 1
Astorre 1
Australia 1
Australia 1
Australia 1
Australia 1
Beethoven 1
Belgian 1
Birrell 1
Bologna 1
Books 1
Books 1
Bournemouth 1
Boy 1
Brantome 1
Bruno 1
CONTRACT 1
Cairo 1
Caligula 1
Camillus 1
Campanile 1
Charles 1
Charles 1
Charles 1
Charles 1
Chicago 1
Colonies 1
Come 1
Come 1
Come 1
Come 1
Come 1
Come 1
Come 1
Come 1
Come 1
Come 1
Come 1
Come 1
Come 1
Come 1
Come 1
Come 1
Come 1
Commons 1
Commons 1
Commons 1
Coroner 1
Crime 1
Culture 1
Curious 1
Daly 1
Delhi 1
Desdemona 1
Details 1
Drunkards 1
Dumb 1
Dutch 1
EBOOK 1
EBOOK 1
Embassy 1
Euston 1
Euston 1
Euston 1
Ever 1
Farm 1
Farm 1
Farm 1
Florentine 1
Florentine 1
Florentine 1
Ganymede 1
Greek 1
Greek 1
Greek 1
Greek 1
Greek 1
Greek 1
Greek 1
Greek 1
Greek 1
Hectic 1
Here 1
Here 1
Here 1
Here 1
Here 1
Here 1
Here 1
Here 1
Here 1
Here 1
Here 1
Here 1
Here 1
Here 1
Here 1
His 1
His 1
His 1
His 1
His 1
His 1
His 1
His 1
His 1
His 1
His 1
His 1
His 1
His 1
His 1
His 1
His 1
His 1
His 1
His 1
His 1
His 1
His 1
His 1
His 1
His 1
His 1
His 1
His 1
His 1
His 1
His 1
His 1
His 1
His 1
His 1
His 1
His 1
His 1
His 1
His 1
His 1
His 1
His 1
His 1
His 1
His 1
His 1
His 1
His 1
His 1
His 1
His 1
His 1
His 1
His 1
His 1
His 1
His 1
His 1
His 1
Humour 1
Is 1
Is 1
Is 1
Is 1
Is 1
Is 1
Is 1
Is 1
Is 1
Is 1
Is 1
Is 1
Is 1
James 1
James 1
James 1
James 1
James 1
James 1
James 1
James 1
James 1
James 1
James 1
James 1
James 1
James 1
James 1
James 1
James 1
James 1
James 1
James 1
James 1
Jewish 1
Jordan 1
Judith 1
Judith 1
Kiss 1
Kiss 1
Late 1
Louis 1
Louis 1
Louis 1
Louis 1
Louis 1
Love 1
Love 1
Love 1
Love 1
Make 1
Make 1
Maria 1
Marriage 1
Marsyas 1
Medicis 1
Mercutio 1
Mercutio 1
Morning 1
Morning 1
Nero 1
Nero 1
Nile 1
Nile 1
Nottinghamshire 1
November 1
November 1
November 1
PGLAF 1
PLEASE 1
PURPOSE 1
Picked 1
Poland 1
Pomegranates 1
Procopius 1
REFUND 1
Renaissance 1
Renaissance 1
Road 1
Road 1
Road 1
Road 1
Royalties 1
Royalty 1
Royalty 1
Salt 1
Send 1
Set 1
Sevres 1
Shall 1
Shall 1
She 1
She 1
She 1
She 1
She 1
She 1
She 1
She 1
She 1
She 1
She 1
She 1
She 1
She 1
She 1
She 1
She 1
She 1
She 1
She 1
She 1
She 1
She 1
She 1
She 1
She 1
She 1
She 1
She 1
She 1
She 1
She 1
She 1
She 1
She 1
She 1
She 1
She 1
She 1
She 1
She 1
She 1
She 1
She 1
She 1
She 1
She 1
She 1
She 1
She 1
She 1
She 1
She 1
She 1
She 1
She 1
She 1
She 1
She 1
She 1
She 1
She 1
She 1
She 1
She 1
She 1
She 1
She 1
She 1
She 1
She 1
She 1
She 1
She 1
She 1
She 1
She 1
She 1
She 1
She 1
She 1
She 1
She 1
She 1
She 1
She 1
She 1
She 1
She 1
She 1
She 1
She 1
She 1
She 1
She 1
She 1
She 1
She 1
She 1
She 1
She 1
She 1
She 1
She 1
She 1
She 1
She 1
She 1
She 1
She 1
She 1
She 1
She 1
She 1
She 1
She 1
She 1
She 1
She 1
She 1
She 1
She 1
She 1
She 1
She 1
She 1
She 1
She 1
She 1
She 1
She 1
She 1
She 1
She 1
She 1
She 1
She 1
She 1
She 1
She 1
She 1
She 1
She 1
She 1
She 1
She 1
She 1
She 1
She 1
She 1
She 1
She 1
She 1
She 1
She 1
She 1
She 1
She 1
Shut 1
Sicilian 1
Sigismondo 1
Sir 1
Sir 1
Sir 1
Sir 1
Sir 1
Sir 1
Sir 1
Sir 1
Sir 1
Sir 1
Sir 1
Sir 1
Sir 1
Sir 1
Sir 1
Sir 1
Sir 1
Sir 1
Society 1
Society 1
Society 1
Speaking 1
Still 1
Still 1
Still 1
Still 1
Still 1
Still 1
Strike 1
Suivant 1
Sun 1
Sun 1
Sur 1
Sur 1
Sur 1
THIS 1
THIS 1
THIS 1
THIS 1
THIS 1
Thank 1
Thank 1
Thank 1
Their 1
Their 1
Their 1
Their 1
Their 1
Times 1
Tom 1
Too 1
Too 1
Too 1
Too 1
Too 1
Treadley 1
Treadley 1
Treadley 1
Treadley 1
Trouville 1
Tunisians 1
Ugliness 1
Ugliness 1
Ugliness 1
Ugliness 1
Vandeleur 1
Vandeleur 1
Wagner 1
Waiter 1
Wednesday 1
Western 1
Who 1
Who 1
Who 1
Who 1
Who 1
Who 1
Who 1
Who 1
Who 1
Who 1
Who 1
Who 1
Who 1
Who 1
Willis 1
Wreaths 1
Young 1
Young 1
absences 1
absences 1
absolutely 1
absolutely 1
absolutely 1
absolutely 1
absolutely 1
absolutely 1
absolutely 1
absolutely 1
absolutely 1
absolutely 1
absolutely 1
absolutely 1
absolutely 1
absolutely 1
absolutely 1
absolutely 1
absolutely 1
absolutely 1
absolutely 1
absolutely 1
absolutely 1
absolutely 1
absolutely 1
absolutely 1
absolutely 1
absolutely 1
absolutely 1
absolutely 1
absolutely 1
absolutely 1
absolutely 1
absolutely 1
absolutely 1
absolutely 1
absolutely 1
absolutely 1
absolutely 1
absolutely 1
absolutely 1
abused 1
accentuating 1
accepting 1
accepting 1
accompanied 1
according 1
according 1
according 1
according 1
according 1
addresses 1
admitted 1
advance 1
adventurer 1
affinity 1
affinity 1
affirmative 1
after 1
after 1
after 1
after 1
after 1
after 1
after 1
after 1
after 1
after 1
after 1
after 1
after 1
after 1
after 1
after 1
after 1
after 1
after 1
after 1
after 1
after 1
after 1
after 1
after 1
after 1
after 1
after 1
after 1
after 1
after 1
after 1
after 1
after 1
after 1
after 1
after 1
after 1
after 1
after 1
after 1
after 1
after 1
after 1
after 1
after 1
after 1
after 1
after 1
after 1
after 1
after 1
after 1
after 1
after 1
after 1
after 1
after 1
after 1
after 1
after 1
after 1
after 1
after 1
after 1
after 1
after 1
after 1
agreement 1
agreement 1
agreement 1
agreement 1
agreement 1
agreement 1
agreement 1
agreement 1
agreement 1
agreement 1
agreement 1
agreement 1
agreement 1
agreement 1
agreement 1
agreement 1
agreement 1
air 1
air 1
air 1
air 1
air 1
air 1
air 1
air 1
air 1
air 1
air 1
air 1
air 1
air 1
air 1
air 1
air 1
air 1
air 1
air 1
air 1
air 1
air 1
air 1
air 1
air 1
air 1
air 1
air 1
air 1
air 1
air 1
air 1
air 1
alliterative 1
aloft 1
already 1
already 1
already 1
already 1
already 1
already 1
already 1
already 1
already 1
already 1
already 1
already 1
already 1
already 1
already 1
already 1
already 1
already 1
already 1
alter 1
alter 1
alter 1
alter 1
alter 1
alter 1
alter 1
alter 1
alter 1
alter 1
alter 1
alter 1
alter 1
amarre 1
amends 1
analysis 1
ancestors 1
angels 1
annihilates 1
annoyance 1
annoyance 1
annoyance 1
annoyance 1
annoyance 1
antiquity 1
anything 1
anything 1
anything 1
anything 1
anything 1
anything 1
anything 1
anything 1
anything 1
anything 1
anything 1
anything 1
anything 1
anything 1
anything 1
anything 1
anything 1
anything 1
anything 1
anything 1
anything 1
anything 1
anything 1
anything 1
anything 1
anything 1
anything 1
anything 1
anything 1
anything 1
anything 1
anything 1
anything 1
anything 1
anything 1
anything 1
anything 1
anything 1
anything 1
anything 1
anything 1
anything 1
anything 1
anything 1
anything 1
anything 1
anything 1
anything 1
anything 1
anything 1
anything 1
anything 1
anything 1
anything 1
anything 1
anything 1
anything 1
anything 1
anything 1
anything 1
anything 1
anything 1
anything 1
anything 1
anything 1
anything 1
anything 1
aphorisms 1
appetite 1
apprehension 1
apricot 1
aristocracy 1
aristocracy 1
armour 1
armour 1
armour 1
arrangement 1
arrows 1
asbestos 1
asked 1
asked 1
asked 1
asked 1
asked 1
asked 1
asked 1
asked 1
asked 1
asked 1
asked 1
asked 1
asked 1
asked 1
asked 1
asked 1
asked 1
asked 1
asked 1
asked 1
asked 1
asked 1
asked 1
asked 1
asked 1
asked 1
asked 1
asked 1
asked 1
asked 1
asked 1
asked 1
asked 1
asked 1
asked 1
asked 1
asked 1
asked 1
asked 1
asked 1
asked 1
asked 1
asked 1
asked 1
asked 1
asked 1
asked 1
asked 1
asked 1
asked 1
asked 1
asked 1
asked 1
asked 1
asked 1
asked 1
asked 1
asked 1
asked 1
asked 1
asked 1
asleep 1
asleep 1
asleep 1
asleep 1
asphodel 1
assert 1
assert 1
assume 1
astounding 1
astounding 1
attempts 1
awakened 1
awakened 1
azur 1
backed 1
backed 1
backs 1
balasses 1
bamboo 1
bamboo 1
barren 1
beard 1
becoming 1
becoming 1
becoming 1
becoming 1
beds 1
beds 1
been 1
been 1
been 1
been 1
been 1
been 1
been 1
been 1
been 1
been 1
been 1
been 1
been 1
been 1
been 1
been 1
been 1
been 1
been 1
been 1
been 1
been 1
been 1
been 1
been 1
been 1
been 1
been 1
been 1
been 1
been 1
been 1
been 1
been 1
been 1
been 1
been 1
been 1
been 1
been 1
been 1
been 1
been 1
been 1
been 1
been 1
been 1
been 1
been 1
been 1
been 1
been 1
been 1
been 1
been 1
been 1
been 1
been 1
been 1
been 1
been 1
been 1
been 1
been 1
been 1
been 1
been 1
been 1
been 1
been 1
been 1
been 1
been 1
been 1
been 1
been 1
been 1
been 1
been 1
been 1
been 1
been 1
been 1
been 1
been 1
been 1
been 1
been 1
been 1
been 1
been 1
been 1
been 1
been 1
been 1
been 1
been 1
been 1
been 1
been 1
been 1
been 1
been 1
been 1
been 1
been 1
been 1
been 1
been 1
been 1
been 1
been 1
been 1
been 1
been 1
been 1
been 1
been 1
been 1
been 1
been 1
been 1
been 1
been 1
been 1
been 1
been 1
been 1
been 1
been 1
been 1
been 1
been 1
been 1
been 1
been 1
been 1
been 1
been 1
been 1
been 1
been 1
been 1
been 1
been 1
been 1
been 1
been 1
been 1
been 1
been 1
been 1
been 1
been 1
been 1
been 1
been 1
been 1
been 1
been 1
been 1
been 1
been 1
been 1
been 1
been 1
been 1
been 1
been 1
been 1
been 1
been 1
been 1
been 1
been 1
been 1
been 1
been 1
been 1
been 1
been 1
been 1
been 1
been 1
been 1
been 1
been 1
been 1
been 1
been 1
been 1
been 1
been 1
been 1
been 1
been 1
been 1
been 1
been 1
been 1
been 1
been 1
been 1
been 1
been 1
been 1
been 1
been 1
been 1
been 1
been 1
been 1
been 1
been 1
been 1
been 1
been 1
been 1
been 1
been 1
been 1
been 1
been 1
been 1
been 1
been 1
been 1
been 1
been 1
been 1
been 1
been 1
been 1
been 1
been 1
been 1
beetles 1
bells 1
bells 1
belonged 1
belonged 1
belongs 1
belongs 1
belongs 1
belongs 1
benches 1
better 1
better 1
better 1
better 1
better 1
better 1
better 1
better 1
better 1
better 1
better 1
better 1
better 1
better 1
better 1
better 1
better 1
better 1
better 1
better 1
better 1
better 1
better 1
better 1
better 1
better 1
better 1
better 1
better 1
better 1
better 1
better 1
better 1
better 1
better 1
better 1
better 1
better 1
better 1
better 1
better 1
better 1
better 1
better 1
better 1
better 1
better 1
better 1
better 1
better 1
better 1
better 1
better 1
bitten 1
bitter 1
bitter 1
bitter 1
bitter 1
bitter 1
bitter 1
bitter 1
blank 1
blank 1
blank 1
blew 1
blue 1
blue 1
blue 1
blue 1
blue 1
blue 1
blue 1
blue 1
blue 1
blue 1
blue 1
blue 1
blue 1
blue 1
blue 1
blue 1
blue 1
blue 1
blue 1
blue 1
blue 1
blue 1
blue 1
blue 1
blushes 1
bolted 1
bolts 1
bone 1
booth 1
borne 1
borne 1
borne 1
borne 1
borne 1
bother 1
bother 1
bother 1
bow 1
bow 1
bow 1
bow 1
bow 1
bow 1
boyish 1
boyish 1
boyish 1
boyish 1
boyish 1
brac 1
branded 1
brawl 1
bread 1
bright 1
bright 1
bright 1
bright 1
bright 1
bright 1
bright 1
bright 1
bright 1
bright 1
bright 1
bright 1
brink 1
brink 1
brink 1
brushing 1
brushing 1
built 1
built 1
built 1
burnished 1
bushrangers 1
bushrangers 1
business 1
business 1
business 1
business 1
business 1
business 1
butler 1
butler 1
butler 1
butler 1
cabman 1
cabmen 1
call 1
call 1
call 1
call 1
call 1
call 1
call 1
call 1
call 1
call 1
call 1
call 1
call 1
call 1
call 1
call 1
call 1
call 1
call 1
call 1
call 1
call 1
call 1
call 1
call 1
call 1
call 1
canvas 1
canvas 1
canvas 1
canvas 1
canvas 1
canvas 1
canvas 1
canvas 1
canvas 1
canvas 1
canvas 1
canvas 1
canvas 1
canvas 1
canvas 1
canvas 1
canvas 1
canvas 1
canvas 1
canvas 1
canvas 1
canvas 1
canvas 1
carbuncles 1
carbuncles 1
carbuncles 1
carbuncles 1
carriage 1
carriage 1
carriage 1
cassone 1
cassone 1
caught 1
caught 1
caught 1
caught 1
caught 1
caught 1
caught 1
caught 1
caught 1
caught 1
caught 1
caught 1
century 1
century 1
century 1
century 1
century 1
century 1
century 1
century 1
century 1
century 1
century 1
century 1
century 1
century 1
century 1
century 1
ceremony 1
ceremony 1
certain 1
certain 1
certain 1
certain 1
certain 1
certain 1
certain 1
certain 1
certain 1
certain 1
certain 1
certain 1
certain 1
certain 1
certain 1
certain 1
certain 1
certain 1
certain 1
certain 1
certain 1
certain 1
certain 1
chance 1
chance 1
chance 1
chance 1
chance 1
chance 1
chance 1
chance 1
chance 1
chance 1
chance 1
chance 1
chance 1
chance 1
chance 1
changed 1
changed 1
changed 1
changed 1
changed 1
changed 1
changed 1
changed 1
changed 1
changed 1
changed 1
changed 1
changed 1
changed 1
changed 1
changed 1
changed 1
changed 1
changed 1
changed 1
changed 1
changed 1
chariot 1
charities 1
charity 1
charity 1
charmant 1
chasubles 1
chattered 1
chattered 1
chattered 1
cheated 1
check 1
check 1
cheek 1
cheek 1
cheek 1
cheek 1
cheek 1
cheek 1
chemical 1
chess 1
chestnut 1
childish 1
chooses 1
circulated 1
clamps 1
cleft 1
cleft 1
clock 1
clock 1
clock 1
clock 1
clock 1
clock 1
clock 1
clock 1
clock 1
clock 1
clock 1
clock 1
clock 1
clock 1
clock 1
clock 1
clock 1
clock 1
clock 1
clock 1
clock 1
clock 1
clock 1
clock 1
cloth 1
cloth 1
cloth 1
cloth 1
clustering 1
clustering 1
coachman 1
coast 1
coats 1
coats 1
codes 1
coins 1
coins 1
colouring 1
comeliness 1
comfortable 1
commits 1
committed 1
committed 1
committed 1
committed 1
committed 1
committed 1
commonly 1
commonplace 1
commonplace 1
commonplace 1
commonplace 1
completely 1
completely 1
completely 1
completely 1
completely 1
computers 1
computers 1
concealed 1
concealed 1
concealed 1
concealed 1
conceive 1
concentrate 1
concentrated 1
concentrated 1
conduct 1
conscience 1
conscience 1
conscience 1
conscience 1
conscience 1
conscience 1
conscience 1
conscience 1
conscience 1
conscious 1
conscious 1
conscious 1
conscious 1
conscious 1
conscious 1
conscious 1
conscious 1
conscious 1
conscious 1
conscious 1
conscious 1
conscious 1
conscious 1
conscious 1
conscious 1
conscious 1
conscious 1
conscious 1
conscious 1
conscious 1
conscious 1
conscious 1
consequences 1
consequently 1
consequently 1
consequently 1
consequently 1
considered 1
considered 1
considered 1
consisted 1
consisted 1
consistent 1
consummate 1
contented 1
converts 1
cookery 1
cooped 1
cord 1
corporation 1
correspondence 1
cosmopolitan 1
couch 1
couch 1
couch 1
couch 1
county 1
couple 1
couple 1
couple 1
courage 1
courage 1
courage 1
courage 1
crates 1
cream 1
cream 1
crime 1
crime 1
crime 1
crime 1
crime 1
crime 1
crime 1
crime 1
crime 1
crime 1
crime 1
crowded 1
crowded 1
crowded 1
crowded 1
crowned 1
crowned 1
cry 1
cry 1
cry 1
cry 1
cry 1
cry 1
cry 1
cry 1
cry 1
cry 1
curves 1
curves 1
curves 1
curves 1
curves 1
curves 1
curving 1
cynic 1
data 1
dead 1
dead 1
dead 1
dead 1
dead 1
dead 1
dead 1
dead 1
dead 1
dead 1
dead 1
dead 1
dead 1
dead 1
dead 1
dead 1
dead 1
dead 1
dead 1
dead 1
dead 1
dead 1
dead 1
dead 1
dead 1
dead 1
dead 1
dead 1
dead 1
dead 1
dead 1
dead 1
dead 1
dead 1
dead 1
dead 1
dead 1
dead 1
dead 1
dead 1
dearest 1
dearest 1
debut 1
debut 1
debut 1
declare 1
decorative 1
decried 1
defeated 1
defeated 1
defeats 1
demons 1
demonstrated 1
depths 1
depths 1
describes 1
deserve 1
desire 1
desire 1
desire 1
desire 1
desire 1
desire 1
desire 1
desire 1
desire 1
desire 1
desire 1
desire 1
desire 1
destined 1
destined 1
destined 1
detriment 1
device 1
device 1
diamond 1
diamond 1
differently 1
differently 1
dignity 1
dignity 1
dignity 1
dim 1
dim 1
dim 1
dim 1
dim 1
dim 1
dim 1
dim 1
dim 1
dim 1
dim 1
dim 1
dined 1
diplomatic 1
disappears 1
disappointed 1
disappointed 1
disappointed 1
disappointed 1
disappointed 1
disappointed 1
discovery 1
discovery 1
discovery 1
discuss 1
discuss 1
discuss 1
discussing 1
dispatches 1
distinct 1
distinction 1
distinction 1
distinction 1
distinction 1
distinction 1
distinction 1
distribution 1
distribution 1
distribution 1
distribution 1
distribution 1
distribution 1
doubt 1
doubt 1
doubt 1
doubt 1
doubt 1
doubt 1
doubt 1
doubt 1
doubt 1
doubt 1
doubt 1
drawing 1
drawing 1
drawing 1
drawing 1
drawing 1
drawing 1
drawing 1
dread 1
dressed 1
dressed 1
dressed 1
dressed 1
dressed 1
dressed 1
dressed 1
dressed 1
dressed 1
dressed 1
driven 1
driven 1
driven 1
driver 1
driver 1
driver 1
driver 1
dropped 1
dropped 1
dropped 1
dropped 1
dropped 1
drugged 1
drum 1
duel 1
eBook 1
eBook 1
eBook 1
eBook 1
eBook 1
eBook 1
ear 1
ear 1
ear 1
ear 1
ear 1
ear 1
ear 1
ear 1
ear 1
ear 1
ear 1
ear 1
eating 1
eating 1
ecstasy 1
ecstasy 1
edges 1
edges 1
effects 1
efficacy 1
eighty 1
elaborately 1
elaborately 1
elaborately 1
elocution 1
emerald 1
emerald 1
encyclopaedias 1
enduring 1
enrage 1
essential 1
essential 1
essential 1
eve 1
ever 1
ever 1
ever 1
ever 1
ever 1
ever 1
ever 1
ever 1
ever 1
ever 1
ever 1
ever 1
ever 1
ever 1
ever 1
ever 1
ever 1
ever 1
ever 1
ever 1
ever 1
ever 1
ever 1
ever 1
ever 1
ever 1
ever 1
ever 1
ever 1
ever 1
ever 1
ever 1
ever 1
ever 1
ever 1
ever 1
ever 1
ever 1
ever 1
ever 1
ever 1
ever 1
ever 1
ever 1
ever 1
ever 1
ever 1
ever 1
ever 1
ever 1
ever 1
ever 1
ever 1
ever 1
ever 1
ever 1
ever 1
ever 1
ever 1
ever 1
ever 1
ever 1
ever 1
ever 1
ever 1
ever 1
ever 1
ever 1
ever 1
ever 1
ever 1
ever 1
ever 1
ever 1
ever 1
ever 1
ever 1
exactly 1
exactly 1
exactly 1
exactly 1
exactly 1
excited 1
excited 1
excited 1
exists 1
exotic 1
expectation 1
expected 1
expected 1
expected 1
experience 1
experience 1
experience 1
experience 1
experience 1
experience 1
experience 1
experience 1
experience 1
experience 1
experience 1
experience 1
experience 1
exporting 1
fact 1
fact 1
fact 1
fact 1
fact 1
fact 1
fact 1
fact 1
fact 1
fact 1
fact 1
fact 1
fact 1
fact 1
fact 1
fact 1
fact 1
fact 1
fade 1
fade 1
fads 1
faltering 1
fascinated 1
fascinated 1
fascinated 1
fascinated 1
fascinated 1
fascinated 1
fascinated 1
fascinated 1
fascinated 1
fault 1
fault 1
fault 1
fault 1
fault 1
fault 1
fault 1
fault 1
favourites 1
favourites 1
favourites 1
fellows 1
fellows 1
fellows 1
fellows 1
fellows 1
fellows 1
fetid 1
fills 1
fine 1
fine 1
fine 1
fine 1
fine 1
fine 1
fine 1
fine 1
fine 1
fine 1
fingers 1
fingers 1
fingers 1
fingers 1
fingers 1
fingers 1
fingers 1
fingers 1
fingers 1
fingers 1
fingers 1
fingers 1
fingers 1
fingers 1
fingers 1
fingers 1
fingers 1
fingers 1
fingers 1
fingers 1
fingers 1
fingers 1
fingers 1
fingers 1
fingers 1
flameless 1
flashes 1
flatter 1
flatter 1
flesh 1
flesh 1
flesh 1
flesh 1
floating 1
floating 1
floating 1
floor 1
floor 1
floor 1
floor 1
floor 1
floor 1
floor 1
floor 1
floor 1
floor 1
floor 1
florid 1
florid 1
fluttering 1
fog 1
fog 1
fog 1
fog 1
fog 1
foil 1
folds 1
folk 1
folly 1
folly 1
folly 1
foot 1
foot 1
foot 1
foot 1
foot 1
foot 1
foot 1
forehead 1
forehead 1
forehead 1
forehead 1
forehead 1
forehead 1
forehead 1
forehead 1
forehead 1
forehead 1
forehead 1
forehead 1
freedom 1
freedom 1
frescoes 1
frown 1
frown 1
frown 1
fruit 1
funny 1
furs 1
garlands 1
genial 1
genial 1
genial 1
ghastly 1
ghastly 1
ghastly 1
giants 1
gilt 1
gilt 1
gilt 1
gilt 1
gilt 1
gilt 1
gilt 1
gilt 1
gilt 1
gilt 1
gilt 1
gilt 1
gilt 1
gilt 1
glance 1
glance 1
glance 1
glimmered 1
glimmered 1
gloom 1
gloom 1
gnawed 1
goes 1
goes 1
goes 1
goes 1
goes 1
goes 1
going 1
going 1
going 1
going 1
going 1
going 1
going 1
going 1
going 1
going 1
going 1
going 1
going 1
going 1
going 1
going 1
going 1
going 1
going 1
going 1
going 1
going 1
going 1
going 1
going 1
going 1
going 1
going 1
going 1
going 1
going 1
going 1
going 1
going 1
going 1
going 1
going 1
going 1
going 1
going 1
going 1
going 1
going 1
going 1
going 1
going 1
going 1
going 1
going 1
going 1
going 1
going 1
going 1
going 1
going 1
going 1
going 1
going 1
going 1
going 1
going 1
going 1
going 1
going 1
going 1
going 1
going 1
going 1
going 1
going 1
going 1
going 1
going 1
going 1
going 1
going 1
going 1
going 1
going 1
going 1
going 1
going 1
going 1
going 1
going 1
going 1
going 1
governed 1
grandmothers 1
grass 1
grass 1
grass 1
grass 1
grass 1
grass 1
grass 1
grass 1
greedy 1
guilty 1
guilty 1
happy 1
happy 1
happy 1
happy 1
happy 1
happy 1
happy 1
happy 1
happy 1
happy 1
happy 1
happy 1
happy 1
happy 1
happy 1
happy 1
happy 1
happy 1
happy 1
happy 1
happy 1
happy 1
happy 1
happy 1
happy 1
hardly 1
hardly 1
hardly 1
hardly 1
hardly 1
hardly 1
hardly 1
hardly 1
hardly 1
hardly 1
hardly 1
hardly 1
hardly 1
hardly 1
hardly 1
harmony 1
harmony 1
harmony 1
harmony 1
hated 1
hated 1
hated 1
hated 1
hated 1
hated 1
hated 1
hated 1
hated 1
hated 1
haven 1
heart 1
heart 1
heart 1
heart 1
heart 1
heart 1
heart 1
heart 1
heart 1
heart 1
heart 1
heart 1
heart 1
heart 1
heart 1
heart 1
heart 1
heart 1
heart 1
heart 1
heart 1
heart 1
heart 1
heart 1
heart 1
heart 1
heart 1
heart 1
hearth 1
hearth 1
heavens 1
heavens 1
heavens 1
heavens 1
heavens 1
heavens 1
heavens 1
hollowed 1
hollowed 1
hope 1
hope 1
hope 1
hope 1
hope 1
hope 1
hope 1
hope 1
hope 1
hope 1
hope 1
hope 1
hope 1
hope 1
hope 1
hope 1
hope 1
hope 1
hope 1
hope 1
hope 1
hope 1
hope 1
horses 1
house 1
house 1
house 1
house 1
house 1
house 1
house 1
house 1
house 1
house 1
house 1
house 1
house 1
house 1
house 1
house 1
house 1
house 1
house 1
house 1
house 1
house 1
house 1
house 1
house 1
house 1
house 1
house 1
house 1
house 1
house 1
house 1
house 1
house 1
house 1
house 1
house 1
house 1
house 1
house 1
house 1
house 1
house 1
house 1
house 1
house 1
house 1
house 1
house 1
hunted 1
hunted 1
huntsman 1
husbands 1
husbands 1
husbands 1
husbands 1
idolatry 1
idolatry 1
idolatry 1
ignorance 1
ignorance 1
imagine 1
imagine 1
imagine 1
imagine 1
imagine 1
imitation 1
immobile 1
immobile 1
impecuniosity 1
inartistic 1
incarnation 1
indicating 1
indifference 1
indifference 1
indifference 1
induced 1
infinite 1
infinite 1
infinite 1
infinite 1
infinite 1
infinite 1
infinite 1
infinite 1
infinite 1
infinite 1
instead 1
instead 1
intellectual 1
intellectual 1
intellectual 1
intellectual 1
intellectual 1
intellectual 1
intellectual 1
intellectual 1
intellectual 1
intellectual 1
intellectual 1
intellectual 1
intellectual 1
intellectual 1
intellectual 1
intellectual 1
intending 1
interfere 1
interfere 1
interfere 1
interminable 1
interminable 1
interminable 1
introduction 1
iridescent 1
iridescent 1
irritable 1
is 1
is 1
is 1
is 1
is 1
is 1
is 1
is 1
is 1
is 1
is 1
is 1
is 1
is 1
is 1
is 1
is 1
is 1
is 1
is 1
is 1
is 1
is 1
is 1
is 1
is 1
is 1
is 1
is 1
is 1
is 1
is 1
is 1
is 1
is 1
is 1
is 1
is 1
is 1
is 1
is 1
is 1
is 1
is 1
is 1
is 1
is 1
is 1
is 1
is 1
is 1
is 1
is 1
is 1
is 1
is 1
is 1
is 1
is 1
is 1
is 1
is 1
is 1
is 1
is 1
is 1
is 1
is 1
is 1
is 1
is 1
is 1
is 1
is 1
is 1
is 1
is 1
is 1
is 1
is 1
is 1
is 1
is 1
is 1
is 1
is 1
is 1
is 1
is 1
is 1
is 1
is 1
is 1
is 1
is 1
is 1
is 1
is 1
is 1
is 1
is 1
is 1
is 1
is 1
is 1
is 1
is 1
is 1
is 1
is 1
is 1
is 1
is 1
is 1
is 1
is 1
is 1
is 1
is 1
is 1
is 1
is 1
is 1
is 1
is 1
is 1
is 1
is 1
is 1
is 1
is 1
is 1
is 1
is 1
is 1
is 1
is 1
is 1
is 1
is 1
is 1
is 1
is 1
is 1
is 1
is 1
is 1
is 1
is 1
is 1
is 1
is 1
is 1
is 1
is 1
is 1
is 1
is 1
is 1
is 1
is 1
is 1
is 1
is 1
is 1
is 1
is 1
is 1
is 1
is 1
is 1
is 1
is 1
is 1
is 1
is 1
is 1
is 1
is 1
is 1
is 1
is 1
is 1
is 1
is 1
is 1
is 1
is 1
is 1
is 1
is 1
is 1
is 1
is 1
is 1
is 1
is 1
is 1
is 1
is 1
is 1
is 1
is 1
is 1
is 1
is 1
is 1
is 1
is 1
is 1
is 1
is 1
is 1
is 1
is 1
is 1
is 1
is 1
is 1
is 1
is 1
is 1
is 1
is 1
is 1
is 1
is 1
is 1
is 1
is 1
is 1
is 1
is 1
is 1
is 1
is 1
is 1
is 1
is 1
is 1
is 1
is 1
is 1
is 1
is 1
is 1
is 1
is 1
is 1
is 1
is 1
is 1
is 1
is 1
is 1
is 1
is 1
is 1
is 1
is 1
is 1
is 1
is 1
is 1
is 1
is 1
is 1
is 1
is 1
is 1
is 1
is 1
is 1
is 1
is 1
is 1
is 1
is 1
is 1
is 1
is 1
is 1
is 1
is 1
is 1
is 1
is 1
is 1
is 1
is 1
is 1
is 1
is 1
is 1
is 1
is 1
is 1
is 1
is 1
is 1
is 1
is 1
is 1
is 1
is 1
is 1
is 1
is 1
is 1
is 1
is 1
is 1
is 1
is 1
is 1
is 1
is 1
is 1
is 1
is 1
is 1
is 1
is 1
is 1
is 1
is 1
is 1
is 1
is 1
is 1
is 1
is 1
is 1
is 1
is 1
is 1
is 1
is 1
is 1
is 1
is 1
is 1
is 1
is 1
is 1
is 1
is 1
is 1
is 1
is 1
is 1
is 1
is 1
is 1
is 1
is 1
is 1
is 1
is 1
is 1
is 1
is 1
is 1
is 1
is 1
is 1
is 1
is 1
is 1
is 1
is 1
is 1
is 1
is 1
is 1
is 1
is 1
is 1
is 1
is 1
is 1
is 1
is 1
is 1
is 1
is 1
is 1
is 1
is 1
is 1
is 1
is 1
is 1
is 1
is 1
is 1
is 1
is 1
is 1
is 1
is 1
is 1
is 1
is 1
is 1
is 1
is 1
is 1
is 1
is 1
is 1
is 1
is 1
is 1
is 1
is 1
is 1
is 1
is 1
is 1
is 1
is 1
is 1
is 1
is 1
is 1
is 1
is 1
is 1
is 1
is 1
is 1
is 1
is 1
is 1
is 1
is 1
is 1
is 1
is 1
is 1
is 1
is 1
is 1
is 1
is 1
is 1
is 1
is 1
is 1
is 1
is 1
is 1
is 1
is 1
is 1
is 1
is 1
is 1
is 1
is 1
is 1
is 1
is 1
is 1
is 1
is 1
is 1
is 1
is 1
is 1
is 1
is 1
is 1
is 1
is 1
is 1
is 1
is 1
is 1
is 1
is 1
is 1
is 1
is 1
is 1
is 1
is 1
is 1
is 1
is 1
is 1
is 1
is 1
is 1
is 1
is 1
is 1
is 1
is 1
is 1
is 1
is 1
is 1
is 1
is 1
is 1
is 1
is 1
is 1
is 1
is 1
is 1
is 1
is 1
is 1
is 1
is 1
is 1
is 1
is 1
is 1
is 1
is 1
is 1
is 1
is 1
is 1
is 1
is 1
is 1
is 1
is 1
is 1
is 1
is 1
is 1
is 1
is 1
is 1
is 1
is 1
is 1
is 1
is 1
is 1
is 1
is 1
is 1
is 1
is 1
is 1
is 1
is 1
is 1
is 1
is 1
is 1
is 1
is 1
is 1
is 1
is 1
is 1
is 1
is 1
is 1
is 1
is 1
is 1
is 1
is 1
is 1
is 1
is 1
is 1
is 1
is 1
is 1
is 1
is 1
is 1
is 1
is 1
is 1
is 1
is 1
is 1
is 1
is 1
is 1
is 1
is 1
is 1
is 1
is 1
is 1
is 1
is 1
is 1
is 1
is 1
is 1
is 1
is 1
is 1
is 1
is 1
is 1
is 1
is 1
is 1
is 1
is 1
is 1
is 1
is 1
is 1
is 1
is 1
is 1
is 1
is 1
is 1
is 1
is 1
is 1
is 1
is 1
is 1
is 1
is 1
is 1
is 1
is 1
is 1
is 1
is 1
is 1
is 1
is 1
is 1
is 1
is 1
is 1
is 1
is 1
is 1
is 1
is 1
is 1
is 1
is 1
is 1
is 1
is 1
is 1
is 1
is 1
is 1
is 1
is 1
is 1
is 1
is 1
is 1
is 1
is 1
is 1
is 1
is 1
is 1
is 1
is 1
is 1
is 1
is 1
is 1
is 1
is 1
is 1
is 1
is 1
is 1
is 1
is 1
is 1
is 1
is 1
is 1
is 1
is 1
is 1
is 1
is 1
is 1
is 1
is 1
is 1
is 1
is 1
is 1
is 1
is 1
is 1
is 1
is 1
is 1
is 1
is 1
is 1
is 1
is 1
is 1
is 1
is 1
is 1
is 1
is 1
is 1
is 1
is 1
is 1
is 1
is 1
is 1
is 1
is 1
is 1
is 1
is 1
is 1
is 1
is 1
is 1
is 1
is 1
is 1
is 1
is 1
is 1
is 1
is 1
is 1
is 1
is 1
is 1
is 1
is 1
is 1
is 1
is 1
is 1
is 1
is 1
is 1
is 1
is 1
is 1
is 1
is 1
is 1
is 1
is 1
is 1
is 1
is 1
is 1
is 1
is 1
is 1
is 1
is 1
is 1
is 1
is 1
is 1
is 1
is 1
is 1
is 1
is 1
is 1
is 1
is 1
is 1
is 1
is 1
is 1
is 1
is 1
is 1
is 1
is 1
is 1
is 1
is 1
is 1
is 1
is 1
is 1
is 1
is 1
is 1
is 1
is 1
is 1
is 1
is 1
is 1
is 1
is 1
is 1
is 1
is 1
is 1
is 1
is 1
is 1
is 1
is 1
is 1
is 1
is 1
is 1
is 1
is 1
is 1
is 1
is 1
is 1
is 1
is 1
is 1
is 1
is 1
is 1
is 1
is 1
is 1
is 1
is 1
is 1
is 1
is 1
is 1
is 1
is 1
is 1
is 1
is 1
is 1
is 1
is 1
is 1
is 1
is 1
is 1
is 1
is 1
is 1
is 1
is 1
is 1
is 1
is 1
is 1
is 1
is 1
is 1
is 1
is 1
is 1
is 1
is 1
is 1
is 1
is 1
is 1
is 1
is 1
is 1
is 1
is 1
is 1
is 1
is 1
is 1
is 1
is 1
is 1
is 1
is 1
is 1
is 1
is 1
is 1
is 1
is 1
is 1
is 1
is 1
is 1
is 1
is 1
is 1
is 1
is 1
is 1
is 1
is 1
is 1
is 1
is 1
is 1
is 1
is 1
is 1
is 1
is 1
its 1
its 1
its 1
its 1
its 1
its 1
its 1
its 1
its 1
its 1
its 1
its 1
its 1
its 1
its 1
its 1
its 1
its 1
its 1
its 1
its 1
its 1
its 1
its 1
its 1
its 1
its 1
its 1
its 1
its 1
its 1
its 1
its 1
its 1
its 1
its 1
its 1
its 1
its 1
its 1
its 1
its 1
its 1
its 1
its 1
its 1
its 1
its 1
its 1
its 1
its 1
its 1
its 1
its 1
its 1
its 1
its 1
its 1
its 1
its 1
its 1
its 1
its 1
its 1
its 1
its 1
its 1
its 1
its 1
its 1
its 1
its 1
its 1
its 1
its 1
its 1
its 1
its 1
its 1
its 1
its 1
its 1
its 1
its 1
its 1
its 1
its 1
its 1
its 1
its 1
its 1
its 1
its 1
its 1
its 1
its 1
its 1
its 1
its 1
its 1
its 1
its 1
its 1
its 1
its 1
its 1
its 1
its 1
its 1
its 1
its 1
its 1
its 1
its 1
its 1
its 1
its 1
its 1
its 1
jacket 1
jade 1
jade 1
jagged 1
jagged 1
jagged 1
jars 1
jars 1
jarvies 1
jaspers 1
jealousy 1
jealousy 1
jealousy 1
jealousy 1
jerk 1
joyousness 1
joyousness 1
judging 1
keenly 1
keenly 1
keenly 1
keenly 1
keys 1
kisses 1
kisses 1
knees 1
knees 1
knees 1
knees 1
knelt 1
lacks 1
laden 1
laden 1
laden 1
ladies 1
ladies 1
ladies 1
ladies 1
ladies 1
lamplight 1
lamplight 1
laughter 1
laughter 1
laughter 1
laughter 1
laughter 1
laughter 1
law 1
law 1
law 1
law 1
layers 1
leaping 1
leaves 1
leaves 1
leaves 1
leaves 1
leaves 1
leaves 1
leaves 1
leaves 1
leaves 1
leaves 1
leaves 1
leaves 1
leaves 1
leaves 1
leaves 1
leaves 1
leaves 1
leaves 1
leaves 1
leaves 1
leaving 1
leaving 1
leaving 1
leaving 1
leaving 1
leaving 1
leaving 1
leering 1
leering 1
lifelong 1
lifted 1
lifted 1
lifted 1
lifted 1
lightens 1
lilies 1
lilies 1
lilies 1
line 1
line 1
line 1
line 1
line 1
link 1
lionize 1
lipped 1
lipped 1
lipped 1
liquor 1
listlessly 1
listlessly 1
listlessly 1
listlessly 1
listlessly 1
listlessly 1
listlessly 1
listlessly 1
loafers 1
loathsome 1
loathsome 1
loathsome 1
loathsome 1
loathsome 1
loathsome 1
located 1
located 1
located 1
located 1
loitered 1
loitered 1
long 1
long 1
long 1
long 1
long 1
long 1
long 1
long 1
long 1
long 1
long 1
long 1
long 1
long 1
long 1
long 1
long 1
long 1
long 1
long 1
long 1
long 1
long 1
long 1
long 1
long 1
long 1
long 1
long 1
long 1
long 1
long 1
long 1
long 1
long 1
long 1
long 1
long 1
long 1
long 1
long 1
long 1
long 1
long 1
long 1
long 1
long 1
long 1
long 1
long 1
long 1
long 1
long 1
long 1
long 1
long 1
long 1
long 1
long 1
long 1
long 1
long 1
long 1
long 1
long 1
long 1
long 1
long 1
long 1
long 1
long 1
long 1
long 1
long 1
loose 1
loose 1
loose 1
loose 1
lovelier 1
lovelier 1
lured 1
lured 1
macaroni 1
mad 1
mad 1
mad 1
mad 1
mad 1
mad 1
mad 1
mad 1
mad 1
mad 1
mad 1
mad 1
mad 1
mad 1
mad 1
mad 1
mad 1
mad 1
mad 1
mad 1
mad 1
mad 1
mad 1
mad 1
mad 1
mad 1
mad 1
mad 1
mad 1
mad 1
mad 1
mad 1
mad 1
mad 1
mad 1
mad 1
magical 1
magical 1
make 1
make 1
make 1
make 1
make 1
make 1
make 1
make 1
make 1
make 1
make 1
make 1
make 1
make 1
make 1
make 1
make 1
make 1
make 1
make 1
make 1
make 1
make 1
make 1
make 1
make 1
make 1
make 1
make 1
make 1
make 1
make 1
make 1
make 1
make 1
make 1
make 1
make 1
make 1
make 1
make 1
make 1
make 1
make 1
make 1
make 1
make 1
make 1
make 1
make 1
make 1
make 1
make 1
make 1
make 1
make 1
make 1
make 1
make 1
make 1
make 1
man 1
man 1
man 1
man 1
man 1
man 1
man 1
man 1
man 1
man 1
man 1
man 1
man 1
man 1
man 1
man 1
man 1
man 1
man 1
man 1
man 1
man 1
man 1
man 1
man 1
man 1
man 1
man 1
man 1
man 1
man 1
man 1
man 1
man 1
man 1
man 1
man 1
man 1
man 1
man 1
man 1
man 1
man 1
man 1
man 1
man 1
man 1
man 1
man 1
man 1
man 1
man 1
man 1
man 1
man 1
man 1
man 1
man 1
man 1
man 1
man 1
man 1
man 1
man 1
man 1
man 1
man 1
man 1
man 1
man 1
man 1
man 1
man 1
man 1
man 1
man 1
man 1
man 1
man 1
man 1
man 1
man 1
man 1
man 1
man 1
man 1
man 1
man 1
man 1
man 1
man 1
man 1
man 1
man 1
man 1
man 1
man 1
man 1
man 1
man 1
man 1
man 1
man 1
man 1
man 1
man 1
man 1
man 1
man 1
man 1
man 1
man 1
man 1
man 1
man 1
man 1
man 1
man 1
man 1
man 1
man 1
man 1
man 1
man 1
man 1
man 1
man 1
man 1
man 1
man 1
man 1
man 1
man 1
man 1
man 1
man 1
man 1
man 1
man 1
man 1
man 1
man 1
man 1
man 1
man 1
man 1
man 1
man 1
man 1
man 1
man 1
man 1
man 1
man 1
man 1
man 1
man 1
man 1
man 1
man 1
man 1
man 1
man 1
man 1
man 1
man 1
man 1
man 1
man 1
man 1
man 1
man 1
man 1
man 1
man 1
man 1
man 1
man 1
man 1
manger 1
marbles 1
marbles 1
marqueterie 1
married 1
married 1
married 1
married 1
married 1
married 1
married 1
married 1
married 1
married 1
married 1
married 1
married 1
married 1
married 1
married 1
married 1
married 1
married 1
married 1
married 1
married 1
married 1
married 1
marvellous 1
marvellous 1
marvellous 1
marvellous 1
marvellous 1
marvellous 1
marvellous 1
marvellous 1
marvellous 1
marvellous 1
marvellous 1
marvellous 1
marvellous 1
marvellous 1
marvellous 1
marvellous 1
marvellous 1
matchbox 1
mausoleum 1
maximum 1
meditative 1
men 1
men 1
men 1
men 1
men 1
men 1
men 1
men 1
men 1
men 1
men 1
men 1
men 1
men 1
men 1
men 1
men 1
men 1
men 1
men 1
men 1
men 1
men 1
men 1
men 1
men 1
men 1
men 1
men 1
men 1
men 1
men 1
men 1
men 1
men 1
men 1
men 1
men 1
men 1
men 1
men 1
men 1
men 1
men 1
men 1
men 1
men 1
men 1
men 1
men 1
men 1
men 1
men 1
men 1
men 1
men 1
men 1
men 1
men 1
men 1
men 1
men 1
men 1
men 1
men 1
men 1
men 1
men 1
men 1
men 1
met 1
met 1
met 1
met 1
met 1
met 1
met 1
met 1
met 1
met 1
met 1
met 1
met 1
met 1
met 1
met 1
met 1
met 1
met 1
met 1
met 1
met 1
met 1
met 1
met 1
met 1
met 1
met 1
met 1
met 1
met 1
met 1
met 1
met 1
met 1
met 1
met 1
met 1
met 1
met 1
met 1
microscope 1
milky 1
milky 1
misshapen 1
misshapen 1
misshapen 1
misshapen 1
misshapen 1
misshapen 1
misshapen 1
misshapen 1
mistake 1
mistake 1
mistake 1
mistake 1
mistake 1
mittens 1
mix 1
mixing 1
mock 1
mock 1
mock 1
mock 1
mock 1
mock 1
mock 1
mock 1
modes 1
modes 1
modes 1
momentary 1
monstre 1
monstrous 1
monstrous 1
monstrous 1
monstrous 1
monstrous 1
monstrous 1
monstrous 1
monstrous 1
monstrous 1
monstrous 1
monstrous 1
monstrous 1
monstrous 1
monstrous 1
monstrous 1
monstrous 1
monstrous 1
monstrous 1
monstrous 1
monstrous 1
monstrous 1
monstrous 1
monstrous 1
monstrous 1
monstrous 1
morning 1
morning 1
morning 1
morning 1
morning 1
morning 1
morning 1
morning 1
morning 1
morning 1
morning 1
morning 1
morning 1
morning 1
morning 1
morning 1
morning 1
morning 1
morning 1
morning 1
morning 1
morning 1
morning 1
morning 1
morning 1
morrow 1
morrow 1
morrow 1
morrow 1
morrow 1
morrow 1
morrow 1
morrow 1
morrow 1
morrow 1
morrow 1
morrow 1
mounted 1
mud 1
mud 1
murdered 1
murdered 1
murdered 1
murdered 1
murdered 1
murdered 1
murdered 1
murdered 1
murdered 1
murdered 1
murmur 1
nations 1
nations 1
natures 1
nervous 1
nervous 1
nervous 1
nervous 1
nervous 1
nervous 1
never 1
never 1
never 1
never 1
never 1
never 1
never 1
never 1
never 1
never 1
never 1
never 1
never 1
never 1
never 1
never 1
never 1
never 1
never 1
never 1
never 1
never 1
never 1
never 1
never 1
never 1
never 1
never 1
never 1
never 1
never 1
never 1
never 1
never 1
never 1
never 1
never 1
never 1
never 1
never 1
never 1
never 1
never 1
never 1
never 1
never 1
never 1
never 1
never 1
never 1
never 1
never 1
never 1
never 1
never 1
never 1
never 1
never 1
never 1
never 1
never 1
never 1
never 1
never 1
never 1
never 1
never 1
never 1
never 1
never 1
never 1
never 1
never 1
never 1
never 1
never 1
never 1
never 1
never 1
never 1
never 1
never 1
never 1
never 1
never 1
never 1
never 1
never 1
never 1
never 1
never 1
never 1
never 1
never 1
never 1
never 1
never 1
never 1
never 1
never 1
never 1
never 1
never 1
never 1
never 1
never 1
never 1
never 1
never 1
never 1
never 1
never 1
never 1
never 1
never 1
never 1
never 1
never 1
never 1
never 1
never 1
never 1
never 1
never 1
never 1
never 1
never 1
never 1
never 1
never 1
never 1
never 1
never 1
never 1
never 1
never 1
never 1
never 1
never 1
never 1
never 1
never 1
never 1
never 1
never 1
never 1
never 1
never 1
never 1
never 1
never 1
never 1
never 1
never 1
never 1
never 1
never 1
never 1
never 1
never 1
never 1
never 1
never 1
nineteenth 1
nineteenth 1
nineteenth 1
nineteenth 1
nineteenth 1
nineteenth 1
nineteenth 1
nineteenth 1
nobler 1
nonproprietary 1
noticed 1
noticed 1
noticed 1
now 1
now 1
now 1
now 1
now 1
now 1
now 1
now 1
now 1
now 1
now 1
now 1
now 1
now 1
now 1
now 1
now 1
now 1
now 1
now 1
now 1
now 1
now 1
now 1
now 1
now 1
now 1
now 1
now 1
now 1
now 1
now 1
now 1
now 1
now 1
now 1
now 1
now 1
now 1
now 1
now 1
now 1
now 1
now 1
now 1
now 1
now 1
now 1
now 1
now 1
now 1
now 1
now 1
now 1
now 1
now 1
now 1
now 1
now 1
now 1
now 1
now 1
now 1
now 1
now 1
now 1
now 1
now 1
now 1
now 1
now 1
now 1
now 1
now 1
now 1
now 1
now 1
now 1
now 1
now 1
now 1
now 1
now 1
now 1
now 1
now 1
now 1
now 1
now 1
now 1
now 1
now 1
now 1
now 1
now 1
now 1
now 1
now 1
now 1
now 1
now 1
now 1
now 1
now 1
now 1
now 1
now 1
now 1
now 1
now 1
now 1
now 1
now 1
now 1
now 1
now 1
now 1
now 1
nuisance 1
nuisance 1
nuts 1
oath 1
oath 1
octagonal 1
octagonal 1
onyx 1
opening 1
opening 1
oppressive 1
oppressive 1
optimism 1
optimism 1
ordinary 1
ordinary 1
orients 1
orphreys 1
orphreys 1
other 1
other 1
other 1
other 1
other 1
other 1
other 1
other 1
other 1
other 1
other 1
other 1
other 1
other 1
other 1
other 1
other 1
other 1
other 1
other 1
other 1
other 1
other 1
other 1
other 1
other 1
other 1
other 1
other 1
other 1
other 1
other 1
other 1
other 1
other 1
other 1
other 1
other 1
other 1
other 1
other 1
other 1
other 1
other 1
other 1
other 1
other 1
other 1
other 1
other 1
other 1
other 1
other 1
other 1
other 1
other 1
other 1
other 1
other 1
other 1
other 1
other 1
other 1
other 1
other 1
other 1
other 1
other 1
other 1
other 1
other 1
other 1
other 1
other 1
other 1
other 1
other 1
other 1
other 1
other 1
other 1
other 1
other 1
other 1
other 1
otherwise 1
out 1
out 1
out 1
out 1
out 1
out 1
out 1
out 1
out 1
out 1
out 1
out 1
out 1
out 1
out 1
out 1
out 1
out 1
out 1
out 1
out 1
out 1
out 1
out 1
out 1
out 1
out 1
out 1
out 1
out 1
out 1
out 1
out 1
out 1
out 1
out 1
out 1
out 1
out 1
out 1
out 1
out 1
out 1
out 1
out 1
out 1
out 1
out 1
out 1
out 1
out 1
out 1
out 1
out 1
out 1
out 1
out 1
out 1
out 1
out 1
out 1
out 1
out 1
out 1
out 1
out 1
out 1
out 1
out 1
out 1
out 1
out 1
out 1
out 1
out 1
out 1
out 1
out 1
out 1
out 1
out 1
out 1
out 1
out 1
out 1
out 1
out 1
out 1
out 1
out 1
out 1
out 1
out 1
out 1
out 1
out 1
out 1
out 1
out 1
out 1
out 1
out 1
out 1
out 1
out 1
out 1
out 1
out 1
out 1
out 1
out 1
out 1
out 1
out 1
out 1
out 1
out 1
out 1
out 1
out 1
out 1
out 1
out 1
out 1
out 1
out 1
out 1
out 1
out 1
out 1
out 1
out 1
out 1
out 1
out 1
out 1
out 1
out 1
out 1
out 1
out 1
out 1
out 1
out 1
out 1
out 1
out 1
out 1
out 1
out 1
out 1
out 1
out 1
out 1
outdated 1
paces 1
paid 1
paid 1
paid 1
paid 1
paid 1
paid 1
paid 1
paid 1
paid 1
paid 1
paid 1
paid 1
pallid 1
pallid 1
pallid 1
pallid 1
pallid 1
pallid 1
pallid 1
pallid 1
paper 1
paper 1
paper 1
paper 1
paper 1
paper 1
paper 1
paper 1
paper 1
paper 1
paper 1
paraphrases 1
pardon 1
pardon 1
park 1
park 1
park 1
park 1
park 1
park 1
park 1
park 1
park 1
park 1
passionately 1
patent 1
paved 1
pavilion 1
pay 1
pay 1
pay 1
pay 1
pay 1
pay 1
pay 1
pay 1
pay 1
pay 1
pay 1
pay 1
pay 1
pearl 1
pearl 1
pearl 1
pearl 1
pearl 1
pearl 1
perch 1
perforated 1
permanent 1
permanent 1
persons 1
persons 1
persons 1
phantoms 1
phantoms 1
phantoms 1
philosophic 1
piece 1
piece 1
piece 1
piece 1
piece 1
piece 1
piece 1
piece 1
piece 1
piece 1
piece 1
pipe 1
pipe 1
pipe 1
pistachio 1
plastic 1
plastic 1
players 1
playing 1
playing 1
playing 1
playing 1
playing 1
playing 1
playing 1
playing 1
playing 1
playing 1
poet 1
poet 1
poet 1
polished 1
polished 1
polished 1
polished 1
polished 1
polished 1
polished 1
polished 1
politician 1
possesses 1
possesses 1
practically 1
praise 1
praise 1
prescribes 1
presents 1
pretend 1
pretend 1
pretend 1
pretty 1
pretty 1
pretty 1
pretty 1
pretty 1
pretty 1
pretty 1
pretty 1
pretty 1
pretty 1
pretty 1
pretty 1
prevent 1
prevent 1
prig 1
procured 1
procured 1
profligacy 1
proper 1
proper 1
proper 1
proper 1
proper 1
protege 1
protests 1
prowling 1
prowling 1
publicly 1
purple 1
purple 1
purple 1
purple 1
purple 1
purple 1
purple 1
purple 1
purple 1
purple 1
purple 1
purple 1
purple 1
purple 1
purple 1
purpose 1
purpose 1
purpose 1
pushing 1
pushing 1
pushing 1
quarrel 1
quarrel 1
quarrel 1
quarrel 1
quarrel 1
quarrel 1
quarrel 1
quarrel 1
quarrel 1
queen 1
queen 1
queen 1
queen 1
questioning 1
quoted 1
ragged 1
ragged 1
ragged 1
rang 1
rang 1
rang 1
rang 1
rang 1
rang 1
rang 1
readable 1
readable 1
real 1
real 1
real 1
real 1
real 1
real 1
real 1
real 1
real 1
real 1
real 1
real 1
real 1
real 1
real 1
real 1
real 1
real 1
real 1
real 1
real 1
real 1
real 1
real 1
real 1
real 1
real 1
real 1
real 1
real 1
real 1
real 1
real 1
real 1
real 1
real 1
real 1
real 1
real 1
real 1
real 1
rebuked 1
receiving 1
recently 1
recognize 1
recognize 1
recognize 1
recognize 1
recognize 1
refrains 1
refreshed 1
regretted 1
rejections 1
remark 1
remembered 1
remembered 1
remembered 1
remembered 1
remembered 1
remembered 1
remembered 1
remembered 1
remembered 1
remembered 1
remembered 1
remembered 1
remembered 1
remembered 1
remembered 1
remembered 1
remembered 1
remembered 1
remembered 1
remembered 1
renunciations 1
renunciations 1
representing 1
reputations 1
resolved 1
respectable 1
respectable 1
revolt 1
rhymes 1
rimmed 1
ringlets 1
rival 1
river 1
romances 1
root 1
roughly 1
roused 1
royalties 1
royalties 1
royalties 1
royalty 1
rude 1
ruin 1
ruin 1
ruin 1
ruin 1
ruin 1
ruin 1
ruin 1
ruin 1
sailed 1
salt 1
salt 1
satire 1
scene 1
scene 1
scene 1
scene 1
scene 1
scene 1
scene 1
scene 1
scene 1
scene 1
scene 1
scene 1
scene 1
scholar 1
science 1
science 1
science 1
science 1
science 1
science 1
science 1
science 1
scribbled 1
seated 1
seated 1
seated 1
seated 1
seated 1
seated 1
seated 1
seated 1
secrecy 1
secret 1
secret 1
secret 1
secret 1
secret 1
secret 1
secret 1
secret 1
secret 1
secret 1
secret 1
secret 1
secret 1
secret 1
secret 1
secret 1
secret 1
secret 1
secret 1
secret 1
secret 1
secret 1
secret 1
secret 1
secret 1
secret 1
secret 1
secret 1
secret 1
secret 1
secret 1
secret 1
secret 1
secret 1
secret 1
secret 1
secret 1
secret 1
secret 1
secret 1
secret 1
seized 1
seized 1
seized 1
seized 1
seized 1
seized 1
selection 1
selfish 1
selfish 1
selfish 1
selfish 1
selfish 1
sensation 1
sensation 1
sensation 1
settling 1
settling 1
settling 1
shabbily 1
shake 1
shake 1
ship 1
ship 1
ship 1
shirt 1
shirt 1
shivered 1
shivered 1
shoes 1
shooter 1
shouldering 1
shouted 1
sick 1
sick 1
sick 1
sick 1
sick 1
sick 1
sick 1
sick 1
sick 1
sick 1
sick 1
silliness 1
sin 1
sin 1
sin 1
sin 1
sin 1
sin 1
sin 1
sin 1
sin 1
sin 1
sin 1
sin 1
sin 1
sin 1
sin 1
sin 1
sin 1
sin 1
sin 1
sin 1
sin 1
sin 1
sin 1
sin 1
sin 1
sin 1
since 1
since 1
since 1
since 1
since 1
since 1
since 1
since 1
since 1
since 1
since 1
since 1
since 1
since 1
sip 1
siphons 1
sister 1
sister 1
sister 1
sister 1
sister 1
sister 1
sister 1
sister 1
sister 1
sister 1
sitters 1
sitters 1
sixth 1
sketch 1
slept 1
smitten 1
smooth 1
snatched 1
sobbing 1
sobbing 1
sobbing 1
softened 1
soiled 1
soiled 1
sombre 1
sombre 1
sombre 1
some 1
some 1
some 1
some 1
some 1
some 1
some 1
some 1
some 1
some 1
some 1
some 1
some 1
some 1
some 1
some 1
some 1
some 1
some 1
some 1
some 1
some 1
some 1
some 1
some 1
some 1
some 1
some 1
some 1
some 1
some 1
some 1
some 1
some 1
some 1
some 1
some 1
some 1
some 1
some 1
some 1
some 1
some 1
some 1
some 1
some 1
some 1
some 1
some 1
some 1
some 1
some 1
some 1
some 1
some 1
some 1
some 1
some 1
some 1
some 1
some 1
some 1
some 1
some 1
some 1
some 1
some 1
some 1
some 1
some 1
some 1
some 1
some 1
some 1
some 1
some 1
some 1
some 1
some 1
some 1
some 1
some 1
some 1
some 1
some 1
some 1
some 1
some 1
some 1
some 1
some 1
some 1
some 1
some 1
some 1
some 1
some 1
some 1
some 1
some 1
some 1
some 1
some 1
some 1
some 1
some 1
some 1
some 1
some 1
some 1
some 1
some 1
some 1
some 1
some 1
some 1
some 1
some 1
some 1
some 1
some 1
some 1
some 1
some 1
some 1
some 1
some 1
some 1
some 1
some 1
some 1
some 1
some 1
some 1
some 1
some 1
some 1
some 1
some 1
some 1
some 1
some 1
some 1
some 1
some 1
some 1
some 1
some 1
some 1
some 1
some 1
some 1
some 1
some 1
some 1
some 1
some 1
some 1
some 1
some 1
some 1
some 1
some 1
some 1
some 1
some 1
some 1
some 1
some 1
some 1
some 1
some 1
some 1
some 1
some 1
some 1
some 1
some 1
some 1
some 1
some 1
some 1
some 1
some 1
some 1
some 1
some 1
some 1
some 1
some 1
some 1
some 1
some 1
some 1
some 1
some 1
some 1
some 1
some 1
some 1
some 1
some 1
some 1
some 1
some 1
something 1
something 1
something 1
something 1
something 1
something 1
something 1
something 1
something 1
something 1
something 1
something 1
something 1
something 1
something 1
something 1
something 1
something 1
something 1
something 1
something 1
something 1
something 1
something 1
something 1
something 1
something 1
something 1
something 1
something 1
something 1
something 1
something 1
something 1
something 1
something 1
something 1
something 1
something 1
something 1
something 1
something 1
something 1
something 1
something 1
something 1
something 1
something 1
something 1
something 1
something 1
something 1
something 1
something 1
something 1
something 1
something 1
something 1
something 1
something 1
something 1
something 1
something 1
something 1
something 1
something 1
something 1
something 1
something 1
something 1
something 1
something 1
something 1
something 1
something 1
something 1
something 1
something 1
something 1
something 1
something 1
something 1
something 1
something 1
something 1
something 1
something 1
something 1
something 1
something 1
something 1
something 1
something 1
something 1
something 1
something 1
something 1
something 1
something 1
something 1
something 1
something 1
something 1
something 1
something 1
something 1
something 1
something 1
something 1
something 1
something 1
something 1
something 1
something 1
something 1
something 1
something 1
sonorous 1
sought 1
sought 1
sought 1
sought 1
sought 1
sought 1
sought 1
sought 1
sought 1
sought 1
sought 1
sought 1
sought 1
sought 1
sovereign 1
speaking 1
speaking 1
speaking 1
speaking 1
speaking 1
specially 1
specially 1
specially 1
speck 1
spiritualizing 1
spoke 1
spoke 1
spoke 1
spoke 1
spoke 1
spoke 1
spoke 1
spoke 1
spoke 1
spoke 1
spoke 1
spoke 1
spoke 1
spoke 1
spoke 1
spoke 1
spoke 1
spoke 1
spoke 1
spoke 1
spoke 1
sputtered 1
staff 1
stainless 1
standing 1
standing 1
standing 1
standing 1
standing 1
standing 1
standing 1
standing 1
standing 1
standing 1
standing 1
standing 1
standing 1
standing 1
starting 1
starting 1
starting 1
stiff 1
stiff 1
stiff 1
still 1
still 1
still 1
still 1
still 1
still 1
still 1
still 1
still 1
still 1
still 1
still 1
still 1
still 1
still 1
still 1
still 1
still 1
still 1
still 1
still 1
still 1
still 1
still 1
still 1
still 1
still 1
still 1
still 1
still 1
still 1
still 1
still 1
still 1
still 1
still 1
still 1
still 1
still 1
still 1
still 1
still 1
still 1
stitched 1
stock 1
stopping 1
strained 1
strained 1
strained 1
strained 1
streets 1
streets 1
streets 1
streets 1
streets 1
streets 1
streets 1
strolling 1
strolling 1
strolling 1
struck 1
struck 1
struck 1
struck 1
struck 1
struck 1
struck 1
struck 1
struck 1
struck 1
struck 1
stuck 1
stumbled 1
stumbled 1
stumbled 1
submission 1
substitute 1
succeeding 1
sucking 1
sugar 1
sulphurous 1
summoned 1
sunlight 1
sunlight 1
sunlight 1
sunlight 1
sunlight 1
sunlight 1
sunlight 1
sunlight 1
sunlight 1
sunlight 1
sunlight 1
sunlight 1
sunset 1
superbly 1
surrendering 1
suspense 1
swallows 1
swallows 1
swathed 1
swoon 1
swore 1
swore 1
table 1
table 1
table 1
table 1
table 1
table 1
table 1
table 1
table 1
table 1
table 1
table 1
table 1
table 1
table 1
table 1
table 1
table 1
table 1
table 1
table 1
table 1
table 1
table 1
table 1
table 1
table 1
table 1
table 1
table 1
table 1
table 1
table 1
table 1
table 1
table 1
table 1
table 1
table 1
table 1
table 1
table 1
table 1
table 1
table 1
table 1
table 1
table 1
table 1
table 1
table 1
table 1
table 1
table 1
table 1
table 1
table 1
table 1
table 1
tapestries 1
tapestries 1
tapestries 1
tapestries 1
tarnished 1
tarnished 1
tarnished 1
tarnished 1
tattooed 1
teeth 1
teeth 1
temperament 1
temperament 1
temperament 1
temperament 1
temperament 1
temperament 1
temperament 1
tempered 1
tempered 1
tempt 1
tempt 1
terrace 1
terror 1
terror 1
terror 1
terror 1
terror 1
terror 1
terror 1
terror 1
terror 1
terror 1
terror 1
terror 1
terror 1
terror 1
terror 1
terror 1
terror 1
terror 1
terror 1
terror 1
terror 1
terror 1
terror 1
terror 1
terror 1
terror 1
terror 1
terror 1
terror 1
theatres 1
themselves 1
themselves 1
themselves 1
themselves 1
themselves 1
themselves 1
themselves 1
themselves 1
themselves 1
themselves 1
themselves 1
themselves 1
themselves 1
themselves 1
themselves 1
themselves 1
themselves 1
themselves 1
thirst 1
tier 1
timidly 1
towards 1
towards 1
towards 1
towards 1
towards 1
towards 1
towards 1
towards 1
towards 1
towards 1
towards 1
towards 1
towards 1
towards 1
towards 1
towards 1
towards 1
tracked 1
tragedies 1
tragedies 1
tragedies 1
tragedies 1
tragedies 1
tragedy 1
tragedy 1
tragedy 1
tragedy 1
tragedy 1
tragedy 1
tragedy 1
tragedy 1
tragedy 1
tragedy 1
tragedy 1
tragedy 1
tragedy 1
tragedy 1
tragedy 1
tragedy 1
tragedy 1
train 1
train 1
train 1
train 1
train 1
train 1
train 1
train 1
transaction 1
transparency 1
treatment 1
tree 1
trust 1
trust 1
trust 1
trust 1
trust 1
trust 1
trust 1
trust 1
trust 1
trust 1
tulip 1
turban 1
ture 1
twisted 1
twisted 1
twisted 1
twisted 1
twisted 1
txt 1
type 1
type 1
type 1
type 1
type 1
type 1
type 1
type 1
type 1
type 1
type 1
type 1
type 1
understanding 1
understanding 1
unison 1
unison 1
unless 1
unless 1
unless 1
unless 1
unless 1
unnecessary 1
untasted 1
unthought 1
untroubled 1
untroubled 1
using 1
using 1
using 1
using 1
using 1
vale 1
varnished 1
version 1
version 1
version 1
vibrating 1
vibrating 1
vieille 1
violins 1
visible 1
visible 1
visible 1
visible 1
visible 1
visible 1
visible 1
visible 1
visible 1
visible 1
visible 1
visible 1
visible 1
vitality 1
volume 1
volume 1
volume 1
volume 1
waistcoats 1
wall 1
wall 1
wall 1
wall 1
wall 1
wall 1
wall 1
wall 1
wall 1
weakest 1
weight 1
whatever 1
whatever 1
whatever 1
whatever 1
whatever 1
whatever 1
whatever 1
whatever 1
whatever 1
whatever 1
whatever 1
whatever 1
whatever 1
whatever 1
whatever 1
whatever 1
whatever 1
wildest 1
wilfulness 1
wind 1
wind 1
wind 1
wind 1
wind 1
wind 1
wind 1
wind 1
wind 1
wind 1
wind 1
wind 1
winged 1
wit 1
wit 1
wondered 1
wondered 1
wondered 1
wondered 1
wondered 1
wondered 1
wondered 1
wondered 1
wondered 1
wondered 1
wondered 1
wondered 1
wooden 1
wreaths 1
wreaths 1
wrenched 1
wrinkle 1
wrinkle 1
years 1
years 1
years 1
years 1
years 1
years 1
years 1
years 1
years 1
years 1
years 1
years 1
years 1
years 1
years 1
years 1
years 1
years 1
years 1
years 1
years 1
years 1
years 1
years 1
years 1
years 1
years 1
years 1
years 1
years 1
years 1
years 1
years 1
years 1
years 1
years 1
years 1
years 1
yelling 1
yesterday 1
yesterday 1
yesterday 1
yesterday 1
yesterday 1
yesterday 1
yesterday 1
yesterday 1
yesterday 1
yielded 1
yielded 1
