AND 1
Across 1
Ah 1
And 1
And 1
And 1
And 1
And 1
And 1
And 1
And 1
And 1
And 1
And 1
And 1
And 1
And 1
And 1
And 1
And 1
And 1
And 1
And 1
And 1
And 1
And 1
And 1
And 1
And 1
And 1
And 1
And 1
And 1
Anyway 1
At 1
At 1
At 1
At 1
At 1
At 1
At 1
At 1
At 1
At 1
At 1
Author 1
BEFORE 1
BUT 1
Creating 1
DAMAGE 1
Didn 1
Donations 1
Donations 1
EXCEPT 1
FOR 1
FOR 1
FOR 1
Fairbanks 1
For 1
For 1
For 1
For 1
For 1
For 1
For 1
For 1
For 1
For 1
Gutenberg 1
Gutenberg 1
Gutenberg 1
Gutenberg 1
Gutenberg 1
Gutenberg 1
Gutenberg 1
Gutenberg 1
Gutenberg 1
Gutenberg 1
Gutenberg 1
Gutenberg 1
Gutenberg 1
Gutenberg 1
Gutenberg 1
Gutenberg 1
Gutenberg 1
Gutenberg 1
Gutenberg 1
Gutenberg 1
Gutenberg 1
Gutenberg 1
Gutenberg 1
Gutenberg 1
Gutenberg 1
Gutenberg 1
Gutenberg 1
Gutenberg 1
Gutenberg 1
Gutenberg 1
Gutenberg 1
Gutenberg 1
Gutenberg 1
Gutenberg 1
Gutenberg 1
Gutenberg 1
Gutenberg 1
Gutenberg 1
Gutenberg 1
Gutenberg 1
Gutenberg 1
Gutenberg 1
Gutenberg 1
Gutenberg 1
Gutenberg 1
Gutenberg 1
Gutenberg 1
Gutenberg 1
Gutenberg 1
Gutenberg 1
Gutenberg 1
Gutenberg 1
Gutenberg 1
Gutenberg 1
Gutenberg 1
Gutenberg 1
Gutenberg 1
Gutenberg 1
Gutenberg 1
Gutenberg 1
Gutenberg 1
Gutenberg 1
Gutenberg 1
Gutenberg 1
Gutenberg 1
Gutenberg 1
Gutenberg 1
Gutenberg 1
Gutenberg 1
Gutenberg 1
Gutenberg 1
Gutenberg 1
Gutenberg 1
Gutenberg 1
Gutenberg 1
Gutenberg 1
Gutenberg 1
Gutenberg 1
Gutenberg 1
Gutenberg 1
Gutenberg 1
Gutenberg 1
Gutenberg 1
Gutenberg 1
Heaven 1
Her 1
Her 1
Her 1
Her 1
I 1
I 1
I 1
I 1
I 1
I 1
I 1
I 1
I 1
I 1
I 1
I 1
I 1
I 1
I 1
I 1
I 1
I 1
I 1
I 1
I 1
I 1
I 1
I 1
I 1
I 1
I 1
I 1
I 1
I 1
I 1
I 1
I 1
I 1
I 1
I 1
I 1
I 1
I 1
I 1
I 1
I 1
I 1
I 1
I 1
I 1
I 1
I 1
I 1
I 1
I 1
I 1
I 1
I 1
I 1
I 1
I 1
I 1
I 1
I 1
I 1
I 1
I 1
I 1
I 1
I 1
I 1
I 1
I 1
I 1
I 1
I 1
I 1
I 1
I 1
I 1
I 1
I 1
I 1
I 1
I 1
I 1
I 1
I 1
I 1
I 1
I 1
I 1
I 1
I 1
In 1
In 1
In 1
In 1
In 1
In 1
In 1
In 1
In 1
In 1
LIABLE 1
Listen 1
Many 1
Mr 1
Mr 1
Mr 1
Mr 1
Mr 1
Mr 1
Mr 1
Mr 1
Mr 1
Mr 1
Mr 1
Mr 1
Mr 1
Mr 1
Mr 1
Mr 1
Mr 1
Mr 1
Mr 1
Mr 1
Mr 1
Mr 1
Mr 1
OF 1
OF 1
OF 1
OF 1
OF 1
OF 1
OF 1
OF 1
OF 1
OF 1
OR 1
OR 1
OR 1
OR 1
OR 1
OR 1
Of 1
Project 1
Project 1
Project 1
Project 1
Project 1
Project 1
Project 1
Project 1
Project 1
Project 1
Project 1
Project 1
Project 1
Project 1
Project 1
Project 1
Project 1
Project 1
Project 1
Project 1
Project 1
Project 1
Project 1
Project 1
Project 1
Project 1
Project 1
Project 1
Project 1
Project 1
Project 1
Project 1
Project 1
Project 1
Project 1
Project 1
Project 1
Project 1
Project 1
Project 1
Project 1
Project 1
Project 1
Project 1
Project 1
Project 1
Project 1
Project 1
Project 1
Project 1
Project 1
Project 1
Project 1
Project 1
Project 1
Project 1
Project 1
Project 1
Project 1
Project 1
Project 1
Project 1
Project 1
Project 1
Project 1
Project 1
Project 1
Project 1
Project 1
Project 1
Project 1
Project 1
Project 1
Project 1
Project 1
Project 1
Project 1
Project 1
Project 1
Project 1
Project 1
Project 1
Project 1
Project 1
Redistribution 1
S 1
S 1
S 1
S 1
S 1
Section 1
Section 1
Section 1
Section 1
Section 1
Section 1
Section 1
Smears 1
Soon 1
THAT 1
THAT 1
THE 1
THE 1
THE 1
THE 1
TRADEMARK 1
That 1
That 1
That 1
That 1
That 1
That 1
That 1
That 1
That 1
That 1
That 1
That 1
That 1
That 1
That 1
The 1
The 1
The 1
The 1
The 1
The 1
The 1
The 1
The 1
The 1
The 1
The 1
The 1
The 1
The 1
The 1
The 1
The 1
The 1
The 1
The 1
The 1
The 1
The 1
The 1
The 1
The 1
The 1
The 1
The 1
The 1
The 1
The 1
The 1
The 1
The 1
The 1
The 1
The 1
The 1
The 1
The 1
The 1
The 1
The 1
The 1
The 1
The 1
The 1
The 1
The 1
The 1
The 1
The 1
The 1
The 1
The 1
The 1
The 1
The 1
The 1
The 1
The 1
These 1
These 1
Throughout 1
Throughout 1
UT 1
Use 1
Use 1
WORK 1
Where 1
While 1
You 1
You 1
You 1
You 1
You 1
You 1
You 1
You 1
You 1
You 1
You 1
You 1
You 1
You 1
You 1
You 1
You 1
You 1
You 1
You 1
abruptly 1
accordance 1
accordance 1
achieved 1
achieved 1
additions 1
adhesive 1
adhesive 1
affection 1
afterwards 1
afterwards 1
allow 1
allow 1
along 1
along 1
along 1
along 1
along 1
and 1
and 1
and 1
and 1
and 1
and 1
and 1
and 1
and 1
and 1
and 1
and 1
and 1
and 1
and 1
and 1
and 1
and 1
and 1
and 1
and 1
and 1
and 1
and 1
and 1
and 1
and 1
and 1
and 1
and 1
and 1
and 1
and 1
and 1
and 1
and 1
and 1
and 1
and 1
and 1
and 1
and 1
and 1
and 1
and 1
and 1
and 1
and 1
and 1
and 1
and 1
and 1
and 1
and 1
and 1
and 1
and 1
and 1
and 1
and 1
and 1
and 1
and 1
and 1
and 1
and 1
and 1
and 1
and 1
and 1
and 1
and 1
and 1
and 1
and 1
and 1
and 1
and 1
and 1
and 1
and 1
and 1
and 1
and 1
and 1
and 1
and 1
and 1
and 1
and 1
and 1
and 1
and 1
and 1
and 1
and 1
and 1
and 1
and 1
and 1
and 1
and 1
and 1
and 1
and 1
and 1
and 1
and 1
and 1
and 1
and 1
and 1
and 1
and 1
and 1
and 1
and 1
and 1
and 1
and 1
and 1
and 1
and 1
and 1
and 1
and 1
and 1
and 1
and 1
and 1
and 1
and 1
and 1
and 1
and 1
and 1
and 1
and 1
and 1
and 1
and 1
and 1
and 1
and 1
and 1
and 1
and 1
and 1
and 1
and 1
and 1
and 1
and 1
and 1
and 1
and 1
and 1
and 1
and 1
and 1
and 1
and 1
and 1
and 1
and 1
and 1
and 1
and 1
and 1
and 1
and 1
and 1
and 1
and 1
and 1
and 1
and 1
and 1
and 1
and 1
and 1
and 1
and 1
and 1
and 1
and 1
and 1
and 1
and 1
and 1
and 1
and 1
and 1
and 1
and 1
and 1
and 1
and 1
and 1
and 1
and 1
and 1
and 1
and 1
and 1
and 1
and 1
and 1
and 1
and 1
and 1
and 1
and 1
and 1
and 1
and 1
and 1
and 1
and 1
and 1
and 1
and 1
and 1
and 1
and 1
and 1
and 1
and 1
and 1
and 1
and 1
and 1
and 1
and 1
and 1
and 1
and 1
and 1
and 1
and 1
and 1
and 1
and 1
and 1
and 1
and 1
and 1
and 1
and 1
and 1
and 1
and 1
and 1
and 1
and 1
and 1
and 1
and 1
and 1
and 1
and 1
and 1
and 1
and 1
and 1
and 1
and 1
and 1
and 1
and 1
and 1
and 1
and 1
and 1
and 1
and 1
and 1
and 1
and 1
and 1
and 1
and 1
and 1
and 1
and 1
and 1
and 1
and 1
and 1
and 1
and 1
and 1
and 1
and 1
and 1
and 1
and 1
and 1
and 1
and 1
and 1
and 1
and 1
and 1
and 1
and 1
and 1
and 1
and 1
and 1
and 1
and 1
and 1
and 1
and 1
and 1
and 1
and 1
and 1
and 1
and 1
and 1
and 1
and 1
and 1
and 1
and 1
and 1
and 1
and 1
and 1
and 1
and 1
and 1
and 1
and 1
and 1
and 1
and 1
and 1
and 1
and 1
and 1
and 1
and 1
and 1
and 1
and 1
and 1
and 1
and 1
and 1
and 1
and 1
and 1
and 1
and 1
and 1
and 1
and 1
and 1
and 1
and 1
and 1
and 1
and 1
and 1
and 1
and 1
and 1
and 1
and 1
and 1
and 1
and 1
and 1
and 1
and 1
and 1
and 1
and 1
and 1
and 1
and 1
and 1
and 1
and 1
and 1
and 1
and 1
and 1
and 1
and 1
and 1
and 1
and 1
and 1
and 1
and 1
and 1
and 1
and 1
and 1
and 1
and 1
and 1
and 1
and 1
and 1
and 1
and 1
and 1
and 1
and 1
and 1
and 1
and 1
and 1
and 1
and 1
and 1
and 1
and 1
and 1
and 1
and 1
and 1
and 1
and 1
and 1
and 1
and 1
and 1
and 1
and 1
and 1
and 1
and 1
and 1
and 1
and 1
and 1
and 1
and 1
and 1
and 1
and 1
and 1
and 1
and 1
and 1
and 1
and 1
and 1
and 1
and 1
and 1
and 1
and 1
and 1
and 1
and 1
and 1
and 1
and 1
and 1
and 1
and 1
and 1
and 1
and 1
and 1
and 1
and 1
and 1
and 1
and 1
and 1
and 1
and 1
and 1
and 1
and 1
and 1
and 1
and 1
and 1
and 1
and 1
and 1
and 1
and 1
and 1
and 1
and 1
and 1
and 1
and 1
and 1
and 1
and 1
and 1
and 1
and 1
and 1
and 1
and 1
and 1
and 1
and 1
and 1
and 1
and 1
and 1
and 1
and 1
and 1
and 1
and 1
and 1
and 1
and 1
and 1
and 1
and 1
and 1
and 1
and 1
and 1
and 1
and 1
and 1
and 1
and 1
and 1
and 1
and 1
and 1
and 1
and 1
and 1
and 1
and 1
and 1
and 1
and 1
and 1
and 1
and 1
and 1
and 1
and 1
and 1
and 1
and 1
and 1
and 1
and 1
and 1
and 1
and 1
and 1
and 1
and 1
and 1
and 1
and 1
and 1
and 1
and 1
and 1
and 1
and 1
and 1
and 1
and 1
and 1
and 1
and 1
and 1
and 1
and 1
and 1
and 1
and 1
and 1
and 1
and 1
and 1
and 1
and 1
and 1
and 1
and 1
and 1
and 1
and 1
and 1
and 1
and 1
and 1
and 1
and 1
and 1
and 1
and 1
and 1
and 1
and 1
and 1
and 1
and 1
and 1
and 1
and 1
and 1
and 1
and 1
and 1
and 1
and 1
and 1
and 1
and 1
and 1
and 1
and 1
and 1
and 1
and 1
and 1
and 1
and 1
and 1
and 1
and 1
and 1
and 1
and 1
and 1
and 1
and 1
and 1
and 1
and 1
and 1
and 1
and 1
and 1
and 1
and 1
and 1
and 1
and 1
and 1
and 1
and 1
and 1
and 1
and 1
and 1
and 1
and 1
and 1
and 1
and 1
and 1
and 1
and 1
and 1
and 1
and 1
and 1
and 1
and 1
and 1
and 1
and 1
and 1
and 1
anger 1
anger 1
anger 1
angle 1
angry 1
another 1
another 1
another 1
another 1
another 1
another 1
another 1
another 1
answered 1
answered 1
answered 1
answered 1
appear 1
appear 1
appear 1
appreciation 1
arrive 1
arrived 1
arrived 1
arrived 1
arrived 1
at 1
at 1
at 1
at 1
at 1
at 1
at 1
at 1
at 1
at 1
at 1
at 1
at 1
at 1
at 1
at 1
at 1
at 1
at 1
at 1
at 1
at 1
at 1
at 1
at 1
at 1
at 1
at 1
at 1
at 1
at 1
at 1
at 1
at 1
at 1
at 1
at 1
at 1
at 1
at 1
at 1
at 1
at 1
at 1
at 1
at 1
at 1
at 1
at 1
at 1
at 1
at 1
at 1
at 1
at 1
at 1
at 1
at 1
at 1
at 1
at 1
at 1
at 1
at 1
at 1
at 1
at 1
at 1
at 1
at 1
at 1
at 1
at 1
at 1
at 1
at 1
at 1
at 1
at 1
at 1
at 1
at 1
at 1
at 1
at 1
at 1
at 1
at 1
at 1
at 1
at 1
at 1
at 1
at 1
at 1
at 1
at 1
at 1
at 1
at 1
at 1
at 1
at 1
at 1
at 1
at 1
at 1
at 1
at 1
at 1
at 1
at 1
at 1
at 1
at 1
at 1
at 1
at 1
at 1
at 1
at 1
at 1
at 1
at 1
at 1
at 1
at 1
at 1
at 1
at 1
at 1
at 1
at 1
at 1
at 1
at 1
at 1
at 1
at 1
at 1
at 1
at 1
at 1
at 1
at 1
at 1
at 1
at 1
at 1
at 1
at 1
at 1
at 1
at 1
at 1
at 1
at 1
at 1
at 1
at 1
at 1
at 1
at 1
at 1
at 1
at 1
at 1
at 1
at 1
at 1
at 1
at 1
at 1
at 1
austere 1
avoid 1
avoid 1
avoid 1
back 1
back 1
back 1
back 1
back 1
back 1
back 1
back 1
back 1
back 1
back 1
back 1
back 1
back 1
back 1
back 1
back 1
back 1
back 1
back 1
back 1
back 1
back 1
back 1
back 1
back 1
back 1
back 1
back 1
back 1
back 1
back 1
back 1
back 1
back 1
back 1
back 1
back 1
back 1
back 1
back 1
back 1
back 1
back 1
back 1
back 1
back 1
back 1
back 1
back 1
back 1
back 1
back 1
back 1
back 1
back 1
back 1
back 1
back 1
back 1
back 1
back 1
back 1
back 1
back 1
back 1
back 1
back 1
back 1
back 1
back 1
back 1
back 1
back 1
back 1
back 1
back 1
back 1
back 1
back 1
back 1
back 1
barricade 1
based 1
based 1
beetle 1
beetle 1
behaved 1
believing 1
believing 1
belonging 1
binary 1
block 1
box 1
breakfast 1
breakfast 1
breakfast 1
breakfast 1
breakfast 1
breakfast 1
breakfast 1
brought 1
brought 1
brought 1
brought 1
burning 1
carelessly 1
carved 1
catch 1
catch 1
catch 1
catch 1
ceiling 1
ceiling 1
ceiling 1
ceiling 1
ceiling 1
ceiling 1
ceiling 1
certainly 1
certainly 1
certainly 1
certainly 1
certainly 1
certainly 1
certainly 1
certainly 1
certainly 1
certainly 1
certainly 1
certainly 1
certainly 1
changing 1
checked 1
cheeks 1
chest 1
chest 1
chest 1
chest 1
chest 1
chest 1
chest 1
chest 1
chest 1
chest 1
chest 1
chest 1
chest 1
chest 1
choice 1
choice 1
clean 1
clean 1
clean 1
collapsed 1
collapsed 1
concede 1
conclusion 1
confirmation 1
confirmation 1
confirmed 1
consciousness 1
conservatory 1
conservatory 1
conservatory 1
convinced 1
convinced 1
convinced 1
copy 1
copy 1
copy 1
copy 1
copy 1
copy 1
copy 1
copy 1
copy 1
copy 1
copy 1
copy 1
copy 1
could 1
could 1
could 1
could 1
could 1
could 1
could 1
could 1
could 1
could 1
could 1
could 1
could 1
could 1
could 1
could 1
could 1
could 1
could 1
could 1
could 1
could 1
could 1
could 1
could 1
could 1
could 1
could 1
could 1
could 1
could 1
could 1
could 1
could 1
could 1
could 1
could 1
could 1
could 1
could 1
could 1
could 1
could 1
could 1
could 1
could 1
could 1
could 1
could 1
could 1
could 1
could 1
could 1
could 1
could 1
could 1
could 1
could 1
could 1
could 1
could 1
could 1
could 1
could 1
could 1
could 1
could 1
could 1
could 1
could 1
could 1
could 1
could 1
could 1
could 1
could 1
could 1
could 1
could 1
could 1
could 1
could 1
could 1
could 1
could 1
could 1
could 1
could 1
could 1
could 1
could 1
could 1
could 1
could 1
could 1
could 1
could 1
could 1
could 1
could 1
could 1
could 1
could 1
could 1
could 1
could 1
could 1
could 1
could 1
could 1
could 1
could 1
could 1
could 1
could 1
could 1
could 1
could 1
could 1
could 1
curiosity 1
customers 1
danger 1
danger 1
days 1
days 1
days 1
days 1
days 1
days 1
days 1
days 1
days 1
days 1
deepness 1
defect 1
defect 1
derivative 1
derivative 1
derivative 1
destroyed 1
determine 1
did 1
did 1
did 1
did 1
did 1
did 1
did 1
did 1
did 1
did 1
did 1
did 1
did 1
did 1
did 1
did 1
did 1
did 1
did 1
did 1
did 1
did 1
did 1
did 1
did 1
did 1
did 1
did 1
did 1
did 1
did 1
did 1
did 1
did 1
did 1
did 1
did 1
did 1
did 1
did 1
did 1
did 1
did 1
did 1
did 1
did 1
did 1
did 1
did 1
did 1
did 1
did 1
did 1
did 1
did 1
did 1
did 1
did 1
did 1
did 1
did 1
did 1
did 1
did 1
did 1
did 1
did 1
did 1
did 1
did 1
did 1
difficulty 1
difficulty 1
difficulty 1
difficulty 1
direct 1
direct 1
dismissal 1
dizziness 1
domed 1
dozing 1
e 1
earned 1
earned 1
earned 1
ears 1
editions 1
editions 1
editions 1
editions 1
elect 1
enable 1
endure 1
endure 1
enquiries 1
enquiries 1
establish 1
exaggerated 1
expectations 1
explanation 1
explanation 1
explanation 1
explanation 1
explanation 1
eyed 1
facility 1
fainted 1
fainted 1
faithful 1
far 1
far 1
far 1
far 1
far 1
far 1
far 1
far 1
far 1
fees 1
fees 1
fees 1
fees 1
fell 1
fell 1
fell 1
fell 1
fell 1
fell 1
fell 1
fell 1
fell 1
fifteen 1
fifteen 1
files 1
files 1
filth 1
financial 1
flat 1
flat 1
flat 1
flat 1
flat 1
flat 1
flat 1
flat 1
flat 1
flat 1
flat 1
flat 1
flat 1
flat 1
flat 1
flat 1
flat 1
flat 1
flat 1
flat 1
forget 1
forget 1
forget 1
forget 1
forget 1
forget 1
forward 1
forward 1
forward 1
forward 1
forward 1
forward 1
forward 1
forward 1
forward 1
forward 1
forward 1
forward 1
frame 1
frame 1
freely 1
freely 1
freely 1
freely 1
freely 1
friendly 1
friendly 1
friendly 1
friendly 1
friendly 1
frightening 1
frightening 1
functions 1
fur 1
fur 1
fur 1
fur 1
gaslight 1
gentlemen 1
gentlemen 1
gentlemen 1
gentlemen 1
gentlemen 1
gentlemen 1
gentlemen 1
gentlemen 1
gentlemen 1
gentlemen 1
gentlemen 1
gentlemen 1
gentlemen 1
gentlemen 1
gentlemen 1
gentlemen 1
gentlemen 1
gentlemen 1
gentlemen 1
gentlemen 1
gentlemen 1
gentlemen 1
gentlemen 1
gentlemen 1
gets 1
girls 1
grasp 1
grasp 1
hairs 1
hall 1
hall 1
hall 1
hall 1
hall 1
hall 1
hall 1
hard 1
hard 1
hard 1
hard 1
hard 1
hard 1
hard 1
hard 1
hard 1
hard 1
hard 1
hard 1
helplessly 1
hissing 1
hissing 1
hissing 1
hit 1
hit 1
hit 1
hit 1
holding 1
holding 1
holding 1
holding 1
holding 1
honour 1
hopes 1
hours 1
hours 1
hours 1
hours 1
hours 1
hours 1
hours 1
hours 1
humbly 1
hunger 1
hunger 1
hunger 1
hungry 1
hungry 1
hypertext 1
imaginable 1
imposed 1
imposed 1
impossible 1
impossible 1
impossible 1
impossible 1
impossible 1
impossible 1
in 1
in 1
in 1
in 1
in 1
in 1
in 1
in 1
in 1
in 1
in 1
in 1
in 1
in 1
in 1
in 1
in 1
in 1
in 1
in 1
in 1
in 1
in 1
in 1
in 1
in 1
in 1
in 1
in 1
in 1
in 1
in 1
in 1
in 1
in 1
in 1
in 1
in 1
in 1
in 1
in 1
in 1
in 1
in 1
in 1
in 1
in 1
in 1
in 1
in 1
in 1
in 1
in 1
in 1
in 1
in 1
in 1
in 1
in 1
in 1
in 1
in 1
in 1
in 1
in 1
in 1
in 1
in 1
in 1
in 1
in 1
in 1
in 1
in 1
in 1
in 1
in 1
in 1
in 1
in 1
in 1
in 1
in 1
in 1
in 1
in 1
in 1
in 1
in 1
in 1
in 1
in 1
in 1
in 1
in 1
in 1
in 1
in 1
in 1
in 1
in 1
in 1
in 1
in 1
in 1
in 1
in 1
in 1
in 1
in 1
in 1
in 1
in 1
in 1
in 1
in 1
in 1
in 1
in 1
in 1
in 1
in 1
in 1
in 1
in 1
in 1
in 1
in 1
in 1
in 1
in 1
in 1
in 1
in 1
in 1
in 1
in 1
in 1
in 1
in 1
in 1
in 1
in 1
in 1
in 1
in 1
in 1
in 1
in 1
in 1
in 1
in 1
in 1
in 1
in 1
in 1
in 1
in 1
in 1
in 1
in 1
in 1
in 1
in 1
in 1
in 1
in 1
in 1
in 1
in 1
in 1
in 1
in 1
in 1
in 1
in 1
in 1
in 1
in 1
in 1
in 1
in 1
in 1
in 1
in 1
in 1
in 1
in 1
in 1
in 1
in 1
in 1
in 1
in 1
in 1
in 1
in 1
in 1
in 1
in 1
in 1
in 1
in 1
in 1
in 1
in 1
in 1
in 1
in 1
in 1
in 1
in 1
in 1
in 1
in 1
in 1
in 1
in 1
in 1
in 1
in 1
in 1
in 1
in 1
in 1
in 1
in 1
in 1
in 1
in 1
in 1
in 1
in 1
in 1
in 1
in 1
in 1
in 1
in 1
in 1
in 1
in 1
in 1
in 1
in 1
in 1
in 1
in 1
in 1
in 1
in 1
in 1
in 1
in 1
in 1
in 1
in 1
in 1
in 1
in 1
in 1
in 1
in 1
in 1
in 1
in 1
in 1
in 1
in 1
in 1
in 1
in 1
in 1
in 1
in 1
in 1
in 1
in 1
in 1
in 1
in 1
in 1
in 1
in 1
in 1
in 1
in 1
in 1
in 1
in 1
in 1
in 1
in 1
in 1
in 1
in 1
in 1
in 1
in 1
in 1
in 1
in 1
in 1
in 1
in 1
in 1
in 1
in 1
in 1
in 1
in 1
in 1
in 1
in 1
in 1
in 1
in 1
in 1
in 1
in 1
in 1
in 1
in 1
in 1
in 1
in 1
in 1
in 1
in 1
in 1
in 1
in 1
in 1
in 1
in 1
in 1
in 1
in 1
in 1
in 1
in 1
in 1
in 1
in 1
in 1
in 1
in 1
in 1
in 1
in 1
in 1
in 1
in 1
in 1
in 1
in 1
in 1
in 1
in 1
in 1
in 1
in 1
in 1
in 1
in 1
in 1
in 1
in 1
in 1
in 1
in 1
in 1
in 1
in 1
in 1
in 1
in 1
in 1
in 1
in 1
in 1
in 1
in 1
in 1
in 1
in 1
in 1
in 1
in 1
in 1
in 1
in 1
in 1
in 1
in 1
inaccurate 1
individual 1
individual 1
individual 1
individual 1
individual 1
individual 1
individual 1
injuries 1
injuries 1
intentions 1
intentions 1
intentions 1
intentions 1
intentions 1
involved 1
judge 1
judge 1
jumped 1
jumped 1
kicked 1
labour 1
lack 1
lack 1
lack 1
lack 1
lad 1
lamps 1
laws 1
laws 1
laws 1
laws 1
laws 1
laws 1
laws 1
laws 1
leaned 1
learned 1
learned 1
learned 1
learned 1
learned 1
least 1
least 1
least 1
least 1
least 1
least 1
least 1
least 1
least 1
least 1
least 1
led 1
led 1
less 1
less 1
library 1
lid 1
lift 1
lift 1
lift 1
liked 1
liked 1
liked 1
location 1
lose 1
luxury 1
lying 1
lying 1
lying 1
lying 1
lying 1
lying 1
machine 1
matter 1
matter 1
meant 1
meant 1
meant 1
meant 1
meant 1
meant 1
medium 1
medium 1
medium 1
medium 1
medium 1
meet 1
meet 1
might 1
might 1
might 1
might 1
might 1
might 1
might 1
might 1
might 1
might 1
might 1
might 1
might 1
might 1
might 1
might 1
might 1
modified 1
moments 1
monotonous 1
moreover 1
moreover 1
much 1
much 1
much 1
much 1
much 1
much 1
much 1
much 1
much 1
much 1
much 1
much 1
much 1
much 1
much 1
much 1
much 1
much 1
much 1
much 1
much 1
much 1
much 1
much 1
much 1
much 1
much 1
much 1
much 1
much 1
much 1
much 1
much 1
much 1
much 1
much 1
much 1
much 1
much 1
muffled 1
nailed 1
named 1
narrow 1
narrow 1
narrow 1
nearly 1
nearly 1
nearly 1
nearly 1
nearly 1
nearly 1
nearly 1
nearly 1
nearly 1
necessary 1
necessary 1
necessary 1
necessary 1
necessary 1
neck 1
neck 1
neck 1
needle 1
non 1
notifies 1
o 1
o 1
o 1
o 1
o 1
o 1
o 1
obtain 1
obtain 1
obtain 1
of 1
of 1
of 1
of 1
of 1
of 1
of 1
of 1
of 1
of 1
of 1
of 1
of 1
of 1
of 1
of 1
of 1
of 1
of 1
of 1
of 1
of 1
of 1
of 1
of 1
of 1
of 1
of 1
of 1
of 1
of 1
of 1
of 1
of 1
of 1
of 1
of 1
of 1
of 1
of 1
of 1
of 1
of 1
of 1
of 1
of 1
of 1
of 1
of 1
of 1
of 1
of 1
of 1
of 1
of 1
of 1
of 1
of 1
of 1
of 1
of 1
of 1
of 1
of 1
of 1
of 1
of 1
of 1
of 1
of 1
of 1
of 1
of 1
of 1
of 1
of 1
of 1
of 1
of 1
of 1
of 1
of 1
of 1
of 1
of 1
of 1
of 1
of 1
of 1
of 1
of 1
of 1
of 1
of 1
of 1
of 1
of 1
of 1
of 1
of 1
of 1
of 1
of 1
of 1
of 1
of 1
of 1
of 1
of 1
of 1
of 1
of 1
of 1
of 1
of 1
of 1
of 1
of 1
of 1
of 1
of 1
of 1
of 1
of 1
of 1
of 1
of 1
of 1
of 1
of 1
of 1
of 1
of 1
of 1
of 1
of 1
of 1
of 1
of 1
of 1
of 1
of 1
of 1
of 1
of 1
of 1
of 1
of 1
of 1
of 1
of 1
of 1
of 1
of 1
of 1
of 1
of 1
of 1
of 1
of 1
of 1
of 1
of 1
of 1
of 1
of 1
of 1
of 1
of 1
of 1
of 1
of 1
of 1
of 1
of 1
of 1
of 1
of 1
of 1
of 1
of 1
of 1
of 1
of 1
of 1
of 1
of 1
of 1
of 1
of 1
of 1
of 1
of 1
of 1
of 1
of 1
of 1
of 1
of 1
of 1
of 1
of 1
of 1
of 1
of 1
of 1
of 1
of 1
of 1
of 1
of 1
of 1
of 1
of 1
of 1
of 1
of 1
of 1
of 1
of 1
of 1
of 1
of 1
of 1
of 1
of 1
of 1
of 1
of 1
of 1
of 1
of 1
of 1
of 1
of 1
of 1
of 1
of 1
of 1
of 1
of 1
of 1
of 1
of 1
of 1
of 1
of 1
of 1
of 1
of 1
of 1
of 1
of 1
of 1
of 1
of 1
of 1
of 1
of 1
of 1
of 1
of 1
of 1
of 1
of 1
of 1
of 1
of 1
of 1
of 1
of 1
of 1
of 1
of 1
of 1
of 1
of 1
of 1
of 1
of 1
of 1
of 1
of 1
of 1
of 1
of 1
of 1
of 1
of 1
of 1
of 1
of 1
of 1
of 1
of 1
of 1
of 1
of 1
of 1
of 1
of 1
of 1
of 1
of 1
of 1
of 1
of 1
of 1
of 1
of 1
of 1
of 1
of 1
of 1
of 1
of 1
of 1
of 1
of 1
of 1
of 1
of 1
of 1
of 1
of 1
of 1
of 1
of 1
of 1
of 1
of 1
of 1
of 1
of 1
of 1
of 1
of 1
of 1
of 1
of 1
of 1
of 1
of 1
of 1
of 1
of 1
of 1
of 1
of 1
of 1
of 1
of 1
of 1
of 1
of 1
of 1
of 1
of 1
of 1
of 1
of 1
of 1
of 1
of 1
of 1
of 1
of 1
of 1
of 1
of 1
of 1
of 1
of 1
of 1
of 1
of 1
of 1
of 1
of 1
of 1
of 1
of 1
of 1
of 1
of 1
of 1
of 1
of 1
of 1
of 1
of 1
of 1
of 1
of 1
of 1
of 1
of 1
of 1
of 1
of 1
of 1
of 1
of 1
of 1
of 1
of 1
of 1
of 1
of 1
of 1
of 1
of 1
of 1
of 1
of 1
of 1
of 1
of 1
of 1
of 1
of 1
of 1
of 1
of 1
of 1
of 1
of 1
of 1
of 1
of 1
of 1
of 1
of 1
of 1
of 1
of 1
of 1
of 1
of 1
of 1
of 1
of 1
of 1
of 1
of 1
of 1
of 1
of 1
of 1
of 1
of 1
of 1
of 1
of 1
of 1
of 1
of 1
of 1
of 1
of 1
of 1
of 1
of 1
of 1
of 1
of 1
of 1
of 1
of 1
of 1
of 1
of 1
of 1
of 1
of 1
of 1
of 1
of 1
of 1
of 1
of 1
of 1
of 1
of 1
of 1
of 1
of 1
of 1
of 1
of 1
of 1
of 1
of 1
of 1
of 1
of 1
of 1
of 1
of 1
of 1
of 1
of 1
of 1
of 1
of 1
of 1
of 1
of 1
of 1
of 1
of 1
of 1
of 1
of 1
of 1
of 1
of 1
of 1
of 1
of 1
of 1
of 1
of 1
of 1
of 1
of 1
of 1
of 1
of 1
of 1
of 1
of 1
of 1
of 1
of 1
of 1
of 1
of 1
of 1
of 1
of 1
offers 1
official 1
official 1
official 1
online 1
online 1
online 1
online 1
opened 1
opened 1
opened 1
opened 1
opened 1
opened 1
opened 1
opened 1
opened 1
opened 1
opened 1
opened 1
opened 1
opened 1
opened 1
opened 1
opposite 1
opposite 1
outside 1
outside 1
outside 1
outside 1
outside 1
outside 1
outside 1
outside 1
owns 1
owns 1
panic 1
panic 1
parents 1
parents 1
parents 1
parents 1
parents 1
parents 1
parents 1
parents 1
parents 1
parents 1
parents 1
parents 1
parents 1
parents 1
parents 1
parents 1
parents 1
parents 1
parents 1
parents 1
parents 1
parents 1
parents 1
parents 1
parents 1
parents 1
patient 1
patient 1
patient 1
patient 1
patient 1
perfect 1
permanently 1
permanently 1
permission 1
permission 1
permission 1
permission 1
permission 1
permission 1
permission 1
permission 1
permission 1
permission 1
persuaded 1
placed 1
placed 1
poked 1
poked 1
position 1
position 1
position 1
position 1
position 1
position 1
position 1
position 1
possible 1
possible 1
possible 1
possible 1
possible 1
possible 1
possible 1
possible 1
possible 1
possible 1
possible 1
possible 1
possible 1
possible 1
possible 1
possible 1
possible 1
possible 1
pot 1
practise 1
prepared 1
prepared 1
previous 1
previous 1
print 1
private 1
problem 1
progress 1
prohibition 1
prohibition 1
prominently 1
prominently 1
promise 1
protect 1
protect 1
protect 1
provide 1
provide 1
provide 1
provide 1
provide 1
provide 1
provide 1
provide 1
provide 1
provide 1
pushed 1
pushed 1
pushed 1
pushed 1
pushed 1
pushed 1
pushed 1
pushed 1
pushed 1
pushed 1
pushed 1
pushed 1
putting 1
putting 1
rage 1
rattling 1
realise 1
realise 1
realise 1
recommendation 1
red 1
refusing 1
relatively 1
relatively 1
relatively 1
relaxed 1
remained 1
remained 1
remained 1
remained 1
remained 1
remained 1
remained 1
remained 1
remained 1
remained 1
remained 1
remains 1
remember 1
remember 1
remember 1
remind 1
remind 1
repeatedly 1
repelled 1
rules 1
rules 1
rushed 1
rushed 1
rushed 1
rushed 1
rushed 1
rushed 1
sacked 1
sacked 1
sacrifice 1
sacrifice 1
sacrificed 1
sadly 1
samples 1
samples 1
samples 1
saved 1
screaming 1
screaming 1
see 1
see 1
see 1
see 1
see 1
see 1
see 1
see 1
see 1
see 1
see 1
see 1
see 1
see 1
see 1
see 1
see 1
see 1
see 1
see 1
see 1
see 1
see 1
see 1
see 1
see 1
see 1
see 1
see 1
see 1
see 1
see 1
see 1
see 1
see 1
see 1
see 1
see 1
see 1
see 1
sentence 1
sentence 1
service 1
service 1
seventeen 1
sheet 1
sheet 1
sheet 1
sheet 1
sheet 1
sheet 1
shudder 1
silent 1
silent 1
silent 1
silent 1
silent 1
sink 1
site 1
site 1
site 1
site 1
sleeping 1
sleeping 1
sleeping 1
sleeping 1
sleeping 1
sleeping 1
slide 1
slight 1
slight 1
slight 1
slight 1
somewhere 1
somewhere 1
somewhere 1
somewhere 1
soon 1
soon 1
soon 1
soon 1
soon 1
soon 1
soon 1
soon 1
soon 1
soon 1
soon 1
soon 1
soon 1
soon 1
soon 1
soon 1
soon 1
soon 1
soon 1
soon 1
soon 1
soon 1
soon 1
soon 1
soon 1
soon 1
soon 1
soon 1
soon 1
soon 1
sounding 1
source 1
stare 1
starve 1
stay 1
stay 1
stay 1
stay 1
stay 1
stay 1
stay 1
stay 1
stay 1
stay 1
stay 1
steadily 1
steps 1
steps 1
steps 1
steps 1
steps 1
sticks 1
strangeness 1
structure 1
such 1
such 1
such 1
such 1
such 1
such 1
such 1
such 1
such 1
suffer 1
suffer 1
suffer 1
suffocating 1
suffocating 1
superior 1
suppose 1
suspicious 1
suspicious 1
suspicious 1
swallow 1
take 1
take 1
take 1
take 1
take 1
take 1
take 1
take 1
take 1
take 1
take 1
take 1
terms 1
terms 1
terms 1
terms 1
terms 1
terms 1
terms 1
terms 1
terms 1
terms 1
terms 1
terms 1
terms 1
terms 1
terms 1
terms 1
terms 1
terms 1
terms 1
terms 1
then 1
then 1
then 1
then 1
then 1
then 1
then 1
then 1
then 1
then 1
then 1
then 1
then 1
then 1
then 1
then 1
then 1
then 1
then 1
then 1
then 1
then 1
then 1
then 1
then 1
then 1
then 1
then 1
then 1
then 1
then 1
then 1
then 1
then 1
then 1
then 1
then 1
then 1
then 1
then 1
then 1
then 1
then 1
then 1
then 1
then 1
then 1
then 1
then 1
then 1
then 1
then 1
then 1
then 1
then 1
then 1
then 1
then 1
then 1
then 1
then 1
then 1
then 1
then 1
then 1
then 1
then 1
then 1
then 1
then 1
thinks 1
threads 1
thrift 1
throughout 1
thumped 1
time 1
time 1
time 1
time 1
time 1
time 1
time 1
time 1
time 1
time 1
time 1
time 1
time 1
time 1
time 1
time 1
time 1
time 1
time 1
time 1
time 1
time 1
time 1
time 1
time 1
time 1
time 1
time 1
time 1
time 1
time 1
time 1
time 1
time 1
time 1
time 1
time 1
time 1
time 1
time 1
time 1
time 1
time 1
time 1
time 1
time 1
time 1
time 1
time 1
time 1
time 1
time 1
time 1
time 1
time 1
time 1
time 1
time 1
time 1
tm 1
tm 1
tm 1
tm 1
tm 1
tm 1
tm 1
tm 1
tm 1
tm 1
tm 1
tm 1
tm 1
tm 1
tm 1
tm 1
tm 1
tm 1
tm 1
tm 1
tm 1
tm 1
tm 1
tm 1
tm 1
tm 1
tm 1
tm 1
tm 1
tm 1
tm 1
tm 1
tm 1
tm 1
tm 1
tm 1
tm 1
tm 1
tm 1
tm 1
tm 1
tm 1
tm 1
tm 1
tm 1
tm 1
tm 1
tm 1
tm 1
tm 1
tm 1
tm 1
tm 1
tm 1
tm 1
tm 1
tm 1
toothless 1
tortured 1
toward 1
toward 1
trainees 1
trusted 1
types 1
unenforceability 1
unimpeded 1
unsatisfactory 1
unsolicited 1
urged 1
vermin 1
viewing 1
wait 1
wait 1
wait 1
wait 1
wait 1
washing 1
washing 1
wasting 1
watch 1
watch 1
water 1
water 1
weakly 1
wealth 1
were 1
were 1
were 1
were 1
were 1
were 1
were 1
were 1
were 1
were 1
were 1
were 1
were 1
were 1
were 1
were 1
were 1
were 1
were 1
were 1
were 1
were 1
were 1
were 1
were 1
were 1
were 1
were 1
were 1
were 1
were 1
were 1
were 1
were 1
were 1
were 1
were 1
were 1
were 1
were 1
were 1
were 1
were 1
were 1
were 1
were 1
were 1
were 1
were 1
were 1
were 1
were 1
were 1
were 1
were 1
were 1
were 1
were 1
were 1
were 1
were 1
were 1
were 1
were 1
were 1
were 1
where 1
where 1
where 1
where 1
where 1
where 1
where 1
where 1
where 1
where 1
where 1
where 1
where 1
where 1
where 1
where 1
where 1
where 1
where 1
where 1
where 1
where 1
where 1
where 1
where 1
where 1
where 1
where 1
where 1
where 1
where 1
where 1
where 1
where 1
where 1
where 1
where 1
where 1
where 1
whereabouts 1
wisdom 1
within 1
within 1
within 1
within 1
within 1
worst 1
write 1
wrote 1
yourself 1
yourself 1
