AGREE 1
AGREE 1
ANY 1
ANY 1
ANY 1
Anabaptists 1
Archive 1
Archive 1
Archive 1
Archive 1
Archive 1
Archive 1
Archive 1
Archive 1
Archive 1
Archive 1
Archive 1
Archive 1
Archive 1
Basket 1
Bayswater 1
Belgrave 1
Belgrave 1
Belgrave 1
Believe 1
Between 1
Bowing 1
Bring 1
Bunburyists 1
Calling 1
Cathedral 1
Clasps 1
D 1
D 1
D 1
D 1
D 1
Date 1
Divorce 1
Dr 1
Dr 1
Dr 1
Dr 1
Dr 1
Dr 1
Dr 1
Dr 1
Dr 1
Dr 1
Dr 1
Dr 1
Dr 1
Dr 1
Dr 1
Dr 1
Dr 1
Dr 1
Dr 1
Dr 1
EVEN 1
EXPRESS 1
English 1
English 1
English 1
Enter 1
Enter 1
Enter 1
Enter 1
Enter 1
Enter 1
Enter 1
Enter 1
Enter 1
Enter 1
Enter 1
Enter 1
Enter 1
Enter 1
Enter 1
Enter 1
Enter 1
Enter 1
Enter 1
Enter 1
Enter 1
Enter 1
Enter 1
Enter 1
Enter 1
Enter 1
Enter 1
Enter 1
Enter 1
Enter 1
Enter 1
Enter 1
FITNESS 1
Follows 1
Frank 1
From 1
From 1
From 1
From 1
From 1
From 1
German 1
German 1
German 1
German 1
German 1
German 1
German 1
German 1
German 1
German 1
German 1
Go 1
Gorgon 1
Gorgon 1
Gravely 1
Gravely 1
Guide 1
Hallo 1
Horrid 1
Horrid 1
Horrid 1
Hotel 1
House 1
House 1
House 1
House 1
House 1
Illness 1
Lady 1
Lady 1
Lady 1
Lady 1
Lady 1
Lady 1
Lady 1
Lady 1
Lady 1
Lady 1
Lady 1
Lady 1
Lady 1
Lady 1
Lady 1
Lady 1
Lady 1
Lady 1
Lady 1
Lady 1
Lady 1
Lady 1
Lady 1
Lady 1
Lady 1
Lady 1
Lady 1
Lady 1
Lady 1
Lady 1
Lady 1
Lady 1
Lady 1
Lady 1
Lady 1
Lady 1
Lady 1
Lady 1
Lady 1
Lady 1
Lady 1
Lady 1
Lady 1
Lady 1
Lady 1
Lady 1
Lady 1
Lady 1
Lady 1
Lady 1
Lady 1
Lady 1
Lady 1
Lady 1
Lady 1
Lady 1
Lady 1
Lady 1
Lady 1
Lady 1
Lady 1
Lady 1
Lady 1
Lady 1
Lady 1
Lady 1
Lady 1
Lady 1
Lady 1
Lady 1
Lady 1
Lady 1
Lady 1
Lady 1
Lady 1
Lady 1
Lady 1
Lady 1
Lady 1
Lady 1
Lady 1
Lady 1
Lady 1
Lady 1
Lady 1
Lady 1
Lady 1
Lady 1
Lady 1
Lady 1
Lady 1
Lady 1
Lady 1
Lady 1
Lady 1
Lady 1
Lady 1
Lady 1
Lady 1
Lady 1
Lady 1
Lady 1
Lady 1
Lady 1
Lady 1
Lady 1
Lady 1
Lady 1
Lady 1
Lady 1
Lady 1
Lady 1
Lady 1
Lady 1
Lady 1
Lady 1
Lady 1
Lady 1
Lady 1
Lady 1
Lady 1
Lady 1
Lady 1
Lady 1
Lady 1
Lady 1
Lady 1
Lady 1
Looks 1
Looks 1
Looks 1
Me 1
Miss 1
Miss 1
Miss 1
Miss 1
Miss 1
Miss 1
Miss 1
Miss 1
Miss 1
Miss 1
Miss 1
Miss 1
Miss 1
Miss 1
Miss 1
Miss 1
Miss 1
Miss 1
Miss 1
Miss 1
Miss 1
Miss 1
Miss 1
Miss 1
Miss 1
Miss 1
Miss 1
Miss 1
Miss 1
Miss 1
Miss 1
Miss 1
Miss 1
Miss 1
Miss 1
Miss 1
Miss 1
Miss 1
Miss 1
Miss 1
Miss 1
Miss 1
Miss 1
Miss 1
Miss 1
Miss 1
Miss 1
Miss 1
Miss 1
Miss 1
Miss 1
Miss 1
Miss 1
Miss 1
Miss 1
Miss 1
Miss 1
Miss 1
Miss 1
Miss 1
Miss 1
Miss 1
Miss 1
Miss 1
Miss 1
Miss 1
Miss 1
Miss 1
Miss 1
Miss 1
Miss 1
Miss 1
Miss 1
Miss 1
Miss 1
Miss 1
Miss 1
Miss 1
Miss 1
Miss 1
Miss 1
Miss 1
Miss 1
Miss 1
Miss 1
Miss 1
Miss 1
Miss 1
Miss 1
Miss 1
Miss 1
Miss 1
Miss 1
Miss 1
Miss 1
Miss 1
Miss 1
Miss 1
Miss 1
Miss 1
Miss 1
Miss 1
Miss 1
Miss 1
Miss 1
Miss 1
Miss 1
Miss 1
Miss 1
Miss 1
Miss 1
Miss 1
Miss 1
Miss 1
Miss 1
Miss 1
Miss 1
Miss 1
Miss 1
Miss 1
Miss 1
Miss 1
Miss 1
Miss 1
Miss 1
Miss 1
Miss 1
Miss 1
Miss 1
Miss 1
Miss 1
Miss 1
Mission 1
Moulton 1
Moving 1
Moving 1
Moving 1
Moving 1
Moving 1
N 1
Niel 1
Oscar 1
Oscar 1
Our 1
Our 1
Our 1
P 1
P 1
Picks 1
Picks 1
Plain 1
Plain 1
Prevention 1
Puts 1
Puts 1
Puts 1
Puts 1
REMEDIES 1
Rather 1
Rather 1
Rises 1
Rises 1
Rising 1
Rising 1
Rising 1
Rising 1
Rising 1
Rising 1
Rising 1
Rising 1
Rushing 1
Science 1
Scotland 1
Shows 1
Shows 1
Slowly 1
Slowly 1
Something 1
Station 1
Station 1
Thirty 1
This 1
This 1
This 1
This 1
This 1
This 1
This 1
This 1
This 1
This 1
This 1
This 1
This 1
This 1
This 1
This 1
This 1
This 1
This 1
This 1
This 1
This 1
This 1
This 1
Thomas 1
Thomas 1
Thomas 1
Thomas 1
US 1
US 1
Under 1
Until 1
WARRANTIES 1
WARRANTIES 1
We 1
We 1
We 1
We 1
We 1
We 1
We 1
We 1
We 1
We 1
We 1
We 1
We 1
We 1
We 1
Web 1
Web 1
Web 1
When 1
When 1
When 1
When 1
When 1
When 1
When 1
When 1
When 1
When 1
When 1
Woolton 1
Woolton 1
Woolton 1
Worthing 1
Worthing 1
Worthing 1
Worthing 1
Worthing 1
Worthing 1
Worthing 1
Worthing 1
Worthing 1
Worthing 1
Worthing 1
Worthing 1
Worthing 1
Worthing 1
Worthing 1
Worthing 1
Worthing 1
Worthing 1
Worthing 1
Worthing 1
Worthing 1
Worthing 1
Worthing 1
Worthing 1
Worthing 1
Worthing 1
Worthing 1
Worthing 1
Worthing 1
Worthing 1
Worthing 1
Worthing 1
Worthing 1
Worthing 1
Worthing 1
Worthing 1
Worthing 1
Worthing 1
Worthing 1
Worthing 1
Worthing 1
Worthing 1
Worthing 1
Worthing 1
Worthing 1
Worthing 1
Worthing 1
Worthing 1
Worthing 1
Worthing 1
Worthing 1
Worthing 1
Worthing 1
Worthing 1
Worthing 1
Worthing 1
Worthing 1
Worthing 1
Worthing 1
Worthing 1
Worthing 1
Worthing 1
Worthing 1
Worthing 1
aback 1
aback 1
abandoned 1
able 1
able 1
able 1
able 1
able 1
able 1
able 1
access 1
access 1
access 1
access 1
access 1
access 1
access 1
access 1
access 1
access 1
accessible 1
act 1
addition 1
admire 1
admired 1
advice 1
affections 1
affections 1
afternoon 1
afternoon 1
afternoon 1
afternoon 1
afternoon 1
afternoon 1
afternoon 1
afternoon 1
afternoon 1
afternoon 1
afternoon 1
afternoon 1
afternoon 1
afternoon 1
afternoon 1
afternoon 1
again 1
again 1
again 1
again 1
again 1
again 1
again 1
alluring 1
alternate 1
amazement 1
amazement 1
amazement 1
among 1
annoyed 1
any 1
any 1
any 1
any 1
any 1
any 1
any 1
any 1
any 1
any 1
any 1
any 1
any 1
any 1
any 1
any 1
any 1
any 1
any 1
any 1
any 1
any 1
any 1
any 1
any 1
any 1
any 1
any 1
any 1
any 1
any 1
any 1
any 1
any 1
any 1
any 1
any 1
any 1
any 1
any 1
any 1
any 1
any 1
any 1
any 1
any 1
any 1
any 1
any 1
any 1
any 1
any 1
any 1
any 1
any 1
any 1
any 1
any 1
any 1
any 1
any 1
any 1
any 1
any 1
any 1
any 1
any 1
any 1
any 1
any 1
any 1
any 1
any 1
any 1
any 1
any 1
any 1
any 1
any 1
any 1
any 1
any 1
any 1
any 1
any 1
any 1
any 1
any 1
any 1
any 1
any 1
any 1
any 1
any 1
any 1
any 1
any 1
any 1
any 1
any 1
any 1
any 1
any 1
any 1
any 1
any 1
anybody 1
anybody 1
anybody 1
anybody 1
anybody 1
anybody 1
anybody 1
apply 1
appreciate 1
aren 1
aren 1
arise 1
arm 1
astray 1
aunt 1
aunt 1
aunt 1
aunt 1
aunt 1
aunt 1
aunt 1
aunt 1
aunt 1
aunt 1
aunt 1
aunt 1
baptism 1
baptism 1
beg 1
beg 1
beg 1
beg 1
beg 1
beg 1
beg 1
beg 1
beg 1
best 1
best 1
best 1
best 1
between 1
between 1
between 1
between 1
between 1
books 1
books 1
books 1
butter 1
butter 1
butter 1
butter 1
butter 1
butter 1
butter 1
butter 1
butter 1
calamity 1
calling 1
calmly 1
calmly 1
calmly 1
came 1
came 1
canonical 1
careless 1
case 1
case 1
case 1
case 1
case 1
case 1
case 1
case 1
case 1
case 1
case 1
case 1
case 1
case 1
case 1
case 1
case 1
case 1
case 1
case 1
case 1
ccx 1
ceremonials 1
changeable 1
chronicles 1
cigarette 1
cigarette 1
cigarette 1
cigarette 1
cigarette 1
cigarette 1
cigarette 1
cigarette 1
cigarette 1
cigarette 1
cigarette 1
cigarette 1
circle 1
civilised 1
claim 1
claim 1
cleared 1
cleared 1
clearly 1
clearly 1
clearly 1
clearly 1
collection 1
collection 1
collection 1
collection 1
comments 1
comparatively 1
comparatively 1
confessed 1
confirmations 1
consideration 1
consideration 1
constant 1
constant 1
constant 1
constant 1
contain 1
contain 1
copied 1
copied 1
counties 1
counties 1
country 1
country 1
country 1
country 1
country 1
country 1
country 1
country 1
country 1
country 1
country 1
country 1
country 1
country 1
country 1
country 1
country 1
country 1
country 1
country 1
crossing 1
date 1
date 1
death 1
death 1
death 1
death 1
death 1
death 1
debts 1
debts 1
delighted 1
desirous 1
devotion 1
devoured 1
disclaim 1
disown 1
display 1
display 1
doctors 1
domain 1
domain 1
domain 1
domain 1
domain 1
domain 1
domain 1
done 1
done 1
done 1
done 1
done 1
door 1
door 1
door 1
down 1
down 1
down 1
down 1
down 1
down 1
down 1
down 1
down 1
down 1
down 1
down 1
down 1
down 1
down 1
down 1
down 1
down 1
down 1
down 1
down 1
down 1
down 1
down 1
down 1
down 1
down 1
down 1
down 1
earlier 1
earnest 1
easy 1
easy 1
easy 1
eat 1
eat 1
eat 1
eat 1
eat 1
eat 1
eat 1
eat 1
eat 1
education 1
education 1
education 1
education 1
email 1
email 1
email 1
engagements 1
engagements 1
ensure 1
equality 1
essence 1
examining 1
existence 1
expressing 1
extent 1
eyes 1
fair 1
fair 1
fast 1
fast 1
father 1
father 1
father 1
father 1
father 1
father 1
father 1
feel 1
feel 1
feel 1
feel 1
feel 1
feel 1
feel 1
feel 1
feel 1
feel 1
fiction 1
filled 1
first 1
first 1
first 1
first 1
first 1
first 1
first 1
first 1
first 1
first 1
first 1
first 1
first 1
first 1
first 1
first 1
first 1
first 1
first 1
first 1
first 1
first 1
five 1
five 1
five 1
five 1
five 1
five 1
five 1
five 1
five 1
five 1
five 1
five 1
five 1
five 1
five 1
food 1
form 1
form 1
form 1
form 1
form 1
form 1
form 1
form 1
found 1
found 1
found 1
found 1
found 1
found 1
found 1
found 1
found 1
four 1
four 1
four 1
four 1
frightened 1
gives 1
go 1
go 1
go 1
go 1
go 1
go 1
go 1
go 1
go 1
go 1
go 1
go 1
go 1
go 1
go 1
go 1
go 1
go 1
go 1
go 1
go 1
go 1
go 1
go 1
go 1
go 1
go 1
go 1
gold 1
goodness 1
goodness 1
goodness 1
goodness 1
grand 1
grand 1
has 1
has 1
has 1
has 1
has 1
has 1
has 1
has 1
has 1
has 1
has 1
has 1
has 1
has 1
has 1
has 1
has 1
has 1
has 1
has 1
has 1
has 1
has 1
has 1
has 1
has 1
has 1
has 1
has 1
has 1
has 1
has 1
has 1
has 1
has 1
has 1
has 1
has 1
has 1
has 1
has 1
has 1
has 1
has 1
has 1
has 1
has 1
has 1
has 1
has 1
has 1
has 1
has 1
has 1
has 1
has 1
has 1
has 1
has 1
has 1
has 1
has 1
has 1
has 1
has 1
has 1
has 1
has 1
has 1
has 1
has 1
has 1
has 1
has 1
have 1
have 1
have 1
have 1
have 1
have 1
have 1
have 1
have 1
have 1
have 1
have 1
have 1
have 1
have 1
have 1
have 1
have 1
have 1
have 1
have 1
have 1
have 1
have 1
have 1
have 1
have 1
have 1
have 1
have 1
have 1
have 1
have 1
have 1
have 1
have 1
have 1
have 1
have 1
have 1
have 1
have 1
have 1
have 1
have 1
have 1
have 1
have 1
have 1
have 1
have 1
have 1
have 1
have 1
have 1
have 1
have 1
have 1
have 1
have 1
have 1
have 1
have 1
have 1
have 1
have 1
have 1
have 1
have 1
have 1
have 1
have 1
have 1
have 1
have 1
have 1
have 1
have 1
have 1
have 1
have 1
have 1
have 1
have 1
have 1
have 1
have 1
have 1
have 1
have 1
have 1
have 1
have 1
have 1
have 1
have 1
have 1
have 1
have 1
have 1
have 1
have 1
have 1
have 1
have 1
have 1
have 1
have 1
have 1
have 1
have 1
have 1
have 1
have 1
have 1
have 1
have 1
have 1
have 1
have 1
have 1
have 1
have 1
have 1
have 1
have 1
have 1
have 1
have 1
have 1
have 1
have 1
have 1
have 1
have 1
have 1
have 1
have 1
have 1
have 1
have 1
have 1
have 1
have 1
have 1
have 1
have 1
have 1
have 1
have 1
have 1
have 1
have 1
have 1
have 1
have 1
have 1
have 1
have 1
have 1
have 1
have 1
have 1
have 1
have 1
have 1
have 1
have 1
have 1
have 1
have 1
have 1
have 1
have 1
have 1
have 1
have 1
have 1
have 1
have 1
have 1
have 1
have 1
have 1
have 1
have 1
have 1
have 1
have 1
have 1
have 1
have 1
have 1
have 1
have 1
have 1
have 1
have 1
have 1
have 1
have 1
have 1
have 1
have 1
have 1
have 1
heard 1
heard 1
heard 1
heard 1
heard 1
heard 1
highest 1
highest 1
him 1
him 1
him 1
him 1
him 1
him 1
him 1
him 1
him 1
him 1
him 1
him 1
him 1
him 1
him 1
him 1
him 1
him 1
him 1
him 1
him 1
him 1
him 1
him 1
him 1
him 1
him 1
him 1
him 1
him 1
him 1
him 1
him 1
him 1
him 1
him 1
him 1
him 1
him 1
hopelessly 1
hopelessly 1
hurriedly 1
hypocrisy 1
idle 1
immediately 1
immediately 1
improve 1
improve 1
incident 1
incident 1
incident 1
incomplete 1
increase 1
isn 1
isn 1
isn 1
isn 1
isn 1
isn 1
isn 1
isn 1
isn 1
isn 1
isn 1
isn 1
isn 1
isn 1
isn 1
isn 1
knowledge 1
knowledge 1
lead 1
lead 1
lead 1
leading 1
leading 1
leading 1
learn 1
lecture 1
likelihood 1
limited 1
limited 1
ll 1
ll 1
ll 1
ll 1
ll 1
ll 1
ll 1
ll 1
ll 1
ll 1
ll 1
ll 1
ll 1
looks 1
looks 1
looks 1
looks 1
looks 1
looks 1
looks 1
looks 1
looks 1
looks 1
looks 1
looks 1
looks 1
looks 1
looks 1
looks 1
looks 1
looks 1
looks 1
looks 1
looks 1
looks 1
lorgnette 1
loved 1
luncheon 1
madam 1
merely 1
merely 1
merely 1
merely 1
merely 1
merely 1
merely 1
methods 1
misanthrope 1
miss 1
miss 1
miss 1
money 1
money 1
money 1
money 1
money 1
money 1
money 1
mothers 1
my 1
my 1
my 1
my 1
my 1
my 1
my 1
my 1
my 1
my 1
my 1
my 1
my 1
my 1
my 1
my 1
my 1
my 1
my 1
my 1
my 1
my 1
my 1
my 1
my 1
my 1
my 1
my 1
my 1
my 1
my 1
my 1
my 1
my 1
my 1
my 1
my 1
my 1
my 1
my 1
my 1
my 1
my 1
my 1
my 1
my 1
my 1
my 1
my 1
my 1
my 1
my 1
my 1
my 1
my 1
my 1
my 1
my 1
my 1
my 1
my 1
my 1
my 1
my 1
my 1
my 1
my 1
my 1
my 1
my 1
my 1
my 1
my 1
my 1
my 1
my 1
my 1
my 1
my 1
my 1
my 1
my 1
my 1
my 1
my 1
my 1
my 1
my 1
my 1
my 1
my 1
my 1
my 1
my 1
my 1
my 1
my 1
my 1
my 1
my 1
my 1
my 1
my 1
my 1
my 1
my 1
my 1
my 1
my 1
my 1
my 1
my 1
my 1
my 1
my 1
my 1
my 1
my 1
my 1
my 1
my 1
my 1
my 1
my 1
my 1
my 1
my 1
my 1
my 1
my 1
my 1
my 1
my 1
my 1
my 1
my 1
my 1
my 1
my 1
my 1
my 1
my 1
my 1
names 1
names 1
names 1
names 1
names 1
nd 1
neighbours 1
neighbours 1
neighbours 1
network 1
notice 1
notice 1
notice 1
notice 1
notice 1
notice 1
notorious 1
obtained 1
older 1
over 1
over 1
over 1
over 1
over 1
over 1
over 1
over 1
over 1
over 1
over 1
over 1
over 1
over 1
over 1
over 1
over 1
over 1
over 1
over 1
over 1
over 1
painfully 1
pathetic 1
patronising 1
perfectly 1
perfectly 1
perfectly 1
perfectly 1
perfectly 1
perfectly 1
perfectly 1
perfectly 1
perfectly 1
perfectly 1
perfectly 1
perfectly 1
perfectly 1
perfectly 1
perfectly 1
perfectly 1
perfectly 1
perfectly 1
perfectly 1
perfectly 1
perfectly 1
perfectly 1
perfectly 1
perfectly 1
perfectly 1
perfectly 1
perfectly 1
perfectly 1
perfectly 1
plate 1
plate 1
plate 1
pleasant 1
pleasant 1
pleasant 1
pleasant 1
pleasant 1
pleasant 1
pleasant 1
pleasant 1
police 1
politeness 1
poor 1
poor 1
poor 1
poor 1
poor 1
poor 1
poor 1
poor 1
poor 1
poor 1
poor 1
poor 1
poor 1
poor 1
poor 1
possession 1
possession 1
preached 1
pretence 1
principal 1
printed 1
printed 1
profession 1
proposal 1
proposal 1
propose 1
propose 1
propose 1
propose 1
propose 1
propose 1
propose 1
propose 1
provisions 1
puzzled 1
reason 1
reason 1
reason 1
reason 1
reason 1
reasonable 1
requires 1
requires 1
respectability 1
respectability 1
revolting 1
ring 1
ring 1
ring 1
rises 1
rises 1
rising 1
rising 1
runs 1
same 1
same 1
same 1
same 1
same 1
same 1
same 1
same 1
same 1
same 1
satisfactory 1
satisfactory 1
satisfactory 1
satisfied 1
savour 1
says 1
says 1
self 1
sending 1
sending 1
sending 1
sent 1
sent 1
sent 1
several 1
several 1
several 1
sex 1
sex 1
sharing 1
short 1
short 1
short 1
short 1
short 1
sincerity 1
situation 1
slice 1
somewhat 1
somewhat 1
somewhat 1
somewhat 1
somewhat 1
somewhat 1
somewhat 1
somewhat 1
sows 1
sows 1
states 1
states 1
states 1
states 1
states 1
states 1
straight 1
stress 1
stress 1
subscribe 1
suffered 1
surfaces 1
surmised 1
synonymous 1
takes 1
takes 1
takes 1
takes 1
takes 1
them 1
them 1
them 1
them 1
them 1
them 1
them 1
them 1
them 1
them 1
them 1
them 1
them 1
them 1
them 1
them 1
them 1
them 1
them 1
them 1
them 1
them 1
them 1
them 1
them 1
them 1
them 1
them 1
them 1
them 1
them 1
them 1
them 1
there 1
there 1
there 1
there 1
there 1
there 1
there 1
there 1
there 1
there 1
there 1
there 1
there 1
there 1
there 1
there 1
there 1
there 1
there 1
there 1
there 1
there 1
there 1
there 1
there 1
there 1
there 1
there 1
there 1
there 1
there 1
there 1
there 1
there 1
there 1
there 1
there 1
there 1
there 1
there 1
there 1
there 1
this 1
this 1
this 1
this 1
this 1
this 1
this 1
this 1
this 1
this 1
this 1
this 1
this 1
this 1
this 1
this 1
this 1
this 1
this 1
this 1
this 1
this 1
this 1
this 1
this 1
this 1
this 1
this 1
this 1
this 1
this 1
this 1
this 1
this 1
this 1
this 1
this 1
this 1
this 1
this 1
this 1
this 1
this 1
this 1
this 1
this 1
this 1
this 1
this 1
this 1
this 1
this 1
this 1
this 1
this 1
this 1
this 1
this 1
this 1
this 1
this 1
this 1
this 1
this 1
this 1
this 1
this 1
this 1
this 1
this 1
this 1
this 1
this 1
this 1
this 1
this 1
this 1
this 1
this 1
this 1
this 1
this 1
this 1
this 1
this 1
this 1
this 1
this 1
this 1
this 1
this 1
thoughtful 1
ticket 1
ticket 1
tied 1
tone 1
tone 1
transcription 1
under 1
under 1
under 1
under 1
under 1
under 1
under 1
under 1
under 1
under 1
under 1
under 1
under 1
under 1
under 1
under 1
unexpectedly 1
uniform 1
upon 1
upon 1
upon 1
upon 1
upon 1
upon 1
upon 1
upon 1
upon 1
upper 1
usual 1
usual 1
usual 1
usual 1
very 1
very 1
very 1
very 1
very 1
very 1
very 1
very 1
very 1
very 1
very 1
very 1
very 1
very 1
very 1
very 1
very 1
very 1
very 1
very 1
very 1
very 1
very 1
very 1
very 1
very 1
very 1
very 1
very 1
very 1
very 1
very 1
very 1
very 1
very 1
very 1
very 1
very 1
very 1
very 1
very 1
very 1
very 1
very 1
very 1
very 1
very 1
very 1
very 1
very 1
very 1
very 1
very 1
very 1
very 1
very 1
very 1
very 1
very 1
very 1
very 1
very 1
very 1
very 1
very 1
very 1
very 1
very 1
very 1
very 1
very 1
very 1
very 1
very 1
very 1
very 1
very 1
very 1
very 1
very 1
very 1
very 1
very 1
very 1
very 1
very 1
very 1
very 1
very 1
voice 1
voice 1
voice 1
voice 1
voice 1
void 1
waist 1
warranties 1
wasted 1
we 1
we 1
we 1
we 1
we 1
we 1
we 1
we 1
we 1
we 1
we 1
we 1
we 1
we 1
we 1
we 1
we 1
we 1
we 1
we 1
we 1
we 1
we 1
we 1
we 1
we 1
we 1
we 1
we 1
we 1
we 1
we 1
we 1
we 1
we 1
we 1
we 1
we 1
we 1
we 1
we 1
we 1
welcome 1
well 1
well 1
well 1
well 1
well 1
well 1
well 1
well 1
well 1
well 1
well 1
well 1
well 1
well 1
well 1
well 1
well 1
well 1
well 1
well 1
whenever 1
whenever 1
whenever 1
whenever 1
whenever 1
whose 1
whose 1
whose 1
whose 1
whose 1
whose 1
whose 1
whose 1
whose 1
will 1
will 1
will 1
will 1
will 1
will 1
will 1
will 1
will 1
will 1
will 1
will 1
will 1
will 1
will 1
will 1
will 1
will 1
will 1
will 1
will 1
will 1
will 1
will 1
will 1
will 1
will 1
will 1
will 1
will 1
will 1
will 1
will 1
will 1
will 1
will 1
will 1
will 1
will 1
will 1
will 1
will 1
will 1
will 1
will 1
will 1
will 1
will 1
will 1
will 1
will 1
will 1
will 1
will 1
will 1
will 1
will 1
will 1
will 1
will 1
will 1
will 1
will 1
will 1
will 1
will 1
will 1
will 1
will 1
will 1
will 1
will 1
will 1
will 1
will 1
world 1
world 1
world 1
world 1
world 1
world 1
world 1
world 1
wounded 1
wretched 1
writes 1
yet 1
yet 1
yet 1
yet 1
yet 1
young 1
young 1
young 1
young 1
young 1
young 1
young 1
young 1
young 1
young 1
young 1
young 1
young 1
young 1
young 1
young 1
young 1
young 1
young 1
young 1
young 1
young 1
young 1
young 1
