Accordingly 1
Additional 1
BREACH 1
BREACH 1
Be 1
Be 1
Be 1
Be 1
Be 1
Be 1
Be 1
Before 1
Before 1
Before 1
Before 1
Before 1
Before 1
Before 1
Before 1
Beloved 1
Certainly 1
City 1
Compliance 1
Could 1
Creep 1
DISTRIBUTE 1
Do 1
Do 1
Do 1
Do 1
Do 1
Do 1
Do 1
Do 1
Do 1
Do 1
Do 1
Do 1
Do 1
Do 1
Do 1
Do 1
Do 1
Do 1
Do 1
Do 1
Do 1
Do 1
Do 1
Don 1
Don 1
Don 1
Don 1
Don 1
Dudding 1
Dudding 1
END 1
East 1
Everyone 1
Everyone 1
FAIRY 1
FAIRY 1
FAIRY 1
FAIRY 1
FISHERMAN 1
FISHERMAN 1
GOLDEN 1
GOLDEN 1
GOLDEN 1
GOLDEN 1
GOLDEN 1
GOLDEN 1
GRETEL 1
GRETEL 1
GRETEL 1
GRETEL 1
Golden 1
Golden 1
Golden 1
Golden 1
Golden 1
Golden 1
Good 1
Good 1
Good 1
Good 1
Good 1
Good 1
Good 1
Good 1
Good 1
Good 1
Good 1
Good 1
Good 1
Good 1
Good 1
Good 1
Good 1
Good 1
Good 1
Good 1
Good 1
Good 1
Good 1
Good 1
Good 1
Good 1
Good 1
Good 1
Good 1
Good 1
Good 1
Good 1
Good 1
Good 1
Good 1
Good 1
Good 1
Good 1
Good 1
Good 1
Good 1
Good 1
Good 1
Gothel 1
Gothel 1
Grimms 1
Grimms 1
Grimms 1
Grimms 1
HORSE 1
HORSE 1
HUNCHBACK 1
Ha 1
Ha 1
Heads 1
Heads 1
Heads 1
Home 1
Household 1
Husband 1
Husband 1
Husband 1
Husband 1
Husband 1
Husband 1
It 1
It 1
It 1
It 1
It 1
It 1
It 1
It 1
It 1
It 1
It 1
It 1
It 1
It 1
It 1
It 1
It 1
It 1
It 1
It 1
It 1
It 1
It 1
It 1
It 1
It 1
It 1
It 1
It 1
It 1
It 1
It 1
It 1
It 1
It 1
It 1
It 1
It 1
It 1
It 1
It 1
It 1
It 1
It 1
It 1
It 1
It 1
It 1
It 1
It 1
It 1
It 1
It 1
It 1
It 1
It 1
It 1
It 1
It 1
It 1
It 1
It 1
It 1
It 1
It 1
It 1
It 1
It 1
It 1
It 1
It 1
It 1
It 1
It 1
JORINDEL 1
JORINDEL 1
Jip 1
Jip 1
Jip 1
Jip 1
Jorindel 1
Jorindel 1
Jorindel 1
Jorindel 1
Jorindel 1
Jorindel 1
Jorindel 1
Jorindel 1
Jorindel 1
Jorindel 1
Kate 1
Kate 1
Kate 1
Kate 1
Kate 1
LIABILITY 1
Leave 1
Leave 1
Like 1
Lo 1
Lo 1
May 1
May 1
May 1
Michael 1
Michael 1
Mississippi 1
Murder 1
NO 1
NO 1
Nor 1
Nor 1
North 1
OLD 1
OLD 1
OLD 1
OLD 1
Old 1
Old 1
Ought 1
PG 1
Pearls 1
Public 1
Pull 1
RAPUNZEL 1
RAPUNZEL 1
RAVENS 1
RAVENS 1
Rapunzel 1
Rapunzel 1
Rapunzel 1
Rapunzel 1
Rapunzel 1
Rapunzel 1
Rapunzel 1
Rapunzel 1
Rapunzel 1
Rapunzel 1
Rapunzel 1
Rapunzel 1
Rapunzel 1
Rapunzel 1
Rapunzel 1
Rapunzel 1
Rapunzel 1
Rapunzel 1
Rapunzel 1
Rapunzel 1
Rapunzel 1
Rapunzel 1
Rapunzel 1
Red 1
Red 1
Red 1
Red 1
Red 1
Red 1
Red 1
Red 1
Red 1
Red 1
Red 1
Red 1
Red 1
Red 1
Red 1
Red 1
Red 1
Red 1
Red 1
Red 1
Red 1
Red 1
Red 1
Red 1
Red 1
Red 1
Red 1
Red 1
Red 1
Red 1
Redistributing 1
See 1
See 1
See 1
See 1
See 1
See 1
See 1
See 1
See 1
See 1
Show 1
Show 1
Simpleton 1
Snow 1
Snow 1
Snow 1
Snow 1
Snow 1
Snow 1
Snow 1
Snow 1
Snow 1
Snow 1
Snow 1
Snow 1
Snow 1
Snow 1
Snow 1
Snow 1
Snow 1
Snow 1
Switzerland 1
TO 1
TO 1
TO 1
TO 1
TO 1
TO 1
TO 1
TO 1
TO 1
TO 1
Take 1
Take 1
Take 1
Take 1
Take 1
Take 1
Take 1
Take 1
Take 1
Take 1
Take 1
Take 1
Take 1
Take 1
Take 1
Take 1
Take 1
Terms 1
Terms 1
Till 1
Till 1
Till 1
Till 1
Time 1
Time 1
Tonight 1
Tonight 1
Turn 1
Turn 1
Turn 1
VALIANT 1
VALIANT 1
YOUTH 1
YOUTH 1
accident 1
across 1
across 1
across 1
across 1
across 1
across 1
across 1
across 1
across 1
across 1
across 1
across 1
across 1
across 1
across 1
add 1
add 1
add 1
advantage 1
affair 1
aged 1
aged 1
aged 1
aged 1
ahead 1
alteration 1
always 1
always 1
always 1
always 1
always 1
always 1
always 1
always 1
always 1
always 1
always 1
always 1
always 1
always 1
always 1
always 1
always 1
always 1
always 1
always 1
always 1
always 1
always 1
always 1
always 1
always 1
always 1
always 1
always 1
always 1
always 1
always 1
always 1
always 1
always 1
always 1
always 1
always 1
always 1
amiss 1
amongst 1
amongst 1
amongst 1
amongst 1
amongst 1
amongst 1
amongst 1
amused 1
amusement 1
amusement 1
ant 1
ant 1
ant 1
ant 1
apiece 1
approached 1
approached 1
approached 1
arrangements 1
arrow 1
arrow 1
arrow 1
ascended 1
ascended 1
ashen 1
ask 1
ask 1
ask 1
ask 1
ask 1
ask 1
ask 1
ask 1
ask 1
ask 1
ask 1
ask 1
ask 1
ask 1
ask 1
ask 1
ask 1
ask 1
ask 1
ask 1
ask 1
ask 1
ask 1
ask 1
ask 1
ask 1
ask 1
ask 1
ask 1
ask 1
aught 1
avail 1
avail 1
avail 1
awake 1
awake 1
awake 1
awake 1
awake 1
awake 1
awake 1
awkward 1
awoke 1
awoke 1
awoke 1
awoke 1
awoke 1
awoke 1
awoke 1
awoke 1
awoke 1
awoke 1
awoke 1
awoke 1
awoke 1
awoke 1
awoke 1
awoke 1
awoke 1
awoke 1
awoke 1
awoke 1
awoke 1
awoke 1
awoke 1
awoke 1
awoke 1
awoke 1
awoke 1
awoke 1
awoke 1
awoke 1
backward 1
baked 1
baked 1
baked 1
baked 1
bargained 1
barked 1
barked 1
barn 1
barn 1
barrels 1
barrels 1
basted 1
bath 1
bathing 1
beans 1
beans 1
beans 1
bearskin 1
beast 1
beast 1
beast 1
beast 1
beast 1
beast 1
beast 1
beast 1
beast 1
beast 1
beast 1
beast 1
beast 1
beast 1
beast 1
bed 1
bed 1
bed 1
bed 1
bed 1
bed 1
bed 1
bed 1
bed 1
bed 1
bed 1
bed 1
bed 1
bed 1
bed 1
bed 1
bed 1
bed 1
bed 1
bed 1
bed 1
bed 1
bed 1
bed 1
bed 1
bed 1
bed 1
bed 1
bed 1
bed 1
bed 1
bed 1
bed 1
bed 1
bed 1
bed 1
bed 1
bed 1
bed 1
bed 1
bed 1
bed 1
bed 1
bed 1
bed 1
bed 1
bed 1
bed 1
bed 1
bed 1
bed 1
bed 1
bed 1
bed 1
bed 1
bed 1
bed 1
bed 1
bed 1
bed 1
bed 1
bed 1
bed 1
bed 1
bed 1
bed 1
bed 1
bed 1
bed 1
bed 1
bed 1
bed 1
bed 1
bed 1
bed 1
bed 1
bed 1
bed 1
bed 1
begging 1
begin 1
begin 1
begin 1
begin 1
begin 1
begin 1
begin 1
begin 1
begun 1
bell 1
bell 1
bell 1
bell 1
below 1
below 1
below 1
below 1
below 1
below 1
below 1
below 1
below 1
below 1
below 1
below 1
below 1
below 1
below 1
below 1
below 1
below 1
below 1
besides 1
betrothed 1
betrothed 1
betrothed 1
betrothed 1
betrothed 1
betrothed 1
betrothed 1
betrothed 1
betrothed 1
betrothed 1
betrothed 1
betrothed 1
bind 1
bind 1
bind 1
bind 1
blame 1
blockhead 1
booty 1
booty 1
both 1
both 1
both 1
both 1
both 1
both 1
both 1
both 1
both 1
both 1
both 1
both 1
both 1
both 1
both 1
both 1
both 1
both 1
both 1
both 1
both 1
both 1
both 1
both 1
both 1
both 1
both 1
both 1
both 1
both 1
both 1
both 1
both 1
both 1
both 1
both 1
both 1
both 1
both 1
boys 1
braided 1
breaking 1
brighten 1
brightness 1
broken 1
broken 1
broken 1
broken 1
broken 1
broken 1
broken 1
broken 1
broken 1
broken 1
broken 1
broken 1
broken 1
brushed 1
brushed 1
buffetings 1
bundles 1
buried 1
buried 1
buried 1
buried 1
burnt 1
burnt 1
burnt 1
burnt 1
burnt 1
burnt 1
burnt 1
burnt 1
burnt 1
but 1
but 1
but 1
but 1
but 1
but 1
but 1
but 1
but 1
but 1
but 1
but 1
but 1
but 1
but 1
but 1
but 1
but 1
but 1
but 1
but 1
but 1
but 1
but 1
but 1
but 1
but 1
but 1
but 1
but 1
but 1
but 1
but 1
but 1
but 1
but 1
but 1
but 1
but 1
but 1
but 1
but 1
but 1
but 1
but 1
but 1
but 1
but 1
but 1
but 1
but 1
but 1
but 1
but 1
but 1
but 1
but 1
but 1
but 1
but 1
but 1
but 1
but 1
but 1
but 1
but 1
but 1
but 1
but 1
but 1
but 1
but 1
but 1
but 1
but 1
but 1
but 1
but 1
but 1
but 1
but 1
but 1
but 1
but 1
but 1
but 1
but 1
but 1
but 1
but 1
but 1
but 1
but 1
but 1
but 1
but 1
but 1
but 1
but 1
but 1
but 1
but 1
but 1
but 1
but 1
but 1
but 1
but 1
but 1
but 1
but 1
but 1
but 1
but 1
but 1
but 1
but 1
but 1
but 1
but 1
but 1
but 1
but 1
but 1
but 1
but 1
but 1
but 1
but 1
but 1
but 1
but 1
but 1
but 1
but 1
but 1
but 1
but 1
but 1
but 1
but 1
but 1
but 1
but 1
but 1
but 1
but 1
but 1
but 1
but 1
but 1
but 1
but 1
but 1
but 1
but 1
but 1
but 1
but 1
but 1
but 1
but 1
but 1
but 1
but 1
but 1
but 1
but 1
but 1
but 1
but 1
but 1
but 1
but 1
but 1
but 1
but 1
but 1
but 1
but 1
but 1
but 1
but 1
but 1
but 1
but 1
but 1
but 1
but 1
but 1
but 1
but 1
but 1
but 1
but 1
but 1
but 1
but 1
but 1
but 1
but 1
but 1
but 1
but 1
but 1
but 1
but 1
but 1
but 1
but 1
but 1
but 1
but 1
but 1
but 1
but 1
but 1
but 1
but 1
but 1
but 1
but 1
but 1
but 1
but 1
but 1
but 1
but 1
but 1
but 1
but 1
but 1
but 1
but 1
but 1
but 1
but 1
but 1
but 1
but 1
but 1
but 1
but 1
but 1
but 1
but 1
but 1
but 1
but 1
but 1
but 1
but 1
but 1
but 1
but 1
but 1
but 1
but 1
but 1
but 1
but 1
but 1
but 1
but 1
but 1
but 1
but 1
but 1
but 1
but 1
but 1
but 1
but 1
but 1
but 1
but 1
but 1
but 1
but 1
but 1
but 1
but 1
but 1
but 1
but 1
but 1
but 1
but 1
but 1
but 1
but 1
but 1
but 1
but 1
but 1
but 1
but 1
but 1
but 1
but 1
but 1
but 1
but 1
but 1
but 1
but 1
but 1
but 1
but 1
but 1
but 1
but 1
but 1
but 1
but 1
but 1
but 1
but 1
but 1
but 1
but 1
but 1
but 1
but 1
but 1
but 1
but 1
but 1
but 1
but 1
but 1
but 1
but 1
but 1
but 1
but 1
but 1
but 1
but 1
but 1
but 1
but 1
but 1
but 1
but 1
but 1
but 1
but 1
but 1
but 1
but 1
but 1
but 1
but 1
but 1
but 1
but 1
but 1
but 1
but 1
but 1
but 1
but 1
but 1
but 1
but 1
but 1
but 1
but 1
but 1
but 1
but 1
but 1
but 1
but 1
but 1
but 1
but 1
but 1
but 1
but 1
but 1
but 1
but 1
but 1
but 1
but 1
but 1
but 1
but 1
but 1
but 1
but 1
but 1
but 1
but 1
but 1
but 1
but 1
but 1
but 1
but 1
but 1
but 1
but 1
but 1
but 1
but 1
but 1
but 1
but 1
but 1
but 1
but 1
but 1
but 1
but 1
but 1
but 1
but 1
but 1
but 1
but 1
but 1
but 1
but 1
but 1
but 1
but 1
but 1
but 1
but 1
but 1
but 1
but 1
but 1
but 1
but 1
but 1
but 1
but 1
but 1
but 1
but 1
but 1
but 1
but 1
but 1
but 1
but 1
but 1
but 1
but 1
but 1
but 1
but 1
but 1
but 1
but 1
but 1
but 1
but 1
but 1
but 1
but 1
but 1
but 1
but 1
but 1
but 1
but 1
but 1
but 1
but 1
but 1
but 1
but 1
but 1
but 1
but 1
but 1
but 1
but 1
but 1
but 1
but 1
but 1
but 1
but 1
but 1
but 1
but 1
but 1
but 1
but 1
but 1
but 1
but 1
but 1
but 1
but 1
but 1
but 1
but 1
but 1
but 1
but 1
but 1
but 1
but 1
but 1
but 1
but 1
but 1
but 1
but 1
but 1
but 1
but 1
but 1
but 1
but 1
but 1
but 1
but 1
but 1
but 1
but 1
but 1
but 1
but 1
but 1
but 1
but 1
but 1
but 1
but 1
but 1
but 1
but 1
but 1
but 1
but 1
but 1
but 1
but 1
but 1
but 1
but 1
but 1
but 1
but 1
but 1
but 1
but 1
but 1
but 1
but 1
but 1
but 1
but 1
but 1
but 1
but 1
but 1
but 1
but 1
but 1
but 1
but 1
but 1
but 1
but 1
but 1
but 1
but 1
but 1
but 1
but 1
but 1
but 1
but 1
but 1
but 1
but 1
but 1
but 1
but 1
but 1
but 1
but 1
but 1
but 1
but 1
but 1
but 1
but 1
but 1
but 1
but 1
but 1
but 1
but 1
but 1
but 1
but 1
but 1
but 1
but 1
but 1
but 1
but 1
but 1
but 1
but 1
but 1
but 1
but 1
but 1
but 1
but 1
but 1
but 1
but 1
but 1
but 1
but 1
but 1
but 1
but 1
but 1
but 1
but 1
but 1
but 1
but 1
but 1
but 1
but 1
but 1
but 1
but 1
but 1
but 1
but 1
but 1
but 1
but 1
but 1
but 1
but 1
but 1
but 1
but 1
but 1
but 1
but 1
but 1
but 1
but 1
but 1
but 1
but 1
but 1
but 1
but 1
but 1
but 1
but 1
but 1
but 1
but 1
but 1
but 1
but 1
but 1
but 1
but 1
but 1
but 1
but 1
but 1
but 1
but 1
but 1
but 1
but 1
buttered 1
c 1
c 1
c 1
cabbage 1
called 1
called 1
called 1
called 1
called 1
called 1
called 1
called 1
called 1
called 1
called 1
called 1
called 1
called 1
called 1
called 1
called 1
called 1
called 1
called 1
called 1
called 1
called 1
called 1
called 1
called 1
called 1
called 1
called 1
called 1
called 1
called 1
called 1
called 1
called 1
called 1
called 1
called 1
called 1
called 1
called 1
called 1
called 1
called 1
called 1
called 1
called 1
called 1
called 1
called 1
called 1
called 1
called 1
called 1
called 1
called 1
called 1
called 1
called 1
called 1
called 1
called 1
called 1
called 1
called 1
called 1
called 1
called 1
called 1
called 1
called 1
called 1
called 1
called 1
called 1
called 1
called 1
called 1
called 1
called 1
called 1
called 1
called 1
called 1
called 1
called 1
called 1
called 1
called 1
called 1
called 1
called 1
called 1
called 1
called 1
called 1
capering 1
capering 1
carefully 1
carefully 1
carefully 1
carefully 1
carefully 1
carefully 1
carts 1
chambers 1
chambers 1
chapel 1
cheap 1
cheap 1
cheerfully 1
chilly 1
choose 1
choose 1
choose 1
choose 1
choose 1
choose 1
christened 1
christened 1
civil 1
clapped 1
clapped 1
climbing 1
climbing 1
clothed 1
coal 1
coal 1
coal 1
coal 1
coal 1
coal 1
collected 1
collected 1
colours 1
colours 1
colours 1
comb 1
comb 1
comb 1
comb 1
comb 1
comb 1
comb 1
comest 1
command 1
command 1
companies 1
company 1
company 1
company 1
company 1
company 1
company 1
company 1
company 1
compared 1
compressed 1
computer 1
computer 1
condition 1
condition 1
condition 1
consecrated 1
considerably 1
contemptuously 1
content 1
content 1
content 1
continued 1
continued 1
continued 1
continued 1
continued 1
continued 1
contributions 1
control 1
court 1
court 1
court 1
court 1
court 1
court 1
court 1
court 1
court 1
court 1
court 1
court 1
court 1
court 1
court 1
court 1
court 1
court 1
court 1
court 1
court 1
court 1
court 1
court 1
court 1
court 1
court 1
court 1
court 1
court 1
court 1
court 1
court 1
court 1
court 1
court 1
cousin 1
cousin 1
cousin 1
cousin 1
cousin 1
cousin 1
cover 1
cover 1
cover 1
cover 1
covering 1
cow 1
cow 1
cow 1
cow 1
cow 1
cow 1
cow 1
cow 1
cow 1
cow 1
cow 1
cow 1
cow 1
cow 1
cow 1
cow 1
cow 1
cow 1
cow 1
cow 1
cow 1
cow 1
cow 1
cow 1
cow 1
cow 1
cow 1
cow 1
cow 1
cow 1
cow 1
cow 1
cow 1
cow 1
cow 1
cow 1
cow 1
cow 1
cow 1
cow 1
cow 1
cow 1
cow 1
crawl 1
credit 1
creep 1
croaked 1
croaked 1
croaked 1
cured 1
current 1
daily 1
daily 1
daily 1
dame 1
danced 1
danced 1
danced 1
danced 1
danced 1
danced 1
danced 1
danced 1
danced 1
danced 1
danced 1
danced 1
danced 1
danced 1
danced 1
danced 1
danced 1
danced 1
danced 1
danced 1
danced 1
danced 1
danced 1
dangerously 1
deeper 1
deeper 1
deeper 1
deeper 1
degrees 1
departed 1
depends 1
depth 1
diamonds 1
diamonds 1
diamonds 1
diamonds 1
diamonds 1
diamonds 1
diamonds 1
different 1
different 1
different 1
different 1
different 1
discontinue 1
dishful 1
dismay 1
divine 1
doublet 1
doublet 1
dragging 1
dragging 1
dragging 1
dragging 1
dragon 1
dragon 1
dragon 1
dragon 1
dragon 1
dragon 1
dragon 1
dragon 1
dragon 1
dragon 1
dragon 1
dragon 1
dragon 1
dragon 1
drags 1
draught 1
draught 1
draught 1
draught 1
draught 1
draught 1
draught 1
draught 1
draught 1
draught 1
draught 1
draught 1
draught 1
draught 1
draught 1
dreaded 1
dreaded 1
droll 1
droll 1
drowned 1
drowned 1
drowned 1
drowned 1
drowned 1
drowned 1
drums 1
duck 1
duck 1
duck 1
duck 1
duck 1
duck 1
duck 1
duck 1
duck 1
duck 1
duck 1
duck 1
duck 1
duck 1
duck 1
duck 1
duck 1
duck 1
duck 1
duck 1
duck 1
dunghill 1
dusty 1
eBooks 1
eBooks 1
eBooks 1
eBooks 1
eBooks 1
eBooks 1
eBooks 1
eaten 1
eaten 1
eaten 1
eaten 1
eaten 1
eaten 1
eaten 1
eaten 1
eaten 1
eaten 1
eaten 1
eaten 1
eaten 1
eaten 1
eaten 1
eaten 1
eaten 1
eaten 1
eaten 1
eaten 1
eaten 1
eaten 1
eaten 1
eaten 1
eaten 1
eaten 1
eaten 1
eaten 1
elbow 1
elf 1
elves 1
embraced 1
embraced 1
emptying 1
end 1
end 1
end 1
end 1
end 1
end 1
end 1
end 1
end 1
end 1
end 1
end 1
end 1
end 1
end 1
end 1
end 1
end 1
end 1
end 1
end 1
end 1
end 1
end 1
end 1
end 1
end 1
end 1
end 1
end 1
end 1
end 1
end 1
end 1
end 1
end 1
end 1
end 1
end 1
engaged 1
engaged 1
entreat 1
envious 1
errors 1
escape 1
escape 1
escape 1
escape 1
escape 1
escape 1
escape 1
escape 1
everybody 1
everybody 1
everybody 1
everybody 1
everybody 1
fairly 1
familiar 1
familiar 1
favour 1
favour 1
favour 1
favour 1
favour 1
fields 1
fields 1
fields 1
fields 1
fields 1
fields 1
fields 1
fields 1
fields 1
fields 1
fields 1
fires 1
firewood 1
floated 1
flowed 1
follow 1
follow 1
follow 1
follow 1
follow 1
follow 1
follow 1
follow 1
follow 1
follow 1
follow 1
follow 1
fond 1
fond 1
fond 1
fond 1
fond 1
fond 1
fond 1
fond 1
fond 1
fond 1
forbade 1
formed 1
forms 1
forms 1
forms 1
forms 1
frogs 1
frogs 1
frogs 1
frontispiece 1
fruits 1
fruits 1
furnish 1
future 1
future 1
future 1
future 1
gaze 1
gaze 1
gaze 1
generations 1
generations 1
gentle 1
gentle 1
gentle 1
gentle 1
ghost 1
ghost 1
gifts 1
gifts 1
gifts 1
gifts 1
gladness 1
gladness 1
gladness 1
glee 1
glitter 1
gloomy 1
gloomy 1
gloomy 1
godless 1
godless 1
granted 1
granted 1
granted 1
granted 1
granted 1
great 1
great 1
great 1
great 1
great 1
great 1
great 1
great 1
great 1
great 1
great 1
great 1
great 1
great 1
great 1
great 1
great 1
great 1
great 1
great 1
great 1
great 1
great 1
great 1
great 1
great 1
great 1
great 1
great 1
great 1
great 1
great 1
great 1
great 1
great 1
great 1
great 1
great 1
great 1
great 1
great 1
great 1
great 1
great 1
great 1
great 1
great 1
great 1
great 1
great 1
great 1
great 1
great 1
great 1
great 1
great 1
great 1
great 1
great 1
great 1
great 1
great 1
great 1
great 1
great 1
great 1
great 1
great 1
great 1
great 1
great 1
great 1
great 1
great 1
great 1
great 1
great 1
great 1
great 1
great 1
great 1
great 1
great 1
great 1
great 1
great 1
great 1
great 1
great 1
great 1
great 1
great 1
great 1
great 1
great 1
great 1
great 1
great 1
great 1
great 1
great 1
great 1
great 1
great 1
great 1
great 1
great 1
great 1
great 1
great 1
great 1
great 1
great 1
great 1
great 1
great 1
great 1
great 1
great 1
great 1
great 1
great 1
great 1
great 1
great 1
great 1
great 1
great 1
great 1
great 1
great 1
great 1
great 1
great 1
great 1
great 1
great 1
great 1
great 1
great 1
great 1
great 1
great 1
great 1
great 1
great 1
great 1
great 1
great 1
great 1
great 1
great 1
greedily 1
grew 1
grew 1
grew 1
grew 1
grew 1
grew 1
grew 1
grew 1
grew 1
grew 1
grew 1
grew 1
grew 1
grew 1
grew 1
grew 1
grew 1
grew 1
grew 1
grew 1
grew 1
grew 1
grew 1
grew 1
grew 1
grew 1
grew 1
grew 1
grew 1
grew 1
grew 1
grew 1
grew 1
grew 1
grey 1
grey 1
grey 1
grey 1
grey 1
grey 1
grey 1
grey 1
grey 1
grey 1
grey 1
grey 1
grey 1
grey 1
griffin 1
griffin 1
griffin 1
griffin 1
griffin 1
group 1
grow 1
grow 1
grow 1
grow 1
grow 1
grow 1
grow 1
growling 1
growling 1
guests 1
guests 1
guests 1
guests 1
guests 1
guests 1
guests 1
ha 1
half 1
half 1
half 1
half 1
half 1
half 1
half 1
half 1
half 1
half 1
half 1
half 1
half 1
half 1
half 1
half 1
half 1
half 1
half 1
half 1
half 1
half 1
half 1
half 1
half 1
half 1
half 1
half 1
half 1
half 1
half 1
handling 1
handsomer 1
happens 1
happens 1
happens 1
happens 1
happily 1
happily 1
happily 1
happily 1
happily 1
happily 1
happily 1
happily 1
happily 1
happily 1
happily 1
happily 1
harmless 1
harnessed 1
harnessed 1
harnessed 1
harnessed 1
harnessed 1
hasty 1
hatched 1
haughtily 1
haughtily 1
havoc 1
heaven 1
heaven 1
heaven 1
heaven 1
heaven 1
heaven 1
heaven 1
heaven 1
heaven 1
heaven 1
heaven 1
heaven 1
heaviest 1
hence 1
hence 1
hence 1
herself 1
herself 1
herself 1
herself 1
herself 1
herself 1
herself 1
herself 1
herself 1
herself 1
herself 1
herself 1
herself 1
herself 1
herself 1
herself 1
herself 1
herself 1
herself 1
herself 1
herself 1
herself 1
herself 1
herself 1
herself 1
herself 1
herself 1
herself 1
herself 1
herself 1
herself 1
herself 1
herself 1
herself 1
herself 1
herself 1
herself 1
herself 1
herself 1
herself 1
herself 1
herself 1
herself 1
herself 1
herself 1
herself 1
herself 1
herself 1
herself 1
herself 1
herself 1
herself 1
herself 1
herself 1
herself 1
herself 1
herself 1
herself 1
herself 1
herself 1
herself 1
herself 1
herself 1
herself 1
herself 1
herself 1
herself 1
herself 1
herself 1
herself 1
herself 1
herself 1
herself 1
herself 1
herself 1
herself 1
herself 1
herself 1
herself 1
herself 1
herself 1
herself 1
herself 1
herself 1
herself 1
herself 1
herself 1
herself 1
herself 1
herself 1
herself 1
hid 1
hid 1
hid 1
hid 1
hid 1
hid 1
hid 1
hid 1
hid 1
hid 1
hid 1
hold 1
hold 1
hold 1
hold 1
hold 1
hold 1
hold 1
hold 1
hold 1
hold 1
hold 1
hold 1
hold 1
hold 1
hold 1
hold 1
hold 1
hold 1
hold 1
hold 1
hold 1
hold 1
hold 1
hold 1
hold 1
hold 1
hold 1
hold 1
hold 1
hold 1
hold 1
hold 1
holes 1
holes 1
holes 1
holes 1
hollow 1
hollow 1
hollow 1
homesick 1
homesick 1
horn 1
horn 1
horn 1
horseman 1
horseman 1
horseman 1
horseman 1
hot 1
hot 1
hot 1
hot 1
hot 1
household 1
household 1
household 1
huge 1
huge 1
huge 1
image 1
impatience 1
indicate 1
ingredient 1
inquired 1
inquired 1
inquired 1
inquired 1
inquired 1
inquired 1
inquired 1
insists 1
invalidity 1
invite 1
invited 1
invited 1
invited 1
invited 1
invited 1
inward 1
it 1
it 1
it 1
it 1
it 1
it 1
it 1
it 1
it 1
it 1
it 1
it 1
it 1
it 1
it 1
it 1
it 1
it 1
it 1
it 1
it 1
it 1
it 1
it 1
it 1
it 1
it 1
it 1
it 1
it 1
it 1
it 1
it 1
it 1
it 1
it 1
it 1
it 1
it 1
it 1
it 1
it 1
it 1
it 1
it 1
it 1
it 1
it 1
it 1
it 1
it 1
it 1
it 1
it 1
it 1
it 1
it 1
it 1
it 1
it 1
it 1
it 1
it 1
it 1
it 1
it 1
it 1
it 1
it 1
it 1
it 1
it 1
it 1
it 1
it 1
it 1
it 1
it 1
it 1
it 1
it 1
it 1
it 1
it 1
it 1
it 1
it 1
it 1
it 1
it 1
it 1
it 1
it 1
it 1
it 1
it 1
it 1
it 1
it 1
it 1
it 1
it 1
it 1
it 1
it 1
it 1
it 1
it 1
it 1
it 1
it 1
it 1
it 1
it 1
it 1
it 1
it 1
it 1
it 1
it 1
it 1
it 1
it 1
it 1
it 1
it 1
it 1
it 1
it 1
it 1
it 1
it 1
it 1
it 1
it 1
it 1
it 1
it 1
it 1
it 1
it 1
it 1
it 1
it 1
it 1
it 1
it 1
it 1
it 1
it 1
it 1
it 1
it 1
it 1
it 1
it 1
it 1
it 1
it 1
it 1
it 1
it 1
it 1
it 1
it 1
it 1
it 1
it 1
it 1
it 1
it 1
it 1
it 1
it 1
it 1
it 1
it 1
it 1
it 1
it 1
it 1
it 1
it 1
it 1
it 1
it 1
it 1
it 1
it 1
it 1
it 1
it 1
it 1
it 1
it 1
it 1
it 1
it 1
it 1
it 1
it 1
it 1
it 1
it 1
it 1
it 1
it 1
it 1
it 1
it 1
it 1
it 1
it 1
it 1
it 1
it 1
it 1
it 1
it 1
it 1
it 1
it 1
it 1
it 1
it 1
it 1
it 1
it 1
it 1
it 1
it 1
it 1
it 1
it 1
it 1
it 1
it 1
it 1
it 1
it 1
it 1
it 1
it 1
it 1
it 1
it 1
it 1
it 1
it 1
it 1
it 1
it 1
it 1
it 1
it 1
it 1
it 1
it 1
it 1
it 1
it 1
it 1
it 1
it 1
it 1
it 1
it 1
it 1
it 1
it 1
it 1
it 1
it 1
it 1
it 1
it 1
it 1
it 1
it 1
it 1
it 1
it 1
it 1
it 1
it 1
it 1
it 1
it 1
it 1
it 1
it 1
it 1
it 1
it 1
it 1
it 1
it 1
it 1
it 1
it 1
it 1
it 1
it 1
it 1
it 1
it 1
it 1
it 1
it 1
it 1
it 1
it 1
it 1
it 1
it 1
it 1
it 1
it 1
it 1
it 1
it 1
it 1
it 1
it 1
it 1
it 1
it 1
it 1
it 1
it 1
it 1
it 1
it 1
it 1
it 1
it 1
it 1
it 1
it 1
it 1
it 1
it 1
it 1
it 1
it 1
it 1
it 1
it 1
it 1
it 1
it 1
it 1
it 1
it 1
it 1
it 1
it 1
it 1
it 1
it 1
it 1
it 1
it 1
it 1
it 1
it 1
it 1
it 1
it 1
it 1
it 1
it 1
it 1
it 1
it 1
it 1
it 1
it 1
it 1
it 1
it 1
it 1
it 1
it 1
it 1
it 1
it 1
it 1
it 1
it 1
it 1
it 1
it 1
it 1
it 1
it 1
it 1
it 1
it 1
it 1
it 1
it 1
it 1
it 1
it 1
it 1
it 1
it 1
it 1
it 1
it 1
it 1
it 1
it 1
it 1
it 1
it 1
it 1
it 1
it 1
it 1
it 1
it 1
it 1
it 1
it 1
it 1
it 1
it 1
it 1
it 1
it 1
it 1
it 1
it 1
it 1
it 1
it 1
it 1
it 1
it 1
it 1
it 1
it 1
it 1
it 1
it 1
it 1
it 1
it 1
it 1
it 1
it 1
it 1
it 1
it 1
it 1
it 1
it 1
it 1
it 1
it 1
it 1
it 1
it 1
it 1
it 1
it 1
it 1
it 1
it 1
it 1
it 1
it 1
it 1
it 1
it 1
it 1
it 1
it 1
it 1
it 1
it 1
it 1
it 1
it 1
it 1
it 1
it 1
it 1
it 1
it 1
it 1
it 1
it 1
it 1
it 1
it 1
it 1
it 1
it 1
it 1
it 1
it 1
it 1
it 1
it 1
it 1
it 1
it 1
it 1
it 1
it 1
it 1
it 1
it 1
it 1
it 1
it 1
it 1
it 1
it 1
it 1
it 1
it 1
it 1
it 1
it 1
it 1
it 1
it 1
it 1
it 1
it 1
it 1
it 1
it 1
it 1
it 1
it 1
it 1
it 1
it 1
it 1
it 1
it 1
it 1
it 1
it 1
it 1
it 1
it 1
it 1
it 1
it 1
it 1
it 1
it 1
it 1
it 1
it 1
it 1
it 1
it 1
it 1
it 1
it 1
it 1
it 1
it 1
it 1
it 1
it 1
it 1
it 1
it 1
it 1
it 1
it 1
it 1
it 1
it 1
it 1
it 1
it 1
it 1
it 1
it 1
it 1
it 1
it 1
it 1
it 1
it 1
it 1
it 1
it 1
it 1
it 1
it 1
it 1
it 1
it 1
it 1
it 1
it 1
it 1
it 1
it 1
it 1
it 1
it 1
it 1
it 1
it 1
it 1
it 1
it 1
it 1
it 1
it 1
it 1
it 1
it 1
it 1
it 1
it 1
it 1
it 1
it 1
it 1
it 1
it 1
it 1
it 1
it 1
it 1
it 1
it 1
it 1
it 1
it 1
it 1
it 1
it 1
it 1
it 1
it 1
it 1
it 1
it 1
it 1
it 1
it 1
it 1
it 1
it 1
it 1
it 1
it 1
it 1
it 1
it 1
it 1
it 1
it 1
it 1
it 1
it 1
it 1
it 1
it 1
it 1
it 1
it 1
it 1
it 1
it 1
it 1
it 1
it 1
it 1
it 1
it 1
it 1
it 1
it 1
it 1
it 1
it 1
it 1
it 1
it 1
it 1
it 1
it 1
it 1
it 1
it 1
it 1
it 1
it 1
it 1
it 1
it 1
it 1
it 1
it 1
it 1
it 1
it 1
it 1
it 1
it 1
it 1
it 1
it 1
it 1
it 1
it 1
it 1
it 1
it 1
it 1
it 1
it 1
it 1
it 1
it 1
it 1
it 1
it 1
it 1
it 1
it 1
it 1
it 1
it 1
it 1
it 1
it 1
it 1
it 1
it 1
it 1
it 1
it 1
it 1
it 1
it 1
it 1
it 1
it 1
it 1
it 1
it 1
it 1
it 1
it 1
it 1
it 1
it 1
it 1
it 1
it 1
it 1
it 1
it 1
it 1
it 1
it 1
it 1
it 1
it 1
it 1
it 1
it 1
it 1
it 1
it 1
it 1
it 1
it 1
it 1
it 1
it 1
it 1
it 1
it 1
it 1
it 1
it 1
it 1
it 1
it 1
it 1
it 1
it 1
it 1
it 1
it 1
it 1
it 1
it 1
it 1
it 1
it 1
it 1
it 1
it 1
it 1
it 1
it 1
it 1
it 1
it 1
it 1
it 1
it 1
it 1
it 1
it 1
it 1
it 1
it 1
it 1
it 1
it 1
it 1
it 1
it 1
it 1
it 1
it 1
it 1
it 1
it 1
it 1
it 1
it 1
it 1
it 1
it 1
it 1
it 1
it 1
it 1
it 1
it 1
it 1
it 1
it 1
it 1
it 1
it 1
it 1
it 1
it 1
it 1
it 1
it 1
it 1
it 1
it 1
it 1
it 1
it 1
it 1
it 1
it 1
it 1
it 1
it 1
it 1
it 1
it 1
it 1
it 1
it 1
it 1
it 1
it 1
it 1
it 1
it 1
it 1
it 1
it 1
it 1
it 1
it 1
it 1
it 1
it 1
it 1
it 1
it 1
it 1
it 1
it 1
it 1
it 1
it 1
it 1
it 1
it 1
it 1
it 1
it 1
it 1
it 1
it 1
it 1
it 1
it 1
it 1
it 1
it 1
it 1
it 1
it 1
it 1
it 1
it 1
it 1
it 1
it 1
it 1
it 1
it 1
it 1
it 1
it 1
it 1
it 1
it 1
it 1
it 1
it 1
it 1
it 1
it 1
it 1
it 1
it 1
it 1
it 1
it 1
it 1
it 1
it 1
it 1
it 1
it 1
it 1
it 1
it 1
it 1
it 1
it 1
it 1
it 1
it 1
it 1
it 1
it 1
it 1
it 1
it 1
it 1
it 1
it 1
it 1
it 1
it 1
it 1
it 1
it 1
it 1
it 1
it 1
it 1
it 1
it 1
it 1
it 1
it 1
it 1
it 1
it 1
it 1
it 1
it 1
it 1
it 1
it 1
it 1
it 1
it 1
it 1
it 1
it 1
it 1
it 1
it 1
it 1
it 1
it 1
it 1
it 1
it 1
it 1
it 1
it 1
it 1
it 1
it 1
it 1
it 1
it 1
it 1
it 1
it 1
it 1
it 1
it 1
it 1
it 1
it 1
it 1
it 1
it 1
it 1
it 1
it 1
it 1
it 1
it 1
it 1
it 1
it 1
it 1
it 1
it 1
it 1
it 1
it 1
it 1
it 1
it 1
it 1
it 1
it 1
it 1
it 1
it 1
it 1
it 1
it 1
it 1
it 1
it 1
it 1
it 1
it 1
it 1
it 1
it 1
it 1
it 1
it 1
it 1
it 1
it 1
it 1
it 1
it 1
it 1
it 1
it 1
it 1
it 1
it 1
it 1
it 1
it 1
it 1
it 1
it 1
it 1
it 1
it 1
it 1
it 1
it 1
it 1
it 1
it 1
it 1
it 1
it 1
it 1
it 1
it 1
it 1
it 1
it 1
it 1
it 1
it 1
it 1
it 1
it 1
it 1
it 1
it 1
it 1
it 1
it 1
it 1
it 1
it 1
it 1
it 1
it 1
it 1
it 1
it 1
it 1
it 1
it 1
it 1
it 1
it 1
it 1
it 1
it 1
it 1
it 1
it 1
it 1
it 1
it 1
it 1
it 1
it 1
it 1
it 1
it 1
it 1
it 1
it 1
it 1
it 1
it 1
it 1
it 1
it 1
it 1
it 1
it 1
it 1
it 1
it 1
it 1
it 1
it 1
it 1
it 1
it 1
it 1
it 1
it 1
it 1
it 1
it 1
it 1
it 1
it 1
it 1
it 1
it 1
it 1
it 1
it 1
it 1
it 1
it 1
it 1
it 1
it 1
it 1
it 1
it 1
it 1
it 1
it 1
it 1
it 1
it 1
it 1
it 1
it 1
it 1
it 1
it 1
it 1
it 1
it 1
it 1
it 1
it 1
it 1
it 1
it 1
it 1
it 1
it 1
it 1
it 1
it 1
it 1
it 1
it 1
it 1
it 1
it 1
it 1
it 1
it 1
it 1
it 1
it 1
it 1
it 1
it 1
it 1
it 1
it 1
it 1
it 1
it 1
it 1
it 1
it 1
it 1
it 1
it 1
it 1
it 1
it 1
kicks 1
kids 1
kids 1
kids 1
kids 1
kids 1
kids 1
kids 1
kids 1
king 1
king 1
king 1
king 1
king 1
king 1
king 1
king 1
king 1
king 1
king 1
king 1
king 1
king 1
king 1
king 1
king 1
king 1
king 1
king 1
king 1
king 1
king 1
king 1
king 1
king 1
king 1
king 1
king 1
king 1
king 1
king 1
king 1
king 1
king 1
king 1
king 1
king 1
king 1
king 1
king 1
king 1
king 1
king 1
king 1
king 1
king 1
king 1
king 1
king 1
king 1
king 1
king 1
king 1
king 1
king 1
king 1
king 1
king 1
king 1
king 1
king 1
king 1
king 1
king 1
king 1
king 1
king 1
king 1
king 1
king 1
king 1
king 1
king 1
king 1
king 1
king 1
king 1
king 1
king 1
king 1
king 1
king 1
king 1
king 1
king 1
king 1
king 1
king 1
king 1
king 1
king 1
king 1
king 1
king 1
king 1
king 1
king 1
king 1
king 1
king 1
king 1
king 1
king 1
king 1
king 1
king 1
king 1
king 1
king 1
king 1
king 1
king 1
king 1
king 1
king 1
king 1
king 1
king 1
king 1
king 1
king 1
king 1
king 1
king 1
king 1
king 1
king 1
king 1
king 1
king 1
king 1
king 1
king 1
king 1
king 1
king 1
king 1
king 1
king 1
king 1
king 1
king 1
king 1
king 1
king 1
king 1
king 1
king 1
king 1
king 1
king 1
king 1
king 1
king 1
king 1
king 1
king 1
king 1
king 1
king 1
king 1
king 1
king 1
king 1
king 1
king 1
king 1
king 1
king 1
king 1
king 1
king 1
king 1
king 1
king 1
king 1
king 1
king 1
king 1
king 1
king 1
king 1
king 1
king 1
king 1
king 1
king 1
king 1
king 1
king 1
king 1
king 1
king 1
king 1
king 1
king 1
king 1
king 1
king 1
king 1
king 1
king 1
king 1
king 1
king 1
king 1
king 1
king 1
king 1
king 1
king 1
king 1
king 1
king 1
king 1
king 1
king 1
king 1
king 1
king 1
king 1
king 1
king 1
king 1
king 1
king 1
king 1
king 1
king 1
king 1
king 1
king 1
king 1
king 1
king 1
king 1
king 1
king 1
king 1
king 1
king 1
king 1
king 1
king 1
king 1
king 1
king 1
king 1
king 1
king 1
king 1
king 1
king 1
king 1
king 1
king 1
king 1
king 1
king 1
king 1
king 1
king 1
king 1
king 1
king 1
king 1
king 1
king 1
king 1
king 1
king 1
king 1
king 1
king 1
king 1
king 1
king 1
king 1
king 1
king 1
king 1
king 1
king 1
king 1
king 1
king 1
king 1
king 1
king 1
king 1
king 1
king 1
king 1
king 1
king 1
king 1
king 1
king 1
king 1
king 1
king 1
king 1
king 1
king 1
king 1
king 1
king 1
king 1
king 1
king 1
king 1
king 1
king 1
king 1
king 1
king 1
king 1
king 1
king 1
king 1
king 1
king 1
king 1
king 1
king 1
king 1
king 1
king 1
king 1
king 1
king 1
king 1
king 1
king 1
king 1
king 1
king 1
king 1
king 1
king 1
king 1
king 1
king 1
king 1
king 1
king 1
king 1
king 1
kingdom 1
kingdom 1
kingdom 1
kingdom 1
kingdom 1
kingdom 1
kingdom 1
kingdom 1
kingdom 1
kingdom 1
kingdom 1
kingdom 1
kingdom 1
kingdom 1
kingdom 1
kingdom 1
kingdom 1
kingdom 1
kingdom 1
kingdom 1
kingdom 1
kingdom 1
kingdom 1
kingdom 1
kingdom 1
kingdom 1
kingdom 1
kingdom 1
kingdom 1
kingdom 1
kingdom 1
kingdom 1
kingdom 1
kingdom 1
kingdom 1
kingdom 1
kingdom 1
kingdom 1
kissed 1
kissed 1
kissed 1
kissed 1
kissed 1
kissed 1
kissed 1
kissed 1
kissed 1
knew 1
knew 1
knew 1
knew 1
knew 1
knew 1
knew 1
knew 1
knew 1
knew 1
knew 1
knew 1
knew 1
knew 1
knew 1
knew 1
knew 1
knew 1
knew 1
knew 1
knew 1
knew 1
knew 1
knew 1
knew 1
knew 1
knew 1
knew 1
knew 1
knew 1
knew 1
knew 1
knew 1
knew 1
knew 1
knew 1
knew 1
knew 1
knew 1
knew 1
knew 1
knew 1
knew 1
knew 1
knew 1
knew 1
knew 1
knew 1
knew 1
knew 1
knew 1
knew 1
knew 1
knew 1
knew 1
knew 1
krr 1
krr 1
lazily 1
leaped 1
left 1
left 1
left 1
left 1
left 1
left 1
left 1
left 1
left 1
left 1
left 1
left 1
left 1
left 1
left 1
left 1
left 1
left 1
left 1
left 1
left 1
left 1
left 1
left 1
left 1
left 1
left 1
left 1
left 1
left 1
left 1
left 1
left 1
left 1
left 1
left 1
left 1
left 1
left 1
left 1
left 1
left 1
left 1
left 1
left 1
left 1
left 1
left 1
left 1
left 1
left 1
left 1
left 1
left 1
left 1
left 1
left 1
left 1
left 1
left 1
left 1
left 1
left 1
left 1
left 1
left 1
left 1
left 1
left 1
left 1
left 1
left 1
left 1
left 1
left 1
left 1
left 1
left 1
left 1
left 1
let 1
let 1
let 1
let 1
let 1
let 1
let 1
let 1
let 1
let 1
let 1
let 1
let 1
let 1
let 1
let 1
let 1
let 1
let 1
let 1
let 1
let 1
let 1
let 1
let 1
let 1
let 1
let 1
let 1
let 1
let 1
let 1
let 1
let 1
let 1
let 1
let 1
let 1
let 1
let 1
let 1
let 1
let 1
let 1
let 1
let 1
let 1
let 1
let 1
let 1
let 1
let 1
let 1
let 1
let 1
let 1
let 1
let 1
let 1
let 1
let 1
let 1
let 1
let 1
let 1
let 1
let 1
let 1
let 1
let 1
let 1
let 1
let 1
let 1
let 1
let 1
let 1
let 1
let 1
let 1
let 1
let 1
let 1
let 1
let 1
let 1
let 1
let 1
let 1
let 1
let 1
let 1
let 1
let 1
let 1
let 1
let 1
let 1
let 1
let 1
let 1
let 1
let 1
let 1
let 1
let 1
let 1
let 1
let 1
let 1
let 1
let 1
let 1
let 1
let 1
let 1
let 1
let 1
let 1
let 1
let 1
let 1
let 1
let 1
let 1
let 1
let 1
let 1
let 1
let 1
let 1
let 1
lick 1
licking 1
lighthearted 1
lighthearted 1
lighthearted 1
lights 1
lights 1
lights 1
likewise 1
likewise 1
likewise 1
likewise 1
likewise 1
likewise 1
likewise 1
likewise 1
likewise 1
likewise 1
likewise 1
likewise 1
likewise 1
likewise 1
likewise 1
likewise 1
likewise 1
likewise 1
likewise 1
likewise 1
likewise 1
likewise 1
limbs 1
limbs 1
linger 1
linked 1
lit 1
lit 1
lock 1
lock 1
lock 1
lock 1
lock 1
lock 1
lock 1
loudly 1
loudly 1
loudly 1
loudly 1
loudly 1
loudly 1
loudly 1
loudly 1
made 1
made 1
made 1
made 1
made 1
made 1
made 1
made 1
made 1
made 1
made 1
made 1
made 1
made 1
made 1
made 1
made 1
made 1
made 1
made 1
made 1
made 1
made 1
made 1
made 1
made 1
made 1
made 1
made 1
made 1
made 1
made 1
made 1
made 1
made 1
made 1
made 1
made 1
made 1
made 1
made 1
made 1
made 1
made 1
made 1
made 1
made 1
made 1
made 1
made 1
made 1
made 1
made 1
made 1
made 1
made 1
made 1
made 1
made 1
made 1
made 1
made 1
made 1
made 1
made 1
made 1
made 1
made 1
made 1
made 1
made 1
made 1
made 1
made 1
made 1
made 1
made 1
made 1
made 1
made 1
made 1
made 1
made 1
made 1
made 1
made 1
made 1
made 1
made 1
made 1
made 1
made 1
made 1
made 1
made 1
made 1
made 1
made 1
made 1
made 1
made 1
made 1
made 1
made 1
made 1
made 1
made 1
made 1
made 1
made 1
made 1
made 1
made 1
made 1
made 1
made 1
made 1
made 1
made 1
made 1
made 1
maid 1
maid 1
maid 1
maid 1
maid 1
maid 1
maid 1
maid 1
maid 1
maid 1
maid 1
maid 1
maid 1
maid 1
maid 1
maid 1
maid 1
maid 1
maid 1
maid 1
maid 1
maid 1
maid 1
maid 1
maid 1
maid 1
maid 1
maid 1
maid 1
maid 1
maid 1
maid 1
maid 1
majesty 1
majesty 1
majesty 1
makes 1
makes 1
makes 1
makes 1
makes 1
makes 1
makes 1
makes 1
makes 1
makes 1
masons 1
match 1
match 1
match 1
meadow 1
meadow 1
meadow 1
meadow 1
meadow 1
meadow 1
meadow 1
meadow 1
meadow 1
meadow 1
meadow 1
meadow 1
meagre 1
meal 1
meal 1
meal 1
meal 1
meal 1
meal 1
meal 1
meal 1
meal 1
meal 1
meddle 1
meddle 1
messenger 1
messenger 1
messenger 1
miller 1
miller 1
miller 1
miller 1
miller 1
miller 1
miller 1
miller 1
miller 1
miller 1
miller 1
miller 1
miller 1
miller 1
miller 1
miller 1
miller 1
miller 1
miller 1
miller 1
miller 1
miller 1
miller 1
miller 1
miller 1
miller 1
miller 1
miller 1
miller 1
miller 1
miller 1
miller 1
miller 1
miller 1
miller 1
miller 1
miller 1
minds 1
minds 1
minds 1
mocked 1
mocked 1
months 1
months 1
motions 1
mourners 1
murder 1
murder 1
mussel 1
naked 1
naked 1
naked 1
nap 1
nasty 1
nasty 1
nasty 1
naught 1
neighbourhood 1
neighbourhood 1
newsletter 1
nice 1
nice 1
nice 1
nice 1
nice 1
nice 1
nice 1
nice 1
nice 1
nice 1
nightingales 1
nimbly 1
nimbly 1
nimbly 1
nimbly 1
noises 1
nurse 1
nurse 1
nurse 1
nutshell 1
nutshell 1
oak 1
oak 1
objection 1
objection 1
obsolete 1
odd 1
odd 1
odd 1
odd 1
odd 1
odd 1
once 1
once 1
once 1
once 1
once 1
once 1
once 1
once 1
once 1
once 1
once 1
once 1
once 1
once 1
once 1
once 1
once 1
once 1
once 1
once 1
once 1
once 1
once 1
once 1
once 1
once 1
once 1
once 1
once 1
once 1
once 1
once 1
once 1
once 1
once 1
once 1
once 1
once 1
once 1
once 1
once 1
once 1
once 1
once 1
once 1
once 1
once 1
once 1
once 1
once 1
once 1
once 1
once 1
once 1
once 1
once 1
once 1
once 1
once 1
once 1
once 1
once 1
once 1
once 1
once 1
once 1
once 1
once 1
once 1
once 1
once 1
once 1
once 1
once 1
once 1
once 1
once 1
once 1
once 1
once 1
once 1
once 1
once 1
once 1
once 1
once 1
once 1
once 1
once 1
once 1
once 1
once 1
once 1
once 1
once 1
once 1
once 1
once 1
once 1
once 1
once 1
once 1
once 1
once 1
once 1
once 1
once 1
once 1
once 1
once 1
once 1
once 1
once 1
once 1
once 1
once 1
once 1
once 1
once 1
once 1
once 1
once 1
once 1
once 1
once 1
once 1
once 1
once 1
once 1
once 1
once 1
once 1
ordered 1
ordered 1
ordered 1
ordered 1
ordered 1
ordered 1
ordered 1
ordered 1
ordered 1
ordered 1
ordered 1
ordered 1
ordered 1
ordered 1
ordered 1
ordered 1
ordered 1
ordered 1
ordered 1
ordered 1
ordered 1
ordered 1
ordered 1
ordered 1
ordered 1
ordered 1
orders 1
ounces 1
outwitted 1
owe 1
pails 1
pantaloons 1
pantaloons 1
pantaloons 1
passes 1
passing 1
passing 1
passing 1
passing 1
passing 1
passing 1
passing 1
passing 1
passing 1
passion 1
passion 1
passion 1
passion 1
passion 1
path 1
path 1
path 1
path 1
path 1
path 1
path 1
path 1
path 1
path 1
path 1
path 1
path 1
path 1
patience 1
paws 1
paws 1
paws 1
paws 1
paws 1
paws 1
payments 1
payments 1
payments 1
peas 1
peas 1
peas 1
peas 1
peas 1
peas 1
peas 1
peas 1
peas 1
peas 1
peas 1
peas 1
peas 1
peas 1
peas 1
peas 1
peas 1
peas 1
peas 1
peasants 1
peasants 1
peasants 1
peasants 1
peasants 1
peasants 1
peasants 1
peasants 1
peasants 1
perched 1
perched 1
perched 1
perched 1
perched 1
perched 1
perched 1
perched 1
performances 1
periodic 1
persistent 1
person 1
person 1
person 1
person 1
person 1
person 1
piebald 1
pin 1
pin 1
pin 1
pin 1
pin 1
pin 1
pin 1
pitiful 1
plan 1
plan 1
plan 1
plan 1
plan 1
plan 1
planks 1
planks 1
planks 1
plates 1
plates 1
plates 1
plates 1
plates 1
played 1
played 1
played 1
played 1
played 1
played 1
played 1
played 1
played 1
played 1
played 1
played 1
playthings 1
pluck 1
pluck 1
pluck 1
plunged 1
polish 1
pond 1
pond 1
pond 1
pond 1
possessed 1
possessed 1
price 1
price 1
price 1
price 1
prison 1
prisoners 1
project 1
provided 1
provided 1
provided 1
provided 1
prying 1
prying 1
public 1
public 1
public 1
public 1
public 1
public 1
public 1
public 1
public 1
public 1
purse 1
purse 1
purse 1
purse 1
put 1
put 1
put 1
put 1
put 1
put 1
put 1
put 1
put 1
put 1
put 1
put 1
put 1
put 1
put 1
put 1
put 1
put 1
put 1
put 1
put 1
put 1
put 1
put 1
put 1
put 1
put 1
put 1
put 1
put 1
put 1
put 1
put 1
put 1
put 1
put 1
put 1
put 1
put 1
put 1
put 1
put 1
put 1
put 1
put 1
put 1
put 1
put 1
put 1
put 1
put 1
put 1
put 1
put 1
put 1
put 1
put 1
put 1
put 1
put 1
put 1
put 1
put 1
put 1
put 1
put 1
put 1
put 1
put 1
put 1
put 1
put 1
put 1
put 1
put 1
put 1
put 1
put 1
put 1
put 1
put 1
put 1
put 1
put 1
put 1
put 1
put 1
put 1
put 1
put 1
put 1
put 1
put 1
put 1
put 1
put 1
put 1
put 1
put 1
put 1
put 1
put 1
put 1
put 1
put 1
put 1
put 1
put 1
put 1
put 1
put 1
put 1
put 1
put 1
put 1
put 1
put 1
put 1
put 1
put 1
put 1
put 1
put 1
put 1
put 1
put 1
put 1
put 1
put 1
put 1
put 1
put 1
put 1
rap 1
rap 1
reappeared 1
recovered 1
redistribution 1
reflection 1
refresh 1
refresh 1
rejoice 1
rejoice 1
rendered 1
repay 1
repented 1
reproached 1
require 1
require 1
require 1
require 1
require 1
required 1
required 1
required 1
returns 1
richer 1
richer 1
roam 1
room 1
room 1
room 1
room 1
room 1
room 1
room 1
room 1
room 1
room 1
room 1
room 1
room 1
room 1
room 1
room 1
room 1
room 1
room 1
room 1
room 1
room 1
room 1
room 1
room 1
room 1
room 1
room 1
room 1
room 1
room 1
room 1
room 1
room 1
room 1
room 1
room 1
room 1
room 1
room 1
room 1
room 1
room 1
room 1
room 1
room 1
room 1
room 1
room 1
room 1
room 1
running 1
running 1
running 1
running 1
running 1
running 1
running 1
running 1
running 1
running 1
running 1
running 1
running 1
running 1
running 1
running 1
running 1
running 1
saddle 1
saddle 1
saddle 1
saddle 1
safe 1
safe 1
safe 1
safe 1
safe 1
safe 1
safe 1
safe 1
safe 1
safe 1
safe 1
safe 1
safe 1
safe 1
safe 1
safe 1
safe 1
safe 1
safe 1
safe 1
safe 1
sale 1
saying 1
saying 1
saying 1
saying 1
saying 1
saying 1
saying 1
saying 1
saying 1
saying 1
saying 1
saying 1
saying 1
saying 1
saying 1
saying 1
saying 1
saying 1
saying 1
saying 1
saying 1
saying 1
saying 1
saying 1
saying 1
saying 1
saying 1
scattered 1
scattered 1
scattered 1
scattered 1
scattered 1
scenes 1
scolding 1
scoundrel 1
screwed 1
scullion 1
searcher 1
seat 1
seat 1
seat 1
seat 1
seat 1
seat 1
seeing 1
seeing 1
seeing 1
seeing 1
seeing 1
seeing 1
seeing 1
seeing 1
seeing 1
seeing 1
seeing 1
seeing 1
seeing 1
seeing 1
seeing 1
seeing 1
seeing 1
seeing 1
seeing 1
seeing 1
seems 1
seems 1
seems 1
seems 1
seems 1
seems 1
sentenced 1
sentenced 1
sentenced 1
serve 1
serve 1
serve 1
serve 1
serve 1
settled 1
settled 1
settled 1
settled 1
settled 1
settled 1
settled 1
settled 1
seven 1
seven 1
seven 1
seven 1
seven 1
seven 1
seven 1
seven 1
seven 1
seven 1
seven 1
seven 1
seven 1
seven 1
seven 1
seven 1
seven 1
seven 1
seven 1
seven 1
seven 1
seven 1
seven 1
seven 1
seven 1
seven 1
seven 1
seven 1
seven 1
seven 1
seven 1
seven 1
seven 1
seven 1
seven 1
seven 1
seven 1
seven 1
seven 1
seven 1
seven 1
seven 1
seven 1
seven 1
seven 1
seven 1
shabby 1
shabby 1
shabby 1
shabby 1
shabby 1
shabby 1
shabby 1
shady 1
share 1
share 1
share 1
share 1
share 1
share 1
sheer 1
shiver 1
shocked 1
shocked 1
shoemaker 1
shoemaker 1
shoemaker 1
shoemaker 1
shoemaker 1
shoemaker 1
shoemaker 1
shoemaker 1
shoemaker 1
shoot 1
shoot 1
shoot 1
shoot 1
shoot 1
shoot 1
shoot 1
shoot 1
should 1
should 1
should 1
should 1
should 1
should 1
should 1
should 1
should 1
should 1
should 1
should 1
should 1
should 1
should 1
should 1
should 1
should 1
should 1
should 1
should 1
should 1
should 1
should 1
should 1
should 1
should 1
should 1
should 1
should 1
should 1
should 1
should 1
should 1
should 1
should 1
should 1
should 1
should 1
should 1
should 1
should 1
should 1
should 1
should 1
should 1
should 1
should 1
should 1
should 1
should 1
should 1
should 1
should 1
should 1
should 1
should 1
should 1
should 1
should 1
should 1
should 1
should 1
should 1
should 1
should 1
should 1
should 1
should 1
should 1
should 1
should 1
should 1
should 1
should 1
should 1
should 1
should 1
should 1
should 1
should 1
should 1
should 1
should 1
should 1
should 1
should 1
should 1
should 1
should 1
should 1
should 1
should 1
should 1
should 1
should 1
should 1
should 1
should 1
should 1
should 1
should 1
should 1
should 1
should 1
should 1
should 1
should 1
should 1
should 1
should 1
should 1
should 1
should 1
should 1
should 1
should 1
should 1
should 1
should 1
should 1
should 1
should 1
should 1
should 1
should 1
should 1
should 1
should 1
should 1
should 1
should 1
should 1
should 1
should 1
should 1
should 1
should 1
should 1
should 1
should 1
should 1
should 1
should 1
should 1
should 1
should 1
should 1
should 1
should 1
should 1
should 1
should 1
should 1
should 1
should 1
should 1
should 1
should 1
should 1
should 1
should 1
should 1
should 1
should 1
should 1
should 1
should 1
should 1
should 1
should 1
should 1
should 1
should 1
shouting 1
shouting 1
shovel 1
shrank 1
silence 1
silence 1
silenced 1
simpleton 1
simpleton 1
singing 1
singing 1
singing 1
singing 1
singing 1
singing 1
singing 1
singing 1
singing 1
singing 1
singing 1
singing 1
singing 1
singing 1
singing 1
singing 1
singing 1
singing 1
singing 1
sinking 1
sinner 1
sinner 1
sits 1
sits 1
sits 1
sits 1
sits 1
sits 1
sits 1
sits 1
slaughterers 1
slay 1
sleeves 1
slipped 1
slipped 1
slipped 1
slipped 1
slipped 1
slipped 1
slipped 1
slipped 1
slipped 1
slipped 1
slipped 1
slipped 1
slipped 1
slipped 1
slipped 1
smack 1
smell 1
smell 1
smell 1
snarled 1
snow 1
snow 1
snow 1
snow 1
snow 1
snow 1
snow 1
snow 1
snow 1
snow 1
snow 1
snow 1
snow 1
snow 1
snow 1
snow 1
snow 1
snow 1
snow 1
snow 1
sons 1
sons 1
sons 1
sons 1
sons 1
sons 1
sons 1
sons 1
sons 1
sons 1
sons 1
sons 1
sons 1
sons 1
sorrowed 1
sorrowed 1
soul 1
soul 1
soul 1
soul 1
sour 1
sour 1
sour 1
south 1
south 1
spacious 1
spared 1
spied 1
splash 1
stable 1
stable 1
stable 1
stable 1
stable 1
stable 1
stable 1
stable 1
stable 1
stable 1
stable 1
state 1
state 1
state 1
state 1
state 1
state 1
state 1
state 1
staying 1
staying 1
stirred 1
stirred 1
stirred 1
stirred 1
stirred 1
stockings 1
stockings 1
stockings 1
stolen 1
stolen 1
stolen 1
stolen 1
stolen 1
stolen 1
stolen 1
stolen 1
stolen 1
stone 1
stone 1
stone 1
stone 1
stone 1
stone 1
stone 1
stone 1
stone 1
stone 1
stone 1
stone 1
stone 1
stone 1
stone 1
stone 1
stone 1
stone 1
stone 1
stone 1
stone 1
stone 1
stone 1
stone 1
stone 1
stone 1
stone 1
stone 1
stone 1
stone 1
stone 1
stone 1
stone 1
stool 1
stool 1
stool 1
stool 1
stoop 1
stoop 1
streamed 1
streamed 1
streamed 1
street 1
street 1
street 1
street 1
street 1
street 1
street 1
street 1
street 1
strewn 1
strewn 1
strewn 1
strewn 1
stripped 1
strong 1
strong 1
strong 1
strong 1
strong 1
strong 1
strong 1
strong 1
student 1
student 1
student 1
student 1
student 1
student 1
stuffed 1
stumbles 1
successive 1
sulkily 1
sulkily 1
supper 1
supper 1
supper 1
supper 1
supper 1
supper 1
supper 1
supper 1
supper 1
tables 1
tails 1
tails 1
tails 1
tails 1
tails 1
tails 1
tangled 1
tap 1
tap 1
tap 1
tap 1
tap 1
tap 1
tap 1
tap 1
taxes 1
tempted 1
ten 1
ten 1
ten 1
ten 1
thankful 1
thankful 1
thankful 1
thanks 1
thoroughly 1
thoroughly 1
those 1
those 1
those 1
those 1
those 1
those 1
those 1
those 1
those 1
those 1
those 1
those 1
those 1
those 1
those 1
threes 1
through 1
through 1
through 1
through 1
through 1
through 1
through 1
through 1
through 1
through 1
through 1
through 1
through 1
through 1
through 1
through 1
through 1
through 1
through 1
through 1
through 1
through 1
through 1
through 1
through 1
through 1
through 1
through 1
through 1
through 1
through 1
through 1
through 1
through 1
through 1
through 1
through 1
through 1
through 1
through 1
through 1
through 1
through 1
through 1
through 1
through 1
through 1
through 1
through 1
through 1
through 1
through 1
through 1
through 1
through 1
through 1
through 1
through 1
through 1
through 1
through 1
through 1
through 1
through 1
through 1
through 1
through 1
through 1
through 1
through 1
through 1
through 1
through 1
through 1
through 1
through 1
through 1
through 1
through 1
through 1
through 1
through 1
thrusts 1
thunderstorm 1
token 1
token 1
token 1
token 1
token 1
top 1
top 1
top 1
top 1
top 1
top 1
top 1
top 1
top 1
top 1
top 1
top 1
top 1
top 1
top 1
top 1
top 1
top 1
top 1
top 1
top 1
torment 1
touch 1
touch 1
touch 1
touch 1
touching 1
towns 1
transformation 1
treachery 1
treachery 1
trembled 1
trembled 1
trembled 1
trembled 1
trembled 1
trick 1
trick 1
trick 1
trick 1
trip 1
trip 1
troubled 1
troubled 1
truth 1
truth 1
truth 1
truth 1
truth 1
truth 1
truth 1
truth 1
truth 1
trying 1
trying 1
trying 1
tub 1
tumble 1
twas 1
twins 1
undertake 1
undertake 1
undertake 1
undertake 1
unexpected 1
unlocked 1
unruly 1
upright 1
upright 1
uproar 1
uproar 1
uproar 1
valley 1
valley 1
valley 1
valley 1
vent 1
virus 1
voices 1
wages 1
wages 1
wages 1
wagged 1
wagged 1
walk 1
walk 1
walk 1
walk 1
walk 1
walk 1
walk 1
walk 1
walk 1
walk 1
walk 1
walk 1
walk 1
walk 1
walk 1
walk 1
walk 1
walk 1
walk 1
walk 1
walk 1
walk 1
walk 1
ware 1
wars 1
wars 1
wash 1
wash 1
wash 1
wash 1
wash 1
wash 1
wetted 1
which 1
which 1
which 1
which 1
which 1
which 1
which 1
which 1
which 1
which 1
which 1
which 1
which 1
which 1
which 1
which 1
which 1
which 1
which 1
which 1
which 1
which 1
which 1
which 1
which 1
which 1
which 1
which 1
which 1
which 1
which 1
which 1
which 1
which 1
which 1
which 1
which 1
which 1
which 1
which 1
which 1
which 1
which 1
which 1
which 1
which 1
which 1
which 1
which 1
which 1
which 1
which 1
which 1
which 1
which 1
which 1
which 1
which 1
which 1
which 1
which 1
which 1
which 1
which 1
which 1
which 1
which 1
which 1
which 1
which 1
which 1
which 1
which 1
which 1
which 1
which 1
which 1
which 1
which 1
which 1
which 1
which 1
which 1
which 1
which 1
which 1
which 1
which 1
which 1
which 1
which 1
which 1
which 1
which 1
which 1
which 1
which 1
which 1
which 1
which 1
which 1
which 1
which 1
which 1
which 1
which 1
which 1
which 1
which 1
which 1
which 1
which 1
which 1
which 1
which 1
which 1
which 1
which 1
which 1
which 1
which 1
which 1
which 1
which 1
which 1
which 1
which 1
which 1
which 1
which 1
which 1
which 1
which 1
which 1
which 1
which 1
which 1
which 1
which 1
which 1
which 1
which 1
which 1
which 1
which 1
which 1
which 1
which 1
which 1
which 1
which 1
which 1
which 1
which 1
which 1
which 1
which 1
which 1
which 1
which 1
which 1
which 1
which 1
which 1
which 1
which 1
which 1
which 1
which 1
which 1
which 1
which 1
which 1
which 1
which 1
which 1
which 1
which 1
which 1
which 1
which 1
which 1
which 1
which 1
which 1
which 1
which 1
which 1
which 1
which 1
which 1
which 1
which 1
which 1
which 1
which 1
white 1
white 1
white 1
white 1
white 1
white 1
white 1
white 1
white 1
white 1
white 1
white 1
white 1
white 1
white 1
white 1
white 1
white 1
white 1
white 1
white 1
white 1
white 1
white 1
white 1
white 1
white 1
white 1
white 1
white 1
white 1
white 1
white 1
white 1
white 1
white 1
white 1
white 1
white 1
white 1
white 1
white 1
white 1
white 1
white 1
white 1
white 1
white 1
white 1
white 1
white 1
white 1
white 1
white 1
white 1
white 1
white 1
white 1
white 1
white 1
white 1
white 1
white 1
white 1
white 1
white 1
white 1
white 1
white 1
white 1
white 1
white 1
white 1
white 1
white 1
white 1
white 1
white 1
white 1
white 1
white 1
white 1
white 1
white 1
white 1
whither 1
whither 1
whither 1
whither 1
whither 1
whither 1
willingly 1
willingly 1
willingly 1
willingly 1
willingly 1
willingly 1
willingly 1
willingly 1
willingly 1
willingly 1
willingly 1
willingly 1
willows 1
winds 1
winds 1
winds 1
winter 1
winter 1
winter 1
winter 1
winter 1
winter 1
winter 1
winter 1
wiped 1
wish 1
wish 1
wish 1
wish 1
wish 1
wish 1
wish 1
wish 1
wish 1
wish 1
wish 1
wish 1
wish 1
wish 1
wish 1
wish 1
wish 1
wish 1
wish 1
wish 1
wish 1
wish 1
wish 1
wish 1
wish 1
wish 1
wish 1
wish 1
wish 1
wish 1
wish 1
wish 1
wish 1
wish 1
wish 1
wish 1
wish 1
wish 1
wish 1
wish 1
wish 1
wish 1
witch 1
witch 1
witch 1
witch 1
witch 1
witch 1
witch 1
witch 1
witch 1
witch 1
witch 1
witch 1
witch 1
witch 1
witch 1
witch 1
witch 1
witch 1
witch 1
witch 1
witch 1
witch 1
witch 1
witch 1
witch 1
witch 1
witch 1
witch 1
witch 1
witch 1
witch 1
witch 1
witch 1
woodman 1
woodman 1
woodman 1
woodman 1
woodman 1
woodman 1
woodman 1
woodman 1
woodman 1
woodman 1
wore 1
wore 1
wore 1
workshop 1
workshop 1
workshop 1
wretch 1
wretch 1
wretch 1
wretch 1
wretch 1
wretch 1
wretch 1
wretch 1
wretch 1
wretch 1
wretch 1
wretch 1
wretch 1
wretch 1
wretch 1
wretch 1
wretch 1
wretch 1
wretch 1
wretch 1
wretch 1
wretchedness 1
yards 1
yards 1
yonder 1
yonder 1
yonder 1
your 1
your 1
your 1
your 1
your 1
your 1
your 1
your 1
your 1
your 1
your 1
your 1
your 1
your 1
your 1
your 1
your 1
your 1
your 1
your 1
your 1
your 1
your 1
your 1
your 1
your 1
your 1
your 1
your 1
your 1
your 1
your 1
your 1
your 1
your 1
your 1
your 1
your 1
your 1
your 1
your 1
your 1
your 1
your 1
your 1
your 1
your 1
your 1
your 1
your 1
your 1
your 1
your 1
your 1
your 1
your 1
your 1
your 1
your 1
your 1
your 1
your 1
your 1
your 1
your 1
your 1
your 1
your 1
your 1
your 1
your 1
your 1
your 1
your 1
your 1
your 1
your 1
your 1
your 1
your 1
your 1
your 1
your 1
your 1
your 1
your 1
your 1
your 1
your 1
your 1
your 1
your 1
your 1
your 1
your 1
your 1
your 1
your 1
your 1
your 1
your 1
your 1
your 1
your 1
your 1
your 1
your 1
your 1
your 1
your 1
your 1
your 1
your 1
your 1
your 1
your 1
your 1
your 1
your 1
your 1
your 1
your 1
your 1
your 1
your 1
your 1
your 1
your 1
your 1
your 1
your 1
your 1
your 1
your 1
your 1
your 1
your 1
your 1
your 1
your 1
your 1
your 1
your 1
your 1
your 1
your 1
your 1
your 1
your 1
your 1
your 1
your 1
your 1
your 1
your 1
your 1
your 1
your 1
your 1
your 1
your 1
your 1
your 1
your 1
your 1
your 1
your 1
your 1
your 1
your 1
your 1
your 1
your 1
your 1
your 1
your 1
your 1
your 1
your 1
your 1
your 1
your 1
your 1
your 1
your 1
your 1
your 1
your 1
your 1
your 1
your 1
your 1
your 1
your 1
your 1
your 1
your 1
your 1
your 1
your 1
your 1
your 1
your 1
your 1
your 1
your 1
your 1
your 1
your 1
your 1
your 1
your 1
your 1
your 1
your 1
your 1
your 1
your 1
your 1
your 1
your 1
your 1
your 1
your 1
your 1
your 1
your 1
your 1
your 1
your 1
your 1
your 1
