A 1
A 1
A 1
A 1
A 1
A 1
A 1
A 1
A 1
A 1
A 1
A 1
A 1
A 1
A 1
A 1
A 1
A 1
A 1
A 1
A 1
A 1
A 1
A 1
A 1
A 1
A 1
A 1
A 1
A 1
A 1
A 1
A 1
A 1
A 1
A 1
A 1
A 1
A 1
A 1
A 1
A 1
A 1
A 1
A 1
A 1
A 1
A 1
A 1
A 1
A 1
A 1
A 1
A 1
A 1
A 1
A 1
A 1
A 1
A 1
A 1
A 1
A 1
A 1
A 1
A 1
A 1
A 1
A 1
A 1
A 1
A 1
A 1
A 1
A 1
A 1
A 1
A 1
A 1
A 1
A 1
A 1
A 1
A 1
A 1
A 1
A 1
A 1
A 1
A 1
A 1
A 1
A 1
A 1
A 1
A 1
A 1
A 1
A 1
A 1
A 1
A 1
A 1
A 1
A 1
A 1
ADVENTURES 1
ADVENTURES 1
ADVENTURES 1
About 1
About 1
About 1
About 1
About 1
About 1
About 1
About 1
About 1
About 1
Above 1
Above 1
Alas 1
Alas 1
All 1
All 1
All 1
All 1
All 1
All 1
All 1
All 1
All 1
All 1
All 1
All 1
All 1
All 1
All 1
All 1
All 1
All 1
All 1
All 1
All 1
All 1
Also 1
Amateur 1
Arms 1
Arms 1
Astonishment 1
Atkinson 1
Bengal 1
Breckinridge 1
Breckinridge 1
Breckinridge 1
Breckinridge 1
Breckinridge 1
Breckinridge 1
Breckinridge 1
Britain 1
British 1
British 1
British 1
British 1
Carlo 1
Chief 1
Chronicle 1
Chronicle 1
Clark 1
Coarse 1
Contributions 1
Copper 1
Copper 1
Copper 1
Copper 1
Copper 1
Copper 1
Copper 1
Copper 1
DISTRIBUTOR 1
DONATIONS 1
December 1
December 1
Defect 1
Dockyard 1
Duchess 1
Duchess 1
Dundee 1
Dundee 1
Dundee 1
Dundee 1
Dundee 1
Eh 1
Eh 1
Encyclopaedia 1
Encyclopaedia 1
Encyclopaedia 1
Encyclopaedia 1
Encyclopaedia 1
England 1
England 1
England 1
England 1
England 1
England 1
England 1
England 1
England 1
England 1
England 1
England 1
England 1
England 1
England 1
England 1
England 1
England 1
England 1
England 1
European 1
Every 1
Every 1
Every 1
Every 1
Every 1
Every 1
Everybody 1
Eyford 1
Eyford 1
Eyford 1
Eyford 1
Eyford 1
Eyford 1
Eyford 1
Eyford 1
Eyford 1
Ferguson 1
Ferguson 1
Ferguson 1
Ferguson 1
Fordham 1
Fordham 1
Foundation 1
Foundation 1
Foundation 1
Foundation 1
Foundation 1
Foundation 1
Foundation 1
Foundation 1
Foundation 1
Foundation 1
Foundation 1
Foundation 1
Foundation 1
Foundation 1
Foundation 1
Foundation 1
Foundation 1
Foundation 1
Foundation 1
Foundation 1
Foundation 1
Foundation 1
Foundation 1
Foundation 1
Freemasonry 1
Full 1
Grave 1
Gregory 1
Halifax 1
Harrow 1
Harrow 1
Harrow 1
Hart 1
Hart 1
Having 1
Having 1
Having 1
Having 1
Having 1
Having 1
Having 1
Having 1
Having 1
Having 1
He 1
He 1
He 1
He 1
He 1
He 1
He 1
He 1
He 1
He 1
He 1
He 1
He 1
He 1
He 1
He 1
He 1
He 1
He 1
He 1
He 1
He 1
He 1
He 1
He 1
He 1
He 1
He 1
He 1
He 1
He 1
He 1
He 1
He 1
He 1
He 1
He 1
He 1
He 1
He 1
He 1
He 1
He 1
He 1
He 1
He 1
He 1
He 1
He 1
He 1
He 1
He 1
He 1
He 1
He 1
He 1
He 1
He 1
He 1
He 1
He 1
He 1
He 1
He 1
He 1
He 1
He 1
He 1
He 1
He 1
He 1
He 1
He 1
He 1
He 1
He 1
He 1
He 1
He 1
He 1
He 1
He 1
He 1
He 1
He 1
He 1
He 1
He 1
He 1
He 1
He 1
He 1
He 1
He 1
He 1
He 1
He 1
He 1
He 1
He 1
He 1
He 1
He 1
He 1
He 1
He 1
He 1
He 1
He 1
He 1
He 1
He 1
He 1
He 1
He 1
He 1
He 1
He 1
He 1
He 1
He 1
He 1
He 1
He 1
He 1
He 1
He 1
He 1
He 1
He 1
He 1
He 1
He 1
He 1
He 1
He 1
He 1
He 1
He 1
He 1
He 1
He 1
He 1
He 1
He 1
He 1
He 1
He 1
He 1
He 1
He 1
He 1
He 1
He 1
He 1
He 1
He 1
He 1
He 1
He 1
He 1
He 1
He 1
He 1
He 1
He 1
He 1
He 1
He 1
He 1
He 1
He 1
He 1
He 1
He 1
He 1
He 1
He 1
He 1
He 1
He 1
He 1
He 1
He 1
He 1
He 1
He 1
He 1
He 1
He 1
He 1
He 1
He 1
He 1
He 1
He 1
He 1
He 1
He 1
He 1
He 1
He 1
He 1
He 1
He 1
He 1
He 1
He 1
He 1
He 1
He 1
He 1
He 1
He 1
He 1
He 1
He 1
He 1
He 1
He 1
He 1
He 1
He 1
He 1
He 1
He 1
He 1
He 1
He 1
He 1
He 1
He 1
He 1
He 1
He 1
He 1
He 1
He 1
He 1
He 1
He 1
He 1
He 1
He 1
He 1
He 1
He 1
He 1
He 1
He 1
He 1
He 1
He 1
He 1
He 1
He 1
He 1
He 1
He 1
He 1
He 1
He 1
He 1
He 1
He 1
He 1
He 1
He 1
He 1
He 1
He 1
He 1
He 1
He 1
He 1
He 1
He 1
He 1
He 1
He 1
He 1
He 1
He 1
He 1
He 1
He 1
He 1
He 1
He 1
He 1
He 1
He 1
He 1
He 1
He 1
He 1
He 1
He 1
He 1
He 1
He 1
He 1
He 1
He 1
He 1
He 1
He 1
He 1
He 1
He 1
He 1
He 1
He 1
He 1
He 1
He 1
He 1
He 1
Hebrew 1
IN 1
IN 1
If 1
If 1
If 1
If 1
If 1
If 1
If 1
If 1
If 1
If 1
If 1
If 1
If 1
If 1
If 1
If 1
If 1
If 1
If 1
If 1
If 1
If 1
If 1
If 1
If 1
If 1
If 1
If 1
If 1
If 1
If 1
If 1
If 1
If 1
If 1
If 1
If 1
If 1
If 1
If 1
If 1
If 1
If 1
If 1
If 1
If 1
If 1
If 1
If 1
If 1
If 1
If 1
If 1
If 1
If 1
If 1
If 1
If 1
If 1
If 1
If 1
If 1
If 1
If 1
If 1
If 1
If 1
If 1
If 1
If 1
If 1
If 1
If 1
If 1
If 1
If 1
If 1
If 1
If 1
If 1
If 1
If 1
If 1
If 1
If 1
Incredible 1
Indeed 1
Indeed 1
Indeed 1
Indeed 1
Indeed 1
Indeed 1
Indeed 1
Indeed 1
Indeed 1
Indeed 1
Indeed 1
Indeed 1
Indeed 1
Indeed 1
Indeed 1
Indeed 1
Indian 1
Indian 1
Indian 1
Indian 1
Indian 1
Indirectly 1
Irene 1
Irene 1
Irene 1
Irene 1
Irene 1
Irene 1
Irene 1
Irene 1
Irene 1
Irene 1
Irene 1
Irene 1
Irene 1
Irene 1
Irene 1
Irene 1
Isle 1
Jones 1
Jones 1
Jones 1
Jones 1
Jones 1
Jones 1
Jones 1
Jones 1
Jones 1
Jones 1
Jones 1
K 1
K 1
K 1
K 1
K 1
K 1
K 1
K 1
K 1
K 1
K 1
K 1
K 1
K 1
K 1
K 1
K 1
K 1
K 1
K 1
K 1
Kindly 1
Kindly 1
Kindly 1
Kindly 1
Kindly 1
Kindly 1
La 1
Lake 1
Lancaster 1
Lancaster 1
Leatherhead 1
Leatherhead 1
Leatherhead 1
Leatherhead 1
Let 1
Let 1
Let 1
Let 1
Let 1
Let 1
Let 1
Let 1
Let 1
Let 1
Let 1
Let 1
Let 1
Let 1
Let 1
Let 1
Let 1
Let 1
Let 1
Let 1
Let 1
Letters 1
License 1
License 1
License 1
License 1
License 1
License 1
License 1
License 1
License 1
License 1
Lordship 1
MARY 1
MYSTERY 1
Manor 1
Manor 1
March 1
March 1
March 1
March 1
McCauley 1
McCauley 1
Moran 1
Moran 1
Moran 1
Moran 1
Moran 1
Moran 1
Moran 1
Moran 1
Moran 1
Moran 1
Moran 1
Moran 1
Moran 1
Most 1
Most 1
Most 1
Most 1
NEGLIGENCE 1
Nearly 1
Nearly 1
Newby 1
News 1
Next 1
Next 1
Not 1
Not 1
Not 1
Not 1
Not 1
Not 1
Not 1
Not 1
Not 1
Not 1
Not 1
Not 1
Not 1
Not 1
Not 1
Not 1
Not 1
Not 1
Not 1
Not 1
Not 1
Not 1
Not 1
Not 1
Odessa 1
On 1
On 1
On 1
On 1
On 1
On 1
On 1
On 1
On 1
On 1
On 1
On 1
On 1
On 1
On 1
On 1
On 1
On 1
On 1
On 1
On 1
On 1
On 1
On 1
On 1
On 1
On 1
On 1
On 1
On 1
On 1
On 1
On 1
On 1
On 1
On 1
On 1
On 1
On 1
On 1
On 1
On 1
On 1
On 1
Openshaw 1
Openshaw 1
Openshaw 1
Openshaw 1
Openshaw 1
Openshaw 1
Openshaw 1
Openshaw 1
Openshaw 1
Openshaw 1
Openshaw 1
Openshaw 1
Openshaw 1
Openshaw 1
Openshaw 1
Openshaw 1
Oscillation 1
Others 1
Owe 1
POSSIBILITY 1
Paramore 1
Paramore 1
Passing 1
Percy 1
Petersfield 1
Petrarch 1
Philadelphia 1
Philadelphia 1
Place 1
Place 1
Posted 1
Posted 1
Putting 1
Regent 1
Regent 1
Retired 1
Roylott 1
Roylott 1
Roylott 1
Roylott 1
Roylott 1
Roylott 1
Roylott 1
Roylott 1
Roylott 1
Roylott 1
Roylott 1
Roylott 1
Roylott 1
Roylott 1
Roylott 1
Roylott 1
Roylott 1
Roylott 1
Roylott 1
Roylott 1
Roylott 1
Russian 1
STRICT 1
Save 1
Save 1
Saxon 1
Scandinavia 1
Scandinavia 1
Service 1
Should 1
Should 1
Should 1
Sign 1
Sign 1
Sophy 1
Stolen 1
Stolen 1
Stolen 1
Study 1
Study 1
Study 1
Swan 1
Swan 1
THOSE 1
Temple 1
Temple 1
Temple 1
Temple 1
Ten 1
Ten 1
Terse 1
Theories 1
Those 1
Those 1
Those 1
Those 1
Those 1
Though 1
Twenty 1
Twenty 1
Volunteers 1
Westphail 1
Which 1
Which 1
Which 1
Which 1
Which 1
Which 1
Which 1
Which 1
Wilton 1
Written 1
about 1
about 1
about 1
about 1
about 1
about 1
about 1
about 1
about 1
about 1
about 1
about 1
about 1
about 1
about 1
about 1
about 1
about 1
about 1
about 1
about 1
about 1
about 1
about 1
about 1
about 1
about 1
about 1
about 1
about 1
about 1
about 1
about 1
about 1
about 1
about 1
about 1
about 1
about 1
about 1
about 1
about 1
about 1
about 1
about 1
about 1
about 1
about 1
about 1
about 1
about 1
about 1
about 1
about 1
about 1
about 1
about 1
about 1
about 1
about 1
about 1
about 1
about 1
about 1
about 1
about 1
about 1
about 1
about 1
about 1
about 1
about 1
about 1
about 1
about 1
about 1
about 1
about 1
about 1
about 1
about 1
about 1
about 1
about 1
about 1
about 1
about 1
about 1
about 1
about 1
about 1
about 1
about 1
about 1
about 1
about 1
about 1
about 1
about 1
about 1
about 1
about 1
about 1
about 1
about 1
about 1
about 1
about 1
about 1
about 1
about 1
about 1
about 1
about 1
about 1
about 1
about 1
about 1
about 1
about 1
about 1
about 1
about 1
about 1
about 1
about 1
about 1
about 1
about 1
about 1
about 1
about 1
about 1
about 1
about 1
about 1
about 1
about 1
about 1
about 1
about 1
about 1
about 1
about 1
about 1
about 1
about 1
about 1
about 1
about 1
about 1
about 1
about 1
about 1
about 1
about 1
about 1
about 1
about 1
about 1
about 1
about 1
about 1
about 1
about 1
about 1
above 1
above 1
above 1
above 1
above 1
above 1
above 1
above 1
above 1
above 1
above 1
above 1
above 1
above 1
above 1
above 1
above 1
above 1
above 1
above 1
above 1
above 1
above 1
above 1
above 1
abroad 1
abroad 1
accomplishment 1
accumulation 1
accurately 1
acquiesce 1
actions 1
actions 1
actions 1
actions 1
acts 1
addressed 1
addressed 1
adjective 1
admirable 1
admirable 1
admirable 1
admirably 1
admirably 1
admirably 1
admirably 1
adventures 1
adventures 1
adventures 1
adventures 1
adventures 1
affect 1
affect 1
affectionate 1
affectionate 1
afforded 1
against 1
against 1
against 1
against 1
against 1
against 1
against 1
against 1
against 1
against 1
against 1
against 1
against 1
against 1
against 1
against 1
against 1
against 1
against 1
against 1
against 1
against 1
against 1
against 1
against 1
against 1
against 1
against 1
against 1
against 1
against 1
against 1
against 1
against 1
against 1
against 1
against 1
against 1
against 1
against 1
against 1
against 1
against 1
against 1
against 1
against 1
against 1
against 1
against 1
against 1
against 1
against 1
against 1
aided 1
alarm 1
alarm 1
alarm 1
alarm 1
alarm 1
alarm 1
alarm 1
alarm 1
alarm 1
alas 1
alley 1
alley 1
alliance 1
allude 1
alternating 1
alternation 1
amazing 1
amid 1
amid 1
amid 1
amid 1
amid 1
amid 1
amid 1
amid 1
amid 1
amid 1
amid 1
amid 1
amid 1
announced 1
announced 1
announced 1
announced 1
announced 1
answers 1
answers 1
anteroom 1
apology 1
apology 1
apology 1
apology 1
apology 1
apology 1
apology 1
applicable 1
applicable 1
applicable 1
appropriate 1
around 1
around 1
around 1
array 1
array 1
arrival 1
arrival 1
arteries 1
ascertained 1
assailants 1
assured 1
assured 1
assured 1
assured 1
assured 1
astrakhan 1
astuteness 1
attendant 1
attendant 1
attendant 1
attended 1
authority 1
available 1
available 1
aversion 1
aversion 1
baboon 1
baboon 1
baboon 1
baboon 1
bad 1
bad 1
bad 1
bad 1
bad 1
bad 1
bad 1
bad 1
bad 1
bad 1
bad 1
bad 1
bad 1
bad 1
balancing 1
balancing 1
ball 1
ball 1
ball 1
ball 1
ball 1
balustraded 1
bandages 1
banged 1
banker 1
banker 1
banker 1
banker 1
banker 1
banker 1
banker 1
banker 1
banker 1
banker 1
banker 1
banker 1
bearded 1
beech 1
beloved 1
berth 1
bet 1
bet 1
bet 1
bird 1
bird 1
bird 1
bird 1
bird 1
bird 1
bird 1
bird 1
bird 1
bird 1
bird 1
bird 1
bird 1
bird 1
bird 1
bird 1
bird 1
bird 1
bird 1
bird 1
bird 1
bird 1
bird 1
bird 1
bleak 1
blend 1
blind 1
blind 1
blind 1
blind 1
blinked 1
blotched 1
blotting 1
blotting 1
blows 1
blows 1
blows 1
bluff 1
blur 1
bond 1
boots 1
boots 1
boots 1
boots 1
boots 1
boots 1
boots 1
boots 1
boots 1
boots 1
boots 1
boots 1
boots 1
bordered 1
bordered 1
borders 1
borders 1
bottles 1
bottles 1
bottom 1
bottom 1
bottom 1
bottom 1
bottom 1
bottom 1
bottom 1
bottom 1
bounded 1
bracelets 1
breach 1
briefly 1
brilliant 1
brilliant 1
brilliant 1
brilliant 1
brilliant 1
brilliant 1
brisk 1
brisk 1
brisk 1
brisk 1
brooch 1
brothers 1
burglar 1
businesslike 1
butt 1
butt 1
buttoned 1
buttoned 1
buttoned 1
buttoned 1
buttoned 1
by 1
by 1
by 1
by 1
by 1
by 1
by 1
by 1
by 1
by 1
by 1
by 1
by 1
by 1
by 1
by 1
by 1
by 1
by 1
by 1
by 1
by 1
by 1
by 1
by 1
by 1
by 1
by 1
by 1
by 1
by 1
by 1
by 1
by 1
by 1
by 1
by 1
by 1
by 1
by 1
by 1
by 1
by 1
by 1
by 1
by 1
by 1
by 1
by 1
by 1
by 1
by 1
by 1
by 1
by 1
by 1
by 1
by 1
by 1
by 1
by 1
by 1
by 1
by 1
by 1
by 1
by 1
by 1
by 1
by 1
by 1
by 1
by 1
by 1
by 1
by 1
by 1
by 1
by 1
by 1
by 1
by 1
by 1
by 1
by 1
by 1
by 1
by 1
by 1
by 1
by 1
by 1
by 1
by 1
by 1
by 1
by 1
by 1
by 1
by 1
by 1
by 1
by 1
by 1
by 1
by 1
by 1
by 1
by 1
by 1
by 1
by 1
by 1
by 1
by 1
by 1
by 1
by 1
by 1
by 1
by 1
by 1
by 1
by 1
by 1
by 1
by 1
by 1
by 1
by 1
by 1
by 1
by 1
by 1
by 1
by 1
by 1
by 1
by 1
by 1
by 1
by 1
by 1
by 1
by 1
by 1
by 1
by 1
by 1
by 1
by 1
by 1
by 1
by 1
by 1
by 1
by 1
by 1
by 1
by 1
by 1
by 1
by 1
by 1
by 1
by 1
by 1
by 1
by 1
by 1
by 1
by 1
by 1
by 1
by 1
by 1
by 1
by 1
by 1
by 1
by 1
by 1
by 1
by 1
by 1
by 1
by 1
by 1
by 1
by 1
by 1
by 1
by 1
by 1
by 1
by 1
by 1
by 1
by 1
by 1
by 1
by 1
by 1
by 1
by 1
by 1
by 1
by 1
by 1
by 1
by 1
by 1
by 1
by 1
by 1
by 1
by 1
by 1
by 1
by 1
by 1
by 1
by 1
by 1
by 1
by 1
by 1
by 1
by 1
by 1
by 1
by 1
by 1
by 1
by 1
by 1
by 1
by 1
by 1
by 1
by 1
by 1
by 1
by 1
by 1
by 1
by 1
by 1
by 1
by 1
by 1
by 1
by 1
by 1
by 1
by 1
by 1
by 1
by 1
by 1
by 1
by 1
by 1
by 1
by 1
by 1
by 1
by 1
by 1
by 1
by 1
by 1
by 1
by 1
by 1
by 1
by 1
by 1
by 1
by 1
by 1
by 1
by 1
by 1
by 1
by 1
by 1
by 1
by 1
by 1
by 1
by 1
by 1
by 1
by 1
by 1
by 1
by 1
by 1
by 1
by 1
by 1
by 1
by 1
by 1
by 1
by 1
by 1
by 1
by 1
by 1
by 1
by 1
by 1
by 1
by 1
by 1
by 1
by 1
by 1
by 1
by 1
by 1
by 1
by 1
by 1
by 1
by 1
by 1
by 1
by 1
by 1
by 1
by 1
by 1
by 1
by 1
by 1
by 1
by 1
by 1
by 1
by 1
calls 1
calls 1
candidate 1
candle 1
candle 1
candle 1
carries 1
carries 1
carries 1
cave 1
caved 1
cease 1
cease 1
cease 1
ceased 1
ceased 1
ceased 1
ceased 1
ceased 1
ceased 1
ceased 1
ceased 1
celebrated 1
celebrated 1
cells 1
cells 1
chaffering 1
chairman 1
chairman 1
changes 1
chapter 1
charges 1
charitable 1
charm 1
charm 1
cheating 1
cheekbones 1
chiffon 1
china 1
chink 1
chink 1
chronicle 1
chronicle 1
chronicle 1
chuckled 1
chuckled 1
chuckled 1
chuckled 1
chuckled 1
chuckled 1
chuckled 1
circumstantial 1
citizens 1
citizens 1
city 1
city 1
city 1
city 1
city 1
city 1
clambered 1
clank 1
clear 1
clear 1
clear 1
clear 1
clear 1
clear 1
clear 1
clear 1
clear 1
clear 1
clear 1
clear 1
clear 1
clear 1
clear 1
clear 1
clear 1
clear 1
clear 1
clear 1
clear 1
clear 1
clear 1
clear 1
clear 1
clear 1
clear 1
clear 1
clear 1
clear 1
clear 1
clear 1
clear 1
clear 1
clear 1
clear 1
clear 1
clear 1
clear 1
clear 1
clear 1
clear 1
clear 1
clear 1
clearing 1
clearing 1
clearing 1
clearing 1
clearing 1
clearing 1
clearing 1
clearing 1
clink 1
clink 1
cloud 1
cloud 1
cloud 1
cloud 1
cloud 1
coarse 1
coarse 1
coat 1
coat 1
coat 1
coat 1
coat 1
coat 1
coat 1
coat 1
coat 1
coat 1
coat 1
coat 1
coat 1
coat 1
coat 1
coat 1
coat 1
coat 1
coat 1
coat 1
coat 1
coat 1
coat 1
coat 1
coat 1
coat 1
coat 1
coat 1
coat 1
cocksure 1
coiners 1
collapse 1
colleague 1
colleague 1
colleague 1
colleague 1
combine 1
comely 1
comforted 1
commanding 1
comment 1
compilation 1
complaint 1
complaint 1
complete 1
complete 1
complete 1
complete 1
complete 1
complete 1
complete 1
complete 1
complete 1
complete 1
complete 1
complete 1
completed 1
completed 1
completed 1
completed 1
compliments 1
conceal 1
conceal 1
conceal 1
conceal 1
conceal 1
conceives 1
concluded 1
concluded 1
congratulate 1
congratulate 1
congratulate 1
congratulate 1
considerable 1
considerable 1
considerable 1
considerable 1
considerable 1
considerable 1
considerable 1
considerable 1
considerable 1
considerable 1
considerable 1
considerable 1
considerable 1
considerable 1
considerable 1
considerable 1
considerable 1
considerable 1
considerable 1
considerable 1
considerable 1
considerable 1
considerable 1
considerations 1
constable 1
constable 1
consulted 1
consulted 1
contrition 1
convenience 1
convenience 1
conveyed 1
conveyed 1
conveyed 1
conveyed 1
conveyed 1
conveyed 1
cool 1
cool 1
copyright 1
copyright 1
copyright 1
copyright 1
copyright 1
copyright 1
copyright 1
copyright 1
copyright 1
copyright 1
copyright 1
copyright 1
copyright 1
cordially 1
corroboration 1
count 1
crash 1
crash 1
crisis 1
crisis 1
critical 1
crouched 1
crust 1
crystals 1
cure 1
curled 1
curled 1
curled 1
curled 1
curled 1
curled 1
custody 1
custody 1
custody 1
damaged 1
darting 1
dates 1
dates 1
dates 1
dates 1
deadliest 1
deadliest 1
dearly 1
deaths 1
deaths 1
deceive 1
deduction 1
deduction 1
deduction 1
deduction 1
deduction 1
deduction 1
deductive 1
defray 1
delay 1
delay 1
delay 1
delay 1
delicate 1
delicate 1
delicate 1
delicate 1
delicate 1
delicate 1
delicate 1
demand 1
demand 1
demon 1
depended 1
describe 1
describe 1
describe 1
describe 1
desperate 1
desperate 1
desperate 1
destitute 1
detach 1
detail 1
detail 1
detail 1
detail 1
detail 1
detour 1
devote 1
devote 1
diary 1
diary 1
dies 1
dipping 1
direction 1
direction 1
direction 1
direction 1
direction 1
direction 1
direction 1
direction 1
direction 1
direction 1
direction 1
direction 1
direction 1
direction 1
direction 1
direction 1
direction 1
direction 1
direction 1
disclaimer 1
disclaimer 1
discoloured 1
discoloured 1
discoloured 1
discoloured 1
discoloured 1
discover 1
discover 1
discover 1
discover 1
disgust 1
disgust 1
disliked 1
dismissed 1
dispatched 1
dispel 1
disproportionately 1
disregard 1
disregarding 1
distaff 1
disturbing 1
document 1
donations 1
donations 1
donations 1
donations 1
donations 1
donations 1
donations 1
donations 1
donations 1
donations 1
donations 1
donations 1
donors 1
doorway 1
doubts 1
doubts 1
doubts 1
doubts 1
doubts 1
drama 1
dramatic 1
dramatic 1
dramatic 1
drawled 1
draws 1
dreaming 1
dregs 1
drives 1
drives 1
dropping 1
dropping 1
dull 1
dull 1
dull 1
dull 1
dull 1
dull 1
dull 1
easier 1
easier 1
easier 1
easier 1
eastward 1
echoes 1
edged 1
edged 1
efforts 1
efforts 1
efforts 1
efforts 1
efforts 1
efforts 1
egg 1
egg 1
egg 1
egg 1
elemental 1
embarrassed 1
embellish 1
embellish 1
empty 1
empty 1
empty 1
empty 1
empty 1
empty 1
empty 1
empty 1
empty 1
empty 1
encircled 1
encompass 1
endeavouring 1
endeavouring 1
endeavouring 1
endeavouring 1
endeavouring 1
endeavouring 1
endured 1
entered 1
entered 1
entered 1
entered 1
entered 1
entered 1
entered 1
entered 1
entered 1
entered 1
entered 1
entered 1
entered 1
entered 1
entered 1
entered 1
entered 1
entered 1
entered 1
entered 1
entered 1
entered 1
entered 1
entered 1
entered 1
entered 1
entered 1
entered 1
entered 1
entered 1
entered 1
entered 1
entered 1
enters 1
entity 1
entity 1
entity 1
equally 1
equally 1
equally 1
equally 1
equally 1
equally 1
escaped 1
escaped 1
escaped 1
escaped 1
escaped 1
establishment 1
eventually 1
eventually 1
eventually 1
eventually 1
eventually 1
everyone 1
everyone 1
everyone 1
everyone 1
everyone 1
exception 1
exception 1
excitedly 1
excuse 1
excuse 1
excuse 1
excuse 1
excuse 1
excuse 1
excuse 1
excuse 1
excuse 1
excuse 1
excuse 1
excuse 1
excuse 1
exempt 1
exempt 1
expedition 1
expedition 1
expedition 1
expedition 1
expedition 1
explain 1
explain 1
explain 1
explain 1
explain 1
explain 1
explain 1
explain 1
explain 1
explain 1
explain 1
explain 1
explain 1
explain 1
explain 1
explain 1
explaining 1
explaining 1
expound 1
extinguished 1
factor 1
factor 1
factor 1
famished 1
farthing 1
fascination 1
fashioned 1
fashioned 1
fat 1
fat 1
fat 1
fat 1
fat 1
fat 1
feared 1
feared 1
feared 1
feared 1
feared 1
feared 1
feared 1
fearless 1
fears 1
fears 1
fears 1
fears 1
fears 1
feasible 1
feasible 1
feather 1
feather 1
feather 1
features 1
features 1
features 1
features 1
features 1
features 1
features 1
features 1
features 1
features 1
features 1
features 1
features 1
features 1
federal 1
federal 1
felony 1
felony 1
felony 1
festivities 1
fewer 1
fewer 1
find 1
find 1
find 1
find 1
find 1
find 1
find 1
find 1
find 1
find 1
find 1
find 1
find 1
find 1
find 1
find 1
find 1
find 1
find 1
find 1
find 1
find 1
find 1
find 1
find 1
find 1
find 1
find 1
find 1
find 1
find 1
find 1
find 1
find 1
find 1
find 1
find 1
find 1
find 1
find 1
find 1
find 1
find 1
find 1
find 1
find 1
find 1
find 1
find 1
find 1
find 1
find 1
find 1
find 1
find 1
find 1
find 1
find 1
find 1
find 1
find 1
find 1
find 1
find 1
find 1
find 1
find 1
find 1
find 1
find 1
find 1
find 1
find 1
find 1
find 1
find 1
find 1
find 1
find 1
finding 1
finding 1
finding 1
finding 1
finding 1
finding 1
finding 1
finding 1
finding 1
finely 1
firmness 1
flaring 1
flashed 1
flashed 1
flashed 1
fleshless 1
fleshless 1
flicking 1
flurried 1
folding 1
following 1
following 1
following 1
following 1
following 1
following 1
following 1
following 1
following 1
following 1
following 1
following 1
following 1
following 1
following 1
fools 1
footfall 1
footfall 1
foresaw 1
foresaw 1
foresee 1
foresee 1
foresee 1
foretold 1
forgo 1
forgot 1
forgot 1
forgot 1
format 1
format 1
format 1
format 1
forth 1
forth 1
forth 1
forth 1
forth 1
forth 1
forth 1
forth 1
forth 1
forth 1
forth 1
forth 1
fought 1
framed 1
framed 1
frayed 1
frighten 1
frighten 1
fringe 1
fringe 1
fringe 1
fringe 1
frock 1
frock 1
frock 1
frock 1
frock 1
frock 1
frock 1
frock 1
fulfilled 1
fumbled 1
furnishes 1
g 1
gale 1
gale 1
gale 1
gale 1
gallop 1
garden 1
garden 1
garden 1
garden 1
garden 1
garden 1
garden 1
garden 1
garden 1
garden 1
garden 1
garden 1
garden 1
garden 1
garden 1
gas 1
gas 1
gas 1
gas 1
gas 1
gas 1
gas 1
gas 1
gave 1
gave 1
gave 1
gave 1
gave 1
gave 1
gave 1
gave 1
gave 1
gave 1
gave 1
gave 1
gave 1
gave 1
gave 1
gave 1
gave 1
gave 1
gave 1
gave 1
gave 1
gave 1
gave 1
gave 1
gave 1
gave 1
gave 1
gave 1
gave 1
gave 1
gave 1
gave 1
gave 1
gave 1
gave 1
gave 1
gave 1
gave 1
gave 1
gave 1
gave 1
gave 1
gave 1
gave 1
gave 1
gave 1
gesticulating 1
gibe 1
give 1
give 1
give 1
give 1
give 1
give 1
give 1
give 1
give 1
give 1
give 1
give 1
give 1
give 1
give 1
give 1
give 1
give 1
give 1
give 1
give 1
give 1
give 1
give 1
give 1
give 1
give 1
give 1
give 1
give 1
give 1
give 1
give 1
give 1
give 1
give 1
give 1
give 1
give 1
give 1
give 1
give 1
give 1
give 1
give 1
give 1
give 1
give 1
give 1
give 1
give 1
give 1
give 1
give 1
give 1
give 1
give 1
given 1
given 1
given 1
given 1
given 1
given 1
given 1
given 1
given 1
given 1
given 1
given 1
given 1
given 1
given 1
given 1
given 1
given 1
given 1
given 1
given 1
given 1
given 1
given 1
given 1
given 1
given 1
given 1
given 1
given 1
given 1
given 1
given 1
glands 1
glimpse 1
glimpse 1
glimpse 1
glimpse 1
glimpse 1
glimpse 1
glimpse 1
glossy 1
glossy 1
glove 1
glove 1
glove 1
glove 1
glow 1
golden 1
golden 1
golden 1
golden 1
golden 1
gossip 1
gossip 1
gradually 1
gradually 1
grain 1
gratefully 1
greasy 1
greasy 1
green 1
green 1
green 1
green 1
green 1
green 1
greeting 1
greeting 1
greeting 1
greeting 1
greyish 1
greyish 1
groan 1
groan 1
ground 1
ground 1
ground 1
ground 1
ground 1
ground 1
ground 1
ground 1
ground 1
ground 1
ground 1
ground 1
ground 1
ground 1
ground 1
ground 1
ground 1
ground 1
ground 1
ground 1
ground 1
ground 1
ground 1
growing 1
growing 1
guard 1
guard 1
guard 1
guard 1
guard 1
guard 1
guilt 1
guilt 1
guilt 1
guilt 1
gullet 1
gum 1
gush 1
gushes 1
gutenberg 1
gutenberg 1
gutenberg 1
gutenberg 1
gutenberg 1
gutenberg 1
habits 1
habits 1
habits 1
habits 1
habits 1
habits 1
habits 1
habits 1
habits 1
handedness 1
handwriting 1
handwriting 1
happened 1
happened 1
happened 1
happened 1
happened 1
happened 1
happened 1
happened 1
happened 1
happened 1
happened 1
happened 1
happened 1
happened 1
happened 1
happened 1
happened 1
happened 1
happened 1
happened 1
happened 1
happened 1
happened 1
hardest 1
harshly 1
having 1
having 1
having 1
having 1
having 1
having 1
having 1
having 1
having 1
having 1
having 1
having 1
having 1
having 1
having 1
having 1
having 1
having 1
having 1
having 1
having 1
having 1
having 1
having 1
having 1
having 1
having 1
having 1
having 1
having 1
having 1
having 1
having 1
having 1
having 1
having 1
having 1
having 1
having 1
having 1
having 1
having 1
having 1
having 1
having 1
having 1
having 1
having 1
having 1
having 1
having 1
having 1
having 1
having 1
having 1
having 1
having 1
having 1
he 1
he 1
he 1
he 1
he 1
he 1
he 1
he 1
he 1
he 1
he 1
he 1
he 1
he 1
he 1
he 1
he 1
he 1
he 1
he 1
he 1
he 1
he 1
he 1
he 1
he 1
he 1
he 1
he 1
he 1
he 1
he 1
he 1
he 1
he 1
he 1
he 1
he 1
he 1
he 1
he 1
he 1
he 1
he 1
he 1
he 1
he 1
he 1
he 1
he 1
he 1
he 1
he 1
he 1
he 1
he 1
he 1
he 1
he 1
he 1
he 1
he 1
he 1
he 1
he 1
he 1
he 1
he 1
he 1
he 1
he 1
he 1
he 1
he 1
he 1
he 1
he 1
he 1
he 1
he 1
he 1
he 1
he 1
he 1
he 1
he 1
he 1
he 1
he 1
he 1
he 1
he 1
he 1
he 1
he 1
he 1
he 1
he 1
he 1
he 1
he 1
he 1
he 1
he 1
he 1
he 1
he 1
he 1
he 1
he 1
he 1
he 1
he 1
he 1
he 1
he 1
he 1
he 1
he 1
he 1
he 1
he 1
he 1
he 1
he 1
he 1
he 1
he 1
he 1
he 1
he 1
he 1
he 1
he 1
he 1
he 1
he 1
he 1
he 1
he 1
he 1
he 1
he 1
he 1
he 1
he 1
he 1
he 1
he 1
he 1
he 1
he 1
he 1
he 1
he 1
he 1
he 1
he 1
he 1
he 1
he 1
he 1
he 1
he 1
he 1
he 1
he 1
he 1
he 1
he 1
he 1
he 1
he 1
he 1
he 1
he 1
he 1
he 1
he 1
he 1
he 1
he 1
he 1
he 1
he 1
he 1
he 1
he 1
he 1
he 1
he 1
he 1
he 1
he 1
he 1
he 1
he 1
he 1
he 1
he 1
he 1
he 1
he 1
he 1
he 1
he 1
he 1
he 1
he 1
he 1
he 1
he 1
he 1
he 1
he 1
he 1
he 1
he 1
he 1
he 1
he 1
he 1
he 1
he 1
he 1
he 1
he 1
he 1
he 1
he 1
he 1
he 1
he 1
he 1
he 1
he 1
he 1
he 1
he 1
he 1
he 1
he 1
he 1
he 1
he 1
he 1
he 1
he 1
he 1
he 1
he 1
he 1
he 1
he 1
he 1
he 1
he 1
he 1
he 1
he 1
he 1
he 1
he 1
he 1
he 1
he 1
he 1
he 1
he 1
he 1
he 1
he 1
he 1
he 1
he 1
he 1
he 1
he 1
he 1
he 1
he 1
he 1
he 1
he 1
he 1
he 1
he 1
he 1
he 1
he 1
he 1
he 1
he 1
he 1
he 1
he 1
he 1
he 1
he 1
he 1
he 1
he 1
he 1
he 1
he 1
he 1
he 1
he 1
he 1
he 1
he 1
he 1
he 1
he 1
he 1
he 1
he 1
he 1
he 1
he 1
he 1
he 1
he 1
he 1
he 1
he 1
he 1
he 1
he 1
he 1
he 1
he 1
he 1
he 1
he 1
he 1
he 1
he 1
he 1
he 1
he 1
he 1
he 1
he 1
he 1
he 1
he 1
he 1
he 1
he 1
he 1
he 1
he 1
he 1
he 1
he 1
he 1
he 1
he 1
he 1
he 1
he 1
he 1
he 1
he 1
he 1
he 1
he 1
he 1
he 1
he 1
he 1
he 1
he 1
he 1
he 1
he 1
he 1
he 1
he 1
he 1
he 1
he 1
he 1
he 1
he 1
he 1
he 1
he 1
he 1
he 1
he 1
he 1
he 1
he 1
he 1
he 1
he 1
he 1
he 1
he 1
he 1
he 1
he 1
he 1
he 1
he 1
he 1
he 1
he 1
he 1
he 1
he 1
he 1
he 1
he 1
he 1
he 1
he 1
he 1
he 1
he 1
he 1
he 1
he 1
he 1
he 1
he 1
he 1
he 1
he 1
he 1
he 1
he 1
he 1
he 1
he 1
he 1
he 1
he 1
he 1
he 1
he 1
he 1
he 1
he 1
he 1
he 1
he 1
he 1
he 1
he 1
he 1
he 1
he 1
he 1
he 1
he 1
he 1
he 1
he 1
he 1
he 1
he 1
he 1
he 1
he 1
he 1
he 1
he 1
he 1
he 1
he 1
he 1
he 1
he 1
he 1
he 1
he 1
he 1
he 1
he 1
he 1
he 1
he 1
he 1
he 1
he 1
he 1
he 1
he 1
he 1
he 1
he 1
he 1
he 1
he 1
he 1
he 1
he 1
he 1
he 1
he 1
he 1
he 1
he 1
he 1
he 1
he 1
he 1
he 1
he 1
he 1
he 1
he 1
he 1
he 1
he 1
he 1
he 1
he 1
he 1
he 1
he 1
he 1
he 1
he 1
he 1
he 1
he 1
he 1
he 1
he 1
he 1
he 1
he 1
he 1
he 1
he 1
he 1
he 1
he 1
he 1
he 1
he 1
he 1
he 1
he 1
he 1
he 1
he 1
he 1
he 1
he 1
he 1
he 1
he 1
he 1
he 1
he 1
he 1
he 1
he 1
he 1
he 1
he 1
he 1
he 1
he 1
he 1
he 1
he 1
he 1
he 1
he 1
he 1
he 1
he 1
he 1
he 1
he 1
he 1
he 1
he 1
he 1
he 1
he 1
he 1
he 1
he 1
he 1
he 1
he 1
he 1
he 1
he 1
he 1
he 1
he 1
he 1
he 1
he 1
he 1
he 1
he 1
he 1
he 1
he 1
he 1
he 1
he 1
he 1
he 1
he 1
he 1
he 1
he 1
he 1
he 1
he 1
he 1
he 1
he 1
he 1
he 1
he 1
he 1
he 1
he 1
he 1
he 1
he 1
he 1
he 1
he 1
he 1
he 1
he 1
he 1
he 1
he 1
he 1
he 1
he 1
he 1
he 1
he 1
he 1
he 1
he 1
he 1
he 1
he 1
he 1
he 1
he 1
he 1
he 1
he 1
he 1
he 1
he 1
he 1
he 1
he 1
he 1
he 1
he 1
he 1
he 1
he 1
he 1
he 1
he 1
he 1
he 1
he 1
he 1
he 1
he 1
he 1
he 1
he 1
he 1
he 1
he 1
he 1
he 1
he 1
he 1
he 1
he 1
he 1
he 1
he 1
he 1
he 1
he 1
he 1
he 1
he 1
he 1
he 1
he 1
he 1
he 1
he 1
he 1
he 1
he 1
he 1
he 1
he 1
he 1
he 1
he 1
he 1
he 1
he 1
he 1
he 1
he 1
he 1
he 1
he 1
he 1
he 1
he 1
he 1
he 1
he 1
he 1
he 1
he 1
he 1
he 1
he 1
he 1
he 1
he 1
he 1
he 1
he 1
he 1
he 1
he 1
he 1
he 1
he 1
he 1
he 1
he 1
he 1
he 1
he 1
he 1
he 1
he 1
he 1
he 1
he 1
he 1
he 1
he 1
he 1
he 1
he 1
he 1
he 1
he 1
he 1
he 1
he 1
he 1
he 1
he 1
he 1
he 1
he 1
he 1
he 1
he 1
he 1
he 1
he 1
he 1
he 1
he 1
he 1
he 1
he 1
he 1
he 1
he 1
he 1
he 1
he 1
he 1
he 1
he 1
he 1
he 1
he 1
he 1
he 1
he 1
he 1
he 1
he 1
he 1
he 1
he 1
he 1
he 1
he 1
he 1
he 1
he 1
he 1
he 1
he 1
he 1
he 1
he 1
he 1
he 1
he 1
he 1
he 1
he 1
he 1
he 1
he 1
he 1
he 1
he 1
he 1
he 1
he 1
he 1
he 1
he 1
he 1
he 1
he 1
he 1
he 1
he 1
he 1
he 1
he 1
he 1
he 1
he 1
he 1
he 1
he 1
he 1
he 1
he 1
he 1
he 1
he 1
he 1
he 1
he 1
he 1
he 1
he 1
he 1
he 1
he 1
he 1
he 1
he 1
he 1
he 1
he 1
he 1
he 1
he 1
he 1
he 1
he 1
he 1
he 1
he 1
he 1
he 1
he 1
he 1
he 1
he 1
he 1
he 1
he 1
he 1
he 1
he 1
he 1
he 1
he 1
he 1
he 1
he 1
he 1
he 1
he 1
he 1
he 1
he 1
he 1
he 1
he 1
he 1
he 1
he 1
he 1
he 1
he 1
he 1
he 1
he 1
he 1
he 1
he 1
he 1
he 1
he 1
he 1
he 1
he 1
he 1
he 1
he 1
he 1
he 1
he 1
he 1
he 1
he 1
he 1
he 1
he 1
he 1
he 1
he 1
he 1
he 1
he 1
he 1
he 1
he 1
he 1
he 1
he 1
he 1
he 1
he 1
he 1
he 1
he 1
he 1
he 1
he 1
he 1
he 1
he 1
he 1
he 1
he 1
he 1
he 1
he 1
he 1
he 1
he 1
he 1
he 1
he 1
he 1
he 1
he 1
he 1
he 1
he 1
he 1
he 1
he 1
he 1
he 1
he 1
he 1
he 1
he 1
he 1
he 1
he 1
he 1
he 1
he 1
he 1
he 1
he 1
he 1
he 1
he 1
he 1
he 1
he 1
he 1
he 1
he 1
he 1
he 1
he 1
he 1
he 1
he 1
he 1
he 1
he 1
he 1
he 1
he 1
he 1
he 1
he 1
he 1
he 1
he 1
he 1
he 1
he 1
he 1
he 1
he 1
he 1
he 1
he 1
he 1
he 1
he 1
he 1
he 1
he 1
he 1
he 1
he 1
he 1
he 1
he 1
he 1
he 1
he 1
he 1
he 1
he 1
he 1
he 1
he 1
he 1
he 1
he 1
he 1
he 1
he 1
he 1
he 1
he 1
he 1
he 1
he 1
he 1
he 1
he 1
he 1
he 1
he 1
he 1
he 1
he 1
he 1
he 1
he 1
he 1
he 1
he 1
he 1
he 1
he 1
he 1
he 1
he 1
he 1
he 1
he 1
he 1
he 1
he 1
he 1
he 1
he 1
he 1
he 1
he 1
he 1
he 1
he 1
he 1
he 1
he 1
he 1
he 1
he 1
he 1
he 1
he 1
he 1
he 1
he 1
he 1
he 1
he 1
he 1
he 1
he 1
he 1
he 1
he 1
he 1
he 1
he 1
he 1
he 1
he 1
he 1
he 1
he 1
he 1
he 1
he 1
he 1
he 1
he 1
he 1
he 1
he 1
he 1
he 1
he 1
he 1
he 1
he 1
he 1
he 1
he 1
he 1
he 1
he 1
he 1
he 1
he 1
he 1
he 1
he 1
he 1
he 1
headings 1
heads 1
heads 1
heads 1
heads 1
heads 1
heads 1
heads 1
heads 1
heads 1
hearted 1
hearted 1
hearted 1
heated 1
heather 1
heinous 1
heiress 1
heiress 1
heirs 1
hideous 1
hideous 1
hideous 1
hideous 1
highway 1
highway 1
honest 1
hoofs 1
hoofs 1
hopeful 1
hotels 1
hotels 1
humanity 1
hurt 1
hurt 1
hurt 1
hurt 1
hurt 1
ice 1
if 1
if 1
if 1
if 1
if 1
if 1
if 1
if 1
if 1
if 1
if 1
if 1
if 1
if 1
if 1
if 1
if 1
if 1
if 1
if 1
if 1
if 1
if 1
if 1
if 1
if 1
if 1
if 1
if 1
if 1
if 1
if 1
if 1
if 1
if 1
if 1
if 1
if 1
if 1
if 1
if 1
if 1
if 1
if 1
if 1
if 1
if 1
if 1
if 1
if 1
if 1
if 1
if 1
if 1
if 1
if 1
if 1
if 1
if 1
if 1
if 1
if 1
if 1
if 1
if 1
if 1
if 1
if 1
if 1
if 1
if 1
if 1
if 1
if 1
if 1
if 1
if 1
if 1
if 1
if 1
if 1
if 1
if 1
if 1
if 1
if 1
if 1
if 1
if 1
if 1
if 1
if 1
if 1
if 1
if 1
if 1
if 1
if 1
if 1
if 1
if 1
if 1
if 1
if 1
if 1
if 1
if 1
if 1
if 1
if 1
if 1
if 1
if 1
if 1
if 1
if 1
if 1
if 1
if 1
if 1
if 1
if 1
if 1
if 1
if 1
if 1
if 1
if 1
if 1
if 1
if 1
if 1
if 1
if 1
if 1
if 1
if 1
if 1
if 1
if 1
if 1
if 1
if 1
if 1
if 1
if 1
if 1
if 1
if 1
if 1
if 1
if 1
if 1
if 1
if 1
if 1
if 1
if 1
if 1
if 1
if 1
if 1
if 1
if 1
if 1
if 1
if 1
if 1
if 1
if 1
if 1
if 1
if 1
if 1
if 1
if 1
if 1
if 1
if 1
if 1
if 1
if 1
if 1
if 1
if 1
if 1
if 1
if 1
if 1
if 1
if 1
if 1
if 1
if 1
immediate 1
immediate 1
immediate 1
impending 1
impetuous 1
implicit 1
implies 1
imploring 1
imprisonment 1
imprisonment 1
imprisonment 1
improvisations 1
income 1
income 1
income 1
income 1
income 1
income 1
incorrigible 1
indeed 1
indeed 1
indeed 1
indeed 1
indeed 1
indeed 1
indeed 1
indeed 1
indeed 1
indeed 1
indeed 1
indeed 1
indeed 1
indeed 1
indeed 1
indeed 1
indeed 1
indeed 1
indeed 1
indeed 1
indeed 1
indeed 1
indeed 1
indeed 1
indeed 1
indeed 1
indeed 1
indeed 1
indeed 1
indeed 1
indeed 1
indeed 1
indeed 1
indeed 1
indeed 1
indeed 1
indeed 1
indeed 1
indeed 1
indeed 1
indeed 1
indeed 1
indeed 1
indeed 1
indeed 1
indeed 1
india 1
indiscretion 1
inference 1
injury 1
injury 1
injury 1
inquest 1
inquest 1
inquest 1
inquest 1
instep 1
insult 1
insult 1
intelligence 1
interjected 1
intricate 1
jewel 1
jewel 1
jewel 1
jewel 1
jewel 1
jewel 1
jewel 1
jewel 1
joined 1
joined 1
joined 1
jollification 1
junior 1
justice 1
justice 1
justice 1
justice 1
justice 1
justice 1
kempt 1
kindled 1
knee 1
knee 1
knee 1
knee 1
knee 1
knee 1
knee 1
knitted 1
knitted 1
knocked 1
knocked 1
knocked 1
knowing 1
knowing 1
knowing 1
knowing 1
knowing 1
knowing 1
known 1
known 1
known 1
known 1
known 1
known 1
known 1
known 1
known 1
known 1
known 1
known 1
known 1
known 1
known 1
known 1
known 1
known 1
known 1
known 1
known 1
known 1
known 1
known 1
known 1
known 1
known 1
known 1
lake 1
lake 1
lake 1
landau 1
landau 1
landau 1
landau 1
landscape 1
lapse 1
leather 1
leather 1
leather 1
leather 1
leather 1
leather 1
legal 1
legal 1
legal 1
legal 1
legal 1
legal 1
lengthen 1
liability 1
liability 1
liberties 1
libraries 1
license 1
license 1
license 1
license 1
license 1
license 1
lichen 1
lichen 1
lieu 1
lieu 1
lingering 1
links 1
links 1
links 1
links 1
listening 1
listening 1
listening 1
literature 1
literature 1
locality 1
lonely 1
lonely 1
lonely 1
lonely 1
lonely 1
lonely 1
longer 1
longer 1
longer 1
longer 1
longer 1
longer 1
longer 1
longer 1
longer 1
longer 1
loosened 1
loss 1
loss 1
loss 1
loss 1
loss 1
loss 1
loss 1
loss 1
loss 1
loss 1
loving 1
loving 1
loving 1
luck 1
luck 1
lustre 1
main 1
main 1
main 1
main 1
main 1
main 1
main 1
main 1
manage 1
manage 1
manage 1
manner 1
manner 1
manner 1
manner 1
manner 1
manner 1
manner 1
manner 1
manner 1
manner 1
manner 1
manner 1
manner 1
manner 1
manner 1
manner 1
manner 1
manner 1
manner 1
manner 1
manner 1
manner 1
manner 1
manner 1
manner 1
manner 1
manner 1
manner 1
martyrdom 1
masterly 1
mastery 1
matches 1
matches 1
matches 1
matches 1
material 1
material 1
material 1
material 1
medical 1
medical 1
medical 1
medical 1
medical 1
medical 1
medical 1
medical 1
medical 1
mental 1
mere 1
mere 1
mere 1
mere 1
mere 1
mere 1
mere 1
mere 1
mere 1
mere 1
message 1
message 1
middle 1
middle 1
middle 1
middle 1
middle 1
middle 1
middle 1
middle 1
middle 1
middle 1
middle 1
middle 1
middle 1
middle 1
midst 1
midst 1
midst 1
milk 1
milk 1
milk 1
milk 1
milk 1
minister 1
mixed 1
mixed 1
mixed 1
modern 1
modern 1
monosyllable 1
most 1
most 1
most 1
most 1
most 1
most 1
most 1
most 1
most 1
most 1
most 1
most 1
most 1
most 1
most 1
most 1
most 1
most 1
most 1
most 1
most 1
most 1
most 1
most 1
most 1
most 1
most 1
most 1
most 1
most 1
most 1
most 1
most 1
most 1
most 1
most 1
most 1
most 1
most 1
most 1
most 1
most 1
most 1
most 1
most 1
most 1
most 1
most 1
most 1
most 1
most 1
most 1
most 1
most 1
most 1
most 1
most 1
most 1
most 1
most 1
most 1
most 1
most 1
most 1
most 1
most 1
most 1
most 1
most 1
most 1
most 1
most 1
most 1
most 1
most 1
most 1
most 1
most 1
most 1
most 1
most 1
most 1
most 1
most 1
most 1
most 1
most 1
most 1
move 1
move 1
move 1
move 1
moved 1
moved 1
moved 1
moved 1
mysteries 1
mysteries 1
mysteries 1
mystery 1
mystery 1
mystery 1
mystery 1
mystery 1
mystery 1
mystery 1
mystery 1
mystery 1
mystery 1
mystery 1
mystery 1
mystery 1
mystery 1
mystery 1
mystery 1
mystery 1
mystery 1
mystery 1
mystery 1
name 1
name 1
name 1
name 1
name 1
name 1
name 1
name 1
name 1
name 1
name 1
name 1
name 1
name 1
name 1
name 1
name 1
name 1
name 1
name 1
name 1
name 1
name 1
name 1
name 1
name 1
name 1
name 1
name 1
name 1
name 1
name 1
name 1
name 1
name 1
name 1
name 1
name 1
name 1
name 1
name 1
name 1
name 1
name 1
name 1
name 1
name 1
name 1
name 1
name 1
name 1
name 1
name 1
name 1
name 1
name 1
name 1
name 1
name 1
name 1
name 1
name 1
napoleons 1
napoleons 1
narrated 1
narratives 1
narratives 1
native 1
native 1
nature 1
nature 1
nature 1
nature 1
nature 1
nature 1
nature 1
nature 1
nature 1
nature 1
nature 1
nature 1
nature 1
nature 1
nature 1
nature 1
nature 1
nature 1
nature 1
nature 1
nature 1
nature 1
nature 1
natured 1
natured 1
nautical 1
nearer 1
nearer 1
nearer 1
needs 1
needs 1
neighbour 1
neither 1
neither 1
neither 1
neither 1
neither 1
neither 1
neither 1
neither 1
neither 1
neither 1
neither 1
neither 1
neither 1
neither 1
neither 1
neutral 1
neutral 1
neutral 1
nights 1
nights 1
nights 1
nights 1
nitrate 1
noblest 1
noblest 1
nonsense 1
nonsense 1
normal 1
nothing 1
nothing 1
nothing 1
nothing 1
nothing 1
nothing 1
nothing 1
nothing 1
nothing 1
nothing 1
nothing 1
nothing 1
nothing 1
nothing 1
nothing 1
nothing 1
nothing 1
nothing 1
nothing 1
nothing 1
nothing 1
nothing 1
nothing 1
nothing 1
nothing 1
nothing 1
nothing 1
nothing 1
nothing 1
nothing 1
nothing 1
nothing 1
nothing 1
nothing 1
nothing 1
nothing 1
nothing 1
nothing 1
nothing 1
nothing 1
nothing 1
nothing 1
nothing 1
nothing 1
nothing 1
nothing 1
nothing 1
nothing 1
nothing 1
nothing 1
nothing 1
nothing 1
nothing 1
nothing 1
nothing 1
nothing 1
nothing 1
nothing 1
nothing 1
nothing 1
nothing 1
nothing 1
nothing 1
nothing 1
nothing 1
nothing 1
nothing 1
nothing 1
nothing 1
nothing 1
nothing 1
nothing 1
nothing 1
nothing 1
nothing 1
nothing 1
nothing 1
nothing 1
nothing 1
nothing 1
nothing 1
nothing 1
nothing 1
nothing 1
nothing 1
nothing 1
nothing 1
nothing 1
nothing 1
nothing 1
nothing 1
oaths 1
obliging 1
obvious 1
obvious 1
obvious 1
obvious 1
obvious 1
obvious 1
obvious 1
obvious 1
obvious 1
obvious 1
obvious 1
obvious 1
obvious 1
obvious 1
obvious 1
obvious 1
obvious 1
obvious 1
obvious 1
obvious 1
obvious 1
obvious 1
obvious 1
obvious 1
obvious 1
obvious 1
obvious 1
obvious 1
obvious 1
occasionally 1
occasionally 1
occasionally 1
occasionally 1
occasionally 1
occasionally 1
occasionally 1
occasionally 1
occasionally 1
occasionally 1
occurred 1
occurred 1
occurred 1
occurred 1
occurred 1
occurred 1
occurred 1
occurred 1
occurred 1
occurred 1
occurred 1
occurred 1
occurred 1
occurred 1
occurred 1
occurred 1
occurred 1
occurred 1
occurred 1
occurred 1
occurred 1
occurred 1
odour 1
off 1
off 1
off 1
off 1
off 1
off 1
off 1
off 1
off 1
off 1
off 1
off 1
off 1
off 1
off 1
off 1
off 1
off 1
off 1
off 1
off 1
off 1
off 1
off 1
off 1
off 1
off 1
off 1
off 1
off 1
off 1
off 1
off 1
off 1
off 1
off 1
off 1
off 1
off 1
off 1
off 1
off 1
off 1
off 1
off 1
off 1
off 1
off 1
off 1
off 1
off 1
off 1
off 1
off 1
off 1
off 1
off 1
off 1
off 1
off 1
off 1
off 1
off 1
off 1
off 1
off 1
off 1
off 1
off 1
off 1
off 1
off 1
off 1
off 1
offended 1
offended 1
on 1
on 1
on 1
on 1
on 1
on 1
on 1
on 1
on 1
on 1
on 1
on 1
on 1
on 1
on 1
on 1
on 1
on 1
on 1
on 1
on 1
on 1
on 1
on 1
on 1
on 1
on 1
on 1
on 1
on 1
on 1
on 1
on 1
on 1
on 1
on 1
on 1
on 1
on 1
on 1
on 1
on 1
on 1
on 1
on 1
on 1
on 1
on 1
on 1
on 1
on 1
on 1
on 1
on 1
on 1
on 1
on 1
on 1
on 1
on 1
on 1
on 1
on 1
on 1
on 1
on 1
on 1
on 1
on 1
on 1
on 1
on 1
on 1
on 1
on 1
on 1
on 1
on 1
on 1
on 1
on 1
on 1
on 1
on 1
on 1
on 1
on 1
on 1
on 1
on 1
on 1
on 1
on 1
on 1
on 1
on 1
on 1
on 1
on 1
on 1
on 1
on 1
on 1
on 1
on 1
on 1
on 1
on 1
on 1
on 1
on 1
on 1
on 1
on 1
on 1
on 1
on 1
on 1
on 1
on 1
on 1
on 1
on 1
on 1
on 1
on 1
on 1
on 1
on 1
on 1
on 1
on 1
on 1
on 1
on 1
on 1
on 1
on 1
on 1
on 1
on 1
on 1
on 1
on 1
on 1
on 1
on 1
on 1
on 1
on 1
on 1
on 1
on 1
on 1
on 1
on 1
on 1
on 1
on 1
on 1
on 1
on 1
on 1
on 1
on 1
on 1
on 1
on 1
on 1
on 1
on 1
on 1
on 1
on 1
on 1
on 1
on 1
on 1
on 1
on 1
on 1
on 1
on 1
on 1
on 1
on 1
on 1
on 1
on 1
on 1
on 1
on 1
on 1
on 1
on 1
on 1
on 1
on 1
on 1
on 1
on 1
on 1
on 1
on 1
on 1
on 1
on 1
on 1
on 1
on 1
on 1
on 1
on 1
on 1
on 1
on 1
on 1
on 1
on 1
on 1
on 1
on 1
on 1
on 1
on 1
on 1
on 1
on 1
on 1
on 1
on 1
on 1
on 1
on 1
on 1
on 1
on 1
on 1
on 1
on 1
on 1
on 1
on 1
on 1
on 1
on 1
on 1
on 1
on 1
on 1
on 1
on 1
on 1
on 1
on 1
on 1
on 1
on 1
on 1
on 1
on 1
on 1
on 1
on 1
on 1
on 1
on 1
on 1
on 1
on 1
on 1
on 1
on 1
on 1
on 1
on 1
on 1
on 1
on 1
on 1
on 1
on 1
on 1
on 1
on 1
on 1
on 1
on 1
on 1
on 1
on 1
on 1
on 1
on 1
on 1
on 1
on 1
on 1
on 1
on 1
on 1
on 1
on 1
on 1
on 1
on 1
on 1
on 1
on 1
on 1
on 1
on 1
on 1
on 1
on 1
on 1
on 1
on 1
on 1
on 1
on 1
on 1
on 1
on 1
on 1
on 1
on 1
on 1
on 1
on 1
on 1
on 1
on 1
on 1
on 1
on 1
on 1
on 1
on 1
on 1
on 1
on 1
on 1
on 1
on 1
on 1
on 1
openings 1
openness 1
oppressed 1
overhauled 1
overseen 1
pa 1
pa 1
pa 1
pa 1
pa 1
pa 1
pa 1
pa 1
paced 1
paced 1
paced 1
paced 1
paced 1
paced 1
paced 1
padlocked 1
pains 1
pains 1
pains 1
parallel 1
parallel 1
parallel 1
parish 1
parish 1
pass 1
pass 1
pass 1
pass 1
pass 1
pass 1
pass 1
pass 1
pass 1
pass 1
pass 1
pass 1
pass 1
pass 1
paternal 1
patting 1
pays 1
peeped 1
peeped 1
peeped 1
peeped 1
peeped 1
pencil 1
pencil 1
pencil 1
people 1
people 1
people 1
people 1
people 1
people 1
people 1
people 1
people 1
people 1
people 1
people 1
people 1
people 1
people 1
people 1
people 1
people 1
people 1
people 1
people 1
people 1
people 1
people 1
people 1
people 1
people 1
perhaps 1
perhaps 1
perhaps 1
perhaps 1
perhaps 1
perhaps 1
perhaps 1
perhaps 1
perhaps 1
perhaps 1
perhaps 1
perhaps 1
perhaps 1
perhaps 1
perhaps 1
perhaps 1
perhaps 1
perhaps 1
perhaps 1
perhaps 1
perhaps 1
perhaps 1
perhaps 1
perhaps 1
perhaps 1
perhaps 1
perhaps 1
perhaps 1
perhaps 1
perhaps 1
perhaps 1
perhaps 1
perhaps 1
perhaps 1
perhaps 1
perhaps 1
perhaps 1
perhaps 1
perhaps 1
perhaps 1
perhaps 1
perhaps 1
perhaps 1
perhaps 1
perhaps 1
perhaps 1
perhaps 1
permit 1
persistence 1
persistence 1
persuade 1
persuade 1
persuade 1
pet 1
pet 1
pinched 1
planning 1
planning 1
plaster 1
plaster 1
platform 1
platform 1
platform 1
platform 1
plays 1
plays 1
pleasure 1
pleasure 1
pleasure 1
pleasure 1
pleasure 1
pleasure 1
pleasure 1
pleasure 1
pleasure 1
poetry 1
posted 1
posted 1
posted 1
posted 1
posted 1
posted 1
posted 1
poured 1
poured 1
poured 1
pre 1
precautions 1
prejudice 1
preoccupied 1
presence 1
presence 1
presence 1
presence 1
presence 1
presence 1
presence 1
presence 1
presence 1
presence 1
presence 1
presence 1
presence 1
presence 1
preserves 1
preserving 1
pretended 1
pretends 1
princess 1
principally 1
probably 1
probably 1
probably 1
probably 1
probably 1
probably 1
probably 1
probably 1
probably 1
probably 1
probably 1
probably 1
probably 1
probably 1
processing 1
prompted 1
promptly 1
provinces 1
purity 1
quarrels 1
quarrels 1
questions 1
questions 1
questions 1
questions 1
questions 1
quick 1
quick 1
quick 1
quick 1
quick 1
quick 1
quick 1
quick 1
quick 1
quick 1
quick 1
quick 1
quick 1
quick 1
quick 1
quick 1
quick 1
quick 1
quick 1
quick 1
quick 1
quick 1
quick 1
quick 1
quivered 1
rack 1
rack 1
rack 1
rack 1
railings 1
ran 1
ran 1
ran 1
ran 1
ran 1
ran 1
ran 1
ran 1
ran 1
ran 1
ran 1
ran 1
ran 1
ran 1
ran 1
ran 1
ran 1
ran 1
ran 1
ran 1
ran 1
ran 1
ran 1
ran 1
ran 1
ran 1
ran 1
ran 1
ran 1
ran 1
random 1
rat 1
rat 1
rat 1
rat 1
rat 1
rat 1
rat 1
rat 1
re 1
re 1
re 1
re 1
re 1
re 1
re 1
re 1
reabsorbed 1
reach 1
reach 1
reach 1
reach 1
reach 1
reach 1
reach 1
reach 1
reach 1
reach 1
reach 1
reach 1
realised 1
realised 1
realism 1
recall 1
recall 1
recall 1
recall 1
recall 1
receive 1
receive 1
receive 1
receive 1
receive 1
receive 1
receive 1
receive 1
receive 1
recent 1
recent 1
recent 1
recent 1
recent 1
recent 1
recollect 1
recollect 1
record 1
record 1
record 1
record 1
record 1
record 1
redistributing 1
regained 1
regained 1
register 1
register 1
registry 1
regret 1
rejoiced 1
remedied 1
remembrance 1
renew 1
repair 1
repeat 1
replied 1
replied 1
replied 1
reports 1
reports 1
represents 1
repulsion 1
request 1
request 1
request 1
request 1
request 1
rescue 1
researches 1
researches 1
resistless 1
resort 1
rested 1
rested 1
rested 1
rests 1
result 1
result 1
result 1
result 1
result 1
result 1
result 1
result 1
result 1
result 1
result 1
result 1
result 1
result 1
reveal 1
reveal 1
revealing 1
rickety 1
roads 1
roads 1
roads 1
roads 1
robberies 1
robberies 1
rod 1
romper 1
ropes 1
rounds 1
rueful 1
rumble 1
rumours 1
rumours 1
rumours 1
ruse 1
s 1
s 1
s 1
s 1
s 1
s 1
s 1
s 1
s 1
s 1
s 1
s 1
s 1
s 1
s 1
s 1
s 1
s 1
s 1
s 1
s 1
s 1
s 1
s 1
s 1
s 1
s 1
s 1
s 1
s 1
s 1
s 1
s 1
s 1
s 1
s 1
s 1
s 1
s 1
s 1
s 1
s 1
s 1
s 1
s 1
s 1
s 1
s 1
s 1
s 1
s 1
s 1
s 1
s 1
s 1
s 1
s 1
s 1
s 1
s 1
s 1
s 1
s 1
s 1
s 1
s 1
s 1
s 1
s 1
s 1
s 1
s 1
s 1
s 1
s 1
s 1
s 1
s 1
s 1
s 1
s 1
s 1
s 1
s 1
s 1
s 1
s 1
s 1
s 1
s 1
s 1
s 1
s 1
s 1
s 1
s 1
s 1
s 1
s 1
s 1
s 1
s 1
s 1
s 1
s 1
s 1
s 1
s 1
s 1
s 1
s 1
s 1
s 1
s 1
s 1
s 1
s 1
s 1
s 1
s 1
s 1
s 1
s 1
s 1
s 1
s 1
s 1
s 1
s 1
s 1
s 1
s 1
s 1
s 1
s 1
s 1
s 1
s 1
s 1
s 1
s 1
s 1
s 1
s 1
s 1
s 1
s 1
s 1
s 1
s 1
s 1
s 1
s 1
s 1
s 1
s 1
s 1
s 1
s 1
s 1
s 1
s 1
s 1
s 1
s 1
s 1
s 1
s 1
s 1
s 1
s 1
s 1
s 1
s 1
s 1
s 1
s 1
s 1
s 1
s 1
s 1
s 1
s 1
s 1
s 1
s 1
s 1
s 1
s 1
s 1
s 1
s 1
s 1
s 1
s 1
s 1
s 1
s 1
s 1
s 1
s 1
s 1
s 1
s 1
s 1
s 1
s 1
s 1
s 1
s 1
s 1
s 1
s 1
s 1
s 1
s 1
s 1
s 1
s 1
s 1
s 1
s 1
s 1
s 1
s 1
s 1
s 1
s 1
s 1
s 1
s 1
s 1
s 1
s 1
s 1
s 1
s 1
s 1
s 1
s 1
s 1
s 1
s 1
s 1
s 1
s 1
s 1
s 1
s 1
s 1
s 1
s 1
s 1
s 1
s 1
s 1
s 1
s 1
s 1
s 1
s 1
s 1
s 1
s 1
s 1
s 1
s 1
s 1
s 1
s 1
s 1
s 1
s 1
s 1
s 1
s 1
s 1
s 1
s 1
s 1
s 1
s 1
s 1
s 1
s 1
s 1
s 1
s 1
s 1
s 1
s 1
s 1
s 1
s 1
s 1
s 1
s 1
s 1
s 1
s 1
s 1
s 1
s 1
s 1
s 1
s 1
s 1
s 1
s 1
s 1
s 1
s 1
s 1
s 1
s 1
s 1
s 1
s 1
s 1
s 1
s 1
s 1
s 1
s 1
s 1
s 1
s 1
s 1
s 1
s 1
s 1
s 1
s 1
s 1
s 1
s 1
s 1
s 1
s 1
s 1
s 1
s 1
s 1
s 1
s 1
s 1
s 1
s 1
s 1
s 1
s 1
s 1
s 1
s 1
s 1
s 1
s 1
s 1
s 1
s 1
s 1
s 1
s 1
s 1
s 1
s 1
s 1
s 1
s 1
s 1
s 1
s 1
s 1
s 1
s 1
s 1
s 1
s 1
s 1
s 1
s 1
said 1
said 1
said 1
said 1
said 1
said 1
said 1
said 1
said 1
said 1
said 1
said 1
said 1
said 1
said 1
said 1
said 1
said 1
said 1
said 1
said 1
said 1
said 1
said 1
said 1
said 1
said 1
said 1
said 1
said 1
said 1
said 1
said 1
said 1
said 1
said 1
said 1
said 1
said 1
said 1
said 1
said 1
said 1
said 1
said 1
said 1
said 1
said 1
said 1
said 1
said 1
said 1
said 1
said 1
said 1
said 1
said 1
said 1
said 1
said 1
said 1
said 1
said 1
said 1
said 1
said 1
said 1
said 1
said 1
said 1
said 1
said 1
said 1
said 1
said 1
said 1
said 1
said 1
said 1
said 1
said 1
said 1
said 1
said 1
said 1
said 1
said 1
said 1
said 1
said 1
said 1
said 1
said 1
said 1
said 1
said 1
said 1
said 1
said 1
said 1
said 1
said 1
said 1
said 1
said 1
said 1
said 1
said 1
said 1
said 1
said 1
said 1
said 1
said 1
said 1
said 1
said 1
said 1
said 1
said 1
said 1
said 1
said 1
said 1
said 1
said 1
said 1
said 1
said 1
said 1
said 1
said 1
said 1
said 1
said 1
said 1
said 1
said 1
said 1
said 1
said 1
said 1
said 1
said 1
said 1
said 1
said 1
said 1
said 1
said 1
said 1
said 1
said 1
said 1
said 1
said 1
said 1
said 1
said 1
said 1
said 1
said 1
said 1
said 1
said 1
said 1
said 1
said 1
said 1
said 1
said 1
said 1
said 1
said 1
said 1
said 1
said 1
said 1
said 1
said 1
said 1
said 1
said 1
said 1
said 1
said 1
said 1
said 1
said 1
said 1
said 1
said 1
said 1
said 1
said 1
said 1
said 1
said 1
said 1
said 1
said 1
said 1
said 1
said 1
said 1
said 1
said 1
said 1
said 1
said 1
said 1
said 1
said 1
said 1
said 1
said 1
said 1
said 1
said 1
said 1
said 1
said 1
said 1
said 1
said 1
said 1
said 1
said 1
said 1
said 1
said 1
said 1
said 1
said 1
said 1
said 1
said 1
said 1
said 1
said 1
said 1
said 1
said 1
said 1
said 1
said 1
said 1
said 1
said 1
said 1
said 1
said 1
said 1
said 1
said 1
said 1
said 1
said 1
said 1
said 1
said 1
said 1
said 1
said 1
said 1
said 1
said 1
said 1
said 1
said 1
said 1
said 1
said 1
said 1
said 1
said 1
said 1
said 1
said 1
said 1
said 1
said 1
said 1
said 1
said 1
said 1
said 1
said 1
said 1
said 1
said 1
said 1
said 1
said 1
said 1
said 1
said 1
said 1
said 1
said 1
said 1
said 1
said 1
said 1
said 1
said 1
said 1
said 1
said 1
said 1
said 1
said 1
said 1
said 1
said 1
said 1
said 1
said 1
said 1
said 1
said 1
said 1
said 1
said 1
said 1
said 1
said 1
said 1
said 1
said 1
said 1
said 1
said 1
said 1
said 1
said 1
said 1
said 1
said 1
said 1
said 1
said 1
said 1
said 1
said 1
said 1
said 1
said 1
said 1
said 1
said 1
said 1
said 1
said 1
said 1
said 1
said 1
said 1
said 1
said 1
said 1
said 1
said 1
said 1
said 1
said 1
said 1
said 1
said 1
said 1
said 1
said 1
said 1
said 1
said 1
said 1
said 1
said 1
said 1
said 1
said 1
said 1
said 1
said 1
said 1
said 1
said 1
said 1
said 1
said 1
said 1
said 1
said 1
said 1
said 1
said 1
said 1
said 1
said 1
said 1
said 1
said 1
said 1
said 1
said 1
said 1
said 1
said 1
said 1
said 1
said 1
said 1
said 1
said 1
said 1
said 1
said 1
said 1
said 1
said 1
said 1
said 1
said 1
said 1
said 1
said 1
said 1
said 1
said 1
said 1
said 1
said 1
said 1
said 1
said 1
said 1
said 1
said 1
said 1
said 1
said 1
said 1
said 1
said 1
said 1
said 1
said 1
said 1
said 1
said 1
said 1
said 1
said 1
said 1
said 1
said 1
said 1
said 1
said 1
said 1
said 1
said 1
said 1
said 1
said 1
said 1
said 1
said 1
said 1
said 1
said 1
said 1
said 1
said 1
said 1
said 1
said 1
said 1
said 1
said 1
said 1
said 1
said 1
said 1
said 1
said 1
sallies 1
satin 1
satisfy 1
satisfy 1
satisfy 1
save 1
save 1
save 1
save 1
save 1
save 1
save 1
save 1
save 1
save 1
save 1
save 1
save 1
save 1
save 1
save 1
save 1
save 1
save 1
save 1
save 1
save 1
save 1
save 1
save 1
save 1
save 1
save 1
save 1
save 1
save 1
save 1
save 1
save 1
save 1
saw 1
saw 1
saw 1
saw 1
saw 1
saw 1
saw 1
saw 1
saw 1
saw 1
saw 1
saw 1
saw 1
saw 1
saw 1
saw 1
saw 1
saw 1
saw 1
saw 1
saw 1
saw 1
saw 1
saw 1
saw 1
saw 1
saw 1
saw 1
saw 1
saw 1
saw 1
saw 1
saw 1
saw 1
saw 1
saw 1
saw 1
saw 1
saw 1
saw 1
saw 1
saw 1
saw 1
saw 1
saw 1
saw 1
saw 1
saw 1
saw 1
saw 1
saw 1
saw 1
saw 1
saw 1
saw 1
saw 1
saw 1
saw 1
saw 1
saw 1
saw 1
saw 1
saw 1
saw 1
saw 1
saw 1
saw 1
saw 1
saw 1
saw 1
saw 1
saw 1
saw 1
saw 1
saw 1
saw 1
saw 1
saw 1
saw 1
saw 1
saw 1
saw 1
saw 1
saw 1
saw 1
saw 1
saw 1
saw 1
saw 1
scintillating 1
scores 1
scraping 1
scrawled 1
scrawled 1
scrawled 1
seal 1
seal 1
season 1
season 1
season 1
season 1
secluded 1
secretly 1
seemed 1
seemed 1
seemed 1
seemed 1
seemed 1
seemed 1
seemed 1
seemed 1
seemed 1
seemed 1
seemed 1
seemed 1
seemed 1
seemed 1
seemed 1
seemed 1
seemed 1
seemed 1
seemed 1
seemed 1
seemed 1
seemed 1
seemed 1
seemed 1
seemed 1
seemed 1
seemed 1
seemed 1
seemed 1
seemed 1
seemed 1
seemed 1
seemed 1
seemed 1
seemed 1
seemed 1
seemed 1
seemed 1
seemed 1
seemed 1
seemed 1
seemed 1
seemed 1
seemed 1
seemed 1
seemed 1
seemed 1
seemed 1
seemed 1
seemed 1
seemed 1
seemed 1
seemed 1
seemed 1
seemed 1
seemed 1
seemed 1
seemed 1
seemed 1
seemed 1
seemed 1
seemed 1
seemed 1
seemed 1
seemed 1
seemed 1
seemed 1
seemed 1
seemed 1
seen 1
seen 1
seen 1
seen 1
seen 1
seen 1
seen 1
seen 1
seen 1
seen 1
seen 1
seen 1
seen 1
seen 1
seen 1
seen 1
seen 1
seen 1
seen 1
seen 1
seen 1
seen 1
seen 1
seen 1
seen 1
seen 1
seen 1
seen 1
seen 1
seen 1
seen 1
seen 1
seen 1
seen 1
seen 1
seen 1
seen 1
seen 1
seen 1
seen 1
seen 1
seen 1
seen 1
seen 1
seen 1
seen 1
seen 1
seen 1
seen 1
seen 1
seen 1
seen 1
seen 1
seen 1
seen 1
seen 1
seen 1
seen 1
seen 1
seen 1
seen 1
seen 1
seen 1
seen 1
seen 1
seen 1
seen 1
seen 1
seen 1
seen 1
seen 1
seen 1
senseless 1
senseless 1
senseless 1
separated 1
separated 1
serenely 1
serenely 1
setter 1
shade 1
shade 1
shade 1
shade 1
shade 1
shade 1
shade 1
shade 1
shadows 1
shag 1
shag 1
shag 1
shag 1
shape 1
shape 1
shape 1
shape 1
shape 1
shape 1
shape 1
shared 1
shared 1
shepherd 1
sherry 1
sherry 1
shillings 1
shillings 1
shiny 1
shiny 1
shiny 1
shiny 1
ships 1
shone 1
shone 1
shone 1
shone 1
shone 1
shone 1
shrimp 1
sickness 1
sickness 1
sideways 1
sighing 1
signalled 1
simplest 1
sinister 1
sinister 1
sinister 1
sinister 1
sinister 1
sinister 1
sinister 1
sinister 1
sinister 1
sinister 1
size 1
size 1
size 1
size 1
size 1
size 1
size 1
sized 1
sized 1
sized 1
sketched 1
skull 1
slate 1
slate 1
slave 1
sleepers 1
sleepers 1
sleuth 1
slim 1
slim 1
slits 1
small 1
small 1
small 1
small 1
small 1
small 1
small 1
small 1
small 1
small 1
small 1
small 1
small 1
small 1
small 1
small 1
small 1
small 1
small 1
small 1
small 1
small 1
small 1
small 1
small 1
small 1
small 1
small 1
small 1
small 1
small 1
small 1
small 1
small 1
small 1
small 1
small 1
small 1
small 1
small 1
small 1
small 1
small 1
small 1
small 1
small 1
small 1
small 1
small 1
small 1
small 1
small 1
small 1
small 1
small 1
small 1
small 1
small 1
small 1
small 1
small 1
small 1
small 1
small 1
small 1
small 1
small 1
small 1
small 1
small 1
small 1
small 1
small 1
small 1
small 1
small 1
small 1
small 1
small 1
small 1
smallest 1
smallest 1
smarting 1
smashed 1
smiles 1
smiling 1
smiling 1
smiling 1
smiling 1
smiling 1
smiling 1
smiling 1
smiling 1
smiling 1
smiling 1
smiling 1
smiling 1
smiling 1
smiling 1
smiling 1
smiling 1
snigger 1
socks 1
sodden 1
sodden 1
softer 1
softly 1
softly 1
softly 1
solicit 1
solicit 1
solid 1
solid 1
solid 1
solid 1
solid 1
sorry 1
sorry 1
sorry 1
sorry 1
sorry 1
sorry 1
sorry 1
sorry 1
sorry 1
sorry 1
sound 1
sound 1
sound 1
sound 1
sound 1
sound 1
sound 1
sound 1
sound 1
sound 1
sound 1
sound 1
sound 1
sound 1
sound 1
sound 1
sound 1
sound 1
sound 1
sound 1
sound 1
sound 1
sound 1
sound 1
sound 1
sound 1
sound 1
sound 1
sound 1
sound 1
sound 1
spark 1
spark 1
spark 1
special 1
special 1
special 1
special 1
spectacles 1
spine 1
spite 1
spite 1
spite 1
spite 1
spite 1
spite 1
spite 1
spite 1
spite 1
spite 1
sporadic 1
spots 1
spring 1
spring 1
spring 1
spring 1
spring 1
spring 1
squalid 1
squander 1
stale 1
stamp 1
stars 1
stars 1
stated 1
stated 1
stated 1
stated 1
steep 1
stillness 1
stillness 1
stocked 1
stooping 1
storm 1
storm 1
stout 1
stout 1
stout 1
stout 1
stout 1
stout 1
stout 1
straighten 1
straighten 1
stretch 1
strikes 1
strikes 1
strikes 1
suffering 1
suggested 1
suggested 1
suggested 1
suggested 1
suggested 1
suggested 1
suggested 1
suggested 1
suggested 1
suppliers 1
suppressing 1
sure 1
sure 1
sure 1
sure 1
sure 1
sure 1
sure 1
sure 1
sure 1
sure 1
sure 1
sure 1
sure 1
sure 1
sure 1
sure 1
sure 1
sure 1
sure 1
sure 1
sure 1
sure 1
sure 1
sure 1
sure 1
sure 1
sure 1
sure 1
sure 1
sure 1
sure 1
sure 1
sure 1
sure 1
sure 1
sure 1
sure 1
sure 1
sure 1
sure 1
sure 1
sure 1
sure 1
surrounds 1
suspect 1
suspect 1
sweetly 1
swimming 1
system 1
system 1
system 1
system 1
tales 1
tales 1
tales 1
talked 1
talked 1
talked 1
talked 1
talked 1
talked 1
tall 1
tall 1
tall 1
tall 1
tall 1
tall 1
tall 1
tall 1
tall 1
tall 1
tall 1
tall 1
tallied 1
tapping 1
tapping 1
tapping 1
tapping 1
tapping 1
teetotaler 1
temporary 1
temporary 1
tend 1
tend 1
tense 1
terrible 1
terrible 1
terrible 1
terrible 1
terrible 1
terrible 1
terrible 1
terrible 1
terrible 1
terrible 1
terrible 1
terrible 1
terrible 1
terrible 1
terribly 1
terribly 1
terribly 1
terribly 1
terribly 1
that 1
that 1
that 1
that 1
that 1
that 1
that 1
that 1
that 1
that 1
that 1
that 1
that 1
that 1
that 1
that 1
that 1
that 1
that 1
that 1
that 1
that 1
that 1
that 1
that 1
that 1
that 1
that 1
that 1
that 1
that 1
that 1
that 1
that 1
that 1
that 1
that 1
that 1
that 1
that 1
that 1
that 1
that 1
that 1
that 1
that 1
that 1
that 1
that 1
that 1
that 1
that 1
that 1
that 1
that 1
that 1
that 1
that 1
that 1
that 1
that 1
that 1
that 1
that 1
that 1
that 1
that 1
that 1
that 1
that 1
that 1
that 1
that 1
that 1
that 1
that 1
that 1
that 1
that 1
that 1
that 1
that 1
that 1
that 1
that 1
that 1
that 1
that 1
that 1
that 1
that 1
that 1
that 1
that 1
that 1
that 1
that 1
that 1
that 1
that 1
that 1
that 1
that 1
that 1
that 1
that 1
that 1
that 1
that 1
that 1
that 1
that 1
that 1
that 1
that 1
that 1
that 1
that 1
that 1
that 1
that 1
that 1
that 1
that 1
that 1
that 1
that 1
that 1
that 1
that 1
that 1
that 1
that 1
that 1
that 1
that 1
that 1
that 1
that 1
that 1
that 1
that 1
that 1
that 1
that 1
that 1
that 1
that 1
that 1
that 1
that 1
that 1
that 1
that 1
that 1
that 1
that 1
that 1
that 1
that 1
that 1
that 1
that 1
that 1
that 1
that 1
that 1
that 1
that 1
that 1
that 1
that 1
that 1
that 1
that 1
that 1
that 1
that 1
that 1
that 1
that 1
that 1
that 1
that 1
that 1
that 1
that 1
that 1
that 1
that 1
that 1
that 1
that 1
that 1
that 1
that 1
that 1
that 1
that 1
that 1
that 1
that 1
that 1
that 1
that 1
that 1
that 1
that 1
that 1
that 1
that 1
that 1
that 1
that 1
that 1
that 1
that 1
that 1
that 1
that 1
that 1
that 1
that 1
that 1
that 1
that 1
that 1
that 1
that 1
that 1
that 1
that 1
that 1
that 1
that 1
that 1
that 1
that 1
that 1
that 1
that 1
that 1
that 1
that 1
that 1
that 1
that 1
that 1
that 1
that 1
that 1
that 1
that 1
that 1
that 1
that 1
that 1
that 1
that 1
that 1
that 1
that 1
that 1
that 1
that 1
that 1
that 1
that 1
that 1
that 1
that 1
that 1
that 1
that 1
that 1
that 1
that 1
that 1
that 1
that 1
that 1
that 1
that 1
that 1
that 1
that 1
that 1
that 1
that 1
that 1
that 1
that 1
that 1
that 1
that 1
that 1
that 1
that 1
that 1
that 1
that 1
that 1
that 1
that 1
that 1
that 1
that 1
that 1
that 1
that 1
that 1
that 1
that 1
that 1
that 1
that 1
that 1
that 1
that 1
that 1
that 1
that 1
that 1
that 1
that 1
that 1
that 1
that 1
that 1
that 1
that 1
that 1
that 1
that 1
that 1
that 1
that 1
that 1
that 1
that 1
that 1
that 1
that 1
that 1
that 1
that 1
that 1
that 1
that 1
that 1
that 1
that 1
that 1
that 1
that 1
that 1
that 1
that 1
that 1
that 1
that 1
that 1
that 1
that 1
that 1
that 1
that 1
that 1
that 1
that 1
that 1
that 1
that 1
that 1
that 1
that 1
that 1
that 1
that 1
that 1
that 1
that 1
that 1
that 1
that 1
that 1
that 1
that 1
that 1
that 1
that 1
that 1
that 1
that 1
that 1
that 1
that 1
that 1
that 1
that 1
that 1
that 1
that 1
that 1
that 1
that 1
that 1
that 1
that 1
that 1
that 1
that 1
that 1
that 1
that 1
that 1
that 1
that 1
that 1
that 1
that 1
that 1
that 1
that 1
that 1
that 1
that 1
that 1
that 1
that 1
that 1
that 1
that 1
that 1
that 1
that 1
that 1
that 1
that 1
that 1
that 1
that 1
that 1
that 1
that 1
that 1
that 1
that 1
that 1
that 1
that 1
that 1
that 1
that 1
that 1
that 1
that 1
that 1
that 1
that 1
that 1
that 1
that 1
that 1
that 1
that 1
that 1
that 1
that 1
that 1
that 1
that 1
that 1
that 1
that 1
that 1
that 1
that 1
that 1
that 1
that 1
that 1
that 1
that 1
that 1
that 1
that 1
that 1
that 1
that 1
that 1
that 1
that 1
that 1
that 1
that 1
that 1
that 1
that 1
that 1
that 1
that 1
that 1
that 1
that 1
that 1
that 1
that 1
that 1
that 1
that 1
that 1
that 1
that 1
that 1
that 1
that 1
that 1
that 1
that 1
that 1
that 1
that 1
that 1
that 1
that 1
that 1
that 1
that 1
that 1
that 1
that 1
that 1
that 1
that 1
that 1
that 1
that 1
that 1
that 1
that 1
that 1
that 1
that 1
that 1
that 1
that 1
that 1
that 1
that 1
that 1
that 1
that 1
that 1
that 1
that 1
that 1
that 1
that 1
that 1
that 1
that 1
that 1
that 1
that 1
that 1
that 1
that 1
that 1
that 1
that 1
that 1
that 1
that 1
that 1
that 1
that 1
that 1
that 1
that 1
that 1
that 1
that 1
that 1
that 1
that 1
that 1
that 1
that 1
that 1
that 1
that 1
that 1
that 1
that 1
that 1
that 1
that 1
that 1
that 1
that 1
that 1
that 1
that 1
that 1
that 1
that 1
that 1
that 1
that 1
that 1
that 1
that 1
that 1
that 1
that 1
that 1
that 1
that 1
that 1
that 1
that 1
that 1
that 1
that 1
that 1
that 1
that 1
that 1
that 1
that 1
that 1
that 1
that 1
that 1
that 1
that 1
that 1
that 1
that 1
that 1
that 1
that 1
that 1
that 1
that 1
that 1
that 1
that 1
that 1
that 1
that 1
that 1
that 1
that 1
that 1
that 1
that 1
that 1
that 1
that 1
that 1
that 1
that 1
that 1
that 1
that 1
that 1
that 1
that 1
that 1
that 1
that 1
that 1
that 1
that 1
that 1
that 1
that 1
that 1
that 1
that 1
that 1
that 1
that 1
that 1
that 1
that 1
that 1
that 1
that 1
that 1
that 1
that 1
that 1
that 1
that 1
that 1
that 1
that 1
that 1
that 1
that 1
that 1
that 1
that 1
that 1
that 1
that 1
that 1
that 1
that 1
that 1
that 1
that 1
that 1
that 1
that 1
that 1
that 1
that 1
that 1
that 1
that 1
that 1
that 1
that 1
that 1
that 1
that 1
that 1
that 1
that 1
that 1
that 1
that 1
that 1
that 1
that 1
that 1
that 1
that 1
that 1
that 1
that 1
that 1
that 1
that 1
that 1
that 1
that 1
that 1
that 1
that 1
that 1
that 1
that 1
that 1
that 1
that 1
that 1
that 1
that 1
that 1
that 1
that 1
that 1
that 1
that 1
that 1
that 1
that 1
that 1
that 1
that 1
that 1
that 1
that 1
that 1
that 1
that 1
that 1
that 1
that 1
that 1
that 1
that 1
that 1
that 1
that 1
that 1
that 1
that 1
that 1
that 1
that 1
that 1
that 1
that 1
that 1
that 1
that 1
that 1
that 1
that 1
that 1
that 1
that 1
that 1
that 1
that 1
that 1
that 1
that 1
that 1
that 1
that 1
that 1
that 1
that 1
that 1
that 1
that 1
that 1
that 1
that 1
that 1
that 1
that 1
that 1
that 1
that 1
that 1
that 1
that 1
that 1
that 1
that 1
that 1
that 1
that 1
that 1
that 1
that 1
that 1
that 1
that 1
that 1
that 1
that 1
that 1
that 1
that 1
that 1
that 1
that 1
that 1
that 1
that 1
that 1
that 1
that 1
that 1
that 1
that 1
that 1
that 1
that 1
that 1
that 1
that 1
that 1
that 1
that 1
that 1
that 1
that 1
that 1
that 1
that 1
that 1
that 1
that 1
that 1
that 1
that 1
that 1
that 1
that 1
that 1
that 1
that 1
that 1
that 1
that 1
that 1
that 1
that 1
that 1
that 1
that 1
that 1
that 1
that 1
that 1
that 1
that 1
that 1
that 1
that 1
that 1
that 1
that 1
that 1
that 1
that 1
that 1
that 1
that 1
that 1
that 1
that 1
that 1
that 1
that 1
that 1
that 1
that 1
that 1
that 1
that 1
that 1
that 1
that 1
that 1
that 1
that 1
that 1
that 1
that 1
that 1
that 1
that 1
that 1
that 1
that 1
that 1
that 1
that 1
that 1
that 1
that 1
that 1
that 1
that 1
that 1
that 1
that 1
that 1
that 1
that 1
that 1
that 1
that 1
that 1
that 1
that 1
that 1
that 1
that 1
that 1
that 1
that 1
that 1
that 1
that 1
that 1
that 1
that 1
that 1
that 1
that 1
that 1
that 1
that 1
that 1
that 1
that 1
that 1
that 1
that 1
that 1
that 1
that 1
that 1
that 1
that 1
that 1
that 1
that 1
that 1
that 1
that 1
that 1
that 1
that 1
that 1
that 1
that 1
that 1
that 1
that 1
that 1
that 1
that 1
that 1
that 1
that 1
that 1
that 1
that 1
that 1
that 1
that 1
that 1
that 1
that 1
that 1
that 1
that 1
that 1
that 1
that 1
that 1
that 1
that 1
that 1
that 1
that 1
that 1
that 1
that 1
that 1
that 1
that 1
that 1
that 1
that 1
that 1
that 1
that 1
that 1
that 1
that 1
that 1
that 1
that 1
that 1
that 1
that 1
that 1
that 1
that 1
that 1
that 1
that 1
that 1
that 1
that 1
that 1
that 1
that 1
that 1
that 1
that 1
that 1
that 1
that 1
that 1
that 1
that 1
that 1
that 1
that 1
that 1
that 1
that 1
that 1
that 1
that 1
that 1
that 1
that 1
that 1
that 1
that 1
that 1
that 1
that 1
that 1
that 1
that 1
that 1
that 1
that 1
that 1
that 1
that 1
that 1
that 1
that 1
that 1
that 1
that 1
that 1
that 1
that 1
that 1
that 1
that 1
that 1
that 1
that 1
that 1
that 1
that 1
that 1
that 1
that 1
that 1
that 1
that 1
that 1
that 1
that 1
that 1
that 1
that 1
that 1
that 1
that 1
that 1
that 1
that 1
that 1
that 1
that 1
that 1
that 1
that 1
that 1
that 1
that 1
that 1
that 1
that 1
that 1
that 1
that 1
that 1
that 1
that 1
that 1
that 1
that 1
that 1
that 1
that 1
that 1
that 1
that 1
that 1
that 1
that 1
that 1
that 1
that 1
that 1
that 1
that 1
that 1
that 1
that 1
that 1
that 1
that 1
that 1
that 1
that 1
that 1
that 1
that 1
that 1
that 1
that 1
that 1
that 1
that 1
that 1
that 1
that 1
that 1
that 1
that 1
that 1
that 1
that 1
that 1
that 1
that 1
that 1
that 1
that 1
that 1
that 1
that 1
that 1
that 1
that 1
that 1
that 1
that 1
that 1
that 1
that 1
that 1
that 1
that 1
that 1
that 1
that 1
that 1
that 1
that 1
that 1
that 1
that 1
that 1
that 1
that 1
that 1
that 1
that 1
that 1
that 1
that 1
that 1
that 1
that 1
that 1
that 1
that 1
that 1
that 1
that 1
that 1
that 1
that 1
that 1
that 1
that 1
that 1
that 1
that 1
that 1
that 1
that 1
that 1
that 1
that 1
that 1
that 1
that 1
that 1
that 1
that 1
that 1
that 1
that 1
that 1
that 1
that 1
that 1
that 1
that 1
that 1
that 1
that 1
that 1
that 1
that 1
that 1
that 1
that 1
that 1
that 1
that 1
that 1
that 1
that 1
that 1
that 1
that 1
that 1
that 1
that 1
that 1
that 1
that 1
that 1
that 1
that 1
that 1
that 1
that 1
that 1
that 1
that 1
that 1
that 1
that 1
that 1
that 1
that 1
that 1
that 1
that 1
that 1
that 1
that 1
that 1
that 1
that 1
that 1
that 1
that 1
that 1
that 1
that 1
that 1
that 1
that 1
that 1
that 1
that 1
that 1
that 1
that 1
that 1
that 1
that 1
that 1
that 1
that 1
that 1
that 1
that 1
that 1
that 1
that 1
that 1
that 1
that 1
that 1
that 1
that 1
that 1
that 1
that 1
that 1
that 1
that 1
that 1
that 1
that 1
that 1
that 1
that 1
that 1
that 1
that 1
that 1
that 1
that 1
that 1
that 1
that 1
that 1
that 1
that 1
that 1
that 1
that 1
that 1
that 1
that 1
that 1
that 1
that 1
that 1
that 1
that 1
that 1
that 1
that 1
that 1
that 1
that 1
that 1
that 1
that 1
that 1
that 1
that 1
that 1
that 1
that 1
that 1
that 1
that 1
that 1
that 1
that 1
that 1
that 1
that 1
that 1
that 1
that 1
that 1
that 1
that 1
that 1
that 1
that 1
that 1
that 1
that 1
that 1
that 1
that 1
that 1
that 1
that 1
that 1
that 1
that 1
that 1
that 1
that 1
that 1
that 1
that 1
that 1
that 1
that 1
that 1
that 1
that 1
that 1
that 1
that 1
that 1
that 1
that 1
that 1
that 1
that 1
that 1
that 1
that 1
that 1
that 1
that 1
that 1
that 1
that 1
that 1
that 1
that 1
that 1
that 1
that 1
that 1
that 1
that 1
that 1
that 1
that 1
that 1
that 1
that 1
that 1
that 1
that 1
that 1
that 1
that 1
that 1
that 1
that 1
that 1
that 1
that 1
that 1
that 1
that 1
that 1
that 1
that 1
that 1
that 1
that 1
that 1
that 1
that 1
that 1
that 1
that 1
that 1
that 1
that 1
that 1
that 1
that 1
that 1
that 1
that 1
that 1
that 1
that 1
that 1
that 1
that 1
that 1
that 1
that 1
that 1
that 1
that 1
that 1
that 1
that 1
that 1
that 1
that 1
that 1
that 1
that 1
that 1
that 1
that 1
that 1
that 1
that 1
that 1
that 1
that 1
that 1
that 1
that 1
that 1
that 1
that 1
that 1
that 1
that 1
that 1
that 1
that 1
that 1
that 1
that 1
that 1
that 1
that 1
that 1
that 1
that 1
that 1
that 1
that 1
that 1
that 1
that 1
that 1
that 1
that 1
that 1
that 1
that 1
that 1
that 1
that 1
that 1
that 1
that 1
that 1
that 1
that 1
that 1
that 1
that 1
that 1
that 1
that 1
that 1
that 1
that 1
that 1
that 1
that 1
that 1
that 1
that 1
that 1
that 1
that 1
that 1
that 1
that 1
that 1
that 1
that 1
that 1
that 1
that 1
that 1
that 1
that 1
that 1
that 1
that 1
that 1
that 1
that 1
that 1
that 1
that 1
that 1
that 1
that 1
that 1
that 1
that 1
that 1
that 1
that 1
that 1
that 1
that 1
that 1
that 1
that 1
that 1
that 1
that 1
that 1
that 1
that 1
that 1
that 1
that 1
that 1
these 1
these 1
these 1
these 1
these 1
these 1
these 1
these 1
these 1
these 1
these 1
these 1
these 1
these 1
these 1
these 1
these 1
these 1
these 1
these 1
these 1
these 1
these 1
these 1
these 1
these 1
these 1
these 1
these 1
these 1
these 1
these 1
these 1
these 1
these 1
these 1
these 1
these 1
these 1
these 1
these 1
these 1
these 1
these 1
these 1
these 1
these 1
these 1
these 1
these 1
these 1
these 1
these 1
these 1
these 1
these 1
these 1
these 1
these 1
these 1
these 1
these 1
these 1
these 1
these 1
these 1
these 1
these 1
these 1
these 1
these 1
these 1
these 1
thick 1
thick 1
thick 1
thick 1
thick 1
thick 1
thick 1
thick 1
thick 1
thick 1
thick 1
thick 1
thick 1
third 1
third 1
third 1
third 1
third 1
third 1
third 1
third 1
third 1
third 1
third 1
third 1
third 1
third 1
third 1
thought 1
thought 1
thought 1
thought 1
thought 1
thought 1
thought 1
thought 1
thought 1
thought 1
thought 1
thought 1
thought 1
thought 1
thought 1
thought 1
thought 1
thought 1
thought 1
thought 1
thought 1
thought 1
thought 1
thought 1
thought 1
thought 1
thought 1
thought 1
thought 1
thought 1
thought 1
thought 1
thought 1
thought 1
thought 1
thought 1
thought 1
thought 1
thought 1
thought 1
thought 1
thought 1
thought 1
thought 1
thought 1
thought 1
thought 1
thought 1
thought 1
thought 1
thought 1
thought 1
thought 1
thought 1
thought 1
thought 1
thought 1
thought 1
thought 1
thought 1
thought 1
thought 1
thought 1
thought 1
thought 1
thought 1
thought 1
thought 1
thought 1
thought 1
thought 1
thought 1
thought 1
thought 1
thought 1
thought 1
thought 1
thoughtfully 1
thoughtfully 1
thoughtfully 1
thousands 1
thousands 1
thousands 1
thrill 1
thrilling 1
ticking 1
tightly 1
tightly 1
tightly 1
till 1
till 1
tinker 1
tomorrow 1
tongs 1
took 1
took 1
took 1
took 1
took 1
took 1
took 1
took 1
took 1
took 1
took 1
took 1
took 1
took 1
took 1
took 1
took 1
took 1
took 1
took 1
took 1
took 1
took 1
took 1
took 1
took 1
took 1
took 1
took 1
took 1
took 1
took 1
took 1
took 1
took 1
took 1
took 1
took 1
took 1
took 1
took 1
took 1
took 1
took 1
took 1
took 1
took 1
took 1
took 1
took 1
took 1
took 1
took 1
took 1
took 1
took 1
took 1
took 1
took 1
took 1
took 1
took 1
took 1
took 1
took 1
took 1
took 1
took 1
took 1
took 1
took 1
took 1
took 1
took 1
took 1
took 1
took 1
took 1
took 1
took 1
took 1
took 1
took 1
took 1
took 1
took 1
took 1
topic 1
tower 1
traditions 1
traffic 1
traffic 1
trained 1
trained 1
trained 1
trained 1
tramped 1
trampled 1
trampled 1
transformed 1
transformer 1
travels 1
treasure 1
treasure 1
treasure 1
treasure 1
trimly 1
trivial 1
trivial 1
trivial 1
trivial 1
trivial 1
trivial 1
trivial 1
trivial 1
trivial 1
trough 1
trough 1
trough 1
trousers 1
trousers 1
trousers 1
trousers 1
trousers 1
trousers 1
trousers 1
turn 1
turn 1
turn 1
turn 1
turn 1
turn 1
turn 1
turn 1
turn 1
turn 1
turn 1
turn 1
turn 1
turn 1
turn 1
turn 1
turn 1
turn 1
turn 1
turn 1
turn 1
turn 1
turn 1
turn 1
turn 1
turn 1
turn 1
turn 1
turn 1
tweed 1
tweed 1
tweed 1
tying 1
typewriter 1
typewriter 1
typewriter 1
ugly 1
unable 1
unable 1
unable 1
unable 1
unable 1
uncle 1
uncle 1
uncle 1
uncle 1
uncle 1
uncle 1
uncle 1
uncle 1
uncle 1
uncle 1
uncle 1
uncle 1
uncle 1
uncle 1
uncle 1
uncle 1
uncle 1
uncle 1
uncomfortable 1
uneasy 1
unhappy 1
unhappy 1
unhappy 1
unhappy 1
unlink 1
unpleasant 1
unpleasant 1
unpleasant 1
unpleasant 1
unpleasant 1
unpleasant 1
unravelling 1
unrepaired 1
upset 1
upward 1
upward 1
upward 1
upward 1
urgency 1
vacancies 1
vacancies 1
vagabonds 1
vainly 1
various 1
various 1
ventilators 1
vestry 1
vigorously 1
vigorously 1
vigorously 1
villages 1
villages 1
violin 1
violin 1
violin 1
violin 1
volunteers 1
volunteers 1
volunteers 1
volunteers 1
volunteers 1
wants 1
wants 1
wants 1
wants 1
wants 1
wants 1
warm 1
warm 1
warm 1
warmest 1
warned 1
warnings 1
warnings 1
warnings 1
waterproof 1
waterproof 1
wee 1
wheal 1
whistles 1
whistles 1
whole 1
whole 1
whole 1
whole 1
whole 1
whole 1
whole 1
whole 1
whole 1
whole 1
whole 1
whole 1
whole 1
whole 1
whole 1
whole 1
whole 1
whole 1
whole 1
whole 1
whole 1
whole 1
whole 1
whole 1
whole 1
whole 1
whole 1
whole 1
whole 1
whole 1
whole 1
whole 1
whole 1
whole 1
whole 1
whole 1
whole 1
whole 1
whole 1
whole 1
whole 1
whole 1
whole 1
whole 1
whole 1
wine 1
wine 1
wink 1
wink 1
winking 1
wiry 1
wishing 1
work 1
work 1
work 1
work 1
work 1
work 1
work 1
work 1
work 1
work 1
work 1
work 1
work 1
work 1
work 1
work 1
work 1
work 1
work 1
work 1
work 1
work 1
work 1
work 1
work 1
work 1
work 1
work 1
work 1
work 1
work 1
work 1
work 1
work 1
work 1
work 1
work 1
work 1
work 1
work 1
work 1
work 1
work 1
work 1
work 1
work 1
work 1
work 1
work 1
work 1
work 1
work 1
work 1
work 1
work 1
work 1
work 1
work 1
work 1
work 1
work 1
work 1
work 1
work 1
work 1
work 1
work 1
work 1
work 1
work 1
work 1
work 1
work 1
work 1
work 1
work 1
work 1
work 1
work 1
work 1
work 1
work 1
work 1
work 1
work 1
work 1
work 1
work 1
work 1
work 1
work 1
working 1
working 1
working 1
working 1
working 1
working 1
working 1
workmen 1
worthy 1
worthy 1
woven 1
woven 1
woven 1
wrapped 1
wrapped 1
wrapped 1
wrapped 1
wreath 1
wrong 1
wrong 1
wrong 1
wrong 1
wrong 1
wrong 1
wrong 1
wrong 1
wrong 1
wrong 1
wrong 1
wrong 1
wrong 1
wrong 1
wrong 1
yawning 1
yawning 1
yelled 1
yelled 1
yelled 1
yes 1
yes 1
yes 1
yes 1
yes 1
yes 1
yes 1
yes 1
yes 1
yes 1
yes 1
yes 1
yes 1
yes 1
yes 1
yes 1
yes 1
yes 1
yes 1
yes 1
yes 1
yes 1
yes 1
yes 1
