AGREE 1
AGREE 1
ANY 1
ANY 1
ANY 1
Archive 1
Archive 1
Archive 1
Archive 1
Archive 1
Archive 1
Archive 1
Archive 1
Archive 1
Archive 1
Archive 1
Archive 1
Archive 1
Bewailing 1
Bewailing 1
Bring 1
Cap 1
Cap 1
Cap 1
Cap 1
Cap 1
Cap 1
Cap 1
Cap 1
Cap 1
Cap 1
Cap 1
Cap 1
Cap 1
Cap 1
Cap 1
Cap 1
Cap 1
Cap 1
Cap 1
Cap 1
Cap 1
Cap 1
Cap 1
Cap 1
Cap 1
Cap 1
Chanticleer 1
Chanticleer 1
Chanticleer 1
Chanticleer 1
Chanticleer 1
Chanticleer 1
Chanticleer 1
Chanticleer 1
Chanticleer 1
Chanticleer 1
Chanticleer 1
Chanticleer 1
Chanticleer 1
Chanticleer 1
Chanticleer 1
Chanticleer 1
Chanticleer 1
Chanticleer 1
Chanticleer 1
Chanticleer 1
Chanticleer 1
Chanticleer 1
Chanticleer 1
Chanticleer 1
Chanticleer 1
Chanticleer 1
Chanticleer 1
Chanticleer 1
Chanticleer 1
Chanticleer 1
Crabb 1
Crabb 1
Crabb 1
Crabb 1
Curdken 1
Curdken 1
Curdken 1
Curdken 1
Curdken 1
Curdken 1
Curdken 1
Curdken 1
Curdken 1
Curdken 1
Curdken 1
Curdken 1
Curdken 1
D 1
Date 1
Date 1
Done 1
Dr 1
Dr 1
EAT 1
EAT 1
EVEN 1
EXPRESS 1
Elsie 1
Elsie 1
Elsie 1
Elsie 1
Elsie 1
Elsie 1
Elsie 1
Elsie 1
Elsie 1
Elsie 1
Elsie 1
Elsie 1
Elsie 1
Elsie 1
Elsie 1
Elsie 1
Elsie 1
Elsie 1
Elsie 1
Elsie 1
Elsie 1
Elsie 1
Elsie 1
Elsie 1
Elsie 1
Elsie 1
Elsie 1
English 1
English 1
Enough 1
FITNESS 1
From 1
From 1
From 1
From 1
GRISLY 1
GRISLY 1
German 1
German 1
German 1
German 1
German 1
Go 1
Go 1
Go 1
Go 1
Go 1
Go 1
Go 1
Go 1
Go 1
Go 1
Go 1
Go 1
Go 1
Go 1
Go 1
Go 1
Go 1
Go 1
Go 1
Gold 1
Gold 1
Gold 1
Goodness 1
Hans 1
Hans 1
Hans 1
Hans 1
Hans 1
Hans 1
Hans 1
Hans 1
Hans 1
Hans 1
Hans 1
Hans 1
Hans 1
Hans 1
Hans 1
Hans 1
Hans 1
Hans 1
Hans 1
Hans 1
Hans 1
Hans 1
Hans 1
Hans 1
Hans 1
Hans 1
Hans 1
Hans 1
Hans 1
Hans 1
Hans 1
Hans 1
Hans 1
Hans 1
Hans 1
Hans 1
Hans 1
Hans 1
Hans 1
Hans 1
Hans 1
Hans 1
Hans 1
Hans 1
Hans 1
Hans 1
Hans 1
Hans 1
Hans 1
Hans 1
Hans 1
Hans 1
Hans 1
Hans 1
Hans 1
Hans 1
Hans 1
Hans 1
Hans 1
Hans 1
Hans 1
Hans 1
Hans 1
Hans 1
Hans 1
Hans 1
Hans 1
Hans 1
Hans 1
Hans 1
Hans 1
Hans 1
Hans 1
Hans 1
Hans 1
Hans 1
Hans 1
Hans 1
Hans 1
Hans 1
Hans 1
Hans 1
Hans 1
Hans 1
Hans 1
Hans 1
Hans 1
Hans 1
Hans 1
Hans 1
Hans 1
Hans 1
Hans 1
Hans 1
Hans 1
Hans 1
Hans 1
Hans 1
Hans 1
Hans 1
Hans 1
Hans 1
Hans 1
Hans 1
Hans 1
Hans 1
Hans 1
Hans 1
Hans 1
Hans 1
Hans 1
Hans 1
Hans 1
Hans 1
Hans 1
Hans 1
Hans 1
Hans 1
Hans 1
Henceforth 1
Hither 1
Hither 1
Hither 1
Hither 1
Hullo 1
Hurrah 1
Hurry 1
ICHABOD 1
Immediately 1
Immediately 1
Instead 1
Jump 1
KORBES 1
KORBES 1
Knowall 1
Knowall 1
Knowall 1
Knowall 1
Kywitt 1
Kywitt 1
Kywitt 1
Kywitt 1
Kywitt 1
Kywitt 1
Kywitt 1
Kywitt 1
Kywitt 1
Kywitt 1
Kywitt 1
Kywitt 1
Kywitt 1
Kywitt 1
Kywitt 1
Kywitt 1
LIGHT 1
LIGHT 1
Lady 1
Last 1
Lina 1
Lina 1
Lina 1
Lina 1
Lina 1
Lina 1
Lina 1
Lina 1
Lina 1
Lina 1
Lina 1
Lina 1
Meanwhile 1
Meanwhile 1
Meanwhile 1
Meanwhile 1
Meanwhile 1
Miss 1
Miss 1
Miss 1
Miss 1
Mission 1
NOTE 1
NUTS 1
NUTS 1
Our 1
Our 1
Our 1
PEASANT 1
PEASANT 1
Partlet 1
Partlet 1
Partlet 1
Partlet 1
Partlet 1
Partlet 1
Partlet 1
Partlet 1
Partlet 1
Partlet 1
Partlet 1
Partlet 1
Partlet 1
Partlet 1
Partlet 1
Partlet 1
Partlet 1
Peasant 1
Plain 1
Plain 1
Pope 1
Pope 1
REMEDIES 1
RUMPLESTILTSKIN 1
Round 1
Round 1
Round 1
SNOWDROP 1
SNOWDROP 1
Snowdrop 1
Snowdrop 1
Snowdrop 1
Snowdrop 1
Snowdrop 1
Snowdrop 1
Snowdrop 1
Snowdrop 1
Snowdrop 1
Snowdrop 1
Snowdrop 1
Snowdrop 1
Snowdrop 1
Snowdrop 1
Snowdrop 1
Snowdrop 1
Snowdrop 1
Snowdrop 1
Snowdrop 1
Snowdrop 1
Snowdrop 1
Snowdrop 1
Snowdrop 1
Snowdrop 1
Snowdrop 1
Snowdrop 1
Snowdrop 1
Snowdrop 1
Snowdrop 1
Snowdrop 1
Snowdrop 1
Snowdrop 1
Snowdrop 1
Snowdrop 1
Something 1
Something 1
Stuck 1
Stuck 1
TIMOTHY 1
TREE 1
TREE 1
Talk 1
This 1
This 1
This 1
This 1
This 1
This 1
This 1
This 1
This 1
This 1
This 1
This 1
This 1
This 1
This 1
This 1
This 1
This 1
This 1
This 1
This 1
This 1
This 1
This 1
This 1
This 1
This 1
This 1
This 1
This 1
This 1
This 1
This 1
This 1
This 1
This 1
This 1
This 1
This 1
This 1
This 1
This 1
This 1
This 1
This 1
This 1
This 1
Thomas 1
Tommy 1
Under 1
Until 1
WARRANTIES 1
WARRANTIES 1
We 1
We 1
We 1
We 1
We 1
We 1
We 1
We 1
We 1
We 1
We 1
We 1
We 1
We 1
We 1
We 1
We 1
We 1
We 1
We 1
We 1
We 1
We 1
We 1
We 1
We 1
We 1
We 1
Web 1
Web 1
Web 1
When 1
When 1
When 1
When 1
When 1
When 1
When 1
When 1
When 1
When 1
When 1
When 1
When 1
When 1
When 1
When 1
When 1
When 1
When 1
When 1
When 1
When 1
When 1
When 1
When 1
When 1
When 1
When 1
When 1
When 1
When 1
When 1
When 1
When 1
When 1
When 1
When 1
When 1
When 1
When 1
When 1
When 1
When 1
When 1
When 1
When 1
When 1
When 1
When 1
When 1
When 1
When 1
When 1
When 1
When 1
When 1
When 1
When 1
When 1
When 1
When 1
When 1
When 1
When 1
When 1
When 1
When 1
When 1
When 1
When 1
When 1
When 1
When 1
When 1
When 1
When 1
When 1
When 1
When 1
When 1
When 1
When 1
When 1
When 1
When 1
When 1
When 1
When 1
When 1
When 1
When 1
When 1
When 1
When 1
When 1
When 1
When 1
When 1
When 1
When 1
When 1
When 1
When 1
When 1
When 1
When 1
When 1
When 1
When 1
When 1
When 1
When 1
When 1
When 1
When 1
When 1
When 1
When 1
When 1
When 1
When 1
When 1
When 1
When 1
When 1
When 1
When 1
When 1
When 1
When 1
When 1
When 1
When 1
When 1
When 1
When 1
When 1
When 1
When 1
When 1
When 1
When 1
When 1
When 1
When 1
When 1
When 1
When 1
When 1
When 1
When 1
When 1
When 1
When 1
When 1
When 1
When 1
When 1
When 1
When 1
When 1
When 1
When 1
When 1
When 1
When 1
When 1
When 1
When 1
When 1
When 1
When 1
When 1
When 1
When 1
When 1
When 1
When 1
When 1
When 1
When 1
When 1
When 1
When 1
When 1
When 1
When 1
When 1
When 1
When 1
When 1
When 1
When 1
When 1
When 1
When 1
When 1
When 1
When 1
When 1
When 1
When 1
When 1
When 1
When 1
When 1
When 1
When 1
When 1
When 1
When 1
Whose 1
Whose 1
Wilhelm 1
Wilhelm 1
able 1
able 1
able 1
able 1
able 1
able 1
able 1
able 1
able 1
able 1
able 1
able 1
able 1
able 1
able 1
able 1
able 1
able 1
able 1
able 1
able 1
able 1
able 1
able 1
able 1
able 1
access 1
access 1
access 1
access 1
access 1
access 1
access 1
access 1
access 1
access 1
accessible 1
accused 1
accused 1
accused 1
act 1
addition 1
adventure 1
advice 1
advice 1
advice 1
advice 1
advice 1
advice 1
advice 1
advice 1
advice 1
advice 1
advice 1
advice 1
afternoon 1
again 1
again 1
again 1
again 1
again 1
again 1
again 1
again 1
again 1
again 1
again 1
again 1
again 1
again 1
again 1
again 1
again 1
again 1
again 1
again 1
again 1
again 1
again 1
again 1
again 1
again 1
again 1
again 1
again 1
again 1
again 1
again 1
again 1
again 1
again 1
again 1
again 1
again 1
again 1
again 1
again 1
again 1
again 1
again 1
again 1
again 1
again 1
again 1
again 1
again 1
again 1
again 1
again 1
again 1
again 1
again 1
again 1
again 1
again 1
again 1
again 1
again 1
again 1
again 1
again 1
again 1
again 1
again 1
again 1
again 1
again 1
again 1
again 1
again 1
again 1
again 1
again 1
again 1
again 1
again 1
again 1
again 1
again 1
again 1
again 1
again 1
again 1
again 1
again 1
again 1
again 1
again 1
again 1
again 1
again 1
again 1
again 1
again 1
again 1
again 1
again 1
again 1
again 1
again 1
again 1
again 1
again 1
again 1
again 1
again 1
again 1
again 1
again 1
again 1
again 1
again 1
again 1
again 1
again 1
again 1
again 1
again 1
again 1
again 1
again 1
again 1
again 1
again 1
again 1
again 1
again 1
again 1
again 1
again 1
again 1
again 1
again 1
again 1
again 1
again 1
again 1
again 1
again 1
again 1
again 1
again 1
again 1
again 1
again 1
again 1
again 1
again 1
again 1
again 1
again 1
again 1
again 1
again 1
again 1
again 1
again 1
again 1
again 1
again 1
again 1
again 1
again 1
again 1
again 1
again 1
again 1
again 1
again 1
again 1
again 1
again 1
again 1
again 1
again 1
again 1
again 1
again 1
again 1
again 1
again 1
again 1
again 1
again 1
again 1
again 1
again 1
again 1
again 1
again 1
again 1
again 1
again 1
again 1
again 1
again 1
again 1
again 1
again 1
again 1
again 1
again 1
again 1
again 1
again 1
again 1
again 1
again 1
again 1
again 1
again 1
again 1
again 1
again 1
again 1
again 1
again 1
again 1
again 1
again 1
again 1
again 1
again 1
again 1
again 1
again 1
again 1
again 1
again 1
again 1
again 1
again 1
again 1
again 1
again 1
again 1
again 1
again 1
again 1
again 1
again 1
again 1
again 1
again 1
again 1
again 1
again 1
again 1
again 1
again 1
again 1
again 1
again 1
again 1
again 1
again 1
again 1
again 1
again 1
again 1
again 1
again 1
again 1
again 1
again 1
again 1
again 1
again 1
again 1
again 1
again 1
again 1
again 1
again 1
again 1
alternate 1
among 1
among 1
among 1
among 1
among 1
among 1
among 1
among 1
among 1
among 1
among 1
among 1
among 1
among 1
among 1
among 1
among 1
among 1
among 1
among 1
ante 1
ante 1
ante 1
ante 1
ante 1
anvil 1
anvil 1
anvil 1
any 1
any 1
any 1
any 1
any 1
any 1
any 1
any 1
any 1
any 1
any 1
any 1
any 1
any 1
any 1
any 1
any 1
any 1
any 1
any 1
any 1
any 1
any 1
any 1
any 1
any 1
any 1
any 1
any 1
any 1
any 1
any 1
any 1
any 1
any 1
any 1
any 1
any 1
any 1
any 1
any 1
any 1
any 1
any 1
any 1
any 1
any 1
any 1
any 1
any 1
any 1
any 1
any 1
any 1
any 1
any 1
any 1
any 1
any 1
any 1
any 1
any 1
any 1
any 1
any 1
any 1
any 1
any 1
any 1
any 1
any 1
any 1
any 1
any 1
any 1
any 1
any 1
any 1
any 1
any 1
any 1
any 1
any 1
any 1
any 1
any 1
any 1
any 1
any 1
any 1
any 1
any 1
any 1
any 1
any 1
any 1
any 1
any 1
any 1
any 1
any 1
any 1
any 1
any 1
any 1
any 1
any 1
any 1
any 1
any 1
any 1
any 1
anybody 1
apple 1
apple 1
apple 1
apple 1
apple 1
apple 1
apple 1
apple 1
apple 1
apple 1
apple 1
apple 1
apple 1
apple 1
apple 1
apple 1
apple 1
apple 1
apple 1
apple 1
apple 1
apple 1
apple 1
apple 1
apple 1
apple 1
apple 1
apple 1
apply 1
arise 1
arise 1
arm 1
arm 1
arm 1
arm 1
arm 1
arm 1
arts 1
arts 1
arts 1
aside 1
aside 1
aside 1
aside 1
aside 1
aside 1
aside 1
asks 1
asks 1
asks 1
astonished 1
astonished 1
astonished 1
astonished 1
astonished 1
astonished 1
astonished 1
bathed 1
battle 1
battle 1
battle 1
battle 1
battle 1
beer 1
beer 1
beer 1
beer 1
beer 1
beer 1
beer 1
beer 1
beer 1
beer 1
beer 1
beer 1
beer 1
beer 1
beer 1
befell 1
befell 1
befriended 1
beg 1
beg 1
beg 1
beg 1
beg 1
beg 1
beg 1
beg 1
beg 1
beg 1
beg 1
begged 1
begged 1
begged 1
begged 1
begged 1
begged 1
begged 1
begged 1
begged 1
begged 1
begged 1
begged 1
begged 1
begged 1
begged 1
begged 1
begged 1
begged 1
begged 1
begged 1
begged 1
begged 1
begged 1
begged 1
begged 1
behold 1
behold 1
behold 1
behold 1
best 1
best 1
best 1
best 1
best 1
best 1
best 1
best 1
best 1
best 1
best 1
best 1
best 1
best 1
best 1
best 1
best 1
best 1
best 1
best 1
best 1
best 1
best 1
best 1
best 1
best 1
best 1
best 1
best 1
best 1
betook 1
betook 1
between 1
between 1
between 1
between 1
between 1
between 1
between 1
between 1
between 1
between 1
between 1
between 1
between 1
beware 1
bidden 1
billows 1
bite 1
bite 1
bite 1
blood 1
blood 1
blood 1
blood 1
blood 1
blood 1
blood 1
blood 1
blood 1
blood 1
blood 1
blood 1
blood 1
blood 1
blood 1
blood 1
blood 1
blood 1
blood 1
blood 1
blood 1
blood 1
blood 1
blood 1
blood 1
blood 1
blood 1
blood 1
blood 1
blood 1
blood 1
blood 1
blowest 1
blown 1
blythe 1
boil 1
boil 1
boldly 1
boldly 1
boldly 1
boon 1
boon 1
boon 1
boon 1
boon 1
boon 1
boon 1
borrowed 1
braying 1
braying 1
brethren 1
brethren 1
briar 1
bride 1
bride 1
bride 1
bride 1
bride 1
bride 1
bride 1
bride 1
bride 1
bride 1
bride 1
bride 1
bride 1
bride 1
bride 1
bride 1
bride 1
bride 1
bride 1
bride 1
bride 1
bride 1
bride 1
bride 1
bride 1
bride 1
bride 1
bride 1
bride 1
bride 1
bride 1
bride 1
bride 1
bride 1
bride 1
bride 1
bride 1
bride 1
bride 1
bride 1
bride 1
bride 1
bride 1
bride 1
bride 1
bride 1
bride 1
bride 1
bride 1
bride 1
bride 1
bride 1
briskly 1
briskly 1
budded 1
build 1
build 1
butter 1
butter 1
butter 1
butter 1
butter 1
butter 1
butter 1
butter 1
butter 1
butter 1
buzzed 1
calf 1
calf 1
calf 1
calf 1
calf 1
calf 1
calf 1
calf 1
calf 1
calf 1
calf 1
calf 1
calf 1
calf 1
calf 1
calf 1
calling 1
calling 1
calling 1
calling 1
calling 1
calves 1
came 1
came 1
came 1
came 1
came 1
came 1
came 1
came 1
came 1
came 1
came 1
came 1
came 1
came 1
came 1
came 1
came 1
came 1
came 1
came 1
came 1
came 1
came 1
came 1
came 1
came 1
came 1
came 1
came 1
came 1
came 1
came 1
came 1
came 1
came 1
came 1
came 1
came 1
came 1
came 1
came 1
came 1
came 1
came 1
came 1
came 1
came 1
came 1
came 1
came 1
came 1
came 1
came 1
came 1
came 1
came 1
came 1
came 1
came 1
came 1
came 1
came 1
came 1
came 1
came 1
came 1
came 1
came 1
came 1
came 1
came 1
came 1
came 1
came 1
came 1
came 1
came 1
came 1
came 1
came 1
came 1
came 1
came 1
came 1
came 1
came 1
came 1
came 1
came 1
came 1
came 1
came 1
came 1
came 1
came 1
came 1
came 1
came 1
came 1
came 1
came 1
came 1
came 1
came 1
came 1
came 1
came 1
came 1
came 1
came 1
came 1
came 1
came 1
came 1
came 1
came 1
came 1
came 1
came 1
came 1
came 1
came 1
came 1
came 1
came 1
came 1
came 1
came 1
came 1
came 1
came 1
came 1
came 1
came 1
came 1
came 1
came 1
came 1
came 1
came 1
came 1
came 1
came 1
came 1
came 1
came 1
came 1
came 1
came 1
came 1
came 1
came 1
came 1
came 1
came 1
came 1
came 1
came 1
came 1
came 1
came 1
came 1
came 1
came 1
came 1
came 1
came 1
came 1
came 1
came 1
came 1
came 1
came 1
came 1
came 1
came 1
came 1
came 1
came 1
came 1
came 1
came 1
came 1
came 1
came 1
came 1
came 1
came 1
came 1
came 1
came 1
came 1
came 1
came 1
came 1
came 1
came 1
came 1
came 1
came 1
came 1
came 1
came 1
came 1
came 1
came 1
came 1
came 1
came 1
came 1
came 1
came 1
came 1
came 1
came 1
came 1
came 1
came 1
came 1
came 1
came 1
came 1
came 1
came 1
came 1
came 1
came 1
came 1
came 1
came 1
came 1
came 1
came 1
came 1
came 1
came 1
came 1
came 1
came 1
came 1
came 1
came 1
came 1
came 1
came 1
came 1
came 1
came 1
came 1
came 1
came 1
came 1
came 1
came 1
came 1
came 1
came 1
came 1
came 1
came 1
came 1
came 1
came 1
came 1
came 1
came 1
came 1
came 1
came 1
came 1
came 1
came 1
came 1
came 1
came 1
came 1
came 1
came 1
came 1
came 1
came 1
came 1
came 1
came 1
came 1
came 1
came 1
came 1
came 1
came 1
came 1
came 1
came 1
came 1
came 1
came 1
came 1
came 1
came 1
came 1
came 1
came 1
came 1
came 1
came 1
came 1
came 1
came 1
came 1
came 1
came 1
came 1
came 1
came 1
came 1
came 1
came 1
came 1
came 1
came 1
came 1
came 1
came 1
came 1
came 1
came 1
came 1
came 1
came 1
came 1
came 1
came 1
came 1
came 1
came 1
came 1
came 1
came 1
came 1
came 1
came 1
came 1
came 1
came 1
came 1
came 1
came 1
came 1
came 1
came 1
came 1
came 1
came 1
came 1
came 1
came 1
came 1
came 1
came 1
came 1
came 1
came 1
came 1
came 1
came 1
came 1
came 1
came 1
came 1
came 1
came 1
came 1
came 1
came 1
came 1
came 1
came 1
came 1
came 1
came 1
came 1
came 1
came 1
came 1
came 1
came 1
came 1
came 1
came 1
came 1
came 1
came 1
came 1
came 1
came 1
came 1
came 1
came 1
came 1
came 1
came 1
came 1
came 1
came 1
came 1
came 1
came 1
came 1
came 1
came 1
came 1
came 1
came 1
came 1
came 1
came 1
came 1
came 1
came 1
came 1
came 1
came 1
came 1
came 1
came 1
came 1
came 1
came 1
came 1
came 1
came 1
came 1
came 1
came 1
came 1
came 1
came 1
came 1
came 1
came 1
came 1
came 1
came 1
came 1
came 1
came 1
came 1
came 1
came 1
came 1
came 1
came 1
came 1
came 1
came 1
came 1
came 1
came 1
came 1
came 1
came 1
case 1
case 1
case 1
case 1
case 1
case 1
case 1
case 1
case 1
chains 1
chains 1
chamberlain 1
chamberlain 1
chamberlain 1
chosen 1
chosen 1
cinders 1
cinders 1
circle 1
circle 1
circle 1
circle 1
circle 1
circle 1
cistern 1
claim 1
clap 1
cleared 1
clearly 1
click 1
click 1
click 1
click 1
climbed 1
climbed 1
climbed 1
climbed 1
climbed 1
climbed 1
climbed 1
climbed 1
climbed 1
climbed 1
climbed 1
climbed 1
climbed 1
closed 1
closed 1
closed 1
closed 1
closed 1
closed 1
closed 1
clumsily 1
clumsily 1
collection 1
collection 1
collection 1
collection 1
collection 1
collection 1
commands 1
commands 1
commands 1
concern 1
confessed 1
confessed 1
confined 1
consideration 1
constant 1
contain 1
contain 1
contrast 1
copied 1
copied 1
coughing 1
counted 1
counted 1
counted 1
countless 1
country 1
country 1
country 1
country 1
country 1
country 1
country 1
country 1
country 1
country 1
country 1
country 1
country 1
country 1
country 1
country 1
country 1
country 1
country 1
country 1
country 1
country 1
country 1
country 1
country 1
country 1
country 1
country 1
courtiers 1
courtiers 1
courtiers 1
courtiers 1
cows 1
cows 1
cows 1
cows 1
cows 1
cries 1
cries 1
crossing 1
cruelty 1
cruelty 1
cunning 1
cunning 1
cunning 1
cunningest 1
curse 1
dark 1
dark 1
dark 1
dark 1
dark 1
dark 1
dark 1
dark 1
dark 1
dark 1
dark 1
dark 1
dark 1
dark 1
dark 1
dark 1
dark 1
dark 1
dark 1
dark 1
dark 1
dark 1
dark 1
dark 1
dark 1
darted 1
date 1
date 1
death 1
death 1
death 1
death 1
death 1
death 1
death 1
death 1
death 1
death 1
death 1
death 1
death 1
death 1
death 1
death 1
death 1
death 1
death 1
death 1
death 1
death 1
death 1
death 1
death 1
death 1
declared 1
declared 1
declared 1
deer 1
deer 1
deer 1
deer 1
deer 1
delighted 1
delighted 1
delighted 1
delighted 1
delighted 1
delighted 1
delighted 1
delighted 1
deliverer 1
deliverer 1
deserted 1
deserved 1
deserved 1
devil 1
devil 1
devoured 1
devoured 1
devoured 1
devoured 1
devoured 1
dew 1
dictionary 1
difficult 1
difficult 1
dig 1
dig 1
dig 1
dig 1
dig 1
disclaim 1
disgusted 1
dishes 1
dishes 1
dishes 1
dishes 1
dishes 1
dishes 1
dishes 1
display 1
distinguished 1
domain 1
domain 1
domain 1
domain 1
domain 1
domain 1
domain 1
done 1
done 1
done 1
done 1
done 1
done 1
done 1
done 1
done 1
done 1
done 1
done 1
done 1
done 1
done 1
done 1
done 1
done 1
done 1
done 1
done 1
done 1
done 1
done 1
done 1
done 1
done 1
done 1
done 1
done 1
done 1
done 1
done 1
done 1
done 1
done 1
done 1
done 1
done 1
done 1
done 1
done 1
done 1
done 1
done 1
done 1
done 1
done 1
done 1
done 1
done 1
done 1
done 1
done 1
done 1
done 1
done 1
done 1
done 1
done 1
done 1
done 1
done 1
done 1
done 1
done 1
done 1
done 1
done 1
done 1
done 1
done 1
done 1
done 1
done 1
done 1
done 1
done 1
done 1
done 1
done 1
done 1
done 1
done 1
done 1
done 1
done 1
door 1
door 1
door 1
door 1
door 1
door 1
door 1
door 1
door 1
door 1
door 1
door 1
door 1
door 1
door 1
door 1
door 1
door 1
door 1
door 1
door 1
door 1
door 1
door 1
door 1
door 1
door 1
door 1
door 1
door 1
door 1
door 1
door 1
door 1
door 1
door 1
door 1
door 1
door 1
door 1
door 1
door 1
door 1
door 1
door 1
door 1
door 1
door 1
door 1
door 1
door 1
door 1
door 1
door 1
door 1
door 1
door 1
door 1
door 1
door 1
door 1
door 1
door 1
door 1
door 1
door 1
door 1
door 1
door 1
door 1
door 1
door 1
door 1
door 1
door 1
door 1
door 1
door 1
door 1
door 1
door 1
door 1
door 1
door 1
door 1
door 1
door 1
door 1
door 1
door 1
door 1
door 1
door 1
door 1
door 1
door 1
door 1
door 1
door 1
door 1
door 1
door 1
door 1
door 1
door 1
door 1
door 1
door 1
door 1
door 1
door 1
door 1
door 1
door 1
door 1
door 1
door 1
door 1
door 1
door 1
door 1
door 1
door 1
door 1
door 1
door 1
door 1
door 1
door 1
door 1
door 1
door 1
door 1
door 1
door 1
door 1
door 1
door 1
door 1
door 1
door 1
door 1
door 1
down 1
down 1
down 1
down 1
down 1
down 1
down 1
down 1
down 1
down 1
down 1
down 1
down 1
down 1
down 1
down 1
down 1
down 1
down 1
down 1
down 1
down 1
down 1
down 1
down 1
down 1
down 1
down 1
down 1
down 1
down 1
down 1
down 1
down 1
down 1
down 1
down 1
down 1
down 1
down 1
down 1
down 1
down 1
down 1
down 1
down 1
down 1
down 1
down 1
down 1
down 1
down 1
down 1
down 1
down 1
down 1
down 1
down 1
down 1
down 1
down 1
down 1
down 1
down 1
down 1
down 1
down 1
down 1
down 1
down 1
down 1
down 1
down 1
down 1
down 1
down 1
down 1
down 1
down 1
down 1
down 1
down 1
down 1
down 1
down 1
down 1
down 1
down 1
down 1
down 1
down 1
down 1
down 1
down 1
down 1
down 1
down 1
down 1
down 1
down 1
down 1
down 1
down 1
down 1
down 1
down 1
down 1
down 1
down 1
down 1
down 1
down 1
down 1
down 1
down 1
down 1
down 1
down 1
down 1
down 1
down 1
down 1
down 1
down 1
down 1
down 1
down 1
down 1
down 1
down 1
down 1
down 1
down 1
down 1
down 1
down 1
down 1
down 1
down 1
down 1
down 1
down 1
down 1
down 1
down 1
down 1
down 1
down 1
down 1
down 1
down 1
down 1
down 1
down 1
down 1
down 1
down 1
down 1
down 1
down 1
down 1
down 1
down 1
down 1
down 1
down 1
down 1
down 1
down 1
down 1
down 1
down 1
down 1
down 1
down 1
down 1
down 1
down 1
down 1
down 1
down 1
down 1
down 1
down 1
down 1
down 1
down 1
down 1
down 1
down 1
down 1
down 1
down 1
down 1
down 1
down 1
down 1
down 1
down 1
down 1
down 1
down 1
down 1
down 1
down 1
down 1
down 1
down 1
down 1
down 1
down 1
down 1
down 1
down 1
down 1
down 1
down 1
down 1
down 1
down 1
down 1
down 1
down 1
down 1
down 1
down 1
down 1
down 1
down 1
down 1
down 1
down 1
down 1
down 1
down 1
down 1
down 1
down 1
down 1
down 1
down 1
down 1
down 1
down 1
down 1
down 1
down 1
down 1
down 1
down 1
down 1
down 1
down 1
down 1
down 1
down 1
down 1
down 1
down 1
down 1
down 1
down 1
down 1
down 1
down 1
down 1
down 1
down 1
down 1
down 1
down 1
down 1
down 1
down 1
down 1
down 1
down 1
down 1
down 1
down 1
down 1
down 1
down 1
down 1
down 1
down 1
down 1
down 1
down 1
down 1
down 1
down 1
down 1
down 1
down 1
down 1
down 1
down 1
down 1
down 1
down 1
down 1
down 1
down 1
down 1
down 1
down 1
down 1
down 1
down 1
down 1
down 1
down 1
down 1
down 1
down 1
down 1
down 1
down 1
down 1
down 1
down 1
down 1
down 1
down 1
downstairs 1
downstairs 1
downstairs 1
dragged 1
dragged 1
dragged 1
dragged 1
dragged 1
dragged 1
dragged 1
draw 1
draw 1
draw 1
draw 1
draw 1
draw 1
draw 1
draw 1
draw 1
draw 1
draw 1
draw 1
draw 1
draw 1
draw 1
draw 1
draw 1
draw 1
draw 1
draw 1
draw 1
draw 1
draw 1
draw 1
drops 1
drops 1
drops 1
drunk 1
drunk 1
drunk 1
dug 1
dug 1
dug 1
dug 1
dukes 1
dukes 1
dwelt 1
dwelt 1
dwelt 1
dwelt 1
eagle 1
eagle 1
eagle 1
easy 1
easy 1
easy 1
easy 1
easy 1
easy 1
easy 1
easy 1
easy 1
easy 1
easy 1
easy 1
easy 1
easy 1
easy 1
easy 1
eat 1
eat 1
eat 1
eat 1
eat 1
eat 1
eat 1
eat 1
eat 1
eat 1
eat 1
eat 1
eat 1
eat 1
eat 1
eat 1
eat 1
eat 1
eat 1
eat 1
eat 1
eat 1
eat 1
eat 1
eat 1
eat 1
eat 1
eat 1
eat 1
eat 1
eat 1
eat 1
eat 1
eat 1
eat 1
eat 1
eat 1
eat 1
eat 1
eat 1
eat 1
eat 1
eat 1
eat 1
eat 1
eat 1
eat 1
eat 1
eat 1
eat 1
eat 1
eat 1
eat 1
eat 1
eat 1
eat 1
eat 1
eat 1
eat 1
eat 1
eat 1
eat 1
eat 1
eat 1
eat 1
eat 1
eat 1
eat 1
eat 1
eat 1
eat 1
eat 1
eat 1
eat 1
eat 1
eat 1
eat 1
eat 1
eat 1
eat 1
eat 1
eat 1
eat 1
eat 1
eat 1
eat 1
eat 1
eat 1
eat 1
eat 1
eat 1
eat 1
email 1
email 1
embassies 1
ends 1
entering 1
enticed 1
entreated 1
entreated 1
entreated 1
eventide 1
everywhere 1
everywhere 1
everywhere 1
everywhere 1
everywhere 1
everywhere 1
extent 1
eyes 1
eyes 1
eyes 1
eyes 1
eyes 1
eyes 1
eyes 1
eyes 1
eyes 1
eyes 1
eyes 1
eyes 1
eyes 1
eyes 1
eyes 1
eyes 1
eyes 1
eyes 1
eyes 1
eyes 1
eyes 1
eyes 1
eyes 1
eyes 1
eyes 1
eyes 1
eyes 1
eyes 1
eyes 1
eyes 1
eyes 1
eyes 1
eyes 1
eyes 1
eyes 1
eyes 1
eyes 1
eyes 1
eyes 1
eyes 1
eyes 1
eyes 1
eyes 1
eyes 1
eyes 1
eyes 1
eyes 1
eyes 1
eyes 1
eyes 1
eyes 1
eyes 1
eyes 1
eyes 1
eyes 1
eyes 1
eyes 1
eyes 1
eyes 1
eyes 1
eyes 1
eyes 1
eyes 1
fail 1
fail 1
fair 1
fair 1
fair 1
fair 1
fair 1
fair 1
fair 1
fair 1
fair 1
fair 1
fair 1
fair 1
farmyard 1
farthings 1
fast 1
fast 1
fast 1
fast 1
fast 1
fast 1
fast 1
fast 1
fast 1
fast 1
fast 1
fast 1
fast 1
fast 1
fast 1
fast 1
fast 1
fast 1
fast 1
fast 1
fast 1
fast 1
fast 1
fast 1
fast 1
fast 1
fast 1
fast 1
fast 1
fast 1
fast 1
fast 1
fast 1
fast 1
fast 1
fast 1
fast 1
fast 1
fast 1
fast 1
fast 1
fast 1
fast 1
fast 1
fast 1
fast 1
fast 1
fast 1
fast 1
fast 1
fast 1
fast 1
fast 1
fast 1
fast 1
fast 1
fast 1
fast 1
fast 1
fast 1
fast 1
fast 1
fast 1
fast 1
fast 1
fast 1
fast 1
fast 1
fast 1
fast 1
fast 1
fate 1
fate 1
fate 1
fate 1
fate 1
fated 1
father 1
father 1
father 1
father 1
father 1
father 1
father 1
father 1
father 1
father 1
father 1
father 1
father 1
father 1
father 1
father 1
father 1
father 1
father 1
father 1
father 1
father 1
father 1
father 1
father 1
father 1
father 1
father 1
father 1
father 1
father 1
father 1
father 1
father 1
father 1
father 1
father 1
father 1
father 1
father 1
father 1
father 1
father 1
father 1
father 1
father 1
father 1
father 1
father 1
father 1
father 1
father 1
father 1
father 1
father 1
father 1
father 1
father 1
father 1
father 1
father 1
father 1
father 1
father 1
father 1
father 1
father 1
father 1
father 1
father 1
father 1
father 1
father 1
father 1
father 1
father 1
father 1
father 1
father 1
father 1
father 1
father 1
father 1
father 1
father 1
father 1
father 1
father 1
father 1
father 1
father 1
father 1
father 1
father 1
father 1
father 1
father 1
father 1
father 1
father 1
father 1
father 1
father 1
father 1
father 1
father 1
father 1
father 1
father 1
father 1
father 1
father 1
father 1
father 1
father 1
father 1
father 1
father 1
father 1
father 1
father 1
father 1
father 1
father 1
father 1
father 1
father 1
father 1
father 1
father 1
father 1
father 1
father 1
father 1
father 1
father 1
father 1
father 1
father 1
father 1
father 1
father 1
father 1
father 1
father 1
father 1
father 1
father 1
father 1
father 1
father 1
father 1
father 1
father 1
father 1
father 1
father 1
father 1
father 1
father 1
father 1
father 1
father 1
father 1
father 1
father 1
father 1
father 1
father 1
father 1
father 1
father 1
father 1
father 1
father 1
fattening 1
feel 1
feel 1
feel 1
feel 1
feel 1
feel 1
feel 1
feel 1
feel 1
feel 1
feel 1
feel 1
feel 1
feel 1
feel 1
feel 1
feel 1
feel 1
feel 1
feel 1
feel 1
fiddle 1
fiddle 1
fiddle 1
fiddle 1
fiddle 1
fiddle 1
fiddle 1
fiddle 1
fiddle 1
fiddler 1
fiddler 1
fiddler 1
fiddler 1
fiddler 1
fiddler 1
fiddler 1
fiddler 1
fiddler 1
fiddler 1
filled 1
filled 1
filled 1
filled 1
filled 1
filled 1
filled 1
filled 1
filled 1
finer 1
finer 1
first 1
first 1
first 1
first 1
first 1
first 1
first 1
first 1
first 1
first 1
first 1
first 1
first 1
first 1
first 1
first 1
first 1
first 1
first 1
first 1
first 1
first 1
first 1
first 1
first 1
first 1
first 1
first 1
first 1
first 1
first 1
first 1
first 1
first 1
first 1
first 1
first 1
first 1
first 1
first 1
first 1
first 1
first 1
first 1
first 1
first 1
first 1
first 1
first 1
first 1
first 1
first 1
first 1
first 1
first 1
first 1
first 1
first 1
first 1
first 1
first 1
first 1
first 1
first 1
first 1
first 1
first 1
first 1
first 1
first 1
first 1
first 1
first 1
first 1
first 1
first 1
first 1
first 1
first 1
first 1
first 1
first 1
first 1
first 1
first 1
first 1
first 1
first 1
first 1
first 1
first 1
first 1
first 1
first 1
first 1
first 1
first 1
first 1
fishing 1
fishing 1
fishing 1
fitted 1
fitted 1
five 1
five 1
five 1
five 1
five 1
five 1
five 1
five 1
flashing 1
fling 1
flow 1
flow 1
flurry 1
food 1
food 1
food 1
food 1
food 1
food 1
food 1
food 1
food 1
food 1
food 1
food 1
food 1
food 1
food 1
food 1
food 1
food 1
food 1
food 1
food 1
food 1
food 1
food 1
food 1
food 1
food 1
forefeet 1
form 1
form 1
form 1
form 1
form 1
form 1
form 1
form 1
form 1
form 1
form 1
form 1
form 1
form 1
form 1
found 1
found 1
found 1
found 1
found 1
found 1
found 1
found 1
found 1
found 1
found 1
found 1
found 1
found 1
found 1
found 1
found 1
found 1
found 1
found 1
found 1
found 1
found 1
found 1
found 1
found 1
found 1
found 1
found 1
found 1
found 1
found 1
found 1
found 1
found 1
found 1
found 1
found 1
found 1
found 1
found 1
found 1
found 1
found 1
found 1
found 1
found 1
found 1
found 1
found 1
found 1
found 1
found 1
found 1
found 1
found 1
found 1
found 1
found 1
found 1
found 1
found 1
found 1
found 1
found 1
found 1
found 1
found 1
found 1
found 1
found 1
found 1
found 1
found 1
found 1
found 1
found 1
found 1
found 1
found 1
found 1
found 1
found 1
found 1
found 1
found 1
found 1
found 1
found 1
found 1
found 1
found 1
found 1
found 1
found 1
found 1
found 1
found 1
found 1
found 1
found 1
found 1
found 1
found 1
found 1
found 1
found 1
found 1
found 1
found 1
found 1
found 1
found 1
found 1
found 1
found 1
found 1
found 1
found 1
found 1
found 1
found 1
four 1
four 1
four 1
four 1
four 1
four 1
four 1
four 1
four 1
four 1
four 1
four 1
four 1
four 1
four 1
four 1
four 1
four 1
four 1
four 1
four 1
four 1
four 1
four 1
four 1
four 1
four 1
four 1
four 1
four 1
four 1
four 1
four 1
fright 1
fright 1
fright 1
fright 1
fright 1
frightened 1
frightened 1
frightened 1
frightened 1
frightened 1
frightened 1
frightened 1
frightened 1
frightened 1
frightened 1
frightened 1
frightened 1
frightened 1
frightened 1
frightened 1
frightened 1
frightened 1
frightened 1
frightened 1
frightened 1
frightened 1
frightened 1
frightened 1
frightened 1
frightened 1
frightened 1
frightened 1
frightened 1
frightened 1
frightfully 1
frightfully 1
frolick 1
furniture 1
furrows 1
galloped 1
galloped 1
galloped 1
galloped 1
gardens 1
gardens 1
gives 1
giving 1
giving 1
giving 1
giving 1
giving 1
go 1
go 1
go 1
go 1
go 1
go 1
go 1
go 1
go 1
go 1
go 1
go 1
go 1
go 1
go 1
go 1
go 1
go 1
go 1
go 1
go 1
go 1
go 1
go 1
go 1
go 1
go 1
go 1
go 1
go 1
go 1
go 1
go 1
go 1
go 1
go 1
go 1
go 1
go 1
go 1
go 1
go 1
go 1
go 1
go 1
go 1
go 1
go 1
go 1
go 1
go 1
go 1
go 1
go 1
go 1
go 1
go 1
go 1
go 1
go 1
go 1
go 1
go 1
go 1
go 1
go 1
go 1
go 1
go 1
go 1
go 1
go 1
go 1
go 1
go 1
go 1
go 1
go 1
go 1
go 1
go 1
go 1
go 1
go 1
go 1
go 1
go 1
go 1
go 1
go 1
go 1
go 1
go 1
go 1
go 1
go 1
go 1
go 1
go 1
go 1
go 1
go 1
go 1
go 1
go 1
go 1
go 1
go 1
go 1
go 1
go 1
go 1
go 1
go 1
go 1
go 1
go 1
go 1
go 1
go 1
go 1
go 1
go 1
go 1
go 1
go 1
go 1
go 1
go 1
go 1
go 1
go 1
go 1
go 1
go 1
go 1
go 1
go 1
go 1
go 1
go 1
go 1
go 1
go 1
go 1
go 1
go 1
go 1
go 1
go 1
go 1
go 1
go 1
go 1
go 1
go 1
go 1
go 1
go 1
go 1
go 1
go 1
go 1
go 1
go 1
go 1
go 1
go 1
go 1
go 1
go 1
go 1
go 1
go 1
go 1
go 1
go 1
go 1
go 1
go 1
go 1
go 1
go 1
go 1
go 1
go 1
go 1
go 1
go 1
go 1
go 1
go 1
go 1
go 1
go 1
go 1
go 1
go 1
go 1
go 1
go 1
go 1
go 1
go 1
go 1
go 1
go 1
go 1
go 1
go 1
go 1
go 1
go 1
go 1
go 1
go 1
go 1
go 1
go 1
go 1
go 1
go 1
go 1
go 1
go 1
go 1
go 1
go 1
go 1
go 1
go 1
go 1
go 1
go 1
go 1
go 1
go 1
go 1
go 1
go 1
go 1
go 1
go 1
go 1
go 1
go 1
go 1
go 1
go 1
go 1
go 1
go 1
go 1
go 1
go 1
go 1
go 1
go 1
go 1
goats 1
gold 1
gold 1
gold 1
gold 1
gold 1
gold 1
gold 1
gold 1
gold 1
gold 1
gold 1
gold 1
gold 1
gold 1
gold 1
gold 1
gold 1
gold 1
gold 1
gold 1
gold 1
gold 1
gold 1
gold 1
gold 1
gold 1
gold 1
gold 1
gold 1
gold 1
gold 1
gold 1
gold 1
gold 1
gold 1
gold 1
gold 1
gold 1
gold 1
gold 1
gold 1
gold 1
gold 1
gold 1
gold 1
gold 1
gold 1
gold 1
gold 1
gold 1
gold 1
gold 1
gold 1
gold 1
gold 1
gold 1
gold 1
gold 1
gold 1
gold 1
gold 1
gold 1
gold 1
gold 1
gold 1
gold 1
gold 1
gold 1
gold 1
gold 1
gold 1
gold 1
gold 1
gold 1
gold 1
gold 1
gold 1
gold 1
gold 1
gold 1
gold 1
gold 1
gold 1
gold 1
gold 1
gold 1
goodness 1
goodness 1
goods 1
goods 1
goods 1
goods 1
goods 1
goods 1
goods 1
gorged 1
grand 1
grand 1
grand 1
grand 1
granite 1
granite 1
greeted 1
hadst 1
hadst 1
hadst 1
halted 1
handful 1
handful 1
handful 1
handful 1
handful 1
handsomest 1
hanging 1
hanging 1
hanging 1
hanging 1
hanging 1
hanging 1
hanging 1
hanging 1
hanging 1
hanging 1
happening 1
harm 1
harm 1
harm 1
harm 1
harm 1
harm 1
harm 1
harm 1
harm 1
harm 1
harm 1
harm 1
harm 1
harm 1
has 1
has 1
has 1
has 1
has 1
has 1
has 1
has 1
has 1
has 1
has 1
has 1
has 1
has 1
has 1
has 1
has 1
has 1
has 1
has 1
has 1
has 1
has 1
has 1
has 1
has 1
has 1
has 1
has 1
has 1
has 1
has 1
has 1
has 1
has 1
has 1
has 1
has 1
has 1
has 1
has 1
has 1
has 1
has 1
has 1
has 1
has 1
has 1
has 1
has 1
has 1
has 1
has 1
has 1
has 1
has 1
has 1
has 1
has 1
has 1
has 1
has 1
has 1
has 1
has 1
has 1
has 1
has 1
has 1
has 1
has 1
has 1
has 1
has 1
has 1
has 1
has 1
has 1
has 1
has 1
has 1
has 1
has 1
has 1
has 1
has 1
has 1
has 1
has 1
has 1
has 1
has 1
has 1
has 1
has 1
has 1
has 1
has 1
has 1
has 1
has 1
has 1
has 1
has 1
has 1
has 1
has 1
has 1
has 1
has 1
has 1
has 1
has 1
has 1
has 1
has 1
has 1
has 1
has 1
has 1
has 1
has 1
has 1
has 1
has 1
has 1
has 1
has 1
has 1
has 1
hastily 1
hastily 1
have 1
have 1
have 1
have 1
have 1
have 1
have 1
have 1
have 1
have 1
have 1
have 1
have 1
have 1
have 1
have 1
have 1
have 1
have 1
have 1
have 1
have 1
have 1
have 1
have 1
have 1
have 1
have 1
have 1
have 1
have 1
have 1
have 1
have 1
have 1
have 1
have 1
have 1
have 1
have 1
have 1
have 1
have 1
have 1
have 1
have 1
have 1
have 1
have 1
have 1
have 1
have 1
have 1
have 1
have 1
have 1
have 1
have 1
have 1
have 1
have 1
have 1
have 1
have 1
have 1
have 1
have 1
have 1
have 1
have 1
have 1
have 1
have 1
have 1
have 1
have 1
have 1
have 1
have 1
have 1
have 1
have 1
have 1
have 1
have 1
have 1
have 1
have 1
have 1
have 1
have 1
have 1
have 1
have 1
have 1
have 1
have 1
have 1
have 1
have 1
have 1
have 1
have 1
have 1
have 1
have 1
have 1
have 1
have 1
have 1
have 1
have 1
have 1
have 1
have 1
have 1
have 1
have 1
have 1
have 1
have 1
have 1
have 1
have 1
have 1
have 1
have 1
have 1
have 1
have 1
have 1
have 1
have 1
have 1
have 1
have 1
have 1
have 1
have 1
have 1
have 1
have 1
have 1
have 1
have 1
have 1
have 1
have 1
have 1
have 1
have 1
have 1
have 1
have 1
have 1
have 1
have 1
have 1
have 1
have 1
have 1
have 1
have 1
have 1
have 1
have 1
have 1
have 1
have 1
have 1
have 1
have 1
have 1
have 1
have 1
have 1
have 1
have 1
have 1
have 1
have 1
have 1
have 1
have 1
have 1
have 1
have 1
have 1
have 1
have 1
have 1
have 1
have 1
have 1
have 1
have 1
have 1
have 1
have 1
have 1
have 1
have 1
have 1
have 1
have 1
have 1
have 1
have 1
have 1
have 1
have 1
have 1
have 1
have 1
have 1
have 1
have 1
have 1
have 1
have 1
have 1
have 1
have 1
have 1
have 1
have 1
have 1
have 1
have 1
have 1
have 1
have 1
have 1
have 1
have 1
have 1
have 1
have 1
have 1
have 1
have 1
have 1
have 1
have 1
have 1
have 1
have 1
have 1
have 1
have 1
have 1
have 1
have 1
have 1
have 1
have 1
have 1
have 1
have 1
have 1
have 1
have 1
have 1
have 1
have 1
have 1
have 1
have 1
have 1
have 1
have 1
have 1
have 1
have 1
have 1
have 1
have 1
have 1
have 1
have 1
have 1
have 1
have 1
have 1
have 1
have 1
have 1
have 1
have 1
have 1
have 1
have 1
have 1
have 1
have 1
have 1
have 1
have 1
have 1
have 1
have 1
have 1
have 1
have 1
have 1
have 1
have 1
have 1
have 1
have 1
have 1
have 1
have 1
have 1
have 1
have 1
have 1
have 1
have 1
have 1
have 1
have 1
have 1
have 1
have 1
have 1
have 1
have 1
have 1
have 1
have 1
have 1
have 1
have 1
have 1
have 1
have 1
have 1
have 1
have 1
have 1
have 1
have 1
have 1
have 1
have 1
have 1
have 1
have 1
have 1
have 1
have 1
have 1
have 1
have 1
have 1
have 1
have 1
have 1
have 1
have 1
have 1
have 1
have 1
have 1
have 1
have 1
have 1
have 1
have 1
have 1
have 1
have 1
have 1
have 1
have 1
have 1
have 1
have 1
have 1
have 1
have 1
have 1
have 1
have 1
have 1
have 1
have 1
have 1
have 1
have 1
have 1
have 1
have 1
have 1
have 1
have 1
have 1
have 1
have 1
have 1
have 1
have 1
have 1
have 1
have 1
have 1
have 1
have 1
have 1
have 1
have 1
have 1
have 1
have 1
have 1
have 1
have 1
have 1
have 1
have 1
have 1
have 1
have 1
have 1
have 1
have 1
have 1
have 1
have 1
have 1
have 1
have 1
have 1
have 1
have 1
have 1
have 1
have 1
have 1
have 1
have 1
have 1
have 1
have 1
have 1
have 1
have 1
have 1
have 1
have 1
have 1
have 1
have 1
have 1
have 1
have 1
have 1
have 1
have 1
have 1
have 1
have 1
have 1
have 1
have 1
have 1
have 1
have 1
have 1
have 1
have 1
have 1
have 1
have 1
have 1
have 1
have 1
have 1
have 1
have 1
have 1
have 1
have 1
have 1
have 1
have 1
have 1
have 1
have 1
have 1
have 1
have 1
have 1
have 1
have 1
have 1
hay 1
hay 1
hay 1
hay 1
hay 1
hay 1
hay 1
hay 1
hay 1
hay 1
hay 1
hay 1
hay 1
healing 1
heap 1
heap 1
heap 1
heap 1
heap 1
heap 1
heap 1
heap 1
heap 1
heap 1
heap 1
heap 1
heard 1
heard 1
heard 1
heard 1
heard 1
heard 1
heard 1
heard 1
heard 1
heard 1
heard 1
heard 1
heard 1
heard 1
heard 1
heard 1
heard 1
heard 1
heard 1
heard 1
heard 1
heard 1
heard 1
heard 1
heard 1
heard 1
heard 1
heard 1
heard 1
heard 1
heard 1
heard 1
heard 1
heard 1
heard 1
heard 1
heard 1
heard 1
heard 1
heard 1
heard 1
heard 1
heard 1
heard 1
heard 1
heard 1
heard 1
heard 1
heard 1
heard 1
heard 1
heard 1
heard 1
heard 1
heard 1
heard 1
heard 1
heard 1
heard 1
heard 1
heard 1
heard 1
heard 1
heard 1
heard 1
heard 1
heard 1
heard 1
heard 1
heard 1
heard 1
heard 1
heard 1
heard 1
heard 1
heard 1
heard 1
heard 1
heard 1
heard 1
heard 1
heard 1
heard 1
heard 1
heard 1
heard 1
heard 1
heard 1
heard 1
heard 1
heard 1
heard 1
heard 1
heard 1
heard 1
heard 1
heard 1
heard 1
heard 1
heard 1
heard 1
heard 1
heard 1
heard 1
heard 1
heard 1
heard 1
heard 1
heard 1
heard 1
heard 1
hero 1
hero 1
hero 1
hero 1
hewing 1
highest 1
highest 1
him 1
him 1
him 1
him 1
him 1
him 1
him 1
him 1
him 1
him 1
him 1
him 1
him 1
him 1
him 1
him 1
him 1
him 1
him 1
him 1
him 1
him 1
him 1
him 1
him 1
him 1
him 1
him 1
him 1
him 1
him 1
him 1
him 1
him 1
him 1
him 1
him 1
him 1
him 1
him 1
him 1
him 1
him 1
him 1
him 1
him 1
him 1
him 1
him 1
him 1
him 1
him 1
him 1
him 1
him 1
him 1
him 1
him 1
him 1
him 1
him 1
him 1
him 1
him 1
him 1
him 1
him 1
him 1
him 1
him 1
him 1
him 1
him 1
him 1
him 1
him 1
him 1
him 1
him 1
him 1
him 1
him 1
him 1
him 1
him 1
him 1
him 1
him 1
him 1
him 1
him 1
him 1
him 1
him 1
him 1
him 1
him 1
him 1
him 1
him 1
him 1
him 1
him 1
him 1
him 1
him 1
him 1
him 1
him 1
him 1
him 1
him 1
him 1
him 1
him 1
him 1
him 1
him 1
him 1
him 1
him 1
him 1
him 1
him 1
him 1
him 1
him 1
him 1
him 1
him 1
him 1
him 1
him 1
him 1
him 1
him 1
him 1
him 1
him 1
him 1
him 1
him 1
him 1
him 1
him 1
him 1
him 1
him 1
him 1
him 1
him 1
him 1
him 1
him 1
him 1
him 1
him 1
him 1
him 1
him 1
him 1
him 1
him 1
him 1
him 1
him 1
him 1
him 1
him 1
him 1
him 1
him 1
him 1
him 1
him 1
him 1
him 1
him 1
him 1
him 1
him 1
him 1
him 1
him 1
him 1
him 1
him 1
him 1
him 1
him 1
him 1
him 1
him 1
him 1
him 1
him 1
him 1
him 1
him 1
him 1
him 1
him 1
him 1
him 1
him 1
him 1
him 1
him 1
him 1
him 1
him 1
him 1
him 1
him 1
him 1
him 1
him 1
him 1
him 1
him 1
him 1
him 1
him 1
him 1
him 1
him 1
him 1
him 1
him 1
him 1
him 1
him 1
him 1
him 1
him 1
him 1
him 1
him 1
him 1
him 1
him 1
him 1
him 1
him 1
him 1
him 1
him 1
him 1
him 1
him 1
him 1
him 1
him 1
him 1
him 1
him 1
him 1
him 1
him 1
him 1
him 1
him 1
him 1
him 1
him 1
him 1
him 1
him 1
him 1
him 1
him 1
him 1
him 1
him 1
him 1
him 1
him 1
him 1
him 1
him 1
him 1
him 1
him 1
him 1
him 1
him 1
him 1
him 1
him 1
him 1
him 1
him 1
him 1
him 1
him 1
him 1
him 1
him 1
him 1
him 1
him 1
him 1
him 1
him 1
him 1
him 1
him 1
him 1
him 1
him 1
him 1
him 1
him 1
him 1
him 1
him 1
him 1
him 1
him 1
him 1
him 1
him 1
him 1
him 1
him 1
him 1
him 1
him 1
him 1
him 1
him 1
him 1
him 1
him 1
him 1
him 1
him 1
him 1
him 1
him 1
him 1
him 1
him 1
him 1
him 1
him 1
him 1
him 1
him 1
him 1
him 1
him 1
him 1
him 1
him 1
him 1
him 1
him 1
him 1
him 1
him 1
him 1
him 1
him 1
him 1
him 1
him 1
him 1
him 1
him 1
him 1
him 1
him 1
him 1
him 1
him 1
him 1
him 1
him 1
him 1
him 1
him 1
him 1
him 1
him 1
him 1
him 1
him 1
him 1
him 1
him 1
him 1
him 1
him 1
him 1
him 1
him 1
him 1
him 1
him 1
him 1
him 1
him 1
him 1
him 1
him 1
him 1
him 1
him 1
him 1
him 1
him 1
him 1
him 1
him 1
him 1
him 1
him 1
him 1
him 1
him 1
him 1
him 1
him 1
him 1
him 1
him 1
him 1
him 1
him 1
him 1
him 1
him 1
him 1
him 1
him 1
him 1
him 1
him 1
him 1
him 1
him 1
him 1
him 1
him 1
him 1
him 1
him 1
him 1
him 1
him 1
him 1
him 1
him 1
him 1
him 1
him 1
him 1
him 1
him 1
him 1
him 1
him 1
him 1
him 1
him 1
him 1
him 1
him 1
him 1
him 1
him 1
him 1
him 1
him 1
him 1
him 1
him 1
him 1
him 1
him 1
him 1
him 1
him 1
him 1
him 1
him 1
him 1
him 1
him 1
him 1
him 1
him 1
him 1
him 1
him 1
him 1
him 1
him 1
him 1
him 1
him 1
him 1
him 1
him 1
him 1
him 1
him 1
him 1
him 1
him 1
him 1
him 1
him 1
him 1
him 1
him 1
him 1
him 1
him 1
him 1
him 1
him 1
him 1
him 1
him 1
him 1
him 1
him 1
him 1
him 1
him 1
him 1
him 1
him 1
him 1
him 1
him 1
him 1
him 1
him 1
him 1
him 1
him 1
him 1
him 1
him 1
him 1
him 1
him 1
him 1
him 1
him 1
him 1
him 1
him 1
him 1
him 1
him 1
him 1
him 1
him 1
him 1
him 1
him 1
him 1
him 1
him 1
him 1
him 1
him 1
him 1
him 1
him 1
him 1
him 1
him 1
him 1
him 1
him 1
him 1
him 1
him 1
him 1
him 1
him 1
him 1
him 1
him 1
him 1
him 1
him 1
him 1
him 1
him 1
him 1
him 1
him 1
him 1
him 1
him 1
him 1
him 1
him 1
him 1
him 1
him 1
him 1
him 1
him 1
him 1
him 1
him 1
him 1
him 1
him 1
him 1
him 1
him 1
him 1
him 1
him 1
him 1
him 1
him 1
him 1
him 1
him 1
him 1
him 1
him 1
him 1
him 1
him 1
him 1
him 1
him 1
him 1
him 1
him 1
him 1
him 1
him 1
him 1
him 1
him 1
him 1
him 1
him 1
him 1
him 1
him 1
him 1
him 1
him 1
him 1
him 1
him 1
him 1
him 1
him 1
him 1
him 1
him 1
him 1
him 1
him 1
him 1
him 1
him 1
him 1
him 1
him 1
him 1
him 1
him 1
him 1
him 1
him 1
him 1
him 1
him 1
him 1
him 1
him 1
him 1
him 1
him 1
him 1
him 1
him 1
him 1
him 1
him 1
him 1
him 1
him 1
him 1
him 1
him 1
him 1
him 1
him 1
him 1
him 1
him 1
him 1
him 1
him 1
him 1
him 1
him 1
him 1
him 1
him 1
him 1
him 1
him 1
him 1
him 1
him 1
him 1
him 1
him 1
him 1
him 1
him 1
him 1
him 1
him 1
him 1
him 1
him 1
him 1
him 1
him 1
him 1
him 1
him 1
him 1
him 1
him 1
him 1
him 1
him 1
him 1
him 1
him 1
him 1
him 1
him 1
him 1
him 1
him 1
him 1
him 1
him 1
him 1
him 1
him 1
him 1
him 1
him 1
him 1
him 1
him 1
him 1
him 1
him 1
him 1
him 1
him 1
him 1
him 1
him 1
him 1
him 1
him 1
him 1
him 1
him 1
him 1
him 1
him 1
him 1
him 1
him 1
him 1
him 1
him 1
him 1
him 1
him 1
him 1
him 1
him 1
him 1
him 1
him 1
him 1
him 1
him 1
him 1
him 1
him 1
him 1
him 1
him 1
him 1
him 1
him 1
him 1
him 1
him 1
him 1
him 1
him 1
him 1
him 1
him 1
him 1
him 1
him 1
him 1
him 1
him 1
him 1
him 1
him 1
him 1
him 1
him 1
him 1
him 1
him 1
him 1
him 1
him 1
him 1
him 1
him 1
him 1
him 1
him 1
him 1
him 1
him 1
him 1
him 1
him 1
him 1
him 1
him 1
him 1
him 1
him 1
him 1
him 1
him 1
him 1
him 1
him 1
him 1
him 1
him 1
him 1
him 1
him 1
him 1
him 1
him 1
him 1
him 1
him 1
him 1
him 1
him 1
him 1
him 1
him 1
him 1
hooks 1
host 1
host 1
host 1
hovering 1
hurrying 1
hurrying 1
idle 1
idle 1
idle 1
idle 1
idle 1
idle 1
idle 1
illuminated 1
immediately 1
immediately 1
immediately 1
immediately 1
immediately 1
immediately 1
immediately 1
immediately 1
immediately 1
immediately 1
immediately 1
incomplete 1
indoors 1
inherited 1
intent 1
intent 1
interrupted 1
iron 1
iron 1
iron 1
iron 1
iron 1
iron 1
iron 1
iron 1
iron 1
iron 1
iron 1
iron 1
iron 1
iron 1
jingling 1
jingling 1
joint 1
jokes 1
joy 1
joy 1
joy 1
joy 1
joy 1
joy 1
joy 1
joy 1
joy 1
joy 1
joy 1
joy 1
joy 1
joy 1
joy 1
joy 1
joy 1
joy 1
joy 1
joy 1
joy 1
joy 1
joy 1
joy 1
joy 1
joy 1
joy 1
jump 1
jump 1
knowledge 1
knowledge 1
laces 1
laces 1
laces 1
ladder 1
ladder 1
ladder 1
ladder 1
latch 1
latch 1
lathe 1
lathe 1
lathe 1
launched 1
lead 1
lead 1
lead 1
leading 1
leading 1
leading 1
lean 1
leap 1
leap 1
leap 1
learn 1
learn 1
learn 1
learn 1
learn 1
learn 1
learn 1
learn 1
learn 1
learn 1
learn 1
learn 1
learn 1
learn 1
learn 1
learn 1
learn 1
learn 1
learn 1
learn 1
learn 1
learn 1
learn 1
leg 1
leg 1
leg 1
leg 1
leg 1
leg 1
leg 1
leg 1
leg 1
leg 1
leisurely 1
lied 1
light 1
light 1
light 1
light 1
light 1
light 1
light 1
light 1
light 1
light 1
light 1
light 1
light 1
light 1
light 1
light 1
light 1
light 1
light 1
light 1
light 1
light 1
light 1
light 1
light 1
light 1
light 1
light 1
light 1
light 1
light 1
light 1
light 1
light 1
light 1
light 1
light 1
light 1
light 1
light 1
limited 1
limited 1
ll 1
ll 1
ll 1
ll 1
ll 1
ll 1
ll 1
ll 1
ll 1
ll 1
ll 1
ll 1
ll 1
ll 1
ll 1
ll 1
ll 1
ll 1
ll 1
ll 1
ll 1
ll 1
ll 1
ll 1
ll 1
ll 1
ll 1
ll 1
ll 1
ll 1
ll 1
ll 1
ll 1
ll 1
lofty 1
looks 1
looks 1
looks 1
looks 1
looks 1
looks 1
looks 1
looks 1
loved 1
loved 1
loved 1
loved 1
loved 1
loved 1
loved 1
loved 1
loved 1
loved 1
loved 1
loved 1
loved 1
loved 1
loved 1
loved 1
loved 1
loved 1
loved 1
loved 1
loved 1
loved 1
loved 1
loved 1
lustily 1
madam 1
madam 1
maids 1
marshal 1
master 1
master 1
master 1
master 1
master 1
master 1
master 1
master 1
master 1
master 1
master 1
master 1
master 1
master 1
master 1
master 1
master 1
master 1
master 1
master 1
master 1
master 1
master 1
master 1
master 1
master 1
master 1
master 1
master 1
master 1
master 1
master 1
master 1
master 1
master 1
master 1
master 1
master 1
master 1
master 1
master 1
master 1
master 1
master 1
master 1
master 1
masterpiece 1
meanwhile 1
measure 1
measure 1
menial 1
mercy 1
mercy 1
mercy 1
mercy 1
mercy 1
mercy 1
mercy 1
mercy 1
mercy 1
merely 1
merely 1
methods 1
mice 1
mice 1
mice 1
mice 1
mice 1
mice 1
mice 1
midday 1
miles 1
miles 1
miles 1
miles 1
miles 1
minute 1
minute 1
miraculous 1
miss 1
miss 1
missing 1
missing 1
missing 1
missing 1
missing 1
mocking 1
money 1
money 1
money 1
money 1
money 1
money 1
money 1
money 1
money 1
money 1
money 1
money 1
money 1
money 1
money 1
money 1
money 1
money 1
money 1
money 1
money 1
money 1
money 1
money 1
money 1
money 1
money 1
money 1
money 1
money 1
money 1
money 1
money 1
money 1
money 1
money 1
money 1
money 1
money 1
money 1
money 1
money 1
money 1
money 1
money 1
money 1
money 1
money 1
money 1
money 1
mountains 1
mountains 1
mountains 1
mountains 1
mountains 1
mountains 1
mountains 1
mountains 1
mountains 1
mountains 1
mountains 1
mournful 1
movements 1
mumbled 1
my 1
my 1
my 1
my 1
my 1
my 1
my 1
my 1
my 1
my 1
my 1
my 1
my 1
my 1
my 1
my 1
my 1
my 1
my 1
my 1
my 1
my 1
my 1
my 1
my 1
my 1
my 1
my 1
my 1
my 1
my 1
my 1
my 1
my 1
my 1
my 1
my 1
my 1
my 1
my 1
my 1
my 1
my 1
my 1
my 1
my 1
my 1
my 1
my 1
my 1
my 1
my 1
my 1
my 1
my 1
my 1
my 1
my 1
my 1
my 1
my 1
my 1
my 1
my 1
my 1
my 1
my 1
my 1
my 1
my 1
my 1
my 1
my 1
my 1
my 1
my 1
my 1
my 1
my 1
my 1
my 1
my 1
my 1
my 1
my 1
my 1
my 1
my 1
my 1
my 1
my 1
my 1
my 1
my 1
my 1
my 1
my 1
my 1
my 1
my 1
my 1
my 1
my 1
my 1
my 1
my 1
my 1
my 1
my 1
my 1
my 1
my 1
my 1
my 1
my 1
my 1
my 1
my 1
my 1
my 1
my 1
my 1
my 1
my 1
my 1
my 1
my 1
my 1
my 1
my 1
my 1
my 1
my 1
my 1
my 1
my 1
my 1
my 1
my 1
my 1
my 1
my 1
my 1
my 1
my 1
my 1
my 1
my 1
my 1
my 1
my 1
my 1
my 1
my 1
my 1
my 1
my 1
my 1
my 1
my 1
my 1
my 1
my 1
my 1
my 1
my 1
my 1
my 1
my 1
my 1
my 1
my 1
my 1
my 1
my 1
my 1
my 1
my 1
my 1
my 1
my 1
my 1
my 1
my 1
my 1
my 1
my 1
my 1
my 1
my 1
my 1
my 1
my 1
my 1
my 1
my 1
my 1
my 1
my 1
my 1
my 1
my 1
my 1
my 1
my 1
my 1
my 1
my 1
my 1
my 1
my 1
my 1
my 1
my 1
my 1
my 1
my 1
my 1
my 1
my 1
my 1
my 1
my 1
my 1
my 1
my 1
my 1
my 1
my 1
my 1
my 1
my 1
my 1
my 1
my 1
my 1
my 1
my 1
my 1
my 1
my 1
my 1
my 1
my 1
my 1
my 1
my 1
my 1
my 1
my 1
my 1
my 1
my 1
my 1
my 1
my 1
my 1
my 1
my 1
my 1
my 1
my 1
my 1
my 1
my 1
my 1
my 1
my 1
my 1
my 1
my 1
my 1
my 1
my 1
my 1
my 1
my 1
my 1
my 1
my 1
my 1
my 1
my 1
my 1
my 1
my 1
my 1
my 1
my 1
my 1
my 1
my 1
my 1
my 1
my 1
my 1
my 1
my 1
my 1
my 1
my 1
my 1
my 1
my 1
my 1
my 1
my 1
my 1
my 1
my 1
my 1
my 1
my 1
my 1
my 1
my 1
my 1
nag 1
nag 1
names 1
names 1
names 1
names 1
names 1
neighbourly 1
neighbours 1
neighbours 1
network 1
nevertheless 1
nevertheless 1
nevertheless 1
nibbled 1
nostrils 1
notice 1
notice 1
notice 1
notice 1
older 1
older 1
over 1
over 1
over 1
over 1
over 1
over 1
over 1
over 1
over 1
over 1
over 1
over 1
over 1
over 1
over 1
over 1
over 1
over 1
over 1
over 1
over 1
over 1
over 1
over 1
over 1
over 1
over 1
over 1
over 1
over 1
over 1
over 1
over 1
over 1
over 1
over 1
over 1
over 1
over 1
over 1
over 1
over 1
over 1
over 1
over 1
over 1
over 1
over 1
over 1
over 1
over 1
over 1
over 1
over 1
over 1
over 1
over 1
over 1
over 1
over 1
over 1
over 1
over 1
over 1
over 1
over 1
over 1
over 1
over 1
over 1
over 1
over 1
over 1
over 1
over 1
over 1
over 1
over 1
over 1
over 1
over 1
over 1
over 1
over 1
over 1
over 1
over 1
over 1
over 1
over 1
over 1
over 1
over 1
over 1
over 1
over 1
over 1
over 1
over 1
over 1
over 1
over 1
over 1
over 1
over 1
over 1
over 1
over 1
over 1
over 1
over 1
over 1
over 1
over 1
over 1
over 1
over 1
over 1
over 1
over 1
over 1
over 1
over 1
over 1
over 1
over 1
over 1
over 1
over 1
over 1
over 1
over 1
over 1
over 1
over 1
over 1
over 1
over 1
over 1
over 1
over 1
over 1
over 1
over 1
over 1
over 1
over 1
owl 1
owl 1
owl 1
owl 1
packed 1
packed 1
pantry 1
pantry 1
partner 1
partner 1
passed 1
passed 1
passed 1
passed 1
passed 1
passed 1
passed 1
passed 1
passed 1
passed 1
passed 1
passed 1
passed 1
passed 1
passed 1
passed 1
passed 1
passed 1
passed 1
passed 1
passed 1
passed 1
passed 1
passed 1
passed 1
passed 1
passed 1
passed 1
passed 1
passed 1
passed 1
passed 1
passed 1
passed 1
passed 1
paths 1
peep 1
peep 1
perching 1
perfectly 1
perished 1
pierced 1
pierced 1
pierced 1
pig 1
pig 1
pig 1
pig 1
pig 1
pig 1
pig 1
pig 1
pig 1
pig 1
pig 1
pig 1
pig 1
pig 1
pig 1
pig 1
pig 1
pioneer 1
pitch 1
pitch 1
pitch 1
pitchers 1
planed 1
plank 1
plank 1
plank 1
plate 1
plate 1
plate 1
plate 1
plate 1
plate 1
plate 1
plate 1
plate 1
plate 1
plate 1
pleasant 1
pleasant 1
pleasant 1
pleasant 1
plenty 1
plenty 1
plenty 1
plenty 1
plenty 1
plenty 1
plenty 1
plenty 1
plenty 1
plenty 1
plenty 1
plenty 1
plenty 1
plenty 1
plenty 1
poison 1
poison 1
poor 1
poor 1
poor 1
poor 1
poor 1
poor 1
poor 1
poor 1
poor 1
poor 1
poor 1
poor 1
poor 1
poor 1
poor 1
poor 1
poor 1
poor 1
poor 1
poor 1
poor 1
poor 1
poor 1
poor 1
poor 1
poor 1
poor 1
poor 1
poor 1
poor 1
poor 1
poor 1
poor 1
poor 1
poor 1
poor 1
poor 1
poor 1
poor 1
poor 1
poor 1
poor 1
poor 1
poor 1
poor 1
poor 1
poor 1
poor 1
poor 1
poor 1
poor 1
poor 1
poor 1
poor 1
poor 1
poor 1
poor 1
poor 1
poor 1
poor 1
poor 1
poor 1
poor 1
poor 1
poor 1
poor 1
poor 1
poor 1
poor 1
poor 1
poor 1
poor 1
poor 1
poor 1
poor 1
poor 1
poor 1
poor 1
poor 1
poor 1
poor 1
poor 1
poor 1
poor 1
poor 1
poor 1
possess 1
possession 1
possession 1
possession 1
possession 1
pounce 1
precipice 1
presented 1
principal 1
principal 1
printed 1
printed 1
prisoner 1
prisoner 1
prisoner 1
prisoner 1
prisoner 1
prisoner 1
prisoner 1
proposal 1
proposal 1
provisions 1
provisions 1
puffed 1
pulled 1
pulled 1
pulled 1
pulled 1
pulled 1
pulled 1
pulled 1
pulled 1
pulled 1
pulled 1
pulled 1
pulled 1
pulled 1
pulled 1
pulled 1
pulled 1
pulled 1
pulled 1
pulled 1
queer 1
queer 1
quiet 1
quiet 1
quiet 1
quiet 1
quiet 1
quiet 1
quiet 1
raised 1
raised 1
raised 1
raised 1
raised 1
raised 1
raised 1
rare 1
raspberry 1
ray 1
ray 1
reason 1
reason 1
reason 1
reason 1
reason 1
reason 1
reason 1
reason 1
reason 1
reasonable 1
recover 1
reigned 1
reigned 1
reigned 1
reigned 1
reigned 1
reigned 1
reigned 1
repent 1
repose 1
resist 1
resist 1
rest 1
rest 1
rest 1
rest 1
rest 1
rest 1
rest 1
rest 1
rest 1
rest 1
rest 1
rest 1
rest 1
rest 1
rest 1
rest 1
rest 1
rest 1
rest 1
rest 1
rest 1
rest 1
rest 1
rest 1
rest 1
rest 1
rest 1
rest 1
rest 1
rest 1
rest 1
rest 1
rest 1
rest 1
rest 1
rest 1
rest 1
rest 1
rest 1
rest 1
rest 1
rest 1
rest 1
ring 1
ring 1
ring 1
ring 1
ring 1
ring 1
ring 1
ring 1
ring 1
ring 1
ring 1
ring 1
ring 1
ring 1
ring 1
ring 1
ring 1
ring 1
ring 1
ring 1
ring 1
ring 1
ring 1
ring 1
ring 1
ring 1
ring 1
ring 1
ring 1
ring 1
ring 1
ring 1
ring 1
ring 1
ring 1
ring 1
ring 1
ringing 1
rises 1
rising 1
rising 1
rising 1
rogue 1
rolled 1
rolled 1
rolled 1
rolled 1
rolled 1
rolled 1
rolled 1
rolled 1
rolled 1
rolled 1
rolled 1
rolled 1
rolled 1
rolled 1
rolled 1
rolled 1
rolled 1
rolled 1
rolled 1
rooms 1
rooms 1
rooms 1
rooms 1
ropemaker 1
runs 1
runs 1
runs 1
safety 1
safety 1
safety 1
same 1
same 1
same 1
same 1
same 1
same 1
same 1
same 1
same 1
same 1
same 1
same 1
same 1
same 1
same 1
same 1
same 1
same 1
same 1
same 1
same 1
same 1
same 1
same 1
same 1
same 1
same 1
same 1
same 1
same 1
same 1
same 1
same 1
same 1
same 1
same 1
same 1
same 1
same 1
same 1
same 1
same 1
satisfied 1
satisfied 1
satisfied 1
satisfied 1
satisfied 1
satisfied 1
satisfied 1
satisfied 1
satisfied 1
satisfied 1
satisfied 1
satisfied 1
sausages 1
sausages 1
sausages 1
says 1
says 1
says 1
says 1
says 1
says 1
says 1
says 1
says 1
says 1
says 1
says 1
scalded 1
scanty 1
scolded 1
scolded 1
scolded 1
scolded 1
scolded 1
scolded 1
scolded 1
scolded 1
scorned 1
scorned 1
scythe 1
scythe 1
scythe 1
seek 1
seek 1
seek 1
seek 1
seek 1
seek 1
seek 1
seek 1
seek 1
seek 1
seek 1
seek 1
seize 1
seize 1
self 1
sending 1
sent 1
sent 1
sent 1
sent 1
sent 1
sent 1
sent 1
sent 1
sent 1
sent 1
sent 1
sent 1
sent 1
sent 1
sent 1
sent 1
sent 1
sent 1
sent 1
sent 1
sent 1
sent 1
sent 1
sent 1
sent 1
sent 1
sent 1
sent 1
sent 1
sent 1
sent 1
sent 1
sent 1
sent 1
sent 1
sent 1
sent 1
sent 1
sent 1
sent 1
sent 1
sent 1
sent 1
sent 1
sent 1
several 1
several 1
several 1
several 1
several 1
sewed 1
sewed 1
sewed 1
sewed 1
sewed 1
sharing 1
sharing 1
sharpened 1
shining 1
shining 1
shining 1
shining 1
shining 1
shining 1
shining 1
shining 1
shining 1
short 1
short 1
short 1
short 1
short 1
short 1
short 1
short 1
short 1
short 1
short 1
short 1
short 1
short 1
short 1
short 1
short 1
shrivelled 1
sighed 1
sighed 1
sighed 1
sighed 1
sighed 1
sighed 1
simpletons 1
singer 1
situation 1
situation 1
skilful 1
skilful 1
skilful 1
skipped 1
sleek 1
slice 1
slice 1
slice 1
slippery 1
snoring 1
snoring 1
snoring 1
snoring 1
snoring 1
snoring 1
snoring 1
sold 1
sold 1
sold 1
sold 1
solemnized 1
solemnized 1
sowed 1
sparkled 1
sparkled 1
sparkled 1
sparkled 1
sparkled 1
spending 1
spent 1
spent 1
spent 1
spent 1
spent 1
spies 1
spirits 1
spirits 1
spirits 1
spirits 1
spirits 1
splashed 1
spoiled 1
spoiled 1
spy 1
stained 1
states 1
states 1
states 1
states 1
stick 1
stick 1
stick 1
stick 1
stick 1
straight 1
straight 1
straight 1
straight 1
straight 1
straight 1
straight 1
straight 1
straight 1
straight 1
straight 1
straight 1
straight 1
straight 1
straight 1
straight 1
straight 1
straight 1
straight 1
straight 1
straight 1
straight 1
straight 1
streak 1
streak 1
striding 1
striding 1
striding 1
striding 1
stripes 1
stripes 1
stripes 1
subscribe 1
suck 1
suffered 1
suppers 1
swans 1
synonymous 1
tailors 1
tailors 1
takes 1
takes 1
takes 1
takes 1
takes 1
takes 1
takes 1
takes 1
takes 1
test 1
test 1
test 1
them 1
them 1
them 1
them 1
them 1
them 1
them 1
them 1
them 1
them 1
them 1
them 1
them 1
them 1
them 1
them 1
them 1
them 1
them 1
them 1
them 1
them 1
them 1
them 1
them 1
them 1
them 1
them 1
them 1
them 1
them 1
them 1
them 1
them 1
them 1
them 1
them 1
them 1
them 1
them 1
them 1
them 1
them 1
them 1
them 1
them 1
them 1
them 1
them 1
them 1
them 1
them 1
them 1
them 1
them 1
them 1
them 1
them 1
them 1
them 1
them 1
them 1
them 1
them 1
them 1
them 1
them 1
them 1
them 1
them 1
them 1
them 1
them 1
them 1
them 1
them 1
them 1
them 1
them 1
them 1
them 1
them 1
them 1
them 1
them 1
them 1
them 1
them 1
them 1
them 1
them 1
them 1
them 1
them 1
them 1
them 1
them 1
them 1
them 1
them 1
them 1
them 1
them 1
them 1
them 1
them 1
them 1
them 1
them 1
them 1
them 1
them 1
them 1
them 1
them 1
them 1
them 1
them 1
them 1
them 1
them 1
them 1
them 1
them 1
them 1
them 1
them 1
them 1
them 1
them 1
them 1
them 1
them 1
them 1
them 1
them 1
them 1
them 1
them 1
them 1
them 1
them 1
them 1
them 1
them 1
them 1
them 1
them 1
them 1
them 1
them 1
them 1
them 1
them 1
them 1
them 1
them 1
them 1
them 1
them 1
them 1
them 1
them 1
them 1
them 1
them 1
them 1
them 1
them 1
them 1
them 1
them 1
them 1
them 1
them 1
them 1
them 1
them 1
them 1
them 1
them 1
them 1
them 1
them 1
them 1
them 1
them 1
them 1
them 1
them 1
them 1
them 1
them 1
them 1
them 1
them 1
them 1
them 1
them 1
them 1
them 1
them 1
them 1
them 1
them 1
them 1
them 1
them 1
them 1
them 1
them 1
them 1
them 1
them 1
them 1
them 1
them 1
them 1
them 1
them 1
them 1
them 1
them 1
them 1
them 1
them 1
them 1
them 1
them 1
them 1
them 1
them 1
them 1
them 1
them 1
them 1
them 1
them 1
them 1
them 1
them 1
them 1
them 1
them 1
them 1
them 1
them 1
them 1
them 1
them 1
them 1
them 1
them 1
them 1
them 1
them 1
them 1
them 1
them 1
them 1
them 1
them 1
them 1
them 1
them 1
them 1
them 1
them 1
them 1
them 1
them 1
them 1
them 1
them 1
them 1
them 1
them 1
them 1
them 1
them 1
them 1
them 1
them 1
them 1
them 1
them 1
them 1
them 1
them 1
them 1
them 1
them 1
them 1
them 1
them 1
them 1
them 1
them 1
them 1
them 1
them 1
them 1
them 1
them 1
them 1
them 1
them 1
them 1
them 1
them 1
them 1
them 1
them 1
them 1
them 1
them 1
them 1
them 1
them 1
them 1
them 1
them 1
them 1
them 1
them 1
them 1
them 1
them 1
them 1
them 1
them 1
them 1
them 1
them 1
them 1
them 1
them 1
them 1
them 1
them 1
them 1
them 1
them 1
them 1
them 1
them 1
them 1
them 1
them 1
them 1
them 1
them 1
them 1
them 1
them 1
them 1
them 1
them 1
them 1
them 1
them 1
them 1
them 1
them 1
them 1
them 1
them 1
them 1
them 1
them 1
them 1
them 1
them 1
them 1
them 1
them 1
them 1
there 1
there 1
there 1
there 1
there 1
there 1
there 1
there 1
there 1
there 1
there 1
there 1
there 1
there 1
there 1
there 1
there 1
there 1
there 1
there 1
there 1
there 1
there 1
there 1
there 1
there 1
there 1
there 1
there 1
there 1
there 1
there 1
there 1
there 1
there 1
there 1
there 1
there 1
there 1
there 1
there 1
there 1
there 1
there 1
there 1
there 1
there 1
there 1
there 1
there 1
there 1
there 1
there 1
there 1
there 1
there 1
there 1
there 1
there 1
there 1
there 1
there 1
there 1
there 1
there 1
there 1
there 1
there 1
there 1
there 1
there 1
there 1
there 1
there 1
there 1
there 1
there 1
there 1
there 1
there 1
there 1
there 1
there 1
there 1
there 1
there 1
there 1
there 1
there 1
there 1
there 1
there 1
there 1
there 1
there 1
there 1
there 1
there 1
there 1
there 1
there 1
there 1
there 1
there 1
there 1
there 1
there 1
there 1
there 1
there 1
there 1
there 1
there 1
there 1
there 1
there 1
there 1
there 1
there 1
there 1
there 1
there 1
there 1
there 1
there 1
there 1
there 1
there 1
there 1
there 1
there 1
there 1
there 1
there 1
there 1
there 1
there 1
there 1
there 1
there 1
there 1
there 1
there 1
there 1
there 1
there 1
there 1
there 1
there 1
there 1
there 1
there 1
there 1
there 1
there 1
there 1
there 1
there 1
there 1
there 1
there 1
there 1
there 1
there 1
there 1
there 1
there 1
there 1
there 1
there 1
there 1
there 1
there 1
there 1
there 1
there 1
there 1
there 1
there 1
there 1
there 1
there 1
there 1
there 1
there 1
there 1
there 1
there 1
there 1
there 1
there 1
there 1
there 1
there 1
there 1
there 1
there 1
there 1
there 1
there 1
there 1
there 1
there 1
there 1
there 1
there 1
there 1
there 1
there 1
there 1
there 1
there 1
there 1
there 1
there 1
there 1
there 1
there 1
there 1
there 1
there 1
there 1
there 1
there 1
there 1
there 1
there 1
there 1
there 1
there 1
there 1
there 1
there 1
there 1
there 1
there 1
there 1
there 1
there 1
there 1
there 1
there 1
there 1
there 1
there 1
there 1
there 1
there 1
there 1
there 1
there 1
there 1
there 1
there 1
there 1
there 1
there 1
there 1
there 1
there 1
there 1
there 1
there 1
there 1
there 1
there 1
there 1
there 1
there 1
there 1
there 1
there 1
there 1
there 1
there 1
there 1
there 1
there 1
there 1
there 1
there 1
there 1
there 1
there 1
there 1
there 1
there 1
there 1
there 1
there 1
there 1
there 1
there 1
there 1
there 1
there 1
there 1
there 1
there 1
there 1
there 1
there 1
there 1
there 1
there 1
there 1
there 1
there 1
there 1
there 1
there 1
there 1
there 1
there 1
there 1
there 1
there 1
there 1
there 1
there 1
there 1
there 1
there 1
there 1
there 1
thicker 1
thickly 1
thief 1
thief 1
thief 1
thief 1
thief 1
thief 1
thief 1
thief 1
thief 1
this 1
this 1
this 1
this 1
this 1
this 1
this 1
this 1
this 1
this 1
this 1
this 1
this 1
this 1
this 1
this 1
this 1
this 1
this 1
this 1
this 1
this 1
this 1
this 1
this 1
this 1
this 1
this 1
this 1
this 1
this 1
this 1
this 1
this 1
this 1
this 1
this 1
this 1
this 1
this 1
this 1
this 1
this 1
this 1
this 1
this 1
this 1
this 1
this 1
this 1
this 1
this 1
this 1
this 1
this 1
this 1
this 1
this 1
this 1
this 1
this 1
this 1
this 1
this 1
this 1
this 1
this 1
this 1
this 1
this 1
this 1
this 1
this 1
this 1
this 1
this 1
this 1
this 1
this 1
this 1
this 1
this 1
this 1
this 1
this 1
this 1
this 1
this 1
this 1
this 1
this 1
this 1
this 1
this 1
this 1
this 1
this 1
this 1
this 1
this 1
this 1
this 1
this 1
this 1
this 1
this 1
this 1
this 1
this 1
this 1
this 1
this 1
this 1
this 1
this 1
this 1
this 1
this 1
this 1
this 1
this 1
this 1
this 1
this 1
this 1
this 1
this 1
this 1
this 1
this 1
this 1
this 1
this 1
this 1
this 1
this 1
this 1
this 1
this 1
this 1
this 1
this 1
this 1
this 1
this 1
this 1
this 1
this 1
this 1
this 1
this 1
this 1
this 1
this 1
this 1
this 1
this 1
this 1
this 1
this 1
this 1
this 1
this 1
this 1
this 1
this 1
this 1
this 1
this 1
this 1
this 1
this 1
this 1
this 1
this 1
this 1
this 1
this 1
this 1
this 1
this 1
this 1
this 1
this 1
this 1
this 1
this 1
this 1
this 1
this 1
this 1
this 1
this 1
this 1
this 1
this 1
this 1
this 1
this 1
this 1
this 1
this 1
this 1
this 1
this 1
this 1
this 1
this 1
this 1
this 1
this 1
this 1
this 1
this 1
this 1
this 1
this 1
this 1
this 1
this 1
this 1
this 1
this 1
this 1
this 1
this 1
this 1
this 1
this 1
this 1
this 1
this 1
this 1
this 1
this 1
this 1
this 1
this 1
this 1
this 1
this 1
this 1
this 1
this 1
this 1
this 1
this 1
this 1
this 1
this 1
this 1
this 1
this 1
this 1
this 1
this 1
this 1
this 1
this 1
this 1
this 1
this 1
this 1
this 1
this 1
this 1
this 1
this 1
this 1
this 1
this 1
this 1
this 1
this 1
this 1
this 1
this 1
this 1
this 1
this 1
this 1
this 1
this 1
this 1
this 1
this 1
this 1
this 1
this 1
this 1
this 1
this 1
this 1
this 1
this 1
this 1
this 1
this 1
this 1
this 1
this 1
this 1
this 1
this 1
this 1
this 1
this 1
this 1
this 1
this 1
this 1
this 1
this 1
this 1
this 1
this 1
this 1
this 1
this 1
this 1
this 1
this 1
this 1
thorns 1
thorns 1
thorns 1
thorns 1
thorns 1
thorns 1
thoughtful 1
thoughtful 1
thoughtful 1
thresholds 1
threw 1
threw 1
threw 1
threw 1
threw 1
threw 1
threw 1
threw 1
threw 1
threw 1
threw 1
threw 1
threw 1
threw 1
threw 1
threw 1
threw 1
threw 1
threw 1
threw 1
threw 1
threw 1
threw 1
threw 1
threw 1
threw 1
threw 1
threw 1
threw 1
threw 1
threw 1
threw 1
threw 1
threw 1
threw 1
threw 1
threw 1
threw 1
threw 1
threw 1
threw 1
threw 1
threw 1
throw 1
throw 1
throw 1
throw 1
throw 1
throw 1
throw 1
throw 1
throw 1
throw 1
throw 1
throw 1
throw 1
throw 1
throw 1
throw 1
throw 1
throw 1
throw 1
throw 1
throw 1
throw 1
throw 1
thrown 1
thrown 1
thrown 1
thrown 1
thrown 1
thrown 1
thrown 1
thrown 1
thrown 1
thrown 1
thrown 1
thrown 1
thrown 1
thrown 1
thrown 1
thrust 1
thrust 1
thrust 1
thrust 1
thrust 1
thrust 1
tied 1
tied 1
tied 1
tied 1
tied 1
tied 1
tied 1
tied 1
tiny 1
tired 1
tired 1
tired 1
tired 1
tired 1
tired 1
tired 1
tired 1
tired 1
tired 1
tired 1
tired 1
tired 1
tired 1
tired 1
tired 1
tired 1
tired 1
tired 1
tired 1
tired 1
tired 1
tired 1
tired 1
tired 1
tired 1
tired 1
tired 1
tired 1
tone 1
tops 1
tossed 1
tossed 1
tossed 1
transcription 1
treading 1
trinkets 1
trinkets 1
troop 1
troop 1
troop 1
troop 1
troop 1
truly 1
truly 1
trumpets 1
trumpets 1
trunk 1
trunk 1
trunk 1
trunk 1
trunk 1
tugged 1
twigs 1
unbeaten 1
under 1
under 1
under 1
under 1
under 1
under 1
under 1
under 1
under 1
under 1
under 1
under 1
under 1
under 1
under 1
under 1
under 1
under 1
under 1
under 1
under 1
under 1
under 1
under 1
under 1
under 1
under 1
under 1
under 1
under 1
under 1
under 1
under 1
under 1
under 1
under 1
under 1
under 1
under 1
under 1
under 1
under 1
under 1
under 1
under 1
under 1
under 1
under 1
under 1
under 1
under 1
under 1
under 1
under 1
under 1
under 1
under 1
under 1
under 1
under 1
under 1
under 1
under 1
under 1
under 1
under 1
under 1
under 1
under 1
under 1
under 1
uniform 1
untying 1
upon 1
upon 1
upon 1
upon 1
upon 1
upon 1
upon 1
upon 1
upon 1
upon 1
upon 1
upon 1
upon 1
upon 1
upon 1
upon 1
upon 1
upon 1
upon 1
upon 1
upon 1
upon 1
upon 1
upon 1
upon 1
upon 1
upon 1
upon 1
upon 1
upon 1
upon 1
upon 1
upon 1
upon 1
upon 1
upon 1
upon 1
upon 1
upon 1
upon 1
upon 1
upon 1
upon 1
upon 1
upon 1
upon 1
upon 1
upon 1
upon 1
upon 1
upon 1
upon 1
upon 1
upon 1
upon 1
upon 1
upon 1
upon 1
upon 1
upon 1
upon 1
upon 1
upon 1
upon 1
upon 1
upon 1
upon 1
upon 1
upon 1
upon 1
upon 1
upon 1
upon 1
upon 1
upon 1
upon 1
upon 1
upon 1
upon 1
upon 1
upon 1
upon 1
upon 1
upon 1
upon 1
upon 1
upon 1
upon 1
upon 1
upon 1
upon 1
upon 1
upon 1
upon 1
upon 1
upon 1
upon 1
upon 1
upon 1
upon 1
upon 1
upon 1
upon 1
upon 1
upon 1
upon 1
upon 1
upon 1
upon 1
upon 1
upon 1
upon 1
upon 1
upon 1
upon 1
upon 1
upon 1
upon 1
upon 1
upon 1
upon 1
upon 1
upon 1
upon 1
upon 1
upon 1
upon 1
upon 1
upon 1
upon 1
upon 1
upon 1
upon 1
upon 1
upon 1
upon 1
upon 1
upon 1
upon 1
upon 1
upon 1
upon 1
upon 1
upon 1
upon 1
upon 1
upon 1
upon 1
upon 1
upon 1
upon 1
upon 1
upon 1
upon 1
upon 1
upon 1
upon 1
upon 1
upon 1
upon 1
upon 1
upon 1
upon 1
upon 1
upon 1
upon 1
upon 1
upon 1
upon 1
upon 1
upon 1
upon 1
upon 1
upon 1
upon 1
upon 1
upon 1
upon 1
upon 1
upon 1
upon 1
upon 1
upon 1
upon 1
upon 1
upon 1
upon 1
upon 1
upon 1
upon 1
upon 1
upon 1
upon 1
upon 1
upon 1
upon 1
upon 1
upon 1
upper 1
upper 1
upper 1
usual 1
usual 1
usual 1
usual 1
usual 1
usual 1
usual 1
usual 1
vagabond 1
vanished 1
vanished 1
vanished 1
vanished 1
velvet 1
venomous 1
very 1
very 1
very 1
very 1
very 1
very 1
very 1
very 1
very 1
very 1
very 1
very 1
very 1
very 1
very 1
very 1
very 1
very 1
very 1
very 1
very 1
very 1
very 1
very 1
very 1
very 1
very 1
very 1
very 1
very 1
very 1
very 1
very 1
very 1
very 1
very 1
very 1
very 1
very 1
very 1
very 1
very 1
very 1
very 1
very 1
very 1
very 1
very 1
very 1
very 1
very 1
very 1
very 1
very 1
very 1
very 1
very 1
very 1
very 1
very 1
very 1
very 1
very 1
very 1
very 1
very 1
very 1
very 1
very 1
very 1
very 1
very 1
very 1
very 1
very 1
very 1
very 1
very 1
very 1
very 1
very 1
very 1
very 1
very 1
very 1
very 1
very 1
very 1
very 1
very 1
very 1
very 1
very 1
very 1
very 1
very 1
very 1
very 1
very 1
very 1
very 1
very 1
very 1
very 1
very 1
very 1
very 1
very 1
very 1
very 1
very 1
very 1
very 1
very 1
very 1
very 1
very 1
very 1
very 1
very 1
very 1
very 1
very 1
very 1
very 1
very 1
very 1
very 1
very 1
very 1
very 1
very 1
very 1
very 1
very 1
very 1
very 1
very 1
very 1
very 1
very 1
very 1
very 1
very 1
very 1
very 1
very 1
very 1
very 1
very 1
very 1
very 1
very 1
very 1
very 1
very 1
very 1
very 1
very 1
very 1
very 1
very 1
very 1
very 1
very 1
very 1
very 1
very 1
very 1
very 1
very 1
very 1
very 1
very 1
very 1
very 1
very 1
very 1
very 1
very 1
very 1
very 1
very 1
very 1
very 1
very 1
very 1
very 1
very 1
very 1
very 1
very 1
very 1
very 1
very 1
very 1
very 1
very 1
very 1
very 1
very 1
very 1
very 1
very 1
very 1
very 1
very 1
very 1
very 1
very 1
very 1
very 1
very 1
very 1
very 1
very 1
very 1
very 1
very 1
very 1
very 1
very 1
very 1
victory 1
victory 1
victory 1
victory 1
village 1
village 1
village 1
village 1
village 1
village 1
village 1
village 1
village 1
village 1
village 1
village 1
village 1
village 1
village 1
village 1
village 1
virtues 1
voice 1
voice 1
voice 1
voice 1
voice 1
voice 1
voice 1
voice 1
voice 1
voice 1
voice 1
voice 1
voice 1
voice 1
voice 1
voice 1
voice 1
voice 1
voice 1
voice 1
voice 1
voice 1
voice 1
voice 1
voice 1
void 1
waited 1
waited 1
waited 1
waited 1
waited 1
waited 1
waited 1
waited 1
waited 1
waited 1
waited 1
waited 1
waited 1
waited 1
waited 1
waited 1
waited 1
waited 1
war 1
war 1
war 1
war 1
war 1
war 1
war 1
warranties 1
watched 1
watched 1
watched 1
watched 1
watched 1
watched 1
watched 1
watched 1
watched 1
watched 1
watered 1
waters 1
waters 1
waters 1
waving 1
we 1
we 1
we 1
we 1
we 1
we 1
we 1
we 1
we 1
we 1
we 1
we 1
we 1
we 1
we 1
we 1
we 1
we 1
we 1
we 1
we 1
we 1
we 1
we 1
we 1
we 1
we 1
we 1
we 1
we 1
we 1
we 1
we 1
we 1
we 1
we 1
we 1
we 1
we 1
we 1
we 1
we 1
we 1
we 1
we 1
we 1
we 1
we 1
we 1
we 1
we 1
we 1
we 1
we 1
we 1
we 1
we 1
we 1
we 1
we 1
we 1
we 1
we 1
we 1
we 1
we 1
we 1
we 1
we 1
we 1
we 1
we 1
we 1
we 1
we 1
we 1
we 1
we 1
we 1
we 1
we 1
we 1
we 1
we 1
we 1
we 1
we 1
we 1
we 1
we 1
we 1
we 1
we 1
we 1
we 1
we 1
we 1
we 1
we 1
we 1
we 1
we 1
we 1
we 1
we 1
we 1
we 1
we 1
we 1
we 1
we 1
we 1
we 1
we 1
we 1
we 1
we 1
we 1
we 1
we 1
we 1
we 1
we 1
we 1
we 1
we 1
we 1
we 1
we 1
we 1
we 1
we 1
we 1
we 1
we 1
we 1
we 1
we 1
we 1
we 1
we 1
we 1
we 1
we 1
we 1
we 1
we 1
we 1
we 1
we 1
we 1
we 1
we 1
we 1
we 1
we 1
we 1
we 1
we 1
we 1
we 1
we 1
we 1
we 1
we 1
we 1
we 1
we 1
we 1
we 1
we 1
we 1
we 1
we 1
we 1
we 1
we 1
we 1
we 1
we 1
we 1
weave 1
weave 1
weave 1
weave 1
wedge 1
wedge 1
welcome 1
welcome 1
well 1
well 1
well 1
well 1
well 1
well 1
well 1
well 1
well 1
well 1
well 1
well 1
well 1
well 1
well 1
well 1
well 1
well 1
well 1
well 1
well 1
well 1
well 1
well 1
well 1
well 1
well 1
well 1
well 1
well 1
well 1
well 1
well 1
well 1
well 1
well 1
well 1
well 1
well 1
well 1
well 1
well 1
well 1
well 1
well 1
well 1
well 1
well 1
well 1
well 1
well 1
well 1
well 1
well 1
well 1
well 1
well 1
well 1
well 1
well 1
well 1
well 1
well 1
well 1
well 1
well 1
well 1
well 1
well 1
well 1
well 1
well 1
well 1
well 1
well 1
well 1
well 1
well 1
well 1
well 1
well 1
well 1
well 1
well 1
well 1
well 1
well 1
well 1
well 1
well 1
well 1
well 1
well 1
well 1
well 1
well 1
well 1
well 1
well 1
well 1
well 1
well 1
well 1
well 1
well 1
well 1
well 1
well 1
well 1
well 1
well 1
well 1
well 1
well 1
well 1
well 1
well 1
well 1
well 1
well 1
well 1
well 1
well 1
well 1
well 1
well 1
well 1
well 1
well 1
well 1
well 1
well 1
wet 1
wheels 1
wheels 1
wheels 1
wheels 1
wheels 1
wheels 1
wheels 1
wheels 1
wheels 1
wheels 1
wheels 1
wheels 1
wheels 1
whenever 1
whenever 1
whenever 1
whenever 1
whenever 1
whenever 1
whenever 1
whenever 1
whereon 1
whip 1
whip 1
whip 1
whip 1
whispering 1
whoever 1
whoever 1
whoever 1
whoever 1
whoever 1
whoever 1
whose 1
whose 1
whose 1
whose 1
whose 1
whose 1
whose 1
whose 1
whose 1
whose 1
whose 1
whose 1
whose 1
whose 1
whu 1
whu 1
whu 1
will 1
will 1
will 1
will 1
will 1
will 1
will 1
will 1
will 1
will 1
will 1
will 1
will 1
will 1
will 1
will 1
will 1
will 1
will 1
will 1
will 1
will 1
will 1
will 1
will 1
will 1
will 1
will 1
will 1
will 1
will 1
will 1
will 1
will 1
will 1
will 1
will 1
will 1
will 1
will 1
will 1
will 1
will 1
will 1
will 1
will 1
will 1
will 1
will 1
will 1
will 1
will 1
will 1
will 1
will 1
will 1
will 1
will 1
will 1
will 1
will 1
will 1
will 1
will 1
will 1
will 1
will 1
will 1
will 1
will 1
will 1
will 1
will 1
will 1
will 1
will 1
will 1
will 1
will 1
will 1
will 1
will 1
will 1
will 1
will 1
will 1
will 1
will 1
will 1
will 1
will 1
will 1
will 1
will 1
will 1
will 1
will 1
will 1
will 1
will 1
will 1
will 1
will 1
will 1
will 1
will 1
will 1
will 1
will 1
will 1
will 1
will 1
will 1
will 1
will 1
will 1
will 1
will 1
will 1
will 1
will 1
will 1
will 1
will 1
will 1
will 1
will 1
will 1
will 1
will 1
will 1
will 1
will 1
will 1
will 1
will 1
will 1
will 1
will 1
will 1
will 1
will 1
will 1
will 1
will 1
will 1
will 1
will 1
will 1
will 1
will 1
will 1
will 1
will 1
will 1
will 1
will 1
will 1
will 1
will 1
will 1
will 1
will 1
will 1
will 1
will 1
will 1
will 1
will 1
will 1
will 1
will 1
will 1
will 1
will 1
will 1
will 1
will 1
will 1
will 1
will 1
will 1
will 1
will 1
will 1
will 1
will 1
will 1
will 1
will 1
will 1
will 1
will 1
will 1
will 1
will 1
will 1
will 1
will 1
will 1
will 1
will 1
will 1
will 1
will 1
will 1
will 1
will 1
will 1
will 1
will 1
will 1
will 1
will 1
will 1
will 1
will 1
will 1
will 1
will 1
will 1
will 1
will 1
will 1
will 1
will 1
will 1
will 1
will 1
will 1
will 1
will 1
will 1
will 1
will 1
will 1
will 1
will 1
will 1
will 1
will 1
will 1
will 1
will 1
will 1
will 1
will 1
will 1
will 1
will 1
will 1
will 1
will 1
will 1
will 1
will 1
will 1
will 1
will 1
will 1
will 1
will 1
will 1
will 1
will 1
will 1
will 1
will 1
will 1
will 1
will 1
will 1
will 1
will 1
will 1
will 1
will 1
will 1
will 1
will 1
will 1
will 1
will 1
will 1
will 1
will 1
will 1
will 1
will 1
will 1
will 1
will 1
will 1
will 1
will 1
will 1
will 1
will 1
will 1
will 1
will 1
will 1
will 1
will 1
will 1
will 1
will 1
will 1
will 1
will 1
will 1
will 1
will 1
will 1
will 1
will 1
will 1
will 1
will 1
will 1
will 1
will 1
will 1
will 1
will 1
will 1
will 1
will 1
will 1
will 1
will 1
will 1
will 1
will 1
will 1
will 1
will 1
will 1
will 1
will 1
will 1
will 1
will 1
will 1
will 1
will 1
will 1
will 1
will 1
will 1
will 1
will 1
will 1
will 1
will 1
will 1
will 1
will 1
will 1
will 1
will 1
will 1
will 1
will 1
will 1
will 1
will 1
will 1
will 1
will 1
will 1
will 1
will 1
will 1
will 1
will 1
will 1
will 1
will 1
will 1
will 1
will 1
will 1
will 1
will 1
will 1
will 1
will 1
will 1
will 1
will 1
will 1
will 1
will 1
will 1
will 1
will 1
will 1
will 1
will 1
will 1
will 1
will 1
will 1
will 1
will 1
will 1
will 1
will 1
will 1
will 1
will 1
will 1
will 1
will 1
will 1
will 1
will 1
will 1
will 1
will 1
will 1
will 1
will 1
will 1
will 1
will 1
will 1
will 1
will 1
will 1
will 1
will 1
will 1
will 1
will 1
will 1
will 1
will 1
will 1
will 1
will 1
will 1
will 1
will 1
will 1
will 1
will 1
will 1
will 1
will 1
will 1
will 1
will 1
will 1
will 1
will 1
will 1
will 1
will 1
will 1
will 1
will 1
will 1
will 1
will 1
will 1
will 1
will 1
will 1
will 1
will 1
will 1
will 1
will 1
will 1
will 1
will 1
will 1
will 1
will 1
will 1
will 1
will 1
will 1
will 1
will 1
will 1
will 1
will 1
will 1
will 1
will 1
will 1
will 1
will 1
will 1
will 1
will 1
will 1
will 1
will 1
will 1
will 1
will 1
will 1
will 1
will 1
will 1
will 1
will 1
will 1
will 1
will 1
will 1
will 1
will 1
will 1
will 1
will 1
will 1
will 1
will 1
will 1
will 1
will 1
will 1
will 1
will 1
will 1
will 1
will 1
will 1
will 1
will 1
will 1
will 1
will 1
will 1
will 1
will 1
will 1
will 1
will 1
will 1
will 1
will 1
will 1
will 1
will 1
will 1
will 1
will 1
will 1
will 1
will 1
will 1
will 1
will 1
will 1
will 1
will 1
will 1
will 1
willing 1
willing 1
willing 1
willing 1
willing 1
willing 1
willing 1
willing 1
willing 1
willing 1
wings 1
wings 1
wings 1
wings 1
wings 1
wings 1
wings 1
wings 1
wings 1
wings 1
wise 1
wise 1
wise 1
wise 1
wise 1
world 1
world 1
world 1
world 1
world 1
world 1
world 1
world 1
world 1
world 1
world 1
world 1
world 1
world 1
world 1
world 1
world 1
world 1
world 1
world 1
world 1
world 1
world 1
world 1
world 1
world 1
world 1
world 1
world 1
world 1
world 1
world 1
world 1
world 1
world 1
world 1
world 1
world 1
world 1
world 1
world 1
world 1
world 1
world 1
world 1
world 1
world 1
world 1
world 1
world 1
world 1
world 1
world 1
world 1
world 1
world 1
world 1
world 1
world 1
world 1
world 1
world 1
world 1
worth 1
worth 1
worth 1
worth 1
worth 1
worth 1
wounded 1
wounded 1
wounded 1
wounded 1
wounded 1
wounded 1
wounded 1
wounded 1
wounded 1
wretched 1
wretched 1
yet 1
yet 1
yet 1
yet 1
yet 1
yet 1
yet 1
yet 1
yet 1
yet 1
yet 1
yet 1
yet 1
yet 1
yet 1
yet 1
yet 1
yet 1
yet 1
yet 1
yet 1
yet 1
yet 1
yet 1
yet 1
yet 1
yet 1
yet 1
yet 1
yet 1
yet 1
yet 1
yet 1
yet 1
yet 1
yet 1
yet 1
yet 1
yet 1
yet 1
yet 1
yet 1
yet 1
yet 1
yet 1
young 1
young 1
young 1
young 1
young 1
young 1
young 1
young 1
young 1
young 1
young 1
young 1
young 1
young 1
young 1
young 1
young 1
young 1
young 1
young 1
young 1
young 1
young 1
young 1
young 1
young 1
young 1
young 1
young 1
young 1
young 1
young 1
young 1
young 1
young 1
young 1
young 1
young 1
young 1
young 1
young 1
young 1
young 1
young 1
young 1
young 1
young 1
young 1
young 1
young 1
young 1
young 1
young 1
young 1
young 1
young 1
young 1
young 1
young 1
young 1
young 1
young 1
young 1
young 1
young 1
young 1
young 1
young 1
young 1
young 1
young 1
young 1
young 1
young 1
young 1
young 1
young 1
young 1
