AGREE 1
AGREE 1
ANY 1
ANY 1
ANY 1
America 1
Anyways 1
Anyways 1
Archive 1
Archive 1
Archive 1
Archive 1
Archive 1
Archive 1
Archive 1
Archive 1
Archive 1
Archive 1
Archive 1
Archive 1
Archive 1
Asleep 1
Attending 1
Baldy 1
Bang 1
Bang 1
Bang 1
Bang 1
Bang 1
Bang 1
Baton 1
Battle 1
Best 1
Best 1
Blest 1
Blest 1
Bondage 1
Bondage 1
Bots 1
Bots 1
Bots 1
Bots 1
Bots 1
Boun 1
Burkey 1
Burton 1
Burton 1
Captive 1
Cincinnati 1
Cincinnati 1
Cincinnati 1
Cincinnati 1
Clah 1
Clergy 1
Comfort 1
Conqueror 1
Conscience 1
D 1
D 1
D 1
D 1
Dark 1
Date 1
Daytimes 1
Death 1
Death 1
Deed 1
Deed 1
Deed 1
Dog 1
Done 1
Door 1
Down 1
Down 1
Dr 1
Dr 1
Dr 1
Dr 1
Dr 1
Dr 1
Dr 1
Drury 1
Drury 1
Drury 1
Dummy 1
EVEN 1
EXPRESS 1
Elder 1
English 1
English 1
English 1
Explains 1
Explains 1
FITNESS 1
Fallen 1
Fog 1
Frenchman 1
Frenchman 1
Frenchman 1
Go 1
Go 1
Go 1
Go 1
Go 1
Go 1
Go 1
Go 1
Go 1
Goodness 1
Goodness 1
Goshen 1
Goshen 1
Goshen 1
Goshen 1
Goshen 1
Goshen 1
Goshen 1
Goshen 1
Goshen 1
Handcuffs 1
Hang 1
Hare 1
Hare 1
Hare 1
Hare 1
Henri 1
Hicksville 1
Hicksville 1
High 1
Honor 1
Honor 1
Hopper 1
Hospitality 1
House 1
House 1
House 1
House 1
House 1
Hurry 1
Hurry 1
Janeero 1
Jericho 1
Jericho 1
Jimmy 1
Johnny 1
Jump 1
Jump 1
Jump 1
June 1
Lady 1
Lamp 1
Lamp 1
Last 1
Last 1
Last 1
Last 1
Lawyer 1
Lazy 1
Lear 1
Lear 1
Lordy 1
Lordy 1
Louisville 1
Louisville 1
Matilda 1
Maybe 1
Maybe 1
Maybe 1
Maybe 1
Maybe 1
Maybe 1
Maybe 1
Me 1
Miss 1
Miss 1
Miss 1
Miss 1
Miss 1
Miss 1
Miss 1
Miss 1
Miss 1
Miss 1
Miss 1
Miss 1
Miss 1
Miss 1
Miss 1
Miss 1
Miss 1
Miss 1
Miss 1
Miss 1
Miss 1
Miss 1
Miss 1
Miss 1
Miss 1
Miss 1
Miss 1
Miss 1
Miss 1
Miss 1
Miss 1
Miss 1
Miss 1
Miss 1
Miss 1
Miss 1
Miss 1
Miss 1
Miss 1
Miss 1
Miss 1
Miss 1
Miss 1
Miss 1
Miss 1
Miss 1
Miss 1
Miss 1
Miss 1
Miss 1
Miss 1
Miss 1
Miss 1
Miss 1
Miss 1
Miss 1
Miss 1
Miss 1
Miss 1
Miss 1
Miss 1
Miss 1
Miss 1
Miss 1
Miss 1
Miss 1
Miss 1
Miss 1
Miss 1
Mission 1
Moore 1
Moore 1
Navigation 1
Ocean 1
Ocean 1
Ocean 1
Often 1
Ominous 1
Ope 1
Ophelia 1
Our 1
Our 1
Our 1
Over 1
P 1
P 1
Penrod 1
Peter 1
Peter 1
Peter 1
Peter 1
Peter 1
Peter 1
Peter 1
Peter 1
Peter 1
Peter 1
Peter 1
Peter 1
Peter 1
Peter 1
Peter 1
Peter 1
Peter 1
Peter 1
Peter 1
Peter 1
Peter 1
Phelpses 1
Picks 1
Picks 1
Piece 1
Plain 1
Plain 1
Powerful 1
REMEDIES 1
Raftsman 1
Recovering 1
Relationship 1
Rouge 1
Roun 1
Rubbage 1
Sawyers 1
Says 1
Says 1
Says 1
Says 1
Says 1
Says 1
Says 1
Says 1
Says 1
Says 1
Says 1
Says 1
Says 1
Says 1
Says 1
Scene 1
Scene 1
Schemes 1
Science 1
Shet 1
Shet 1
Simple 1
Sister 1
Sister 1
Sister 1
Sister 1
Sister 1
Sister 1
Sister 1
Sister 1
Sister 1
Sister 1
Sister 1
Sister 1
Sixteen 1
Somehow 1
Something 1
Something 1
Spanish 1
Spanish 1
Spanish 1
Spanish 1
Spanish 1
Spectacle 1
Spot 1
Stern 1
Strange 1
Suits 1
Sweet 1
TRULY 1
TWO 1
TWO 1
Tearing 1
Think 1
Think 1
Think 1
Think 1
Thinking 1
Thinking 1
Thirty 1
Thirty 1
This 1
This 1
This 1
This 1
This 1
This 1
This 1
This 1
This 1
This 1
This 1
This 1
This 1
This 1
This 1
This 1
This 1
This 1
This 1
This 1
This 1
This 1
This 1
This 1
This 1
This 1
This 1
This 1
This 1
This 1
This 1
Thomas 1
Thrashing 1
Tommy 1
Tramp 1
Troubles 1
WARRANTIES 1
WARRANTIES 1
Waits 1
Warn 1
Watermelon 1
We 1
We 1
We 1
We 1
We 1
We 1
We 1
We 1
We 1
We 1
We 1
We 1
We 1
We 1
We 1
We 1
We 1
We 1
We 1
We 1
We 1
We 1
We 1
We 1
We 1
We 1
We 1
We 1
We 1
We 1
We 1
We 1
We 1
We 1
We 1
We 1
We 1
We 1
We 1
We 1
We 1
We 1
We 1
We 1
We 1
We 1
We 1
We 1
We 1
We 1
We 1
We 1
We 1
We 1
We 1
We 1
We 1
We 1
We 1
We 1
We 1
We 1
We 1
We 1
We 1
We 1
We 1
We 1
We 1
We 1
We 1
We 1
We 1
We 1
We 1
We 1
We 1
We 1
We 1
We 1
We 1
We 1
We 1
We 1
We 1
We 1
We 1
We 1
We 1
We 1
We 1
We 1
We 1
We 1
We 1
We 1
We 1
We 1
We 1
We 1
We 1
We 1
We 1
We 1
We 1
We 1
We 1
We 1
We 1
We 1
We 1
We 1
We 1
We 1
We 1
We 1
We 1
We 1
We 1
We 1
We 1
We 1
We 1
We 1
We 1
We 1
We 1
We 1
We 1
We 1
We 1
We 1
We 1
We 1
We 1
We 1
We 1
We 1
We 1
We 1
We 1
We 1
We 1
We 1
We 1
We 1
We 1
We 1
We 1
We 1
We 1
We 1
We 1
We 1
We 1
We 1
We 1
We 1
We 1
We 1
We 1
We 1
We 1
We 1
We 1
We 1
We 1
We 1
We 1
We 1
We 1
We 1
We 1
We 1
We 1
We 1
We 1
We 1
We 1
We 1
Web 1
Web 1
Web 1
Went 1
Went 1
When 1
When 1
When 1
When 1
When 1
When 1
When 1
When 1
When 1
When 1
When 1
When 1
When 1
When 1
When 1
When 1
When 1
When 1
When 1
When 1
When 1
When 1
When 1
When 1
When 1
When 1
When 1
When 1
When 1
When 1
When 1
When 1
When 1
When 1
When 1
When 1
When 1
When 1
When 1
When 1
When 1
When 1
When 1
When 1
When 1
When 1
When 1
When 1
When 1
When 1
When 1
When 1
When 1
When 1
When 1
When 1
When 1
When 1
When 1
When 1
When 1
When 1
When 1
When 1
When 1
When 1
When 1
When 1
When 1
When 1
When 1
When 1
When 1
When 1
When 1
When 1
When 1
When 1
When 1
When 1
When 1
When 1
When 1
When 1
When 1
Whitechapel 1
Whose 1
Williams 1
Williams 1
Williams 1
Williams 1
Wonderful 1
XXXV 1
XXXV 1
Yo 1
able 1
able 1
access 1
access 1
access 1
access 1
access 1
access 1
access 1
access 1
access 1
access 1
accessible 1
act 1
act 1
act 1
act 1
act 1
act 1
acting 1
acting 1
acting 1
acting 1
acting 1
addition 1
adventure 1
adventure 1
adventure 1
adventure 1
advice 1
advice 1
afeared 1
afeared 1
afford 1
afford 1
afford 1
afternoon 1
afternoon 1
afternoon 1
afternoon 1
afternoon 1
afternoon 1
afternoon 1
afternoon 1
again 1
again 1
again 1
again 1
again 1
again 1
again 1
again 1
again 1
again 1
again 1
again 1
again 1
again 1
again 1
again 1
again 1
again 1
again 1
again 1
again 1
again 1
again 1
again 1
again 1
again 1
again 1
again 1
again 1
again 1
again 1
again 1
again 1
again 1
again 1
again 1
again 1
again 1
again 1
again 1
again 1
again 1
again 1
again 1
again 1
again 1
again 1
again 1
again 1
again 1
again 1
again 1
again 1
again 1
again 1
again 1
again 1
again 1
again 1
again 1
again 1
again 1
again 1
again 1
again 1
again 1
again 1
again 1
again 1
again 1
again 1
again 1
again 1
again 1
again 1
again 1
again 1
again 1
again 1
again 1
again 1
again 1
again 1
again 1
again 1
again 1
again 1
again 1
again 1
again 1
again 1
again 1
again 1
again 1
again 1
again 1
again 1
again 1
again 1
again 1
again 1
again 1
again 1
again 1
again 1
again 1
again 1
again 1
again 1
again 1
again 1
again 1
again 1
again 1
again 1
again 1
again 1
again 1
again 1
again 1
again 1
again 1
again 1
again 1
again 1
again 1
again 1
again 1
again 1
again 1
again 1
again 1
again 1
again 1
again 1
again 1
again 1
again 1
again 1
again 1
again 1
again 1
again 1
again 1
again 1
again 1
again 1
again 1
again 1
again 1
again 1
again 1
again 1
again 1
again 1
again 1
again 1
again 1
again 1
again 1
again 1
again 1
again 1
again 1
again 1
again 1
again 1
again 1
again 1
again 1
again 1
again 1
again 1
again 1
again 1
again 1
again 1
again 1
again 1
again 1
again 1
again 1
again 1
again 1
again 1
again 1
again 1
again 1
again 1
again 1
again 1
again 1
alternate 1
among 1
among 1
amost 1
ancesters 1
ankles 1
answering 1
any 1
any 1
any 1
any 1
any 1
any 1
any 1
any 1
any 1
any 1
any 1
any 1
any 1
any 1
any 1
any 1
any 1
any 1
any 1
any 1
any 1
any 1
any 1
any 1
any 1
any 1
any 1
any 1
any 1
any 1
any 1
any 1
any 1
any 1
any 1
any 1
any 1
any 1
any 1
any 1
any 1
any 1
any 1
any 1
any 1
any 1
any 1
any 1
any 1
any 1
any 1
any 1
any 1
any 1
any 1
any 1
any 1
any 1
any 1
any 1
any 1
any 1
any 1
any 1
any 1
any 1
any 1
any 1
any 1
any 1
any 1
any 1
any 1
any 1
any 1
any 1
any 1
any 1
any 1
any 1
any 1
any 1
any 1
any 1
any 1
any 1
any 1
any 1
any 1
any 1
any 1
any 1
any 1
any 1
any 1
any 1
any 1
any 1
any 1
any 1
any 1
any 1
any 1
any 1
any 1
any 1
any 1
any 1
any 1
any 1
any 1
any 1
any 1
any 1
any 1
any 1
any 1
any 1
any 1
any 1
any 1
any 1
any 1
any 1
any 1
any 1
any 1
any 1
any 1
any 1
any 1
any 1
any 1
any 1
any 1
any 1
any 1
any 1
any 1
any 1
any 1
any 1
any 1
any 1
any 1
any 1
any 1
any 1
any 1
any 1
any 1
any 1
any 1
any 1
any 1
any 1
any 1
any 1
any 1
any 1
any 1
any 1
any 1
any 1
any 1
any 1
any 1
any 1
any 1
any 1
any 1
any 1
any 1
any 1
any 1
any 1
any 1
any 1
any 1
any 1
any 1
any 1
any 1
any 1
any 1
any 1
any 1
any 1
any 1
any 1
anybody 1
anybody 1
anybody 1
anybody 1
anybody 1
anybody 1
anybody 1
anybody 1
anybody 1
anybody 1
anybody 1
anybody 1
anybody 1
anybody 1
anybody 1
anybody 1
anybody 1
anybody 1
anybody 1
anybody 1
anybody 1
anybody 1
anybody 1
anybody 1
anybody 1
anybody 1
anybody 1
anybody 1
anybody 1
anybody 1
anybody 1
anybody 1
anybody 1
anybody 1
anybody 1
anybody 1
anybody 1
anybody 1
anybody 1
anybody 1
anybody 1
anybody 1
anybody 1
anybody 1
anybody 1
anybody 1
anybody 1
anybody 1
anybody 1
anybody 1
anybody 1
anybody 1
anybody 1
anybody 1
anybody 1
anybody 1
anybody 1
anybody 1
anybody 1
anybody 1
anybody 1
anybody 1
anybody 1
anybody 1
anybody 1
anybody 1
anybody 1
anybody 1
anybody 1
anybody 1
apple 1
apply 1
appreciate 1
arise 1
arm 1
arm 1
arm 1
arm 1
arm 1
arm 1
arm 1
arm 1
arm 1
arm 1
arm 1
arm 1
arm 1
arm 1
arm 1
asks 1
astonished 1
astonished 1
astonished 1
attend 1
aunt 1
aunt 1
awning 1
awning 1
awning 1
bait 1
balcony 1
balcony 1
bandage 1
bang 1
bang 1
bang 1
bang 1
banging 1
befo 1
befo 1
beg 1
beg 1
begged 1
begged 1
begged 1
begged 1
begged 1
begged 1
begged 1
begged 1
begged 1
begged 1
behold 1
belted 1
best 1
best 1
best 1
best 1
best 1
best 1
best 1
best 1
best 1
best 1
best 1
best 1
best 1
best 1
best 1
best 1
best 1
best 1
best 1
best 1
best 1
best 1
best 1
best 1
best 1
best 1
best 1
best 1
best 1
best 1
best 1
best 1
best 1
best 1
best 1
best 1
best 1
best 1
best 1
best 1
between 1
between 1
between 1
between 1
between 1
between 1
between 1
between 1
between 1
between 1
between 1
between 1
between 1
between 1
between 1
between 1
between 1
between 1
between 1
between 1
bidder 1
bite 1
bite 1
bite 1
bite 1
bite 1
bite 1
bite 1
blacker 1
blammin 1
blast 1
blast 1
blindfold 1
blistered 1
blistered 1
blood 1
blood 1
blood 1
blood 1
blood 1
blood 1
blood 1
blood 1
blood 1
blotted 1
bogus 1
books 1
books 1
books 1
books 1
books 1
books 1
books 1
books 1
books 1
books 1
books 1
books 1
books 1
books 1
books 1
books 1
boot 1
boot 1
boot 1
boot 1
borrowed 1
borrowed 1
borrowed 1
borrowed 1
borrowed 1
borrowed 1
borry 1
borry 1
bothering 1
bothering 1
bothering 1
bottomed 1
boun 1
bowie 1
brandy 1
braver 1
braver 1
breaks 1
breaks 1
bricked 1
build 1
build 1
build 1
build 1
bullyragged 1
bunches 1
butter 1
butter 1
butter 1
butter 1
butter 1
butter 1
butter 1
butter 1
buying 1
cabins 1
cabins 1
cabins 1
cabins 1
cabins 1
calamity 1
calf 1
calf 1
calf 1
calf 1
calling 1
calling 1
calling 1
calling 1
came 1
came 1
came 1
came 1
camped 1
candlesticks 1
captive 1
case 1
case 1
case 1
case 1
case 1
case 1
case 1
case 1
case 1
case 1
case 1
case 1
case 1
case 1
case 1
case 1
caterpillars 1
cent 1
cent 1
cent 1
cent 1
cent 1
cent 1
chains 1
chains 1
chains 1
chains 1
chains 1
chimbleys 1
chippered 1
circle 1
claim 1
clap 1
cleared 1
cleared 1
cleared 1
cleared 1
cleared 1
cleared 1
cleared 1
clearly 1
closed 1
closed 1
collect 1
collection 1
collection 1
collection 1
collection 1
collection 1
collection 1
compliment 1
concern 1
concern 1
consideration 1
considerble 1
considerble 1
considerble 1
considerble 1
constant 1
constant 1
constant 1
consulting 1
contagion 1
contain 1
contain 1
contrived 1
conveniences 1
conveniences 1
copied 1
copied 1
corners 1
cot 1
cottonwood 1
cottonwood 1
cottonwood 1
cottonwood 1
coughing 1
coughing 1
counted 1
counted 1
counted 1
counted 1
counted 1
counted 1
counted 1
counted 1
counted 1
counter 1
country 1
country 1
country 1
country 1
country 1
country 1
country 1
country 1
country 1
country 1
country 1
country 1
country 1
country 1
country 1
country 1
country 1
country 1
country 1
country 1
country 1
country 1
country 1
country 1
country 1
country 1
country 1
country 1
country 1
country 1
country 1
country 1
country 1
country 1
country 1
country 1
country 1
country 1
country 1
cowhiding 1
cowpath 1
cows 1
cows 1
crawfished 1
crawls 1
crawls 1
creeps 1
creetur 1
crossing 1
crossing 1
crossing 1
curse 1
cussing 1
cussing 1
cussing 1
cussing 1
cussing 1
cussing 1
cussing 1
cussing 1
cussing 1
cussing 1
cussing 1
cussing 1
cussing 1
cussing 1
cuz 1
cuz 1
dadblamedest 1
damp 1
damp 1
damp 1
dances 1
dang 1
dark 1
dark 1
dark 1
dark 1
dark 1
dark 1
dark 1
dark 1
dark 1
dark 1
dark 1
dark 1
dark 1
dark 1
dark 1
dark 1
dark 1
dark 1
dark 1
dark 1
dark 1
dark 1
dark 1
dark 1
dark 1
dark 1
dark 1
dark 1
dark 1
dark 1
dark 1
dark 1
dark 1
dark 1
dark 1
dark 1
dark 1
dark 1
dark 1
dark 1
dark 1
dark 1
dark 1
dark 1
dark 1
dark 1
dark 1
dark 1
dark 1
dark 1
dark 1
dark 1
dark 1
dark 1
dark 1
dark 1
dark 1
dark 1
dark 1
dark 1
dark 1
dark 1
dark 1
dark 1
dark 1
dark 1
dark 1
dark 1
dark 1
dark 1
darkened 1
darking 1
date 1
date 1
death 1
death 1
death 1
death 1
death 1
death 1
death 1
death 1
death 1
death 1
death 1
death 1
death 1
death 1
debts 1
deef 1
deef 1
deef 1
deef 1
deef 1
deef 1
deer 1
deffisit 1
deffisit 1
deffisit 1
desperately 1
devil 1
devil 1
devil 1
devil 1
devil 1
devil 1
devil 1
devil 1
dictionary 1
difficult 1
difficult 1
dig 1
dig 1
dig 1
dig 1
dig 1
dig 1
dig 1
dig 1
dig 1
dig 1
dig 1
dig 1
dig 1
dig 1
dig 1
dig 1
dig 1
dig 1
dig 1
dig 1
dig 1
dig 1
dig 1
dig 1
dipper 1
dis 1
dis 1
dis 1
dis 1
dis 1
dis 1
dis 1
dis 1
dis 1
dis 1
dis 1
dis 1
dis 1
dis 1
dis 1
dis 1
disclaim 1
discourage 1
disgrace 1
disgusted 1
disgusted 1
display 1
distressid 1
doings 1
dollar 1
dollar 1
dollar 1
dollar 1
dollar 1
dollar 1
dollar 1
dollar 1
dollar 1
dollar 1
dollar 1
dolphin 1
domain 1
domain 1
domain 1
domain 1
domain 1
domain 1
domain 1
done 1
done 1
done 1
done 1
done 1
done 1
done 1
done 1
done 1
done 1
done 1
done 1
done 1
done 1
done 1
done 1
done 1
done 1
done 1
done 1
done 1
done 1
done 1
done 1
done 1
done 1
done 1
done 1
done 1
done 1
done 1
done 1
done 1
done 1
done 1
done 1
done 1
done 1
done 1
done 1
done 1
done 1
done 1
done 1
done 1
done 1
done 1
done 1
done 1
done 1
done 1
done 1
done 1
done 1
done 1
done 1
done 1
done 1
done 1
done 1
done 1
done 1
done 1
done 1
done 1
done 1
done 1
done 1
done 1
done 1
done 1
done 1
done 1
done 1
done 1
done 1
done 1
done 1
done 1
done 1
done 1
done 1
done 1
done 1
done 1
done 1
done 1
done 1
done 1
done 1
done 1
done 1
done 1
done 1
done 1
done 1
done 1
done 1
done 1
done 1
done 1
done 1
done 1
done 1
done 1
done 1
done 1
done 1
done 1
done 1
done 1
done 1
done 1
done 1
done 1
done 1
done 1
done 1
done 1
done 1
done 1
done 1
done 1
done 1
done 1
done 1
done 1
done 1
done 1
done 1
done 1
done 1
done 1
done 1
done 1
done 1
done 1
done 1
done 1
done 1
done 1
done 1
done 1
done 1
done 1
done 1
done 1
done 1
done 1
done 1
done 1
done 1
done 1
done 1
done 1
done 1
done 1
done 1
done 1
done 1
done 1
done 1
done 1
done 1
done 1
done 1
done 1
done 1
done 1
done 1
done 1
done 1
done 1
done 1
done 1
done 1
done 1
done 1
done 1
done 1
done 1
done 1
done 1
done 1
done 1
done 1
done 1
done 1
done 1
done 1
done 1
done 1
done 1
done 1
done 1
done 1
done 1
done 1
done 1
done 1
done 1
done 1
done 1
done 1
done 1
done 1
done 1
done 1
done 1
done 1
done 1
done 1
done 1
done 1
done 1
done 1
done 1
done 1
done 1
done 1
done 1
done 1
done 1
done 1
done 1
done 1
donjon 1
door 1
door 1
door 1
door 1
door 1
door 1
door 1
door 1
door 1
door 1
door 1
door 1
door 1
door 1
door 1
door 1
door 1
door 1
door 1
door 1
door 1
door 1
door 1
door 1
door 1
door 1
door 1
door 1
door 1
door 1
door 1
door 1
door 1
door 1
door 1
door 1
door 1
door 1
door 1
door 1
door 1
door 1
door 1
door 1
door 1
door 1
door 1
door 1
door 1
door 1
door 1
door 1
door 1
door 1
door 1
door 1
door 1
door 1
door 1
door 1
door 1
door 1
door 1
door 1
door 1
door 1
door 1
door 1
door 1
door 1
door 1
door 1
door 1
door 1
door 1
door 1
down 1
down 1
down 1
down 1
down 1
down 1
down 1
down 1
down 1
down 1
down 1
down 1
down 1
down 1
down 1
down 1
down 1
down 1
down 1
down 1
down 1
down 1
down 1
down 1
down 1
down 1
down 1
down 1
down 1
down 1
down 1
down 1
down 1
down 1
down 1
down 1
down 1
down 1
down 1
down 1
down 1
down 1
down 1
down 1
down 1
down 1
down 1
down 1
down 1
down 1
down 1
down 1
down 1
down 1
down 1
down 1
down 1
down 1
down 1
down 1
down 1
down 1
down 1
down 1
down 1
down 1
down 1
down 1
down 1
down 1
down 1
down 1
down 1
down 1
down 1
down 1
down 1
down 1
down 1
down 1
down 1
down 1
down 1
down 1
down 1
down 1
down 1
down 1
down 1
down 1
down 1
down 1
down 1
down 1
down 1
down 1
down 1
down 1
down 1
down 1
down 1
down 1
down 1
down 1
down 1
down 1
down 1
down 1
down 1
down 1
down 1
down 1
down 1
down 1
down 1
down 1
down 1
down 1
down 1
down 1
down 1
down 1
down 1
down 1
down 1
down 1
down 1
down 1
down 1
down 1
down 1
down 1
down 1
down 1
down 1
down 1
down 1
down 1
down 1
down 1
down 1
down 1
down 1
down 1
down 1
down 1
down 1
down 1
down 1
down 1
down 1
down 1
down 1
down 1
down 1
down 1
down 1
down 1
down 1
down 1
down 1
down 1
down 1
down 1
down 1
down 1
down 1
down 1
down 1
down 1
down 1
down 1
down 1
down 1
down 1
down 1
down 1
down 1
down 1
down 1
down 1
down 1
down 1
down 1
down 1
down 1
down 1
down 1
down 1
down 1
down 1
down 1
down 1
down 1
down 1
down 1
down 1
down 1
down 1
down 1
down 1
down 1
down 1
down 1
down 1
down 1
down 1
down 1
down 1
down 1
down 1
down 1
down 1
down 1
down 1
down 1
down 1
down 1
down 1
down 1
down 1
down 1
down 1
down 1
down 1
down 1
down 1
down 1
down 1
down 1
down 1
down 1
down 1
down 1
down 1
down 1
down 1
down 1
down 1
down 1
down 1
down 1
down 1
down 1
down 1
down 1
down 1
down 1
down 1
down 1
down 1
down 1
down 1
down 1
down 1
down 1
down 1
down 1
down 1
down 1
down 1
down 1
down 1
down 1
down 1
down 1
down 1
down 1
down 1
down 1
down 1
down 1
down 1
down 1
down 1
down 1
down 1
down 1
down 1
down 1
down 1
down 1
down 1
down 1
down 1
down 1
down 1
down 1
down 1
down 1
down 1
down 1
down 1
down 1
down 1
down 1
down 1
down 1
down 1
down 1
down 1
down 1
down 1
down 1
down 1
down 1
down 1
down 1
down 1
down 1
down 1
down 1
down 1
down 1
down 1
down 1
down 1
down 1
down 1
down 1
down 1
down 1
down 1
down 1
down 1
down 1
down 1
down 1
down 1
down 1
down 1
down 1
down 1
down 1
down 1
down 1
down 1
down 1
down 1
down 1
down 1
down 1
down 1
down 1
down 1
down 1
down 1
down 1
down 1
down 1
down 1
down 1
down 1
down 1
down 1
down 1
down 1
down 1
down 1
down 1
down 1
down 1
down 1
down 1
down 1
down 1
down 1
down 1
down 1
down 1
down 1
down 1
down 1
down 1
down 1
down 1
down 1
down 1
down 1
down 1
down 1
down 1
down 1
down 1
down 1
down 1
down 1
down 1
down 1
down 1
down 1
down 1
down 1
down 1
down 1
down 1
down 1
down 1
down 1
down 1
down 1
down 1
down 1
down 1
down 1
down 1
down 1
down 1
down 1
down 1
down 1
down 1
down 1
down 1
down 1
down 1
down 1
down 1
down 1
down 1
down 1
down 1
down 1
down 1
down 1
down 1
down 1
down 1
down 1
down 1
down 1
down 1
down 1
down 1
down 1
down 1
down 1
down 1
down 1
down 1
down 1
down 1
down 1
down 1
down 1
down 1
down 1
down 1
down 1
down 1
down 1
down 1
down 1
down 1
down 1
down 1
down 1
down 1
down 1
down 1
down 1
down 1
down 1
down 1
down 1
down 1
down 1
down 1
down 1
down 1
down 1
down 1
down 1
down 1
down 1
down 1
down 1
down 1
down 1
down 1
down 1
down 1
down 1
dozen 1
dozen 1
dozen 1
dozen 1
dozen 1
dozen 1
dozen 1
dozen 1
dozen 1
dozen 1
dozen 1
dozen 1
drafts 1
dragged 1
dragged 1
dragged 1
dragged 1
draw 1
drifted 1
drifted 1
dronings 1
drops 1
drops 1
drops 1
drops 1
drunk 1
drunk 1
drunk 1
drunk 1
drunk 1
drunk 1
drunk 1
drunk 1
drunk 1
drunk 1
drunk 1
drunk 1
drunk 1
drunk 1
drunk 1
drunk 1
drunk 1
drunk 1
drunk 1
drunk 1
drunk 1
drunk 1
drunk 1
drunk 1
drunk 1
drunk 1
drunk 1
drunk 1
drunk 1
drunk 1
druther 1
druther 1
druther 1
druther 1
druther 1
druther 1
druther 1
dug 1
dug 1
dug 1
dug 1
dug 1
dug 1
dug 1
dug 1
dug 1
dukes 1
dukes 1
dukes 1
dukes 1
eagle 1
eagle 1
earlier 1
earnest 1
earnest 1
earnest 1
easy 1
easy 1
easy 1
easy 1
easy 1
easy 1
easy 1
easy 1
easy 1
easy 1
easy 1
easy 1
easy 1
easy 1
easy 1
easy 1
easy 1
easy 1
easy 1
easy 1
easy 1
easy 1
easy 1
easy 1
easy 1
easy 1
easy 1
easy 1
easy 1
easy 1
easy 1
easy 1
easy 1
easy 1
easy 1
easy 1
easy 1
easy 1
easy 1
easy 1
easy 1
easy 1
easy 1
easy 1
easy 1
easy 1
easy 1
easy 1
easy 1
easy 1
eat 1
eat 1
eat 1
eat 1
eat 1
eat 1
eat 1
eat 1
eat 1
eat 1
eat 1
eat 1
eat 1
eat 1
eat 1
eat 1
eat 1
eat 1
eat 1
eat 1
eat 1
eat 1
eat 1
eat 1
eat 1
eat 1
eat 1
eat 1
eat 1
eat 1
eat 1
elected 1
elephants 1
elephants 1
elephants 1
elephants 1
elephants 1
elephants 1
email 1
email 1
ends 1
engagements 1
engagements 1
ers 1
ers 1
ers 1
ers 1
extent 1
eyes 1
eyes 1
eyes 1
eyes 1
eyes 1
eyes 1
eyes 1
eyes 1
eyes 1
eyes 1
eyes 1
eyes 1
eyes 1
eyes 1
eyes 1
eyes 1
eyes 1
eyes 1
eyes 1
eyes 1
eyes 1
eyes 1
eyes 1
eyes 1
eyes 1
eyes 1
eyes 1
eyes 1
eyes 1
eyes 1
eyes 1
eyes 1
eyes 1
eyes 1
eyes 1
eyes 1
eyes 1
eyes 1
eyes 1
eyes 1
eyes 1
eyes 1
factory 1
faculties 1
fagged 1
fagged 1
fagged 1
fair 1
fair 1
fair 1
fair 1
fair 1
fair 1
fair 1
farm 1
farm 1
farm 1
farm 1
farm 1
farm 1
fast 1
fast 1
fast 1
fast 1
fast 1
fast 1
fast 1
fast 1
fast 1
fast 1
fast 1
fast 1
fast 1
fast 1
fast 1
fast 1
fast 1
fast 1
fast 1
fast 1
fate 1
fate 1
fate 1
fate 1
father 1
father 1
father 1
father 1
father 1
father 1
father 1
father 1
father 1
father 1
father 1
father 1
father 1
father 1
father 1
father 1
father 1
father 1
father 1
father 1
father 1
father 1
father 1
father 1
favor 1
feathered 1
feel 1
feel 1
feel 1
feel 1
feel 1
feel 1
feel 1
feel 1
feel 1
feel 1
feel 1
feel 1
feel 1
feel 1
feel 1
feel 1
feel 1
feel 1
feel 1
feel 1
feel 1
feel 1
feel 1
feel 1
feel 1
feel 1
feel 1
feel 1
feel 1
feel 1
feel 1
feel 1
feel 1
feel 1
feel 1
feel 1
feel 1
feel 1
feel 1
feel 1
feel 1
feel 1
feel 1
feel 1
fetches 1
fetches 1
feverish 1
feverish 1
fiddle 1
fiddle 1
fiddler 1
filled 1
filled 1
first 1
first 1
first 1
first 1
first 1
first 1
first 1
first 1
first 1
first 1
first 1
first 1
first 1
first 1
first 1
first 1
first 1
first 1
first 1
first 1
first 1
first 1
first 1
first 1
first 1
first 1
first 1
first 1
first 1
first 1
first 1
first 1
first 1
first 1
first 1
first 1
first 1
first 1
first 1
first 1
first 1
first 1
first 1
first 1
first 1
first 1
first 1
first 1
first 1
first 1
first 1
first 1
first 1
first 1
first 1
first 1
first 1
first 1
first 1
first 1
first 1
first 1
first 1
first 1
first 1
first 1
first 1
first 1
first 1
first 1
first 1
first 1
first 1
first 1
first 1
first 1
first 1
first 1
first 1
first 1
first 1
first 1
first 1
first 1
first 1
first 1
first 1
first 1
first 1
first 1
first 1
first 1
first 1
first 1
first 1
first 1
first 1
first 1
first 1
first 1
first 1
first 1
fishing 1
fishing 1
fishing 1
fishing 1
five 1
five 1
five 1
five 1
five 1
five 1
five 1
five 1
five 1
five 1
five 1
five 1
five 1
five 1
five 1
five 1
five 1
five 1
five 1
five 1
five 1
five 1
five 1
five 1
five 1
five 1
five 1
five 1
five 1
five 1
five 1
five 1
five 1
five 1
five 1
five 1
five 1
five 1
five 1
five 1
five 1
five 1
five 1
five 1
five 1
five 1
flabby 1
fling 1
fling 1
flung 1
flung 1
flung 1
flung 1
flung 1
flung 1
flung 1
flung 1
flung 1
flung 1
flung 1
flung 1
flung 1
form 1
form 1
form 1
form 1
form 1
foun 1
foun 1
found 1
found 1
found 1
found 1
found 1
found 1
found 1
found 1
found 1
found 1
found 1
found 1
found 1
found 1
found 1
found 1
found 1
found 1
found 1
found 1
found 1
found 1
found 1
found 1
found 1
found 1
found 1
found 1
found 1
found 1
found 1
found 1
found 1
found 1
found 1
found 1
found 1
found 1
found 1
found 1
found 1
found 1
found 1
found 1
found 1
found 1
found 1
found 1
found 1
found 1
found 1
found 1
found 1
found 1
found 1
found 1
found 1
found 1
found 1
found 1
found 1
found 1
found 1
found 1
found 1
found 1
found 1
found 1
found 1
found 1
found 1
found 1
found 1
found 1
found 1
found 1
foundations 1
four 1
four 1
four 1
four 1
four 1
four 1
four 1
four 1
four 1
four 1
four 1
four 1
four 1
four 1
four 1
four 1
four 1
four 1
four 1
four 1
four 1
four 1
four 1
four 1
four 1
four 1
four 1
four 1
four 1
four 1
four 1
four 1
four 1
four 1
four 1
four 1
four 1
four 1
four 1
four 1
four 1
four 1
four 1
four 1
frank 1
furder 1
gal 1
gangs 1
gardens 1
gent 1
geography 1
gethered 1
gethered 1
gittn 1
gives 1
gives 1
gives 1
gives 1
gives 1
giving 1
giving 1
giving 1
gliding 1
gliding 1
gliding 1
gliding 1
glidingest 1
glorious 1
go 1
go 1
go 1
go 1
go 1
go 1
go 1
go 1
go 1
go 1
go 1
go 1
go 1
go 1
go 1
go 1
go 1
go 1
go 1
go 1
go 1
go 1
go 1
go 1
go 1
go 1
go 1
go 1
go 1
go 1
go 1
go 1
go 1
go 1
go 1
go 1
go 1
go 1
go 1
go 1
go 1
go 1
go 1
go 1
go 1
go 1
go 1
go 1
go 1
go 1
go 1
go 1
go 1
go 1
go 1
go 1
go 1
go 1
go 1
go 1
go 1
go 1
go 1
go 1
go 1
go 1
go 1
go 1
go 1
go 1
go 1
go 1
go 1
go 1
go 1
go 1
go 1
go 1
go 1
go 1
go 1
go 1
go 1
go 1
go 1
go 1
go 1
go 1
go 1
go 1
go 1
go 1
go 1
go 1
go 1
go 1
go 1
go 1
go 1
go 1
go 1
go 1
go 1
go 1
go 1
go 1
go 1
go 1
go 1
go 1
go 1
go 1
go 1
go 1
go 1
go 1
go 1
go 1
go 1
go 1
go 1
go 1
go 1
go 1
go 1
go 1
go 1
go 1
go 1
go 1
go 1
go 1
go 1
go 1
go 1
go 1
go 1
go 1
go 1
go 1
go 1
go 1
go 1
go 1
go 1
go 1
go 1
go 1
go 1
go 1
go 1
go 1
go 1
go 1
go 1
go 1
go 1
go 1
go 1
go 1
go 1
go 1
go 1
go 1
go 1
go 1
go 1
go 1
go 1
go 1
go 1
go 1
go 1
go 1
go 1
go 1
go 1
go 1
go 1
go 1
go 1
go 1
go 1
go 1
go 1
go 1
go 1
go 1
go 1
go 1
go 1
go 1
go 1
go 1
go 1
go 1
go 1
go 1
go 1
go 1
go 1
go 1
go 1
go 1
go 1
go 1
go 1
go 1
go 1
go 1
go 1
go 1
go 1
go 1
go 1
go 1
go 1
go 1
go 1
go 1
go 1
go 1
go 1
go 1
go 1
go 1
go 1
go 1
go 1
go 1
go 1
go 1
go 1
go 1
go 1
go 1
go 1
go 1
go 1
go 1
go 1
go 1
go 1
go 1
go 1
go 1
go 1
go 1
go 1
go 1
go 1
go 1
go 1
go 1
go 1
go 1
go 1
go 1
go 1
go 1
go 1
go 1
go 1
go 1
go 1
go 1
go 1
gold 1
gold 1
gold 1
gold 1
gold 1
gold 1
gold 1
gold 1
gold 1
gold 1
gold 1
gold 1
gold 1
gold 1
goodness 1
goodness 1
goodness 1
goodness 1
goodness 1
goodness 1
goodness 1
goodness 1
goodness 1
goodness 1
goodness 1
goodness 1
goodness 1
goodness 1
goodness 1
goodness 1
goodness 1
goodness 1
goody 1
goody 1
goody 1
goody 1
governor 1
grand 1
grand 1
grand 1
grand 1
grand 1
grand 1
grand 1
grand 1
grand 1
grit 1
grit 1
grit 1
grumble 1
haggled 1
hammer 1
handle 1
handle 1
handle 1
handle 1
handle 1
handle 1
handle 1
handwritings 1
hanging 1
hanging 1
hanging 1
hanging 1
hanging 1
hanging 1
hanging 1
hanging 1
hanging 1
hanging 1
hanging 1
hanging 1
hanging 1
hanging 1
hanging 1
hanging 1
hanging 1
hanging 1
hanging 1
hanging 1
hanging 1
happening 1
harm 1
harm 1
harm 1
harm 1
harm 1
harm 1
harm 1
harm 1
harm 1
harm 1
harm 1
harm 1
harm 1
harm 1
harm 1
harm 1
harm 1
harm 1
harm 1
harm 1
has 1
has 1
has 1
has 1
has 1
has 1
has 1
has 1
has 1
has 1
has 1
has 1
has 1
has 1
has 1
has 1
has 1
has 1
has 1
has 1
has 1
has 1
has 1
has 1
has 1
has 1
has 1
has 1
has 1
has 1
has 1
has 1
has 1
has 1
has 1
has 1
has 1
has 1
has 1
has 1
has 1
has 1
has 1
has 1
has 1
has 1
has 1
has 1
has 1
have 1
have 1
have 1
have 1
have 1
have 1
have 1
have 1
have 1
have 1
have 1
have 1
have 1
have 1
have 1
have 1
have 1
have 1
have 1
have 1
have 1
have 1
have 1
have 1
have 1
have 1
have 1
have 1
have 1
have 1
have 1
have 1
have 1
have 1
have 1
have 1
have 1
have 1
have 1
have 1
have 1
have 1
have 1
have 1
have 1
have 1
have 1
have 1
have 1
have 1
have 1
have 1
have 1
have 1
have 1
have 1
have 1
have 1
have 1
have 1
have 1
have 1
have 1
have 1
have 1
have 1
have 1
have 1
have 1
have 1
have 1
have 1
have 1
have 1
have 1
have 1
have 1
have 1
have 1
have 1
have 1
have 1
have 1
have 1
have 1
have 1
have 1
have 1
have 1
have 1
have 1
have 1
have 1
have 1
have 1
have 1
have 1
have 1
have 1
have 1
have 1
have 1
have 1
have 1
have 1
have 1
have 1
have 1
have 1
have 1
have 1
have 1
have 1
have 1
have 1
have 1
have 1
have 1
have 1
have 1
have 1
have 1
have 1
have 1
have 1
have 1
have 1
have 1
have 1
have 1
have 1
have 1
have 1
have 1
have 1
have 1
have 1
have 1
have 1
have 1
have 1
have 1
have 1
have 1
have 1
have 1
have 1
have 1
have 1
have 1
have 1
have 1
have 1
have 1
have 1
have 1
have 1
have 1
have 1
have 1
have 1
have 1
have 1
have 1
have 1
have 1
have 1
have 1
have 1
have 1
have 1
have 1
have 1
have 1
have 1
have 1
have 1
have 1
have 1
have 1
have 1
heading 1
heading 1
heading 1
heap 1
heap 1
heap 1
heap 1
heap 1
heard 1
heard 1
heard 1
heard 1
heard 1
heard 1
heard 1
heard 1
heard 1
heard 1
heard 1
heard 1
heard 1
heard 1
heard 1
heard 1
heard 1
heard 1
heard 1
heard 1
heard 1
heard 1
heard 1
heard 1
heard 1
heard 1
heard 1
heard 1
heard 1
heard 1
heard 1
heard 1
heard 1
heard 1
heard 1
heard 1
heard 1
heard 1
heard 1
heard 1
heard 1
heard 1
heard 1
heard 1
heard 1
heard 1
heard 1
heard 1
heard 1
heard 1
heard 1
heard 1
heard 1
heard 1
heard 1
heard 1
heard 1
heard 1
heard 1
heard 1
heard 1
heard 1
heard 1
heard 1
heard 1
heard 1
heard 1
heard 1
heard 1
heard 1
heard 1
heard 1
heard 1
heard 1
heard 1
heard 1
heard 1
heard 1
heard 1
heard 1
heard 1
heard 1
heathens 1
heaves 1
hero 1
hero 1
highest 1
him 1
him 1
him 1
him 1
him 1
him 1
him 1
him 1
him 1
him 1
him 1
him 1
him 1
him 1
him 1
him 1
him 1
him 1
him 1
him 1
him 1
him 1
him 1
him 1
him 1
him 1
him 1
him 1
him 1
him 1
him 1
him 1
him 1
him 1
him 1
him 1
him 1
him 1
him 1
him 1
him 1
him 1
him 1
him 1
him 1
him 1
him 1
him 1
him 1
him 1
him 1
him 1
him 1
him 1
him 1
him 1
him 1
him 1
him 1
him 1
him 1
him 1
him 1
him 1
him 1
him 1
him 1
him 1
him 1
him 1
him 1
him 1
him 1
him 1
him 1
him 1
him 1
him 1
him 1
him 1
him 1
him 1
him 1
him 1
him 1
him 1
him 1
him 1
him 1
him 1
him 1
him 1
him 1
him 1
him 1
him 1
him 1
him 1
him 1
him 1
him 1
him 1
him 1
him 1
him 1
him 1
him 1
him 1
him 1
him 1
him 1
him 1
him 1
him 1
him 1
him 1
him 1
him 1
him 1
him 1
him 1
him 1
him 1
him 1
him 1
him 1
him 1
him 1
him 1
him 1
him 1
him 1
him 1
him 1
him 1
him 1
him 1
him 1
him 1
him 1
him 1
him 1
him 1
him 1
him 1
him 1
him 1
him 1
him 1
him 1
him 1
him 1
him 1
him 1
him 1
him 1
him 1
him 1
him 1
him 1
him 1
him 1
him 1
him 1
him 1
him 1
him 1
him 1
him 1
him 1
him 1
him 1
him 1
him 1
him 1
him 1
him 1
him 1
him 1
him 1
him 1
him 1
him 1
him 1
him 1
him 1
him 1
him 1
him 1
him 1
him 1
him 1
him 1
him 1
him 1
him 1
him 1
him 1
him 1
him 1
him 1
him 1
him 1
him 1
him 1
him 1
him 1
him 1
him 1
him 1
him 1
him 1
him 1
him 1
him 1
him 1
him 1
him 1
him 1
him 1
him 1
him 1
him 1
him 1
him 1
him 1
him 1
him 1
him 1
him 1
him 1
him 1
him 1
him 1
him 1
him 1
him 1
him 1
him 1
him 1
him 1
him 1
him 1
him 1
him 1
him 1
him 1
him 1
him 1
him 1
him 1
him 1
him 1
him 1
him 1
him 1
him 1
him 1
him 1
him 1
him 1
him 1
him 1
him 1
him 1
him 1
him 1
him 1
him 1
him 1
him 1
him 1
him 1
him 1
him 1
him 1
him 1
him 1
him 1
him 1
him 1
him 1
him 1
him 1
him 1
him 1
him 1
him 1
him 1
him 1
him 1
him 1
him 1
him 1
him 1
him 1
him 1
him 1
him 1
him 1
him 1
him 1
him 1
him 1
him 1
him 1
him 1
him 1
him 1
him 1
him 1
him 1
him 1
him 1
him 1
him 1
him 1
him 1
him 1
him 1
him 1
him 1
him 1
him 1
him 1
him 1
him 1
him 1
him 1
him 1
him 1
him 1
him 1
him 1
him 1
him 1
him 1
him 1
him 1
him 1
him 1
him 1
him 1
him 1
him 1
him 1
him 1
him 1
him 1
him 1
him 1
him 1
him 1
him 1
him 1
him 1
him 1
him 1
him 1
him 1
him 1
him 1
him 1
him 1
him 1
him 1
him 1
him 1
him 1
him 1
him 1
him 1
him 1
him 1
him 1
him 1
him 1
him 1
him 1
him 1
him 1
him 1
him 1
him 1
him 1
him 1
him 1
him 1
him 1
him 1
him 1
him 1
him 1
him 1
him 1
him 1
him 1
him 1
him 1
him 1
him 1
him 1
him 1
him 1
him 1
him 1
him 1
him 1
him 1
him 1
him 1
him 1
him 1
him 1
him 1
him 1
him 1
him 1
him 1
him 1
him 1
him 1
him 1
him 1
him 1
him 1
him 1
him 1
him 1
him 1
him 1
him 1
him 1
him 1
him 1
him 1
him 1
him 1
him 1
him 1
him 1
him 1
him 1
him 1
him 1
him 1
him 1
him 1
him 1
him 1
him 1
him 1
him 1
him 1
him 1
him 1
him 1
him 1
him 1
him 1
him 1
him 1
him 1
him 1
him 1
him 1
him 1
him 1
him 1
him 1
him 1
him 1
him 1
him 1
him 1
him 1
him 1
him 1
him 1
him 1
him 1
him 1
him 1
him 1
him 1
him 1
him 1
him 1
him 1
him 1
him 1
him 1
him 1
him 1
him 1
him 1
him 1
him 1
him 1
him 1
him 1
him 1
him 1
him 1
him 1
him 1
him 1
him 1
him 1
him 1
him 1
him 1
him 1
him 1
him 1
him 1
him 1
him 1
him 1
him 1
him 1
him 1
him 1
him 1
him 1
him 1
him 1
him 1
him 1
him 1
him 1
him 1
him 1
him 1
him 1
him 1
him 1
him 1
him 1
him 1
him 1
him 1
him 1
him 1
him 1
him 1
him 1
him 1
him 1
him 1
him 1
him 1
him 1
him 1
him 1
him 1
him 1
him 1
him 1
him 1
him 1
him 1
him 1
him 1
him 1
him 1
him 1
him 1
him 1
him 1
him 1
him 1
him 1
him 1
him 1
him 1
him 1
him 1
him 1
him 1
him 1
him 1
him 1
him 1
him 1
him 1
him 1
him 1
him 1
him 1
him 1
him 1
him 1
him 1
him 1
him 1
him 1
him 1
him 1
him 1
him 1
him 1
him 1
him 1
him 1
him 1
him 1
him 1
him 1
him 1
him 1
him 1
him 1
him 1
him 1
him 1
him 1
him 1
him 1
him 1
him 1
him 1
him 1
him 1
him 1
him 1
him 1
him 1
him 1
him 1
him 1
him 1
him 1
him 1
him 1
him 1
him 1
him 1
him 1
him 1
him 1
him 1
him 1
him 1
him 1
him 1
him 1
him 1
him 1
him 1
him 1
him 1
him 1
him 1
him 1
him 1
him 1
him 1
him 1
him 1
him 1
him 1
him 1
him 1
him 1
him 1
him 1
him 1
him 1
him 1
him 1
him 1
him 1
him 1
him 1
him 1
him 1
him 1
him 1
him 1
him 1
him 1
him 1
him 1
him 1
him 1
him 1
him 1
him 1
him 1
him 1
him 1
him 1
him 1
him 1
him 1
him 1
him 1
him 1
him 1
him 1
him 1
him 1
him 1
him 1
him 1
him 1
him 1
him 1
him 1
him 1
him 1
him 1
him 1
him 1
him 1
him 1
him 1
him 1
him 1
him 1
him 1
him 1
him 1
him 1
him 1
him 1
holler 1
holler 1
holy 1
honor 1
honor 1
hooks 1
hooks 1
hooks 1
hooks 1
hooks 1
hooks 1
hove 1
hove 1
hove 1
hove 1
hove 1
hove 1
huffy 1
huffy 1
huffy 1
hurrying 1
hurrying 1
idiots 1
idiots 1
ignorantest 1
im 1
im 1
impudent 1
impudent 1
impudent 1
incomplete 1
independence 1
iron 1
iron 1
iron 1
iron 1
iron 1
iron 1
iron 1
iron 1
iron 1
iron 1
itching 1
itching 1
itching 1
jaw 1
jaw 1
jes 1
jes 1
jingling 1
joint 1
jokes 1
jokes 1
jokes 1
joy 1
joy 1
joy 1
joy 1
joy 1
joy 1
joy 1
jump 1
jump 1
jump 1
jump 1
jump 1
jump 1
jump 1
jump 1
jump 1
jump 1
jump 1
jump 1
jump 1
jump 1
jump 1
junketings 1
kags 1
ker 1
kin 1
kin 1
kin 1
kin 1
kin 1
kin 1
kin 1
kin 1
kin 1
kin 1
kin 1
kin 1
kin 1
kissing 1
kissing 1
kit 1
l 1
l 1
ladder 1
ladder 1
ladder 1
ladder 1
ladder 1
ladder 1
ladder 1
ladder 1
ladder 1
ladder 1
ladder 1
ladder 1
ladder 1
ladder 1
ladder 1
ladder 1
ladder 1
ladder 1
ladder 1
ladder 1
ladder 1
ladder 1
ladder 1
lash 1
latch 1
latch 1
laths 1
laughs 1
laughs 1
lead 1
lead 1
lead 1
lead 1
lead 1
lead 1
lead 1
leading 1
leading 1
leading 1
lean 1
lean 1
lean 1
lean 1
lean 1
lean 1
lean 1
lean 1
lean 1
leaning 1
leaning 1
leaning 1
leaning 1
leaning 1
learn 1
learn 1
learn 1
learn 1
learn 1
learn 1
learn 1
learn 1
learn 1
learn 1
learn 1
learn 1
learn 1
lection 1
lecture 1
lecture 1
lecture 1
leg 1
leg 1
leg 1
leg 1
leg 1
leg 1
leg 1
leg 1
leg 1
leg 1
leg 1
leg 1
leg 1
leg 1
leg 1
leg 1
leg 1
leg 1
leg 1
leg 1
leg 1
leg 1
leg 1
leg 1
leg 1
leg 1
leg 1
leg 1
level 1
level 1
level 1
level 1
level 1
level 1
level 1
level 1
lied 1
lied 1
light 1
light 1
light 1
light 1
light 1
light 1
light 1
light 1
light 1
light 1
light 1
light 1
light 1
light 1
light 1
light 1
light 1
light 1
light 1
light 1
light 1
light 1
light 1
light 1
light 1
light 1
light 1
light 1
light 1
light 1
light 1
light 1
light 1
light 1
light 1
light 1
light 1
light 1
light 1
light 1
light 1
light 1
light 1
light 1
light 1
light 1
light 1
light 1
light 1
light 1
likeliest 1
limited 1
limited 1
linsey 1
listenin 1
livin 1
ll 1
ll 1
ll 1
ll 1
ll 1
ll 1
ll 1
ll 1
ll 1
ll 1
ll 1
ll 1
ll 1
ll 1
ll 1
ll 1
ll 1
ll 1
ll 1
ll 1
ll 1
ll 1
ll 1
ll 1
ll 1
ll 1
ll 1
ll 1
ll 1
ll 1
ll 1
ll 1
ll 1
ll 1
ll 1
ll 1
ll 1
ll 1
ll 1
ll 1
ll 1
ll 1
ll 1
ll 1
ll 1
ll 1
ll 1
ll 1
ll 1
ll 1
ll 1
ll 1
ll 1
ll 1
ll 1
ll 1
ll 1
ll 1
ll 1
ll 1
ll 1
ll 1
ll 1
ll 1
ll 1
ll 1
ll 1
ll 1
ll 1
ll 1
ll 1
ll 1
ll 1
ll 1
ll 1
ll 1
ll 1
ll 1
ll 1
ll 1
ll 1
ll 1
ll 1
ll 1
ll 1
ll 1
ll 1
ll 1
ll 1
ll 1
ll 1
ll 1
ll 1
ll 1
ll 1
ll 1
ll 1
ll 1
ll 1
ll 1
ll 1
ll 1
ll 1
ll 1
ll 1
ll 1
ll 1
ll 1
ll 1
ll 1
ll 1
ll 1
ll 1
ll 1
ll 1
ll 1
ll 1
ll 1
ll 1
ll 1
ll 1
ll 1
ll 1
ll 1
ll 1
ll 1
ll 1
ll 1
ll 1
ll 1
ll 1
ll 1
ll 1
ll 1
ll 1
ll 1
ll 1
ll 1
ll 1
ll 1
ll 1
ll 1
ll 1
ll 1
ll 1
ll 1
ll 1
ll 1
ll 1
ll 1
ll 1
ll 1
ll 1
ll 1
ll 1
ll 1
ll 1
ll 1
ll 1
ll 1
ll 1
ll 1
ll 1
ll 1
ll 1
ll 1
ll 1
ll 1
ll 1
ll 1
ll 1
ll 1
ll 1
ll 1
ll 1
ll 1
ll 1
ll 1
ll 1
ll 1
ll 1
ll 1
ll 1
ll 1
ll 1
ll 1
ll 1
ll 1
ll 1
ll 1
ll 1
ll 1
ll 1
ll 1
ll 1
ll 1
ll 1
ll 1
ll 1
ll 1
ll 1
ll 1
ll 1
ll 1
ll 1
ll 1
ll 1
ll 1
ll 1
ll 1
ll 1
ll 1
ll 1
ll 1
ll 1
ll 1
ll 1
ll 1
ll 1
ll 1
ll 1
ll 1
ll 1
ll 1
ll 1
ll 1
ll 1
ll 1
ll 1
ll 1
ll 1
ll 1
ll 1
ll 1
ll 1
ll 1
ll 1
ll 1
ll 1
ll 1
ll 1
ll 1
ll 1
ll 1
ll 1
ll 1
ll 1
ll 1
ll 1
ll 1
ll 1
ll 1
ll 1
ll 1
ll 1
ll 1
ll 1
ll 1
ll 1
ll 1
ll 1
ll 1
ll 1
ll 1
ll 1
ll 1
ll 1
ll 1
ll 1
ll 1
ll 1
ll 1
ll 1
ll 1
ll 1
ll 1
ll 1
ll 1
ll 1
ll 1
ll 1
ll 1
ll 1
ll 1
ll 1
ll 1
ll 1
ll 1
ll 1
ll 1
ll 1
ll 1
ll 1
ll 1
ll 1
ll 1
loading 1
looks 1
looks 1
looks 1
looks 1
looks 1
looks 1
looks 1
looks 1
looks 1
looks 1
looks 1
looks 1
looky 1
looky 1
looky 1
looky 1
looky 1
looky 1
looky 1
looky 1
looky 1
loved 1
loved 1
loved 1
loved 1
lunatic 1
lynching 1
lynching 1
madam 1
mahogany 1
maidy 1
master 1
master 1
matched 1
materials 1
mathematics 1
merely 1
methods 1
midday 1
midday 1
middling 1
middling 1
middling 1
miles 1
miles 1
miles 1
miles 1
miles 1
miles 1
miles 1
miles 1
miles 1
miles 1
miles 1
miles 1
miles 1
miles 1
miles 1
miles 1
million 1
million 1
million 1
million 1
million 1
million 1
million 1
minute 1
minute 1
minute 1
minute 1
minute 1
minute 1
minute 1
minute 1
minute 1
minute 1
minute 1
minute 1
minute 1
minute 1
minute 1
minute 1
minute 1
minute 1
minute 1
minute 1
minute 1
minute 1
minute 1
minute 1
minute 1
minute 1
minute 1
minute 1
minute 1
minute 1
minute 1
minute 1
minute 1
minute 1
minute 1
minute 1
minute 1
minute 1
minute 1
minute 1
minute 1
minute 1
minute 1
minute 1
minute 1
minute 1
minute 1
minute 1
minute 1
minute 1
minute 1
minute 1
minute 1
minute 1
minute 1
minute 1
minute 1
minute 1
minute 1
minute 1
minute 1
minute 1
minute 1
minute 1
minute 1
minute 1
minute 1
minute 1
minute 1
minute 1
minute 1
minute 1
minute 1
minute 1
minute 1
minute 1
minute 1
minute 1
minute 1
minute 1
minute 1
minute 1
minute 1
minute 1
minute 1
minute 1
minute 1
minute 1
minute 1
minute 1
minute 1
minute 1
minute 1
minute 1
minute 1
miss 1
miss 1
miss 1
miss 1
miss 1
miss 1
miss 1
miss 1
miss 1
miss 1
mob 1
mob 1
mob 1
mob 1
mob 1
mocking 1
money 1
money 1
money 1
money 1
money 1
money 1
money 1
money 1
money 1
money 1
money 1
money 1
money 1
money 1
money 1
money 1
money 1
money 1
money 1
money 1
money 1
money 1
money 1
money 1
money 1
money 1
money 1
money 1
money 1
money 1
money 1
money 1
money 1
money 1
money 1
money 1
money 1
money 1
money 1
money 1
money 1
money 1
money 1
money 1
money 1
money 1
money 1
money 1
money 1
money 1
money 1
money 1
money 1
money 1
money 1
money 1
money 1
money 1
money 1
money 1
money 1
money 1
money 1
money 1
money 1
money 1
money 1
money 1
money 1
money 1
money 1
money 1
money 1
money 1
money 1
money 1
money 1
money 1
money 1
money 1
money 1
money 1
money 1
money 1
money 1
money 1
money 1
money 1
money 1
mountains 1
mournful 1
mournful 1
mournful 1
mournful 1
mournful 1
mournful 1
mournful 1
mournin 1
mournin 1
mumble 1
muse 1
my 1
my 1
my 1
my 1
my 1
my 1
my 1
my 1
my 1
my 1
my 1
my 1
my 1
my 1
my 1
my 1
my 1
my 1
my 1
my 1
my 1
my 1
my 1
my 1
my 1
my 1
my 1
my 1
my 1
my 1
my 1
my 1
my 1
my 1
my 1
my 1
my 1
my 1
my 1
my 1
my 1
my 1
my 1
my 1
my 1
my 1
my 1
my 1
my 1
my 1
my 1
my 1
my 1
my 1
my 1
my 1
my 1
my 1
my 1
my 1
my 1
my 1
my 1
my 1
my 1
my 1
my 1
my 1
my 1
my 1
my 1
my 1
my 1
my 1
my 1
my 1
my 1
my 1
my 1
my 1
my 1
my 1
my 1
my 1
my 1
my 1
my 1
my 1
my 1
my 1
my 1
my 1
my 1
my 1
my 1
my 1
my 1
my 1
my 1
my 1
my 1
my 1
my 1
my 1
my 1
my 1
my 1
my 1
my 1
my 1
my 1
my 1
my 1
my 1
my 1
my 1
my 1
my 1
my 1
my 1
my 1
my 1
my 1
my 1
my 1
my 1
my 1
my 1
my 1
my 1
my 1
my 1
my 1
my 1
my 1
my 1
my 1
my 1
my 1
my 1
my 1
my 1
my 1
my 1
my 1
my 1
my 1
my 1
my 1
my 1
my 1
my 1
my 1
my 1
my 1
my 1
my 1
my 1
my 1
my 1
my 1
my 1
my 1
my 1
my 1
my 1
my 1
my 1
my 1
my 1
my 1
my 1
my 1
my 1
my 1
my 1
my 1
my 1
my 1
my 1
my 1
my 1
my 1
my 1
my 1
my 1
my 1
my 1
my 1
my 1
my 1
my 1
my 1
my 1
my 1
my 1
my 1
my 1
my 1
my 1
my 1
my 1
my 1
my 1
my 1
my 1
my 1
my 1
my 1
my 1
my 1
my 1
my 1
my 1
my 1
my 1
my 1
my 1
my 1
my 1
my 1
my 1
my 1
my 1
my 1
my 1
my 1
my 1
my 1
my 1
my 1
my 1
my 1
my 1
my 1
my 1
my 1
my 1
my 1
my 1
my 1
my 1
my 1
my 1
my 1
my 1
my 1
my 1
my 1
my 1
my 1
my 1
my 1
my 1
my 1
my 1
my 1
my 1
my 1
my 1
my 1
my 1
my 1
my 1
my 1
my 1
my 1
my 1
my 1
my 1
my 1
my 1
my 1
my 1
my 1
my 1
my 1
my 1
my 1
my 1
my 1
my 1
my 1
my 1
my 1
my 1
my 1
my 1
my 1
my 1
my 1
my 1
my 1
my 1
my 1
my 1
my 1
my 1
my 1
my 1
my 1
my 1
my 1
my 1
my 1
my 1
my 1
my 1
my 1
my 1
my 1
my 1
my 1
my 1
my 1
my 1
my 1
my 1
my 1
my 1
my 1
my 1
my 1
my 1
my 1
my 1
my 1
my 1
my 1
my 1
my 1
my 1
my 1
my 1
my 1
my 1
my 1
my 1
my 1
my 1
my 1
my 1
my 1
my 1
my 1
my 1
my 1
my 1
my 1
my 1
my 1
my 1
my 1
my 1
my 1
my 1
my 1
my 1
my 1
my 1
my 1
my 1
my 1
my 1
my 1
my 1
my 1
my 1
my 1
my 1
my 1
my 1
my 1
my 1
my 1
my 1
my 1
my 1
my 1
my 1
my 1
my 1
my 1
my 1
my 1
my 1
my 1
my 1
my 1
my 1
my 1
names 1
names 1
names 1
names 1
names 1
names 1
names 1
names 1
names 1
names 1
names 1
neighbor 1
neighborhood 1
network 1
nigger 1
nigger 1
nigger 1
nigger 1
nigger 1
nigger 1
nigger 1
nigger 1
nigger 1
nigger 1
nigger 1
nigger 1
nigger 1
nigger 1
nigger 1
nigger 1
nigger 1
nigger 1
nigger 1
nigger 1
nigger 1
nigger 1
nigger 1
nigger 1
nigger 1
nigger 1
nigger 1
nigger 1
nigger 1
nigger 1
nigger 1
nigger 1
nigger 1
nigger 1
nigger 1
nigger 1
nigger 1
nigger 1
nigger 1
nigger 1
nigger 1
nigger 1
nigger 1
nigger 1
nigger 1
nigger 1
nigger 1
nigger 1
nigger 1
nigger 1
nigger 1
nigger 1
nigger 1
nigger 1
nigger 1
nigger 1
nigger 1
nigger 1
nigger 1
nigger 1
nigger 1
nigger 1
nigger 1
nigger 1
nigger 1
nigger 1
nigger 1
nigger 1
nigger 1
nigger 1
nigger 1
nigger 1
nigger 1
nigger 1
nigger 1
nigger 1
nigger 1
nigger 1
nigger 1
nigger 1
nigger 1
nigger 1
nigger 1
nigger 1
nigger 1
nigger 1
nigger 1
nigger 1
nigger 1
nigger 1
nigger 1
nigger 1
nigger 1
nigger 1
nigger 1
nigger 1
nigger 1
nigger 1
nigger 1
nigger 1
nigger 1
nigger 1
nigger 1
nigger 1
nigger 1
nigger 1
nigger 1
nigger 1
nigger 1
nigger 1
nigger 1
nigger 1
nigger 1
nigger 1
nigger 1
nigger 1
nigger 1
nigger 1
nigger 1
nigger 1
nigger 1
nigger 1
nigger 1
nigger 1
nigger 1
nigger 1
nigger 1
nigger 1
nigger 1
nigger 1
nigger 1
nigger 1
nigger 1
nigger 1
nigger 1
nigger 1
nigger 1
nigger 1
nigger 1
nigger 1
nigger 1
nigger 1
nigger 1
nigger 1
nigger 1
nigger 1
nigger 1
nigger 1
nigger 1
nigger 1
nigger 1
nigger 1
nigger 1
nigger 1
nigger 1
nigger 1
nigger 1
nigger 1
nigger 1
nigger 1
nigger 1
nigger 1
nigger 1
nightcap 1
nightcap 1
nightshirt 1
nineteen 1
nineteen 1
nineteen 1
nostrils 1
nostrils 1
nostrils 1
nostrils 1
notice 1
notice 1
notice 1
notice 1
notice 1
notice 1
notice 1
notice 1
notice 1
notice 1
notice 1
notice 1
notice 1
notice 1
notice 1
notice 1
notice 1
notice 1
notice 1
notice 1
odds 1
older 1
ole 1
ole 1
ole 1
ole 1
ole 1
ole 1
ole 1
ole 1
ole 1
ole 1
ole 1
ole 1
ole 1
ole 1
ole 1
ole 1
ole 1
ole 1
ole 1
ole 1
ole 1
ole 1
onions 1
ourn 1
ourn 1
ourn 1
ourn 1
ourn 1
ourn 1
ourn 1
over 1
over 1
over 1
over 1
over 1
over 1
over 1
over 1
over 1
over 1
over 1
over 1
over 1
over 1
over 1
over 1
over 1
over 1
over 1
over 1
over 1
over 1
over 1
over 1
over 1
over 1
over 1
over 1
over 1
over 1
over 1
over 1
over 1
over 1
over 1
over 1
over 1
over 1
over 1
over 1
over 1
over 1
over 1
over 1
over 1
over 1
over 1
over 1
over 1
over 1
over 1
over 1
over 1
over 1
over 1
over 1
over 1
over 1
over 1
over 1
over 1
over 1
over 1
over 1
over 1
over 1
over 1
over 1
over 1
over 1
over 1
over 1
over 1
over 1
over 1
over 1
over 1
over 1
over 1
over 1
over 1
over 1
over 1
over 1
over 1
over 1
over 1
over 1
over 1
over 1
over 1
over 1
over 1
over 1
over 1
over 1
over 1
over 1
over 1
over 1
over 1
over 1
over 1
over 1
over 1
over 1
over 1
over 1
over 1
over 1
over 1
over 1
over 1
over 1
over 1
over 1
over 1
over 1
over 1
over 1
over 1
over 1
over 1
over 1
over 1
over 1
over 1
over 1
over 1
over 1
over 1
over 1
over 1
over 1
over 1
over 1
over 1
over 1
over 1
over 1
over 1
over 1
over 1
over 1
over 1
over 1
over 1
over 1
over 1
over 1
over 1
over 1
over 1
over 1
over 1
over 1
over 1
over 1
over 1
over 1
over 1
over 1
over 1
over 1
over 1
over 1
over 1
over 1
over 1
over 1
over 1
over 1
over 1
over 1
over 1
over 1
over 1
over 1
over 1
over 1
over 1
over 1
over 1
over 1
over 1
over 1
over 1
over 1
over 1
over 1
over 1
over 1
over 1
over 1
over 1
over 1
over 1
over 1
over 1
over 1
over 1
over 1
over 1
over 1
over 1
over 1
over 1
over 1
over 1
over 1
over 1
over 1
over 1
over 1
over 1
over 1
over 1
over 1
over 1
over 1
over 1
over 1
over 1
over 1
over 1
over 1
over 1
over 1
over 1
over 1
over 1
over 1
over 1
over 1
over 1
over 1
over 1
over 1
over 1
over 1
over 1
over 1
over 1
over 1
over 1
over 1
over 1
over 1
over 1
over 1
over 1
over 1
over 1
over 1
over 1
over 1
over 1
over 1
over 1
over 1
over 1
over 1
over 1
over 1
over 1
over 1
over 1
over 1
over 1
over 1
over 1
over 1
over 1
over 1
over 1
over 1
over 1
over 1
over 1
over 1
over 1
over 1
over 1
over 1
over 1
over 1
owl 1
packed 1
packed 1
packed 1
packed 1
packed 1
packed 1
painstakingly 1
parrot 1
partly 1
partly 1
partly 1
passed 1
passed 1
passed 1
passed 1
passed 1
passed 1
passed 1
patients 1
peacefuller 1
peep 1
pensive 1
perfectly 1
perfectly 1
perfectly 1
perfectly 1
perfectly 1
perfectly 1
perfectly 1
perfectly 1
perfectly 1
perfectly 1
perfectly 1
perfectly 1
perfectly 1
perfectly 1
perfectly 1
perfectly 1
perfectly 1
perfectly 1
perfectly 1
perfectly 1
performance 1
performance 1
perished 1
pig 1
pig 1
pig 1
pig 1
piled 1
piled 1
piled 1
piled 1
pitch 1
pitying 1
plank 1
plank 1
plank 1
plate 1
plate 1
plate 1
plate 1
plate 1
plate 1
plate 1
plate 1
plate 1
pleasant 1
pleasant 1
plenty 1
plenty 1
plenty 1
plenty 1
plenty 1
plenty 1
plenty 1
plenty 1
plenty 1
plenty 1
plenty 1
plenty 1
plenty 1
plenty 1
plenty 1
plenty 1
plenty 1
plenty 1
plenty 1
plenty 1
plenty 1
plenty 1
police 1
poor 1
poor 1
poor 1
poor 1
poor 1
poor 1
poor 1
poor 1
poor 1
poor 1
poor 1
poor 1
poor 1
poor 1
poor 1
poor 1
poor 1
poor 1
poor 1
poor 1
poor 1
poor 1
poor 1
poor 1
poor 1
poor 1
poor 1
poor 1
poor 1
poor 1
poor 1
poor 1
poor 1
poor 1
poor 1
poor 1
poor 1
poor 1
poor 1
poor 1
poor 1
poor 1
poor 1
poor 1
poor 1
posing 1
possession 1
powerfullest 1
praying 1
preached 1
preforeordestination 1
prentice 1
principal 1
principal 1
principal 1
principal 1
printed 1
printed 1
printed 1
printed 1
printed 1
printed 1
prisoner 1
prisoner 1
prisoner 1
prisoner 1
prisoner 1
prisoner 1
prisoner 1
prisoner 1
prisoner 1
prisoner 1
prisoner 1
prisoner 1
prisoner 1
prisoner 1
prisoner 1
prisoner 1
prisoner 1
prisoner 1
prisoner 1
prisoner 1
prisoner 1
prisoner 1
prisoner 1
prisoner 1
profitable 1
prompt 1
prompt 1
propped 1
provisions 1
provisions 1
puffed 1
pulled 1
pulled 1
pulled 1
pulled 1
pulled 1
pulled 1
pulled 1
pulled 1
pulled 1
pulled 1
pulled 1
puzzled 1
puzzled 1
puzzled 1
quaking 1
quarry 1
quiet 1
quiet 1
quiet 1
quiet 1
quiet 1
quiet 1
quiet 1
quiet 1
quiet 1
quiet 1
quiet 1
quiet 1
quiet 1
quiet 1
quiet 1
quiet 1
quiet 1
quiet 1
quiet 1
rabbit 1
rabbit 1
rabbit 1
rail 1
rail 1
rail 1
rail 1
rail 1
rail 1
raised 1
raised 1
raised 1
raised 1
raised 1
raised 1
raised 1
raised 1
raised 1
raised 1
raised 1
raised 1
raised 1
raised 1
raised 1
raised 1
raised 1
raised 1
rascality 1
rattlesnake 1
rattlesnake 1
rattlesnake 1
rattlesnake 1
rattlesnake 1
rattlesnake 1
rattlesnake 1
rave 1
realms 1
reason 1
reason 1
reason 1
reason 1
reason 1
reason 1
reasonable 1
reasonable 1
reasonable 1
reasonable 1
reasonable 1
recollected 1
referring 1
representatives 1
resis 1
resolution 1
rest 1
rest 1
rest 1
rest 1
rest 1
rest 1
rest 1
rest 1
rest 1
rest 1
rest 1
rest 1
rest 1
rest 1
rest 1
rest 1
rest 1
rest 1
rest 1
rest 1
rest 1
rest 1
rest 1
rest 1
rest 1
rest 1
rest 1
rest 1
rest 1
rest 1
rest 1
rest 1
rest 1
rest 1
rest 1
rest 1
rest 1
rest 1
rest 1
rest 1
rest 1
rest 1
rest 1
rest 1
rest 1
rest 1
rest 1
rest 1
rest 1
riddle 1
ring 1
ring 1
ring 1
ring 1
ring 1
ring 1
ring 1
ring 1
ring 1
ring 1
ripped 1
ripped 1
ripped 1
ripper 1
ripper 1
rocked 1
rolled 1
rolled 1
rolled 1
rolled 1
rolled 1
rolled 1
rolled 1
rolled 1
rolled 1
rolled 1
rooms 1
rooms 1
rooms 1
rooms 1
rooms 1
rooms 1
rooms 1
rooms 1
ruffled 1
ruffled 1
rumbling 1
rumbling 1
runs 1
rust 1
saddish 1
salary 1
salary 1
sales 1
same 1
same 1
same 1
same 1
same 1
same 1
same 1
same 1
same 1
same 1
same 1
same 1
same 1
same 1
same 1
same 1
same 1
same 1
same 1
same 1
same 1
same 1
same 1
same 1
same 1
same 1
same 1
same 1
same 1
same 1
same 1
same 1
same 1
same 1
same 1
same 1
same 1
same 1
same 1
same 1
same 1
same 1
same 1
same 1
same 1
same 1
same 1
same 1
same 1
same 1
same 1
same 1
same 1
same 1
same 1
same 1
same 1
same 1
same 1
same 1
same 1
same 1
same 1
same 1
same 1
saphead 1
satisfactory 1
satisfactory 1
satisfactory 1
satisfactory 1
satisfied 1
satisfied 1
satisfied 1
satisfied 1
satisfied 1
satisfied 1
satisfied 1
satisfied 1
satisfied 1
satisfied 1
satisfied 1
satisfied 1
satisfied 1
satisfied 1
satisfied 1
satisfied 1
satisfied 1
satisfied 1
satisfied 1
satisfied 1
satisfied 1
satisfied 1
satisfied 1
satisfied 1
satisfied 1
satisfied 1
saws 1
saws 1
says 1
says 1
says 1
says 1
says 1
says 1
says 1
says 1
says 1
says 1
says 1
says 1
says 1
says 1
says 1
says 1
says 1
says 1
says 1
says 1
says 1
says 1
says 1
says 1
says 1
says 1
says 1
says 1
says 1
says 1
says 1
says 1
says 1
says 1
says 1
says 1
says 1
says 1
says 1
says 1
says 1
says 1
says 1
says 1
says 1
says 1
says 1
says 1
says 1
says 1
says 1
says 1
says 1
says 1
says 1
says 1
says 1
says 1
says 1
says 1
says 1
says 1
says 1
says 1
says 1
says 1
says 1
says 1
says 1
says 1
says 1
says 1
says 1
says 1
says 1
says 1
says 1
says 1
says 1
says 1
says 1
says 1
says 1
says 1
says 1
says 1
says 1
says 1
says 1
says 1
says 1
says 1
says 1
says 1
says 1
says 1
says 1
says 1
says 1
says 1
says 1
says 1
says 1
says 1
says 1
says 1
says 1
says 1
says 1
says 1
says 1
says 1
says 1
says 1
says 1
says 1
says 1
says 1
says 1
says 1
says 1
says 1
says 1
says 1
says 1
says 1
says 1
says 1
says 1
says 1
says 1
says 1
says 1
says 1
says 1
says 1
says 1
says 1
says 1
says 1
says 1
says 1
says 1
says 1
says 1
says 1
says 1
says 1
says 1
says 1
says 1
says 1
says 1
says 1
says 1
says 1
says 1
says 1
says 1
says 1
says 1
says 1
says 1
says 1
says 1
says 1
says 1
says 1
says 1
says 1
says 1
says 1
says 1
says 1
says 1
says 1
says 1
says 1
says 1
says 1
says 1
says 1
says 1
says 1
says 1
says 1
says 1
says 1
says 1
says 1
says 1
says 1
says 1
says 1
says 1
says 1
says 1
says 1
says 1
says 1
says 1
says 1
says 1
says 1
says 1
says 1
says 1
says 1
says 1
says 1
says 1
says 1
says 1
says 1
says 1
says 1
says 1
says 1
says 1
says 1
says 1
says 1
says 1
says 1
says 1
says 1
says 1
says 1
says 1
says 1
says 1
says 1
says 1
says 1
says 1
says 1
says 1
says 1
says 1
says 1
says 1
says 1
says 1
says 1
says 1
says 1
says 1
says 1
says 1
says 1
says 1
says 1
says 1
says 1
says 1
says 1
says 1
says 1
says 1
says 1
says 1
says 1
says 1
says 1
says 1
says 1
says 1
says 1
says 1
says 1
says 1
says 1
says 1
says 1
says 1
says 1
says 1
says 1
says 1
says 1
says 1
says 1
says 1
says 1
says 1
says 1
says 1
says 1
says 1
says 1
says 1
says 1
says 1
says 1
says 1
says 1
says 1
says 1
says 1
says 1
says 1
says 1
says 1
says 1
says 1
says 1
says 1
says 1
says 1
says 1
says 1
says 1
says 1
says 1
says 1
says 1
says 1
says 1
says 1
says 1
says 1
says 1
says 1
says 1
says 1
says 1
says 1
says 1
says 1
says 1
says 1
says 1
says 1
says 1
says 1
says 1
says 1
says 1
says 1
says 1
says 1
says 1
says 1
says 1
says 1
says 1
says 1
says 1
says 1
says 1
says 1
says 1
says 1
says 1
says 1
says 1
says 1
says 1
says 1
says 1
says 1
says 1
says 1
says 1
says 1
says 1
says 1
says 1
says 1
says 1
says 1
says 1
says 1
says 1
says 1
says 1
says 1
says 1
says 1
says 1
says 1
says 1
says 1
says 1
says 1
says 1
says 1
says 1
says 1
says 1
says 1
says 1
says 1
says 1
says 1
says 1
says 1
says 1
says 1
says 1
says 1
says 1
says 1
says 1
says 1
says 1
says 1
says 1
says 1
says 1
says 1
says 1
says 1
says 1
says 1
says 1
says 1
says 1
says 1
says 1
says 1
says 1
says 1
says 1
says 1
says 1
says 1
says 1
says 1
says 1
says 1
says 1
says 1
says 1
says 1
says 1
says 1
says 1
says 1
says 1
says 1
says 1
says 1
says 1
says 1
says 1
says 1
says 1
says 1
says 1
says 1
says 1
says 1
says 1
says 1
says 1
says 1
says 1
says 1
says 1
says 1
says 1
says 1
says 1
says 1
says 1
says 1
says 1
says 1
says 1
says 1
says 1
says 1
says 1
says 1
says 1
says 1
says 1
says 1
says 1
says 1
says 1
says 1
says 1
says 1
says 1
says 1
says 1
says 1
says 1
says 1
says 1
says 1
says 1
says 1
says 1
says 1
says 1
says 1
says 1
says 1
says 1
says 1
says 1
says 1
says 1
says 1
says 1
says 1
says 1
says 1
says 1
says 1
says 1
says 1
says 1
says 1
says 1
says 1
says 1
says 1
says 1
says 1
says 1
says 1
says 1
says 1
says 1
says 1
says 1
says 1
says 1
says 1
says 1
says 1
says 1
says 1
says 1
says 1
says 1
says 1
says 1
says 1
says 1
says 1
says 1
says 1
says 1
says 1
says 1
says 1
says 1
says 1
says 1
says 1
says 1
says 1
says 1
says 1
says 1
says 1
says 1
says 1
says 1
says 1
says 1
says 1
says 1
says 1
says 1
says 1
says 1
says 1
says 1
says 1
says 1
says 1
says 1
says 1
says 1
says 1
says 1
says 1
says 1
says 1
says 1
says 1
says 1
says 1
says 1
says 1
says 1
says 1
says 1
says 1
says 1
says 1
says 1
says 1
says 1
says 1
says 1
says 1
says 1
says 1
says 1
says 1
says 1
says 1
says 1
says 1
says 1
says 1
says 1
says 1
says 1
says 1
says 1
says 1
says 1
says 1
says 1
scolded 1
scooting 1
scrabble 1
scrabble 1
scrabble 1
scrabble 1
scrabble 1
scrabble 1
scratching 1
scratching 1
scrouge 1
se 1
seats 1
seats 1
seats 1
seegars 1
seegars 1
self 1
self 1
self 1
self 1
self 1
self 1
self 1
self 1
self 1
self 1
selling 1
sending 1
sending 1
sent 1
sent 1
sent 1
sent 1
sent 1
sent 1
sent 1
sent 1
sent 1
sent 1
several 1
several 1
several 1
several 1
several 1
sewed 1
sewed 1
sharing 1
shet 1
shet 1
shet 1
shet 1
shining 1
shining 1
shining 1
shining 1
shining 1
shivers 1
shivers 1
short 1
short 1
short 1
short 1
short 1
short 1
short 1
short 1
short 1
short 1
short 1
short 1
short 1
short 1
shoveled 1
shutters 1
sighed 1
situation 1
sixteen 1
sixteen 1
sixteen 1
sixteen 1
sixteen 1
sixteen 1
sixteen 1
skifts 1
skifts 1
skinned 1
skipped 1
skipped 1
skipped 1
skipped 1
skipped 1
skips 1
slanting 1
slap 1
slap 1
slap 1
slapping 1
slavery 1
slavery 1
slavery 1
slavery 1
slavery 1
smarter 1
smashing 1
smashing 1
smouched 1
smouched 1
smouched 1
snack 1
snack 1
sneaking 1
sneaking 1
sneaking 1
snoring 1
snoring 1
snoring 1
snoring 1
snoring 1
snuffling 1
softest 1
sold 1
sold 1
sold 1
sold 1
sold 1
sold 1
sold 1
sold 1
sold 1
sold 1
sold 1
sold 1
sold 1
sold 1
sold 1
sold 1
sold 1
sold 1
solemn 1
solemn 1
solemn 1
solemn 1
solemn 1
solemn 1
solemn 1
solemn 1
solemn 1
solemn 1
somewheres 1
somewheres 1
somewheres 1
somewheres 1
somewheres 1
somewheres 1
somewheres 1
somewheres 1
somewheres 1
somewheres 1
somewheres 1
sparks 1
sparks 1
sparks 1
spending 1
spent 1
spies 1
spirits 1
spirits 1
spirits 1
spirits 1
spirits 1
spirits 1
spirits 1
spitting 1
spoiled 1
spoiled 1
sprawlin 1
spy 1
stage 1
stage 1
stage 1
stage 1
stage 1
stage 1
staggered 1
stalks 1
stalks 1
states 1
states 1
states 1
states 1
steam 1
steam 1
steam 1
steam 1
steam 1
stick 1
stick 1
stick 1
stick 1
stick 1
stick 1
stick 1
stick 1
stick 1
stick 1
stick 1
stick 1
stick 1
stick 1
stick 1
stick 1
stick 1
stick 1
storms 1
storms 1
straight 1
straight 1
straight 1
straight 1
straight 1
straight 1
straight 1
straight 1
straight 1
straight 1
straight 1
straight 1
straight 1
straight 1
straight 1
straight 1
straight 1
straight 1
straight 1
straight 1
straight 1
straight 1
straight 1
straight 1
straight 1
straight 1
straight 1
straight 1
straight 1
straight 1
straight 1
streak 1
streak 1
streak 1
streak 1
streak 1
streak 1
streak 1
streak 1
streak 1
streak 1
stripes 1
stupidness 1
subscribe 1
suck 1
sunflowers 1
sunning 1
superintendent 1
sweetened 1
sweetened 1
synonymous 1
tackled 1
tackled 1
tackled 1
tackled 1
tain 1
tain 1
tain 1
takes 1
takes 1
takes 1
takes 1
takes 1
takes 1
takes 1
takes 1
takes 1
takes 1
takes 1
takes 1
takes 1
takes 1
takes 1
tanner 1
tanner 1
tape 1
test 1
them 1
them 1
them 1
them 1
them 1
them 1
them 1
them 1
them 1
them 1
them 1
them 1
them 1
them 1
them 1
them 1
them 1
them 1
them 1
them 1
them 1
them 1
them 1
them 1
them 1
them 1
them 1
them 1
them 1
them 1
them 1
them 1
them 1
them 1
them 1
them 1
them 1
them 1
them 1
them 1
them 1
them 1
them 1
them 1
them 1
them 1
them 1
them 1
them 1
them 1
them 1
them 1
them 1
them 1
them 1
them 1
them 1
them 1
them 1
them 1
them 1
them 1
them 1
them 1
them 1
them 1
them 1
them 1
them 1
them 1
them 1
them 1
them 1
them 1
them 1
them 1
them 1
them 1
them 1
them 1
them 1
them 1
them 1
them 1
them 1
them 1
them 1
them 1
them 1
them 1
them 1
them 1
them 1
them 1
them 1
them 1
them 1
them 1
them 1
them 1
them 1
them 1
them 1
them 1
them 1
them 1
them 1
them 1
them 1
them 1
them 1
them 1
them 1
them 1
them 1
them 1
them 1
them 1
them 1
them 1
them 1
them 1
them 1
them 1
them 1
them 1
them 1
them 1
them 1
them 1
them 1
them 1
them 1
them 1
them 1
them 1
them 1
them 1
them 1
them 1
them 1
them 1
them 1
them 1
them 1
them 1
them 1
them 1
them 1
them 1
them 1
them 1
them 1
them 1
them 1
them 1
them 1
them 1
them 1
them 1
them 1
them 1
them 1
them 1
them 1
them 1
them 1
them 1
them 1
them 1
them 1
them 1
them 1
them 1
them 1
them 1
them 1
them 1
them 1
them 1
them 1
them 1
them 1
them 1
them 1
them 1
them 1
them 1
them 1
them 1
them 1
them 1
them 1
them 1
them 1
them 1
them 1
them 1
them 1
them 1
them 1
them 1
them 1
them 1
them 1
them 1
them 1
them 1
them 1
them 1
them 1
them 1
them 1
them 1
them 1
them 1
them 1
them 1
them 1
them 1
them 1
them 1
them 1
them 1
them 1
them 1
them 1
them 1
them 1
them 1
them 1
them 1
them 1
them 1
them 1
them 1
them 1
them 1
them 1
them 1
them 1
them 1
them 1
them 1
them 1
them 1
them 1
them 1
them 1
them 1
them 1
them 1
them 1
them 1
them 1
them 1
them 1
them 1
them 1
them 1
them 1
them 1
them 1
them 1
them 1
them 1
them 1
them 1
them 1
them 1
them 1
them 1
them 1
them 1
them 1
them 1
them 1
them 1
them 1
them 1
them 1
them 1
them 1
them 1
them 1
them 1
them 1
them 1
them 1
them 1
them 1
them 1
them 1
them 1
them 1
them 1
them 1
them 1
them 1
them 1
them 1
them 1
them 1
them 1
them 1
them 1
them 1
them 1
them 1
them 1
them 1
them 1
them 1
them 1
them 1
them 1
them 1
them 1
them 1
them 1
them 1
them 1
them 1
them 1
them 1
them 1
them 1
them 1
them 1
them 1
them 1
them 1
them 1
them 1
them 1
them 1
them 1
them 1
them 1
them 1
them 1
them 1
them 1
them 1
them 1
them 1
them 1
them 1
them 1
them 1
them 1
them 1
them 1
them 1
them 1
them 1
them 1
them 1
them 1
them 1
them 1
them 1
them 1
them 1
them 1
them 1
them 1
them 1
them 1
them 1
them 1
them 1
them 1
them 1
them 1
them 1
them 1
them 1
them 1
them 1
them 1
them 1
them 1
them 1
them 1
them 1
them 1
them 1
them 1
them 1
them 1
them 1
them 1
them 1
them 1
them 1
them 1
them 1
them 1
them 1
them 1
them 1
them 1
them 1
them 1
them 1
them 1
them 1
them 1
them 1
them 1
them 1
them 1
them 1
them 1
them 1
them 1
them 1
them 1
them 1
them 1
them 1
them 1
them 1
them 1
them 1
them 1
them 1
them 1
them 1
them 1
them 1
them 1
them 1
them 1
them 1
them 1
them 1
them 1
them 1
them 1
them 1
them 1
them 1
them 1
them 1
them 1
them 1
them 1
them 1
them 1
them 1
them 1
them 1
them 1
them 1
them 1
them 1
them 1
them 1
them 1
them 1
them 1
them 1
them 1
them 1
them 1
them 1
them 1
them 1
them 1
them 1
them 1
them 1
them 1
them 1
them 1
them 1
them 1
them 1
them 1
them 1
them 1
them 1
them 1
them 1
them 1
them 1
them 1
them 1
them 1
them 1
them 1
them 1
them 1
them 1
them 1
them 1
them 1
them 1
them 1
them 1
them 1
them 1
them 1
them 1
them 1
them 1
them 1
them 1
them 1
them 1
them 1
them 1
them 1
them 1
them 1
them 1
them 1
there 1
there 1
there 1
there 1
there 1
there 1
there 1
there 1
there 1
there 1
there 1
there 1
there 1
there 1
there 1
there 1
there 1
there 1
there 1
there 1
there 1
there 1
there 1
there 1
there 1
there 1
there 1
there 1
there 1
there 1
there 1
there 1
there 1
there 1
there 1
there 1
there 1
there 1
there 1
there 1
there 1
there 1
there 1
there 1
there 1
there 1
there 1
there 1
there 1
there 1
there 1
there 1
there 1
there 1
there 1
there 1
there 1
there 1
there 1
there 1
there 1
there 1
there 1
there 1
there 1
there 1
there 1
there 1
there 1
there 1
there 1
there 1
there 1
there 1
there 1
there 1
there 1
there 1
there 1
there 1
there 1
there 1
there 1
there 1
there 1
there 1
there 1
there 1
there 1
there 1
there 1
there 1
there 1
there 1
there 1
there 1
there 1
there 1
there 1
there 1
there 1
there 1
there 1
there 1
there 1
there 1
there 1
there 1
there 1
there 1
there 1
there 1
there 1
there 1
there 1
there 1
there 1
there 1
there 1
there 1
there 1
there 1
there 1
there 1
there 1
there 1
there 1
there 1
there 1
there 1
there 1
there 1
there 1
there 1
there 1
there 1
there 1
there 1
there 1
there 1
there 1
there 1
there 1
there 1
there 1
there 1
there 1
there 1
there 1
there 1
there 1
there 1
there 1
there 1
there 1
there 1
there 1
there 1
there 1
there 1
there 1
there 1
there 1
there 1
there 1
there 1
there 1
there 1
there 1
there 1
there 1
there 1
there 1
there 1
there 1
there 1
there 1
there 1
there 1
there 1
there 1
there 1
there 1
there 1
there 1
there 1
there 1
there 1
there 1
there 1
there 1
there 1
there 1
there 1
there 1
there 1
there 1
there 1
there 1
there 1
there 1
there 1
there 1
there 1
there 1
there 1
there 1
there 1
there 1
there 1
there 1
there 1
there 1
there 1
there 1
there 1
there 1
there 1
there 1
there 1
there 1
there 1
there 1
there 1
there 1
there 1
there 1
there 1
there 1
there 1
there 1
there 1
there 1
there 1
there 1
there 1
there 1
there 1
there 1
there 1
there 1
there 1
there 1
there 1
there 1
there 1
there 1
there 1
there 1
there 1
there 1
there 1
there 1
there 1
there 1
there 1
there 1
there 1
there 1
there 1
there 1
there 1
there 1
there 1
there 1
there 1
there 1
there 1
there 1
there 1
there 1
there 1
there 1
there 1
there 1
there 1
there 1
there 1
there 1
there 1
there 1
there 1
there 1
there 1
there 1
there 1
there 1
there 1
there 1
there 1
there 1
there 1
there 1
there 1
there 1
there 1
there 1
there 1
there 1
there 1
there 1
there 1
there 1
there 1
there 1
there 1
there 1
there 1
there 1
there 1
there 1
there 1
there 1
there 1
there 1
there 1
there 1
there 1
there 1
there 1
there 1
there 1
there 1
there 1
there 1
there 1
there 1
there 1
there 1
there 1
there 1
there 1
there 1
there 1
there 1
there 1
there 1
there 1
there 1
there 1
there 1
there 1
there 1
there 1
there 1
there 1
there 1
there 1
there 1
there 1
there 1
there 1
there 1
there 1
there 1
there 1
there 1
there 1
there 1
there 1
there 1
there 1
there 1
there 1
there 1
there 1
there 1
there 1
there 1
there 1
there 1
there 1
there 1
there 1
there 1
there 1
there 1
there 1
there 1
there 1
there 1
there 1
there 1
there 1
there 1
there 1
there 1
there 1
there 1
there 1
there 1
there 1
there 1
there 1
there 1
there 1
there 1
there 1
there 1
there 1
there 1
there 1
there 1
there 1
there 1
there 1
there 1
there 1
there 1
there 1
there 1
there 1
there 1
there 1
there 1
there 1
there 1
there 1
there 1
there 1
there 1
there 1
there 1
there 1
there 1
there 1
there 1
there 1
there 1
there 1
there 1
there 1
there 1
there 1
there 1
there 1
there 1
there 1
there 1
there 1
there 1
there 1
there 1
there 1
there 1
there 1
there 1
there 1
there 1
there 1
there 1
there 1
there 1
there 1
there 1
there 1
there 1
there 1
there 1
there 1
there 1
there 1
there 1
there 1
there 1
there 1
there 1
there 1
there 1
there 1
there 1
there 1
there 1
there 1
there 1
there 1
there 1
there 1
there 1
there 1
there 1
there 1
there 1
there 1
there 1
there 1
there 1
there 1
there 1
there 1
there 1
there 1
there 1
there 1
there 1
there 1
there 1
there 1
there 1
there 1
there 1
there 1
there 1
there 1
there 1
there 1
there 1
there 1
there 1
there 1
there 1
there 1
there 1
there 1
there 1
there 1
there 1
there 1
there 1
there 1
there 1
there 1
there 1
there 1
there 1
there 1
there 1
there 1
there 1
there 1
there 1
there 1
there 1
there 1
there 1
there 1
there 1
there 1
there 1
there 1
there 1
there 1
there 1
there 1
there 1
there 1
there 1
there 1
there 1
there 1
there 1
thicker 1
thicker 1
thirds 1
this 1
this 1
this 1
this 1
this 1
this 1
this 1
this 1
this 1
this 1
this 1
this 1
this 1
this 1
this 1
this 1
this 1
this 1
this 1
this 1
this 1
this 1
this 1
this 1
this 1
this 1
this 1
this 1
this 1
this 1
this 1
this 1
this 1
this 1
this 1
this 1
this 1
this 1
this 1
this 1
this 1
this 1
this 1
this 1
this 1
this 1
this 1
this 1
this 1
this 1
this 1
this 1
this 1
this 1
this 1
this 1
this 1
this 1
this 1
this 1
this 1
this 1
this 1
this 1
this 1
this 1
this 1
this 1
this 1
this 1
this 1
this 1
this 1
this 1
this 1
this 1
this 1
this 1
this 1
this 1
this 1
this 1
this 1
this 1
this 1
this 1
this 1
this 1
this 1
this 1
this 1
this 1
this 1
this 1
this 1
this 1
this 1
this 1
this 1
this 1
this 1
this 1
this 1
this 1
this 1
this 1
this 1
this 1
this 1
this 1
this 1
this 1
this 1
this 1
this 1
this 1
this 1
this 1
this 1
this 1
this 1
this 1
this 1
this 1
this 1
this 1
this 1
this 1
this 1
this 1
this 1
this 1
this 1
this 1
this 1
this 1
this 1
this 1
this 1
this 1
this 1
this 1
this 1
this 1
this 1
this 1
this 1
this 1
this 1
this 1
this 1
this 1
this 1
this 1
this 1
this 1
this 1
this 1
this 1
this 1
this 1
this 1
this 1
this 1
this 1
this 1
this 1
this 1
this 1
this 1
this 1
this 1
this 1
this 1
this 1
this 1
this 1
this 1
this 1
this 1
this 1
this 1
this 1
this 1
this 1
this 1
this 1
this 1
this 1
this 1
this 1
this 1
this 1
this 1
this 1
this 1
this 1
this 1
this 1
this 1
this 1
this 1
this 1
this 1
this 1
this 1
this 1
this 1
this 1
this 1
this 1
this 1
this 1
this 1
this 1
this 1
this 1
this 1
this 1
this 1
this 1
this 1
this 1
this 1
this 1
this 1
this 1
this 1
this 1
this 1
this 1
this 1
this 1
this 1
this 1
this 1
this 1
this 1
this 1
this 1
this 1
this 1
this 1
this 1
this 1
this 1
this 1
this 1
this 1
this 1
this 1
this 1
this 1
this 1
this 1
this 1
this 1
this 1
this 1
this 1
this 1
this 1
this 1
this 1
this 1
this 1
this 1
this 1
this 1
this 1
this 1
thrashing 1
thrashing 1
threading 1
threading 1
throw 1
throw 1
throw 1
throw 1
throw 1
throw 1
throw 1
throw 1
throw 1
throw 1
throw 1
throw 1
throw 1
throw 1
throw 1
throw 1
throw 1
throw 1
throw 1
thump 1
thunder 1
thunder 1
thunder 1
thunder 1
thunder 1
thunder 1
thunder 1
thunder 1
thundering 1
ticket 1
ticket 1
tickled 1
tied 1
tied 1
tied 1
tied 1
tied 1
tied 1
tied 1
tied 1
tied 1
tied 1
tied 1
tied 1
tied 1
tied 1
tied 1
tied 1
tied 1
tied 1
tied 1
tied 1
tied 1
tired 1
tired 1
tired 1
tired 1
tired 1
tired 1
tired 1
tired 1
tired 1
tired 1
tired 1
tired 1
tired 1
tired 1
tired 1
tired 1
tired 1
tired 1
tired 1
tods 1
tods 1
tops 1
tops 1
torchlight 1
torchlight 1
tossed 1
tragedians 1
tragedians 1
transcription 1
trash 1
trash 1
trash 1
trash 1
trash 1
treading 1
trimmed 1
trunk 1
trunk 1
trunk 1
trunk 1
trunk 1
trunk 1
trunk 1
tucked 1
tucked 1
tucked 1
tucked 1
tugged 1
twyste 1
uncocked 1
under 1
under 1
under 1
under 1
under 1
under 1
under 1
under 1
under 1
under 1
under 1
under 1
under 1
under 1
under 1
under 1
under 1
under 1
under 1
under 1
under 1
under 1
under 1
under 1
under 1
under 1
under 1
under 1
under 1
under 1
under 1
under 1
under 1
under 1
under 1
under 1
under 1
under 1
under 1
under 1
under 1
under 1
under 1
under 1
under 1
under 1
under 1
under 1
under 1
under 1
under 1
under 1
under 1
under 1
under 1
under 1
under 1
under 1
under 1
under 1
under 1
under 1
under 1
under 1
under 1
under 1
under 1
under 1
under 1
under 1
under 1
under 1
under 1
under 1
under 1
under 1
under 1
under 1
under 1
under 1
under 1
under 1
under 1
under 1
under 1
under 1
ungratefulness 1
uniform 1
unstopped 1
upon 1
upon 1
upon 1
upper 1
upper 1
upper 1
upper 1
upper 1
upper 1
usual 1
usual 1
usual 1
usual 1
v 1
veil 1
very 1
very 1
very 1
very 1
very 1
very 1
very 1
very 1
very 1
very 1
very 1
very 1
very 1
very 1
very 1
very 1
very 1
very 1
very 1
very 1
very 1
very 1
very 1
very 1
very 1
very 1
very 1
very 1
very 1
very 1
very 1
very 1
very 1
very 1
very 1
very 1
very 1
very 1
very 1
very 1
very 1
very 1
very 1
very 1
very 1
very 1
very 1
very 1
very 1
very 1
very 1
very 1
very 1
very 1
very 1
very 1
very 1
very 1
very 1
very 1
very 1
very 1
very 1
very 1
very 1
very 1
very 1
very 1
very 1
very 1
very 1
very 1
very 1
very 1
very 1
very 1
very 1
very 1
very 1
very 1
very 1
very 1
very 1
very 1
very 1
very 1
very 1
very 1
very 1
very 1
very 1
very 1
very 1
very 1
very 1
very 1
very 1
very 1
very 1
very 1
village 1
village 1
village 1
village 1
village 1
village 1
village 1
village 1
village 1
village 1
village 1
village 1
village 1
village 1
village 1
village 1
village 1
village 1
village 1
village 1
village 1
village 1
village 1
voice 1
voice 1
voice 1
voice 1
voice 1
voice 1
voice 1
voice 1
voice 1
voice 1
voice 1
void 1
waited 1
waited 1
waited 1
waited 1
waited 1
waited 1
waited 1
waited 1
waited 1
waited 1
waited 1
waited 1
waited 1
waited 1
waited 1
waited 1
waited 1
waited 1
waited 1
waited 1
waited 1
waited 1
waltz 1
waltz 1
waltz 1
war 1
war 1
warranties 1
wasted 1
watched 1
watched 1
watched 1
watched 1
watched 1
watched 1
watched 1
watched 1
watched 1
watched 1
watched 1
watched 1
watched 1
watched 1
waters 1
we 1
we 1
we 1
we 1
we 1
we 1
we 1
we 1
we 1
we 1
we 1
we 1
we 1
we 1
we 1
we 1
we 1
we 1
we 1
we 1
we 1
we 1
we 1
we 1
we 1
we 1
we 1
we 1
we 1
we 1
we 1
we 1
we 1
we 1
we 1
we 1
we 1
we 1
we 1
we 1
we 1
we 1
we 1
we 1
we 1
we 1
we 1
we 1
we 1
we 1
we 1
we 1
we 1
we 1
we 1
we 1
we 1
we 1
we 1
we 1
we 1
we 1
we 1
we 1
we 1
we 1
we 1
we 1
we 1
we 1
we 1
we 1
we 1
we 1
we 1
we 1
we 1
we 1
we 1
we 1
we 1
we 1
we 1
we 1
we 1
we 1
we 1
we 1
we 1
we 1
we 1
we 1
we 1
we 1
we 1
we 1
we 1
we 1
we 1
we 1
we 1
we 1
we 1
we 1
we 1
we 1
we 1
we 1
we 1
we 1
we 1
we 1
we 1
we 1
we 1
we 1
we 1
we 1
we 1
we 1
we 1
we 1
we 1
we 1
we 1
we 1
we 1
we 1
we 1
we 1
we 1
we 1
we 1
we 1
we 1
we 1
we 1
we 1
we 1
we 1
we 1
we 1
we 1
we 1
we 1
we 1
we 1
we 1
we 1
we 1
we 1
we 1
we 1
we 1
we 1
we 1
we 1
we 1
we 1
we 1
we 1
we 1
we 1
we 1
we 1
we 1
we 1
we 1
we 1
we 1
we 1
we 1
we 1
we 1
we 1
we 1
we 1
we 1
we 1
we 1
we 1
we 1
we 1
we 1
we 1
we 1
we 1
we 1
we 1
we 1
we 1
we 1
we 1
we 1
we 1
we 1
we 1
we 1
we 1
we 1
we 1
we 1
we 1
we 1
we 1
we 1
we 1
we 1
we 1
we 1
we 1
we 1
we 1
we 1
we 1
we 1
we 1
we 1
we 1
we 1
we 1
we 1
we 1
we 1
we 1
we 1
we 1
we 1
we 1
we 1
we 1
we 1
we 1
we 1
we 1
we 1
we 1
we 1
we 1
we 1
we 1
we 1
we 1
we 1
we 1
we 1
we 1
we 1
we 1
we 1
we 1
we 1
we 1
we 1
we 1
we 1
we 1
we 1
we 1
we 1
we 1
we 1
we 1
we 1
we 1
we 1
we 1
we 1
we 1
we 1
we 1
we 1
we 1
we 1
we 1
we 1
we 1
we 1
we 1
we 1
we 1
we 1
we 1
we 1
we 1
we 1
we 1
we 1
we 1
we 1
we 1
we 1
we 1
we 1
we 1
we 1
we 1
we 1
we 1
we 1
we 1
we 1
we 1
we 1
we 1
we 1
we 1
we 1
we 1
we 1
we 1
we 1
we 1
we 1
we 1
we 1
we 1
we 1
we 1
we 1
we 1
we 1
we 1
we 1
we 1
we 1
we 1
we 1
we 1
we 1
we 1
we 1
we 1
we 1
we 1
we 1
we 1
we 1
we 1
we 1
we 1
we 1
we 1
we 1
we 1
we 1
we 1
we 1
we 1
we 1
we 1
we 1
we 1
we 1
we 1
we 1
we 1
we 1
we 1
we 1
we 1
we 1
we 1
we 1
we 1
we 1
we 1
we 1
we 1
we 1
we 1
we 1
we 1
we 1
we 1
we 1
we 1
we 1
we 1
we 1
we 1
we 1
we 1
we 1
we 1
we 1
we 1
we 1
we 1
we 1
we 1
we 1
we 1
we 1
we 1
we 1
we 1
we 1
we 1
we 1
we 1
we 1
we 1
we 1
we 1
we 1
we 1
we 1
we 1
we 1
we 1
we 1
we 1
we 1
we 1
we 1
we 1
we 1
we 1
we 1
we 1
we 1
we 1
we 1
we 1
we 1
we 1
we 1
we 1
we 1
we 1
we 1
we 1
we 1
we 1
we 1
we 1
we 1
we 1
we 1
we 1
we 1
we 1
we 1
we 1
we 1
we 1
we 1
we 1
we 1
we 1
we 1
we 1
we 1
we 1
we 1
we 1
we 1
we 1
we 1
we 1
we 1
we 1
we 1
we 1
we 1
we 1
we 1
we 1
we 1
we 1
we 1
we 1
we 1
we 1
we 1
we 1
we 1
we 1
we 1
we 1
we 1
we 1
we 1
we 1
we 1
we 1
we 1
we 1
we 1
we 1
we 1
we 1
we 1
we 1
we 1
we 1
we 1
we 1
we 1
we 1
we 1
we 1
we 1
we 1
we 1
we 1
we 1
we 1
we 1
we 1
we 1
we 1
we 1
we 1
we 1
we 1
we 1
we 1
we 1
we 1
we 1
we 1
we 1
we 1
we 1
we 1
we 1
we 1
we 1
we 1
we 1
we 1
we 1
we 1
we 1
we 1
we 1
we 1
we 1
we 1
we 1
we 1
we 1
we 1
we 1
we 1
we 1
we 1
we 1
we 1
we 1
we 1
we 1
we 1
we 1
we 1
we 1
we 1
we 1
we 1
we 1
we 1
we 1
we 1
we 1
we 1
we 1
we 1
we 1
we 1
we 1
we 1
we 1
we 1
we 1
we 1
we 1
we 1
we 1
we 1
we 1
we 1
we 1
we 1
we 1
we 1
we 1
we 1
we 1
we 1
we 1
we 1
we 1
we 1
we 1
we 1
we 1
we 1
we 1
we 1
we 1
we 1
we 1
we 1
we 1
we 1
we 1
we 1
we 1
we 1
we 1
we 1
we 1
we 1
we 1
we 1
we 1
we 1
we 1
we 1
we 1
we 1
we 1
we 1
we 1
we 1
we 1
we 1
we 1
we 1
we 1
we 1
we 1
we 1
we 1
we 1
we 1
we 1
we 1
we 1
we 1
we 1
we 1
we 1
we 1
we 1
we 1
we 1
we 1
we 1
we 1
we 1
we 1
we 1
we 1
we 1
we 1
we 1
we 1
we 1
we 1
we 1
we 1
we 1
we 1
we 1
we 1
we 1
we 1
we 1
we 1
we 1
we 1
we 1
we 1
we 1
we 1
we 1
we 1
we 1
we 1
we 1
we 1
we 1
we 1
we 1
we 1
we 1
we 1
we 1
we 1
we 1
we 1
we 1
we 1
we 1
we 1
we 1
we 1
we 1
we 1
we 1
we 1
we 1
we 1
we 1
we 1
we 1
we 1
we 1
we 1
we 1
we 1
we 1
we 1
we 1
we 1
we 1
we 1
we 1
we 1
we 1
we 1
we 1
we 1
we 1
we 1
we 1
we 1
we 1
we 1
we 1
we 1
we 1
we 1
we 1
we 1
we 1
we 1
we 1
we 1
we 1
we 1
we 1
we 1
we 1
we 1
we 1
we 1
we 1
we 1
we 1
we 1
we 1
we 1
we 1
we 1
we 1
we 1
we 1
we 1
we 1
we 1
we 1
we 1
we 1
we 1
we 1
we 1
we 1
we 1
we 1
we 1
we 1
we 1
we 1
we 1
we 1
we 1
we 1
we 1
we 1
we 1
we 1
wealthiest 1
welcome 1
well 1
well 1
well 1
well 1
well 1
well 1
well 1
well 1
well 1
well 1
well 1
well 1
well 1
well 1
well 1
well 1
well 1
well 1
well 1
well 1
well 1
well 1
well 1
well 1
well 1
well 1
well 1
well 1
well 1
well 1
well 1
well 1
well 1
well 1
well 1
well 1
well 1
well 1
well 1
well 1
well 1
well 1
well 1
well 1
well 1
well 1
well 1
well 1
well 1
well 1
well 1
well 1
well 1
well 1
well 1
well 1
well 1
well 1
well 1
well 1
well 1
well 1
well 1
well 1
well 1
well 1
well 1
well 1
well 1
well 1
well 1
well 1
well 1
well 1
well 1
well 1
well 1
well 1
well 1
well 1
well 1
well 1
well 1
well 1
well 1
well 1
well 1
well 1
well 1
well 1
well 1
well 1
well 1
wet 1
wet 1
wet 1
wet 1
wet 1
wet 1
whar 1
whenever 1
whenever 1
whenever 1
whenever 1
whenever 1
whenever 1
whenever 1
whenever 1
whiles 1
whip 1
whip 1
whispering 1
whittling 1
whoever 1
whoever 1
whoever 1
whoever 1
whoever 1
whose 1
whose 1
will 1
will 1
will 1
will 1
will 1
will 1
will 1
will 1
will 1
will 1
will 1
will 1
will 1
will 1
will 1
will 1
will 1
will 1
will 1
will 1
will 1
will 1
will 1
will 1
will 1
will 1
will 1
will 1
will 1
will 1
will 1
will 1
will 1
will 1
will 1
will 1
will 1
will 1
will 1
will 1
will 1
will 1
will 1
will 1
will 1
will 1
will 1
will 1
will 1
will 1
will 1
will 1
will 1
will 1
will 1
will 1
will 1
will 1
will 1
will 1
will 1
willing 1
willing 1
willing 1
willing 1
wiping 1
wise 1
wise 1
wise 1
wishin 1
woody 1
woody 1
worl 1
world 1
world 1
world 1
world 1
world 1
world 1
world 1
world 1
world 1
world 1
world 1
world 1
world 1
world 1
world 1
world 1
world 1
world 1
world 1
world 1
world 1
world 1
world 1
world 1
world 1
world 1
world 1
world 1
world 1
world 1
world 1
world 1
world 1
world 1
world 1
world 1
world 1
world 1
world 1
world 1
world 1
world 1
world 1
world 1
world 1
world 1
world 1
worried 1
worried 1
worried 1
worried 1
worth 1
worth 1
worth 1
worth 1
worth 1
worth 1
worth 1
worth 1
worth 1
worth 1
worth 1
worth 1
worth 1
worth 1
worth 1
worth 1
worth 1
worth 1
worth 1
worth 1
worth 1
worth 1
worth 1
worth 1
worth 1
wounded 1
writes 1
writes 1
x 1
yellocute 1
yet 1
yet 1
yet 1
yet 1
yet 1
yet 1
yet 1
yet 1
yet 1
yet 1
yet 1
yet 1
yet 1
yet 1
yet 1
yet 1
yet 1
yet 1
yet 1
yet 1
yet 1
yet 1
yet 1
yet 1
yet 1
yet 1
yet 1
yet 1
yet 1
yet 1
yet 1
yet 1
yet 1
yet 1
yet 1
yet 1
yet 1
yet 1
yet 1
yet 1
yet 1
yet 1
yet 1
yet 1
yet 1
yet 1
yet 1
yet 1
yet 1
yet 1
yet 1
yet 1
yet 1
yet 1
yet 1
yet 1
yet 1
yet 1
yet 1
yet 1
yet 1
young 1
young 1
young 1
young 1
young 1
young 1
young 1
young 1
young 1
young 1
young 1
young 1
young 1
young 1
young 1
young 1
young 1
young 1
young 1
young 1
young 1
young 1
young 1
young 1
young 1
young 1
young 1
young 1
young 1
young 1
young 1
young 1
young 1
young 1
young 1
young 1
young 1
young 1
young 1
young 1
young 1
young 1
young 1
young 1
young 1
young 1
young 1
young 1
young 1
young 1
young 1
young 1
young 1
