AGREE 1
AGREE 1
ANY 1
ANY 1
ANY 1
Actual 1
Admiral 1
Alphonso 1
America 1
America 1
America 1
America 1
America 1
America 1
Archive 1
Archive 1
Archive 1
Archive 1
Archive 1
Archive 1
Archive 1
Archive 1
Archive 1
Archive 1
Archive 1
Archive 1
Archive 1
Arden 1
Arden 1
Audley 1
Audley 1
Believe 1
Between 1
Brabantio 1
Brandon 1
Brandon 1
Brandon 1
Brandon 1
Brandon 1
Brandon 1
Branksome 1
Bring 1
Browning 1
Burgundy 1
Burgundy 1
Burgundy 1
Burgundy 1
Caliban 1
Caliban 1
Caliban 1
Cambridge 1
Camees 1
Campbell 1
Campbell 1
Campbell 1
Campbell 1
Campbell 1
Campbell 1
Campbell 1
Campbell 1
Campbell 1
Campbell 1
Campbell 1
Campbell 1
Campbell 1
Campbell 1
Campbell 1
Campbell 1
Campbell 1
Campbell 1
Campbell 1
Campbell 1
Campbell 1
Campbell 1
Campbell 1
Campbell 1
Campbell 1
Campbell 1
Campbell 1
Campbell 1
Churchill 1
Conqueror 1
Conscience 1
Conscience 1
Conscience 1
Cortes 1
Courage 1
Courage 1
Crudely 1
Curse 1
D 1
Date 1
Death 1
Death 1
Death 1
Death 1
Devereux 1
Devereux 1
Devereux 1
Devereux 1
Devereux 1
Down 1
Dr 1
Dr 1
Dr 1
EVEN 1
EXPRESS 1
Emperor 1
English 1
English 1
English 1
English 1
English 1
English 1
English 1
English 1
English 1
English 1
English 1
English 1
English 1
English 1
English 1
English 1
Enough 1
Examinations 1
FITNESS 1
Faithfulness 1
Faithfulness 1
Fashion 1
Faun 1
Fifty 1
Foolish 1
Forgive 1
Forgive 1
Forgive 1
Forgive 1
Frenchman 1
Frenchman 1
Frenchman 1
From 1
From 1
From 1
From 1
From 1
From 1
From 1
From 1
From 1
From 1
From 1
From 1
From 1
From 1
Georges 1
Giambattista 1
Go 1
Go 1
Go 1
Go 1
Go 1
Gold 1
Gold 1
Haines 1
Haines 1
Happy 1
Harrowden 1
Herbert 1
Herbert 1
Hertford 1
Hertford 1
House 1
House 1
House 1
House 1
House 1
Hypocrisy 1
Isaacs 1
Isaacs 1
Isaacs 1
Isaacs 1
June 1
June 1
June 1
Kent 1
Kent 1
Lacenaire 1
Lady 1
Lady 1
Lady 1
Lady 1
Lady 1
Lady 1
Lady 1
Lady 1
Lady 1
Lady 1
Lady 1
Lady 1
Lady 1
Lady 1
Lady 1
Lady 1
Lady 1
Lady 1
Lady 1
Lady 1
Lady 1
Lady 1
Lady 1
Lady 1
Lady 1
Lady 1
Lady 1
Lady 1
Lady 1
Lady 1
Lady 1
Lady 1
Lady 1
Lady 1
Lady 1
Lady 1
Lady 1
Lady 1
Lady 1
Lady 1
Lady 1
Lady 1
Lady 1
Lady 1
Lady 1
Lady 1
Lady 1
Lady 1
Lady 1
Lady 1
Lady 1
Lady 1
Lady 1
Lady 1
Lady 1
Lady 1
Lady 1
Lady 1
Lady 1
Lady 1
Last 1
Leaf 1
Leaf 1
Leaf 1
Leaf 1
Leonora 1
Live 1
Live 1
Malatesta 1
Mall 1
Marco 1
Marlow 1
Miss 1
Miss 1
Miss 1
Mission 1
Monsieur 1
Monsieur 1
Monsieur 1
Monsieur 1
Montaigne 1
Mysticism 1
Nowadays 1
Nowadays 1
Nowadays 1
Nowadays 1
Often 1
Often 1
Ophelia 1
Ophelia 1
Ophelia 1
Oscar 1
Oscar 1
Oscar 1
Oscar 1
Our 1
Our 1
Our 1
Our 1
Our 1
Our 1
Our 1
Our 1
Our 1
Over 1
Over 1
Over 1
PICTURE 1
PICTURE 1
Perozes 1
Petit 1
Philostratus 1
Picture 1
Picture 1
Picture 1
Picture 1
Plain 1
Plain 1
Point 1
Quinze 1
REMEDIES 1
Resist 1
Riario 1
Rooms 1
Rouge 1
Rupert 1
Scepticism 1
Schubert 1
Science 1
Scotland 1
Simply 1
Sixtus 1
Smyrna 1
Smyrna 1
Somehow 1
Something 1
Something 1
Something 1
Something 1
Something 1
Something 1
Something 1
Something 1
Something 1
Southwark 1
Spanish 1
Spanish 1
Spoiled 1
Statue 1
Strange 1
Sweet 1
Symbolistes 1
Think 1
This 1
This 1
This 1
This 1
This 1
This 1
This 1
This 1
This 1
This 1
This 1
This 1
This 1
This 1
This 1
This 1
This 1
This 1
This 1
This 1
This 1
This 1
This 1
This 1
This 1
This 1
This 1
This 1
This 1
This 1
This 1
This 1
This 1
Thomas 1
Thomas 1
Thomas 1
Thomas 1
Thomas 1
Thomas 1
Thomas 1
Thomas 1
Thomas 1
Tokyo 1
Tourneur 1
Under 1
Understand 1
Velasquez 1
WARRANTIES 1
WARRANTIES 1
We 1
We 1
We 1
We 1
We 1
We 1
We 1
We 1
We 1
We 1
We 1
We 1
We 1
We 1
We 1
We 1
We 1
We 1
We 1
We 1
We 1
We 1
We 1
We 1
We 1
We 1
We 1
We 1
We 1
We 1
We 1
We 1
We 1
We 1
We 1
We 1
We 1
We 1
We 1
We 1
We 1
We 1
We 1
We 1
Web 1
Web 1
Web 1
When 1
When 1
When 1
When 1
When 1
When 1
When 1
When 1
When 1
When 1
When 1
When 1
When 1
When 1
When 1
When 1
When 1
When 1
When 1
When 1
When 1
When 1
When 1
When 1
When 1
When 1
When 1
When 1
When 1
When 1
When 1
When 1
When 1
When 1
When 1
When 1
When 1
When 1
When 1
When 1
When 1
When 1
When 1
When 1
When 1
When 1
When 1
When 1
When 1
When 1
When 1
When 1
When 1
When 1
When 1
When 1
When 1
When 1
When 1
When 1
When 1
When 1
When 1
When 1
When 1
When 1
When 1
When 1
When 1
When 1
When 1
When 1
When 1
When 1
When 1
When 1
When 1
When 1
When 1
Whitechapel 1
Whitechapel 1
Whitechapel 1
Whose 1
Whose 1
able 1
able 1
able 1
able 1
able 1
able 1
able 1
able 1
able 1
able 1
able 1
able 1
able 1
access 1
access 1
access 1
access 1
access 1
access 1
access 1
access 1
access 1
access 1
access 1
access 1
access 1
accessible 1
act 1
act 1
act 1
act 1
act 1
act 1
act 1
act 1
act 1
act 1
act 1
act 1
act 1
act 1
act 1
act 1
act 1
act 1
act 1
act 1
act 1
acting 1
acting 1
acting 1
acting 1
acting 1
acting 1
acting 1
acting 1
acting 1
acting 1
acting 1
acting 1
acting 1
acting 1
addition 1
admire 1
admire 1
admire 1
admired 1
admired 1
adventure 1
advice 1
advice 1
afford 1
afford 1
afford 1
afford 1
afternoon 1
afternoon 1
afternoon 1
afternoon 1
afternoon 1
afternoon 1
afternoon 1
again 1
again 1
again 1
again 1
again 1
again 1
again 1
again 1
again 1
again 1
again 1
again 1
again 1
again 1
again 1
again 1
again 1
again 1
again 1
again 1
again 1
again 1
again 1
again 1
again 1
again 1
again 1
again 1
again 1
again 1
again 1
again 1
again 1
again 1
again 1
again 1
again 1
again 1
again 1
again 1
again 1
again 1
again 1
again 1
again 1
again 1
again 1
again 1
again 1
again 1
again 1
again 1
again 1
again 1
again 1
again 1
again 1
again 1
again 1
again 1
again 1
again 1
again 1
again 1
again 1
again 1
again 1
again 1
again 1
again 1
again 1
again 1
ague 1
aims 1
aims 1
alternate 1
alternate 1
amateurs 1
amazement 1
amazement 1
amazement 1
amazement 1
amazement 1
amazement 1
amethysts 1
among 1
among 1
among 1
among 1
among 1
among 1
among 1
among 1
analyzed 1
annoyed 1
annoyed 1
annoyed 1
annoyed 1
annoyed 1
annoyed 1
annoyed 1
annoyed 1
annoyed 1
annoyed 1
annoyed 1
answering 1
answering 1
any 1
any 1
any 1
any 1
any 1
any 1
any 1
any 1
any 1
any 1
any 1
any 1
any 1
any 1
any 1
any 1
any 1
any 1
any 1
any 1
any 1
any 1
any 1
any 1
any 1
any 1
any 1
any 1
any 1
any 1
any 1
any 1
any 1
any 1
any 1
any 1
any 1
any 1
any 1
any 1
any 1
any 1
any 1
any 1
any 1
any 1
any 1
any 1
any 1
any 1
any 1
any 1
any 1
any 1
any 1
any 1
any 1
any 1
any 1
any 1
any 1
any 1
any 1
any 1
any 1
any 1
any 1
any 1
any 1
any 1
any 1
any 1
any 1
any 1
any 1
any 1
any 1
any 1
any 1
any 1
any 1
any 1
any 1
any 1
any 1
any 1
any 1
any 1
any 1
any 1
any 1
any 1
any 1
any 1
any 1
any 1
any 1
any 1
any 1
any 1
any 1
any 1
any 1
any 1
any 1
any 1
any 1
any 1
any 1
any 1
any 1
any 1
any 1
any 1
any 1
any 1
any 1
any 1
any 1
any 1
any 1
any 1
any 1
any 1
any 1
any 1
any 1
any 1
any 1
any 1
any 1
any 1
any 1
any 1
any 1
any 1
any 1
any 1
any 1
any 1
any 1
any 1
any 1
any 1
any 1
any 1
any 1
any 1
any 1
anybody 1
anybody 1
anybody 1
anybody 1
anybody 1
anybody 1
anybody 1
anybody 1
apologize 1
apparently 1
apparently 1
apple 1
apple 1
apple 1
apply 1
appreciate 1
appreciate 1
appreciate 1
ardent 1
arise 1
arm 1
arm 1
arm 1
arm 1
arm 1
arm 1
arm 1
arm 1
arm 1
arm 1
arm 1
arm 1
arm 1
arm 1
arm 1
arm 1
arm 1
arm 1
arm 1
articulate 1
articulate 1
arts 1
arts 1
arts 1
arts 1
arts 1
aside 1
aside 1
aside 1
aside 1
aside 1
aside 1
aside 1
aside 1
aside 1
astray 1
astray 1
attacking 1
attractions 1
aunt 1
aunt 1
aunt 1
aunt 1
aunt 1
aunt 1
aunt 1
aunt 1
aunt 1
aunt 1
aunt 1
balcony 1
balcony 1
balcony 1
balcony 1
bathed 1
battle 1
beams 1
beer 1
beer 1
beg 1
beg 1
beg 1
beg 1
beg 1
begged 1
behold 1
best 1
best 1
best 1
best 1
best 1
best 1
best 1
best 1
best 1
best 1
best 1
best 1
best 1
best 1
best 1
best 1
best 1
best 1
best 1
best 1
best 1
best 1
between 1
between 1
between 1
between 1
between 1
between 1
between 1
between 1
between 1
between 1
between 1
between 1
between 1
between 1
between 1
between 1
between 1
between 1
between 1
between 1
beware 1
blast 1
blood 1
blood 1
blood 1
blood 1
blood 1
blood 1
blood 1
blood 1
blood 1
blood 1
blood 1
blood 1
blood 1
blood 1
blood 1
blood 1
blood 1
blood 1
blood 1
blood 1
blood 1
blood 1
blood 1
blotted 1
blown 1
blown 1
blown 1
blown 1
blown 1
books 1
books 1
books 1
books 1
books 1
books 1
books 1
boot 1
borrowed 1
bothering 1
bouquets 1
brandy 1
brandy 1
breaks 1
bric 1
brickfields 1
bride 1
bubble 1
burned 1
burned 1
burned 1
burned 1
burned 1
burned 1
buying 1
buzzed 1
buzzed 1
buzzed 1
buzzed 1
cab 1
cab 1
caged 1
caged 1
calling 1
calling 1
calling 1
calling 1
calmly 1
came 1
came 1
came 1
came 1
came 1
came 1
came 1
came 1
came 1
came 1
came 1
came 1
came 1
came 1
came 1
came 1
came 1
came 1
came 1
came 1
came 1
came 1
came 1
came 1
came 1
came 1
came 1
came 1
came 1
came 1
came 1
came 1
came 1
came 1
came 1
came 1
came 1
came 1
came 1
came 1
came 1
came 1
came 1
came 1
came 1
came 1
came 1
came 1
came 1
came 1
came 1
came 1
came 1
came 1
came 1
came 1
came 1
came 1
came 1
came 1
came 1
came 1
came 1
came 1
came 1
came 1
came 1
came 1
came 1
came 1
came 1
came 1
came 1
came 1
came 1
came 1
came 1
came 1
came 1
came 1
came 1
came 1
came 1
came 1
came 1
came 1
came 1
came 1
came 1
came 1
came 1
came 1
came 1
came 1
came 1
came 1
came 1
canons 1
canons 1
canopy 1
carnations 1
caroused 1
case 1
case 1
case 1
case 1
case 1
case 1
case 1
case 1
case 1
case 1
case 1
case 1
case 1
cent 1
chains 1
chaos 1
chaos 1
chapters 1
charmingly 1
charmingly 1
charmingly 1
charmingly 1
chef 1
chef 1
cheroot 1
chosen 1
chosen 1
cigarette 1
cigarette 1
cigarette 1
cigarette 1
cigarette 1
cigarette 1
cigarette 1
cigarette 1
cigarette 1
cigarette 1
cigarette 1
cigarette 1
cigarette 1
cigarette 1
cigarette 1
circle 1
circle 1
circle 1
claim 1
claim 1
clasped 1
clasped 1
clearly 1
clearly 1
clematis 1
clenched 1
clenched 1
click 1
closed 1
closed 1
closed 1
closed 1
closed 1
closed 1
closed 1
closed 1
closed 1
closed 1
closed 1
closer 1
closer 1
collect 1
collection 1
collection 1
collection 1
collection 1
collection 1
collection 1
compliment 1
compliment 1
compliment 1
compliment 1
compliment 1
concern 1
concern 1
concern 1
confided 1
consideration 1
consists 1
consists 1
consolations 1
constant 1
consult 1
consult 1
consume 1
contain 1
contain 1
contain 1
contain 1
contour 1
contrast 1
contrast 1
convey 1
convey 1
copied 1
copied 1
copied 1
copied 1
corners 1
corners 1
corners 1
corners 1
cornucopias 1
corridor 1
counter 1
counties 1
country 1
country 1
country 1
country 1
country 1
country 1
country 1
country 1
country 1
country 1
country 1
country 1
country 1
country 1
country 1
coverlet 1
covers 1
create 1
create 1
create 1
create 1
creeps 1
crescents 1
cries 1
cries 1
cries 1
critic 1
cruelty 1
cruelty 1
cruelty 1
cruelty 1
cruelty 1
cruelty 1
cruelty 1
cruelty 1
cruelty 1
crumpled 1
culminate 1
cunning 1
cunning 1
cunning 1
dagger 1
dagger 1
daisy 1
daisy 1
daisy 1
damp 1
damp 1
dandies 1
dark 1
dark 1
dark 1
dark 1
dark 1
dark 1
dark 1
dark 1
dark 1
dark 1
dark 1
darkened 1
darkened 1
darkened 1
darted 1
date 1
date 1
date 1
date 1
death 1
death 1
death 1
death 1
death 1
death 1
death 1
death 1
death 1
death 1
death 1
death 1
death 1
death 1
death 1
death 1
death 1
death 1
death 1
death 1
death 1
death 1
death 1
death 1
death 1
death 1
death 1
death 1
debts 1
deceased 1
deceased 1
declared 1
decolletee 1
decolletee 1
deer 1
degradation 1
degradation 1
degradation 1
degradation 1
degradation 1
delighted 1
delighted 1
delighted 1
description 1
description 1
description 1
description 1
devil 1
devil 1
devil 1
devil 1
devotion 1
devotion 1
dew 1
dew 1
dew 1
dew 1
difficult 1
difficult 1
difficult 1
dimmed 1
dimmed 1
disappearance 1
disappearance 1
disappearance 1
disappearance 1
disclaim 1
discovers 1
disgrace 1
disgrace 1
dishes 1
dishes 1
disks 1
disks 1
display 1
divinity 1
doigts 1
domain 1
domain 1
domain 1
domain 1
domain 1
domain 1
domain 1
dominates 1
done 1
done 1
done 1
done 1
done 1
done 1
done 1
done 1
done 1
done 1
done 1
done 1
done 1
done 1
done 1
done 1
done 1
done 1
done 1
done 1
done 1
done 1
done 1
done 1
done 1
done 1
done 1
done 1
done 1
done 1
done 1
done 1
done 1
done 1
done 1
done 1
done 1
done 1
done 1
done 1
done 1
done 1
done 1
done 1
done 1
done 1
done 1
done 1
done 1
done 1
door 1
door 1
door 1
door 1
door 1
door 1
door 1
door 1
door 1
door 1
door 1
door 1
door 1
door 1
door 1
door 1
door 1
door 1
door 1
door 1
door 1
door 1
door 1
door 1
door 1
door 1
door 1
door 1
door 1
door 1
door 1
door 1
door 1
door 1
door 1
door 1
door 1
door 1
door 1
door 1
door 1
door 1
door 1
door 1
door 1
door 1
door 1
door 1
door 1
door 1
door 1
door 1
door 1
door 1
door 1
door 1
door 1
door 1
door 1
door 1
door 1
door 1
door 1
door 1
door 1
door 1
door 1
dowagers 1
down 1
down 1
down 1
down 1
down 1
down 1
down 1
down 1
down 1
down 1
down 1
down 1
down 1
down 1
down 1
down 1
down 1
down 1
down 1
down 1
down 1
down 1
down 1
down 1
down 1
down 1
down 1
down 1
down 1
down 1
down 1
down 1
down 1
down 1
down 1
down 1
down 1
down 1
down 1
down 1
down 1
down 1
down 1
down 1
down 1
down 1
down 1
down 1
down 1
down 1
down 1
down 1
down 1
down 1
down 1
down 1
down 1
down 1
down 1
down 1
down 1
down 1
down 1
down 1
down 1
down 1
down 1
down 1
down 1
down 1
down 1
down 1
down 1
down 1
down 1
down 1
down 1
down 1
down 1
down 1
down 1
down 1
down 1
down 1
down 1
down 1
down 1
down 1
down 1
down 1
down 1
down 1
down 1
down 1
down 1
down 1
down 1
down 1
down 1
down 1
downstairs 1
downstairs 1
downstairs 1
downstairs 1
downstairs 1
dragged 1
dragged 1
dragged 1
dragged 1
dragged 1
dragged 1
draw 1
draw 1
draw 1
dreamless 1
drunk 1
drunk 1
drunk 1
drunkenness 1
duet 1
duet 1
dug 1
dulls 1
dwelt 1
earnest 1
earnest 1
easy 1
easy 1
easy 1
eat 1
eat 1
eat 1
eat 1
education 1
effigy 1
element 1
element 1
element 1
email 1
email 1
emblem 1
encore 1
ends 1
ends 1
enflent 1
enmity 1
enslave 1
essence 1
ethical 1
ethical 1
ethical 1
ethical 1
ethics 1
examining 1
exhaust 1
existed 1
existed 1
existed 1
existed 1
existed 1
existence 1
existence 1
existence 1
existence 1
existence 1
existence 1
express 1
express 1
express 1
express 1
express 1
expresses 1
extent 1
extent 1
eyes 1
eyes 1
eyes 1
eyes 1
eyes 1
eyes 1
eyes 1
eyes 1
eyes 1
eyes 1
eyes 1
eyes 1
eyes 1
eyes 1
eyes 1
eyes 1
eyes 1
eyes 1
eyes 1
eyes 1
eyes 1
eyes 1
eyes 1
eyes 1
eyes 1
eyes 1
eyes 1
eyes 1
eyes 1
eyes 1
eyes 1
eyes 1
eyes 1
eyes 1
eyes 1
eyes 1
eyes 1
eyes 1
eyes 1
eyes 1
eyes 1
eyes 1
eyes 1
eyes 1
eyes 1
eyes 1
eyes 1
eyes 1
eyes 1
eyes 1
eyes 1
eyes 1
eyes 1
eyes 1
eyes 1
eyes 1
eyes 1
eyes 1
eyes 1
eyes 1
eyes 1
eyes 1
eyes 1
eyes 1
eyes 1
eyes 1
eyes 1
eyes 1
eyes 1
eyes 1
eyes 1
eyes 1
eyes 1
eyes 1
eyes 1
eyes 1
eyes 1
eyes 1
eyes 1
eyes 1
eyes 1
eyes 1
eyes 1
eyes 1
eyes 1
eyes 1
eyes 1
eyes 1
eyes 1
eyes 1
eyes 1
eyes 1
eyes 1
eyes 1
eyes 1
eyes 1
eyes 1
eyes 1
eyes 1
eyes 1
eyes 1
eyes 1
eyes 1
eyes 1
eyes 1
eyes 1
eyes 1
eyes 1
eyes 1
facade 1
facade 1
factories 1
faculty 1
faculty 1
fail 1
fair 1
fair 1
fair 1
fair 1
fair 1
farm 1
farm 1
farm 1
fast 1
fast 1
fasting 1
fatal 1
fatal 1
fatal 1
fatal 1
fatal 1
fatal 1
fatal 1
fatal 1
fatal 1
fatal 1
fatality 1
fatality 1
fatality 1
fatality 1
fate 1
fate 1
father 1
father 1
father 1
father 1
father 1
father 1
father 1
father 1
father 1
father 1
father 1
father 1
father 1
feathered 1
feel 1
feel 1
feel 1
feel 1
feel 1
feel 1
feel 1
feel 1
feel 1
feel 1
feel 1
feel 1
feel 1
feel 1
feel 1
feel 1
feel 1
feel 1
feel 1
feel 1
feel 1
feel 1
feel 1
feel 1
feel 1
feel 1
feel 1
feel 1
feel 1
feel 1
feel 1
feel 1
feel 1
feel 1
feel 1
feel 1
fiction 1
fiction 1
fiction 1
filled 1
filled 1
filled 1
filled 1
filled 1
filled 1
filled 1
filled 1
filled 1
filled 1
filled 1
filled 1
filled 1
filled 1
filled 1
filled 1
filled 1
filled 1
filled 1
film 1
film 1
finer 1
finer 1
finer 1
finer 1
finer 1
first 1
first 1
first 1
first 1
first 1
first 1
first 1
first 1
first 1
first 1
first 1
first 1
first 1
first 1
first 1
first 1
first 1
first 1
first 1
first 1
first 1
first 1
first 1
first 1
first 1
first 1
first 1
first 1
first 1
first 1
first 1
first 1
first 1
first 1
first 1
first 1
first 1
first 1
first 1
first 1
first 1
first 1
first 1
first 1
first 1
first 1
first 1
five 1
five 1
five 1
five 1
five 1
five 1
five 1
five 1
five 1
five 1
five 1
five 1
five 1
five 1
five 1
five 1
five 1
five 1
flannel 1
flashing 1
flashing 1
fleet 1
fling 1
fling 1
flinging 1
flinging 1
flinging 1
flow 1
flowerlike 1
flowerlike 1
flowerlike 1
flowerlike 1
flowerlike 1
flung 1
flung 1
flung 1
flung 1
flung 1
flung 1
flung 1
flung 1
flung 1
flung 1
flung 1
flung 1
flung 1
flung 1
flung 1
flung 1
flung 1
flung 1
flung 1
flung 1
fondled 1
food 1
form 1
form 1
form 1
form 1
form 1
form 1
form 1
form 1
form 1
form 1
form 1
form 1
form 1
form 1
form 1
form 1
form 1
form 1
form 1
form 1
form 1
form 1
form 1
foulest 1
found 1
found 1
found 1
found 1
found 1
found 1
found 1
found 1
found 1
found 1
found 1
found 1
found 1
found 1
found 1
found 1
found 1
found 1
found 1
found 1
found 1
found 1
found 1
found 1
found 1
found 1
found 1
found 1
found 1
found 1
found 1
found 1
found 1
found 1
found 1
found 1
found 1
found 1
found 1
found 1
found 1
found 1
found 1
found 1
found 1
found 1
found 1
found 1
found 1
four 1
four 1
four 1
four 1
four 1
four 1
four 1
fragment 1
frank 1
frank 1
frequent 1
frightened 1
frightened 1
frightened 1
frightened 1
frightened 1
frightened 1
frightened 1
froid 1
fumes 1
fumes 1
ghostly 1
gives 1
gives 1
gives 1
gives 1
gives 1
gives 1
gives 1
giving 1
giving 1
giving 1
giving 1
giving 1
giving 1
giving 1
giving 1
giving 1
giving 1
giving 1
go 1
go 1
go 1
go 1
go 1
go 1
go 1
go 1
go 1
go 1
go 1
go 1
go 1
go 1
go 1
go 1
go 1
go 1
go 1
go 1
go 1
go 1
go 1
go 1
go 1
go 1
go 1
go 1
go 1
go 1
go 1
go 1
go 1
go 1
go 1
go 1
go 1
go 1
go 1
go 1
go 1
go 1
go 1
go 1
go 1
go 1
go 1
go 1
go 1
go 1
go 1
go 1
go 1
go 1
go 1
go 1
go 1
go 1
go 1
go 1
go 1
go 1
go 1
go 1
go 1
go 1
go 1
go 1
go 1
go 1
go 1
go 1
go 1
go 1
go 1
go 1
go 1
go 1
go 1
go 1
go 1
go 1
go 1
go 1
go 1
go 1
go 1
go 1
go 1
go 1
go 1
go 1
go 1
go 1
go 1
go 1
go 1
go 1
go 1
go 1
go 1
go 1
go 1
go 1
go 1
go 1
go 1
go 1
go 1
go 1
gold 1
gold 1
gold 1
gold 1
gold 1
gold 1
gold 1
gold 1
gold 1
gold 1
gold 1
gold 1
gold 1
gold 1
gold 1
gold 1
gold 1
gold 1
gold 1
gold 1
gold 1
gold 1
gold 1
gold 1
gold 1
gold 1
gold 1
gold 1
gold 1
gold 1
gold 1
gold 1
gold 1
gold 1
gold 1
gold 1
gold 1
gold 1
gold 1
gold 1
gold 1
gold 1
gold 1
gold 1
gold 1
gold 1
gold 1
gondola 1
goodness 1
goodness 1
goodness 1
goodness 1
goods 1
goods 1
goods 1
goods 1
gourds 1
grand 1
granite 1
grating 1
greenroom 1
greenroom 1
greeted 1
grossest 1
grumble 1
guardians 1
guardians 1
gull 1
gutters 1
hammer 1
handful 1
handle 1
handle 1
hanging 1
hanging 1
hanging 1
hanging 1
hanging 1
harm 1
harm 1
harm 1
has 1
has 1
has 1
has 1
has 1
has 1
has 1
has 1
has 1
has 1
has 1
has 1
has 1
has 1
has 1
has 1
has 1
has 1
has 1
has 1
has 1
has 1
has 1
has 1
has 1
has 1
has 1
has 1
has 1
has 1
has 1
has 1
has 1
has 1
has 1
has 1
has 1
has 1
has 1
has 1
has 1
has 1
has 1
has 1
has 1
has 1
has 1
has 1
has 1
has 1
has 1
has 1
has 1
has 1
has 1
has 1
has 1
has 1
has 1
has 1
has 1
has 1
has 1
has 1
has 1
has 1
has 1
has 1
has 1
has 1
has 1
has 1
has 1
has 1
has 1
has 1
has 1
has 1
has 1
has 1
has 1
has 1
has 1
has 1
has 1
has 1
has 1
has 1
has 1
has 1
has 1
has 1
has 1
has 1
has 1
has 1
has 1
has 1
has 1
has 1
has 1
has 1
has 1
has 1
has 1
has 1
has 1
has 1
has 1
has 1
has 1
has 1
has 1
has 1
has 1
has 1
has 1
has 1
has 1
has 1
has 1
has 1
has 1
has 1
has 1
has 1
has 1
has 1
has 1
has 1
has 1
has 1
has 1
has 1
has 1
has 1
has 1
has 1
has 1
has 1
has 1
has 1
has 1
has 1
has 1
has 1
has 1
has 1
has 1
has 1
has 1
has 1
has 1
has 1
has 1
has 1
has 1
has 1
has 1
has 1
has 1
has 1
has 1
has 1
has 1
has 1
has 1
has 1
has 1
hastily 1
hastily 1
hastily 1
hastily 1
have 1
have 1
have 1
have 1
have 1
have 1
have 1
have 1
have 1
have 1
have 1
have 1
have 1
have 1
have 1
have 1
have 1
have 1
have 1
have 1
have 1
have 1
have 1
have 1
have 1
have 1
have 1
have 1
have 1
have 1
have 1
have 1
have 1
have 1
have 1
have 1
have 1
have 1
have 1
have 1
have 1
have 1
have 1
have 1
have 1
have 1
have 1
have 1
have 1
have 1
have 1
have 1
have 1
have 1
have 1
have 1
have 1
have 1
have 1
have 1
have 1
have 1
have 1
have 1
have 1
have 1
have 1
have 1
have 1
have 1
have 1
have 1
have 1
have 1
have 1
have 1
have 1
have 1
have 1
have 1
have 1
have 1
have 1
have 1
have 1
have 1
have 1
have 1
have 1
have 1
have 1
have 1
have 1
have 1
have 1
have 1
have 1
have 1
have 1
have 1
have 1
have 1
have 1
have 1
have 1
have 1
have 1
have 1
have 1
have 1
have 1
have 1
have 1
have 1
have 1
have 1
have 1
have 1
have 1
have 1
have 1
have 1
have 1
have 1
have 1
have 1
have 1
have 1
have 1
have 1
have 1
have 1
have 1
have 1
have 1
have 1
have 1
have 1
have 1
have 1
have 1
have 1
have 1
have 1
have 1
have 1
have 1
have 1
have 1
have 1
have 1
have 1
have 1
have 1
have 1
have 1
have 1
have 1
have 1
have 1
have 1
have 1
have 1
have 1
have 1
have 1
have 1
have 1
have 1
have 1
have 1
have 1
have 1
have 1
have 1
have 1
have 1
have 1
have 1
have 1
have 1
have 1
have 1
have 1
have 1
have 1
have 1
have 1
have 1
have 1
have 1
have 1
have 1
have 1
have 1
have 1
have 1
have 1
have 1
have 1
have 1
have 1
have 1
have 1
have 1
have 1
have 1
have 1
have 1
have 1
have 1
have 1
have 1
have 1
have 1
have 1
have 1
have 1
have 1
have 1
have 1
have 1
have 1
have 1
have 1
have 1
have 1
have 1
have 1
have 1
have 1
have 1
have 1
have 1
have 1
have 1
have 1
have 1
have 1
have 1
have 1
have 1
have 1
have 1
have 1
have 1
have 1
have 1
have 1
have 1
have 1
have 1
have 1
have 1
have 1
have 1
have 1
have 1
have 1
have 1
have 1
have 1
have 1
have 1
have 1
have 1
have 1
have 1
have 1
have 1
have 1
have 1
have 1
have 1
have 1
have 1
have 1
have 1
have 1
have 1
have 1
have 1
have 1
have 1
have 1
have 1
have 1
have 1
have 1
have 1
have 1
have 1
have 1
have 1
have 1
have 1
have 1
have 1
have 1
have 1
have 1
have 1
have 1
have 1
have 1
have 1
have 1
have 1
have 1
have 1
have 1
have 1
have 1
have 1
have 1
have 1
have 1
have 1
have 1
have 1
have 1
have 1
have 1
have 1
have 1
have 1
have 1
have 1
have 1
have 1
have 1
have 1
have 1
have 1
have 1
have 1
have 1
have 1
have 1
have 1
have 1
have 1
have 1
have 1
have 1
have 1
have 1
have 1
have 1
have 1
have 1
have 1
have 1
have 1
have 1
have 1
have 1
have 1
have 1
have 1
have 1
have 1
have 1
have 1
have 1
have 1
have 1
have 1
have 1
have 1
have 1
have 1
have 1
have 1
have 1
have 1
have 1
have 1
have 1
have 1
have 1
have 1
have 1
have 1
have 1
have 1
have 1
have 1
have 1
have 1
have 1
have 1
have 1
have 1
have 1
have 1
have 1
have 1
have 1
have 1
have 1
have 1
have 1
have 1
have 1
have 1
have 1
have 1
have 1
have 1
have 1
have 1
have 1
have 1
have 1
have 1
have 1
have 1
have 1
have 1
have 1
have 1
have 1
have 1
have 1
have 1
have 1
have 1
have 1
have 1
have 1
have 1
have 1
have 1
have 1
have 1
have 1
have 1
have 1
have 1
have 1
have 1
have 1
have 1
have 1
have 1
have 1
have 1
have 1
have 1
have 1
have 1
have 1
have 1
have 1
have 1
have 1
have 1
have 1
have 1
have 1
have 1
have 1
have 1
have 1
have 1
have 1
have 1
have 1
have 1
have 1
have 1
have 1
have 1
have 1
have 1
have 1
have 1
have 1
have 1
have 1
have 1
have 1
have 1
have 1
have 1
have 1
have 1
have 1
have 1
have 1
have 1
have 1
have 1
have 1
have 1
have 1
have 1
have 1
have 1
have 1
have 1
have 1
have 1
have 1
have 1
have 1
have 1
have 1
have 1
have 1
have 1
have 1
have 1
have 1
have 1
have 1
have 1
have 1
have 1
have 1
have 1
have 1
have 1
have 1
have 1
have 1
have 1
have 1
have 1
have 1
have 1
have 1
have 1
have 1
have 1
have 1
have 1
have 1
have 1
have 1
have 1
have 1
have 1
have 1
have 1
have 1
have 1
have 1
have 1
have 1
have 1
have 1
have 1
have 1
have 1
have 1
heap 1
heard 1
heard 1
heard 1
heard 1
heard 1
heard 1
heard 1
heard 1
heard 1
heard 1
heard 1
heard 1
heard 1
heard 1
heard 1
heard 1
heard 1
heard 1
heard 1
heard 1
heard 1
heard 1
heard 1
heard 1
heard 1
heard 1
heard 1
heard 1
heard 1
heard 1
heard 1
heard 1
heard 1
heard 1
heard 1
heard 1
heard 1
hero 1
hero 1
hero 1
hero 1
hesitating 1
hesitating 1
highest 1
highest 1
highest 1
highest 1
him 1
him 1
him 1
him 1
him 1
him 1
him 1
him 1
him 1
him 1
him 1
him 1
him 1
him 1
him 1
him 1
him 1
him 1
him 1
him 1
him 1
him 1
him 1
him 1
him 1
him 1
him 1
him 1
him 1
him 1
him 1
him 1
him 1
him 1
him 1
him 1
him 1
him 1
him 1
him 1
him 1
him 1
him 1
him 1
him 1
him 1
him 1
him 1
him 1
him 1
him 1
him 1
him 1
him 1
him 1
him 1
him 1
him 1
him 1
him 1
him 1
him 1
him 1
him 1
him 1
him 1
him 1
him 1
him 1
him 1
him 1
him 1
him 1
him 1
him 1
him 1
him 1
him 1
him 1
him 1
him 1
him 1
him 1
him 1
him 1
him 1
him 1
him 1
him 1
him 1
him 1
him 1
him 1
him 1
him 1
him 1
him 1
him 1
him 1
him 1
him 1
him 1
him 1
him 1
him 1
him 1
him 1
him 1
him 1
him 1
him 1
him 1
him 1
him 1
him 1
him 1
him 1
him 1
him 1
him 1
him 1
him 1
him 1
him 1
him 1
him 1
him 1
him 1
him 1
him 1
him 1
him 1
him 1
him 1
him 1
him 1
him 1
him 1
him 1
him 1
him 1
him 1
him 1
him 1
him 1
him 1
him 1
him 1
him 1
him 1
him 1
him 1
him 1
him 1
him 1
him 1
him 1
him 1
him 1
him 1
him 1
him 1
him 1
him 1
him 1
him 1
him 1
him 1
him 1
him 1
him 1
him 1
him 1
him 1
him 1
him 1
him 1
him 1
him 1
him 1
him 1
him 1
him 1
him 1
him 1
him 1
him 1
him 1
him 1
him 1
him 1
him 1
him 1
him 1
him 1
him 1
him 1
him 1
him 1
him 1
him 1
him 1
him 1
him 1
him 1
him 1
him 1
him 1
him 1
him 1
him 1
him 1
him 1
him 1
him 1
him 1
him 1
him 1
him 1
him 1
him 1
him 1
him 1
him 1
him 1
him 1
him 1
him 1
him 1
him 1
him 1
him 1
him 1
him 1
him 1
him 1
him 1
him 1
him 1
him 1
him 1
him 1
him 1
him 1
him 1
him 1
him 1
him 1
him 1
him 1
him 1
him 1
him 1
him 1
him 1
him 1
him 1
him 1
him 1
him 1
him 1
him 1
him 1
him 1
him 1
him 1
him 1
him 1
him 1
him 1
him 1
him 1
him 1
him 1
him 1
him 1
him 1
him 1
him 1
him 1
him 1
him 1
him 1
him 1
him 1
him 1
him 1
him 1
him 1
him 1
him 1
him 1
him 1
him 1
him 1
him 1
him 1
him 1
him 1
him 1
him 1
him 1
him 1
him 1
him 1
him 1
him 1
him 1
him 1
him 1
him 1
him 1
him 1
him 1
him 1
him 1
him 1
him 1
him 1
him 1
him 1
him 1
him 1
him 1
him 1
him 1
him 1
him 1
him 1
him 1
him 1
him 1
him 1
him 1
him 1
him 1
him 1
him 1
him 1
him 1
him 1
him 1
him 1
him 1
him 1
him 1
him 1
him 1
him 1
him 1
him 1
him 1
him 1
him 1
him 1
him 1
him 1
him 1
him 1
him 1
him 1
him 1
him 1
him 1
him 1
him 1
him 1
him 1
him 1
him 1
him 1
him 1
him 1
him 1
him 1
him 1
him 1
him 1
him 1
him 1
him 1
him 1
him 1
him 1
him 1
him 1
him 1
him 1
him 1
him 1
him 1
him 1
him 1
him 1
him 1
him 1
him 1
him 1
him 1
him 1
him 1
him 1
him 1
him 1
him 1
him 1
him 1
him 1
him 1
him 1
him 1
him 1
him 1
him 1
him 1
him 1
him 1
him 1
him 1
him 1
him 1
him 1
him 1
him 1
him 1
him 1
him 1
him 1
him 1
him 1
him 1
him 1
him 1
him 1
him 1
him 1
him 1
him 1
him 1
him 1
him 1
him 1
him 1
him 1
him 1
him 1
him 1
him 1
him 1
him 1
him 1
him 1
him 1
him 1
him 1
him 1
him 1
him 1
him 1
him 1
him 1
him 1
him 1
him 1
him 1
him 1
him 1
him 1
him 1
him 1
him 1
him 1
him 1
him 1
him 1
him 1
him 1
him 1
him 1
him 1
him 1
him 1
him 1
him 1
him 1
him 1
him 1
him 1
him 1
him 1
him 1
him 1
him 1
him 1
him 1
him 1
him 1
him 1
him 1
him 1
him 1
him 1
him 1
him 1
him 1
him 1
him 1
him 1
him 1
him 1
him 1
him 1
him 1
him 1
him 1
him 1
him 1
him 1
him 1
him 1
him 1
him 1
him 1
him 1
him 1
him 1
him 1
him 1
him 1
him 1
him 1
him 1
him 1
him 1
him 1
him 1
him 1
him 1
him 1
him 1
him 1
him 1
him 1
him 1
him 1
him 1
him 1
him 1
him 1
him 1
him 1
him 1
him 1
him 1
him 1
him 1
him 1
him 1
him 1
him 1
him 1
him 1
him 1
him 1
him 1
him 1
him 1
him 1
him 1
him 1
him 1
him 1
him 1
him 1
him 1
him 1
him 1
him 1
him 1
him 1
him 1
him 1
him 1
him 1
him 1
him 1
him 1
him 1
him 1
him 1
him 1
him 1
him 1
him 1
him 1
him 1
him 1
him 1
him 1
him 1
him 1
him 1
him 1
him 1
him 1
him 1
him 1
him 1
him 1
him 1
him 1
him 1
him 1
him 1
him 1
him 1
him 1
him 1
him 1
him 1
him 1
him 1
him 1
him 1
him 1
him 1
him 1
him 1
him 1
him 1
him 1
him 1
him 1
him 1
him 1
him 1
him 1
him 1
him 1
him 1
him 1
him 1
him 1
him 1
him 1
him 1
him 1
him 1
him 1
him 1
him 1
him 1
him 1
him 1
him 1
him 1
him 1
him 1
him 1
him 1
him 1
hinted 1
hinted 1
holy 1
host 1
host 1
host 1
host 1
hovenia 1
hungers 1
hurriedly 1
hurriedly 1
hurrying 1
hurrying 1
hypocrisy 1
hypocrisy 1
idle 1
idle 1
images 1
images 1
images 1
immediately 1
immediately 1
immediately 1
implicated 1
improve 1
improve 1
impulses 1
incomplete 1
incomplete 1
incomplete 1
increase 1
increase 1
independent 1
infamous 1
infamous 1
infamous 1
infamous 1
infatuation 1
inherited 1
innumerable 1
insolent 1
insolent 1
intellect 1
intellect 1
intellect 1
intellect 1
intellect 1
intellect 1
intellect 1
intellect 1
intellect 1
intensified 1
intensified 1
intensified 1
intensified 1
interrupted 1
interrupted 1
interrupted 1
interrupted 1
intimacy 1
intimacy 1
intoxicated 1
intricacies 1
iron 1
iron 1
iron 1
isn 1
isn 1
isn 1
isn 1
jaded 1
jerking 1
jewelled 1
jewelled 1
jewelled 1
jewelled 1
jewelled 1
jewelled 1
jewelled 1
jewelled 1
jewelled 1
joy 1
joy 1
joy 1
joy 1
joy 1
joy 1
joy 1
joy 1
joy 1
joy 1
joy 1
joy 1
joy 1
joy 1
joy 1
joy 1
joy 1
joy 1
joy 1
joy 1
joy 1
joy 1
joy 1
joy 1
joy 1
joy 1
joy 1
joy 1
joy 1
joy 1
joy 1
joy 1
joy 1
knotting 1
knowledge 1
knowledge 1
knowledge 1
l 1
l 1
l 1
lane 1
languid 1
languid 1
lash 1
latch 1
latch 1
latch 1
latch 1
latch 1
laughs 1
lead 1
lead 1
lead 1
lead 1
lead 1
lead 1
lead 1
lead 1
lead 1
lead 1
leading 1
lean 1
lean 1
leaning 1
leaning 1
leaning 1
leaning 1
leaning 1
leaning 1
leaning 1
leaning 1
leap 1
learn 1
learn 1
learn 1
learn 1
learn 1
lends 1
lids 1
lids 1
lids 1
light 1
light 1
light 1
light 1
light 1
light 1
light 1
light 1
light 1
light 1
light 1
light 1
light 1
light 1
light 1
light 1
light 1
light 1
light 1
light 1
light 1
light 1
light 1
light 1
lily 1
limited 1
limited 1
limited 1
limited 1
lis 1
lis 1
lithe 1
lithe 1
ll 1
ll 1
ll 1
ll 1
ll 1
ll 1
loathing 1
loathing 1
loathing 1
loathing 1
loathing 1
logic 1
looks 1
looks 1
looks 1
looks 1
looks 1
looks 1
looks 1
looks 1
looks 1
looks 1
looks 1
looks 1
looks 1
loses 1
loses 1
loses 1
loses 1
loved 1
loved 1
loved 1
loved 1
loved 1
loved 1
loved 1
loved 1
loved 1
loved 1
loved 1
loved 1
loved 1
loved 1
loved 1
loved 1
loved 1
loved 1
loved 1
loved 1
loved 1
luncheon 1
lurid 1
macerated 1
maddened 1
mahogany 1
malady 1
malady 1
malady 1
malady 1
masses 1
master 1
master 1
master 1
master 1
master 1
masterpiece 1
masterpiece 1
masterpiece 1
masterpiece 1
masts 1
masts 1
matched 1
materials 1
measure 1
mechanically 1
mechanically 1
merchantman 1
mercy 1
mercy 1
merely 1
merely 1
merely 1
merely 1
merely 1
merely 1
merely 1
merely 1
merely 1
merely 1
merely 1
merely 1
merely 1
merely 1
merely 1
merely 1
merely 1
merely 1
merely 1
merely 1
merely 1
merely 1
merely 1
merely 1
merely 1
merely 1
merely 1
merely 1
merely 1
merely 1
merely 1
merely 1
merely 1
merely 1
merely 1
merely 1
merely 1
merely 1
merely 1
methods 1
methods 1
methods 1
mineral 1
mint 1
minute 1
minute 1
minute 1
minute 1
misanthrope 1
miss 1
miss 1
miss 1
miss 1
mocking 1
mocking 1
money 1
money 1
money 1
money 1
money 1
money 1
money 1
money 1
money 1
money 1
money 1
money 1
money 1
money 1
money 1
money 1
money 1
money 1
money 1
money 1
money 1
money 1
monotonously 1
monstrance 1
moonstone 1
movements 1
munificent 1
my 1
my 1
my 1
my 1
my 1
my 1
my 1
my 1
my 1
my 1
my 1
my 1
my 1
my 1
my 1
my 1
my 1
my 1
my 1
my 1
my 1
my 1
my 1
my 1
my 1
my 1
my 1
my 1
my 1
my 1
my 1
my 1
my 1
my 1
my 1
my 1
my 1
my 1
my 1
my 1
my 1
my 1
my 1
my 1
my 1
my 1
my 1
my 1
my 1
my 1
my 1
my 1
my 1
my 1
my 1
my 1
my 1
my 1
my 1
my 1
my 1
my 1
my 1
my 1
my 1
my 1
my 1
my 1
my 1
my 1
my 1
my 1
my 1
my 1
my 1
my 1
my 1
my 1
my 1
my 1
my 1
my 1
my 1
my 1
my 1
my 1
my 1
my 1
my 1
my 1
my 1
my 1
my 1
my 1
my 1
my 1
my 1
my 1
my 1
my 1
my 1
my 1
my 1
my 1
my 1
my 1
my 1
my 1
my 1
my 1
my 1
my 1
my 1
my 1
my 1
my 1
my 1
my 1
my 1
my 1
my 1
my 1
my 1
my 1
my 1
my 1
my 1
my 1
my 1
my 1
my 1
my 1
my 1
my 1
my 1
my 1
my 1
my 1
my 1
my 1
my 1
my 1
my 1
my 1
my 1
my 1
my 1
my 1
my 1
my 1
my 1
my 1
my 1
my 1
my 1
my 1
my 1
my 1
my 1
my 1
my 1
my 1
my 1
my 1
my 1
my 1
my 1
my 1
my 1
my 1
my 1
my 1
my 1
my 1
my 1
my 1
my 1
my 1
my 1
my 1
my 1
my 1
my 1
my 1
my 1
my 1
my 1
my 1
my 1
my 1
my 1
my 1
my 1
my 1
my 1
my 1
my 1
my 1
my 1
my 1
my 1
my 1
my 1
my 1
my 1
my 1
my 1
my 1
my 1
my 1
my 1
my 1
my 1
my 1
my 1
my 1
my 1
my 1
my 1
my 1
my 1
my 1
my 1
my 1
my 1
my 1
my 1
my 1
my 1
my 1
my 1
my 1
my 1
my 1
my 1
my 1
my 1
my 1
my 1
my 1
myriad 1
myriad 1
myriad 1
names 1
names 1
neighbours 1
network 1
nocturne 1
nocturne 1
nostrils 1
nostrils 1
nostrils 1
nostrils 1
noted 1
noted 1
notice 1
notice 1
notice 1
notice 1
notice 1
notorious 1
objected 1
objects 1
obtained 1
older 1
older 1
older 1
older 1
older 1
older 1
older 1
older 1
older 1
omened 1
omens 1
opium 1
opium 1
opium 1
opium 1
organism 1
ormolu 1
over 1
over 1
over 1
over 1
over 1
over 1
over 1
over 1
over 1
over 1
over 1
over 1
over 1
over 1
over 1
over 1
over 1
over 1
over 1
over 1
over 1
over 1
over 1
over 1
over 1
over 1
over 1
over 1
over 1
over 1
over 1
over 1
over 1
over 1
over 1
over 1
over 1
over 1
over 1
over 1
over 1
over 1
over 1
over 1
over 1
over 1
over 1
over 1
over 1
over 1
over 1
over 1
over 1
over 1
over 1
over 1
over 1
over 1
over 1
over 1
over 1
over 1
over 1
over 1
over 1
over 1
over 1
over 1
over 1
over 1
over 1
over 1
over 1
over 1
over 1
over 1
over 1
over 1
over 1
over 1
over 1
over 1
over 1
over 1
over 1
over 1
over 1
over 1
over 1
over 1
over 1
over 1
over 1
over 1
over 1
over 1
over 1
over 1
over 1
over 1
over 1
over 1
over 1
over 1
over 1
over 1
over 1
over 1
over 1
over 1
over 1
over 1
over 1
over 1
over 1
over 1
over 1
over 1
over 1
over 1
over 1
over 1
over 1
over 1
over 1
over 1
over 1
over 1
over 1
over 1
over 1
over 1
over 1
over 1
over 1
over 1
over 1
over 1
over 1
over 1
over 1
over 1
over 1
over 1
over 1
over 1
over 1
over 1
over 1
over 1
over 1
over 1
over 1
over 1
over 1
over 1
over 1
over 1
over 1
over 1
over 1
over 1
over 1
over 1
over 1
over 1
overcharged 1
overdressed 1
overdressed 1
overdressed 1
owes 1
packed 1
pang 1
pang 1
parrot 1
parrot 1
parrot 1
parrot 1
passed 1
passed 1
passed 1
passed 1
passed 1
passed 1
passed 1
passed 1
passed 1
passed 1
passed 1
passed 1
passed 1
passed 1
passed 1
passed 1
passed 1
passed 1
passed 1
passed 1
passed 1
passed 1
passed 1
passed 1
passed 1
passed 1
passed 1
passed 1
passed 1
passed 1
passed 1
passed 1
passed 1
passed 1
passed 1
passed 1
passed 1
passed 1
passed 1
passed 1
passed 1
passed 1
passed 1
passed 1
passed 1
passed 1
passed 1
passed 1
passed 1
passed 1
passed 1
passed 1
passed 1
passed 1
passed 1
passed 1
passed 1
passed 1
passed 1
passed 1
pathetic 1
pathetic 1
pathetic 1
pedestal 1
pepper 1
perfectly 1
perfectly 1
perfectly 1
perfectly 1
perfectly 1
perfectly 1
perfectly 1
perfectly 1
perfectly 1
perfectly 1
perfectly 1
perfectly 1
perfectly 1
perfectly 1
perfectly 1
perfectly 1
perfectly 1
perfectly 1
perfectly 1
perfectly 1
perfectly 1
perfectly 1
perfectly 1
performance 1
performance 1
performance 1
perfumed 1
phrases 1
pierced 1
pierced 1
piled 1
piled 1
pilgrim 1
pilgrim 1
plasterwork 1
plate 1
plate 1
plate 1
plate 1
pleasant 1
pleasant 1
pleasant 1
pleasant 1
pleasant 1
plied 1
poignant 1
poison 1
poison 1
poison 1
poison 1
poison 1
poison 1
poison 1
poison 1
police 1
pollen 1
poor 1
poor 1
poor 1
poor 1
poor 1
poor 1
poor 1
poor 1
poor 1
poor 1
poor 1
poor 1
poor 1
poor 1
poor 1
poor 1
poor 1
poor 1
poor 1
portico 1
portico 1
posing 1
possess 1
possess 1
possess 1
possession 1
possession 1
possession 1
prate 1
prattled 1
praying 1
praying 1
preached 1
preached 1
precipice 1
presented 1
principal 1
principal 1
printed 1
printed 1
profession 1
profession 1
proposal 1
propose 1
propose 1
propose 1
propose 1
propose 1
propose 1
propose 1
provisions 1
provoked 1
pulled 1
pulled 1
pulled 1
pulled 1
pulled 1
puzzled 1
puzzled 1
puzzled 1
puzzled 1
quail 1
querulously 1
quickening 1
quickening 1
quiet 1
quiet 1
quiet 1
quiver 1
quiver 1
raised 1
raised 1
raised 1
raised 1
raking 1
rare 1
rare 1
rash 1
rash 1
reason 1
reason 1
reason 1
reason 1
reason 1
reason 1
reason 1
reason 1
reason 1
reason 1
reason 1
reason 1
reason 1
reason 1
reason 1
reason 1
reason 1
reason 1
reason 1
reason 1
reason 1
reason 1
reason 1
reason 1
reason 1
reason 1
reason 1
reason 1
reason 1
reason 1
reasonable 1
reasonable 1
reasonable 1
reasonable 1
rebellion 1
rebellion 1
recalled 1
refashioned 1
remaking 1
reminded 1
reminded 1
reminded 1
reminded 1
reminded 1
reminded 1
reminded 1
reminiscences 1
reproaches 1
reserve 1
resist 1
resist 1
respectability 1
respectability 1
responsive 1
rest 1
rest 1
rest 1
rest 1
reveals 1
reveals 1
reveals 1
reverie 1
reverie 1
rewarded 1
ring 1
ring 1
ringing 1
ringing 1
rises 1
rises 1
rising 1
rising 1
rising 1
rising 1
rising 1
rising 1
rooms 1
rooms 1
rooms 1
rooms 1
rubies 1
rubies 1
rubies 1
sacrament 1
safety 1
same 1
same 1
same 1
same 1
same 1
same 1
same 1
same 1
same 1
same 1
same 1
same 1
same 1
same 1
same 1
same 1
same 1
same 1
same 1
same 1
same 1
same 1
same 1
same 1
same 1
same 1
same 1
same 1
same 1
same 1
same 1
sapphire 1
satisfied 1
satisfied 1
satisfied 1
satisfied 1
satisfied 1
satisfied 1
says 1
says 1
says 1
says 1
says 1
says 1
says 1
says 1
says 1
says 1
says 1
says 1
says 1
says 1
says 1
says 1
says 1
says 1
scanned 1
seats 1
seats 1
seeded 1
seek 1
seek 1
seldom 1
self 1
self 1
self 1
self 1
self 1
self 1
self 1
self 1
self 1
self 1
self 1
self 1
self 1
self 1
self 1
self 1
self 1
self 1
self 1
self 1
sending 1
sent 1
sent 1
sent 1
sent 1
sent 1
sent 1
sent 1
sent 1
sent 1
sent 1
sent 1
sent 1
sent 1
sent 1
sent 1
sent 1
several 1
several 1
several 1
several 1
several 1
several 1
several 1
several 1
several 1
sex 1
sex 1
shaken 1
shambled 1
sharing 1
sharing 1
shawled 1
short 1
short 1
short 1
short 1
short 1
short 1
short 1
short 1
shred 1
shrugging 1
shuttered 1
shutters 1
sickened 1
sickened 1
sighed 1
sighed 1
sighed 1
sighed 1
sighed 1
sighed 1
sighed 1
sighed 1
sighed 1
sighed 1
sighed 1
sighed 1
sighed 1
sincerity 1
sincerity 1
singeing 1
sinners 1
situation 1
situation 1
situation 1
situation 1
sixteen 1
sixteen 1
slanting 1
slavery 1
slower 1
soared 1
sofas 1
sold 1
sold 1
solicitor 1
somewhat 1
somewhat 1
somewhat 1
somewhat 1
somewhat 1
somewhat 1
somewhat 1
somewhat 1
somewhat 1
somewhat 1
somewhat 1
soothed 1
southern 1
sparks 1
spectators 1
spectral 1
spent 1
spent 1
spent 1
spent 1
spent 1
spent 1
spent 1
spent 1
spent 1
splashed 1
spoiled 1
spoiled 1
spoiled 1
spoiled 1
spoiled 1
spoiled 1
spoiled 1
spoiled 1
spoiled 1
spoiled 1
spy 1
stabbing 1
staccato 1
staccato 1
stage 1
stage 1
stage 1
stage 1
stage 1
stage 1
stage 1
stage 1
stage 1
stage 1
stage 1
stage 1
stage 1
stagnation 1
stained 1
stained 1
stained 1
stained 1
stained 1
stained 1
stained 1
stained 1
stained 1
stained 1
stained 1
stained 1
stained 1
stained 1
stained 1
stanzas 1
states 1
states 1
states 1
states 1
steam 1
stereotyped 1
stereotyped 1
stick 1
stick 1
stick 1
stick 1
stifling 1
stomacher 1
stoutness 1
straight 1
straight 1
straight 1
straight 1
straight 1
straight 1
straight 1
straight 1
straight 1
straight 1
streaming 1
subscribe 1
successful 1
suck 1
suffered 1
suffered 1
suffered 1
suffered 1
suffered 1
suffered 1
suffered 1
sufficient 1
sufficient 1
superstitions 1
surfaces 1
surprises 1
sway 1
swerved 1
swerved 1
swiftness 1
symphonic 1
synonymous 1
takes 1
takes 1
takes 1
takes 1
taunt 1
teponaztli 1
test 1
test 1
test 1
them 1
them 1
them 1
them 1
them 1
them 1
them 1
them 1
them 1
them 1
them 1
them 1
them 1
them 1
them 1
them 1
them 1
them 1
them 1
them 1
them 1
them 1
them 1
them 1
them 1
them 1
them 1
them 1
them 1
them 1
them 1
them 1
them 1
them 1
them 1
them 1
them 1
them 1
them 1
them 1
them 1
them 1
them 1
them 1
them 1
them 1
them 1
them 1
them 1
them 1
them 1
them 1
them 1
them 1
them 1
them 1
them 1
them 1
them 1
them 1
them 1
them 1
them 1
them 1
them 1
them 1
them 1
them 1
them 1
them 1
them 1
them 1
them 1
them 1
them 1
them 1
them 1
them 1
them 1
them 1
them 1
them 1
them 1
them 1
them 1
them 1
them 1
them 1
them 1
them 1
them 1
them 1
them 1
them 1
them 1
them 1
them 1
them 1
them 1
them 1
them 1
them 1
them 1
them 1
them 1
them 1
them 1
them 1
them 1
them 1
them 1
them 1
them 1
them 1
them 1
them 1
them 1
them 1
them 1
them 1
them 1
them 1
them 1
them 1
them 1
them 1
them 1
them 1
them 1
them 1
them 1
them 1
them 1
them 1
them 1
them 1
them 1
them 1
them 1
them 1
them 1
them 1
them 1
them 1
them 1
them 1
them 1
them 1
them 1
them 1
them 1
them 1
them 1
them 1
them 1
them 1
them 1
them 1
them 1
them 1
them 1
them 1
them 1
them 1
them 1
them 1
them 1
them 1
them 1
them 1
them 1
them 1
them 1
them 1
them 1
them 1
them 1
them 1
them 1
them 1
them 1
them 1
them 1
them 1
them 1
them 1
them 1
them 1
them 1
them 1
them 1
them 1
them 1
them 1
them 1
them 1
them 1
them 1
them 1
them 1
them 1
them 1
them 1
there 1
there 1
there 1
there 1
there 1
there 1
there 1
there 1
there 1
there 1
there 1
there 1
there 1
there 1
there 1
there 1
there 1
there 1
there 1
there 1
there 1
there 1
there 1
there 1
there 1
there 1
there 1
there 1
there 1
there 1
there 1
there 1
there 1
there 1
there 1
there 1
there 1
there 1
there 1
there 1
there 1
there 1
there 1
there 1
there 1
there 1
there 1
there 1
there 1
there 1
there 1
there 1
there 1
there 1
there 1
there 1
there 1
there 1
there 1
there 1
there 1
there 1
there 1
there 1
there 1
there 1
there 1
there 1
there 1
there 1
there 1
there 1
there 1
there 1
there 1
there 1
there 1
there 1
there 1
there 1
there 1
there 1
there 1
there 1
there 1
there 1
there 1
there 1
there 1
there 1
there 1
there 1
there 1
there 1
there 1
there 1
there 1
there 1
there 1
there 1
there 1
there 1
there 1
there 1
there 1
there 1
there 1
there 1
there 1
there 1
there 1
there 1
there 1
there 1
there 1
there 1
there 1
there 1
there 1
there 1
there 1
there 1
there 1
there 1
there 1
there 1
there 1
there 1
there 1
there 1
there 1
there 1
there 1
there 1
there 1
there 1
there 1
there 1
there 1
there 1
there 1
there 1
there 1
there 1
there 1
there 1
there 1
there 1
there 1
there 1
there 1
there 1
there 1
there 1
there 1
there 1
there 1
there 1
there 1
there 1
there 1
there 1
there 1
there 1
there 1
there 1
there 1
there 1
there 1
there 1
there 1
there 1
there 1
there 1
there 1
there 1
there 1
there 1
there 1
there 1
there 1
there 1
there 1
there 1
there 1
there 1
there 1
there 1
there 1
there 1
there 1
there 1
thickly 1
thief 1
thief 1
thief 1
this 1
this 1
this 1
this 1
this 1
this 1
this 1
this 1
this 1
this 1
this 1
this 1
this 1
this 1
this 1
this 1
this 1
this 1
this 1
this 1
this 1
this 1
this 1
this 1
this 1
this 1
this 1
this 1
this 1
this 1
this 1
this 1
this 1
this 1
this 1
this 1
this 1
this 1
this 1
this 1
this 1
this 1
this 1
this 1
this 1
this 1
this 1
this 1
this 1
this 1
this 1
this 1
this 1
this 1
this 1
this 1
this 1
this 1
this 1
this 1
this 1
this 1
this 1
this 1
this 1
this 1
this 1
this 1
this 1
this 1
this 1
this 1
this 1
this 1
this 1
this 1
this 1
this 1
this 1
this 1
this 1
this 1
this 1
this 1
this 1
this 1
this 1
this 1
this 1
this 1
this 1
this 1
this 1
this 1
this 1
this 1
this 1
this 1
this 1
this 1
this 1
this 1
this 1
this 1
this 1
this 1
this 1
this 1
this 1
this 1
this 1
this 1
this 1
this 1
this 1
this 1
this 1
this 1
this 1
this 1
this 1
this 1
this 1
this 1
this 1
this 1
this 1
this 1
this 1
this 1
this 1
this 1
this 1
this 1
this 1
this 1
this 1
this 1
this 1
this 1
this 1
this 1
this 1
this 1
this 1
this 1
this 1
this 1
this 1
this 1
this 1
this 1
this 1
this 1
this 1
this 1
this 1
this 1
this 1
thoughtful 1
threadbare 1
threading 1
threw 1
threw 1
threw 1
threw 1
threw 1
threw 1
threw 1
threw 1
threw 1
threw 1
throw 1
throw 1
throw 1
throw 1
thrown 1
thrown 1
thrown 1
thrown 1
thrown 1
thrown 1
thrust 1
thrust 1
thrust 1
thrust 1
thrust 1
thrust 1
thrust 1
thrust 1
thrust 1
thrust 1
thunderstruck 1
tied 1
tingling 1
tiny 1
tiny 1
tiny 1
tired 1
tired 1
tired 1
tired 1
tired 1
tired 1
tired 1
tired 1
tired 1
tired 1
tired 1
tired 1
tired 1
tired 1
tired 1
tired 1
tired 1
tired 1
tone 1
tone 1
tone 1
tone 1
topazes 1
tossed 1
tossed 1
tossed 1
tossed 1
tossed 1
tossed 1
tracing 1
transcription 1
transfigured 1
trimmed 1
troop 1
truths 1
turbid 1
turbid 1
turmoil 1
twitched 1
twitched 1
twitched 1
twitched 1
uncomely 1
uncomely 1
under 1
under 1
under 1
under 1
under 1
under 1
under 1
under 1
under 1
under 1
under 1
under 1
under 1
under 1
under 1
under 1
under 1
uniform 1
unlawful 1
unmoved 1
unmoved 1
unspotted 1
unspotted 1
unwisely 1
upon 1
upon 1
upon 1
upon 1
upon 1
upon 1
upon 1
upon 1
upon 1
upon 1
upon 1
upon 1
upon 1
upon 1
upon 1
upon 1
upon 1
upon 1
upon 1
upon 1
upon 1
upon 1
upon 1
upon 1
upon 1
upon 1
upon 1
upon 1
upon 1
upon 1
upon 1
upon 1
upon 1
upon 1
upon 1
upon 1
upon 1
upon 1
upon 1
upon 1
upon 1
upon 1
upon 1
upon 1
upon 1
upon 1
upon 1
upon 1
upon 1
upon 1
upon 1
upon 1
upon 1
upon 1
upon 1
upon 1
upon 1
upon 1
upon 1
upon 1
upon 1
upon 1
upon 1
upon 1
upon 1
upon 1
upon 1
upon 1
upon 1
upon 1
upon 1
upon 1
upon 1
upon 1
upon 1
upon 1
upon 1
upon 1
upon 1
upon 1
upon 1
upon 1
upper 1
upper 1
usual 1
usual 1
usual 1
usual 1
valet 1
valet 1
valet 1
valet 1
valet 1
valet 1
valet 1
valet 1
valet 1
valet 1
valet 1
valet 1
valet 1
vanished 1
vanished 1
veil 1
veil 1
veil 1
veil 1
velvet 1
velvet 1
velvet 1
velvet 1
velvet 1
very 1
very 1
very 1
very 1
very 1
very 1
very 1
very 1
very 1
very 1
very 1
very 1
very 1
very 1
very 1
very 1
very 1
very 1
very 1
very 1
very 1
very 1
very 1
very 1
very 1
very 1
very 1
very 1
very 1
very 1
very 1
very 1
very 1
very 1
very 1
very 1
very 1
very 1
very 1
very 1
very 1
very 1
very 1
very 1
very 1
very 1
very 1
very 1
very 1
very 1
very 1
very 1
very 1
very 1
very 1
very 1
very 1
very 1
very 1
very 1
very 1
very 1
very 1
very 1
very 1
very 1
very 1
very 1
very 1
very 1
very 1
very 1
very 1
very 1
very 1
very 1
very 1
very 1
very 1
very 1
very 1
very 1
very 1
very 1
very 1
very 1
very 1
very 1
very 1
very 1
very 1
very 1
very 1
very 1
very 1
very 1
very 1
very 1
very 1
very 1
very 1
very 1
very 1
very 1
very 1
very 1
very 1
very 1
very 1
very 1
very 1
very 1
very 1
very 1
very 1
very 1
very 1
very 1
very 1
very 1
vices 1
vices 1
vices 1
victory 1
viler 1
village 1
village 1
vine 1
virtues 1
virtues 1
virtues 1
virtues 1
virtues 1
virtues 1
virtues 1
voice 1
voice 1
voice 1
voice 1
voice 1
voice 1
voice 1
voice 1
voice 1
voice 1
voice 1
voice 1
voice 1
voice 1
voice 1
voice 1
voice 1
voice 1
voice 1
voice 1
voice 1
voice 1
voice 1
voice 1
voice 1
voice 1
voice 1
voice 1
voice 1
voice 1
voice 1
voice 1
voice 1
voice 1
voice 1
voice 1
voice 1
voice 1
voice 1
voice 1
voice 1
voice 1
voice 1
voice 1
voice 1
voice 1
voice 1
void 1
void 1
vow 1
vow 1
vultures 1
waited 1
waited 1
waited 1
waited 1
waited 1
waited 1
waited 1
waited 1
waited 1
waited 1
wan 1
wan 1
warranties 1
wasted 1
wasted 1
wasted 1
wasted 1
watched 1
watched 1
watched 1
watched 1
watched 1
watched 1
watched 1
watched 1
watched 1
watched 1
watched 1
watched 1
watched 1
watched 1
watched 1
watched 1
watched 1
watched 1
watched 1
watched 1
waters 1
waters 1
waving 1
waving 1
waving 1
waving 1
we 1
we 1
we 1
we 1
we 1
we 1
we 1
we 1
we 1
we 1
we 1
we 1
we 1
we 1
we 1
we 1
we 1
we 1
we 1
we 1
we 1
we 1
we 1
we 1
we 1
we 1
we 1
we 1
we 1
we 1
we 1
we 1
we 1
we 1
we 1
we 1
we 1
we 1
we 1
we 1
we 1
we 1
we 1
we 1
we 1
we 1
we 1
we 1
we 1
we 1
we 1
we 1
we 1
we 1
we 1
we 1
we 1
we 1
we 1
we 1
we 1
we 1
we 1
we 1
we 1
we 1
we 1
we 1
we 1
we 1
we 1
we 1
we 1
we 1
we 1
we 1
we 1
we 1
we 1
we 1
we 1
we 1
we 1
we 1
we 1
we 1
we 1
we 1
we 1
we 1
we 1
we 1
we 1
we 1
we 1
we 1
we 1
we 1
we 1
we 1
we 1
we 1
we 1
we 1
we 1
we 1
we 1
we 1
we 1
we 1
we 1
we 1
we 1
we 1
we 1
we 1
we 1
we 1
we 1
we 1
we 1
we 1
we 1
we 1
we 1
we 1
we 1
we 1
we 1
we 1
we 1
we 1
we 1
we 1
wealthy 1
weave 1
wedge 1
well 1
well 1
well 1
well 1
well 1
well 1
well 1
well 1
well 1
well 1
well 1
well 1
well 1
well 1
well 1
well 1
well 1
well 1
well 1
well 1
well 1
well 1
well 1
well 1
well 1
well 1
well 1
well 1
well 1
well 1
well 1
well 1
well 1
well 1
well 1
well 1
well 1
well 1
wet 1
wet 1
wet 1
whenever 1
whenever 1
whip 1
whispering 1
whispering 1
whose 1
whose 1
whose 1
whose 1
whose 1
whose 1
whose 1
whose 1
whose 1
whose 1
whose 1
whose 1
whose 1
whose 1
whose 1
whose 1
whose 1
whose 1
whose 1
whose 1
whose 1
whose 1
whose 1
whose 1
whose 1
whose 1
whose 1
whose 1
whose 1
whose 1
whose 1
whose 1
whose 1
whose 1
whose 1
whose 1
whose 1
whose 1
whose 1
whose 1
whose 1
whose 1
whose 1
whose 1
will 1
will 1
will 1
will 1
will 1
will 1
will 1
will 1
will 1
will 1
will 1
will 1
will 1
will 1
will 1
will 1
will 1
will 1
will 1
will 1
will 1
will 1
will 1
will 1
will 1
will 1
will 1
will 1
will 1
will 1
will 1
will 1
will 1
will 1
will 1
will 1
will 1
will 1
will 1
will 1
will 1
will 1
will 1
will 1
will 1
will 1
will 1
will 1
will 1
will 1
will 1
will 1
will 1
will 1
will 1
will 1
will 1
will 1
will 1
will 1
will 1
will 1
will 1
will 1
will 1
will 1
will 1
will 1
will 1
will 1
will 1
will 1
will 1
will 1
will 1
will 1
will 1
will 1
will 1
will 1
will 1
will 1
will 1
will 1
will 1
will 1
will 1
will 1
will 1
will 1
will 1
will 1
will 1
will 1
will 1
will 1
will 1
will 1
will 1
will 1
will 1
will 1
will 1
will 1
will 1
will 1
will 1
will 1
will 1
will 1
will 1
will 1
will 1
will 1
will 1
will 1
will 1
will 1
will 1
will 1
will 1
will 1
will 1
will 1
will 1
will 1
will 1
will 1
will 1
will 1
will 1
will 1
will 1
will 1
will 1
will 1
will 1
will 1
will 1
will 1
will 1
will 1
will 1
will 1
will 1
will 1
will 1
will 1
will 1
will 1
will 1
will 1
will 1
will 1
will 1
will 1
will 1
will 1
will 1
will 1
will 1
will 1
will 1
will 1
will 1
will 1
will 1
will 1
will 1
will 1
will 1
will 1
will 1
will 1
will 1
will 1
will 1
will 1
will 1
will 1
will 1
will 1
will 1
will 1
will 1
will 1
will 1
will 1
will 1
will 1
will 1
will 1
will 1
will 1
will 1
will 1
will 1
will 1
will 1
will 1
will 1
will 1
will 1
will 1
will 1
wings 1
wings 1
wings 1
wings 1
wings 1
wings 1
wiping 1
wise 1
wise 1
wise 1
wise 1
wise 1
wise 1
wonders 1
wonders 1
wonders 1
woodwork 1
world 1
world 1
world 1
world 1
world 1
world 1
world 1
world 1
world 1
world 1
world 1
world 1
world 1
world 1
world 1
world 1
world 1
world 1
world 1
world 1
world 1
world 1
world 1
world 1
world 1
world 1
world 1
world 1
world 1
world 1
world 1
world 1
world 1
world 1
world 1
world 1
world 1
world 1
world 1
world 1
world 1
world 1
world 1
world 1
world 1
world 1
world 1
world 1
world 1
world 1
world 1
world 1
world 1
world 1
world 1
world 1
world 1
world 1
world 1
world 1
world 1
world 1
world 1
world 1
world 1
world 1
world 1
world 1
world 1
world 1
world 1
world 1
world 1
world 1
world 1
world 1
world 1
world 1
world 1
world 1
world 1
world 1
world 1
world 1
world 1
world 1
world 1
world 1
world 1
world 1
world 1
world 1
world 1
wormed 1
worried 1
worth 1
worth 1
worth 1
worth 1
worth 1
worth 1
worth 1
worth 1
worth 1
worth 1
worth 1
wounded 1
wounded 1
wounded 1
wounded 1
wounded 1
wounded 1
wreathed 1
wretched 1
wretched 1
wretched 1
wretched 1
wretched 1
wretched 1
wretched 1
wrists 1
writes 1
writes 1
writes 1
yet 1
yet 1
yet 1
yet 1
yet 1
yet 1
yet 1
yet 1
yet 1
yet 1
yet 1
yet 1
yet 1
yet 1
yet 1
yet 1
yet 1
yet 1
yet 1
yet 1
yet 1
yet 1
yet 1
yet 1
yet 1
yet 1
yet 1
yet 1
yet 1
yet 1
yet 1
yet 1
yet 1
yet 1
yet 1
yet 1
yet 1
yet 1
yet 1
yet 1
yet 1
yet 1
yet 1
yet 1
yet 1
yet 1
yet 1
yet 1
yet 1
yet 1
yet 1
yotl 1
young 1
young 1
young 1
young 1
young 1
young 1
young 1
young 1
young 1
young 1
young 1
young 1
young 1
young 1
young 1
young 1
young 1
young 1
young 1
young 1
young 1
young 1
young 1
young 1
young 1
young 1
young 1
young 1
young 1
young 1
young 1
young 1
young 1
young 1
young 1
young 1
young 1
young 1
young 1
young 1
young 1
young 1
young 1
young 1
young 1
young 1
young 1
young 1
young 1
young 1
young 1
young 1
young 1
young 1
young 1
young 1
young 1
young 1
young 1
young 1
young 1
young 1
young 1
young 1
young 1
young 1
young 1
young 1
young 1
young 1
