A 1
A 1
A 1
A 1
A 1
A 1
A 1
A 1
A 1
A 1
A 1
A 1
A 1
A 1
A 1
A 1
A 1
A 1
A 1
A 1
A 1
A 1
A 1
A 1
A 1
A 1
A 1
A 1
A 1
A 1
A 1
A 1
A 1
A 1
A 1
A 1
A 1
A 1
A 1
A 1
A 1
A 1
A 1
A 1
A 1
A 1
A 1
Abbey 1
Abhorred 1
About 1
About 1
About 1
About 1
About 1
About 1
About 1
Alas 1
Alas 1
Alas 1
Alas 1
Alas 1
Alas 1
Alas 1
Alas 1
Alas 1
Alas 1
Alas 1
Alas 1
Alas 1
Alas 1
Alas 1
Alas 1
Alas 1
Alas 1
Alas 1
All 1
All 1
All 1
All 1
All 1
All 1
All 1
All 1
All 1
All 1
All 1
Ariosto 1
August 1
August 1
August 1
August 1
August 1
August 1
Below 1
Britain 1
Britain 1
Caroline 1
Caroline 1
Caroline 1
Catholic 1
Chief 1
Christian 1
Christian 1
Christian 1
Continue 1
Contributions 1
Copet 1
DISTRIBUTOR 1
DONATIONS 1
Darkness 1
Darkness 1
December 1
Defect 1
England 1
England 1
England 1
England 1
England 1
England 1
England 1
England 1
England 1
England 1
England 1
England 1
England 1
England 1
England 1
England 1
England 1
England 1
England 1
England 1
England 1
Ernest 1
Ernest 1
Ernest 1
Ernest 1
Ernest 1
Ernest 1
Ernest 1
Ernest 1
Ernest 1
Ernest 1
Ernest 1
Ernest 1
Ernest 1
European 1
European 1
Every 1
Every 1
Every 1
Every 1
Every 1
Everybody 1
Evian 1
Evian 1
Finding 1
Fort 1
Fortunately 1
Fortunately 1
Fortunately 1
Foundation 1
Foundation 1
Foundation 1
Foundation 1
Foundation 1
Foundation 1
Foundation 1
Foundation 1
Foundation 1
Foundation 1
Foundation 1
Foundation 1
Foundation 1
Foundation 1
Foundation 1
Foundation 1
Foundation 1
Foundation 1
Foundation 1
Foundation 1
Foundation 1
Foundation 1
Foundation 1
Foundation 1
Full 1
Gregory 1
Hart 1
Hart 1
Haunted 1
Having 1
Having 1
Having 1
Having 1
He 1
He 1
He 1
He 1
He 1
He 1
He 1
He 1
He 1
He 1
He 1
He 1
He 1
He 1
He 1
He 1
He 1
He 1
He 1
He 1
He 1
He 1
He 1
He 1
He 1
He 1
He 1
He 1
He 1
He 1
He 1
He 1
He 1
He 1
He 1
He 1
He 1
He 1
He 1
He 1
He 1
He 1
He 1
He 1
He 1
He 1
He 1
He 1
He 1
He 1
He 1
He 1
He 1
He 1
He 1
He 1
He 1
He 1
He 1
He 1
He 1
He 1
He 1
He 1
He 1
He 1
He 1
He 1
He 1
He 1
He 1
He 1
He 1
He 1
He 1
He 1
He 1
He 1
He 1
He 1
He 1
He 1
He 1
He 1
He 1
He 1
He 1
He 1
He 1
He 1
He 1
He 1
He 1
He 1
He 1
He 1
He 1
He 1
He 1
He 1
He 1
He 1
He 1
He 1
He 1
He 1
He 1
He 1
He 1
He 1
He 1
He 1
He 1
He 1
He 1
He 1
He 1
He 1
He 1
He 1
He 1
He 1
He 1
He 1
He 1
He 1
He 1
He 1
He 1
He 1
He 1
IN 1
If 1
If 1
If 1
If 1
If 1
If 1
If 1
If 1
If 1
If 1
If 1
If 1
If 1
If 1
If 1
If 1
If 1
If 1
If 1
If 1
If 1
If 1
If 1
If 1
If 1
If 1
If 1
If 1
If 1
If 1
If 1
If 1
If 1
If 1
If 1
If 1
If 1
If 1
If 1
If 1
If 1
If 1
If 1
If 1
If 1
If 1
If 1
If 1
If 1
If 1
If 1
If 1
Indeed 1
Indeed 1
Indian 1
Ingolstadt 1
Ingolstadt 1
Ingolstadt 1
Ingolstadt 1
Ingolstadt 1
Ingolstadt 1
Ingolstadt 1
Ingolstadt 1
Ingolstadt 1
Ingolstadt 1
Ingolstadt 1
Ingolstadt 1
Ingolstadt 1
Ingolstadt 1
Ingolstadt 1
Ingolstadt 1
Italians 1
La 1
Lake 1
Lake 1
Lavenza 1
Lavenza 1
Lavenza 1
Lavenza 1
Let 1
Let 1
Let 1
Let 1
Let 1
Let 1
Let 1
Let 1
License 1
License 1
License 1
License 1
License 1
License 1
License 1
License 1
License 1
License 1
Lyons 1
Mainz 1
Mainz 1
March 1
March 1
March 1
Margaret 1
Margaret 1
Margaret 1
Margaret 1
Margaret 1
Margaret 1
Margaret 1
Margaret 1
Margaret 1
Margaret 1
Meltzer 1
Meltzer 1
Modern 1
Modern 1
Most 1
Most 1
NEGLIGENCE 1
Naples 1
Nearly 1
Newby 1
Not 1
Not 1
Not 1
Nought 1
Numa 1
ON 1
ON 1
ON 1
ON 1
On 1
On 1
On 1
On 1
On 1
On 1
On 1
On 1
On 1
On 1
On 1
On 1
On 1
On 1
On 1
On 1
On 1
On 1
Oppressed 1
POSSIBILITY 1
Pandemonium 1
Paradise 1
Paradise 1
Paradise 1
Parliament 1
Pays 1
Petersburgh 1
Petersburgh 1
Petersburgh 1
Pitiless 1
Plutarch 1
Plutarch 1
Plutarch 1
Release 1
Roncesvalles 1
Ruined 1
Russian 1
STRICT 1
Save 1
Save 1
Service 1
Should 1
Study 1
Surprise 1
THOSE 1
Ten 1
Those 1
Those 1
Those 1
Volunteers 1
Wandering 1
abhorrence 1
abhorrence 1
abhorrence 1
abhorrence 1
abhorrence 1
abhorrence 1
about 1
about 1
about 1
about 1
about 1
about 1
about 1
about 1
about 1
about 1
about 1
about 1
about 1
about 1
about 1
about 1
about 1
about 1
about 1
about 1
about 1
about 1
about 1
about 1
about 1
about 1
about 1
about 1
about 1
about 1
about 1
about 1
about 1
about 1
about 1
about 1
about 1
about 1
about 1
about 1
about 1
about 1
about 1
about 1
about 1
about 1
about 1
about 1
about 1
about 1
about 1
about 1
about 1
about 1
above 1
above 1
above 1
above 1
above 1
above 1
above 1
above 1
above 1
above 1
above 1
above 1
above 1
abroad 1
abroad 1
abroad 1
abstruse 1
accents 1
accents 1
accents 1
accents 1
accents 1
accents 1
accomplishment 1
accumulation 1
accumulation 1
acquisition 1
actions 1
actions 1
actions 1
actions 1
acts 1
addressed 1
addressed 1
addressed 1
addressed 1
addressed 1
addressed 1
addressed 1
addressed 1
addressed 1
addressed 1
addressed 1
addressed 1
addressed 1
admirable 1
admirable 1
admirable 1
affability 1
affectionate 1
affectionate 1
affectionate 1
affectionate 1
affectionate 1
affectionate 1
affectionate 1
affirm 1
afforded 1
afforded 1
afforded 1
afforded 1
afforded 1
against 1
against 1
against 1
against 1
against 1
against 1
against 1
against 1
against 1
against 1
against 1
against 1
against 1
against 1
against 1
against 1
against 1
against 1
against 1
against 1
against 1
aided 1
aided 1
airy 1
airy 1
alarm 1
alarm 1
alarm 1
alarm 1
alas 1
alloy 1
allude 1
allude 1
allude 1
almighty 1
amazing 1
amend 1
amid 1
ample 1
ample 1
announced 1
answers 1
apparel 1
apparel 1
applicable 1
applicable 1
applicable 1
apprehensions 1
apprehensions 1
around 1
around 1
around 1
around 1
around 1
around 1
around 1
around 1
around 1
around 1
around 1
around 1
around 1
around 1
around 1
around 1
around 1
around 1
around 1
around 1
around 1
around 1
around 1
around 1
around 1
around 1
around 1
around 1
around 1
around 1
around 1
around 1
around 1
around 1
array 1
arrival 1
arrival 1
arrival 1
arrival 1
arrival 1
arrival 1
arrival 1
arrival 1
arteries 1
artifice 1
aspires 1
assassinated 1
assured 1
assured 1
assured 1
assured 1
assured 1
assured 1
assured 1
assured 1
assured 1
assured 1
assured 1
astonishing 1
astonishing 1
astonishing 1
astonishing 1
astonishing 1
astonishing 1
astonishing 1
astonishing 1
atrocious 1
attacks 1
attendant 1
attendant 1
attendant 1
attended 1
attended 1
attended 1
attended 1
attended 1
attended 1
attended 1
attended 1
attended 1
attest 1
augury 1
authority 1
available 1
available 1
aversion 1
bad 1
balancing 1
ball 1
balmy 1
banish 1
banish 1
banish 1
banker 1
barks 1
barrier 1
barrier 1
barrier 1
barrier 1
belong 1
beloved 1
beloved 1
beloved 1
beloved 1
beloved 1
beloved 1
beloved 1
beloved 1
beloved 1
beloved 1
beloved 1
beloved 1
beloved 1
beloved 1
beloved 1
beloved 1
beloved 1
beloved 1
beloved 1
beloved 1
beloved 1
beloved 1
beloved 1
beloved 1
benefit 1
benefit 1
benefit 1
benefit 1
benefit 1
benefit 1
benefit 1
benevolently 1
bewildered 1
bewildered 1
bewildered 1
bewildered 1
bird 1
bleak 1
bleak 1
bleak 1
bleak 1
blessing 1
blessing 1
blessing 1
blessing 1
blind 1
blind 1
blind 1
blind 1
blind 1
blind 1
blind 1
blind 1
blind 1
blind 1
bliss 1
bliss 1
bliss 1
blooming 1
blooming 1
blooming 1
blooming 1
blows 1
blows 1
blows 1
bodily 1
bodily 1
bodily 1
bodily 1
bolt 1
bolt 1
bottom 1
bottom 1
bottom 1
bottom 1
bounded 1
bounded 1
bounded 1
briefly 1
briefly 1
brilliant 1
brothers 1
brothers 1
brothers 1
brothers 1
brothers 1
bud 1
bud 1
by 1
by 1
by 1
by 1
by 1
by 1
by 1
by 1
by 1
by 1
by 1
by 1
by 1
by 1
by 1
by 1
by 1
by 1
by 1
by 1
by 1
by 1
by 1
by 1
by 1
by 1
by 1
by 1
by 1
by 1
by 1
by 1
by 1
by 1
by 1
by 1
by 1
by 1
by 1
by 1
by 1
by 1
by 1
by 1
by 1
by 1
by 1
by 1
by 1
by 1
by 1
by 1
by 1
by 1
by 1
by 1
by 1
by 1
by 1
by 1
by 1
by 1
by 1
by 1
by 1
by 1
by 1
by 1
by 1
by 1
by 1
by 1
by 1
by 1
by 1
by 1
by 1
by 1
by 1
by 1
by 1
by 1
by 1
by 1
by 1
by 1
by 1
by 1
by 1
by 1
by 1
by 1
by 1
by 1
by 1
by 1
by 1
by 1
by 1
by 1
by 1
by 1
by 1
by 1
by 1
by 1
by 1
by 1
by 1
by 1
by 1
by 1
by 1
by 1
by 1
by 1
by 1
by 1
by 1
by 1
by 1
by 1
by 1
by 1
by 1
by 1
by 1
by 1
by 1
by 1
by 1
by 1
by 1
by 1
by 1
by 1
by 1
by 1
by 1
by 1
by 1
by 1
by 1
by 1
by 1
by 1
by 1
by 1
by 1
by 1
by 1
by 1
by 1
by 1
by 1
by 1
by 1
by 1
by 1
by 1
by 1
by 1
by 1
by 1
by 1
by 1
by 1
by 1
by 1
by 1
by 1
by 1
by 1
by 1
by 1
by 1
by 1
by 1
by 1
by 1
by 1
by 1
by 1
by 1
by 1
by 1
by 1
by 1
by 1
by 1
by 1
by 1
by 1
by 1
by 1
by 1
by 1
by 1
by 1
by 1
by 1
by 1
by 1
by 1
by 1
by 1
by 1
by 1
by 1
by 1
by 1
by 1
by 1
by 1
by 1
by 1
by 1
by 1
by 1
by 1
by 1
by 1
by 1
by 1
by 1
by 1
by 1
by 1
by 1
by 1
by 1
by 1
by 1
by 1
by 1
by 1
by 1
by 1
by 1
by 1
by 1
by 1
by 1
by 1
by 1
by 1
by 1
by 1
by 1
by 1
by 1
by 1
by 1
by 1
by 1
by 1
by 1
by 1
by 1
by 1
by 1
by 1
by 1
by 1
by 1
by 1
by 1
by 1
by 1
by 1
by 1
by 1
by 1
by 1
by 1
by 1
by 1
by 1
by 1
by 1
by 1
by 1
by 1
by 1
by 1
by 1
by 1
by 1
by 1
by 1
by 1
by 1
by 1
by 1
by 1
by 1
by 1
by 1
by 1
by 1
by 1
by 1
by 1
by 1
by 1
by 1
by 1
by 1
by 1
by 1
by 1
by 1
by 1
by 1
by 1
by 1
by 1
by 1
by 1
by 1
by 1
by 1
by 1
by 1
by 1
by 1
by 1
by 1
by 1
by 1
by 1
by 1
by 1
by 1
by 1
by 1
by 1
by 1
by 1
by 1
by 1
by 1
by 1
by 1
by 1
by 1
by 1
by 1
by 1
by 1
by 1
by 1
by 1
by 1
by 1
by 1
by 1
by 1
by 1
by 1
by 1
by 1
by 1
by 1
by 1
by 1
by 1
by 1
by 1
by 1
by 1
by 1
by 1
by 1
by 1
by 1
by 1
by 1
by 1
by 1
by 1
by 1
by 1
by 1
by 1
by 1
by 1
by 1
by 1
by 1
by 1
by 1
by 1
by 1
by 1
by 1
by 1
by 1
by 1
by 1
by 1
by 1
by 1
by 1
by 1
by 1
by 1
by 1
by 1
by 1
by 1
by 1
by 1
by 1
by 1
by 1
by 1
by 1
by 1
by 1
by 1
by 1
by 1
by 1
by 1
by 1
by 1
by 1
by 1
by 1
by 1
by 1
by 1
by 1
by 1
by 1
by 1
by 1
by 1
by 1
by 1
by 1
by 1
by 1
by 1
by 1
by 1
by 1
by 1
by 1
by 1
by 1
by 1
by 1
by 1
by 1
by 1
by 1
by 1
by 1
by 1
by 1
by 1
by 1
by 1
by 1
by 1
by 1
cabriolet 1
calculating 1
calm 1
calm 1
calm 1
calm 1
calm 1
calm 1
calm 1
calm 1
calm 1
calm 1
calm 1
calm 1
calm 1
calm 1
calm 1
calm 1
calm 1
calm 1
calm 1
calm 1
candle 1
canopied 1
carelessness 1
carelessness 1
carelessness 1
causation 1
cave 1
cease 1
cease 1
cease 1
cease 1
cease 1
cease 1
cease 1
ceased 1
ceased 1
ceased 1
ceased 1
ceased 1
ceased 1
ceased 1
ceased 1
ceased 1
ceased 1
ceased 1
celebrated 1
celebrated 1
changes 1
changes 1
changes 1
charges 1
charitable 1
charm 1
charm 1
charm 1
cherished 1
cherished 1
cherished 1
chimera 1
chink 1
chink 1
circulates 1
circumstantial 1
circumstantial 1
city 1
city 1
city 1
city 1
city 1
city 1
city 1
city 1
city 1
city 1
city 1
city 1
claims 1
clear 1
clear 1
clear 1
clear 1
clear 1
clear 1
clear 1
clear 1
clear 1
clear 1
clear 1
cliffs 1
climes 1
cloud 1
cloud 1
cloud 1
cloud 1
cloud 1
cloud 1
cloud 1
cloud 1
cloud 1
clung 1
clung 1
clung 1
clung 1
coarse 1
coarse 1
coarse 1
coarse 1
coffin 1
coffin 1
coffin 1
coffin 1
coffin 1
colleague 1
comforter 1
comforter 1
comment 1
committing 1
compassed 1
compilation 1
complete 1
complete 1
complete 1
complete 1
complete 1
complete 1
complete 1
complete 1
completed 1
completed 1
conceal 1
conceal 1
conceal 1
conceal 1
conceal 1
concealing 1
concealing 1
conclude 1
concluded 1
concluded 1
concluded 1
concluded 1
conductor 1
confer 1
confirms 1
congeal 1
conjectures 1
considerable 1
considerable 1
considerable 1
considerable 1
considerable 1
considerable 1
considerable 1
considerable 1
considerable 1
considerable 1
considerations 1
consist 1
constantly 1
constantly 1
consulted 1
consulted 1
contention 1
continual 1
continual 1
continual 1
continual 1
continual 1
contradictory 1
convenience 1
convenience 1
conversed 1
conversed 1
conversed 1
conveyed 1
conveyed 1
conveyed 1
conveyed 1
conveyed 1
cool 1
cool 1
copyright 1
copyright 1
copyright 1
copyright 1
copyright 1
copyright 1
copyright 1
copyright 1
copyright 1
copyright 1
copyright 1
copyright 1
copyright 1
core 1
counsellors 1
cowards 1
crash 1
critical 1
critical 1
culled 1
cure 1
damaged 1
dates 1
dazzling 1
dearly 1
dearly 1
dearly 1
deathbed 1
deathlike 1
deaths 1
deaths 1
deaths 1
deck 1
deck 1
deck 1
deck 1
deck 1
deck 1
deck 1
deck 1
dedicated 1
dedicated 1
dedicated 1
defiance 1
delay 1
delay 1
delay 1
delay 1
delay 1
delay 1
delay 1
delay 1
delicate 1
delicate 1
delicious 1
deliver 1
deliver 1
deliver 1
deliver 1
demand 1
demand 1
demand 1
demand 1
demand 1
demand 1
demand 1
demand 1
demand 1
demand 1
demand 1
demon 1
demon 1
depended 1
depended 1
depended 1
depended 1
deposited 1
depraved 1
depraved 1
describe 1
describe 1
describe 1
describe 1
describe 1
describe 1
describe 1
describe 1
describe 1
describe 1
describe 1
describe 1
describe 1
describe 1
describe 1
desperate 1
desponding 1
desponding 1
desponding 1
destitute 1
detach 1
detail 1
detail 1
detail 1
detail 1
detail 1
detail 1
detail 1
detail 1
detrimental 1
deviating 1
devolved 1
devote 1
devote 1
devote 1
devote 1
diabolically 1
direction 1
direction 1
direction 1
direction 1
direction 1
direction 1
disaster 1
disaster 1
disaster 1
disaster 1
disbelief 1
disclaimer 1
disclaimer 1
discover 1
discover 1
discover 1
discover 1
discover 1
discover 1
discover 1
discover 1
discover 1
discover 1
discover 1
discover 1
discover 1
discover 1
discover 1
discover 1
discover 1
disgust 1
disgust 1
disgust 1
disgust 1
disgust 1
disliked 1
dismissed 1
dispatched 1
dispel 1
dispel 1
displays 1
disregard 1
distressing 1
dogs 1
dogs 1
dogs 1
dogs 1
dogs 1
dogs 1
dogs 1
donations 1
donations 1
donations 1
donations 1
donations 1
donations 1
donations 1
donations 1
donations 1
donations 1
donations 1
donations 1
donors 1
doubts 1
dreaming 1
dropping 1
du 1
dull 1
dull 1
easier 1
effectual 1
efforts 1
efforts 1
efforts 1
eighteenth 1
elemental 1
elixir 1
elixir 1
emaciated 1
emaciated 1
emaciated 1
embarks 1
embosomed 1
empty 1
empty 1
enchanting 1
enchanting 1
enchanting 1
endeavouring 1
endeavouring 1
endeavouring 1
endeavouring 1
endeavouring 1
endeavouring 1
endeavouring 1
endeavouring 1
endeavouring 1
endurance 1
endured 1
endured 1
endured 1
endured 1
endured 1
endured 1
endured 1
endured 1
endured 1
endured 1
endured 1
endured 1
endured 1
endured 1
endured 1
endured 1
endured 1
endured 1
endured 1
endured 1
endured 1
endured 1
endured 1
enjoyment 1
enjoyment 1
enjoyment 1
enjoyment 1
enjoyment 1
enjoyment 1
enjoyment 1
enjoyment 1
enjoyment 1
entered 1
entered 1
entered 1
entered 1
entered 1
entered 1
entered 1
entered 1
entered 1
entered 1
entered 1
entered 1
entered 1
entered 1
entered 1
entered 1
entered 1
entered 1
entered 1
entered 1
entered 1
entered 1
entered 1
entered 1
entered 1
entered 1
entered 1
entered 1
entered 1
entered 1
entered 1
entered 1
entered 1
entered 1
entered 1
entered 1
entered 1
entered 1
enters 1
entertained 1
entertained 1
entertained 1
enticements 1
enticements 1
enticing 1
entity 1
entity 1
entity 1
entrench 1
ephemeral 1
equally 1
equally 1
equally 1
equally 1
eradicating 1
erroneously 1
escaped 1
escaped 1
escaped 1
escaped 1
escaped 1
escaped 1
escaped 1
everyone 1
exception 1
exception 1
excess 1
excess 1
excess 1
excess 1
excess 1
excess 1
excess 1
excess 1
excess 1
excitements 1
excites 1
exclaim 1
excommunication 1
excuse 1
execrate 1
exempt 1
exempt 1
exempt 1
expedition 1
expedition 1
expedition 1
expedition 1
explain 1
explain 1
explain 1
explain 1
explaining 1
exploded 1
exploded 1
exploded 1
external 1
extinguished 1
extinguished 1
extinguished 1
extinguished 1
extinguished 1
extinguished 1
extinguished 1
extinguished 1
extracting 1
fainter 1
familiarized 1
fashioned 1
fashioned 1
favourite 1
favourite 1
favourite 1
favourite 1
favourite 1
favourite 1
favourite 1
favourite 1
favourite 1
favourite 1
favourite 1
favourite 1
favourite 1
feared 1
feared 1
feared 1
feared 1
feared 1
feared 1
feared 1
feared 1
feared 1
feared 1
feared 1
feared 1
feared 1
fearful 1
fearful 1
fearful 1
fearful 1
fearful 1
fearful 1
fearful 1
fearful 1
fearful 1
fearless 1
fears 1
fears 1
fears 1
fears 1
fears 1
fears 1
fears 1
fears 1
fears 1
fears 1
features 1
features 1
features 1
features 1
features 1
features 1
features 1
federal 1
federal 1
fellowship 1
fervently 1
fettered 1
find 1
find 1
find 1
find 1
find 1
find 1
find 1
find 1
find 1
find 1
find 1
find 1
find 1
find 1
find 1
find 1
find 1
find 1
find 1
find 1
find 1
find 1
find 1
finding 1
finding 1
finding 1
finding 1
finding 1
finding 1
finding 1
firmness 1
firmness 1
firmness 1
firmness 1
fishermen 1
fishermen 1
fishermen 1
flashed 1
flit 1
flit 1
foes 1
following 1
following 1
following 1
following 1
following 1
following 1
following 1
following 1
following 1
following 1
following 1
foresaw 1
foretaste 1
forgetting 1
forgo 1
forgot 1
forgot 1
format 1
format 1
format 1
format 1
formation 1
forsaken 1
forth 1
forth 1
forth 1
forth 1
forth 1
forth 1
forth 1
forth 1
forth 1
forth 1
forth 1
forth 1
forth 1
forth 1
forth 1
forth 1
forth 1
forth 1
forth 1
forth 1
forth 1
forth 1
forth 1
forth 1
forth 1
forth 1
forth 1
foster 1
fought 1
framed 1
frowns 1
fulfilled 1
fulfilled 1
fulfilled 1
fulfilled 1
fulfilled 1
fulfilled 1
fulfilled 1
gaiety 1
gaiety 1
gaiety 1
gale 1
garden 1
garden 1
garden 1
garden 1
garden 1
garden 1
garden 1
garden 1
garden 1
garden 1
gave 1
gave 1
gave 1
gave 1
gave 1
gave 1
gave 1
gave 1
gave 1
gave 1
gave 1
gave 1
gave 1
gave 1
gave 1
gave 1
gave 1
gave 1
gave 1
gave 1
gave 1
gave 1
gave 1
gave 1
gave 1
gave 1
gave 1
gave 1
gave 1
gave 1
gave 1
gave 1
generosity 1
generosity 1
gibe 1
give 1
give 1
give 1
give 1
give 1
give 1
give 1
give 1
give 1
give 1
give 1
give 1
give 1
give 1
give 1
give 1
give 1
give 1
give 1
give 1
give 1
give 1
give 1
given 1
given 1
given 1
given 1
given 1
given 1
given 1
given 1
given 1
given 1
given 1
given 1
given 1
given 1
given 1
given 1
given 1
given 1
glacier 1
glacier 1
glacier 1
glacier 1
glacier 1
glimmering 1
glimpse 1
glow 1
glutted 1
golden 1
gossip 1
gradually 1
gradually 1
gradually 1
gradually 1
gradually 1
gradually 1
gratefully 1
gratified 1
gratified 1
green 1
green 1
green 1
green 1
green 1
greeting 1
groan 1
groan 1
ground 1
ground 1
ground 1
ground 1
ground 1
ground 1
ground 1
ground 1
ground 1
ground 1
ground 1
ground 1
ground 1
ground 1
ground 1
ground 1
ground 1
ground 1
ground 1
ground 1
ground 1
ground 1
ground 1
ground 1
ground 1
ground 1
growth 1
growth 1
guilt 1
guilt 1
guilt 1
guilt 1
guilt 1
guilt 1
guilt 1
guilt 1
guilt 1
guilt 1
gush 1
gush 1
gush 1
gutenberg 1
gutenberg 1
gutenberg 1
gutenberg 1
gutenberg 1
gutenberg 1
habits 1
habits 1
habits 1
habits 1
handwriting 1
handwriting 1
happened 1
happened 1
happened 1
happened 1
happened 1
happened 1
happened 1
happened 1
happened 1
happier 1
happier 1
happier 1
happier 1
harbour 1
harbour 1
harbour 1
hardship 1
hardship 1
having 1
having 1
having 1
having 1
having 1
having 1
having 1
having 1
having 1
having 1
having 1
having 1
having 1
having 1
having 1
having 1
having 1
having 1
having 1
having 1
having 1
he 1
he 1
he 1
he 1
he 1
he 1
he 1
he 1
he 1
he 1
he 1
he 1
he 1
he 1
he 1
he 1
he 1
he 1
he 1
he 1
he 1
he 1
he 1
he 1
he 1
he 1
he 1
he 1
he 1
he 1
he 1
he 1
he 1
he 1
he 1
he 1
he 1
he 1
he 1
he 1
he 1
he 1
he 1
he 1
he 1
he 1
he 1
he 1
he 1
he 1
he 1
he 1
he 1
he 1
he 1
he 1
he 1
he 1
he 1
he 1
he 1
he 1
he 1
he 1
he 1
he 1
he 1
he 1
he 1
he 1
he 1
he 1
he 1
he 1
he 1
he 1
he 1
he 1
he 1
he 1
he 1
he 1
he 1
he 1
he 1
he 1
he 1
he 1
he 1
he 1
he 1
he 1
he 1
he 1
he 1
he 1
he 1
he 1
he 1
he 1
he 1
he 1
he 1
he 1
he 1
he 1
he 1
he 1
he 1
he 1
he 1
he 1
he 1
he 1
he 1
he 1
he 1
he 1
he 1
he 1
he 1
he 1
he 1
he 1
he 1
he 1
he 1
he 1
he 1
he 1
he 1
he 1
he 1
he 1
he 1
he 1
he 1
he 1
he 1
he 1
he 1
he 1
he 1
he 1
he 1
he 1
he 1
he 1
he 1
he 1
he 1
he 1
he 1
he 1
he 1
he 1
he 1
he 1
he 1
he 1
he 1
he 1
he 1
he 1
he 1
he 1
he 1
he 1
he 1
he 1
he 1
he 1
he 1
he 1
he 1
he 1
he 1
he 1
he 1
he 1
he 1
he 1
he 1
he 1
he 1
he 1
he 1
he 1
he 1
he 1
he 1
he 1
he 1
he 1
he 1
he 1
he 1
he 1
he 1
he 1
he 1
he 1
he 1
he 1
he 1
he 1
he 1
he 1
he 1
he 1
he 1
he 1
he 1
he 1
he 1
he 1
he 1
he 1
he 1
he 1
he 1
he 1
he 1
he 1
he 1
he 1
he 1
he 1
he 1
he 1
he 1
he 1
he 1
he 1
he 1
he 1
he 1
he 1
he 1
he 1
he 1
he 1
he 1
he 1
he 1
he 1
he 1
he 1
he 1
he 1
he 1
he 1
he 1
he 1
he 1
he 1
he 1
he 1
he 1
he 1
he 1
he 1
he 1
he 1
he 1
he 1
he 1
he 1
he 1
he 1
he 1
he 1
he 1
he 1
he 1
he 1
he 1
he 1
he 1
he 1
he 1
he 1
he 1
he 1
he 1
he 1
he 1
he 1
he 1
he 1
he 1
he 1
he 1
he 1
he 1
he 1
he 1
he 1
he 1
he 1
he 1
he 1
he 1
he 1
he 1
he 1
he 1
he 1
he 1
he 1
he 1
he 1
he 1
he 1
he 1
he 1
he 1
he 1
he 1
he 1
he 1
he 1
he 1
he 1
he 1
he 1
he 1
he 1
he 1
he 1
he 1
he 1
he 1
he 1
he 1
he 1
he 1
he 1
he 1
he 1
he 1
he 1
he 1
he 1
he 1
he 1
he 1
he 1
he 1
he 1
he 1
he 1
he 1
he 1
he 1
he 1
he 1
he 1
he 1
he 1
he 1
he 1
he 1
he 1
he 1
he 1
he 1
he 1
he 1
he 1
he 1
he 1
he 1
he 1
he 1
he 1
he 1
he 1
he 1
he 1
he 1
he 1
he 1
he 1
he 1
he 1
he 1
he 1
he 1
he 1
he 1
he 1
he 1
he 1
he 1
he 1
he 1
he 1
he 1
he 1
he 1
he 1
he 1
he 1
he 1
he 1
he 1
he 1
he 1
he 1
he 1
he 1
he 1
he 1
he 1
he 1
he 1
he 1
he 1
he 1
he 1
he 1
he 1
he 1
he 1
he 1
he 1
he 1
he 1
he 1
he 1
he 1
he 1
he 1
he 1
he 1
he 1
he 1
he 1
he 1
he 1
he 1
he 1
he 1
he 1
he 1
he 1
he 1
he 1
he 1
he 1
he 1
he 1
he 1
he 1
he 1
he 1
he 1
he 1
he 1
he 1
he 1
he 1
he 1
he 1
he 1
he 1
he 1
he 1
he 1
he 1
he 1
he 1
he 1
he 1
he 1
he 1
he 1
hearted 1
helplessness 1
heroism 1
heroism 1
hideous 1
hideous 1
hideous 1
hideous 1
hideous 1
hideous 1
hideous 1
hideous 1
hideous 1
hideous 1
honest 1
hovered 1
howlings 1
humanity 1
humanity 1
humanity 1
humanity 1
humanity 1
humanity 1
humankind 1
humankind 1
hundredfold 1
hurt 1
ice 1
ice 1
ice 1
ice 1
ice 1
ice 1
ice 1
ice 1
ice 1
ice 1
ice 1
ice 1
ice 1
ice 1
ice 1
ice 1
ice 1
ice 1
ice 1
ice 1
ice 1
ice 1
ice 1
ice 1
ice 1
ice 1
ice 1
ice 1
ice 1
ice 1
ice 1
ice 1
ice 1
ice 1
ice 1
ice 1
ice 1
ice 1
ice 1
ice 1
ice 1
ice 1
ice 1
if 1
if 1
if 1
if 1
if 1
if 1
if 1
if 1
if 1
if 1
if 1
if 1
if 1
if 1
if 1
if 1
if 1
if 1
if 1
if 1
if 1
if 1
if 1
if 1
if 1
if 1
if 1
if 1
if 1
if 1
if 1
if 1
if 1
if 1
if 1
if 1
if 1
if 1
if 1
if 1
if 1
if 1
if 1
if 1
if 1
if 1
if 1
if 1
if 1
if 1
if 1
if 1
if 1
if 1
if 1
if 1
if 1
if 1
if 1
if 1
if 1
if 1
if 1
if 1
if 1
if 1
if 1
if 1
if 1
if 1
if 1
if 1
if 1
if 1
if 1
if 1
if 1
if 1
if 1
if 1
if 1
if 1
if 1
if 1
if 1
if 1
if 1
if 1
if 1
if 1
if 1
if 1
if 1
if 1
if 1
if 1
if 1
if 1
if 1
if 1
if 1
if 1
if 1
if 1
if 1
if 1
if 1
if 1
if 1
if 1
if 1
if 1
if 1
if 1
if 1
if 1
if 1
if 1
if 1
if 1
if 1
if 1
if 1
if 1
if 1
if 1
if 1
if 1
if 1
if 1
if 1
if 1
if 1
if 1
if 1
if 1
if 1
if 1
if 1
if 1
if 1
if 1
if 1
if 1
if 1
if 1
if 1
if 1
if 1
if 1
if 1
if 1
if 1
if 1
if 1
if 1
if 1
if 1
if 1
if 1
if 1
immediate 1
immediate 1
immediate 1
immediate 1
immediate 1
immediate 1
immediate 1
immediate 1
immediate 1
immured 1
immured 1
impending 1
impending 1
imperceptible 1
imperfect 1
imperfect 1
impetuous 1
imprisonment 1
inconveniences 1
increases 1
indeed 1
indeed 1
indeed 1
indeed 1
indeed 1
indeed 1
indeed 1
indeed 1
indeed 1
indeed 1
indeed 1
indeed 1
indeed 1
indeed 1
indeed 1
indeed 1
indeed 1
indeed 1
indeed 1
indeed 1
indeed 1
indeed 1
indeed 1
indeed 1
indeed 1
indeed 1
indeed 1
indeed 1
indeed 1
indeed 1
indeed 1
indeed 1
indeed 1
indeed 1
indeed 1
indeed 1
indeed 1
indeed 1
indeed 1
indeed 1
indeed 1
indeed 1
indeed 1
indeed 1
indeed 1
indeed 1
indeed 1
indeed 1
indeed 1
indeed 1
indeed 1
indeed 1
indeed 1
indeed 1
indefatigable 1
indefatigable 1
indefatigable 1
indistinct 1
inexperienced 1
influenced 1
influenced 1
injurer 1
injury 1
injury 1
injury 1
injury 1
inquisitiveness 1
inscriptions 1
insurrection 1
intelligence 1
intelligence 1
intelligence 1
intimated 1
irradiated 1
irregular 1
irregular 1
isle 1
isle 1
jaws 1
jewel 1
joined 1
joined 1
joined 1
joined 1
joined 1
joined 1
joyous 1
joyous 1
joyous 1
judgement 1
junior 1
justice 1
justice 1
justice 1
justice 1
justice 1
justice 1
justice 1
justice 1
justice 1
justice 1
justice 1
justice 1
kennel 1
kindled 1
kinds 1
kinds 1
knocked 1
knowing 1
knowing 1
knowing 1
knowing 1
known 1
known 1
known 1
known 1
known 1
known 1
known 1
known 1
known 1
known 1
known 1
known 1
known 1
known 1
labourers 1
labourers 1
lake 1
lake 1
lake 1
lake 1
lake 1
lake 1
lake 1
lake 1
lake 1
lake 1
lake 1
lake 1
lake 1
lake 1
lake 1
lake 1
lake 1
lake 1
lake 1
lake 1
lake 1
lake 1
lake 1
lake 1
lake 1
lake 1
lamentations 1
landscape 1
landscape 1
landscape 1
lapse 1
lastly 1
leathern 1
legal 1
legal 1
liability 1
liability 1
liberal 1
license 1
license 1
license 1
license 1
lichen 1
lieu 1
lieu 1
lingering 1
links 1
links 1
links 1
listening 1
listening 1
listening 1
listening 1
listening 1
literature 1
littleness 1
loaded 1
loaded 1
locking 1
lonely 1
lonely 1
longer 1
longer 1
longer 1
longer 1
longer 1
longer 1
longer 1
longer 1
longer 1
longer 1
longer 1
longer 1
longer 1
longer 1
longer 1
longer 1
longer 1
longer 1
longer 1
longer 1
longer 1
longer 1
longer 1
loss 1
loss 1
loss 1
loss 1
main 1
malice 1
malice 1
malice 1
malice 1
malice 1
malice 1
malice 1
manacled 1
manner 1
manner 1
manner 1
manner 1
manner 1
manner 1
manner 1
manner 1
manner 1
manner 1
manner 1
manner 1
manner 1
manner 1
manner 1
manner 1
manner 1
manner 1
manner 1
manner 1
manner 1
manner 1
manner 1
manner 1
manner 1
manner 1
manner 1
manner 1
manner 1
manner 1
manner 1
mantel 1
masters 1
masters 1
masters 1
masters 1
mate 1
mate 1
mate 1
mate 1
material 1
mechanical 1
medical 1
mental 1
mental 1
mere 1
mere 1
mere 1
middle 1
middle 1
middle 1
midst 1
midst 1
midst 1
mildness 1
mildness 1
mildness 1
milk 1
milk 1
milk 1
milk 1
milk 1
milk 1
mimic 1
minister 1
model 1
modern 1
modern 1
modern 1
modern 1
modern 1
modern 1
modern 1
modern 1
modern 1
modern 1
most 1
most 1
most 1
most 1
most 1
most 1
most 1
most 1
most 1
most 1
most 1
most 1
most 1
most 1
most 1
most 1
most 1
most 1
most 1
most 1
most 1
most 1
most 1
most 1
most 1
most 1
most 1
most 1
most 1
most 1
most 1
most 1
most 1
most 1
most 1
most 1
most 1
most 1
most 1
most 1
most 1
most 1
most 1
most 1
most 1
most 1
most 1
most 1
most 1
most 1
most 1
most 1
most 1
most 1
most 1
most 1
most 1
most 1
most 1
most 1
most 1
most 1
most 1
most 1
most 1
most 1
most 1
most 1
most 1
most 1
most 1
most 1
most 1
most 1
most 1
most 1
most 1
most 1
most 1
most 1
most 1
most 1
most 1
most 1
most 1
most 1
most 1
most 1
most 1
mourn 1
mourn 1
mourn 1
move 1
move 1
move 1
move 1
move 1
move 1
move 1
move 1
move 1
moved 1
moved 1
moved 1
moved 1
moved 1
moved 1
moved 1
moved 1
moved 1
moved 1
moved 1
moved 1
moved 1
moved 1
mysteries 1
mysteries 1
mystery 1
mystery 1
mystery 1
name 1
name 1
name 1
name 1
name 1
name 1
name 1
name 1
name 1
name 1
name 1
name 1
name 1
name 1
name 1
name 1
narrated 1
native 1
native 1
native 1
native 1
native 1
native 1
native 1
native 1
native 1
native 1
native 1
native 1
native 1
native 1
native 1
native 1
native 1
native 1
native 1
native 1
native 1
native 1
native 1
native 1
native 1
native 1
native 1
native 1
nature 1
nature 1
nature 1
nature 1
nature 1
nature 1
nature 1
nature 1
nature 1
nature 1
nature 1
nature 1
nature 1
nature 1
nature 1
nature 1
nature 1
nature 1
nature 1
nature 1
nature 1
nature 1
nature 1
nature 1
nature 1
nature 1
nature 1
nature 1
nature 1
nature 1
nature 1
nature 1
nature 1
nature 1
nature 1
nature 1
nature 1
nature 1
nature 1
nature 1
nature 1
nature 1
nature 1
nature 1
nature 1
nature 1
nature 1
nature 1
nature 1
nearer 1
nearer 1
nearer 1
nearer 1
nearer 1
nearer 1
nearer 1
nearer 1
neglected 1
neglected 1
neglected 1
neglected 1
neglected 1
neglected 1
neglected 1
neither 1
neither 1
neither 1
neither 1
neither 1
neither 1
neither 1
nights 1
nights 1
nights 1
nights 1
nights 1
noblest 1
nonsense 1
nothing 1
nothing 1
nothing 1
nothing 1
nothing 1
nothing 1
nothing 1
nothing 1
nothing 1
nothing 1
nothing 1
nothing 1
nothing 1
nothing 1
nothing 1
nothing 1
nothing 1
nothing 1
nothing 1
nothing 1
nothing 1
nothing 1
nothing 1
nothing 1
nothing 1
nothing 1
nothing 1
nothing 1
nothing 1
nothing 1
nourished 1
oars 1
oars 1
oaten 1
obvious 1
obvious 1
occurred 1
occurred 1
occurred 1
occurred 1
occurred 1
occurred 1
off 1
off 1
off 1
off 1
off 1
off 1
off 1
off 1
off 1
off 1
off 1
off 1
offals 1
omnipotence 1
on 1
on 1
on 1
on 1
on 1
on 1
on 1
on 1
on 1
on 1
on 1
on 1
on 1
on 1
on 1
on 1
on 1
on 1
on 1
on 1
on 1
on 1
on 1
on 1
on 1
on 1
on 1
on 1
on 1
on 1
on 1
on 1
on 1
on 1
on 1
on 1
on 1
on 1
on 1
on 1
on 1
on 1
on 1
on 1
on 1
on 1
on 1
on 1
on 1
on 1
on 1
on 1
on 1
on 1
on 1
on 1
on 1
on 1
on 1
on 1
on 1
on 1
on 1
on 1
on 1
on 1
on 1
on 1
on 1
on 1
on 1
on 1
on 1
on 1
on 1
on 1
on 1
on 1
on 1
on 1
on 1
on 1
on 1
on 1
on 1
on 1
on 1
on 1
on 1
on 1
on 1
on 1
on 1
on 1
on 1
on 1
on 1
on 1
on 1
on 1
on 1
on 1
on 1
on 1
on 1
on 1
on 1
on 1
on 1
on 1
on 1
on 1
on 1
on 1
on 1
on 1
on 1
on 1
on 1
on 1
on 1
on 1
on 1
on 1
on 1
on 1
on 1
on 1
on 1
on 1
on 1
on 1
on 1
on 1
on 1
on 1
on 1
on 1
on 1
on 1
on 1
on 1
on 1
on 1
on 1
on 1
on 1
on 1
on 1
on 1
on 1
on 1
on 1
on 1
on 1
on 1
on 1
on 1
on 1
on 1
on 1
on 1
on 1
on 1
on 1
on 1
on 1
on 1
on 1
on 1
on 1
on 1
on 1
on 1
on 1
on 1
on 1
on 1
on 1
on 1
on 1
on 1
on 1
on 1
on 1
on 1
on 1
on 1
on 1
on 1
on 1
on 1
on 1
on 1
on 1
on 1
on 1
on 1
on 1
on 1
on 1
on 1
on 1
on 1
on 1
on 1
on 1
on 1
on 1
on 1
on 1
on 1
on 1
on 1
on 1
on 1
on 1
on 1
on 1
on 1
on 1
on 1
on 1
on 1
on 1
on 1
on 1
on 1
on 1
on 1
on 1
on 1
on 1
on 1
on 1
on 1
on 1
on 1
on 1
on 1
on 1
on 1
on 1
on 1
on 1
on 1
on 1
on 1
on 1
on 1
on 1
on 1
on 1
on 1
on 1
on 1
on 1
on 1
on 1
on 1
on 1
on 1
on 1
on 1
on 1
on 1
on 1
on 1
on 1
on 1
on 1
on 1
on 1
on 1
on 1
on 1
on 1
on 1
on 1
on 1
on 1
on 1
on 1
on 1
on 1
on 1
on 1
on 1
on 1
on 1
on 1
on 1
on 1
on 1
on 1
on 1
on 1
on 1
on 1
on 1
on 1
on 1
on 1
on 1
on 1
on 1
on 1
on 1
on 1
on 1
on 1
on 1
on 1
on 1
on 1
on 1
on 1
on 1
on 1
on 1
on 1
on 1
on 1
on 1
on 1
on 1
on 1
on 1
on 1
on 1
on 1
on 1
on 1
on 1
on 1
on 1
on 1
on 1
on 1
on 1
on 1
on 1
on 1
on 1
on 1
on 1
on 1
on 1
on 1
on 1
on 1
on 1
on 1
on 1
on 1
on 1
on 1
on 1
on 1
on 1
on 1
on 1
on 1
on 1
on 1
on 1
on 1
on 1
on 1
on 1
on 1
on 1
on 1
on 1
on 1
on 1
on 1
on 1
on 1
on 1
on 1
on 1
on 1
on 1
on 1
on 1
on 1
on 1
on 1
on 1
on 1
on 1
on 1
on 1
on 1
on 1
on 1
on 1
on 1
on 1
on 1
on 1
on 1
on 1
on 1
on 1
on 1
on 1
on 1
on 1
on 1
on 1
on 1
on 1
on 1
on 1
on 1
on 1
on 1
on 1
on 1
on 1
on 1
on 1
on 1
on 1
on 1
on 1
on 1
on 1
on 1
on 1
on 1
on 1
on 1
on 1
on 1
on 1
on 1
on 1
on 1
on 1
on 1
on 1
on 1
on 1
on 1
on 1
on 1
opinions 1
opinions 1
oppressed 1
oppressed 1
oppressed 1
oppressed 1
oppressed 1
oppressed 1
opprobrium 1
organization 1
orientalists 1
outlines 1
overhangs 1
overhangs 1
overshadowed 1
pains 1
pains 1
pains 1
pains 1
pains 1
palaces 1
palaces 1
pangs 1
pangs 1
paradise 1
paradise 1
pass 1
pass 1
pass 1
pass 1
pass 1
pass 1
pass 1
pass 1
pass 1
pass 1
pass 1
pass 1
pass 1
pass 1
pass 1
pass 1
paternal 1
patriarchal 1
pays 1
peak 1
pedantry 1
peeped 1
penetration 1
penniless 1
people 1
people 1
people 1
people 1
people 1
people 1
people 1
people 1
people 1
people 1
people 1
people 1
people 1
people 1
perhaps 1
perhaps 1
perhaps 1
perhaps 1
perhaps 1
perhaps 1
perhaps 1
perhaps 1
perhaps 1
perhaps 1
perhaps 1
perhaps 1
perhaps 1
perhaps 1
perhaps 1
perhaps 1
perhaps 1
perhaps 1
perhaps 1
perhaps 1
perilous 1
permit 1
permit 1
permit 1
permit 1
permit 1
perpetually 1
perpetually 1
perpetually 1
persuade 1
persuade 1
persuade 1
persuade 1
persuade 1
persuade 1
persuade 1
persuade 1
persuade 1
persuade 1
petticoat 1
plains 1
plains 1
plains 1
playmate 1
playmate 1
plays 1
plays 1
pleasure 1
pleasure 1
pleasure 1
pleasure 1
pleasure 1
pleasure 1
pleasure 1
pleasure 1
pleasure 1
pleasure 1
pleasure 1
pleasure 1
pleasure 1
pleasure 1
pleasure 1
pleasure 1
pleasure 1
pleasure 1
pleasure 1
pleasure 1
pleasure 1
pleasure 1
pleasure 1
pleasure 1
pleasure 1
pleasure 1
pleasure 1
pleasure 1
pleasure 1
pleasure 1
pleasure 1
pleasure 1
pleasure 1
pleasure 1
pleasure 1
pleasure 1
pleasure 1
poetry 1
poetry 1
posted 1
posted 1
posted 1
posted 1
posted 1
poured 1
poured 1
poured 1
poured 1
poured 1
prayer 1
precarious 1
precarious 1
precautions 1
precipitous 1
precipitous 1
preferred 1
prejudice 1
prejudice 1
prescribed 1
presence 1
presence 1
presence 1
presence 1
presence 1
presence 1
presence 1
presence 1
presence 1
presence 1
presence 1
presence 1
presence 1
presence 1
presence 1
pretended 1
prevents 1
prevents 1
principally 1
principally 1
principally 1
probably 1
probably 1
probably 1
probably 1
processing 1
proclaim 1
proclaim 1
promontory 1
promontory 1
promontory 1
promontory 1
prospects 1
prospects 1
protestations 1
pursues 1
quenched 1
quenched 1
questioned 1
questions 1
questions 1
questions 1
questions 1
questions 1
questions 1
quick 1
quick 1
quick 1
quick 1
quick 1
quick 1
quick 1
quick 1
quitting 1
quitting 1
quitting 1
quivered 1
ramble 1
ramble 1
ran 1
ran 1
ran 1
ran 1
ran 1
ran 1
ran 1
range 1
rapture 1
rapture 1
rapture 1
rapture 1
re 1
re 1
re 1
reach 1
reach 1
reach 1
reach 1
reach 1
recall 1
receive 1
receive 1
receive 1
receive 1
receive 1
receive 1
receive 1
receive 1
receive 1
receive 1
recent 1
recent 1
recent 1
recollect 1
recollect 1
recollect 1
recollect 1
record 1
record 1
record 1
record 1
record 1
record 1
recur 1
redistributing 1
regarding 1
regarding 1
regarding 1
regret 1
regret 1
regret 1
regret 1
regret 1
regret 1
regret 1
rejoiced 1
rejoiced 1
rejoiced 1
remembrance 1
remembrance 1
remembrance 1
remembrance 1
remembrance 1
remembrance 1
remembrance 1
remembrance 1
remembrance 1
remembrance 1
remotest 1
renew 1
renew 1
renew 1
renew 1
renew 1
renounce 1
renovating 1
repair 1
repassed 1
repast 1
repeat 1
repentance 1
repentance 1
replied 1
replied 1
replied 1
replied 1
replied 1
replied 1
replied 1
replied 1
replied 1
replied 1
replied 1
replied 1
replied 1
replied 1
replied 1
replied 1
replied 1
replied 1
replied 1
replied 1
replied 1
replied 1
replied 1
replied 1
replied 1
replied 1
replied 1
reports 1
request 1
request 1
request 1
request 1
request 1
request 1
request 1
resigned 1
resigned 1
resistless 1
rested 1
rested 1
rested 1
rested 1
rested 1
rested 1
rests 1
rests 1
rests 1
result 1
result 1
result 1
result 1
result 1
reveal 1
reveal 1
reveries 1
reveries 1
reveries 1
rippling 1
rivers 1
rivers 1
rivers 1
rivers 1
rivers 1
roads 1
roads 1
rock 1
rock 1
rock 1
rock 1
rock 1
rock 1
rock 1
rock 1
rock 1
rock 1
rosy 1
ruins 1
ruins 1
s 1
s 1
s 1
s 1
s 1
s 1
s 1
s 1
s 1
s 1
s 1
s 1
s 1
s 1
s 1
s 1
s 1
s 1
s 1
s 1
s 1
s 1
s 1
s 1
s 1
s 1
s 1
s 1
s 1
s 1
s 1
s 1
s 1
s 1
s 1
s 1
s 1
s 1
s 1
s 1
s 1
s 1
s 1
s 1
s 1
s 1
s 1
s 1
s 1
s 1
s 1
s 1
s 1
s 1
s 1
s 1
s 1
s 1
s 1
s 1
s 1
s 1
s 1
s 1
s 1
s 1
s 1
s 1
s 1
s 1
s 1
s 1
s 1
s 1
s 1
s 1
s 1
s 1
s 1
s 1
s 1
s 1
s 1
s 1
s 1
s 1
s 1
s 1
s 1
s 1
s 1
s 1
s 1
sacrilege 1
sacrilege 1
sacrilege 1
said 1
said 1
said 1
said 1
said 1
said 1
said 1
said 1
said 1
said 1
said 1
said 1
said 1
said 1
said 1
said 1
said 1
said 1
said 1
said 1
said 1
said 1
said 1
said 1
said 1
said 1
said 1
said 1
said 1
said 1
said 1
said 1
said 1
said 1
said 1
said 1
said 1
said 1
said 1
said 1
said 1
said 1
said 1
said 1
said 1
said 1
said 1
said 1
said 1
said 1
said 1
said 1
said 1
said 1
said 1
said 1
said 1
said 1
said 1
said 1
said 1
said 1
said 1
said 1
said 1
said 1
said 1
said 1
said 1
said 1
said 1
said 1
said 1
said 1
said 1
said 1
said 1
said 1
said 1
said 1
said 1
said 1
said 1
said 1
said 1
said 1
said 1
said 1
said 1
said 1
said 1
said 1
said 1
said 1
said 1
said 1
said 1
said 1
said 1
said 1
said 1
said 1
sakes 1
sallies 1
sang 1
sang 1
sang 1
satisfy 1
satisfy 1
satisfy 1
satisfy 1
satisfy 1
satisfy 1
satisfy 1
save 1
save 1
save 1
save 1
save 1
saw 1
saw 1
saw 1
saw 1
saw 1
saw 1
saw 1
saw 1
saw 1
saw 1
saw 1
saw 1
saw 1
saw 1
saw 1
saw 1
saw 1
saw 1
saw 1
saw 1
saw 1
saw 1
saw 1
saw 1
saw 1
saw 1
saw 1
saw 1
saw 1
saw 1
saw 1
saw 1
saw 1
saw 1
saw 1
saw 1
saw 1
saw 1
saw 1
saw 1
saw 1
saw 1
saw 1
saw 1
saw 1
saw 1
saw 1
saw 1
saw 1
saw 1
saw 1
saw 1
saw 1
saw 1
saw 1
saw 1
saw 1
saw 1
saw 1
saw 1
saw 1
saw 1
saw 1
saw 1
saw 1
saw 1
saw 1
saw 1
saw 1
saw 1
saw 1
saw 1
saw 1
saw 1
saw 1
saw 1
saw 1
saw 1
saw 1
saw 1
saw 1
saw 1
saw 1
saw 1
saw 1
saw 1
saw 1
saw 1
saw 1
saw 1
saw 1
saw 1
saw 1
saw 1
schoolfellow 1
seal 1
season 1
season 1
season 1
season 1
season 1
season 1
season 1
season 1
season 1
secluded 1
secluded 1
secluded 1
secretly 1
seemed 1
seemed 1
seemed 1
seemed 1
seemed 1
seemed 1
seemed 1
seemed 1
seemed 1
seemed 1
seemed 1
seemed 1
seemed 1
seemed 1
seemed 1
seemed 1
seemed 1
seemed 1
seemed 1
seemed 1
seemed 1
seemed 1
seemed 1
seemed 1
seemed 1
seemed 1
seemed 1
seemed 1
seemed 1
seemed 1
seemed 1
seemed 1
seemed 1
seemed 1
seemed 1
seemed 1
seen 1
seen 1
seen 1
seen 1
seen 1
seen 1
seen 1
seen 1
seen 1
seen 1
seen 1
seen 1
seen 1
seen 1
seen 1
seen 1
seen 1
seen 1
seen 1
seen 1
seizing 1
senseless 1
senseless 1
senseless 1
senseless 1
sensibly 1
sensibly 1
sensibly 1
separated 1
separated 1
separated 1
severity 1
severity 1
severity 1
shade 1
shade 1
shade 1
shade 1
shadows 1
shape 1
shape 1
shape 1
shape 1
shape 1
shape 1
shape 1
shared 1
shared 1
shared 1
shepherd 1
shepherd 1
shine 1
shine 1
shine 1
shone 1
shone 1
shone 1
shone 1
shone 1
shone 1
shone 1
shone 1
shone 1
shone 1
shore 1
shore 1
shore 1
shore 1
shore 1
shore 1
shore 1
shore 1
shore 1
shore 1
shore 1
shore 1
shore 1
shore 1
shore 1
shore 1
shout 1
shout 1
shrieks 1
sickness 1
sickness 1
sickness 1
sickness 1
sickness 1
simplest 1
simplest 1
sinister 1
slave 1
slave 1
slave 1
slave 1
slave 1
small 1
small 1
small 1
small 1
small 1
small 1
small 1
small 1
small 1
small 1
small 1
small 1
small 1
small 1
small 1
small 1
small 1
small 1
smiles 1
smiles 1
smiles 1
smiles 1
smiles 1
smiles 1
smiles 1
smiles 1
smiles 1
smiles 1
smiles 1
smiles 1
smiles 1
smiles 1
smiles 1
smiling 1
smiling 1
smiling 1
sobs 1
softly 1
solicit 1
solicit 1
solid 1
sorry 1
sorry 1
sorry 1
sound 1
sound 1
sound 1
sound 1
sound 1
sound 1
sound 1
sound 1
sound 1
sound 1
sound 1
sound 1
sound 1
sound 1
sound 1
sound 1
sound 1
sound 1
sound 1
sound 1
sound 1
sound 1
spark 1
spark 1
spark 1
speaker 1
speechless 1
spite 1
spite 1
spite 1
spite 1
spots 1
spring 1
spring 1
spring 1
spring 1
spring 1
spring 1
spring 1
spring 1
spring 1
spring 1
spring 1
squalid 1
squalid 1
stamp 1
stars 1
stars 1
stars 1
stars 1
stars 1
stars 1
stars 1
stars 1
stars 1
stars 1
starvation 1
starvation 1
stated 1
steep 1
stillness 1
stillness 1
storm 1
storm 1
storm 1
storm 1
storm 1
storm 1
storm 1
storm 1
storm 1
storm 1
stove 1
stretch 1
strive 1
subsequent 1
subsequent 1
suffering 1
suffering 1
suffering 1
suffering 1
suffering 1
suggested 1
suggested 1
superstition 1
supplication 1
suppress 1
suppress 1
suppressing 1
sure 1
sure 1
sure 1
susceptible 1
susceptible 1
suspect 1
suspect 1
sustain 1
sustain 1
sustain 1
sustain 1
sustain 1
sustain 1
sustenance 1
sustenance 1
swell 1
swimming 1
sword 1
system 1
system 1
tales 1
tales 1
talked 1
talked 1
talked 1
talked 1
talked 1
tall 1
tall 1
tall 1
temporary 1
temporary 1
tend 1
tenderness 1
tenderness 1
tenderness 1
tenderness 1
tenets 1
terrible 1
terrible 1
terrible 1
terrible 1
terrible 1
terrible 1
terrible 1
terrible 1
terrible 1
terrible 1
terribly 1
terribly 1
that 1
that 1
that 1
that 1
that 1
that 1
that 1
that 1
that 1
that 1
that 1
that 1
that 1
that 1
that 1
that 1
that 1
that 1
that 1
that 1
that 1
that 1
that 1
that 1
that 1
that 1
that 1
that 1
that 1
that 1
that 1
that 1
that 1
that 1
that 1
that 1
that 1
that 1
that 1
that 1
that 1
that 1
that 1
that 1
that 1
that 1
that 1
that 1
that 1
that 1
that 1
that 1
that 1
that 1
that 1
that 1
that 1
that 1
that 1
that 1
that 1
that 1
that 1
that 1
that 1
that 1
that 1
that 1
that 1
that 1
that 1
that 1
that 1
that 1
that 1
that 1
that 1
that 1
that 1
that 1
that 1
that 1
that 1
that 1
that 1
that 1
that 1
that 1
that 1
that 1
that 1
that 1
that 1
that 1
that 1
that 1
that 1
that 1
that 1
that 1
that 1
that 1
that 1
that 1
that 1
that 1
that 1
that 1
that 1
that 1
that 1
that 1
that 1
that 1
that 1
that 1
that 1
that 1
that 1
that 1
that 1
that 1
that 1
that 1
that 1
that 1
that 1
that 1
that 1
that 1
that 1
that 1
that 1
that 1
that 1
that 1
that 1
that 1
that 1
that 1
that 1
that 1
that 1
that 1
that 1
that 1
that 1
that 1
that 1
that 1
that 1
that 1
that 1
that 1
that 1
that 1
that 1
that 1
that 1
that 1
that 1
that 1
that 1
that 1
that 1
that 1
that 1
that 1
that 1
that 1
that 1
that 1
that 1
that 1
that 1
that 1
that 1
that 1
that 1
that 1
that 1
that 1
that 1
that 1
that 1
that 1
that 1
that 1
that 1
that 1
that 1
that 1
that 1
that 1
that 1
that 1
that 1
that 1
that 1
that 1
that 1
that 1
that 1
that 1
that 1
that 1
that 1
that 1
that 1
that 1
that 1
that 1
that 1
that 1
that 1
that 1
that 1
that 1
that 1
that 1
that 1
that 1
that 1
that 1
that 1
that 1
that 1
that 1
that 1
that 1
that 1
that 1
that 1
that 1
that 1
that 1
that 1
that 1
that 1
that 1
that 1
that 1
that 1
that 1
that 1
that 1
that 1
that 1
that 1
that 1
that 1
that 1
that 1
that 1
that 1
that 1
that 1
that 1
that 1
that 1
that 1
that 1
that 1
that 1
that 1
that 1
that 1
that 1
that 1
that 1
that 1
that 1
that 1
that 1
that 1
that 1
that 1
that 1
that 1
that 1
that 1
that 1
that 1
that 1
that 1
that 1
that 1
that 1
that 1
that 1
that 1
that 1
that 1
that 1
that 1
that 1
that 1
that 1
that 1
that 1
that 1
that 1
that 1
that 1
that 1
that 1
that 1
that 1
that 1
that 1
that 1
that 1
that 1
that 1
that 1
that 1
that 1
that 1
that 1
that 1
that 1
that 1
that 1
that 1
that 1
that 1
that 1
that 1
that 1
that 1
that 1
that 1
that 1
that 1
that 1
that 1
that 1
that 1
that 1
that 1
that 1
that 1
that 1
that 1
that 1
that 1
that 1
that 1
that 1
that 1
that 1
that 1
that 1
that 1
that 1
that 1
that 1
that 1
that 1
that 1
that 1
that 1
that 1
that 1
that 1
that 1
that 1
that 1
that 1
that 1
that 1
that 1
that 1
that 1
that 1
that 1
that 1
that 1
that 1
that 1
that 1
that 1
that 1
that 1
that 1
that 1
that 1
that 1
that 1
that 1
that 1
that 1
that 1
that 1
that 1
that 1
that 1
that 1
that 1
that 1
that 1
that 1
that 1
that 1
that 1
that 1
that 1
that 1
that 1
that 1
that 1
that 1
that 1
that 1
that 1
that 1
that 1
that 1
that 1
that 1
that 1
that 1
that 1
that 1
that 1
that 1
that 1
that 1
that 1
that 1
that 1
that 1
that 1
that 1
that 1
that 1
that 1
that 1
that 1
that 1
that 1
that 1
that 1
that 1
that 1
that 1
that 1
that 1
that 1
that 1
that 1
that 1
that 1
that 1
that 1
that 1
that 1
that 1
that 1
that 1
that 1
that 1
that 1
that 1
that 1
that 1
that 1
that 1
that 1
that 1
that 1
that 1
that 1
that 1
that 1
that 1
that 1
that 1
that 1
that 1
that 1
that 1
that 1
that 1
that 1
that 1
that 1
that 1
that 1
that 1
that 1
that 1
that 1
that 1
that 1
that 1
that 1
that 1
that 1
that 1
that 1
that 1
that 1
that 1
that 1
that 1
that 1
that 1
that 1
that 1
that 1
that 1
that 1
that 1
that 1
that 1
that 1
that 1
that 1
that 1
that 1
that 1
that 1
that 1
that 1
that 1
that 1
that 1
that 1
that 1
that 1
that 1
that 1
that 1
that 1
that 1
that 1
that 1
that 1
that 1
that 1
that 1
that 1
that 1
that 1
that 1
that 1
that 1
that 1
that 1
that 1
that 1
that 1
that 1
that 1
that 1
that 1
that 1
that 1
that 1
that 1
that 1
that 1
that 1
that 1
that 1
that 1
that 1
that 1
that 1
that 1
that 1
that 1
that 1
that 1
that 1
that 1
that 1
that 1
that 1
that 1
that 1
that 1
that 1
that 1
that 1
that 1
that 1
that 1
that 1
that 1
that 1
that 1
that 1
that 1
that 1
that 1
that 1
that 1
that 1
that 1
that 1
that 1
that 1
that 1
that 1
that 1
that 1
that 1
that 1
that 1
that 1
that 1
that 1
that 1
that 1
that 1
that 1
that 1
that 1
that 1
that 1
that 1
that 1
that 1
that 1
that 1
that 1
that 1
that 1
that 1
that 1
that 1
that 1
that 1
that 1
that 1
that 1
that 1
that 1
that 1
that 1
that 1
that 1
that 1
that 1
that 1
that 1
that 1
that 1
that 1
that 1
that 1
that 1
that 1
that 1
that 1
that 1
that 1
that 1
that 1
that 1
that 1
that 1
that 1
that 1
that 1
that 1
that 1
that 1
that 1
that 1
that 1
that 1
that 1
that 1
that 1
that 1
that 1
that 1
that 1
that 1
that 1
that 1
that 1
that 1
that 1
that 1
that 1
that 1
that 1
that 1
that 1
that 1
that 1
that 1
that 1
that 1
that 1
that 1
that 1
that 1
that 1
that 1
that 1
that 1
that 1
that 1
that 1
that 1
that 1
that 1
that 1
that 1
that 1
that 1
that 1
that 1
that 1
that 1
that 1
that 1
that 1
that 1
that 1
that 1
that 1
that 1
that 1
that 1
that 1
that 1
that 1
that 1
that 1
that 1
that 1
that 1
that 1
that 1
that 1
that 1
that 1
that 1
that 1
that 1
that 1
that 1
that 1
that 1
that 1
that 1
that 1
that 1
that 1
that 1
that 1
that 1
that 1
that 1
that 1
that 1
that 1
that 1
that 1
that 1
that 1
that 1
that 1
that 1
that 1
that 1
that 1
that 1
that 1
that 1
that 1
that 1
that 1
that 1
that 1
that 1
that 1
that 1
that 1
that 1
that 1
that 1
that 1
that 1
that 1
that 1
that 1
that 1
that 1
that 1
that 1
that 1
that 1
that 1
that 1
that 1
that 1
that 1
that 1
that 1
that 1
that 1
that 1
that 1
that 1
that 1
that 1
that 1
that 1
that 1
that 1
that 1
that 1
that 1
that 1
that 1
that 1
that 1
that 1
that 1
that 1
that 1
that 1
that 1
that 1
that 1
that 1
that 1
that 1
that 1
that 1
that 1
that 1
that 1
that 1
that 1
that 1
that 1
that 1
that 1
that 1
that 1
that 1
that 1
that 1
that 1
that 1
that 1
that 1
that 1
that 1
that 1
that 1
that 1
that 1
that 1
that 1
that 1
that 1
that 1
that 1
that 1
that 1
that 1
that 1
that 1
that 1
that 1
that 1
that 1
that 1
that 1
that 1
that 1
that 1
that 1
that 1
that 1
that 1
that 1
that 1
that 1
that 1
that 1
that 1
that 1
that 1
that 1
that 1
that 1
that 1
that 1
that 1
that 1
that 1
that 1
that 1
that 1
that 1
that 1
that 1
that 1
that 1
that 1
that 1
that 1
that 1
that 1
that 1
that 1
that 1
that 1
that 1
that 1
that 1
that 1
that 1
that 1
that 1
that 1
that 1
that 1
that 1
that 1
that 1
that 1
that 1
that 1
that 1
that 1
that 1
that 1
that 1
that 1
that 1
that 1
that 1
that 1
that 1
that 1
that 1
that 1
that 1
that 1
that 1
that 1
that 1
that 1
that 1
that 1
that 1
that 1
that 1
that 1
that 1
that 1
that 1
that 1
that 1
that 1
that 1
that 1
that 1
that 1
that 1
that 1
that 1
that 1
that 1
that 1
that 1
that 1
that 1
that 1
that 1
that 1
that 1
that 1
that 1
that 1
that 1
that 1
that 1
that 1
that 1
that 1
that 1
that 1
that 1
that 1
that 1
that 1
that 1
that 1
that 1
that 1
that 1
that 1
that 1
that 1
that 1
that 1
that 1
that 1
that 1
that 1
that 1
that 1
that 1
that 1
that 1
that 1
that 1
these 1
these 1
these 1
these 1
these 1
these 1
these 1
these 1
these 1
these 1
these 1
these 1
these 1
these 1
these 1
these 1
these 1
these 1
these 1
these 1
these 1
these 1
these 1
these 1
these 1
these 1
these 1
these 1
these 1
these 1
these 1
these 1
these 1
these 1
these 1
these 1
these 1
these 1
these 1
these 1
these 1
these 1
these 1
these 1
these 1
these 1
these 1
these 1
these 1
these 1
these 1
these 1
these 1
these 1
these 1
these 1
these 1
these 1
these 1
these 1
these 1
these 1
these 1
these 1
these 1
these 1
these 1
these 1
these 1
these 1
these 1
these 1
these 1
these 1
these 1
these 1
these 1
these 1
these 1
these 1
these 1
these 1
these 1
these 1
these 1
these 1
these 1
these 1
these 1
these 1
these 1
these 1
these 1
these 1
these 1
these 1
these 1
these 1
these 1
these 1
these 1
these 1
these 1
these 1
these 1
these 1
these 1
these 1
these 1
these 1
these 1
these 1
these 1
these 1
these 1
these 1
these 1
these 1
these 1
these 1
these 1
these 1
these 1
these 1
these 1
these 1
these 1
these 1
these 1
these 1
these 1
these 1
these 1
these 1
these 1
thick 1
thick 1
thick 1
thick 1
thick 1
thick 1
thick 1
third 1
third 1
thirsted 1
thirsted 1
thought 1
thought 1
thought 1
thought 1
thought 1
thought 1
thought 1
thought 1
thought 1
thought 1
thought 1
thought 1
thought 1
thought 1
thought 1
thought 1
thought 1
thought 1
thought 1
thought 1
thought 1
thought 1
thought 1
thought 1
thought 1
thought 1
thought 1
thought 1
thought 1
thought 1
thought 1
thought 1
thought 1
thought 1
thought 1
thought 1
thought 1
thought 1
thought 1
thought 1
thought 1
thought 1
thought 1
thought 1
thought 1
thought 1
thought 1
thought 1
thought 1
thought 1
thought 1
thought 1
thought 1
thought 1
thought 1
thought 1
thought 1
thought 1
thought 1
thought 1
thought 1
thought 1
thought 1
thought 1
thought 1
thought 1
thought 1
thought 1
thought 1
thought 1
thought 1
thought 1
thought 1
thought 1
thoughtlessly 1
thousands 1
thousands 1
thousands 1
thrice 1
thrill 1
thrill 1
thy 1
thy 1
thy 1
thy 1
thy 1
thy 1
thy 1
thy 1
thy 1
thy 1
thy 1
thy 1
thy 1
thy 1
thy 1
thy 1
thy 1
thy 1
ties 1
ties 1
ties 1
ties 1
ties 1
till 1
till 1
tingle 1
toils 1
toils 1
toils 1
toils 1
toils 1
toils 1
toils 1
toils 1
tomorrow 1
tomorrow 1
tongues 1
took 1
took 1
took 1
took 1
took 1
took 1
took 1
took 1
took 1
took 1
took 1
took 1
took 1
took 1
took 1
took 1
took 1
took 1
took 1
took 1
took 1
took 1
took 1
took 1
took 1
took 1
took 1
took 1
took 1
took 1
took 1
took 1
took 1
took 1
took 1
took 1
topic 1
towering 1
trained 1
trample 1
trample 1
trampled 1
trance 1
transacted 1
travels 1
travels 1
travels 1
travels 1
traversing 1
treasure 1
treasure 1
tremble 1
tremble 1
tremble 1
tremble 1
tremble 1
tremble 1
truce 1
turn 1
turn 1
turn 1
turn 1
turn 1
turn 1
turn 1
turn 1
turn 1
turn 1
turn 1
turn 1
tyrants 1
ugly 1
ugly 1
ugly 1
unable 1
unable 1
unable 1
unable 1
unable 1
unable 1
unable 1
unable 1
unable 1
unable 1
unable 1
unable 1
unable 1
unable 1
unable 1
unable 1
unable 1
unable 1
unable 1
unable 1
unable 1
unalterable 1
uncle 1
uncle 1
uncle 1
uncle 1
uncle 1
uncle 1
uncle 1
uncle 1
uneasy 1
uneasy 1
uneasy 1
unfolded 1
unfolded 1
unhallowed 1
unhallowed 1
unhallowed 1
unhallowed 1
unhappy 1
unhappy 1
unhappy 1
unhappy 1
unhappy 1
unhappy 1
unhappy 1
unhappy 1
unhappy 1
unhappy 1
unhappy 1
unhappy 1
unhappy 1
unhappy 1
unhappy 1
unhappy 1
unhappy 1
unhappy 1
unlink 1
unparalleled 1
unparalleled 1
unparalleled 1
unparalleled 1
unparalleled 1
unspeakable 1
unspeakable 1
unstained 1
unsuccessful 1
utensils 1
utensils 1
vainly 1
vainly 1
vainly 1
vainly 1
vales 1
valued 1
valued 1
valued 1
various 1
various 1
various 1
various 1
various 1
various 1
various 1
various 1
various 1
various 1
various 1
various 1
various 1
various 1
various 1
various 1
various 1
various 1
various 1
various 1
various 1
various 1
various 1
various 1
various 1
various 1
various 1
verdure 1
verdure 1
vexations 1
viands 1
victorious 1
vineyards 1
volunteers 1
volunteers 1
volunteers 1
volunteers 1
volunteers 1
voyage 1
voyage 1
voyage 1
voyage 1
voyage 1
voyage 1
voyage 1
voyage 1
voyage 1
voyage 1
voyage 1
voyage 1
voyage 1
voyage 1
voyage 1
wants 1
wants 1
wants 1
warm 1
warm 1
warm 1
warm 1
warm 1
warm 1
warm 1
warm 1
warmest 1
warmest 1
warrant 1
whilst 1
whilst 1
whilst 1
whilst 1
whilst 1
whilst 1
whilst 1
whilst 1
whilst 1
whirled 1
whole 1
whole 1
whole 1
whole 1
whole 1
whole 1
whole 1
whole 1
whole 1
whole 1
whole 1
whole 1
whole 1
whole 1
whole 1
whole 1
whole 1
whole 1
whole 1
whole 1
whole 1
whole 1
whole 1
whole 1
whole 1
whole 1
whole 1
whole 1
whole 1
whole 1
whole 1
whole 1
windings 1
windings 1
windings 1
wine 1
wisest 1
wishing 1
wishing 1
withhold 1
work 1
work 1
work 1
work 1
work 1
work 1
work 1
work 1
work 1
work 1
work 1
work 1
work 1
work 1
work 1
work 1
work 1
work 1
work 1
work 1
work 1
work 1
work 1
work 1
work 1
work 1
work 1
work 1
work 1
work 1
work 1
work 1
work 1
work 1
work 1
work 1
work 1
work 1
work 1
work 1
work 1
work 1
work 1
work 1
work 1
work 1
work 1
work 1
work 1
work 1
work 1
work 1
work 1
work 1
work 1
work 1
work 1
work 1
work 1
work 1
work 1
work 1
work 1
work 1
work 1
work 1
work 1
work 1
work 1
work 1
work 1
work 1
work 1
work 1
work 1
work 1
work 1
working 1
working 1
workman 1
worthy 1
worthy 1
worthy 1
worthy 1
worthy 1
wrapped 1
wrapped 1
wrapped 1
wrapped 1
wretchedly 1
wrong 1
yield 1
yield 1
yield 1
yield 1
yield 1
