ACTUAL 1
AGREEMENT 1
Adieu 1
Adieu 1
Again 1
Again 1
Again 1
Again 1
Agrippa 1
Agrippa 1
Agrippa 1
Agrippa 1
Agrippa 1
Agrippa 1
Agrippa 1
Agrippa 1
Almost 1
Am 1
Am 1
Answer 1
Any 1
As 1
As 1
As 1
As 1
As 1
As 1
As 1
As 1
As 1
As 1
As 1
As 1
As 1
As 1
As 1
As 1
As 1
As 1
As 1
As 1
As 1
As 1
As 1
As 1
As 1
As 1
As 1
As 1
As 1
As 1
As 1
As 1
As 1
As 1
As 1
As 1
As 1
As 1
As 1
As 1
As 1
As 1
As 1
As 1
As 1
As 1
Ay 1
Ay 1
Ay 1
Because 1
Bernard 1
Chamounix 1
Chamounix 1
Chamounix 1
Chamounix 1
Chamounix 1
Child 1
Compose 1
Concerning 1
DAMAGES 1
DAMAGES 1
Dear 1
Dear 1
Dear 1
Dear 1
Dear 1
Dear 1
Defects 1
Despair 1
Despair 1
Despite 1
Domain 1
Europe 1
Europe 1
Fiend 1
Fiend 1
Food 1
Friend 1
Get 1
God 1
God 1
God 1
God 1
God 1
God 1
God 1
God 1
God 1
God 1
God 1
God 1
God 1
God 1
God 1
God 1
God 1
God 1
God 1
God 1
God 1
God 1
Have 1
Have 1
Have 1
Have 1
Have 1
Have 1
Have 1
INDIRECT 1
Immense 1
Immense 1
Inflamed 1
Isis 1
London 1
London 1
London 1
London 1
London 1
London 1
London 1
London 1
ME 1
Mariner 1
Mariner 1
Melancholy 1
Milanese 1
Monday 1
Near 1
Never 1
Never 1
Never 1
Night 1
Night 1
Night 1
Night 1
Oxford 1
Oxford 1
Oxford 1
Oxford 1
Oxford 1
PUNITIVE 1
Persecuted 1
Persian 1
Persian 1
Please 1
Produced 1
Produced 1
Revenue 1
Rhone 1
Rhone 1
Robert 1
Romans 1
Saville 1
Saville 1
Saville 1
Saville 1
Savoy 1
Sections 1
Seek 1
Shutting 1
Sometimes 1
Sometimes 1
Sometimes 1
Sometimes 1
Sometimes 1
Sometimes 1
Sometimes 1
Sometimes 1
Sometimes 1
Sometimes 1
Sometimes 1
Sometimes 1
Sometimes 1
Sometimes 1
Sometimes 1
Sometimes 1
Sometimes 1
Sometimes 1
Sometimes 1
Sometimes 1
Sometimes 1
Sometimes 1
Sometimes 1
There 1
There 1
There 1
There 1
There 1
There 1
There 1
There 1
There 1
There 1
There 1
There 1
There 1
There 1
There 1
There 1
There 1
There 1
Thursday 1
Turkish 1
Turkish 1
Two 1
Two 1
Two 1
Two 1
Two 1
UNDER 1
Unless 1
Unless 1
Upon 1
Upon 1
Uttering 1
Vegetables 1
Very 1
WARRANTY 1
WARRANTY 1
WITH 1
WITH 1
WITH 1
WITH 1
WITH 1
Well 1
Well 1
Well 1
Whence 1
Whence 1
Why 1
Why 1
Why 1
Why 1
Why 1
Why 1
Why 1
Why 1
Why 1
Why 1
Why 1
Why 1
Why 1
Why 1
Why 1
Why 1
Why 1
Why 1
Will 1
Will 1
Without 1
Wretched 1
Years 1
abhor 1
abhor 1
abhor 1
abhor 1
abhor 1
abortion 1
accidents 1
accidents 1
accidents 1
accidents 1
accidents 1
accomplished 1
accomplished 1
accumulated 1
accumulated 1
accumulated 1
accumulated 1
accurate 1
accustomed 1
accustomed 1
accustomed 1
accustomed 1
accustomed 1
accustomed 1
accustomed 1
accustomed 1
accustomed 1
accustomed 1
acquaintances 1
acquire 1
acquire 1
acquittal 1
action 1
action 1
action 1
action 1
action 1
added 1
added 1
added 1
added 1
added 1
added 1
added 1
address 1
address 1
address 1
address 1
admittance 1
adrift 1
advanced 1
advanced 1
advanced 1
advanced 1
advanced 1
advanced 1
advanced 1
advanced 1
advanced 1
advanced 1
advanced 1
advanced 1
advanced 1
affected 1
affected 1
affected 1
ages 1
ages 1
ages 1
ages 1
agitates 1
agitates 1
agitation 1
agitation 1
agitation 1
agitation 1
agitation 1
agitation 1
agitation 1
agitation 1
agitation 1
agitation 1
agitation 1
agitation 1
agitation 1
agitation 1
agree 1
agree 1
agree 1
agree 1
agree 1
agree 1
agree 1
agree 1
agreeable 1
agreeable 1
agreeable 1
agreeable 1
agreeable 1
aid 1
aid 1
aid 1
aid 1
aid 1
aid 1
aid 1
aid 1
aid 1
aid 1
alike 1
alike 1
alike 1
alleged 1
almost 1
almost 1
almost 1
almost 1
almost 1
almost 1
almost 1
almost 1
almost 1
almost 1
almost 1
almost 1
almost 1
almost 1
almost 1
almost 1
almost 1
almost 1
almost 1
almost 1
almost 1
almost 1
almost 1
almost 1
almost 1
almost 1
almost 1
almost 1
almost 1
almost 1
almost 1
almost 1
almost 1
almost 1
almost 1
almost 1
almost 1
almost 1
almost 1
am 1
am 1
am 1
am 1
am 1
am 1
am 1
am 1
am 1
am 1
am 1
am 1
am 1
am 1
am 1
am 1
am 1
am 1
am 1
am 1
am 1
am 1
am 1
am 1
am 1
am 1
am 1
am 1
am 1
am 1
am 1
am 1
am 1
am 1
am 1
am 1
am 1
am 1
am 1
am 1
am 1
am 1
am 1
am 1
am 1
am 1
am 1
am 1
am 1
am 1
am 1
am 1
am 1
am 1
am 1
am 1
am 1
am 1
am 1
am 1
am 1
am 1
am 1
am 1
am 1
am 1
am 1
am 1
am 1
am 1
am 1
am 1
am 1
am 1
am 1
am 1
am 1
am 1
am 1
am 1
am 1
am 1
am 1
am 1
am 1
am 1
am 1
am 1
am 1
am 1
am 1
am 1
am 1
am 1
am 1
am 1
am 1
am 1
am 1
am 1
am 1
am 1
am 1
am 1
am 1
am 1
am 1
am 1
am 1
am 1
am 1
am 1
am 1
am 1
am 1
am 1
am 1
am 1
am 1
am 1
am 1
am 1
am 1
am 1
amidst 1
amidst 1
amidst 1
amidst 1
amidst 1
amidst 1
amidst 1
animal 1
animal 1
animal 1
animal 1
animal 1
animal 1
animal 1
animal 1
animal 1
anon 1
antelope 1
antipathy 1
anyone 1
anyone 1
anyone 1
anyone 1
anyone 1
anyone 1
anyone 1
anyone 1
anyone 1
apartment 1
apartment 1
apartment 1
apartment 1
apartment 1
apartment 1
apartment 1
apartment 1
apartment 1
appalling 1
appalling 1
appalling 1
appalling 1
appalling 1
appeals 1
appearance 1
appearance 1
appearance 1
appearance 1
appearance 1
appearance 1
appearance 1
appearance 1
appearance 1
appearance 1
appearance 1
appearance 1
appearance 1
appearance 1
appearance 1
appearance 1
appearance 1
appearance 1
appearance 1
appearance 1
appearance 1
appearance 1
appearance 1
appearance 1
appearance 1
appearance 1
appearance 1
appearance 1
appearance 1
appearance 1
appeared 1
appeared 1
appeared 1
appeared 1
appeared 1
appeared 1
appeared 1
appeared 1
appeared 1
appeared 1
appeared 1
appeared 1
appeared 1
appeared 1
appeared 1
appeared 1
appeared 1
appeared 1
appeared 1
appeared 1
appeared 1
appeared 1
appeared 1
appeared 1
appeared 1
appeared 1
appeared 1
appeared 1
appeared 1
appeared 1
appeared 1
appeared 1
appeared 1
appeared 1
appeared 1
appeared 1
appeared 1
appeared 1
appeared 1
appeared 1
appeared 1
appeared 1
appeared 1
appeared 1
appeared 1
appeared 1
appeared 1
appeared 1
appeared 1
appeared 1
appeared 1
appeared 1
appeared 1
appeared 1
appeared 1
appeared 1
appeared 1
appertaining 1
appertaining 1
approaching 1
approaching 1
approaching 1
arbiters 1
arch 1
arch 1
are 1
are 1
are 1
are 1
are 1
are 1
are 1
are 1
are 1
are 1
are 1
are 1
are 1
are 1
are 1
are 1
are 1
are 1
are 1
are 1
are 1
are 1
are 1
are 1
are 1
are 1
are 1
are 1
are 1
are 1
are 1
are 1
are 1
are 1
are 1
are 1
are 1
are 1
are 1
are 1
are 1
are 1
are 1
are 1
are 1
are 1
are 1
are 1
are 1
are 1
are 1
are 1
are 1
are 1
are 1
are 1
are 1
are 1
are 1
are 1
are 1
are 1
are 1
are 1
are 1
are 1
are 1
are 1
are 1
are 1
are 1
are 1
are 1
are 1
are 1
are 1
are 1
are 1
are 1
are 1
are 1
are 1
are 1
are 1
are 1
are 1
are 1
are 1
are 1
are 1
are 1
are 1
are 1
are 1
are 1
are 1
are 1
are 1
are 1
are 1
are 1
are 1
are 1
are 1
are 1
are 1
are 1
are 1
are 1
are 1
are 1
are 1
are 1
are 1
are 1
are 1
are 1
are 1
are 1
are 1
are 1
are 1
are 1
are 1
are 1
are 1
are 1
are 1
are 1
are 1
are 1
are 1
are 1
are 1
are 1
are 1
are 1
are 1
are 1
are 1
are 1
are 1
are 1
are 1
are 1
are 1
are 1
are 1
are 1
are 1
are 1
are 1
are 1
are 1
are 1
are 1
are 1
are 1
are 1
are 1
are 1
are 1
are 1
are 1
are 1
are 1
are 1
are 1
are 1
are 1
are 1
are 1
are 1
are 1
are 1
are 1
are 1
are 1
are 1
are 1
are 1
are 1
are 1
are 1
are 1
are 1
are 1
are 1
are 1
arrives 1
as 1
as 1
as 1
as 1
as 1
as 1
as 1
as 1
as 1
as 1
as 1
as 1
as 1
as 1
as 1
as 1
as 1
as 1
as 1
as 1
as 1
as 1
as 1
as 1
as 1
as 1
as 1
as 1
as 1
as 1
as 1
as 1
as 1
as 1
as 1
as 1
as 1
as 1
as 1
as 1
as 1
as 1
as 1
as 1
as 1
as 1
as 1
as 1
as 1
as 1
as 1
as 1
as 1
as 1
as 1
as 1
as 1
as 1
as 1
as 1
as 1
as 1
as 1
as 1
as 1
as 1
as 1
as 1
as 1
as 1
as 1
as 1
as 1
as 1
as 1
as 1
as 1
as 1
as 1
as 1
as 1
as 1
as 1
as 1
as 1
as 1
as 1
as 1
as 1
as 1
as 1
as 1
as 1
as 1
as 1
as 1
as 1
as 1
as 1
as 1
as 1
as 1
as 1
as 1
as 1
as 1
as 1
as 1
as 1
as 1
as 1
as 1
as 1
as 1
as 1
as 1
as 1
as 1
as 1
as 1
as 1
as 1
as 1
as 1
as 1
as 1
as 1
as 1
as 1
as 1
as 1
as 1
as 1
as 1
as 1
as 1
as 1
as 1
as 1
as 1
as 1
as 1
as 1
as 1
as 1
as 1
as 1
as 1
as 1
as 1
as 1
as 1
as 1
as 1
as 1
as 1
as 1
as 1
as 1
as 1
as 1
as 1
as 1
as 1
as 1
as 1
as 1
as 1
as 1
as 1
as 1
as 1
as 1
as 1
as 1
as 1
as 1
as 1
as 1
as 1
as 1
as 1
as 1
as 1
as 1
as 1
as 1
as 1
as 1
as 1
as 1
as 1
as 1
as 1
as 1
as 1
as 1
as 1
as 1
as 1
as 1
as 1
as 1
as 1
as 1
as 1
as 1
as 1
as 1
as 1
as 1
as 1
as 1
as 1
as 1
as 1
as 1
as 1
as 1
as 1
as 1
as 1
as 1
as 1
as 1
as 1
as 1
as 1
as 1
as 1
as 1
as 1
as 1
as 1
as 1
as 1
as 1
as 1
as 1
as 1
as 1
as 1
as 1
as 1
as 1
as 1
as 1
as 1
as 1
as 1
as 1
as 1
as 1
as 1
as 1
as 1
as 1
as 1
as 1
as 1
as 1
as 1
as 1
as 1
as 1
as 1
as 1
as 1
as 1
as 1
as 1
as 1
as 1
as 1
as 1
as 1
as 1
as 1
as 1
as 1
as 1
as 1
as 1
as 1
as 1
as 1
as 1
as 1
as 1
as 1
as 1
as 1
as 1
as 1
as 1
as 1
as 1
as 1
as 1
as 1
as 1
as 1
as 1
as 1
as 1
as 1
as 1
as 1
as 1
as 1
as 1
as 1
as 1
as 1
as 1
as 1
as 1
as 1
as 1
as 1
as 1
as 1
as 1
as 1
as 1
as 1
as 1
as 1
as 1
as 1
as 1
as 1
as 1
as 1
as 1
as 1
as 1
as 1
as 1
as 1
as 1
as 1
as 1
as 1
as 1
as 1
as 1
as 1
as 1
as 1
as 1
as 1
as 1
as 1
as 1
as 1
as 1
as 1
as 1
as 1
as 1
as 1
as 1
as 1
as 1
as 1
as 1
as 1
as 1
as 1
as 1
as 1
as 1
as 1
as 1
as 1
as 1
as 1
as 1
as 1
as 1
as 1
as 1
as 1
as 1
as 1
as 1
as 1
as 1
as 1
as 1
as 1
as 1
as 1
as 1
as 1
as 1
as 1
as 1
as 1
as 1
as 1
as 1
as 1
as 1
as 1
as 1
as 1
as 1
as 1
as 1
as 1
as 1
as 1
as 1
as 1
as 1
as 1
as 1
as 1
as 1
as 1
as 1
as 1
as 1
as 1
as 1
as 1
as 1
as 1
as 1
as 1
as 1
as 1
as 1
as 1
as 1
as 1
as 1
as 1
as 1
as 1
as 1
as 1
as 1
as 1
as 1
as 1
as 1
as 1
as 1
as 1
as 1
as 1
as 1
as 1
as 1
as 1
as 1
as 1
as 1
as 1
as 1
as 1
as 1
as 1
as 1
as 1
as 1
as 1
as 1
as 1
as 1
as 1
as 1
as 1
as 1
as 1
as 1
as 1
as 1
as 1
as 1
as 1
as 1
as 1
as 1
as 1
as 1
as 1
as 1
as 1
aspired 1
assertion 1
assertion 1
assisted 1
assisted 1
assisted 1
associated 1
associated 1
associated 1
associated 1
associated 1
associated 1
associated 1
associated 1
associated 1
associated 1
associated 1
assures 1
attached 1
attached 1
attached 1
attached 1
attached 1
attached 1
attached 1
attendants 1
attendants 1
auditor 1
augmented 1
augmented 1
augmented 1
augmented 1
authors 1
authors 1
authors 1
authors 1
authors 1
availed 1
avenge 1
aware 1
away 1
away 1
away 1
away 1
away 1
away 1
away 1
away 1
away 1
away 1
away 1
away 1
away 1
away 1
away 1
away 1
away 1
away 1
away 1
away 1
away 1
away 1
away 1
away 1
away 1
away 1
away 1
away 1
away 1
away 1
away 1
away 1
away 1
away 1
away 1
away 1
away 1
away 1
away 1
away 1
away 1
away 1
away 1
away 1
away 1
away 1
away 1
away 1
away 1
away 1
away 1
away 1
away 1
ay 1
b 1
balminess 1
barbarously 1
bare 1
bare 1
bare 1
bare 1
bare 1
bare 1
bare 1
barred 1
barred 1
barred 1
barred 1
barriers 1
basket 1
basket 1
basket 1
bearing 1
bearing 1
bearing 1
because 1
because 1
because 1
because 1
because 1
because 1
because 1
because 1
because 1
because 1
because 1
because 1
because 1
because 1
because 1
because 1
because 1
bedroom 1
bedside 1
beheld 1
beheld 1
beheld 1
beheld 1
beheld 1
beheld 1
beheld 1
beheld 1
beheld 1
beheld 1
beheld 1
beheld 1
beheld 1
beheld 1
beheld 1
beheld 1
beheld 1
beheld 1
beheld 1
beheld 1
beheld 1
beheld 1
beheld 1
beheld 1
beheld 1
beheld 1
beheld 1
beheld 1
beheld 1
beheld 1
beheld 1
beholding 1
beholding 1
beholding 1
beings 1
beings 1
beings 1
beings 1
beings 1
beings 1
beings 1
beings 1
beings 1
beings 1
beings 1
beings 1
beings 1
beings 1
beings 1
beings 1
beings 1
beings 1
beings 1
beings 1
beings 1
beings 1
berries 1
berries 1
berries 1
berries 1
berries 1
berries 1
bestow 1
bestow 1
bestow 1
bestow 1
bestow 1
bestow 1
bestow 1
bestow 1
bestow 1
bestow 1
bestow 1
bestow 1
bestow 1
bestow 1
bids 1
blackbird 1
blamable 1
blankets 1
blessings 1
blessings 1
blindness 1
board 1
board 1
board 1
board 1
board 1
board 1
body 1
body 1
body 1
body 1
body 1
body 1
body 1
body 1
body 1
body 1
body 1
body 1
body 1
body 1
body 1
body 1
body 1
body 1
body 1
body 1
body 1
body 1
body 1
bosom 1
bosom 1
bosom 1
bosom 1
bosom 1
bosom 1
bosom 1
bosom 1
bosom 1
bound 1
bound 1
bound 1
bound 1
bound 1
bound 1
bound 1
bound 1
bound 1
bound 1
bound 1
bound 1
bound 1
bound 1
bound 1
bound 1
bound 1
boundary 1
boundary 1
boundary 1
boundary 1
boundary 1
bowing 1
boyhood 1
boyhood 1
brave 1
brave 1
brave 1
bring 1
bring 1
bring 1
bringing 1
brother 1
brother 1
brother 1
brother 1
brother 1
brother 1
brother 1
brother 1
brother 1
brother 1
brother 1
brother 1
brother 1
brother 1
brother 1
brother 1
brother 1
brother 1
brother 1
brother 1
brother 1
brother 1
brother 1
brother 1
brute 1
building 1
burden 1
burden 1
burden 1
burden 1
busied 1
busied 1
busied 1
cake 1
calculated 1
calculated 1
capacious 1
capacities 1
capacity 1
capacity 1
capacity 1
captain 1
captain 1
captain 1
captain 1
career 1
career 1
career 1
carried 1
carried 1
carried 1
carried 1
carried 1
carried 1
carried 1
carried 1
carried 1
carried 1
carried 1
casualties 1
cemetery 1
chairs 1
charge 1
charge 1
charge 1
charge 1
charge 1
charge 1
charge 1
charge 1
charge 1
charge 1
charge 1
charge 1
charge 1
charge 1
charms 1
chase 1
chemistry 1
chemistry 1
chemistry 1
chemistry 1
chiefly 1
chiefly 1
chiefly 1
chiefly 1
chiefly 1
chill 1
chill 1
chill 1
choked 1
chord 1
chord 1
circumstances 1
circumstances 1
circumstances 1
circumstances 1
circumstances 1
circumstances 1
circumstances 1
circumstances 1
circumstances 1
circumstances 1
circumstances 1
circumstances 1
circumstances 1
circumstances 1
citadel 1
clad 1
clothes 1
clothes 1
clothes 1
clothes 1
clothes 1
clouds 1
clouds 1
clouds 1
clouds 1
clouds 1
clouds 1
clouds 1
clouds 1
clouds 1
clouds 1
clouds 1
clouds 1
colour 1
colour 1
colour 1
commanded 1
commanded 1
companion 1
companion 1
companion 1
companion 1
companion 1
companion 1
companion 1
companion 1
companion 1
companion 1
companion 1
companion 1
companion 1
companion 1
companion 1
companion 1
companion 1
companion 1
companion 1
companion 1
companion 1
companion 1
companion 1
companion 1
companion 1
companion 1
companion 1
companion 1
companion 1
companion 1
compass 1
complained 1
complaints 1
complaints 1
composed 1
composed 1
composed 1
composed 1
composed 1
comprehended 1
comrades 1
comrades 1
concerning 1
concerning 1
concerning 1
concerning 1
concerning 1
concerning 1
concerning 1
concerning 1
concerning 1
concerning 1
concerning 1
concerning 1
concerning 1
concerning 1
concerning 1
concerning 1
concerning 1
concerning 1
concerning 1
concerning 1
concerning 1
concerning 1
concerning 1
concerning 1
concerning 1
conciliating 1
conciliating 1
concussion 1
conducive 1
confide 1
confide 1
confide 1
confide 1
confidential 1
congenial 1
conjure 1
conjure 1
conjure 1
conjure 1
conjured 1
conjured 1
conquered 1
conquered 1
consumed 1
consumed 1
consumed 1
consumed 1
contents 1
conversing 1
conversing 1
costs 1
costs 1
cottages 1
cottages 1
cottages 1
cottages 1
cottages 1
countries 1
countries 1
countries 1
countries 1
countryman 1
cousins 1
covered 1
covered 1
covered 1
covered 1
covered 1
covered 1
covered 1
covered 1
covered 1
covered 1
covered 1
covered 1
covered 1
covered 1
covered 1
covered 1
covered 1
covered 1
coward 1
craving 1
crawled 1
created 1
created 1
created 1
created 1
created 1
created 1
created 1
created 1
created 1
created 1
created 1
created 1
created 1
created 1
creatures 1
creatures 1
creatures 1
creatures 1
creatures 1
creatures 1
creatures 1
creatures 1
creatures 1
creatures 1
creatures 1
creatures 1
creatures 1
creatures 1
creatures 1
creatures 1
creatures 1
creatures 1
creatures 1
creatures 1
creatures 1
creatures 1
creatures 1
creatures 1
creatures 1
cruelly 1
cultivation 1
cultivation 1
cultivation 1
cultivation 1
curdles 1
curious 1
curling 1
curling 1
cut 1
cut 1
cut 1
cut 1
cut 1
damages 1
damages 1
dancing 1
dangers 1
dangers 1
dangers 1
dangers 1
dangers 1
dank 1
dash 1
dash 1
debility 1
debility 1
decaying 1
decreased 1
decreased 1
deed 1
deed 1
deed 1
deed 1
deed 1
deep 1
deep 1
deep 1
deep 1
deep 1
deep 1
deep 1
deep 1
deep 1
deep 1
deep 1
deep 1
deep 1
deep 1
deep 1
deep 1
deep 1
deep 1
deep 1
deepest 1
deepest 1
defects 1
defend 1
defend 1
dejected 1
delicacy 1
delightful 1
delightful 1
delightful 1
delightful 1
delivered 1
delivered 1
delivered 1
delivered 1
depending 1
deposition 1
deposition 1
deposition 1
derives 1
descending 1
deserts 1
deserts 1
deserts 1
deserts 1
deserts 1
desolating 1
despondence 1
despondence 1
developed 1
developed 1
dialogue 1
didst 1
directions 1
disappointments 1
discerning 1
discernment 1
discharge 1
disclaimers 1
disdain 1
disdain 1
disdain 1
disdain 1
disease 1
disease 1
disencumbered 1
dismal 1
disquisitions 1
dissuade 1
distraction 1
distrust 1
divinely 1
dog 1
dog 1
downloading 1
dreams 1
dreams 1
dreams 1
dreams 1
dreams 1
dreams 1
dreams 1
dreams 1
dreams 1
dreams 1
dreams 1
dreams 1
drive 1
drive 1
drive 1
drive 1
dungeon 1
dungeon 1
dungeon 1
dungeon 1
dungeon 1
dusky 1
dust 1
dust 1
dust 1
dust 1
earn 1
effort 1
effort 1
effort 1
effort 1
effort 1
effort 1
electronic 1
electronic 1
electronic 1
electronic 1
electronic 1
electronic 1
electronic 1
electronic 1
electronic 1
electronic 1
electronic 1
electronic 1
electronic 1
electronic 1
electronic 1
electronic 1
electronic 1
electronic 1
electronic 1
electronic 1
electronic 1
electronic 1
electronic 1
electronic 1
electronic 1
electronic 1
electronic 1
embark 1
emotions 1
emotions 1
emotions 1
emotions 1
emotions 1
emotions 1
emotions 1
emotions 1
employ 1
employ 1
encomiums 1
encouraging 1
endeared 1
endeavours 1
endeavours 1
endeavours 1
endeavours 1
endeavours 1
endeavours 1
endeavours 1
ended 1
ended 1
endless 1
endless 1
enemies 1
enemies 1
enemies 1
enemies 1
enemies 1
enemies 1
enemies 1
enemy 1
enemy 1
enemy 1
enemy 1
enemy 1
enemy 1
enemy 1
enemy 1
enemy 1
enemy 1
enemy 1
enemy 1
enemy 1
enemy 1
enemy 1
enemy 1
enemy 1
enemy 1
enemy 1
enemy 1
enemy 1
enemy 1
enemy 1
enemy 1
energy 1
engrossed 1
enjoined 1
enjoined 1
enter 1
enter 1
enter 1
enter 1
enter 1
enter 1
enter 1
enter 1
enter 1
enter 1
enter 1
enter 1
enter 1
enter 1
enter 1
enter 1
enter 1
enter 1
enter 1
enticement 1
entrancingly 1
enveloped 1
enveloped 1
enveloped 1
equipment 1
equipment 1
equipment 1
era 1
eradicated 1
eternally 1
evidently 1
evidently 1
evidently 1
exclaimed 1
exclaimed 1
exclaimed 1
exclaimed 1
exclaimed 1
exclaimed 1
exclaimed 1
exclaimed 1
exclaimed 1
exclaimed 1
exclaimed 1
exclaimed 1
exclaimed 1
exclaimed 1
exclaimed 1
exclaimed 1
exclaimed 1
exclaimed 1
exclaimed 1
exclusion 1
exemplified 1
exerting 1
expense 1
experienced 1
experienced 1
experienced 1
experienced 1
experienced 1
experienced 1
experienced 1
experienced 1
experienced 1
experienced 1
experienced 1
explained 1
explained 1
explained 1
explained 1
explained 1
extraordinary 1
extreme 1
extreme 1
extreme 1
extreme 1
extreme 1
extreme 1
extreme 1
extreme 1
extreme 1
extreme 1
extreme 1
extreme 1
extreme 1
extreme 1
extreme 1
extreme 1
faded 1
fairest 1
fallen 1
fallen 1
fallen 1
fallen 1
fallen 1
fallen 1
fallen 1
fallen 1
fallen 1
fanned 1
fanned 1
farmhouse 1
faultiness 1
feet 1
feet 1
feet 1
feet 1
feet 1
feet 1
feet 1
feet 1
feet 1
feet 1
feet 1
feet 1
feet 1
feint 1
fidelity 1
field 1
field 1
field 1
field 1
field 1
field 1
fight 1
fire 1
fire 1
fire 1
fire 1
fire 1
fire 1
fire 1
fire 1
fire 1
fire 1
fire 1
fire 1
fire 1
fire 1
fire 1
fire 1
fire 1
fire 1
fire 1
fire 1
fire 1
fire 1
fire 1
fire 1
fire 1
fire 1
flash 1
flash 1
flash 1
flew 1
flight 1
flight 1
flight 1
flight 1
flourishing 1
flourishing 1
flowing 1
followed 1
followed 1
followed 1
followed 1
followed 1
followed 1
followed 1
followed 1
followed 1
followed 1
followed 1
followed 1
followed 1
followed 1
followed 1
followed 1
followed 1
followed 1
followed 1
followed 1
followed 1
followed 1
fool 1
forces 1
forces 1
founders 1
fountain 1
freed 1
freed 1
freed 1
freed 1
frenzy 1
frenzy 1
frenzy 1
fresh 1
fresh 1
fresh 1
fresh 1
fresh 1
fresh 1
fresh 1
fresh 1
fresh 1
fresh 1
fresh 1
friendship 1
friendship 1
friendship 1
friendship 1
friendship 1
friendship 1
friendship 1
frontiers 1
frowning 1
fully 1
fully 1
fully 1
fundraising 1
furies 1
futility 1
gallery 1
galvanism 1
gates 1
gates 1
gates 1
gates 1
gates 1
gathered 1
gathered 1
gathered 1
gathered 1
gathered 1
gbnewby 1
gentleness 1
gentleness 1
gentleness 1
gentleness 1
gentleness 1
gentleness 1
gentleness 1
gentleness 1
gentleness 1
gentleness 1
gigantic 1
gigantic 1
gigantic 1
gigantic 1
gigantic 1
gigantic 1
glowed 1
grace 1
grace 1
grades 1
grandeur 1
grandeur 1
grappling 1
grasped 1
grasped 1
grasped 1
grasped 1
grateful 1
grateful 1
grateful 1
greater 1
greater 1
greater 1
greater 1
greater 1
greater 1
greater 1
greater 1
greater 1
greater 1
greater 1
greater 1
greater 1
greater 1
greater 1
greater 1
greater 1
greater 1
greater 1
greater 1
greater 1
greater 1
greater 1
greater 1
greater 1
greatly 1
greatly 1
greatly 1
greatly 1
greatly 1
greatly 1
greatly 1
greatly 1
greatly 1
greatly 1
greatly 1
greatly 1
guards 1
guile 1
hair 1
hair 1
hair 1
hair 1
hair 1
hair 1
hair 1
hair 1
hands 1
hands 1
hands 1
hands 1
hands 1
hands 1
hands 1
hands 1
hands 1
hands 1
hands 1
hands 1
hands 1
hands 1
hands 1
hands 1
hands 1
hands 1
hands 1
hands 1
hands 1
hands 1
hands 1
hands 1
hands 1
hands 1
hands 1
hands 1
hands 1
hands 1
hands 1
hands 1
hands 1
hands 1
hands 1
hands 1
hands 1
hands 1
happen 1
happen 1
hardy 1
hardy 1
harsh 1
harsh 1
harsh 1
harsh 1
harsh 1
harsh 1
harsh 1
haunt 1
health 1
health 1
health 1
health 1
health 1
health 1
health 1
health 1
health 1
health 1
health 1
health 1
health 1
health 1
health 1
health 1
health 1
health 1
health 1
hearers 1
hedges 1
herbage 1
herbage 1
hereafter 1
hereafter 1
heroes 1
heroes 1
heroes 1
heroes 1
hers 1
hers 1
hers 1
hinges 1
his 1
his 1
his 1
his 1
his 1
his 1
his 1
his 1
his 1
his 1
his 1
his 1
his 1
his 1
his 1
his 1
his 1
his 1
his 1
his 1
his 1
his 1
his 1
his 1
his 1
his 1
his 1
his 1
his 1
his 1
his 1
his 1
his 1
his 1
his 1
his 1
his 1
his 1
his 1
his 1
his 1
his 1
his 1
his 1
his 1
his 1
his 1
his 1
his 1
his 1
his 1
his 1
his 1
his 1
his 1
his 1
his 1
his 1
his 1
his 1
his 1
his 1
his 1
his 1
his 1
his 1
his 1
his 1
his 1
his 1
his 1
his 1
his 1
his 1
his 1
his 1
his 1
his 1
his 1
his 1
his 1
his 1
his 1
his 1
his 1
his 1
his 1
his 1
his 1
his 1
his 1
his 1
his 1
his 1
his 1
his 1
his 1
his 1
his 1
his 1
his 1
his 1
his 1
his 1
his 1
his 1
his 1
his 1
his 1
his 1
his 1
his 1
his 1
his 1
his 1
his 1
his 1
his 1
his 1
his 1
his 1
his 1
his 1
his 1
his 1
his 1
his 1
his 1
his 1
his 1
his 1
his 1
his 1
his 1
his 1
his 1
his 1
his 1
his 1
his 1
his 1
his 1
his 1
his 1
his 1
his 1
his 1
his 1
his 1
his 1
his 1
his 1
his 1
his 1
his 1
his 1
his 1
his 1
his 1
his 1
his 1
his 1
his 1
his 1
his 1
his 1
his 1
his 1
his 1
his 1
his 1
his 1
his 1
his 1
his 1
his 1
his 1
his 1
his 1
his 1
his 1
his 1
his 1
his 1
his 1
his 1
his 1
his 1
his 1
his 1
his 1
his 1
his 1
his 1
his 1
his 1
his 1
his 1
his 1
his 1
his 1
his 1
his 1
his 1
his 1
his 1
his 1
his 1
his 1
his 1
his 1
his 1
his 1
his 1
his 1
his 1
his 1
his 1
his 1
his 1
his 1
his 1
his 1
his 1
his 1
his 1
his 1
his 1
his 1
his 1
his 1
his 1
his 1
his 1
his 1
his 1
his 1
his 1
his 1
his 1
his 1
his 1
his 1
his 1
his 1
his 1
his 1
his 1
his 1
his 1
his 1
his 1
his 1
his 1
his 1
his 1
his 1
his 1
his 1
his 1
his 1
his 1
his 1
his 1
his 1
his 1
his 1
his 1
his 1
his 1
his 1
his 1
his 1
his 1
his 1
his 1
his 1
his 1
his 1
his 1
his 1
his 1
his 1
his 1
his 1
his 1
his 1
his 1
his 1
his 1
his 1
his 1
his 1
his 1
his 1
his 1
his 1
his 1
his 1
his 1
his 1
his 1
his 1
his 1
his 1
his 1
his 1
his 1
his 1
his 1
his 1
his 1
his 1
his 1
his 1
his 1
his 1
his 1
his 1
his 1
his 1
his 1
his 1
his 1
his 1
his 1
his 1
his 1
his 1
his 1
his 1
his 1
his 1
his 1
his 1
his 1
his 1
his 1
his 1
his 1
his 1
his 1
his 1
his 1
his 1
his 1
his 1
his 1
his 1
his 1
his 1
his 1
his 1
his 1
his 1
his 1
his 1
his 1
his 1
his 1
his 1
his 1
his 1
his 1
his 1
his 1
his 1
his 1
his 1
his 1
his 1
his 1
his 1
his 1
his 1
his 1
his 1
his 1
his 1
his 1
his 1
his 1
his 1
his 1
his 1
his 1
his 1
his 1
his 1
his 1
his 1
his 1
his 1
his 1
his 1
his 1
his 1
his 1
his 1
his 1
his 1
his 1
his 1
his 1
his 1
his 1
his 1
his 1
his 1
his 1
his 1
his 1
his 1
his 1
his 1
his 1
his 1
his 1
his 1
his 1
his 1
his 1
his 1
his 1
his 1
his 1
his 1
his 1
his 1
his 1
his 1
his 1
his 1
his 1
his 1
his 1
his 1
his 1
his 1
his 1
his 1
his 1
his 1
his 1
his 1
his 1
his 1
his 1
his 1
his 1
his 1
his 1
his 1
his 1
his 1
his 1
his 1
his 1
his 1
his 1
his 1
his 1
his 1
his 1
his 1
his 1
his 1
his 1
his 1
his 1
his 1
his 1
his 1
his 1
his 1
his 1
his 1
his 1
his 1
his 1
his 1
his 1
his 1
his 1
his 1
his 1
his 1
his 1
his 1
his 1
his 1
his 1
his 1
his 1
his 1
his 1
his 1
his 1
his 1
his 1
his 1
his 1
historical 1
history 1
history 1
history 1
history 1
history 1
history 1
history 1
history 1
history 1
history 1
history 1
history 1
history 1
history 1
history 1
history 1
history 1
history 1
history 1
hoarse 1
horrid 1
horrid 1
horrid 1
horrid 1
horrid 1
hovel 1
hovel 1
hovel 1
hovel 1
hovel 1
hovel 1
hovel 1
hovel 1
hovel 1
hovel 1
hovel 1
hovel 1
hovel 1
hovel 1
hover 1
how 1
how 1
how 1
how 1
how 1
how 1
how 1
how 1
how 1
how 1
how 1
how 1
how 1
how 1
how 1
how 1
how 1
how 1
how 1
how 1
how 1
how 1
how 1
how 1
how 1
how 1
how 1
how 1
how 1
how 1
how 1
how 1
how 1
how 1
how 1
how 1
how 1
how 1
how 1
how 1
how 1
how 1
how 1
how 1
how 1
how 1
how 1
how 1
how 1
how 1
how 1
how 1
how 1
how 1
how 1
how 1
how 1
how 1
how 1
how 1
how 1
how 1
how 1
how 1
how 1
how 1
hung 1
hung 1
hung 1
hung 1
hung 1
hung 1
idler 1
idol 1
ignoble 1
ignorant 1
ignorant 1
ignorant 1
ignorant 1
ignorant 1
ignorant 1
ignorant 1
ignorant 1
ignorant 1
ignorant 1
imparted 1
impelled 1
impelled 1
implements 1
impotence 1
impotence 1
inanimate 1
inanimate 1
inanimate 1
inanimate 1
incitement 1
included 1
included 1
included 1
included 1
incredulity 1
indecent 1
indifferent 1
infamy 1
inflicted 1
inflicted 1
inflicted 1
informed 1
informed 1
informed 1
informed 1
injustice 1
injustice 1
injustice 1
injustice 1
injustice 1
injustice 1
inmost 1
innocence 1
innocence 1
innocence 1
innocence 1
innocence 1
innocence 1
innocence 1
innocence 1
innocence 1
innocence 1
innocence 1
innocence 1
innocence 1
innocence 1
innocence 1
innocence 1
innocence 1
innocence 1
inquirers 1
inquirers 1
inscription 1
insight 1
inspecting 1
instructors 1
instruments 1
instruments 1
instruments 1
instruments 1
instruments 1
instruments 1
instruments 1
instruments 1
intense 1
intense 1
intense 1
intense 1
intense 1
intense 1
intense 1
interesting 1
interesting 1
interesting 1
interesting 1
interesting 1
interesting 1
interpreter 1
into 1
into 1
into 1
into 1
into 1
into 1
into 1
into 1
into 1
into 1
into 1
into 1
into 1
into 1
into 1
into 1
into 1
into 1
into 1
into 1
into 1
into 1
into 1
into 1
into 1
into 1
into 1
into 1
into 1
into 1
into 1
into 1
into 1
into 1
into 1
into 1
into 1
into 1
into 1
into 1
into 1
into 1
into 1
into 1
into 1
into 1
into 1
into 1
into 1
into 1
into 1
into 1
into 1
into 1
into 1
into 1
into 1
into 1
into 1
into 1
into 1
into 1
into 1
into 1
into 1
into 1
into 1
into 1
into 1
into 1
into 1
into 1
into 1
into 1
into 1
into 1
into 1
into 1
into 1
into 1
into 1
into 1
into 1
into 1
into 1
into 1
into 1
into 1
into 1
into 1
into 1
into 1
into 1
into 1
into 1
into 1
into 1
into 1
into 1
into 1
into 1
into 1
into 1
into 1
into 1
into 1
into 1
into 1
into 1
into 1
into 1
into 1
into 1
into 1
into 1
into 1
into 1
into 1
into 1
into 1
into 1
into 1
into 1
into 1
intonations 1
investigating 1
invoked 1
irresolute 1
irrevocably 1
irrevocably 1
issuing 1
jewels 1
jewels 1
jewels 1
journey 1
journey 1
journey 1
journey 1
journey 1
journey 1
journey 1
journey 1
journey 1
journey 1
journey 1
journey 1
journey 1
journey 1
journey 1
journey 1
journey 1
journey 1
journey 1
journey 1
journey 1
journey 1
journey 1
journey 1
journey 1
journey 1
journey 1
journey 1
journey 1
journey 1
journey 1
journey 1
journey 1
journey 1
journey 1
journey 1
kingdoms 1
knell 1
laid 1
lamb 1
lamented 1
languor 1
languor 1
languor 1
lantern 1
lashes 1
lashes 1
later 1
latitude 1
latter 1
latter 1
latter 1
latter 1
latter 1
latter 1
latter 1
latter 1
latter 1
latter 1
latter 1
latter 1
latter 1
laying 1
laying 1
lessening 1
lest 1
lest 1
lest 1
lest 1
lest 1
lest 1
likely 1
linen 1
lingered 1
lingered 1
lips 1
lips 1
lips 1
lips 1
lips 1
lips 1
lips 1
lips 1
lips 1
lips 1
lips 1
lips 1
lips 1
lips 1
lips 1
lips 1
lips 1
lips 1
little 1
little 1
little 1
little 1
little 1
little 1
little 1
little 1
little 1
little 1
little 1
little 1
little 1
little 1
little 1
little 1
little 1
little 1
little 1
little 1
little 1
little 1
little 1
little 1
little 1
little 1
little 1
little 1
little 1
little 1
little 1
little 1
little 1
little 1
little 1
little 1
little 1
little 1
little 1
little 1
little 1
little 1
little 1
little 1
little 1
little 1
little 1
little 1
little 1
little 1
little 1
little 1
little 1
little 1
little 1
little 1
lived 1
lived 1
lived 1
lived 1
lived 1
lived 1
lived 1
lived 1
lived 1
lived 1
lived 1
lived 1
lived 1
lived 1
lived 1
lived 1
lived 1
lived 1
lived 1
lived 1
lived 1
lived 1
lived 1
lost 1
lost 1
lost 1
lost 1
lost 1
lost 1
lost 1
lost 1
lost 1
lost 1
lost 1
lost 1
lost 1
lost 1
lost 1
lost 1
lost 1
lost 1
lost 1
lost 1
lost 1
lost 1
lost 1
lost 1
lost 1
lost 1
lost 1
lost 1
lost 1
lost 1
lost 1
lost 1
love 1
love 1
love 1
love 1
love 1
love 1
love 1
love 1
love 1
love 1
love 1
love 1
love 1
love 1
love 1
love 1
love 1
love 1
love 1
love 1
love 1
love 1
love 1
love 1
love 1
love 1
love 1
love 1
love 1
love 1
love 1
love 1
love 1
love 1
love 1
love 1
love 1
love 1
love 1
love 1
love 1
love 1
love 1
love 1
love 1
love 1
love 1
love 1
love 1
love 1
love 1
love 1
love 1
love 1
love 1
love 1
love 1
love 1
love 1
loveliness 1
loveliness 1
loveliness 1
loveliness 1
machines 1
magnet 1
maker 1
maker 1
marked 1
marked 1
marked 1
marked 1
marked 1
marked 1
marked 1
marked 1
marked 1
marked 1
marks 1
marriage 1
marriage 1
marriage 1
marriage 1
marriage 1
marriage 1
marriage 1
marriage 1
marriage 1
marriage 1
marriage 1
marriage 1
marriage 1
marriage 1
marriage 1
martyrs 1
mass 1
matters 1
me 1
me 1
me 1
me 1
me 1
me 1
me 1
me 1
me 1
me 1
me 1
me 1
me 1
me 1
me 1
me 1
me 1
me 1
me 1
me 1
me 1
me 1
me 1
me 1
me 1
me 1
me 1
me 1
me 1
me 1
me 1
me 1
me 1
me 1
me 1
me 1
me 1
me 1
me 1
me 1
me 1
me 1
me 1
me 1
me 1
me 1
me 1
me 1
me 1
me 1
me 1
me 1
me 1
me 1
me 1
me 1
me 1
me 1
me 1
me 1
me 1
me 1
me 1
me 1
me 1
me 1
me 1
me 1
me 1
me 1
me 1
me 1
me 1
me 1
me 1
me 1
me 1
me 1
me 1
me 1
me 1
me 1
me 1
me 1
me 1
me 1
me 1
me 1
me 1
me 1
me 1
me 1
me 1
me 1
me 1
me 1
me 1
me 1
me 1
me 1
me 1
me 1
me 1
me 1
me 1
me 1
me 1
me 1
me 1
me 1
me 1
me 1
me 1
me 1
me 1
me 1
me 1
me 1
me 1
me 1
me 1
me 1
me 1
me 1
me 1
me 1
me 1
me 1
me 1
me 1
me 1
me 1
me 1
me 1
me 1
me 1
me 1
me 1
me 1
me 1
me 1
me 1
me 1
me 1
me 1
me 1
me 1
me 1
me 1
me 1
me 1
me 1
me 1
me 1
me 1
me 1
me 1
me 1
me 1
me 1
me 1
me 1
me 1
me 1
me 1
me 1
me 1
me 1
me 1
me 1
me 1
me 1
me 1
me 1
me 1
me 1
me 1
me 1
me 1
me 1
me 1
me 1
me 1
me 1
me 1
me 1
me 1
me 1
me 1
me 1
me 1
me 1
me 1
me 1
me 1
me 1
me 1
me 1
me 1
me 1
me 1
me 1
me 1
me 1
me 1
me 1
me 1
me 1
me 1
me 1
me 1
me 1
me 1
me 1
me 1
me 1
me 1
me 1
me 1
me 1
me 1
me 1
me 1
me 1
me 1
me 1
me 1
me 1
me 1
me 1
me 1
me 1
me 1
me 1
me 1
me 1
me 1
me 1
me 1
me 1
me 1
me 1
me 1
me 1
me 1
me 1
me 1
me 1
me 1
me 1
me 1
me 1
me 1
me 1
me 1
me 1
me 1
me 1
me 1
me 1
me 1
me 1
me 1
me 1
me 1
me 1
me 1
me 1
me 1
me 1
me 1
me 1
me 1
me 1
me 1
me 1
me 1
me 1
me 1
me 1
me 1
me 1
me 1
me 1
me 1
me 1
me 1
me 1
me 1
me 1
me 1
me 1
me 1
me 1
me 1
me 1
me 1
me 1
me 1
me 1
me 1
me 1
me 1
me 1
me 1
me 1
me 1
me 1
me 1
me 1
me 1
me 1
me 1
me 1
me 1
me 1
me 1
me 1
me 1
me 1
me 1
me 1
me 1
me 1
me 1
me 1
me 1
me 1
me 1
me 1
me 1
me 1
me 1
me 1
me 1
me 1
me 1
me 1
me 1
me 1
me 1
me 1
me 1
me 1
me 1
me 1
me 1
me 1
me 1
me 1
me 1
me 1
me 1
me 1
me 1
me 1
me 1
me 1
me 1
me 1
me 1
me 1
me 1
me 1
me 1
me 1
me 1
me 1
me 1
me 1
me 1
me 1
me 1
me 1
me 1
me 1
me 1
me 1
me 1
me 1
me 1
me 1
me 1
me 1
me 1
me 1
me 1
me 1
me 1
me 1
me 1
me 1
me 1
me 1
me 1
me 1
me 1
me 1
me 1
me 1
me 1
me 1
me 1
me 1
me 1
me 1
me 1
me 1
me 1
me 1
me 1
me 1
me 1
me 1
me 1
me 1
me 1
me 1
me 1
me 1
me 1
me 1
me 1
me 1
me 1
me 1
me 1
me 1
me 1
me 1
me 1
me 1
me 1
me 1
me 1
me 1
me 1
me 1
me 1
me 1
me 1
me 1
me 1
me 1
me 1
me 1
me 1
me 1
me 1
me 1
me 1
me 1
me 1
me 1
me 1
me 1
me 1
me 1
me 1
me 1
me 1
me 1
me 1
me 1
me 1
me 1
me 1
me 1
me 1
me 1
me 1
me 1
me 1
me 1
me 1
me 1
me 1
me 1
me 1
me 1
me 1
me 1
me 1
me 1
me 1
me 1
me 1
me 1
me 1
me 1
me 1
me 1
me 1
me 1
me 1
me 1
me 1
me 1
me 1
me 1
me 1
me 1
me 1
me 1
me 1
me 1
me 1
me 1
me 1
me 1
me 1
me 1
me 1
me 1
me 1
me 1
me 1
me 1
me 1
me 1
me 1
me 1
me 1
me 1
me 1
me 1
me 1
me 1
me 1
me 1
me 1
me 1
me 1
me 1
me 1
me 1
me 1
me 1
me 1
me 1
me 1
me 1
me 1
me 1
me 1
me 1
me 1
me 1
me 1
me 1
me 1
me 1
me 1
me 1
me 1
me 1
me 1
me 1
me 1
me 1
me 1
me 1
me 1
me 1
me 1
me 1
me 1
me 1
me 1
me 1
me 1
me 1
me 1
me 1
me 1
me 1
me 1
me 1
me 1
me 1
me 1
me 1
me 1
me 1
me 1
me 1
me 1
me 1
me 1
me 1
me 1
me 1
me 1
me 1
me 1
me 1
me 1
me 1
me 1
me 1
me 1
me 1
me 1
me 1
me 1
me 1
me 1
me 1
me 1
me 1
me 1
me 1
me 1
me 1
me 1
me 1
me 1
me 1
me 1
me 1
me 1
me 1
me 1
me 1
me 1
me 1
me 1
me 1
me 1
me 1
me 1
me 1
me 1
me 1
me 1
me 1
me 1
me 1
me 1
me 1
me 1
me 1
me 1
me 1
me 1
me 1
me 1
me 1
me 1
me 1
me 1
me 1
me 1
me 1
me 1
me 1
me 1
me 1
me 1
me 1
me 1
me 1
me 1
me 1
me 1
me 1
me 1
me 1
me 1
me 1
me 1
me 1
me 1
me 1
me 1
me 1
me 1
me 1
me 1
me 1
me 1
me 1
me 1
me 1
me 1
me 1
me 1
me 1
me 1
me 1
me 1
me 1
me 1
me 1
me 1
me 1
me 1
me 1
me 1
me 1
me 1
me 1
me 1
me 1
me 1
me 1
me 1
me 1
me 1
me 1
me 1
me 1
me 1
me 1
me 1
me 1
me 1
me 1
me 1
me 1
me 1
me 1
me 1
me 1
me 1
me 1
me 1
me 1
me 1
me 1
me 1
me 1
me 1
me 1
me 1
me 1
me 1
me 1
me 1
me 1
me 1
me 1
me 1
me 1
me 1
me 1
me 1
me 1
me 1
me 1
me 1
me 1
me 1
me 1
me 1
me 1
me 1
me 1
me 1
me 1
me 1
me 1
me 1
me 1
me 1
me 1
me 1
me 1
me 1
me 1
me 1
me 1
me 1
me 1
me 1
me 1
me 1
me 1
me 1
me 1
me 1
me 1
me 1
me 1
me 1
me 1
me 1
me 1
me 1
me 1
me 1
me 1
me 1
me 1
me 1
me 1
me 1
me 1
me 1
me 1
me 1
me 1
me 1
me 1
me 1
me 1
me 1
me 1
me 1
me 1
me 1
me 1
me 1
me 1
me 1
me 1
me 1
me 1
me 1
me 1
me 1
me 1
me 1
me 1
me 1
me 1
me 1
me 1
me 1
me 1
me 1
me 1
me 1
me 1
me 1
me 1
me 1
me 1
me 1
me 1
me 1
me 1
me 1
me 1
me 1
me 1
me 1
me 1
me 1
me 1
me 1
me 1
me 1
me 1
me 1
me 1
me 1
me 1
me 1
me 1
me 1
me 1
me 1
me 1
me 1
me 1
means 1
means 1
means 1
means 1
means 1
means 1
means 1
means 1
means 1
means 1
means 1
means 1
means 1
means 1
means 1
means 1
means 1
means 1
means 1
means 1
means 1
means 1
means 1
means 1
means 1
means 1
melancholy 1
melancholy 1
melancholy 1
melancholy 1
melancholy 1
melancholy 1
melancholy 1
melancholy 1
melancholy 1
melancholy 1
melancholy 1
melancholy 1
melancholy 1
melancholy 1
melancholy 1
melancholy 1
melancholy 1
melancholy 1
melt 1
midnight 1
midnight 1
midnight 1
midnight 1
midnight 1
miserably 1
miserably 1
miserably 1
miserably 1
mixture 1
mixture 1
mixture 1
mixture 1
mockery 1
mockery 1
mockery 1
mockery 1
mockery 1
mockery 1
moderation 1
moderation 1
modest 1
monster 1
monster 1
monster 1
monster 1
monster 1
monster 1
monster 1
monster 1
monster 1
monster 1
monster 1
monster 1
monster 1
monster 1
monster 1
monster 1
monster 1
monster 1
monster 1
monster 1
monster 1
monster 1
monster 1
monster 1
monster 1
monster 1
monster 1
monster 1
monster 1
monster 1
monster 1
month 1
month 1
month 1
month 1
month 1
month 1
month 1
month 1
month 1
monuments 1
moonshine 1
mortals 1
mortification 1
mountaineers 1
mountainous 1
muscles 1
muscles 1
muscles 1
musty 1
mutiny 1
mutiny 1
muttered 1
mutual 1
mutual 1
mutual 1
mutual 1
mutual 1
near 1
near 1
near 1
near 1
near 1
near 1
near 1
near 1
near 1
near 1
near 1
near 1
near 1
near 1
near 1
near 1
near 1
near 1
near 1
near 1
near 1
near 1
near 1
near 1
near 1
near 1
near 1
near 1
near 1
near 1
near 1
near 1
near 1
near 1
near 1
near 1
near 1
near 1
need 1
need 1
need 1
need 1
need 1
need 1
need 1
need 1
need 1
northeast 1
northeast 1
northern 1
northern 1
northern 1
northern 1
northern 1
northern 1
numerous 1
numerous 1
numerous 1
numerous 1
oaks 1
oblige 1
obliged 1
obliged 1
obliged 1
obliged 1
obliged 1
obliged 1
obliged 1
obliged 1
obliged 1
obliged 1
obliged 1
obliged 1
oblivion 1
oblivion 1
observer 1
occasioned 1
occasioned 1
occupied 1
occupied 1
occupied 1
occupied 1
occupied 1
occupied 1
occupied 1
occupied 1
occupied 1
occupied 1
occupied 1
occupied 1
occupied 1
occupied 1
occupied 1
occupied 1
occupied 1
occupied 1
occupied 1
occupied 1
occupied 1
occupied 1
occupied 1
occupied 1
offer 1
offer 1
offer 1
offer 1
office 1
office 1
office 1
often 1
often 1
often 1
often 1
often 1
often 1
often 1
often 1
often 1
often 1
often 1
often 1
often 1
often 1
often 1
often 1
often 1
often 1
often 1
often 1
often 1
often 1
often 1
often 1
often 1
often 1
often 1
often 1
often 1
often 1
often 1
often 1
often 1
often 1
often 1
often 1
often 1
often 1
often 1
often 1
often 1
often 1
often 1
often 1
often 1
often 1
often 1
often 1
often 1
often 1
often 1
often 1
ominous 1
open 1
open 1
open 1
open 1
open 1
open 1
open 1
open 1
open 1
open 1
open 1
open 1
open 1
open 1
opinion 1
opinion 1
opinion 1
opposed 1
opposition 1
orbs 1
organs 1
origin 1
origin 1
origin 1
origin 1
outward 1
outward 1
outward 1
overlooked 1
overlooks 1
overpowered 1
owing 1
own 1
own 1
own 1
own 1
own 1
own 1
own 1
own 1
own 1
own 1
own 1
own 1
own 1
own 1
own 1
own 1
own 1
own 1
own 1
own 1
own 1
own 1
own 1
own 1
own 1
own 1
own 1
own 1
own 1
own 1
own 1
own 1
own 1
own 1
own 1
own 1
own 1
own 1
own 1
own 1
own 1
own 1
own 1
own 1
own 1
own 1
own 1
own 1
own 1
own 1
own 1
own 1
own 1
own 1
own 1
own 1
own 1
own 1
own 1
own 1
own 1
own 1
own 1
own 1
own 1
own 1
own 1
own 1
own 1
own 1
own 1
own 1
own 1
own 1
own 1
own 1
own 1
own 1
own 1
own 1
own 1
own 1
own 1
own 1
own 1
own 1
own 1
own 1
own 1
own 1
own 1
own 1
own 1
own 1
own 1
own 1
own 1
own 1
own 1
own 1
own 1
own 1
own 1
own 1
own 1
own 1
own 1
pain 1
pain 1
pain 1
pain 1
pain 1
pain 1
pain 1
pain 1
pain 1
pain 1
pain 1
pain 1
pain 1
pain 1
pain 1
pain 1
pain 1
pain 1
pain 1
pale 1
pale 1
pale 1
pale 1
pale 1
pale 1
paragraph 1
paragraph 1
paragraph 1
paragraph 1
paragraph 1
paragraph 1
paragraph 1
paragraph 1
paragraph 1
paragraph 1
parted 1
parties 1
party 1
party 1
party 1
party 1
past 1
past 1
past 1
past 1
past 1
past 1
past 1
past 1
past 1
past 1
past 1
past 1
past 1
past 1
pasture 1
patches 1
paused 1
paused 1
paused 1
paused 1
paused 1
paused 1
paused 1
paused 1
paused 1
paused 1
paused 1
paused 1
paused 1
paused 1
peaceable 1
peaks 1
peaks 1
peculiarly 1
peculiarly 1
peculiarly 1
peculiarly 1
peculiarly 1
peeping 1
penetrated 1
penetrated 1
penetrated 1
performed 1
performed 1
performed 1
performed 1
performed 1
performed 1
performed 1
performed 1
performed 1
peril 1
peril 1
peril 1
persevering 1
persuading 1
persuading 1
pertinacity 1
perused 1
petty 1
physiognomy 1
physiognomy 1
picture 1
picture 1
picture 1
picture 1
picture 1
picture 1
picture 1
picture 1
picture 1
picture 1
picture 1
pile 1
pile 1
pile 1
pile 1
pile 1
pine 1
pities 1
placing 1
placing 1
plain 1
plain 1
plain 1
plain 1
plain 1
play 1
play 1
play 1
play 1
play 1
play 1
play 1
playfellows 1
playfully 1
playfully 1
pole 1
pole 1
pole 1
pole 1
postponed 1
postponed 1
prayers 1
precaution 1
precaution 1
precaution 1
precious 1
precious 1
precious 1
precision 1
precision 1
preparations 1
presentiment 1
presentiment 1
principle 1
principle 1
proceeding 1
proceeding 1
progeny 1
promising 1
prophetic 1
prophetic 1
proved 1
proved 1
proved 1
proved 1
proved 1
proved 1
provocation 1
pure 1
pure 1
pure 1
purloined 1
pursued 1
pursued 1
pursued 1
pursued 1
pursued 1
pursued 1
pursued 1
pursued 1
pursued 1
pursued 1
pursued 1
pursued 1
pursued 1
push 1
rain 1
rain 1
rain 1
rain 1
rain 1
rain 1
rain 1
rain 1
rain 1
rain 1
rain 1
rain 1
rain 1
rain 1
rain 1
rain 1
rambling 1
rambling 1
ranging 1
rapid 1
rapid 1
rapid 1
rapid 1
rapid 1
rapid 1
rapidity 1
rapidity 1
ravines 1
reached 1
reached 1
reached 1
reached 1
reached 1
reached 1
reached 1
realized 1
reap 1
recital 1
recognized 1
recognized 1
recollections 1
recollections 1
recourse 1
redistribute 1
reflected 1
reflected 1
reflected 1
reflected 1
reflected 1
reflected 1
reflected 1
reflected 1
reflected 1
reflected 1
reflected 1
reflected 1
reflected 1
reflected 1
reflected 1
reflects 1
refund 1
refund 1
refund 1
refund 1
refund 1
refund 1
refund 1
refund 1
refused 1
refused 1
refused 1
regarded 1
regarded 1
regarded 1
regarded 1
regarded 1
regarded 1
regards 1
regulating 1
rekindled 1
relics 1
remaining 1
remaining 1
remaining 1
remaining 1
remaining 1
remaining 1
remaining 1
remissness 1
removed 1
removed 1
removed 1
removed 1
removed 1
removed 1
renamed 1
render 1
render 1
render 1
render 1
render 1
render 1
render 1
render 1
render 1
render 1
renewed 1
renewed 1
renewed 1
renewed 1
renewed 1
renewed 1
reply 1
reply 1
reply 1
reply 1
report 1
report 1
representations 1
representations 1
representations 1
reprobated 1
repugnance 1
repugnance 1
repugnance 1
requirements 1
requirements 1
requirements 1
requirements 1
resembling 1
resembling 1
respecting 1
restore 1
restore 1
restore 1
restore 1
restore 1
restore 1
restore 1
restore 1
restore 1
return 1
return 1
return 1
return 1
return 1
return 1
return 1
return 1
return 1
return 1
return 1
return 1
return 1
return 1
return 1
return 1
return 1
return 1
return 1
return 1
return 1
return 1
return 1
return 1
return 1
return 1
return 1
return 1
return 1
return 1
return 1
return 1
return 1
return 1
return 1
return 1
return 1
return 1
return 1
return 1
return 1
return 1
return 1
return 1
return 1
return 1
return 1
return 1
return 1
return 1
return 1
returning 1
returning 1
returning 1
returning 1
returning 1
returning 1
returning 1
returning 1
returning 1
returning 1
revealed 1
rich 1
rich 1
rich 1
riches 1
rifts 1
rifts 1
roasted 1
roof 1
row 1
rugged 1
rugged 1
rugged 1
rugged 1
rushing 1
rushing 1
sad 1
sad 1
sad 1
sad 1
sad 1
sad 1
sad 1
sad 1
sad 1
sad 1
saddest 1
sails 1
sails 1
sake 1
sake 1
sake 1
sake 1
sake 1
sake 1
sake 1
sake 1
scale 1
school 1
school 1
sealed 1
second 1
second 1
second 1
second 1
second 1
second 1
securing 1
seeking 1
seeking 1
sensitive 1
sensitive 1
sensitive 1
sentences 1
sentiments 1
sentiments 1
sentiments 1
sentiments 1
set 1
set 1
set 1
set 1
set 1
set 1
set 1
set 1
set 1
set 1
set 1
set 1
set 1
set 1
set 1
set 1
set 1
set 1
set 1
set 1
sexes 1
shades 1
shades 1
shades 1
shadow 1
shadow 1
shadow 1
shadow 1
shadow 1
shadow 1
shadow 1
shadow 1
she 1
she 1
she 1
she 1
she 1
she 1
she 1
she 1
she 1
she 1
she 1
she 1
she 1
she 1
she 1
she 1
she 1
she 1
she 1
she 1
she 1
she 1
she 1
she 1
she 1
she 1
she 1
she 1
she 1
she 1
she 1
she 1
she 1
she 1
she 1
she 1
she 1
she 1
she 1
she 1
she 1
she 1
she 1
she 1
she 1
she 1
she 1
she 1
she 1
she 1
she 1
she 1
she 1
she 1
she 1
she 1
she 1
she 1
she 1
she 1
she 1
she 1
she 1
she 1
she 1
she 1
she 1
she 1
she 1
she 1
she 1
she 1
she 1
she 1
she 1
she 1
she 1
she 1
she 1
she 1
she 1
she 1
she 1
she 1
she 1
she 1
she 1
she 1
she 1
she 1
she 1
she 1
she 1
she 1
she 1
she 1
she 1
she 1
she 1
she 1
she 1
she 1
she 1
she 1
she 1
she 1
she 1
she 1
she 1
she 1
she 1
she 1
she 1
she 1
she 1
she 1
she 1
she 1
she 1
she 1
she 1
she 1
she 1
she 1
she 1
she 1
she 1
she 1
she 1
she 1
she 1
she 1
she 1
she 1
she 1
she 1
she 1
she 1
she 1
she 1
she 1
she 1
she 1
she 1
she 1
she 1
she 1
she 1
she 1
she 1
she 1
she 1
she 1
she 1
she 1
she 1
she 1
she 1
she 1
she 1
she 1
she 1
she 1
she 1
she 1
she 1
she 1
she 1
she 1
she 1
she 1
she 1
she 1
she 1
she 1
she 1
she 1
she 1
she 1
she 1
she 1
she 1
she 1
shoulder 1
shoulder 1
shrill 1
shrill 1
shuddered 1
shuddered 1
shuddered 1
shuddered 1
shuddered 1
shutting 1
sides 1
sides 1
sides 1
sides 1
sides 1
sides 1
sides 1
sides 1
sides 1
sides 1
signal 1
signal 1
signs 1
signs 1
signs 1
signs 1
signs 1
signs 1
simple 1
simple 1
simple 1
simple 1
simple 1
simple 1
simple 1
simply 1
siroc 1
sit 1
sit 1
slowly 1
slowly 1
slowly 1
smile 1
smile 1
smile 1
smile 1
smile 1
smile 1
smile 1
smile 1
smile 1
snake 1
society 1
society 1
society 1
society 1
society 1
society 1
society 1
society 1
society 1
society 1
society 1
society 1
society 1
society 1
society 1
solemnization 1
solemnization 1
solicitation 1
sounds 1
sounds 1
sounds 1
sounds 1
sounds 1
sounds 1
sounds 1
sounds 1
sounds 1
sounds 1
sounds 1
sounds 1
sounds 1
sounds 1
sounds 1
sounds 1
species 1
species 1
species 1
species 1
species 1
species 1
species 1
species 1
species 1
species 1
species 1
spires 1
spoken 1
spoken 1
spoken 1
station 1
station 1
stayed 1
stayed 1
stir 1
stones 1
stones 1
stones 1
stones 1
stop 1
stronger 1
subscribed 1
subsistence 1
suffocated 1
suffocated 1
suicide 1
suited 1
suited 1
sun 1
sun 1
sun 1
sun 1
sun 1
sun 1
sun 1
sun 1
sun 1
sun 1
sun 1
sun 1
sun 1
sun 1
sun 1
sun 1
sun 1
sun 1
sun 1
sun 1
sun 1
sun 1
sun 1
sun 1
sun 1
sun 1
sun 1
sun 1
sun 1
sun 1
sun 1
sun 1
sun 1
sun 1
sun 1
sun 1
sun 1
sun 1
sun 1
sun 1
sun 1
sun 1
sun 1
sun 1
sun 1
superhuman 1
superscription 1
surely 1
surely 1
surely 1
surely 1
surely 1
surely 1
surely 1
surely 1
surely 1
surely 1
surmounted 1
swamp 1
swear 1
swear 1
swear 1
swear 1
swear 1
swear 1
swear 1
swear 1
swells 1
swifter 1
swim 1
symptoms 1
symptoms 1
symptoms 1
systems 1
systems 1
tackle 1
talking 1
talking 1
tastes 1
tastes 1
tastes 1
temperature 1
temperature 1
tender 1
tenfold 1
th 1
th 1
th 1
th 1
th 1
th 1
th 1
th 1
th 1
th 1
th 1
th 1
th 1
th 1
th 1
thee 1
thee 1
thee 1
thee 1
thee 1
thee 1
thee 1
thee 1
thee 1
thee 1
they 1
they 1
they 1
they 1
they 1
they 1
they 1
they 1
they 1
they 1
they 1
they 1
they 1
they 1
they 1
they 1
they 1
they 1
they 1
they 1
they 1
they 1
they 1
they 1
they 1
they 1
they 1
they 1
they 1
they 1
they 1
they 1
they 1
they 1
they 1
they 1
they 1
they 1
they 1
they 1
they 1
they 1
they 1
they 1
they 1
they 1
they 1
they 1
they 1
they 1
they 1
they 1
they 1
they 1
they 1
they 1
they 1
they 1
they 1
they 1
they 1
they 1
they 1
they 1
they 1
they 1
they 1
they 1
they 1
they 1
they 1
they 1
they 1
they 1
they 1
they 1
they 1
they 1
they 1
they 1
they 1
they 1
they 1
they 1
they 1
they 1
they 1
they 1
they 1
they 1
they 1
they 1
they 1
they 1
they 1
they 1
they 1
they 1
they 1
they 1
they 1
they 1
they 1
they 1
they 1
they 1
they 1
they 1
they 1
they 1
they 1
they 1
they 1
they 1
they 1
they 1
they 1
they 1
they 1
they 1
they 1
they 1
they 1
they 1
they 1
they 1
they 1
they 1
they 1
they 1
they 1
they 1
they 1
they 1
they 1
they 1
they 1
they 1
they 1
they 1
they 1
they 1
they 1
they 1
they 1
they 1
they 1
they 1
they 1
they 1
they 1
they 1
they 1
they 1
they 1
they 1
they 1
they 1
they 1
they 1
they 1
they 1
they 1
they 1
they 1
they 1
they 1
they 1
they 1
they 1
they 1
they 1
they 1
they 1
thinking 1
thinking 1
thirsting 1
thirty 1
thither 1
thou 1
thou 1
thou 1
thou 1
thou 1
thou 1
thou 1
thou 1
thou 1
thou 1
thou 1
thou 1
thou 1
thou 1
thrush 1
thrush 1
tidings 1
tidings 1
tie 1
timorous 1
together 1
together 1
together 1
together 1
together 1
together 1
together 1
together 1
together 1
tolerable 1
tolerably 1
tomb 1
tomb 1
tomb 1
toned 1
too 1
too 1
too 1
too 1
too 1
too 1
too 1
too 1
too 1
too 1
too 1
too 1
too 1
too 1
too 1
too 1
too 1
too 1
too 1
too 1
too 1
too 1
too 1
too 1
too 1
too 1
too 1
too 1
too 1
too 1
tormented 1
tormented 1
tormented 1
tormented 1
tormented 1
torrent 1
torrent 1
town 1
town 1
town 1
town 1
town 1
town 1
town 1
town 1
town 1
town 1
town 1
town 1
town 1
town 1
town 1
town 1
town 1
town 1
town 1
town 1
town 1
town 1
town 1
town 1
town 1
town 1
trade 1
trade 1
trader 1
tranquillity 1
tranquillity 1
tranquillity 1
tranquillity 1
tranquillity 1
tranquillity 1
tranquillity 1
tranquillity 1
tranquillity 1
tranquillity 1
tranquillity 1
tranquillity 1
tranquillity 1
tranquillity 1
transparent 1
transported 1
transported 1
transported 1
transported 1
tremendous 1
tremendous 1
tremendous 1
tremendous 1
tremendous 1
tremendous 1
tremendous 1
tremulous 1
turned 1
turned 1
turned 1
turned 1
turned 1
turned 1
turned 1
turned 1
turned 1
turned 1
turned 1
turned 1
turned 1
turned 1
turned 1
turned 1
turned 1
turned 1
turned 1
turned 1
turned 1
turned 1
turned 1
turned 1
ugliness 1
ugliness 1
ultimately 1
ultimately 1
unavoidable 1
unbounded 1
unbounded 1
unbounded 1
unchecked 1
unchecked 1
undertaking 1
undertaking 1
undertaking 1
undertaking 1
undertaking 1
undertaking 1
undertaking 1
undertaking 1
undertaking 1
undertaking 1
undertaking 1
undertaking 1
undertaking 1
uneasiness 1
uneasiness 1
unfavourable 1
unfavourable 1
unfortunately 1
unfortunately 1
unfortunately 1
unmolested 1
unrestrained 1
unrestrained 1
unwillingly 1
us 1
us 1
us 1
us 1
us 1
us 1
us 1
us 1
us 1
us 1
us 1
us 1
us 1
us 1
us 1
us 1
us 1
us 1
us 1
us 1
us 1
us 1
us 1
us 1
us 1
us 1
us 1
us 1
us 1
us 1
us 1
us 1
us 1
us 1
us 1
us 1
us 1
us 1
us 1
us 1
us 1
us 1
us 1
us 1
us 1
us 1
us 1
us 1
us 1
us 1
us 1
us 1
us 1
us 1
us 1
us 1
us 1
us 1
us 1
us 1
us 1
useful 1
useful 1
useful 1
useful 1
utmost 1
utmost 1
utmost 1
utmost 1
utmost 1
utmost 1
utter 1
utter 1
utter 1
utter 1
utter 1
utter 1
utter 1
utter 1
utter 1
utter 1
utter 1
vampire 1
variable 1
vegetables 1
vegetables 1
vehement 1
venerable 1
venerable 1
venerable 1
venerable 1
verdant 1
verdant 1
vicious 1
vicious 1
vicious 1
vigilance 1
vile 1
villains 1
visited 1
visited 1
visited 1
visited 1
visited 1
visited 1
visited 1
visited 1
visited 1
visited 1
visited 1
visited 1
visited 1
visited 1
visited 1
visited 1
visited 1
visitings 1
vivid 1
vivid 1
vivid 1
voluntary 1
voluntary 1
walked 1
walked 1
walked 1
walked 1
walked 1
walked 1
walked 1
walked 1
walked 1
walked 1
walked 1
walked 1
walked 1
walked 1
walked 1
walked 1
want 1
want 1
want 1
want 1
want 1
want 1
want 1
want 1
want 1
want 1
want 1
want 1
wantonly 1
wantonly 1
warbling 1
warmly 1
weak 1
weak 1
weak 1
weak 1
weak 1
weakened 1
weakened 1
weigh 1
wept 1
wept 1
wept 1
wept 1
wept 1
wept 1
wept 1
wept 1
wept 1
wept 1
wept 1
wept 1
wept 1
wept 1
wept 1
wept 1
wert 1
wert 1
when 1
when 1
when 1
when 1
when 1
when 1
when 1
when 1
when 1
when 1
when 1
when 1
when 1
when 1
when 1
when 1
when 1
when 1
when 1
when 1
when 1
when 1
when 1
when 1
when 1
when 1
when 1
when 1
when 1
when 1
when 1
when 1
when 1
when 1
when 1
when 1
when 1
when 1
when 1
when 1
when 1
when 1
when 1
when 1
when 1
when 1
when 1
when 1
when 1
when 1
when 1
when 1
when 1
when 1
when 1
when 1
when 1
when 1
when 1
when 1
when 1
when 1
when 1
when 1
when 1
when 1
when 1
when 1
when 1
when 1
when 1
when 1
when 1
when 1
when 1
when 1
when 1
when 1
when 1
when 1
when 1
when 1
when 1
when 1
when 1
when 1
when 1
when 1
when 1
when 1
when 1
when 1
when 1
when 1
when 1
when 1
when 1
when 1
when 1
when 1
when 1
when 1
when 1
when 1
when 1
when 1
when 1
when 1
when 1
when 1
when 1
when 1
when 1
when 1
when 1
when 1
when 1
when 1
when 1
when 1
when 1
when 1
when 1
when 1
when 1
when 1
when 1
when 1
when 1
when 1
when 1
when 1
when 1
when 1
when 1
when 1
when 1
when 1
when 1
when 1
when 1
when 1
when 1
when 1
when 1
when 1
when 1
when 1
when 1
when 1
when 1
when 1
when 1
when 1
when 1
when 1
when 1
when 1
when 1
when 1
when 1
when 1
when 1
when 1
when 1
when 1
when 1
when 1
when 1
when 1
when 1
when 1
when 1
when 1
when 1
when 1
when 1
when 1
when 1
when 1
when 1
when 1
when 1
when 1
when 1
when 1
when 1
when 1
when 1
when 1
when 1
when 1
when 1
when 1
when 1
when 1
when 1
when 1
when 1
when 1
when 1
when 1
when 1
when 1
when 1
when 1
when 1
when 1
when 1
when 1
when 1
when 1
when 1
when 1
when 1
when 1
when 1
when 1
when 1
when 1
when 1
when 1
when 1
when 1
when 1
when 1
when 1
when 1
when 1
when 1
when 1
when 1
when 1
when 1
when 1
when 1
when 1
when 1
when 1
when 1
when 1
when 1
when 1
when 1
when 1
when 1
when 1
when 1
when 1
when 1
when 1
when 1
when 1
when 1
when 1
when 1
when 1
when 1
when 1
when 1
when 1
when 1
when 1
when 1
when 1
when 1
when 1
when 1
when 1
when 1
when 1
when 1
when 1
when 1
whisper 1
whisper 1
whiteness 1
why 1
why 1
why 1
why 1
why 1
why 1
why 1
why 1
why 1
why 1
why 1
why 1
why 1
why 1
why 1
why 1
why 1
widow 1
widow 1
wilt 1
winning 1
wiser 1
woes 1
woes 1
woman 1
woman 1
woman 1
woman 1
woman 1
woman 1
woman 1
woman 1
woman 1
woman 1
woman 1
woman 1
woman 1
woman 1
woman 1
woman 1
woman 1
woman 1
woman 1
woman 1
woman 1
woman 1
woman 1
woman 1
wont 1
woods 1
woods 1
woods 1
woods 1
woods 1
woods 1
woods 1
woods 1
woods 1
woods 1
woods 1
woods 1
word 1
word 1
word 1
word 1
word 1
word 1
word 1
word 1
word 1
word 1
word 1
word 1
word 1
word 1
worms 1
worms 1
worn 1
worn 1
worn 1
wounds 1
wounds 1
wounds 1
wrapping 1
wreck 1
wreck 1
wreck 1
wreck 1
wreck 1
ye 1
ye 1
ye 1
ye 1
yellow 1
yellow 1
yellow 1
yellow 1
