ASCII 1
ASCII 1
Absolute 1
Aloysius 1
Aloysius 1
Aloysius 1
Aloysius 1
Aloysius 1
Always 1
Americans 1
An 1
An 1
An 1
An 1
An 1
An 1
An 1
An 1
An 1
Angel 1
Angel 1
Angel 1
Angel 1
Angel 1
Angel 1
Angel 1
Angel 1
Angel 1
Angel 1
Angel 1
Angel 1
Angel 1
Angel 1
Angel 1
Angel 1
Angel 1
Angel 1
Angel 1
Angel 1
Angel 1
Another 1
Augustine 1
Baker 1
Baker 1
Baker 1
Baker 1
Baker 1
Baker 1
Baker 1
Baker 1
Baker 1
Baker 1
Baker 1
Baker 1
Baker 1
Baker 1
Baker 1
Baker 1
Baker 1
Baker 1
Baker 1
Baker 1
Baker 1
Baker 1
Baker 1
Baker 1
Baker 1
Baker 1
Baker 1
Baker 1
Baker 1
Baker 1
Baker 1
Baker 1
Baker 1
Baker 1
Baker 1
Baker 1
Baker 1
Baker 1
Baker 1
Baker 1
Baker 1
Baker 1
Becher 1
Becher 1
Becher 1
Besides 1
Besides 1
Besides 1
Besides 1
Besides 1
Besides 1
Besides 1
Besides 1
Besides 1
Besides 1
Bohemian 1
Bohemian 1
Bohemian 1
Bohemian 1
Both 1
Both 1
Both 1
Both 1
Both 1
Both 1
Bought 1
Briony 1
Briony 1
Briony 1
Briony 1
Briony 1
Briony 1
Briony 1
Briony 1
Briony 1
Briony 1
Briony 1
Britannica 1
Britannica 1
But 1
But 1
But 1
But 1
But 1
But 1
But 1
But 1
But 1
But 1
But 1
But 1
But 1
But 1
But 1
But 1
But 1
But 1
But 1
But 1
But 1
But 1
But 1
But 1
But 1
But 1
But 1
But 1
But 1
But 1
But 1
But 1
But 1
But 1
But 1
But 1
But 1
But 1
But 1
But 1
But 1
But 1
But 1
But 1
But 1
But 1
But 1
But 1
But 1
But 1
But 1
But 1
But 1
But 1
But 1
But 1
But 1
But 1
But 1
But 1
But 1
But 1
But 1
But 1
But 1
But 1
But 1
But 1
But 1
But 1
But 1
But 1
But 1
But 1
But 1
But 1
But 1
But 1
But 1
But 1
But 1
But 1
But 1
But 1
But 1
But 1
But 1
But 1
But 1
But 1
But 1
But 1
But 1
But 1
But 1
But 1
But 1
But 1
But 1
But 1
But 1
But 1
But 1
But 1
But 1
But 1
But 1
But 1
But 1
But 1
But 1
But 1
But 1
But 1
But 1
But 1
But 1
But 1
But 1
But 1
But 1
But 1
But 1
But 1
But 1
But 1
But 1
But 1
But 1
But 1
But 1
But 1
But 1
But 1
But 1
But 1
But 1
But 1
But 1
But 1
But 1
But 1
But 1
But 1
But 1
But 1
But 1
But 1
But 1
But 1
But 1
But 1
But 1
But 1
But 1
But 1
But 1
But 1
But 1
But 1
But 1
But 1
But 1
But 1
But 1
But 1
But 1
But 1
But 1
But 1
But 1
But 1
But 1
But 1
But 1
But 1
But 1
But 1
But 1
But 1
But 1
But 1
CONSEQUENTIAL 1
Calcutta 1
Cannon 1
Carefully 1
Catherine 1
Catherine 1
Chinese 1
Circumstantial 1
Circumstantial 1
Clara 1
Coming 1
Company 1
Company 1
Constable 1
Continental 1
Convinced 1
Cooee 1
Cooee 1
Cooee 1
Cooee 1
Cooee 1
Cooee 1
Cooee 1
Covent 1
Covent 1
Covent 1
DIRECT 1
DISCLAIMER 1
Daily 1
Devonshire 1
Dock 1
During 1
During 1
During 1
During 1
E 1
E 1
E 1
E 1
E 1
E 1
E 1
E 1
E 1
E 1
E 1
E 1
E 1
E 1
E 1
E 1
E 1
E 1
E 1
E 1
E 1
E 1
E 1
Easier 1
End 1
End 1
End 1
Etherege 1
Evidence 1
Far 1
Far 1
Flaubert 1
Fresno 1
Fresno 1
Friday 1
Friday 1
Friday 1
Friday 1
Friday 1
Fritz 1
Fritz 1
GUTENBERG 1
GUTENBERG 1
GUTENBERG 1
GUTENBERG 1
Gate 1
Gate 1
Globe 1
Gordon 1
Gordon 1
Hall 1
Hall 1
Hall 1
Hall 1
Hampshire 1
Hampshire 1
Hampshire 1
Hampshire 1
Hanover 1
Hanover 1
Harris 1
Heavy 1
INCLUDING 1
IRENE 1
Impossible 1
India 1
India 1
India 1
India 1
Internal 1
Jose 1
Jose 1
Joseph 1
King 1
King 1
King 1
King 1
King 1
King 1
King 1
King 1
King 1
King 1
King 1
King 1
King 1
King 1
King 1
King 1
King 1
King 1
King 1
King 1
King 1
King 1
King 1
King 1
LICENSE 1
LICENSE 1
Lebanon 1
Look 1
Look 1
Look 1
Look 1
Look 1
Look 1
Look 1
Looking 1
MR 1
MR 1
MR 1
Madame 1
Mary 1
Mary 1
Mary 1
Mary 1
Mary 1
Mary 1
Mary 1
Mary 1
Mary 1
Mary 1
Mary 1
Mary 1
Mary 1
Mary 1
Mary 1
Mary 1
Mary 1
Mary 1
Mary 1
Mary 1
Mary 1
Matheson 1
Melbourne 1
Monica 1
Monica 1
Monica 1
More 1
More 1
Mortimer 1
No 1
No 1
No 1
No 1
No 1
No 1
No 1
No 1
No 1
No 1
No 1
No 1
No 1
No 1
No 1
No 1
No 1
No 1
No 1
No 1
No 1
No 1
No 1
No 1
No 1
No 1
No 1
No 1
No 1
No 1
No 1
No 1
No 1
No 1
No 1
No 1
No 1
No 1
No 1
No 1
No 1
No 1
No 1
No 1
No 1
No 1
No 1
No 1
No 1
No 1
No 1
No 1
No 1
No 1
No 1
No 1
No 1
No 1
No 1
No 1
No 1
No 1
No 1
No 1
No 1
No 1
No 1
No 1
No 1
No 1
No 1
No 1
No 1
No 1
No 1
No 1
No 1
No 1
No 1
No 1
No 1
No 1
No 1
No 1
No 1
No 1
No 1
No 1
No 1
No 1
No 1
Nothing 1
Nothing 1
Nothing 1
Nothing 1
Nothing 1
Nothing 1
Nothing 1
Nothing 1
Nothing 1
Nothing 1
Nothing 1
Nothing 1
Nothing 1
Nothing 1
Nothing 1
Nothing 1
Nothing 1
O 1
Oakshott 1
Oakshott 1
Oakshott 1
Oakshott 1
Oakshott 1
Oakshott 1
Oakshott 1
Oh 1
Oh 1
Oh 1
Oh 1
Oh 1
Oh 1
Oh 1
Oh 1
Oh 1
Oh 1
Oh 1
Oh 1
Oh 1
Oh 1
Oh 1
Oh 1
Oh 1
Oh 1
Oh 1
Oh 1
Oh 1
Oh 1
Oh 1
Oh 1
Oh 1
Oh 1
Oh 1
Oh 1
Oh 1
Oh 1
Oh 1
Oh 1
Oh 1
Oh 1
Oh 1
Oh 1
Oh 1
Oh 1
Oh 1
Oh 1
Oh 1
Oh 1
Oh 1
Oh 1
Oh 1
Oh 1
Oh 1
Oh 1
Oh 1
Oh 1
Oh 1
Oh 1
Oh 1
Oh 1
Oh 1
Oh 1
Oh 1
Oh 1
Oh 1
Oh 1
Oh 1
Oh 1
Oh 1
Oh 1
Oh 1
Oh 1
Oh 1
Oh 1
Oh 1
Oh 1
Oh 1
Oh 1
Oh 1
Oh 1
Oh 1
Oh 1
Oh 1
Oh 1
Oh 1
Oh 1
Oh 1
Oh 1
Oh 1
Oh 1
Oh 1
Oh 1
Oh 1
Oh 1
Oh 1
Or 1
Or 1
Or 1
Or 1
Outside 1
Outside 1
PROJECT 1
PROJECT 1
PROJECT 1
PROJECT 1
Papier 1
Paradol 1
Paris 1
Parr 1
Parr 1
Pending 1
Plantagenet 1
Prosper 1
Quick 1
Remember 1
Remember 1
Running 1
SPECKLED 1
Scotia 1
Seeing 1
Seeing 1
Sherlock 1
Sherlock 1
Sherlock 1
Sherlock 1
Sherlock 1
Sherlock 1
Sherlock 1
Sherlock 1
Sherlock 1
Sherlock 1
Sherlock 1
Sherlock 1
Sherlock 1
Sherlock 1
Sherlock 1
Sherlock 1
Sherlock 1
Sherlock 1
Sherlock 1
Sherlock 1
Sherlock 1
Sherlock 1
Sherlock 1
Sherlock 1
Sherlock 1
Sherlock 1
Sherlock 1
Sherlock 1
Sherlock 1
Sherlock 1
Sherlock 1
Sherlock 1
Sherlock 1
Sherlock 1
Sherlock 1
Sherlock 1
Sherlock 1
Sherlock 1
Sherlock 1
Sherlock 1
Sherlock 1
Sherlock 1
Sherlock 1
Sherlock 1
Sherlock 1
Sherlock 1
Sherlock 1
Sherlock 1
Sherlock 1
Sherlock 1
Sherlock 1
Sherlock 1
Sherlock 1
Sherlock 1
Sherlock 1
Sherlock 1
Sherlock 1
Sherlock 1
Sherlock 1
Sherlock 1
Sherlock 1
Sherlock 1
Sherlock 1
Sherlock 1
Sherlock 1
Sherlock 1
Sherlock 1
Sherlock 1
Sherlock 1
Sherlock 1
Sherlock 1
Sherlock 1
Sherlock 1
Sherlock 1
Sherlock 1
Sherlock 1
Sherlock 1
Sherlock 1
Sherlock 1
Sherlock 1
Sherlock 1
Sherlock 1
Sherlock 1
Sherlock 1
Sherlock 1
Sherlock 1
Sherlock 1
Sherlock 1
Sherlock 1
Sherlock 1
Sherlock 1
Sherlock 1
Sherlock 1
Sherlock 1
Sherlock 1
Sherlock 1
Sherlock 1
Shortly 1
Shortly 1
Sigismond 1
Stay 1
Street 1
Street 1
Street 1
Street 1
Street 1
Street 1
Street 1
Street 1
Street 1
Street 1
Street 1
Street 1
Street 1
Street 1
Street 1
Street 1
Street 1
Street 1
Street 1
Street 1
Street 1
Street 1
Street 1
Street 1
Street 1
Street 1
Street 1
Street 1
Street 1
Street 1
Street 1
Street 1
Street 1
Street 1
Street 1
Street 1
Street 1
Street 1
Street 1
Street 1
Street 1
Street 1
Street 1
Street 1
Street 1
Street 1
Street 1
Street 1
Street 1
Street 1
Street 1
Street 1
Street 1
Street 1
Street 1
Street 1
Street 1
Street 1
Street 1
Street 1
Street 1
Such 1
Such 1
Such 1
Such 1
Such 1
Suppose 1
Swandam 1
Swandam 1
Swandam 1
Swandam 1
Swandam 1
Swandam 1
Swandam 1
Swandam 1
Then 1
Then 1
Then 1
Then 1
Then 1
Then 1
Then 1
Then 1
Then 1
Then 1
Then 1
Then 1
Then 1
Then 1
Then 1
Then 1
Then 1
Then 1
Then 1
Then 1
Then 1
Then 1
Then 1
Then 1
Then 1
Then 1
Then 1
Then 1
Then 1
Then 1
Then 1
Then 1
Then 1
Then 1
Then 1
Then 1
Then 1
Then 1
Then 1
Then 1
Then 1
Then 1
Then 1
Then 1
Then 1
Then 1
Then 1
Then 1
Then 1
Then 1
Then 1
Then 1
Then 1
Then 1
Then 1
Then 1
Then 1
Then 1
Then 1
Then 1
Then 1
Then 1
Then 1
Then 1
Then 1
Then 1
Then 1
Then 1
Then 1
Then 1
Then 1
Then 1
Then 1
Then 1
Then 1
Then 1
Then 1
Then 1
Then 1
Then 1
Then 1
Then 1
Then 1
Then 1
Then 1
Then 1
Then 1
Then 1
Then 1
Then 1
Then 1
Then 1
Then 1
Then 1
Then 1
Then 1
Then 1
Then 1
Then 1
Then 1
Then 1
Then 1
Then 1
Then 1
Then 1
Then 1
Then 1
Then 1
Then 1
Then 1
Then 1
Then 1
Then 1
Then 1
Then 1
Then 1
Then 1
Then 1
Then 1
Then 1
Then 1
Then 1
Then 1
Then 1
Then 1
Then 1
Then 1
Then 1
Then 1
Then 1
Then 1
Then 1
Then 1
Then 1
Then 1
Theological 1
Therein 1
To 1
To 1
To 1
To 1
To 1
To 1
To 1
To 1
To 1
To 1
To 1
To 1
To 1
To 1
To 1
To 1
To 1
To 1
To 1
To 1
To 1
To 1
To 1
To 1
To 1
To 1
To 1
To 1
To 1
To 1
To 1
To 1
Twelve 1
USE 1
Updated 1
Victoria 1
Victoria 1
Victoria 1
Victoria 1
Victoria 1
Von 1
Von 1
Walsingham 1
Warsaw 1
Warsaw 1
Was 1
Was 1
Was 1
Was 1
Was 1
Was 1
Was 1
Was 1
Was 1
Was 1
Was 1
Was 1
Was 1
Was 1
Was 1
Was 1
Was 1
Was 1
Were 1
Were 1
Were 1
Were 1
West 1
West 1
West 1
Whittington 1
Whom 1
Wight 1
Wood 1
YOU 1
YOU 1
YOU 1
YOU 1
YOU 1
YOU 1
Your 1
Your 1
Your 1
Your 1
Your 1
Your 1
Your 1
Your 1
Your 1
Your 1
Your 1
Your 1
Your 1
Your 1
Your 1
Your 1
Your 1
Your 1
Your 1
Your 1
Your 1
Your 1
Your 1
Your 1
Your 1
Your 1
Your 1
Your 1
Your 1
Your 1
Your 1
Your 1
Your 1
Your 1
Your 1
Your 1
Your 1
Your 1
Your 1
Your 1
Your 1
Your 1
Your 1
Zealand 1
abide 1
abode 1
abomination 1
abstracted 1
abstracted 1
abstracted 1
abstracted 1
abutted 1
abutted 1
accommodate 1
actually 1
actually 1
actually 1
actually 1
actually 1
actually 1
actually 1
additional 1
additional 1
additional 1
admiring 1
admiring 1
admit 1
admit 1
adopted 1
adopted 1
advertised 1
advertised 1
advertised 1
advocate 1
age 1
age 1
age 1
age 1
age 1
age 1
age 1
age 1
age 1
age 1
age 1
age 1
age 1
age 1
ago 1
ago 1
ago 1
ago 1
ago 1
ago 1
ago 1
ago 1
ago 1
ago 1
ago 1
ago 1
ago 1
ago 1
ago 1
ago 1
ago 1
ago 1
ago 1
ago 1
ago 1
ago 1
ago 1
ago 1
ago 1
ago 1
ago 1
ago 1
akimbo 1
allied 1
alone 1
alone 1
alone 1
alone 1
alone 1
alone 1
alone 1
alone 1
alone 1
alone 1
alone 1
alone 1
alone 1
alone 1
alone 1
alone 1
alone 1
alone 1
alone 1
alone 1
alone 1
alone 1
alone 1
alone 1
alone 1
alone 1
alone 1
altogether 1
altogether 1
altogether 1
ambitious 1
an 1
an 1
an 1
an 1
an 1
an 1
an 1
an 1
an 1
an 1
an 1
an 1
an 1
an 1
an 1
an 1
an 1
an 1
an 1
an 1
an 1
an 1
an 1
an 1
an 1
an 1
an 1
an 1
an 1
an 1
an 1
an 1
an 1
an 1
an 1
an 1
an 1
an 1
an 1
an 1
an 1
an 1
an 1
an 1
an 1
an 1
an 1
an 1
an 1
an 1
an 1
an 1
an 1
an 1
an 1
an 1
an 1
an 1
an 1
an 1
an 1
an 1
an 1
an 1
an 1
an 1
an 1
an 1
an 1
an 1
an 1
an 1
an 1
an 1
an 1
an 1
an 1
an 1
an 1
an 1
an 1
an 1
an 1
an 1
an 1
an 1
an 1
an 1
an 1
an 1
an 1
an 1
an 1
an 1
an 1
an 1
an 1
an 1
an 1
an 1
an 1
an 1
an 1
an 1
an 1
an 1
an 1
an 1
an 1
an 1
an 1
an 1
an 1
an 1
an 1
an 1
an 1
an 1
an 1
an 1
an 1
an 1
an 1
an 1
an 1
an 1
an 1
an 1
an 1
an 1
an 1
an 1
an 1
an 1
an 1
an 1
an 1
an 1
an 1
an 1
an 1
an 1
an 1
an 1
an 1
an 1
an 1
an 1
an 1
an 1
an 1
an 1
an 1
an 1
an 1
an 1
an 1
an 1
an 1
an 1
an 1
an 1
an 1
an 1
an 1
an 1
an 1
an 1
an 1
an 1
an 1
an 1
an 1
an 1
an 1
an 1
an 1
an 1
an 1
an 1
an 1
an 1
an 1
an 1
an 1
an 1
an 1
an 1
an 1
an 1
an 1
an 1
an 1
an 1
an 1
an 1
an 1
an 1
an 1
an 1
an 1
an 1
an 1
an 1
an 1
an 1
an 1
an 1
an 1
an 1
an 1
an 1
an 1
an 1
an 1
an 1
an 1
an 1
an 1
an 1
an 1
an 1
an 1
an 1
an 1
an 1
an 1
an 1
an 1
an 1
an 1
an 1
an 1
an 1
an 1
an 1
an 1
an 1
an 1
an 1
an 1
an 1
an 1
an 1
an 1
an 1
an 1
an 1
an 1
an 1
an 1
an 1
an 1
an 1
an 1
an 1
an 1
an 1
an 1
an 1
an 1
an 1
an 1
an 1
an 1
an 1
an 1
an 1
an 1
an 1
an 1
an 1
an 1
an 1
an 1
an 1
an 1
an 1
an 1
an 1
an 1
an 1
an 1
an 1
an 1
an 1
an 1
an 1
an 1
an 1
an 1
an 1
an 1
an 1
an 1
an 1
an 1
an 1
an 1
an 1
an 1
an 1
an 1
an 1
an 1
an 1
an 1
an 1
an 1
an 1
an 1
an 1
an 1
an 1
an 1
an 1
an 1
an 1
an 1
an 1
an 1
an 1
an 1
an 1
an 1
an 1
an 1
an 1
an 1
ancestral 1
animals 1
anxious 1
anxious 1
anxious 1
anxious 1
anxious 1
anxious 1
anxious 1
anxious 1
anxious 1
appearing 1
appointment 1
appointment 1
appointment 1
appointment 1
appointment 1
appointment 1
appointment 1
appointment 1
appointment 1
apprenticed 1
area 1
arms 1
arms 1
arms 1
arms 1
arms 1
arms 1
arms 1
arms 1
arms 1
arms 1
arms 1
arms 1
arms 1
arrest 1
arrest 1
arrest 1
arrest 1
arrest 1
articles 1
articles 1
articles 1
articles 1
artist 1
ashamed 1
ashamed 1
ashamed 1
ashamed 1
ashamed 1
asking 1
asking 1
asking 1
asking 1
asking 1
asking 1
asserted 1
attired 1
august 1
authenticity 1
autumnal 1
autumnal 1
badge 1
bags 1
baleful 1
barricaded 1
barrow 1
baryta 1
basketful 1
beautiful 1
beautiful 1
beautiful 1
beautiful 1
beautiful 1
beautiful 1
beautiful 1
beautiful 1
beautiful 1
beautiful 1
beautiful 1
beckoned 1
become 1
become 1
become 1
become 1
become 1
become 1
become 1
become 1
become 1
become 1
beeches 1
beeches 1
beeches 1
beget 1
beggary 1
beginning 1
beginning 1
beginning 1
beginning 1
beginning 1
beginning 1
beginning 1
belief 1
belief 1
belief 1
belief 1
belief 1
belief 1
bend 1
bequest 1
betray 1
betraying 1
beyond 1
beyond 1
beyond 1
beyond 1
beyond 1
beyond 1
beyond 1
biographies 1
biography 1
black 1
black 1
black 1
black 1
black 1
black 1
black 1
black 1
black 1
black 1
black 1
black 1
black 1
black 1
black 1
black 1
black 1
black 1
black 1
black 1
black 1
black 1
black 1
black 1
black 1
black 1
black 1
black 1
black 1
black 1
black 1
black 1
black 1
black 1
black 1
black 1
black 1
black 1
black 1
black 1
black 1
black 1
black 1
black 1
black 1
black 1
black 1
black 1
bled 1
bless 1
bless 1
bless 1
bless 1
blockaded 1
blooded 1
blooded 1
bloodless 1
bloodless 1
bloody 1
blot 1
bold 1
bones 1
bones 1
booted 1
bought 1
bought 1
bought 1
bought 1
bought 1
bowed 1
bowed 1
bowed 1
bowed 1
bowed 1
bowed 1
bowed 1
bowed 1
bowed 1
braced 1
braced 1
breast 1
breast 1
breast 1
breast 1
breast 1
breathe 1
bred 1
bred 1
bred 1
brick 1
brick 1
brightly 1
brightly 1
brightly 1
brightly 1
brightly 1
brows 1
brows 1
brows 1
budge 1
buildings 1
bullion 1
bullion 1
burgled 1
burgled 1
burrowing 1
burrowing 1
bushy 1
bushy 1
bushy 1
bustled 1
busybody 1
butcher 1
camp 1
camp 1
camp 1
camp 1
camp 1
cane 1
cane 1
cane 1
cannot 1
cannot 1
cannot 1
cannot 1
cannot 1
cannot 1
cannot 1
cannot 1
cannot 1
cannot 1
cannot 1
cannot 1
cannot 1
cannot 1
cannot 1
cannot 1
cannot 1
cannot 1
cannot 1
cannot 1
cannot 1
cannot 1
cannot 1
cannot 1
cannot 1
cannot 1
cannot 1
cannot 1
cannot 1
cannot 1
cannot 1
cannot 1
cannot 1
cannot 1
cannot 1
cannot 1
cannot 1
cannot 1
cannot 1
cannot 1
cannot 1
cannot 1
cannot 1
cannot 1
cannot 1
cannot 1
cannot 1
cannot 1
cannot 1
cannot 1
cannot 1
cannot 1
cannot 1
cannot 1
cannot 1
caressing 1
carry 1
carry 1
carry 1
carry 1
carry 1
carry 1
carry 1
carry 1
carry 1
carry 1
carry 1
carry 1
carry 1
cases 1
cases 1
cases 1
cases 1
cases 1
cases 1
cases 1
cases 1
cases 1
cases 1
cases 1
cases 1
cases 1
cases 1
cases 1
cases 1
cases 1
cases 1
cases 1
cases 1
cases 1
cases 1
cases 1
cases 1
casket 1
casting 1
catching 1
cause 1
cause 1
cause 1
cause 1
cause 1
cause 1
cause 1
cause 1
cause 1
cause 1
cause 1
cause 1
cause 1
cause 1
cause 1
cause 1
cause 1
cause 1
cause 1
cause 1
cause 1
cause 1
caused 1
caused 1
caused 1
caused 1
caused 1
caused 1
caused 1
caused 1
caused 1
caused 1
caused 1
caused 1
caused 1
caused 1
caused 1
caution 1
central 1
central 1
central 1
central 1
certainty 1
certainty 1
certainty 1
certainty 1
certainty 1
certainty 1
chain 1
chain 1
chain 1
chain 1
chain 1
chain 1
chain 1
chain 1
chain 1
chain 1
chalk 1
chalk 1
chalk 1
characteristic 1
characteristic 1
characteristic 1
charming 1
charming 1
charming 1
charming 1
checks 1
chief 1
chief 1
children 1
children 1
children 1
children 1
children 1
children 1
children 1
children 1
chimney 1
chimney 1
chimney 1
chins 1
chronicler 1
chucked 1
clanking 1
clever 1
clever 1
clever 1
clever 1
clever 1
clever 1
clever 1
clump 1
clump 1
clump 1
clutching 1
coincidences 1
college 1
coloured 1
coloured 1
coloured 1
coloured 1
coloured 1
coloured 1
coloured 1
coloured 1
coloured 1
coloured 1
combined 1
comic 1
coming 1
coming 1
coming 1
coming 1
coming 1
coming 1
coming 1
coming 1
coming 1
coming 1
coming 1
coming 1
coming 1
coming 1
coming 1
coming 1
coming 1
coming 1
coming 1
coming 1
coming 1
coming 1
coming 1
coming 1
coming 1
coming 1
coming 1
commencement 1
commencement 1
common 1
common 1
common 1
common 1
common 1
common 1
common 1
common 1
common 1
common 1
common 1
common 1
common 1
common 1
commonplaces 1
commonplaces 1
communicate 1
communicate 1
communicate 1
communicate 1
communicate 1
communicated 1
communicated 1
compromising 1
compromising 1
compunction 1
compunction 1
compunction 1
conceivable 1
confess 1
confess 1
confess 1
confess 1
confess 1
confess 1
confess 1
confess 1
confess 1
confess 1
confess 1
confess 1
confess 1
confess 1
confess 1
confess 1
confused 1
confused 1
congratulated 1
constabulary 1
constitution 1
construction 1
continents 1
contradict 1
conversation 1
conversation 1
conversation 1
conversation 1
conversation 1
conversation 1
conversation 1
conversation 1
conversation 1
conversation 1
converse 1
copies 1
copies 1
copies 1
copies 1
copies 1
copies 1
copies 1
corner 1
corner 1
corner 1
corner 1
corner 1
corner 1
corner 1
corner 1
corner 1
corner 1
corner 1
corner 1
corner 1
corner 1
corner 1
corner 1
corner 1
corner 1
corner 1
corner 1
corner 1
corner 1
corner 1
corner 1
corner 1
corner 1
corner 1
corner 1
corner 1
corner 1
corner 1
corner 1
cost 1
cost 1
cost 1
cost 1
cost 1
cost 1
countryside 1
countryside 1
course 1
course 1
course 1
course 1
course 1
course 1
course 1
course 1
course 1
course 1
course 1
course 1
course 1
course 1
course 1
course 1
course 1
course 1
course 1
course 1
course 1
course 1
course 1
course 1
course 1
course 1
course 1
course 1
course 1
course 1
course 1
course 1
course 1
course 1
course 1
course 1
course 1
course 1
course 1
course 1
course 1
course 1
course 1
course 1
course 1
course 1
course 1
course 1
course 1
course 1
course 1
course 1
course 1
course 1
course 1
course 1
course 1
course 1
course 1
course 1
cracked 1
cracked 1
cracked 1
crest 1
cried 1
cried 1
cried 1
cried 1
cried 1
cried 1
cried 1
cried 1
cried 1
cried 1
cried 1
cried 1
cried 1
cried 1
cried 1
cried 1
cried 1
cried 1
cried 1
cried 1
cried 1
cried 1
cried 1
cried 1
cried 1
cried 1
cried 1
cried 1
cried 1
cried 1
cried 1
cried 1
cried 1
cried 1
cried 1
cried 1
cried 1
cried 1
cried 1
cried 1
cried 1
cried 1
cried 1
cried 1
cried 1
cried 1
cried 1
cried 1
cried 1
cried 1
cried 1
cried 1
cried 1
cried 1
cried 1
cried 1
cried 1
cried 1
cried 1
cried 1
cried 1
cried 1
cried 1
cried 1
cried 1
cried 1
cried 1
cried 1
cried 1
criminal 1
criminal 1
criminal 1
criminal 1
criminal 1
criminal 1
criminal 1
criminal 1
crony 1
crossed 1
crossed 1
crossed 1
crossed 1
crude 1
crushing 1
crystallised 1
curly 1
customary 1
cuttings 1
cylinders 1
cylinders 1
dashed 1
dashed 1
dashed 1
dashed 1
dashed 1
dashed 1
dashed 1
dashed 1
de 1
de 1
de 1
de 1
deceived 1
deceived 1
deceptive 1
deductible 1
deeds 1
defective 1
defective 1
defective 1
deference 1
deference 1
degenerating 1
deletions 1
delirium 1
delirium 1
deluded 1
denied 1
denied 1
denied 1
derive 1
derived 1
derived 1
derived 1
descends 1
described 1
described 1
described 1
described 1
described 1
described 1
described 1
designed 1
desires 1
desires 1
determined 1
determined 1
determined 1
determined 1
determined 1
determined 1
determined 1
determined 1
determined 1
determined 1
determined 1
determined 1
determined 1
determined 1
determined 1
determined 1
digs 1
disconnected 1
dishonourable 1
disjecta 1
disk 1
dislike 1
dislike 1
displayed 1
displayed 1
displayed 1
distance 1
distance 1
distance 1
distance 1
distance 1
distance 1
distance 1
distance 1
distinguish 1
distinguish 1
distinguish 1
distinguish 1
distributed 1
distributed 1
distributed 1
distributed 1
divined 1
divined 1
dock 1
dock 1
doctor 1
doctor 1
doctor 1
doctor 1
doctor 1
doctor 1
doctor 1
doctor 1
doctor 1
doctor 1
doctor 1
doctor 1
doctor 1
doctor 1
doctor 1
doctor 1
doctor 1
doctor 1
doctor 1
donate 1
donate 1
donate 1
donate 1
dottles 1
drab 1
drawer 1
drawer 1
drawer 1
drawer 1
drawer 1
drawer 1
drowsiness 1
drunken 1
drunken 1
drunken 1
drunken 1
dying 1
dying 1
dying 1
dying 1
dying 1
dying 1
dying 1
dying 1
dying 1
each 1
each 1
each 1
each 1
each 1
each 1
each 1
each 1
each 1
each 1
each 1
each 1
each 1
each 1
each 1
each 1
each 1
each 1
each 1
each 1
each 1
each 1
each 1
each 1
each 1
each 1
each 1
each 1
each 1
each 1
each 1
each 1
eagerly 1
eagerly 1
eagerly 1
eagerly 1
eagerness 1
eagerness 1
earliest 1
early 1
early 1
early 1
early 1
early 1
early 1
early 1
early 1
early 1
early 1
early 1
early 1
early 1
earrings 1
earrings 1
edge 1
edge 1
edge 1
edge 1
edge 1
edge 1
edge 1
edge 1
edge 1
edge 1
edge 1
edge 1
edge 1
eight 1
eight 1
eight 1
eight 1
eight 1
eight 1
eight 1
eight 1
eight 1
eight 1
eight 1
eight 1
elements 1
else 1
else 1
else 1
else 1
else 1
else 1
else 1
else 1
else 1
else 1
else 1
else 1
else 1
else 1
else 1
else 1
else 1
else 1
else 1
else 1
else 1
else 1
else 1
else 1
else 1
else 1
else 1
else 1
else 1
else 1
else 1
else 1
emigrant 1
employees 1
employees 1
encourage 1
engage 1
engineer 1
engineer 1
engineer 1
engineer 1
engineer 1
engineer 1
engineer 1
engines 1
enjoy 1
ensuring 1
entire 1
escorted 1
escorted 1
especially 1
especially 1
especially 1
especially 1
especially 1
evenings 1
evenings 1
events 1
events 1
events 1
events 1
events 1
events 1
events 1
events 1
events 1
events 1
events 1
events 1
events 1
events 1
events 1
events 1
every 1
every 1
every 1
every 1
every 1
every 1
every 1
every 1
every 1
every 1
every 1
every 1
every 1
every 1
every 1
every 1
every 1
every 1
every 1
every 1
every 1
every 1
every 1
every 1
every 1
every 1
every 1
every 1
every 1
every 1
every 1
every 1
every 1
every 1
every 1
every 1
every 1
every 1
every 1
every 1
every 1
every 1
every 1
every 1
every 1
every 1
every 1
every 1
every 1
every 1
every 1
every 1
every 1
every 1
every 1
every 1
every 1
every 1
every 1
every 1
every 1
every 1
every 1
every 1
every 1
every 1
every 1
every 1
every 1
every 1
every 1
every 1
every 1
every 1
every 1
evident 1
evident 1
evident 1
evident 1
evident 1
evident 1
examination 1
examination 1
examination 1
examination 1
examination 1
examination 1
examination 1
examination 1
examination 1
examination 1
examination 1
exceedingly 1
exceedingly 1
exceedingly 1
exceedingly 1
exceedingly 1
exceedingly 1
exceedingly 1
exceedingly 1
exceedingly 1
exceedingly 1
exceedingly 1
exceptionally 1
exceptionally 1
exchange 1
exchange 1
excitable 1
expressions 1
extremely 1
extremely 1
extremely 1
extremely 1
extremely 1
extremely 1
extremity 1
face 1
face 1
face 1
face 1
face 1
face 1
face 1
face 1
face 1
face 1
face 1
face 1
face 1
face 1
face 1
face 1
face 1
face 1
face 1
face 1
face 1
face 1
face 1
face 1
face 1
face 1
face 1
face 1
face 1
face 1
face 1
face 1
face 1
face 1
face 1
face 1
face 1
face 1
face 1
face 1
face 1
face 1
face 1
face 1
face 1
face 1
face 1
face 1
face 1
face 1
face 1
face 1
face 1
face 1
face 1
face 1
face 1
face 1
face 1
face 1
face 1
face 1
face 1
face 1
face 1
face 1
face 1
face 1
face 1
face 1
face 1
face 1
face 1
face 1
face 1
face 1
face 1
face 1
face 1
face 1
face 1
face 1
face 1
face 1
face 1
face 1
face 1
face 1
face 1
face 1
face 1
face 1
face 1
face 1
face 1
face 1
face 1
face 1
face 1
face 1
face 1
face 1
face 1
face 1
face 1
face 1
face 1
face 1
face 1
face 1
face 1
face 1
face 1
face 1
face 1
face 1
face 1
face 1
face 1
face 1
face 1
face 1
face 1
face 1
face 1
face 1
face 1
face 1
facet 1
fall 1
fall 1
fall 1
fall 1
fall 1
fall 1
fall 1
fall 1
fall 1
fall 1
fall 1
false 1
false 1
false 1
false 1
famous 1
famous 1
fancies 1
fancies 1
fancies 1
fancies 1
fancies 1
fancy 1
fancy 1
fancy 1
fancy 1
fancy 1
fancy 1
fancy 1
fancy 1
fancy 1
fancy 1
fancy 1
fancy 1
fancy 1
fancy 1
fantastic 1
fantastic 1
fantastic 1
fantastic 1
fantastic 1
fantastic 1
fantastic 1
farthest 1
farthest 1
fatally 1
fellow 1
fellow 1
fellow 1
fellow 1
fellow 1
fellow 1
fellow 1
fellow 1
fellow 1
fellow 1
fellow 1
fellow 1
fellow 1
fellow 1
fellow 1
fellow 1
fellow 1
fellow 1
fellow 1
fellow 1
fellow 1
fellow 1
fellow 1
fellow 1
fellow 1
fellow 1
fellow 1
fellow 1
fellow 1
fellow 1
fellow 1
fellow 1
fellow 1
fellow 1
feminine 1
ferocious 1
fiery 1
fiery 1
fill 1
fill 1
fill 1
fill 1
finger 1
finger 1
finger 1
finger 1
finger 1
finger 1
finger 1
finger 1
finger 1
finger 1
finger 1
finger 1
finger 1
finger 1
finger 1
finger 1
finger 1
finger 1
finger 1
fingertips 1
fingertips 1
finish 1
fitting 1
fix 1
fix 1
flattered 1
flattered 1
flattered 1
fly 1
fly 1
fly 1
fly 1
fly 1
fly 1
fly 1
fly 1
flying 1
flying 1
flying 1
fogs 1
folks 1
foolishly 1
force 1
force 1
force 1
force 1
force 1
force 1
force 1
force 1
force 1
force 1
force 1
force 1
force 1
force 1
force 1
foremost 1
forever 1
forever 1
forever 1
forever 1
forever 1
forever 1
forever 1
forfeit 1
forger 1
fortunately 1
fortunately 1
founder 1
fowls 1
fowls 1
fowls 1
frequently 1
frequently 1
frequently 1
frequently 1
frequently 1
frequently 1
frequently 1
frequently 1
frequently 1
friends 1
friends 1
friends 1
friends 1
friends 1
friends 1
friends 1
friends 1
friends 1
friends 1
friends 1
friends 1
friends 1
friends 1
frill 1
front 1
front 1
front 1
front 1
front 1
front 1
front 1
front 1
front 1
front 1
front 1
front 1
front 1
front 1
front 1
front 1
front 1
front 1
front 1
front 1
front 1
front 1
front 1
front 1
front 1
front 1
front 1
front 1
front 1
front 1
front 1
front 1
front 1
front 1
front 1
front 1
front 1
front 1
front 1
front 1
front 1
front 1
front 1
front 1
front 1
front 1
front 1
front 1
front 1
front 1
frosted 1
gain 1
gain 1
gain 1
gain 1
gain 1
gain 1
gallows 1
gallows 1
gang 1
gang 1
gang 1
gang 1
gang 1
gang 1
gash 1
gather 1
gather 1
gather 1
gather 1
gather 1
gather 1
gather 1
gazed 1
gazed 1
gazed 1
gazed 1
gazed 1
gem 1
gem 1
gentleman 1
gentleman 1
gentleman 1
gentleman 1
gentleman 1
gentleman 1
gentleman 1
gentleman 1
gentleman 1
gentleman 1
gentleman 1
gentleman 1
gentleman 1
gentleman 1
gentleman 1
gentleman 1
gentleman 1
gentleman 1
gentleman 1
gentleman 1
gentleman 1
gentleman 1
gentleman 1
gentleman 1
gentleman 1
gentleman 1
gentleman 1
gentleman 1
gentleman 1
gentleman 1
gentleman 1
gentleman 1
gentleman 1
gentleman 1
gentleman 1
gentleman 1
gentleman 1
gentleman 1
gentleman 1
gentleman 1
gentleman 1
gentleman 1
gentleman 1
gentleman 1
gentleman 1
gently 1
gently 1
gently 1
gently 1
gently 1
gently 1
gently 1
glancing 1
glancing 1
glancing 1
glancing 1
glancing 1
glancing 1
glancing 1
glancing 1
glancing 1
glancing 1
glancing 1
glancing 1
glancing 1
glancing 1
glancing 1
glancing 1
glancing 1
glancing 1
glancing 1
glancing 1
glancing 1
glancing 1
glancing 1
glared 1
glared 1
glided 1
glided 1
glints 1
glowing 1
glowing 1
gone 1
gone 1
gone 1
gone 1
gone 1
gone 1
gone 1
gone 1
gone 1
gone 1
gone 1
gone 1
gone 1
gone 1
gone 1
gone 1
gone 1
gone 1
gone 1
gone 1
gone 1
gone 1
gone 1
gone 1
gone 1
gone 1
gone 1
gone 1
gone 1
gone 1
gone 1
gone 1
gone 1
gone 1
gone 1
gone 1
gone 1
gone 1
gone 1
gone 1
gone 1
gone 1
good 1
good 1
good 1
good 1
good 1
good 1
good 1
good 1
good 1
good 1
good 1
good 1
good 1
good 1
good 1
good 1
good 1
good 1
good 1
good 1
good 1
good 1
good 1
good 1
good 1
good 1
good 1
good 1
good 1
good 1
good 1
good 1
good 1
good 1
good 1
good 1
good 1
good 1
good 1
good 1
good 1
good 1
good 1
good 1
good 1
good 1
good 1
good 1
good 1
good 1
good 1
good 1
good 1
good 1
good 1
good 1
good 1
good 1
good 1
good 1
good 1
good 1
good 1
good 1
good 1
good 1
good 1
good 1
good 1
good 1
good 1
good 1
good 1
good 1
good 1
good 1
good 1
good 1
good 1
good 1
good 1
good 1
good 1
good 1
good 1
good 1
good 1
good 1
good 1
good 1
good 1
good 1
good 1
good 1
good 1
good 1
good 1
good 1
good 1
good 1
good 1
good 1
good 1
good 1
good 1
good 1
good 1
good 1
good 1
good 1
good 1
good 1
good 1
good 1
good 1
goose 1
goose 1
goose 1
goose 1
goose 1
goose 1
goose 1
goose 1
goose 1
goose 1
goose 1
goose 1
goose 1
goose 1
goose 1
goose 1
goose 1
goose 1
goose 1
goose 1
goose 1
goose 1
goose 1
goose 1
goose 1
goose 1
goose 1
govern 1
gown 1
gown 1
gown 1
gown 1
gown 1
gown 1
greet 1
grinned 1
gritty 1
grizzled 1
grizzled 1
grizzled 1
grizzled 1
grizzled 1
grizzled 1
grove 1
grown 1
grown 1
grown 1
guardianship 1
gummed 1
had 1
had 1
had 1
had 1
had 1
had 1
had 1
had 1
had 1
had 1
had 1
had 1
had 1
had 1
had 1
had 1
had 1
had 1
had 1
had 1
had 1
had 1
had 1
had 1
had 1
had 1
had 1
had 1
had 1
had 1
had 1
had 1
had 1
had 1
had 1
had 1
had 1
had 1
had 1
had 1
had 1
had 1
had 1
had 1
had 1
had 1
had 1
had 1
had 1
had 1
had 1
had 1
had 1
had 1
had 1
had 1
had 1
had 1
had 1
had 1
had 1
had 1
had 1
had 1
had 1
had 1
had 1
had 1
had 1
had 1
had 1
had 1
had 1
had 1
had 1
had 1
had 1
had 1
had 1
had 1
had 1
had 1
had 1
had 1
had 1
had 1
had 1
had 1
had 1
had 1
had 1
had 1
had 1
had 1
had 1
had 1
had 1
had 1
had 1
had 1
had 1
had 1
had 1
had 1
had 1
had 1
had 1
had 1
had 1
had 1
had 1
had 1
had 1
had 1
had 1
had 1
had 1
had 1
had 1
had 1
had 1
had 1
had 1
had 1
had 1
had 1
had 1
had 1
had 1
had 1
had 1
had 1
had 1
had 1
had 1
had 1
had 1
had 1
had 1
had 1
had 1
had 1
had 1
had 1
had 1
had 1
had 1
had 1
had 1
had 1
had 1
had 1
had 1
had 1
had 1
had 1
had 1
had 1
had 1
had 1
had 1
had 1
had 1
had 1
had 1
had 1
had 1
had 1
had 1
had 1
had 1
had 1
had 1
had 1
had 1
had 1
had 1
had 1
had 1
had 1
had 1
had 1
had 1
had 1
had 1
had 1
had 1
had 1
had 1
had 1
had 1
had 1
had 1
had 1
had 1
had 1
had 1
had 1
had 1
had 1
had 1
had 1
had 1
had 1
had 1
had 1
had 1
had 1
had 1
had 1
had 1
had 1
had 1
had 1
had 1
had 1
had 1
had 1
had 1
had 1
had 1
had 1
had 1
had 1
had 1
had 1
had 1
had 1
had 1
had 1
had 1
had 1
had 1
had 1
had 1
had 1
had 1
had 1
had 1
had 1
had 1
had 1
had 1
had 1
had 1
had 1
had 1
had 1
had 1
had 1
had 1
had 1
had 1
had 1
had 1
had 1
had 1
had 1
had 1
had 1
had 1
had 1
had 1
had 1
had 1
had 1
had 1
had 1
had 1
had 1
had 1
had 1
had 1
had 1
had 1
had 1
had 1
had 1
had 1
had 1
had 1
had 1
had 1
had 1
had 1
had 1
had 1
had 1
had 1
had 1
had 1
had 1
had 1
had 1
had 1
had 1
had 1
had 1
had 1
had 1
had 1
had 1
had 1
had 1
had 1
had 1
had 1
had 1
had 1
had 1
had 1
had 1
had 1
had 1
had 1
had 1
had 1
had 1
had 1
had 1
had 1
had 1
had 1
had 1
had 1
had 1
had 1
had 1
had 1
had 1
had 1
had 1
had 1
had 1
had 1
had 1
had 1
had 1
had 1
had 1
had 1
had 1
had 1
had 1
had 1
had 1
had 1
had 1
had 1
had 1
had 1
had 1
had 1
had 1
had 1
had 1
had 1
had 1
had 1
had 1
had 1
had 1
had 1
had 1
had 1
had 1
had 1
had 1
had 1
had 1
had 1
had 1
had 1
had 1
had 1
had 1
had 1
had 1
had 1
had 1
had 1
had 1
had 1
had 1
had 1
had 1
had 1
had 1
had 1
had 1
had 1
had 1
had 1
had 1
had 1
had 1
had 1
had 1
had 1
had 1
had 1
had 1
had 1
had 1
had 1
had 1
had 1
had 1
had 1
had 1
had 1
had 1
had 1
had 1
had 1
had 1
had 1
had 1
had 1
had 1
had 1
had 1
had 1
had 1
had 1
had 1
had 1
had 1
had 1
had 1
had 1
had 1
had 1
had 1
had 1
had 1
had 1
had 1
had 1
had 1
had 1
had 1
had 1
had 1
had 1
had 1
had 1
had 1
had 1
had 1
had 1
had 1
had 1
had 1
had 1
had 1
had 1
had 1
had 1
had 1
had 1
had 1
had 1
had 1
had 1
had 1
had 1
had 1
had 1
had 1
had 1
had 1
had 1
had 1
had 1
had 1
had 1
had 1
had 1
had 1
had 1
had 1
had 1
had 1
had 1
had 1
had 1
had 1
had 1
had 1
had 1
had 1
had 1
had 1
had 1
had 1
had 1
had 1
had 1
had 1
had 1
had 1
had 1
had 1
had 1
had 1
had 1
had 1
had 1
had 1
had 1
had 1
had 1
had 1
had 1
had 1
had 1
had 1
had 1
had 1
had 1
had 1
had 1
had 1
had 1
had 1
had 1
had 1
had 1
had 1
had 1
had 1
had 1
had 1
had 1
had 1
had 1
had 1
had 1
had 1
had 1
had 1
had 1
had 1
had 1
had 1
had 1
had 1
had 1
had 1
had 1
had 1
had 1
had 1
had 1
had 1
had 1
had 1
had 1
had 1
had 1
had 1
had 1
had 1
had 1
had 1
had 1
had 1
had 1
had 1
had 1
had 1
had 1
had 1
had 1
had 1
had 1
had 1
had 1
had 1
had 1
had 1
had 1
had 1
had 1
had 1
had 1
had 1
had 1
had 1
had 1
had 1
had 1
had 1
had 1
had 1
had 1
had 1
had 1
had 1
had 1
had 1
had 1
had 1
had 1
had 1
had 1
had 1
had 1
had 1
had 1
had 1
had 1
had 1
had 1
had 1
had 1
had 1
had 1
had 1
had 1
had 1
had 1
had 1
had 1
had 1
had 1
had 1
had 1
had 1
had 1
had 1
had 1
had 1
had 1
had 1
had 1
had 1
had 1
had 1
had 1
had 1
had 1
had 1
had 1
had 1
had 1
had 1
had 1
had 1
had 1
had 1
had 1
had 1
had 1
had 1
had 1
had 1
had 1
had 1
had 1
had 1
had 1
had 1
had 1
had 1
had 1
had 1
had 1
had 1
had 1
had 1
had 1
had 1
had 1
had 1
had 1
had 1
had 1
had 1
had 1
had 1
had 1
had 1
had 1
had 1
had 1
had 1
had 1
had 1
had 1
had 1
had 1
had 1
had 1
had 1
had 1
had 1
had 1
had 1
had 1
had 1
had 1
had 1
had 1
had 1
had 1
had 1
had 1
had 1
had 1
had 1
had 1
had 1
had 1
had 1
had 1
had 1
had 1
had 1
had 1
had 1
had 1
had 1
had 1
had 1
had 1
had 1
had 1
had 1
had 1
had 1
had 1
had 1
had 1
had 1
had 1
had 1
had 1
had 1
had 1
had 1
had 1
had 1
had 1
had 1
had 1
had 1
had 1
had 1
had 1
had 1
had 1
had 1
had 1
had 1
had 1
had 1
had 1
had 1
had 1
had 1
had 1
had 1
had 1
had 1
had 1
had 1
had 1
had 1
had 1
had 1
had 1
had 1
had 1
had 1
had 1
had 1
had 1
had 1
had 1
had 1
had 1
had 1
had 1
had 1
had 1
had 1
had 1
had 1
had 1
had 1
had 1
had 1
had 1
had 1
had 1
had 1
had 1
had 1
had 1
had 1
had 1
had 1
had 1
had 1
had 1
had 1
had 1
had 1
had 1
had 1
had 1
had 1
had 1
had 1
had 1
had 1
had 1
had 1
had 1
hadn 1
hadn 1
hadn 1
hand 1
hand 1
hand 1
hand 1
hand 1
hand 1
hand 1
hand 1
hand 1
hand 1
hand 1
hand 1
hand 1
hand 1
hand 1
hand 1
hand 1
hand 1
hand 1
hand 1
hand 1
hand 1
hand 1
hand 1
hand 1
hand 1
hand 1
hand 1
hand 1
hand 1
hand 1
hand 1
hand 1
hand 1
hand 1
hand 1
hand 1
hand 1
hand 1
hand 1
hand 1
hand 1
hand 1
hand 1
hand 1
hand 1
hand 1
hand 1
hand 1
hand 1
hand 1
hand 1
hand 1
hand 1
hand 1
hand 1
hand 1
hand 1
hand 1
hand 1
hand 1
hand 1
hand 1
hand 1
hand 1
hand 1
hand 1
hand 1
hand 1
hand 1
hand 1
hand 1
hand 1
hand 1
hand 1
hand 1
hand 1
hand 1
hand 1
hand 1
hand 1
hand 1
hand 1
hand 1
hand 1
hand 1
hand 1
hand 1
hand 1
hand 1
hand 1
hand 1
hand 1
hand 1
hand 1
hand 1
hand 1
hand 1
hand 1
hand 1
hand 1
hand 1
hand 1
hand 1
hand 1
hand 1
hand 1
hand 1
hand 1
hand 1
hand 1
hand 1
hand 1
hand 1
hand 1
hand 1
hand 1
hand 1
hand 1
hand 1
handkerchiefs 1
handsome 1
handsome 1
handsome 1
handsome 1
hangs 1
hangs 1
happiness 1
happiness 1
happiness 1
hears 1
hears 1
hearts 1
hearts 1
hearts 1
hearty 1
hearty 1
hearty 1
hearty 1
hearty 1
heh 1
helping 1
hesitated 1
hesitated 1
hesitated 1
higher 1
higher 1
higher 1
hill 1
hinders 1
hint 1
hint 1
hinting 1
hiss 1
home 1
home 1
home 1
home 1
home 1
home 1
home 1
home 1
home 1
home 1
home 1
home 1
home 1
home 1
home 1
home 1
home 1
home 1
home 1
home 1
home 1
home 1
home 1
home 1
home 1
home 1
home 1
home 1
home 1
home 1
home 1
home 1
home 1
home 1
home 1
home 1
home 1
home 1
home 1
home 1
home 1
home 1
home 1
home 1
home 1
home 1
home 1
home 1
homesteads 1
honourable 1
horribly 1
houses 1
houses 1
houses 1
houses 1
houses 1
houses 1
houses 1
houses 1
houses 1
houses 1
houses 1
houses 1
houses 1
humiliation 1
humiliation 1
hundreds 1
hundreds 1
hundreds 1
hunt 1
hunt 1
hunting 1
hunting 1
hunting 1
hunting 1
hunting 1
hunting 1
husband 1
husband 1
husband 1
husband 1
husband 1
husband 1
husband 1
husband 1
husband 1
husband 1
husband 1
husband 1
husband 1
husband 1
husband 1
husband 1
husband 1
husband 1
husband 1
husband 1
husband 1
husband 1
husband 1
husband 1
husband 1
husband 1
husband 1
husband 1
hydraulic 1
hydraulic 1
hydraulic 1
hydraulic 1
hydraulic 1
hydraulic 1
hydraulic 1
hydraulic 1
hydraulic 1
hydraulic 1
idea 1
idea 1
idea 1
idea 1
idea 1
idea 1
idea 1
idea 1
idea 1
idea 1
idea 1
idea 1
idea 1
idea 1
idea 1
idea 1
idea 1
idea 1
idea 1
idea 1
idea 1
idea 1
idea 1
identical 1
impatient 1
impatient 1
impossibility 1
improbabilities 1
inadequate 1
incarnate 1
incidents 1
incidents 1
incidents 1
incidents 1
incidents 1
including 1
including 1
including 1
including 1
including 1
including 1
including 1
including 1
increasing 1
increasing 1
incriminate 1
indebted 1
indebted 1
indebted 1
indirectly 1
indirectly 1
infinitely 1
infinitely 1
inform 1
inform 1
ingenious 1
ingenious 1
inn 1
inn 1
inn 1
inquire 1
inquire 1
inquire 1
insanely 1
instance 1
instance 1
instance 1
instance 1
instance 1
instrument 1
instrument 1
intensity 1
interview 1
interview 1
interview 1
interview 1
interview 1
interview 1
intimate 1
intimate 1
intimate 1
intimate 1
intimate 1
invariably 1
invariably 1
invariably 1
investigations 1
investigations 1
investigations 1
investment 1
inviolate 1
iota 1
item 1
item 1
itself 1
itself 1
itself 1
itself 1
itself 1
itself 1
itself 1
itself 1
itself 1
itself 1
itself 1
itself 1
itself 1
itself 1
itself 1
itself 1
itself 1
itself 1
joke 1
joke 1
joke 1
journeys 1
jovial 1
jovial 1
jutting 1
keenest 1
keenest 1
keenest 1
keep 1
keep 1
keep 1
keep 1
keep 1
keep 1
keep 1
keep 1
keep 1
keep 1
keep 1
keep 1
keep 1
keep 1
keep 1
keep 1
keep 1
keep 1
keep 1
keep 1
keep 1
keep 1
keep 1
keep 1
keep 1
keep 1
keep 1
keep 1
keeping 1
keeping 1
keeping 1
keeping 1
keeping 1
keeping 1
key 1
key 1
key 1
key 1
key 1
key 1
key 1
key 1
key 1
key 1
key 1
key 1
key 1
key 1
key 1
key 1
kindly 1
kindly 1
kindly 1
kindly 1
kindly 1
kindly 1
kindly 1
kindly 1
kindly 1
kindly 1
knife 1
knife 1
knife 1
knife 1
labyrinth 1
labyrinth 1
labyrinth 1
lame 1
land 1
land 1
land 1
land 1
land 1
land 1
land 1
land 1
land 1
lanterns 1
lap 1
lap 1
lap 1
lap 1
lap 1
large 1
large 1
large 1
large 1
large 1
large 1
large 1
large 1
large 1
large 1
large 1
large 1
large 1
large 1
large 1
large 1
large 1
large 1
large 1
large 1
large 1
large 1
large 1
large 1
large 1
large 1
large 1
large 1
large 1
large 1
large 1
large 1
large 1
large 1
large 1
large 1
large 1
large 1
large 1
laurel 1
laurel 1
leaking 1
leave 1
leave 1
leave 1
leave 1
leave 1
leave 1
leave 1
leave 1
leave 1
leave 1
leave 1
leave 1
leave 1
leave 1
leave 1
leave 1
leave 1
leave 1
leave 1
leave 1
leave 1
leave 1
leave 1
leave 1
leave 1
leave 1
leave 1
leave 1
leave 1
leave 1
leave 1
leave 1
leave 1
leave 1
leave 1
leave 1
leave 1
leave 1
leave 1
leave 1
leave 1
leave 1
leave 1
leave 1
leave 1
leave 1
leave 1
legs 1
legs 1
legs 1
legs 1
legs 1
legs 1
legs 1
lemon 1
lenient 1
letters 1
letters 1
letters 1
letters 1
letters 1
letters 1
letters 1
letters 1
letters 1
letters 1
letters 1
letters 1
letters 1
letters 1
letters 1
letters 1
letters 1
letters 1
letters 1
letters 1
letters 1
letters 1
letters 1
letters 1
letters 1
letters 1
licensed 1
lifeless 1
like 1
like 1
like 1
like 1
like 1
like 1
like 1
like 1
like 1
like 1
like 1
like 1
like 1
like 1
like 1
like 1
like 1
like 1
like 1
like 1
like 1
like 1
like 1
like 1
like 1
like 1
like 1
like 1
like 1
like 1
like 1
like 1
like 1
like 1
like 1
like 1
like 1
like 1
like 1
like 1
like 1
like 1
like 1
like 1
like 1
like 1
like 1
like 1
like 1
like 1
like 1
like 1
like 1
like 1
like 1
like 1
like 1
like 1
like 1
like 1
like 1
like 1
like 1
like 1
like 1
like 1
like 1
like 1
like 1
like 1
like 1
like 1
like 1
like 1
like 1
like 1
like 1
like 1
like 1
like 1
like 1
like 1
like 1
like 1
like 1
like 1
like 1
like 1
like 1
like 1
like 1
like 1
like 1
like 1
like 1
like 1
like 1
lines 1
lines 1
lines 1
lines 1
lines 1
lines 1
listless 1
listless 1
living 1
living 1
living 1
living 1
living 1
living 1
living 1
living 1
loafer 1
loafer 1
loafer 1
lodge 1
lodge 1
lodge 1
lodge 1
lodge 1
lodge 1
lodge 1
lodge 1
lot 1
lot 1
lot 1
lot 1
lot 1
lot 1
louder 1
louder 1
louder 1
lovely 1
lovely 1
lovely 1
lovely 1
lovely 1
lovers 1
lucrative 1
lurched 1
m 1
m 1
m 1
m 1
maddening 1
maddening 1
magician 1
maintaining 1
maintenance 1
making 1
making 1
making 1
making 1
making 1
making 1
making 1
making 1
making 1
making 1
making 1
making 1
making 1
making 1
making 1
making 1
many 1
many 1
many 1
many 1
many 1
many 1
many 1
many 1
many 1
many 1
many 1
many 1
many 1
many 1
many 1
many 1
many 1
many 1
many 1
many 1
many 1
many 1
many 1
many 1
many 1
many 1
many 1
many 1
many 1
many 1
many 1
many 1
many 1
many 1
many 1
many 1
many 1
many 1
many 1
many 1
marines 1
marry 1
marry 1
marry 1
marry 1
marry 1
marry 1
marry 1
measures 1
measures 1
meddler 1
mentioned 1
mentioned 1
mentioned 1
mentioned 1
merit 1
merit 1
midway 1
millions 1
minded 1
minutes 1
minutes 1
minutes 1
minutes 1
minutes 1
minutes 1
minutes 1
minutes 1
minutes 1
minutes 1
minutes 1
minutes 1
minutes 1
minutes 1
minutes 1
minutes 1
minutes 1
minutes 1
minutes 1
minutes 1
minutes 1
minutes 1
minutes 1
minutes 1
minutes 1
minutes 1
minutes 1
minutes 1
minutes 1
minutes 1
minutes 1
minutes 1
minutes 1
minutes 1
minutes 1
minutes 1
minutes 1
minutes 1
minutes 1
minutes 1
minutes 1
minutes 1
minutes 1
minutes 1
minutes 1
minutes 1
mischance 1
missed 1
missed 1
missed 1
missed 1
missed 1
missed 1
missed 1
mood 1
mood 1
mood 1
moon 1
moon 1
moral 1
moral 1
more 1
more 1
more 1
more 1
more 1
more 1
more 1
more 1
more 1
more 1
more 1
more 1
more 1
more 1
more 1
more 1
more 1
more 1
more 1
more 1
more 1
more 1
more 1
more 1
more 1
more 1
more 1
more 1
more 1
more 1
more 1
more 1
more 1
more 1
more 1
more 1
more 1
more 1
more 1
more 1
more 1
more 1
more 1
more 1
more 1
more 1
more 1
more 1
more 1
more 1
more 1
more 1
more 1
more 1
more 1
more 1
more 1
more 1
more 1
more 1
more 1
more 1
more 1
more 1
more 1
more 1
more 1
more 1
more 1
more 1
more 1
more 1
more 1
more 1
more 1
more 1
more 1
more 1
more 1
more 1
more 1
more 1
more 1
more 1
more 1
more 1
more 1
more 1
more 1
more 1
more 1
more 1
more 1
more 1
more 1
more 1
more 1
more 1
more 1
more 1
more 1
more 1
more 1
more 1
more 1
more 1
more 1
more 1
more 1
more 1
more 1
more 1
more 1
more 1
more 1
more 1
more 1
more 1
more 1
more 1
more 1
more 1
more 1
more 1
more 1
more 1
more 1
more 1
more 1
more 1
more 1
more 1
more 1
more 1
more 1
more 1
more 1
more 1
more 1
more 1
more 1
more 1
more 1
more 1
more 1
more 1
more 1
more 1
more 1
more 1
more 1
more 1
more 1
more 1
more 1
more 1
more 1
more 1
more 1
more 1
more 1
more 1
more 1
more 1
more 1
more 1
more 1
more 1
more 1
more 1
more 1
more 1
more 1
mornings 1
mother 1
mother 1
mother 1
mother 1
mother 1
mother 1
mother 1
mother 1
mother 1
mother 1
mother 1
mother 1
mother 1
mother 1
mother 1
mother 1
mother 1
mother 1
mother 1
mother 1
mother 1
motionless 1
mould 1
mould 1
music 1
music 1
music 1
music 1
musician 1
neatness 1
needed 1
needed 1
needed 1
needed 1
needed 1
negro 1
nervously 1
net 1
net 1
net 1
net 1
net 1
net 1
newly 1
newly 1
newly 1
newly 1
newly 1
newspaper 1
newspaper 1
newspaper 1
newspaper 1
newspaper 1
no 1
no 1
no 1
no 1
no 1
no 1
no 1
no 1
no 1
no 1
no 1
no 1
no 1
no 1
no 1
no 1
no 1
no 1
no 1
no 1
no 1
no 1
no 1
no 1
no 1
no 1
no 1
no 1
no 1
no 1
no 1
no 1
no 1
no 1
no 1
no 1
no 1
no 1
no 1
no 1
no 1
no 1
no 1
no 1
no 1
no 1
no 1
no 1
no 1
no 1
no 1
no 1
no 1
no 1
no 1
no 1
no 1
no 1
no 1
no 1
no 1
no 1
no 1
no 1
no 1
no 1
no 1
no 1
no 1
no 1
no 1
no 1
no 1
no 1
no 1
no 1
no 1
no 1
no 1
no 1
no 1
no 1
no 1
no 1
no 1
no 1
no 1
no 1
no 1
no 1
no 1
no 1
no 1
no 1
no 1
no 1
no 1
no 1
no 1
no 1
no 1
no 1
no 1
no 1
no 1
no 1
no 1
no 1
no 1
no 1
no 1
no 1
no 1
no 1
no 1
no 1
no 1
no 1
no 1
no 1
no 1
no 1
no 1
no 1
no 1
no 1
no 1
no 1
no 1
no 1
no 1
no 1
no 1
no 1
no 1
no 1
no 1
no 1
no 1
no 1
no 1
no 1
no 1
no 1
no 1
no 1
no 1
no 1
no 1
no 1
no 1
no 1
no 1
no 1
no 1
no 1
no 1
no 1
no 1
no 1
no 1
no 1
no 1
no 1
no 1
no 1
no 1
no 1
no 1
no 1
no 1
no 1
no 1
no 1
no 1
no 1
no 1
no 1
no 1
no 1
no 1
no 1
no 1
no 1
no 1
no 1
no 1
no 1
no 1
no 1
no 1
no 1
no 1
no 1
no 1
no 1
no 1
no 1
no 1
no 1
no 1
no 1
no 1
no 1
no 1
no 1
no 1
no 1
no 1
no 1
no 1
no 1
no 1
no 1
no 1
no 1
no 1
no 1
no 1
no 1
no 1
no 1
no 1
no 1
no 1
no 1
no 1
no 1
no 1
no 1
no 1
no 1
no 1
no 1
no 1
no 1
no 1
no 1
no 1
no 1
no 1
no 1
no 1
no 1
no 1
no 1
no 1
no 1
no 1
no 1
no 1
no 1
no 1
no 1
no 1
no 1
no 1
no 1
no 1
no 1
no 1
no 1
no 1
no 1
no 1
no 1
no 1
no 1
no 1
no 1
no 1
no 1
no 1
no 1
no 1
no 1
no 1
no 1
no 1
no 1
no 1
no 1
no 1
no 1
no 1
no 1
no 1
no 1
no 1
no 1
no 1
no 1
no 1
no 1
no 1
no 1
no 1
no 1
no 1
no 1
no 1
no 1
no 1
no 1
no 1
no 1
no 1
nodding 1
nodding 1
nor 1
nor 1
nor 1
nor 1
nor 1
nor 1
nor 1
nor 1
nor 1
nor 1
nor 1
nor 1
nor 1
nor 1
nor 1
nor 1
notable 1
notably 1
notes 1
notes 1
notes 1
notes 1
notes 1
notes 1
notes 1
notes 1
notes 1
noting 1
noting 1
notion 1
number 1
number 1
number 1
number 1
number 1
number 1
number 1
number 1
number 1
number 1
number 1
number 1
number 1
number 1
number 1
obey 1
obey 1
obtruded 1
occupant 1
occupant 1
occupant 1
occupant 1
occupy 1
offered 1
offered 1
offered 1
offered 1
offered 1
offered 1
offered 1
offered 1
offered 1
oh 1
old 1
old 1
old 1
old 1
old 1
old 1
old 1
old 1
old 1
old 1
old 1
old 1
old 1
old 1
old 1
old 1
old 1
old 1
old 1
old 1
old 1
old 1
old 1
old 1
old 1
old 1
old 1
old 1
old 1
old 1
old 1
old 1
old 1
old 1
old 1
old 1
old 1
old 1
old 1
old 1
old 1
old 1
old 1
old 1
old 1
old 1
old 1
old 1
old 1
old 1
old 1
old 1
old 1
old 1
old 1
old 1
old 1
old 1
old 1
old 1
old 1
old 1
old 1
old 1
old 1
old 1
old 1
old 1
old 1
old 1
old 1
old 1
ones 1
ones 1
ones 1
ones 1
ones 1
ones 1
ones 1
ones 1
ones 1
operatic 1
oppressively 1
or 1
or 1
or 1
or 1
or 1
or 1
or 1
or 1
or 1
or 1
or 1
or 1
or 1
or 1
or 1
or 1
or 1
or 1
or 1
or 1
or 1
or 1
or 1
or 1
or 1
or 1
or 1
or 1
or 1
or 1
or 1
or 1
or 1
or 1
or 1
or 1
or 1
or 1
or 1
or 1
or 1
or 1
or 1
or 1
or 1
or 1
or 1
or 1
or 1
or 1
or 1
or 1
or 1
or 1
or 1
or 1
or 1
or 1
or 1
or 1
or 1
or 1
or 1
or 1
or 1
or 1
or 1
or 1
or 1
or 1
or 1
or 1
or 1
or 1
or 1
or 1
or 1
or 1
or 1
or 1
or 1
or 1
or 1
or 1
or 1
or 1
or 1
or 1
or 1
or 1
or 1
or 1
or 1
or 1
or 1
or 1
or 1
or 1
or 1
or 1
or 1
or 1
or 1
or 1
or 1
or 1
or 1
or 1
or 1
or 1
or 1
or 1
or 1
or 1
or 1
or 1
or 1
or 1
or 1
or 1
or 1
or 1
or 1
or 1
or 1
or 1
or 1
or 1
or 1
or 1
or 1
or 1
or 1
or 1
or 1
or 1
or 1
or 1
or 1
or 1
or 1
or 1
or 1
or 1
or 1
or 1
or 1
or 1
or 1
or 1
or 1
or 1
or 1
or 1
or 1
or 1
or 1
or 1
or 1
or 1
or 1
or 1
or 1
or 1
or 1
or 1
or 1
or 1
or 1
or 1
or 1
or 1
or 1
or 1
or 1
or 1
or 1
or 1
or 1
or 1
or 1
or 1
or 1
or 1
or 1
or 1
or 1
or 1
or 1
or 1
or 1
or 1
or 1
or 1
or 1
or 1
or 1
or 1
or 1
or 1
or 1
or 1
or 1
or 1
or 1
or 1
or 1
or 1
or 1
or 1
or 1
or 1
or 1
or 1
or 1
or 1
or 1
or 1
or 1
or 1
or 1
or 1
or 1
or 1
or 1
or 1
or 1
or 1
or 1
or 1
or 1
or 1
or 1
or 1
or 1
or 1
or 1
or 1
or 1
or 1
or 1
or 1
or 1
or 1
or 1
or 1
or 1
or 1
or 1
or 1
or 1
or 1
or 1
or 1
or 1
or 1
or 1
or 1
or 1
or 1
or 1
or 1
or 1
or 1
or 1
or 1
organized 1
others 1
others 1
others 1
others 1
others 1
others 1
others 1
others 1
others 1
others 1
others 1
others 1
others 1
others 1
others 1
others 1
others 1
others 1
others 1
ours 1
outbursts 1
outer 1
outer 1
outre 1
outre 1
overdid 1
overpowering 1
overpowering 1
overpowering 1
owed 1
owner 1
owner 1
owner 1
owner 1
owner 1
owner 1
pained 1
paramount 1
parapet 1
parley 1
part 1
part 1
part 1
part 1
part 1
part 1
part 1
part 1
part 1
part 1
part 1
part 1
part 1
part 1
part 1
part 1
part 1
part 1
part 1
part 1
part 1
part 1
part 1
part 1
part 1
part 1
part 1
part 1
part 1
part 1
part 1
part 1
part 1
part 1
part 1
part 1
passages 1
passengers 1
peculiarities 1
peeled 1
pen 1
pen 1
pen 1
pen 1
pen 1
pen 1
pen 1
pen 1
pen 1
pen 1
perfection 1
perplexed 1
pestering 1
phrase 1
phrase 1
phrase 1
phrase 1
pictures 1
pictures 1
pictures 1
pillow 1
pillow 1
pillow 1
pistol 1
pistol 1
pistol 1
pistol 1
pistol 1
pistol 1
pistol 1
pistol 1
pistol 1
place 1
place 1
place 1
place 1
place 1
place 1
place 1
place 1
place 1
place 1
place 1
place 1
place 1
place 1
place 1
place 1
place 1
place 1
place 1
place 1
place 1
place 1
place 1
place 1
place 1
place 1
place 1
place 1
place 1
place 1
place 1
place 1
place 1
place 1
place 1
place 1
place 1
place 1
place 1
place 1
place 1
place 1
place 1
place 1
place 1
place 1
place 1
place 1
place 1
place 1
place 1
place 1
place 1
plumber 1
plumber 1
plumber 1
plumber 1
plumber 1
pointed 1
pointed 1
pointed 1
pointed 1
pointed 1
pointed 1
pointed 1
pointed 1
pointed 1
pointed 1
pointed 1
poisoner 1
politicians 1
possibility 1
possibility 1
possibility 1
possibility 1
postmark 1
postmark 1
postmark 1
postmark 1
practical 1
practical 1
practical 1
practical 1
practical 1
practical 1
precursor 1
prizes 1
pro 1
processes 1
professional 1
professional 1
professional 1
professional 1
professional 1
professional 1
professional 1
professional 1
professional 1
professional 1
professional 1
professional 1
professional 1
professional 1
profits 1
prolong 1
promoting 1
promoting 1
promotion 1
proprietary 1
prosecution 1
prosecution 1
protection 1
protruded 1
protruded 1
protruded 1
proving 1
publicity 1
publicity 1
pull 1
pull 1
pull 1
pull 1
pull 1
pull 1
pull 1
pulling 1
pulling 1
pulling 1
pulling 1
punctures 1
pungent 1
punishment 1
punishment 1
punishment 1
purest 1
purposes 1
purposes 1
purposes 1
purposes 1
qualities 1
quarters 1
quarters 1
quarters 1
quarters 1
quarters 1
quotes 1
raising 1
raising 1
raising 1
rake 1
ramblings 1
rapidly 1
rapidly 1
rapidly 1
rapidly 1
rapidly 1
rascally 1
reasoned 1
reasoned 1
reasoner 1
reasoner 1
reasoner 1
reasoner 1
reasoner 1
reasoner 1
recesses 1
recognise 1
recognise 1
recognise 1
recognise 1
recognised 1
recognised 1
recognised 1
recognised 1
recognised 1
recoiled 1
recommended 1
recommended 1
recompense 1
recompense 1
recompense 1
refinement 1
regulations 1
rejoin 1
released 1
relief 1
relief 1
remunerative 1
rending 1
rending 1
represented 1
represented 1
requirement 1
resentment 1
resistance 1
resources 1
resources 1
respects 1
respects 1
respects 1
restrictions 1
restrictions 1
retorted 1
returned 1
returned 1
returned 1
returned 1
returned 1
returned 1
returned 1
returned 1
returned 1
returned 1
returned 1
returned 1
returned 1
returned 1
returned 1
returned 1
returned 1
returned 1
returned 1
returned 1
returned 1
returned 1
returned 1
returned 1
returned 1
returned 1
returned 1
returned 1
returned 1
returned 1
returned 1
returned 1
returned 1
returned 1
returned 1
returned 1
rift 1
rightly 1
rights 1
rights 1
rights 1
rigid 1
rigid 1
riser 1
roasting 1
robbery 1
robbery 1
robbery 1
robbery 1
robbery 1
robbery 1
robbery 1
roll 1
roofed 1
rounded 1
ruffian 1
ruined 1
ruined 1
safer 1
safer 1
sardonic 1
savage 1
savage 1
saviour 1
say 1
say 1
say 1
say 1
say 1
say 1
say 1
say 1
say 1
say 1
say 1
say 1
say 1
say 1
say 1
say 1
say 1
say 1
say 1
say 1
say 1
say 1
say 1
say 1
say 1
say 1
say 1
say 1
say 1
say 1
say 1
say 1
say 1
say 1
say 1
say 1
say 1
say 1
say 1
say 1
say 1
say 1
say 1
say 1
say 1
say 1
say 1
say 1
say 1
say 1
say 1
say 1
say 1
say 1
say 1
say 1
say 1
say 1
say 1
say 1
say 1
say 1
say 1
say 1
say 1
say 1
say 1
say 1
say 1
say 1
say 1
say 1
say 1
say 1
say 1
say 1
say 1
say 1
say 1
say 1
say 1
say 1
say 1
say 1
say 1
say 1
say 1
say 1
say 1
say 1
say 1
say 1
say 1
say 1
scar 1
scar 1
scar 1
scar 1
scent 1
scent 1
scent 1
scent 1
scent 1
scent 1
schemer 1
schools 1
scissors 1
scissors 1
scissors 1
scream 1
scream 1
scream 1
scream 1
scream 1
scrupulous 1
seamed 1
seconds 1
seconds 1
seconds 1
secure 1
secure 1
secure 1
secure 1
secure 1
secure 1
secure 1
secure 1
secure 1
secure 1
secure 1
securer 1
securer 1
sedentary 1
selections 1
sensations 1
separate 1
separate 1
separate 1
separate 1
series 1
series 1
series 1
series 1
series 1
series 1
series 1
series 1
serpent 1
servant 1
servant 1
servant 1
servant 1
servant 1
servant 1
settle 1
settle 1
settle 1
settle 1
settle 1
settle 1
settle 1
shamefaced 1
shave 1
shave 1
shaven 1
shaven 1
shaven 1
shivering 1
shops 1
shortly 1
shortly 1
shortly 1
shortly 1
shortly 1
shortly 1
shortly 1
show 1
show 1
show 1
show 1
show 1
show 1
show 1
show 1
show 1
show 1
show 1
show 1
show 1
show 1
show 1
show 1
shrilly 1
shrunk 1
shrunk 1
shutter 1
shutter 1
shutter 1
shutter 1
sight 1
sight 1
sight 1
sight 1
sight 1
sight 1
sight 1
sight 1
sight 1
sight 1
sight 1
sight 1
sight 1
sight 1
sight 1
sight 1
sight 1
sight 1
sight 1
sight 1
sight 1
sign 1
sign 1
sign 1
sign 1
sign 1
sign 1
sign 1
sign 1
sign 1
sign 1
sign 1
sign 1
sign 1
sign 1
sign 1
sign 1
sign 1
silver 1
silver 1
silver 1
simplicity 1
sixty 1
skin 1
skin 1
skin 1
slapped 1
sleep 1
sleep 1
sleep 1
sleep 1
sleep 1
sleep 1
sleep 1
sleep 1
sleep 1
sleep 1
sleep 1
sleepily 1
slink 1
slipper 1
slow 1
slow 1
slow 1
slow 1
slow 1
slow 1
slurred 1
smart 1
smasher 1
snakish 1
soda 1
soda 1
solder 1
soldiers 1
sole 1
sole 1
sole 1
sole 1
solved 1
solved 1
solved 1
solved 1
solved 1
solved 1
solved 1
solved 1
solved 1
solved 1
soothing 1
soothing 1
soothing 1
soothing 1
spare 1
spare 1
spare 1
spare 1
spare 1
spare 1
spare 1
spare 1
sparkles 1
speed 1
speedily 1
speedily 1
speedily 1
spirit 1
spouting 1
sprang 1
sprang 1
sprang 1
sprang 1
sprang 1
sprang 1
sprang 1
sprang 1
sprang 1
sprang 1
sprang 1
sprang 1
sprang 1
sprang 1
sprang 1
sprang 1
sprang 1
sprang 1
sprang 1
sprang 1
sprang 1
sprang 1
sprang 1
spread 1
spread 1
spread 1
sprung 1
sprung 1
staining 1
stair 1
stair 1
stair 1
stair 1
stair 1
stair 1
stair 1
stair 1
stair 1
started 1
started 1
started 1
started 1
started 1
started 1
started 1
started 1
started 1
started 1
started 1
started 1
started 1
started 1
started 1
started 1
started 1
started 1
started 1
started 1
started 1
started 1
started 1
started 1
steal 1
steel 1
steel 1
steel 1
steel 1
stepped 1
stepped 1
stepped 1
stepped 1
stepped 1
stepped 1
stepped 1
stepped 1
stepped 1
sterner 1
stored 1
stored 1
stories 1
stories 1
stories 1
stories 1
straining 1
strangers 1
strangers 1
strength 1
strength 1
strength 1
strength 1
strength 1
strength 1
strength 1
strength 1
strength 1
strength 1
strength 1
stride 1
stride 1
striking 1
striking 1
striking 1
striking 1
striking 1
strode 1
strode 1
stuffs 1
stupid 1
sturdy 1
suavely 1
suavely 1
subduing 1
subjected 1
subtle 1
subtle 1
subtle 1
subtle 1
suburb 1
successfully 1
succession 1
succession 1
suit 1
suit 1
suit 1
suit 1
suit 1
suit 1
suit 1
suit 1
suit 1
suit 1
sunshine 1
surprise 1
surprise 1
surprise 1
surprise 1
surprise 1
surprise 1
surprise 1
surprise 1
surprise 1
surprise 1
surprise 1
surprise 1
surprise 1
surprise 1
surprise 1
surprise 1
surrounded 1
surrounded 1
surrounded 1
surveyed 1
suspecting 1
suspecting 1
suspended 1
sworn 1
sworn 1
tack 1
tags 1
taken 1
taken 1
taken 1
taken 1
taken 1
taken 1
taken 1
taken 1
taken 1
taken 1
taken 1
taken 1
taken 1
taken 1
taken 1
taken 1
taken 1
taken 1
taken 1
taken 1
taken 1
taken 1
taken 1
taken 1
taken 1
taken 1
taken 1
taken 1
takings 1
takings 1
takings 1
taste 1
taste 1
taste 1
tattoo 1
texture 1
than 1
than 1
than 1
than 1
than 1
than 1
than 1
than 1
than 1
than 1
than 1
than 1
than 1
than 1
than 1
than 1
than 1
than 1
than 1
than 1
than 1
than 1
than 1
than 1
than 1
than 1
than 1
than 1
than 1
than 1
than 1
than 1
than 1
than 1
than 1
than 1
than 1
than 1
than 1
than 1
than 1
than 1
than 1
than 1
than 1
than 1
than 1
than 1
than 1
than 1
than 1
than 1
than 1
than 1
than 1
than 1
than 1
than 1
than 1
than 1
than 1
than 1
than 1
than 1
than 1
than 1
than 1
than 1
than 1
than 1
than 1
than 1
than 1
than 1
than 1
than 1
than 1
than 1
than 1
than 1
than 1
than 1
than 1
than 1
than 1
than 1
than 1
than 1
than 1
than 1
than 1
than 1
than 1
than 1
than 1
than 1
than 1
than 1
than 1
than 1
than 1
than 1
than 1
than 1
than 1
than 1
than 1
than 1
than 1
than 1
than 1
than 1
than 1
than 1
than 1
than 1
than 1
than 1
than 1
than 1
than 1
than 1
than 1
than 1
than 1
than 1
than 1
than 1
than 1
than 1
than 1
than 1
than 1
than 1
than 1
than 1
than 1
than 1
than 1
than 1
than 1
than 1
than 1
than 1
than 1
than 1
than 1
than 1
than 1
than 1
than 1
than 1
than 1
than 1
than 1
than 1
than 1
than 1
than 1
than 1
theft 1
theory 1
theory 1
theory 1
theory 1
theory 1
theory 1
theory 1
theory 1
theory 1
thin 1
thin 1
thin 1
thin 1
thin 1
thin 1
thin 1
thin 1
thin 1
thin 1
thin 1
thin 1
thin 1
thin 1
thin 1
thin 1
thin 1
thin 1
thin 1
thin 1
thin 1
things 1
things 1
things 1
things 1
things 1
things 1
things 1
things 1
things 1
things 1
things 1
things 1
things 1
things 1
things 1
things 1
things 1
things 1
things 1
things 1
things 1
things 1
things 1
things 1
things 1
things 1
things 1
things 1
things 1
threatening 1
thud 1
tiara 1
to 1
to 1
to 1
to 1
to 1
to 1
to 1
to 1
to 1
to 1
to 1
to 1
to 1
to 1
to 1
to 1
to 1
to 1
to 1
to 1
to 1
to 1
to 1
to 1
to 1
to 1
to 1
to 1
to 1
to 1
to 1
to 1
to 1
to 1
to 1
to 1
to 1
to 1
to 1
to 1
to 1
to 1
to 1
to 1
to 1
to 1
to 1
to 1
to 1
to 1
to 1
to 1
to 1
to 1
to 1
to 1
to 1
to 1
to 1
to 1
to 1
to 1
to 1
to 1
to 1
to 1
to 1
to 1
to 1
to 1
to 1
to 1
to 1
to 1
to 1
to 1
to 1
to 1
to 1
to 1
to 1
to 1
to 1
to 1
to 1
to 1
to 1
to 1
to 1
to 1
to 1
to 1
to 1
to 1
to 1
to 1
to 1
to 1
to 1
to 1
to 1
to 1
to 1
to 1
to 1
to 1
to 1
to 1
to 1
to 1
to 1
to 1
to 1
to 1
to 1
to 1
to 1
to 1
to 1
to 1
to 1
to 1
to 1
to 1
to 1
to 1
to 1
to 1
to 1
to 1
to 1
to 1
to 1
to 1
to 1
to 1
to 1
to 1
to 1
to 1
to 1
to 1
to 1
to 1
to 1
to 1
to 1
to 1
to 1
to 1
to 1
to 1
to 1
to 1
to 1
to 1
to 1
to 1
to 1
to 1
to 1
to 1
to 1
to 1
to 1
to 1
to 1
to 1
to 1
to 1
to 1
to 1
to 1
to 1
to 1
to 1
to 1
to 1
to 1
to 1
to 1
to 1
to 1
to 1
to 1
to 1
to 1
to 1
to 1
to 1
to 1
to 1
to 1
to 1
to 1
to 1
to 1
to 1
to 1
to 1
to 1
to 1
to 1
to 1
to 1
to 1
to 1
to 1
to 1
to 1
to 1
to 1
to 1
to 1
to 1
to 1
to 1
to 1
to 1
to 1
to 1
to 1
to 1
to 1
to 1
to 1
to 1
to 1
to 1
to 1
to 1
to 1
to 1
to 1
to 1
to 1
to 1
to 1
to 1
to 1
to 1
to 1
to 1
to 1
to 1
to 1
to 1
to 1
to 1
to 1
to 1
to 1
to 1
to 1
to 1
to 1
to 1
to 1
to 1
to 1
to 1
to 1
to 1
to 1
to 1
to 1
to 1
to 1
to 1
to 1
to 1
to 1
to 1
to 1
to 1
to 1
to 1
to 1
to 1
to 1
to 1
to 1
to 1
to 1
to 1
to 1
to 1
to 1
to 1
to 1
to 1
to 1
to 1
to 1
to 1
to 1
to 1
to 1
to 1
to 1
to 1
to 1
to 1
to 1
to 1
to 1
to 1
to 1
to 1
to 1
to 1
to 1
to 1
to 1
to 1
to 1
to 1
to 1
to 1
to 1
to 1
to 1
to 1
to 1
to 1
to 1
to 1
to 1
to 1
to 1
to 1
to 1
to 1
to 1
to 1
to 1
to 1
to 1
to 1
to 1
to 1
to 1
to 1
to 1
to 1
to 1
to 1
to 1
to 1
to 1
to 1
to 1
to 1
to 1
to 1
to 1
to 1
to 1
to 1
to 1
to 1
to 1
to 1
to 1
to 1
to 1
to 1
to 1
to 1
to 1
to 1
to 1
to 1
to 1
to 1
to 1
to 1
to 1
to 1
to 1
to 1
to 1
to 1
to 1
to 1
to 1
to 1
to 1
to 1
to 1
to 1
to 1
to 1
to 1
to 1
to 1
to 1
to 1
to 1
to 1
to 1
to 1
to 1
to 1
to 1
to 1
to 1
to 1
to 1
to 1
to 1
to 1
to 1
to 1
to 1
to 1
to 1
to 1
to 1
to 1
to 1
to 1
to 1
to 1
to 1
to 1
to 1
to 1
to 1
to 1
to 1
to 1
to 1
to 1
to 1
to 1
to 1
to 1
to 1
to 1
to 1
to 1
to 1
to 1
to 1
to 1
to 1
to 1
to 1
to 1
to 1
to 1
to 1
to 1
to 1
to 1
to 1
to 1
to 1
to 1
to 1
to 1
to 1
to 1
to 1
to 1
to 1
to 1
to 1
to 1
to 1
to 1
to 1
to 1
to 1
to 1
to 1
to 1
to 1
to 1
to 1
to 1
to 1
to 1
to 1
to 1
to 1
to 1
to 1
to 1
to 1
to 1
to 1
to 1
to 1
to 1
to 1
to 1
to 1
to 1
to 1
to 1
to 1
to 1
to 1
to 1
to 1
to 1
to 1
to 1
to 1
to 1
to 1
to 1
to 1
to 1
to 1
to 1
to 1
to 1
to 1
to 1
to 1
to 1
to 1
to 1
to 1
to 1
to 1
to 1
to 1
to 1
to 1
to 1
to 1
to 1
to 1
to 1
to 1
to 1
to 1
to 1
to 1
to 1
to 1
to 1
to 1
to 1
to 1
to 1
to 1
to 1
to 1
to 1
to 1
to 1
to 1
to 1
to 1
to 1
to 1
to 1
to 1
to 1
to 1
to 1
to 1
to 1
to 1
to 1
to 1
to 1
to 1
to 1
to 1
to 1
to 1
to 1
to 1
to 1
to 1
to 1
to 1
to 1
to 1
to 1
to 1
to 1
to 1
to 1
to 1
to 1
to 1
to 1
to 1
to 1
to 1
to 1
to 1
to 1
to 1
to 1
to 1
to 1
to 1
to 1
to 1
to 1
to 1
to 1
to 1
to 1
to 1
to 1
to 1
to 1
to 1
to 1
to 1
to 1
to 1
to 1
to 1
to 1
to 1
to 1
to 1
to 1
to 1
to 1
to 1
to 1
to 1
to 1
to 1
to 1
to 1
to 1
to 1
to 1
to 1
to 1
to 1
to 1
to 1
to 1
to 1
to 1
to 1
to 1
to 1
to 1
to 1
to 1
to 1
to 1
to 1
to 1
to 1
to 1
to 1
to 1
to 1
to 1
to 1
to 1
to 1
to 1
to 1
to 1
to 1
to 1
to 1
to 1
to 1
to 1
to 1
to 1
to 1
to 1
to 1
to 1
to 1
to 1
to 1
to 1
to 1
to 1
to 1
to 1
to 1
to 1
to 1
to 1
to 1
to 1
to 1
to 1
to 1
to 1
to 1
to 1
to 1
to 1
to 1
to 1
to 1
to 1
to 1
to 1
to 1
to 1
to 1
to 1
to 1
to 1
to 1
to 1
to 1
to 1
to 1
to 1
to 1
to 1
to 1
to 1
to 1
to 1
to 1
to 1
to 1
to 1
to 1
to 1
to 1
to 1
to 1
to 1
to 1
to 1
to 1
to 1
to 1
to 1
to 1
to 1
to 1
to 1
to 1
to 1
to 1
to 1
to 1
to 1
to 1
to 1
to 1
to 1
to 1
to 1
to 1
to 1
to 1
to 1
to 1
to 1
to 1
to 1
to 1
to 1
to 1
to 1
to 1
to 1
to 1
to 1
to 1
to 1
to 1
to 1
to 1
to 1
to 1
to 1
to 1
to 1
to 1
to 1
to 1
to 1
to 1
to 1
to 1
to 1
to 1
to 1
to 1
to 1
to 1
to 1
to 1
to 1
to 1
to 1
to 1
to 1
to 1
to 1
to 1
to 1
to 1
to 1
to 1
to 1
to 1
to 1
to 1
to 1
to 1
to 1
to 1
to 1
to 1
to 1
to 1
to 1
to 1
to 1
to 1
to 1
to 1
to 1
to 1
to 1
to 1
to 1
to 1
to 1
to 1
to 1
to 1
to 1
to 1
to 1
to 1
to 1
to 1
to 1
to 1
to 1
to 1
to 1
to 1
to 1
to 1
to 1
to 1
to 1
to 1
to 1
to 1
to 1
to 1
to 1
to 1
to 1
to 1
to 1
to 1
to 1
to 1
to 1
to 1
to 1
to 1
to 1
to 1
to 1
to 1
to 1
to 1
to 1
to 1
to 1
to 1
to 1
to 1
to 1
to 1
to 1
to 1
to 1
to 1
to 1
to 1
to 1
to 1
to 1
to 1
to 1
to 1
to 1
to 1
to 1
to 1
to 1
to 1
to 1
to 1
to 1
to 1
to 1
to 1
to 1
to 1
to 1
to 1
to 1
to 1
to 1
to 1
to 1
to 1
to 1
to 1
to 1
to 1
to 1
to 1
to 1
to 1
to 1
to 1
to 1
to 1
to 1
to 1
to 1
to 1
to 1
to 1
to 1
to 1
to 1
to 1
to 1
to 1
to 1
to 1
to 1
to 1
to 1
to 1
to 1
to 1
to 1
to 1
to 1
to 1
to 1
to 1
to 1
to 1
to 1
to 1
to 1
to 1
to 1
to 1
to 1
to 1
to 1
to 1
to 1
to 1
to 1
to 1
to 1
to 1
to 1
to 1
to 1
to 1
to 1
to 1
to 1
to 1
to 1
to 1
to 1
to 1
to 1
to 1
to 1
to 1
to 1
to 1
to 1
to 1
to 1
to 1
to 1
to 1
to 1
to 1
to 1
to 1
to 1
to 1
to 1
to 1
to 1
to 1
to 1
to 1
to 1
to 1
to 1
to 1
to 1
to 1
to 1
to 1
to 1
to 1
to 1
to 1
to 1
to 1
to 1
to 1
to 1
to 1
to 1
to 1
to 1
to 1
to 1
to 1
to 1
to 1
to 1
to 1
to 1
to 1
to 1
to 1
to 1
to 1
to 1
to 1
to 1
to 1
to 1
to 1
to 1
to 1
to 1
to 1
to 1
to 1
to 1
to 1
to 1
to 1
to 1
to 1
to 1
to 1
to 1
to 1
to 1
to 1
to 1
to 1
to 1
to 1
to 1
to 1
to 1
to 1
to 1
to 1
to 1
to 1
to 1
to 1
to 1
to 1
to 1
to 1
to 1
to 1
to 1
to 1
to 1
to 1
to 1
to 1
to 1
to 1
to 1
to 1
to 1
to 1
to 1
to 1
to 1
to 1
to 1
to 1
to 1
to 1
to 1
to 1
to 1
to 1
to 1
to 1
to 1
to 1
to 1
to 1
to 1
to 1
to 1
to 1
to 1
to 1
to 1
to 1
to 1
to 1
to 1
to 1
to 1
to 1
to 1
to 1
to 1
to 1
to 1
to 1
to 1
to 1
to 1
to 1
to 1
to 1
to 1
to 1
to 1
to 1
to 1
to 1
to 1
to 1
to 1
to 1
to 1
to 1
to 1
to 1
to 1
to 1
to 1
to 1
to 1
to 1
to 1
to 1
to 1
to 1
to 1
to 1
to 1
to 1
to 1
to 1
to 1
to 1
to 1
to 1
to 1
to 1
to 1
to 1
to 1
to 1
to 1
to 1
to 1
to 1
to 1
to 1
to 1
to 1
to 1
to 1
to 1
to 1
to 1
to 1
to 1
to 1
to 1
to 1
to 1
to 1
to 1
to 1
to 1
to 1
to 1
to 1
to 1
to 1
to 1
to 1
to 1
to 1
to 1
to 1
to 1
to 1
to 1
to 1
to 1
to 1
to 1
to 1
to 1
to 1
to 1
to 1
to 1
to 1
to 1
to 1
to 1
to 1
to 1
to 1
to 1
to 1
to 1
to 1
to 1
to 1
to 1
to 1
to 1
to 1
to 1
to 1
to 1
to 1
to 1
to 1
to 1
to 1
to 1
to 1
to 1
to 1
to 1
to 1
to 1
to 1
to 1
to 1
to 1
to 1
to 1
to 1
to 1
to 1
to 1
to 1
to 1
to 1
to 1
to 1
to 1
to 1
to 1
to 1
to 1
to 1
to 1
to 1
to 1
to 1
to 1
to 1
to 1
to 1
to 1
to 1
to 1
to 1
to 1
to 1
to 1
to 1
to 1
to 1
to 1
to 1
to 1
to 1
to 1
to 1
to 1
to 1
to 1
to 1
to 1
to 1
to 1
to 1
to 1
to 1
to 1
to 1
to 1
to 1
to 1
to 1
to 1
to 1
to 1
to 1
to 1
to 1
to 1
to 1
to 1
to 1
to 1
to 1
to 1
to 1
to 1
to 1
to 1
to 1
to 1
to 1
to 1
to 1
to 1
to 1
to 1
to 1
to 1
to 1
to 1
to 1
to 1
to 1
to 1
to 1
to 1
to 1
to 1
to 1
to 1
to 1
to 1
to 1
to 1
to 1
to 1
to 1
to 1
to 1
to 1
to 1
to 1
to 1
to 1
to 1
to 1
to 1
to 1
to 1
to 1
to 1
to 1
to 1
to 1
to 1
to 1
to 1
to 1
to 1
to 1
to 1
to 1
to 1
to 1
to 1
to 1
to 1
to 1
to 1
to 1
to 1
to 1
to 1
to 1
to 1
to 1
to 1
to 1
to 1
to 1
to 1
to 1
to 1
to 1
to 1
to 1
to 1
to 1
to 1
to 1
to 1
to 1
to 1
to 1
to 1
to 1
to 1
to 1
to 1
to 1
to 1
to 1
to 1
to 1
to 1
to 1
to 1
to 1
to 1
to 1
to 1
to 1
to 1
to 1
to 1
to 1
to 1
to 1
to 1
to 1
to 1
to 1
to 1
to 1
to 1
to 1
to 1
to 1
to 1
to 1
to 1
to 1
to 1
to 1
to 1
to 1
to 1
to 1
to 1
to 1
to 1
to 1
to 1
to 1
to 1
to 1
to 1
to 1
to 1
to 1
to 1
to 1
to 1
to 1
to 1
to 1
to 1
to 1
to 1
to 1
to 1
to 1
to 1
to 1
to 1
to 1
to 1
to 1
to 1
to 1
to 1
to 1
to 1
to 1
to 1
to 1
to 1
to 1
to 1
to 1
to 1
to 1
to 1
to 1
to 1
to 1
to 1
to 1
to 1
to 1
to 1
to 1
to 1
to 1
to 1
to 1
to 1
to 1
to 1
to 1
to 1
to 1
to 1
to 1
to 1
to 1
to 1
to 1
to 1
to 1
to 1
to 1
to 1
to 1
to 1
to 1
to 1
to 1
to 1
to 1
to 1
to 1
to 1
to 1
to 1
to 1
to 1
to 1
to 1
to 1
to 1
to 1
to 1
to 1
to 1
to 1
to 1
to 1
to 1
to 1
to 1
to 1
to 1
to 1
to 1
to 1
to 1
to 1
to 1
to 1
to 1
to 1
to 1
to 1
to 1
to 1
to 1
to 1
to 1
to 1
to 1
to 1
to 1
to 1
to 1
to 1
to 1
to 1
to 1
to 1
to 1
to 1
to 1
to 1
to 1
to 1
to 1
to 1
to 1
to 1
to 1
to 1
to 1
to 1
to 1
to 1
to 1
to 1
to 1
to 1
to 1
to 1
to 1
to 1
to 1
to 1
to 1
to 1
to 1
to 1
to 1
to 1
to 1
to 1
to 1
to 1
to 1
to 1
to 1
to 1
to 1
to 1
to 1
to 1
to 1
to 1
to 1
to 1
to 1
to 1
to 1
to 1
to 1
to 1
to 1
to 1
to 1
to 1
to 1
to 1
to 1
to 1
to 1
to 1
to 1
to 1
to 1
to 1
to 1
to 1
to 1
to 1
to 1
to 1
to 1
to 1
to 1
to 1
to 1
to 1
to 1
to 1
to 1
to 1
to 1
to 1
to 1
to 1
to 1
to 1
to 1
to 1
to 1
to 1
to 1
to 1
to 1
to 1
to 1
to 1
to 1
to 1
to 1
to 1
to 1
to 1
to 1
to 1
to 1
to 1
to 1
to 1
to 1
to 1
to 1
to 1
to 1
to 1
to 1
to 1
to 1
to 1
to 1
to 1
to 1
to 1
to 1
to 1
to 1
to 1
to 1
to 1
to 1
to 1
to 1
to 1
to 1
to 1
to 1
to 1
to 1
to 1
to 1
to 1
to 1
to 1
to 1
to 1
to 1
to 1
to 1
to 1
to 1
to 1
to 1
to 1
to 1
to 1
to 1
to 1
to 1
to 1
to 1
to 1
to 1
to 1
to 1
to 1
to 1
to 1
to 1
to 1
to 1
to 1
to 1
to 1
to 1
to 1
to 1
to 1
to 1
to 1
to 1
to 1
to 1
to 1
to 1
to 1
to 1
to 1
to 1
to 1
to 1
to 1
to 1
to 1
to 1
to 1
to 1
to 1
to 1
to 1
to 1
to 1
to 1
to 1
to 1
to 1
to 1
to 1
to 1
to 1
to 1
to 1
to 1
to 1
to 1
to 1
to 1
to 1
to 1
to 1
to 1
to 1
to 1
to 1
to 1
to 1
to 1
to 1
to 1
to 1
to 1
to 1
to 1
to 1
to 1
to 1
to 1
to 1
to 1
to 1
to 1
to 1
to 1
to 1
to 1
to 1
to 1
to 1
to 1
to 1
to 1
to 1
to 1
to 1
to 1
to 1
to 1
to 1
to 1
to 1
to 1
to 1
to 1
to 1
to 1
to 1
to 1
to 1
to 1
to 1
to 1
to 1
to 1
to 1
to 1
to 1
to 1
to 1
to 1
to 1
to 1
to 1
to 1
to 1
to 1
to 1
to 1
to 1
to 1
to 1
to 1
to 1
to 1
to 1
to 1
to 1
to 1
to 1
to 1
to 1
to 1
to 1
to 1
to 1
to 1
to 1
to 1
to 1
to 1
to 1
to 1
to 1
to 1
to 1
to 1
to 1
to 1
to 1
to 1
to 1
to 1
to 1
to 1
to 1
to 1
to 1
to 1
to 1
to 1
to 1
to 1
to 1
to 1
to 1
to 1
to 1
to 1
to 1
to 1
to 1
to 1
to 1
to 1
to 1
to 1
to 1
to 1
to 1
to 1
to 1
to 1
to 1
to 1
to 1
to 1
to 1
to 1
to 1
to 1
to 1
to 1
to 1
to 1
to 1
to 1
to 1
to 1
to 1
to 1
to 1
to 1
to 1
to 1
to 1
to 1
to 1
to 1
to 1
to 1
to 1
to 1
to 1
to 1
to 1
to 1
to 1
to 1
to 1
to 1
to 1
to 1
to 1
to 1
to 1
to 1
to 1
to 1
to 1
to 1
to 1
to 1
to 1
to 1
to 1
to 1
to 1
to 1
to 1
to 1
to 1
to 1
to 1
to 1
to 1
to 1
to 1
to 1
to 1
to 1
to 1
to 1
to 1
to 1
to 1
to 1
to 1
to 1
to 1
to 1
to 1
to 1
to 1
to 1
to 1
to 1
to 1
to 1
to 1
to 1
to 1
to 1
to 1
to 1
to 1
to 1
to 1
to 1
to 1
to 1
to 1
to 1
to 1
to 1
to 1
to 1
to 1
to 1
to 1
to 1
to 1
to 1
to 1
to 1
to 1
to 1
to 1
to 1
to 1
to 1
to 1
to 1
to 1
to 1
to 1
to 1
to 1
to 1
to 1
to 1
to 1
to 1
to 1
to 1
to 1
to 1
to 1
to 1
to 1
to 1
to 1
to 1
to 1
to 1
to 1
to 1
to 1
to 1
to 1
to 1
to 1
to 1
to 1
to 1
to 1
to 1
to 1
to 1
to 1
to 1
to 1
to 1
to 1
to 1
to 1
to 1
to 1
to 1
to 1
to 1
to 1
to 1
to 1
to 1
to 1
to 1
to 1
to 1
to 1
to 1
to 1
to 1
to 1
to 1
to 1
to 1
to 1
to 1
to 1
to 1
to 1
to 1
to 1
to 1
to 1
to 1
to 1
to 1
to 1
to 1
to 1
to 1
to 1
to 1
to 1
to 1
to 1
to 1
to 1
to 1
to 1
to 1
to 1
to 1
to 1
to 1
to 1
to 1
to 1
to 1
to 1
to 1
to 1
to 1
to 1
to 1
to 1
to 1
to 1
to 1
to 1
to 1
to 1
to 1
to 1
to 1
to 1
to 1
to 1
to 1
to 1
to 1
to 1
to 1
to 1
to 1
to 1
to 1
to 1
to 1
to 1
to 1
to 1
to 1
to 1
to 1
to 1
to 1
to 1
to 1
to 1
to 1
to 1
to 1
to 1
to 1
to 1
to 1
to 1
to 1
to 1
to 1
to 1
to 1
to 1
to 1
to 1
to 1
to 1
to 1
to 1
to 1
to 1
to 1
to 1
to 1
to 1
to 1
to 1
to 1
to 1
to 1
to 1
to 1
to 1
to 1
to 1
to 1
to 1
to 1
to 1
to 1
to 1
to 1
to 1
to 1
to 1
to 1
to 1
to 1
to 1
to 1
to 1
to 1
to 1
to 1
to 1
to 1
to 1
to 1
to 1
to 1
to 1
to 1
to 1
to 1
to 1
to 1
to 1
to 1
to 1
to 1
to 1
to 1
to 1
to 1
to 1
to 1
to 1
to 1
to 1
to 1
to 1
to 1
to 1
to 1
to 1
to 1
to 1
to 1
to 1
to 1
to 1
to 1
to 1
to 1
to 1
to 1
to 1
to 1
to 1
to 1
to 1
to 1
to 1
to 1
to 1
to 1
to 1
to 1
to 1
to 1
to 1
to 1
to 1
to 1
to 1
to 1
to 1
to 1
to 1
to 1
to 1
to 1
to 1
to 1
to 1
to 1
to 1
to 1
to 1
to 1
to 1
to 1
to 1
to 1
to 1
to 1
to 1
to 1
to 1
to 1
to 1
to 1
to 1
to 1
to 1
to 1
to 1
to 1
to 1
to 1
to 1
to 1
to 1
to 1
to 1
to 1
to 1
to 1
to 1
to 1
to 1
to 1
to 1
to 1
to 1
to 1
to 1
to 1
to 1
to 1
to 1
to 1
to 1
to 1
to 1
to 1
to 1
to 1
to 1
to 1
to 1
to 1
to 1
to 1
to 1
to 1
to 1
to 1
to 1
to 1
to 1
to 1
to 1
to 1
to 1
to 1
to 1
to 1
to 1
to 1
to 1
to 1
to 1
to 1
to 1
to 1
to 1
to 1
to 1
to 1
to 1
to 1
to 1
to 1
to 1
to 1
to 1
to 1
to 1
to 1
to 1
to 1
to 1
to 1
to 1
to 1
to 1
to 1
to 1
to 1
to 1
to 1
to 1
to 1
to 1
to 1
to 1
to 1
to 1
to 1
to 1
to 1
to 1
to 1
to 1
to 1
to 1
to 1
to 1
to 1
to 1
to 1
to 1
to 1
to 1
to 1
to 1
to 1
to 1
to 1
to 1
to 1
to 1
to 1
to 1
to 1
to 1
to 1
to 1
to 1
to 1
to 1
to 1
to 1
to 1
to 1
to 1
to 1
to 1
to 1
to 1
to 1
to 1
to 1
to 1
to 1
to 1
to 1
to 1
to 1
to 1
to 1
to 1
to 1
to 1
to 1
to 1
to 1
to 1
to 1
to 1
to 1
to 1
to 1
to 1
to 1
to 1
to 1
to 1
to 1
to 1
to 1
to 1
to 1
to 1
to 1
to 1
to 1
to 1
to 1
to 1
to 1
to 1
to 1
to 1
to 1
to 1
to 1
to 1
to 1
to 1
to 1
to 1
to 1
to 1
to 1
to 1
to 1
to 1
to 1
to 1
to 1
to 1
to 1
to 1
to 1
to 1
to 1
to 1
to 1
to 1
to 1
to 1
to 1
to 1
to 1
to 1
to 1
to 1
to 1
to 1
to 1
to 1
to 1
to 1
to 1
to 1
to 1
to 1
to 1
to 1
to 1
to 1
to 1
to 1
to 1
to 1
to 1
to 1
to 1
to 1
to 1
to 1
to 1
to 1
to 1
to 1
to 1
to 1
to 1
to 1
to 1
to 1
to 1
to 1
to 1
to 1
to 1
to 1
to 1
to 1
to 1
to 1
to 1
to 1
to 1
to 1
to 1
to 1
to 1
to 1
to 1
to 1
to 1
to 1
to 1
to 1
to 1
to 1
to 1
to 1
to 1
to 1
to 1
to 1
to 1
to 1
to 1
to 1
to 1
to 1
to 1
to 1
to 1
to 1
to 1
to 1
to 1
to 1
to 1
to 1
to 1
to 1
to 1
to 1
to 1
to 1
to 1
to 1
to 1
to 1
to 1
to 1
to 1
to 1
to 1
to 1
to 1
to 1
to 1
to 1
to 1
to 1
to 1
to 1
to 1
to 1
to 1
to 1
to 1
to 1
to 1
to 1
to 1
to 1
to 1
to 1
to 1
to 1
to 1
to 1
to 1
to 1
to 1
to 1
to 1
to 1
to 1
to 1
to 1
to 1
to 1
to 1
to 1
to 1
to 1
to 1
to 1
to 1
to 1
to 1
to 1
to 1
to 1
to 1
to 1
to 1
to 1
to 1
to 1
to 1
to 1
to 1
to 1
to 1
to 1
to 1
to 1
to 1
to 1
to 1
to 1
to 1
to 1
to 1
to 1
to 1
to 1
to 1
to 1
to 1
to 1
to 1
to 1
to 1
to 1
to 1
to 1
to 1
to 1
to 1
to 1
to 1
to 1
to 1
to 1
to 1
to 1
to 1
to 1
to 1
to 1
to 1
to 1
to 1
to 1
to 1
to 1
to 1
to 1
to 1
to 1
to 1
to 1
to 1
to 1
to 1
toast 1
tobacco 1
tobacco 1
tobacco 1
tobacco 1
tobacco 1
tobacco 1
tobacco 1
tobacco 1
tossing 1
tossing 1
trace 1
trace 1
trace 1
trace 1
trace 1
trace 1
trace 1
trademark 1
trademark 1
trademark 1
trademark 1
trademark 1
trademark 1
trademark 1
trademark 1
trademark 1
trademark 1
transcribe 1
transition 1
trap 1
trap 1
trap 1
trap 1
trap 1
trap 1
trap 1
trap 1
trap 1
trap 1
trap 1
trap 1
trap 1
travelled 1
travelled 1
travelled 1
travelled 1
travelled 1
travelled 1
treated 1
treated 1
treated 1
treated 1
tremor 1
trumpet 1
trusty 1
trusty 1
try 1
try 1
try 1
try 1
try 1
try 1
try 1
tunes 1
turning 1
turning 1
turning 1
turning 1
turning 1
turning 1
turning 1
turning 1
turning 1
turning 1
turning 1
turning 1
turning 1
turning 1
turning 1
tut 1
tut 1
tut 1
tut 1
tut 1
tut 1
twelve 1
twelve 1
twelve 1
twelve 1
twelve 1
twelve 1
twelve 1
twelve 1
ulster 1
ulster 1
ulster 1
ulster 1
ulster 1
uncertain 1
uncertain 1
uncertain 1
uncertain 1
uncongenial 1
undated 1
understood 1
understood 1
understood 1
unfortunate 1
unfortunate 1
unfortunate 1
unfortunate 1
unfortunate 1
unfortunate 1
unfortunate 1
unfortunate 1
unfortunate 1
unfortunate 1
unique 1
unique 1
unique 1
unique 1
unique 1
unnoticed 1
unobservant 1
unusual 1
unusual 1
unusual 1
unusual 1
unusual 1
unusual 1
unusual 1
unusual 1
unwelcome 1
unwise 1
upstairs 1
upstairs 1
upstairs 1
upstairs 1
upstairs 1
upstairs 1
upstairs 1
upstairs 1
upstairs 1
upstairs 1
usage 1
ushering 1
utilise 1
utterly 1
utterly 1
utterly 1
utterly 1
value 1
value 1
value 1
value 1
value 1
value 1
value 1
value 1
value 1
value 1
value 1
vanish 1
vanish 1
vanish 1
vanish 1
vanishes 1
veiled 1
veiled 1
veins 1
veins 1
veins 1
venture 1
venture 1
ventured 1
ventured 1
verdict 1
verdict 1
verdict 1
verge 1
verge 1
verify 1
vestige 1
vex 1
vice 1
vice 1
violence 1
violence 1
violence 1
violence 1
violence 1
violence 1
violence 1
violence 1
violence 1
virtue 1
visit 1
visit 1
visit 1
visit 1
visit 1
visit 1
visit 1
visit 1
visit 1
visit 1
visit 1
visit 1
waggled 1
wallowed 1
wandering 1
wandering 1
wandering 1
waned 1
wanted 1
wanted 1
wanted 1
wanted 1
wanted 1
wanted 1
wanted 1
wanted 1
wanted 1
wanted 1
wanted 1
warmth 1
was 1
was 1
was 1
was 1
was 1
was 1
was 1
was 1
was 1
was 1
was 1
was 1
was 1
was 1
was 1
was 1
was 1
was 1
was 1
was 1
was 1
was 1
was 1
was 1
was 1
was 1
was 1
was 1
was 1
was 1
was 1
was 1
was 1
was 1
was 1
was 1
was 1
was 1
was 1
was 1
was 1
was 1
was 1
was 1
was 1
was 1
was 1
was 1
was 1
was 1
was 1
was 1
was 1
was 1
was 1
was 1
was 1
was 1
was 1
was 1
was 1
was 1
was 1
was 1
was 1
was 1
was 1
was 1
was 1
was 1
was 1
was 1
was 1
was 1
was 1
was 1
was 1
was 1
was 1
was 1
was 1
was 1
was 1
was 1
was 1
was 1
was 1
was 1
was 1
was 1
was 1
was 1
was 1
was 1
was 1
was 1
was 1
was 1
was 1
was 1
was 1
was 1
was 1
was 1
was 1
was 1
was 1
was 1
was 1
was 1
was 1
was 1
was 1
was 1
was 1
was 1
was 1
was 1
was 1
was 1
was 1
was 1
was 1
was 1
was 1
was 1
was 1
was 1
was 1
was 1
was 1
was 1
was 1
was 1
was 1
was 1
was 1
was 1
was 1
was 1
was 1
was 1
was 1
was 1
was 1
was 1
was 1
was 1
was 1
was 1
was 1
was 1
was 1
was 1
was 1
was 1
was 1
was 1
was 1
was 1
was 1
was 1
was 1
was 1
was 1
was 1
was 1
was 1
was 1
was 1
was 1
was 1
was 1
was 1
was 1
was 1
was 1
was 1
was 1
was 1
was 1
was 1
was 1
was 1
was 1
was 1
was 1
was 1
was 1
was 1
was 1
was 1
was 1
was 1
was 1
was 1
was 1
was 1
was 1
was 1
was 1
was 1
was 1
was 1
was 1
was 1
was 1
was 1
was 1
was 1
was 1
was 1
was 1
was 1
was 1
was 1
was 1
was 1
was 1
was 1
was 1
was 1
was 1
was 1
was 1
was 1
was 1
was 1
was 1
was 1
was 1
was 1
was 1
was 1
was 1
was 1
was 1
was 1
was 1
was 1
was 1
was 1
was 1
was 1
was 1
was 1
was 1
was 1
was 1
was 1
was 1
was 1
was 1
was 1
was 1
was 1
was 1
was 1
was 1
was 1
was 1
was 1
was 1
was 1
was 1
was 1
was 1
was 1
was 1
was 1
was 1
was 1
was 1
was 1
was 1
was 1
was 1
was 1
was 1
was 1
was 1
was 1
was 1
was 1
was 1
was 1
was 1
was 1
was 1
was 1
was 1
was 1
was 1
was 1
was 1
was 1
was 1
was 1
was 1
was 1
was 1
was 1
was 1
was 1
was 1
was 1
was 1
was 1
was 1
was 1
was 1
was 1
was 1
was 1
was 1
was 1
was 1
was 1
was 1
was 1
was 1
was 1
was 1
was 1
was 1
was 1
was 1
was 1
was 1
was 1
was 1
was 1
was 1
was 1
was 1
was 1
was 1
was 1
was 1
was 1
was 1
was 1
was 1
was 1
was 1
was 1
was 1
was 1
was 1
was 1
was 1
was 1
was 1
was 1
was 1
was 1
was 1
was 1
was 1
was 1
was 1
was 1
was 1
was 1
was 1
was 1
was 1
was 1
was 1
was 1
was 1
was 1
was 1
was 1
was 1
was 1
was 1
was 1
was 1
was 1
was 1
was 1
was 1
was 1
was 1
was 1
was 1
was 1
was 1
was 1
was 1
was 1
was 1
was 1
was 1
was 1
was 1
was 1
was 1
was 1
was 1
was 1
was 1
was 1
was 1
was 1
was 1
was 1
was 1
was 1
was 1
was 1
was 1
was 1
was 1
was 1
was 1
was 1
was 1
was 1
was 1
was 1
was 1
was 1
was 1
was 1
was 1
was 1
was 1
was 1
was 1
was 1
was 1
was 1
was 1
was 1
was 1
was 1
was 1
was 1
was 1
was 1
was 1
was 1
was 1
was 1
was 1
was 1
was 1
was 1
was 1
was 1
was 1
was 1
was 1
was 1
was 1
was 1
was 1
was 1
was 1
was 1
was 1
was 1
was 1
was 1
was 1
was 1
was 1
was 1
was 1
was 1
was 1
was 1
was 1
was 1
was 1
was 1
was 1
was 1
was 1
was 1
was 1
was 1
was 1
was 1
was 1
was 1
was 1
was 1
was 1
was 1
was 1
was 1
was 1
was 1
was 1
was 1
was 1
was 1
was 1
was 1
was 1
was 1
was 1
was 1
was 1
was 1
was 1
was 1
was 1
was 1
was 1
was 1
was 1
was 1
was 1
was 1
was 1
was 1
was 1
was 1
was 1
was 1
was 1
was 1
was 1
was 1
was 1
was 1
was 1
was 1
was 1
was 1
was 1
was 1
was 1
was 1
was 1
was 1
was 1
was 1
was 1
was 1
was 1
was 1
was 1
was 1
was 1
was 1
was 1
was 1
was 1
was 1
was 1
was 1
was 1
was 1
was 1
was 1
was 1
was 1
was 1
was 1
was 1
was 1
was 1
was 1
was 1
was 1
was 1
was 1
was 1
was 1
was 1
was 1
was 1
was 1
was 1
was 1
was 1
was 1
was 1
was 1
was 1
was 1
was 1
was 1
was 1
was 1
was 1
was 1
was 1
was 1
was 1
was 1
was 1
was 1
was 1
was 1
was 1
was 1
was 1
was 1
was 1
was 1
was 1
was 1
was 1
was 1
was 1
was 1
was 1
was 1
was 1
was 1
was 1
was 1
was 1
was 1
was 1
was 1
was 1
was 1
was 1
was 1
was 1
was 1
was 1
was 1
was 1
was 1
was 1
was 1
was 1
was 1
was 1
was 1
was 1
was 1
was 1
was 1
was 1
was 1
was 1
was 1
was 1
was 1
was 1
was 1
was 1
was 1
was 1
was 1
was 1
was 1
was 1
was 1
was 1
was 1
was 1
was 1
was 1
was 1
was 1
was 1
was 1
was 1
was 1
was 1
was 1
was 1
was 1
was 1
was 1
was 1
was 1
was 1
was 1
was 1
was 1
was 1
was 1
was 1
was 1
was 1
was 1
was 1
was 1
was 1
was 1
was 1
was 1
was 1
was 1
was 1
was 1
was 1
was 1
was 1
was 1
was 1
was 1
was 1
was 1
was 1
was 1
was 1
was 1
was 1
was 1
was 1
was 1
was 1
was 1
was 1
was 1
was 1
was 1
was 1
was 1
was 1
was 1
was 1
was 1
was 1
was 1
was 1
was 1
was 1
was 1
was 1
was 1
was 1
was 1
was 1
was 1
was 1
was 1
was 1
was 1
was 1
was 1
was 1
was 1
was 1
was 1
was 1
was 1
was 1
was 1
was 1
was 1
was 1
was 1
was 1
was 1
was 1
was 1
was 1
was 1
was 1
was 1
was 1
was 1
was 1
was 1
was 1
was 1
was 1
was 1
was 1
was 1
was 1
was 1
was 1
was 1
was 1
was 1
was 1
was 1
was 1
was 1
was 1
was 1
was 1
was 1
was 1
was 1
was 1
was 1
was 1
was 1
was 1
was 1
was 1
was 1
was 1
was 1
was 1
was 1
was 1
was 1
was 1
was 1
was 1
was 1
was 1
was 1
was 1
was 1
was 1
was 1
was 1
was 1
was 1
was 1
was 1
was 1
was 1
was 1
was 1
was 1
was 1
was 1
was 1
was 1
was 1
was 1
was 1
was 1
was 1
was 1
was 1
was 1
was 1
was 1
was 1
was 1
was 1
was 1
was 1
was 1
was 1
was 1
was 1
was 1
was 1
was 1
was 1
was 1
was 1
was 1
was 1
was 1
was 1
was 1
was 1
was 1
was 1
was 1
was 1
was 1
was 1
was 1
was 1
was 1
was 1
was 1
was 1
was 1
was 1
was 1
was 1
was 1
was 1
was 1
was 1
was 1
was 1
was 1
was 1
was 1
was 1
was 1
was 1
was 1
was 1
was 1
was 1
was 1
was 1
was 1
was 1
was 1
was 1
was 1
was 1
was 1
was 1
was 1
was 1
was 1
was 1
was 1
was 1
was 1
was 1
was 1
was 1
was 1
was 1
was 1
was 1
was 1
was 1
was 1
was 1
was 1
was 1
was 1
was 1
was 1
was 1
was 1
was 1
was 1
was 1
was 1
was 1
was 1
was 1
was 1
was 1
was 1
was 1
was 1
was 1
was 1
was 1
was 1
was 1
was 1
was 1
was 1
was 1
was 1
was 1
was 1
was 1
was 1
was 1
was 1
was 1
was 1
was 1
was 1
was 1
was 1
was 1
was 1
was 1
was 1
was 1
was 1
was 1
was 1
was 1
was 1
was 1
was 1
was 1
was 1
was 1
was 1
was 1
was 1
was 1
was 1
was 1
was 1
was 1
was 1
was 1
was 1
was 1
was 1
was 1
was 1
was 1
was 1
was 1
was 1
was 1
was 1
was 1
was 1
was 1
was 1
was 1
was 1
was 1
was 1
was 1
was 1
was 1
was 1
was 1
was 1
was 1
was 1
was 1
was 1
was 1
was 1
was 1
was 1
was 1
was 1
was 1
was 1
was 1
was 1
was 1
was 1
was 1
was 1
was 1
was 1
was 1
was 1
was 1
was 1
was 1
was 1
was 1
was 1
was 1
was 1
was 1
was 1
was 1
was 1
was 1
was 1
was 1
was 1
was 1
was 1
was 1
was 1
was 1
was 1
was 1
was 1
was 1
was 1
was 1
was 1
was 1
was 1
was 1
was 1
was 1
was 1
was 1
was 1
was 1
was 1
was 1
was 1
was 1
was 1
was 1
was 1
was 1
was 1
was 1
was 1
was 1
was 1
was 1
was 1
was 1
was 1
was 1
was 1
was 1
was 1
was 1
was 1
was 1
was 1
was 1
was 1
was 1
was 1
was 1
was 1
was 1
was 1
was 1
was 1
was 1
was 1
was 1
was 1
was 1
was 1
was 1
was 1
was 1
was 1
was 1
was 1
was 1
was 1
was 1
was 1
was 1
was 1
was 1
was 1
was 1
was 1
was 1
was 1
was 1
was 1
was 1
was 1
was 1
was 1
was 1
was 1
was 1
was 1
was 1
was 1
was 1
was 1
was 1
was 1
was 1
was 1
was 1
was 1
was 1
was 1
was 1
was 1
was 1
was 1
was 1
was 1
was 1
was 1
was 1
was 1
was 1
was 1
was 1
was 1
was 1
was 1
was 1
was 1
was 1
was 1
was 1
was 1
was 1
was 1
was 1
was 1
was 1
was 1
was 1
was 1
was 1
was 1
was 1
was 1
was 1
was 1
was 1
was 1
was 1
was 1
was 1
was 1
was 1
was 1
was 1
was 1
was 1
was 1
was 1
was 1
was 1
was 1
was 1
was 1
was 1
was 1
was 1
was 1
was 1
was 1
was 1
was 1
was 1
was 1
was 1
was 1
was 1
was 1
was 1
was 1
was 1
was 1
was 1
was 1
was 1
was 1
was 1
was 1
was 1
was 1
was 1
was 1
was 1
was 1
was 1
was 1
was 1
was 1
was 1
was 1
was 1
was 1
was 1
was 1
was 1
was 1
was 1
was 1
was 1
was 1
was 1
was 1
was 1
was 1
was 1
was 1
was 1
was 1
was 1
was 1
was 1
was 1
was 1
was 1
was 1
was 1
was 1
was 1
was 1
was 1
was 1
was 1
was 1
was 1
was 1
was 1
was 1
was 1
was 1
was 1
was 1
was 1
was 1
was 1
was 1
was 1
was 1
was 1
was 1
was 1
was 1
was 1
was 1
was 1
was 1
was 1
was 1
was 1
was 1
was 1
was 1
was 1
was 1
was 1
was 1
was 1
was 1
was 1
was 1
was 1
was 1
was 1
was 1
was 1
was 1
was 1
was 1
was 1
was 1
was 1
was 1
was 1
was 1
was 1
was 1
was 1
was 1
was 1
was 1
was 1
was 1
was 1
was 1
was 1
was 1
was 1
was 1
was 1
was 1
was 1
was 1
was 1
was 1
was 1
was 1
was 1
was 1
was 1
was 1
was 1
was 1
was 1
was 1
was 1
was 1
was 1
was 1
was 1
was 1
was 1
was 1
was 1
was 1
was 1
was 1
was 1
was 1
was 1
was 1
was 1
was 1
was 1
was 1
was 1
was 1
was 1
was 1
was 1
was 1
was 1
was 1
was 1
was 1
was 1
was 1
was 1
was 1
was 1
was 1
was 1
was 1
was 1
was 1
was 1
wasn 1
wasn 1
wasn 1
wavering 1
waxed 1
wayward 1
wear 1
wear 1
wear 1
wear 1
wear 1
wear 1
wear 1
wear 1
wear 1
weariness 1
weeks 1
weeks 1
weeks 1
weeks 1
weeks 1
weeks 1
weeks 1
weeks 1
weeks 1
weeks 1
weeks 1
weeks 1
weeks 1
weeks 1
weeks 1
weeks 1
weeks 1
weighed 1
weighed 1
weird 1
whether 1
whether 1
whether 1
whether 1
whether 1
whether 1
whether 1
whether 1
whether 1
whether 1
whether 1
whether 1
whether 1
whether 1
whether 1
whether 1
whether 1
whether 1
whether 1
whether 1
whether 1
whether 1
whether 1
whether 1
whether 1
whether 1
whether 1
whether 1
whether 1
whether 1
whether 1
whether 1
whether 1
whether 1
whether 1
whether 1
whether 1
whether 1
whether 1
whether 1
whether 1
whether 1
whether 1
whishing 1
whiten 1
wide 1
wide 1
wide 1
wide 1
wife 1
wife 1
wife 1
wife 1
wife 1
wife 1
wife 1
wife 1
wife 1
wife 1
wife 1
wife 1
wife 1
wife 1
wife 1
wife 1
wife 1
wife 1
wife 1
wife 1
wife 1
wife 1
wife 1
wife 1
wife 1
wife 1
wife 1
wife 1
wife 1
wife 1
wife 1
wife 1
wife 1
wife 1
wife 1
wife 1
wife 1
wife 1
wife 1
wife 1
wife 1
wife 1
wife 1
wife 1
wife 1
wife 1
wife 1
wife 1
wife 1
wife 1
wife 1
wife 1
wife 1
wife 1
wife 1
wife 1
wife 1
wife 1
wife 1
wife 1
wig 1
windfall 1
windows 1
windows 1
windows 1
windows 1
windows 1
windows 1
windows 1
windows 1
windows 1
windows 1
windows 1
windows 1
windows 1
windows 1
windows 1
windows 1
windows 1
windows 1
windows 1
windows 1
windows 1
windows 1
windows 1
windows 1
windows 1
wintry 1
wisely 1
wisely 1
wisp 1
wondering 1
wondering 1
wondering 1
wondering 1
wondering 1
words 1
words 1
words 1
words 1
words 1
words 1
words 1
words 1
words 1
words 1
words 1
words 1
words 1
words 1
words 1
words 1
words 1
words 1
words 1
words 1
words 1
words 1
words 1
words 1
words 1
words 1
words 1
words 1
words 1
words 1
words 1
words 1
words 1
words 1
words 1
words 1
words 1
words 1
words 1
words 1
words 1
words 1
words 1
words 1
words 1
words 1
worlds 1
worm 1
worry 1
would 1
would 1
would 1
would 1
would 1
would 1
would 1
would 1
would 1
would 1
would 1
would 1
would 1
would 1
would 1
would 1
would 1
would 1
would 1
would 1
would 1
would 1
would 1
would 1
would 1
would 1
would 1
would 1
would 1
would 1
would 1
would 1
would 1
would 1
would 1
would 1
would 1
would 1
would 1
would 1
would 1
would 1
would 1
would 1
would 1
would 1
would 1
would 1
would 1
would 1
would 1
would 1
would 1
would 1
would 1
would 1
would 1
would 1
would 1
would 1
would 1
would 1
would 1
would 1
would 1
would 1
would 1
would 1
would 1
would 1
would 1
would 1
would 1
would 1
would 1
would 1
would 1
would 1
would 1
would 1
would 1
would 1
would 1
would 1
would 1
would 1
would 1
would 1
would 1
would 1
would 1
would 1
would 1
would 1
would 1
would 1
would 1
would 1
would 1
would 1
would 1
would 1
would 1
would 1
would 1
would 1
would 1
would 1
would 1
would 1
would 1
would 1
would 1
would 1
would 1
would 1
would 1
would 1
would 1
would 1
would 1
would 1
would 1
would 1
would 1
would 1
would 1
would 1
would 1
would 1
would 1
would 1
would 1
would 1
would 1
would 1
would 1
would 1
would 1
would 1
would 1
would 1
would 1
would 1
would 1
would 1
would 1
would 1
would 1
would 1
would 1
would 1
would 1
would 1
would 1
would 1
would 1
would 1
would 1
would 1
would 1
would 1
would 1
would 1
would 1
would 1
would 1
would 1
would 1
would 1
would 1
would 1
would 1
would 1
would 1
would 1
would 1
would 1
would 1
would 1
would 1
would 1
would 1
would 1
would 1
would 1
would 1
would 1
would 1
would 1
would 1
would 1
would 1
would 1
would 1
would 1
would 1
would 1
would 1
would 1
would 1
would 1
would 1
would 1
would 1
would 1
would 1
would 1
would 1
would 1
would 1
would 1
would 1
would 1
would 1
would 1
would 1
would 1
would 1
would 1
would 1
would 1
would 1
would 1
would 1
would 1
would 1
would 1
would 1
would 1
would 1
would 1
would 1
would 1
would 1
would 1
would 1
would 1
would 1
would 1
would 1
would 1
would 1
would 1
would 1
would 1
would 1
would 1
would 1
would 1
would 1
would 1
would 1
would 1
would 1
would 1
would 1
would 1
would 1
would 1
would 1
would 1
would 1
would 1
would 1
would 1
would 1
would 1
would 1
would 1
would 1
would 1
would 1
would 1
would 1
would 1
would 1
would 1
would 1
would 1
would 1
would 1
would 1
would 1
would 1
would 1
would 1
would 1
would 1
would 1
would 1
would 1
would 1
would 1
would 1
would 1
would 1
would 1
would 1
would 1
would 1
would 1
would 1
would 1
would 1
would 1
would 1
would 1
would 1
would 1
would 1
would 1
would 1
would 1
would 1
would 1
would 1
would 1
would 1
would 1
would 1
would 1
wound 1
wound 1
wound 1
wound 1
wound 1
wound 1
wound 1
wrist 1
wrist 1
wrist 1
wrist 1
wrist 1
wrist 1
wrist 1
wrist 1
wrist 1
writer 1
writer 1
writer 1
written 1
written 1
written 1
written 1
written 1
written 1
written 1
written 1
written 1
written 1
written 1
written 1
written 1
written 1
written 1
written 1
written 1
written 1
written 1
written 1
written 1
written 1
www 1
www 1
www 1
www 1
www 1
www 1
yawn 1
yawn 1
year 1
year 1
year 1
year 1
year 1
year 1
year 1
year 1
year 1
year 1
year 1
year 1
year 1
year 1
year 1
year 1
year 1
year 1
year 1
year 1
year 1
year 1
year 1
year 1
year 1
year 1
year 1
year 1
year 1
you 1
you 1
you 1
you 1
you 1
you 1
you 1
you 1
you 1
you 1
you 1
you 1
you 1
you 1
you 1
you 1
you 1
you 1
you 1
you 1
you 1
you 1
you 1
you 1
you 1
you 1
you 1
you 1
you 1
you 1
you 1
you 1
you 1
you 1
you 1
you 1
you 1
you 1
you 1
you 1
you 1
you 1
you 1
you 1
you 1
you 1
you 1
you 1
you 1
you 1
you 1
you 1
you 1
you 1
you 1
you 1
you 1
you 1
you 1
you 1
you 1
you 1
you 1
you 1
you 1
you 1
you 1
you 1
you 1
you 1
you 1
you 1
you 1
you 1
you 1
you 1
you 1
you 1
you 1
you 1
you 1
you 1
you 1
you 1
you 1
you 1
you 1
you 1
you 1
you 1
you 1
you 1
you 1
you 1
you 1
you 1
you 1
you 1
you 1
you 1
you 1
you 1
you 1
you 1
you 1
you 1
you 1
you 1
you 1
you 1
you 1
you 1
you 1
you 1
you 1
you 1
you 1
you 1
you 1
you 1
you 1
you 1
you 1
you 1
you 1
you 1
you 1
you 1
you 1
you 1
you 1
you 1
you 1
you 1
you 1
you 1
you 1
you 1
you 1
you 1
you 1
you 1
you 1
you 1
you 1
you 1
you 1
you 1
you 1
you 1
you 1
you 1
you 1
you 1
you 1
you 1
you 1
you 1
you 1
you 1
you 1
you 1
you 1
you 1
you 1
you 1
you 1
you 1
you 1
you 1
you 1
you 1
you 1
you 1
you 1
you 1
you 1
you 1
you 1
you 1
you 1
you 1
you 1
you 1
you 1
you 1
you 1
you 1
you 1
you 1
you 1
you 1
you 1
you 1
you 1
you 1
you 1
you 1
you 1
you 1
you 1
you 1
you 1
you 1
you 1
you 1
you 1
you 1
you 1
you 1
you 1
you 1
you 1
you 1
you 1
you 1
you 1
you 1
you 1
you 1
you 1
you 1
you 1
you 1
you 1
you 1
you 1
you 1
you 1
you 1
you 1
you 1
you 1
you 1
you 1
you 1
you 1
you 1
you 1
you 1
you 1
you 1
you 1
you 1
you 1
you 1
you 1
you 1
you 1
you 1
you 1
you 1
you 1
you 1
you 1
you 1
you 1
you 1
you 1
you 1
you 1
you 1
you 1
you 1
you 1
you 1
you 1
you 1
you 1
you 1
you 1
you 1
you 1
you 1
you 1
you 1
you 1
you 1
you 1
you 1
you 1
you 1
you 1
you 1
you 1
you 1
you 1
you 1
you 1
you 1
you 1
you 1
you 1
you 1
you 1
you 1
you 1
you 1
you 1
you 1
you 1
you 1
you 1
you 1
you 1
you 1
you 1
you 1
you 1
you 1
you 1
you 1
you 1
you 1
you 1
you 1
you 1
you 1
you 1
you 1
you 1
you 1
you 1
you 1
you 1
you 1
you 1
you 1
you 1
you 1
you 1
you 1
you 1
you 1
you 1
you 1
you 1
you 1
you 1
you 1
you 1
you 1
you 1
you 1
you 1
you 1
you 1
you 1
you 1
you 1
you 1
you 1
you 1
you 1
you 1
you 1
you 1
you 1
you 1
you 1
you 1
you 1
you 1
you 1
you 1
you 1
you 1
you 1
you 1
you 1
you 1
you 1
you 1
you 1
you 1
you 1
you 1
you 1
you 1
you 1
you 1
you 1
you 1
you 1
you 1
you 1
you 1
you 1
you 1
you 1
you 1
you 1
you 1
you 1
you 1
you 1
you 1
you 1
you 1
you 1
you 1
you 1
you 1
you 1
you 1
you 1
you 1
you 1
you 1
you 1
you 1
you 1
you 1
you 1
you 1
you 1
you 1
you 1
you 1
you 1
you 1
you 1
you 1
you 1
you 1
you 1
you 1
you 1
you 1
you 1
you 1
you 1
you 1
you 1
you 1
you 1
you 1
you 1
you 1
you 1
you 1
you 1
you 1
you 1
you 1
you 1
you 1
you 1
you 1
you 1
you 1
you 1
you 1
you 1
you 1
you 1
you 1
you 1
you 1
you 1
you 1
you 1
you 1
you 1
you 1
you 1
you 1
you 1
you 1
you 1
you 1
you 1
you 1
you 1
you 1
you 1
you 1
you 1
you 1
you 1
you 1
you 1
you 1
you 1
you 1
you 1
you 1
you 1
you 1
you 1
you 1
you 1
you 1
you 1
you 1
you 1
you 1
you 1
you 1
you 1
you 1
you 1
you 1
you 1
you 1
you 1
you 1
you 1
you 1
you 1
you 1
you 1
you 1
you 1
you 1
you 1
you 1
you 1
you 1
you 1
you 1
you 1
you 1
you 1
you 1
you 1
you 1
you 1
you 1
you 1
you 1
you 1
you 1
you 1
you 1
you 1
you 1
you 1
you 1
you 1
you 1
you 1
you 1
you 1
you 1
you 1
you 1
you 1
you 1
you 1
you 1
you 1
you 1
you 1
you 1
you 1
you 1
you 1
you 1
you 1
you 1
you 1
you 1
you 1
you 1
you 1
you 1
you 1
you 1
you 1
you 1
you 1
you 1
you 1
you 1
you 1
you 1
you 1
you 1
you 1
you 1
you 1
you 1
you 1
you 1
you 1
you 1
you 1
you 1
you 1
you 1
you 1
you 1
you 1
you 1
you 1
you 1
you 1
you 1
you 1
you 1
you 1
you 1
you 1
you 1
you 1
you 1
you 1
you 1
you 1
you 1
you 1
you 1
you 1
you 1
you 1
you 1
you 1
you 1
you 1
you 1
you 1
you 1
you 1
you 1
you 1
you 1
you 1
you 1
you 1
you 1
you 1
you 1
you 1
you 1
you 1
you 1
you 1
you 1
you 1
you 1
you 1
you 1
you 1
you 1
you 1
you 1
you 1
you 1
you 1
you 1
you 1
you 1
you 1
you 1
you 1
you 1
you 1
you 1
you 1
you 1
you 1
you 1
you 1
you 1
you 1
you 1
you 1
you 1
you 1
you 1
you 1
you 1
you 1
you 1
you 1
you 1
you 1
you 1
you 1
you 1
you 1
you 1
you 1
you 1
you 1
you 1
you 1
you 1
you 1
you 1
you 1
you 1
you 1
you 1
you 1
you 1
you 1
you 1
you 1
you 1
you 1
you 1
you 1
you 1
you 1
you 1
you 1
you 1
you 1
you 1
you 1
you 1
you 1
you 1
you 1
you 1
you 1
you 1
you 1
you 1
you 1
you 1
you 1
you 1
you 1
you 1
you 1
you 1
you 1
you 1
you 1
you 1
you 1
you 1
you 1
you 1
you 1
you 1
you 1
you 1
you 1
you 1
you 1
you 1
you 1
you 1
you 1
you 1
you 1
you 1
you 1
you 1
you 1
you 1
you 1
you 1
you 1
you 1
you 1
you 1
you 1
you 1
you 1
you 1
you 1
you 1
you 1
you 1
you 1
you 1
you 1
you 1
you 1
you 1
you 1
you 1
you 1
you 1
you 1
you 1
you 1
you 1
you 1
you 1
you 1
you 1
you 1
you 1
you 1
you 1
you 1
you 1
you 1
you 1
you 1
you 1
you 1
you 1
you 1
you 1
you 1
you 1
you 1
you 1
you 1
you 1
you 1
you 1
you 1
you 1
you 1
you 1
you 1
you 1
you 1
you 1
you 1
you 1
you 1
you 1
you 1
you 1
you 1
you 1
you 1
you 1
you 1
you 1
you 1
you 1
you 1
you 1
you 1
you 1
you 1
you 1
you 1
you 1
you 1
you 1
you 1
you 1
you 1
you 1
you 1
you 1
you 1
you 1
you 1
you 1
you 1
you 1
you 1
you 1
you 1
you 1
you 1
you 1
you 1
you 1
you 1
you 1
you 1
you 1
you 1
you 1
you 1
you 1
you 1
you 1
you 1
you 1
you 1
you 1
you 1
you 1
you 1
you 1
you 1
you 1
you 1
you 1
you 1
you 1
you 1
you 1
you 1
you 1
you 1
you 1
you 1
you 1
you 1
you 1
you 1
you 1
you 1
you 1
you 1
you 1
you 1
you 1
you 1
you 1
you 1
you 1
you 1
you 1
you 1
you 1
you 1
you 1
you 1
you 1
you 1
you 1
you 1
you 1
you 1
you 1
you 1
you 1
you 1
you 1
you 1
you 1
you 1
you 1
you 1
you 1
you 1
you 1
you 1
you 1
you 1
you 1
you 1
you 1
you 1
you 1
you 1
you 1
you 1
you 1
you 1
you 1
you 1
you 1
you 1
you 1
you 1
you 1
you 1
you 1
you 1
you 1
you 1
you 1
you 1
you 1
you 1
you 1
you 1
you 1
you 1
you 1
you 1
you 1
you 1
you 1
you 1
you 1
you 1
you 1
you 1
you 1
you 1
you 1
you 1
you 1
you 1
you 1
you 1
you 1
you 1
you 1
you 1
you 1
you 1
you 1
you 1
you 1
you 1
you 1
you 1
you 1
you 1
you 1
you 1
you 1
you 1
you 1
you 1
you 1
you 1
you 1
you 1
you 1
you 1
you 1
you 1
you 1
you 1
you 1
you 1
you 1
you 1
you 1
you 1
you 1
you 1
you 1
you 1
you 1
you 1
you 1
you 1
you 1
you 1
you 1
you 1
you 1
you 1
you 1
you 1
you 1
you 1
you 1
you 1
you 1
you 1
you 1
you 1
you 1
you 1
you 1
you 1
you 1
you 1
you 1
you 1
you 1
you 1
you 1
you 1
you 1
you 1
you 1
you 1
you 1
you 1
you 1
you 1
you 1
you 1
you 1
you 1
you 1
you 1
you 1
you 1
you 1
you 1
you 1
you 1
you 1
you 1
you 1
you 1
you 1
you 1
you 1
you 1
you 1
you 1
you 1
you 1
you 1
you 1
you 1
you 1
you 1
you 1
you 1
you 1
you 1
you 1
you 1
you 1
you 1
you 1
you 1
you 1
you 1
you 1
you 1
you 1
you 1
you 1
you 1
you 1
you 1
you 1
you 1
you 1
you 1
you 1
you 1
you 1
you 1
you 1
you 1
you 1
you 1
you 1
you 1
you 1
you 1
you 1
you 1
you 1
you 1
you 1
you 1
you 1
you 1
you 1
you 1
you 1
you 1
you 1
you 1
you 1
you 1
you 1
you 1
you 1
you 1
you 1
you 1
you 1
you 1
you 1
you 1
you 1
you 1
you 1
you 1
you 1
you 1
you 1
you 1
you 1
you 1
you 1
you 1
you 1
you 1
you 1
you 1
you 1
you 1
you 1
you 1
you 1
you 1
you 1
you 1
you 1
you 1
you 1
you 1
you 1
you 1
you 1
you 1
you 1
you 1
you 1
you 1
you 1
you 1
you 1
you 1
you 1
you 1
you 1
you 1
you 1
you 1
you 1
you 1
you 1
you 1
you 1
you 1
you 1
you 1
you 1
you 1
you 1
you 1
you 1
you 1
you 1
you 1
you 1
you 1
you 1
you 1
you 1
you 1
you 1
you 1
you 1
you 1
you 1
you 1
you 1
you 1
you 1
you 1
you 1
you 1
you 1
you 1
you 1
you 1
you 1
you 1
you 1
you 1
you 1
you 1
you 1
you 1
you 1
you 1
you 1
you 1
you 1
you 1
you 1
you 1
you 1
you 1
you 1
you 1
you 1
you 1
you 1
you 1
you 1
you 1
you 1
you 1
you 1
you 1
you 1
you 1
you 1
you 1
you 1
you 1
you 1
you 1
you 1
you 1
you 1
you 1
you 1
you 1
younger 1
younger 1
younger 1
yourselves 1
yourselves 1
yourselves 1
yourselves 1
youth 1
youth 1
youth 1
youth 1
youth 1
youth 1
youth 1
zip 1
