ASCII 1
ASCII 1
Absence 1
An 1
An 1
Angel 1
Another 1
Another 1
Another 1
Archangel 1
Archangel 1
Archangel 1
Archangel 1
Belrive 1
Belrive 1
Belrive 1
Belrive 1
Besides 1
Besides 1
Besides 1
Besides 1
Besides 1
Besides 1
Boss 1
Boss 1
But 1
But 1
But 1
But 1
But 1
But 1
But 1
But 1
But 1
But 1
But 1
But 1
But 1
But 1
But 1
But 1
But 1
But 1
But 1
But 1
But 1
But 1
But 1
But 1
But 1
But 1
But 1
But 1
But 1
But 1
But 1
But 1
But 1
But 1
But 1
But 1
But 1
But 1
But 1
But 1
But 1
But 1
But 1
But 1
But 1
But 1
But 1
But 1
But 1
But 1
But 1
But 1
But 1
But 1
But 1
But 1
But 1
But 1
But 1
But 1
But 1
But 1
But 1
But 1
But 1
But 1
But 1
But 1
But 1
But 1
But 1
But 1
But 1
But 1
But 1
But 1
But 1
But 1
But 1
But 1
But 1
But 1
But 1
But 1
But 1
But 1
But 1
But 1
But 1
But 1
But 1
But 1
But 1
But 1
But 1
But 1
But 1
But 1
But 1
But 1
But 1
But 1
But 1
But 1
But 1
But 1
But 1
But 1
But 1
But 1
But 1
But 1
But 1
But 1
But 1
But 1
But 1
But 1
But 1
But 1
But 1
But 1
But 1
But 1
But 1
But 1
But 1
But 1
But 1
But 1
But 1
But 1
But 1
But 1
But 1
But 1
But 1
But 1
CONSEQUENTIAL 1
Caesar 1
Cologne 1
Company 1
DIRECT 1
DISCLAIMER 1
Doubtless 1
During 1
During 1
During 1
During 1
During 1
During 1
During 1
During 1
During 1
During 1
During 1
During 1
During 1
During 1
During 1
During 1
During 1
During 1
E 1
E 1
E 1
E 1
E 1
E 1
E 1
E 1
E 1
E 1
E 1
E 1
E 1
E 1
E 1
E 1
E 1
E 1
E 1
E 1
E 1
E 1
Embrace 1
End 1
Entreating 1
GUTENBERG 1
GUTENBERG 1
GUTENBERG 1
GUTENBERG 1
Hateful 1
Heavy 1
Hideous 1
INCLUDING 1
India 1
Internal 1
Ireland 1
Ireland 1
Ireland 1
Ireland 1
King 1
LICENSE 1
LICENSE 1
Leghorn 1
Leghorn 1
Leghorn 1
Leghorn 1
Leghorn 1
Leghorn 1
Look 1
Look 1
Lynn 1
Lynn 1
Madame 1
Madame 1
Madame 1
Madame 1
Manon 1
Mary 1
Mary 1
Mary 1
Mary 1
Melbourne 1
Memory 1
More 1
More 1
Moritz 1
Moritz 1
Moritz 1
Moritz 1
Moritz 1
Moritz 1
Moritz 1
Much 1
Natural 1
No 1
No 1
No 1
No 1
No 1
No 1
No 1
No 1
No 1
No 1
No 1
No 1
No 1
No 1
No 1
No 1
No 1
No 1
No 1
No 1
No 1
No 1
No 1
No 1
Nothing 1
Nothing 1
Nothing 1
Nothing 1
Nothing 1
Nothing 1
Nothing 1
Nothing 1
Nothing 1
Nugent 1
Nugent 1
O 1
O 1
O 1
Oh 1
Oh 1
Oh 1
Oh 1
Oh 1
Oh 1
Oh 1
Oh 1
Oh 1
Oh 1
Oh 1
Oh 1
Oh 1
Oh 1
Oh 1
Oh 1
Oh 1
Oh 1
Oh 1
Oh 1
Oh 1
Oh 1
Oh 1
Oh 1
Oh 1
Oh 1
Or 1
Or 1
Or 1
PROJECT 1
PROJECT 1
PROJECT 1
PROJECT 1
Paracelsus 1
Paracelsus 1
Paracelsus 1
Paracelsus 1
Paris 1
Paris 1
Paris 1
Paris 1
Paris 1
Paris 1
Paris 1
Paris 1
Paris 1
Paris 1
Perth 1
Perth 1
Perth 1
Phillips 1
Phillips 1
Prepare 1
Prepare 1
Remember 1
Remember 1
Remember 1
Remember 1
Remember 1
Remember 1
Rise 1
Rome 1
Saying 1
Saying 1
Spring 1
Such 1
Such 1
Such 1
Such 1
Such 1
Such 1
Such 1
Such 1
Such 1
Such 1
Such 1
Such 1
Such 1
Such 1
Thanks 1
Then 1
Then 1
Then 1
Then 1
Then 1
To 1
To 1
To 1
To 1
To 1
To 1
To 1
To 1
To 1
To 1
To 1
To 1
To 1
To 1
To 1
To 1
USE 1
Updated 1
Was 1
Was 1
Was 1
Were 1
West 1
Wordsworth 1
Wretch 1
YOU 1
YOU 1
YOU 1
YOU 1
YOU 1
YOU 1
YOU 1
YOU 1
YOU 1
YOU 1
YOU 1
Your 1
Your 1
Your 1
Your 1
Your 1
Your 1
Your 1
Your 1
Your 1
Your 1
Your 1
Your 1
Your 1
abandon 1
abandon 1
abhorred 1
abhorred 1
abhorred 1
abhorred 1
abhorred 1
abhorred 1
abhorred 1
abhorred 1
abhorred 1
abhorred 1
abhorred 1
abide 1
abode 1
abode 1
abode 1
abode 1
abode 1
abode 1
accordingly 1
accordingly 1
accordingly 1
accordingly 1
accordingly 1
accordingly 1
accordingly 1
accordingly 1
accordingly 1
accuses 1
acquainted 1
acquainted 1
acquainted 1
acquainted 1
acquainted 1
acquainted 1
acquainted 1
acquainted 1
acquainted 1
acquainted 1
acquainted 1
acquainted 1
acquainted 1
acquainted 1
acquainted 1
acquainted 1
acquainted 1
acquainted 1
acquainted 1
acquainted 1
acquiesced 1
acquiring 1
acquit 1
actually 1
actually 1
additional 1
additional 1
additional 1
additional 1
additional 1
additional 1
additional 1
admit 1
adopted 1
adversity 1
adversity 1
advocate 1
age 1
age 1
age 1
age 1
age 1
age 1
age 1
age 1
age 1
age 1
age 1
age 1
ago 1
ago 1
ago 1
ago 1
ago 1
ago 1
ago 1
aiguilles 1
aim 1
aim 1
alchemists 1
alchemists 1
allied 1
alone 1
alone 1
alone 1
alone 1
alone 1
alone 1
alone 1
alone 1
alone 1
alone 1
alone 1
alone 1
alone 1
alone 1
alone 1
alone 1
alone 1
alone 1
alone 1
alone 1
alone 1
alone 1
alone 1
alone 1
alone 1
alone 1
alone 1
alone 1
alone 1
alone 1
alone 1
alone 1
alone 1
alone 1
alone 1
alone 1
alone 1
alone 1
alone 1
alone 1
alone 1
alone 1
alone 1
alone 1
alone 1
altogether 1
an 1
an 1
an 1
an 1
an 1
an 1
an 1
an 1
an 1
an 1
an 1
an 1
an 1
an 1
an 1
an 1
an 1
an 1
an 1
an 1
an 1
an 1
an 1
an 1
an 1
an 1
an 1
an 1
an 1
an 1
an 1
an 1
an 1
an 1
an 1
an 1
an 1
an 1
an 1
an 1
an 1
an 1
an 1
an 1
an 1
an 1
an 1
an 1
an 1
an 1
an 1
an 1
an 1
an 1
an 1
an 1
an 1
an 1
an 1
an 1
an 1
an 1
an 1
an 1
an 1
an 1
an 1
an 1
an 1
an 1
an 1
an 1
an 1
an 1
an 1
an 1
an 1
an 1
an 1
an 1
an 1
an 1
an 1
an 1
an 1
an 1
an 1
an 1
an 1
an 1
an 1
an 1
an 1
an 1
an 1
an 1
an 1
an 1
an 1
an 1
an 1
an 1
an 1
an 1
an 1
an 1
an 1
an 1
an 1
an 1
an 1
an 1
an 1
an 1
an 1
an 1
an 1
an 1
an 1
an 1
an 1
an 1
an 1
an 1
an 1
an 1
an 1
an 1
an 1
an 1
an 1
an 1
an 1
an 1
an 1
an 1
an 1
an 1
an 1
an 1
an 1
an 1
an 1
an 1
an 1
an 1
an 1
an 1
an 1
an 1
an 1
an 1
an 1
an 1
an 1
an 1
an 1
an 1
an 1
an 1
an 1
an 1
an 1
an 1
an 1
an 1
an 1
an 1
an 1
an 1
an 1
an 1
an 1
an 1
an 1
an 1
an 1
an 1
an 1
an 1
an 1
an 1
an 1
an 1
an 1
an 1
an 1
an 1
an 1
an 1
an 1
an 1
an 1
an 1
an 1
an 1
an 1
an 1
an 1
an 1
an 1
an 1
an 1
an 1
an 1
an 1
an 1
an 1
an 1
an 1
an 1
an 1
an 1
anew 1
anew 1
anew 1
angel 1
angel 1
angel 1
angel 1
angel 1
angel 1
angel 1
angel 1
animals 1
animals 1
animals 1
animals 1
anticipation 1
anxious 1
anxious 1
anxious 1
anxious 1
anxious 1
appearing 1
appearing 1
appeased 1
appointment 1
approve 1
approve 1
approved 1
ardour 1
ardour 1
ardour 1
ardour 1
ardour 1
ardour 1
ardour 1
ardour 1
ardour 1
ardour 1
ardour 1
ardour 1
ardour 1
arising 1
arms 1
arms 1
arms 1
arms 1
arms 1
arms 1
arms 1
arms 1
arms 1
arrest 1
articles 1
artist 1
ascribed 1
ascribed 1
ashamed 1
asserted 1
associates 1
attach 1
attachment 1
attachment 1
attachment 1
attachment 1
attachment 1
attendance 1
augmenting 1
auguries 1
author 1
author 1
author 1
author 1
author 1
avow 1
babes 1
bat 1
bauble 1
beaming 1
beaming 1
beautiful 1
beautiful 1
beautiful 1
beautiful 1
beautiful 1
beautiful 1
beautiful 1
beautiful 1
beautiful 1
beautiful 1
beautiful 1
beautiful 1
beautiful 1
beautiful 1
beautiful 1
beautiful 1
beautiful 1
beautiful 1
beautiful 1
beautiful 1
beautiful 1
beautiful 1
beautiful 1
beautiful 1
beautiful 1
beautiful 1
beautiful 1
become 1
become 1
become 1
become 1
become 1
become 1
become 1
become 1
become 1
become 1
become 1
become 1
become 1
become 1
become 1
become 1
become 1
become 1
become 1
become 1
become 1
become 1
become 1
become 1
become 1
become 1
become 1
become 1
become 1
become 1
become 1
become 1
become 1
bedim 1
beginning 1
beginning 1
beginning 1
beginning 1
beginning 1
beginning 1
beginning 1
beginning 1
beginning 1
behaviour 1
behaviour 1
belief 1
belief 1
belief 1
bend 1
bend 1
bend 1
betray 1
betray 1
beyond 1
beyond 1
beyond 1
beyond 1
beyond 1
beyond 1
beyond 1
bid 1
bid 1
birth 1
birth 1
birth 1
birth 1
birth 1
birth 1
birth 1
birth 1
black 1
black 1
black 1
black 1
black 1
black 1
black 1
black 1
black 1
black 1
black 1
black 1
black 1
black 1
black 1
black 1
bless 1
bless 1
bless 1
bless 1
bless 1
bless 1
bloodless 1
bloody 1
blot 1
blot 1
boarder 1
boast 1
boast 1
boast 1
boats 1
boats 1
bold 1
bold 1
bones 1
bought 1
bought 1
bought 1
breast 1
breast 1
breast 1
breathe 1
breathe 1
breathe 1
bred 1
brightly 1
brooded 1
brooded 1
brook 1
brook 1
brows 1
buildings 1
burn 1
callous 1
cannot 1
cannot 1
cannot 1
cannot 1
cannot 1
cannot 1
cannot 1
cannot 1
cannot 1
cannot 1
cannot 1
cannot 1
cannot 1
cannot 1
cannot 1
cannot 1
cannot 1
cannot 1
cannot 1
cannot 1
cannot 1
cannot 1
cannot 1
cannot 1
cannot 1
cannot 1
cannot 1
cannot 1
cannot 1
cannot 1
cannot 1
cannot 1
cannot 1
cannot 1
cannot 1
cannot 1
cannot 1
cannot 1
cannot 1
cannot 1
cannot 1
cannot 1
cannot 1
cannot 1
cannot 1
cannot 1
cannot 1
cannot 1
cannot 1
cannot 1
carry 1
carry 1
carry 1
casting 1
castles 1
castles 1
castles 1
castles 1
catching 1
cause 1
cause 1
cause 1
cause 1
cause 1
cause 1
cause 1
cause 1
cause 1
cause 1
cause 1
cause 1
cause 1
cause 1
cause 1
cause 1
cause 1
cause 1
cause 1
cause 1
cause 1
cause 1
cause 1
cause 1
cause 1
cause 1
cause 1
cause 1
cause 1
cause 1
cause 1
cause 1
cause 1
cause 1
cause 1
cause 1
caused 1
caused 1
caused 1
caused 1
caused 1
caused 1
caused 1
caused 1
caused 1
caused 1
caution 1
certainty 1
certainty 1
certainty 1
certainty 1
certainty 1
chain 1
chain 1
channel 1
charming 1
checks 1
cheerfulness 1
cheerfulness 1
cheerfulness 1
cheerfulness 1
cheering 1
cheering 1
chief 1
chief 1
chief 1
chief 1
chief 1
children 1
children 1
children 1
children 1
children 1
children 1
children 1
children 1
children 1
children 1
children 1
children 1
children 1
children 1
children 1
children 1
children 1
children 1
children 1
chimney 1
chimney 1
clever 1
clinging 1
clump 1
coincidences 1
college 1
college 1
college 1
combined 1
combined 1
combined 1
combined 1
coming 1
coming 1
coming 1
commencement 1
commencement 1
commencement 1
commencement 1
commencement 1
common 1
common 1
common 1
common 1
common 1
communicate 1
communicate 1
communicated 1
communicated 1
communicated 1
communicated 1
communicated 1
communicated 1
compact 1
complexions 1
condescension 1
confess 1
confess 1
confess 1
confess 1
confess 1
confess 1
confess 1
confess 1
confines 1
confines 1
confiscated 1
conformation 1
confused 1
confused 1
confused 1
confused 1
confused 1
congregated 1
consolation 1
consolation 1
consolation 1
consolation 1
consolation 1
consolation 1
consolation 1
consolation 1
consolation 1
consolation 1
consolation 1
consolation 1
consolation 1
consolation 1
consolation 1
consolation 1
consolation 1
consolation 1
console 1
console 1
console 1
console 1
console 1
console 1
console 1
convalescence 1
convalescence 1
convalescence 1
conversation 1
conversation 1
conversation 1
conversation 1
conversation 1
conversation 1
conversation 1
conversation 1
conversation 1
conversation 1
conversation 1
conversation 1
conversation 1
conversation 1
conversation 1
conversation 1
conversation 1
conversation 1
converse 1
converse 1
converse 1
converse 1
convulsions 1
copies 1
copies 1
copies 1
copies 1
copies 1
copies 1
copies 1
copies 1
corner 1
corner 1
corner 1
corruption 1
corruption 1
corruption 1
cost 1
cost 1
cost 1
course 1
course 1
course 1
course 1
course 1
course 1
course 1
course 1
course 1
course 1
course 1
course 1
course 1
course 1
course 1
course 1
course 1
course 1
cracked 1
cracked 1
cracked 1
cried 1
cried 1
cried 1
cried 1
cried 1
cried 1
cried 1
cried 1
cried 1
cried 1
cried 1
cried 1
cried 1
cried 1
cried 1
criminal 1
criminal 1
criminal 1
criminal 1
criminal 1
criminal 1
criminal 1
criminal 1
criminality 1
crossed 1
crossed 1
crossed 1
crucible 1
cruellest 1
cultivated 1
cultivated 1
cultivated 1
curbed 1
dashed 1
dashed 1
de 1
de 1
dearer 1
dearer 1
dearer 1
dearer 1
dearer 1
deceived 1
deceived 1
deceived 1
deceived 1
decides 1
declining 1
dedicate 1
deductible 1
deeds 1
deeds 1
defective 1
defective 1
defective 1
deference 1
deformity 1
deformity 1
deformity 1
deformity 1
deformity 1
deformity 1
deformity 1
deformity 1
degenerating 1
dejection 1
dejection 1
deletions 1
delirium 1
delirium 1
delirium 1
delirium 1
delirium 1
delirium 1
denied 1
denote 1
denounce 1
derive 1
derive 1
derive 1
derived 1
descends 1
descends 1
described 1
described 1
described 1
described 1
described 1
described 1
described 1
deserving 1
deserving 1
deserving 1
designed 1
desires 1
desires 1
desires 1
desires 1
desires 1
desolate 1
desolate 1
desolate 1
desolate 1
desolate 1
desolate 1
desolate 1
desolate 1
determined 1
determined 1
determined 1
determined 1
determined 1
determined 1
determined 1
determined 1
determined 1
determined 1
determined 1
determined 1
determined 1
determined 1
determined 1
determined 1
determined 1
determined 1
detestable 1
detestable 1
dews 1
dews 1
diffident 1
diligences 1
dirge 1
disastrous 1
disciple 1
disciple 1
disciple 1
discrimination 1
disgusting 1
disinterested 1
disk 1
disk 1
disk 1
dislike 1
dislike 1
dismally 1
dismount 1
dispersed 1
dispersed 1
dispersed 1
displayed 1
displayed 1
displayed 1
displayed 1
disquisition 1
distance 1
distance 1
distance 1
distance 1
distance 1
distance 1
distance 1
distance 1
distance 1
distance 1
distance 1
distance 1
distance 1
distance 1
distance 1
distinguish 1
distinguish 1
distinguish 1
distinguish 1
distinguish 1
distinguish 1
distributed 1
distributed 1
distributed 1
distributed 1
distributed 1
donate 1
donate 1
donate 1
donate 1
dormant 1
drawer 1
drunken 1
dying 1
dying 1
dying 1
dying 1
dying 1
dying 1
each 1
each 1
each 1
each 1
each 1
each 1
each 1
each 1
each 1
each 1
each 1
each 1
each 1
each 1
each 1
each 1
each 1
each 1
each 1
each 1
each 1
each 1
each 1
each 1
each 1
each 1
each 1
each 1
eagerly 1
eagerly 1
eagerly 1
eagerly 1
eagerly 1
eagerly 1
eagerly 1
eagerly 1
eagerly 1
eagerness 1
eagerness 1
eagerness 1
eagerness 1
eagerness 1
earliest 1
earliest 1
earliest 1
early 1
early 1
early 1
early 1
early 1
early 1
early 1
early 1
early 1
early 1
early 1
early 1
early 1
early 1
earnestness 1
earnestness 1
earnestness 1
earthquake 1
earthquake 1
edge 1
edge 1
edge 1
eight 1
eight 1
eight 1
eight 1
elements 1
elements 1
elements 1
elevating 1
elevating 1
elevation 1
eloquent 1
else 1
else 1
embarkation 1
embarkation 1
embittered 1
emergencies 1
empires 1
empires 1
employees 1
employees 1
employments 1
emulate 1
enchantment 1
encourage 1
encourage 1
encouraged 1
encouraged 1
endangered 1
engage 1
engage 1
engage 1
enigmatic 1
enjoy 1
enjoy 1
enjoy 1
enjoy 1
enjoy 1
enjoy 1
enjoy 1
enjoy 1
enjoy 1
ensuring 1
entire 1
entire 1
entire 1
entreating 1
especially 1
especially 1
especially 1
especially 1
esteem 1
esteem 1
esteem 1
eternal 1
eternal 1
eternal 1
eternal 1
eternal 1
eternal 1
eternal 1
eternal 1
eternal 1
eternal 1
eternal 1
events 1
events 1
events 1
events 1
events 1
events 1
events 1
events 1
events 1
events 1
events 1
events 1
events 1
events 1
events 1
events 1
events 1
events 1
every 1
every 1
every 1
every 1
every 1
every 1
every 1
every 1
every 1
every 1
every 1
every 1
every 1
every 1
every 1
every 1
every 1
every 1
every 1
every 1
every 1
every 1
every 1
every 1
every 1
every 1
every 1
every 1
every 1
every 1
every 1
every 1
every 1
every 1
every 1
every 1
every 1
every 1
every 1
every 1
every 1
every 1
every 1
every 1
every 1
every 1
every 1
every 1
every 1
every 1
every 1
every 1
every 1
every 1
every 1
every 1
every 1
every 1
every 1
every 1
every 1
every 1
every 1
every 1
every 1
every 1
every 1
every 1
every 1
every 1
every 1
every 1
every 1
every 1
every 1
every 1
every 1
every 1
every 1
every 1
every 1
every 1
every 1
every 1
every 1
every 1
every 1
every 1
every 1
every 1
every 1
every 1
every 1
every 1
every 1
every 1
every 1
every 1
every 1
every 1
every 1
every 1
every 1
every 1
examination 1
examination 1
exceedingly 1
exceedingly 1
exchange 1
execrated 1
executed 1
executed 1
executed 1
exhausted 1
exhausted 1
exhausted 1
exhausted 1
exhausted 1
exhausted 1
exile 1
exile 1
exile 1
exile 1
exile 1
exposing 1
expressions 1
expressions 1
extents 1
extremely 1
extremely 1
extremely 1
extremely 1
extremity 1
extremity 1
exultation 1
exultation 1
exultation 1
eyeballs 1
eyelashes 1
face 1
face 1
face 1
face 1
face 1
face 1
face 1
face 1
face 1
face 1
face 1
face 1
face 1
face 1
face 1
face 1
face 1
face 1
face 1
face 1
faintness 1
fall 1
fall 1
fall 1
fall 1
fall 1
fall 1
fall 1
fall 1
fall 1
fall 1
false 1
false 1
false 1
false 1
false 1
famed 1
familiarity 1
fancies 1
fancies 1
fancy 1
fancy 1
fancy 1
fancy 1
fancy 1
fancy 1
fancy 1
fancy 1
fancy 1
fancy 1
fancy 1
farmer 1
fatally 1
faulty 1
fellow 1
fellow 1
fellow 1
fellow 1
fellow 1
fellow 1
fellow 1
fellow 1
fellow 1
fellow 1
fellow 1
fellow 1
fellow 1
fellow 1
fellow 1
fellow 1
fellow 1
fellow 1
fellow 1
fellow 1
fellow 1
fellow 1
fellow 1
fellow 1
fellow 1
fellow 1
fellow 1
fellow 1
fellow 1
fellow 1
feminine 1
feminine 1
fervour 1
fervour 1
fervour 1
fierceness 1
fill 1
fill 1
fill 1
fill 1
fill 1
finger 1
finger 1
finish 1
finish 1
finish 1
finish 1
fitting 1
fix 1
fix 1
fix 1
fix 1
flagrant 1
flower 1
fluctuate 1
fly 1
fly 1
fly 1
fly 1
fly 1
fly 1
fly 1
flying 1
flying 1
folks 1
force 1
force 1
force 1
force 1
force 1
force 1
forest 1
forest 1
forest 1
forest 1
forest 1
forever 1
forever 1
forever 1
forever 1
forever 1
forever 1
forever 1
forever 1
forever 1
forever 1
forever 1
forever 1
forever 1
forever 1
forever 1
forever 1
forever 1
forever 1
forever 1
forever 1
forever 1
forever 1
forever 1
forever 1
forever 1
forever 1
forever 1
forever 1
forever 1
forever 1
forever 1
forever 1
forever 1
forever 1
forever 1
frequently 1
frequently 1
frequently 1
frequently 1
frequently 1
friends 1
friends 1
friends 1
friends 1
friends 1
friends 1
friends 1
friends 1
friends 1
friends 1
friends 1
friends 1
friends 1
friends 1
friends 1
friends 1
friends 1
friends 1
friends 1
friends 1
friends 1
friends 1
friends 1
friends 1
friends 1
friends 1
friends 1
friends 1
friends 1
friends 1
friends 1
friends 1
friends 1
friends 1
friends 1
friends 1
friends 1
friends 1
friends 1
friends 1
friends 1
friends 1
friends 1
friends 1
friends 1
friends 1
friends 1
friends 1
friends 1
friends 1
friends 1
friends 1
friends 1
friends 1
gain 1
gain 1
gain 1
gain 1
gain 1
gain 1
gain 1
gain 1
gallant 1
gallant 1
gather 1
gather 1
gay 1
gay 1
gay 1
gay 1
gay 1
gay 1
gay 1
gazed 1
gazed 1
gazed 1
gazed 1
gazed 1
gazed 1
gazed 1
gazed 1
gazed 1
gazed 1
gazed 1
genius 1
genius 1
genius 1
genius 1
genius 1
genius 1
gentleman 1
gentleman 1
gently 1
gently 1
gilded 1
giver 1
glared 1
glided 1
glowing 1
gone 1
gone 1
gone 1
gone 1
gone 1
gone 1
gone 1
gone 1
gone 1
gone 1
gone 1
gone 1
gone 1
good 1
good 1
good 1
good 1
good 1
good 1
good 1
good 1
good 1
good 1
good 1
good 1
good 1
good 1
good 1
good 1
good 1
good 1
good 1
good 1
good 1
good 1
good 1
good 1
good 1
good 1
good 1
good 1
good 1
good 1
good 1
govern 1
grown 1
guardian 1
guardian 1
had 1
had 1
had 1
had 1
had 1
had 1
had 1
had 1
had 1
had 1
had 1
had 1
had 1
had 1
had 1
had 1
had 1
had 1
had 1
had 1
had 1
had 1
had 1
had 1
had 1
had 1
had 1
had 1
had 1
had 1
had 1
had 1
had 1
had 1
had 1
had 1
had 1
had 1
had 1
had 1
had 1
had 1
had 1
had 1
had 1
had 1
had 1
had 1
had 1
had 1
had 1
had 1
had 1
had 1
had 1
had 1
had 1
had 1
had 1
had 1
had 1
had 1
had 1
had 1
had 1
had 1
had 1
had 1
had 1
had 1
had 1
had 1
had 1
had 1
had 1
had 1
had 1
had 1
had 1
had 1
had 1
had 1
had 1
had 1
had 1
had 1
had 1
had 1
had 1
had 1
had 1
had 1
had 1
had 1
had 1
had 1
had 1
had 1
had 1
had 1
had 1
had 1
had 1
had 1
had 1
had 1
had 1
had 1
had 1
had 1
had 1
had 1
had 1
had 1
had 1
had 1
had 1
had 1
had 1
had 1
had 1
had 1
had 1
had 1
had 1
had 1
had 1
had 1
had 1
had 1
had 1
had 1
had 1
had 1
had 1
had 1
had 1
had 1
had 1
had 1
had 1
had 1
had 1
had 1
had 1
had 1
had 1
had 1
had 1
had 1
had 1
had 1
had 1
had 1
had 1
had 1
had 1
had 1
had 1
had 1
had 1
had 1
had 1
had 1
had 1
had 1
had 1
had 1
had 1
had 1
had 1
had 1
had 1
had 1
had 1
had 1
had 1
had 1
had 1
had 1
had 1
had 1
had 1
had 1
had 1
had 1
had 1
had 1
had 1
had 1
had 1
had 1
had 1
had 1
had 1
had 1
had 1
had 1
had 1
had 1
had 1
had 1
had 1
had 1
had 1
had 1
had 1
had 1
had 1
had 1
had 1
had 1
had 1
had 1
had 1
had 1
had 1
had 1
had 1
had 1
had 1
had 1
had 1
had 1
had 1
had 1
had 1
had 1
had 1
had 1
had 1
had 1
had 1
had 1
had 1
had 1
had 1
had 1
had 1
had 1
had 1
had 1
had 1
had 1
had 1
had 1
had 1
had 1
had 1
had 1
had 1
had 1
had 1
had 1
had 1
had 1
had 1
had 1
had 1
had 1
had 1
had 1
had 1
had 1
had 1
had 1
had 1
had 1
had 1
had 1
had 1
had 1
had 1
had 1
had 1
had 1
had 1
had 1
had 1
had 1
had 1
had 1
had 1
had 1
had 1
had 1
had 1
had 1
had 1
had 1
had 1
had 1
had 1
had 1
had 1
had 1
had 1
had 1
had 1
had 1
had 1
had 1
had 1
had 1
had 1
had 1
had 1
had 1
had 1
had 1
had 1
had 1
had 1
had 1
had 1
had 1
had 1
had 1
had 1
had 1
had 1
had 1
had 1
had 1
had 1
had 1
had 1
had 1
had 1
had 1
had 1
had 1
had 1
had 1
had 1
had 1
had 1
had 1
had 1
had 1
had 1
had 1
had 1
had 1
had 1
had 1
had 1
had 1
had 1
had 1
had 1
had 1
had 1
had 1
had 1
had 1
had 1
had 1
had 1
had 1
had 1
had 1
had 1
had 1
had 1
had 1
had 1
had 1
had 1
had 1
had 1
had 1
had 1
had 1
had 1
had 1
had 1
had 1
had 1
had 1
had 1
had 1
had 1
had 1
had 1
had 1
had 1
had 1
had 1
had 1
had 1
had 1
had 1
had 1
had 1
had 1
had 1
had 1
had 1
had 1
had 1
had 1
had 1
had 1
had 1
had 1
had 1
had 1
had 1
had 1
had 1
had 1
had 1
had 1
had 1
had 1
had 1
had 1
had 1
had 1
had 1
had 1
had 1
had 1
had 1
had 1
had 1
had 1
had 1
had 1
had 1
had 1
had 1
had 1
had 1
had 1
had 1
had 1
had 1
had 1
had 1
had 1
had 1
had 1
had 1
had 1
had 1
had 1
had 1
had 1
had 1
had 1
had 1
had 1
had 1
had 1
had 1
had 1
had 1
had 1
had 1
had 1
had 1
had 1
had 1
had 1
had 1
had 1
had 1
had 1
had 1
had 1
had 1
had 1
had 1
had 1
had 1
had 1
had 1
had 1
had 1
had 1
had 1
had 1
had 1
had 1
had 1
had 1
had 1
had 1
had 1
had 1
had 1
had 1
had 1
had 1
had 1
had 1
had 1
had 1
had 1
had 1
had 1
had 1
had 1
had 1
had 1
had 1
had 1
had 1
had 1
had 1
had 1
had 1
had 1
had 1
had 1
had 1
had 1
had 1
had 1
had 1
had 1
had 1
had 1
had 1
had 1
had 1
had 1
had 1
had 1
had 1
had 1
had 1
had 1
had 1
had 1
had 1
had 1
had 1
had 1
had 1
had 1
had 1
had 1
had 1
had 1
had 1
had 1
had 1
had 1
had 1
had 1
had 1
had 1
had 1
had 1
had 1
had 1
had 1
had 1
had 1
had 1
had 1
had 1
had 1
had 1
had 1
had 1
had 1
had 1
had 1
had 1
had 1
had 1
had 1
had 1
had 1
had 1
had 1
had 1
had 1
had 1
had 1
had 1
had 1
had 1
had 1
had 1
had 1
had 1
had 1
had 1
had 1
had 1
had 1
had 1
had 1
had 1
had 1
had 1
had 1
had 1
had 1
had 1
had 1
had 1
had 1
had 1
had 1
had 1
had 1
had 1
had 1
had 1
had 1
had 1
had 1
had 1
had 1
had 1
had 1
had 1
had 1
had 1
had 1
had 1
had 1
had 1
had 1
had 1
had 1
had 1
had 1
had 1
had 1
had 1
had 1
had 1
had 1
had 1
had 1
had 1
had 1
had 1
had 1
had 1
had 1
had 1
had 1
had 1
had 1
had 1
had 1
had 1
had 1
had 1
had 1
had 1
had 1
had 1
had 1
had 1
had 1
had 1
had 1
had 1
had 1
had 1
had 1
had 1
had 1
had 1
had 1
had 1
had 1
had 1
had 1
had 1
had 1
had 1
had 1
had 1
had 1
hamlet 1
hand 1
hand 1
hand 1
hand 1
hand 1
hand 1
hand 1
hand 1
hand 1
hand 1
hand 1
hand 1
hand 1
hand 1
hand 1
hand 1
hand 1
hand 1
hand 1
hand 1
hand 1
hand 1
hand 1
hand 1
hand 1
hand 1
handsome 1
hangs 1
happiness 1
happiness 1
happiness 1
happiness 1
happiness 1
happiness 1
happiness 1
happiness 1
happiness 1
happiness 1
happiness 1
happiness 1
happiness 1
happiness 1
happiness 1
happiness 1
happiness 1
happiness 1
happiness 1
happiness 1
happiness 1
happiness 1
happiness 1
happiness 1
happiness 1
happiness 1
happiness 1
happiness 1
happiness 1
happiness 1
happiness 1
happiness 1
happiness 1
happiness 1
happiness 1
happiness 1
happiness 1
happiness 1
happiness 1
happiness 1
happiness 1
happiness 1
happiness 1
happiness 1
happiness 1
happiness 1
happiness 1
happiness 1
happiness 1
harrowing 1
harrowing 1
hearer 1
hearts 1
hearts 1
hearts 1
hearts 1
heatless 1
heeded 1
hesitated 1
hesitated 1
hesitated 1
hesitated 1
higher 1
higher 1
higher 1
higher 1
higher 1
hill 1
hill 1
hitherto 1
hitherto 1
hitherto 1
hitherto 1
hitherto 1
hitherto 1
hitherto 1
hitherto 1
hitherto 1
hitherto 1
hitherto 1
hitherto 1
home 1
home 1
home 1
home 1
home 1
home 1
home 1
home 1
home 1
home 1
home 1
home 1
home 1
home 1
home 1
home 1
home 1
home 1
home 1
home 1
home 1
home 1
home 1
honourable 1
honourable 1
houses 1
houses 1
houses 1
houses 1
hovers 1
hundreds 1
hunt 1
husband 1
husband 1
hut 1
hut 1
hut 1
hut 1
hut 1
icy 1
icy 1
icy 1
idea 1
idea 1
idea 1
idea 1
idea 1
idea 1
idea 1
idea 1
idea 1
idea 1
idea 1
idea 1
idea 1
idea 1
idea 1
idea 1
idea 1
idea 1
idea 1
idea 1
idea 1
idea 1
idea 1
idea 1
idea 1
idea 1
idea 1
idea 1
idea 1
idea 1
idea 1
idea 1
idea 1
ignominious 1
ignorantly 1
immoderate 1
immortality 1
impassive 1
impatient 1
impatient 1
impatient 1
impatient 1
impossibilities 1
impossibility 1
inadequate 1
incantations 1
incidents 1
incidents 1
incidents 1
incidents 1
incidents 1
incidents 1
incipient 1
inciting 1
inclemency 1
inclemency 1
including 1
including 1
including 1
including 1
including 1
including 1
including 1
including 1
including 1
incommoded 1
increasing 1
increasing 1
indebted 1
indirectly 1
inevitable 1
inextinguishable 1
infinitely 1
infirmities 1
inflict 1
inflict 1
inflict 1
inform 1
inform 1
inform 1
inn 1
inn 1
inn 1
inn 1
inn 1
inn 1
instance 1
instructor 1
instrument 1
instrument 1
instrument 1
instrument 1
instrument 1
instrument 1
instrument 1
instrument 1
intensity 1
intensity 1
intermixed 1
intertwined 1
interview 1
interview 1
intimate 1
intimate 1
intimate 1
invented 1
irremediable 1
irreparable 1
irreparable 1
irreparable 1
issued 1
itself 1
itself 1
itself 1
itself 1
itself 1
itself 1
itself 1
itself 1
itself 1
itself 1
itself 1
itself 1
itself 1
itself 1
itself 1
itself 1
itself 1
itself 1
itself 1
itself 1
itself 1
itself 1
joyful 1
jutting 1
keel 1
keep 1
keep 1
keep 1
keep 1
keep 1
keep 1
keep 1
keeping 1
keeping 1
keeping 1
kindle 1
kindly 1
kindly 1
kindly 1
lament 1
lament 1
lament 1
lament 1
land 1
land 1
land 1
land 1
land 1
land 1
land 1
land 1
land 1
land 1
land 1
land 1
land 1
land 1
land 1
land 1
land 1
land 1
land 1
land 1
languishing 1
lap 1
large 1
large 1
large 1
large 1
large 1
large 1
large 1
large 1
lasted 1
lasted 1
lawless 1
leave 1
leave 1
leave 1
leave 1
leave 1
leave 1
leave 1
leave 1
leave 1
leave 1
leave 1
leave 1
leave 1
leave 1
leave 1
leave 1
leave 1
leave 1
leave 1
leave 1
leave 1
leaved 1
lessons 1
lessons 1
lessons 1
lessons 1
lessons 1
lessons 1
letters 1
letters 1
letters 1
letters 1
letters 1
letters 1
letters 1
letters 1
letters 1
letters 1
letters 1
letters 1
letters 1
letters 1
letters 1
letters 1
letters 1
licensed 1
lifeless 1
lifeless 1
lifeless 1
lifeless 1
lifeless 1
lifeless 1
lifeless 1
lifeless 1
lifeless 1
like 1
like 1
like 1
like 1
like 1
like 1
like 1
like 1
like 1
like 1
like 1
like 1
like 1
like 1
like 1
like 1
like 1
like 1
like 1
like 1
like 1
like 1
like 1
like 1
like 1
like 1
like 1
like 1
like 1
like 1
like 1
like 1
like 1
like 1
like 1
like 1
like 1
like 1
like 1
like 1
like 1
like 1
like 1
like 1
like 1
like 1
like 1
like 1
like 1
like 1
like 1
like 1
like 1
like 1
like 1
like 1
like 1
like 1
like 1
like 1
like 1
lines 1
lines 1
lines 1
listless 1
listless 1
living 1
living 1
living 1
living 1
living 1
living 1
living 1
living 1
living 1
lot 1
lot 1
lot 1
lot 1
lot 1
lot 1
lovedst 1
lovely 1
lovely 1
lovely 1
lovely 1
lovely 1
lovely 1
lovely 1
lovely 1
lovely 1
lovely 1
lovely 1
lovely 1
lovely 1
lovely 1
lovely 1
lovely 1
lovely 1
lovely 1
lovely 1
lovely 1
lovely 1
lovely 1
lovely 1
lovely 1
lovely 1
lovely 1
lovers 1
lovers 1
lullaby 1
luxuriances 1
maddening 1
maddening 1
maintaining 1
maintenance 1
maintenance 1
making 1
making 1
making 1
making 1
making 1
many 1
many 1
many 1
many 1
many 1
many 1
many 1
many 1
many 1
many 1
many 1
many 1
many 1
many 1
many 1
many 1
many 1
many 1
many 1
many 1
many 1
many 1
many 1
many 1
many 1
many 1
many 1
many 1
many 1
many 1
many 1
many 1
many 1
many 1
many 1
many 1
many 1
many 1
many 1
many 1
many 1
many 1
many 1
many 1
many 1
many 1
many 1
many 1
many 1
many 1
many 1
many 1
many 1
many 1
many 1
many 1
many 1
many 1
many 1
many 1
many 1
many 1
many 1
many 1
many 1
many 1
many 1
marking 1
massacred 1
measures 1
measures 1
mechanics 1
meditate 1
meditate 1
mentioned 1
mentioned 1
mentioned 1
mentioned 1
mentioned 1
mentioned 1
mentioned 1
merit 1
mightier 1
mildly 1
minded 1
minded 1
minutes 1
minutes 1
minutes 1
minutes 1
minutes 1
minutes 1
minutes 1
minutes 1
miracle 1
missed 1
moderate 1
moderate 1
moderate 1
moderate 1
modulated 1
momentarily 1
momentarily 1
monarchies 1
mood 1
mood 1
moon 1
moon 1
moon 1
moon 1
moon 1
moon 1
moon 1
moon 1
moon 1
moon 1
moon 1
moon 1
moon 1
moon 1
moon 1
moon 1
moon 1
moon 1
moon 1
moon 1
moon 1
moral 1
moral 1
moral 1
more 1
more 1
more 1
more 1
more 1
more 1
more 1
more 1
more 1
more 1
more 1
more 1
more 1
more 1
more 1
more 1
more 1
more 1
more 1
more 1
more 1
more 1
more 1
more 1
more 1
more 1
more 1
more 1
more 1
more 1
more 1
more 1
more 1
more 1
more 1
more 1
more 1
more 1
more 1
more 1
more 1
more 1
more 1
more 1
more 1
more 1
more 1
more 1
more 1
more 1
more 1
more 1
more 1
more 1
more 1
more 1
more 1
more 1
more 1
more 1
more 1
more 1
more 1
more 1
more 1
more 1
more 1
more 1
more 1
more 1
more 1
more 1
more 1
more 1
more 1
more 1
more 1
more 1
more 1
more 1
more 1
more 1
more 1
more 1
more 1
more 1
more 1
more 1
more 1
more 1
more 1
more 1
more 1
more 1
more 1
more 1
more 1
more 1
more 1
more 1
more 1
more 1
more 1
more 1
more 1
more 1
more 1
more 1
more 1
more 1
more 1
more 1
more 1
more 1
more 1
more 1
more 1
more 1
more 1
more 1
more 1
more 1
more 1
more 1
more 1
more 1
more 1
more 1
more 1
more 1
more 1
more 1
more 1
more 1
more 1
more 1
more 1
more 1
more 1
more 1
more 1
more 1
more 1
more 1
more 1
more 1
more 1
more 1
more 1
more 1
more 1
more 1
more 1
more 1
more 1
more 1
more 1
more 1
more 1
more 1
more 1
more 1
more 1
more 1
mother 1
mother 1
mother 1
mother 1
mother 1
mother 1
mother 1
mother 1
mother 1
mother 1
mother 1
mother 1
mother 1
mother 1
mother 1
mother 1
mother 1
mother 1
mother 1
mother 1
mother 1
mother 1
mother 1
mother 1
mother 1
mother 1
mother 1
mother 1
mother 1
mother 1
mother 1
mother 1
mother 1
motionless 1
motionless 1
motionless 1
motionless 1
motionless 1
motionless 1
mould 1
multiplicity 1
multitude 1
multitude 1
multitude 1
multitude 1
multitude 1
multitude 1
music 1
music 1
music 1
music 1
music 1
music 1
ne 1
needed 1
net 1
net 1
net 1
net 1
net 1
nicer 1
no 1
no 1
no 1
no 1
no 1
no 1
no 1
no 1
no 1
no 1
no 1
no 1
no 1
no 1
no 1
no 1
no 1
no 1
no 1
no 1
no 1
no 1
no 1
no 1
no 1
no 1
no 1
no 1
no 1
no 1
no 1
no 1
no 1
no 1
no 1
no 1
no 1
no 1
no 1
no 1
no 1
no 1
no 1
no 1
no 1
no 1
no 1
no 1
no 1
no 1
no 1
no 1
no 1
no 1
no 1
no 1
no 1
no 1
no 1
no 1
no 1
no 1
no 1
no 1
no 1
no 1
no 1
no 1
no 1
no 1
no 1
no 1
no 1
no 1
no 1
no 1
no 1
no 1
no 1
no 1
no 1
no 1
no 1
no 1
no 1
no 1
no 1
no 1
no 1
no 1
no 1
no 1
no 1
no 1
no 1
no 1
no 1
no 1
no 1
no 1
no 1
no 1
no 1
no 1
no 1
no 1
no 1
no 1
no 1
no 1
no 1
no 1
no 1
no 1
no 1
no 1
no 1
no 1
no 1
no 1
no 1
no 1
no 1
no 1
no 1
no 1
no 1
no 1
no 1
no 1
no 1
no 1
no 1
no 1
no 1
no 1
no 1
no 1
no 1
no 1
no 1
no 1
no 1
no 1
no 1
no 1
no 1
no 1
no 1
no 1
no 1
no 1
no 1
no 1
no 1
no 1
nook 1
nook 1
nor 1
nor 1
nor 1
nor 1
nor 1
nor 1
nor 1
nor 1
nor 1
nor 1
nor 1
nor 1
nor 1
nor 1
nor 1
nor 1
nor 1
nor 1
nor 1
nor 1
nor 1
nor 1
nor 1
nor 1
nor 1
nor 1
nor 1
nor 1
nor 1
nor 1
nor 1
notes 1
notes 1
notes 1
notes 1
notwithstanding 1
notwithstanding 1
notwithstanding 1
notwithstanding 1
notwithstanding 1
notwithstanding 1
novelties 1
novelties 1
number 1
number 1
number 1
number 1
number 1
nuptial 1
obey 1
obey 1
occupy 1
occupy 1
occupy 1
offered 1
offered 1
ogre 1
oh 1
oh 1
old 1
old 1
old 1
old 1
old 1
old 1
old 1
old 1
old 1
old 1
old 1
old 1
old 1
old 1
old 1
old 1
old 1
old 1
old 1
old 1
old 1
old 1
old 1
old 1
old 1
old 1
old 1
old 1
old 1
old 1
old 1
old 1
old 1
old 1
old 1
old 1
old 1
old 1
old 1
old 1
old 1
old 1
old 1
old 1
old 1
old 1
old 1
old 1
old 1
old 1
old 1
old 1
omen 1
ones 1
opaque 1
or 1
or 1
or 1
or 1
or 1
or 1
or 1
or 1
or 1
or 1
or 1
or 1
or 1
or 1
or 1
or 1
or 1
or 1
or 1
or 1
or 1
or 1
or 1
or 1
or 1
or 1
or 1
or 1
or 1
or 1
or 1
or 1
or 1
or 1
or 1
or 1
or 1
or 1
or 1
or 1
or 1
or 1
or 1
or 1
or 1
or 1
or 1
or 1
or 1
or 1
or 1
or 1
or 1
or 1
or 1
or 1
or 1
or 1
or 1
or 1
or 1
or 1
or 1
or 1
or 1
or 1
or 1
or 1
or 1
or 1
or 1
or 1
or 1
or 1
or 1
or 1
or 1
or 1
or 1
or 1
or 1
or 1
or 1
or 1
or 1
or 1
or 1
or 1
or 1
or 1
or 1
or 1
or 1
or 1
or 1
or 1
or 1
or 1
or 1
or 1
or 1
or 1
or 1
or 1
or 1
or 1
or 1
or 1
or 1
or 1
or 1
or 1
or 1
or 1
or 1
or 1
or 1
or 1
or 1
or 1
or 1
or 1
or 1
or 1
or 1
or 1
or 1
or 1
or 1
or 1
or 1
or 1
or 1
or 1
or 1
or 1
or 1
or 1
or 1
or 1
or 1
or 1
or 1
or 1
or 1
or 1
or 1
or 1
or 1
or 1
or 1
or 1
or 1
or 1
or 1
or 1
or 1
or 1
or 1
or 1
or 1
or 1
or 1
or 1
or 1
or 1
or 1
or 1
or 1
or 1
or 1
or 1
or 1
or 1
or 1
or 1
or 1
or 1
or 1
or 1
or 1
or 1
or 1
or 1
or 1
or 1
or 1
or 1
or 1
or 1
or 1
or 1
or 1
or 1
or 1
or 1
or 1
or 1
or 1
or 1
or 1
or 1
or 1
or 1
or 1
or 1
or 1
or 1
or 1
or 1
or 1
or 1
or 1
or 1
or 1
or 1
or 1
or 1
or 1
or 1
or 1
or 1
or 1
or 1
or 1
or 1
or 1
or 1
or 1
or 1
or 1
or 1
or 1
or 1
or 1
or 1
or 1
or 1
or 1
or 1
or 1
or 1
or 1
or 1
or 1
or 1
or 1
orb 1
orb 1
organized 1
others 1
others 1
others 1
others 1
others 1
others 1
others 1
others 1
others 1
others 1
others 1
others 1
others 1
others 1
others 1
others 1
others 1
others 1
others 1
others 1
others 1
others 1
others 1
others 1
others 1
others 1
ours 1
outcast 1
outcast 1
outcast 1
overlooking 1
overpowering 1
owed 1
owed 1
owed 1
owed 1
owner 1
owner 1
owner 1
owner 1
owner 1
pace 1
pace 1
paddling 1
pained 1
panes 1
panes 1
paramount 1
part 1
part 1
part 1
part 1
part 1
part 1
part 1
part 1
part 1
part 1
part 1
part 1
part 1
part 1
part 1
part 1
part 1
part 1
part 1
part 1
part 1
part 1
part 1
part 1
part 1
part 1
part 1
part 1
part 1
part 1
part 1
part 1
part 1
part 1
part 1
part 1
part 1
part 1
part 1
part 1
part 1
part 1
part 1
passages 1
pauses 1
pearly 1
pen 1
perfection 1
perfectionate 1
perplexed 1
perplexed 1
persisted 1
phrase 1
phrase 1
phrase 1
phrase 1
phrase 1
physiology 1
pictures 1
pillow 1
pistol 1
pistol 1
pistol 1
pitchy 1
place 1
place 1
place 1
place 1
place 1
place 1
place 1
place 1
place 1
place 1
place 1
place 1
place 1
place 1
place 1
place 1
place 1
place 1
place 1
place 1
place 1
place 1
place 1
place 1
place 1
place 1
place 1
place 1
place 1
place 1
place 1
place 1
place 1
place 1
place 1
place 1
place 1
place 1
place 1
place 1
place 1
place 1
place 1
place 1
place 1
place 1
place 1
place 1
place 1
place 1
place 1
place 1
place 1
place 1
place 1
place 1
place 1
place 1
place 1
place 1
place 1
place 1
place 1
place 1
place 1
poets 1
poets 1
poets 1
poets 1
pointed 1
pointed 1
pointed 1
poisoned 1
poisoned 1
possibility 1
possibility 1
practical 1
practical 1
practical 1
preceptors 1
prelude 1
preparation 1
preparation 1
prepossess 1
pretension 1
procrastinate 1
produces 1
professional 1
professor 1
professor 1
professor 1
professor 1
professor 1
professor 1
professor 1
profits 1
profits 1
prolong 1
prolong 1
prolong 1
promoting 1
promoting 1
promotion 1
propagated 1
proprietary 1
prosecution 1
prosecution 1
protection 1
protection 1
protection 1
protection 1
pulling 1
pulse 1
pulse 1
pulse 1
punishment 1
punishment 1
punishment 1
punishment 1
purest 1
purposes 1
purposes 1
purposes 1
pursuing 1
pursuing 1
pursuing 1
qualities 1
qualities 1
qualities 1
qualities 1
qualities 1
qualities 1
quantity 1
quantity 1
quantity 1
quantity 1
quantity 1
quantity 1
quantity 1
quarters 1
quarters 1
raft 1
raft 1
raft 1
raises 1
raising 1
rankle 1
rapidly 1
rapidly 1
rapidly 1
rapidly 1
rapidly 1
rapidly 1
rapidly 1
rapidly 1
rapidly 1
rapidly 1
rapidly 1
rays 1
rays 1
rays 1
reasoned 1
recesses 1
recesses 1
recesses 1
recollection 1
recollection 1
recollection 1
recollection 1
recollection 1
recollection 1
recollection 1
recollection 1
recollection 1
recollection 1
recommended 1
recompense 1
recompense 1
recording 1
recording 1
recording 1
refinement 1
regions 1
regions 1
regions 1
regions 1
regions 1
regions 1
regularly 1
regularly 1
regularly 1
related 1
related 1
related 1
related 1
related 1
related 1
related 1
related 1
related 1
related 1
related 1
relationships 1
released 1
relief 1
relief 1
relief 1
relief 1
remembering 1
remorse 1
remorse 1
remorse 1
remorse 1
remorse 1
remorse 1
remorse 1
remorse 1
remorse 1
remorse 1
remorse 1
remorse 1
remorse 1
remorse 1
rendezvous 1
rending 1
repined 1
represented 1
repressed 1
reproduce 1
resentment 1
resources 1
resources 1
respects 1
respects 1
restrictions 1
restrictions 1
resume 1
retarded 1
retribution 1
returned 1
returned 1
returned 1
returned 1
returned 1
returned 1
returned 1
returned 1
returned 1
returned 1
returned 1
returned 1
returned 1
returned 1
returned 1
returned 1
returned 1
returned 1
returned 1
returned 1
returned 1
returned 1
returned 1
returned 1
returned 1
returned 1
returned 1
returned 1
returned 1
returned 1
returned 1
reverence 1
reverence 1
reverence 1
reverence 1
reverential 1
roaming 1
roarings 1
roarings 1
roll 1
ruined 1
ruined 1
ruined 1
sadness 1
sadness 1
sadness 1
sadness 1
satiate 1
savage 1
savage 1
savage 1
saviour 1
say 1
say 1
say 1
say 1
say 1
say 1
say 1
say 1
say 1
say 1
say 1
say 1
say 1
say 1
say 1
say 1
say 1
say 1
say 1
say 1
say 1
say 1
say 1
scaring 1
scent 1
scent 1
schools 1
schools 1
scoffing 1
scream 1
scream 1
scream 1
scream 1
seclusion 1
secure 1
secure 1
secure 1
secure 1
secure 1
secure 1
secure 1
secure 1
seemingly 1
seemingly 1
seemingly 1
seemingly 1
seizure 1
sensations 1
sensations 1
sensations 1
sensations 1
sensations 1
sensations 1
sensations 1
sensations 1
sensations 1
sensations 1
sensations 1
sensations 1
sensations 1
sensations 1
sensations 1
sensations 1
sensations 1
sensations 1
sensations 1
sensations 1
sensations 1
sensations 1
sensations 1
sensations 1
sensations 1
sensations 1
sensations 1
sensations 1
sensations 1
sensations 1
sensations 1
sensations 1
series 1
series 1
series 1
series 1
series 1
serpent 1
servant 1
servant 1
servant 1
servant 1
servant 1
servant 1
servant 1
servant 1
shivering 1
shortly 1
show 1
show 1
show 1
shroud 1
sickbed 1
sickbed 1
sicken 1
sickening 1
sickening 1
sickening 1
sickening 1
sight 1
sight 1
sight 1
sight 1
sight 1
sight 1
sight 1
sight 1
sight 1
sight 1
sight 1
sight 1
sight 1
sight 1
sight 1
sight 1
sight 1
sight 1
sight 1
sight 1
sight 1
sight 1
sight 1
sight 1
sight 1
sign 1
sign 1
silver 1
silver 1
silver 1
sincere 1
sincere 1
situations 1
situations 1
situations 1
skin 1
skin 1
slaughter 1
slaughter 1
sleep 1
sleep 1
sleep 1
sleep 1
sleep 1
sleep 1
sleep 1
sleep 1
sleep 1
sleep 1
sleep 1
sleep 1
sleep 1
sleep 1
sleep 1
sleep 1
sleep 1
sleep 1
sleep 1
sleep 1
slow 1
slow 1
slow 1
slow 1
slow 1
slow 1
slow 1
smelt 1
softness 1
sole 1
sole 1
sole 1
solicitude 1
soothing 1
soothing 1
soothing 1
soothing 1
sorrows 1
sorrows 1
sorrows 1
sorrows 1
soup 1
spare 1
spare 1
spare 1
speed 1
speed 1
speed 1
speed 1
speed 1
speed 1
speed 1
speedily 1
speedily 1
speedily 1
speedily 1
speedily 1
speedily 1
speedily 1
spire 1
spirit 1
spirit 1
spirit 1
spirit 1
spirit 1
spirit 1
spirit 1
spirit 1
spirit 1
spirit 1
spirit 1
spirit 1
spirit 1
spirit 1
spirit 1
spirit 1
spirit 1
spirit 1
spirit 1
spirit 1
spirit 1
spirit 1
spirit 1
spirit 1
spirit 1
spirit 1
spirit 1
spirit 1
spirit 1
spirit 1
spirit 1
spirit 1
spirit 1
spirit 1
sportiveness 1
sprang 1
sprang 1
sprang 1
sprang 1
spread 1
spread 1
spread 1
spread 1
sprung 1
sprung 1
spurred 1
standard 1
starry 1
started 1
started 1
started 1
started 1
started 1
started 1
steal 1
steel 1
stepped 1
stepped 1
stony 1
stony 1
stored 1
strangely 1
strangely 1
strangely 1
strangely 1
strangers 1
strangers 1
strangers 1
strangers 1
streams 1
streams 1
streams 1
strength 1
strength 1
strength 1
strength 1
strength 1
strength 1
strength 1
strength 1
strength 1
strength 1
strength 1
strength 1
strength 1
strength 1
strength 1
stupid 1
subduing 1
successfully 1
succession 1
sufficiently 1
sufficiently 1
sufficiently 1
suit 1
sunshine 1
sunshine 1
sunshine 1
sunshine 1
surprise 1
surprise 1
surprise 1
surprise 1
surprise 1
surprise 1
surprise 1
surprise 1
surrounded 1
surrounded 1
surrounded 1
surrounded 1
surrounded 1
surrounded 1
surrounded 1
surrounded 1
surrounded 1
surrounded 1
surrounded 1
surrounded 1
surrounded 1
surrounded 1
surrounded 1
surrounded 1
surrounded 1
surrounded 1
surviving 1
suspended 1
suspended 1
sworn 1
sworn 1
sympathies 1
sympathies 1
sympathies 1
sympathies 1
tainted 1
taken 1
taken 1
taken 1
taken 1
taken 1
taken 1
taken 1
taken 1
taken 1
taken 1
taken 1
taken 1
taken 1
taken 1
taken 1
taken 1
taken 1
taken 1
taken 1
taken 1
taken 1
taken 1
taken 1
taken 1
taken 1
taken 1
taken 1
taken 1
taken 1
taken 1
taken 1
taken 1
taken 1
taste 1
taste 1
taste 1
taste 1
taste 1
taught 1
taught 1
taught 1
taught 1
taught 1
taught 1
taught 1
taught 1
tedious 1
tedious 1
tedious 1
tedious 1
tenderly 1
tenderly 1
tenderly 1
tenderly 1
tenderly 1
tenth 1
texture 1
than 1
than 1
than 1
than 1
than 1
than 1
than 1
than 1
than 1
than 1
than 1
than 1
than 1
than 1
than 1
than 1
than 1
than 1
than 1
than 1
than 1
than 1
than 1
than 1
than 1
than 1
than 1
than 1
than 1
than 1
than 1
than 1
than 1
than 1
than 1
than 1
than 1
than 1
than 1
than 1
than 1
than 1
than 1
than 1
than 1
than 1
than 1
than 1
than 1
than 1
than 1
than 1
than 1
than 1
than 1
than 1
than 1
than 1
than 1
than 1
than 1
than 1
than 1
than 1
than 1
than 1
than 1
than 1
than 1
than 1
than 1
than 1
than 1
than 1
than 1
than 1
than 1
than 1
than 1
than 1
than 1
than 1
than 1
than 1
than 1
than 1
than 1
than 1
than 1
than 1
than 1
than 1
than 1
than 1
than 1
than 1
than 1
than 1
than 1
than 1
than 1
than 1
than 1
than 1
than 1
than 1
than 1
than 1
than 1
than 1
than 1
than 1
thanked 1
thanked 1
thanked 1
thanked 1
theme 1
thence 1
thence 1
thence 1
theory 1
theory 1
theory 1
theory 1
thin 1
thin 1
thin 1
thin 1
things 1
things 1
things 1
things 1
things 1
things 1
things 1
things 1
things 1
things 1
things 1
threatening 1
thyself 1
to 1
to 1
to 1
to 1
to 1
to 1
to 1
to 1
to 1
to 1
to 1
to 1
to 1
to 1
to 1
to 1
to 1
to 1
to 1
to 1
to 1
to 1
to 1
to 1
to 1
to 1
to 1
to 1
to 1
to 1
to 1
to 1
to 1
to 1
to 1
to 1
to 1
to 1
to 1
to 1
to 1
to 1
to 1
to 1
to 1
to 1
to 1
to 1
to 1
to 1
to 1
to 1
to 1
to 1
to 1
to 1
to 1
to 1
to 1
to 1
to 1
to 1
to 1
to 1
to 1
to 1
to 1
to 1
to 1
to 1
to 1
to 1
to 1
to 1
to 1
to 1
to 1
to 1
to 1
to 1
to 1
to 1
to 1
to 1
to 1
to 1
to 1
to 1
to 1
to 1
to 1
to 1
to 1
to 1
to 1
to 1
to 1
to 1
to 1
to 1
to 1
to 1
to 1
to 1
to 1
to 1
to 1
to 1
to 1
to 1
to 1
to 1
to 1
to 1
to 1
to 1
to 1
to 1
to 1
to 1
to 1
to 1
to 1
to 1
to 1
to 1
to 1
to 1
to 1
to 1
to 1
to 1
to 1
to 1
to 1
to 1
to 1
to 1
to 1
to 1
to 1
to 1
to 1
to 1
to 1
to 1
to 1
to 1
to 1
to 1
to 1
to 1
to 1
to 1
to 1
to 1
to 1
to 1
to 1
to 1
to 1
to 1
to 1
to 1
to 1
to 1
to 1
to 1
to 1
to 1
to 1
to 1
to 1
to 1
to 1
to 1
to 1
to 1
to 1
to 1
to 1
to 1
to 1
to 1
to 1
to 1
to 1
to 1
to 1
to 1
to 1
to 1
to 1
to 1
to 1
to 1
to 1
to 1
to 1
to 1
to 1
to 1
to 1
to 1
to 1
to 1
to 1
to 1
to 1
to 1
to 1
to 1
to 1
to 1
to 1
to 1
to 1
to 1
to 1
to 1
to 1
to 1
to 1
to 1
to 1
to 1
to 1
to 1
to 1
to 1
to 1
to 1
to 1
to 1
to 1
to 1
to 1
to 1
to 1
to 1
to 1
to 1
to 1
to 1
to 1
to 1
to 1
to 1
to 1
to 1
to 1
to 1
to 1
to 1
to 1
to 1
to 1
to 1
to 1
to 1
to 1
to 1
to 1
to 1
to 1
to 1
to 1
to 1
to 1
to 1
to 1
to 1
to 1
to 1
to 1
to 1
to 1
to 1
to 1
to 1
to 1
to 1
to 1
to 1
to 1
to 1
to 1
to 1
to 1
to 1
to 1
to 1
to 1
to 1
to 1
to 1
to 1
to 1
to 1
to 1
to 1
to 1
to 1
to 1
to 1
to 1
to 1
to 1
to 1
to 1
to 1
to 1
to 1
to 1
to 1
to 1
to 1
to 1
to 1
to 1
to 1
to 1
to 1
to 1
to 1
to 1
to 1
to 1
to 1
to 1
to 1
to 1
to 1
to 1
to 1
to 1
to 1
to 1
to 1
to 1
to 1
to 1
to 1
to 1
to 1
to 1
to 1
to 1
to 1
to 1
to 1
to 1
to 1
to 1
to 1
to 1
to 1
to 1
to 1
to 1
to 1
to 1
to 1
to 1
to 1
to 1
to 1
to 1
to 1
to 1
to 1
to 1
to 1
to 1
to 1
to 1
to 1
to 1
to 1
to 1
to 1
to 1
to 1
to 1
to 1
to 1
to 1
to 1
to 1
to 1
to 1
to 1
to 1
to 1
to 1
to 1
to 1
to 1
to 1
to 1
to 1
to 1
to 1
to 1
to 1
to 1
to 1
to 1
to 1
to 1
to 1
to 1
to 1
to 1
to 1
to 1
to 1
to 1
to 1
to 1
to 1
to 1
to 1
to 1
to 1
to 1
to 1
to 1
to 1
to 1
to 1
to 1
to 1
to 1
to 1
to 1
to 1
to 1
to 1
to 1
to 1
to 1
to 1
to 1
to 1
to 1
to 1
to 1
to 1
to 1
to 1
to 1
to 1
to 1
to 1
to 1
to 1
to 1
to 1
to 1
to 1
to 1
to 1
to 1
to 1
to 1
to 1
to 1
to 1
to 1
to 1
to 1
to 1
to 1
to 1
to 1
to 1
to 1
to 1
to 1
to 1
to 1
to 1
to 1
to 1
to 1
to 1
to 1
to 1
to 1
to 1
to 1
to 1
to 1
to 1
to 1
to 1
to 1
to 1
to 1
to 1
to 1
to 1
to 1
to 1
to 1
to 1
to 1
to 1
to 1
to 1
to 1
to 1
to 1
to 1
to 1
to 1
to 1
to 1
to 1
to 1
to 1
to 1
to 1
to 1
to 1
to 1
to 1
to 1
to 1
to 1
to 1
to 1
to 1
to 1
to 1
to 1
to 1
to 1
to 1
to 1
to 1
to 1
to 1
to 1
to 1
to 1
to 1
to 1
to 1
to 1
to 1
to 1
to 1
to 1
to 1
to 1
to 1
to 1
to 1
to 1
to 1
to 1
to 1
to 1
to 1
to 1
to 1
to 1
to 1
to 1
to 1
to 1
to 1
to 1
to 1
to 1
to 1
to 1
to 1
to 1
to 1
to 1
to 1
to 1
to 1
to 1
to 1
to 1
to 1
to 1
to 1
to 1
to 1
to 1
to 1
to 1
to 1
to 1
to 1
to 1
to 1
to 1
to 1
to 1
to 1
to 1
to 1
to 1
to 1
to 1
to 1
to 1
to 1
to 1
to 1
to 1
to 1
to 1
to 1
to 1
to 1
to 1
to 1
to 1
to 1
to 1
to 1
to 1
to 1
to 1
to 1
to 1
to 1
to 1
to 1
to 1
to 1
to 1
to 1
to 1
to 1
to 1
to 1
to 1
to 1
to 1
to 1
to 1
to 1
to 1
to 1
to 1
to 1
to 1
to 1
to 1
to 1
to 1
to 1
to 1
to 1
to 1
to 1
to 1
to 1
to 1
to 1
to 1
to 1
to 1
to 1
to 1
to 1
to 1
to 1
to 1
to 1
to 1
to 1
to 1
to 1
to 1
to 1
to 1
to 1
to 1
to 1
to 1
to 1
to 1
to 1
to 1
to 1
to 1
to 1
to 1
to 1
to 1
to 1
to 1
to 1
to 1
to 1
to 1
to 1
to 1
to 1
to 1
to 1
to 1
to 1
to 1
to 1
to 1
to 1
to 1
to 1
to 1
to 1
to 1
to 1
to 1
to 1
to 1
to 1
to 1
to 1
to 1
to 1
to 1
to 1
to 1
to 1
to 1
to 1
to 1
to 1
to 1
to 1
to 1
to 1
to 1
to 1
to 1
to 1
to 1
to 1
to 1
to 1
to 1
to 1
to 1
to 1
to 1
to 1
to 1
to 1
to 1
to 1
to 1
to 1
to 1
to 1
to 1
to 1
to 1
to 1
to 1
to 1
to 1
to 1
to 1
to 1
to 1
to 1
to 1
to 1
to 1
to 1
to 1
to 1
to 1
to 1
to 1
to 1
to 1
to 1
to 1
to 1
to 1
to 1
to 1
to 1
to 1
to 1
to 1
to 1
to 1
to 1
to 1
to 1
to 1
to 1
to 1
to 1
to 1
to 1
to 1
to 1
to 1
to 1
to 1
to 1
to 1
to 1
to 1
to 1
to 1
to 1
to 1
to 1
to 1
to 1
to 1
to 1
to 1
to 1
to 1
to 1
to 1
to 1
to 1
to 1
to 1
to 1
to 1
to 1
to 1
to 1
to 1
to 1
to 1
to 1
to 1
to 1
to 1
to 1
to 1
to 1
to 1
to 1
to 1
to 1
to 1
to 1
to 1
to 1
to 1
to 1
to 1
to 1
to 1
to 1
to 1
to 1
to 1
to 1
to 1
to 1
to 1
to 1
to 1
to 1
to 1
to 1
to 1
to 1
to 1
to 1
to 1
to 1
to 1
to 1
to 1
to 1
to 1
to 1
to 1
to 1
to 1
to 1
to 1
to 1
to 1
to 1
to 1
to 1
to 1
to 1
to 1
to 1
to 1
to 1
to 1
to 1
to 1
to 1
to 1
to 1
to 1
to 1
to 1
to 1
to 1
to 1
to 1
to 1
to 1
to 1
to 1
to 1
to 1
to 1
to 1
to 1
to 1
to 1
to 1
to 1
to 1
to 1
to 1
to 1
to 1
to 1
to 1
to 1
to 1
to 1
to 1
to 1
to 1
to 1
to 1
to 1
to 1
to 1
to 1
to 1
to 1
to 1
to 1
to 1
to 1
to 1
to 1
to 1
to 1
to 1
to 1
to 1
to 1
to 1
to 1
to 1
to 1
to 1
to 1
to 1
to 1
to 1
to 1
to 1
to 1
to 1
to 1
to 1
to 1
to 1
to 1
to 1
to 1
to 1
to 1
to 1
to 1
to 1
to 1
to 1
to 1
to 1
to 1
to 1
to 1
to 1
to 1
to 1
to 1
to 1
to 1
to 1
to 1
to 1
to 1
to 1
to 1
to 1
to 1
to 1
to 1
to 1
to 1
to 1
to 1
to 1
to 1
to 1
to 1
to 1
to 1
to 1
to 1
to 1
to 1
to 1
to 1
to 1
to 1
to 1
to 1
to 1
to 1
to 1
to 1
to 1
to 1
to 1
to 1
to 1
to 1
to 1
to 1
to 1
to 1
to 1
to 1
to 1
to 1
to 1
to 1
to 1
to 1
to 1
to 1
to 1
to 1
to 1
to 1
to 1
to 1
to 1
to 1
to 1
to 1
to 1
to 1
to 1
to 1
to 1
to 1
to 1
to 1
to 1
to 1
to 1
to 1
to 1
to 1
to 1
to 1
to 1
to 1
to 1
to 1
to 1
to 1
to 1
to 1
to 1
to 1
to 1
to 1
to 1
to 1
to 1
to 1
to 1
to 1
to 1
to 1
to 1
to 1
to 1
to 1
to 1
to 1
to 1
to 1
to 1
to 1
to 1
to 1
to 1
to 1
to 1
to 1
to 1
to 1
to 1
to 1
to 1
to 1
to 1
to 1
to 1
to 1
to 1
to 1
to 1
to 1
to 1
to 1
to 1
to 1
to 1
to 1
to 1
to 1
to 1
to 1
to 1
to 1
to 1
to 1
to 1
to 1
to 1
to 1
to 1
to 1
to 1
to 1
to 1
to 1
to 1
to 1
to 1
to 1
to 1
to 1
to 1
to 1
to 1
to 1
to 1
to 1
to 1
to 1
to 1
to 1
to 1
to 1
to 1
to 1
to 1
to 1
to 1
to 1
to 1
to 1
to 1
to 1
to 1
to 1
to 1
to 1
to 1
to 1
to 1
to 1
to 1
to 1
to 1
to 1
to 1
to 1
to 1
to 1
to 1
to 1
to 1
to 1
to 1
to 1
to 1
to 1
to 1
to 1
to 1
to 1
to 1
to 1
to 1
to 1
to 1
to 1
to 1
to 1
to 1
to 1
to 1
to 1
to 1
to 1
to 1
to 1
to 1
to 1
to 1
to 1
to 1
to 1
to 1
to 1
to 1
to 1
to 1
to 1
to 1
to 1
to 1
to 1
to 1
to 1
to 1
to 1
to 1
to 1
to 1
to 1
to 1
to 1
to 1
to 1
to 1
to 1
to 1
to 1
to 1
to 1
to 1
to 1
to 1
to 1
to 1
to 1
to 1
to 1
to 1
to 1
to 1
to 1
to 1
to 1
to 1
to 1
to 1
to 1
to 1
to 1
to 1
to 1
to 1
to 1
to 1
to 1
to 1
to 1
to 1
to 1
to 1
to 1
to 1
to 1
to 1
to 1
to 1
to 1
to 1
to 1
to 1
to 1
to 1
to 1
to 1
to 1
to 1
to 1
to 1
to 1
to 1
to 1
to 1
to 1
to 1
to 1
to 1
to 1
to 1
to 1
to 1
to 1
to 1
to 1
to 1
to 1
to 1
to 1
to 1
to 1
to 1
to 1
to 1
to 1
to 1
to 1
to 1
to 1
to 1
to 1
to 1
to 1
to 1
to 1
to 1
to 1
to 1
to 1
to 1
to 1
to 1
to 1
to 1
to 1
to 1
to 1
to 1
to 1
to 1
to 1
to 1
to 1
to 1
to 1
to 1
to 1
to 1
to 1
to 1
to 1
to 1
to 1
to 1
to 1
to 1
to 1
to 1
to 1
to 1
to 1
to 1
to 1
to 1
to 1
to 1
to 1
to 1
to 1
to 1
to 1
to 1
to 1
to 1
to 1
to 1
to 1
to 1
to 1
to 1
to 1
to 1
to 1
to 1
to 1
to 1
to 1
to 1
to 1
to 1
to 1
to 1
to 1
to 1
to 1
to 1
to 1
to 1
to 1
to 1
to 1
to 1
to 1
to 1
to 1
to 1
to 1
to 1
to 1
to 1
to 1
to 1
to 1
to 1
to 1
to 1
to 1
to 1
to 1
to 1
to 1
to 1
to 1
to 1
to 1
to 1
to 1
to 1
to 1
to 1
to 1
to 1
to 1
to 1
to 1
to 1
to 1
to 1
to 1
to 1
to 1
to 1
to 1
to 1
to 1
to 1
to 1
to 1
to 1
to 1
to 1
to 1
to 1
to 1
to 1
to 1
to 1
to 1
to 1
to 1
to 1
to 1
to 1
to 1
to 1
to 1
to 1
to 1
to 1
to 1
to 1
to 1
to 1
to 1
to 1
to 1
to 1
to 1
to 1
to 1
to 1
to 1
to 1
to 1
to 1
to 1
to 1
to 1
to 1
to 1
to 1
to 1
to 1
to 1
to 1
to 1
to 1
to 1
to 1
to 1
to 1
to 1
to 1
to 1
to 1
to 1
to 1
to 1
to 1
to 1
to 1
to 1
to 1
to 1
to 1
to 1
to 1
to 1
to 1
to 1
to 1
to 1
to 1
to 1
to 1
to 1
to 1
to 1
to 1
to 1
to 1
to 1
to 1
to 1
to 1
to 1
to 1
to 1
to 1
to 1
to 1
to 1
to 1
to 1
to 1
to 1
to 1
to 1
to 1
to 1
to 1
to 1
to 1
to 1
to 1
to 1
to 1
to 1
to 1
to 1
to 1
to 1
to 1
to 1
to 1
to 1
to 1
to 1
to 1
to 1
to 1
to 1
to 1
to 1
to 1
to 1
to 1
to 1
to 1
to 1
to 1
to 1
to 1
to 1
to 1
to 1
to 1
to 1
to 1
to 1
to 1
to 1
to 1
to 1
to 1
to 1
to 1
to 1
to 1
to 1
to 1
to 1
to 1
to 1
to 1
to 1
to 1
to 1
to 1
to 1
to 1
to 1
to 1
to 1
to 1
to 1
to 1
to 1
to 1
to 1
to 1
to 1
to 1
to 1
to 1
to 1
to 1
to 1
to 1
to 1
to 1
to 1
to 1
to 1
to 1
to 1
to 1
to 1
to 1
to 1
to 1
to 1
to 1
to 1
to 1
to 1
to 1
to 1
to 1
to 1
to 1
to 1
to 1
to 1
to 1
to 1
to 1
to 1
to 1
to 1
to 1
to 1
to 1
to 1
to 1
to 1
to 1
to 1
to 1
to 1
to 1
to 1
to 1
to 1
to 1
to 1
to 1
to 1
to 1
to 1
to 1
to 1
to 1
to 1
to 1
to 1
to 1
to 1
to 1
to 1
to 1
to 1
to 1
to 1
to 1
to 1
to 1
to 1
to 1
to 1
to 1
to 1
to 1
to 1
to 1
to 1
to 1
to 1
to 1
to 1
to 1
to 1
to 1
to 1
to 1
to 1
to 1
to 1
to 1
to 1
to 1
to 1
to 1
to 1
to 1
to 1
to 1
to 1
to 1
to 1
to 1
to 1
to 1
to 1
to 1
to 1
to 1
to 1
to 1
to 1
to 1
to 1
to 1
to 1
to 1
to 1
to 1
to 1
to 1
to 1
to 1
to 1
to 1
to 1
to 1
to 1
to 1
to 1
to 1
to 1
to 1
to 1
to 1
to 1
to 1
to 1
to 1
to 1
to 1
to 1
to 1
to 1
to 1
to 1
to 1
to 1
to 1
to 1
to 1
to 1
to 1
to 1
to 1
to 1
to 1
to 1
to 1
to 1
to 1
to 1
to 1
to 1
to 1
to 1
to 1
to 1
to 1
to 1
to 1
to 1
to 1
to 1
to 1
to 1
to 1
to 1
to 1
to 1
to 1
to 1
to 1
to 1
to 1
to 1
to 1
to 1
to 1
to 1
to 1
to 1
to 1
to 1
to 1
to 1
to 1
to 1
to 1
to 1
to 1
to 1
to 1
to 1
to 1
to 1
to 1
to 1
to 1
to 1
to 1
to 1
to 1
to 1
to 1
to 1
to 1
to 1
to 1
to 1
to 1
to 1
to 1
to 1
to 1
to 1
to 1
to 1
to 1
to 1
to 1
to 1
to 1
to 1
to 1
to 1
to 1
to 1
to 1
to 1
to 1
to 1
to 1
to 1
to 1
to 1
to 1
to 1
to 1
to 1
to 1
to 1
to 1
to 1
to 1
to 1
to 1
to 1
to 1
to 1
to 1
to 1
to 1
to 1
to 1
to 1
to 1
to 1
to 1
to 1
to 1
to 1
to 1
to 1
to 1
to 1
to 1
to 1
to 1
to 1
to 1
to 1
to 1
to 1
to 1
to 1
to 1
to 1
to 1
to 1
to 1
to 1
to 1
to 1
to 1
to 1
to 1
to 1
to 1
to 1
to 1
to 1
to 1
to 1
to 1
to 1
to 1
to 1
to 1
to 1
to 1
to 1
to 1
to 1
to 1
to 1
to 1
to 1
to 1
to 1
to 1
to 1
to 1
to 1
to 1
to 1
to 1
to 1
to 1
to 1
to 1
to 1
to 1
to 1
to 1
to 1
to 1
to 1
to 1
to 1
to 1
to 1
to 1
to 1
to 1
to 1
to 1
to 1
to 1
to 1
to 1
to 1
to 1
to 1
to 1
to 1
to 1
to 1
to 1
to 1
to 1
to 1
to 1
to 1
to 1
to 1
to 1
to 1
to 1
to 1
to 1
to 1
to 1
to 1
to 1
to 1
to 1
to 1
to 1
to 1
to 1
to 1
to 1
to 1
to 1
to 1
to 1
to 1
to 1
to 1
to 1
to 1
to 1
to 1
to 1
to 1
to 1
to 1
to 1
to 1
to 1
to 1
to 1
to 1
to 1
to 1
to 1
to 1
to 1
to 1
to 1
to 1
to 1
to 1
to 1
to 1
to 1
to 1
to 1
to 1
to 1
to 1
to 1
to 1
to 1
to 1
to 1
to 1
to 1
to 1
to 1
to 1
to 1
to 1
to 1
to 1
to 1
to 1
to 1
to 1
to 1
to 1
to 1
to 1
to 1
to 1
to 1
to 1
to 1
to 1
to 1
to 1
to 1
to 1
to 1
to 1
to 1
to 1
to 1
to 1
to 1
to 1
to 1
to 1
to 1
to 1
to 1
to 1
to 1
to 1
to 1
to 1
to 1
to 1
to 1
to 1
to 1
to 1
to 1
to 1
to 1
to 1
to 1
to 1
to 1
to 1
to 1
to 1
to 1
to 1
to 1
to 1
to 1
to 1
to 1
to 1
to 1
to 1
to 1
to 1
to 1
to 1
to 1
to 1
to 1
to 1
today 1
today 1
toiled 1
torrents 1
torrents 1
trace 1
trace 1
trace 1
trace 1
trace 1
trace 1
trace 1
trace 1
trace 1
trademark 1
trademark 1
trademark 1
trademark 1
trademark 1
trademark 1
trademark 1
trademark 1
trademark 1
trademark 1
tranquilly 1
transcribe 1
travelled 1
travelled 1
travelled 1
travelled 1
travelled 1
travelled 1
treated 1
triumphantly 1
trod 1
truest 1
try 1
try 1
try 1
try 1
turning 1
turning 1
turning 1
turning 1
turning 1
twelve 1
tyranny 1
tyros 1
unadept 1
unceasing 1
uncertain 1
uncertain 1
uncertain 1
undeceiving 1
understood 1
understood 1
understood 1
understood 1
understood 1
understood 1
understood 1
understood 1
understood 1
understood 1
understood 1
understood 1
understood 1
understood 1
unequal 1
unexampled 1
unfair 1
unfair 1
unfitness 1
unfortunate 1
unfortunate 1
unfortunate 1
unfortunate 1
unfortunate 1
unfortunate 1
unfortunate 1
unfortunate 1
unfortunate 1
unfortunate 1
unfortunate 1
unfortunate 1
unfortunate 1
unfortunate 1
unfortunate 1
unintelligible 1
uninteresting 1
unplastered 1
unprotected 1
unprotected 1
unremitted 1
unsoftened 1
unusual 1
unusual 1
unusual 1
unwilling 1
unwilling 1
unwilling 1
unwilling 1
unworthiness 1
usage 1
utterance 1
utterance 1
utterance 1
utterly 1
utterly 1
utterly 1
utterly 1
utterly 1
utterly 1
utterly 1
utterly 1
utterly 1
utterly 1
utterly 1
value 1
value 1
value 1
vanish 1
vanish 1
vanish 1
vanish 1
veiled 1
veins 1
veins 1
veins 1
veins 1
venom 1
venture 1
ventured 1
ventured 1
ventured 1
verge 1
vestige 1
vice 1
vice 1
vice 1
vice 1
vice 1
vice 1
vice 1
vice 1
victims 1
victims 1
victims 1
victims 1
violence 1
violence 1
violence 1
violence 1
violence 1
violence 1
violence 1
violence 1
violence 1
violence 1
virtue 1
virtue 1
virtue 1
virtue 1
virtue 1
virtue 1
virtue 1
virtue 1
virtue 1
virtue 1
virtue 1
virtue 1
visit 1
visit 1
visit 1
visit 1
visit 1
visit 1
visit 1
visit 1
visit 1
visit 1
visit 1
visit 1
visit 1
visit 1
visit 1
visit 1
visit 1
visit 1
visit 1
visit 1
vivacity 1
vivacity 1
vivacity 1
voiceless 1
waking 1
wallet 1
wandering 1
wandering 1
wandering 1
warmth 1
warmth 1
warmth 1
warmth 1
warmth 1
warmth 1
warmth 1
warmth 1
warmth 1
warmth 1
warmth 1
was 1
was 1
was 1
was 1
was 1
was 1
was 1
was 1
was 1
was 1
was 1
was 1
was 1
was 1
was 1
was 1
was 1
was 1
was 1
was 1
was 1
was 1
was 1
was 1
was 1
was 1
was 1
was 1
was 1
was 1
was 1
was 1
was 1
was 1
was 1
was 1
was 1
was 1
was 1
was 1
was 1
was 1
was 1
was 1
was 1
was 1
was 1
was 1
was 1
was 1
was 1
was 1
was 1
was 1
was 1
was 1
was 1
was 1
was 1
was 1
was 1
was 1
was 1
was 1
was 1
was 1
was 1
was 1
was 1
was 1
was 1
was 1
was 1
was 1
was 1
was 1
was 1
was 1
was 1
was 1
was 1
was 1
was 1
was 1
was 1
was 1
was 1
was 1
was 1
was 1
was 1
was 1
was 1
was 1
was 1
was 1
was 1
was 1
was 1
was 1
was 1
was 1
was 1
was 1
was 1
was 1
was 1
was 1
was 1
was 1
was 1
was 1
was 1
was 1
was 1
was 1
was 1
was 1
was 1
was 1
was 1
was 1
was 1
was 1
was 1
was 1
was 1
was 1
was 1
was 1
was 1
was 1
was 1
was 1
was 1
was 1
was 1
was 1
was 1
was 1
was 1
was 1
was 1
was 1
was 1
was 1
was 1
was 1
was 1
was 1
was 1
was 1
was 1
was 1
was 1
was 1
was 1
was 1
was 1
was 1
was 1
was 1
was 1
was 1
was 1
was 1
was 1
was 1
was 1
was 1
was 1
was 1
was 1
was 1
was 1
was 1
was 1
was 1
was 1
was 1
was 1
was 1
was 1
was 1
was 1
was 1
was 1
was 1
was 1
was 1
was 1
was 1
was 1
was 1
was 1
was 1
was 1
was 1
was 1
was 1
was 1
was 1
was 1
was 1
was 1
was 1
was 1
was 1
was 1
was 1
was 1
was 1
was 1
was 1
was 1
was 1
was 1
was 1
was 1
was 1
was 1
was 1
was 1
was 1
was 1
was 1
was 1
was 1
was 1
was 1
was 1
was 1
was 1
was 1
was 1
was 1
was 1
was 1
was 1
was 1
was 1
was 1
was 1
was 1
was 1
was 1
was 1
was 1
was 1
was 1
was 1
was 1
was 1
was 1
was 1
was 1
was 1
was 1
was 1
was 1
was 1
was 1
was 1
was 1
was 1
was 1
was 1
was 1
was 1
was 1
was 1
was 1
was 1
was 1
was 1
was 1
was 1
was 1
was 1
was 1
was 1
was 1
was 1
was 1
was 1
was 1
was 1
was 1
was 1
was 1
was 1
was 1
was 1
was 1
was 1
was 1
was 1
was 1
was 1
was 1
was 1
was 1
was 1
was 1
was 1
was 1
was 1
was 1
was 1
was 1
was 1
was 1
was 1
was 1
was 1
was 1
was 1
was 1
was 1
was 1
was 1
was 1
was 1
was 1
was 1
was 1
was 1
was 1
was 1
was 1
was 1
was 1
was 1
was 1
was 1
was 1
was 1
was 1
was 1
was 1
was 1
was 1
was 1
was 1
was 1
was 1
was 1
was 1
was 1
was 1
was 1
was 1
was 1
was 1
was 1
was 1
was 1
was 1
was 1
was 1
was 1
was 1
was 1
was 1
was 1
was 1
was 1
was 1
was 1
was 1
was 1
was 1
was 1
was 1
was 1
was 1
was 1
was 1
was 1
was 1
was 1
was 1
was 1
was 1
was 1
was 1
was 1
was 1
was 1
was 1
was 1
was 1
was 1
was 1
was 1
was 1
was 1
was 1
was 1
was 1
was 1
was 1
was 1
was 1
was 1
was 1
was 1
was 1
was 1
was 1
was 1
was 1
was 1
was 1
was 1
was 1
was 1
was 1
was 1
was 1
was 1
was 1
was 1
was 1
was 1
was 1
was 1
was 1
was 1
was 1
was 1
was 1
was 1
was 1
was 1
was 1
was 1
was 1
was 1
was 1
was 1
was 1
was 1
was 1
was 1
was 1
was 1
was 1
was 1
was 1
was 1
was 1
was 1
was 1
was 1
was 1
was 1
was 1
was 1
was 1
was 1
was 1
was 1
was 1
was 1
was 1
was 1
was 1
was 1
was 1
was 1
was 1
was 1
was 1
was 1
was 1
was 1
was 1
was 1
was 1
was 1
was 1
was 1
was 1
was 1
was 1
was 1
was 1
was 1
was 1
was 1
was 1
was 1
was 1
was 1
was 1
was 1
was 1
was 1
was 1
was 1
was 1
was 1
was 1
was 1
was 1
was 1
was 1
was 1
was 1
was 1
was 1
was 1
was 1
was 1
was 1
was 1
was 1
was 1
was 1
was 1
was 1
was 1
was 1
was 1
was 1
was 1
was 1
was 1
was 1
was 1
was 1
was 1
was 1
was 1
was 1
was 1
was 1
was 1
was 1
was 1
was 1
was 1
was 1
was 1
was 1
was 1
was 1
was 1
was 1
was 1
was 1
was 1
was 1
was 1
was 1
was 1
was 1
was 1
was 1
was 1
was 1
was 1
was 1
was 1
was 1
was 1
was 1
was 1
was 1
was 1
was 1
was 1
was 1
was 1
was 1
was 1
was 1
was 1
was 1
was 1
was 1
was 1
was 1
was 1
was 1
was 1
was 1
was 1
was 1
was 1
was 1
was 1
was 1
was 1
was 1
was 1
was 1
was 1
was 1
was 1
was 1
was 1
was 1
was 1
was 1
was 1
was 1
was 1
was 1
was 1
was 1
was 1
was 1
was 1
was 1
was 1
was 1
was 1
was 1
was 1
was 1
was 1
was 1
was 1
was 1
was 1
was 1
was 1
was 1
was 1
was 1
was 1
was 1
was 1
was 1
was 1
was 1
was 1
was 1
was 1
was 1
was 1
was 1
was 1
was 1
was 1
was 1
was 1
was 1
was 1
was 1
was 1
was 1
was 1
was 1
was 1
was 1
was 1
was 1
was 1
was 1
was 1
was 1
was 1
was 1
was 1
was 1
was 1
was 1
was 1
was 1
was 1
was 1
was 1
was 1
was 1
was 1
was 1
was 1
was 1
was 1
was 1
was 1
was 1
was 1
was 1
was 1
was 1
was 1
was 1
was 1
was 1
was 1
was 1
was 1
was 1
was 1
was 1
was 1
was 1
was 1
was 1
was 1
was 1
was 1
was 1
was 1
was 1
was 1
was 1
was 1
was 1
was 1
was 1
was 1
was 1
was 1
was 1
was 1
was 1
was 1
was 1
was 1
was 1
was 1
was 1
was 1
was 1
was 1
was 1
was 1
was 1
was 1
was 1
was 1
was 1
was 1
was 1
was 1
was 1
was 1
was 1
was 1
was 1
was 1
was 1
was 1
was 1
was 1
was 1
was 1
was 1
was 1
was 1
was 1
was 1
was 1
was 1
was 1
was 1
was 1
was 1
was 1
was 1
was 1
was 1
was 1
was 1
was 1
was 1
was 1
was 1
was 1
was 1
was 1
was 1
was 1
was 1
was 1
was 1
was 1
was 1
was 1
was 1
was 1
was 1
was 1
was 1
was 1
was 1
was 1
was 1
was 1
was 1
was 1
was 1
was 1
was 1
was 1
was 1
was 1
was 1
was 1
was 1
was 1
was 1
was 1
was 1
was 1
was 1
was 1
was 1
was 1
was 1
was 1
was 1
was 1
was 1
was 1
was 1
was 1
was 1
was 1
was 1
was 1
was 1
was 1
was 1
was 1
was 1
was 1
was 1
was 1
was 1
was 1
was 1
was 1
was 1
was 1
was 1
was 1
was 1
was 1
was 1
was 1
was 1
was 1
was 1
was 1
was 1
was 1
was 1
was 1
was 1
was 1
was 1
was 1
was 1
was 1
was 1
was 1
was 1
was 1
was 1
was 1
was 1
was 1
was 1
was 1
was 1
was 1
was 1
was 1
was 1
was 1
was 1
was 1
was 1
was 1
was 1
was 1
was 1
was 1
was 1
was 1
was 1
was 1
was 1
was 1
was 1
was 1
was 1
was 1
was 1
was 1
was 1
was 1
was 1
was 1
was 1
was 1
was 1
was 1
was 1
was 1
was 1
was 1
was 1
was 1
was 1
was 1
was 1
was 1
was 1
was 1
was 1
was 1
was 1
was 1
was 1
was 1
was 1
was 1
was 1
was 1
was 1
was 1
was 1
was 1
was 1
was 1
was 1
was 1
was 1
was 1
was 1
was 1
was 1
was 1
was 1
was 1
was 1
was 1
was 1
was 1
was 1
was 1
was 1
was 1
was 1
was 1
was 1
was 1
was 1
was 1
was 1
was 1
was 1
was 1
was 1
was 1
was 1
was 1
was 1
was 1
was 1
was 1
was 1
was 1
was 1
was 1
was 1
was 1
was 1
was 1
was 1
was 1
was 1
was 1
was 1
was 1
was 1
was 1
was 1
was 1
was 1
was 1
was 1
was 1
was 1
was 1
was 1
was 1
was 1
was 1
was 1
was 1
was 1
was 1
was 1
was 1
was 1
was 1
was 1
was 1
was 1
was 1
was 1
was 1
was 1
was 1
was 1
was 1
was 1
was 1
was 1
was 1
was 1
wavering 1
wear 1
wearied 1
wearily 1
weeks 1
weeks 1
weeks 1
weeks 1
weeks 1
weeks 1
weighed 1
weighed 1
weighed 1
weighed 1
weighed 1
weighed 1
whether 1
whether 1
whether 1
whether 1
whether 1
whether 1
whether 1
whether 1
whether 1
whether 1
whether 1
whether 1
whether 1
whether 1
wide 1
wide 1
wide 1
wide 1
wide 1
wide 1
wide 1
wide 1
wife 1
wife 1
wife 1
wife 1
wife 1
wife 1
wife 1
wife 1
wife 1
wife 1
wife 1
wildness 1
wildness 1
wildness 1
wilds 1
wilds 1
wilds 1
windows 1
windows 1
windows 1
windows 1
windows 1
wipe 1
words 1
words 1
words 1
words 1
words 1
words 1
words 1
words 1
words 1
words 1
words 1
words 1
words 1
words 1
words 1
words 1
words 1
words 1
words 1
words 1
words 1
words 1
words 1
words 1
words 1
words 1
words 1
words 1
words 1
words 1
words 1
words 1
words 1
words 1
words 1
words 1
words 1
words 1
words 1
words 1
words 1
words 1
words 1
words 1
words 1
words 1
words 1
words 1
words 1
words 1
words 1
words 1
words 1
words 1
worm 1
worm 1
worm 1
worm 1
would 1
would 1
would 1
would 1
would 1
would 1
would 1
would 1
would 1
would 1
would 1
would 1
would 1
would 1
would 1
would 1
would 1
would 1
would 1
would 1
would 1
would 1
would 1
would 1
would 1
would 1
would 1
would 1
would 1
would 1
would 1
would 1
would 1
would 1
would 1
would 1
would 1
would 1
would 1
would 1
would 1
would 1
would 1
would 1
would 1
would 1
would 1
would 1
would 1
would 1
would 1
would 1
would 1
would 1
would 1
would 1
would 1
would 1
would 1
would 1
would 1
would 1
would 1
would 1
would 1
would 1
would 1
would 1
would 1
would 1
would 1
would 1
would 1
would 1
would 1
would 1
would 1
would 1
would 1
would 1
would 1
would 1
would 1
would 1
would 1
would 1
would 1
would 1
would 1
would 1
would 1
would 1
would 1
would 1
would 1
would 1
would 1
would 1
would 1
would 1
would 1
would 1
would 1
would 1
would 1
would 1
would 1
would 1
would 1
would 1
would 1
would 1
would 1
would 1
would 1
would 1
would 1
would 1
would 1
would 1
would 1
would 1
would 1
would 1
would 1
would 1
would 1
would 1
would 1
would 1
would 1
would 1
would 1
would 1
would 1
would 1
would 1
would 1
would 1
would 1
would 1
would 1
would 1
would 1
would 1
would 1
would 1
would 1
would 1
would 1
would 1
would 1
would 1
would 1
would 1
would 1
would 1
would 1
would 1
would 1
would 1
would 1
would 1
would 1
would 1
would 1
would 1
would 1
would 1
would 1
would 1
would 1
would 1
would 1
would 1
would 1
would 1
would 1
would 1
would 1
would 1
would 1
would 1
wound 1
wound 1
wound 1
wound 1
wound 1
wound 1
written 1
written 1
written 1
written 1
written 1
written 1
written 1
www 1
www 1
www 1
www 1
www 1
www 1
year 1
year 1
year 1
year 1
year 1
year 1
year 1
year 1
you 1
you 1
you 1
you 1
you 1
you 1
you 1
you 1
you 1
you 1
you 1
you 1
you 1
you 1
you 1
you 1
you 1
you 1
you 1
you 1
you 1
you 1
you 1
you 1
you 1
you 1
you 1
you 1
you 1
you 1
you 1
you 1
you 1
you 1
you 1
you 1
you 1
you 1
you 1
you 1
you 1
you 1
you 1
you 1
you 1
you 1
you 1
you 1
you 1
you 1
you 1
you 1
you 1
you 1
you 1
you 1
you 1
you 1
you 1
you 1
you 1
you 1
you 1
you 1
you 1
you 1
you 1
you 1
you 1
you 1
you 1
you 1
you 1
you 1
you 1
you 1
you 1
you 1
you 1
you 1
you 1
you 1
you 1
you 1
you 1
you 1
you 1
you 1
you 1
you 1
you 1
you 1
you 1
you 1
you 1
you 1
you 1
you 1
you 1
you 1
you 1
you 1
you 1
you 1
you 1
you 1
you 1
you 1
you 1
you 1
you 1
you 1
you 1
you 1
you 1
you 1
you 1
you 1
you 1
you 1
you 1
you 1
you 1
you 1
you 1
you 1
you 1
you 1
you 1
you 1
you 1
you 1
you 1
you 1
you 1
you 1
you 1
you 1
you 1
you 1
you 1
you 1
you 1
you 1
you 1
you 1
you 1
you 1
you 1
you 1
you 1
you 1
you 1
you 1
you 1
you 1
you 1
you 1
you 1
you 1
you 1
you 1
you 1
you 1
you 1
you 1
you 1
you 1
you 1
you 1
you 1
you 1
you 1
you 1
you 1
you 1
you 1
you 1
you 1
you 1
you 1
you 1
you 1
you 1
you 1
you 1
you 1
you 1
you 1
you 1
you 1
you 1
you 1
you 1
you 1
you 1
you 1
you 1
you 1
you 1
you 1
you 1
you 1
you 1
you 1
you 1
you 1
you 1
you 1
you 1
you 1
you 1
you 1
you 1
you 1
you 1
you 1
you 1
you 1
you 1
you 1
you 1
you 1
you 1
you 1
you 1
you 1
you 1
you 1
you 1
you 1
you 1
you 1
you 1
you 1
you 1
you 1
you 1
you 1
you 1
you 1
you 1
you 1
you 1
you 1
you 1
you 1
you 1
you 1
you 1
you 1
you 1
you 1
you 1
you 1
you 1
you 1
you 1
you 1
you 1
you 1
you 1
you 1
you 1
you 1
you 1
you 1
you 1
you 1
you 1
you 1
you 1
you 1
you 1
you 1
you 1
you 1
you 1
you 1
you 1
you 1
you 1
you 1
you 1
you 1
you 1
you 1
you 1
you 1
you 1
you 1
you 1
you 1
you 1
you 1
you 1
you 1
you 1
you 1
you 1
you 1
you 1
you 1
you 1
you 1
you 1
you 1
you 1
you 1
you 1
you 1
you 1
you 1
you 1
you 1
you 1
you 1
you 1
you 1
you 1
you 1
you 1
you 1
you 1
you 1
you 1
you 1
you 1
you 1
you 1
you 1
you 1
you 1
you 1
you 1
you 1
you 1
you 1
you 1
you 1
you 1
you 1
you 1
you 1
you 1
you 1
you 1
you 1
you 1
you 1
you 1
you 1
you 1
you 1
you 1
you 1
you 1
you 1
you 1
you 1
you 1
you 1
you 1
you 1
you 1
you 1
you 1
you 1
you 1
you 1
you 1
you 1
you 1
you 1
you 1
you 1
you 1
you 1
you 1
you 1
you 1
you 1
you 1
you 1
you 1
you 1
you 1
you 1
you 1
you 1
you 1
you 1
you 1
you 1
you 1
you 1
you 1
you 1
you 1
you 1
you 1
you 1
you 1
you 1
you 1
you 1
you 1
you 1
you 1
you 1
you 1
you 1
you 1
you 1
you 1
you 1
you 1
you 1
you 1
you 1
you 1
you 1
you 1
you 1
you 1
you 1
you 1
you 1
you 1
you 1
you 1
you 1
you 1
you 1
you 1
you 1
you 1
you 1
you 1
you 1
you 1
you 1
you 1
you 1
you 1
you 1
you 1
you 1
you 1
you 1
you 1
you 1
you 1
you 1
you 1
you 1
you 1
you 1
you 1
you 1
you 1
you 1
you 1
you 1
you 1
you 1
you 1
you 1
you 1
you 1
you 1
you 1
you 1
you 1
you 1
you 1
you 1
you 1
you 1
you 1
you 1
you 1
you 1
you 1
you 1
you 1
you 1
you 1
you 1
you 1
you 1
you 1
you 1
you 1
you 1
you 1
you 1
you 1
you 1
you 1
you 1
you 1
you 1
you 1
you 1
you 1
you 1
you 1
you 1
you 1
you 1
you 1
you 1
you 1
you 1
you 1
you 1
you 1
you 1
you 1
you 1
you 1
you 1
you 1
you 1
you 1
you 1
you 1
you 1
you 1
you 1
you 1
you 1
you 1
you 1
you 1
you 1
you 1
you 1
you 1
you 1
you 1
you 1
you 1
you 1
you 1
younger 1
younger 1
younger 1
younger 1
younger 1
younger 1
younger 1
younger 1
younger 1
yourselves 1
youth 1
youth 1
youth 1
youth 1
youth 1
youth 1
youth 1
youth 1
youth 1
youth 1
youth 1
youth 1
youth 1
youth 1
youth 1
youth 1
youth 1
youth 1
youth 1
youth 1
youth 1
zip 1
