Accordingly 1
Accordingly 1
Additional 1
Al 1
Al 1
Alpine 1
Alpine 1
BREACH 1
BREACH 1
Be 1
Be 1
Be 1
Be 1
Be 1
Be 1
Be 1
Before 1
Before 1
Before 1
Before 1
Before 1
Before 1
Before 1
Before 1
Being 1
Beloved 1
Beloved 1
Beyond 1
Black 1
Certainly 1
City 1
Compliance 1
Constantinople 1
Constantinople 1
Could 1
Could 1
Could 1
Could 1
Could 1
Could 1
DISTRIBUTE 1
Do 1
Do 1
Do 1
Do 1
Do 1
Do 1
Do 1
Do 1
Do 1
Do 1
Do 1
Do 1
Do 1
Do 1
Do 1
Do 1
Do 1
Do 1
Do 1
Do 1
Do 1
Do 1
Do 1
Do 1
Do 1
Do 1
Does 1
Doth 1
Doth 1
Duvillard 1
END 1
East 1
Everyone 1
Explanation 1
Falkland 1
France 1
France 1
France 1
France 1
France 1
Good 1
Good 1
Good 1
Good 1
Good 1
Good 1
Gravesend 1
Hence 1
Human 1
Interpret 1
It 1
It 1
It 1
It 1
It 1
It 1
It 1
It 1
It 1
It 1
It 1
It 1
It 1
It 1
It 1
It 1
It 1
It 1
It 1
It 1
It 1
It 1
It 1
It 1
It 1
It 1
It 1
It 1
It 1
It 1
It 1
It 1
It 1
It 1
It 1
It 1
It 1
It 1
It 1
It 1
It 1
It 1
It 1
It 1
It 1
It 1
It 1
It 1
It 1
It 1
It 1
It 1
It 1
It 1
It 1
It 1
It 1
It 1
It 1
It 1
It 1
It 1
It 1
It 1
It 1
It 1
It 1
It 1
It 1
It 1
It 1
It 1
It 1
It 1
It 1
It 1
It 1
It 1
It 1
It 1
It 1
It 1
It 1
It 1
It 1
It 1
It 1
It 1
It 1
It 1
It 1
It 1
It 1
It 1
It 1
It 1
It 1
It 1
It 1
It 1
It 1
Italy 1
Italy 1
Italy 1
Italy 1
Italy 1
Italy 1
Italy 1
KEEPING 1
LIABILITY 1
Leave 1
Like 1
Like 1
M 1
M 1
M 1
M 1
M 1
M 1
M 1
M 1
M 1
M 1
M 1
M 1
M 1
M 1
M 1
M 1
M 1
M 1
M 1
M 1
M 1
M 1
M 1
Matlock 1
Matlock 1
Matlock 1
May 1
May 1
May 1
May 1
May 1
May 1
Mediterranean 1
Mediterranean 1
Mexico 1
Michael 1
Michael 1
Mississippi 1
NO 1
NO 1
Nor 1
Nor 1
Nor 1
Nor 1
North 1
North 1
North 1
Overjoyed 1
PG 1
Probably 1
Public 1
Redistributing 1
Romulus 1
Sanskrit 1
Satan 1
Satan 1
See 1
See 1
Sleep 1
Snow 1
Sorrows 1
Sorrows 1
Sorrows 1
Switzerland 1
Switzerland 1
Switzerland 1
Switzerland 1
Switzerland 1
Switzerland 1
Switzerland 1
Switzerland 1
Switzerland 1
Switzerland 1
TO 1
TO 1
TO 1
TO 1
Take 1
Take 1
Terms 1
Terms 1
Tilbury 1
Time 1
Turning 1
Turning 1
Unhappy 1
Victor 1
Victor 1
Victor 1
Victor 1
Victor 1
Victor 1
Victor 1
Victor 1
Victor 1
Victor 1
Victor 1
Victor 1
Victor 1
Victor 1
Victor 1
Victor 1
Victor 1
Victor 1
Victor 1
Victor 1
Victor 1
Victor 1
Victor 1
Victor 1
Victor 1
Victor 1
Victor 1
Victor 1
W 1
Warm 1
Whether 1
William 1
William 1
William 1
William 1
William 1
William 1
William 1
William 1
William 1
William 1
William 1
William 1
William 1
William 1
William 1
William 1
William 1
William 1
William 1
William 1
William 1
William 1
William 1
William 1
William 1
Winter 1
YOUR 1
YOUR 1
YOUR 1
abhorrent 1
absent 1
absent 1
absent 1
absent 1
absent 1
absent 1
absolute 1
abstained 1
acceded 1
accident 1
accident 1
accident 1
accident 1
accident 1
accident 1
accorded 1
accorded 1
accuracy 1
accuracy 1
accusations 1
across 1
across 1
across 1
across 1
across 1
across 1
across 1
across 1
across 1
across 1
across 1
across 1
across 1
across 1
across 1
across 1
across 1
actor 1
add 1
add 1
add 1
add 1
adjuration 1
adorned 1
advancing 1
advancing 1
advancing 1
advancing 1
advantage 1
advantage 1
advantage 1
advantage 1
affair 1
affluence 1
aged 1
aged 1
aged 1
aged 1
agitated 1
agitated 1
agitated 1
agitated 1
agitated 1
agitated 1
agitated 1
alleging 1
alleging 1
alleviated 1
allured 1
allured 1
alteration 1
alteration 1
alteration 1
alteration 1
alteration 1
alteration 1
always 1
always 1
always 1
always 1
always 1
always 1
always 1
always 1
always 1
always 1
always 1
always 1
always 1
always 1
always 1
always 1
always 1
always 1
always 1
always 1
always 1
always 1
always 1
always 1
amiable 1
amiable 1
amiable 1
amiable 1
amiable 1
amiable 1
amiable 1
amiable 1
amiable 1
amiable 1
amiable 1
amiable 1
amiable 1
amiable 1
amongst 1
amused 1
amusement 1
amusement 1
amusement 1
amusement 1
amusement 1
amusement 1
anchor 1
anguish 1
anguish 1
anguish 1
anguish 1
anguish 1
anguish 1
anguish 1
anguish 1
anguish 1
anguish 1
anguish 1
anguish 1
anguish 1
anguish 1
anguish 1
anguish 1
anguish 1
anguish 1
anguish 1
anguish 1
anguish 1
anguish 1
anguish 1
animated 1
animated 1
animated 1
animated 1
animated 1
animated 1
animated 1
apparent 1
apparent 1
apparent 1
apparent 1
apparent 1
appeal 1
approached 1
approached 1
approached 1
approached 1
approached 1
approached 1
approached 1
approached 1
approached 1
approached 1
approached 1
approached 1
approached 1
approached 1
approached 1
approached 1
approached 1
approached 1
approached 1
appropriated 1
arduous 1
arrangements 1
arrow 1
ascended 1
ascended 1
ascended 1
ascended 1
ask 1
ask 1
ask 1
ask 1
ask 1
ask 1
ask 1
ask 1
ask 1
ask 1
aspirations 1
assassin 1
assassin 1
assemblages 1
assistants 1
attacked 1
attacked 1
attain 1
attends 1
attract 1
aught 1
aught 1
avail 1
avail 1
avail 1
avalanche 1
avalanche 1
avalanche 1
avalanche 1
avalanche 1
averred 1
awake 1
awake 1
awake 1
award 1
awoke 1
awoke 1
awoke 1
awoke 1
awoke 1
awoke 1
awoke 1
awoke 1
awoke 1
awoke 1
awoke 1
awoke 1
awoke 1
awoke 1
awoke 1
ban 1
barbarous 1
barbarous 1
barbarous 1
barn 1
barn 1
base 1
base 1
base 1
base 1
base 1
base 1
beast 1
beast 1
beast 1
bed 1
bed 1
bed 1
bed 1
bed 1
bed 1
bed 1
bed 1
bed 1
bed 1
bed 1
bed 1
bed 1
bed 1
bed 1
begin 1
begin 1
begin 1
begin 1
begin 1
begin 1
begun 1
begun 1
believes 1
believes 1
believes 1
believes 1
below 1
below 1
below 1
below 1
below 1
bending 1
besides 1
besides 1
besides 1
besides 1
besides 1
besides 1
besides 1
bestowed 1
bestowed 1
bestowed 1
bestowed 1
bestowed 1
bestowed 1
bestowed 1
bestowed 1
bestowed 1
bestowed 1
bestowed 1
bestowed 1
bestowed 1
bind 1
blame 1
blunt 1
blunt 1
bosoms 1
both 1
both 1
both 1
both 1
both 1
both 1
both 1
both 1
both 1
both 1
boundless 1
boundless 1
boundless 1
bounds 1
bounds 1
bounds 1
bounds 1
bounds 1
bounds 1
bourne 1
braided 1
brake 1
breaking 1
breaking 1
breaking 1
breathless 1
breathless 1
breathless 1
breeze 1
breeze 1
breeze 1
breeze 1
breeze 1
breeze 1
breeze 1
breeze 1
breeze 1
breeze 1
brightness 1
brightness 1
broken 1
broken 1
broken 1
broken 1
broken 1
broken 1
broken 1
broken 1
broken 1
broken 1
broken 1
broken 1
buried 1
burnt 1
burnt 1
burnt 1
but 1
but 1
but 1
but 1
but 1
but 1
but 1
but 1
but 1
but 1
but 1
but 1
but 1
but 1
but 1
but 1
but 1
but 1
but 1
but 1
but 1
but 1
but 1
but 1
but 1
but 1
but 1
but 1
but 1
but 1
but 1
but 1
but 1
but 1
but 1
but 1
but 1
but 1
but 1
but 1
but 1
but 1
but 1
but 1
but 1
but 1
but 1
but 1
but 1
but 1
but 1
but 1
but 1
but 1
but 1
but 1
but 1
but 1
but 1
but 1
but 1
but 1
but 1
but 1
but 1
but 1
but 1
but 1
but 1
but 1
but 1
but 1
but 1
but 1
but 1
but 1
but 1
but 1
but 1
but 1
but 1
but 1
but 1
but 1
but 1
but 1
but 1
but 1
but 1
but 1
but 1
but 1
but 1
but 1
but 1
but 1
but 1
but 1
but 1
but 1
but 1
but 1
but 1
but 1
but 1
but 1
but 1
but 1
but 1
but 1
but 1
but 1
but 1
but 1
but 1
but 1
but 1
but 1
but 1
but 1
but 1
but 1
but 1
but 1
but 1
but 1
but 1
but 1
but 1
but 1
but 1
but 1
but 1
but 1
but 1
but 1
but 1
but 1
but 1
but 1
but 1
but 1
but 1
but 1
but 1
but 1
but 1
but 1
but 1
but 1
but 1
but 1
but 1
but 1
but 1
but 1
but 1
but 1
but 1
but 1
but 1
but 1
but 1
but 1
but 1
but 1
but 1
but 1
but 1
but 1
but 1
but 1
but 1
but 1
but 1
but 1
but 1
but 1
but 1
but 1
but 1
but 1
but 1
but 1
but 1
but 1
but 1
but 1
but 1
but 1
but 1
but 1
but 1
but 1
but 1
but 1
but 1
but 1
but 1
but 1
but 1
but 1
but 1
but 1
but 1
but 1
but 1
but 1
but 1
but 1
but 1
but 1
but 1
but 1
but 1
but 1
but 1
but 1
but 1
but 1
but 1
but 1
but 1
but 1
but 1
but 1
but 1
but 1
but 1
but 1
but 1
but 1
but 1
but 1
but 1
but 1
but 1
but 1
but 1
but 1
but 1
but 1
but 1
but 1
but 1
but 1
but 1
but 1
but 1
but 1
but 1
but 1
but 1
but 1
but 1
but 1
but 1
but 1
but 1
but 1
but 1
but 1
but 1
but 1
but 1
but 1
but 1
but 1
but 1
but 1
but 1
but 1
but 1
but 1
but 1
but 1
but 1
but 1
but 1
but 1
but 1
but 1
but 1
but 1
but 1
but 1
but 1
but 1
but 1
but 1
but 1
but 1
but 1
but 1
but 1
but 1
but 1
but 1
but 1
but 1
but 1
but 1
but 1
but 1
but 1
but 1
but 1
but 1
but 1
but 1
but 1
but 1
but 1
but 1
but 1
but 1
but 1
but 1
but 1
but 1
but 1
but 1
but 1
but 1
but 1
but 1
but 1
but 1
but 1
but 1
but 1
but 1
but 1
but 1
but 1
but 1
but 1
but 1
but 1
but 1
but 1
but 1
but 1
but 1
but 1
but 1
but 1
but 1
but 1
but 1
but 1
but 1
but 1
but 1
but 1
but 1
but 1
but 1
but 1
but 1
but 1
but 1
but 1
but 1
but 1
but 1
but 1
but 1
but 1
but 1
but 1
but 1
but 1
but 1
but 1
but 1
but 1
but 1
but 1
but 1
but 1
but 1
but 1
but 1
but 1
but 1
but 1
but 1
but 1
but 1
but 1
but 1
but 1
but 1
but 1
but 1
but 1
but 1
but 1
but 1
but 1
but 1
but 1
but 1
but 1
but 1
but 1
but 1
but 1
but 1
but 1
but 1
but 1
but 1
but 1
but 1
but 1
but 1
but 1
but 1
but 1
but 1
but 1
but 1
but 1
but 1
but 1
but 1
but 1
but 1
but 1
but 1
but 1
but 1
but 1
but 1
but 1
but 1
but 1
but 1
but 1
but 1
but 1
but 1
but 1
but 1
but 1
but 1
but 1
but 1
but 1
but 1
but 1
but 1
but 1
but 1
but 1
but 1
but 1
but 1
but 1
but 1
but 1
but 1
but 1
but 1
but 1
but 1
but 1
but 1
but 1
but 1
but 1
but 1
but 1
but 1
but 1
but 1
but 1
but 1
but 1
but 1
but 1
but 1
but 1
but 1
but 1
but 1
but 1
but 1
but 1
but 1
but 1
but 1
but 1
but 1
but 1
but 1
but 1
but 1
but 1
but 1
but 1
but 1
but 1
but 1
but 1
but 1
but 1
but 1
but 1
but 1
but 1
but 1
but 1
but 1
but 1
but 1
but 1
but 1
but 1
but 1
but 1
but 1
but 1
but 1
but 1
but 1
but 1
but 1
but 1
but 1
but 1
but 1
but 1
but 1
but 1
but 1
but 1
but 1
but 1
but 1
but 1
but 1
but 1
but 1
but 1
but 1
but 1
but 1
but 1
but 1
but 1
c 1
c 1
c 1
called 1
called 1
called 1
called 1
called 1
called 1
called 1
called 1
called 1
called 1
called 1
called 1
called 1
called 1
called 1
called 1
called 1
called 1
called 1
called 1
called 1
called 1
called 1
called 1
called 1
called 1
cape 1
carefully 1
carefully 1
carefully 1
caresses 1
caresses 1
carnage 1
centre 1
centred 1
chances 1
chasms 1
cheerfully 1
cheerfully 1
cheerfully 1
chilled 1
chilled 1
chilly 1
choose 1
choose 1
claimed 1
clapped 1
clapped 1
clasp 1
clay 1
climate 1
climate 1
climbing 1
closest 1
closest 1
closing 1
clothed 1
clothed 1
coldness 1
collected 1
collected 1
collected 1
collected 1
collected 1
collected 1
collected 1
collected 1
collected 1
collected 1
colonization 1
colours 1
colours 1
comfortless 1
command 1
command 1
command 1
command 1
command 1
commence 1
commence 1
commence 1
commence 1
commence 1
commence 1
commence 1
commence 1
commence 1
commence 1
commence 1
commence 1
commence 1
commenced 1
commenced 1
commenced 1
commenced 1
commenced 1
commenced 1
commenced 1
communion 1
communion 1
community 1
company 1
company 1
company 1
company 1
company 1
comparative 1
compared 1
compared 1
compensate 1
compensated 1
compensated 1
composing 1
composure 1
composure 1
composure 1
composure 1
compressed 1
computer 1
computer 1
concealment 1
conceiving 1
condemns 1
condition 1
condition 1
condition 1
condition 1
condition 1
condition 1
condition 1
condition 1
conduce 1
conflagration 1
consecrate 1
consecrate 1
consecrated 1
consider 1
consider 1
consider 1
consider 1
consider 1
consider 1
consider 1
consider 1
consider 1
considerably 1
considerably 1
considerably 1
considerate 1
considering 1
construct 1
construed 1
contemplation 1
content 1
content 1
content 1
content 1
content 1
content 1
content 1
continued 1
continued 1
continued 1
continued 1
continued 1
continued 1
continued 1
continued 1
continued 1
continued 1
continued 1
continued 1
continued 1
continued 1
continued 1
continued 1
continued 1
continued 1
continued 1
continued 1
continued 1
continued 1
continued 1
continued 1
continued 1
continued 1
continued 1
continued 1
continued 1
continued 1
continued 1
continued 1
continued 1
continued 1
contributions 1
control 1
control 1
control 1
cottager 1
courageous 1
court 1
court 1
court 1
court 1
court 1
court 1
court 1
court 1
court 1
court 1
cousin 1
cousin 1
cousin 1
cousin 1
cousin 1
cousin 1
cousin 1
cousin 1
cousin 1
cousin 1
cousin 1
cousin 1
cousin 1
cousin 1
cousin 1
cousin 1
cousin 1
cousin 1
cousin 1
cousin 1
cousin 1
cousin 1
cousin 1
cousin 1
cow 1
cowardice 1
cowardice 1
cowardice 1
cowardice 1
creates 1
credit 1
credit 1
credit 1
credit 1
credit 1
credit 1
curiously 1
current 1
current 1
current 1
daily 1
daily 1
daily 1
daily 1
daily 1
daily 1
daily 1
daily 1
danced 1
dangerously 1
daring 1
dauntless 1
dauntless 1
debilitated 1
decreasing 1
deeper 1
deeper 1
deeper 1
deeper 1
deeper 1
defeat 1
define 1
degrees 1
degrees 1
degrees 1
degrees 1
degrees 1
degrees 1
degrees 1
degrees 1
degrees 1
degrees 1
degrees 1
degrees 1
delusion 1
departed 1
departed 1
departed 1
departed 1
departed 1
departed 1
departed 1
departed 1
departed 1
departed 1
departed 1
departed 1
departed 1
departed 1
departed 1
dependent 1
dependent 1
depends 1
deprecate 1
depressed 1
depressed 1
depressed 1
depressed 1
depth 1
deputation 1
desertion 1
desiring 1
desiring 1
detect 1
determination 1
determination 1
determination 1
determination 1
determination 1
determination 1
determination 1
determination 1
devices 1
devils 1
devils 1
devils 1
devoted 1
devoted 1
devoted 1
devoted 1
devoted 1
devoted 1
devoted 1
devoted 1
devoted 1
devoted 1
devoted 1
devoted 1
devoted 1
devoted 1
devouring 1
devouring 1
devouring 1
dialects 1
differed 1
differed 1
difference 1
difference 1
difference 1
difference 1
difference 1
different 1
different 1
different 1
different 1
different 1
different 1
different 1
different 1
different 1
different 1
different 1
different 1
different 1
different 1
different 1
different 1
different 1
different 1
different 1
different 1
diffidence 1
dimming 1
disappointment 1
disappointment 1
disappointment 1
disappointment 1
disappointment 1
disappointment 1
disappointment 1
disconcerted 1
discontinue 1
discoverers 1
discovering 1
discovering 1
discovering 1
dismay 1
dismay 1
disquieted 1
distinctly 1
distinctly 1
divine 1
divine 1
divine 1
divine 1
divine 1
divine 1
divine 1
divine 1
divine 1
divine 1
divine 1
divine 1
dominion 1
double 1
double 1
doubly 1
doubtless 1
doubtless 1
doubtless 1
doubtless 1
doubtless 1
doubtless 1
doubtless 1
dragging 1
draught 1
draught 1
dreaded 1
dreaded 1
dreaded 1
dreaded 1
dreaded 1
drenched 1
drifting 1
drivest 1
drowned 1
dun 1
dungeons 1
eBooks 1
eBooks 1
eBooks 1
eBooks 1
eBooks 1
eBooks 1
eBooks 1
eaten 1
eaten 1
educated 1
educated 1
educated 1
effect 1
effect 1
effect 1
effect 1
effect 1
effect 1
effect 1
effect 1
effect 1
elasticity 1
eluded 1
eluded 1
eluded 1
eluded 1
embraced 1
embraced 1
embraced 1
embraced 1
embraced 1
embraced 1
emergency 1
encountering 1
encountering 1
end 1
end 1
end 1
end 1
end 1
end 1
end 1
end 1
end 1
end 1
end 1
end 1
end 1
end 1
end 1
end 1
end 1
end 1
end 1
end 1
end 1
end 1
endeavour 1
endeavour 1
endeavour 1
endeavour 1
endeavour 1
endeavour 1
endeavour 1
endeavour 1
endeavour 1
endeavour 1
endeavour 1
endeavour 1
engaged 1
engaged 1
engaged 1
engaged 1
engaged 1
engaged 1
engaged 1
engaged 1
engaged 1
engaged 1
engaged 1
engaged 1
engaged 1
engaged 1
engaged 1
engaged 1
engaged 1
engaged 1
engagement 1
engagement 1
enjoying 1
enjoying 1
enquired 1
enquired 1
entreat 1
entreat 1
entreat 1
entreat 1
entreat 1
entreat 1
enunciation 1
envelop 1
epoch 1
epoch 1
equals 1
equals 1
errors 1
errors 1
escape 1
escape 1
escape 1
escape 1
escape 1
escape 1
escape 1
escape 1
escape 1
eventful 1
everybody 1
everybody 1
everyday 1
evidence 1
evidence 1
evidence 1
evidence 1
evidence 1
evidence 1
evidence 1
evidence 1
evidence 1
evidence 1
examine 1
examine 1
examine 1
examine 1
exceeded 1
exceeded 1
excessive 1
excessive 1
excessive 1
exciting 1
execute 1
execute 1
execute 1
exordium 1
expect 1
expect 1
expect 1
expect 1
expect 1
expect 1
expect 1
expiration 1
expiration 1
expire 1
exploit 1
explore 1
explore 1
exquisite 1
exquisite 1
exquisite 1
exquisite 1
exquisite 1
extensive 1
extensive 1
extremes 1
extremest 1
extremest 1
facts 1
facts 1
facts 1
facts 1
facts 1
facts 1
failed 1
failed 1
failed 1
failed 1
failed 1
failed 1
failed 1
failed 1
fairly 1
falsehood 1
falsehood 1
falsehood 1
fame 1
familiar 1
familiar 1
familiar 1
familiar 1
familiar 1
familiar 1
familiar 1
familiar 1
favour 1
favour 1
favour 1
favour 1
favour 1
favour 1
favourable 1
favourable 1
favourable 1
favourable 1
favourable 1
favourable 1
favourable 1
feebly 1
fertile 1
fertile 1
fibres 1
fields 1
fields 1
fields 1
fields 1
fields 1
fields 1
fields 1
fields 1
fields 1
filial 1
floated 1
floated 1
floundering 1
flowed 1
flowed 1
flowed 1
flowed 1
follow 1
follow 1
follow 1
follow 1
follow 1
follow 1
follow 1
follow 1
follow 1
follow 1
fond 1
fond 1
fond 1
fond 1
fond 1
fond 1
footsteps 1
footsteps 1
forbear 1
forbear 1
forgetfulness 1
forgetfulness 1
forgetfulness 1
formed 1
formed 1
formed 1
formed 1
formed 1
formed 1
formed 1
formed 1
formed 1
formed 1
formed 1
formed 1
formed 1
formed 1
formed 1
formed 1
formed 1
formed 1
formed 1
formed 1
formed 1
forms 1
forms 1
forms 1
forms 1
forms 1
forms 1
forms 1
forms 1
forms 1
forms 1
fortify 1
fringed 1
fringed 1
frogs 1
frosts 1
frosty 1
fruitless 1
future 1
future 1
future 1
future 1
future 1
future 1
future 1
future 1
future 1
future 1
future 1
future 1
future 1
future 1
future 1
future 1
future 1
future 1
future 1
future 1
future 1
gaunt 1
gaze 1
generations 1
generations 1
generations 1
gentle 1
gentle 1
gentle 1
gentle 1
gentle 1
gentle 1
gentle 1
gentle 1
gentle 1
gentle 1
gentle 1
gentle 1
gentle 1
gentle 1
gentle 1
gentle 1
gentle 1
gentle 1
gentle 1
gentle 1
gentle 1
gentle 1
gentle 1
gentle 1
gentle 1
gentle 1
gentle 1
gentle 1
gentle 1
gentle 1
gentle 1
gentle 1
gentle 1
gentle 1
gentle 1
gesture 1
gesture 1
gladness 1
gladness 1
gladness 1
glide 1
gloomy 1
gloomy 1
gloomy 1
gloomy 1
gloomy 1
gloomy 1
gloomy 1
gloomy 1
gloomy 1
gloomy 1
glory 1
glory 1
glory 1
glory 1
glory 1
glory 1
glory 1
gods 1
governing 1
granted 1
grapple 1
grate 1
great 1
great 1
great 1
great 1
great 1
great 1
great 1
great 1
great 1
great 1
great 1
great 1
great 1
great 1
great 1
great 1
great 1
great 1
great 1
great 1
great 1
great 1
great 1
great 1
great 1
great 1
great 1
great 1
great 1
great 1
great 1
great 1
great 1
great 1
great 1
great 1
great 1
great 1
great 1
great 1
great 1
great 1
great 1
great 1
great 1
greedily 1
greedily 1
grew 1
grew 1
grew 1
grew 1
grew 1
grew 1
grey 1
grey 1
group 1
group 1
group 1
grovel 1
grow 1
half 1
half 1
half 1
half 1
half 1
half 1
half 1
half 1
half 1
half 1
half 1
half 1
half 1
half 1
half 1
half 1
half 1
half 1
half 1
half 1
half 1
happily 1
happily 1
harem 1
harmless 1
harmless 1
harmless 1
harmless 1
harmless 1
harmless 1
harnessed 1
hasty 1
hasty 1
hateful 1
hateful 1
hateful 1
hateful 1
havoc 1
heaven 1
heaven 1
heaven 1
heaven 1
heaven 1
heaven 1
heaven 1
heaven 1
heaven 1
heaven 1
heaven 1
heaven 1
heaven 1
heaven 1
heaven 1
heaven 1
heaven 1
heaven 1
hell 1
hell 1
hell 1
hell 1
hell 1
hell 1
hell 1
hell 1
hell 1
hell 1
hellish 1
hellish 1
hellish 1
hellish 1
hellish 1
hellish 1
hellish 1
herself 1
herself 1
herself 1
herself 1
herself 1
herself 1
herself 1
herself 1
herself 1
herself 1
herself 1
herself 1
herself 1
herself 1
hesitate 1
hid 1
hid 1
hid 1
hid 1
hid 1
hid 1
hid 1
hid 1
hid 1
highly 1
highly 1
highly 1
highly 1
hold 1
hold 1
hold 1
hold 1
hold 1
hold 1
hold 1
hold 1
homeward 1
hoping 1
hoping 1
horrible 1
horrible 1
horrible 1
horrible 1
horrible 1
horrible 1
horrible 1
horrible 1
horrible 1
horrible 1
horrible 1
horrible 1
horrible 1
horrible 1
horrible 1
hot 1
household 1
huge 1
huge 1
illustrate 1
illustrated 1
illustrious 1
illustrious 1
image 1
image 1
image 1
image 1
image 1
immensity 1
imminent 1
imminent 1
immortal 1
imparting 1
impassable 1
impatience 1
impatience 1
impatience 1
implores 1
imply 1
impress 1
impress 1
improbable 1
improvements 1
improvements 1
improvements 1
inaction 1
inaction 1
incapable 1
incapable 1
incapable 1
incapable 1
incessantly 1
incessantly 1
inclinations 1
inclinations 1
incredible 1
incredible 1
incurable 1
indicate 1
indications 1
indulging 1
indulging 1
inexorable 1
inexorable 1
inexorable 1
influence 1
influence 1
influence 1
influence 1
infusing 1
injunction 1
inquired 1
inquired 1
inquired 1
inquired 1
inquired 1
insanity 1
insanity 1
insanity 1
institutions 1
intently 1
intently 1
intercourse 1
intercourse 1
intercourse 1
intercourse 1
intercourse 1
intercourse 1
interrupt 1
interrupt 1
intoxicating 1
intrude 1
invalidity 1
invective 1
invincible 1
invincible 1
invincible 1
irreproachable 1
issue 1
issue 1
it 1
it 1
it 1
it 1
it 1
it 1
it 1
it 1
it 1
it 1
it 1
it 1
it 1
it 1
it 1
it 1
it 1
it 1
it 1
it 1
it 1
it 1
it 1
it 1
it 1
it 1
it 1
it 1
it 1
it 1
it 1
it 1
it 1
it 1
it 1
it 1
it 1
it 1
it 1
it 1
it 1
it 1
it 1
it 1
it 1
it 1
it 1
it 1
it 1
it 1
it 1
it 1
it 1
it 1
it 1
it 1
it 1
it 1
it 1
it 1
it 1
it 1
it 1
it 1
it 1
it 1
it 1
it 1
it 1
it 1
it 1
it 1
it 1
it 1
it 1
it 1
it 1
it 1
it 1
it 1
it 1
it 1
it 1
it 1
it 1
it 1
it 1
it 1
it 1
it 1
it 1
it 1
it 1
it 1
it 1
it 1
it 1
it 1
it 1
it 1
it 1
it 1
it 1
it 1
it 1
it 1
it 1
it 1
it 1
it 1
it 1
it 1
it 1
it 1
it 1
it 1
it 1
it 1
it 1
it 1
it 1
it 1
it 1
it 1
it 1
it 1
it 1
it 1
it 1
it 1
it 1
it 1
it 1
it 1
it 1
it 1
it 1
it 1
it 1
it 1
it 1
it 1
it 1
it 1
it 1
it 1
it 1
it 1
it 1
it 1
it 1
it 1
it 1
it 1
it 1
it 1
it 1
it 1
it 1
it 1
it 1
it 1
it 1
it 1
it 1
it 1
it 1
it 1
it 1
it 1
it 1
it 1
it 1
it 1
it 1
it 1
it 1
it 1
it 1
it 1
it 1
it 1
it 1
it 1
it 1
it 1
it 1
it 1
it 1
it 1
it 1
it 1
it 1
it 1
it 1
it 1
it 1
it 1
it 1
it 1
it 1
it 1
it 1
it 1
it 1
it 1
it 1
it 1
it 1
it 1
it 1
it 1
it 1
it 1
it 1
it 1
it 1
it 1
it 1
it 1
it 1
it 1
it 1
it 1
it 1
it 1
it 1
it 1
it 1
it 1
it 1
it 1
it 1
it 1
it 1
it 1
it 1
it 1
it 1
it 1
it 1
it 1
it 1
it 1
it 1
it 1
it 1
it 1
it 1
it 1
it 1
it 1
it 1
it 1
it 1
it 1
it 1
it 1
it 1
it 1
it 1
it 1
it 1
it 1
it 1
it 1
it 1
it 1
it 1
it 1
it 1
it 1
it 1
it 1
it 1
it 1
it 1
it 1
it 1
it 1
it 1
it 1
it 1
it 1
it 1
it 1
it 1
it 1
it 1
it 1
it 1
it 1
it 1
it 1
it 1
it 1
it 1
it 1
it 1
it 1
it 1
it 1
it 1
it 1
it 1
it 1
it 1
it 1
it 1
it 1
it 1
it 1
it 1
it 1
it 1
it 1
it 1
it 1
it 1
it 1
it 1
it 1
it 1
it 1
it 1
it 1
it 1
it 1
it 1
it 1
it 1
it 1
it 1
it 1
it 1
it 1
it 1
it 1
it 1
it 1
it 1
it 1
it 1
it 1
it 1
it 1
it 1
it 1
it 1
it 1
it 1
it 1
it 1
it 1
it 1
it 1
it 1
it 1
it 1
it 1
it 1
it 1
it 1
it 1
it 1
it 1
it 1
it 1
it 1
it 1
it 1
it 1
it 1
it 1
it 1
it 1
it 1
it 1
it 1
it 1
it 1
it 1
it 1
it 1
it 1
it 1
it 1
it 1
it 1
it 1
it 1
it 1
it 1
it 1
it 1
it 1
it 1
it 1
it 1
it 1
it 1
it 1
it 1
it 1
it 1
it 1
it 1
it 1
it 1
it 1
it 1
it 1
it 1
it 1
it 1
it 1
it 1
it 1
it 1
it 1
it 1
it 1
it 1
it 1
it 1
it 1
it 1
it 1
it 1
it 1
it 1
it 1
it 1
it 1
it 1
it 1
it 1
it 1
it 1
it 1
it 1
it 1
it 1
it 1
it 1
it 1
it 1
it 1
it 1
it 1
it 1
it 1
it 1
it 1
it 1
it 1
it 1
it 1
it 1
it 1
it 1
journal 1
journal 1
journal 1
journal 1
joys 1
joys 1
joys 1
joys 1
joys 1
kinder 1
king 1
king 1
kissed 1
kissed 1
kissed 1
kissed 1
kissed 1
kneel 1
kneel 1
knew 1
knew 1
knew 1
knew 1
knew 1
knew 1
knew 1
knew 1
knew 1
knew 1
knew 1
knew 1
knew 1
knew 1
knew 1
knew 1
knew 1
knew 1
knew 1
knew 1
knew 1
knew 1
knew 1
knew 1
knew 1
knew 1
knew 1
knew 1
knew 1
knew 1
knew 1
knew 1
laudanum 1
laughing 1
laughing 1
leader 1
leaped 1
lectures 1
lectures 1
lectures 1
left 1
left 1
left 1
left 1
left 1
left 1
left 1
left 1
left 1
left 1
left 1
left 1
left 1
left 1
left 1
left 1
left 1
left 1
left 1
left 1
left 1
left 1
left 1
left 1
left 1
left 1
left 1
left 1
left 1
left 1
left 1
left 1
left 1
left 1
left 1
lessened 1
lessened 1
let 1
let 1
let 1
let 1
let 1
let 1
let 1
let 1
let 1
let 1
let 1
let 1
let 1
let 1
let 1
let 1
let 1
let 1
let 1
let 1
liable 1
lighter 1
lighter 1
lighthearted 1
lights 1
lights 1
limbs 1
limbs 1
limbs 1
limbs 1
limbs 1
limbs 1
limbs 1
limbs 1
limbs 1
limbs 1
limbs 1
limbs 1
linked 1
linked 1
lock 1
loudly 1
lurked 1
made 1
made 1
made 1
made 1
made 1
made 1
made 1
made 1
made 1
made 1
made 1
made 1
made 1
made 1
made 1
made 1
made 1
made 1
made 1
made 1
made 1
made 1
made 1
made 1
made 1
made 1
made 1
made 1
made 1
made 1
made 1
made 1
made 1
made 1
made 1
made 1
made 1
made 1
made 1
made 1
made 1
made 1
made 1
made 1
made 1
made 1
made 1
made 1
made 1
made 1
made 1
made 1
made 1
made 1
made 1
made 1
made 1
made 1
made 1
made 1
made 1
made 1
made 1
made 1
made 1
made 1
made 1
made 1
made 1
made 1
madly 1
majesty 1
majesty 1
makes 1
makes 1
manly 1
masquerades 1
match 1
meal 1
meal 1
meal 1
meed 1
merchants 1
minds 1
minds 1
minds 1
minds 1
minds 1
minutely 1
minutely 1
miseries 1
miseries 1
miseries 1
miseries 1
miseries 1
miseries 1
miseries 1
miseries 1
miseries 1
mode 1
mode 1
mode 1
mode 1
mode 1
modesty 1
modesty 1
months 1
months 1
months 1
months 1
months 1
months 1
months 1
months 1
months 1
months 1
months 1
months 1
months 1
months 1
months 1
months 1
months 1
months 1
months 1
months 1
months 1
months 1
months 1
months 1
months 1
months 1
months 1
months 1
months 1
months 1
months 1
months 1
months 1
months 1
months 1
months 1
months 1
months 1
months 1
motioned 1
motions 1
motions 1
motions 1
motives 1
motives 1
motives 1
motives 1
motives 1
moulding 1
mule 1
mule 1
murder 1
murder 1
murder 1
murder 1
murder 1
murder 1
murder 1
murder 1
murder 1
murder 1
murder 1
murder 1
murder 1
murder 1
murder 1
murder 1
murder 1
murder 1
murder 1
murder 1
murder 1
murder 1
mute 1
myriads 1
neater 1
neighbourhood 1
neighbourhood 1
neighbourhood 1
neighbourhood 1
neighbourhood 1
neighbourhood 1
nerves 1
nerves 1
nerves 1
newsletter 1
nightly 1
north 1
north 1
north 1
north 1
north 1
north 1
north 1
north 1
north 1
north 1
northerly 1
northward 1
nurse 1
nurse 1
nurse 1
nurse 1
nurse 1
nurse 1
nurse 1
nurse 1
nurse 1
nursed 1
nursed 1
nursed 1
nursed 1
oak 1
oak 1
oatmeal 1
obliterate 1
observations 1
obsolete 1
occurrence 1
occurrence 1
occurrence 1
once 1
once 1
once 1
once 1
once 1
once 1
once 1
once 1
once 1
once 1
once 1
once 1
once 1
once 1
once 1
once 1
once 1
once 1
once 1
once 1
once 1
once 1
once 1
once 1
once 1
once 1
once 1
openly 1
operation 1
operation 1
ordered 1
ordered 1
orders 1
owe 1
owe 1
owe 1
painful 1
painful 1
painful 1
painful 1
painful 1
painful 1
painstaking 1
paroxysm 1
passes 1
passes 1
passing 1
passing 1
passing 1
passing 1
passing 1
passing 1
passing 1
passing 1
passion 1
passion 1
passion 1
passion 1
passion 1
passion 1
passion 1
passion 1
passion 1
passion 1
passion 1
passion 1
passion 1
passion 1
passion 1
passion 1
passion 1
passion 1
passionate 1
passionate 1
passionate 1
passive 1
path 1
path 1
path 1
path 1
path 1
path 1
path 1
path 1
path 1
path 1
path 1
path 1
path 1
path 1
path 1
path 1
path 1
path 1
path 1
path 1
pathways 1
patience 1
patience 1
patience 1
pausing 1
payments 1
payments 1
payments 1
peasants 1
peasants 1
peasants 1
peasants 1
peasants 1
peasants 1
peculiar 1
peculiar 1
peculiar 1
pedestrian 1
peopled 1
perceive 1
perceive 1
perceive 1
perceive 1
perceive 1
perceive 1
perceive 1
perceptible 1
perceptibly 1
performances 1
periodic 1
perseverance 1
perseverance 1
person 1
person 1
person 1
person 1
person 1
person 1
person 1
person 1
person 1
person 1
person 1
person 1
person 1
person 1
person 1
person 1
person 1
person 1
person 1
person 1
person 1
personally 1
personally 1
persuasion 1
persuasion 1
perturbed 1
pervaded 1
perversity 1
philosopher 1
philosopher 1
philosopher 1
plan 1
plan 1
plan 1
plan 1
plan 1
plan 1
plan 1
plan 1
plan 1
plan 1
plan 1
plan 1
planks 1
played 1
played 1
played 1
played 1
played 1
played 1
playfellow 1
pleasing 1
plentiful 1
plentiful 1
plentiful 1
plentiful 1
plunged 1
plunged 1
plunged 1
points 1
popular 1
port 1
possessed 1
possessed 1
possessed 1
possessed 1
possessed 1
possessed 1
possessed 1
possessed 1
possessed 1
possessed 1
possessed 1
possessed 1
possessed 1
possessed 1
possessed 1
possessed 1
possessed 1
possessed 1
possessed 1
possessed 1
possessed 1
possessed 1
possessed 1
possessed 1
possessed 1
possessed 1
possessed 1
possessed 1
possessed 1
possessed 1
possessed 1
possessed 1
possessed 1
possessed 1
possessed 1
possessed 1
possessed 1
possessions 1
precipices 1
precipices 1
precipices 1
precipices 1
precipices 1
precipices 1
precipices 1
preparatory 1
presenting 1
price 1
price 1
prison 1
prison 1
prison 1
prison 1
prison 1
prison 1
prison 1
prison 1
prison 1
prison 1
prison 1
prison 1
prison 1
process 1
process 1
profane 1
projectors 1
prolonging 1
pronounced 1
pronounced 1
pronounced 1
pronounced 1
pronounced 1
prosperity 1
prosperity 1
protecting 1
proves 1
provided 1
provided 1
provided 1
provided 1
provided 1
provided 1
provided 1
provided 1
provided 1
provided 1
public 1
public 1
public 1
public 1
public 1
public 1
public 1
public 1
public 1
public 1
public 1
public 1
public 1
public 1
purchase 1
pursuits 1
pursuits 1
pursuits 1
pursuits 1
put 1
put 1
put 1
put 1
put 1
put 1
put 1
put 1
put 1
put 1
put 1
put 1
put 1
put 1
put 1
quit 1
quit 1
quit 1
quit 1
quit 1
quit 1
quit 1
quit 1
quit 1
quit 1
quit 1
quit 1
quit 1
quit 1
quit 1
quit 1
quit 1
radiance 1
radiance 1
ravine 1
ravine 1
ravine 1
reasons 1
recovered 1
recovered 1
recovered 1
recovered 1
recovered 1
recovered 1
recovered 1
recovered 1
recovered 1
recovered 1
recovered 1
recovered 1
recovered 1
recovered 1
redistribution 1
reflecting 1
reflection 1
reflection 1
reflection 1
reflection 1
reflection 1
reflection 1
reflection 1
reflection 1
reflection 1
reflection 1
reflection 1
reflection 1
reflection 1
refrain 1
refrain 1
refrain 1
regard 1
regard 1
regard 1
regard 1
regard 1
regard 1
regard 1
regard 1
regulated 1
regulated 1
rejoice 1
relapses 1
release 1
release 1
removes 1
rendered 1
rendered 1
rendered 1
rendered 1
rendered 1
rendered 1
rendered 1
rendered 1
rendered 1
rendered 1
rendered 1
rendered 1
rendered 1
rendered 1
rendered 1
rendered 1
rendered 1
rendered 1
repairing 1
repay 1
repay 1
repentant 1
republican 1
republics 1
require 1
require 1
required 1
required 1
required 1
required 1
required 1
required 1
required 1
residents 1
resolving 1
resolving 1
resolving 1
resolving 1
retirement 1
retrospect 1
returns 1
returns 1
returns 1
reverses 1
revolved 1
revolved 1
revolved 1
revolved 1
revolved 1
ridicule 1
romantic 1
romantic 1
romantic 1
romantic 1
room 1
room 1
room 1
room 1
room 1
room 1
room 1
room 1
room 1
room 1
room 1
room 1
room 1
room 1
room 1
room 1
room 1
room 1
room 1
room 1
room 1
room 1
room 1
room 1
room 1
room 1
room 1
room 1
room 1
room 1
room 1
room 1
rouses 1
running 1
running 1
running 1
safe 1
safe 1
safe 1
safe 1
safe 1
safe 1
safe 1
salubrious 1
saying 1
saying 1
scattered 1
scattered 1
scattered 1
scattered 1
scattered 1
scenes 1
scenes 1
scenes 1
scenes 1
scenes 1
scenes 1
scenes 1
scenes 1
scenes 1
scenes 1
scenes 1
scenes 1
scenes 1
scenes 1
scenes 1
scenes 1
seat 1
seat 1
seat 1
seat 1
secured 1
secured 1
seeing 1
seeing 1
seeing 1
seeing 1
seeing 1
seeing 1
seeing 1
seeing 1
seems 1
seems 1
seems 1
seems 1
senses 1
senses 1
senses 1
senses 1
senses 1
senses 1
senses 1
senses 1
sensibility 1
sensibility 1
sensibility 1
serenity 1
seriousness 1
serve 1
serviceable 1
settled 1
settled 1
seven 1
seven 1
shaded 1
shaded 1
share 1
share 1
share 1
share 1
share 1
shiver 1
should 1
should 1
should 1
should 1
should 1
should 1
should 1
should 1
should 1
should 1
should 1
should 1
should 1
should 1
should 1
should 1
should 1
should 1
should 1
should 1
should 1
should 1
should 1
should 1
should 1
should 1
should 1
should 1
should 1
should 1
should 1
should 1
should 1
should 1
should 1
should 1
should 1
should 1
should 1
should 1
should 1
should 1
should 1
should 1
should 1
should 1
should 1
should 1
should 1
should 1
should 1
should 1
should 1
should 1
should 1
should 1
should 1
should 1
should 1
should 1
should 1
should 1
should 1
should 1
should 1
should 1
should 1
should 1
should 1
should 1
should 1
should 1
should 1
should 1
should 1
should 1
should 1
should 1
should 1
should 1
should 1
should 1
should 1
should 1
should 1
should 1
should 1
should 1
should 1
should 1
should 1
should 1
should 1
should 1
should 1
should 1
should 1
should 1
should 1
should 1
should 1
should 1
should 1
should 1
should 1
should 1
should 1
should 1
should 1
should 1
should 1
should 1
should 1
should 1
should 1
should 1
should 1
should 1
should 1
should 1
should 1
should 1
should 1
should 1
should 1
should 1
should 1
should 1
should 1
should 1
should 1
should 1
should 1
should 1
should 1
should 1
should 1
should 1
should 1
should 1
should 1
should 1
should 1
should 1
should 1
should 1
should 1
should 1
should 1
should 1
should 1
should 1
should 1
should 1
shrank 1
shrieked 1
shrieked 1
shrieked 1
shrink 1
shrink 1
shunned 1
shunned 1
shunned 1
sigh 1
signification 1
signification 1
silence 1
silence 1
silence 1
silence 1
silence 1
silence 1
silence 1
silence 1
silence 1
silence 1
silence 1
silence 1
silence 1
silence 1
sinking 1
sinking 1
sinned 1
slipped 1
slumbers 1
smoothed 1
snow 1
snow 1
snow 1
snow 1
snow 1
snow 1
snow 1
snow 1
snow 1
snow 1
snow 1
snow 1
snow 1
snow 1
snow 1
social 1
solemnizing 1
solve 1
solve 1
soul 1
soul 1
soul 1
soul 1
soul 1
soul 1
soul 1
soul 1
soul 1
soul 1
soul 1
soul 1
soul 1
soul 1
soul 1
soul 1
soul 1
soul 1
soul 1
soul 1
soul 1
soul 1
soul 1
soul 1
soul 1
soul 1
soul 1
soul 1
soul 1
soul 1
soul 1
soul 1
soul 1
soul 1
soul 1
soul 1
soul 1
soul 1
south 1
south 1
south 1
south 1
south 1
spared 1
spared 1
spared 1
spared 1
spared 1
specked 1
speculation 1
springing 1
spurned 1
spurned 1
spurned 1
spurned 1
startled 1
startled 1
state 1
state 1
state 1
state 1
state 1
state 1
state 1
state 1
state 1
state 1
state 1
state 1
state 1
state 1
state 1
state 1
state 1
state 1
state 1
state 1
state 1
state 1
state 1
state 1
state 1
state 1
state 1
state 1
state 1
state 1
statement 1
stigma 1
stirred 1
stirred 1
stirred 1
stolen 1
stone 1
stone 1
strain 1
strain 1
streamed 1
streamed 1
street 1
street 1
street 1
strengthened 1
strife 1
strong 1
strong 1
strong 1
strong 1
strong 1
strong 1
strong 1
struggled 1
struggled 1
struggled 1
struggled 1
struggled 1
student 1
student 1
student 1
studies 1
studies 1
studies 1
studies 1
studies 1
studies 1
studies 1
studies 1
studies 1
studies 1
studies 1
studies 1
sublime 1
sublime 1
sublime 1
sublime 1
sublime 1
sublime 1
sublime 1
success 1
success 1
success 1
success 1
success 1
success 1
success 1
success 1
success 1
success 1
success 1
success 1
successive 1
successors 1
sunny 1
surgeon 1
surmounting 1
sweeter 1
sympathizing 1
sympathizing 1
sympathy 1
sympathy 1
sympathy 1
sympathy 1
sympathy 1
sympathy 1
sympathy 1
sympathy 1
sympathy 1
sympathy 1
sympathy 1
sympathy 1
sympathy 1
sympathy 1
sympathy 1
sympathy 1
sympathy 1
sympathy 1
sympathy 1
syndics 1
tapers 1
tarnish 1
taxes 1
teachers 1
tearful 1
telescopes 1
tempted 1
tempted 1
tempted 1
tempted 1
ten 1
ten 1
ten 1
ten 1
ten 1
ten 1
ten 1
ten 1
terminate 1
terminated 1
thanks 1
thanks 1
thickened 1
those 1
those 1
those 1
those 1
those 1
those 1
those 1
those 1
those 1
those 1
those 1
those 1
those 1
those 1
those 1
those 1
those 1
those 1
those 1
those 1
those 1
those 1
those 1
those 1
those 1
those 1
those 1
those 1
those 1
those 1
those 1
those 1
those 1
those 1
those 1
those 1
those 1
those 1
those 1
those 1
those 1
those 1
those 1
those 1
those 1
those 1
those 1
those 1
those 1
those 1
those 1
those 1
those 1
those 1
those 1
those 1
those 1
those 1
those 1
those 1
those 1
those 1
those 1
those 1
those 1
those 1
those 1
those 1
those 1
those 1
those 1
those 1
those 1
those 1
those 1
those 1
those 1
those 1
those 1
those 1
those 1
those 1
those 1
those 1
those 1
those 1
those 1
those 1
threats 1
threats 1
threats 1
threats 1
through 1
through 1
through 1
through 1
through 1
through 1
through 1
through 1
through 1
through 1
through 1
through 1
through 1
through 1
through 1
through 1
through 1
through 1
through 1
through 1
through 1
through 1
through 1
through 1
through 1
through 1
through 1
through 1
through 1
through 1
through 1
through 1
through 1
through 1
through 1
through 1
through 1
through 1
through 1
through 1
through 1
through 1
through 1
through 1
through 1
through 1
thunderstorm 1
tools 1
tools 1
tools 1
top 1
top 1
top 1
torment 1
torment 1
torment 1
torment 1
torture 1
torture 1
torture 1
torture 1
torture 1
torture 1
torture 1
torture 1
torture 1
torture 1
torture 1
torture 1
totally 1
totally 1
totally 1
touch 1
touching 1
touching 1
towns 1
towns 1
towns 1
towns 1
traced 1
traitor 1
transmuted 1
treachery 1
treachery 1
trembled 1
trembled 1
trembled 1
trembled 1
trembled 1
trembled 1
trembled 1
trembled 1
trembled 1
trembled 1
trembled 1
trials 1
troubled 1
troubled 1
troubled 1
troubled 1
troubled 1
troubled 1
troubled 1
truth 1
truth 1
truth 1
truth 1
truth 1
truth 1
truth 1
truth 1
truth 1
truth 1
truth 1
truth 1
truth 1
truth 1
turnkeys 1
turnkeys 1
tutored 1
unchained 1
unconscious 1
unconscious 1
undergone 1
undertake 1
undertake 1
undertake 1
undertake 1
unexpected 1
unexpected 1
unite 1
universal 1
unlocked 1
unqualified 1
unquiet 1
unravel 1
unsatisfied 1
unsatisfied 1
upright 1
upright 1
usually 1
usually 1
vacant 1
valley 1
valley 1
valley 1
valley 1
valley 1
valley 1
valley 1
valley 1
valley 1
vaults 1
vent 1
vent 1
vessels 1
vessels 1
vessels 1
villagers 1
villagers 1
villagers 1
vines 1
vines 1
vines 1
vines 1
virus 1
visage 1
visage 1
voices 1
voices 1
voices 1
voices 1
vulture 1
walk 1
walk 1
walk 1
walk 1
walk 1
walk 1
wars 1
weaken 1
wearing 1
whale 1
whale 1
whale 1
whaler 1
which 1
which 1
which 1
which 1
which 1
which 1
which 1
which 1
which 1
which 1
which 1
which 1
which 1
which 1
which 1
which 1
which 1
which 1
which 1
which 1
which 1
which 1
which 1
which 1
which 1
which 1
which 1
which 1
which 1
which 1
which 1
which 1
which 1
which 1
which 1
which 1
which 1
which 1
which 1
which 1
which 1
which 1
which 1
which 1
which 1
which 1
which 1
which 1
which 1
which 1
which 1
which 1
which 1
which 1
which 1
which 1
which 1
which 1
which 1
which 1
which 1
which 1
which 1
which 1
which 1
which 1
which 1
which 1
which 1
which 1
which 1
which 1
which 1
which 1
which 1
which 1
which 1
which 1
which 1
which 1
which 1
which 1
which 1
which 1
which 1
which 1
which 1
which 1
which 1
which 1
which 1
which 1
which 1
which 1
which 1
which 1
which 1
which 1
which 1
which 1
which 1
which 1
which 1
which 1
which 1
which 1
which 1
which 1
which 1
which 1
which 1
which 1
which 1
which 1
which 1
which 1
which 1
which 1
which 1
which 1
which 1
which 1
which 1
which 1
which 1
which 1
which 1
which 1
which 1
which 1
which 1
which 1
which 1
which 1
which 1
which 1
which 1
which 1
which 1
which 1
which 1
which 1
which 1
which 1
which 1
which 1
which 1
which 1
which 1
which 1
which 1
which 1
which 1
which 1
which 1
which 1
which 1
which 1
which 1
which 1
which 1
which 1
which 1
which 1
which 1
which 1
which 1
which 1
which 1
which 1
which 1
which 1
which 1
which 1
which 1
which 1
which 1
which 1
which 1
which 1
which 1
which 1
which 1
which 1
which 1
which 1
which 1
which 1
which 1
which 1
which 1
which 1
which 1
which 1
which 1
which 1
which 1
which 1
which 1
which 1
which 1
which 1
which 1
which 1
which 1
which 1
which 1
which 1
which 1
which 1
which 1
which 1
which 1
which 1
which 1
which 1
which 1
which 1
which 1
which 1
which 1
which 1
which 1
which 1
which 1
which 1
which 1
which 1
which 1
which 1
which 1
which 1
which 1
which 1
which 1
which 1
which 1
which 1
which 1
which 1
which 1
which 1
which 1
which 1
which 1
which 1
which 1
which 1
which 1
which 1
which 1
which 1
which 1
which 1
which 1
which 1
which 1
which 1
which 1
which 1
which 1
which 1
which 1
which 1
which 1
which 1
which 1
which 1
which 1
which 1
which 1
which 1
which 1
which 1
which 1
which 1
which 1
which 1
which 1
which 1
which 1
which 1
which 1
which 1
which 1
which 1
which 1
which 1
which 1
which 1
which 1
which 1
which 1
which 1
which 1
which 1
which 1
which 1
which 1
which 1
which 1
which 1
which 1
which 1
which 1
which 1
which 1
which 1
which 1
which 1
which 1
which 1
which 1
which 1
which 1
which 1
which 1
which 1
which 1
which 1
which 1
which 1
which 1
which 1
which 1
which 1
which 1
which 1
which 1
which 1
which 1
which 1
which 1
which 1
which 1
which 1
which 1
which 1
which 1
which 1
which 1
which 1
which 1
which 1
which 1
which 1
which 1
which 1
which 1
which 1
which 1
which 1
which 1
which 1
which 1
which 1
which 1
which 1
which 1
which 1
which 1
which 1
which 1
which 1
which 1
which 1
which 1
which 1
which 1
which 1
which 1
which 1
which 1
which 1
which 1
which 1
which 1
which 1
which 1
which 1
which 1
which 1
which 1
which 1
which 1
which 1
which 1
which 1
which 1
which 1
which 1
which 1
which 1
which 1
which 1
which 1
which 1
which 1
which 1
which 1
which 1
which 1
which 1
which 1
which 1
which 1
which 1
which 1
which 1
which 1
which 1
which 1
which 1
which 1
which 1
which 1
which 1
which 1
which 1
which 1
which 1
which 1
which 1
which 1
which 1
which 1
which 1
which 1
which 1
which 1
which 1
which 1
which 1
which 1
which 1
which 1
which 1
which 1
which 1
which 1
which 1
which 1
which 1
which 1
which 1
which 1
which 1
which 1
which 1
which 1
which 1
which 1
which 1
which 1
which 1
which 1
which 1
which 1
which 1
which 1
which 1
which 1
which 1
which 1
which 1
which 1
which 1
which 1
which 1
which 1
which 1
which 1
which 1
which 1
which 1
which 1
which 1
which 1
which 1
which 1
which 1
which 1
which 1
which 1
which 1
which 1
which 1
which 1
which 1
which 1
which 1
which 1
which 1
which 1
which 1
which 1
which 1
which 1
which 1
which 1
which 1
which 1
which 1
which 1
which 1
which 1
which 1
which 1
which 1
which 1
which 1
which 1
which 1
which 1
which 1
which 1
which 1
which 1
which 1
which 1
which 1
which 1
which 1
which 1
which 1
which 1
which 1
which 1
which 1
which 1
which 1
which 1
which 1
which 1
which 1
which 1
which 1
which 1
which 1
which 1
which 1
which 1
which 1
which 1
which 1
which 1
which 1
which 1
which 1
which 1
which 1
which 1
which 1
which 1
which 1
which 1
which 1
which 1
which 1
which 1
which 1
which 1
which 1
which 1
which 1
whine 1
white 1
white 1
white 1
white 1
white 1
white 1
white 1
white 1
white 1
white 1
white 1
whitewashed 1
whither 1
whither 1
whither 1
whither 1
whither 1
wholesome 1
willingly 1
willingly 1
willingly 1
willingly 1
willowy 1
winds 1
winds 1
winds 1
winds 1
winds 1
winds 1
winds 1
winds 1
winter 1
winter 1
winter 1
winter 1
winter 1
winter 1
winter 1
winter 1
winter 1
winter 1
winter 1
winter 1
wiped 1
wish 1
wish 1
wish 1
wish 1
wish 1
wish 1
wish 1
wish 1
wish 1
wish 1
wish 1
wish 1
wish 1
wish 1
wish 1
wish 1
wish 1
wish 1
wish 1
wish 1
wish 1
wish 1
wish 1
wish 1
wore 1
wore 1
wore 1
workshop 1
wretch 1
wretch 1
wretch 1
wretch 1
wretch 1
wretch 1
wretch 1
wretch 1
wretch 1
wretch 1
wretch 1
wretch 1
wretch 1
wretch 1
wretch 1
wretch 1
wretch 1
wretch 1
wretch 1
wretch 1
wretch 1
wretch 1
wretch 1
wretch 1
wretchedness 1
wretchedness 1
wretchedness 1
wretchedness 1
wretchedness 1
wretchedness 1
wretchedness 1
wretchedness 1
wretchedness 1
wretchedness 1
wretchedness 1
wretchedness 1
wretchedness 1
wretchedness 1
wrongfully 1
yards 1
your 1
your 1
your 1
your 1
your 1
your 1
your 1
your 1
your 1
your 1
your 1
your 1
your 1
your 1
your 1
your 1
your 1
your 1
your 1
your 1
your 1
your 1
your 1
your 1
your 1
your 1
your 1
your 1
your 1
your 1
your 1
your 1
your 1
your 1
your 1
your 1
your 1
your 1
your 1
your 1
your 1
your 1
your 1
your 1
your 1
your 1
your 1
your 1
your 1
your 1
your 1
your 1
your 1
your 1
your 1
your 1
your 1
your 1
your 1
your 1
your 1
your 1
your 1
your 1
your 1
your 1
your 1
your 1
your 1
your 1
your 1
your 1
your 1
your 1
your 1
your 1
your 1
your 1
your 1
your 1
your 1
your 1
your 1
your 1
your 1
your 1
your 1
your 1
your 1
your 1
your 1
your 1
your 1
your 1
your 1
your 1
your 1
your 1
your 1
your 1
your 1
your 1
your 1
your 1
your 1
your 1
your 1
your 1
your 1
your 1
your 1
your 1
your 1
your 1
your 1
your 1
your 1
your 1
your 1
your 1
your 1
your 1
your 1
your 1
your 1
your 1
your 1
your 1
your 1
your 1
your 1
your 1
your 1
your 1
your 1
your 1
your 1
your 1
your 1
your 1
your 1
your 1
your 1
your 1
your 1
your 1
your 1
your 1
your 1
your 1
your 1
your 1
your 1
your 1
your 1
your 1
your 1
your 1
your 1
your 1
your 1
your 1
your 1
your 1
your 1
your 1
your 1
your 1
your 1
your 1
your 1
your 1
your 1
your 1
your 1
your 1
your 1
your 1
your 1
your 1
your 1
your 1
your 1
your 1
your 1
your 1
your 1
your 1
your 1
your 1
your 1
your 1
your 1
your 1
your 1
your 1
your 1
your 1
your 1
your 1
your 1
your 1
your 1
your 1
your 1
your 1
your 1
your 1
your 1
your 1
your 1
your 1
your 1
your 1
your 1
your 1
your 1
your 1
your 1
your 1
your 1
your 1
your 1
your 1
your 1
your 1
your 1
your 1
your 1
your 1
your 1
your 1
your 1
your 1
your 1
your 1
your 1
your 1
your 1
your 1
your 1
your 1
your 1
your 1
your 1
your 1
