ANYTHING 1
After 1
After 1
After 1
After 1
After 1
Amazed 1
Australia 1
Australia 1
Australia 1
Australia 1
Begins 1
Butler 1
CONTRACT 1
Come 1
Come 1
Come 1
Come 1
Come 1
Come 1
Continuing 1
David 1
Dearest 1
Disloyalty 1
EBOOK 1
EBOOK 1
Earnest 1
Earnest 1
Earnest 1
Earnest 1
Examines 1
Exchanges 1
Farquhar 1
Farquhar 1
Finished 1
Frowning 1
Goes 1
Goes 1
Goes 1
Goes 1
Goes 1
Goes 1
Goes 1
Goes 1
Goes 1
Goes 1
Goes 1
Got 1
Here 1
Here 1
Here 1
Here 1
His 1
His 1
His 1
His 1
Is 1
Is 1
Is 1
Is 1
Is 1
Is 1
Is 1
Is 1
J 1
J 1
Jacks 1
James 1
Mallam 1
Morning 1
Morning 1
Morning 1
Oxonian 1
PGLAF 1
PLEASE 1
PURPOSE 1
Pardon 1
Particularly 1
Passionately 1
Pulls 1
REFUND 1
Reproachfully 1
Royalty 1
Royalty 1
Salt 1
Sententiously 1
Sententiously 1
Shall 1
She 1
She 1
She 1
She 1
She 1
She 1
She 1
She 1
She 1
She 1
She 1
She 1
She 1
Society 1
Society 1
Speaking 1
Speaking 1
Speaking 1
Still 1
Still 1
Still 1
Superciliously 1
THIS 1
THIS 1
THIS 1
Thank 1
Thank 1
Thank 1
Thank 1
Thank 1
Thank 1
Thank 1
Thank 1
Thank 1
Thank 1
Thank 1
Thank 1
Thank 1
Thank 1
Thank 1
Their 1
True 1
True 1
Turns 1
University 1
University 1
Upper 1
Upper 1
Wednesday 1
Who 1
Who 1
Who 1
Who 1
Who 1
Willis 1
Willis 1
Willis 1
Writes 1
Young 1
absolutely 1
absolutely 1
absolutely 1
absolutely 1
absolutely 1
absolutely 1
abused 1
accepting 1
according 1
according 1
addresses 1
addresses 1
addresses 1
after 1
after 1
after 1
after 1
after 1
after 1
after 1
after 1
after 1
after 1
after 1
after 1
after 1
after 1
after 1
after 1
after 1
after 1
after 1
after 1
after 1
after 1
after 1
after 1
after 1
agreement 1
agreement 1
agreement 1
agreement 1
agreement 1
agreement 1
agreement 1
agreement 1
agreement 1
agreement 1
agreement 1
agreement 1
agreement 1
agreement 1
agreement 1
agreement 1
agreement 1
air 1
air 1
already 1
already 1
already 1
already 1
already 1
already 1
already 1
already 1
already 1
already 1
already 1
alter 1
alter 1
anything 1
anything 1
anything 1
anything 1
anything 1
anything 1
anything 1
anything 1
anything 1
anything 1
anything 1
anything 1
anything 1
anything 1
anything 1
anything 1
anything 1
anything 1
anything 1
appetite 1
appetite 1
aristocracy 1
aristocracy 1
asked 1
asked 1
asked 1
baby 1
baby 1
baby 1
baby 1
baby 1
baby 1
baby 1
becoming 1
becoming 1
becoming 1
been 1
been 1
been 1
been 1
been 1
been 1
been 1
been 1
been 1
been 1
been 1
been 1
been 1
been 1
been 1
been 1
been 1
been 1
been 1
been 1
been 1
been 1
been 1
been 1
been 1
been 1
been 1
been 1
been 1
been 1
been 1
been 1
been 1
been 1
been 1
been 1
been 1
been 1
been 1
been 1
been 1
been 1
been 1
been 1
been 1
been 1
been 1
been 1
been 1
been 1
been 1
been 1
been 1
been 1
been 1
been 1
been 1
been 1
been 1
been 1
been 1
been 1
been 1
been 1
been 1
been 1
better 1
better 1
better 1
better 1
better 1
better 1
better 1
better 1
better 1
better 1
better 1
better 1
better 1
better 1
bitter 1
blue 1
blue 1
blue 1
bother 1
branded 1
bread 1
bread 1
bread 1
bread 1
bread 1
bread 1
bread 1
brokers 1
business 1
business 1
business 1
business 1
business 1
business 1
business 1
business 1
business 1
business 1
business 1
butler 1
call 1
call 1
call 1
call 1
call 1
call 1
call 1
call 1
call 1
call 1
call 1
call 1
call 1
call 1
call 1
carriage 1
carriage 1
carriage 1
carriage 1
caught 1
ceremonies 1
ceremony 1
certain 1
certain 1
certain 1
certain 1
chance 1
chance 1
changed 1
changed 1
charities 1
charity 1
charity 1
check 1
check 1
cheek 1
cheek 1
childish 1
childish 1
chin 1
chin 1
chooses 1
clock 1
cloth 1
cloth 1
codes 1
comfortable 1
committed 1
communication 1
completely 1
completely 1
completely 1
computers 1
computers 1
condolence 1
conduct 1
conduct 1
conduct 1
conduct 1
confidingly 1
conscious 1
consequently 1
consequently 1
considered 1
converts 1
corporation 1
cough 1
cough 1
cough 1
cough 1
cough 1
cough 1
county 1
county 1
courage 1
crowded 1
data 1
dead 1
dead 1
dead 1
dearest 1
debonnair 1
defence 1
dentists 1
deserve 1
desire 1
desire 1
desire 1
desire 1
desire 1
destined 1
dined 1
dined 1
disappointed 1
discuss 1
disliking 1
distinct 1
distinct 1
distressed 1
distribution 1
distribution 1
distribution 1
distribution 1
distribution 1
distribution 1
doubt 1
doubt 1
doubt 1
doubt 1
doubt 1
doubt 1
doubt 1
doubt 1
doubt 1
draughts 1
drawing 1
dressed 1
dressed 1
dressed 1
driven 1
eBook 1
eBook 1
eBook 1
eBook 1
eBook 1
eBook 1
eBook 1
eBook 1
eating 1
eating 1
eating 1
eating 1
eating 1
eating 1
eating 1
eccentric 1
enjoys 1
equanimity 1
ever 1
ever 1
ever 1
ever 1
ever 1
ever 1
ever 1
ever 1
ever 1
ever 1
ever 1
ever 1
ever 1
ever 1
ever 1
ever 1
ever 1
ever 1
ever 1
ever 1
ever 1
ever 1
ever 1
ever 1
ever 1
ever 1
ever 1
ever 1
ever 1
ever 1
exacted 1
exactly 1
exactly 1
exactly 1
exactly 1
exactly 1
exactly 1
exists 1
exotic 1
expected 1
expected 1
expected 1
expected 1
expected 1
expected 1
experience 1
experience 1
exporting 1
fact 1
fact 1
fact 1
fact 1
fact 1
fact 1
fact 1
fact 1
fact 1
fact 1
fact 1
fact 1
fact 1
fact 1
fact 1
fact 1
fact 1
fact 1
fact 1
fact 1
fact 1
fact 1
fact 1
fact 1
fact 1
fact 1
fact 1
fact 1
fact 1
fine 1
fingers 1
flirts 1
flirts 1
folly 1
foot 1
fruit 1
furnished 1
ghastly 1
ghastly 1
ghastly 1
goes 1
goes 1
goes 1
goes 1
goes 1
goes 1
goes 1
goes 1
goes 1
goes 1
goes 1
goes 1
goes 1
goes 1
goes 1
goes 1
goes 1
goes 1
going 1
going 1
going 1
going 1
going 1
going 1
going 1
going 1
going 1
going 1
going 1
going 1
going 1
going 1
going 1
governess 1
governess 1
greedy 1
guidance 1
happy 1
happy 1
happy 1
happy 1
hardly 1
hardly 1
hardly 1
hardly 1
hardly 1
hardly 1
hardly 1
hardly 1
hardly 1
hardly 1
hardly 1
hardly 1
hardly 1
hardly 1
hardly 1
hardly 1
hardly 1
haven 1
haven 1
haven 1
haven 1
haven 1
haven 1
haven 1
haven 1
haven 1
haven 1
heavens 1
heavens 1
heavens 1
heavens 1
heavens 1
heavens 1
heavens 1
heavens 1
heavens 1
hope 1
hope 1
hope 1
hope 1
hope 1
hope 1
hope 1
hope 1
hope 1
hope 1
hope 1
hope 1
hope 1
hope 1
hope 1
hope 1
hope 1
hope 1
hospitality 1
house 1
house 1
house 1
house 1
house 1
house 1
house 1
house 1
house 1
house 1
house 1
house 1
house 1
house 1
house 1
house 1
house 1
house 1
households 1
husbands 1
ignorance 1
ignorance 1
imagine 1
imagine 1
immoderately 1
indicating 1
inspection 1
instead 1
intellectual 1
intellectual 1
intellectual 1
intellectual 1
intellectual 1
interfered 1
interment 1
invalids 1
investments 1
investments 1
is 1
is 1
is 1
is 1
is 1
is 1
is 1
is 1
is 1
is 1
is 1
is 1
is 1
is 1
is 1
is 1
is 1
is 1
is 1
is 1
is 1
is 1
is 1
is 1
is 1
is 1
is 1
is 1
is 1
is 1
is 1
is 1
is 1
is 1
is 1
is 1
is 1
is 1
is 1
is 1
is 1
is 1
is 1
is 1
is 1
is 1
is 1
is 1
is 1
is 1
is 1
is 1
is 1
is 1
is 1
is 1
is 1
is 1
is 1
is 1
is 1
is 1
is 1
is 1
is 1
is 1
is 1
is 1
is 1
is 1
is 1
is 1
is 1
is 1
is 1
is 1
is 1
is 1
is 1
is 1
is 1
is 1
is 1
is 1
is 1
is 1
is 1
is 1
is 1
is 1
is 1
is 1
is 1
is 1
is 1
is 1
is 1
is 1
is 1
is 1
is 1
is 1
is 1
is 1
is 1
is 1
is 1
is 1
is 1
is 1
is 1
is 1
is 1
is 1
is 1
is 1
is 1
is 1
is 1
is 1
is 1
is 1
is 1
is 1
is 1
is 1
is 1
is 1
is 1
is 1
is 1
is 1
is 1
is 1
is 1
is 1
is 1
is 1
is 1
is 1
is 1
is 1
is 1
is 1
is 1
is 1
is 1
is 1
is 1
is 1
is 1
is 1
is 1
is 1
is 1
is 1
is 1
is 1
is 1
is 1
is 1
is 1
is 1
is 1
is 1
is 1
is 1
is 1
is 1
is 1
is 1
is 1
is 1
is 1
is 1
is 1
is 1
is 1
is 1
is 1
is 1
is 1
is 1
is 1
is 1
is 1
is 1
is 1
is 1
is 1
is 1
is 1
is 1
is 1
is 1
is 1
is 1
is 1
is 1
is 1
is 1
is 1
is 1
is 1
is 1
is 1
is 1
is 1
is 1
is 1
is 1
is 1
is 1
is 1
is 1
is 1
is 1
is 1
is 1
is 1
is 1
is 1
is 1
is 1
is 1
is 1
is 1
is 1
is 1
is 1
is 1
is 1
is 1
is 1
is 1
is 1
is 1
is 1
is 1
is 1
is 1
is 1
is 1
is 1
is 1
is 1
is 1
is 1
is 1
is 1
is 1
is 1
is 1
is 1
is 1
is 1
is 1
is 1
is 1
is 1
is 1
is 1
is 1
is 1
is 1
is 1
is 1
is 1
is 1
is 1
is 1
is 1
is 1
is 1
is 1
is 1
is 1
is 1
is 1
is 1
is 1
is 1
is 1
is 1
is 1
is 1
is 1
is 1
is 1
is 1
is 1
is 1
is 1
is 1
is 1
is 1
is 1
is 1
is 1
is 1
is 1
is 1
is 1
is 1
is 1
is 1
is 1
is 1
is 1
is 1
is 1
is 1
is 1
is 1
is 1
is 1
is 1
is 1
is 1
is 1
is 1
is 1
is 1
is 1
is 1
is 1
is 1
is 1
is 1
is 1
is 1
is 1
is 1
is 1
is 1
is 1
is 1
is 1
is 1
is 1
is 1
is 1
is 1
is 1
is 1
is 1
is 1
is 1
is 1
is 1
is 1
is 1
is 1
is 1
is 1
is 1
is 1
is 1
is 1
is 1
is 1
is 1
is 1
is 1
is 1
is 1
is 1
is 1
is 1
is 1
is 1
is 1
is 1
is 1
is 1
is 1
is 1
is 1
is 1
is 1
is 1
is 1
is 1
is 1
is 1
is 1
is 1
is 1
is 1
is 1
is 1
is 1
is 1
is 1
is 1
is 1
is 1
is 1
is 1
is 1
is 1
is 1
is 1
is 1
is 1
is 1
is 1
is 1
is 1
is 1
is 1
is 1
is 1
is 1
is 1
is 1
is 1
is 1
is 1
is 1
is 1
is 1
is 1
is 1
is 1
is 1
is 1
is 1
its 1
its 1
its 1
its 1
its 1
its 1
its 1
its 1
its 1
jacket 1
kisses 1
kisses 1
kisses 1
kisses 1
knees 1
knot 1
ladies 1
law 1
law 1
law 1
leaves 1
leaves 1
leaving 1
leaving 1
lifted 1
line 1
line 1
line 1
located 1
located 1
located 1
located 1
long 1
long 1
long 1
long 1
long 1
long 1
long 1
long 1
long 1
long 1
long 1
long 1
long 1
long 1
loose 1
majestic 1
make 1
make 1
make 1
make 1
make 1
make 1
make 1
make 1
make 1
make 1
make 1
make 1
make 1
make 1
make 1
make 1
make 1
make 1
make 1
make 1
man 1
man 1
man 1
man 1
man 1
man 1
man 1
man 1
man 1
man 1
man 1
man 1
man 1
man 1
man 1
man 1
man 1
man 1
man 1
man 1
man 1
man 1
man 1
man 1
man 1
man 1
man 1
man 1
man 1
married 1
married 1
married 1
married 1
married 1
married 1
married 1
married 1
married 1
married 1
married 1
married 1
married 1
married 1
married 1
married 1
married 1
married 1
married 1
married 1
married 1
married 1
married 1
married 1
married 1
married 1
married 1
married 1
marvellous 1
maximum 1
meditative 1
men 1
men 1
men 1
men 1
men 1
men 1
men 1
men 1
men 1
men 1
mercenary 1
met 1
met 1
met 1
met 1
met 1
met 1
met 1
met 1
met 1
met 1
met 1
mistake 1
mistake 1
momentary 1
morning 1
morning 1
morning 1
morning 1
morning 1
morning 1
morning 1
morrow 1
morrow 1
nervous 1
never 1
never 1
never 1
never 1
never 1
never 1
never 1
never 1
never 1
never 1
never 1
never 1
never 1
never 1
never 1
never 1
never 1
never 1
never 1
never 1
never 1
never 1
never 1
never 1
never 1
never 1
never 1
never 1
never 1
never 1
never 1
never 1
never 1
never 1
never 1
never 1
never 1
never 1
never 1
never 1
never 1
never 1
never 1
never 1
never 1
never 1
never 1
never 1
never 1
never 1
nonproprietary 1
now 1
now 1
now 1
now 1
now 1
now 1
now 1
now 1
now 1
now 1
now 1
now 1
now 1
now 1
now 1
now 1
now 1
now 1
now 1
now 1
now 1
now 1
now 1
now 1
now 1
now 1
now 1
now 1
now 1
now 1
now 1
now 1
nuisance 1
ordinary 1
ordinary 1
ordinary 1
ordinary 1
other 1
other 1
other 1
other 1
other 1
other 1
other 1
other 1
other 1
other 1
other 1
other 1
other 1
other 1
other 1
other 1
other 1
other 1
other 1
other 1
other 1
other 1
other 1
other 1
other 1
other 1
other 1
other 1
other 1
other 1
other 1
other 1
other 1
other 1
other 1
out 1
out 1
out 1
out 1
out 1
out 1
out 1
out 1
out 1
out 1
out 1
out 1
out 1
out 1
out 1
out 1
out 1
out 1
out 1
out 1
out 1
out 1
out 1
out 1
out 1
out 1
out 1
out 1
out 1
out 1
out 1
out 1
out 1
out 1
out 1
out 1
out 1
out 1
out 1
out 1
out 1
out 1
out 1
out 1
out 1
out 1
out 1
outdated 1
paid 1
paid 1
paid 1
paid 1
paid 1
paid 1
papa 1
papa 1
paper 1
pardon 1
pardon 1
pardon 1
pardon 1
pardon 1
pardon 1
passionately 1
passionately 1
pay 1
pay 1
permanent 1
permanent 1
permanent 1
permanent 1
persons 1
playing 1
positively 1
practically 1
practically 1
preliminary 1
presents 1
presents 1
pretend 1
pretend 1
prettiest 1
prettiest 1
pretty 1
pretty 1
pretty 1
pretty 1
pretty 1
pretty 1
prevent 1
prevent 1
primary 1
prior 1
proof 1
proof 1
proper 1
proper 1
proper 1
proposed 1
proposed 1
proposed 1
punctual 1
pupil 1
pupil 1
purple 1
purpose 1
purpose 1
readable 1
readable 1
real 1
real 1
real 1
receiving 1
receiving 1
recently 1
records 1
regular 1
relative 1
remark 1
remarkably 1
remembered 1
reside 1
respectable 1
retort 1
royalties 1
royalties 1
royalty 1
satisfaction 1
satisfaction 1
scholar 1
science 1
science 1
scrape 1
seaside 1
seaside 1
seated 1
secret 1
secret 1
shake 1
shake 1
shirt 1
shirt 1
sick 1
since 1
since 1
since 1
since 1
since 1
since 1
since 1
since 1
since 1
since 1
sister 1
sister 1
sister 1
some 1
some 1
some 1
some 1
some 1
some 1
some 1
some 1
some 1
some 1
some 1
some 1
some 1
some 1
some 1
some 1
some 1
some 1
some 1
some 1
some 1
some 1
some 1
some 1
some 1
some 1
some 1
some 1
some 1
some 1
some 1
some 1
some 1
some 1
some 1
some 1
some 1
some 1
some 1
some 1
some 1
some 1
some 1
something 1
something 1
something 1
something 1
something 1
something 1
something 1
something 1
something 1
something 1
something 1
something 1
something 1
songs 1
speaking 1
speaking 1
speaking 1
specially 1
specially 1
specially 1
specially 1
spoke 1
spoke 1
staff 1
standing 1
standing 1
standing 1
still 1
still 1
still 1
still 1
still 1
still 1
still 1
still 1
stock 1
struck 1
sugar 1
sugar 1
suspense 1
sweetest 1
table 1
table 1
table 1
table 1
table 1
table 1
table 1
table 1
table 1
table 1
table 1
table 1
table 1
table 1
towards 1
towards 1
towards 1
towards 1
tragedy 1
train 1
train 1
train 1
train 1
treatment 1
tree 1
tree 1
trust 1
trust 1
trust 1
txt 1
undeceive 1
undivided 1
unknown 1
unless 1
unless 1
unless 1
unless 1
unnecessary 1
unsound 1
using 1
using 1
using 1
using 1
vacillating 1
version 1
visible 1
volume 1
volume 1
volume 1
volume 1
whatever 1
womanthrope 1
wronged 1
years 1
years 1
years 1
years 1
years 1
years 1
years 1
years 1
years 1
years 1
years 1
years 1
years 1
years 1
years 1
yesterday 1
yesterday 1
yesterday 1
yesterday 1
yesterday 1
