AFTER 1
AS 1
AS 1
Act 1
Act 1
Aha 1
Amusements 1
Are 1
Are 1
B 1
B 1
Baby 1
Becky 1
Becky 1
Becky 1
Becky 1
Becky 1
Becky 1
Becky 1
Becky 1
Becky 1
Becky 1
Becky 1
Becky 1
Becky 1
Becky 1
Becky 1
Becky 1
Becky 1
Becky 1
Becky 1
Becky 1
Becky 1
Becky 1
Becky 1
Becky 1
Becky 1
Becky 1
Becky 1
Becky 1
Becky 1
Becky 1
Becky 1
Becky 1
Becky 1
Becky 1
Becky 1
Becky 1
Becky 1
Becky 1
Becky 1
Becky 1
Becky 1
Becky 1
Becky 1
Becky 1
Becky 1
Becky 1
Becky 1
Becky 1
Becky 1
Becky 1
Becky 1
Becky 1
Becky 1
Becky 1
Becky 1
Becky 1
Becky 1
Becky 1
Becky 1
Becky 1
Becky 1
Becky 1
Becky 1
Becky 1
Becky 1
Becky 1
Becky 1
Becky 1
Becky 1
Becky 1
Becky 1
Becky 1
Becky 1
Becky 1
Becky 1
Becky 1
Becky 1
Becky 1
Becky 1
Becky 1
Becky 1
Becky 1
Becky 1
Becky 1
Becky 1
Becky 1
Becky 1
Becky 1
Becky 1
Becky 1
Becky 1
Becky 1
Becky 1
Becky 1
Becky 1
Becky 1
Becky 1
Becky 1
Becky 1
Becky 1
Becky 1
Becky 1
Becky 1
Becky 1
Becky 1
Becky 1
Becky 1
Becky 1
Becky 1
Becky 1
Becky 1
Becky 1
Becky 1
Behind 1
Betrayed 1
Better 1
Better 1
Better 1
Big 1
Big 1
Bother 1
Cake 1
Climax 1
Conference 1
Conference 1
Confound 1
Congress 1
Cornered 1
Crusades 1
Dampened 1
Dead 1
Dead 1
Dead 1
Declaims 1
Detectives 1
Director 1
EIN 1
Email 1
Executive 1
Failure 1
Father 1
Fetch 1
Fight 1
Fire 1
Fire 1
Fire 1
Flirtation 1
Found 1
Found 1
Fourth 1
Fourth 1
Friendship 1
General 1
General 1
General 1
General 1
General 1
General 1
General 1
Ghosts 1
Ghosts 1
Ghosts 1
Gilead 1
Goliah 1
Grace 1
Hain 1
Handed 1
Handed 1
Handed 1
Handed 1
Handed 1
Handed 1
Hardly 1
Hardly 1
Hark 1
Has 1
History 1
Homely 1
Hood 1
Hood 1
Hood 1
Hood 1
Hood 1
Hood 1
Hood 1
Hood 1
Hood 1
Hood 1
How 1
How 1
How 1
How 1
How 1
How 1
How 1
How 1
How 1
How 1
How 1
How 1
How 1
How 1
How 1
How 1
How 1
How 1
How 1
How 1
How 1
How 1
How 1
Hucky 1
Hucky 1
Hucky 1
Hucky 1
Hucky 1
Hucky 1
Hucky 1
Hucky 1
II 1
II 1
IMPLIED 1
IS 1
Indians 1
Indians 1
Indians 1
Information 1
Information 1
Information 1
Information 1
Information 1
Information 1
International 1
Into 1
Jealousy 1
Joe 1
Joe 1
Joe 1
Joe 1
Joe 1
Joe 1
Joe 1
Joe 1
Joe 1
Joe 1
Joe 1
Joe 1
Joe 1
Joe 1
Joe 1
Joe 1
Joe 1
Joe 1
Joe 1
Joe 1
Joe 1
Joe 1
Joe 1
Joe 1
Joe 1
Joe 1
Joe 1
Joe 1
Joe 1
Joe 1
Joe 1
Joe 1
Joe 1
Joe 1
Joe 1
Joe 1
Joe 1
Joe 1
Joe 1
Joe 1
Joe 1
Joe 1
Joe 1
Joe 1
Joe 1
Joe 1
Joe 1
Joe 1
Joe 1
Joe 1
Joe 1
Joe 1
Joe 1
Joe 1
Joe 1
Joe 1
Joe 1
Joe 1
Joe 1
Joe 1
Joe 1
Joe 1
Joe 1
Joe 1
Joe 1
Joe 1
Joe 1
Joe 1
Joe 1
Joe 1
Joe 1
Joe 1
Joe 1
Joe 1
Joe 1
Joe 1
Joe 1
Joe 1
Joe 1
Joe 1
Joe 1
Joe 1
Joe 1
Joe 1
Joe 1
Joe 1
Joe 1
Joe 1
Joe 1
Joe 1
Joe 1
Joe 1
Joe 1
Joe 1
Joe 1
Joe 1
Joe 1
Joe 1
Joe 1
Joe 1
Joe 1
Joe 1
Joe 1
Joe 1
Joe 1
Joe 1
Joe 1
Joe 1
Joe 1
Joe 1
Joe 1
Joe 1
Joe 1
Joe 1
Joe 1
Joe 1
Joe 1
Joe 1
Joe 1
Joe 1
Joe 1
Joe 1
Joe 1
Joe 1
Joe 1
Joe 1
Joe 1
Joe 1
Joe 1
Joe 1
Joe 1
Joe 1
Joe 1
Joe 1
Joe 1
Joe 1
Joe 1
Joe 1
Joe 1
Joe 1
Joe 1
Joe 1
Joe 1
Joe 1
Joe 1
Joe 1
Joe 1
Joe 1
Joe 1
Joe 1
Joe 1
Joe 1
Joe 1
Joe 1
Joe 1
Joe 1
Joe 1
Joe 1
Joe 1
Joe 1
Joe 1
Joe 1
Joe 1
Joe 1
Joe 1
Joe 1
Joe 1
Joe 1
Joe 1
Joe 1
Just 1
Just 1
Just 1
Just 1
Just 1
Just 1
Just 1
Just 1
Just 1
Just 1
Just 1
Just 1
Just 1
Just 1
Just 1
Kill 1
LIMITED 1
LIMITED 1
LIMITED 1
Lesson 1
Life 1
Life 1
Life 1
Life 1
Life 1
Life 1
Literary 1
Literary 1
Literary 1
Literary 1
Literary 1
Literary 1
Literary 1
Literary 1
Literary 1
Literary 1
Literary 1
Literary 1
Literary 1
Little 1
Little 1
Lookyhere 1
Lookyhere 1
Lookyhere 1
Lookyhere 1
Lookyhere 1
Man 1
Man 1
Misgivings 1
Moment 1
Mourner 1
October 1
Only 1
Only 1
Only 1
Only 1
Only 1
Only 1
Only 1
Only 1
Only 1
Only 1
Only 1
Open 1
PARAGRAPH 1
Palace 1
Palace 1
Parties 1
Paying 1
Pirates 1
Pirates 1
Pirates 1
Pirates 1
Pleading 1
Presently 1
Presently 1
Presently 1
Presently 1
Presently 1
Presently 1
Presently 1
Presently 1
Presently 1
Presently 1
Presently 1
Presently 1
Presently 1
Presently 1
Presently 1
Presently 1
Presently 1
Presently 1
Presently 1
Presently 1
Presently 1
Presently 1
Presently 1
Presently 1
Presently 1
Presently 1
Presently 1
Presently 1
Presently 1
Presently 1
Presently 1
Presently 1
Presently 1
Presently 1
Presently 1
Presently 1
Presently 1
Presently 1
President 1
President 1
President 1
READ 1
REPLACEMENT 1
RIGHT 1
Ragged 1
Rogers 1
Rogers 1
Rogers 1
Rogers 1
Rogers 1
Rogers 1
Rogers 1
Rogers 1
Rogers 1
Rogers 1
SEND 1
School 1
School 1
School 1
School 1
Several 1
Several 1
Sinai 1
Since 1
So 1
So 1
So 1
So 1
So 1
So 1
So 1
So 1
So 1
So 1
So 1
So 1
So 1
So 1
So 1
So 1
So 1
So 1
So 1
So 1
So 1
So 1
So 1
So 1
So 1
So 1
So 1
So 1
So 1
So 1
So 1
So 1
So 1
So 1
So 1
So 1
So 1
So 1
So 1
So 1
So 1
So 1
So 1
So 1
So 1
So 1
So 1
So 1
So 1
So 1
So 1
So 1
So 1
So 1
So 1
So 1
So 1
So 1
So 1
So 1
So 1
So 1
So 1
Sounds 1
Sounds 1
Sounds 1
Stop 1
Stop 1
Stop 1
Stop 1
Suddenly 1
Suddenly 1
Suddenly 1
Susan 1
T 1
T 1
T 1
T 1
TOO 1
Taking 1
Tells 1
Therefore 1
They 1
They 1
They 1
They 1
They 1
They 1
They 1
They 1
They 1
They 1
They 1
They 1
They 1
They 1
They 1
They 1
They 1
They 1
They 1
They 1
They 1
They 1
They 1
They 1
They 1
They 1
They 1
They 1
They 1
They 1
They 1
They 1
They 1
They 1
They 1
They 1
They 1
They 1
They 1
They 1
They 1
They 1
They 1
They 1
They 1
They 1
They 1
They 1
They 1
They 1
They 1
They 1
They 1
They 1
They 1
They 1
They 1
They 1
They 1
They 1
They 1
They 1
They 1
They 1
They 1
They 1
They 1
They 1
They 1
They 1
They 1
They 1
They 1
They 1
They 1
They 1
They 1
They 1
They 1
They 1
They 1
They 1
They 1
They 1
They 1
They 1
They 1
They 1
They 1
They 1
They 1
They 1
They 1
They 1
They 1
They 1
They 1
They 1
They 1
They 1
They 1
They 1
They 1
They 1
They 1
They 1
They 1
They 1
They 1
They 1
They 1
They 1
They 1
They 1
They 1
They 1
They 1
They 1
They 1
They 1
They 1
They 1
They 1
They 1
They 1
They 1
They 1
They 1
They 1
They 1
They 1
They 1
They 1
They 1
They 1
They 1
They 1
They 1
They 1
They 1
They 1
They 1
They 1
They 1
They 1
They 1
They 1
They 1
They 1
They 1
They 1
They 1
They 1
They 1
They 1
They 1
They 1
They 1
They 1
Town 1
Troy 1
Unknown 1
Vain 1
WILL 1
Weakens 1
What 1
What 1
What 1
What 1
What 1
What 1
What 1
What 1
What 1
What 1
What 1
What 1
What 1
What 1
What 1
What 1
What 1
What 1
What 1
What 1
What 1
What 1
What 1
What 1
What 1
What 1
What 1
What 1
What 1
What 1
What 1
What 1
What 1
What 1
What 1
What 1
What 1
What 1
What 1
What 1
What 1
What 1
What 1
What 1
What 1
What 1
What 1
What 1
What 1
What 1
What 1
What 1
What 1
What 1
What 1
What 1
What 1
What 1
What 1
What 1
What 1
What 1
What 1
What 1
What 1
What 1
What 1
What 1
What 1
What 1
What 1
What 1
What 1
What 1
What 1
What 1
What 1
What 1
What 1
What 1
What 1
What 1
What 1
What 1
What 1
What 1
What 1
What 1
What 1
What 1
What 1
What 1
What 1
What 1
What 1
What 1
What 1
What 1
What 1
What 1
What 1
What 1
What 1
What 1
Widow 1
Widow 1
Widow 1
Widow 1
Widow 1
Widow 1
Widow 1
Widow 1
Widow 1
Widow 1
Widow 1
Widow 1
Widow 1
Widow 1
Widow 1
Widow 1
Youthful 1
abashed 1
accept 1
active 1
active 1
actual 1
actual 1
actual 1
admiration 1
admiration 1
admiration 1
advantages 1
advantages 1
adventurous 1
agony 1
agony 1
agony 1
agony 1
agony 1
agreed 1
agreed 1
agreed 1
agreed 1
agreed 1
agreed 1
agreed 1
agreed 1
agreed 1
agreed 1
agreed 1
ailment 1
alleys 1
alleys 1
alleys 1
ally 1
alongside 1
alongside 1
alongside 1
alongside 1
although 1
although 1
although 1
although 1
although 1
altitude 1
amassed 1
amount 1
amount 1
amount 1
ants 1
anxiety 1
anxiety 1
anxiety 1
anxiety 1
anxiously 1
anxiously 1
appealed 1
appears 1
appears 1
ashes 1
ashes 1
ashes 1
ashes 1
ashore 1
ashore 1
ashore 1
ashore 1
ashore 1
assistance 1
assumed 1
assumed 1
attentive 1
attracted 1
attracted 1
audible 1
audibly 1
avenged 1
avenue 1
avenue 1
avenue 1
avenue 1
awhile 1
awhile 1
awhile 1
awhile 1
awhile 1
awhile 1
awhile 1
awhile 1
awhile 1
awhile 1
awhile 1
awhile 1
awhile 1
awhile 1
awhile 1
bade 1
bag 1
bag 1
bag 1
bagged 1
baking 1
barelegged 1
barrel 1
barrel 1
bars 1
bars 1
bear 1
bear 1
bear 1
bear 1
bear 1
bear 1
bear 1
bear 1
bear 1
bear 1
bear 1
bear 1
bear 1
bear 1
bear 1
beauty 1
bedded 1
behavior 1
behind 1
behind 1
behind 1
behind 1
behind 1
behind 1
behind 1
behind 1
behind 1
behind 1
behind 1
behind 1
behind 1
behind 1
behind 1
behind 1
behind 1
behind 1
behind 1
behind 1
behind 1
behind 1
behind 1
behind 1
behind 1
behind 1
behind 1
behind 1
behind 1
behind 1
betrayed 1
betrayed 1
bitterest 1
blackness 1
blackness 1
blessed 1
blessed 1
blessed 1
blessed 1
blessed 1
blessed 1
blocks 1
blubbering 1
blunder 1
blunder 1
blunder 1
blunder 1
boastful 1
boat 1
boat 1
boat 1
boat 1
boat 1
boat 1
boat 1
boat 1
boat 1
bode 1
bosh 1
bothersome 1
bowels 1
brain 1
breath 1
breath 1
breath 1
breath 1
breath 1
breath 1
breath 1
breath 1
breath 1
breath 1
breath 1
breath 1
breath 1
breath 1
breath 1
breath 1
breath 1
breath 1
breath 1
breath 1
breath 1
breath 1
breath 1
breath 1
breath 1
brow 1
brow 1
brow 1
bug 1
bug 1
bug 1
bug 1
bug 1
bug 1
bug 1
bug 1
bug 1
burying 1
bygone 1
caitiff 1
calculate 1
can 1
can 1
can 1
can 1
can 1
can 1
can 1
can 1
can 1
can 1
can 1
can 1
can 1
can 1
can 1
can 1
can 1
can 1
can 1
can 1
can 1
can 1
can 1
can 1
can 1
can 1
can 1
can 1
can 1
can 1
can 1
can 1
can 1
can 1
can 1
can 1
can 1
can 1
can 1
can 1
can 1
can 1
can 1
can 1
can 1
can 1
can 1
can 1
can 1
can 1
can 1
can 1
can 1
can 1
can 1
can 1
can 1
can 1
can 1
can 1
can 1
can 1
can 1
can 1
can 1
can 1
can 1
can 1
can 1
can 1
can 1
can 1
can 1
can 1
can 1
can 1
can 1
can 1
can 1
can 1
can 1
can 1
can 1
can 1
can 1
can 1
can 1
can 1
can 1
can 1
can 1
can 1
can 1
can 1
can 1
can 1
can 1
can 1
can 1
can 1
can 1
can 1
can 1
can 1
can 1
can 1
can 1
can 1
can 1
can 1
can 1
can 1
can 1
can 1
can 1
can 1
can 1
can 1
can 1
candles 1
candles 1
candles 1
candles 1
candles 1
candles 1
candles 1
capable 1
carcase 1
card 1
cares 1
cares 1
cares 1
cares 1
cat 1
cat 1
cat 1
cat 1
cat 1
cat 1
cat 1
cat 1
cat 1
cat 1
cat 1
cat 1
cat 1
cat 1
cat 1
cat 1
cat 1
cat 1
cat 1
cat 1
cat 1
cat 1
cat 1
catastrophe 1
catastrophe 1
cautiously 1
cautiously 1
cautiously 1
cautiously 1
cautiously 1
cautiously 1
cautiously 1
cautiously 1
cautiously 1
cautiously 1
cell 1
change 1
change 1
change 1
change 1
change 1
change 1
characters 1
characters 1
charily 1
charmed 1
chased 1
chased 1
chased 1
cheerful 1
child 1
child 1
child 1
child 1
child 1
child 1
child 1
child 1
child 1
child 1
child 1
child 1
child 1
child 1
child 1
child 1
child 1
chose 1
chose 1
chose 1
chose 1
chose 1
chronic 1
clamor 1
class 1
class 1
class 1
class 1
class 1
class 1
class 1
climax 1
close 1
close 1
close 1
close 1
close 1
close 1
close 1
close 1
close 1
close 1
close 1
close 1
close 1
close 1
close 1
close 1
close 1
close 1
close 1
close 1
close 1
close 1
close 1
close 1
closet 1
closet 1
closet 1
closet 1
closet 1
closet 1
cob 1
coffee 1
coffee 1
colicky 1
colored 1
colored 1
colored 1
colt 1
colt 1
combatants 1
come 1
come 1
come 1
come 1
come 1
come 1
come 1
come 1
come 1
come 1
come 1
come 1
come 1
come 1
come 1
come 1
come 1
come 1
come 1
come 1
come 1
come 1
come 1
come 1
come 1
come 1
come 1
come 1
come 1
come 1
come 1
come 1
come 1
come 1
come 1
come 1
come 1
come 1
come 1
come 1
come 1
come 1
come 1
come 1
come 1
come 1
come 1
come 1
come 1
come 1
come 1
come 1
come 1
come 1
come 1
come 1
come 1
come 1
come 1
come 1
come 1
come 1
come 1
come 1
come 1
come 1
come 1
come 1
come 1
come 1
come 1
come 1
come 1
come 1
come 1
come 1
come 1
come 1
come 1
come 1
come 1
come 1
come 1
come 1
come 1
come 1
come 1
come 1
come 1
come 1
come 1
come 1
come 1
come 1
come 1
come 1
come 1
come 1
come 1
come 1
come 1
come 1
come 1
come 1
come 1
come 1
come 1
come 1
come 1
come 1
come 1
come 1
come 1
come 1
come 1
come 1
come 1
come 1
comer 1
commercial 1
complying 1
complying 1
complying 1
conceived 1
concept 1
concept 1
concert 1
conducting 1
congregation 1
congregation 1
congregation 1
congregation 1
congregation 1
congregation 1
congregation 1
consoling 1
conspicuously 1
conspicuously 1
constrained 1
conveniently 1
conveniently 1
conviction 1
corpse 1
corpse 1
corpse 1
corpse 1
corpse 1
corpse 1
courts 1
crybaby 1
crying 1
crying 1
crying 1
crying 1
crying 1
crying 1
crying 1
crying 1
crying 1
crying 1
crying 1
crying 1
crying 1
crystal 1
curtain 1
curtain 1
damaging 1
damaging 1
daughter 1
daylight 1
daylight 1
daylight 1
daylight 1
daylight 1
daylight 1
daylight 1
daylight 1
daylight 1
daylight 1
daylight 1
deaf 1
deaf 1
deaf 1
deaf 1
deaf 1
deaf 1
deal 1
deal 1
deal 1
deal 1
deal 1
deal 1
dear 1
dear 1
decay 1
decided 1
decided 1
decided 1
decided 1
decided 1
decked 1
delays 1
delights 1
delirious 1
delirious 1
delivery 1
derrick 1
despair 1
desperation 1
destroy 1
destroy 1
dewdrops 1
diet 1
dipped 1
dipped 1
dipped 1
dipped 1
disappeared 1
disappeared 1
disappeared 1
disappeared 1
disappeared 1
disappeared 1
disappeared 1
disappeared 1
disappeared 1
disappeared 1
disclosed 1
discomforting 1
discovered 1
discovered 1
discovered 1
discovered 1
discovered 1
discovered 1
discovered 1
discovered 1
discovered 1
discovered 1
discovered 1
discovered 1
discovered 1
discovered 1
discovered 1
discovered 1
displaying 1
displaying 1
displaying 1
displaying 1
distorted 1
donation 1
doorkeys 1
doughnut 1
downward 1
downward 1
downward 1
doze 1
drag 1
dreading 1
dreading 1
drenching 1
dried 1
drinking 1
drove 1
drove 1
drove 1
drove 1
drove 1
drove 1
drownd 1
drownding 1
drowsy 1
drowsy 1
drowsy 1
drowsy 1
ducked 1
duty 1
duty 1
duty 1
duty 1
eager 1
earth 1
earth 1
earth 1
earth 1
earth 1
earth 1
echoed 1
edition 1
edition 1
ejaculations 1
ejaculations 1
electronically 1
electronically 1
elsewhere 1
elsewhere 1
elsewhere 1
em 1
em 1
em 1
em 1
em 1
em 1
em 1
em 1
em 1
em 1
em 1
em 1
em 1
em 1
em 1
em 1
em 1
em 1
em 1
em 1
em 1
em 1
em 1
em 1
em 1
em 1
em 1
em 1
em 1
em 1
em 1
em 1
em 1
em 1
em 1
em 1
em 1
em 1
em 1
em 1
em 1
em 1
em 1
em 1
em 1
em 1
em 1
em 1
embattled 1
emphasized 1
encouragements 1
endowed 1
enhance 1
enough 1
enough 1
enough 1
enough 1
enough 1
enough 1
enough 1
enough 1
enough 1
enough 1
enough 1
enough 1
enough 1
enough 1
enough 1
enough 1
enough 1
enough 1
enough 1
enough 1
enough 1
enough 1
enough 1
enough 1
enough 1
enough 1
enough 1
enough 1
enough 1
enough 1
enough 1
enough 1
enough 1
enough 1
enough 1
enough 1
enough 1
enough 1
enough 1
enough 1
enough 1
enough 1
enough 1
enough 1
enough 1
enough 1
enough 1
enough 1
enough 1
enough 1
enough 1
enough 1
enough 1
enough 1
enough 1
enough 1
enough 1
enough 1
enough 1
enough 1
enough 1
enough 1
ensued 1
entertain 1
entertaining 1
enthusiastic 1
entirely 1
entirely 1
entirely 1
entirely 1
entirely 1
entirely 1
entirely 1
entirely 1
entirely 1
entirely 1
established 1
estimate 1
eternity 1
eternity 1
event 1
event 1
event 1
event 1
event 1
event 1
evidences 1
exercise 1
exercise 1
exercise 1
exhausting 1
expectant 1
expectorate 1
expend 1
experiments 1
exploring 1
exploring 1
exposed 1
exposed 1
exposed 1
faces 1
faces 1
faces 1
faces 1
faces 1
faces 1
faces 1
faces 1
faces 1
faces 1
faces 1
faces 1
faces 1
faces 1
failure 1
failure 1
failure 1
failure 1
faint 1
faint 1
faint 1
faint 1
family 1
family 1
family 1
family 1
family 1
family 1
family 1
family 1
fancied 1
fanciful 1
fans 1
fared 1
farther 1
farther 1
farther 1
farther 1
fear 1
fear 1
fear 1
fear 1
fear 1
fear 1
fear 1
fear 1
fear 1
fear 1
fear 1
fee 1
fee 1
fee 1
fee 1
fee 1
fee 1
fee 1
fee 1
feelers 1
ferry 1
ferry 1
ferry 1
ferry 1
ferry 1
festooning 1
fever 1
fever 1
fever 1
fighting 1
fighting 1
fillip 1
finds 1
finds 1
finds 1
fingered 1
finished 1
finished 1
finished 1
finished 1
finished 1
finished 1
finished 1
finished 1
finished 1
finished 1
finished 1
fired 1
fired 1
firm 1
fish 1
fish 1
fish 1
fish 1
fish 1
fish 1
fish 1
fish 1
fish 1
fish 1
fitten 1
fixed 1
fixed 1
fixed 1
fixed 1
fixed 1
fixed 1
fixed 1
fleeting 1
fleeting 1
flickering 1
flickering 1
flickering 1
flinch 1
flourish 1
foe 1
folded 1
folded 1
foolish 1
foolish 1
foolishest 1
footprints 1
foreign 1
forgive 1
forgive 1
forgive 1
forgive 1
forgive 1
forgive 1
forgive 1
forlorn 1
forlorn 1
fortified 1
fortified 1
free 1
free 1
free 1
free 1
free 1
free 1
free 1
free 1
free 1
free 1
free 1
free 1
free 1
free 1
free 1
free 1
free 1
fried 1
fried 1
from 1
from 1
from 1
from 1
from 1
from 1
from 1
from 1
from 1
from 1
from 1
from 1
from 1
from 1
from 1
from 1
from 1
from 1
from 1
from 1
from 1
from 1
from 1
from 1
from 1
from 1
from 1
from 1
from 1
from 1
from 1
from 1
from 1
from 1
from 1
from 1
from 1
from 1
from 1
from 1
from 1
from 1
from 1
from 1
from 1
from 1
from 1
from 1
from 1
from 1
from 1
from 1
from 1
from 1
from 1
from 1
from 1
from 1
from 1
from 1
from 1
from 1
from 1
from 1
from 1
from 1
from 1
from 1
from 1
from 1
from 1
from 1
from 1
from 1
from 1
from 1
from 1
from 1
from 1
from 1
from 1
from 1
from 1
from 1
from 1
from 1
from 1
from 1
from 1
from 1
from 1
from 1
from 1
from 1
from 1
from 1
from 1
from 1
from 1
from 1
from 1
from 1
from 1
from 1
from 1
from 1
from 1
from 1
from 1
from 1
from 1
from 1
from 1
from 1
from 1
from 1
from 1
from 1
from 1
from 1
from 1
from 1
from 1
from 1
from 1
from 1
from 1
from 1
from 1
from 1
from 1
from 1
from 1
from 1
from 1
from 1
from 1
from 1
from 1
from 1
from 1
from 1
from 1
from 1
from 1
from 1
from 1
from 1
from 1
from 1
from 1
from 1
from 1
from 1
from 1
from 1
from 1
from 1
from 1
from 1
from 1
from 1
from 1
from 1
from 1
from 1
from 1
from 1
from 1
from 1
from 1
from 1
from 1
from 1
from 1
from 1
from 1
from 1
from 1
from 1
from 1
from 1
from 1
from 1
from 1
from 1
from 1
from 1
from 1
from 1
from 1
from 1
from 1
from 1
from 1
funerals 1
funerals 1
funnel 1
furtively 1
furtively 1
furtively 1
gaudy 1
gaudy 1
general 1
general 1
general 1
general 1
general 1
general 1
general 1
general 1
general 1
general 1
generous 1
generous 1
generous 1
generous 1
genuwyne 1
getting 1
getting 1
getting 1
getting 1
getting 1
getting 1
getting 1
getting 1
getting 1
getting 1
getting 1
getting 1
getting 1
getting 1
getting 1
getting 1
getting 1
getting 1
getting 1
getting 1
getting 1
getting 1
getting 1
getting 1
getting 1
getting 1
getting 1
ghosts 1
ghosts 1
ghosts 1
ghosts 1
ghosts 1
ghosts 1
ghosts 1
ghosts 1
ghosts 1
git 1
git 1
git 1
git 1
git 1
git 1
glad 1
glad 1
glad 1
glad 1
glad 1
glad 1
glad 1
glad 1
glad 1
glad 1
glad 1
glad 1
glad 1
glad 1
glad 1
glad 1
glad 1
glad 1
glad 1
glad 1
glad 1
glanced 1
glanced 1
glanced 1
glanced 1
glanced 1
glanced 1
glanced 1
glanced 1
glanced 1
glanced 1
glanced 1
gleaming 1
goals 1
goggles 1
gorgeousness 1
grapes 1
gratifying 1
greatness 1
greenwood 1
grisly 1
grisly 1
grisly 1
groans 1
groans 1
groans 1
gross 1
grounds 1
groups 1
groups 1
grumblings 1
guarded 1
guarded 1
guarded 1
gun 1
habit 1
habit 1
haggard 1
haggard 1
hain 1
hain 1
hain 1
hain 1
hain 1
hain 1
halfway 1
halfway 1
handbarrow 1
handed 1
handed 1
handkerchief 1
handkerchief 1
handkerchief 1
hapless 1
hasn 1
hate 1
hate 1
hate 1
hate 1
hate 1
hate 1
hate 1
hate 1
hearing 1
hearing 1
hearing 1
hearing 1
hearse 1
heartier 1
heartily 1
heat 1
heat 1
heat 1
heavier 1
helpless 1
helpless 1
here 1
here 1
here 1
here 1
here 1
here 1
here 1
here 1
here 1
here 1
here 1
here 1
here 1
here 1
here 1
here 1
here 1
here 1
here 1
here 1
here 1
here 1
here 1
here 1
here 1
here 1
here 1
here 1
here 1
here 1
here 1
here 1
here 1
here 1
here 1
here 1
here 1
here 1
here 1
here 1
here 1
here 1
here 1
here 1
here 1
here 1
here 1
here 1
here 1
here 1
here 1
here 1
here 1
here 1
here 1
here 1
here 1
here 1
here 1
here 1
here 1
here 1
here 1
here 1
here 1
here 1
here 1
here 1
here 1
here 1
here 1
here 1
here 1
here 1
here 1
here 1
here 1
here 1
here 1
here 1
here 1
here 1
here 1
here 1
here 1
here 1
here 1
here 1
here 1
here 1
here 1
here 1
here 1
hey 1
hey 1
hey 1
hey 1
hey 1
hills 1
himself 1
himself 1
himself 1
himself 1
himself 1
himself 1
himself 1
himself 1
himself 1
himself 1
himself 1
himself 1
himself 1
himself 1
himself 1
himself 1
himself 1
himself 1
himself 1
himself 1
himself 1
himself 1
himself 1
himself 1
himself 1
himself 1
himself 1
himself 1
himself 1
himself 1
himself 1
himself 1
himself 1
himself 1
himself 1
himself 1
himself 1
himself 1
himself 1
himself 1
himself 1
himself 1
himself 1
himself 1
himself 1
himself 1
himself 1
himself 1
himself 1
himself 1
himself 1
himself 1
himself 1
himself 1
himself 1
himself 1
himself 1
himself 1
himself 1
himself 1
himself 1
himself 1
himself 1
himself 1
himself 1
himself 1
himself 1
himself 1
himself 1
himself 1
himself 1
himself 1
himself 1
himself 1
himself 1
himself 1
himself 1
himself 1
himself 1
himself 1
himself 1
himself 1
himself 1
himself 1
himself 1
himself 1
himself 1
himself 1
himself 1
himself 1
himself 1
himself 1
himself 1
himself 1
himself 1
himself 1
himself 1
himself 1
himself 1
himself 1
himself 1
himself 1
himself 1
himself 1
himself 1
holder 1
holder 1
holder 1
holder 1
hooked 1
hoped 1
hoped 1
hoped 1
hoped 1
hoped 1
hoped 1
hoped 1
hopped 1
hopped 1
horror 1
horror 1
horror 1
horror 1
horror 1
horror 1
hour 1
hour 1
hour 1
hour 1
hour 1
hour 1
hour 1
hour 1
hour 1
hour 1
hour 1
hour 1
hour 1
hour 1
hour 1
hour 1
hour 1
hour 1
hour 1
hour 1
hour 1
hour 1
hour 1
hour 1
hour 1
hour 1
hour 1
hour 1
hour 1
hour 1
hour 1
hugged 1
humiliated 1
hundred 1
hundred 1
hundred 1
hundred 1
hundred 1
hundred 1
hundred 1
hundred 1
hundred 1
hundred 1
hundred 1
hundred 1
hundred 1
hundred 1
hundred 1
hundred 1
hurts 1
identification 1
identify 1
illness 1
immunity 1
implored 1
important 1
important 1
important 1
improved 1
improvement 1
impudence 1
incantation 1
incantation 1
incantation 1
inclined 1
include 1
inconceivable 1
incongruous 1
information 1
information 1
information 1
information 1
infringement 1
innocent 1
insect 1
insect 1
insect 1
insect 1
insignificant 1
inspiration 1
inspiration 1
inspiration 1
inspiration 1
inspiration 1
inspired 1
instantly 1
instantly 1
instantly 1
instantly 1
interest 1
interest 1
interest 1
interest 1
interest 1
interest 1
interest 1
interest 1
interest 1
interest 1
interest 1
interest 1
interest 1
interest 1
interest 1
interest 1
interest 1
interest 1
interest 1
interest 1
interest 1
interest 1
interest 1
interest 1
interpreted 1
intervals 1
intervals 1
intervals 1
intervals 1
invalided 1
invention 1
irksome 1
jeering 1
join 1
jolly 1
jolly 1
journals 1
jug 1
kept 1
kept 1
kept 1
kept 1
kept 1
kept 1
kept 1
kept 1
kept 1
kept 1
kept 1
kept 1
kept 1
kept 1
kept 1
kept 1
kept 1
kept 1
kept 1
kept 1
kept 1
kept 1
kill 1
kill 1
kill 1
kill 1
kill 1
kill 1
kill 1
kill 1
kill 1
kill 1
kill 1
kill 1
kill 1
kill 1
kill 1
kill 1
kill 1
kill 1
kill 1
kill 1
kind 1
kind 1
kind 1
kind 1
kind 1
kind 1
kind 1
kind 1
kind 1
kind 1
kind 1
kind 1
kind 1
kind 1
kind 1
kind 1
kind 1
kind 1
kind 1
kind 1
kind 1
kind 1
kind 1
kings 1
kings 1
kings 1
knowed 1
knowed 1
knowed 1
knowed 1
knowed 1
knowed 1
knowed 1
knuckles 1
landslide 1
laps 1
late 1
late 1
late 1
late 1
late 1
late 1
late 1
late 1
late 1
late 1
late 1
late 1
late 1
late 1
late 1
late 1
late 1
late 1
late 1
late 1
late 1
laudations 1
length 1
length 1
length 1
length 1
lethargy 1
lets 1
liar 1
liar 1
liar 1
librarian 1
licked 1
licked 1
licked 1
licked 1
life 1
life 1
life 1
life 1
life 1
life 1
life 1
life 1
life 1
life 1
life 1
life 1
life 1
life 1
life 1
life 1
life 1
life 1
life 1
life 1
life 1
life 1
life 1
life 1
life 1
life 1
life 1
life 1
life 1
lighting 1
lighting 1
lightning 1
lightning 1
lightning 1
lightning 1
lightning 1
lightning 1
lightning 1
lightning 1
limitation 1
limitation 1
limitation 1
ling 1
ling 1
ling 1
ling 1
ling 1
ling 1
ling 1
ling 1
ling 1
ling 1
ling 1
ling 1
ling 1
ling 1
lion 1
lion 1
load 1
locked 1
locked 1
locked 1
locked 1
locust 1
log 1
log 1
log 1
log 1
log 1
log 1
log 1
log 1
longing 1
longing 1
longing 1
longing 1
loop 1
losing 1
loud 1
loud 1
lug 1
lugged 1
lump 1
lump 1
lump 1
lump 1
lynch 1
maintogalans 1
manifested 1
manifestly 1
manners 1
manners 1
manuscript 1
manuscript 1
maow 1
maow 1
maow 1
maow 1
maow 1
marched 1
marched 1
marched 1
mask 1
massive 1
maybe 1
maybe 1
maybe 1
maybe 1
maybe 1
maybe 1
maybe 1
maybe 1
maybe 1
maybe 1
maybe 1
maybe 1
maybe 1
maybe 1
maybe 1
maybe 1
maybe 1
maybe 1
maybe 1
maybe 1
maybe 1
maybe 1
maybe 1
maybe 1
maybe 1
maybe 1
maybe 1
maybe 1
maybe 1
maybe 1
maybe 1
maybe 1
maybe 1
maybe 1
maybe 1
maybe 1
mellow 1
mellow 1
member 1
member 1
mentioning 1
messages 1
mind 1
mind 1
mind 1
mind 1
mind 1
mind 1
mind 1
mind 1
mind 1
mind 1
mind 1
mind 1
mind 1
mind 1
mind 1
mind 1
mind 1
mind 1
mind 1
mind 1
mind 1
mind 1
mind 1
mind 1
mind 1
mind 1
mind 1
mind 1
mind 1
mind 1
mind 1
mind 1
mind 1
mind 1
mind 1
mind 1
mind 1
mind 1
mind 1
mind 1
mind 1
mind 1
mind 1
mind 1
mind 1
mind 1
mind 1
mind 1
mind 1
mind 1
mind 1
mission 1
mission 1
mission 1
mission 1
morsel 1
motherless 1
moving 1
moving 1
moving 1
moving 1
moving 1
moving 1
moving 1
moving 1
moving 1
murderer 1
murderer 1
murderer 1
murderin 1
murderous 1
murky 1
murky 1
muslin 1
mysterious 1
mysterious 1
mysterious 1
mysterious 1
mysterious 1
mysterious 1
natty 1
nearest 1
nearest 1
neat 1
neat 1
necessarily 1
newcomer 1
nine 1
nine 1
nine 1
nine 1
nine 1
nine 1
nine 1
nine 1
nodded 1
none 1
none 1
none 1
none 1
none 1
none 1
none 1
none 1
none 1
none 1
none 1
none 1
none 1
none 1
nooks 1
nooks 1
noon 1
noon 1
noon 1
noon 1
noon 1
noon 1
noon 1
noon 1
noon 1
noon 1
noon 1
nooning 1
numbers 1
occasions 1
occasions 1
occasions 1
occurring 1
offence 1
one 1
one 1
one 1
one 1
one 1
one 1
one 1
one 1
one 1
one 1
one 1
one 1
one 1
one 1
one 1
one 1
one 1
one 1
one 1
one 1
one 1
one 1
one 1
one 1
one 1
one 1
one 1
one 1
one 1
one 1
one 1
one 1
one 1
one 1
one 1
one 1
one 1
one 1
one 1
one 1
one 1
one 1
one 1
one 1
one 1
one 1
one 1
one 1
one 1
one 1
one 1
one 1
one 1
one 1
one 1
one 1
one 1
one 1
one 1
one 1
one 1
one 1
one 1
one 1
one 1
one 1
one 1
one 1
one 1
one 1
one 1
one 1
one 1
one 1
one 1
one 1
one 1
one 1
one 1
one 1
one 1
one 1
one 1
one 1
one 1
one 1
one 1
one 1
one 1
one 1
one 1
one 1
one 1
one 1
one 1
one 1
one 1
one 1
one 1
one 1
one 1
one 1
one 1
one 1
one 1
one 1
one 1
one 1
one 1
one 1
one 1
one 1
one 1
one 1
one 1
one 1
one 1
one 1
one 1
one 1
one 1
one 1
one 1
one 1
one 1
one 1
one 1
one 1
one 1
one 1
one 1
one 1
one 1
one 1
one 1
one 1
one 1
one 1
one 1
one 1
one 1
one 1
one 1
one 1
one 1
one 1
one 1
one 1
one 1
one 1
one 1
one 1
one 1
one 1
one 1
one 1
one 1
one 1
one 1
one 1
one 1
one 1
one 1
one 1
one 1
one 1
one 1
one 1
one 1
one 1
one 1
one 1
one 1
one 1
one 1
one 1
one 1
one 1
only 1
only 1
only 1
only 1
only 1
only 1
only 1
only 1
only 1
only 1
only 1
only 1
only 1
only 1
only 1
only 1
only 1
only 1
only 1
only 1
only 1
only 1
only 1
only 1
only 1
only 1
only 1
only 1
only 1
only 1
only 1
only 1
only 1
only 1
only 1
only 1
only 1
only 1
only 1
only 1
only 1
only 1
only 1
only 1
only 1
only 1
only 1
only 1
only 1
only 1
only 1
only 1
only 1
only 1
only 1
only 1
only 1
only 1
only 1
only 1
only 1
only 1
only 1
only 1
only 1
only 1
only 1
only 1
only 1
only 1
only 1
only 1
only 1
only 1
only 1
only 1
only 1
only 1
only 1
only 1
only 1
only 1
only 1
only 1
only 1
only 1
only 1
only 1
only 1
only 1
only 1
only 1
only 1
only 1
only 1
only 1
operations 1
order 1
order 1
order 1
order 1
order 1
order 1
order 1
order 1
order 1
order 1
order 1
order 1
order 1
order 1
order 1
order 1
order 1
org 1
org 1
org 1
org 1
org 1
org 1
org 1
originator 1
ourselves 1
outcry 1
outlaw 1
overcome 1
overhanging 1
overhead 1
overhead 1
overhead 1
overhead 1
ow 1
ow 1
paddled 1
pail 1
pail 1
pail 1
palace 1
paled 1
paler 1
palm 1
parent 1
particularly 1
particularly 1
particularly 1
patch 1
patch 1
patch 1
pause 1
pause 1
pause 1
pause 1
pause 1
pause 1
pause 1
pause 1
pause 1
pause 1
paying 1
paying 1
peace 1
peace 1
peace 1
peace 1
peace 1
peace 1
peace 1
peace 1
peace 1
peace 1
peace 1
peel 1
permitted 1
permitted 1
perplexity 1
perplexity 1
personal 1
persuasions 1
pglaf 1
pglaf 1
pglaf 1
pglaf 1
pglaf 1
pglaf 1
pglaf 1
picnic 1
picnic 1
picnic 1
picnic 1
picnic 1
picnic 1
picnic 1
picnic 1
pictured 1
pictured 1
pictured 1
pictured 1
piracies 1
piracies 1
pistols 1
pistols 1
plans 1
plans 1
playmates 1
pleased 1
pleased 1
pleasures 1
pliant 1
plug 1
plunges 1
point 1
point 1
point 1
point 1
point 1
point 1
point 1
point 1
point 1
point 1
pointing 1
pomp 1
pomp 1
post 1
postoffice 1
potent 1
pots 1
pots 1
powerful 1
powerful 1
powerful 1
preceded 1
premises 1
premises 1
pressed 1
pressed 1
pressed 1
pried 1
pried 1
prize 1
prize 1
prize 1
prize 1
prize 1
prize 1
providing 1
providing 1
providing 1
providing 1
pulses 1
pulses 1
punching 1
quarrelling 1
quarter 1
quarter 1
quarter 1
question 1
question 1
question 1
question 1
question 1
question 1
question 1
raining 1
rank 1
rank 1
rank 1
rank 1
ransacked 1
ransacked 1
ransacked 1
ransom 1
ransom 1
rate 1
read 1
read 1
read 1
read 1
read 1
read 1
read 1
read 1
read 1
read 1
read 1
read 1
reading 1
reading 1
reading 1
reading 1
reading 1
reading 1
reading 1
reality 1
reality 1
reality 1
rear 1
rear 1
rear 1
rebuke 1
receipt 1
receipt 1
recite 1
recite 1
recite 1
recited 1
recited 1
recited 1
recollects 1
reflections 1
reflections 1
reflections 1
refuge 1
refuge 1
refuge 1
registered 1
registered 1
regrets 1
regrets 1
regularity 1
relapsed 1
remembers 1
remote 1
remote 1
remoter 1
remove 1
remove 1
remove 1
replace 1
replacement 1
replacement 1
replacement 1
reprimand 1
resign 1
resting 1
restive 1
right 1
right 1
right 1
right 1
right 1
right 1
right 1
right 1
right 1
right 1
right 1
right 1
right 1
right 1
right 1
right 1
right 1
right 1
right 1
right 1
right 1
right 1
right 1
right 1
right 1
right 1
right 1
right 1
right 1
right 1
right 1
right 1
right 1
right 1
right 1
right 1
right 1
right 1
right 1
right 1
right 1
right 1
right 1
right 1
right 1
right 1
right 1
right 1
right 1
right 1
right 1
right 1
right 1
right 1
right 1
right 1
right 1
right 1
right 1
right 1
right 1
right 1
right 1
right 1
right 1
right 1
right 1
right 1
right 1
right 1
right 1
right 1
right 1
right 1
right 1
right 1
right 1
right 1
right 1
right 1
right 1
right 1
right 1
right 1
right 1
right 1
right 1
right 1
right 1
right 1
right 1
right 1
rioting 1
rippled 1
rippled 1
road 1
roamed 1
roar 1
roaring 1
roaring 1
roaring 1
robbed 1
robber 1
robber 1
robber 1
robber 1
robber 1
rocks 1
rocks 1
rubbishy 1
sacred 1
sacred 1
sacred 1
sacred 1
saddened 1
sallied 1
savagery 1
savages 1
saving 1
saving 1
scarcely 1
scarcely 1
scarcely 1
scarcely 1
scarcely 1
scarcely 1
scarcely 1
scarcely 1
schoolboy 1
schoolgirl 1
schoolmaster 1
schoolmaster 1
schoolmaster 1
scorching 1
scoundrelly 1
scrawl 1
scribble 1
seduction 1
seductive 1
send 1
serape 1
sermon 1
sermon 1
sermon 1
sermon 1
sermon 1
sermon 1
sermon 1
sermon 1
sermon 1
sermon 1
sermon 1
sermon 1
shall 1
shall 1
shall 1
shall 1
shall 1
shall 1
shall 1
shall 1
shall 1
shall 1
shall 1
shall 1
shall 1
shall 1
shall 1
shall 1
shall 1
shall 1
shall 1
shallow 1
shallow 1
shallow 1
shame 1
shame 1
shame 1
shame 1
sheered 1
sheets 1
sheets 1
sheets 1
shook 1
shook 1
shook 1
shook 1
shook 1
shook 1
shook 1
shook 1
shook 1
shook 1
shook 1
shook 1
shook 1
shook 1
shook 1
shut 1
shut 1
shut 1
shut 1
shut 1
shut 1
shut 1
shut 1
shut 1
shut 1
sidewalk 1
sidewalk 1
signpainter 1
signpainter 1
signpainter 1
simpering 1
singed 1
sir 1
sir 1
sir 1
sir 1
sir 1
sir 1
sir 1
sir 1
sir 1
sir 1
sir 1
sir 1
sir 1
sir 1
sir 1
sir 1
sir 1
sir 1
sir 1
sketches 1
skillet 1
slack 1
slathers 1
slathers 1
sleepy 1
sleepy 1
slit 1
slitting 1
smartness 1
smiled 1
smiled 1
smiled 1
snort 1
snort 1
so 1
so 1
so 1
so 1
so 1
so 1
so 1
so 1
so 1
so 1
so 1
so 1
so 1
so 1
so 1
so 1
so 1
so 1
so 1
so 1
so 1
so 1
so 1
so 1
so 1
so 1
so 1
so 1
so 1
so 1
so 1
so 1
so 1
so 1
so 1
so 1
so 1
so 1
so 1
so 1
so 1
so 1
so 1
so 1
so 1
so 1
so 1
so 1
so 1
so 1
so 1
so 1
so 1
so 1
so 1
so 1
so 1
so 1
so 1
so 1
so 1
so 1
so 1
so 1
so 1
so 1
so 1
so 1
so 1
so 1
so 1
so 1
so 1
so 1
so 1
so 1
so 1
so 1
so 1
so 1
so 1
so 1
so 1
so 1
so 1
so 1
so 1
so 1
so 1
so 1
so 1
so 1
so 1
so 1
so 1
so 1
so 1
so 1
so 1
so 1
so 1
so 1
so 1
so 1
so 1
so 1
so 1
so 1
so 1
so 1
so 1
so 1
so 1
so 1
so 1
so 1
so 1
so 1
so 1
so 1
so 1
so 1
so 1
so 1
so 1
so 1
so 1
so 1
so 1
so 1
so 1
so 1
so 1
so 1
so 1
so 1
so 1
so 1
so 1
so 1
so 1
so 1
so 1
so 1
so 1
so 1
so 1
so 1
so 1
so 1
so 1
so 1
so 1
so 1
so 1
so 1
so 1
so 1
so 1
so 1
so 1
so 1
so 1
so 1
so 1
so 1
so 1
so 1
so 1
so 1
so 1
so 1
so 1
so 1
so 1
so 1
so 1
so 1
so 1
so 1
so 1
so 1
so 1
so 1
so 1
so 1
so 1
so 1
so 1
so 1
so 1
so 1
so 1
so 1
so 1
so 1
so 1
so 1
so 1
so 1
so 1
so 1
so 1
so 1
so 1
so 1
so 1
so 1
so 1
so 1
so 1
so 1
so 1
so 1
so 1
so 1
so 1
so 1
so 1
so 1
so 1
so 1
so 1
so 1
so 1
so 1
so 1
so 1
so 1
so 1
so 1
so 1
so 1
so 1
so 1
so 1
so 1
so 1
so 1
so 1
so 1
so 1
so 1
so 1
so 1
so 1
so 1
so 1
so 1
so 1
so 1
so 1
so 1
so 1
so 1
so 1
so 1
so 1
so 1
so 1
so 1
so 1
so 1
so 1
so 1
so 1
so 1
so 1
so 1
so 1
so 1
so 1
so 1
so 1
so 1
so 1
so 1
so 1
so 1
so 1
so 1
so 1
so 1
so 1
so 1
so 1
so 1
so 1
so 1
so 1
so 1
so 1
so 1
so 1
so 1
so 1
so 1
so 1
soft 1
soft 1
soft 1
soft 1
somebody 1
somebody 1
somebody 1
somebody 1
somebody 1
somebody 1
somebody 1
somebody 1
somebody 1
somebody 1
somebody 1
somebody 1
somebody 1
somebody 1
son 1
son 1
son 1
son 1
sooner 1
sooner 1
sorrow 1
sorrow 1
sorrow 1
sort 1
sort 1
sort 1
sort 1
sort 1
sort 1
sort 1
sort 1
sort 1
sort 1
sort 1
sort 1
sort 1
sort 1
sort 1
sort 1
sort 1
sort 1
sort 1
souls 1
souls 1
souls 1
souls 1
spattered 1
speak 1
speak 1
speak 1
speak 1
speak 1
speak 1
speak 1
speak 1
speak 1
speak 1
speak 1
speak 1
specified 1
specified 1
spectacle 1
spectacle 1
spectacle 1
spectacle 1
spectacle 1
spectacle 1
spectacle 1
speech 1
speech 1
speech 1
speech 1
speech 1
speech 1
speech 1
speech 1
speech 1
speech 1
spell 1
spend 1
splitting 1
spot 1
spot 1
spot 1
spot 1
spot 1
spot 1
spot 1
spot 1
squeaking 1
stabboard 1
stabboard 1
stabboard 1
stairs 1
stairs 1
stairs 1
stairs 1
stalactite 1
stand 1
stand 1
stand 1
stand 1
stand 1
stand 1
stand 1
stand 1
stand 1
stand 1
stand 1
stand 1
stand 1
stand 1
stand 1
stand 1
stand 1
stand 1
stand 1
stand 1
stares 1
staring 1
staring 1
staring 1
starlight 1
start 1
start 1
start 1
start 1
start 1
start 1
start 1
start 1
start 1
start 1
start 1
start 1
start 1
start 1
statements 1
statements 1
status 1
status 1
status 1
status 1
stays 1
steady 1
steady 1
steady 1
stern 1
stern 1
stern 1
stooped 1
stooped 1
stores 1
straightened 1
straightened 1
stream 1
stream 1
stream 1
stream 1
stream 1
stream 1
stream 1
stretched 1
stretched 1
stretched 1
stretched 1
stretched 1
stretched 1
stretched 1
strike 1
strike 1
strike 1
strike 1
strike 1
strings 1
strings 1
strongly 1
substance 1
suddenly 1
suddenly 1
suddenly 1
suddenly 1
suddenly 1
suddenly 1
suddenly 1
suddenly 1
suddenly 1
suddenly 1
suddenly 1
suddenly 1
suggestion 1
suits 1
suits 1
suits 1
suits 1
summersets 1
sup 1
supposing 1
suspected 1
suspected 1
suspected 1
suspected 1
swagger 1
swarm 1
swarthy 1
swearing 1
sweet 1
sweet 1
sweet 1
swing 1
swing 1
swing 1
switch 1
switch 1
swung 1
taking 1
taking 1
taking 1
taking 1
taking 1
taking 1
taking 1
taking 1
taking 1
taking 1
talk 1
talk 1
talk 1
talk 1
talk 1
talk 1
talk 1
talk 1
talk 1
talk 1
talk 1
talk 1
talk 1
talk 1
talk 1
talk 1
talk 1
talk 1
talk 1
talk 1
talk 1
talk 1
talk 1
talk 1
talk 1
talk 1
talk 1
talk 1
talk 1
talk 1
talk 1
talk 1
talk 1
talk 1
talk 1
talk 1
talk 1
talk 1
talk 1
talk 1
talk 1
talk 1
talk 1
talk 1
talk 1
talk 1
talk 1
tarry 1
tavern 1
tavern 1
tavern 1
tavern 1
tavern 1
tavern 1
tavern 1
tavern 1
tavern 1
tavern 1
tavern 1
tavern 1
tavern 1
tavern 1
tear 1
tear 1
tear 1
tear 1
tear 1
tear 1
tear 1
tear 1
tearing 1
tearing 1
tearing 1
tearing 1
tearing 1
tearing 1
tempest 1
tempest 1
tempting 1
thank 1
their 1
their 1
their 1
their 1
their 1
their 1
their 1
their 1
their 1
their 1
their 1
their 1
their 1
their 1
their 1
their 1
their 1
their 1
their 1
their 1
their 1
their 1
their 1
their 1
their 1
their 1
their 1
their 1
their 1
their 1
their 1
their 1
their 1
their 1
their 1
their 1
their 1
their 1
their 1
their 1
their 1
their 1
their 1
their 1
their 1
their 1
their 1
their 1
their 1
their 1
their 1
their 1
their 1
their 1
their 1
their 1
their 1
their 1
their 1
their 1
their 1
their 1
their 1
their 1
their 1
their 1
their 1
their 1
their 1
their 1
their 1
their 1
their 1
their 1
their 1
their 1
their 1
their 1
their 1
their 1
their 1
their 1
their 1
their 1
their 1
their 1
their 1
their 1
their 1
their 1
their 1
their 1
their 1
their 1
their 1
their 1
their 1
their 1
their 1
their 1
their 1
their 1
their 1
their 1
their 1
their 1
their 1
their 1
their 1
their 1
their 1
their 1
their 1
their 1
their 1
their 1
their 1
their 1
their 1
their 1
their 1
their 1
their 1
their 1
their 1
their 1
their 1
their 1
their 1
their 1
their 1
their 1
their 1
their 1
their 1
their 1
their 1
their 1
their 1
their 1
their 1
their 1
their 1
their 1
their 1
their 1
their 1
their 1
their 1
their 1
their 1
their 1
their 1
their 1
their 1
their 1
their 1
their 1
their 1
their 1
their 1
their 1
their 1
their 1
their 1
their 1
their 1
their 1
their 1
their 1
their 1
their 1
their 1
their 1
their 1
their 1
their 1
their 1
their 1
their 1
their 1
their 1
their 1
their 1
their 1
their 1
their 1
their 1
therefore 1
therefore 1
therefore 1
therefore 1
therefore 1
therefore 1
therefore 1
therefore 1
think 1
think 1
think 1
think 1
think 1
think 1
think 1
think 1
think 1
think 1
think 1
think 1
think 1
think 1
think 1
think 1
think 1
think 1
think 1
think 1
think 1
think 1
think 1
think 1
think 1
think 1
think 1
think 1
think 1
think 1
think 1
think 1
think 1
think 1
think 1
think 1
think 1
think 1
think 1
think 1
think 1
think 1
think 1
think 1
think 1
think 1
thinned 1
thinned 1
thish 1
thousand 1
thousand 1
thousand 1
thousand 1
thousand 1
thousand 1
thousand 1
thousand 1
thousand 1
thousand 1
thousand 1
thousand 1
thousand 1
thread 1
thread 1
thread 1
thread 1
thread 1
thread 1
thread 1
thread 1
thread 1
throat 1
throat 1
throat 1
throat 1
tight 1
times 1
times 1
times 1
times 1
times 1
times 1
times 1
times 1
times 1
times 1
times 1
times 1
times 1
times 1
times 1
times 1
times 1
times 1
times 1
times 1
times 1
times 1
times 1
times 1
times 1
tinted 1
tinted 1
tiresome 1
tole 1
tole 1
tolerated 1
tongue 1
tongue 1
tongue 1
tongue 1
tongue 1
tongue 1
tongue 1
tongue 1
tongue 1
tongue 1
tongue 1
tongue 1
tore 1
tore 1
tore 1
tore 1
tore 1
tore 1
tourist 1
toy 1
traded 1
traded 1
trampling 1
transfixed 1
transpired 1
travel 1
travel 1
tread 1
trickled 1
trifled 1
trooping 1
trounce 1
true 1
true 1
true 1
true 1
true 1
twilight 1
twilight 1
twilight 1
twilight 1
twilight 1
twilight 1
twilight 1
unadorned 1
underbrush 1
understand 1
understand 1
understand 1
understand 1
understand 1
understand 1
understand 1
unexplored 1
unflagging 1
unfrequented 1
ungraspable 1
unperceived 1
unromantic 1
unsympathetic 1
until 1
until 1
until 1
until 1
until 1
until 1
until 1
until 1
until 1
until 1
until 1
until 1
until 1
until 1
until 1
until 1
until 1
until 1
until 1
until 1
until 1
until 1
until 1
until 1
vague 1
vague 1
vague 1
vague 1
vague 1
vague 1
vague 1
vague 1
vague 1
vary 1
vast 1
vast 1
vast 1
vast 1
vast 1
vast 1
vast 1
vast 1
vast 1
vast 1
vengeance 1
vengeance 1
verses 1
verses 1
verses 1
verses 1
verses 1
verses 1
verses 1
verses 1
verses 1
victim 1
victim 1
viewed 1
viewed 1
wandered 1
wandered 1
wandered 1
wandered 1
wandered 1
wandered 1
wandered 1
wandered 1
wandered 1
wandered 1
wandered 1
wandered 1
wanting 1
wanting 1
wanting 1
warn 1
warn 1
warn 1
warn 1
warn 1
warn 1
warn 1
warn 1
warn 1
warn 1
warn 1
warn 1
warn 1
warn 1
warn 1
warn 1
warn 1
warn 1
warning 1
warning 1
warning 1
warwhoops 1
washed 1
washed 1
watcher 1
watcher 1
watchful 1
waves 1
weather 1
weather 1
weather 1
weather 1
wedding 1
wedding 1
weeds 1
weeds 1
weeds 1
weeds 1
weeds 1
week 1
week 1
week 1
week 1
week 1
week 1
week 1
week 1
week 1
week 1
week 1
week 1
week 1
week 1
weepon 1
wetting 1
whack 1
whack 1
whack 1
whack 1
whack 1
whack 1
whack 1
wherein 1
wherever 1
wherever 1
wherever 1
wherever 1
whitewashing 1
whitewashing 1
whitewashing 1
whitewashing 1
who 1
who 1
who 1
who 1
who 1
who 1
who 1
who 1
who 1
who 1
who 1
who 1
who 1
who 1
who 1
who 1
who 1
who 1
who 1
who 1
who 1
who 1
who 1
who 1
who 1
who 1
who 1
who 1
who 1
who 1
who 1
who 1
who 1
who 1
who 1
who 1
who 1
who 1
who 1
who 1
who 1
who 1
who 1
who 1
who 1
who 1
who 1
who 1
who 1
who 1
who 1
who 1
who 1
who 1
who 1
who 1
who 1
who 1
who 1
whooped 1
window 1
window 1
window 1
window 1
window 1
window 1
window 1
window 1
window 1
window 1
window 1
window 1
window 1
window 1
window 1
window 1
window 1
window 1
window 1
window 1
window 1
window 1
window 1
window 1
window 1
window 1
window 1
window 1
window 1
without 1
without 1
without 1
without 1
without 1
without 1
without 1
without 1
without 1
without 1
without 1
without 1
without 1
without 1
without 1
without 1
without 1
without 1
without 1
without 1
without 1
without 1
without 1
without 1
without 1
without 1
without 1
without 1
without 1
without 1
without 1
without 1
without 1
without 1
without 1
without 1
without 1
without 1
without 1
without 1
without 1
without 1
without 1
without 1
without 1
without 1
without 1
without 1
without 1
without 1
without 1
without 1
woke 1
woke 1
woke 1
women 1
women 1
women 1
women 1
women 1
women 1
women 1
women 1
women 1
women 1
women 1
women 1
women 1
women 1
wooed 1
works 1
works 1
works 1
works 1
works 1
works 1
works 1
works 1
works 1
works 1
works 1
works 1
works 1
works 1
works 1
works 1
works 1
works 1
works 1
works 1
works 1
works 1
works 1
works 1
works 1
works 1
works 1
works 1
works 1
works 1
works 1
works 1
works 1
worse 1
worse 1
worse 1
worse 1
worse 1
worse 1
worse 1
worse 1
worse 1
wrath 1
wrath 1
writing 1
writing 1
writing 1
writing 1
writing 1
writing 1
writing 1
yell 1
yours 1
zenith 1
