AND 1
Adored 1
Adventures 1
Adventures 1
Adventures 1
Adventures 1
Ah 1
Ah 1
Ah 1
Ah 1
Ah 1
Alarming 1
Amen 1
Amen 1
And 1
And 1
And 1
And 1
And 1
And 1
And 1
And 1
And 1
And 1
And 1
And 1
And 1
And 1
And 1
And 1
And 1
And 1
And 1
And 1
And 1
And 1
And 1
And 1
And 1
And 1
And 1
And 1
And 1
And 1
And 1
And 1
And 1
And 1
And 1
And 1
And 1
And 1
And 1
And 1
And 1
And 1
And 1
And 1
And 1
And 1
And 1
And 1
And 1
And 1
And 1
And 1
And 1
And 1
And 1
And 1
And 1
And 1
And 1
And 1
And 1
And 1
And 1
And 1
And 1
And 1
And 1
And 1
And 1
And 1
And 1
And 1
And 1
And 1
And 1
And 1
And 1
And 1
And 1
And 1
And 1
And 1
And 1
And 1
And 1
And 1
And 1
And 1
And 1
And 1
And 1
And 1
And 1
And 1
And 1
And 1
And 1
And 1
And 1
And 1
And 1
And 1
And 1
And 1
And 1
And 1
And 1
And 1
And 1
And 1
And 1
And 1
And 1
And 1
And 1
And 1
And 1
And 1
And 1
And 1
And 1
And 1
And 1
And 1
And 1
And 1
And 1
And 1
And 1
And 1
And 1
And 1
And 1
And 1
And 1
And 1
And 1
And 1
And 1
And 1
Anyway 1
Anyway 1
Arrived 1
Asserts 1
At 1
At 1
At 1
At 1
At 1
At 1
At 1
At 1
At 1
At 1
At 1
At 1
At 1
At 1
At 1
At 1
At 1
At 1
At 1
At 1
At 1
At 1
At 1
At 1
At 1
At 1
At 1
At 1
At 1
At 1
At 1
At 1
At 1
At 1
At 1
At 1
At 1
At 1
At 1
At 1
Attacked 1
Attempt 1
Author 1
BEFORE 1
BUT 1
BUT 1
Becuz 1
Becuz 1
Becuz 1
Becuz 1
Bill 1
Brings 1
Bundles 1
Cadet 1
Cave 1
Cave 1
Cave 1
Cave 1
Cave 1
Cave 1
Cave 1
Children 1
Church 1
Church 1
Church 1
Church 1
Church 1
Church 1
Clemens 1
Clemens 1
Clemens 1
Clemens 1
Commission 1
Compare 1
Compared 1
Compositions 1
Considering 1
Coonville 1
Counsel 1
Counsel 1
Counsel 1
Counsel 1
Court 1
Court 1
Creating 1
DAMAGE 1
Dat 1
Decides 1
Decides 1
Didn 1
Didn 1
Didn 1
Didn 1
Didn 1
Didn 1
Donations 1
Donations 1
Douglas 1
Douglas 1
Douglas 1
Douglas 1
Douglas 1
Douglas 1
Douglas 1
Douglas 1
Douglas 1
Douglas 1
Douglas 1
Douglas 1
Douglas 1
Douglas 1
Douglas 1
Douglas 1
EXCEPT 1
Each 1
Each 1
Each 1
Each 1
Each 1
Each 1
Early 1
Early 1
Early 1
Everything 1
Everything 1
Everything 1
Everything 1
Everything 1
Everything 1
FOR 1
FOR 1
FOR 1
Fairbanks 1
Filial 1
Find 1
Finn 1
Finn 1
Finn 1
Finn 1
Finn 1
Finn 1
Finn 1
Finn 1
Finn 1
Finn 1
Finn 1
Finn 1
Finn 1
Finn 1
Finn 1
Finn 1
Finn 1
Finn 1
Fisher 1
For 1
For 1
For 1
For 1
For 1
For 1
For 1
For 1
For 1
For 1
For 1
For 1
For 1
Gimme 1
Give 1
Give 1
Give 1
Give 1
Gracie 1
Gracie 1
Graveyard 1
Great 1
Greatest 1
Gutenberg 1
Gutenberg 1
Gutenberg 1
Gutenberg 1
Gutenberg 1
Gutenberg 1
Gutenberg 1
Gutenberg 1
Gutenberg 1
Gutenberg 1
Gutenberg 1
Gutenberg 1
Gutenberg 1
Gutenberg 1
Gutenberg 1
Gutenberg 1
Gutenberg 1
Gutenberg 1
Gutenberg 1
Gutenberg 1
Gutenberg 1
Gutenberg 1
Gutenberg 1
Gutenberg 1
Gutenberg 1
Gutenberg 1
Gutenberg 1
Gutenberg 1
Gutenberg 1
Gutenberg 1
Gutenberg 1
Gutenberg 1
Gutenberg 1
Gutenberg 1
Gutenberg 1
Gutenberg 1
Gutenberg 1
Gutenberg 1
Gutenberg 1
Gutenberg 1
Gutenberg 1
Gutenberg 1
Gutenberg 1
Gutenberg 1
Gutenberg 1
Gutenberg 1
Gutenberg 1
Gutenberg 1
Gutenberg 1
Gutenberg 1
Gutenberg 1
Gutenberg 1
Gutenberg 1
Gutenberg 1
Gutenberg 1
Gutenberg 1
Gutenberg 1
Gutenberg 1
Gutenberg 1
Gutenberg 1
Gutenberg 1
Gutenberg 1
Gutenberg 1
Gutenberg 1
Gutenberg 1
Gutenberg 1
Gutenberg 1
Gutenberg 1
Gutenberg 1
Gutenberg 1
Gutenberg 1
Gutenberg 1
Gutenberg 1
Gutenberg 1
Gutenberg 1
Gutenberg 1
Gutenberg 1
Gutenberg 1
Gutenberg 1
Gutenberg 1
Gutenberg 1
Gutenberg 1
Gutenberg 1
Guy 1
Guy 1
Hays 1
Her 1
Her 1
Her 1
Her 1
Her 1
Horse 1
I 1
I 1
I 1
I 1
I 1
I 1
I 1
I 1
I 1
I 1
I 1
I 1
I 1
I 1
I 1
I 1
I 1
I 1
I 1
I 1
I 1
I 1
I 1
I 1
I 1
I 1
I 1
I 1
I 1
I 1
I 1
I 1
I 1
I 1
I 1
I 1
I 1
I 1
I 1
I 1
I 1
I 1
I 1
I 1
I 1
I 1
I 1
I 1
I 1
I 1
I 1
I 1
I 1
I 1
I 1
I 1
I 1
I 1
I 1
I 1
I 1
I 1
I 1
I 1
I 1
I 1
I 1
I 1
I 1
I 1
I 1
I 1
I 1
I 1
I 1
I 1
I 1
I 1
I 1
I 1
I 1
I 1
I 1
I 1
I 1
I 1
I 1
I 1
I 1
I 1
I 1
I 1
I 1
I 1
I 1
I 1
I 1
I 1
I 1
I 1
I 1
I 1
I 1
I 1
I 1
I 1
I 1
I 1
I 1
I 1
I 1
I 1
I 1
I 1
I 1
I 1
I 1
I 1
I 1
I 1
I 1
I 1
I 1
I 1
I 1
I 1
I 1
I 1
I 1
I 1
I 1
I 1
I 1
I 1
I 1
I 1
I 1
I 1
I 1
I 1
I 1
I 1
I 1
I 1
I 1
I 1
I 1
I 1
I 1
I 1
I 1
I 1
I 1
I 1
I 1
I 1
I 1
I 1
I 1
I 1
I 1
I 1
I 1
I 1
I 1
I 1
I 1
I 1
I 1
I 1
I 1
I 1
I 1
I 1
I 1
I 1
I 1
I 1
I 1
I 1
I 1
I 1
I 1
I 1
I 1
I 1
I 1
I 1
I 1
I 1
I 1
I 1
I 1
I 1
I 1
I 1
I 1
I 1
I 1
I 1
I 1
I 1
I 1
I 1
I 1
I 1
I 1
I 1
I 1
I 1
I 1
I 1
I 1
I 1
I 1
I 1
I 1
I 1
I 1
I 1
I 1
I 1
I 1
I 1
I 1
I 1
I 1
I 1
I 1
I 1
I 1
I 1
I 1
I 1
I 1
I 1
I 1
I 1
I 1
I 1
I 1
I 1
I 1
I 1
I 1
I 1
I 1
I 1
I 1
I 1
I 1
I 1
I 1
I 1
I 1
I 1
I 1
I 1
I 1
I 1
I 1
I 1
I 1
I 1
I 1
I 1
I 1
I 1
I 1
I 1
I 1
I 1
I 1
I 1
I 1
I 1
I 1
I 1
I 1
I 1
I 1
I 1
I 1
I 1
I 1
I 1
I 1
I 1
I 1
I 1
I 1
I 1
I 1
I 1
I 1
I 1
I 1
I 1
I 1
I 1
I 1
I 1
I 1
I 1
I 1
I 1
I 1
I 1
I 1
I 1
I 1
I 1
I 1
I 1
I 1
I 1
I 1
I 1
I 1
I 1
I 1
I 1
I 1
I 1
I 1
I 1
I 1
I 1
I 1
I 1
I 1
I 1
I 1
I 1
I 1
I 1
I 1
I 1
I 1
I 1
I 1
I 1
I 1
I 1
I 1
I 1
I 1
I 1
I 1
I 1
I 1
I 1
I 1
I 1
I 1
I 1
I 1
I 1
I 1
I 1
I 1
I 1
I 1
I 1
I 1
I 1
I 1
I 1
I 1
I 1
I 1
I 1
I 1
I 1
I 1
I 1
I 1
I 1
I 1
I 1
I 1
I 1
I 1
I 1
I 1
I 1
I 1
I 1
I 1
I 1
I 1
I 1
I 1
I 1
I 1
I 1
I 1
I 1
I 1
I 1
I 1
I 1
I 1
I 1
I 1
I 1
I 1
I 1
I 1
I 1
I 1
I 1
I 1
I 1
I 1
I 1
I 1
I 1
I 1
I 1
I 1
I 1
I 1
I 1
I 1
I 1
I 1
I 1
I 1
I 1
I 1
I 1
I 1
I 1
I 1
I 1
I 1
I 1
I 1
I 1
I 1
I 1
I 1
I 1
I 1
I 1
I 1
I 1
I 1
I 1
I 1
I 1
I 1
I 1
I 1
I 1
I 1
I 1
I 1
I 1
I 1
I 1
I 1
I 1
I 1
I 1
I 1
I 1
I 1
I 1
I 1
I 1
I 1
I 1
I 1
I 1
I 1
I 1
I 1
I 1
I 1
I 1
I 1
I 1
I 1
I 1
I 1
I 1
I 1
I 1
I 1
I 1
I 1
I 1
I 1
I 1
I 1
I 1
I 1
I 1
I 1
I 1
I 1
I 1
I 1
I 1
I 1
I 1
I 1
I 1
I 1
I 1
I 1
I 1
I 1
I 1
I 1
I 1
I 1
I 1
I 1
I 1
I 1
I 1
I 1
I 1
I 1
I 1
I 1
I 1
I 1
I 1
I 1
I 1
I 1
I 1
I 1
I 1
I 1
I 1
I 1
I 1
I 1
I 1
I 1
I 1
I 1
I 1
I 1
I 1
I 1
I 1
I 1
I 1
I 1
I 1
I 1
I 1
I 1
I 1
I 1
I 1
I 1
I 1
I 1
I 1
I 1
I 1
I 1
I 1
I 1
I 1
I 1
I 1
I 1
I 1
I 1
I 1
I 1
I 1
I 1
I 1
I 1
I 1
I 1
I 1
I 1
I 1
I 1
I 1
I 1
I 1
I 1
I 1
I 1
I 1
I 1
I 1
I 1
I 1
I 1
I 1
I 1
I 1
I 1
I 1
I 1
I 1
I 1
I 1
I 1
I 1
I 1
I 1
I 1
I 1
I 1
I 1
I 1
I 1
I 1
I 1
I 1
I 1
I 1
I 1
I 1
I 1
I 1
I 1
I 1
I 1
I 1
I 1
I 1
I 1
I 1
I 1
I 1
I 1
I 1
I 1
I 1
I 1
I 1
I 1
I 1
I 1
I 1
I 1
I 1
I 1
I 1
I 1
I 1
I 1
I 1
I 1
I 1
I 1
I 1
I 1
I 1
I 1
I 1
I 1
I 1
I 1
I 1
I 1
I 1
I 1
I 1
I 1
I 1
I 1
I 1
I 1
I 1
I 1
I 1
I 1
I 1
I 1
I 1
I 1
I 1
I 1
I 1
I 1
I 1
I 1
I 1
I 1
I 1
I 1
I 1
I 1
I 1
I 1
I 1
I 1
I 1
I 1
I 1
I 1
I 1
I 1
I 1
I 1
I 1
I 1
I 1
I 1
I 1
I 1
I 1
I 1
I 1
I 1
I 1
I 1
I 1
I 1
I 1
I 1
I 1
I 1
I 1
I 1
I 1
I 1
I 1
I 1
I 1
I 1
I 1
I 1
I 1
I 1
I 1
I 1
I 1
I 1
I 1
I 1
I 1
I 1
I 1
I 1
I 1
I 1
I 1
I 1
I 1
I 1
I 1
I 1
I 1
I 1
I 1
I 1
I 1
I 1
I 1
I 1
I 1
I 1
I 1
I 1
I 1
I 1
I 1
I 1
I 1
I 1
I 1
I 1
I 1
I 1
I 1
I 1
I 1
I 1
I 1
I 1
I 1
I 1
I 1
I 1
I 1
I 1
I 1
I 1
I 1
I 1
I 1
I 1
I 1
I 1
I 1
I 1
I 1
I 1
I 1
I 1
I 1
I 1
I 1
I 1
I 1
I 1
I 1
I 1
I 1
I 1
I 1
I 1
I 1
I 1
I 1
I 1
I 1
I 1
I 1
I 1
I 1
I 1
I 1
I 1
I 1
I 1
I 1
I 1
I 1
I 1
I 1
I 1
I 1
I 1
I 1
I 1
I 1
I 1
I 1
I 1
I 1
I 1
I 1
I 1
I 1
I 1
I 1
I 1
I 1
I 1
I 1
I 1
I 1
I 1
I 1
I 1
I 1
I 1
I 1
I 1
I 1
I 1
I 1
I 1
I 1
I 1
I 1
I 1
I 1
I 1
I 1
I 1
I 1
I 1
I 1
I 1
I 1
I 1
I 1
I 1
I 1
I 1
I 1
I 1
I 1
I 1
I 1
I 1
I 1
I 1
I 1
I 1
I 1
I 1
I 1
I 1
I 1
I 1
I 1
I 1
I 1
I 1
I 1
I 1
I 1
I 1
I 1
I 1
I 1
I 1
I 1
I 1
I 1
I 1
I 1
I 1
I 1
I 1
I 1
I 1
I 1
I 1
I 1
I 1
I 1
I 1
I 1
I 1
I 1
I 1
I 1
I 1
I 1
I 1
I 1
I 1
I 1
I 1
I 1
I 1
I 1
I 1
I 1
I 1
I 1
I 1
I 1
I 1
I 1
I 1
I 1
I 1
I 1
I 1
I 1
I 1
I 1
I 1
I 1
I 1
I 1
I 1
I 1
I 1
I 1
I 1
I 1
I 1
I 1
I 1
I 1
I 1
I 1
I 1
I 1
I 1
I 1
I 1
I 1
I 1
I 1
I 1
I 1
I 1
I 1
I 1
I 1
I 1
I 1
I 1
I 1
I 1
I 1
I 1
I 1
I 1
I 1
I 1
I 1
I 1
I 1
I 1
I 1
I 1
I 1
I 1
I 1
I 1
I 1
I 1
I 1
I 1
IV 1
IV 1
IX 1
IX 1
In 1
In 1
In 1
In 1
In 1
In 1
In 1
In 1
In 1
In 1
In 1
In 1
In 1
In 1
In 1
In 1
In 1
In 1
In 1
In 1
In 1
In 1
In 1
In 1
In 1
In 1
In 1
In 1
In 1
In 1
In 1
In 1
In 1
In 1
In 1
In 1
In 1
In 1
In 1
In 1
In 1
Island 1
Island 1
Island 1
Island 1
Jake 1
Jake 1
Jake 1
Keep 1
Keep 1
Keep 1
Knife 1
LIABLE 1
Lengthy 1
Listen 1
Listen 1
Listen 1
Longings 1
Luck 1
Luck 1
Many 1
Many 1
Many 1
Mark 1
Mark 1
Mark 1
Mark 1
Mf 1
Milksop 1
Mr 1
Mr 1
Mr 1
Mr 1
Mr 1
Mr 1
Mr 1
Mr 1
Mr 1
Mr 1
Mr 1
Mr 1
Mr 1
Mr 1
Mr 1
Mr 1
Mr 1
Mr 1
Mr 1
Mr 1
Mr 1
Mr 1
Mr 1
Mr 1
Mr 1
Mr 1
Nature 1
Nature 1
Nature 1
Nature 1
Nottingham 1
Number 1
Number 1
Number 1
Number 1
Number 1
Number 1
OF 1
OF 1
OF 1
OF 1
OF 1
OF 1
OF 1
OF 1
OF 1
OF 1
OF 1
OR 1
OR 1
OR 1
OR 1
OR 1
OR 1
Of 1
Of 1
Of 1
Of 1
Of 1
Of 1
Of 1
Of 1
Of 1
Off 1
Off 1
Off 1
Omission 1
Opportunity 1
Part 1
Peters 1
Petersburg 1
Petersburg 1
Petersburg 1
Petersburg 1
Petersburg 1
Petersburg 1
Petersburg 1
Project 1
Project 1
Project 1
Project 1
Project 1
Project 1
Project 1
Project 1
Project 1
Project 1
Project 1
Project 1
Project 1
Project 1
Project 1
Project 1
Project 1
Project 1
Project 1
Project 1
Project 1
Project 1
Project 1
Project 1
Project 1
Project 1
Project 1
Project 1
Project 1
Project 1
Project 1
Project 1
Project 1
Project 1
Project 1
Project 1
Project 1
Project 1
Project 1
Project 1
Project 1
Project 1
Project 1
Project 1
Project 1
Project 1
Project 1
Project 1
Project 1
Project 1
Project 1
Project 1
Project 1
Project 1
Project 1
Project 1
Project 1
Project 1
Project 1
Project 1
Project 1
Project 1
Project 1
Project 1
Project 1
Project 1
Project 1
Project 1
Project 1
Project 1
Project 1
Project 1
Project 1
Project 1
Project 1
Project 1
Project 1
Project 1
Project 1
Project 1
Project 1
Project 1
Project 1
Prose 1
Protection 1
Put 1
Reconnoiters 1
Redistribution 1
Repentance 1
Reports 1
Reports 1
Resurrection 1
Rousing 1
Run 1
Run 1
Run 1
S 1
S 1
S 1
S 1
S 1
S 1
S 1
S 1
S 1
S 1
S 1
S 1
S 1
Said 1
Said 1
Said 1
Salvation 1
Section 1
Section 1
Section 1
Section 1
Section 1
Section 1
Section 1
Soon 1
Soon 1
Soon 1
Splendor 1
Sprague 1
Spunk 1
Spunk 1
Stead 1
Stead 1
Storm 1
Storm 1
THAT 1
THAT 1
THAT 1
THAT 1
THE 1
THE 1
THE 1
THE 1
THE 1
THE 1
THE 1
THE 1
THE 1
THE 1
THE 1
THE 1
TRADEMARK 1
Terrible 1
Testament 1
That 1
That 1
That 1
That 1
That 1
That 1
That 1
That 1
That 1
That 1
That 1
That 1
That 1
That 1
That 1
That 1
That 1
That 1
That 1
That 1
That 1
That 1
That 1
That 1
That 1
That 1
That 1
That 1
That 1
That 1
That 1
That 1
That 1
That 1
That 1
That 1
That 1
That 1
That 1
That 1
That 1
That 1
That 1
That 1
That 1
That 1
That 1
That 1
That 1
That 1
That 1
That 1
That 1
That 1
That 1
That 1
That 1
That 1
That 1
That 1
That 1
That 1
That 1
That 1
That 1
The 1
The 1
The 1
The 1
The 1
The 1
The 1
The 1
The 1
The 1
The 1
The 1
The 1
The 1
The 1
The 1
The 1
The 1
The 1
The 1
The 1
The 1
The 1
The 1
The 1
The 1
The 1
The 1
The 1
The 1
The 1
The 1
The 1
The 1
The 1
The 1
The 1
The 1
The 1
The 1
The 1
The 1
The 1
The 1
The 1
The 1
The 1
The 1
The 1
The 1
The 1
The 1
The 1
The 1
The 1
The 1
The 1
The 1
The 1
The 1
The 1
The 1
The 1
The 1
The 1
The 1
The 1
The 1
The 1
The 1
The 1
The 1
The 1
The 1
The 1
The 1
The 1
The 1
The 1
The 1
The 1
The 1
The 1
The 1
The 1
The 1
The 1
The 1
The 1
The 1
The 1
The 1
The 1
The 1
The 1
The 1
The 1
The 1
The 1
The 1
The 1
The 1
The 1
The 1
The 1
The 1
The 1
The 1
The 1
The 1
The 1
The 1
The 1
The 1
The 1
The 1
The 1
The 1
The 1
The 1
The 1
The 1
The 1
The 1
The 1
The 1
The 1
The 1
The 1
The 1
The 1
The 1
The 1
The 1
The 1
The 1
The 1
The 1
The 1
The 1
The 1
The 1
The 1
The 1
The 1
The 1
The 1
The 1
The 1
The 1
The 1
The 1
The 1
The 1
The 1
The 1
The 1
The 1
The 1
The 1
The 1
The 1
The 1
The 1
The 1
The 1
The 1
The 1
The 1
The 1
The 1
The 1
The 1
The 1
The 1
The 1
The 1
The 1
The 1
The 1
The 1
The 1
The 1
The 1
The 1
The 1
The 1
The 1
The 1
The 1
The 1
The 1
The 1
The 1
The 1
The 1
The 1
The 1
The 1
The 1
The 1
The 1
The 1
The 1
The 1
The 1
The 1
The 1
The 1
The 1
The 1
The 1
The 1
The 1
The 1
The 1
The 1
The 1
The 1
The 1
The 1
The 1
The 1
The 1
The 1
The 1
The 1
The 1
The 1
The 1
The 1
The 1
The 1
The 1
The 1
The 1
The 1
The 1
The 1
The 1
The 1
The 1
The 1
The 1
The 1
The 1
The 1
The 1
The 1
The 1
The 1
The 1
The 1
The 1
The 1
The 1
The 1
The 1
The 1
The 1
The 1
The 1
The 1
The 1
The 1
The 1
The 1
The 1
The 1
The 1
The 1
The 1
The 1
The 1
The 1
The 1
The 1
The 1
The 1
The 1
The 1
The 1
The 1
The 1
The 1
The 1
The 1
The 1
The 1
The 1
The 1
The 1
The 1
The 1
The 1
The 1
The 1
The 1
The 1
The 1
The 1
The 1
The 1
The 1
The 1
The 1
The 1
The 1
The 1
The 1
The 1
The 1
The 1
The 1
The 1
The 1
The 1
The 1
The 1
The 1
The 1
The 1
The 1
The 1
The 1
The 1
The 1
The 1
The 1
The 1
The 1
The 1
The 1
The 1
The 1
The 1
The 1
The 1
The 1
The 1
The 1
The 1
The 1
The 1
The 1
The 1
The 1
The 1
The 1
The 1
The 1
The 1
The 1
The 1
The 1
The 1
The 1
The 1
The 1
The 1
The 1
The 1
The 1
The 1
The 1
The 1
The 1
The 1
The 1
The 1
The 1
The 1
The 1
The 1
The 1
The 1
The 1
The 1
The 1
The 1
The 1
The 1
The 1
The 1
The 1
The 1
The 1
The 1
The 1
The 1
The 1
The 1
The 1
The 1
The 1
The 1
The 1
The 1
The 1
The 1
The 1
The 1
The 1
The 1
The 1
The 1
The 1
The 1
The 1
The 1
The 1
The 1
The 1
The 1
The 1
The 1
The 1
The 1
The 1
The 1
The 1
The 1
The 1
The 1
The 1
The 1
The 1
The 1
The 1
The 1
The 1
The 1
The 1
The 1
The 1
The 1
The 1
The 1
These 1
These 1
These 1
These 1
These 1
These 1
These 1
Toys 1
Track 1
Track 1
Treasure 1
Treasure 1
Triumph 1
UT 1
Uncle 1
Uncle 1
Uncle 1
Use 1
Use 1
VIII 1
VIII 1
Vacation 1
Vacation 1
WORK 1
Water 1
Welchman 1
Welchman 1
Where 1
Where 1
Where 1
Where 1
Where 1
Where 1
Where 1
Where 1
Where 1
While 1
While 1
While 1
While 1
While 1
While 1
Whilst 1
Witches 1
Witches 1
Within 1
Within 1
Within 1
Work 1
Work 1
Work 1
XI 1
XI 1
XVIII 1
XVIII 1
XXI 1
XXI 1
XXVI 1
XXXI 1
XXXI 1
XXXIV 1
XXXIV 1
You 1
You 1
You 1
You 1
You 1
You 1
You 1
You 1
You 1
You 1
You 1
You 1
You 1
You 1
You 1
You 1
You 1
You 1
You 1
You 1
You 1
You 1
You 1
You 1
You 1
You 1
You 1
You 1
You 1
You 1
You 1
You 1
You 1
You 1
You 1
You 1
You 1
You 1
You 1
You 1
You 1
You 1
You 1
You 1
You 1
You 1
You 1
You 1
You 1
You 1
You 1
You 1
You 1
You 1
You 1
You 1
You 1
You 1
You 1
You 1
You 1
You 1
You 1
You 1
You 1
You 1
You 1
You 1
You 1
You 1
You 1
You 1
You 1
You 1
You 1
You 1
You 1
You 1
You 1
You 1
You 1
You 1
You 1
You 1
You 1
You 1
You 1
You 1
You 1
You 1
You 1
You 1
You 1
You 1
You 1
You 1
You 1
You 1
You 1
You 1
You 1
You 1
You 1
You 1
You 1
You 1
You 1
You 1
Youth 1
ablaze 1
absurd 1
absurd 1
abusing 1
accordance 1
accordance 1
account 1
account 1
account 1
account 1
account 1
account 1
account 1
account 1
account 1
account 1
accusing 1
ached 1
activities 1
additions 1
additions 1
additions 1
adherent 1
adoration 1
adoration 1
affection 1
afflicting 1
afloat 1
agin 1
agin 1
allow 1
allow 1
allow 1
allow 1
allowing 1
along 1
along 1
along 1
along 1
along 1
along 1
along 1
along 1
along 1
along 1
along 1
along 1
along 1
along 1
along 1
along 1
along 1
along 1
along 1
along 1
along 1
along 1
along 1
along 1
along 1
along 1
along 1
along 1
along 1
along 1
along 1
along 1
along 1
along 1
along 1
along 1
along 1
along 1
along 1
along 1
along 1
along 1
along 1
along 1
along 1
along 1
along 1
along 1
along 1
along 1
along 1
along 1
along 1
along 1
along 1
along 1
along 1
along 1
along 1
along 1
along 1
aloud 1
altered 1
ambition 1
ambition 1
ambition 1
amounted 1
amounted 1
amuse 1
and 1
and 1
and 1
and 1
and 1
and 1
and 1
and 1
and 1
and 1
and 1
and 1
and 1
and 1
and 1
and 1
and 1
and 1
and 1
and 1
and 1
and 1
and 1
and 1
and 1
and 1
and 1
and 1
and 1
and 1
and 1
and 1
and 1
and 1
and 1
and 1
and 1
and 1
and 1
and 1
and 1
and 1
and 1
and 1
and 1
and 1
and 1
and 1
and 1
and 1
and 1
and 1
and 1
and 1
and 1
and 1
and 1
and 1
and 1
and 1
and 1
and 1
and 1
and 1
and 1
and 1
and 1
and 1
and 1
and 1
and 1
and 1
and 1
and 1
and 1
and 1
and 1
and 1
and 1
and 1
and 1
and 1
and 1
and 1
and 1
and 1
and 1
and 1
and 1
and 1
and 1
and 1
and 1
and 1
and 1
and 1
and 1
and 1
and 1
and 1
and 1
and 1
and 1
and 1
and 1
and 1
and 1
and 1
and 1
and 1
and 1
and 1
and 1
and 1
and 1
and 1
and 1
and 1
and 1
and 1
and 1
and 1
and 1
and 1
and 1
and 1
and 1
and 1
and 1
and 1
and 1
and 1
and 1
and 1
and 1
and 1
and 1
and 1
and 1
and 1
and 1
and 1
and 1
and 1
and 1
and 1
and 1
and 1
and 1
and 1
and 1
and 1
and 1
and 1
and 1
and 1
and 1
and 1
and 1
and 1
and 1
and 1
and 1
and 1
and 1
and 1
and 1
and 1
and 1
and 1
and 1
and 1
and 1
and 1
and 1
and 1
and 1
and 1
and 1
and 1
and 1
and 1
and 1
and 1
and 1
and 1
and 1
and 1
and 1
and 1
and 1
and 1
and 1
and 1
and 1
and 1
and 1
and 1
and 1
and 1
and 1
and 1
and 1
and 1
and 1
and 1
and 1
and 1
and 1
and 1
and 1
and 1
and 1
and 1
and 1
and 1
and 1
and 1
and 1
and 1
and 1
and 1
and 1
and 1
and 1
and 1
and 1
and 1
and 1
and 1
and 1
and 1
and 1
and 1
and 1
and 1
and 1
and 1
and 1
and 1
and 1
and 1
and 1
and 1
and 1
and 1
and 1
and 1
and 1
and 1
and 1
and 1
and 1
and 1
and 1
and 1
and 1
and 1
and 1
and 1
and 1
and 1
and 1
and 1
and 1
and 1
and 1
and 1
and 1
and 1
and 1
and 1
and 1
and 1
and 1
and 1
and 1
and 1
and 1
and 1
and 1
and 1
and 1
and 1
and 1
and 1
and 1
and 1
and 1
and 1
and 1
and 1
and 1
and 1
and 1
and 1
and 1
and 1
and 1
and 1
and 1
and 1
and 1
and 1
and 1
and 1
and 1
and 1
and 1
and 1
and 1
and 1
and 1
and 1
and 1
and 1
and 1
and 1
and 1
and 1
and 1
and 1
and 1
and 1
and 1
and 1
and 1
and 1
and 1
and 1
and 1
and 1
and 1
and 1
and 1
and 1
and 1
and 1
and 1
and 1
and 1
and 1
and 1
and 1
and 1
and 1
and 1
and 1
and 1
and 1
and 1
and 1
and 1
and 1
and 1
and 1
and 1
and 1
and 1
and 1
and 1
and 1
and 1
and 1
and 1
and 1
and 1
and 1
and 1
and 1
and 1
and 1
and 1
and 1
and 1
and 1
and 1
and 1
and 1
and 1
and 1
and 1
and 1
and 1
and 1
and 1
and 1
and 1
and 1
and 1
and 1
and 1
and 1
and 1
and 1
and 1
and 1
and 1
and 1
and 1
and 1
and 1
and 1
and 1
and 1
and 1
and 1
and 1
and 1
and 1
and 1
and 1
and 1
and 1
and 1
and 1
and 1
and 1
and 1
and 1
and 1
and 1
and 1
and 1
and 1
and 1
and 1
and 1
and 1
and 1
and 1
and 1
and 1
and 1
and 1
and 1
and 1
and 1
and 1
and 1
and 1
and 1
and 1
and 1
and 1
and 1
and 1
and 1
and 1
and 1
and 1
and 1
and 1
and 1
and 1
and 1
and 1
and 1
and 1
and 1
and 1
and 1
and 1
and 1
and 1
and 1
and 1
and 1
and 1
and 1
and 1
and 1
and 1
and 1
and 1
and 1
and 1
and 1
and 1
and 1
and 1
and 1
and 1
and 1
and 1
and 1
and 1
and 1
and 1
and 1
and 1
and 1
and 1
and 1
and 1
and 1
and 1
and 1
and 1
and 1
and 1
and 1
and 1
and 1
and 1
and 1
and 1
and 1
and 1
and 1
and 1
and 1
and 1
and 1
and 1
and 1
and 1
and 1
and 1
and 1
and 1
and 1
and 1
and 1
and 1
and 1
and 1
and 1
and 1
and 1
and 1
and 1
and 1
and 1
and 1
and 1
and 1
and 1
and 1
and 1
and 1
and 1
and 1
and 1
and 1
and 1
and 1
and 1
and 1
and 1
and 1
and 1
and 1
and 1
and 1
and 1
and 1
and 1
and 1
and 1
and 1
and 1
and 1
and 1
and 1
and 1
and 1
and 1
and 1
and 1
and 1
and 1
and 1
and 1
and 1
and 1
and 1
and 1
and 1
and 1
and 1
and 1
and 1
and 1
and 1
and 1
and 1
and 1
and 1
and 1
and 1
and 1
and 1
and 1
and 1
and 1
and 1
and 1
and 1
and 1
and 1
and 1
and 1
and 1
and 1
and 1
and 1
and 1
and 1
and 1
and 1
and 1
and 1
and 1
and 1
and 1
and 1
and 1
and 1
and 1
and 1
and 1
and 1
and 1
and 1
and 1
and 1
and 1
and 1
and 1
and 1
and 1
and 1
and 1
and 1
and 1
and 1
and 1
and 1
and 1
and 1
and 1
and 1
and 1
and 1
and 1
and 1
and 1
and 1
and 1
and 1
and 1
and 1
and 1
and 1
and 1
and 1
and 1
and 1
and 1
and 1
and 1
and 1
and 1
and 1
and 1
and 1
and 1
and 1
and 1
and 1
and 1
and 1
and 1
and 1
and 1
and 1
and 1
and 1
and 1
and 1
and 1
and 1
and 1
and 1
and 1
and 1
and 1
and 1
and 1
and 1
and 1
and 1
and 1
and 1
and 1
and 1
and 1
and 1
and 1
and 1
and 1
and 1
and 1
and 1
and 1
and 1
and 1
and 1
and 1
and 1
and 1
and 1
and 1
and 1
and 1
and 1
and 1
and 1
and 1
and 1
and 1
and 1
and 1
and 1
and 1
and 1
and 1
and 1
and 1
and 1
and 1
and 1
and 1
and 1
and 1
and 1
and 1
and 1
and 1
and 1
and 1
and 1
and 1
and 1
and 1
and 1
and 1
and 1
and 1
and 1
and 1
and 1
and 1
and 1
and 1
and 1
and 1
and 1
and 1
and 1
and 1
and 1
and 1
and 1
and 1
and 1
and 1
and 1
and 1
and 1
and 1
and 1
and 1
and 1
and 1
and 1
and 1
and 1
and 1
and 1
and 1
and 1
and 1
and 1
and 1
and 1
and 1
and 1
and 1
and 1
and 1
and 1
and 1
and 1
and 1
and 1
and 1
and 1
and 1
and 1
and 1
and 1
and 1
and 1
and 1
and 1
and 1
and 1
and 1
and 1
and 1
and 1
and 1
and 1
and 1
and 1
and 1
and 1
and 1
and 1
and 1
and 1
and 1
and 1
and 1
and 1
and 1
and 1
and 1
and 1
and 1
and 1
and 1
and 1
and 1
and 1
and 1
and 1
and 1
and 1
and 1
and 1
and 1
and 1
and 1
and 1
and 1
and 1
and 1
and 1
and 1
and 1
and 1
and 1
and 1
and 1
and 1
and 1
and 1
and 1
and 1
and 1
and 1
and 1
and 1
and 1
and 1
and 1
and 1
and 1
and 1
and 1
and 1
and 1
and 1
and 1
and 1
and 1
and 1
and 1
and 1
and 1
and 1
and 1
and 1
and 1
and 1
and 1
and 1
and 1
and 1
and 1
and 1
and 1
and 1
and 1
and 1
and 1
and 1
and 1
and 1
and 1
and 1
and 1
and 1
and 1
and 1
and 1
and 1
and 1
and 1
and 1
and 1
and 1
and 1
and 1
and 1
and 1
and 1
and 1
and 1
and 1
and 1
and 1
and 1
and 1
and 1
and 1
and 1
and 1
and 1
and 1
and 1
and 1
and 1
and 1
and 1
and 1
and 1
and 1
and 1
and 1
and 1
and 1
and 1
and 1
and 1
and 1
and 1
and 1
and 1
and 1
and 1
and 1
and 1
and 1
and 1
and 1
and 1
and 1
and 1
and 1
and 1
and 1
and 1
and 1
and 1
and 1
and 1
and 1
and 1
and 1
and 1
and 1
and 1
and 1
and 1
and 1
and 1
and 1
and 1
and 1
and 1
and 1
and 1
and 1
and 1
and 1
and 1
and 1
and 1
and 1
and 1
and 1
and 1
and 1
and 1
and 1
and 1
and 1
and 1
and 1
and 1
and 1
and 1
and 1
and 1
and 1
and 1
and 1
and 1
and 1
and 1
and 1
and 1
and 1
and 1
and 1
and 1
and 1
and 1
and 1
and 1
and 1
and 1
and 1
and 1
and 1
and 1
and 1
and 1
and 1
and 1
and 1
and 1
and 1
and 1
and 1
and 1
and 1
and 1
and 1
and 1
and 1
and 1
and 1
and 1
and 1
and 1
and 1
and 1
and 1
and 1
and 1
and 1
and 1
and 1
and 1
and 1
and 1
and 1
and 1
and 1
and 1
and 1
and 1
and 1
and 1
and 1
and 1
and 1
and 1
and 1
and 1
and 1
and 1
and 1
and 1
and 1
and 1
and 1
and 1
and 1
and 1
and 1
and 1
and 1
and 1
and 1
and 1
and 1
and 1
and 1
and 1
and 1
and 1
and 1
and 1
and 1
and 1
and 1
and 1
and 1
and 1
and 1
and 1
and 1
and 1
and 1
and 1
and 1
and 1
and 1
and 1
and 1
and 1
and 1
and 1
and 1
and 1
and 1
and 1
and 1
and 1
and 1
and 1
and 1
and 1
and 1
and 1
and 1
and 1
and 1
and 1
and 1
and 1
and 1
and 1
and 1
and 1
and 1
and 1
and 1
and 1
and 1
and 1
and 1
and 1
and 1
and 1
and 1
and 1
and 1
and 1
and 1
and 1
and 1
and 1
and 1
and 1
and 1
and 1
and 1
and 1
and 1
and 1
and 1
and 1
and 1
and 1
and 1
and 1
and 1
and 1
and 1
and 1
and 1
and 1
and 1
and 1
and 1
and 1
and 1
and 1
and 1
and 1
and 1
and 1
and 1
and 1
and 1
and 1
and 1
and 1
and 1
and 1
and 1
and 1
and 1
and 1
and 1
and 1
and 1
and 1
and 1
and 1
and 1
and 1
and 1
and 1
and 1
and 1
and 1
and 1
and 1
and 1
and 1
and 1
and 1
and 1
and 1
and 1
and 1
and 1
and 1
and 1
and 1
and 1
and 1
and 1
and 1
and 1
and 1
and 1
and 1
and 1
and 1
and 1
and 1
and 1
and 1
and 1
and 1
and 1
and 1
and 1
and 1
and 1
and 1
and 1
and 1
and 1
and 1
and 1
and 1
and 1
and 1
and 1
and 1
and 1
and 1
and 1
and 1
and 1
and 1
and 1
and 1
and 1
and 1
and 1
and 1
and 1
and 1
and 1
and 1
and 1
and 1
and 1
and 1
and 1
and 1
and 1
and 1
and 1
and 1
and 1
and 1
and 1
and 1
and 1
and 1
and 1
and 1
and 1
and 1
and 1
and 1
and 1
and 1
and 1
and 1
and 1
and 1
and 1
and 1
and 1
and 1
and 1
and 1
and 1
and 1
and 1
and 1
and 1
and 1
and 1
and 1
and 1
and 1
and 1
and 1
and 1
and 1
and 1
and 1
and 1
and 1
and 1
and 1
and 1
and 1
and 1
and 1
and 1
and 1
and 1
and 1
and 1
and 1
and 1
and 1
and 1
and 1
and 1
and 1
and 1
and 1
and 1
and 1
and 1
and 1
and 1
and 1
and 1
and 1
and 1
and 1
and 1
and 1
and 1
and 1
and 1
and 1
and 1
and 1
and 1
and 1
and 1
and 1
and 1
and 1
and 1
and 1
and 1
and 1
and 1
and 1
and 1
and 1
and 1
and 1
and 1
and 1
and 1
and 1
and 1
and 1
and 1
and 1
and 1
and 1
and 1
and 1
and 1
and 1
and 1
and 1
and 1
and 1
and 1
and 1
and 1
and 1
and 1
and 1
and 1
and 1
and 1
and 1
and 1
and 1
and 1
and 1
and 1
and 1
and 1
and 1
and 1
and 1
and 1
and 1
and 1
and 1
and 1
and 1
and 1
and 1
and 1
and 1
and 1
and 1
and 1
and 1
and 1
and 1
and 1
and 1
and 1
and 1
and 1
and 1
and 1
and 1
and 1
and 1
and 1
and 1
and 1
and 1
and 1
and 1
and 1
and 1
and 1
and 1
and 1
and 1
and 1
and 1
and 1
and 1
and 1
and 1
and 1
and 1
and 1
and 1
and 1
and 1
and 1
and 1
and 1
and 1
and 1
and 1
and 1
and 1
and 1
and 1
and 1
and 1
and 1
and 1
and 1
and 1
and 1
and 1
and 1
and 1
and 1
and 1
and 1
and 1
and 1
and 1
and 1
and 1
and 1
and 1
and 1
and 1
and 1
and 1
and 1
and 1
and 1
and 1
and 1
and 1
and 1
and 1
and 1
and 1
and 1
and 1
and 1
and 1
and 1
and 1
and 1
and 1
and 1
and 1
and 1
and 1
and 1
and 1
and 1
and 1
and 1
and 1
and 1
and 1
and 1
and 1
and 1
and 1
and 1
and 1
and 1
and 1
and 1
and 1
and 1
and 1
and 1
and 1
and 1
and 1
and 1
and 1
and 1
and 1
and 1
and 1
and 1
and 1
and 1
and 1
and 1
and 1
and 1
and 1
and 1
and 1
and 1
and 1
and 1
and 1
and 1
and 1
and 1
and 1
and 1
and 1
and 1
and 1
and 1
and 1
and 1
and 1
and 1
and 1
and 1
and 1
and 1
and 1
and 1
and 1
and 1
and 1
and 1
and 1
and 1
and 1
and 1
and 1
and 1
and 1
and 1
and 1
and 1
and 1
and 1
and 1
and 1
and 1
and 1
and 1
and 1
and 1
and 1
and 1
and 1
and 1
and 1
and 1
and 1
and 1
and 1
and 1
and 1
and 1
and 1
and 1
and 1
and 1
and 1
and 1
and 1
and 1
and 1
and 1
and 1
and 1
and 1
and 1
and 1
and 1
and 1
and 1
and 1
and 1
and 1
and 1
and 1
and 1
and 1
and 1
and 1
and 1
and 1
and 1
and 1
and 1
and 1
and 1
and 1
and 1
and 1
and 1
and 1
and 1
and 1
and 1
and 1
and 1
and 1
and 1
and 1
and 1
and 1
and 1
and 1
and 1
and 1
and 1
and 1
and 1
and 1
and 1
and 1
and 1
and 1
and 1
and 1
and 1
and 1
and 1
and 1
and 1
and 1
and 1
and 1
and 1
and 1
and 1
and 1
and 1
and 1
and 1
and 1
and 1
and 1
and 1
and 1
and 1
and 1
and 1
and 1
and 1
and 1
and 1
and 1
and 1
and 1
and 1
and 1
and 1
and 1
and 1
and 1
and 1
and 1
and 1
and 1
and 1
and 1
and 1
and 1
and 1
and 1
and 1
and 1
and 1
and 1
and 1
and 1
and 1
and 1
and 1
and 1
and 1
and 1
and 1
and 1
and 1
and 1
and 1
and 1
and 1
and 1
and 1
and 1
and 1
and 1
and 1
and 1
and 1
and 1
and 1
and 1
and 1
and 1
and 1
and 1
and 1
and 1
and 1
and 1
and 1
and 1
and 1
and 1
and 1
and 1
and 1
and 1
and 1
and 1
and 1
and 1
and 1
and 1
and 1
and 1
and 1
and 1
and 1
and 1
and 1
and 1
and 1
and 1
and 1
and 1
and 1
and 1
and 1
and 1
and 1
and 1
and 1
and 1
and 1
and 1
and 1
and 1
and 1
and 1
and 1
and 1
and 1
and 1
and 1
and 1
and 1
and 1
and 1
and 1
and 1
and 1
and 1
and 1
and 1
and 1
and 1
and 1
and 1
and 1
and 1
and 1
and 1
and 1
and 1
and 1
and 1
and 1
and 1
and 1
and 1
and 1
and 1
and 1
and 1
and 1
and 1
and 1
and 1
and 1
and 1
and 1
and 1
and 1
and 1
and 1
and 1
and 1
and 1
and 1
and 1
and 1
and 1
and 1
and 1
and 1
and 1
and 1
and 1
and 1
and 1
and 1
and 1
and 1
and 1
and 1
and 1
and 1
and 1
and 1
and 1
and 1
and 1
and 1
and 1
and 1
and 1
and 1
and 1
and 1
and 1
and 1
and 1
and 1
and 1
and 1
and 1
and 1
and 1
and 1
and 1
and 1
and 1
and 1
and 1
and 1
and 1
and 1
and 1
and 1
and 1
and 1
and 1
and 1
and 1
and 1
and 1
and 1
and 1
and 1
and 1
and 1
and 1
and 1
and 1
and 1
and 1
and 1
and 1
and 1
and 1
and 1
and 1
and 1
and 1
and 1
and 1
and 1
and 1
and 1
and 1
and 1
and 1
and 1
and 1
and 1
and 1
and 1
and 1
and 1
and 1
and 1
and 1
and 1
and 1
and 1
and 1
and 1
and 1
and 1
and 1
and 1
and 1
and 1
and 1
and 1
and 1
and 1
and 1
and 1
and 1
and 1
and 1
and 1
and 1
and 1
and 1
and 1
and 1
and 1
and 1
and 1
and 1
and 1
and 1
and 1
and 1
and 1
and 1
and 1
and 1
and 1
and 1
and 1
and 1
and 1
and 1
and 1
and 1
and 1
and 1
and 1
and 1
and 1
and 1
and 1
and 1
and 1
and 1
and 1
and 1
and 1
and 1
and 1
and 1
and 1
and 1
and 1
and 1
and 1
and 1
and 1
and 1
and 1
and 1
and 1
and 1
and 1
and 1
and 1
and 1
and 1
and 1
and 1
and 1
and 1
and 1
and 1
and 1
and 1
and 1
and 1
and 1
and 1
and 1
and 1
and 1
and 1
and 1
and 1
and 1
and 1
and 1
and 1
and 1
and 1
and 1
and 1
and 1
and 1
and 1
and 1
and 1
and 1
and 1
and 1
and 1
and 1
and 1
and 1
and 1
and 1
and 1
and 1
and 1
and 1
and 1
and 1
and 1
and 1
and 1
and 1
and 1
and 1
and 1
and 1
and 1
and 1
and 1
and 1
and 1
and 1
and 1
and 1
and 1
and 1
and 1
and 1
and 1
and 1
and 1
and 1
and 1
and 1
and 1
and 1
and 1
and 1
and 1
and 1
and 1
and 1
and 1
and 1
and 1
and 1
and 1
and 1
and 1
and 1
and 1
and 1
and 1
and 1
and 1
and 1
and 1
and 1
and 1
and 1
and 1
and 1
and 1
and 1
and 1
and 1
and 1
and 1
and 1
and 1
and 1
and 1
and 1
and 1
and 1
and 1
and 1
and 1
and 1
and 1
and 1
and 1
and 1
and 1
and 1
and 1
and 1
and 1
and 1
and 1
and 1
and 1
and 1
and 1
and 1
and 1
and 1
and 1
and 1
and 1
and 1
and 1
and 1
and 1
and 1
and 1
and 1
and 1
and 1
and 1
and 1
and 1
and 1
and 1
and 1
and 1
and 1
and 1
and 1
and 1
and 1
and 1
and 1
and 1
and 1
and 1
and 1
and 1
and 1
and 1
and 1
and 1
and 1
and 1
and 1
and 1
and 1
and 1
and 1
and 1
and 1
and 1
and 1
and 1
and 1
and 1
and 1
and 1
and 1
and 1
and 1
and 1
and 1
and 1
and 1
and 1
and 1
and 1
and 1
and 1
and 1
and 1
and 1
and 1
and 1
and 1
and 1
and 1
and 1
and 1
and 1
and 1
and 1
and 1
and 1
and 1
and 1
and 1
and 1
and 1
and 1
and 1
and 1
and 1
and 1
and 1
and 1
and 1
and 1
and 1
and 1
and 1
and 1
and 1
and 1
and 1
and 1
and 1
and 1
and 1
and 1
and 1
and 1
and 1
and 1
and 1
and 1
and 1
and 1
and 1
and 1
and 1
and 1
and 1
and 1
and 1
and 1
and 1
and 1
and 1
and 1
and 1
and 1
and 1
and 1
and 1
and 1
and 1
and 1
and 1
and 1
and 1
and 1
and 1
and 1
and 1
and 1
and 1
and 1
and 1
and 1
and 1
and 1
and 1
and 1
and 1
and 1
and 1
and 1
and 1
and 1
and 1
and 1
and 1
and 1
and 1
and 1
and 1
and 1
and 1
and 1
and 1
and 1
and 1
and 1
and 1
and 1
and 1
and 1
and 1
and 1
and 1
and 1
and 1
and 1
and 1
and 1
and 1
and 1
and 1
and 1
and 1
and 1
and 1
and 1
and 1
and 1
and 1
and 1
and 1
and 1
and 1
and 1
and 1
and 1
and 1
and 1
and 1
and 1
and 1
and 1
and 1
and 1
and 1
and 1
and 1
and 1
and 1
and 1
and 1
and 1
and 1
and 1
and 1
and 1
and 1
and 1
and 1
and 1
and 1
and 1
and 1
and 1
and 1
and 1
and 1
and 1
and 1
and 1
and 1
and 1
and 1
and 1
and 1
and 1
and 1
and 1
and 1
and 1
and 1
and 1
and 1
and 1
and 1
and 1
and 1
and 1
and 1
and 1
and 1
and 1
and 1
and 1
and 1
and 1
and 1
and 1
and 1
and 1
and 1
and 1
and 1
and 1
and 1
and 1
and 1
and 1
and 1
and 1
and 1
and 1
and 1
and 1
and 1
and 1
and 1
and 1
and 1
and 1
and 1
and 1
and 1
and 1
and 1
and 1
and 1
and 1
and 1
and 1
and 1
and 1
and 1
and 1
and 1
and 1
and 1
and 1
and 1
and 1
and 1
and 1
and 1
and 1
and 1
and 1
and 1
and 1
and 1
and 1
and 1
and 1
and 1
and 1
and 1
and 1
and 1
and 1
and 1
and 1
and 1
and 1
and 1
and 1
and 1
and 1
and 1
and 1
and 1
and 1
and 1
and 1
and 1
and 1
and 1
and 1
and 1
and 1
and 1
and 1
and 1
and 1
and 1
and 1
and 1
and 1
and 1
and 1
and 1
and 1
and 1
and 1
and 1
and 1
and 1
and 1
and 1
and 1
and 1
and 1
and 1
and 1
and 1
and 1
and 1
and 1
and 1
and 1
and 1
and 1
and 1
and 1
and 1
and 1
and 1
and 1
and 1
and 1
and 1
and 1
and 1
and 1
and 1
and 1
and 1
and 1
and 1
and 1
and 1
and 1
and 1
and 1
and 1
and 1
and 1
and 1
and 1
and 1
and 1
and 1
and 1
and 1
and 1
and 1
and 1
and 1
and 1
and 1
and 1
and 1
and 1
and 1
and 1
and 1
and 1
and 1
and 1
and 1
and 1
and 1
and 1
and 1
and 1
and 1
and 1
and 1
and 1
and 1
and 1
and 1
and 1
and 1
and 1
and 1
and 1
and 1
and 1
and 1
and 1
and 1
and 1
and 1
and 1
and 1
and 1
and 1
and 1
and 1
and 1
and 1
and 1
and 1
and 1
and 1
and 1
and 1
and 1
and 1
and 1
and 1
and 1
and 1
and 1
and 1
and 1
and 1
and 1
and 1
and 1
and 1
and 1
and 1
and 1
and 1
and 1
and 1
and 1
and 1
and 1
and 1
and 1
and 1
and 1
and 1
and 1
and 1
and 1
and 1
and 1
and 1
and 1
and 1
and 1
and 1
and 1
and 1
and 1
and 1
and 1
and 1
and 1
and 1
and 1
and 1
and 1
and 1
and 1
and 1
and 1
and 1
and 1
and 1
and 1
and 1
and 1
and 1
and 1
and 1
and 1
and 1
and 1
and 1
and 1
and 1
and 1
and 1
and 1
and 1
and 1
and 1
and 1
and 1
and 1
and 1
and 1
and 1
and 1
and 1
and 1
and 1
and 1
and 1
and 1
and 1
and 1
and 1
and 1
and 1
and 1
and 1
and 1
and 1
and 1
and 1
and 1
and 1
and 1
and 1
and 1
and 1
and 1
and 1
and 1
and 1
and 1
and 1
and 1
and 1
and 1
and 1
and 1
and 1
and 1
and 1
and 1
and 1
and 1
and 1
and 1
and 1
and 1
and 1
and 1
and 1
and 1
and 1
and 1
and 1
and 1
and 1
and 1
and 1
and 1
and 1
and 1
and 1
and 1
and 1
and 1
and 1
and 1
and 1
and 1
and 1
and 1
and 1
and 1
and 1
and 1
and 1
and 1
and 1
and 1
and 1
and 1
and 1
and 1
and 1
and 1
and 1
and 1
and 1
and 1
and 1
and 1
and 1
and 1
and 1
and 1
and 1
and 1
and 1
and 1
and 1
and 1
and 1
and 1
and 1
and 1
and 1
and 1
and 1
and 1
and 1
and 1
and 1
and 1
and 1
and 1
and 1
and 1
and 1
and 1
and 1
and 1
and 1
and 1
and 1
and 1
and 1
and 1
and 1
and 1
and 1
and 1
and 1
and 1
and 1
and 1
and 1
and 1
and 1
and 1
and 1
and 1
and 1
and 1
and 1
and 1
and 1
and 1
and 1
and 1
and 1
and 1
and 1
and 1
and 1
and 1
and 1
and 1
and 1
and 1
and 1
and 1
and 1
and 1
and 1
and 1
and 1
and 1
and 1
and 1
and 1
and 1
and 1
and 1
and 1
and 1
and 1
and 1
and 1
and 1
and 1
and 1
and 1
and 1
and 1
and 1
and 1
and 1
and 1
and 1
and 1
and 1
and 1
and 1
and 1
and 1
and 1
and 1
and 1
and 1
and 1
and 1
and 1
and 1
and 1
and 1
and 1
and 1
and 1
and 1
and 1
and 1
and 1
and 1
and 1
and 1
and 1
and 1
and 1
and 1
and 1
and 1
and 1
and 1
and 1
and 1
and 1
and 1
and 1
and 1
and 1
and 1
and 1
and 1
and 1
and 1
and 1
and 1
and 1
and 1
and 1
and 1
and 1
and 1
and 1
and 1
and 1
and 1
and 1
and 1
and 1
and 1
and 1
and 1
and 1
and 1
and 1
and 1
and 1
and 1
and 1
and 1
and 1
and 1
and 1
and 1
and 1
and 1
and 1
and 1
and 1
and 1
and 1
and 1
and 1
and 1
and 1
and 1
and 1
and 1
and 1
and 1
and 1
and 1
and 1
and 1
and 1
and 1
and 1
and 1
and 1
and 1
and 1
and 1
and 1
and 1
and 1
and 1
and 1
and 1
and 1
and 1
and 1
and 1
and 1
and 1
and 1
and 1
and 1
and 1
and 1
and 1
and 1
and 1
and 1
and 1
and 1
and 1
and 1
and 1
and 1
and 1
and 1
and 1
and 1
and 1
and 1
and 1
and 1
and 1
and 1
and 1
and 1
and 1
and 1
and 1
and 1
and 1
and 1
and 1
and 1
and 1
and 1
and 1
and 1
and 1
and 1
and 1
and 1
angle 1
angle 1
angry 1
angry 1
angry 1
angry 1
angry 1
angry 1
another 1
another 1
another 1
another 1
another 1
another 1
another 1
another 1
another 1
another 1
another 1
another 1
another 1
another 1
another 1
another 1
another 1
another 1
another 1
another 1
another 1
another 1
another 1
another 1
another 1
another 1
another 1
another 1
another 1
another 1
another 1
another 1
another 1
another 1
another 1
another 1
another 1
another 1
another 1
another 1
another 1
another 1
another 1
another 1
another 1
another 1
another 1
another 1
another 1
another 1
another 1
another 1
another 1
another 1
another 1
answered 1
answered 1
answered 1
answered 1
answered 1
answered 1
answered 1
answered 1
answered 1
appalled 1
appear 1
appear 1
appear 1
appear 1
appetites 1
applied 1
apprehensively 1
arguing 1
arranging 1
arrived 1
arrived 1
arrived 1
arrived 1
arrived 1
arrived 1
arrived 1
arrived 1
arrived 1
art 1
art 1
art 1
art 1
art 1
ass 1
astonishment 1
astonishment 1
astonishment 1
astonishment 1
at 1
at 1
at 1
at 1
at 1
at 1
at 1
at 1
at 1
at 1
at 1
at 1
at 1
at 1
at 1
at 1
at 1
at 1
at 1
at 1
at 1
at 1
at 1
at 1
at 1
at 1
at 1
at 1
at 1
at 1
at 1
at 1
at 1
at 1
at 1
at 1
at 1
at 1
at 1
at 1
at 1
at 1
at 1
at 1
at 1
at 1
at 1
at 1
at 1
at 1
at 1
at 1
at 1
at 1
at 1
at 1
at 1
at 1
at 1
at 1
at 1
at 1
at 1
at 1
at 1
at 1
at 1
at 1
at 1
at 1
at 1
at 1
at 1
at 1
at 1
at 1
at 1
at 1
at 1
at 1
at 1
at 1
at 1
at 1
at 1
at 1
at 1
at 1
at 1
at 1
at 1
at 1
at 1
at 1
at 1
at 1
at 1
at 1
at 1
at 1
at 1
at 1
at 1
at 1
at 1
at 1
at 1
at 1
at 1
at 1
at 1
at 1
at 1
at 1
at 1
at 1
at 1
at 1
at 1
at 1
at 1
at 1
at 1
at 1
at 1
at 1
at 1
at 1
at 1
at 1
at 1
at 1
at 1
at 1
at 1
at 1
at 1
at 1
at 1
at 1
at 1
at 1
at 1
at 1
at 1
at 1
at 1
at 1
at 1
at 1
at 1
at 1
at 1
at 1
at 1
at 1
at 1
at 1
at 1
at 1
at 1
at 1
at 1
at 1
at 1
at 1
at 1
at 1
at 1
at 1
at 1
at 1
at 1
at 1
at 1
at 1
at 1
at 1
at 1
at 1
at 1
at 1
at 1
at 1
at 1
at 1
at 1
at 1
at 1
at 1
at 1
at 1
at 1
at 1
at 1
at 1
at 1
at 1
at 1
at 1
at 1
at 1
at 1
at 1
at 1
at 1
at 1
at 1
at 1
at 1
at 1
at 1
at 1
at 1
at 1
at 1
at 1
at 1
at 1
at 1
at 1
at 1
at 1
at 1
at 1
at 1
at 1
at 1
at 1
at 1
at 1
at 1
at 1
at 1
at 1
at 1
at 1
at 1
at 1
at 1
at 1
at 1
at 1
at 1
at 1
at 1
at 1
at 1
at 1
at 1
at 1
at 1
at 1
at 1
at 1
at 1
at 1
at 1
at 1
at 1
at 1
at 1
at 1
at 1
at 1
at 1
at 1
at 1
at 1
at 1
at 1
at 1
at 1
at 1
at 1
at 1
at 1
at 1
at 1
at 1
at 1
at 1
at 1
at 1
at 1
at 1
at 1
at 1
at 1
at 1
at 1
at 1
at 1
at 1
at 1
at 1
at 1
at 1
at 1
at 1
at 1
at 1
at 1
at 1
at 1
at 1
at 1
at 1
at 1
at 1
at 1
at 1
at 1
at 1
at 1
at 1
at 1
at 1
at 1
at 1
at 1
at 1
at 1
at 1
at 1
at 1
at 1
at 1
at 1
at 1
at 1
at 1
at 1
at 1
at 1
at 1
at 1
at 1
at 1
at 1
at 1
at 1
at 1
at 1
at 1
at 1
attempt 1
attempt 1
attempt 1
auspices 1
avenues 1
avenues 1
avenues 1
avenues 1
averted 1
averted 1
avoid 1
avoid 1
awe 1
awe 1
back 1
back 1
back 1
back 1
back 1
back 1
back 1
back 1
back 1
back 1
back 1
back 1
back 1
back 1
back 1
back 1
back 1
back 1
back 1
back 1
back 1
back 1
back 1
back 1
back 1
back 1
back 1
back 1
back 1
back 1
back 1
back 1
back 1
back 1
back 1
back 1
back 1
back 1
back 1
back 1
back 1
back 1
back 1
back 1
back 1
back 1
back 1
back 1
back 1
back 1
back 1
back 1
back 1
back 1
back 1
back 1
back 1
back 1
back 1
back 1
back 1
back 1
back 1
back 1
back 1
back 1
back 1
back 1
back 1
back 1
back 1
back 1
back 1
back 1
back 1
back 1
back 1
back 1
back 1
back 1
back 1
back 1
back 1
back 1
back 1
back 1
back 1
back 1
back 1
back 1
back 1
back 1
back 1
back 1
back 1
back 1
back 1
back 1
back 1
back 1
back 1
back 1
back 1
back 1
back 1
back 1
back 1
back 1
back 1
back 1
back 1
back 1
back 1
back 1
back 1
back 1
back 1
back 1
back 1
back 1
back 1
band 1
based 1
based 1
baskets 1
beaten 1
beats 1
bedridden 1
beetle 1
beetle 1
beetle 1
beetle 1
beetle 1
beetle 1
beetle 1
beetle 1
beetle 1
beetle 1
befriend 1
behave 1
belonging 1
biggest 1
biggest 1
binary 1
biographical 1
bitterness 1
blamed 1
blamed 1
blamed 1
blamed 1
bleeve 1
bleeve 1
blinding 1
blinding 1
block 1
block 1
bloom 1
bloom 1
bloom 1
boding 1
boom 1
boom 1
born 1
box 1
box 1
box 1
box 1
box 1
box 1
box 1
box 1
box 1
box 1
box 1
box 1
box 1
box 1
box 1
box 1
box 1
box 1
brass 1
brass 1
brass 1
brass 1
brass 1
brass 1
breakfast 1
breakfast 1
breakfast 1
breakfast 1
breakfast 1
breakfast 1
breakfast 1
breakfast 1
breakfast 1
breakfast 1
breakfast 1
breakfast 1
breakfast 1
breakfast 1
breakfast 1
breakfast 1
breakfast 1
breakfast 1
brought 1
brought 1
brought 1
brought 1
brought 1
brought 1
brought 1
brought 1
brought 1
brought 1
brought 1
brought 1
brought 1
brought 1
brought 1
brought 1
brought 1
brought 1
brought 1
brought 1
brought 1
brought 1
brought 1
brought 1
brought 1
brought 1
brought 1
brought 1
brought 1
brought 1
brought 1
brought 1
bruises 1
burning 1
burning 1
burning 1
busted 1
busted 1
buzz 1
buzz 1
captivity 1
captivity 1
captivity 1
captivity 1
captures 1
carelessly 1
caricature 1
catbird 1
catch 1
catch 1
catch 1
catch 1
catch 1
catch 1
catch 1
catch 1
catch 1
catch 1
ceiling 1
checked 1
checked 1
cheeks 1
cheeks 1
cheeks 1
cheeks 1
cheeriness 1
chest 1
chest 1
choice 1
choice 1
choking 1
chunk 1
chunk 1
chunk 1
chunk 1
church 1
church 1
church 1
church 1
church 1
church 1
church 1
church 1
church 1
church 1
church 1
church 1
church 1
church 1
church 1
church 1
church 1
church 1
church 1
church 1
church 1
church 1
church 1
church 1
circles 1
circles 1
circus 1
circus 1
circus 1
circus 1
circus 1
circus 1
circus 1
circus 1
circus 1
circus 1
circus 1
circuses 1
clammy 1
clamored 1
clanging 1
clanging 1
clean 1
clean 1
clean 1
clean 1
clean 1
clean 1
clean 1
clean 1
clean 1
clew 1
clew 1
cogitating 1
cogitating 1
comforts 1
compelled 1
complaining 1
conclusion 1
confessing 1
confirmation 1
confirmed 1
confirmed 1
consciousness 1
consciousness 1
consternation 1
contend 1
contending 1
contentment 1
contentment 1
contentment 1
convinced 1
copy 1
copy 1
copy 1
copy 1
copy 1
copy 1
copy 1
copy 1
copy 1
copy 1
copy 1
copy 1
could 1
could 1
could 1
could 1
could 1
could 1
could 1
could 1
could 1
could 1
could 1
could 1
could 1
could 1
could 1
could 1
could 1
could 1
could 1
could 1
could 1
could 1
could 1
could 1
could 1
could 1
could 1
could 1
could 1
could 1
could 1
could 1
could 1
could 1
could 1
could 1
could 1
could 1
could 1
could 1
could 1
could 1
could 1
could 1
could 1
could 1
could 1
could 1
could 1
could 1
could 1
could 1
could 1
could 1
could 1
could 1
could 1
could 1
could 1
could 1
could 1
could 1
could 1
could 1
could 1
could 1
could 1
could 1
could 1
could 1
could 1
could 1
could 1
could 1
could 1
could 1
could 1
could 1
could 1
could 1
could 1
could 1
could 1
could 1
could 1
could 1
could 1
could 1
could 1
could 1
could 1
could 1
could 1
could 1
could 1
could 1
could 1
could 1
could 1
could 1
could 1
could 1
could 1
could 1
could 1
could 1
could 1
could 1
could 1
could 1
could 1
could 1
could 1
could 1
could 1
could 1
could 1
could 1
could 1
could 1
could 1
could 1
could 1
could 1
could 1
could 1
could 1
could 1
could 1
could 1
could 1
could 1
could 1
could 1
could 1
could 1
could 1
could 1
could 1
could 1
could 1
could 1
could 1
could 1
could 1
could 1
could 1
could 1
could 1
could 1
could 1
could 1
could 1
could 1
could 1
could 1
could 1
could 1
could 1
could 1
could 1
could 1
could 1
could 1
could 1
could 1
could 1
could 1
could 1
could 1
could 1
could 1
could 1
could 1
could 1
could 1
could 1
could 1
could 1
could 1
counsel 1
counsel 1
cravat 1
crazy 1
crazy 1
crazy 1
creature 1
creature 1
creature 1
creature 1
creature 1
creature 1
creature 1
creature 1
creature 1
creature 1
creature 1
creeping 1
creeping 1
creeping 1
crescent 1
crevice 1
crisp 1
crowd 1
crowd 1
crowd 1
crowd 1
crowd 1
crowd 1
crowd 1
crowd 1
crowd 1
crowd 1
crowd 1
culprit 1
curiosity 1
curiosity 1
curiosity 1
curiosity 1
curiosity 1
curiosity 1
curtained 1
cutlass 1
dainty 1
dainty 1
dainty 1
dainty 1
danger 1
danger 1
danger 1
danger 1
danger 1
danger 1
danger 1
dares 1
dawned 1
dawned 1
dawned 1
dawned 1
days 1
days 1
days 1
days 1
days 1
days 1
days 1
days 1
days 1
days 1
days 1
days 1
days 1
days 1
days 1
days 1
days 1
days 1
days 1
days 1
days 1
days 1
days 1
days 1
days 1
days 1
days 1
days 1
days 1
days 1
days 1
days 1
days 1
daytime 1
daytime 1
daytime 1
daytime 1
daytime 1
daytime 1
deadly 1
deafening 1
declamatory 1
deepening 1
defect 1
defect 1
delight 1
delight 1
delight 1
delight 1
delight 1
delivering 1
delivering 1
den 1
den 1
dense 1
dense 1
dense 1
dense 1
derivative 1
derivative 1
derivative 1
descended 1
descended 1
descended 1
descended 1
despised 1
destroyed 1
determine 1
determine 1
did 1
did 1
did 1
did 1
did 1
did 1
did 1
did 1
did 1
did 1
did 1
did 1
did 1
did 1
did 1
did 1
did 1
did 1
did 1
did 1
did 1
did 1
did 1
did 1
did 1
did 1
did 1
did 1
did 1
did 1
did 1
did 1
did 1
did 1
did 1
did 1
did 1
did 1
did 1
did 1
did 1
did 1
did 1
did 1
did 1
did 1
did 1
did 1
did 1
did 1
did 1
did 1
did 1
did 1
did 1
did 1
did 1
did 1
did 1
did 1
did 1
did 1
did 1
did 1
did 1
did 1
did 1
did 1
did 1
did 1
did 1
did 1
did 1
did 1
did 1
did 1
did 1
did 1
did 1
did 1
did 1
did 1
did 1
did 1
did 1
did 1
did 1
did 1
did 1
did 1
did 1
did 1
did 1
did 1
did 1
did 1
did 1
did 1
did 1
did 1
did 1
did 1
did 1
did 1
did 1
did 1
did 1
did 1
did 1
did 1
did 1
did 1
did 1
did 1
did 1
did 1
did 1
did 1
did 1
did 1
did 1
did 1
did 1
did 1
did 1
did 1
did 1
did 1
did 1
did 1
did 1
did 1
did 1
did 1
did 1
did 1
difficulties 1
difficulty 1
difficulty 1
difficulty 1
difficulty 1
digging 1
digging 1
digging 1
digging 1
din 1
dining 1
dip 1
discharging 1
discharging 1
discharging 1
disguise 1
disguised 1
disjointed 1
disjointed 1
dismissal 1
distant 1
distant 1
distant 1
distant 1
distant 1
distant 1
doubtful 1
dozing 1
dreamt 1
dreamt 1
dreamt 1
dreary 1
dreary 1
dreary 1
dreary 1
dreary 1
dreary 1
dreary 1
dressing 1
drowsing 1
drowsing 1
drowsing 1
e 1
e 1
earned 1
ears 1
ears 1
ears 1
ears 1
ears 1
ears 1
ears 1
ears 1
ears 1
ears 1
ears 1
echoing 1
echoing 1
editions 1
editions 1
editions 1
editions 1
elect 1
elect 1
elect 1
elude 1
employed 1
endure 1
endure 1
endure 1
enterprise 1
envied 1
envied 1
envied 1
envied 1
envied 1
er 1
exaltation 1
exalted 1
exalted 1
examined 1
examined 1
examined 1
examined 1
examined 1
exchanged 1
exchanged 1
exchanged 1
expectoration 1
experiences 1
explanation 1
explanation 1
explanation 1
explosive 1
expressed 1
expressed 1
expressed 1
extended 1
eyed 1
eyed 1
eyed 1
eyed 1
eyed 1
eyed 1
eyed 1
eyed 1
facetious 1
facility 1
facility 1
fainted 1
fairy 1
fan 1
fangled 1
fangled 1
far 1
far 1
far 1
far 1
far 1
far 1
far 1
far 1
far 1
far 1
far 1
far 1
far 1
far 1
far 1
far 1
far 1
far 1
far 1
far 1
far 1
far 1
far 1
far 1
far 1
far 1
far 1
far 1
far 1
far 1
far 1
far 1
far 1
far 1
far 1
far 1
far 1
far 1
far 1
far 1
far 1
far 1
far 1
far 1
far 1
far 1
far 1
farms 1
faster 1
fateful 1
fatigue 1
fees 1
fees 1
fees 1
fees 1
fell 1
fell 1
fell 1
fell 1
fell 1
fell 1
fell 1
fell 1
fell 1
fell 1
fell 1
fell 1
fell 1
fell 1
fell 1
fell 1
fell 1
fell 1
fell 1
fell 1
fell 1
fell 1
fell 1
fell 1
fell 1
fell 1
fell 1
fell 1
fell 1
fell 1
fell 1
fell 1
fell 1
fell 1
fell 1
fell 1
fell 1
fell 1
fell 1
fell 1
fell 1
fence 1
fence 1
fence 1
fence 1
fence 1
fence 1
fence 1
fence 1
fence 1
fence 1
fence 1
fence 1
fence 1
fence 1
fence 1
fence 1
fence 1
fence 1
fence 1
fence 1
fence 1
fence 1
fence 1
festoons 1
fetched 1
fetched 1
fetched 1
fetched 1
fifteen 1
fifteen 1
fifteen 1
fifteen 1
files 1
files 1
financial 1
firearms 1
firecracker 1
firecracker 1
fireplace 1
fireplace 1
flame 1
flame 1
flame 1
flat 1
flat 1
flat 1
flatboat 1
flaws 1
floods 1
foam 1
forget 1
forget 1
forget 1
forget 1
forget 1
forget 1
forget 1
forget 1
forgiveness 1
forgiveness 1
fortnight 1
fortnight 1
fortune 1
fortune 1
forward 1
forward 1
forward 1
forward 1
forward 1
forward 1
forward 1
forward 1
forward 1
forward 1
frame 1
frame 1
freely 1
freely 1
freely 1
freely 1
friendly 1
friendly 1
friendly 1
friendly 1
friendly 1
friendly 1
friendly 1
gagged 1
gaining 1
galled 1
garments 1
garments 1
garments 1
gasping 1
gate 1
gate 1
gate 1
gate 1
gate 1
gate 1
gentlemen 1
gentlemen 1
gentlemen 1
gentlemen 1
gets 1
girls 1
girls 1
girls 1
girls 1
girls 1
girls 1
girls 1
girls 1
girls 1
girls 1
girls 1
girls 1
girls 1
girls 1
girls 1
girls 1
girls 1
giveth 1
givings 1
gladhearted 1
glare 1
glare 1
glare 1
goatee 1
goodnight 1
goodnight 1
grasp 1
gratefulness 1
gravel 1
gravel 1
grunted 1
guessing 1
guiding 1
hailed 1
hailed 1
hairs 1
halfbreed 1
halfbreed 1
halfbreed 1
halfhour 1
handbreadth 1
handsprings 1
hard 1
hard 1
hard 1
hard 1
hard 1
hard 1
hard 1
hard 1
hard 1
hard 1
hard 1
hard 1
hard 1
hard 1
hard 1
hard 1
hard 1
hard 1
hard 1
hard 1
hard 1
hard 1
hard 1
hard 1
harp 1
harvest 1
haunches 1
haunted 1
haunted 1
haunted 1
haunted 1
haunted 1
haunted 1
haunts 1
haunts 1
headway 1
heaped 1
helplessly 1
helplessly 1
hides 1
hit 1
hit 1
hit 1
hit 1
hit 1
hit 1
hit 1
hit 1
hit 1
hit 1
holding 1
holding 1
holding 1
holding 1
homage 1
hook 1
hook 1
hopeless 1
hopeless 1
hopeless 1
hopeless 1
hopes 1
hopes 1
hopes 1
hopes 1
hopes 1
hopes 1
hopes 1
hopes 1
horse 1
horse 1
horse 1
horse 1
hours 1
hours 1
hours 1
hours 1
hours 1
hours 1
hours 1
hours 1
hours 1
hours 1
hours 1
hours 1
hours 1
howled 1
humble 1
hunger 1
hunger 1
hunger 1
hunger 1
hunger 1
hunger 1
hunger 1
hungry 1
hungry 1
hungry 1
hungry 1
hungry 1
hungry 1
hungry 1
hungry 1
hypercritical 1
hypercritical 1
hypertext 1
idiot 1
idling 1
imposed 1
impossible 1
in 1
in 1
in 1
in 1
in 1
in 1
in 1
in 1
in 1
in 1
in 1
in 1
in 1
in 1
in 1
in 1
in 1
in 1
in 1
in 1
in 1
in 1
in 1
in 1
in 1
in 1
in 1
in 1
in 1
in 1
in 1
in 1
in 1
in 1
in 1
in 1
in 1
in 1
in 1
in 1
in 1
in 1
in 1
in 1
in 1
in 1
in 1
in 1
in 1
in 1
in 1
in 1
in 1
in 1
in 1
in 1
in 1
in 1
in 1
in 1
in 1
in 1
in 1
in 1
in 1
in 1
in 1
in 1
in 1
in 1
in 1
in 1
in 1
in 1
in 1
in 1
in 1
in 1
in 1
in 1
in 1
in 1
in 1
in 1
in 1
in 1
in 1
in 1
in 1
in 1
in 1
in 1
in 1
in 1
in 1
in 1
in 1
in 1
in 1
in 1
in 1
in 1
in 1
in 1
in 1
in 1
in 1
in 1
in 1
in 1
in 1
in 1
in 1
in 1
in 1
in 1
in 1
in 1
in 1
in 1
in 1
in 1
in 1
in 1
in 1
in 1
in 1
in 1
in 1
in 1
in 1
in 1
in 1
in 1
in 1
in 1
in 1
in 1
in 1
in 1
in 1
in 1
in 1
in 1
in 1
in 1
in 1
in 1
in 1
in 1
in 1
in 1
in 1
in 1
in 1
in 1
in 1
in 1
in 1
in 1
in 1
in 1
in 1
in 1
in 1
in 1
in 1
in 1
in 1
in 1
in 1
in 1
in 1
in 1
in 1
in 1
in 1
in 1
in 1
in 1
in 1
in 1
in 1
in 1
in 1
in 1
in 1
in 1
in 1
in 1
in 1
in 1
in 1
in 1
in 1
in 1
in 1
in 1
in 1
in 1
in 1
in 1
in 1
in 1
in 1
in 1
in 1
in 1
in 1
in 1
in 1
in 1
in 1
in 1
in 1
in 1
in 1
in 1
in 1
in 1
in 1
in 1
in 1
in 1
in 1
in 1
in 1
in 1
in 1
in 1
in 1
in 1
in 1
in 1
in 1
in 1
in 1
in 1
in 1
in 1
in 1
in 1
in 1
in 1
in 1
in 1
in 1
in 1
in 1
in 1
in 1
in 1
in 1
in 1
in 1
in 1
in 1
in 1
in 1
in 1
in 1
in 1
in 1
in 1
in 1
in 1
in 1
in 1
in 1
in 1
in 1
in 1
in 1
in 1
in 1
in 1
in 1
in 1
in 1
in 1
in 1
in 1
in 1
in 1
in 1
in 1
in 1
in 1
in 1
in 1
in 1
in 1
in 1
in 1
in 1
in 1
in 1
in 1
in 1
in 1
in 1
in 1
in 1
in 1
in 1
in 1
in 1
in 1
in 1
in 1
in 1
in 1
in 1
in 1
in 1
in 1
in 1
in 1
in 1
in 1
in 1
in 1
in 1
in 1
in 1
in 1
in 1
in 1
in 1
in 1
in 1
in 1
in 1
in 1
in 1
in 1
in 1
in 1
in 1
in 1
in 1
in 1
in 1
in 1
in 1
in 1
in 1
in 1
in 1
in 1
in 1
in 1
in 1
in 1
in 1
in 1
in 1
in 1
in 1
in 1
in 1
in 1
in 1
in 1
in 1
in 1
in 1
in 1
in 1
in 1
in 1
in 1
in 1
in 1
in 1
in 1
in 1
in 1
in 1
in 1
in 1
in 1
in 1
in 1
in 1
in 1
in 1
in 1
in 1
in 1
in 1
in 1
in 1
in 1
in 1
in 1
in 1
in 1
in 1
in 1
in 1
in 1
in 1
in 1
in 1
in 1
in 1
in 1
in 1
in 1
in 1
in 1
in 1
in 1
in 1
in 1
in 1
in 1
in 1
in 1
in 1
in 1
in 1
in 1
in 1
in 1
in 1
in 1
in 1
in 1
in 1
in 1
in 1
in 1
in 1
in 1
in 1
in 1
in 1
in 1
in 1
in 1
in 1
in 1
in 1
in 1
in 1
in 1
in 1
in 1
in 1
in 1
in 1
in 1
in 1
in 1
in 1
in 1
in 1
in 1
in 1
in 1
in 1
in 1
in 1
in 1
in 1
in 1
in 1
in 1
in 1
in 1
in 1
in 1
in 1
in 1
in 1
in 1
in 1
in 1
in 1
in 1
in 1
in 1
in 1
in 1
in 1
in 1
in 1
in 1
in 1
in 1
in 1
in 1
in 1
in 1
in 1
in 1
in 1
in 1
in 1
in 1
in 1
in 1
in 1
in 1
in 1
in 1
in 1
in 1
in 1
in 1
in 1
in 1
in 1
in 1
in 1
in 1
in 1
in 1
in 1
in 1
in 1
in 1
in 1
in 1
in 1
in 1
in 1
in 1
in 1
in 1
in 1
in 1
in 1
in 1
in 1
in 1
in 1
in 1
in 1
in 1
in 1
in 1
in 1
in 1
in 1
in 1
in 1
in 1
in 1
in 1
in 1
in 1
in 1
in 1
in 1
in 1
in 1
in 1
in 1
in 1
in 1
in 1
in 1
in 1
in 1
in 1
in 1
in 1
in 1
in 1
in 1
in 1
in 1
in 1
in 1
in 1
in 1
in 1
in 1
in 1
in 1
in 1
in 1
in 1
in 1
in 1
in 1
in 1
in 1
in 1
in 1
in 1
in 1
in 1
in 1
in 1
in 1
in 1
in 1
in 1
in 1
in 1
in 1
in 1
in 1
in 1
in 1
in 1
in 1
in 1
in 1
in 1
in 1
in 1
in 1
in 1
in 1
in 1
in 1
in 1
in 1
in 1
in 1
in 1
in 1
in 1
in 1
in 1
in 1
in 1
in 1
in 1
in 1
in 1
in 1
in 1
in 1
in 1
in 1
in 1
in 1
in 1
in 1
in 1
in 1
in 1
in 1
in 1
in 1
in 1
in 1
in 1
in 1
in 1
in 1
in 1
in 1
in 1
in 1
in 1
in 1
in 1
in 1
in 1
in 1
in 1
in 1
in 1
in 1
in 1
in 1
in 1
in 1
in 1
in 1
in 1
in 1
in 1
in 1
in 1
in 1
in 1
in 1
in 1
in 1
in 1
in 1
in 1
in 1
in 1
in 1
in 1
in 1
in 1
in 1
in 1
in 1
in 1
in 1
in 1
in 1
in 1
in 1
in 1
in 1
in 1
in 1
in 1
in 1
in 1
in 1
in 1
in 1
in 1
in 1
in 1
in 1
in 1
in 1
in 1
in 1
in 1
in 1
in 1
in 1
in 1
in 1
in 1
in 1
in 1
in 1
in 1
in 1
in 1
in 1
in 1
in 1
in 1
in 1
in 1
in 1
in 1
in 1
in 1
in 1
in 1
in 1
in 1
in 1
in 1
in 1
in 1
in 1
in 1
in 1
in 1
in 1
in 1
in 1
in 1
in 1
in 1
in 1
in 1
in 1
in 1
in 1
in 1
in 1
in 1
in 1
in 1
in 1
in 1
in 1
in 1
in 1
in 1
in 1
in 1
in 1
in 1
in 1
in 1
in 1
in 1
in 1
in 1
in 1
in 1
in 1
in 1
in 1
in 1
in 1
in 1
in 1
in 1
in 1
in 1
in 1
in 1
in 1
in 1
in 1
in 1
in 1
in 1
in 1
in 1
in 1
in 1
in 1
in 1
in 1
in 1
in 1
in 1
in 1
in 1
in 1
in 1
in 1
in 1
in 1
in 1
in 1
in 1
in 1
in 1
in 1
in 1
in 1
in 1
in 1
in 1
in 1
in 1
in 1
in 1
in 1
in 1
in 1
in 1
in 1
in 1
in 1
in 1
in 1
in 1
in 1
in 1
in 1
in 1
in 1
in 1
in 1
in 1
in 1
in 1
in 1
in 1
in 1
in 1
in 1
in 1
in 1
in 1
in 1
in 1
in 1
in 1
in 1
in 1
in 1
in 1
in 1
in 1
in 1
in 1
in 1
in 1
in 1
in 1
in 1
in 1
in 1
in 1
in 1
in 1
in 1
in 1
in 1
in 1
in 1
in 1
in 1
in 1
in 1
in 1
in 1
in 1
in 1
in 1
in 1
in 1
in 1
in 1
in 1
in 1
in 1
in 1
in 1
in 1
in 1
in 1
in 1
in 1
in 1
in 1
in 1
in 1
in 1
in 1
in 1
in 1
in 1
in 1
in 1
in 1
in 1
in 1
in 1
in 1
in 1
in 1
in 1
in 1
in 1
in 1
in 1
in 1
in 1
in 1
in 1
in 1
in 1
in 1
in 1
in 1
in 1
in 1
in 1
in 1
in 1
in 1
in 1
in 1
in 1
in 1
in 1
in 1
in 1
in 1
in 1
in 1
in 1
in 1
inaccurate 1
incrusted 1
individual 1
individual 1
individual 1
individual 1
individual 1
inestimable 1
infernal 1
infernal 1
inflated 1
inhale 1
inquiries 1
insincerity 1
inspected 1
instant 1
instant 1
instant 1
instant 1
instant 1
instant 1
instant 1
instant 1
instant 1
instant 1
instant 1
instant 1
instant 1
instant 1
instant 1
instant 1
instant 1
interruption 1
interruption 1
interruption 1
introduce 1
introduced 1
introduced 1
introduced 1
intruded 1
island 1
island 1
island 1
island 1
island 1
island 1
island 1
island 1
island 1
island 1
island 1
island 1
jackets 1
jet 1
jib 1
jingoes 1
jingoes 1
judge 1
judge 1
judge 1
judge 1
judge 1
judged 1
judged 1
judged 1
judged 1
judged 1
judged 1
judicial 1
judicial 1
jumped 1
jumped 1
jumped 1
jumped 1
jumped 1
keen 1
keen 1
keg 1
ketch 1
ketch 1
kicked 1
killed 1
killed 1
killed 1
killed 1
killed 1
killer 1
killer 1
killer 1
killer 1
killer 1
killer 1
kindlings 1
knotholes 1
knots 1
knucks 1
laced 1
lack 1
lack 1
lack 1
lad 1
lad 1
lad 1
lad 1
lad 1
lad 1
lad 1
lad 1
lad 1
lad 1
lad 1
lanes 1
lanes 1
languidly 1
lapels 1
larger 1
lauded 1
laws 1
laws 1
laws 1
laws 1
laws 1
laws 1
laws 1
laws 1
laws 1
laws 1
laws 1
lays 1
leaden 1
leaned 1
leaned 1
leaned 1
leaned 1
leaned 1
leaned 1
learned 1
learned 1
learned 1
learned 1
learned 1
learned 1
learned 1
least 1
least 1
least 1
least 1
least 1
least 1
least 1
least 1
least 1
least 1
least 1
least 1
least 1
led 1
led 1
led 1
led 1
led 1
led 1
led 1
legitimate 1
lent 1
less 1
less 1
less 1
less 1
less 1
less 1
less 1
less 1
less 1
less 1
less 1
less 1
less 1
less 1
less 1
less 1
less 1
less 1
less 1
less 1
liberty 1
library 1
library 1
library 1
lid 1
lift 1
lift 1
lift 1
lift 1
lighted 1
lighted 1
lighted 1
lighted 1
lighted 1
lightnings 1
lightnings 1
lightnings 1
lightnings 1
liked 1
liked 1
lip 1
lip 1
lip 1
lip 1
lip 1
lip 1
loins 1
loitering 1
lord 1
lose 1
lose 1
luxury 1
lying 1
lying 1
lying 1
lying 1
lying 1
lying 1
lying 1
machine 1
machine 1
machine 1
magnanimous 1
march 1
march 1
mark 1
mark 1
mark 1
marred 1
marred 1
marvel 1
marvel 1
marvel 1
marvel 1
massacre 1
matter 1
matter 1
matter 1
matter 1
matter 1
matter 1
matter 1
matter 1
matter 1
matter 1
matter 1
matter 1
matter 1
matter 1
matter 1
matter 1
matter 1
matter 1
matter 1
matter 1
matter 1
matter 1
matter 1
matter 1
matter 1
matter 1
matter 1
matter 1
matter 1
matter 1
meant 1
meant 1
meant 1
meant 1
meant 1
meant 1
meant 1
meant 1
meant 1
meant 1
meant 1
meant 1
meant 1
meant 1
meant 1
meant 1
meant 1
measureless 1
measureless 1
medicines 1
medicines 1
medium 1
medium 1
medium 1
medium 1
medium 1
medium 1
meet 1
meet 1
meet 1
meet 1
meeting 1
meeting 1
meeting 1
menagerie 1
mended 1
merciful 1
merciful 1
mien 1
might 1
might 1
might 1
might 1
might 1
might 1
might 1
might 1
might 1
might 1
might 1
might 1
might 1
might 1
might 1
might 1
might 1
might 1
might 1
might 1
might 1
might 1
might 1
might 1
might 1
might 1
might 1
might 1
might 1
might 1
might 1
might 1
might 1
might 1
might 1
might 1
might 1
might 1
might 1
might 1
might 1
might 1
might 1
might 1
might 1
might 1
might 1
might 1
might 1
might 1
might 1
might 1
might 1
might 1
might 1
might 1
might 1
might 1
might 1
might 1
might 1
might 1
might 1
mightily 1
mightily 1
mightn 1
mightn 1
miny 1
miscarried 1
misery 1
misery 1
misery 1
misery 1
misery 1
modified 1
modified 1
moments 1
moments 1
moments 1
moments 1
monotonous 1
moreover 1
mortal 1
mortar 1
mottoes 1
moused 1
much 1
much 1
much 1
much 1
much 1
much 1
much 1
much 1
much 1
much 1
much 1
much 1
much 1
much 1
much 1
much 1
much 1
much 1
much 1
much 1
much 1
much 1
much 1
much 1
much 1
much 1
much 1
much 1
much 1
much 1
much 1
much 1
much 1
much 1
much 1
much 1
much 1
much 1
much 1
much 1
much 1
much 1
much 1
much 1
much 1
much 1
much 1
much 1
much 1
much 1
much 1
much 1
much 1
much 1
much 1
much 1
much 1
much 1
much 1
much 1
much 1
much 1
much 1
much 1
muddy 1
muffled 1
muffled 1
muffled 1
muffled 1
multiplied 1
multiplied 1
mum 1
mum 1
mum 1
mum 1
mum 1
mum 1
mum 1
mum 1
mum 1
mum 1
mum 1
muscle 1
muscle 1
named 1
named 1
narrow 1
narrow 1
narrow 1
narrow 1
narrow 1
nearly 1
nearly 1
nearly 1
nearly 1
nearly 1
nearly 1
nearly 1
nearly 1
nearly 1
nearly 1
nearly 1
nearly 1
neatly 1
neatly 1
necessary 1
necessary 1
necessary 1
necessary 1
necessary 1
necessary 1
neck 1
neck 1
neck 1
neck 1
neck 1
needle 1
nightmare 1
nod 1
nod 1
nod 1
non 1
non 1
non 1
non 1
nose 1
nose 1
nose 1
nose 1
nose 1
nose 1
nose 1
nose 1
nose 1
nose 1
notifies 1
numskull 1
o 1
o 1
o 1
o 1
o 1
o 1
o 1
o 1
o 1
o 1
o 1
o 1
obliterated 1
observers 1
obtain 1
obtain 1
obtain 1
occasion 1
occasion 1
occasion 1
occupying 1
of 1
of 1
of 1
of 1
of 1
of 1
of 1
of 1
of 1
of 1
of 1
of 1
of 1
of 1
of 1
of 1
of 1
of 1
of 1
of 1
of 1
of 1
of 1
of 1
of 1
of 1
of 1
of 1
of 1
of 1
of 1
of 1
of 1
of 1
of 1
of 1
of 1
of 1
of 1
of 1
of 1
of 1
of 1
of 1
of 1
of 1
of 1
of 1
of 1
of 1
of 1
of 1
of 1
of 1
of 1
of 1
of 1
of 1
of 1
of 1
of 1
of 1
of 1
of 1
of 1
of 1
of 1
of 1
of 1
of 1
of 1
of 1
of 1
of 1
of 1
of 1
of 1
of 1
of 1
of 1
of 1
of 1
of 1
of 1
of 1
of 1
of 1
of 1
of 1
of 1
of 1
of 1
of 1
of 1
of 1
of 1
of 1
of 1
of 1
of 1
of 1
of 1
of 1
of 1
of 1
of 1
of 1
of 1
of 1
of 1
of 1
of 1
of 1
of 1
of 1
of 1
of 1
of 1
of 1
of 1
of 1
of 1
of 1
of 1
of 1
of 1
of 1
of 1
of 1
of 1
of 1
of 1
of 1
of 1
of 1
of 1
of 1
of 1
of 1
of 1
of 1
of 1
of 1
of 1
of 1
of 1
of 1
of 1
of 1
of 1
of 1
of 1
of 1
of 1
of 1
of 1
of 1
of 1
of 1
of 1
of 1
of 1
of 1
of 1
of 1
of 1
of 1
of 1
of 1
of 1
of 1
of 1
of 1
of 1
of 1
of 1
of 1
of 1
of 1
of 1
of 1
of 1
of 1
of 1
of 1
of 1
of 1
of 1
of 1
of 1
of 1
of 1
of 1
of 1
of 1
of 1
of 1
of 1
of 1
of 1
of 1
of 1
of 1
of 1
of 1
of 1
of 1
of 1
of 1
of 1
of 1
of 1
of 1
of 1
of 1
of 1
of 1
of 1
of 1
of 1
of 1
of 1
of 1
of 1
of 1
of 1
of 1
of 1
of 1
of 1
of 1
of 1
of 1
of 1
of 1
of 1
of 1
of 1
of 1
of 1
of 1
of 1
of 1
of 1
of 1
of 1
of 1
of 1
of 1
of 1
of 1
of 1
of 1
of 1
of 1
of 1
of 1
of 1
of 1
of 1
of 1
of 1
of 1
of 1
of 1
of 1
of 1
of 1
of 1
of 1
of 1
of 1
of 1
of 1
of 1
of 1
of 1
of 1
of 1
of 1
of 1
of 1
of 1
of 1
of 1
of 1
of 1
of 1
of 1
of 1
of 1
of 1
of 1
of 1
of 1
of 1
of 1
of 1
of 1
of 1
of 1
of 1
of 1
of 1
of 1
of 1
of 1
of 1
of 1
of 1
of 1
of 1
of 1
of 1
of 1
of 1
of 1
of 1
of 1
of 1
of 1
of 1
of 1
of 1
of 1
of 1
of 1
of 1
of 1
of 1
of 1
of 1
of 1
of 1
of 1
of 1
of 1
of 1
of 1
of 1
of 1
of 1
of 1
of 1
of 1
of 1
of 1
of 1
of 1
of 1
of 1
of 1
of 1
of 1
of 1
of 1
of 1
of 1
of 1
of 1
of 1
of 1
of 1
of 1
of 1
of 1
of 1
of 1
of 1
of 1
of 1
of 1
of 1
of 1
of 1
of 1
of 1
of 1
of 1
of 1
of 1
of 1
of 1
of 1
of 1
of 1
of 1
of 1
of 1
of 1
of 1
of 1
of 1
of 1
of 1
of 1
of 1
of 1
of 1
of 1
of 1
of 1
of 1
of 1
of 1
of 1
of 1
of 1
of 1
of 1
of 1
of 1
of 1
of 1
of 1
of 1
of 1
of 1
of 1
of 1
of 1
of 1
of 1
of 1
of 1
of 1
of 1
of 1
of 1
of 1
of 1
of 1
of 1
of 1
of 1
of 1
of 1
of 1
of 1
of 1
of 1
of 1
of 1
of 1
of 1
of 1
of 1
of 1
of 1
of 1
of 1
of 1
of 1
of 1
of 1
of 1
of 1
of 1
of 1
of 1
of 1
of 1
of 1
of 1
of 1
of 1
of 1
of 1
of 1
of 1
of 1
of 1
of 1
of 1
of 1
of 1
of 1
of 1
of 1
of 1
of 1
of 1
of 1
of 1
of 1
of 1
of 1
of 1
of 1
of 1
of 1
of 1
of 1
of 1
of 1
of 1
of 1
of 1
of 1
of 1
of 1
of 1
of 1
of 1
of 1
of 1
of 1
of 1
of 1
of 1
of 1
of 1
of 1
of 1
of 1
of 1
of 1
of 1
of 1
of 1
of 1
of 1
of 1
of 1
of 1
of 1
of 1
of 1
of 1
of 1
of 1
of 1
of 1
of 1
of 1
of 1
of 1
of 1
of 1
of 1
of 1
of 1
of 1
of 1
of 1
of 1
of 1
of 1
of 1
of 1
of 1
of 1
of 1
of 1
of 1
of 1
of 1
of 1
of 1
of 1
of 1
of 1
of 1
of 1
of 1
of 1
of 1
of 1
of 1
of 1
of 1
of 1
of 1
of 1
of 1
of 1
of 1
of 1
of 1
of 1
of 1
of 1
of 1
of 1
of 1
of 1
of 1
of 1
of 1
of 1
of 1
of 1
of 1
of 1
of 1
of 1
of 1
of 1
of 1
of 1
of 1
of 1
of 1
of 1
of 1
of 1
of 1
of 1
of 1
of 1
of 1
of 1
of 1
of 1
of 1
of 1
of 1
of 1
of 1
of 1
of 1
of 1
of 1
of 1
of 1
of 1
of 1
of 1
of 1
of 1
of 1
of 1
of 1
of 1
of 1
of 1
of 1
of 1
of 1
of 1
of 1
of 1
of 1
of 1
of 1
of 1
of 1
of 1
of 1
of 1
of 1
of 1
of 1
of 1
of 1
of 1
of 1
of 1
of 1
of 1
of 1
of 1
of 1
of 1
of 1
of 1
of 1
of 1
of 1
of 1
of 1
of 1
of 1
of 1
of 1
of 1
of 1
of 1
of 1
of 1
of 1
of 1
of 1
of 1
of 1
of 1
of 1
of 1
of 1
of 1
of 1
of 1
of 1
of 1
of 1
of 1
of 1
of 1
of 1
of 1
of 1
of 1
of 1
of 1
of 1
of 1
of 1
of 1
of 1
of 1
of 1
of 1
of 1
of 1
of 1
of 1
of 1
of 1
of 1
of 1
of 1
of 1
of 1
of 1
of 1
of 1
of 1
of 1
of 1
of 1
of 1
of 1
of 1
of 1
of 1
of 1
of 1
of 1
of 1
of 1
of 1
of 1
of 1
of 1
of 1
of 1
of 1
of 1
of 1
of 1
of 1
of 1
of 1
of 1
of 1
of 1
of 1
of 1
of 1
of 1
of 1
of 1
of 1
of 1
of 1
of 1
of 1
of 1
of 1
of 1
of 1
of 1
of 1
of 1
of 1
of 1
of 1
of 1
of 1
of 1
of 1
of 1
of 1
of 1
of 1
of 1
of 1
of 1
of 1
of 1
of 1
of 1
of 1
of 1
of 1
of 1
of 1
of 1
of 1
of 1
of 1
of 1
of 1
of 1
of 1
of 1
of 1
of 1
of 1
of 1
of 1
of 1
of 1
of 1
of 1
of 1
of 1
of 1
of 1
of 1
of 1
of 1
of 1
of 1
of 1
of 1
of 1
of 1
of 1
of 1
of 1
of 1
of 1
of 1
of 1
of 1
of 1
of 1
of 1
of 1
of 1
of 1
of 1
of 1
of 1
of 1
of 1
of 1
of 1
of 1
of 1
of 1
of 1
of 1
of 1
of 1
of 1
of 1
of 1
of 1
of 1
of 1
of 1
of 1
of 1
of 1
of 1
of 1
of 1
of 1
of 1
of 1
of 1
of 1
of 1
of 1
of 1
of 1
of 1
of 1
of 1
of 1
of 1
of 1
of 1
of 1
of 1
of 1
of 1
of 1
of 1
of 1
of 1
of 1
of 1
of 1
of 1
of 1
of 1
of 1
of 1
of 1
of 1
of 1
of 1
of 1
of 1
of 1
of 1
of 1
of 1
of 1
of 1
of 1
of 1
of 1
of 1
of 1
of 1
of 1
of 1
of 1
of 1
of 1
of 1
of 1
of 1
of 1
of 1
of 1
of 1
of 1
of 1
of 1
of 1
of 1
of 1
of 1
of 1
of 1
of 1
of 1
of 1
of 1
of 1
of 1
of 1
of 1
of 1
of 1
of 1
of 1
of 1
of 1
of 1
of 1
of 1
of 1
of 1
of 1
of 1
of 1
of 1
of 1
of 1
of 1
of 1
of 1
of 1
of 1
of 1
of 1
of 1
of 1
of 1
of 1
of 1
of 1
of 1
of 1
of 1
of 1
of 1
of 1
of 1
of 1
of 1
of 1
of 1
of 1
of 1
of 1
of 1
of 1
of 1
of 1
of 1
of 1
of 1
of 1
of 1
of 1
of 1
of 1
of 1
of 1
of 1
of 1
of 1
of 1
of 1
of 1
of 1
of 1
of 1
of 1
of 1
of 1
of 1
of 1
of 1
of 1
of 1
of 1
of 1
of 1
of 1
of 1
of 1
of 1
of 1
of 1
of 1
of 1
of 1
of 1
of 1
of 1
of 1
of 1
of 1
of 1
of 1
of 1
of 1
of 1
of 1
of 1
of 1
of 1
of 1
of 1
of 1
of 1
of 1
of 1
of 1
of 1
of 1
of 1
of 1
of 1
of 1
of 1
of 1
of 1
of 1
of 1
of 1
of 1
of 1
of 1
of 1
of 1
of 1
of 1
of 1
of 1
of 1
of 1
of 1
of 1
of 1
of 1
of 1
of 1
of 1
of 1
of 1
of 1
of 1
of 1
of 1
of 1
of 1
of 1
of 1
of 1
of 1
of 1
of 1
of 1
of 1
of 1
of 1
of 1
of 1
of 1
of 1
of 1
of 1
of 1
of 1
of 1
of 1
of 1
of 1
of 1
of 1
of 1
of 1
of 1
of 1
of 1
of 1
of 1
of 1
of 1
of 1
of 1
of 1
of 1
of 1
of 1
of 1
of 1
of 1
of 1
of 1
of 1
of 1
of 1
of 1
of 1
of 1
of 1
of 1
of 1
of 1
of 1
of 1
of 1
of 1
of 1
of 1
of 1
of 1
of 1
of 1
of 1
of 1
of 1
of 1
of 1
of 1
of 1
of 1
of 1
of 1
of 1
of 1
of 1
of 1
of 1
of 1
of 1
of 1
of 1
of 1
of 1
of 1
of 1
of 1
of 1
of 1
of 1
of 1
of 1
of 1
of 1
of 1
of 1
of 1
of 1
of 1
of 1
of 1
of 1
of 1
of 1
of 1
of 1
of 1
of 1
of 1
of 1
of 1
of 1
of 1
of 1
of 1
of 1
of 1
of 1
of 1
of 1
of 1
of 1
of 1
of 1
of 1
of 1
of 1
of 1
of 1
of 1
of 1
of 1
of 1
of 1
of 1
of 1
of 1
of 1
of 1
of 1
of 1
of 1
of 1
of 1
of 1
of 1
of 1
of 1
of 1
of 1
of 1
of 1
of 1
of 1
of 1
of 1
of 1
of 1
of 1
of 1
of 1
of 1
of 1
of 1
of 1
of 1
of 1
of 1
of 1
of 1
of 1
of 1
of 1
of 1
of 1
of 1
of 1
of 1
of 1
of 1
of 1
of 1
of 1
of 1
of 1
of 1
of 1
of 1
of 1
of 1
of 1
of 1
of 1
of 1
of 1
of 1
of 1
of 1
of 1
of 1
of 1
of 1
of 1
of 1
of 1
of 1
of 1
of 1
of 1
of 1
of 1
of 1
of 1
of 1
of 1
of 1
of 1
of 1
of 1
of 1
of 1
of 1
of 1
of 1
of 1
of 1
of 1
of 1
of 1
of 1
of 1
of 1
of 1
of 1
of 1
of 1
of 1
of 1
of 1
of 1
of 1
of 1
of 1
of 1
of 1
of 1
of 1
of 1
of 1
of 1
of 1
of 1
of 1
of 1
of 1
of 1
of 1
of 1
of 1
of 1
of 1
of 1
of 1
of 1
of 1
of 1
of 1
of 1
of 1
of 1
of 1
of 1
of 1
of 1
of 1
of 1
of 1
of 1
of 1
of 1
of 1
of 1
of 1
of 1
of 1
of 1
of 1
of 1
of 1
of 1
of 1
of 1
of 1
of 1
of 1
of 1
of 1
of 1
of 1
of 1
of 1
of 1
of 1
of 1
of 1
of 1
of 1
of 1
of 1
of 1
of 1
of 1
of 1
of 1
of 1
of 1
of 1
of 1
of 1
of 1
of 1
of 1
of 1
of 1
of 1
of 1
of 1
of 1
of 1
of 1
of 1
of 1
of 1
of 1
of 1
of 1
of 1
of 1
of 1
of 1
of 1
of 1
of 1
of 1
of 1
of 1
of 1
of 1
of 1
of 1
of 1
of 1
of 1
of 1
of 1
of 1
of 1
of 1
of 1
of 1
of 1
of 1
of 1
of 1
of 1
of 1
of 1
of 1
of 1
of 1
of 1
of 1
of 1
of 1
of 1
of 1
of 1
of 1
of 1
of 1
of 1
of 1
of 1
of 1
of 1
of 1
of 1
of 1
of 1
of 1
of 1
of 1
of 1
of 1
of 1
of 1
of 1
of 1
of 1
of 1
of 1
of 1
of 1
of 1
of 1
of 1
of 1
of 1
of 1
of 1
of 1
of 1
of 1
of 1
of 1
of 1
of 1
of 1
of 1
of 1
of 1
of 1
of 1
of 1
of 1
of 1
of 1
of 1
of 1
of 1
of 1
of 1
of 1
of 1
of 1
of 1
of 1
of 1
of 1
of 1
of 1
of 1
of 1
of 1
of 1
of 1
of 1
of 1
of 1
of 1
of 1
of 1
of 1
of 1
of 1
of 1
of 1
of 1
of 1
of 1
of 1
of 1
of 1
of 1
of 1
of 1
of 1
of 1
of 1
offers 1
official 1
official 1
official 1
official 1
official 1
online 1
online 1
online 1
online 1
opened 1
opened 1
opened 1
opened 1
opened 1
opened 1
opened 1
opposite 1
ostentatiously 1
outlaws 1
outlaws 1
outlaws 1
outlaws 1
outlaws 1
outside 1
outside 1
outside 1
outside 1
outside 1
outside 1
outside 1
outside 1
outside 1
outside 1
outside 1
outside 1
outside 1
outside 1
overlook 1
overwhelm 1
owned 1
owns 1
owns 1
pairs 1
palpable 1
palsy 1
pap 1
pap 1
pap 1
pap 1
pap 1
papers 1
papers 1
parents 1
parents 1
parents 1
pariah 1
parting 1
parting 1
patient 1
patient 1
patient 1
patient 1
perfect 1
perfect 1
period 1
permanently 1
permission 1
permission 1
permission 1
permission 1
permission 1
permission 1
permission 1
persuaded 1
petitioner 1
pews 1
pews 1
phrenological 1
picking 1
pityingly 1
placed 1
placed 1
placed 1
placed 1
placed 1
placed 1
placed 1
plainly 1
plainly 1
pleasantly 1
pleasantly 1
plotting 1
poem 1
poem 1
poke 1
poodle 1
poodle 1
poodle 1
population 1
pose 1
pose 1
pose 1
pose 1
position 1
position 1
possible 1
possible 1
possible 1
possible 1
possible 1
possible 1
pot 1
poverty 1
poverty 1
power 1
power 1
power 1
power 1
power 1
power 1
power 1
power 1
power 1
practise 1
practise 1
practised 1
practised 1
prayed 1
prayed 1
prayed 1
prayed 1
prayed 1
preachers 1
prepared 1
prepared 1
previous 1
previous 1
previous 1
print 1
print 1
private 1
private 1
private 1
private 1
private 1
privilege 1
problem 1
proceeded 1
proceeded 1
proceeded 1
proceeded 1
prodigious 1
prodigious 1
profound 1
profound 1
profound 1
progress 1
progress 1
progress 1
prohibition 1
prominently 1
prominently 1
promise 1
promise 1
promise 1
promise 1
promise 1
promise 1
promise 1
promised 1
promised 1
promised 1
promised 1
promised 1
promised 1
promised 1
promised 1
promised 1
promised 1
promised 1
protect 1
protect 1
protect 1
protect 1
proudly 1
provide 1
provide 1
provide 1
provide 1
provide 1
provide 1
provide 1
punched 1
punish 1
pup 1
pup 1
pushed 1
pushed 1
pushed 1
pushed 1
pushed 1
pushed 1
putting 1
putting 1
putting 1
quickened 1
quieted 1
rage 1
rage 1
raged 1
rained 1
ranged 1
ravenous 1
recess 1
recess 1
recess 1
recognition 1
recognition 1
reconciliation 1
red 1
red 1
red 1
red 1
red 1
red 1
red 1
red 1
red 1
red 1
red 1
reference 1
reform 1
reform 1
relaxed 1
relaxed 1
religious 1
religious 1
reluctantly 1
reluctantly 1
remained 1
remained 1
remained 1
remained 1
remained 1
remained 1
remained 1
remained 1
remained 1
remained 1
remains 1
remember 1
remember 1
remember 1
remember 1
remember 1
remember 1
remember 1
remember 1
remember 1
remember 1
remember 1
remember 1
remember 1
remind 1
reminding 1
remotely 1
remotenesses 1
rend 1
repinings 1
resignation 1
resisted 1
resisted 1
restless 1
restless 1
restless 1
restless 1
retired 1
retired 1
retired 1
retired 1
retired 1
retired 1
retreat 1
retreat 1
retreat 1
revival 1
revive 1
rind 1
rise 1
rise 1
rise 1
rise 1
roared 1
roots 1
roughest 1
rudely 1
rudely 1
rules 1
rules 1
rusted 1
rusty 1
rusty 1
rusty 1
rusty 1
rusty 1
sadly 1
sadly 1
sadly 1
sagacity 1
sail 1
sail 1
sail 1
sail 1
sail 1
sail 1
sailing 1
sailors 1
saved 1
saved 1
saved 1
scarce 1
scornfully 1
scoured 1
screaming 1
secrets 1
section 1
see 1
see 1
see 1
see 1
see 1
see 1
see 1
see 1
see 1
see 1
see 1
see 1
see 1
see 1
see 1
see 1
see 1
see 1
see 1
see 1
see 1
see 1
see 1
see 1
see 1
see 1
see 1
see 1
see 1
see 1
see 1
see 1
see 1
see 1
see 1
see 1
see 1
see 1
see 1
see 1
see 1
see 1
see 1
see 1
see 1
see 1
see 1
see 1
see 1
see 1
see 1
see 1
see 1
see 1
see 1
see 1
see 1
see 1
see 1
see 1
see 1
see 1
see 1
see 1
see 1
see 1
see 1
see 1
see 1
see 1
see 1
see 1
see 1
see 1
see 1
see 1
see 1
see 1
see 1
see 1
see 1
see 1
see 1
see 1
see 1
see 1
see 1
see 1
see 1
see 1
see 1
see 1
see 1
see 1
see 1
see 1
see 1
see 1
see 1
see 1
see 1
see 1
see 1
see 1
see 1
see 1
see 1
see 1
see 1
see 1
see 1
see 1
see 1
see 1
see 1
see 1
see 1
see 1
see 1
see 1
see 1
see 1
see 1
see 1
see 1
see 1
see 1
see 1
see 1
see 1
see 1
see 1
see 1
see 1
see 1
see 1
selfishness 1
sentence 1
sentence 1
sentence 1
sentence 1
sentence 1
service 1
service 1
service 1
service 1
service 1
service 1
settlement 1
shackly 1
shadder 1
shanty 1
sheepish 1
sheet 1
sheet 1
sheet 1
sheet 1
sheet 1
shelter 1
shelter 1
shelter 1
shelter 1
shelter 1
shelter 1
sheriff 1
sheriff 1
sheriff 1
shingles 1
shirts 1
shorter 1
shots 1
shouldn 1
shudder 1
shudder 1
shudder 1
shudder 1
shudder 1
shudder 1
shuddering 1
signals 1
signals 1
silent 1
silent 1
silent 1
silent 1
silent 1
silent 1
silk 1
silk 1
sink 1
sink 1
sink 1
site 1
site 1
site 1
site 1
sixpence 1
skeleton 1
skiff 1
skiff 1
skiff 1
skiff 1
skiff 1
skiff 1
skiff 1
skiff 1
skiff 1
skiff 1
skiff 1
skiff 1
skylarking 1
skylarking 1
skylarking 1
skylarking 1
sleeping 1
sleeping 1
sleeping 1
slew 1
slicing 1
slight 1
slight 1
slope 1
slope 1
smoked 1
smoked 1
smoked 1
smothered 1
smothered 1
smothered 1
smothered 1
snatching 1
sneaked 1
sneaked 1
sneaked 1
sneaked 1
sneaked 1
snore 1
snore 1
snore 1
snore 1
snore 1
sobbed 1
sobbed 1
sobbed 1
sober 1
sober 1
soften 1
sombrero 1
somewhere 1
somewhere 1
somewhere 1
somewhere 1
soon 1
soon 1
soon 1
soon 1
soon 1
soon 1
soon 1
soon 1
soon 1
soon 1
soon 1
soon 1
soon 1
soon 1
soon 1
soon 1
soon 1
soon 1
soon 1
soon 1
soon 1
soon 1
soon 1
soon 1
soon 1
soon 1
soon 1
soon 1
soon 1
soon 1
soon 1
soon 1
soon 1
soon 1
soon 1
soon 1
soon 1
soon 1
soon 1
soon 1
soon 1
soon 1
sore 1
sore 1
sore 1
sore 1
sore 1
sore 1
sorrowful 1
source 1
souring 1
sow 1
spasmodic 1
spec 1
speeding 1
splendid 1
splendid 1
splendid 1
splendid 1
splendid 1
splendid 1
spool 1
sports 1
sports 1
spotted 1
spotted 1
spotted 1
spotted 1
squeezes 1
squirrel 1
stands 1
stands 1
stands 1
stands 1
stare 1
stare 1
stare 1
stare 1
stay 1
stay 1
stay 1
stay 1
stay 1
stay 1
stay 1
stay 1
stay 1
stay 1
stay 1
stay 1
stay 1
stay 1
stay 1
stay 1
stay 1
stay 1
stay 1
stay 1
stay 1
steadily 1
steadily 1
steadily 1
steps 1
steps 1
steps 1
steps 1
steps 1
steps 1
steps 1
steps 1
steps 1
steps 1
steps 1
sticks 1
stiddy 1
stopper 1
store 1
store 1
store 1
story 1
story 1
story 1
story 1
story 1
story 1
story 1
story 1
straggle 1
straitened 1
strangling 1
strangling 1
stray 1
stray 1
stray 1
strokes 1
strokes 1
structure 1
struggle 1
struggle 1
struggle 1
struggle 1
struggle 1
struggle 1
struggle 1
strung 1
subjects 1
submitted 1
subsided 1
such 1
such 1
such 1
such 1
such 1
such 1
such 1
such 1
such 1
such 1
such 1
such 1
such 1
such 1
such 1
such 1
such 1
such 1
such 1
such 1
such 1
such 1
such 1
such 1
such 1
such 1
such 1
such 1
such 1
such 1
such 1
such 1
such 1
such 1
such 1
such 1
such 1
such 1
such 1
such 1
such 1
such 1
such 1
such 1
such 1
such 1
such 1
such 1
such 1
such 1
such 1
such 1
such 1
such 1
such 1
such 1
such 1
such 1
such 1
such 1
such 1
such 1
such 1
such 1
such 1
such 1
such 1
such 1
such 1
such 1
such 1
such 1
suds 1
suffer 1
suffer 1
suffer 1
suffer 1
suffer 1
suffocating 1
sullen 1
sullen 1
sung 1
sung 1
sung 1
sung 1
sung 1
superior 1
suppose 1
suppose 1
supposed 1
supposed 1
supposed 1
surprised 1
surprised 1
surprised 1
surroundings 1
surroundings 1
suspicion 1
suspicion 1
suspicion 1
suspicion 1
suspicion 1
suspicion 1
suspicious 1
suspicious 1
suspicious 1
suspicious 1
swallowing 1
swarmed 1
swears 1
swelling 1
tackling 1
take 1
take 1
take 1
take 1
take 1
take 1
take 1
take 1
take 1
take 1
take 1
take 1
take 1
take 1
take 1
take 1
take 1
take 1
take 1
take 1
take 1
take 1
take 1
take 1
take 1
take 1
take 1
take 1
take 1
take 1
take 1
take 1
take 1
take 1
take 1
take 1
take 1
take 1
take 1
take 1
take 1
take 1
take 1
take 1
take 1
take 1
take 1
take 1
take 1
take 1
take 1
take 1
take 1
take 1
take 1
take 1
take 1
take 1
take 1
take 1
take 1
take 1
take 1
take 1
take 1
take 1
take 1
take 1
take 1
tangle 1
tangle 1
teasing 1
teaspoon 1
temple 1
terms 1
terms 1
terms 1
terms 1
terms 1
terms 1
terms 1
terms 1
terms 1
terms 1
terms 1
terms 1
terms 1
terms 1
terms 1
terms 1
terms 1
terms 1
terms 1
terms 1
terrors 1
terrors 1
text 1
text 1
then 1
then 1
then 1
then 1
then 1
then 1
then 1
then 1
then 1
then 1
then 1
then 1
then 1
then 1
then 1
then 1
then 1
then 1
then 1
then 1
then 1
then 1
then 1
then 1
then 1
then 1
then 1
then 1
then 1
then 1
then 1
then 1
then 1
then 1
then 1
then 1
then 1
then 1
then 1
then 1
then 1
then 1
then 1
then 1
then 1
then 1
then 1
then 1
then 1
then 1
then 1
then 1
then 1
then 1
then 1
then 1
then 1
then 1
then 1
then 1
then 1
then 1
then 1
then 1
then 1
then 1
then 1
then 1
then 1
then 1
then 1
then 1
then 1
then 1
then 1
then 1
then 1
then 1
then 1
then 1
then 1
then 1
then 1
then 1
then 1
then 1
then 1
then 1
then 1
then 1
then 1
then 1
then 1
then 1
then 1
then 1
then 1
then 1
then 1
then 1
then 1
then 1
then 1
then 1
then 1
then 1
then 1
then 1
then 1
then 1
then 1
then 1
then 1
then 1
then 1
then 1
then 1
then 1
then 1
then 1
then 1
then 1
then 1
then 1
then 1
then 1
then 1
then 1
then 1
then 1
then 1
then 1
then 1
then 1
then 1
then 1
then 1
then 1
then 1
then 1
then 1
then 1
then 1
then 1
then 1
then 1
then 1
then 1
then 1
then 1
then 1
then 1
then 1
then 1
then 1
then 1
then 1
then 1
then 1
then 1
then 1
then 1
then 1
then 1
then 1
then 1
then 1
then 1
then 1
then 1
then 1
then 1
then 1
then 1
then 1
then 1
then 1
then 1
then 1
then 1
then 1
then 1
then 1
then 1
then 1
then 1
then 1
then 1
then 1
then 1
then 1
then 1
then 1
then 1
then 1
then 1
then 1
then 1
then 1
then 1
then 1
then 1
thinks 1
thinks 1
thinks 1
threshold 1
threshold 1
thro 1
throughout 1
throwed 1
throwed 1
time 1
time 1
time 1
time 1
time 1
time 1
time 1
time 1
time 1
time 1
time 1
time 1
time 1
time 1
time 1
time 1
time 1
time 1
time 1
time 1
time 1
time 1
time 1
time 1
time 1
time 1
time 1
time 1
time 1
time 1
time 1
time 1
time 1
time 1
time 1
time 1
time 1
time 1
time 1
time 1
time 1
time 1
time 1
time 1
time 1
time 1
time 1
time 1
time 1
time 1
time 1
time 1
time 1
time 1
time 1
time 1
time 1
time 1
time 1
time 1
time 1
time 1
time 1
time 1
time 1
time 1
time 1
time 1
time 1
time 1
time 1
time 1
time 1
time 1
time 1
time 1
time 1
time 1
time 1
time 1
time 1
time 1
time 1
time 1
time 1
time 1
time 1
time 1
time 1
time 1
time 1
time 1
time 1
time 1
time 1
time 1
time 1
time 1
time 1
time 1
time 1
time 1
time 1
time 1
time 1
time 1
time 1
time 1
time 1
time 1
time 1
time 1
time 1
time 1
time 1
time 1
time 1
time 1
time 1
time 1
time 1
time 1
time 1
time 1
time 1
time 1
time 1
time 1
time 1
time 1
time 1
time 1
time 1
time 1
time 1
time 1
time 1
time 1
time 1
time 1
time 1
time 1
time 1
time 1
time 1
time 1
time 1
time 1
time 1
time 1
time 1
time 1
time 1
time 1
time 1
time 1
time 1
time 1
time 1
time 1
time 1
time 1
time 1
time 1
time 1
time 1
time 1
time 1
time 1
time 1
time 1
time 1
time 1
time 1
time 1
time 1
time 1
time 1
time 1
time 1
time 1
time 1
time 1
time 1
time 1
time 1
time 1
time 1
time 1
timid 1
tingled 1
tiptoe 1
tiptoe 1
tiptoe 1
tm 1
tm 1
tm 1
tm 1
tm 1
tm 1
tm 1
tm 1
tm 1
tm 1
tm 1
tm 1
tm 1
tm 1
tm 1
tm 1
tm 1
tm 1
tm 1
tm 1
tm 1
tm 1
tm 1
tm 1
tm 1
tm 1
tm 1
tm 1
tm 1
tm 1
tm 1
tm 1
tm 1
tm 1
tm 1
tm 1
tm 1
tm 1
tm 1
tm 1
tm 1
tm 1
tm 1
tm 1
tm 1
tm 1
tm 1
tm 1
tm 1
tm 1
tm 1
tm 1
tm 1
tm 1
tm 1
tm 1
tm 1
tombstone 1
tones 1
toothache 1
toothache 1
tortured 1
tortured 1
tortured 1
toward 1
toward 1
toward 1
toward 1
toward 1
toward 1
toward 1
toward 1
toward 1
toward 1
toward 1
toward 1
toward 1
toward 1
toward 1
toward 1
toward 1
toward 1
toward 1
toward 1
toward 1
toward 1
toward 1
toward 1
toward 1
toward 1
toward 1
toys 1
transcendent 1
transmitted 1
trees 1
trees 1
trees 1
trees 1
trees 1
trees 1
trees 1
trees 1
trees 1
trees 1
trees 1
trees 1
trickling 1
trifling 1
tripping 1
tripping 1
triumph 1
triumph 1
triumph 1
tugging 1
tugging 1
tumblebug 1
tumblings 1
twenty 1
twenty 1
twenty 1
twenty 1
twenty 1
twenty 1
twenty 1
twenty 1
twenty 1
twenty 1
twenty 1
twenty 1
twenty 1
twenty 1
twig 1
twig 1
twould 1
twouldn 1
types 1
unalloyed 1
uncushioned 1
unenforceability 1
unfeeling 1
unquenchable 1
unrestfully 1
unshaken 1
unsolicited 1
unsought 1
unsteady 1
untied 1
unwinding 1
upstream 1
upstream 1
urged 1
urged 1
vagrant 1
vagrant 1
vagrant 1
vagrant 1
vaguely 1
vicinity 1
vicinity 1
vicinity 1
viewing 1
virtuous 1
visitors 1
visitors 1
visitors 1
visitors 1
visitors 1
vitals 1
vitals 1
vittles 1
voluntarily 1
vulgar 1
vulgar 1
waded 1
waded 1
wads 1
wait 1
wait 1
wait 1
wait 1
wait 1
wait 1
wait 1
wait 1
wait 1
wait 1
wait 1
wait 1
wait 1
wait 1
wait 1
wait 1
wait 1
wait 1
wait 1
wait 1
wait 1
wait 1
wait 1
walnut 1
wander 1
wartiest 1
washing 1
washing 1
washing 1
washing 1
washing 1
wasteful 1
wasting 1
watch 1
watch 1
watch 1
watch 1
watch 1
watch 1
watch 1
watch 1
watch 1
watch 1
watch 1
watch 1
watch 1
watch 1
watch 1
water 1
water 1
water 1
water 1
water 1
water 1
water 1
water 1
water 1
water 1
water 1
water 1
water 1
water 1
water 1
water 1
water 1
water 1
water 1
water 1
water 1
water 1
water 1
water 1
water 1
water 1
water 1
water 1
water 1
water 1
water 1
water 1
water 1
water 1
water 1
water 1
water 1
water 1
water 1
water 1
water 1
water 1
water 1
water 1
water 1
water 1
water 1
water 1
water 1
water 1
water 1
water 1
weakening 1
wealth 1
wealth 1
wealth 1
wealth 1
weed 1
weeping 1
weeping 1
welded 1
wended 1
wended 1
were 1
were 1
were 1
were 1
were 1
were 1
were 1
were 1
were 1
were 1
were 1
were 1
were 1
were 1
were 1
were 1
were 1
were 1
were 1
were 1
were 1
were 1
were 1
were 1
were 1
were 1
were 1
were 1
were 1
were 1
were 1
were 1
were 1
were 1
were 1
were 1
were 1
were 1
were 1
were 1
were 1
were 1
were 1
were 1
were 1
were 1
were 1
were 1
were 1
were 1
were 1
were 1
were 1
were 1
were 1
were 1
were 1
were 1
were 1
were 1
were 1
were 1
were 1
were 1
were 1
were 1
were 1
were 1
were 1
were 1
were 1
were 1
were 1
were 1
were 1
were 1
were 1
were 1
were 1
were 1
were 1
were 1
were 1
were 1
were 1
were 1
were 1
were 1
were 1
were 1
were 1
were 1
were 1
were 1
were 1
were 1
were 1
were 1
were 1
were 1
were 1
were 1
were 1
were 1
were 1
were 1
were 1
were 1
were 1
were 1
were 1
were 1
were 1
were 1
were 1
were 1
were 1
were 1
were 1
were 1
were 1
were 1
were 1
were 1
were 1
were 1
were 1
were 1
were 1
were 1
were 1
were 1
were 1
were 1
were 1
were 1
were 1
were 1
were 1
were 1
were 1
were 1
were 1
were 1
were 1
were 1
were 1
were 1
were 1
were 1
were 1
were 1
were 1
were 1
were 1
were 1
were 1
were 1
were 1
were 1
were 1
were 1
were 1
were 1
were 1
were 1
were 1
were 1
were 1
were 1
were 1
were 1
were 1
were 1
were 1
were 1
were 1
were 1
were 1
were 1
were 1
were 1
were 1
were 1
were 1
were 1
were 1
were 1
were 1
were 1
were 1
were 1
were 1
were 1
were 1
were 1
were 1
were 1
were 1
were 1
were 1
were 1
were 1
were 1
were 1
were 1
were 1
were 1
were 1
were 1
were 1
were 1
were 1
were 1
were 1
were 1
were 1
were 1
were 1
were 1
were 1
were 1
were 1
were 1
were 1
were 1
were 1
were 1
were 1
were 1
were 1
were 1
were 1
were 1
were 1
were 1
were 1
were 1
were 1
were 1
were 1
were 1
were 1
were 1
were 1
were 1
were 1
were 1
were 1
were 1
were 1
were 1
were 1
were 1
were 1
were 1
were 1
were 1
were 1
were 1
were 1
were 1
were 1
were 1
were 1
were 1
were 1
were 1
were 1
were 1
were 1
were 1
were 1
were 1
west 1
west 1
wheel 1
where 1
where 1
where 1
where 1
where 1
where 1
where 1
where 1
where 1
where 1
where 1
where 1
where 1
where 1
where 1
where 1
where 1
where 1
where 1
where 1
where 1
where 1
where 1
where 1
where 1
where 1
where 1
where 1
where 1
where 1
where 1
where 1
where 1
where 1
where 1
where 1
where 1
where 1
where 1
where 1
where 1
where 1
where 1
where 1
where 1
where 1
where 1
where 1
where 1
where 1
where 1
where 1
where 1
where 1
where 1
where 1
where 1
where 1
where 1
where 1
where 1
where 1
where 1
where 1
where 1
where 1
where 1
where 1
whispers 1
whispers 1
whispers 1
whispers 1
whispers 1
whispers 1
whitewashin 1
whoop 1
whoop 1
whoop 1
wily 1
wisdom 1
withheld 1
within 1
within 1
within 1
within 1
within 1
within 1
within 1
within 1
within 1
within 1
within 1
within 1
within 1
within 1
within 1
within 1
within 1
within 1
within 1
within 1
within 1
within 1
within 1
within 1
within 1
within 1
within 1
witness 1
witness 1
witness 1
witness 1
witness 1
witness 1
witness 1
witness 1
witnesses 1
witnesses 1
woe 1
wonder 1
wonder 1
wonder 1
wonder 1
wonder 1
wonder 1
wonder 1
wonderfully 1
wonderfully 1
wood 1
wood 1
wood 1
wood 1
wood 1
wood 1
wood 1
wood 1
wood 1
worshipful 1
worshipped 1
worst 1
worst 1
worst 1
worst 1
writhed 1
wrote 1
wrote 1
wrote 1
wrote 1
wrote 1
wrung 1
yielding 1
yourself 1
yourself 1
yourself 1
yourself 1
yourself 1
yourself 1
yourself 1
yourself 1
yourself 1
yourself 1
yourself 1
yourself 1
