AK 1
Abner 1
Abner 1
Abner 1
Abner 1
Abner 1
Ancestors 1
Antonette 1
Anybody 1
Anybody 1
Anybody 1
Arab 1
Ashore 1
Asked 1
Bank 1
Benjamin 1
Bofe 1
Breathes 1
Bridgewater 1
Bridgewater 1
Bridgewater 1
Bridgewater 1
Brother 1
Brother 1
Brute 1
Buckner 1
CONTENTS 1
Call 1
Call 1
Can 1
Can 1
Can 1
Can 1
Cert 1
Christmas 1
Christmas 1
Cold 1
Colonel 1
Colonel 1
Colonel 1
Contact 1
Country 1
Crack 1
Cur 1
DOWLING 1
Deef 1
Diet 1
Drunk 1
EBook 1
EBook 1
EBook 1
Easy 1
Easy 1
Economy 1
Emmeline 1
Emmeline 1
Emmeline 1
Emmeline 1
Emmeline 1
Emmeline 1
Englishman 1
Englishman 1
Englishman 1
Englishman 1
Englishmen 1
Escapes 1
Expectation 1
Exploring 1
Exploring 1
F 1
F 1
F 1
F 1
F 1
F 1
F 1
F 1
F 1
F 1
F 1
Family 1
Family 1
Figure 1
Fretta 1
GOT 1
Git 1
Git 1
Git 1
Going 1
Going 1
Going 1
Going 1
Going 1
Grangerfords 1
Grangerfords 1
Grangerfords 1
Grangerfords 1
Grangerfords 1
Grangerfords 1
Gun 1
H 1
HAVE 1
HIS 1
Hank 1
Hank 1
Hank 1
Hank 1
Hank 1
Hannel 1
Harper 1
Harper 1
Harper 1
Harper 1
Head 1
Hear 1
Hear 1
Hear 1
Hey 1
Hookerville 1
Hookerville 1
Hotchkiss 1
Hotchkiss 1
Hotchkiss 1
Hotchkiss 1
Hotchkiss 1
Hotchkiss 1
However 1
Howl 1
Huckleberry 1
Huckleberry 1
Huckleberry 1
Huckleberry 1
Huckleberry 1
Huckleberry 1
Huckleberry 1
Huckleberry 1
IRS 1
Its 1
Its 1
Jacques 1
Jawing 1
Jim 1
Jim 1
Jim 1
Jim 1
Jim 1
Jim 1
Jim 1
Jim 1
Jim 1
Jim 1
Jim 1
Jim 1
Jim 1
Jim 1
Jim 1
Jim 1
Jim 1
Jim 1
Jim 1
Jim 1
Jim 1
Jim 1
Jim 1
Jim 1
Jim 1
Jim 1
Jim 1
Jim 1
Jim 1
Jim 1
Jim 1
Jim 1
Jim 1
Jim 1
Jim 1
Jim 1
Jim 1
Jim 1
Jim 1
Jim 1
Jim 1
Jim 1
Jim 1
Jim 1
Jim 1
Jim 1
Jim 1
Jim 1
Jim 1
Jim 1
Jim 1
Jim 1
Jim 1
Jim 1
Jim 1
Jim 1
Jim 1
Jim 1
Jim 1
Jim 1
Jim 1
Jim 1
Jim 1
Jim 1
Jim 1
Jim 1
Jim 1
Jim 1
Jim 1
Jim 1
Jim 1
Jim 1
Jim 1
Jim 1
Jim 1
Jim 1
Jim 1
Jim 1
Jim 1
Jim 1
Jim 1
Jim 1
Jim 1
Jim 1
Jim 1
Jim 1
Jim 1
Jim 1
Jim 1
Jim 1
Jim 1
Jim 1
Jim 1
Jim 1
Jim 1
Jim 1
Jim 1
Jim 1
Jim 1
Jim 1
Jim 1
Jim 1
Jim 1
Jim 1
Jim 1
Jim 1
Jim 1
Jim 1
Jim 1
Jim 1
Jim 1
Jim 1
Jim 1
Jim 1
Jim 1
Jim 1
Jim 1
Jim 1
Jim 1
Jim 1
Jim 1
Jim 1
Jim 1
Jim 1
Jim 1
Jim 1
Jim 1
Jim 1
Jim 1
Jim 1
Jim 1
Jim 1
Jim 1
Jim 1
Jim 1
Jim 1
Jim 1
Jim 1
Jim 1
Jim 1
Jim 1
Jim 1
Jim 1
Jim 1
Jim 1
Jim 1
Jim 1
Jim 1
Jim 1
Jim 1
Jim 1
Jim 1
Jim 1
Jim 1
Jim 1
Jim 1
Jim 1
Jim 1
Jim 1
Jim 1
Jim 1
Jim 1
Jim 1
Jim 1
Jim 1
Jim 1
Jim 1
Jim 1
Jim 1
Jim 1
Jim 1
Jim 1
Jim 1
Jim 1
Jim 1
Jim 1
Jim 1
Jim 1
Jim 1
Jim 1
Jim 1
Jim 1
Jim 1
Jim 1
Jim 1
Jim 1
Jim 1
Jim 1
Jim 1
Jim 1
Jim 1
Jim 1
Jim 1
Jim 1
Jim 1
Jim 1
Jim 1
Jim 1
Jim 1
Jim 1
Jim 1
Jim 1
Jim 1
Jim 1
Jim 1
Jim 1
Jim 1
Jim 1
Jim 1
Jim 1
Jim 1
Jim 1
Jim 1
Jim 1
Jim 1
Jim 1
Jim 1
Jim 1
Jim 1
Jim 1
Jim 1
Jim 1
Jim 1
Jim 1
Jim 1
Jim 1
Jim 1
Jim 1
Jim 1
Jim 1
Jim 1
Jim 1
Jim 1
Jim 1
Jim 1
Jim 1
Jim 1
Jim 1
Jim 1
Jim 1
Jim 1
Jim 1
Jim 1
Jim 1
Jim 1
Jim 1
Jim 1
Jim 1
Jim 1
Jim 1
Jim 1
Jim 1
Jim 1
Jim 1
Jim 1
Jim 1
Jim 1
Jim 1
Jim 1
Jim 1
Jim 1
Jim 1
Jim 1
Jim 1
Jim 1
Jim 1
Jim 1
Jim 1
Jim 1
Jim 1
Jim 1
Jim 1
Jim 1
Jim 1
Jim 1
Jim 1
Jim 1
Jim 1
Jim 1
Jim 1
Jim 1
Jim 1
Jim 1
Jim 1
Jim 1
Jim 1
Jim 1
Jim 1
Jim 1
Jim 1
Jim 1
Jim 1
Jim 1
Jim 1
Jim 1
Jim 1
Jim 1
Jim 1
Jim 1
Jim 1
Jim 1
Jim 1
Jim 1
Jim 1
Jim 1
Jim 1
Jim 1
Jim 1
Jim 1
Jim 1
Jim 1
Jim 1
Jim 1
Jim 1
Jim 1
Jim 1
Jim 1
Jim 1
Jim 1
Jim 1
Jim 1
Jim 1
Jim 1
Jim 1
Jim 1
Jim 1
Jim 1
Jim 1
Jim 1
Jim 1
Jim 1
Jim 1
Jim 1
Jim 1
Jim 1
Jim 1
Jim 1
Jim 1
Jim 1
Jim 1
Jim 1
Jim 1
Jim 1
Jim 1
Jim 1
Jim 1
Jim 1
Jim 1
Jim 1
Jim 1
Jim 1
Jim 1
Jim 1
Jim 1
Jim 1
Jim 1
Jim 1
Jim 1
Jim 1
Jim 1
Jim 1
Jim 1
Jim 1
Jim 1
Jim 1
Jim 1
Jim 1
Jim 1
Jim 1
Jim 1
Jim 1
Jim 1
Jim 1
Jim 1
Jim 1
Jim 1
Jim 1
Jim 1
Jim 1
Jim 1
Jim 1
Jim 1
Jim 1
Jim 1
Jim 1
Jim 1
Jim 1
Jim 1
Jim 1
Jim 1
Jim 1
Jim 1
July 1
KIND 1
Kin 1
Language 1
Lawsy 1
Leggo 1
Loses 1
Lost 1
Lots 1
Lots 1
Lots 1
MERCHANTIBILITY 1
Money 1
Money 1
Money 1
Mrs 1
Mrs 1
Mrs 1
Mrs 1
Mrs 1
Mrs 1
Mrs 1
Mrs 1
Murders 1
My 1
My 1
My 1
My 1
My 1
My 1
My 1
My 1
My 1
My 1
My 1
My 1
My 1
My 1
My 1
My 1
My 1
My 1
My 1
My 1
My 1
My 1
My 1
My 1
My 1
My 1
My 1
NOTICE 1
Nebokoodneezer 1
Nigger 1
Nigger 1
None 1
None 1
None 1
None 1
Now 1
Now 1
Now 1
Now 1
Now 1
Now 1
Now 1
Now 1
Now 1
Now 1
Now 1
Now 1
Now 1
Now 1
Now 1
Now 1
Now 1
Now 1
Now 1
Now 1
Now 1
Now 1
Now 1
Now 1
Now 1
Now 1
Now 1
Now 1
Now 1
Now 1
Now 1
Now 1
Now 1
Now 1
Now 1
Now 1
Now 1
Now 1
Now 1
Now 1
Now 1
Now 1
Now 1
Now 1
Now 1
Now 1
Now 1
Now 1
Now 1
Now 1
Now 1
Now 1
Now 1
OTHER 1
Obsequies 1
Obsequies 1
Oho 1
One 1
One 1
One 1
One 1
One 1
One 1
One 1
One 1
One 1
One 1
One 1
One 1
One 1
One 1
One 1
One 1
One 1
One 1
One 1
One 1
One 1
One 1
One 1
One 1
One 1
One 1
One 1
One 1
One 1
One 1
Opposition 1
Orleans 1
Orleans 1
Orleans 1
Orleans 1
Orleans 1
Orleans 1
Orleans 1
Orleans 1
Orleans 1
Orleans 1
Orleans 1
Orleans 1
Orleans 1
Orleans 1
Orleans 1
Other 1
Other 1
Otto 1
Out 1
Out 1
Out 1
Out 1
Out 1
Out 1
Out 1
Panama 1
Passenger 1
Pilgrim 1
Polly 1
Polly 1
Polly 1
Polly 1
Polly 1
Polly 1
Polly 1
Polly 1
Polly 1
Polly 1
Polly 1
Polly 1
Polly 1
Poor 1
Poor 1
Poor 1
Poor 1
Poor 1
Poor 1
Preacher 1
Providences 1
R 1
Recollections 1
Refund 1
Replacement 1
Right 1
Right 1
Right 1
Right 1
START 1
START 1
Seegars 1
Shakespeare 1
Shakespeare 1
Shirt 1
Sid 1
Sid 1
Sid 1
Sid 1
Sid 1
Sid 1
Sid 1
Sid 1
Sid 1
Sid 1
Sid 1
Sid 1
Sid 1
Sid 1
Sid 1
Sid 1
Sid 1
Sid 1
Sid 1
Sid 1
Sid 1
Sid 1
Sid 1
Sid 1
Sid 1
Sid 1
Sid 1
Sid 1
Sid 1
Silas 1
Silas 1
Silas 1
Silas 1
Silas 1
Silas 1
Silas 1
Silas 1
Silas 1
Silas 1
Silas 1
Silas 1
Silas 1
Silas 1
Silas 1
Silas 1
Silas 1
Silas 1
Silas 1
Silas 1
Silas 1
Silas 1
Silas 1
Silas 1
Silas 1
Silas 1
Silas 1
Silas 1
Silas 1
Slept 1
Some 1
Some 1
Some 1
Some 1
Some 1
Some 1
Some 1
Some 1
Some 1
Some 1
Some 1
Some 1
Some 1
Some 1
Some 1
Some 1
Son 1
Sophia 1
Sophia 1
Sophia 1
Sophia 1
Sophia 1
Sophia 1
Sophia 1
Sophia 1
Southern 1
Southern 1
Southern 1
Specially 1
Specially 1
Stand 1
Stand 1
States 1
States 1
States 1
States 1
States 1
States 1
States 1
States 1
States 1
States 1
States 1
States 1
States 1
Step 1
Sunday 1
Sunday 1
Sunday 1
Sunday 1
Sunday 1
Sunday 1
Sunday 1
Sunday 1
Sunday 1
Sunday 1
Sunday 1
Sunday 1
Sunday 1
Sunday 1
Sunday 1
Sunday 1
Tail 1
Temperance 1
Thompson 1
Thompson 1
Three 1
Three 1
Thus 1
Tis 1
Tis 1
Title 1
Triumphant 1
Turner 1
Turner 1
Turner 1
Turner 1
Turner 1
Turner 1
VII 1
VII 1
Wake 1
Wake 1
Want 1
Want 1
Widger 1
Widger 1
Wilks 1
Wilks 1
Wilks 1
Wilks 1
Wilks 1
Wilks 1
Wilks 1
Wilks 1
Wilks 1
Wilks 1
Wilks 1
Wilks 1
Wilks 1
Wilks 1
Wilkses 1
Wilkses 1
Wilkses 1
With 1
With 1
Wounded 1
accounts 1
accounts 1
accounts 1
accounts 1
accounts 1
accounts 1
accounts 1
acknowledge 1
acknowledge 1
acknowledge 1
adopt 1
advertisements 1
affairs 1
aggravate 1
allowed 1
allowed 1
allowed 1
allowed 1
allowed 1
allowed 1
allowed 1
allowed 1
allowed 1
allowed 1
allowed 1
allowed 1
allowed 1
allowed 1
allowed 1
allowed 1
allowed 1
allowed 1
allowed 1
allowed 1
allowed 1
allowed 1
allowed 1
allowed 1
allowed 1
allowed 1
allowed 1
allowed 1
allowed 1
allowed 1
allowed 1
allowed 1
answer 1
answer 1
answer 1
answer 1
answer 1
answer 1
answer 1
answer 1
answer 1
answer 1
answer 1
answer 1
answer 1
answer 1
answer 1
answer 1
answer 1
answer 1
answer 1
answer 1
answer 1
answer 1
answer 1
answer 1
answer 1
answer 1
answer 1
answer 1
anywheres 1
anywheres 1
anywheres 1
anywheres 1
anywheres 1
anywheres 1
apart 1
apart 1
apart 1
apart 1
appointments 1
approach 1
apron 1
apron 1
apron 1
apron 1
apron 1
argue 1
arriving 1
attention 1
attention 1
attitude 1
audience 1
audience 1
audience 1
axe 1
axe 1
axe 1
axe 1
axe 1
axe 1
axe 1
badly 1
bank 1
bank 1
bank 1
bank 1
bank 1
bank 1
bank 1
bank 1
bank 1
bank 1
bank 1
bank 1
bank 1
bank 1
bank 1
bank 1
bank 1
bank 1
bank 1
bank 1
bank 1
bank 1
bank 1
bank 1
bank 1
bank 1
bank 1
bank 1
bank 1
bank 1
bank 1
bank 1
bank 1
bank 1
bank 1
bank 1
bank 1
bank 1
bank 1
bank 1
bank 1
bank 1
bank 1
baths 1
baths 1
baths 1
beat 1
beat 1
beat 1
beat 1
beat 1
beat 1
beat 1
beat 1
beat 1
beat 1
beat 1
beat 1
beat 1
beat 1
beating 1
bedquilt 1
beef 1
begins 1
begins 1
begins 1
begins 1
begins 1
begins 1
begins 1
belch 1
believe 1
believe 1
believe 1
believe 1
believe 1
believe 1
believe 1
believe 1
believe 1
believe 1
believe 1
believe 1
believe 1
believe 1
believe 1
believe 1
believe 1
believe 1
believe 1
believe 1
believe 1
believe 1
believe 1
believe 1
believe 1
believe 1
believe 1
believe 1
believe 1
believed 1
believed 1
believed 1
believed 1
believed 1
believed 1
believed 1
believed 1
believed 1
believed 1
benefactors 1
bes 1
bes 1
big 1
big 1
big 1
big 1
big 1
big 1
big 1
big 1
big 1
big 1
big 1
big 1
big 1
big 1
big 1
big 1
big 1
big 1
big 1
big 1
big 1
big 1
big 1
big 1
big 1
big 1
big 1
big 1
big 1
big 1
big 1
big 1
big 1
big 1
big 1
big 1
big 1
big 1
big 1
big 1
big 1
big 1
big 1
big 1
big 1
big 1
big 1
big 1
big 1
big 1
big 1
big 1
big 1
big 1
big 1
big 1
big 1
big 1
big 1
big 1
big 1
big 1
big 1
big 1
big 1
big 1
big 1
big 1
big 1
big 1
big 1
big 1
big 1
big 1
big 1
big 1
big 1
big 1
big 1
big 1
big 1
big 1
big 1
big 1
big 1
big 1
big 1
big 1
big 1
big 1
big 1
big 1
big 1
big 1
big 1
bills 1
bills 1
bills 1
bills 1
bills 1
bills 1
bills 1
bills 1
birds 1
birds 1
birds 1
birds 1
birds 1
birds 1
birds 1
birds 1
bits 1
blaming 1
blaming 1
blessedest 1
blow 1
blow 1
blow 1
blow 1
blow 1
blow 1
blow 1
blow 1
blow 1
blow 1
blow 1
blow 1
blow 1
blow 1
blow 1
blow 1
blow 1
blow 1
blow 1
blow 1
blowing 1
blowing 1
blowing 1
blowing 1
blowing 1
blowing 1
boo 1
boomed 1
boomed 1
bored 1
bottle 1
bottle 1
bottle 1
bottle 1
boxed 1
boy 1
boy 1
boy 1
boy 1
boy 1
boy 1
boy 1
boy 1
boy 1
boy 1
boy 1
boy 1
boy 1
boy 1
boy 1
boy 1
boy 1
boy 1
boy 1
boy 1
boy 1
boy 1
boy 1
boy 1
boy 1
boy 1
boy 1
boy 1
boy 1
boy 1
boy 1
boy 1
boy 1
boy 1
boy 1
boy 1
boy 1
boy 1
boy 1
boy 1
boy 1
boy 1
boy 1
boy 1
boy 1
boy 1
boy 1
boy 1
boy 1
boy 1
bragged 1
branches 1
branches 1
branches 1
branches 1
branches 1
branches 1
branches 1
branches 1
branching 1
breathing 1
breed 1
breed 1
breed 1
bridle 1
bridle 1
bridle 1
brim 1
brisker 1
brisker 1
brown 1
brown 1
brown 1
brown 1
brush 1
brush 1
brush 1
brush 1
brush 1
buckled 1
bulges 1
bulled 1
bully 1
bully 1
bully 1
bully 1
bully 1
bully 1
bully 1
bum 1
bum 1
bum 1
bum 1
bum 1
bum 1
bunch 1
bunch 1
bunch 1
bureau 1
bush 1
bush 1
bush 1
bushels 1
buy 1
buy 1
buy 1
buy 1
buy 1
buy 1
buy 1
buy 1
buy 1
buy 1
buy 1
ca 1
ca 1
ca 1
ca 1
ca 1
ca 1
cancer 1
canoe 1
canoe 1
canoe 1
canoe 1
canoe 1
canoe 1
canoe 1
canoe 1
canoe 1
canoe 1
canoe 1
canoe 1
canoe 1
canoe 1
canoe 1
canoe 1
canoe 1
canoe 1
canoe 1
canoe 1
canoe 1
canoe 1
canoe 1
canoe 1
canoe 1
canoe 1
canoe 1
canoe 1
canoe 1
canoe 1
canoe 1
canoe 1
canoe 1
canoe 1
canoe 1
canoe 1
canoe 1
canoe 1
canoe 1
canoe 1
canoe 1
canoe 1
canoe 1
canoe 1
canoe 1
canoe 1
canoe 1
canoe 1
canoe 1
canoe 1
canoe 1
canoe 1
canoe 1
canoe 1
canoe 1
canoe 1
canoe 1
canoe 1
canoe 1
canoe 1
canoe 1
canoe 1
canoe 1
canoe 1
canoe 1
cantelopes 1
cap 1
capital 1
cart 1
chained 1
chained 1
chained 1
chained 1
chained 1
chap 1
chap 1
chap 1
chap 1
chap 1
chap 1
chap 1
chap 1
charged 1
charged 1
charged 1
cheats 1
chinks 1
chinks 1
chipping 1
chipping 1
chunks 1
churchyards 1
clack 1
cleaned 1
cleaned 1
cleaned 1
cleaned 1
clothesline 1
clothing 1
clouded 1
clouded 1
clouded 1
coffins 1
coffins 1
cold 1
cold 1
cold 1
cold 1
cold 1
cold 1
cold 1
cold 1
cold 1
cold 1
cold 1
cold 1
cold 1
cold 1
cold 1
cold 1
cold 1
cold 1
cold 1
cold 1
cold 1
cold 1
cold 1
cold 1
cold 1
combed 1
comfort 1
comfort 1
comfort 1
comply 1
comply 1
comply 1
comply 1
comply 1
comply 1
confidence 1
confidence 1
confidence 1
conflict 1
considerin 1
contact 1
contact 1
contact 1
containing 1
contrary 1
contrite 1
cook 1
cook 1
cook 1
cook 1
cook 1
cook 1
cooking 1
cooking 1
cooking 1
cooled 1
cooper 1
corked 1
costume 1
crack 1
crack 1
crack 1
crack 1
crack 1
crack 1
crack 1
crack 1
cracking 1
cracking 1
cracking 1
cravats 1
cravats 1
creek 1
creek 1
creek 1
crep 1
crept 1
crept 1
crept 1
crept 1
crept 1
crept 1
crept 1
crept 1
crept 1
crews 1
cross 1
cross 1
cross 1
cross 1
cross 1
cross 1
cup 1
cup 1
curdling 1
curl 1
cuss 1
cuss 1
cuss 1
cuss 1
cylinder 1
cylinder 1
cylinder 1
d 1
d 1
d 1
d 1
d 1
d 1
d 1
d 1
d 1
d 1
d 1
d 1
d 1
d 1
d 1
d 1
d 1
d 1
d 1
d 1
d 1
d 1
d 1
d 1
d 1
d 1
d 1
d 1
d 1
d 1
d 1
d 1
d 1
d 1
d 1
d 1
d 1
d 1
d 1
d 1
d 1
d 1
d 1
d 1
d 1
d 1
d 1
d 1
d 1
d 1
d 1
d 1
d 1
d 1
d 1
d 1
d 1
d 1
d 1
d 1
d 1
d 1
d 1
d 1
d 1
d 1
d 1
d 1
d 1
d 1
d 1
d 1
d 1
d 1
d 1
d 1
d 1
d 1
d 1
d 1
d 1
d 1
d 1
d 1
d 1
d 1
d 1
d 1
d 1
d 1
d 1
d 1
d 1
d 1
d 1
d 1
d 1
d 1
d 1
d 1
d 1
d 1
d 1
d 1
d 1
d 1
d 1
d 1
d 1
d 1
d 1
d 1
d 1
d 1
d 1
d 1
d 1
d 1
d 1
d 1
d 1
d 1
d 1
d 1
d 1
d 1
d 1
d 1
d 1
d 1
d 1
d 1
d 1
d 1
d 1
d 1
d 1
d 1
d 1
d 1
d 1
d 1
d 1
d 1
d 1
d 1
d 1
d 1
d 1
d 1
d 1
d 1
d 1
d 1
d 1
d 1
d 1
d 1
d 1
d 1
d 1
d 1
d 1
d 1
d 1
d 1
d 1
d 1
d 1
d 1
d 1
d 1
d 1
d 1
d 1
d 1
d 1
d 1
d 1
d 1
d 1
d 1
d 1
d 1
d 1
d 1
d 1
d 1
d 1
d 1
d 1
d 1
d 1
d 1
d 1
d 1
d 1
d 1
d 1
d 1
d 1
d 1
d 1
d 1
d 1
d 1
d 1
d 1
d 1
d 1
d 1
d 1
d 1
d 1
d 1
d 1
d 1
d 1
d 1
d 1
d 1
d 1
d 1
d 1
d 1
d 1
d 1
d 1
d 1
d 1
d 1
d 1
d 1
d 1
d 1
d 1
d 1
d 1
d 1
d 1
d 1
d 1
d 1
d 1
d 1
d 1
d 1
d 1
d 1
d 1
d 1
d 1
d 1
d 1
d 1
d 1
d 1
d 1
d 1
d 1
d 1
d 1
d 1
d 1
d 1
d 1
d 1
d 1
d 1
d 1
d 1
d 1
d 1
d 1
d 1
d 1
d 1
d 1
d 1
d 1
d 1
d 1
d 1
d 1
d 1
d 1
d 1
d 1
d 1
d 1
d 1
d 1
d 1
d 1
d 1
d 1
d 1
d 1
d 1
d 1
d 1
d 1
d 1
d 1
d 1
d 1
d 1
d 1
d 1
d 1
d 1
d 1
d 1
d 1
d 1
d 1
d 1
d 1
d 1
d 1
d 1
d 1
d 1
d 1
d 1
d 1
d 1
d 1
d 1
d 1
d 1
d 1
d 1
d 1
d 1
d 1
d 1
d 1
d 1
d 1
d 1
d 1
d 1
d 1
d 1
d 1
d 1
d 1
d 1
d 1
d 1
d 1
d 1
d 1
d 1
d 1
d 1
d 1
d 1
d 1
d 1
d 1
d 1
d 1
d 1
d 1
d 1
d 1
d 1
d 1
dangerous 1
dare 1
dared 1
dashes 1
dawn 1
dawn 1
dawn 1
dawn 1
day 1
day 1
day 1
day 1
day 1
day 1
day 1
day 1
day 1
day 1
day 1
day 1
day 1
day 1
day 1
day 1
day 1
day 1
day 1
day 1
day 1
day 1
day 1
day 1
day 1
day 1
day 1
day 1
day 1
day 1
day 1
day 1
day 1
day 1
day 1
day 1
day 1
day 1
day 1
day 1
day 1
day 1
day 1
day 1
day 1
day 1
day 1
day 1
day 1
day 1
day 1
day 1
day 1
day 1
day 1
day 1
day 1
day 1
day 1
day 1
day 1
day 1
day 1
day 1
day 1
day 1
day 1
day 1
day 1
day 1
day 1
day 1
day 1
day 1
day 1
day 1
day 1
day 1
day 1
day 1
day 1
day 1
day 1
day 1
day 1
day 1
day 1
day 1
day 1
day 1
day 1
day 1
day 1
day 1
day 1
day 1
day 1
day 1
day 1
day 1
day 1
day 1
day 1
day 1
day 1
day 1
day 1
day 1
day 1
decide 1
decide 1
decide 1
degraded 1
degraded 1
deny 1
deny 1
deny 1
depend 1
depend 1
die 1
die 1
die 1
die 1
die 1
die 1
die 1
die 1
die 1
die 1
die 1
die 1
die 1
die 1
die 1
die 1
die 1
died 1
died 1
died 1
died 1
died 1
died 1
died 1
died 1
died 1
died 1
died 1
died 1
died 1
died 1
died 1
died 1
died 1
died 1
died 1
died 1
died 1
died 1
died 1
died 1
died 1
died 1
dinner 1
dinner 1
dinner 1
dinner 1
dinner 1
dinner 1
dinner 1
dinner 1
dinner 1
dinner 1
dinner 1
dinner 1
dinner 1
dinner 1
dinner 1
dinner 1
dinner 1
dinner 1
dinner 1
dinner 1
directly 1
directly 1
directly 1
directly 1
dirty 1
dirty 1
dirty 1
dirty 1
diseased 1
diseased 1
diseased 1
diseased 1
diseased 1
dish 1
dish 1
dissatisfied 1
distributing 1
distributing 1
distributing 1
distributing 1
distributing 1
distributing 1
distributing 1
dived 1
dived 1
dodgers 1
dote 1
doxolojer 1
drink 1
drink 1
drink 1
drink 1
drooping 1
duds 1
duds 1
dummy 1
ease 1
eaves 1
edging 1
elder 1
elegant 1
elegant 1
elegant 1
embers 1
employee 1
enamel 1
escapes 1
escapes 1
even 1
even 1
even 1
even 1
even 1
even 1
even 1
even 1
even 1
even 1
even 1
evening 1
evening 1
evening 1
evening 1
evening 1
evening 1
evening 1
evening 1
faith 1
families 1
families 1
families 1
families 1
families 1
fas 1
fas 1
fashion 1
fashion 1
fashion 1
fatch 1
feed 1
feed 1
feeding 1
feeling 1
feeling 1
feeling 1
feeling 1
feeling 1
feeling 1
feeling 1
feeling 1
feeling 1
feeling 1
feeling 1
feeling 1
feeling 1
feeling 1
feeling 1
feeling 1
feeling 1
feeling 1
feeling 1
fennel 1
fessor 1
few 1
few 1
few 1
few 1
few 1
few 1
few 1
few 1
few 1
few 1
few 1
few 1
few 1
few 1
fidgeted 1
fifty 1
fifty 1
fifty 1
fifty 1
fifty 1
fifty 1
fifty 1
fifty 1
fifty 1
fifty 1
fifty 1
fifty 1
fifty 1
file 1
file 1
file 1
file 1
file 1
filed 1
filed 1
fishline 1
fist 1
fist 1
fist 1
flitter 1
flittering 1
float 1
float 1
float 1
float 1
float 1
float 1
float 1
float 1
float 1
float 1
flowers 1
flowers 1
flowers 1
flyin 1
follows 1
fooling 1
fooling 1
fooling 1
fooling 1
fooling 1
fooling 1
fooling 1
fooling 1
fooling 1
fooling 1
fooling 1
fooling 1
forenoon 1
formats 1
formats 1
forwards 1
forwards 1
forwards 1
franzy 1
fraud 1
fraud 1
fraud 1
fraud 1
freckled 1
freckled 1
friend 1
friend 1
friend 1
friend 1
friend 1
friend 1
friend 1
friend 1
friend 1
friend 1
friend 1
friend 1
friend 1
friend 1
friend 1
friend 1
friend 1
friend 1
frills 1
frills 1
frills 1
frills 1
frocks 1
frocks 1
frocks 1
frocks 1
frog 1
frog 1
froze 1
froze 1
froze 1
further 1
further 1
further 1
further 1
further 1
further 1
further 1
further 1
further 1
further 1
further 1
further 1
further 1
further 1
further 1
further 1
further 1
further 1
further 1
fust 1
fust 1
fust 1
fust 1
gained 1
gained 1
galley 1
gap 1
gap 1
gap 1
gap 1
gasps 1
gasps 1
gazing 1
get 1
get 1
get 1
get 1
get 1
get 1
get 1
get 1
get 1
get 1
get 1
get 1
get 1
get 1
get 1
get 1
get 1
get 1
get 1
get 1
get 1
get 1
get 1
get 1
get 1
get 1
get 1
get 1
get 1
get 1
get 1
get 1
get 1
get 1
get 1
get 1
get 1
get 1
get 1
get 1
get 1
get 1
get 1
get 1
get 1
get 1
get 1
get 1
get 1
get 1
get 1
get 1
get 1
get 1
get 1
get 1
get 1
get 1
get 1
get 1
get 1
get 1
get 1
get 1
get 1
get 1
get 1
get 1
get 1
get 1
get 1
get 1
get 1
get 1
get 1
get 1
get 1
get 1
get 1
get 1
get 1
get 1
get 1
get 1
get 1
get 1
get 1
get 1
get 1
get 1
get 1
get 1
get 1
get 1
get 1
get 1
get 1
get 1
get 1
get 1
get 1
get 1
get 1
get 1
get 1
get 1
get 1
get 1
get 1
get 1
get 1
get 1
get 1
get 1
get 1
get 1
get 1
get 1
get 1
get 1
get 1
get 1
get 1
get 1
get 1
get 1
get 1
get 1
get 1
get 1
get 1
get 1
get 1
get 1
get 1
get 1
get 1
get 1
get 1
get 1
get 1
get 1
get 1
get 1
get 1
get 1
get 1
get 1
get 1
get 1
get 1
get 1
get 1
get 1
get 1
get 1
get 1
get 1
get 1
get 1
get 1
get 1
get 1
get 1
get 1
get 1
get 1
get 1
get 1
get 1
get 1
get 1
get 1
get 1
get 1
get 1
get 1
get 1
get 1
get 1
get 1
get 1
get 1
get 1
get 1
get 1
get 1
get 1
get 1
get 1
get 1
get 1
get 1
get 1
get 1
get 1
get 1
get 1
get 1
get 1
get 1
get 1
get 1
get 1
get 1
get 1
get 1
get 1
get 1
get 1
get 1
get 1
get 1
get 1
get 1
get 1
get 1
get 1
get 1
get 1
get 1
get 1
get 1
get 1
get 1
get 1
get 1
get 1
get 1
get 1
get 1
get 1
get 1
get 1
get 1
get 1
get 1
get 1
get 1
get 1
get 1
get 1
get 1
get 1
get 1
get 1
get 1
get 1
get 1
get 1
get 1
get 1
get 1
get 1
get 1
get 1
get 1
get 1
get 1
get 1
get 1
get 1
get 1
get 1
get 1
get 1
get 1
get 1
get 1
get 1
get 1
get 1
get 1
get 1
get 1
get 1
get 1
get 1
get 1
get 1
get 1
get 1
get 1
get 1
get 1
get 1
get 1
get 1
get 1
get 1
get 1
get 1
get 1
get 1
get 1
get 1
get 1
get 1
get 1
get 1
get 1
get 1
get 1
get 1
get 1
get 1
get 1
get 1
get 1
get 1
get 1
get 1
get 1
get 1
get 1
get 1
get 1
get 1
get 1
get 1
get 1
get 1
get 1
get 1
get 1
get 1
get 1
get 1
get 1
get 1
get 1
get 1
get 1
gift 1
girl 1
girl 1
girl 1
girl 1
girl 1
girl 1
girl 1
girl 1
girl 1
girl 1
girl 1
girl 1
girl 1
girl 1
girl 1
girl 1
girl 1
girl 1
girl 1
girl 1
girl 1
girl 1
girl 1
gladdest 1
glares 1
gowns 1
gowns 1
grab 1
grab 1
grab 1
grab 1
grab 1
grab 1
grinding 1
grinding 1
groaned 1
grumbled 1
grumbled 1
guessed 1
guessed 1
guitar 1
gules 1
gurgle 1
hacked 1
hacked 1
hacked 1
hacked 1
halter 1
hang 1
hang 1
hang 1
hang 1
hang 1
hang 1
hang 1
hang 1
hang 1
hang 1
hang 1
hang 1
hang 1
hang 1
hang 1
hare 1
hare 1
hare 1
hare 1
hare 1
hare 1
hare 1
hare 1
head 1
head 1
head 1
head 1
head 1
head 1
head 1
head 1
head 1
head 1
head 1
head 1
head 1
head 1
head 1
head 1
head 1
head 1
head 1
head 1
head 1
head 1
head 1
head 1
head 1
head 1
head 1
head 1
head 1
head 1
head 1
head 1
head 1
head 1
head 1
head 1
head 1
head 1
head 1
head 1
head 1
head 1
head 1
head 1
head 1
head 1
head 1
head 1
head 1
head 1
head 1
head 1
head 1
head 1
head 1
head 1
head 1
head 1
head 1
head 1
head 1
head 1
head 1
head 1
head 1
head 1
head 1
head 1
head 1
head 1
head 1
head 1
head 1
head 1
head 1
head 1
head 1
head 1
head 1
head 1
head 1
head 1
head 1
head 1
head 1
head 1
head 1
head 1
head 1
head 1
head 1
head 1
head 1
head 1
head 1
head 1
head 1
head 1
head 1
head 1
head 1
head 1
head 1
head 1
head 1
head 1
head 1
head 1
head 1
head 1
head 1
head 1
head 1
head 1
head 1
head 1
head 1
head 1
head 1
head 1
head 1
head 1
head 1
head 1
head 1
head 1
hear 1
hear 1
hear 1
hear 1
hear 1
hear 1
hear 1
hear 1
hear 1
hear 1
hear 1
hear 1
hear 1
hear 1
hear 1
hear 1
hear 1
hear 1
hear 1
hear 1
hear 1
hear 1
hear 1
hear 1
hear 1
hear 1
hear 1
hear 1
hear 1
hear 1
hear 1
hear 1
hear 1
hear 1
hear 1
hear 1
hear 1
hear 1
hear 1
hear 1
hear 1
hear 1
hear 1
hear 1
hear 1
hear 1
hear 1
hear 1
hear 1
hear 1
hear 1
hear 1
hear 1
hear 1
hear 1
hear 1
hear 1
hear 1
hear 1
hear 1
hear 1
hear 1
hear 1
hear 1
hear 1
hear 1
hear 1
hear 1
hear 1
hear 1
hear 1
hear 1
hear 1
hear 1
hear 1
hear 1
hear 1
hear 1
hear 1
hear 1
hear 1
hear 1
hear 1
hear 1
hear 1
hear 1
hear 1
hear 1
hear 1
hear 1
helped 1
helped 1
helped 1
helped 1
helped 1
helped 1
helped 1
helpin 1
helps 1
heppin 1
hide 1
hide 1
hide 1
hide 1
hide 1
hide 1
hide 1
hide 1
hide 1
hide 1
hide 1
hide 1
hide 1
hide 1
hide 1
hide 1
hide 1
hide 1
hide 1
hide 1
hide 1
hide 1
high 1
high 1
high 1
high 1
high 1
high 1
high 1
high 1
high 1
high 1
high 1
high 1
high 1
high 1
high 1
high 1
high 1
high 1
high 1
high 1
high 1
high 1
high 1
high 1
high 1
high 1
high 1
high 1
high 1
high 1
hilltop 1
hips 1
hips 1
hire 1
hired 1
hired 1
hitch 1
hitch 1
hitch 1
hitch 1
hived 1
hocus 1
hoisted 1
holiday 1
holiday 1
hopper 1
hopper 1
hopper 1
hopper 1
hound 1
hound 1
hound 1
hound 1
howling 1
howling 1
howling 1
howling 1
howling 1
http 1
http 1
http 1
http 1
http 1
http 1
http 1
http 1
hug 1
hug 1
hug 1
hug 1
hug 1
hum 1
hum 1
hum 1
hurry 1
hurry 1
hurry 1
hurry 1
hurry 1
hurry 1
hurry 1
hurry 1
hurry 1
hurry 1
hurry 1
hurry 1
hurry 1
hurry 1
hurry 1
hurry 1
hurry 1
hurry 1
hurry 1
hurry 1
hussy 1
hymn 1
hymn 1
hymn 1
ideas 1
implied 1
inches 1
inches 1
inches 1
inches 1
inside 1
inside 1
inside 1
inside 1
inside 1
inside 1
inside 1
inside 1
inside 1
inside 1
inside 1
inside 1
inside 1
inside 1
inside 1
instinct 1
instinct 1
itch 1
itch 1
itch 1
itch 1
jabbed 1
jakes 1
jam 1
jam 1
jam 1
jammed 1
jammed 1
jawing 1
jawing 1
jest 1
jest 1
jest 1
jest 1
jest 1
jest 1
jest 1
jest 1
jest 1
jest 1
jest 1
jest 1
jolted 1
judgment 1
judgment 1
judgment 1
judgment 1
just 1
just 1
just 1
just 1
just 1
just 1
just 1
just 1
just 1
just 1
just 1
just 1
just 1
just 1
just 1
just 1
just 1
just 1
just 1
just 1
just 1
just 1
just 1
just 1
just 1
just 1
just 1
just 1
just 1
just 1
just 1
just 1
just 1
just 1
just 1
just 1
just 1
just 1
just 1
just 1
just 1
just 1
just 1
just 1
just 1
just 1
just 1
just 1
just 1
just 1
just 1
just 1
just 1
just 1
just 1
just 1
just 1
just 1
just 1
just 1
just 1
just 1
just 1
just 1
just 1
just 1
just 1
just 1
just 1
just 1
just 1
just 1
just 1
just 1
just 1
just 1
just 1
just 1
just 1
just 1
just 1
just 1
just 1
just 1
just 1
just 1
just 1
just 1
just 1
just 1
just 1
just 1
just 1
just 1
just 1
just 1
just 1
just 1
just 1
just 1
just 1
just 1
just 1
just 1
just 1
just 1
just 1
just 1
just 1
just 1
just 1
just 1
just 1
just 1
just 1
just 1
just 1
just 1
just 1
just 1
just 1
just 1
just 1
just 1
just 1
just 1
just 1
just 1
just 1
just 1
just 1
just 1
just 1
just 1
just 1
just 1
just 1
just 1
just 1
just 1
just 1
just 1
just 1
just 1
just 1
just 1
just 1
just 1
just 1
just 1
just 1
just 1
just 1
just 1
just 1
just 1
just 1
just 1
just 1
just 1
just 1
just 1
just 1
just 1
just 1
just 1
just 1
just 1
just 1
just 1
just 1
just 1
just 1
just 1
just 1
just 1
just 1
just 1
just 1
just 1
just 1
just 1
just 1
just 1
just 1
just 1
just 1
just 1
just 1
just 1
just 1
just 1
just 1
just 1
just 1
just 1
just 1
just 1
just 1
just 1
just 1
just 1
just 1
just 1
just 1
just 1
just 1
just 1
just 1
just 1
just 1
just 1
just 1
just 1
just 1
just 1
just 1
just 1
just 1
just 1
just 1
just 1
just 1
just 1
just 1
just 1
just 1
just 1
just 1
just 1
just 1
just 1
just 1
just 1
just 1
just 1
just 1
just 1
just 1
just 1
just 1
just 1
just 1
just 1
just 1
just 1
just 1
just 1
just 1
just 1
just 1
just 1
just 1
just 1
just 1
just 1
just 1
just 1
just 1
just 1
just 1
keeps 1
keeps 1
keeps 1
kicking 1
kiss 1
kiss 1
kiss 1
kiss 1
kiss 1
kiss 1
kiss 1
kiss 1
kiss 1
kitchen 1
kitchen 1
kitchen 1
kitchen 1
kitchen 1
kitchen 1
kitchen 1
kitchen 1
kitchen 1
kitchen 1
kitchen 1
knitting 1
knitting 1
knock 1
knock 1
knows 1
knows 1
knows 1
knows 1
knows 1
knows 1
knows 1
knows 1
knows 1
knows 1
knows 1
knows 1
knows 1
knows 1
knows 1
knows 1
label 1
lady 1
lady 1
lady 1
lady 1
lady 1
lady 1
lady 1
lady 1
lady 1
lady 1
lady 1
lamp 1
lamp 1
lamp 1
lamp 1
lamp 1
language 1
last 1
last 1
last 1
last 1
last 1
last 1
last 1
last 1
last 1
last 1
last 1
last 1
last 1
last 1
last 1
last 1
last 1
last 1
last 1
last 1
last 1
last 1
last 1
last 1
last 1
last 1
last 1
last 1
last 1
last 1
last 1
last 1
last 1
last 1
last 1
last 1
last 1
last 1
last 1
last 1
last 1
last 1
last 1
last 1
last 1
last 1
last 1
last 1
last 1
last 1
last 1
last 1
last 1
last 1
last 1
last 1
last 1
last 1
last 1
last 1
last 1
last 1
last 1
last 1
last 1
last 1
last 1
last 1
last 1
last 1
last 1
last 1
last 1
last 1
last 1
last 1
last 1
last 1
last 1
last 1
last 1
last 1
last 1
last 1
last 1
last 1
last 1
last 1
last 1
last 1
last 1
last 1
last 1
last 1
last 1
laughed 1
laughed 1
laughed 1
laughed 1
laughed 1
laughed 1
laughed 1
laughed 1
laughed 1
laughed 1
laughed 1
laughed 1
laughed 1
laughed 1
laughed 1
laughed 1
lawyer 1
lawyer 1
lawyer 1
lawyer 1
lawyer 1
lawyer 1
lawyer 1
lawyer 1
lawyer 1
lawyer 1
lawyer 1
lawyer 1
lawyer 1
lawyer 1
lay 1
lay 1
lay 1
lay 1
lay 1
lay 1
lay 1
lay 1
lay 1
lay 1
lay 1
lay 1
lay 1
lay 1
lay 1
lay 1
lay 1
lay 1
lay 1
lay 1
lay 1
lay 1
lay 1
lay 1
lay 1
lay 1
lay 1
lay 1
lay 1
lay 1
lay 1
lay 1
lay 1
lay 1
lay 1
lay 1
lay 1
lay 1
lay 1
lay 1
lay 1
lay 1
lay 1
lay 1
lay 1
lay 1
lay 1
lay 1
lay 1
lay 1
lay 1
lay 1
lay 1
lay 1
lay 1
lay 1
lay 1
lazy 1
lazy 1
lazy 1
lazy 1
lazy 1
lazy 1
leaf 1
leaf 1
leaf 1
leaf 1
leaky 1
learning 1
learning 1
learning 1
legally 1
leggo 1
letter 1
letter 1
letter 1
letter 1
letter 1
letter 1
letter 1
letter 1
letter 1
letter 1
letter 1
letter 1
letter 1
letter 1
letter 1
letter 1
letter 1
letter 1
letter 1
lie 1
lie 1
lie 1
lie 1
lie 1
lie 1
lie 1
lie 1
lie 1
lie 1
lie 1
lie 1
lie 1
lie 1
lie 1
lie 1
lined 1
lined 1
lined 1
list 1
list 1
list 1
listened 1
listened 1
listened 1
listened 1
listened 1
listened 1
listened 1
listened 1
listened 1
listened 1
listened 1
listened 1
listened 1
listened 1
listened 1
listened 1
listened 1
listened 1
listened 1
litter 1
live 1
live 1
live 1
live 1
live 1
live 1
live 1
live 1
live 1
live 1
live 1
live 1
live 1
live 1
live 1
live 1
live 1
live 1
live 1
live 1
live 1
live 1
live 1
live 1
live 1
live 1
live 1
live 1
live 1
live 1
live 1
loan 1
loaves 1
locations 1
locations 1
locket 1
looked 1
looked 1
looked 1
looked 1
looked 1
looked 1
looked 1
looked 1
looked 1
looked 1
looked 1
looked 1
looked 1
looked 1
looked 1
looked 1
looked 1
looked 1
looked 1
looked 1
looked 1
looked 1
looked 1
looked 1
looked 1
looked 1
looked 1
looked 1
looked 1
looked 1
looked 1
looked 1
looked 1
looked 1
looked 1
looked 1
looked 1
looked 1
looked 1
looked 1
looked 1
looked 1
looked 1
looked 1
looked 1
looked 1
looked 1
looked 1
looked 1
looked 1
looked 1
looked 1
looked 1
looked 1
looked 1
looked 1
looked 1
looked 1
looked 1
looked 1
looked 1
looked 1
looked 1
looked 1
looked 1
looked 1
looked 1
looked 1
looked 1
looked 1
looked 1
looked 1
looked 1
looked 1
looked 1
looked 1
looked 1
looked 1
looked 1
looked 1
looked 1
looked 1
looked 1
looked 1
looked 1
looked 1
looked 1
looked 1
low 1
low 1
low 1
low 1
low 1
low 1
low 1
low 1
low 1
low 1
low 1
low 1
low 1
low 1
low 1
low 1
low 1
low 1
low 1
low 1
low 1
low 1
low 1
low 1
low 1
low 1
low 1
low 1
low 1
low 1
low 1
low 1
low 1
low 1
low 1
low 1
low 1
low 1
low 1
low 1
low 1
low 1
lucky 1
lucky 1
lucky 1
lucky 1
lucky 1
magicians 1
magicians 1
mainly 1
mainly 1
mainly 1
mainly 1
mainly 1
mainly 1
mainly 1
mainly 1
mainly 1
makin 1
makin 1
market 1
market 1
marster 1
measles 1
measles 1
meedyevil 1
mention 1
mention 1
mighty 1
mighty 1
mighty 1
mighty 1
mighty 1
mighty 1
mighty 1
mighty 1
mighty 1
mighty 1
mighty 1
mighty 1
mighty 1
mighty 1
mighty 1
mighty 1
mighty 1
mighty 1
mighty 1
mighty 1
mighty 1
mighty 1
mighty 1
mighty 1
mighty 1
mighty 1
mighty 1
mighty 1
mighty 1
mighty 1
mighty 1
mighty 1
mighty 1
mighty 1
mighty 1
mighty 1
mighty 1
mighty 1
mighty 1
mighty 1
mighty 1
mighty 1
mighty 1
mighty 1
mighty 1
mighty 1
mighty 1
mighty 1
mighty 1
mighty 1
mighty 1
mighty 1
mighty 1
mighty 1
mighty 1
mighty 1
mighty 1
mighty 1
mighty 1
mighty 1
mighty 1
mighty 1
mighty 1
mighty 1
mighty 1
mighty 1
mighty 1
mighty 1
mighty 1
mighty 1
mighty 1
miserable 1
miserable 1
miserable 1
miserable 1
mister 1
mister 1
mo 1
mo 1
mo 1
mo 1
mo 1
mo 1
mo 1
mo 1
mo 1
mo 1
mo 1
mo 1
mo 1
mo 1
mo 1
mo 1
mo 1
mo 1
mo 1
mo 1
mo 1
mo 1
mo 1
mo 1
mo 1
modification 1
moment 1
moment 1
mongst 1
mongst 1
mothered 1
mouthful 1
mouths 1
mouths 1
mouths 1
mouths 1
mudcat 1
mules 1
myself 1
myself 1
myself 1
myself 1
myself 1
myself 1
myself 1
myself 1
myself 1
myself 1
myself 1
myself 1
myself 1
myself 1
myself 1
myself 1
myself 1
myself 1
myself 1
myself 1
myself 1
myself 1
myself 1
myself 1
myself 1
myself 1
myself 1
myself 1
myself 1
myself 1
myself 1
myself 1
myself 1
myself 1
myself 1
myself 1
myself 1
myself 1
myself 1
myself 1
myself 1
myself 1
myself 1
myself 1
myself 1
myself 1
myself 1
myself 1
myself 1
myself 1
myself 1
myself 1
myself 1
myself 1
myself 1
myself 1
myself 1
myself 1
myself 1
myself 1
myself 1
myself 1
myself 1
myself 1
myself 1
myself 1
myself 1
myself 1
myself 1
n 1
n 1
n 1
n 1
n 1
n 1
n 1
n 1
n 1
n 1
n 1
n 1
n 1
n 1
n 1
n 1
n 1
n 1
n 1
n 1
n 1
n 1
n 1
n 1
n 1
n 1
n 1
n 1
n 1
n 1
n 1
n 1
n 1
n 1
n 1
n 1
n 1
n 1
n 1
n 1
n 1
n 1
n 1
n 1
n 1
n 1
n 1
n 1
n 1
n 1
n 1
n 1
n 1
n 1
n 1
n 1
n 1
n 1
n 1
n 1
n 1
n 1
n 1
n 1
n 1
n 1
n 1
n 1
n 1
n 1
n 1
n 1
n 1
n 1
n 1
n 1
n 1
n 1
n 1
n 1
n 1
n 1
n 1
n 1
n 1
n 1
n 1
n 1
n 1
n 1
n 1
n 1
n 1
n 1
n 1
n 1
n 1
n 1
n 1
n 1
n 1
n 1
n 1
n 1
n 1
n 1
n 1
n 1
n 1
n 1
n 1
n 1
n 1
n 1
n 1
n 1
n 1
n 1
n 1
n 1
n 1
n 1
n 1
n 1
n 1
n 1
n 1
n 1
nail 1
nail 1
nail 1
nail 1
nail 1
nail 1
necks 1
necks 1
necks 1
necks 1
necks 1
needles 1
new 1
new 1
new 1
new 1
new 1
new 1
new 1
new 1
new 1
new 1
new 1
new 1
new 1
new 1
new 1
new 1
new 1
new 1
new 1
new 1
new 1
new 1
new 1
new 1
new 1
new 1
new 1
new 1
new 1
new 1
new 1
new 1
new 1
new 1
new 1
new 1
new 1
new 1
new 1
new 1
new 1
niece 1
niece 1
niece 1
nigh 1
nigh 1
nigh 1
nigh 1
nigh 1
nigh 1
nigh 1
night 1
night 1
night 1
night 1
night 1
night 1
night 1
night 1
night 1
night 1
night 1
night 1
night 1
night 1
night 1
night 1
night 1
night 1
night 1
night 1
night 1
night 1
night 1
night 1
night 1
night 1
night 1
night 1
night 1
night 1
night 1
night 1
night 1
night 1
night 1
night 1
night 1
night 1
night 1
night 1
night 1
night 1
night 1
night 1
night 1
night 1
night 1
night 1
night 1
night 1
night 1
night 1
night 1
night 1
night 1
night 1
night 1
night 1
night 1
night 1
night 1
night 1
night 1
night 1
night 1
night 1
night 1
night 1
night 1
night 1
night 1
night 1
night 1
night 1
night 1
night 1
night 1
night 1
night 1
night 1
night 1
night 1
night 1
night 1
night 1
night 1
night 1
night 1
night 1
night 1
night 1
night 1
night 1
night 1
night 1
night 1
night 1
night 1
night 1
night 1
night 1
night 1
night 1
night 1
night 1
night 1
night 1
night 1
night 1
night 1
night 1
night 1
night 1
night 1
night 1
night 1
night 1
night 1
night 1
night 1
night 1
night 1
night 1
night 1
night 1
night 1
night 1
night 1
night 1
night 1
night 1
night 1
night 1
night 1
night 1
night 1
nobility 1
noble 1
noble 1
noble 1
noble 1
noble 1
noble 1
nods 1
noise 1
noise 1
noise 1
noise 1
noise 1
noise 1
noise 1
noise 1
noise 1
noise 1
noise 1
noise 1
noise 1
noise 1
noise 1
noise 1
noise 1
nonnamous 1
nonnamous 1
nonnamous 1
nonnamous 1
nonnamous 1
oar 1
oar 1
oar 1
oar 1
oar 1
oar 1
oar 1
obleegd 1
occur 1
ocean 1
onless 1
onto 1
orter 1
our 1
our 1
our 1
our 1
our 1
our 1
our 1
our 1
our 1
our 1
our 1
our 1
our 1
our 1
our 1
our 1
our 1
our 1
our 1
our 1
our 1
our 1
our 1
our 1
our 1
our 1
our 1
our 1
our 1
our 1
our 1
our 1
our 1
our 1
our 1
our 1
our 1
our 1
our 1
our 1
our 1
our 1
our 1
our 1
our 1
our 1
our 1
our 1
our 1
our 1
our 1
our 1
our 1
our 1
our 1
our 1
our 1
our 1
our 1
our 1
our 1
our 1
our 1
our 1
our 1
our 1
our 1
our 1
our 1
our 1
our 1
our 1
our 1
our 1
our 1
our 1
our 1
our 1
our 1
our 1
our 1
our 1
our 1
our 1
our 1
our 1
our 1
our 1
our 1
our 1
our 1
our 1
our 1
our 1
our 1
our 1
our 1
our 1
our 1
our 1
our 1
our 1
our 1
our 1
our 1
our 1
our 1
outrageous 1
outrageous 1
outrageous 1
outrageous 1
outstart 1
overboard 1
overboard 1
overboard 1
overboard 1
overboard 1
overboard 1
overboard 1
overboard 1
overboard 1
overboard 1
p 1
p 1
p 1
p 1
p 1
p 1
paddle 1
paddle 1
paddle 1
paddle 1
paddle 1
paddle 1
paddle 1
paddle 1
paddle 1
paddle 1
paddle 1
paddle 1
paddle 1
paddle 1
paddle 1
padlock 1
pages 1
palings 1
parts 1
parts 1
parts 1
passage 1
passage 1
passage 1
passage 1
passage 1
passage 1
passage 1
patted 1
peddle 1
pens 1
pens 1
pens 1
pens 1
pens 1
pens 1
pens 1
pens 1
pens 1
pens 1
pesky 1
pew 1
pew 1
pew 1
pew 1
physician 1
picked 1
picked 1
picked 1
picks 1
picks 1
picks 1
picks 1
picks 1
picks 1
pie 1
pie 1
pie 1
pie 1
pie 1
pie 1
pie 1
pie 1
pie 1
pie 1
pie 1
pie 1
pie 1
pie 1
pie 1
pie 1
pie 1
pie 1
pie 1
pie 1
pious 1
pious 1
pirates 1
pirates 1
pirates 1
pirates 1
pity 1
places 1
places 1
places 1
places 1
places 1
places 1
places 1
places 1
places 1
places 1
places 1
places 1
places 1
places 1
places 1
places 1
places 1
places 1
places 1
places 1
places 1
places 1
planned 1
planned 1
planned 1
please 1
please 1
please 1
please 1
please 1
please 1
please 1
please 1
please 1
please 1
please 1
please 1
plum 1
plunder 1
plunkety 1
plunkety 1
pluribus 1
pocket 1
pocket 1
pocket 1
pocket 1
pocket 1
pocket 1
pocket 1
pocket 1
pocket 1
pocket 1
pocket 1
pocket 1
pocket 1
pocket 1
popped 1
porch 1
porch 1
porch 1
pore 1
pore 1
pore 1
pore 1
pork 1
pork 1
pork 1
pour 1
pouring 1
praised 1
preacher 1
preacher 1
preacher 1
preacher 1
preacher 1
preacher 1
preacher 1
preacher 1
preacher 1
preacher 1
preacher 1
preacher 1
preacher 1
preacher 1
preacher 1
preacher 1
preacher 1
preacher 1
preserve 1
preserve 1
pride 1
prized 1
produce 1
produced 1
produced 1
profit 1
profit 1
proofread 1
proud 1
proud 1
proud 1
proud 1
proud 1
proud 1
proud 1
proud 1
prove 1
prove 1
prove 1
prove 1
prove 1
pulpit 1
pulpit 1
pump 1
pump 1
puncheon 1
puts 1
puts 1
puts 1
puts 1
quicker 1
quicker 1
quite 1
quite 1
quite 1
quite 1
quite 1
racket 1
racket 1
racket 1
racket 1
racket 1
rag 1
rag 1
rag 1
rag 1
rag 1
rag 1
rag 1
rag 1
raise 1
raise 1
raise 1
raise 1
raise 1
raise 1
raise 1
raise 1
raise 1
raise 1
raise 1
raise 1
raise 1
raise 1
ram 1
ram 1
rascal 1
rascal 1
rascal 1
rascal 1
rascal 1
rather 1
rattle 1
rattle 1
rattlin 1
reckon 1
reckon 1
reckon 1
reckon 1
reckon 1
reckon 1
reckon 1
reckon 1
reckon 1
reckon 1
reckon 1
reckon 1
reckon 1
reckon 1
reckon 1
reckon 1
reckon 1
reckon 1
reckon 1
reckon 1
reckon 1
reckon 1
reckon 1
reckon 1
reckon 1
reckon 1
reckon 1
reckon 1
reckon 1
reckon 1
reckon 1
reckon 1
reckon 1
reckon 1
reckon 1
reckon 1
reckon 1
reckon 1
reckon 1
reckon 1
reckon 1
reckon 1
reckon 1
reckon 1
reckon 1
reckon 1
reckon 1
reckon 1
reckon 1
reckon 1
reckon 1
reckon 1
reckon 1
reckon 1
reckon 1
reckon 1
reckon 1
reckon 1
reckon 1
reckon 1
reckon 1
reckon 1
reckon 1
reckon 1
reckon 1
reckon 1
reckon 1
reckon 1
reckon 1
reckon 1
reckon 1
reckon 1
reckon 1
reckon 1
reckon 1
reckon 1
reckon 1
reckon 1
reckon 1
reckon 1
reckon 1
reckon 1
reckon 1
reckon 1
reckon 1
reckon 1
reckon 1
reckon 1
reckon 1
reckon 1
reckon 1
reckon 1
reckon 1
reckon 1
reckon 1
reckon 1
reckon 1
reckon 1
reckon 1
reckon 1
reckon 1
reckon 1
reckon 1
reckon 1
reckon 1
reckon 1
reckon 1
reckon 1
reckon 1
reckon 1
reckon 1
reckon 1
reckon 1
reckon 1
reckon 1
reckon 1
reckon 1
reckon 1
reckon 1
reckon 1
reckon 1
reckon 1
reckon 1
reckon 1
reeling 1
reeling 1
references 1
references 1
rehearsing 1
relicts 1
religgion 1
remain 1
renowned 1
renowned 1
respect 1
responsibility 1
ripe 1
ripe 1
ripply 1
rips 1
rips 1
rips 1
rocky 1
rocky 1
rode 1
rode 1
rode 1
rode 1
rode 1
rode 1
rode 1
rode 1
rode 1
rode 1
rode 1
rode 1
rode 1
rode 1
roun 1
roun 1
roun 1
roun 1
roun 1
roun 1
roun 1
roun 1
round 1
round 1
round 1
round 1
round 1
round 1
round 1
round 1
round 1
round 1
round 1
round 1
round 1
round 1
round 1
round 1
round 1
round 1
round 1
round 1
round 1
round 1
round 1
round 1
round 1
round 1
round 1
rowlocks 1
rp 1
rubbed 1
rubbed 1
rubbed 1
rubbed 1
rubbed 1
rubbed 1
rule 1
rush 1
rush 1
rush 1
rush 1
rush 1
rush 1
rush 1
rush 1
rush 1
rush 1
rushes 1
sand 1
sand 1
sand 1
sand 1
sand 1
sat 1
sat 1
scampered 1
scared 1
scared 1
scared 1
scared 1
scared 1
scared 1
scared 1
scared 1
scared 1
scared 1
scared 1
scared 1
scared 1
scared 1
scared 1
scared 1
scared 1
scared 1
scared 1
scared 1
scared 1
scared 1
scared 1
scared 1
scared 1
scared 1
scared 1
scatter 1
scatter 1
scornful 1
scornful 1
scour 1
screamed 1
scrouched 1
scrunch 1
search 1
search 1
search 1
security 1
seem 1
seem 1
seem 1
seem 1
seem 1
seem 1
seem 1
seem 1
seem 1
seem 1
seem 1
seem 1
seem 1
seem 1
seem 1
seem 1
seem 1
seem 1
seem 1
seem 1
seem 1
seem 1
seem 1
seem 1
seem 1
seem 1
seem 1
seem 1
seem 1
seem 1
seem 1
seem 1
seem 1
seem 1
seem 1
seem 1
seem 1
sense 1
sense 1
sense 1
sense 1
sense 1
sense 1
sense 1
sense 1
sense 1
sense 1
sense 1
sense 1
sense 1
sense 1
sense 1
sense 1
sentimentering 1
servants 1
servants 1
servants 1
servants 1
servants 1
setting 1
setting 1
setting 1
setting 1
setting 1
setting 1
setting 1
setting 1
setting 1
setting 1
setting 1
setting 1
setting 1
setting 1
setting 1
setting 1
setting 1
setting 1
severe 1
severe 1
sha 1
sha 1
sha 1
sha 1
sha 1
shaky 1
shekel 1
shelf 1
shell 1
sheltered 1
shortened 1
shot 1
shot 1
shot 1
shot 1
shot 1
shot 1
shot 1
shot 1
shot 1
shot 1
shot 1
shot 1
shot 1
shot 1
shot 1
shot 1
shot 1
shot 1
shot 1
shot 1
shot 1
shot 1
shot 1
shot 1
shot 1
shot 1
shot 1
shot 1
shot 1
shot 1
shot 1
shoves 1
shoving 1
shoving 1
shoving 1
showed 1
showed 1
showed 1
showed 1
showed 1
showed 1
showed 1
showed 1
showed 1
showed 1
showed 1
showed 1
showed 1
showed 1
showed 1
showed 1
showed 1
showed 1
showed 1
showed 1
showed 1
showed 1
showed 1
showed 1
showed 1
showed 1
showed 1
showed 1
showed 1
showed 1
shows 1
shows 1
shows 1
shows 1
shows 1
shows 1
sickest 1
sighs 1
sighs 1
single 1
single 1
single 1
single 1
single 1
single 1
sings 1
sings 1
sings 1
sings 1
sings 1
sings 1
sings 1
sings 1
sings 1
sings 1
sings 1
sings 1
sings 1
sings 1
sings 1
sitting 1
six 1
six 1
six 1
six 1
six 1
six 1
six 1
six 1
six 1
six 1
six 1
six 1
six 1
six 1
six 1
six 1
six 1
six 1
six 1
six 1
six 1
six 1
six 1
six 1
six 1
six 1
six 1
six 1
six 1
six 1
six 1
six 1
six 1
six 1
six 1
six 1
six 1
six 1
six 1
sk 1
sk 1
sk 1
skasely 1
skasely 1
skasely 1
skasely 1
skiffs 1
slant 1
slid 1
slid 1
slid 1
slid 1
slid 1
slid 1
slid 1
slid 1
slid 1
slid 1
slid 1
slid 1
slid 1
slid 1
slid 1
slid 1
slid 1
slid 1
slid 1
slid 1
slid 1
slid 1
slid 1
slid 1
sliding 1
sliding 1
sliding 1
sliding 1
sliding 1
slip 1
slip 1
slip 1
slip 1
slip 1
slip 1
slip 1
slip 1
slip 1
slip 1
slip 1
slip 1
slip 1
slip 1
slip 1
slouch 1
slouch 1
slouch 1
slouch 1
slouch 1
slouch 1
slouch 1
slouch 1
slough 1
sly 1
sly 1
sly 1
sly 1
smoking 1
smoking 1
smoking 1
smoking 1
smuggle 1
smuggle 1
snags 1
snags 1
sociable 1
sociable 1
soldier 1
soldier 1
soldier 1
sometimes 1
sometimes 1
sometimes 1
sometimes 1
sometimes 1
sometimes 1
sometimes 1
sometimes 1
sometimes 1
sometimes 1
sometimes 1
sometimes 1
sometimes 1
sometimes 1
sometimes 1
sometimes 1
sometimes 1
sometimes 1
sometimes 1
sometimes 1
sometimes 1
sometimes 1
sometimes 1
sometimes 1
sometimes 1
sometimes 1
sometimes 1
sometimes 1
sometimes 1
sometimes 1
sometimes 1
sometimes 1
sometimes 1
sometimes 1
sont 1
sounded 1
sounded 1
spades 1
specific 1
specimen 1
spelling 1
sperits 1
sperits 1
spiling 1
spin 1
spoons 1
spoons 1
spoons 1
spoons 1
spoons 1
spoons 1
spoons 1
sport 1
sport 1
sprawled 1
springs 1
spyglass 1
squeeze 1
squeeze 1
squeeze 1
squeeze 1
squeeze 1
squirrels 1
squirt 1
standstill 1
staples 1
starchy 1
steamboat 1
steamboat 1
steamboat 1
steamboat 1
steamboat 1
steamboat 1
steamboat 1
steamboat 1
steamboat 1
steamboat 1
steamboat 1
steamboat 1
steamboat 1
steamboat 1
steamboat 1
steamboat 1
steamboat 1
steamboat 1
steamboat 1
steamboat 1
steamboat 1
steamboat 1
steamboat 1
steamboat 1
steamboat 1
steamboat 1
steamboat 1
steamboat 1
steamboat 1
steamboat 1
steamboat 1
step 1
step 1
step 1
step 1
step 1
stepping 1
stirrups 1
strange 1
strange 1
strange 1
strange 1
strange 1
strange 1
stranger 1
stranger 1
stranger 1
stranger 1
stranger 1
stranger 1
stranger 1
stranger 1
stranger 1
stranger 1
stranger 1
stranger 1
stranger 1
strip 1
stuff 1
stuff 1
stuff 1
stuff 1
stuff 1
stuff 1
stuff 1
stuff 1
stuff 1
stuff 1
stuff 1
stuff 1
stuff 1
stuff 1
stuff 1
stumped 1
stumped 1
stumped 1
subject 1
sumter 1
survive 1
suspicions 1
suspicions 1
swallowed 1
swashing 1
sweat 1
sweat 1
sweat 1
sweat 1
sweat 1
sweat 1
sweat 1
sweat 1
sweat 1
sweat 1
sweat 1
sweat 1
sweat 1
sweat 1
sweat 1
sweat 1
sweat 1
sweat 1
sweat 1
sweat 1
sweep 1
sweep 1
swinging 1
swinging 1
swinging 1
swum 1
swum 1
swum 1
swum 1
swum 1
swum 1
swum 1
tale 1
tale 1
talent 1
teacher 1
tellin 1
tells 1
tells 1
tells 1
tells 1
tells 1
tells 1
tells 1
temperance 1
temperance 1
temperance 1
term 1
term 1
term 1
theirselves 1
thicket 1
thicket 1
thieving 1
thing 1
thing 1
thing 1
thing 1
thing 1
thing 1
thing 1
thing 1
thing 1
thing 1
thing 1
thing 1
thing 1
thing 1
thing 1
thing 1
thing 1
thing 1
thing 1
thing 1
thing 1
thing 1
thing 1
thing 1
thing 1
thing 1
thing 1
thing 1
thing 1
thing 1
thing 1
thing 1
thing 1
thing 1
thing 1
thing 1
thing 1
thing 1
thing 1
thing 1
thing 1
thing 1
thing 1
thing 1
thing 1
thing 1
thing 1
thing 1
thing 1
thing 1
thing 1
thing 1
thing 1
thing 1
thing 1
thing 1
thing 1
thing 1
thing 1
thing 1
thing 1
thing 1
thing 1
thing 1
thing 1
thing 1
thing 1
thing 1
thing 1
thing 1
thing 1
thing 1
thing 1
thing 1
thing 1
thing 1
thing 1
thing 1
thing 1
thing 1
thing 1
thing 1
thing 1
thing 1
thing 1
thing 1
thing 1
thing 1
thing 1
thing 1
thing 1
thing 1
thing 1
thing 1
thing 1
thing 1
thing 1
thing 1
thing 1
thing 1
thing 1
thing 1
thing 1
thing 1
thing 1
thing 1
thing 1
thing 1
thing 1
thing 1
thing 1
thing 1
thing 1
thing 1
thing 1
thing 1
thing 1
thing 1
thing 1
thing 1
thing 1
thing 1
thing 1
thing 1
thing 1
thing 1
thing 1
thing 1
thing 1
thing 1
thing 1
thing 1
thing 1
thing 1
thing 1
thing 1
thing 1
thing 1
thing 1
thing 1
thing 1
thing 1
thing 1
thing 1
thing 1
thoughts 1
thrash 1
three 1
three 1
three 1
three 1
three 1
three 1
three 1
three 1
three 1
three 1
three 1
three 1
three 1
three 1
three 1
three 1
three 1
three 1
three 1
three 1
three 1
three 1
three 1
three 1
three 1
three 1
three 1
three 1
three 1
three 1
three 1
three 1
three 1
three 1
three 1
three 1
three 1
three 1
three 1
three 1
three 1
three 1
three 1
three 1
three 1
three 1
three 1
three 1
three 1
three 1
three 1
three 1
three 1
three 1
three 1
three 1
three 1
three 1
three 1
three 1
three 1
three 1
three 1
three 1
three 1
three 1
three 1
three 1
three 1
three 1
three 1
three 1
three 1
three 1
three 1
three 1
three 1
three 1
three 1
three 1
three 1
three 1
three 1
three 1
three 1
three 1
three 1
three 1
three 1
three 1
three 1
three 1
three 1
three 1
three 1
three 1
three 1
three 1
three 1
three 1
three 1
three 1
three 1
three 1
three 1
three 1
thus 1
tiptoes 1
tiptop 1
title 1
tote 1
tote 1
touched 1
touched 1
touched 1
touched 1
touched 1
touched 1
towing 1
trail 1
treat 1
treat 1
treat 1
treat 1
treat 1
treat 1
treat 1
treed 1
trembling 1
trembling 1
trembling 1
trial 1
trial 1
trial 1
trial 1
trial 1
tried 1
tried 1
tried 1
tried 1
tried 1
tried 1
tried 1
tried 1
tried 1
tried 1
tried 1
tried 1
tried 1
tried 1
tried 1
tried 1
tried 1
tried 1
tried 1
tried 1
tried 1
tried 1
tried 1
tried 1
tried 1
tried 1
tried 1
tried 1
tried 1
tried 1
tried 1
tried 1
tried 1
tried 1
tried 1
tried 1
trim 1
tripped 1
troubles 1
troubles 1
troubles 1
troubles 1
troubles 1
troubles 1
troubles 1
troubles 1
troubles 1
troubles 1
troubles 1
troubling 1
troughs 1
truer 1
tug 1
tumblers 1
tumbling 1
tumbling 1
tune 1
tunnel 1
turns 1
turns 1
turns 1
turns 1
turns 1
turns 1
turns 1
turns 1
turns 1
turns 1
turns 1
turns 1
turns 1
turns 1
turns 1
turns 1
turns 1
twice 1
twice 1
twice 1
twice 1
twice 1
twice 1
twice 1
twice 1
twice 1
twice 1
twice 1
twice 1
twice 1
two 1
two 1
two 1
two 1
two 1
two 1
two 1
two 1
two 1
two 1
two 1
two 1
two 1
two 1
two 1
two 1
two 1
two 1
two 1
two 1
two 1
two 1
two 1
two 1
two 1
two 1
two 1
two 1
two 1
two 1
two 1
two 1
two 1
two 1
two 1
two 1
two 1
two 1
two 1
two 1
two 1
two 1
two 1
two 1
two 1
two 1
two 1
two 1
two 1
two 1
two 1
two 1
two 1
two 1
two 1
two 1
two 1
two 1
two 1
two 1
two 1
two 1
two 1
two 1
two 1
two 1
two 1
two 1
two 1
two 1
two 1
two 1
two 1
two 1
two 1
two 1
two 1
two 1
two 1
two 1
two 1
two 1
two 1
two 1
two 1
two 1
two 1
two 1
two 1
two 1
two 1
two 1
two 1
two 1
two 1
two 1
two 1
two 1
two 1
two 1
two 1
two 1
two 1
two 1
two 1
two 1
two 1
two 1
two 1
two 1
two 1
two 1
two 1
two 1
two 1
two 1
two 1
two 1
two 1
two 1
two 1
two 1
two 1
two 1
two 1
two 1
two 1
two 1
two 1
two 1
two 1
two 1
two 1
two 1
two 1
two 1
two 1
two 1
two 1
two 1
two 1
two 1
two 1
two 1
two 1
two 1
two 1
two 1
two 1
two 1
two 1
two 1
two 1
two 1
two 1
two 1
two 1
two 1
two 1
two 1
two 1
two 1
two 1
two 1
two 1
two 1
two 1
two 1
two 1
two 1
two 1
two 1
two 1
two 1
two 1
two 1
two 1
two 1
two 1
two 1
two 1
two 1
two 1
two 1
two 1
two 1
two 1
two 1
two 1
umbrella 1
unbarring 1
unbolting 1
underclothes 1
underneath 1
underneath 1
underneath 1
underneath 1
underneath 1
underneath 1
unhitched 1
unlocking 1
unnatural 1
upwards 1
upwards 1
valuable 1
variety 1
volunteer 1
voo 1
wagon 1
wagon 1
wagon 1
wagon 1
wagon 1
wagon 1
wagon 1
wagon 1
wagon 1
waked 1
waked 1
waked 1
waked 1
waked 1
waked 1
waked 1
waked 1
waked 1
waked 1
waked 1
waked 1
waked 1
waked 1
waked 1
waked 1
walks 1
walks 1
warld 1
warmed 1
warmed 1
warmed 1
washpan 1
waste 1
waste 1
waste 1
watermelon 1
watermelon 1
watermelon 1
watermelon 1
watermelon 1
watermelon 1
watermelon 1
watermelon 1
watermelon 1
watermelon 1
ways 1
ways 1
ways 1
ways 1
ways 1
ways 1
ways 1
ways 1
ways 1
ways 1
ways 1
ways 1
ways 1
ways 1
ways 1
ways 1
ways 1
ways 1
ways 1
ways 1
ways 1
ways 1
ways 1
ways 1
ways 1
ways 1
ways 1
ways 1
ways 1
ways 1
ways 1
ways 1
ways 1
ways 1
ways 1
weary 1
web 1
web 1
web 1
went 1
went 1
went 1
went 1
went 1
went 1
went 1
went 1
went 1
went 1
went 1
went 1
went 1
went 1
went 1
went 1
went 1
went 1
went 1
went 1
went 1
went 1
went 1
went 1
went 1
went 1
went 1
went 1
went 1
went 1
went 1
went 1
went 1
went 1
went 1
went 1
went 1
went 1
went 1
went 1
went 1
went 1
went 1
went 1
went 1
went 1
went 1
went 1
went 1
went 1
went 1
went 1
went 1
went 1
went 1
went 1
went 1
went 1
went 1
went 1
went 1
went 1
went 1
went 1
went 1
went 1
went 1
went 1
went 1
went 1
went 1
went 1
went 1
went 1
went 1
went 1
went 1
went 1
went 1
went 1
went 1
went 1
went 1
went 1
went 1
went 1
went 1
went 1
went 1
went 1
went 1
went 1
went 1
went 1
went 1
went 1
went 1
went 1
went 1
went 1
went 1
went 1
went 1
went 1
went 1
went 1
went 1
went 1
went 1
went 1
went 1
went 1
went 1
went 1
went 1
went 1
went 1
went 1
went 1
went 1
went 1
went 1
went 1
went 1
went 1
went 1
went 1
went 1
went 1
went 1
went 1
went 1
went 1
went 1
went 1
went 1
went 1
went 1
went 1
went 1
went 1
went 1
went 1
went 1
went 1
went 1
went 1
went 1
went 1
went 1
went 1
went 1
went 1
went 1
went 1
went 1
went 1
went 1
went 1
went 1
went 1
went 1
went 1
went 1
went 1
went 1
went 1
went 1
went 1
went 1
went 1
went 1
went 1
went 1
went 1
went 1
went 1
went 1
went 1
went 1
went 1
went 1
went 1
went 1
went 1
went 1
went 1
went 1
went 1
went 1
went 1
went 1
went 1
went 1
went 1
went 1
went 1
went 1
went 1
went 1
went 1
went 1
went 1
went 1
went 1
went 1
went 1
went 1
went 1
went 1
went 1
went 1
went 1
went 1
went 1
went 1
went 1
went 1
went 1
went 1
went 1
went 1
went 1
went 1
went 1
went 1
went 1
went 1
went 1
went 1
went 1
went 1
went 1
went 1
went 1
went 1
went 1
went 1
went 1
went 1
went 1
went 1
went 1
went 1
went 1
went 1
went 1
went 1
went 1
went 1
went 1
went 1
went 1
went 1
went 1
went 1
went 1
went 1
went 1
went 1
went 1
went 1
went 1
went 1
went 1
went 1
went 1
went 1
went 1
went 1
went 1
went 1
went 1
went 1
went 1
went 1
went 1
went 1
went 1
went 1
went 1
went 1
went 1
went 1
went 1
went 1
went 1
went 1
went 1
went 1
went 1
went 1
went 1
whah 1
whah 1
whah 1
whah 1
whah 1
whah 1
whah 1
whah 1
whah 1
whah 1
wharf 1
what 1
what 1
what 1
what 1
what 1
what 1
what 1
what 1
what 1
what 1
what 1
what 1
what 1
what 1
what 1
what 1
what 1
what 1
what 1
what 1
what 1
what 1
what 1
what 1
what 1
what 1
what 1
what 1
what 1
what 1
what 1
what 1
what 1
what 1
what 1
what 1
what 1
what 1
what 1
what 1
what 1
what 1
what 1
what 1
what 1
what 1
what 1
what 1
what 1
what 1
what 1
what 1
what 1
what 1
what 1
what 1
what 1
what 1
what 1
what 1
what 1
what 1
what 1
what 1
what 1
what 1
what 1
what 1
what 1
what 1
what 1
what 1
what 1
what 1
what 1
what 1
what 1
what 1
what 1
what 1
what 1
what 1
what 1
what 1
what 1
what 1
what 1
what 1
what 1
what 1
what 1
what 1
what 1
what 1
what 1
what 1
what 1
what 1
what 1
what 1
what 1
what 1
what 1
what 1
what 1
what 1
what 1
what 1
what 1
what 1
what 1
what 1
what 1
what 1
what 1
what 1
what 1
what 1
what 1
what 1
what 1
what 1
what 1
what 1
what 1
what 1
what 1
what 1
what 1
what 1
what 1
what 1
what 1
what 1
what 1
what 1
what 1
what 1
what 1
what 1
what 1
what 1
what 1
what 1
what 1
what 1
what 1
what 1
what 1
what 1
what 1
what 1
what 1
what 1
what 1
what 1
what 1
what 1
what 1
what 1
what 1
what 1
what 1
what 1
what 1
what 1
what 1
what 1
what 1
what 1
what 1
what 1
what 1
what 1
what 1
what 1
what 1
what 1
what 1
what 1
what 1
what 1
what 1
what 1
what 1
what 1
what 1
what 1
what 1
what 1
what 1
what 1
what 1
what 1
what 1
what 1
what 1
what 1
what 1
what 1
what 1
what 1
what 1
what 1
what 1
what 1
what 1
what 1
what 1
what 1
what 1
what 1
what 1
what 1
what 1
what 1
what 1
what 1
what 1
what 1
what 1
what 1
what 1
what 1
what 1
what 1
what 1
what 1
what 1
what 1
what 1
what 1
what 1
what 1
what 1
what 1
what 1
what 1
what 1
what 1
what 1
what 1
what 1
what 1
what 1
what 1
what 1
what 1
what 1
what 1
what 1
what 1
what 1
what 1
what 1
what 1
what 1
what 1
what 1
what 1
what 1
what 1
what 1
what 1
what 1
what 1
what 1
what 1
what 1
what 1
what 1
what 1
what 1
what 1
what 1
what 1
what 1
what 1
what 1
what 1
what 1
what 1
what 1
what 1
what 1
what 1
what 1
what 1
what 1
what 1
what 1
what 1
what 1
what 1
what 1
what 1
what 1
what 1
what 1
what 1
what 1
what 1
what 1
what 1
what 1
what 1
what 1
what 1
what 1
what 1
what 1
what 1
what 1
what 1
what 1
what 1
what 1
what 1
what 1
what 1
what 1
what 1
what 1
what 1
what 1
what 1
what 1
what 1
what 1
what 1
what 1
what 1
what 1
what 1
what 1
what 1
what 1
what 1
what 1
what 1
what 1
what 1
what 1
what 1
what 1
what 1
what 1
what 1
what 1
what 1
what 1
what 1
what 1
what 1
what 1
what 1
what 1
what 1
what 1
what 1
what 1
whatsoever 1
whatsoever 1
whirl 1
whitened 1
widest 1
widest 1
widout 1
widout 1
wild 1
wild 1
wild 1
wild 1
wild 1
wild 1
wild 1
wild 1
wild 1
wild 1
wild 1
wild 1
wild 1
wild 1
wild 1
wild 1
wild 1
wilderness 1
willow 1
willow 1
willow 1
willow 1
willow 1
willow 1
win 1
win 1
wished 1
wished 1
wished 1
wished 1
wished 1
wished 1
wished 1
wished 1
wished 1
wished 1
wished 1
wished 1
wished 1
wished 1
wished 1
wished 1
wished 1
wished 1
with 1
with 1
with 1
with 1
with 1
with 1
with 1
with 1
with 1
with 1
with 1
with 1
with 1
with 1
with 1
with 1
with 1
with 1
with 1
with 1
with 1
with 1
with 1
with 1
with 1
with 1
with 1
with 1
with 1
with 1
with 1
with 1
with 1
with 1
with 1
with 1
with 1
with 1
with 1
with 1
with 1
with 1
with 1
with 1
with 1
with 1
with 1
with 1
with 1
with 1
with 1
with 1
with 1
with 1
with 1
with 1
with 1
with 1
with 1
with 1
with 1
with 1
with 1
with 1
with 1
with 1
with 1
with 1
with 1
with 1
with 1
with 1
with 1
with 1
with 1
with 1
with 1
with 1
with 1
with 1
with 1
with 1
with 1
with 1
with 1
with 1
with 1
with 1
with 1
with 1
with 1
with 1
with 1
with 1
with 1
with 1
with 1
with 1
with 1
with 1
with 1
with 1
with 1
with 1
with 1
with 1
with 1
with 1
with 1
with 1
with 1
with 1
with 1
with 1
with 1
with 1
with 1
with 1
with 1
with 1
with 1
with 1
with 1
with 1
with 1
with 1
with 1
with 1
with 1
with 1
with 1
with 1
with 1
with 1
with 1
with 1
with 1
with 1
with 1
with 1
with 1
with 1
with 1
with 1
with 1
with 1
with 1
with 1
with 1
with 1
with 1
with 1
with 1
with 1
with 1
with 1
with 1
with 1
with 1
with 1
with 1
with 1
with 1
with 1
with 1
with 1
with 1
with 1
with 1
with 1
with 1
with 1
with 1
with 1
with 1
with 1
with 1
with 1
with 1
with 1
with 1
with 1
with 1
with 1
with 1
with 1
with 1
with 1
with 1
with 1
with 1
with 1
with 1
with 1
with 1
with 1
with 1
with 1
with 1
with 1
with 1
with 1
with 1
with 1
with 1
with 1
with 1
with 1
with 1
with 1
with 1
with 1
with 1
with 1
with 1
with 1
with 1
with 1
with 1
with 1
with 1
with 1
with 1
with 1
with 1
with 1
with 1
with 1
with 1
with 1
with 1
with 1
with 1
with 1
with 1
with 1
with 1
with 1
with 1
with 1
with 1
with 1
with 1
with 1
with 1
with 1
with 1
with 1
with 1
with 1
with 1
with 1
with 1
with 1
with 1
with 1
with 1
with 1
with 1
with 1
with 1
with 1
with 1
with 1
with 1
with 1
with 1
with 1
with 1
with 1
with 1
with 1
with 1
with 1
with 1
with 1
with 1
with 1
with 1
with 1
with 1
with 1
with 1
with 1
with 1
with 1
with 1
with 1
with 1
with 1
with 1
with 1
with 1
with 1
with 1
with 1
with 1
with 1
with 1
with 1
with 1
with 1
with 1
with 1
with 1
with 1
with 1
with 1
with 1
with 1
with 1
with 1
with 1
with 1
with 1
with 1
with 1
with 1
with 1
with 1
with 1
with 1
with 1
with 1
with 1
with 1
with 1
with 1
with 1
with 1
with 1
with 1
with 1
with 1
with 1
with 1
with 1
with 1
with 1
with 1
with 1
with 1
with 1
with 1
with 1
with 1
with 1
with 1
with 1
with 1
with 1
with 1
with 1
with 1
with 1
with 1
with 1
with 1
with 1
with 1
with 1
with 1
with 1
with 1
with 1
with 1
with 1
with 1
with 1
with 1
with 1
with 1
with 1
with 1
with 1
with 1
with 1
with 1
with 1
with 1
with 1
with 1
with 1
with 1
with 1
with 1
with 1
with 1
with 1
with 1
with 1
with 1
with 1
with 1
with 1
with 1
with 1
with 1
with 1
with 1
with 1
with 1
with 1
with 1
with 1
with 1
with 1
with 1
with 1
with 1
with 1
with 1
with 1
with 1
with 1
with 1
with 1
with 1
with 1
with 1
with 1
with 1
with 1
with 1
with 1
with 1
with 1
with 1
with 1
with 1
with 1
with 1
with 1
with 1
with 1
with 1
with 1
with 1
with 1
with 1
with 1
with 1
with 1
with 1
with 1
with 1
with 1
with 1
with 1
with 1
with 1
with 1
with 1
with 1
with 1
with 1
with 1
with 1
with 1
with 1
with 1
with 1
with 1
with 1
with 1
with 1
with 1
with 1
with 1
with 1
with 1
with 1
with 1
with 1
with 1
with 1
with 1
with 1
with 1
with 1
with 1
with 1
with 1
with 1
with 1
with 1
with 1
with 1
with 1
with 1
with 1
with 1
with 1
with 1
with 1
with 1
with 1
with 1
with 1
with 1
with 1
with 1
with 1
with 1
with 1
with 1
with 1
with 1
with 1
with 1
with 1
with 1
with 1
with 1
with 1
with 1
with 1
with 1
with 1
with 1
with 1
with 1
with 1
with 1
with 1
with 1
with 1
with 1
with 1
with 1
with 1
with 1
with 1
with 1
with 1
with 1
with 1
with 1
with 1
with 1
with 1
with 1
with 1
with 1
with 1
with 1
with 1
with 1
with 1
with 1
with 1
with 1
with 1
with 1
with 1
with 1
with 1
with 1
with 1
with 1
with 1
with 1
with 1
with 1
with 1
with 1
with 1
with 1
with 1
with 1
with 1
with 1
with 1
with 1
with 1
with 1
with 1
with 1
with 1
with 1
with 1
won 1
won 1
won 1
won 1
won 1
won 1
won 1
won 1
won 1
won 1
won 1
won 1
won 1
won 1
won 1
won 1
won 1
won 1
won 1
won 1
won 1
won 1
won 1
won 1
won 1
won 1
won 1
won 1
won 1
won 1
won 1
won 1
won 1
won 1
won 1
won 1
won 1
won 1
won 1
won 1
won 1
won 1
won 1
won 1
won 1
won 1
won 1
won 1
won 1
won 1
won 1
won 1
won 1
won 1
won 1
won 1
won 1
won 1
won 1
won 1
won 1
won 1
won 1
won 1
won 1
won 1
won 1
won 1
won 1
wonderful 1
wonderful 1
wonderful 1
wonderful 1
wonderful 1
wonderful 1
wonderful 1
woollen 1
worked 1
worked 1
worked 1
worked 1
worked 1
worked 1
worked 1
worked 1
worked 1
worked 1
worked 1
worked 1
worked 1
worked 1
worked 1
worked 1
worked 1
worked 1
worked 1
wrap 1
yard 1
yard 1
yard 1
yard 1
yard 1
yard 1
yard 1
yard 1
yard 1
yard 1
yard 1
yawled 1
yerd 1
yisterday 1
