AS 1
B 1
B 1
Behind 1
Dead 1
Director 1
EIN 1
Email 1
Executive 1
Father 1
Father 1
Father 1
French 1
General 1
General 1
General 1
Hardly 1
Hardly 1
Hardly 1
How 1
How 1
How 1
II 1
IMPLIED 1
IS 1
Information 1
Information 1
Information 1
Information 1
Information 1
Information 1
International 1
Just 1
Just 1
Just 1
Just 1
Just 1
Kafka 1
Kafka 1
Kafka 1
Kafka 1
LIMITED 1
LIMITED 1
LIMITED 1
Later 1
Leant 1
Literary 1
Literary 1
Literary 1
Literary 1
Literary 1
Literary 1
Literary 1
Literary 1
Literary 1
Literary 1
Literary 1
Literary 1
Literary 1
Only 1
Only 1
Only 1
PARAGRAPH 1
READ 1
REPLACEMENT 1
RIGHT 1
SEND 1
So 1
So 1
So 1
So 1
So 1
So 1
So 1
So 1
So 1
So 1
So 1
So 1
So 1
So 1
They 1
They 1
They 1
They 1
They 1
They 1
They 1
They 1
They 1
They 1
They 1
They 1
They 1
They 1
They 1
They 1
They 1
They 1
They 1
They 1
They 1
They 1
They 1
Travelling 1
WILL 1
What 1
What 1
What 1
What 1
What 1
What 1
What 1
What 1
What 1
What 1
What 1
What 1
What 1
What 1
What 1
Whenever 1
accept 1
accept 1
achievements 1
active 1
active 1
advise 1
agreed 1
agreed 1
although 1
although 1
although 1
although 1
although 1
although 1
although 1
although 1
although 1
although 1
although 1
although 1
although 1
although 1
although 1
although 1
although 1
amount 1
anxiety 1
anxiously 1
anxiously 1
anxiously 1
anxiously 1
appears 1
arranged 1
assistance 1
attentive 1
attracted 1
attributed 1
ave 1
backwards 1
backwards 1
backwards 1
backwards 1
bear 1
bear 1
bear 1
bear 1
behind 1
behind 1
behind 1
behind 1
behind 1
behind 1
behind 1
behind 1
behind 1
behind 1
behind 1
behind 1
behind 1
behind 1
behind 1
breath 1
breath 1
breath 1
breath 1
breath 1
breath 1
breath 1
brief 1
bulging 1
calculate 1
can 1
can 1
can 1
can 1
can 1
can 1
can 1
can 1
can 1
can 1
can 1
can 1
can 1
can 1
can 1
can 1
can 1
can 1
can 1
can 1
can 1
can 1
can 1
can 1
can 1
can 1
can 1
can 1
can 1
can 1
can 1
can 1
card 1
change 1
change 1
change 1
change 1
change 1
child 1
child 1
child 1
chose 1
cleaner 1
cleaner 1
cleaner 1
cleaner 1
cleaner 1
cleaner 1
cleaner 1
cleaner 1
cleaner 1
close 1
close 1
close 1
close 1
close 1
close 1
close 1
close 1
close 1
close 1
close 1
close 1
coffee 1
coffee 1
coffee 1
come 1
come 1
come 1
come 1
come 1
come 1
come 1
come 1
come 1
come 1
come 1
come 1
come 1
come 1
come 1
come 1
come 1
come 1
come 1
come 1
come 1
come 1
come 1
come 1
come 1
come 1
come 1
come 1
come 1
commercial 1
commercial 1
complying 1
complying 1
complying 1
comprehension 1
concept 1
concept 1
connection 1
continually 1
contract 1
conversations 1
converted 1
corpse 1
corpse 1
cosy 1
crying 1
crying 1
crying 1
darkest 1
daughter 1
daughter 1
daughter 1
dawning 1
deal 1
dear 1
decided 1
decided 1
decided 1
decided 1
despair 1
despair 1
despair 1
despite 1
despite 1
despite 1
despite 1
despite 1
despite 1
despite 1
despite 1
despite 1
destroy 1
destroy 1
dipped 1
disappeared 1
disappeared 1
disappeared 1
disappeared 1
disappeared 1
discovered 1
displacing 1
displaying 1
displaying 1
displaying 1
displaying 1
distract 1
donation 1
drag 1
drank 1
dried 1
dripped 1
drove 1
duty 1
earth 1
edition 1
electronically 1
electronically 1
enough 1
enough 1
enough 1
enough 1
enough 1
enough 1
enough 1
enough 1
enough 1
enough 1
enough 1
enough 1
enough 1
enough 1
enough 1
enough 1
enough 1
enough 1
enough 1
enough 1
entertain 1
entertaining 1
entertaining 1
entertaining 1
enthusiastic 1
entirely 1
entirely 1
entirely 1
entirely 1
example 1
expend 1
explanations 1
explanations 1
eyebrows 1
failure 1
failure 1
faint 1
family 1
family 1
family 1
family 1
family 1
family 1
family 1
family 1
family 1
family 1
family 1
family 1
family 1
family 1
family 1
family 1
family 1
family 1
family 1
family 1
family 1
family 1
family 1
family 1
family 1
family 1
family 1
family 1
family 1
family 1
family 1
family 1
fear 1
fee 1
fee 1
fee 1
fee 1
fee 1
fee 1
fee 1
fee 1
finished 1
finished 1
finished 1
finished 1
finished 1
finished 1
finished 1
finished 1
firm 1
firm 1
firm 1
fixed 1
flecks 1
flee 1
fluid 1
forgive 1
fourteen 1
free 1
free 1
free 1
free 1
free 1
free 1
free 1
free 1
free 1
free 1
free 1
fretsaw 1
fretsaw 1
from 1
from 1
from 1
from 1
from 1
from 1
from 1
from 1
from 1
from 1
from 1
from 1
from 1
from 1
from 1
from 1
from 1
from 1
from 1
from 1
from 1
from 1
from 1
from 1
from 1
from 1
from 1
from 1
from 1
from 1
from 1
from 1
from 1
from 1
from 1
from 1
from 1
from 1
from 1
from 1
from 1
from 1
from 1
from 1
from 1
from 1
from 1
from 1
from 1
from 1
from 1
from 1
from 1
from 1
from 1
from 1
from 1
from 1
from 1
from 1
from 1
from 1
from 1
from 1
from 1
from 1
from 1
from 1
from 1
from 1
from 1
from 1
from 1
from 1
from 1
from 1
from 1
from 1
from 1
from 1
from 1
from 1
from 1
from 1
from 1
from 1
from 1
from 1
from 1
from 1
from 1
from 1
from 1
from 1
from 1
from 1
from 1
from 1
from 1
from 1
from 1
from 1
from 1
from 1
from 1
from 1
from 1
from 1
from 1
from 1
from 1
from 1
from 1
from 1
from 1
from 1
from 1
from 1
from 1
from 1
from 1
from 1
from 1
from 1
from 1
from 1
from 1
from 1
from 1
from 1
from 1
game 1
getting 1
getting 1
getting 1
getting 1
getting 1
getting 1
glad 1
glad 1
glad 1
glad 1
glad 1
glanced 1
goals 1
grant 1
grant 1
gross 1
grounds 1
guest 1
habit 1
habit 1
habit 1
habit 1
habit 1
habit 1
hats 1
hearing 1
hearing 1
helpless 1
here 1
here 1
here 1
here 1
here 1
here 1
here 1
here 1
here 1
here 1
here 1
here 1
here 1
here 1
here 1
here 1
here 1
here 1
here 1
himself 1
himself 1
himself 1
himself 1
himself 1
himself 1
himself 1
himself 1
himself 1
himself 1
himself 1
himself 1
himself 1
himself 1
himself 1
himself 1
himself 1
himself 1
himself 1
himself 1
himself 1
himself 1
himself 1
himself 1
himself 1
himself 1
himself 1
himself 1
himself 1
himself 1
himself 1
himself 1
himself 1
himself 1
himself 1
himself 1
himself 1
himself 1
himself 1
himself 1
himself 1
himself 1
himself 1
himself 1
himself 1
himself 1
himself 1
himself 1
himself 1
himself 1
himself 1
himself 1
himself 1
himself 1
himself 1
himself 1
himself 1
himself 1
himself 1
himself 1
himself 1
himself 1
himself 1
himself 1
himself 1
himself 1
himself 1
himself 1
himself 1
himself 1
himself 1
himself 1
himself 1
himself 1
himself 1
himself 1
himself 1
himself 1
himself 1
himself 1
himself 1
himself 1
himself 1
himself 1
himself 1
himself 1
himself 1
hinder 1
hissed 1
holder 1
holder 1
holder 1
holder 1
holder 1
holder 1
holder 1
hoped 1
hour 1
hour 1
housekeeper 1
hugged 1
hundred 1
identification 1
identify 1
illness 1
immaculate 1
impatiently 1
important 1
important 1
important 1
important 1
important 1
improvement 1
improvement 1
improvement 1
include 1
infant 1
information 1
information 1
information 1
infringement 1
innocent 1
innocent 1
insist 1
insist 1
insist 1
intention 1
intention 1
intention 1
interest 1
interest 1
interest 1
interpreted 1
join 1
kept 1
kept 1
kept 1
kept 1
kept 1
kept 1
kept 1
kept 1
kind 1
kind 1
kind 1
kind 1
kind 1
kind 1
kind 1
knives 1
knocking 1
knocking 1
knocking 1
late 1
late 1
late 1
late 1
late 1
length 1
life 1
life 1
life 1
life 1
life 1
life 1
life 1
life 1
life 1
life 1
life 1
life 1
life 1
life 1
limitation 1
limitation 1
limitation 1
load 1
load 1
locked 1
locked 1
locked 1
locked 1
locked 1
longing 1
losing 1
loud 1
loud 1
loud 1
loud 1
loud 1
loud 1
loud 1
loud 1
maybe 1
maybe 1
maybe 1
maybe 1
meals 1
meals 1
mealtime 1
member 1
mild 1
mind 1
mind 1
mind 1
mind 1
mission 1
mission 1
mission 1
monogram 1
moving 1
moving 1
moving 1
moving 1
moving 1
moving 1
moving 1
moving 1
moving 1
moving 1
moving 1
muff 1
nearest 1
necessarily 1
nodded 1
nodded 1
nodded 1
notches 1
noticeable 1
observant 1
one 1
one 1
one 1
one 1
one 1
one 1
one 1
one 1
one 1
one 1
one 1
one 1
one 1
one 1
one 1
one 1
one 1
one 1
one 1
one 1
one 1
one 1
one 1
one 1
one 1
one 1
one 1
one 1
one 1
one 1
one 1
one 1
one 1
one 1
one 1
one 1
one 1
one 1
one 1
one 1
one 1
one 1
one 1
one 1
one 1
one 1
one 1
one 1
one 1
one 1
one 1
one 1
one 1
one 1
one 1
one 1
one 1
one 1
one 1
one 1
one 1
one 1
one 1
one 1
one 1
one 1
one 1
one 1
only 1
only 1
only 1
only 1
only 1
only 1
only 1
only 1
only 1
only 1
only 1
only 1
only 1
only 1
only 1
only 1
only 1
only 1
only 1
only 1
only 1
only 1
only 1
only 1
only 1
only 1
only 1
only 1
only 1
only 1
only 1
only 1
only 1
only 1
only 1
only 1
only 1
only 1
only 1
only 1
only 1
only 1
only 1
only 1
only 1
only 1
only 1
only 1
only 1
only 1
only 1
only 1
only 1
only 1
only 1
only 1
only 1
only 1
only 1
only 1
order 1
order 1
order 1
order 1
order 1
order 1
order 1
org 1
org 1
org 1
org 1
org 1
org 1
org 1
originator 1
ourselves 1
ourselves 1
outstretched 1
outstretched 1
outstretched 1
overcome 1
overcome 1
overcome 1
overcome 1
overcome 1
overworked 1
particularly 1
particularly 1
particularly 1
patch 1
paying 1
paying 1
paying 1
peace 1
peace 1
peace 1
peace 1
peace 1
peace 1
peace 1
peace 1
peel 1
periods 1
permitted 1
permitted 1
pglaf 1
pglaf 1
pglaf 1
pglaf 1
pglaf 1
pglaf 1
pglaf 1
plans 1
pleased 1
pleased 1
pleasures 1
point 1
point 1
pointing 1
powerful 1
premises 1
pressed 1
pressed 1
pressed 1
pressed 1
pressed 1
pressed 1
pressed 1
pressed 1
pressed 1
pressed 1
pressed 1
pressed 1
pressed 1
pressed 1
protruding 1
providing 1
providing 1
providing 1
providing 1
punished 1
quarter 1
quarter 1
quarter 1
quarter 1
quarter 1
quarter 1
question 1
question 1
question 1
question 1
question 1
question 1
question 1
read 1
read 1
read 1
reading 1
reading 1
reading 1
reading 1
reading 1
receipt 1
receipt 1
receipt 1
reduce 1
reduced 1
reduced 1
registered 1
registered 1
remove 1
remove 1
remove 1
remove 1
remove 1
replace 1
replacement 1
replacement 1
replacement 1
repugnant 1
resolve 1
right 1
right 1
right 1
right 1
right 1
right 1
right 1
right 1
right 1
right 1
right 1
right 1
right 1
right 1
right 1
right 1
right 1
right 1
right 1
right 1
right 1
saddened 1
saints 1
sallied 1
saving 1
scurry 1
send 1
send 1
send 1
send 1
send 1
shall 1
shall 1
shall 1
shall 1
shame 1
shame 1
shook 1
shook 1
shut 1
shut 1
shut 1
shut 1
shut 1
shut 1
shut 1
shut 1
shut 1
sir 1
sir 1
smiled 1
smiled 1
smiled 1
so 1
so 1
so 1
so 1
so 1
so 1
so 1
so 1
so 1
so 1
so 1
so 1
so 1
so 1
so 1
so 1
so 1
so 1
so 1
so 1
so 1
so 1
so 1
so 1
so 1
so 1
so 1
so 1
so 1
so 1
so 1
so 1
so 1
so 1
so 1
so 1
so 1
so 1
so 1
so 1
so 1
so 1
so 1
so 1
so 1
so 1
so 1
so 1
so 1
so 1
so 1
so 1
so 1
so 1
so 1
so 1
so 1
so 1
so 1
so 1
so 1
so 1
so 1
so 1
so 1
so 1
so 1
so 1
so 1
so 1
so 1
so 1
so 1
so 1
so 1
so 1
so 1
so 1
so 1
so 1
so 1
so 1
so 1
so 1
soft 1
somebody 1
somebody 1
somebody 1
somebody 1
son 1
son 1
sooner 1
sort 1
sort 1
sort 1
sort 1
sort 1
sort 1
speak 1
speak 1
speak 1
speak 1
speak 1
speak 1
speak 1
speak 1
specified 1
specified 1
speech 1
spend 1
spend 1
spend 1
spineless 1
splendour 1
spot 1
spot 1
spot 1
squeaking 1
stairs 1
stairs 1
stand 1
stand 1
stand 1
stand 1
stand 1
stand 1
stand 1
stand 1
staring 1
staring 1
start 1
start 1
start 1
start 1
start 1
start 1
statements 1
status 1
status 1
status 1
status 1
steady 1
steady 1
strenuous 1
stretched 1
stretched 1
stretched 1
stretched 1
strike 1
strongly 1
suddenly 1
suddenly 1
suddenly 1
suddenly 1
suddenly 1
suddenly 1
suddenly 1
suddenly 1
suddenly 1
swing 1
swing 1
taking 1
taking 1
taking 1
taking 1
taking 1
taking 1
taking 1
taking 1
taking 1
talk 1
talk 1
talk 1
talk 1
thank 1
thank 1
their 1
their 1
their 1
their 1
their 1
their 1
their 1
their 1
their 1
their 1
their 1
their 1
their 1
their 1
their 1
their 1
their 1
their 1
their 1
their 1
their 1
their 1
their 1
their 1
their 1
their 1
their 1
their 1
their 1
their 1
their 1
their 1
their 1
their 1
their 1
their 1
their 1
their 1
their 1
their 1
their 1
their 1
their 1
their 1
their 1
their 1
their 1
their 1
their 1
their 1
their 1
their 1
their 1
their 1
their 1
their 1
their 1
their 1
their 1
their 1
their 1
their 1
their 1
their 1
their 1
their 1
their 1
their 1
therefore 1
think 1
think 1
think 1
think 1
think 1
think 1
think 1
think 1
think 1
think 1
think 1
think 1
think 1
think 1
think 1
think 1
think 1
think 1
think 1
think 1
thoughtless 1
times 1
times 1
times 1
times 1
times 1
times 1
times 1
times 1
times 1
times 1
times 1
times 1
times 1
times 1
times 1
total 1
total 1
total 1
traces 1
travellers 1
travellers 1
trouser 1
true 1
true 1
uncertainly 1
unclear 1
understand 1
understand 1
understand 1
understand 1
understand 1
understand 1
understand 1
understand 1
understand 1
understand 1
understand 1
understand 1
understand 1
uniting 1
unnerving 1
unsuccessfully 1
until 1
until 1
until 1
until 1
until 1
until 1
until 1
until 1
until 1
until 1
until 1
until 1
unyielding 1
vague 1
victim 1
viewed 1
visitor 1
visitor 1
wanting 1
wanting 1
warning 1
weather 1
weather 1
week 1
week 1
who 1
who 1
who 1
who 1
who 1
who 1
who 1
who 1
who 1
who 1
who 1
who 1
who 1
who 1
who 1
who 1
who 1
who 1
who 1
who 1
who 1
who 1
who 1
who 1
who 1
who 1
who 1
who 1
who 1
who 1
who 1
who 1
who 1
who 1
who 1
window 1
window 1
window 1
window 1
window 1
window 1
window 1
window 1
window 1
window 1
window 1
window 1
window 1
window 1
window 1
window 1
window 1
window 1
window 1
without 1
without 1
without 1
without 1
without 1
without 1
without 1
without 1
without 1
without 1
without 1
without 1
without 1
without 1
without 1
without 1
without 1
without 1
without 1
without 1
without 1
without 1
without 1
without 1
without 1
without 1
without 1
without 1
without 1
without 1
without 1
without 1
without 1
without 1
without 1
without 1
without 1
without 1
without 1
without 1
without 1
without 1
without 1
without 1
without 1
without 1
without 1
withstand 1
woke 1
woke 1
women 1
women 1
women 1
women 1
women 1
women 1
women 1
women 1
women 1
women 1
women 1
women 1
women 1
women 1
women 1
women 1
works 1
works 1
works 1
works 1
works 1
works 1
works 1
works 1
works 1
works 1
works 1
works 1
works 1
works 1
works 1
works 1
works 1
works 1
works 1
works 1
works 1
works 1
works 1
works 1
works 1
works 1
works 1
works 1
works 1
works 1
works 1
works 1
works 1
writing 1
writing 1
writing 1
writing 1
writing 1
writing 1
writing 1
writing 1
