ADLER 1
AK 1
Amoy 1
Anybody 1
Apache 1
Arabian 1
Arnsworth 1
Artillery 1
BERYL 1
BLUE 1
BOSCOMBE 1
Bank 1
Bank 1
Bank 1
Bank 1
Barque 1
Barton 1
Baxter 1
Bermuda 1
Beside 1
Beside 1
Bordeaux 1
CORONET 1
Can 1
Can 1
Can 1
Can 1
Capital 1
Capital 1
Capital 1
Captain 1
Captain 1
Christmas 1
Christmas 1
Christmas 1
Christmas 1
Christmas 1
Christmas 1
Christmas 1
Christmas 1
Christmas 1
Christmas 1
Chubb 1
Clotilde 1
Co 1
Colonel 1
Colonel 1
Colonel 1
Colonel 1
Colonel 1
Colonel 1
Colonel 1
Colonel 1
Colonel 1
Colonel 1
Colonel 1
Colonel 1
Colonel 1
Colonel 1
Colonel 1
Contact 1
Counties 1
Cross 1
Cross 1
Cross 1
Cusack 1
Cusack 1
Cusack 1
DEAREST 1
Darlington 1
Depend 1
Draw 1
Draw 1
EBook 1
EBook 1
Eastern 1
Eastern 1
Eg 1
Eglow 1
Englishman 1
Englishman 1
Englishman 1
Eton 1
Even 1
Even 1
Even 1
Even 1
Even 1
Even 1
Experience 1
F 1
F 1
F 1
F 1
F 1
F 1
F 1
F 1
F 1
F 1
F 1
F 1
Fareham 1
Farewell 1
Farrington 1
February 1
February 1
Filled 1
Fine 1
Fleet 1
Fleet 1
Freebody 1
Gottsreich 1
Gross 1
H 1
H 1
H 1
H 1
H 1
H 1
HAVE 1
HUNTER 1
HUNTER 1
HUNTER 1
Hafiz 1
Hague 1
Hayling 1
Head 1
Helen 1
Helen 1
Helen 1
Helen 1
Holland 1
Holland 1
Honoria 1
Hosmer 1
Hosmer 1
Hosmer 1
Hosmer 1
Hosmer 1
Hosmer 1
Hosmer 1
Hosmer 1
Hosmer 1
Hosmer 1
Hosmer 1
Hosmer 1
Hosmer 1
Hosmer 1
Hosmer 1
Hosmer 1
Hosmer 1
Hosmer 1
Hosmer 1
Hosmer 1
Hosmer 1
Hosmer 1
Hosmer 1
However 1
However 1
However 1
However 1
However 1
However 1
However 1
However 1
However 1
However 1
Hyde 1
IRS 1
Inner 1
Its 1
Its 1
Its 1
Its 1
Its 1
Its 1
Its 1
Its 1
Jabez 1
Jabez 1
Jabez 1
Jabez 1
Jabez 1
Jabez 1
Jabez 1
Jabez 1
Jove 1
Jove 1
KIND 1
Kensington 1
Klux 1
Klux 1
Language 1
Light 1
Lost 1
MERCHANTIBILITY 1
Mansions 1
Market 1
Missing 1
Montana 1
Morcar 1
Morcar 1
Morcar 1
Morcar 1
Morris 1
Morris 1
Mrs 1
Mrs 1
Mrs 1
Mrs 1
Mrs 1
Mrs 1
Mrs 1
Mrs 1
Mrs 1
Mrs 1
Mrs 1
Mrs 1
Mrs 1
Mrs 1
Mrs 1
Mrs 1
Mrs 1
Mrs 1
Mrs 1
Mrs 1
Mrs 1
Mrs 1
Mrs 1
Mrs 1
Mrs 1
Mrs 1
Mrs 1
Mrs 1
Mrs 1
Mrs 1
Mrs 1
Mrs 1
Mrs 1
Mrs 1
Mrs 1
Mrs 1
Mrs 1
Mrs 1
Mrs 1
Mrs 1
Mrs 1
Mrs 1
Mrs 1
Mrs 1
Murdered 1
My 1
My 1
My 1
My 1
My 1
My 1
My 1
My 1
My 1
My 1
My 1
My 1
My 1
My 1
My 1
My 1
My 1
My 1
My 1
My 1
My 1
My 1
My 1
My 1
My 1
My 1
My 1
My 1
My 1
My 1
My 1
My 1
My 1
My 1
My 1
My 1
My 1
My 1
My 1
My 1
My 1
My 1
My 1
My 1
My 1
My 1
My 1
My 1
My 1
My 1
My 1
My 1
My 1
My 1
My 1
My 1
My 1
My 1
My 1
My 1
My 1
My 1
My 1
My 1
My 1
My 1
My 1
My 1
My 1
My 1
My 1
My 1
My 1
My 1
My 1
My 1
My 1
My 1
My 1
My 1
My 1
My 1
My 1
My 1
My 1
My 1
My 1
My 1
My 1
My 1
My 1
My 1
My 1
My 1
My 1
My 1
My 1
NOTICE 1
Naturally 1
Noble 1
None 1
None 1
None 1
None 1
None 1
None 1
None 1
None 1
None 1
Now 1
Now 1
Now 1
Now 1
Now 1
Now 1
Now 1
Now 1
Now 1
Now 1
Now 1
Now 1
Now 1
Now 1
Now 1
Now 1
Now 1
Now 1
Now 1
Now 1
Now 1
Now 1
Now 1
Now 1
Now 1
Now 1
Now 1
Now 1
Now 1
Now 1
Now 1
Now 1
Now 1
Now 1
Now 1
Now 1
Now 1
Now 1
Now 1
Now 1
Now 1
Now 1
Now 1
Now 1
Now 1
Now 1
Now 1
Now 1
Now 1
Now 1
Now 1
Now 1
Now 1
Now 1
Now 1
Now 1
Now 1
Now 1
Now 1
Now 1
Now 1
Now 1
Now 1
Now 1
Now 1
OTHER 1
One 1
One 1
One 1
One 1
One 1
One 1
One 1
One 1
One 1
One 1
One 1
One 1
One 1
One 1
One 1
One 1
One 1
One 1
One 1
One 1
One 1
One 1
One 1
One 1
One 1
One 1
One 1
One 1
One 1
One 1
One 1
One 1
One 1
One 1
One 1
One 1
One 1
One 1
Orange 1
Ordering 1
Out 1
Out 1
Out 1
PIPS 1
Poor 1
Problems 1
Recently 1
Refund 1
Replacement 1
Right 1
START 1
START 1
Snapping 1
Some 1
Some 1
Some 1
Some 1
Some 1
Some 1
Some 1
Some 1
Some 1
Some 1
Some 1
Some 1
Some 1
Some 1
Some 1
Some 1
Some 1
Some 1
Southern 1
Southern 1
Spies 1
Starving 1
States 1
States 1
States 1
States 1
States 1
States 1
States 1
States 1
States 1
States 1
States 1
States 1
States 1
Step 1
Stoke 1
Stoke 1
Stoke 1
Stoke 1
Stoke 1
Stoke 1
Stoke 1
Stoke 1
Stoke 1
Stoke 1
Stoke 1
Sunday 1
Surely 1
Surely 1
Surely 1
Surely 1
Surely 1
Surrey 1
Surrey 1
Surrey 1
Surrey 1
Surrey 1
Swiftly 1
Swiftly 1
Swindon 1
THUMB 1
Three 1
Three 1
Three 1
Three 1
Thus 1
Title 1
Turner 1
Turner 1
Turner 1
Turner 1
Turner 1
Turner 1
Turner 1
Turner 1
Turner 1
Turner 1
Turner 1
Turner 1
Turner 1
Turner 1
Turner 1
Turner 1
Turner 1
Turner 1
Turner 1
Turner 1
Turner 1
Turner 1
VII 1
VII 1
Visited 1
Wharf 1
Windigate 1
Windigate 1
Windigate 1
With 1
With 1
With 1
With 1
With 1
With 1
With 1
With 1
With 1
With 1
With 1
With 1
With 1
With 1
With 1
With 1
With 1
With 1
With 1
With 1
With 1
With 1
With 1
With 1
With 1
With 1
Yard 1
Yard 1
Yard 1
Yard 1
Yard 1
Yard 1
Yard 1
Yard 1
Yard 1
Yard 1
Yet 1
Yet 1
Yet 1
Yet 1
Yet 1
Yet 1
Yet 1
Yet 1
Yet 1
Yet 1
Yet 1
Yet 1
abrupt 1
absorbed 1
absurdly 1
absurdly 1
accidental 1
accomplishments 1
accomplishments 1
accountant 1
accounts 1
accounts 1
accounts 1
acknowledge 1
acres 1
acres 1
adapt 1
ado 1
advertisements 1
affaire 1
affairs 1
affairs 1
affairs 1
affairs 1
affairs 1
affairs 1
affairs 1
affairs 1
affairs 1
affectation 1
allowed 1
allowed 1
allowed 1
allowed 1
allowed 1
allowed 1
allowed 1
allowed 1
allowed 1
allusions 1
answer 1
answer 1
answer 1
answer 1
answer 1
answer 1
answer 1
answer 1
answer 1
answer 1
answer 1
answer 1
answer 1
answer 1
answer 1
antics 1
apart 1
apart 1
aperture 1
aperture 1
aperture 1
approach 1
approach 1
approach 1
approach 1
approach 1
arc 1
architects 1
argue 1
arrange 1
artificial 1
ascertain 1
aspect 1
aspect 1
associate 1
associate 1
associate 1
associate 1
assuring 1
ate 1
ate 1
atmosphere 1
attack 1
attainments 1
attempted 1
attempted 1
attempted 1
attention 1
attention 1
attention 1
attention 1
attention 1
attention 1
attention 1
attention 1
attention 1
attention 1
attention 1
attention 1
attention 1
attention 1
attention 1
attention 1
attention 1
attention 1
attention 1
attention 1
attention 1
attention 1
attention 1
attention 1
attitude 1
attitude 1
autumn 1
averse 1
averse 1
averse 1
averse 1
averse 1
avert 1
avert 1
avert 1
await 1
awaiting 1
axiom 1
backgammon 1
badly 1
badly 1
baggy 1
baggy 1
balanced 1
bandaged 1
bank 1
bank 1
bank 1
bank 1
bank 1
bank 1
bank 1
bank 1
bank 1
bank 1
barbaric 1
bargain 1
basis 1
beamed 1
beasts 1
beat 1
beat 1
beat 1
beat 1
beat 1
beating 1
beating 1
beating 1
beautifully 1
beautifully 1
beautifully 1
beautifully 1
becomes 1
becomes 1
becomes 1
becomes 1
becomes 1
becomes 1
becomes 1
beef 1
beef 1
beef 1
befall 1
befall 1
begins 1
beige 1
believe 1
believe 1
believe 1
believe 1
believe 1
believe 1
believe 1
believe 1
believe 1
believe 1
believe 1
believe 1
believe 1
believe 1
believe 1
believe 1
believe 1
believe 1
believe 1
believe 1
believe 1
believe 1
believe 1
believe 1
believe 1
believe 1
believe 1
believe 1
believe 1
believe 1
believe 1
believe 1
believe 1
believe 1
believe 1
believed 1
believed 1
believed 1
beside 1
beside 1
beside 1
beside 1
beside 1
beside 1
beside 1
beside 1
beside 1
beside 1
beside 1
beside 1
beside 1
beside 1
beside 1
beside 1
beside 1
beside 1
beside 1
beside 1
beside 1
beside 1
beside 1
bewilderment 1
bewilderment 1
big 1
big 1
big 1
big 1
big 1
bills 1
bills 1
birds 1
birds 1
birds 1
birds 1
birds 1
blackguard 1
blackmailing 1
blacksmith 1
blandly 1
blandly 1
blandly 1
blotches 1
blotches 1
blow 1
blow 1
blow 1
blow 1
blow 1
blow 1
blow 1
blow 1
blow 1
blow 1
blow 1
blow 1
blowing 1
blowing 1
blowing 1
bonny 1
boomed 1
bore 1
bore 1
bore 1
bore 1
bore 1
bored 1
bored 1
bottle 1
boxed 1
boxer 1
boy 1
boy 1
boy 1
boy 1
boy 1
boy 1
boy 1
boy 1
boy 1
boy 1
boy 1
boy 1
boy 1
boy 1
boy 1
boy 1
boy 1
boy 1
boy 1
boy 1
boy 1
branch 1
branch 1
branch 1
branches 1
branches 1
branches 1
breakfasts 1
breasted 1
breathing 1
breathing 1
breathing 1
breathing 1
breathing 1
breathing 1
breathlessly 1
bridegroom 1
bridegroom 1
bridegroom 1
bridegroom 1
bridegroom 1
bridegroom 1
bridegroom 1
brightest 1
brightest 1
brim 1
brimmed 1
brimmed 1
brimmed 1
brimmed 1
brown 1
brown 1
brown 1
brown 1
brown 1
brown 1
brown 1
brown 1
brown 1
brown 1
brown 1
brown 1
brown 1
brown 1
brown 1
brown 1
brush 1
bunch 1
bureau 1
bureau 1
bureau 1
bureau 1
bureau 1
bureau 1
bureau 1
bureau 1
bureau 1
burst 1
burst 1
burst 1
burst 1
burst 1
burst 1
burst 1
bush 1
buy 1
buy 1
buy 1
buy 1
buy 1
buy 1
buy 1
caltrops 1
cap 1
cap 1
cap 1
cap 1
cap 1
cap 1
cap 1
capital 1
capital 1
capital 1
capital 1
capital 1
carbolised 1
cardboard 1
cardboard 1
carree 1
cart 1
cart 1
cart 1
cart 1
cart 1
cart 1
cart 1
cascade 1
category 1
cathedral 1
chamber 1
chamber 1
chamber 1
chamber 1
chamber 1
chamber 1
chamber 1
chamber 1
chamber 1
chamber 1
chamber 1
chamber 1
chamber 1
chamber 1
chamber 1
chap 1
chap 1
charged 1
charged 1
charged 1
chatting 1
cheerless 1
chimneys 1
chimneys 1
circumspect 1
classes 1
cleaned 1
cleaned 1
clearer 1
clearer 1
clearer 1
clergyman 1
clergyman 1
clergyman 1
clergyman 1
clergyman 1
clergyman 1
clergyman 1
clients 1
clients 1
clients 1
clouded 1
clues 1
clues 1
clues 1
co 1
co 1
co 1
cold 1
cold 1
cold 1
cold 1
cold 1
cold 1
cold 1
cold 1
cold 1
cold 1
cold 1
cold 1
cold 1
cold 1
cold 1
cold 1
cold 1
cold 1
cold 1
cold 1
cold 1
cold 1
comfort 1
comfortably 1
comply 1
comply 1
comply 1
comply 1
comply 1
comply 1
comply 1
comprehensive 1
conception 1
conception 1
concise 1
conclusions 1
conclusions 1
conclusions 1
conclusions 1
conclusions 1
conclusions 1
conclusions 1
conclusions 1
condescend 1
condescend 1
conditions 1
conditions 1
conditions 1
conditions 1
confidant 1
confidant 1
confidence 1
confidence 1
confidence 1
confidence 1
confidence 1
confine 1
confine 1
confound 1
contact 1
contact 1
contact 1
contact 1
contact 1
containing 1
containing 1
contemptuous 1
continuously 1
contrary 1
contrary 1
contrary 1
contrary 1
contrary 1
contrary 1
contrary 1
contrary 1
contrary 1
contrary 1
contrary 1
controlled 1
controlled 1
conventionalities 1
cooking 1
costume 1
costume 1
costume 1
counterpaned 1
crab 1
crack 1
crack 1
crack 1
cravats 1
crinkled 1
crop 1
crop 1
crop 1
crop 1
crop 1
crop 1
crop 1
crop 1
crop 1
crop 1
cross 1
cross 1
cross 1
cross 1
cross 1
cross 1
cross 1
crowns 1
crushed 1
crushed 1
crushed 1
cultured 1
cup 1
cup 1
cup 1
cup 1
cup 1
cup 1
cursed 1
cushions 1
customer 1
cylinder 1
d 1
d 1
d 1
d 1
d 1
d 1
d 1
d 1
d 1
d 1
d 1
d 1
d 1
damning 1
damning 1
dangerous 1
dangerous 1
dangerous 1
dangerous 1
dangerous 1
dangerous 1
dare 1
dare 1
dare 1
dared 1
dashing 1
dashing 1
dated 1
dated 1
dated 1
dated 1
dawn 1
day 1
day 1
day 1
day 1
day 1
day 1
day 1
day 1
day 1
day 1
day 1
day 1
day 1
day 1
day 1
day 1
day 1
day 1
day 1
day 1
day 1
day 1
day 1
day 1
day 1
day 1
day 1
day 1
day 1
day 1
day 1
day 1
day 1
day 1
day 1
day 1
day 1
day 1
day 1
day 1
day 1
day 1
day 1
day 1
day 1
day 1
day 1
day 1
day 1
day 1
day 1
day 1
day 1
day 1
day 1
day 1
day 1
day 1
day 1
day 1
day 1
day 1
day 1
day 1
day 1
day 1
day 1
day 1
day 1
day 1
day 1
day 1
day 1
day 1
day 1
day 1
day 1
day 1
day 1
day 1
day 1
day 1
day 1
day 1
day 1
day 1
day 1
day 1
day 1
day 1
day 1
day 1
day 1
day 1
day 1
day 1
day 1
day 1
day 1
day 1
day 1
day 1
day 1
day 1
day 1
day 1
day 1
dazed 1
dazed 1
dazed 1
deathbeds 1
decide 1
decide 1
decision 1
decline 1
decline 1
decline 1
deduce 1
deduce 1
deduce 1
deduce 1
deduce 1
deduce 1
deduce 1
deduce 1
deduce 1
deduce 1
deduce 1
deduce 1
deduce 1
deduced 1
deduced 1
deduced 1
deduced 1
deduced 1
definite 1
definite 1
definite 1
definite 1
definite 1
definite 1
definite 1
definite 1
degraded 1
degree 1
degree 1
degree 1
delicately 1
deny 1
depend 1
depend 1
depend 1
depend 1
depend 1
depend 1
deposit 1
deposit 1
deposit 1
deposit 1
depression 1
deranged 1
desired 1
desired 1
destiny 1
destiny 1
details 1
details 1
details 1
details 1
details 1
details 1
details 1
details 1
details 1
details 1
details 1
details 1
details 1
details 1
details 1
details 1
details 1
details 1
details 1
die 1
die 1
died 1
died 1
died 1
died 1
died 1
died 1
died 1
died 1
died 1
died 1
died 1
died 1
died 1
died 1
diligence 1
dine 1
dinner 1
dinner 1
dinner 1
dinner 1
directly 1
directly 1
dirty 1
dirty 1
dirty 1
dirty 1
dirty 1
dirty 1
disguises 1
dishonoured 1
dishonoured 1
dishonoured 1
dissatisfied 1
dissatisfied 1
dissatisfied 1
dissolute 1
distinctive 1
distributing 1
distributing 1
distributing 1
distributing 1
distributing 1
distributing 1
distributing 1
dived 1
drawn 1
drawn 1
drawn 1
drawn 1
drawn 1
drawn 1
drawn 1
drawn 1
drawn 1
drawn 1
drawn 1
drawn 1
drawn 1
drawn 1
drawn 1
drawn 1
drawn 1
drawn 1
drawn 1
drawn 1
drawn 1
drawn 1
dreadfully 1
dreadfully 1
drew 1
drew 1
drew 1
drew 1
drew 1
drew 1
drew 1
drew 1
drew 1
drew 1
drew 1
drew 1
drew 1
drew 1
drew 1
drew 1
drew 1
drink 1
drink 1
drink 1
drink 1
drink 1
drooping 1
drooping 1
drooping 1
due 1
due 1
due 1
due 1
due 1
dummy 1
dummy 1
dummy 1
duties 1
duties 1
duties 1
duties 1
duties 1
duties 1
duties 1
dwell 1
dwell 1
ease 1
ease 1
eaves 1
eclipses 1
effected 1
ejaculated 1
ejaculated 1
ejaculated 1
ejaculated 1
elder 1
emaciation 1
empire 1
employee 1
encamp 1
enclosure 1
enclosure 1
enclosure 1
engine 1
engine 1
engraved 1
enormous 1
enormous 1
enormous 1
enormous 1
entangled 1
entangled 1
entrance 1
entrance 1
entreaties 1
entreaties 1
envelope 1
envelope 1
envelope 1
envelope 1
envelope 1
envelope 1
envelope 1
envelope 1
envelope 1
envelope 1
envelope 1
envelope 1
envelope 1
envelope 1
escapade 1
escort 1
escort 1
even 1
even 1
even 1
even 1
even 1
even 1
even 1
even 1
even 1
even 1
even 1
even 1
even 1
even 1
even 1
even 1
even 1
even 1
even 1
even 1
even 1
even 1
even 1
even 1
even 1
even 1
even 1
even 1
even 1
even 1
even 1
even 1
even 1
even 1
even 1
even 1
even 1
even 1
even 1
even 1
even 1
even 1
even 1
even 1
even 1
even 1
even 1
even 1
even 1
even 1
even 1
even 1
even 1
even 1
even 1
even 1
even 1
even 1
even 1
even 1
even 1
even 1
even 1
even 1
even 1
evening 1
evening 1
evening 1
evening 1
evening 1
evening 1
evening 1
evening 1
evening 1
evening 1
evening 1
evening 1
evening 1
evening 1
evening 1
evening 1
evening 1
evening 1
evening 1
evening 1
evening 1
evening 1
evening 1
evening 1
evening 1
evening 1
evening 1
evening 1
evening 1
evening 1
evening 1
evening 1
evening 1
evening 1
evening 1
evening 1
evening 1
evil 1
evil 1
evil 1
evil 1
evil 1
evil 1
evil 1
evil 1
evil 1
evil 1
evil 1
excuses 1
exhibited 1
explains 1
expression 1
expression 1
expression 1
expression 1
expression 1
expression 1
expression 1
expression 1
facilitate 1
failing 1
failing 1
fainting 1
fainting 1
fainting 1
faith 1
faith 1
faith 1
falls 1
families 1
families 1
families 1
families 1
families 1
fashion 1
fashion 1
fashion 1
fashion 1
fashion 1
fashion 1
fashion 1
fashion 1
fashion 1
fashion 1
fashion 1
fashion 1
fashion 1
fashion 1
fashion 1
fashion 1
fashion 1
fashion 1
fashion 1
fashion 1
fashionable 1
feed 1
feeling 1
feeling 1
feeling 1
feeling 1
feeling 1
feeling 1
feeling 1
feeling 1
feeling 1
feeling 1
feeling 1
feeling 1
feeling 1
feeling 1
feeling 1
feeling 1
feeling 1
few 1
few 1
few 1
few 1
few 1
few 1
few 1
few 1
few 1
few 1
few 1
few 1
few 1
few 1
few 1
few 1
few 1
few 1
few 1
few 1
few 1
few 1
few 1
few 1
few 1
few 1
few 1
few 1
few 1
few 1
few 1
few 1
few 1
few 1
few 1
few 1
few 1
few 1
few 1
few 1
few 1
few 1
few 1
few 1
few 1
few 1
few 1
few 1
few 1
few 1
few 1
few 1
few 1
few 1
few 1
few 1
few 1
few 1
few 1
few 1
few 1
few 1
few 1
few 1
few 1
few 1
few 1
few 1
few 1
few 1
few 1
few 1
few 1
few 1
few 1
few 1
few 1
fidgeted 1
fierce 1
fierce 1
fierce 1
fierce 1
fierce 1
fierce 1
fifty 1
fifty 1
fifty 1
fifty 1
fifty 1
fifty 1
fifty 1
fifty 1
fifty 1
fifty 1
fifty 1
fifty 1
figure 1
figure 1
figure 1
figure 1
figure 1
figure 1
figure 1
figure 1
figure 1
figure 1
figure 1
figure 1
figure 1
figure 1
figure 1
figure 1
figure 1
figure 1
figure 1
figured 1
file 1
file 1
filed 1
finder 1
fits 1
fits 1
flitted 1
flowers 1
flowers 1
follows 1
follows 1
fondness 1
forbid 1
forgotten 1
forgotten 1
forgotten 1
forgotten 1
formats 1
formats 1
forming 1
forming 1
forming 1
forming 1
fortunate 1
fortunate 1
fortunate 1
fortunate 1
fortunate 1
fortunate 1
fortunate 1
fortunate 1
fraud 1
freckled 1
friend 1
friend 1
friend 1
friend 1
friend 1
friend 1
friend 1
friend 1
friend 1
friend 1
friend 1
friend 1
friend 1
friend 1
friend 1
friend 1
friend 1
friend 1
friend 1
friend 1
friend 1
friend 1
friend 1
friend 1
friend 1
friend 1
friend 1
friend 1
friend 1
friend 1
friend 1
friend 1
friend 1
friend 1
friend 1
friend 1
friend 1
friend 1
friend 1
friend 1
friend 1
friend 1
friend 1
friend 1
friend 1
friend 1
friend 1
friend 1
friend 1
friend 1
friend 1
friend 1
friend 1
friend 1
friend 1
friend 1
friend 1
friend 1
friend 1
friend 1
friend 1
friend 1
friend 1
friend 1
friend 1
friend 1
friend 1
friend 1
friend 1
friend 1
friend 1
friend 1
friend 1
friend 1
friend 1
friend 1
friend 1
friend 1
friend 1
fulfil 1
further 1
further 1
further 1
further 1
further 1
further 1
further 1
further 1
further 1
further 1
further 1
gained 1
gained 1
gained 1
gained 1
gained 1
gained 1
gained 1
gained 1
gained 1
gambler 1
gambler 1
gap 1
garment 1
gasfitters 1
gasfitters 1
gasped 1
gasped 1
gasped 1
gasped 1
gasped 1
gasped 1
gazing 1
gazing 1
gazing 1
gazing 1
gazing 1
gazing 1
gems 1
gems 1
gems 1
gems 1
gems 1
gems 1
gems 1
gems 1
gems 1
gems 1
gems 1
gems 1
gems 1
generation 1
geology 1
get 1
get 1
get 1
get 1
get 1
get 1
get 1
get 1
get 1
get 1
get 1
get 1
get 1
get 1
get 1
get 1
get 1
get 1
get 1
get 1
get 1
get 1
get 1
get 1
get 1
get 1
get 1
get 1
get 1
get 1
get 1
get 1
get 1
get 1
get 1
get 1
get 1
get 1
get 1
get 1
get 1
get 1
get 1
get 1
get 1
get 1
get 1
get 1
get 1
get 1
get 1
get 1
get 1
get 1
get 1
get 1
get 1
get 1
gift 1
girl 1
girl 1
girl 1
girl 1
girl 1
girl 1
girl 1
girl 1
girl 1
girl 1
girl 1
girl 1
girl 1
girl 1
girl 1
girl 1
girl 1
girl 1
girl 1
girl 1
girl 1
girl 1
girl 1
girl 1
girl 1
girl 1
girl 1
gleam 1
gleam 1
glisten 1
god 1
governesses 1
governesses 1
gravity 1
gravity 1
gravity 1
grieved 1
grievous 1
grimly 1
gripping 1
groaned 1
groaned 1
groaned 1
guardsmen 1
guardsmen 1
guardsmen 1
guessed 1
guessed 1
guide 1
guide 1
guide 1
guide 1
guineas 1
guineas 1
guineas 1
hacked 1
hang 1
hang 1
hansom 1
hansom 1
hansom 1
hansom 1
hansom 1
hansom 1
harmonium 1
hasp 1
hastened 1
hastened 1
hastened 1
head 1
head 1
head 1
head 1
head 1
head 1
head 1
head 1
head 1
head 1
head 1
head 1
head 1
head 1
head 1
head 1
head 1
head 1
head 1
head 1
head 1
head 1
head 1
head 1
head 1
head 1
head 1
head 1
head 1
head 1
head 1
head 1
head 1
head 1
head 1
head 1
head 1
head 1
head 1
head 1
head 1
head 1
head 1
head 1
head 1
head 1
head 1
head 1
head 1
head 1
head 1
head 1
head 1
head 1
head 1
head 1
head 1
head 1
head 1
head 1
head 1
head 1
head 1
head 1
head 1
head 1
head 1
hear 1
hear 1
hear 1
hear 1
hear 1
hear 1
hear 1
hear 1
hear 1
hear 1
hear 1
hear 1
hear 1
hear 1
hear 1
hear 1
hear 1
hear 1
hear 1
hear 1
hear 1
hear 1
hear 1
hear 1
hear 1
hear 1
hear 1
hear 1
hear 1
hear 1
hear 1
hear 1
hear 1
heavily 1
heavily 1
heavily 1
heavily 1
heavily 1
heavily 1
heavily 1
heavily 1
heavily 1
heavily 1
heavily 1
heavily 1
heavily 1
helped 1
helped 1
helped 1
helps 1
herald 1
hidden 1
hide 1
hide 1
high 1
high 1
high 1
high 1
high 1
high 1
high 1
high 1
high 1
high 1
high 1
high 1
high 1
high 1
high 1
high 1
high 1
high 1
high 1
high 1
high 1
hired 1
hoax 1
hobby 1
holiday 1
holiday 1
homme 1
honeymoon 1
honeymoon 1
hound 1
hound 1
however 1
however 1
however 1
however 1
however 1
however 1
however 1
however 1
however 1
however 1
however 1
however 1
however 1
however 1
however 1
however 1
however 1
however 1
however 1
however 1
however 1
however 1
however 1
however 1
however 1
however 1
however 1
however 1
however 1
however 1
however 1
however 1
however 1
however 1
however 1
however 1
however 1
however 1
however 1
however 1
however 1
however 1
however 1
however 1
however 1
however 1
however 1
however 1
however 1
however 1
however 1
however 1
however 1
however 1
however 1
however 1
however 1
however 1
however 1
however 1
however 1
however 1
however 1
however 1
however 1
however 1
however 1
however 1
however 1
however 1
however 1
however 1
however 1
however 1
however 1
however 1
however 1
however 1
however 1
however 1
however 1
however 1
however 1
however 1
however 1
however 1
however 1
however 1
however 1
however 1
however 1
however 1
however 1
however 1
however 1
however 1
however 1
however 1
howling 1
http 1
http 1
http 1
http 1
http 1
http 1
http 1
http 1
hullo 1
hum 1
hum 1
humour 1
hurry 1
hurry 1
hurry 1
hurry 1
hurry 1
hurry 1
hurry 1
hurry 1
hurry 1
ideas 1
ideas 1
illegal 1
imagination 1
imagination 1
imagination 1
immense 1
immense 1
immense 1
immense 1
immense 1
immense 1
immense 1
immense 1
immense 1
immense 1
implacable 1
implied 1
importance 1
importance 1
importance 1
importance 1
importance 1
importance 1
importance 1
importance 1
importance 1
importance 1
importance 1
importance 1
importance 1
importance 1
importance 1
importance 1
impressions 1
impressions 1
impressions 1
inches 1
inches 1
incisive 1
incisive 1
incisive 1
inconvenience 1
inconvenience 1
inconvenience 1
inconvenience 1
increased 1
increased 1
increased 1
increased 1
inextricable 1
inflamed 1
inner 1
inner 1
inner 1
inner 1
insensibility 1
inside 1
inside 1
inside 1
inside 1
inside 1
inside 1
inside 1
inside 1
inside 1
inside 1
inside 1
inside 1
inside 1
inspect 1
instinct 1
instinct 1
instinct 1
intuitions 1
invested 1
jealously 1
jest 1
jest 1
jolted 1
jostling 1
judgment 1
judgment 1
judgment 1
jury 1
jury 1
jury 1
jury 1
jury 1
jury 1
jury 1
just 1
just 1
just 1
just 1
just 1
just 1
just 1
just 1
just 1
just 1
just 1
just 1
just 1
just 1
just 1
just 1
just 1
just 1
just 1
just 1
just 1
just 1
just 1
just 1
just 1
just 1
just 1
just 1
just 1
just 1
just 1
just 1
just 1
just 1
just 1
just 1
just 1
just 1
just 1
just 1
just 1
just 1
just 1
just 1
just 1
just 1
just 1
just 1
just 1
just 1
just 1
just 1
just 1
just 1
just 1
just 1
just 1
just 1
just 1
just 1
just 1
just 1
just 1
just 1
just 1
just 1
just 1
just 1
just 1
just 1
just 1
just 1
just 1
just 1
just 1
just 1
just 1
just 1
just 1
just 1
just 1
just 1
just 1
just 1
just 1
just 1
just 1
just 1
just 1
just 1
just 1
just 1
just 1
just 1
just 1
just 1
just 1
just 1
just 1
just 1
just 1
just 1
just 1
just 1
just 1
just 1
just 1
just 1
just 1
just 1
just 1
just 1
keeps 1
keeps 1
keeps 1
kitchen 1
kitchen 1
kitchen 1
kitchen 1
kitchen 1
kitchen 1
knock 1
knock 1
knock 1
knock 1
knows 1
knows 1
knows 1
knows 1
knows 1
knows 1
knows 1
knows 1
knows 1
knows 1
knows 1
knows 1
label 1
lady 1
lady 1
lady 1
lady 1
lady 1
lady 1
lady 1
lady 1
lady 1
lady 1
lady 1
lady 1
lady 1
lady 1
lady 1
lady 1
lady 1
lady 1
lady 1
lady 1
lady 1
lady 1
lady 1
lady 1
lady 1
lady 1
lady 1
lady 1
lady 1
lady 1
lady 1
lady 1
lady 1
lady 1
lady 1
lady 1
lady 1
lady 1
lady 1
lady 1
lady 1
lady 1
lady 1
lady 1
lady 1
lady 1
lady 1
lady 1
lady 1
lady 1
lady 1
lady 1
lady 1
lady 1
lady 1
lady 1
lady 1
lady 1
lady 1
lady 1
lady 1
lady 1
lady 1
lady 1
lady 1
lady 1
lady 1
lady 1
lady 1
lady 1
lady 1
lady 1
lady 1
lamp 1
lamp 1
lamp 1
lamp 1
lamp 1
lamp 1
lamp 1
lamp 1
lamp 1
lamp 1
lamp 1
lamp 1
lamp 1
lamp 1
lamp 1
lamp 1
lamp 1
lamp 1
lamp 1
lamp 1
lamp 1
lamp 1
lamp 1
lamp 1
lamp 1
lamp 1
lamp 1
lamp 1
landlord 1
landlord 1
landlord 1
landlord 1
landlord 1
language 1
last 1
last 1
last 1
last 1
last 1
last 1
last 1
last 1
last 1
last 1
last 1
last 1
last 1
last 1
last 1
last 1
last 1
last 1
last 1
last 1
last 1
last 1
last 1
last 1
last 1
last 1
last 1
last 1
last 1
last 1
last 1
last 1
last 1
last 1
last 1
last 1
last 1
last 1
last 1
last 1
last 1
last 1
last 1
last 1
last 1
last 1
last 1
last 1
last 1
last 1
last 1
last 1
last 1
last 1
last 1
last 1
last 1
last 1
last 1
last 1
last 1
last 1
last 1
last 1
last 1
last 1
last 1
last 1
last 1
last 1
last 1
last 1
last 1
last 1
last 1
last 1
last 1
last 1
last 1
last 1
last 1
last 1
last 1
last 1
last 1
last 1
last 1
last 1
last 1
last 1
last 1
last 1
lasting 1
laughed 1
laughed 1
laughed 1
laughed 1
laughed 1
laughed 1
laughed 1
laughed 1
laughed 1
laughed 1
laughed 1
laughed 1
laughed 1
laughed 1
laughed 1
laughed 1
laughed 1
laughed 1
laughed 1
laughed 1
lawn 1
lawn 1
lawn 1
lawn 1
lawn 1
lawn 1
lawn 1
lawn 1
lawn 1
lawn 1
lawn 1
lawn 1
lawyer 1
lawyer 1
lawyer 1
lawyer 1
lawyer 1
lawyer 1
lawyer 1
lay 1
lay 1
lay 1
lay 1
lay 1
lay 1
lay 1
lay 1
lay 1
lay 1
lay 1
lay 1
lay 1
lay 1
lay 1
lay 1
lay 1
lay 1
lay 1
lay 1
lay 1
lay 1
lay 1
lay 1
lay 1
lay 1
lay 1
lay 1
lay 1
lay 1
lay 1
lay 1
lay 1
lay 1
lay 1
lay 1
lay 1
lay 1
lay 1
lay 1
lay 1
lay 1
leaf 1
leaf 1
leakage 1
learning 1
legally 1
leggings 1
letter 1
letter 1
letter 1
letter 1
letter 1
letter 1
letter 1
letter 1
letter 1
letter 1
letter 1
letter 1
letter 1
letter 1
letter 1
letter 1
letter 1
letter 1
letter 1
letter 1
letter 1
letter 1
letter 1
letter 1
letter 1
letter 1
letter 1
letter 1
letter 1
letter 1
letter 1
lidded 1
lie 1
lie 1
lie 1
lie 1
lie 1
lie 1
lie 1
lie 1
lie 1
lined 1
lined 1
lined 1
lined 1
lined 1
lined 1
list 1
list 1
list 1
list 1
listened 1
listened 1
listened 1
listened 1
listened 1
listened 1
listened 1
listened 1
listened 1
listened 1
listened 1
listened 1
listened 1
listened 1
listened 1
listened 1
listened 1
listened 1
literary 1
litter 1
live 1
live 1
live 1
live 1
live 1
live 1
live 1
live 1
live 1
live 1
live 1
live 1
live 1
live 1
live 1
locations 1
locations 1
locket 1
locket 1
lonelier 1
looked 1
looked 1
looked 1
looked 1
looked 1
looked 1
looked 1
looked 1
looked 1
looked 1
looked 1
looked 1
looked 1
looked 1
looked 1
looked 1
looked 1
looked 1
looked 1
looked 1
looked 1
looked 1
looked 1
looked 1
looked 1
looked 1
looked 1
looked 1
looked 1
looked 1
looked 1
looked 1
looked 1
looked 1
looked 1
looked 1
looked 1
looked 1
looked 1
looked 1
looked 1
looked 1
looked 1
looked 1
looked 1
looked 1
looked 1
looked 1
looked 1
looked 1
looked 1
lover 1
lover 1
lover 1
lover 1
lover 1
lover 1
lover 1
low 1
low 1
low 1
low 1
low 1
low 1
low 1
low 1
low 1
low 1
low 1
low 1
low 1
low 1
low 1
low 1
low 1
low 1
lowest 1
lowest 1
lucky 1
lucky 1
lucky 1
luxurious 1
mangled 1
mania 1
mankind 1
market 1
market 1
market 1
market 1
market 1
market 1
market 1
market 1
meadows 1
meadows 1
meditation 1
mendicants 1
mention 1
mention 1
miners 1
miners 1
miniature 1
mining 1
mining 1
mischief 1
miserable 1
miserable 1
miserable 1
miserable 1
misfortune 1
misfortune 1
misfortune 1
misfortune 1
misfortune 1
misfortune 1
mister 1
mistress 1
mistress 1
mistress 1
mistress 1
modification 1
moment 1
moment 1
moment 1
moment 1
moment 1
moment 1
moment 1
moment 1
moment 1
moment 1
moment 1
moment 1
moment 1
moment 1
moment 1
moment 1
moment 1
moment 1
moment 1
moment 1
moment 1
moment 1
moment 1
moment 1
moment 1
moment 1
moment 1
moment 1
moment 1
moment 1
moment 1
moment 1
moment 1
moment 1
moment 1
moment 1
monger 1
moody 1
motive 1
motive 1
motive 1
motive 1
mouthed 1
mouths 1
multiply 1
myself 1
myself 1
myself 1
myself 1
myself 1
myself 1
myself 1
myself 1
myself 1
myself 1
myself 1
myself 1
myself 1
myself 1
myself 1
myself 1
myself 1
myself 1
myself 1
myself 1
myself 1
myself 1
myself 1
myself 1
myself 1
myself 1
myself 1
myself 1
myself 1
myself 1
myself 1
myself 1
myself 1
myself 1
myself 1
myself 1
myself 1
myself 1
myself 1
myself 1
myself 1
myself 1
myself 1
myself 1
myself 1
myself 1
myself 1
myself 1
myself 1
myself 1
myself 1
myself 1
myself 1
myself 1
myself 1
myself 1
myself 1
myself 1
myself 1
myself 1
myself 1
myself 1
myself 1
myself 1
myself 1
myself 1
myself 1
myself 1
myself 1
myself 1
myself 1
myself 1
myself 1
myself 1
myself 1
myself 1
myself 1
nail 1
narrowed 1
narrowly 1
narrowly 1
nerve 1
nerve 1
nerve 1
new 1
new 1
new 1
new 1
new 1
new 1
new 1
new 1
new 1
new 1
new 1
new 1
new 1
new 1
new 1
new 1
new 1
new 1
new 1
new 1
new 1
new 1
new 1
new 1
new 1
new 1
new 1
new 1
new 1
new 1
niece 1
niece 1
niece 1
niece 1
niece 1
niece 1
nigh 1
night 1
night 1
night 1
night 1
night 1
night 1
night 1
night 1
night 1
night 1
night 1
night 1
night 1
night 1
night 1
night 1
night 1
night 1
night 1
night 1
night 1
night 1
night 1
night 1
night 1
night 1
night 1
night 1
night 1
night 1
night 1
night 1
night 1
night 1
night 1
night 1
night 1
night 1
night 1
night 1
night 1
night 1
night 1
night 1
night 1
night 1
night 1
night 1
night 1
night 1
night 1
night 1
night 1
night 1
night 1
night 1
night 1
night 1
night 1
night 1
night 1
night 1
night 1
night 1
night 1
night 1
night 1
night 1
night 1
night 1
night 1
night 1
night 1
night 1
night 1
night 1
night 1
night 1
night 1
night 1
night 1
night 1
night 1
night 1
night 1
night 1
night 1
night 1
night 1
night 1
night 1
night 1
night 1
night 1
night 1
night 1
night 1
night 1
night 1
night 1
night 1
night 1
night 1
night 1
night 1
night 1
night 1
night 1
night 1
night 1
night 1
night 1
night 1
night 1
night 1
night 1
night 1
night 1
noble 1
noble 1
noble 1
noble 1
noble 1
noble 1
noble 1
noble 1
noble 1
noble 1
noble 1
noble 1
noise 1
noise 1
noise 1
noise 1
nonentity 1
novel 1
novel 1
novel 1
novel 1
obedience 1
observe 1
observe 1
observe 1
observe 1
observe 1
observe 1
observe 1
observe 1
observe 1
observe 1
observe 1
observe 1
observe 1
observe 1
observe 1
observe 1
observe 1
observe 1
observe 1
observed 1
observed 1
observed 1
observed 1
observed 1
observed 1
observed 1
observed 1
observed 1
observed 1
observed 1
observed 1
observed 1
observed 1
observed 1
observed 1
observed 1
observed 1
observed 1
observed 1
observed 1
observed 1
obstinacy 1
obviously 1
obviously 1
obviously 1
occasional 1
occasional 1
occasional 1
occasional 1
occipital 1
occur 1
occur 1
occur 1
occur 1
occur 1
occur 1
occur 1
occur 1
occurrences 1
oil 1
oil 1
oil 1
onto 1
onto 1
onto 1
onto 1
onto 1
onto 1
ordnance 1
orphan 1
orphan 1
ostlers 1
ostlers 1
our 1
our 1
our 1
our 1
our 1
our 1
our 1
our 1
our 1
our 1
our 1
our 1
our 1
our 1
our 1
our 1
our 1
our 1
our 1
our 1
our 1
our 1
our 1
our 1
our 1
our 1
our 1
our 1
our 1
our 1
our 1
our 1
our 1
our 1
our 1
our 1
our 1
our 1
our 1
our 1
our 1
our 1
our 1
our 1
our 1
our 1
our 1
our 1
our 1
our 1
our 1
our 1
our 1
our 1
our 1
our 1
our 1
our 1
our 1
our 1
our 1
our 1
our 1
our 1
our 1
our 1
our 1
our 1
our 1
our 1
our 1
our 1
our 1
our 1
our 1
our 1
our 1
our 1
our 1
our 1
our 1
our 1
our 1
our 1
our 1
our 1
our 1
our 1
our 1
our 1
our 1
our 1
our 1
our 1
our 1
our 1
our 1
our 1
our 1
our 1
our 1
our 1
our 1
our 1
our 1
our 1
our 1
our 1
our 1
our 1
our 1
our 1
our 1
our 1
our 1
our 1
our 1
our 1
our 1
our 1
our 1
our 1
our 1
our 1
our 1
our 1
our 1
our 1
our 1
our 1
our 1
our 1
our 1
our 1
our 1
our 1
our 1
our 1
our 1
our 1
our 1
our 1
our 1
our 1
our 1
our 1
our 1
our 1
our 1
our 1
our 1
our 1
our 1
our 1
our 1
our 1
our 1
our 1
our 1
our 1
our 1
our 1
our 1
our 1
our 1
our 1
our 1
our 1
our 1
our 1
our 1
our 1
our 1
our 1
our 1
our 1
our 1
our 1
our 1
our 1
our 1
our 1
our 1
our 1
our 1
our 1
our 1
our 1
our 1
our 1
our 1
our 1
our 1
our 1
our 1
outline 1
outlined 1
outlined 1
outset 1
outsides 1
outskirts 1
outskirts 1
overhearing 1
overtopped 1
overwhelmed 1
pages 1
panel 1
panel 1
panel 1
panel 1
panel 1
partially 1
particulars 1
particulars 1
particulars 1
particulars 1
particulars 1
parts 1
parts 1
parts 1
parts 1
passage 1
passage 1
passage 1
passage 1
passage 1
passage 1
passage 1
passage 1
passage 1
passage 1
passage 1
passage 1
passage 1
passage 1
passage 1
passage 1
passage 1
passage 1
passage 1
passage 1
passage 1
passage 1
passage 1
passions 1
patted 1
patted 1
peaked 1
peasant 1
peeling 1
peering 1
peering 1
peering 1
peering 1
pens 1
perpetrated 1
pew 1
pew 1
pew 1
pew 1
pew 1
pew 1
pew 1
pheasant 1
photograph 1
photograph 1
photograph 1
photograph 1
photograph 1
photograph 1
photograph 1
photograph 1
photograph 1
photograph 1
photograph 1
photograph 1
photograph 1
photograph 1
photograph 1
photograph 1
photograph 1
photograph 1
photograph 1
photograph 1
photograph 1
photograph 1
photograph 1
photograph 1
photograph 1
picked 1
picked 1
picked 1
picked 1
picked 1
picked 1
picked 1
picked 1
picked 1
picked 1
pie 1
pierce 1
pink 1
pink 1
pink 1
pink 1
piquant 1
pirates 1
pitiable 1
pitiable 1
pitiable 1
pitiable 1
pits 1
pittance 1
pity 1
pity 1
pity 1
pity 1
pity 1
pity 1
pity 1
pity 1
pity 1
places 1
places 1
places 1
places 1
places 1
places 1
places 1
plaid 1
planned 1
pleading 1
please 1
please 1
please 1
please 1
please 1
please 1
please 1
please 1
ploughed 1
plush 1
plush 1
plush 1
pocket 1
pocket 1
pocket 1
pocket 1
pocket 1
pocket 1
pocket 1
pocket 1
pocket 1
pocket 1
pocket 1
pocket 1
pocket 1
pocket 1
pocket 1
pocket 1
pocket 1
pocket 1
pocket 1
pocket 1
pocket 1
pocket 1
pocket 1
poisoning 1
pokers 1
pool 1
pool 1
pool 1
pool 1
pool 1
pool 1
pool 1
pool 1
pool 1
porch 1
porter 1
porter 1
pouring 1
pouring 1
preparing 1
presently 1
presently 1
presently 1
presently 1
presently 1
presently 1
preserve 1
preserve 1
preserve 1
preserve 1
preserve 1
preserve 1
preserved 1
pride 1
pride 1
pride 1
pride 1
pride 1
probed 1
probed 1
problems 1
problems 1
problems 1
problems 1
problems 1
problems 1
problems 1
prodigiously 1
produce 1
produce 1
produce 1
produce 1
produced 1
produced 1
produced 1
profit 1
profoundly 1
programme 1
promises 1
promises 1
promises 1
promises 1
proofread 1
propagation 1
prospect 1
proud 1
prove 1
prove 1
prove 1
prove 1
prove 1
prove 1
prove 1
prove 1
prove 1
province 1
province 1
purses 1
pursue 1
quest 1
quest 1
quest 1
quest 1
quest 1
quest 1
quicker 1
quickly 1
quickly 1
quickly 1
quickly 1
quickly 1
quite 1
quite 1
quite 1
quite 1
quite 1
quite 1
quite 1
quite 1
quite 1
quite 1
quite 1
quite 1
quite 1
quite 1
quite 1
quite 1
quite 1
quite 1
quite 1
quite 1
quite 1
quite 1
quite 1
quite 1
quite 1
quite 1
quite 1
quite 1
quite 1
quite 1
quite 1
quite 1
quite 1
quite 1
quite 1
quite 1
quite 1
quite 1
quite 1
quite 1
quite 1
quite 1
quite 1
quite 1
quite 1
quite 1
quite 1
quite 1
quite 1
quite 1
quite 1
quite 1
quite 1
quite 1
quite 1
quite 1
quite 1
quite 1
quite 1
quite 1
quite 1
quite 1
quite 1
quite 1
quite 1
quite 1
quite 1
quite 1
quite 1
quite 1
quite 1
quite 1
quite 1
quite 1
quite 1
quite 1
quite 1
quite 1
quite 1
quite 1
quite 1
quite 1
quite 1
quite 1
quite 1
quite 1
quite 1
quite 1
quite 1
quite 1
quivering 1
rabbi 1
raise 1
raise 1
raise 1
raise 1
raise 1
raise 1
raise 1
raise 1
raise 1
raise 1
raise 1
raise 1
raise 1
rashers 1
rather 1
rather 1
rather 1
rather 1
rather 1
rather 1
rather 1
rather 1
rather 1
rather 1
rather 1
rather 1
rather 1
rather 1
rather 1
rather 1
rather 1
rather 1
rather 1
rather 1
rather 1
rather 1
rather 1
rather 1
rather 1
rather 1
rather 1
rather 1
rather 1
rather 1
rather 1
rather 1
rather 1
rather 1
rather 1
rather 1
rather 1
rather 1
rather 1
rather 1
rather 1
rather 1
rather 1
rather 1
rather 1
rather 1
rather 1
rather 1
rather 1
rather 1
rather 1
rather 1
rather 1
rather 1
rather 1
rather 1
rather 1
rather 1
rather 1
rather 1
rather 1
rather 1
rather 1
rattle 1
rattle 1
rattle 1
rattle 1
rattled 1
rattled 1
rattled 1
rattled 1
rattled 1
reconstruction 1
reed 1
references 1
references 1
refusal 1
refusal 1
refusal 1
refuse 1
refuse 1
refuse 1
refuse 1
refuse 1
refuse 1
registers 1
rejected 1
reliability 1
relieve 1
remain 1
remain 1
remain 1
remain 1
remain 1
remain 1
remain 1
remain 1
remain 1
remarkable 1
remarkable 1
remarkable 1
remarkable 1
remarkable 1
remarkable 1
remarkable 1
remarkable 1
remarkable 1
remarkable 1
remarkable 1
remarkable 1
remarkable 1
remarkable 1
remarkable 1
remarkable 1
remarkable 1
remarkable 1
remarkable 1
remarkable 1
remarking 1
remarking 1
remorseless 1
repairs 1
repairs 1
repairs 1
repeated 1
repeated 1
repeated 1
repeated 1
repeated 1
reproach 1
respect 1
respect 1
respect 1
respect 1
respect 1
responded 1
responded 1
responded 1
responsibility 1
responsible 1
responsible 1
restored 1
role 1
round 1
round 1
round 1
round 1
round 1
round 1
round 1
round 1
round 1
round 1
round 1
round 1
round 1
round 1
round 1
round 1
round 1
round 1
round 1
round 1
round 1
round 1
round 1
round 1
round 1
round 1
round 1
round 1
round 1
round 1
round 1
round 1
round 1
round 1
round 1
round 1
round 1
round 1
round 1
round 1
round 1
round 1
round 1
round 1
round 1
round 1
round 1
round 1
round 1
round 1
round 1
round 1
round 1
round 1
round 1
round 1
round 1
round 1
round 1
round 1
round 1
round 1
round 1
round 1
round 1
round 1
round 1
round 1
round 1
round 1
round 1
round 1
round 1
round 1
round 1
round 1
round 1
round 1
routine 1
routine 1
routine 1
rubbed 1
rubbed 1
rubbed 1
rubber 1
rubber 1
rubber 1
rubber 1
rule 1
rule 1
rule 1
rule 1
rule 1
rule 1
rush 1
rush 1
rush 1
rush 1
rush 1
rush 1
rush 1
rushes 1
safely 1
safely 1
safely 1
safely 1
sat 1
sat 1
sat 1
sat 1
sat 1
sat 1
sat 1
sat 1
sat 1
sat 1
sat 1
sat 1
sat 1
sat 1
sat 1
sat 1
sat 1
sat 1
sat 1
sat 1
sat 1
sat 1
sat 1
sat 1
sat 1
sat 1
sat 1
sat 1
sat 1
sat 1
sat 1
sat 1
sat 1
sat 1
sat 1
sat 1
sat 1
sat 1
sat 1
sat 1
sat 1
sat 1
sat 1
sat 1
sat 1
sat 1
sat 1
sat 1
sat 1
sat 1
sat 1
sat 1
sat 1
sat 1
scared 1
scared 1
screamed 1
screamed 1
screamed 1
screamed 1
screamed 1
screamed 1
screen 1
search 1
search 1
search 1
search 1
search 1
search 1
search 1
search 1
search 1
search 1
search 1
search 1
searching 1
searching 1
searching 1
seared 1
seared 1
secretary 1
secreting 1
security 1
security 1
security 1
security 1
security 1
security 1
seem 1
seem 1
seem 1
seem 1
seem 1
seem 1
seem 1
seem 1
seem 1
seem 1
seem 1
seem 1
seem 1
seem 1
seem 1
seem 1
seem 1
semicircle 1
sensationalism 1
sensationalism 1
sense 1
sense 1
sense 1
sense 1
sense 1
sense 1
sense 1
sense 1
sense 1
serious 1
serious 1
serious 1
serious 1
serious 1
serious 1
serious 1
serious 1
serious 1
serious 1
serious 1
serious 1
serious 1
serious 1
serious 1
serious 1
serious 1
serious 1
servants 1
servants 1
servants 1
servants 1
servants 1
servants 1
servants 1
servants 1
settee 1
setting 1
severe 1
severe 1
severe 1
severed 1
shading 1
shamefully 1
shamefully 1
shattered 1
shattered 1
shattered 1
shattered 1
shattered 1
shattered 1
shelf 1
shelf 1
shelf 1
shelf 1
shelf 1
shortcomings 1
shot 1
shot 1
shot 1
shot 1
shot 1
shot 1
shot 1
shot 1
shot 1
shot 1
shot 1
shot 1
shot 1
shot 1
shoves 1
shoving 1
showed 1
showed 1
showed 1
showed 1
showed 1
showed 1
showed 1
showed 1
showed 1
showed 1
showed 1
showed 1
showed 1
showed 1
showed 1
showed 1
showed 1
showed 1
showed 1
showed 1
shows 1
shows 1
shows 1
shows 1
signature 1
signature 1
signature 1
signature 1
signature 1
signet 1
silently 1
silently 1
silently 1
single 1
single 1
single 1
single 1
single 1
single 1
single 1
single 1
single 1
single 1
single 1
single 1
single 1
single 1
single 1
single 1
single 1
single 1
single 1
sings 1
sings 1
sitting 1
sitting 1
sitting 1
sitting 1
sitting 1
sitting 1
sitting 1
sitting 1
sitting 1
sitting 1
sitting 1
sitting 1
sitting 1
sitting 1
sitting 1
sitting 1
sitting 1
sitting 1
sitting 1
sitting 1
sitting 1
sitting 1
sitting 1
sitting 1
sitting 1
sitting 1
sitting 1
sitting 1
sitting 1
sitting 1
sitting 1
sitting 1
sitting 1
six 1
six 1
six 1
six 1
six 1
six 1
six 1
six 1
six 1
six 1
six 1
six 1
six 1
six 1
six 1
six 1
six 1
six 1
six 1
six 1
six 1
six 1
six 1
six 1
six 1
six 1
six 1
six 1
slashed 1
sleeper 1
sleeper 1
sleeper 1
sleepless 1
sliding 1
sliding 1
slighted 1
slightly 1
slightly 1
slip 1
slip 1
slip 1
slip 1
slip 1
slip 1
slip 1
slip 1
slumber 1
sly 1
sly 1
smaller 1
smaller 1
smoking 1
smoking 1
smoking 1
smoking 1
sob 1
sob 1
soldier 1
solely 1
someone 1
someone 1
someone 1
someone 1
someone 1
someone 1
someone 1
someone 1
someone 1
someone 1
someone 1
someone 1
someone 1
someone 1
someone 1
someone 1
someone 1
sometimes 1
sometimes 1
sometimes 1
sometimes 1
sometimes 1
sometimes 1
sometimes 1
sometimes 1
sometimes 1
sounded 1
sounded 1
space 1
span 1
specific 1
specimen 1
specimen 1
speciously 1
splendidly 1
sport 1
springs 1
stables 1
stake 1
stake 1
stake 1
stalked 1
stammered 1
stammered 1
staples 1
star 1
star 1
stately 1
stately 1
stately 1
step 1
step 1
step 1
step 1
step 1
step 1
step 1
step 1
step 1
step 1
step 1
step 1
step 1
step 1
step 1
step 1
step 1
step 1
step 1
step 1
step 1
step 1
step 1
stepdaughter 1
stepdaughter 1
stepping 1
stepping 1
stepping 1
stoutly 1
straggling 1
strange 1
strange 1
strange 1
strange 1
strange 1
strange 1
strange 1
strange 1
strange 1
strange 1
strange 1
strange 1
strange 1
strange 1
strange 1
strange 1
strange 1
strange 1
strange 1
strange 1
strange 1
strange 1
strange 1
strange 1
strange 1
strange 1
strange 1
strange 1
strange 1
strange 1
strange 1
strange 1
strange 1
strange 1
strange 1
strange 1
strange 1
strange 1
strange 1
strange 1
strange 1
strange 1
strange 1
strange 1
strange 1
strange 1
stranger 1
stranger 1
stranger 1
stranger 1
stranger 1
stranger 1
strayed 1
strip 1
stroll 1
stuff 1
stupefying 1
subject 1
subject 1
subject 1
subject 1
subject 1
subject 1
subject 1
subject 1
subject 1
subject 1
subject 1
subject 1
subject 1
succeed 1
succeed 1
succeed 1
succeed 1
sufferer 1
sufferer 1
suite 1
suite 1
suite 1
sullenly 1
summarise 1
summons 1
summons 1
survive 1
survivor 1
survivor 1
suspicions 1
suspicions 1
suspicions 1
sweat 1
sweep 1
swinging 1
swinging 1
swinging 1
swinging 1
swinging 1
swinging 1
synthesis 1
systematic 1
tailing 1
tale 1
tale 1
tale 1
tale 1
talent 1
tangible 1
tapped 1
tapped 1
tapped 1
tells 1
term 1
termination 1
thicket 1
thickness 1
thing 1
thing 1
thing 1
thing 1
thing 1
thing 1
thing 1
thing 1
thing 1
thing 1
thing 1
thing 1
thing 1
thing 1
thing 1
thing 1
thing 1
thing 1
thing 1
thing 1
thing 1
thing 1
thing 1
thing 1
thing 1
thing 1
thing 1
thing 1
thing 1
thing 1
thing 1
thing 1
thing 1
thing 1
thing 1
thing 1
thing 1
thing 1
thing 1
thing 1
thing 1
thing 1
thing 1
thing 1
thing 1
thing 1
thing 1
thoroughfare 1
thoroughfare 1
thoughts 1
thoughts 1
thoughts 1
thoughts 1
thoughts 1
thoughts 1
threat 1
threatened 1
threatened 1
threatened 1
threatened 1
threatened 1
threatened 1
threatens 1
three 1
three 1
three 1
three 1
three 1
three 1
three 1
three 1
three 1
three 1
three 1
three 1
three 1
three 1
three 1
three 1
three 1
three 1
three 1
three 1
three 1
three 1
three 1
three 1
three 1
three 1
three 1
three 1
three 1
three 1
three 1
three 1
three 1
three 1
three 1
three 1
three 1
three 1
three 1
three 1
three 1
three 1
three 1
three 1
three 1
three 1
three 1
three 1
three 1
three 1
three 1
three 1
three 1
three 1
three 1
three 1
three 1
three 1
three 1
three 1
three 1
three 1
three 1
three 1
three 1
three 1
three 1
throwing 1
throwing 1
throwing 1
throwing 1
throwing 1
throwing 1
throwing 1
throwing 1
throwing 1
throwing 1
throwing 1
throwing 1
throwing 1
thus 1
thus 1
thus 1
thus 1
tide 1
tide 1
tide 1
tide 1
tide 1
tide 1
tide 1
tide 1
tide 1
tiptoes 1
title 1
title 1
tomboy 1
topped 1
touched 1
touched 1
touched 1
touched 1
touched 1
touched 1
tragic 1
trail 1
transferred 1
transferred 1
treat 1
treat 1
treat 1
trembling 1
trembling 1
trembling 1
trespasser 1
tried 1
tried 1
tried 1
tried 1
tried 1
tried 1
tried 1
tried 1
tried 1
tried 1
tried 1
tried 1
tried 1
trifle 1
trifle 1
trifle 1
trifle 1
trim 1
trim 1
troubles 1
troubles 1
troubles 1
troubles 1
troubling 1
tug 1
tumultuously 1
tune 1
tunnel 1
tunnel 1
turns 1
turns 1
twice 1
twice 1
twice 1
twice 1
twice 1
twice 1
twice 1
twice 1
twice 1
twice 1
two 1
two 1
two 1
two 1
two 1
two 1
two 1
two 1
two 1
two 1
two 1
two 1
two 1
two 1
two 1
two 1
two 1
two 1
two 1
two 1
two 1
two 1
two 1
two 1
two 1
two 1
two 1
two 1
two 1
two 1
two 1
two 1
two 1
two 1
two 1
two 1
two 1
two 1
two 1
two 1
two 1
two 1
two 1
two 1
two 1
two 1
two 1
two 1
two 1
two 1
two 1
two 1
two 1
two 1
two 1
two 1
two 1
two 1
two 1
two 1
two 1
two 1
two 1
two 1
two 1
two 1
two 1
two 1
two 1
two 1
two 1
two 1
two 1
two 1
two 1
two 1
two 1
two 1
two 1
two 1
two 1
two 1
two 1
two 1
two 1
two 1
two 1
two 1
two 1
two 1
two 1
two 1
two 1
two 1
two 1
two 1
two 1
two 1
two 1
two 1
two 1
two 1
two 1
two 1
two 1
two 1
two 1
two 1
two 1
two 1
two 1
two 1
two 1
two 1
two 1
two 1
two 1
two 1
two 1
two 1
two 1
two 1
two 1
two 1
two 1
two 1
two 1
two 1
two 1
two 1
two 1
two 1
two 1
two 1
two 1
two 1
two 1
two 1
two 1
ulsters 1
umbrella 1
umbrella 1
uncontrollable 1
uncontrollable 1
uncontrollable 1
uncouth 1
undergo 1
underneath 1
undo 1
unfenced 1
ungenerously 1
unlike 1
unlike 1
unlike 1
unlocking 1
unlocking 1
unnatural 1
unnatural 1
unnatural 1
unnatural 1
unopened 1
unpapered 1
unravelled 1
useless 1
useless 1
useless 1
vacantly 1
vacuous 1
vacuous 1
vain 1
vain 1
vain 1
valuable 1
valuable 1
valuable 1
valuable 1
valuable 1
valuable 1
variety 1
variety 1
variety 1
ventilate 1
verbatim 1
vestas 1
vital 1
vital 1
vital 1
volunteer 1
volunteer 1
volunteer 1
waddling 1
wagon 1
walks 1
walks 1
walks 1
walks 1
walks 1
warmed 1
waste 1
waste 1
waste 1
ways 1
ways 1
ways 1
ways 1
ways 1
ways 1
ways 1
ways 1
ways 1
ways 1
ways 1
ways 1
wearer 1
weary 1
weary 1
weary 1
weary 1
weary 1
weary 1
weary 1
weary 1
weary 1
weary 1
weary 1
weary 1
web 1
web 1
web 1
web 1
web 1
weedy 1
went 1
went 1
went 1
went 1
went 1
went 1
went 1
went 1
went 1
went 1
went 1
went 1
went 1
went 1
went 1
went 1
went 1
went 1
went 1
went 1
went 1
went 1
went 1
went 1
went 1
went 1
went 1
went 1
went 1
went 1
went 1
went 1
went 1
went 1
went 1
went 1
went 1
went 1
went 1
went 1
went 1
went 1
went 1
went 1
went 1
went 1
went 1
went 1
went 1
went 1
went 1
went 1
went 1
went 1
went 1
went 1
went 1
went 1
went 1
went 1
went 1
went 1
went 1
went 1
went 1
went 1
went 1
went 1
wharf 1
wharf 1
what 1
what 1
what 1
what 1
what 1
what 1
what 1
what 1
what 1
what 1
what 1
what 1
what 1
what 1
what 1
what 1
what 1
what 1
what 1
what 1
what 1
what 1
what 1
what 1
what 1
what 1
what 1
what 1
what 1
what 1
what 1
what 1
what 1
what 1
what 1
what 1
what 1
what 1
what 1
what 1
what 1
what 1
what 1
what 1
what 1
what 1
what 1
what 1
what 1
what 1
what 1
what 1
what 1
what 1
what 1
what 1
what 1
what 1
what 1
what 1
what 1
what 1
what 1
what 1
what 1
what 1
what 1
what 1
what 1
what 1
what 1
what 1
what 1
what 1
what 1
what 1
what 1
what 1
what 1
what 1
what 1
what 1
what 1
what 1
what 1
what 1
what 1
what 1
what 1
what 1
what 1
what 1
what 1
what 1
what 1
what 1
what 1
what 1
what 1
what 1
what 1
what 1
what 1
what 1
what 1
what 1
what 1
what 1
what 1
what 1
what 1
what 1
what 1
what 1
what 1
what 1
what 1
what 1
what 1
what 1
what 1
what 1
what 1
what 1
what 1
what 1
what 1
what 1
what 1
what 1
what 1
what 1
what 1
what 1
what 1
what 1
what 1
what 1
what 1
what 1
what 1
what 1
what 1
what 1
what 1
what 1
what 1
what 1
what 1
what 1
what 1
what 1
what 1
what 1
what 1
what 1
what 1
what 1
what 1
what 1
what 1
what 1
what 1
what 1
what 1
what 1
what 1
what 1
what 1
what 1
what 1
what 1
what 1
what 1
what 1
what 1
what 1
what 1
what 1
what 1
what 1
what 1
what 1
what 1
what 1
what 1
what 1
what 1
what 1
what 1
what 1
what 1
what 1
what 1
what 1
what 1
what 1
what 1
what 1
what 1
what 1
what 1
what 1
what 1
what 1
what 1
what 1
what 1
what 1
what 1
what 1
what 1
what 1
what 1
what 1
what 1
what 1
what 1
what 1
what 1
what 1
what 1
what 1
what 1
what 1
what 1
what 1
what 1
what 1
what 1
what 1
what 1
what 1
what 1
what 1
what 1
what 1
what 1
what 1
what 1
what 1
what 1
what 1
what 1
what 1
what 1
what 1
what 1
what 1
what 1
what 1
what 1
what 1
what 1
what 1
what 1
what 1
what 1
what 1
what 1
what 1
what 1
what 1
what 1
what 1
what 1
what 1
what 1
what 1
what 1
what 1
what 1
what 1
whatsoever 1
whatsoever 1
whence 1
whence 1
whence 1
whence 1
whence 1
whence 1
whistle 1
whistle 1
whistle 1
whistle 1
whistle 1
whistle 1
whistle 1
whistle 1
whistle 1
whistle 1
whistled 1
whistled 1
widest 1
widest 1
wild 1
wild 1
wild 1
wild 1
wild 1
wild 1
wild 1
wild 1
wild 1
wild 1
wilderness 1
win 1
wished 1
wished 1
wished 1
wished 1
wished 1
wished 1
wished 1
wished 1
wished 1
wished 1
wished 1
wished 1
with 1
with 1
with 1
with 1
with 1
with 1
with 1
with 1
with 1
with 1
with 1
with 1
with 1
with 1
with 1
with 1
with 1
with 1
with 1
with 1
with 1
with 1
with 1
with 1
with 1
with 1
with 1
with 1
with 1
with 1
with 1
with 1
with 1
with 1
with 1
with 1
with 1
with 1
with 1
with 1
with 1
with 1
with 1
with 1
with 1
with 1
with 1
with 1
with 1
with 1
with 1
with 1
with 1
with 1
with 1
with 1
with 1
with 1
with 1
with 1
with 1
with 1
with 1
with 1
with 1
with 1
with 1
with 1
with 1
with 1
with 1
with 1
with 1
with 1
with 1
with 1
with 1
with 1
with 1
with 1
with 1
with 1
with 1
with 1
with 1
with 1
with 1
with 1
with 1
with 1
with 1
with 1
with 1
with 1
with 1
with 1
with 1
with 1
with 1
with 1
with 1
with 1
with 1
with 1
with 1
with 1
with 1
with 1
with 1
with 1
with 1
with 1
with 1
with 1
with 1
with 1
with 1
with 1
with 1
with 1
with 1
with 1
with 1
with 1
with 1
with 1
with 1
with 1
with 1
with 1
with 1
with 1
with 1
with 1
with 1
with 1
with 1
with 1
with 1
with 1
with 1
with 1
with 1
with 1
with 1
with 1
with 1
with 1
with 1
with 1
with 1
with 1
with 1
with 1
with 1
with 1
with 1
with 1
with 1
with 1
with 1
with 1
with 1
with 1
with 1
with 1
with 1
with 1
with 1
with 1
with 1
with 1
with 1
with 1
with 1
with 1
with 1
with 1
with 1
with 1
with 1
with 1
with 1
with 1
with 1
with 1
with 1
with 1
with 1
with 1
with 1
with 1
with 1
with 1
with 1
with 1
with 1
with 1
with 1
with 1
with 1
with 1
with 1
with 1
with 1
with 1
with 1
with 1
with 1
with 1
with 1
with 1
with 1
with 1
with 1
with 1
with 1
with 1
with 1
with 1
with 1
with 1
with 1
with 1
with 1
with 1
with 1
with 1
with 1
with 1
with 1
with 1
with 1
with 1
with 1
with 1
with 1
with 1
with 1
with 1
with 1
with 1
with 1
with 1
with 1
with 1
with 1
with 1
with 1
with 1
with 1
with 1
with 1
with 1
with 1
with 1
with 1
with 1
with 1
with 1
with 1
with 1
with 1
with 1
with 1
with 1
with 1
with 1
with 1
with 1
with 1
with 1
with 1
with 1
with 1
with 1
with 1
with 1
with 1
with 1
with 1
with 1
with 1
with 1
with 1
with 1
with 1
with 1
with 1
with 1
with 1
with 1
with 1
with 1
with 1
with 1
with 1
with 1
with 1
with 1
with 1
with 1
with 1
with 1
with 1
with 1
with 1
with 1
with 1
with 1
with 1
with 1
with 1
with 1
with 1
with 1
with 1
with 1
with 1
with 1
with 1
with 1
with 1
with 1
with 1
with 1
with 1
with 1
with 1
with 1
with 1
with 1
with 1
with 1
with 1
with 1
with 1
with 1
with 1
with 1
with 1
with 1
with 1
with 1
with 1
with 1
with 1
with 1
with 1
with 1
with 1
with 1
with 1
with 1
with 1
with 1
with 1
with 1
with 1
with 1
with 1
with 1
with 1
with 1
with 1
with 1
with 1
with 1
with 1
with 1
with 1
with 1
with 1
with 1
with 1
with 1
with 1
with 1
with 1
with 1
with 1
with 1
with 1
with 1
with 1
with 1
with 1
with 1
with 1
with 1
with 1
with 1
with 1
with 1
with 1
with 1
with 1
with 1
with 1
with 1
with 1
with 1
with 1
with 1
with 1
with 1
with 1
with 1
with 1
with 1
with 1
with 1
with 1
with 1
with 1
with 1
with 1
with 1
with 1
with 1
with 1
with 1
with 1
with 1
with 1
with 1
with 1
with 1
with 1
with 1
with 1
with 1
with 1
with 1
with 1
with 1
with 1
with 1
with 1
with 1
with 1
with 1
with 1
with 1
with 1
with 1
with 1
with 1
with 1
with 1
with 1
with 1
with 1
with 1
with 1
with 1
with 1
with 1
with 1
with 1
with 1
with 1
with 1
with 1
with 1
with 1
with 1
with 1
with 1
with 1
with 1
with 1
with 1
with 1
with 1
with 1
with 1
with 1
with 1
with 1
with 1
with 1
with 1
with 1
with 1
with 1
with 1
with 1
with 1
with 1
with 1
with 1
with 1
with 1
with 1
with 1
with 1
with 1
with 1
with 1
with 1
with 1
with 1
with 1
with 1
with 1
with 1
with 1
with 1
with 1
with 1
with 1
with 1
with 1
with 1
with 1
with 1
with 1
with 1
with 1
with 1
with 1
with 1
with 1
with 1
with 1
with 1
with 1
with 1
with 1
with 1
with 1
with 1
with 1
with 1
with 1
with 1
with 1
with 1
with 1
with 1
with 1
with 1
with 1
with 1
with 1
with 1
with 1
with 1
with 1
with 1
with 1
with 1
with 1
with 1
with 1
with 1
with 1
with 1
with 1
with 1
with 1
with 1
with 1
with 1
with 1
with 1
with 1
with 1
with 1
with 1
with 1
with 1
with 1
with 1
with 1
with 1
with 1
with 1
with 1
with 1
with 1
with 1
with 1
with 1
with 1
with 1
with 1
with 1
with 1
with 1
with 1
with 1
with 1
with 1
with 1
with 1
with 1
with 1
with 1
with 1
with 1
with 1
with 1
with 1
with 1
with 1
with 1
with 1
with 1
with 1
with 1
with 1
with 1
with 1
with 1
with 1
with 1
with 1
with 1
with 1
with 1
with 1
with 1
with 1
with 1
with 1
with 1
with 1
with 1
with 1
with 1
with 1
with 1
with 1
with 1
with 1
with 1
with 1
with 1
with 1
with 1
with 1
with 1
with 1
with 1
with 1
with 1
with 1
with 1
with 1
with 1
with 1
with 1
with 1
with 1
with 1
with 1
with 1
with 1
with 1
with 1
with 1
with 1
with 1
with 1
with 1
with 1
with 1
with 1
with 1
with 1
with 1
with 1
with 1
with 1
with 1
with 1
with 1
with 1
with 1
with 1
with 1
with 1
with 1
with 1
with 1
with 1
with 1
with 1
with 1
with 1
with 1
with 1
with 1
with 1
with 1
with 1
with 1
with 1
with 1
with 1
with 1
with 1
with 1
with 1
with 1
with 1
with 1
with 1
with 1
with 1
with 1
with 1
with 1
with 1
with 1
with 1
with 1
with 1
with 1
with 1
with 1
with 1
with 1
with 1
with 1
with 1
with 1
with 1
with 1
with 1
with 1
with 1
with 1
with 1
with 1
with 1
with 1
with 1
with 1
with 1
with 1
with 1
with 1
with 1
with 1
with 1
with 1
with 1
with 1
with 1
with 1
with 1
with 1
with 1
with 1
with 1
with 1
with 1
with 1
with 1
with 1
with 1
with 1
with 1
with 1
with 1
with 1
with 1
with 1
with 1
with 1
with 1
with 1
with 1
with 1
with 1
with 1
with 1
with 1
with 1
with 1
with 1
with 1
with 1
with 1
with 1
with 1
with 1
with 1
with 1
with 1
with 1
with 1
with 1
with 1
with 1
with 1
with 1
with 1
with 1
with 1
with 1
with 1
with 1
with 1
with 1
with 1
with 1
with 1
with 1
with 1
with 1
with 1
with 1
with 1
with 1
with 1
with 1
with 1
with 1
with 1
with 1
with 1
with 1
with 1
with 1
with 1
with 1
with 1
with 1
with 1
with 1
with 1
with 1
with 1
with 1
with 1
with 1
with 1
with 1
with 1
with 1
with 1
with 1
with 1
with 1
with 1
withdraw 1
withdraw 1
won 1
won 1
won 1
won 1
won 1
won 1
won 1
won 1
won 1
won 1
won 1
won 1
won 1
won 1
won 1
won 1
won 1
wonderful 1
wonderful 1
wonderful 1
wonderful 1
wonderful 1
worked 1
worked 1
worked 1
worked 1
worked 1
wrinkled 1
wrinkled 1
wrinkled 1
wrinkled 1
yard 1
yard 1
yard 1
yard 1
yard 1
yard 1
youngster 1
youngster 1
zest 1
