Additional 1
BREACH 1
BREACH 1
Be 1
Before 1
Before 1
City 1
Compliance 1
DISTRIBUTE 1
Do 1
Do 1
Do 1
Do 1
END 1
Eventually 1
Girls 1
Good 1
III 1
It 1
It 1
It 1
It 1
It 1
It 1
It 1
It 1
It 1
It 1
It 1
It 1
It 1
It 1
It 1
It 1
It 1
It 1
It 1
It 1
It 1
It 1
It 1
It 1
It 1
It 1
It 1
It 1
It 1
It 1
It 1
It 1
It 1
It 1
It 1
It 1
It 1
It 1
It 1
It 1
It 1
It 1
LIABILITY 1
Leave 1
May 1
May 1
Michael 1
Michael 1
Milk 1
Mississippi 1
NO 1
NO 1
Nor 1
North 1
PG 1
Public 1
Redistributing 1
Samsa 1
Samsa 1
Samsa 1
Samsa 1
Samsa 1
Samsa 1
Samsa 1
Samsa 1
Samsa 1
Samsa 1
Samsa 1
Samsa 1
Samsa 1
Samsa 1
Samsa 1
Samsa 1
Samsa 1
Samsa 1
Samsa 1
Samsa 1
Samsa 1
Samsa 1
Samsa 1
Samsa 1
Samsa 1
Samsa 1
Samsa 1
Samsa 1
Samsa 1
Samsa 1
Samsa 1
Samsa 1
Samsa 1
Samsa 1
See 1
See 1
TO 1
TO 1
Terms 1
Terms 1
Tonight 1
accusations 1
across 1
across 1
across 1
across 1
across 1
across 1
across 1
add 1
advantage 1
aged 1
agitated 1
ahead 1
ahead 1
albeit 1
alteration 1
always 1
always 1
always 1
always 1
always 1
always 1
always 1
always 1
always 1
always 1
always 1
always 1
always 1
always 1
always 1
always 1
always 1
always 1
announcement 1
approached 1
arduous 1
ask 1
ask 1
ask 1
assuming 1
attract 1
awake 1
awoke 1
bed 1
bed 1
bed 1
bed 1
bed 1
bed 1
bed 1
bed 1
bed 1
bed 1
bed 1
bed 1
bed 1
bed 1
bed 1
bed 1
bed 1
bed 1
bed 1
bed 1
bed 1
bed 1
bed 1
bed 1
bed 1
bed 1
bed 1
bed 1
bed 1
bedding 1
bedrooms 1
begging 1
begin 1
begin 1
begun 1
below 1
below 1
below 1
below 1
below 1
besides 1
both 1
both 1
both 1
both 1
both 1
both 1
both 1
both 1
both 1
but 1
but 1
but 1
but 1
but 1
but 1
but 1
but 1
but 1
but 1
but 1
but 1
but 1
but 1
but 1
but 1
but 1
but 1
but 1
but 1
but 1
but 1
but 1
but 1
but 1
but 1
but 1
but 1
but 1
but 1
but 1
but 1
but 1
but 1
but 1
but 1
but 1
but 1
but 1
but 1
but 1
but 1
but 1
but 1
but 1
but 1
but 1
but 1
but 1
but 1
but 1
but 1
but 1
but 1
but 1
but 1
but 1
but 1
but 1
but 1
but 1
but 1
but 1
but 1
but 1
but 1
but 1
but 1
but 1
but 1
but 1
but 1
but 1
but 1
but 1
but 1
but 1
but 1
but 1
but 1
but 1
but 1
but 1
but 1
but 1
but 1
but 1
but 1
but 1
but 1
but 1
but 1
but 1
but 1
but 1
but 1
but 1
but 1
but 1
but 1
but 1
but 1
but 1
but 1
but 1
but 1
but 1
but 1
but 1
but 1
but 1
but 1
but 1
but 1
but 1
but 1
but 1
but 1
but 1
but 1
but 1
but 1
but 1
but 1
but 1
but 1
but 1
but 1
but 1
but 1
but 1
but 1
but 1
but 1
but 1
but 1
but 1
but 1
but 1
but 1
but 1
but 1
but 1
c 1
c 1
c 1
called 1
called 1
called 1
called 1
called 1
called 1
called 1
called 1
called 1
called 1
called 1
called 1
called 1
called 1
carefree 1
carefully 1
carefully 1
carefully 1
carefully 1
carefully 1
carefully 1
carefully 1
carefully 1
carefully 1
cashier 1
cautious 1
cautious 1
centre 1
chasing 1
chilly 1
choose 1
choose 1
cigarettes 1
clerk 1
clerk 1
clerk 1
clerk 1
clerk 1
clerk 1
clerk 1
clerk 1
clerk 1
clerk 1
clerk 1
clerk 1
clerk 1
clerk 1
clerk 1
clerk 1
clerk 1
clerk 1
clerk 1
clerk 1
clerk 1
clerk 1
clerk 1
clerk 1
clerk 1
clerk 1
clerk 1
clerk 1
clerk 1
clerk 1
clerk 1
clerk 1
clerk 1
clerk 1
clerk 1
clerk 1
clerk 1
climbing 1
closing 1
closing 1
company 1
company 1
company 1
compared 1
complicated 1
compressed 1
computer 1
computer 1
condition 1
condition 1
condition 1
condition 1
condition 1
condition 1
condition 1
condition 1
connections 1
consider 1
consider 1
consider 1
considerate 1
considerate 1
considering 1
consisting 1
construed 1
content 1
continued 1
continued 1
contracts 1
contributions 1
control 1
control 1
control 1
control 1
coughs 1
couldn 1
couldn 1
couldn 1
couldn 1
couldn 1
couldn 1
couldn 1
couldn 1
cover 1
covering 1
crate 1
crawl 1
crawl 1
crawl 1
crawl 1
crawl 1
crawl 1
crawl 1
credit 1
current 1
current 1
current 1
dampness 1
danced 1
daring 1
deeper 1
delaying 1
depends 1
desk 1
desk 1
desk 1
desk 1
desk 1
desk 1
desk 1
desk 1
desk 1
determination 1
devoted 1
different 1
different 1
different 1
different 1
different 1
different 1
different 1
different 1
diligently 1
disappointment 1
disappointment 1
disconcerted 1
discontinue 1
distinctly 1
double 1
double 1
double 1
draught 1
eBooks 1
eBooks 1
eBooks 1
eBooks 1
eBooks 1
eBooks 1
eBooks 1
eaten 1
eaten 1
eaten 1
echo 1
effect 1
elastic 1
elderly 1
elderly 1
electric 1
electric 1
emerged 1
employer 1
employer 1
employer 1
emptying 1
end 1
end 1
end 1
end 1
end 1
end 1
end 1
enquiringly 1
errors 1
excessive 1
failed 1
failed 1
familiar 1
familiar 1
favour 1
floundering 1
flowed 1
flowed 1
flowed 1
follow 1
follow 1
fond 1
fond 1
fond 1
foods 1
foods 1
footsteps 1
forefinger 1
future 1
future 1
future 1
future 1
future 1
future 1
future 1
generations 1
generations 1
gentle 1
glances 1
granted 1
great 1
great 1
great 1
great 1
great 1
great 1
great 1
great 1
great 1
great 1
greedily 1
grey 1
grey 1
grey 1
group 1
half 1
half 1
half 1
half 1
half 1
half 1
half 1
half 1
harmless 1
heaviest 1
heaviest 1
herself 1
herself 1
herself 1
herself 1
herself 1
herself 1
herself 1
herself 1
herself 1
herself 1
herself 1
herself 1
herself 1
herself 1
herself 1
herself 1
herself 1
herself 1
highly 1
highly 1
highly 1
highly 1
hitting 1
hitting 1
hold 1
hold 1
hold 1
hold 1
hold 1
hold 1
hold 1
holes 1
hoping 1
horrible 1
horrible 1
horrible 1
hot 1
hot 1
household 1
illustrated 1
imagining 1
importune 1
incapable 1
incredible 1
indicate 1
influence 1
insistent 1
insistent 1
invalidity 1
it 1
it 1
it 1
it 1
it 1
it 1
it 1
it 1
it 1
it 1
it 1
it 1
it 1
it 1
it 1
it 1
it 1
it 1
it 1
it 1
it 1
it 1
it 1
it 1
it 1
it 1
it 1
it 1
it 1
it 1
it 1
it 1
it 1
it 1
it 1
it 1
it 1
it 1
it 1
it 1
it 1
it 1
it 1
it 1
it 1
it 1
it 1
it 1
it 1
it 1
it 1
it 1
it 1
it 1
it 1
it 1
it 1
it 1
it 1
it 1
it 1
it 1
it 1
it 1
it 1
it 1
it 1
it 1
it 1
it 1
it 1
it 1
it 1
it 1
it 1
it 1
it 1
it 1
it 1
it 1
it 1
it 1
it 1
it 1
it 1
it 1
it 1
it 1
it 1
it 1
it 1
it 1
it 1
it 1
it 1
it 1
it 1
it 1
it 1
it 1
it 1
it 1
it 1
it 1
it 1
it 1
it 1
it 1
it 1
it 1
it 1
it 1
it 1
it 1
it 1
it 1
it 1
it 1
it 1
it 1
it 1
it 1
it 1
it 1
it 1
it 1
it 1
it 1
it 1
it 1
it 1
it 1
it 1
it 1
it 1
it 1
it 1
it 1
it 1
it 1
it 1
it 1
it 1
it 1
it 1
it 1
it 1
it 1
it 1
it 1
it 1
it 1
it 1
it 1
it 1
it 1
it 1
it 1
it 1
it 1
it 1
it 1
it 1
it 1
it 1
it 1
it 1
it 1
it 1
it 1
it 1
it 1
it 1
it 1
it 1
it 1
it 1
it 1
it 1
it 1
it 1
it 1
it 1
it 1
it 1
it 1
it 1
it 1
it 1
it 1
it 1
it 1
it 1
it 1
it 1
it 1
it 1
it 1
it 1
it 1
it 1
it 1
it 1
it 1
it 1
it 1
it 1
it 1
it 1
it 1
it 1
it 1
it 1
it 1
it 1
it 1
it 1
it 1
it 1
it 1
it 1
it 1
it 1
it 1
it 1
it 1
it 1
it 1
it 1
it 1
it 1
it 1
it 1
it 1
it 1
it 1
it 1
it 1
it 1
it 1
it 1
it 1
it 1
it 1
it 1
it 1
it 1
it 1
it 1
it 1
it 1
it 1
it 1
it 1
it 1
it 1
it 1
it 1
it 1
it 1
it 1
it 1
it 1
it 1
it 1
it 1
it 1
it 1
it 1
it 1
it 1
it 1
it 1
it 1
it 1
it 1
it 1
it 1
it 1
it 1
it 1
it 1
it 1
it 1
it 1
it 1
it 1
it 1
it 1
it 1
it 1
it 1
it 1
it 1
it 1
it 1
it 1
it 1
it 1
it 1
it 1
it 1
it 1
it 1
it 1
it 1
it 1
it 1
it 1
it 1
it 1
it 1
it 1
it 1
it 1
it 1
it 1
it 1
it 1
it 1
it 1
it 1
it 1
it 1
it 1
it 1
it 1
it 1
it 1
it 1
it 1
it 1
it 1
it 1
it 1
it 1
it 1
it 1
it 1
it 1
it 1
it 1
it 1
kissed 1
knew 1
knew 1
knew 1
knew 1
knew 1
knew 1
knew 1
knew 1
laboriously 1
leader 1
left 1
left 1
left 1
left 1
left 1
left 1
left 1
left 1
left 1
left 1
left 1
left 1
left 1
left 1
left 1
left 1
left 1
left 1
left 1
left 1
left 1
left 1
left 1
left 1
left 1
left 1
left 1
left 1
left 1
left 1
left 1
left 1
let 1
let 1
let 1
let 1
let 1
let 1
let 1
let 1
let 1
let 1
let 1
let 1
let 1
let 1
let 1
let 1
let 1
let 1
let 1
let 1
let 1
let 1
let 1
let 1
let 1
let 1
let 1
let 1
lighter 1
linked 1
lit 1
lock 1
lock 1
lock 1
lock 1
lock 1
lock 1
lock 1
lock 1
loudly 1
loudly 1
loudly 1
loudly 1
loudly 1
made 1
made 1
made 1
made 1
made 1
made 1
made 1
made 1
made 1
made 1
made 1
made 1
made 1
made 1
made 1
made 1
made 1
made 1
made 1
made 1
made 1
made 1
made 1
made 1
made 1
made 1
made 1
made 1
made 1
made 1
made 1
made 1
made 1
made 1
made 1
made 1
made 1
made 1
made 1
made 1
maid 1
maid 1
maid 1
maid 1
maid 1
maid 1
maid 1
maid 1
makes 1
makes 1
makes 1
meal 1
meal 1
meal 1
meal 1
meal 1
meal 1
months 1
months 1
movement 1
movement 1
movement 1
movement 1
nap 1
newsletter 1
nice 1
nice 1
nice 1
nice 1
nice 1
nice 1
nice 1
nightdress 1
nightgown 1
nightgown 1
noises 1
noises 1
noticing 1
obsolete 1
once 1
once 1
once 1
once 1
once 1
once 1
once 1
once 1
once 1
once 1
once 1
once 1
once 1
once 1
once 1
openly 1
ordeal 1
painful 1
painful 1
paleness 1
patience 1
payments 1
payments 1
payments 1
peculiar 1
performances 1
periodic 1
person 1
person 1
person 1
person 1
person 1
person 1
personally 1
perversity 1
plan 1
plan 1
plates 1
played 1
played 1
played 1
pointless 1
possessed 1
price 1
price 1
provided 1
provided 1
provided 1
public 1
public 1
public 1
public 1
public 1
public 1
public 1
public 1
public 1
put 1
put 1
put 1
put 1
put 1
put 1
put 1
put 1
put 1
put 1
put 1
put 1
put 1
put 1
quieter 1
reasons 1
redistribution 1
regard 1
regard 1
removing 1
removing 1
require 1
required 1
required 1
returns 1
room 1
room 1
room 1
room 1
room 1
room 1
room 1
room 1
room 1
room 1
room 1
room 1
room 1
room 1
room 1
room 1
room 1
room 1
room 1
room 1
room 1
room 1
room 1
room 1
room 1
room 1
room 1
room 1
room 1
room 1
room 1
room 1
room 1
room 1
room 1
room 1
room 1
room 1
room 1
room 1
room 1
room 1
room 1
room 1
room 1
room 1
room 1
room 1
room 1
room 1
room 1
room 1
room 1
room 1
room 1
room 1
room 1
room 1
room 1
room 1
room 1
room 1
room 1
room 1
room 1
room 1
room 1
room 1
room 1
room 1
room 1
room 1
room 1
room 1
room 1
room 1
room 1
room 1
room 1
room 1
room 1
room 1
room 1
room 1
room 1
room 1
room 1
room 1
room 1
room 1
room 1
room 1
room 1
room 1
room 1
room 1
room 1
room 1
room 1
room 1
room 1
room 1
room 1
room 1
room 1
room 1
room 1
room 1
room 1
room 1
room 1
room 1
room 1
room 1
room 1
room 1
room 1
room 1
room 1
room 1
room 1
room 1
room 1
room 1
room 1
room 1
room 1
room 1
room 1
room 1
room 1
running 1
running 1
running 1
running 1
running 1
running 1
safe 1
sauce 1
sauce 1
saying 1
saying 1
saying 1
saying 1
scalp 1
scattered 1
seat 1
seat 1
senses 1
seriously 1
seriously 1
seriously 1
seriously 1
seriously 1
serve 1
seven 1
seven 1
seven 1
seven 1
seven 1
seven 1
seven 1
seven 1
share 1
shocked 1
shocked 1
shocked 1
shocked 1
shocked 1
shorthand 1
should 1
should 1
should 1
should 1
should 1
should 1
should 1
should 1
should 1
should 1
should 1
should 1
should 1
should 1
should 1
should 1
should 1
should 1
shouting 1
silence 1
silence 1
silence 1
sits 1
skirt 1
slipped 1
smell 1
smell 1
smell 1
smelling 1
spindly 1
startled 1
startled 1
startled 1
startled 1
startled 1
state 1
state 1
state 1
state 1
state 1
state 1
state 1
state 1
state 1
state 1
state 1
state 1
state 1
state 1
state 1
state 1
staying 1
staying 1
stone 1
strain 1
strain 1
strain 1
street 1
street 1
street 1
street 1
street 1
street 1
stretching 1
strict 1
strong 1
strong 1
strong 1
strong 1
struggled 1
studies 1
stumbling 1
success 1
success 1
success 1
swayed 1
swayed 1
sympathy 1
taxes 1
tempted 1
ten 1
ten 1
textile 1
thanks 1
thanks 1
thereby 1
thoroughly 1
those 1
those 1
those 1
those 1
through 1
through 1
through 1
through 1
through 1
through 1
through 1
through 1
through 1
through 1
through 1
through 1
through 1
through 1
through 1
through 1
through 1
through 1
through 1
through 1
through 1
tools 1
top 1
top 1
top 1
totally 1
totally 1
totally 1
totally 1
totally 1
totally 1
totally 1
transformation 1
transformation 1
trip 1
troubled 1
trying 1
trying 1
trying 1
trying 1
unchanged 1
uncontrolled 1
unexpected 1
unexpected 1
unlocked 1
unthinking 1
updated 1
upright 1
upright 1
upright 1
upright 1
upright 1
upright 1
upright 1
upright 1
upright 1
usually 1
usually 1
usually 1
violinist 1
virus 1
walk 1
walk 1
watering 1
weaker 1
weaker 1
wearing 1
wearing 1
whereas 1
which 1
which 1
which 1
which 1
which 1
which 1
which 1
which 1
which 1
which 1
which 1
which 1
which 1
which 1
which 1
which 1
which 1
which 1
which 1
which 1
which 1
which 1
which 1
which 1
which 1
which 1
which 1
which 1
which 1
which 1
which 1
which 1
which 1
which 1
which 1
which 1
which 1
which 1
which 1
which 1
which 1
white 1
white 1
white 1
white 1
white 1
white 1
white 1
wiped 1
wish 1
wish 1
wish 1
wish 1
wouldn 1
wouldn 1
wouldn 1
wouldn 1
wouldn 1
yank 1
your 1
your 1
your 1
your 1
your 1
your 1
your 1
your 1
your 1
your 1
your 1
your 1
your 1
your 1
your 1
your 1
your 1
your 1
your 1
your 1
your 1
your 1
your 1
your 1
