AS 1
Algernon 1
Algernon 1
Algernon 1
Algernon 1
Algernon 1
Algernon 1
Algernon 1
Algernon 1
Algernon 1
Algernon 1
Algernon 1
Algernon 1
Algernon 1
Algernon 1
Algernon 1
Algernon 1
Algernon 1
Algernon 1
Algernon 1
Algernon 1
Algernon 1
Algernon 1
Algernon 1
Algernon 1
Algernon 1
Algernon 1
Algernon 1
Algernon 1
Algernon 1
Algernon 1
Algernon 1
Algernon 1
Algernon 1
Algernon 1
Algernon 1
Algernon 1
Algernon 1
Algernon 1
Algernon 1
Algernon 1
Algernon 1
Algernon 1
Algernon 1
Algernon 1
Algernon 1
Algernon 1
Algernon 1
Algernon 1
Algernon 1
Algernon 1
Algernon 1
Algernon 1
Algernon 1
Algernon 1
Algernon 1
Algernon 1
Algernon 1
Algernon 1
Algernon 1
Algernon 1
Algernon 1
Algernon 1
Algernon 1
Algernon 1
Algernon 1
Algernon 1
Algernon 1
Algernon 1
Algernon 1
Algernon 1
Algernon 1
Algernon 1
Algernon 1
Algernon 1
Algernon 1
Algernon 1
Algernon 1
Algernon 1
Algernon 1
Algernon 1
Algernon 1
Algernon 1
Algernon 1
Algernon 1
Algernon 1
Algernon 1
Algernon 1
Algernon 1
Algernon 1
Algernon 1
Algernon 1
Algernon 1
Algernon 1
Algernon 1
Algernon 1
Algernon 1
Algernon 1
Algernon 1
Algernon 1
Algernon 1
Algernon 1
Algernon 1
Algernon 1
Algernon 1
Algernon 1
Algernon 1
Algernon 1
Algernon 1
Algernon 1
Algernon 1
Algernon 1
Algernon 1
Algernon 1
Algernon 1
Algernon 1
Algernon 1
Algernon 1
Algernon 1
Algernon 1
Algernon 1
Algernon 1
Algernon 1
Algernon 1
Algernon 1
Algernon 1
Algernon 1
Algernon 1
Algernon 1
Algernon 1
Algernon 1
Algernon 1
Algernon 1
Algernon 1
Algernon 1
Algernon 1
Algernon 1
Algernon 1
Algernon 1
Algernon 1
Algernon 1
Algernon 1
Algernon 1
Algernon 1
Algernon 1
Algernon 1
Algernon 1
Algernon 1
Algernon 1
Algernon 1
Algernon 1
Algernon 1
Algernon 1
Algernon 1
Algernon 1
Algernon 1
Algernon 1
Algernon 1
Algernon 1
Algernon 1
Algernon 1
Algernon 1
Algernon 1
Algernon 1
Algernon 1
Algernon 1
Algernon 1
Algernon 1
Algernon 1
Algernon 1
Algernon 1
Algernon 1
Algernon 1
Algernon 1
Algernon 1
Algernon 1
Algernon 1
Algernon 1
Algernon 1
Algernon 1
Algernon 1
Algernon 1
Algernon 1
Algernon 1
Algernon 1
Algernon 1
Algernon 1
Algernon 1
Algernon 1
Algernon 1
Algernon 1
Algernon 1
Algernon 1
Algernon 1
Algernon 1
Algernon 1
Algernon 1
Algernon 1
Algernon 1
Algernon 1
Algernon 1
Algernon 1
Algernon 1
Algernon 1
Algernon 1
Algernon 1
Algernon 1
Algernon 1
Algernon 1
Algernon 1
Algernon 1
Algernon 1
Algernon 1
Algernon 1
Algernon 1
Algernon 1
Algernon 1
Algernon 1
Algernon 1
Algernon 1
Algernon 1
Algernon 1
Algernon 1
Algernon 1
Algernon 1
Algernon 1
Algernon 1
Algernon 1
Algernon 1
Algernon 1
Algernon 1
Algernon 1
Algernon 1
Algernon 1
Algernon 1
Algernon 1
Algernon 1
Algernon 1
Algernon 1
Algernon 1
Algernon 1
Algernon 1
Algernon 1
Algernon 1
Algernon 1
Algernon 1
Algernon 1
Algernon 1
Algernon 1
Algernon 1
Algernon 1
Algernon 1
Algernon 1
Algernon 1
Algernon 1
Algernon 1
Algernon 1
Algernon 1
Algernon 1
Algernon 1
Algernon 1
Algernon 1
Algernon 1
Algernon 1
Algernon 1
Algernon 1
Algernon 1
Algernon 1
Algernon 1
Algernon 1
Algernon 1
Algernon 1
Are 1
Are 1
Are 1
B 1
B 1
B 1
B 1
B 1
Bunburyed 1
Cake 1
Cake 1
Cardew 1
Cardew 1
Cardew 1
Cardew 1
Cardew 1
Cardew 1
Cardew 1
Cardew 1
Cardew 1
Cardew 1
Cardew 1
Cardew 1
Cardew 1
Cardew 1
Cardew 1
Cardew 1
Cardew 1
Cardew 1
Cardew 1
Cardew 1
Cardew 1
Cardew 1
Cardew 1
Cardew 1
Cardew 1
Cardew 1
Cardew 1
Cardew 1
Cardew 1
Cardew 1
Club 1
Dead 1
Dead 1
Director 1
EARNEST 1
EARNEST 1
EIN 1
Eating 1
Email 1
Embracing 1
Executive 1
Exit 1
Exit 1
Exit 1
Exit 1
Found 1
French 1
French 1
French 1
French 1
General 1
General 1
General 1
General 1
General 1
General 1
General 1
General 1
Gower 1
Hands 1
Hands 1
Hesitation 1
History 1
History 1
How 1
How 1
How 1
How 1
How 1
How 1
How 1
How 1
How 1
How 1
How 1
How 1
How 1
How 1
How 1
How 1
How 1
How 1
II 1
IMPLIED 1
IMPORTANCE 1
IMPORTANCE 1
IS 1
Idle 1
Information 1
Information 1
Information 1
Information 1
Information 1
International 1
Isn 1
Jenkins 1
Just 1
Kneels 1
LIMITED 1
LIMITED 1
LIMITED 1
LONDON 1
Leamington 1
Life 1
Life 1
Literary 1
Literary 1
Literary 1
Literary 1
Literary 1
Literary 1
Literary 1
Literary 1
Literary 1
Literary 1
Literary 1
Literary 1
Literary 1
Literary 1
Ltd 1
Men 1
Metropolitan 1
Offering 1
Only 1
Only 1
Only 1
PARAGRAPH 1
PLAY 1
PLAY 1
Park 1
Park 1
Quixotic 1
READ 1
REPLACEMENT 1
RIGHT 1
Reading 1
Recoiling 1
SEND 1
Sees 1
Serious 1
Serious 1
Serious 1
Sinks 1
Sit 1
Sit 1
So 1
So 1
So 1
So 1
So 1
So 1
TABLEAU 1
Takes 1
Takes 1
Takes 1
Takes 1
Takes 1
Takes 1
Taking 1
They 1
They 1
They 1
They 1
They 1
They 1
They 1
They 1
They 1
They 1
They 1
They 1
They 1
They 1
They 1
They 1
They 1
They 1
They 1
They 1
They 1
They 1
They 1
They 1
They 1
They 1
They 1
They 1
They 1
They 1
They 1
They 1
WILL 1
What 1
What 1
What 1
What 1
What 1
What 1
What 1
What 1
What 1
What 1
What 1
What 1
What 1
What 1
What 1
What 1
What 1
What 1
What 1
What 1
What 1
What 1
What 1
What 1
What 1
What 1
What 1
What 1
What 1
What 1
What 1
What 1
What 1
What 1
What 1
What 1
What 1
What 1
What 1
What 1
What 1
What 1
What 1
What 1
Whenever 1
Women 1
Worn 1
accept 1
accept 1
active 1
active 1
actual 1
advise 1
advise 1
advise 1
advise 1
agreed 1
ailment 1
alienating 1
although 1
although 1
amount 1
amuses 1
amuses 1
angrily 1
annoys 1
anxiety 1
anxiously 1
appears 1
appears 1
arguments 1
assistance 1
assistance 1
assumed 1
attentive 1
attribute 1
bag 1
bag 1
bag 1
bag 1
bag 1
bag 1
bag 1
bag 1
bag 1
bag 1
bag 1
bag 1
bag 1
bag 1
bag 1
bag 1
bag 1
bag 1
bear 1
beauty 1
beauty 1
beauty 1
behind 1
behind 1
brief 1
brief 1
brow 1
calculate 1
can 1
can 1
can 1
can 1
can 1
can 1
can 1
can 1
can 1
can 1
can 1
can 1
can 1
can 1
can 1
can 1
can 1
can 1
can 1
can 1
can 1
can 1
can 1
can 1
can 1
can 1
can 1
can 1
can 1
can 1
can 1
can 1
can 1
can 1
can 1
can 1
can 1
can 1
can 1
can 1
can 1
can 1
can 1
can 1
can 1
can 1
can 1
can 1
can 1
can 1
can 1
can 1
can 1
can 1
can 1
can 1
can 1
can 1
can 1
can 1
can 1
can 1
can 1
can 1
can 1
can 1
can 1
candour 1
card 1
card 1
card 1
card 1
card 1
celibacy 1
celibacy 1
certificates 1
change 1
change 1
change 1
change 1
change 1
change 1
child 1
child 1
child 1
child 1
child 1
child 1
child 1
child 1
child 1
child 1
class 1
class 1
class 1
cloak 1
cloak 1
cloak 1
cloak 1
cloak 1
close 1
come 1
come 1
come 1
come 1
come 1
come 1
come 1
come 1
come 1
come 1
come 1
come 1
come 1
come 1
come 1
come 1
come 1
come 1
come 1
come 1
come 1
come 1
commended 1
commercial 1
complying 1
complying 1
complying 1
concept 1
concept 1
consoles 1
contempt 1
continually 1
crying 1
cuff 1
cuff 1
daughter 1
daughter 1
daughter 1
daughter 1
daughter 1
deal 1
dear 1
dear 1
dear 1
dear 1
dear 1
dear 1
dear 1
dear 1
dear 1
dear 1
dear 1
dear 1
dear 1
dear 1
dear 1
dear 1
dear 1
dear 1
dear 1
dear 1
dear 1
dear 1
dear 1
dear 1
dear 1
dear 1
dear 1
dear 1
dear 1
dear 1
dear 1
dear 1
dear 1
dear 1
dear 1
dear 1
dear 1
dear 1
dear 1
dear 1
dear 1
dear 1
dear 1
dear 1
dear 1
dear 1
dear 1
dear 1
dear 1
dear 1
dear 1
dear 1
dear 1
dear 1
dear 1
dear 1
dear 1
dear 1
dear 1
decay 1
deceiving 1
deceiving 1
decided 1
demeanour 1
departure 1
destroy 1
destroy 1
discovered 1
discovered 1
discovered 1
displaying 1
displaying 1
displaying 1
displaying 1
displaying 1
domestic 1
domestic 1
domestic 1
domesticity 1
donation 1
drank 1
duty 1
duty 1
duty 1
duty 1
duty 1
duty 1
duty 1
duty 1
earth 1
earth 1
earth 1
earth 1
earth 1
earth 1
earth 1
earth 1
earth 1
earth 1
earth 1
earth 1
edition 1
edition 1
electronically 1
electronically 1
emotional 1
enough 1
enough 1
enough 1
enough 1
enough 1
enough 1
enough 1
enough 1
enough 1
enthusiastic 1
entirely 1
entirely 1
entirely 1
entirely 1
entirely 1
entirely 1
entirely 1
entry 1
esteemed 1
examines 1
example 1
excellent 1
expend 1
explanations 1
exquisitely 1
family 1
family 1
family 1
family 1
family 1
fear 1
fear 1
fear 1
fear 1
fee 1
fee 1
fee 1
fee 1
fee 1
fee 1
fee 1
fee 1
finds 1
finished 1
finished 1
firm 1
firm 1
firm 1
fixed 1
foolish 1
foolish 1
foolish 1
footman 1
footman 1
forgive 1
forgive 1
forgive 1
forgive 1
forgive 1
forgive 1
free 1
free 1
free 1
free 1
free 1
free 1
free 1
from 1
from 1
from 1
from 1
from 1
from 1
from 1
from 1
from 1
from 1
from 1
from 1
from 1
from 1
from 1
from 1
from 1
from 1
from 1
from 1
from 1
from 1
from 1
from 1
from 1
from 1
from 1
from 1
from 1
from 1
from 1
from 1
from 1
from 1
from 1
from 1
from 1
from 1
from 1
from 1
from 1
from 1
from 1
from 1
from 1
from 1
from 1
from 1
from 1
from 1
from 1
from 1
from 1
from 1
from 1
from 1
from 1
from 1
from 1
garb 1
generous 1
generous 1
glad 1
glad 1
glad 1
glad 1
glad 1
glad 1
glad 1
glad 1
glad 1
glad 1
gloves 1
gloves 1
goals 1
groans 1
gross 1
gross 1
grounds 1
guarantee 1
guest 1
guest 1
hate 1
hate 1
hate 1
hate 1
hate 1
hate 1
hearing 1
hearing 1
here 1
here 1
here 1
here 1
here 1
here 1
here 1
here 1
here 1
here 1
here 1
here 1
here 1
here 1
here 1
here 1
here 1
here 1
here 1
here 1
here 1
here 1
here 1
here 1
here 1
here 1
here 1
here 1
here 1
here 1
here 1
hills 1
himself 1
himself 1
himself 1
himself 1
himself 1
holder 1
holder 1
holder 1
holder 1
horror 1
horror 1
hour 1
hour 1
hour 1
hour 1
hour 1
hour 1
hour 1
hour 1
hour 1
housekeeper 1
hundred 1
hundred 1
hundred 1
hundred 1
hundred 1
identification 1
identify 1
important 1
important 1
important 1
important 1
important 1
important 1
important 1
improvement 1
include 1
indignant 1
indignant 1
indignant 1
indignation 1
indignation 1
indignation 1
induce 1
induce 1
infant 1
infant 1
information 1
information 1
information 1
information 1
information 1
infringement 1
innocent 1
innocent 1
inquisitive 1
insist 1
inspire 1
inspire 1
intend 1
intend 1
intend 1
intend 1
intend 1
intention 1
intention 1
interpreted 1
intimately 1
irreligious 1
irretrievably 1
irrevocable 1
join 1
kept 1
kill 1
kill 1
kind 1
kind 1
kind 1
kind 1
kind 1
kind 1
kind 1
kind 1
kind 1
kind 1
kind 1
kind 1
kind 1
kind 1
kind 1
kind 1
kind 1
kind 1
kind 1
kind 1
kind 1
late 1
late 1
late 1
liar 1
life 1
life 1
life 1
life 1
life 1
life 1
life 1
life 1
life 1
life 1
life 1
life 1
life 1
life 1
life 1
life 1
life 1
life 1
life 1
life 1
life 1
life 1
life 1
life 1
life 1
life 1
life 1
life 1
life 1
life 1
life 1
limitation 1
limitation 1
limitation 1
load 1
machinations 1
manners 1
manuscript 1
manuscript 1
manuscript 1
manuscript 1
mask 1
meals 1
meals 1
member 1
mentioning 1
metaphor 1
metaphor 1
metaphysical 1
metaphysical 1
mind 1
mind 1
mind 1
mind 1
mind 1
mind 1
mind 1
mind 1
mind 1
mind 1
mission 1
mission 1
mission 1
mission 1
myth 1
necessarily 1
neglect 1
neologistic 1
nine 1
none 1
none 1
observation 1
occasions 1
offering 1
offering 1
one 1
one 1
one 1
one 1
one 1
one 1
one 1
one 1
one 1
one 1
one 1
one 1
one 1
one 1
one 1
one 1
one 1
one 1
one 1
one 1
one 1
one 1
one 1
one 1
one 1
one 1
one 1
one 1
one 1
one 1
one 1
one 1
one 1
one 1
one 1
one 1
one 1
one 1
one 1
one 1
one 1
one 1
one 1
one 1
one 1
one 1
one 1
one 1
one 1
one 1
one 1
one 1
one 1
one 1
one 1
one 1
one 1
one 1
one 1
one 1
one 1
one 1
one 1
one 1
one 1
one 1
one 1
one 1
one 1
one 1
one 1
one 1
one 1
one 1
one 1
one 1
one 1
one 1
one 1
one 1
one 1
one 1
one 1
one 1
one 1
one 1
one 1
one 1
one 1
one 1
one 1
one 1
one 1
one 1
one 1
one 1
one 1
one 1
one 1
one 1
one 1
one 1
one 1
one 1
one 1
one 1
one 1
one 1
one 1
one 1
one 1
one 1
one 1
one 1
one 1
one 1
one 1
one 1
one 1
only 1
only 1
only 1
only 1
only 1
only 1
only 1
only 1
only 1
only 1
only 1
only 1
only 1
only 1
only 1
only 1
only 1
only 1
only 1
only 1
only 1
only 1
only 1
only 1
only 1
only 1
only 1
order 1
order 1
order 1
order 1
order 1
order 1
order 1
order 1
order 1
org 1
org 1
org 1
org 1
org 1
org 1
org 1
org 1
org 1
org 1
org 1
org 1
org 1
originator 1
overhead 1
parasol 1
parent 1
parent 1
particularly 1
particularly 1
particularly 1
particularly 1
particularly 1
pause 1
pause 1
pause 1
pause 1
pause 1
pause 1
pause 1
paying 1
paying 1
peace 1
permitted 1
permitted 1
permitted 1
pglaf 1
pglaf 1
pglaf 1
pglaf 1
pleased 1
pleased 1
pleased 1
pleased 1
pleasures 1
pleasures 1
pleasures 1
point 1
point 1
point 1
point 1
point 1
pointing 1
prefer 1
problematic 1
providing 1
providing 1
providing 1
providing 1
punished 1
quarter 1
question 1
question 1
question 1
question 1
question 1
question 1
question 1
question 1
question 1
question 1
question 1
question 1
rate 1
rate 1
rate 1
rate 1
rate 1
rate 1
rate 1
read 1
read 1
read 1
read 1
read 1
read 1
read 1
read 1
read 1
read 1
reading 1
receipt 1
receipt 1
reckless 1
reckless 1
reduced 1
registered 1
registered 1
rely 1
remote 1
remove 1
replace 1
replacement 1
replacement 1
replacement 1
right 1
right 1
right 1
right 1
right 1
right 1
right 1
right 1
right 1
right 1
right 1
right 1
right 1
right 1
right 1
right 1
right 1
right 1
send 1
send 1
sentimentality 1
separation 1
sermon 1
sermon 1
shall 1
shall 1
shall 1
shall 1
shall 1
shall 1
shall 1
shall 1
shall 1
shall 1
shall 1
shall 1
shall 1
shallow 1
shallow 1
shame 1
shame 1
shame 1
shan 1
sighted 1
sighted 1
sinks 1
sir 1
sir 1
sir 1
sir 1
sir 1
sir 1
sir 1
sir 1
sir 1
sir 1
sir 1
sir 1
sir 1
sir 1
sir 1
sir 1
sir 1
sir 1
sir 1
sir 1
sir 1
sir 1
sir 1
sir 1
sir 1
sir 1
sir 1
sir 1
sir 1
sir 1
so 1
so 1
so 1
so 1
so 1
so 1
so 1
so 1
so 1
so 1
so 1
so 1
so 1
so 1
so 1
so 1
so 1
so 1
so 1
so 1
so 1
so 1
so 1
so 1
so 1
so 1
so 1
so 1
so 1
so 1
so 1
so 1
so 1
so 1
so 1
so 1
so 1
so 1
so 1
so 1
so 1
so 1
so 1
so 1
so 1
so 1
so 1
so 1
so 1
so 1
so 1
so 1
so 1
so 1
so 1
so 1
so 1
so 1
so 1
so 1
so 1
so 1
so 1
so 1
so 1
so 1
so 1
so 1
son 1
son 1
sooner 1
sooner 1
sooner 1
sooner 1
sorrow 1
sort 1
sort 1
sort 1
sort 1
speak 1
speak 1
speak 1
speak 1
speak 1
speak 1
speak 1
speak 1
speak 1
speak 1
speak 1
speak 1
speak 1
speak 1
speak 1
speak 1
speak 1
speak 1
speak 1
specified 1
specified 1
speculations 1
speculations 1
spell 1
spend 1
spheres 1
stand 1
stand 1
stand 1
start 1
statements 1
status 1
status 1
status 1
status 1
strongly 1
strongly 1
subsequently 1
suddenly 1
suddenly 1
suddenly 1
suddenly 1
suddenly 1
suddenly 1
suits 1
suits 1
suits 1
supposing 1
suspected 1
suspected 1
sweet 1
sweet 1
sweet 1
sweet 1
sweet 1
sweet 1
sweet 1
sweet 1
taking 1
taking 1
talk 1
talk 1
talk 1
talk 1
talk 1
talk 1
talk 1
talk 1
talk 1
talk 1
talk 1
talk 1
talk 1
talk 1
talk 1
talk 1
talk 1
talk 1
tampers 1
thank 1
thank 1
thank 1
their 1
their 1
their 1
their 1
their 1
their 1
their 1
their 1
their 1
their 1
think 1
think 1
think 1
think 1
think 1
think 1
think 1
think 1
think 1
think 1
think 1
think 1
think 1
think 1
think 1
think 1
think 1
think 1
think 1
think 1
think 1
think 1
think 1
think 1
think 1
think 1
think 1
think 1
think 1
think 1
think 1
think 1
think 1
think 1
think 1
think 1
think 1
think 1
think 1
think 1
think 1
think 1
think 1
think 1
think 1
think 1
think 1
think 1
think 1
think 1
think 1
think 1
think 1
think 1
think 1
think 1
think 1
think 1
think 1
think 1
think 1
think 1
thoughtless 1
thousand 1
thousand 1
thousand 1
times 1
times 1
travel 1
true 1
true 1
undeceived 1
understand 1
understand 1
understand 1
understand 1
understand 1
understand 1
understand 1
understand 1
understand 1
unhappily 1
unromantic 1
until 1
venturing 1
victim 1
viewed 1
views 1
views 1
views 1
views 1
warn 1
weather 1
weather 1
weather 1
weather 1
weather 1
week 1
week 1
week 1
week 1
week 1
week 1
week 1
week 1
week 1
week 1
week 1
week 1
who 1
who 1
who 1
who 1
who 1
who 1
who 1
who 1
who 1
who 1
who 1
who 1
who 1
who 1
who 1
who 1
who 1
who 1
who 1
who 1
who 1
who 1
who 1
who 1
who 1
who 1
who 1
who 1
who 1
who 1
who 1
who 1
who 1
who 1
who 1
who 1
who 1
who 1
who 1
who 1
who 1
who 1
who 1
who 1
who 1
who 1
who 1
who 1
who 1
who 1
window 1
without 1
without 1
without 1
without 1
without 1
without 1
without 1
without 1
without 1
without 1
without 1
without 1
without 1
without 1
without 1
without 1
without 1
without 1
without 1
women 1
women 1
women 1
women 1
women 1
women 1
women 1
women 1
works 1
works 1
works 1
works 1
works 1
works 1
works 1
works 1
works 1
works 1
works 1
works 1
works 1
works 1
works 1
works 1
works 1
works 1
works 1
works 1
works 1
works 1
works 1
works 1
works 1
works 1
works 1
works 1
works 1
works 1
works 1
works 1
worse 1
worse 1
writing 1
writing 1
writing 1
writing 1
writing 1
yours 1
yours 1
yours 1
yours 1
