AS 1
Aha 1
Aha 1
Already 1
Anything 1
April 1
Are 1
Are 1
Are 1
Are 1
Are 1
Are 1
Are 1
Are 1
B 1
B 1
B 1
B 1
B 1
BANDY 1
BEARD 1
BEARD 1
BENJAMIN 1
BRIAR 1
BRIAR 1
Behind 1
Behold 1
Blackbird 1
Blackbird 1
Briar 1
Briar 1
Briar 1
Briar 1
Briar 1
CROOK 1
Cake 1
Click 1
Click 1
Cock 1
Cock 1
Cut 1
Cut 1
DANCING 1
DANCING 1
DIED 1
DIED 1
Director 1
Dobbin 1
Drink 1
EIN 1
Eating 1
Email 1
Emma 1
Emma 1
Executive 1
Father 1
Father 1
Father 1
Father 1
Father 1
Father 1
Father 1
Father 1
Fetch 1
Fool 1
Fool 1
GIRL 1
GIRL 1
GRANDSON 1
GRANDSON 1
GRIMM 1
General 1
General 1
General 1
Grimm 1
Grimm 1
Grimm 1
Grimm 1
Grimm 1
Grisly 1
Grisly 1
Grisly 1
Grisly 1
Grisly 1
Grisly 1
Grisly 1
Grisly 1
Grisly 1
Grisly 1
HOLLE 1
HOLLE 1
HOW 1
HOW 1
HOW 1
HOW 1
HOW 1
HOW 1
Hardly 1
Hark 1
Hark 1
Hark 1
Hark 1
Hark 1
Has 1
Has 1
Has 1
Hereupon 1
Hie 1
How 1
How 1
How 1
How 1
How 1
How 1
How 1
How 1
How 1
How 1
How 1
How 1
How 1
How 1
How 1
How 1
How 1
How 1
How 1
How 1
How 1
How 1
How 1
How 1
How 1
How 1
How 1
How 1
How 1
How 1
How 1
How 1
IMPLIED 1
IS 1
Information 1
Information 1
Information 1
Information 1
Information 1
International 1
JEMMY 1
Just 1
Just 1
Just 1
Just 1
Just 1
Just 1
Just 1
Just 1
Just 1
Just 1
Just 1
Just 1
Just 1
Just 1
Just 1
Just 1
Just 1
Just 1
Just 1
Just 1
Just 1
Just 1
Just 1
Korbes 1
Korbes 1
Korbes 1
Korbes 1
LIMITED 1
LIMITED 1
LIMITED 1
Learn 1
Life 1
Life 1
Life 1
Life 1
Life 1
Life 1
Life 1
Life 1
Life 1
Life 1
Life 1
Life 1
Life 1
Life 1
Life 1
Life 1
Life 1
Life 1
Literary 1
Literary 1
Literary 1
Literary 1
Literary 1
Literary 1
Literary 1
Literary 1
Literary 1
Literary 1
Literary 1
Literary 1
Literary 1
Little 1
Little 1
Little 1
Little 1
Little 1
Little 1
Little 1
Little 1
Little 1
Little 1
Little 1
Little 1
Little 1
Little 1
Little 1
Little 1
Little 1
Little 1
Little 1
Little 1
MAN 1
MAN 1
Marburg 1
Meantime 1
Meantime 1
Meantime 1
Meantime 1
Meantime 1
Meantime 1
Meantime 1
Meantime 1
Meantime 1
Men 1
Mind 1
Miserable 1
Mistress 1
Mistress 1
Nay 1
Nay 1
Nay 1
Nay 1
Nibble 1
Only 1
Only 1
Only 1
Only 1
Open 1
Open 1
Open 1
Open 1
Open 1
Open 1
Open 1
Open 1
Open 1
Open 1
Open 1
Open 1
PARAGRAPH 1
PARTNERSHIP 1
PARTNERSHIP 1
PINK 1
PINK 1
Pay 1
Presently 1
Presently 1
Presently 1
Presently 1
Presently 1
Presently 1
Presently 1
Presently 1
READ 1
REPLACEMENT 1
RIGHT 1
Readily 1
SEND 1
SPARROW 1
SPARROW 1
SWEETHEART 1
SWEETHEART 1
Since 1
Since 1
Sit 1
Sit 1
So 1
So 1
So 1
So 1
So 1
So 1
So 1
So 1
So 1
So 1
So 1
So 1
So 1
So 1
So 1
So 1
So 1
So 1
So 1
So 1
So 1
So 1
So 1
So 1
So 1
So 1
So 1
So 1
So 1
So 1
So 1
So 1
So 1
So 1
So 1
So 1
So 1
So 1
So 1
So 1
So 1
So 1
So 1
So 1
So 1
So 1
So 1
So 1
So 1
So 1
So 1
So 1
So 1
So 1
So 1
So 1
So 1
So 1
So 1
So 1
So 1
So 1
So 1
So 1
So 1
So 1
So 1
So 1
So 1
So 1
So 1
So 1
So 1
So 1
So 1
So 1
So 1
So 1
So 1
So 1
So 1
So 1
So 1
So 1
So 1
So 1
So 1
So 1
So 1
So 1
So 1
So 1
So 1
So 1
So 1
So 1
So 1
So 1
So 1
So 1
So 1
So 1
So 1
So 1
So 1
So 1
So 1
So 1
So 1
So 1
So 1
So 1
So 1
So 1
So 1
So 1
So 1
So 1
So 1
So 1
So 1
So 1
So 1
So 1
So 1
So 1
So 1
So 1
So 1
So 1
So 1
So 1
So 1
So 1
So 1
So 1
So 1
So 1
So 1
So 1
So 1
So 1
So 1
So 1
So 1
So 1
So 1
So 1
So 1
So 1
So 1
So 1
So 1
So 1
So 1
So 1
So 1
So 1
So 1
So 1
So 1
So 1
So 1
So 1
So 1
So 1
So 1
Sooner 1
Spinning 1
Stop 1
Stop 1
Stop 1
Suddenly 1
Suddenly 1
Suddenly 1
Sweep 1
Thereupon 1
Thereupon 1
Thereupon 1
Thereupon 1
Thereupon 1
Thereupon 1
Thereupon 1
Thereupon 1
Thereupon 1
Thereupon 1
Thereupon 1
They 1
They 1
They 1
They 1
They 1
They 1
They 1
They 1
They 1
They 1
They 1
They 1
They 1
They 1
They 1
They 1
They 1
They 1
They 1
They 1
They 1
They 1
They 1
They 1
They 1
They 1
They 1
They 1
They 1
They 1
They 1
They 1
They 1
They 1
They 1
They 1
They 1
They 1
They 1
They 1
They 1
They 1
They 1
They 1
They 1
They 1
They 1
They 1
They 1
They 1
They 1
They 1
They 1
They 1
They 1
They 1
They 1
They 1
They 1
They 1
They 1
They 1
They 1
They 1
They 1
They 1
They 1
They 1
They 1
They 1
They 1
They 1
They 1
They 1
They 1
They 1
They 1
They 1
Thou 1
Thou 1
Thou 1
Thou 1
Thou 1
Thou 1
Thou 1
Thou 1
Thou 1
Thou 1
Thou 1
Thou 1
Thou 1
Thou 1
Throw 1
Thumb 1
Thumb 1
Thumb 1
Uncouth 1
Underneath 1
Underneath 1
Underneath 1
Underneath 1
Underneath 1
Underneath 1
Underneath 1
Underneath 1
WHO 1
WHO 1
WILL 1
WILLOW 1
WILLOW 1
Wert 1
What 1
What 1
What 1
What 1
What 1
What 1
What 1
What 1
What 1
What 1
What 1
What 1
What 1
What 1
What 1
What 1
What 1
What 1
What 1
What 1
What 1
What 1
What 1
What 1
What 1
What 1
What 1
What 1
What 1
What 1
What 1
What 1
What 1
What 1
What 1
What 1
What 1
What 1
What 1
What 1
What 1
What 1
What 1
What 1
What 1
What 1
What 1
What 1
What 1
What 1
What 1
What 1
What 1
What 1
What 1
What 1
What 1
What 1
What 1
What 1
What 1
What 1
What 1
What 1
What 1
What 1
What 1
What 1
What 1
What 1
What 1
What 1
What 1
What 1
What 1
What 1
What 1
What 1
What 1
What 1
What 1
What 1
What 1
What 1
What 1
What 1
What 1
What 1
What 1
What 1
What 1
What 1
What 1
What 1
What 1
What 1
What 1
What 1
What 1
What 1
What 1
What 1
What 1
What 1
What 1
What 1
What 1
What 1
What 1
What 1
What 1
What 1
What 1
What 1
What 1
What 1
What 1
What 1
What 1
What 1
What 1
What 1
What 1
What 1
What 1
What 1
What 1
What 1
What 1
Wilt 1
abashed 1
accept 1
accursed 1
active 1
active 1
agreed 1
agreed 1
agreed 1
agreed 1
agreed 1
agreed 1
agreed 1
agreed 1
agreed 1
agreed 1
agreed 1
agreed 1
agreed 1
agreed 1
agreed 1
agreed 1
agreed 1
agreed 1
agreed 1
agreed 1
agreed 1
agreed 1
agreed 1
agreed 1
agreed 1
agreed 1
agreed 1
aimed 1
aimed 1
alighted 1
alighted 1
alighted 1
alighted 1
alighted 1
although 1
although 1
although 1
although 1
although 1
although 1
although 1
angered 1
angrily 1
angrily 1
angrily 1
ants 1
ants 1
ants 1
ants 1
anxiety 1
anxiety 1
anxiety 1
appears 1
ascend 1
ascend 1
ash 1
ashes 1
ashes 1
ashes 1
ashes 1
ashes 1
ashes 1
ashes 1
ashes 1
ashes 1
ashes 1
ashes 1
ashes 1
ashes 1
ashes 1
ashes 1
ashes 1
ashes 1
ashes 1
ashes 1
ashes 1
ashes 1
ashes 1
ashore 1
assigned 1
assistance 1
assistance 1
assumed 1
attracted 1
awhile 1
awhile 1
backwards 1
backwards 1
backwards 1
backwards 1
backwards 1
backwards 1
bade 1
bade 1
bade 1
bade 1
bade 1
bade 1
bade 1
bade 1
bade 1
bade 1
bag 1
bag 1
bag 1
bag 1
bag 1
bag 1
baking 1
bale 1
barrel 1
barrel 1
barrel 1
barrel 1
barrel 1
barrel 1
barrel 1
barrel 1
barrel 1
barrel 1
barrel 1
bars 1
bars 1
bear 1
bear 1
bear 1
bear 1
bear 1
bear 1
bear 1
bear 1
bear 1
bear 1
bear 1
bear 1
bear 1
bear 1
bear 1
bear 1
bear 1
bear 1
bear 1
bear 1
bear 1
bear 1
bear 1
bear 1
bear 1
bear 1
bear 1
bear 1
bear 1
bear 1
bear 1
bear 1
bear 1
bear 1
bear 1
bear 1
bear 1
bear 1
bear 1
bear 1
beauty 1
beauty 1
beauty 1
beauty 1
beauty 1
beauty 1
beauty 1
beauty 1
beggar 1
behind 1
behind 1
behind 1
behind 1
behind 1
behind 1
behind 1
behind 1
behind 1
behind 1
behind 1
behind 1
behind 1
behind 1
behind 1
behind 1
behind 1
behind 1
behind 1
behind 1
behind 1
behind 1
behind 1
behind 1
behind 1
behind 1
behind 1
behind 1
behind 1
behind 1
behind 1
behind 1
behind 1
behind 1
behind 1
behind 1
behind 1
behind 1
behind 1
behind 1
behind 1
behind 1
behind 1
behind 1
behind 1
behind 1
behind 1
behind 1
behind 1
behind 1
behind 1
behind 1
behind 1
behind 1
behind 1
behind 1
behind 1
behind 1
behind 1
behind 1
behind 1
behind 1
behind 1
behind 1
behind 1
behind 1
behind 1
behind 1
behind 1
behind 1
behind 1
betrayed 1
blessed 1
boat 1
boat 1
boat 1
boat 1
boat 1
boat 1
boat 1
boat 1
boat 1
boat 1
boat 1
boat 1
boat 1
boat 1
boat 1
boat 1
breath 1
breath 1
breath 1
brew 1
bruised 1
burns 1
cabbages 1
cage 1
cage 1
cage 1
cage 1
cage 1
cage 1
cage 1
cage 1
cage 1
cage 1
cage 1
cage 1
cage 1
cage 1
cage 1
calculate 1
can 1
can 1
can 1
can 1
can 1
can 1
can 1
can 1
can 1
can 1
can 1
can 1
can 1
can 1
can 1
can 1
can 1
can 1
can 1
can 1
can 1
can 1
can 1
can 1
can 1
can 1
can 1
can 1
can 1
can 1
can 1
can 1
can 1
can 1
can 1
can 1
can 1
can 1
can 1
can 1
can 1
can 1
can 1
can 1
can 1
can 1
can 1
can 1
can 1
can 1
can 1
can 1
can 1
can 1
can 1
can 1
can 1
can 1
can 1
can 1
can 1
can 1
can 1
can 1
can 1
can 1
can 1
can 1
can 1
can 1
can 1
can 1
can 1
can 1
can 1
can 1
can 1
can 1
can 1
can 1
can 1
can 1
can 1
can 1
can 1
can 1
can 1
can 1
can 1
can 1
can 1
can 1
can 1
can 1
can 1
can 1
can 1
can 1
can 1
can 1
can 1
can 1
can 1
can 1
can 1
can 1
can 1
can 1
can 1
can 1
can 1
can 1
can 1
can 1
can 1
can 1
can 1
can 1
can 1
can 1
can 1
can 1
can 1
can 1
can 1
can 1
can 1
can 1
can 1
can 1
can 1
can 1
can 1
can 1
can 1
can 1
can 1
can 1
can 1
can 1
can 1
can 1
can 1
can 1
can 1
can 1
can 1
can 1
can 1
can 1
can 1
can 1
can 1
can 1
can 1
can 1
can 1
can 1
can 1
can 1
carcase 1
card 1
card 1
cares 1
cat 1
cat 1
cat 1
cat 1
cat 1
cat 1
cat 1
cat 1
cat 1
cat 1
cat 1
cat 1
cat 1
cat 1
cat 1
cat 1
cat 1
cat 1
cat 1
cat 1
cat 1
cat 1
cat 1
cat 1
cat 1
cat 1
cat 1
cat 1
cat 1
cat 1
cat 1
cat 1
cat 1
cat 1
cat 1
cat 1
cat 1
cat 1
cat 1
cat 1
cat 1
cat 1
cat 1
cat 1
cat 1
cat 1
cat 1
cat 1
cat 1
cat 1
cat 1
cat 1
cat 1
cat 1
cat 1
cat 1
cat 1
cat 1
cat 1
cat 1
cat 1
cat 1
cat 1
cat 1
caves 1
ceasing 1
change 1
change 1
change 1
change 1
change 1
change 1
change 1
change 1
cheerful 1
cheerful 1
cheerful 1
child 1
child 1
child 1
child 1
child 1
child 1
child 1
child 1
child 1
child 1
child 1
child 1
child 1
child 1
child 1
child 1
child 1
child 1
child 1
child 1
child 1
child 1
child 1
child 1
child 1
child 1
child 1
child 1
child 1
child 1
child 1
child 1
child 1
child 1
child 1
child 1
child 1
child 1
child 1
child 1
child 1
child 1
child 1
child 1
child 1
child 1
child 1
child 1
child 1
child 1
child 1
child 1
child 1
child 1
child 1
child 1
child 1
child 1
child 1
child 1
child 1
child 1
child 1
child 1
child 1
child 1
child 1
child 1
child 1
child 1
child 1
child 1
child 1
child 1
child 1
child 1
child 1
child 1
child 1
child 1
child 1
child 1
child 1
chose 1
class 1
cleaner 1
cloak 1
cloak 1
cloak 1
cloak 1
cloak 1
cloak 1
cloak 1
cloak 1
cloak 1
cloak 1
cloak 1
cloak 1
cloak 1
cloak 1
cloak 1
cloak 1
cloak 1
cloak 1
cloak 1
cloak 1
cloak 1
cloak 1
cloak 1
cloak 1
cloak 1
cloak 1
clod 1
close 1
close 1
close 1
close 1
close 1
close 1
close 1
close 1
close 1
close 1
close 1
close 1
close 1
close 1
close 1
close 1
close 1
close 1
close 1
close 1
close 1
close 1
close 1
close 1
close 1
close 1
close 1
close 1
close 1
closet 1
closet 1
closet 1
closet 1
closet 1
coach 1
coach 1
coach 1
coach 1
coach 1
coach 1
coach 1
coals 1
coals 1
coals 1
coals 1
cock 1
cock 1
cock 1
cock 1
cock 1
cock 1
cock 1
cock 1
cock 1
cock 1
cock 1
cock 1
cock 1
cock 1
cock 1
cock 1
cock 1
collaborated 1
come 1
come 1
come 1
come 1
come 1
come 1
come 1
come 1
come 1
come 1
come 1
come 1
come 1
come 1
come 1
come 1
come 1
come 1
come 1
come 1
come 1
come 1
come 1
come 1
come 1
come 1
come 1
come 1
come 1
come 1
come 1
come 1
come 1
come 1
come 1
come 1
come 1
come 1
come 1
come 1
come 1
come 1
come 1
come 1
come 1
come 1
come 1
come 1
come 1
come 1
come 1
come 1
come 1
come 1
come 1
come 1
come 1
come 1
come 1
come 1
come 1
come 1
come 1
come 1
come 1
come 1
come 1
come 1
come 1
come 1
come 1
come 1
come 1
come 1
come 1
come 1
come 1
come 1
come 1
come 1
come 1
come 1
come 1
come 1
come 1
come 1
come 1
come 1
come 1
come 1
come 1
come 1
come 1
come 1
come 1
come 1
come 1
come 1
come 1
come 1
come 1
come 1
come 1
come 1
come 1
come 1
come 1
come 1
come 1
come 1
come 1
come 1
come 1
come 1
come 1
come 1
come 1
come 1
come 1
come 1
come 1
come 1
come 1
come 1
come 1
come 1
come 1
come 1
come 1
come 1
come 1
come 1
come 1
come 1
come 1
come 1
come 1
come 1
come 1
come 1
come 1
come 1
come 1
come 1
come 1
come 1
come 1
come 1
come 1
come 1
come 1
come 1
come 1
come 1
come 1
come 1
come 1
come 1
come 1
come 1
come 1
come 1
come 1
come 1
come 1
come 1
come 1
come 1
come 1
come 1
come 1
come 1
come 1
come 1
come 1
comer 1
comical 1
commercial 1
compassionate 1
compassionate 1
complying 1
complying 1
complying 1
concept 1
concept 1
concert 1
concert 1
continually 1
continually 1
continually 1
continually 1
continually 1
continually 1
contrive 1
contrive 1
contrive 1
contrive 1
contrive 1
courteously 1
courteously 1
credentials 1
croaking 1
croaking 1
croaking 1
crossways 1
crowed 1
crowed 1
crowed 1
crumbs 1
crumbs 1
crumbs 1
crying 1
crying 1
crying 1
crying 1
crying 1
crying 1
crying 1
crying 1
crying 1
crying 1
crying 1
crying 1
crying 1
crying 1
crying 1
crying 1
crying 1
crystal 1
curtain 1
darkest 1
daughter 1
daughter 1
daughter 1
daughter 1
daughter 1
daughter 1
daughter 1
daughter 1
daughter 1
daughter 1
daughter 1
daughter 1
daughter 1
daughter 1
daughter 1
daughter 1
daughter 1
daughter 1
daughter 1
daughter 1
daughter 1
daughter 1
daughter 1
daughter 1
daughter 1
daughter 1
daughter 1
daughter 1
daughter 1
daughter 1
daughter 1
daughter 1
daughter 1
daughter 1
daughter 1
daughter 1
daughter 1
daughter 1
daughter 1
daughter 1
daughter 1
daughter 1
daughter 1
daughter 1
daughter 1
daughter 1
daughter 1
daughter 1
daughter 1
daughter 1
daughter 1
daughter 1
daughter 1
daughter 1
daughter 1
daughter 1
daughter 1
daughter 1
daughter 1
daughter 1
daughter 1
daughter 1
daughter 1
daughter 1
daughter 1
daughter 1
daughter 1
daughter 1
daughter 1
daughter 1
daughter 1
daughter 1
daughter 1
daughter 1
daughter 1
daughter 1
daughter 1
daughter 1
daughter 1
daughter 1
daughter 1
daughter 1
daughter 1
daughter 1
daughter 1
daughter 1
daughter 1
daughter 1
daughter 1
daughter 1
daughter 1
daughter 1
daughter 1
daughter 1
daylight 1
daylight 1
daylight 1
daylight 1
daylight 1
daylight 1
deal 1
deal 1
deal 1
deal 1
deal 1
deal 1
deal 1
deal 1
deal 1
deal 1
deal 1
deal 1
dear 1
dear 1
dear 1
dear 1
dear 1
dear 1
dear 1
dear 1
dear 1
dear 1
dear 1
dear 1
dear 1
dear 1
dear 1
dear 1
dear 1
dear 1
dear 1
dear 1
dear 1
dear 1
dear 1
dear 1
dear 1
dear 1
dear 1
dear 1
dear 1
dear 1
dear 1
dear 1
dear 1
dear 1
dear 1
dear 1
dear 1
dear 1
dear 1
dear 1
dear 1
decided 1
decked 1
depart 1
departure 1
design 1
despair 1
despair 1
destroy 1
destroy 1
dipped 1
disappeared 1
disappeared 1
disappeared 1
disappeared 1
disappeared 1
disclosed 1
discovered 1
discovered 1
discovered 1
discovered 1
disheartened 1
displaying 1
displaying 1
displaying 1
displaying 1
disreputable 1
doctored 1
donation 1
doo 1
doo 1
dost 1
dost 1
dost 1
dove 1
dove 1
dove 1
dove 1
dove 1
dove 1
dove 1
dove 1
dove 1
dove 1
dove 1
dove 1
dove 1
dove 1
dove 1
dove 1
drag 1
drag 1
drag 1
drag 1
drank 1
drank 1
drank 1
drank 1
drank 1
drank 1
drank 1
drank 1
drank 1
drank 1
drank 1
drank 1
drank 1
drank 1
drank 1
drank 1
drank 1
drank 1
drank 1
drinking 1
drinking 1
drinking 1
drinking 1
drinking 1
drove 1
drove 1
drove 1
drove 1
drove 1
drove 1
drove 1
drove 1
drove 1
drove 1
drove 1
drove 1
drove 1
drove 1
drove 1
drove 1
drove 1
drove 1
drove 1
drove 1
drove 1
drove 1
drove 1
drove 1
drove 1
drove 1
ducks 1
ducks 1
ducks 1
ducks 1
duty 1
eager 1
eager 1
earth 1
earth 1
earth 1
earth 1
earth 1
earth 1
earth 1
earth 1
earth 1
earth 1
earth 1
earth 1
earth 1
earth 1
earth 1
earth 1
earthenware 1
earthenware 1
earthenware 1
eaters 1
echoed 1
edition 1
electronically 1
electronically 1
emperor 1
emperor 1
emperor 1
emperor 1
emperor 1
emperor 1
emperor 1
emperor 1
emperor 1
emperor 1
emperor 1
enchantress 1
enchantress 1
enchantress 1
enchantress 1
enchantress 1
enchantress 1
enchantress 1
enchantress 1
enchantress 1
enchantress 1
enchantress 1
enchantress 1
enchantress 1
enchantress 1
enchantress 1
enough 1
enough 1
enough 1
enough 1
enough 1
enough 1
enough 1
enough 1
enough 1
enough 1
enough 1
enough 1
enough 1
enough 1
enough 1
enough 1
enough 1
enough 1
enough 1
enough 1
enough 1
enough 1
enough 1
enough 1
enough 1
enough 1
enough 1
enough 1
enough 1
enough 1
enough 1
enough 1
enough 1
enough 1
enough 1
enough 1
enough 1
enough 1
enough 1
enough 1
enough 1
enough 1
enough 1
enough 1
enough 1
enough 1
enough 1
enough 1
enough 1
enough 1
enough 1
enraged 1
entirely 1
entirely 1
entirely 1
equal 1
equal 1
esteemed 1
event 1
excellence 1
excellent 1
excellent 1
expend 1
faces 1
family 1
family 1
fancied 1
fancied 1
fare 1
fare 1
fare 1
fare 1
fare 1
fare 1
fare 1
fared 1
fared 1
fared 1
farther 1
farther 1
farther 1
farther 1
farther 1
farther 1
farther 1
farther 1
farther 1
farther 1
farther 1
farther 1
farther 1
farther 1
farther 1
farther 1
farther 1
farther 1
fear 1
fear 1
fear 1
fear 1
fear 1
fear 1
fear 1
fear 1
fear 1
fear 1
fear 1
fear 1
fear 1
fear 1
fear 1
fear 1
fear 1
fear 1
fear 1
fear 1
fear 1
fear 1
fear 1
fear 1
fear 1
fearfully 1
feasted 1
fee 1
fee 1
fee 1
fee 1
fee 1
fee 1
fee 1
fee 1
ferry 1
fiend 1
fighting 1
fighting 1
fighting 1
fighting 1
fighting 1
fighting 1
fighting 1
filthy 1
finished 1
finished 1
finished 1
finished 1
finished 1
finished 1
finished 1
finished 1
finished 1
finished 1
firm 1
firm 1
fish 1
fish 1
fish 1
fish 1
fish 1
fish 1
fish 1
fish 1
fish 1
fish 1
fish 1
fish 1
fish 1
fish 1
fish 1
fish 1
fish 1
fish 1
fish 1
fish 1
fish 1
fish 1
fish 1
fish 1
fish 1
fish 1
fish 1
fish 1
fish 1
fish 1
fish 1
fish 1
fish 1
fish 1
fish 1
fish 1
fish 1
fixed 1
fixed 1
fixed 1
fixed 1
flee 1
flee 1
flee 1
flour 1
flutter 1
foolish 1
foolish 1
foreign 1
forgive 1
forgive 1
forgive 1
forgiven 1
forlorn 1
fortunes 1
fourteen 1
fourth 1
fourth 1
fourth 1
fourth 1
free 1
free 1
free 1
free 1
free 1
free 1
free 1
free 1
free 1
free 1
free 1
free 1
free 1
free 1
free 1
free 1
free 1
free 1
free 1
free 1
free 1
free 1
free 1
free 1
free 1
free 1
free 1
free 1
free 1
free 1
free 1
free 1
free 1
free 1
free 1
free 1
free 1
free 1
free 1
free 1
from 1
from 1
from 1
from 1
from 1
from 1
from 1
from 1
from 1
from 1
from 1
from 1
from 1
from 1
from 1
from 1
from 1
from 1
from 1
from 1
from 1
from 1
from 1
from 1
from 1
from 1
from 1
from 1
from 1
from 1
from 1
from 1
from 1
from 1
from 1
from 1
from 1
from 1
from 1
from 1
from 1
from 1
from 1
from 1
from 1
from 1
from 1
from 1
from 1
from 1
from 1
from 1
from 1
from 1
from 1
from 1
from 1
from 1
from 1
from 1
from 1
from 1
from 1
from 1
from 1
from 1
from 1
from 1
from 1
from 1
from 1
from 1
from 1
from 1
from 1
from 1
from 1
from 1
from 1
from 1
from 1
from 1
from 1
from 1
from 1
from 1
from 1
from 1
from 1
from 1
from 1
from 1
from 1
from 1
from 1
from 1
from 1
from 1
from 1
from 1
from 1
from 1
from 1
from 1
from 1
from 1
from 1
from 1
from 1
from 1
from 1
from 1
from 1
from 1
from 1
from 1
from 1
from 1
from 1
from 1
from 1
from 1
from 1
from 1
from 1
from 1
from 1
from 1
from 1
from 1
from 1
from 1
from 1
from 1
from 1
from 1
from 1
from 1
from 1
from 1
from 1
from 1
from 1
from 1
from 1
from 1
from 1
from 1
from 1
from 1
from 1
from 1
from 1
from 1
from 1
from 1
from 1
from 1
from 1
from 1
from 1
from 1
from 1
from 1
from 1
from 1
from 1
from 1
from 1
from 1
from 1
from 1
from 1
from 1
from 1
from 1
from 1
from 1
from 1
from 1
from 1
from 1
from 1
from 1
from 1
from 1
from 1
from 1
from 1
from 1
from 1
from 1
from 1
from 1
from 1
from 1
from 1
from 1
from 1
from 1
from 1
from 1
from 1
from 1
from 1
from 1
from 1
from 1
from 1
from 1
game 1
game 1
game 1
game 1
game 1
game 1
game 1
game 1
game 1
gardener 1
gardener 1
gardener 1
gardener 1
gardener 1
gardener 1
gardener 1
gardener 1
gardener 1
gardener 1
gardener 1
gardener 1
gardener 1
gardener 1
gardener 1
gardener 1
gardener 1
gardener 1
gardener 1
general 1
getting 1
getting 1
getting 1
getting 1
getting 1
getting 1
getting 1
getting 1
getting 1
glad 1
glad 1
glad 1
glad 1
glad 1
glad 1
glad 1
glad 1
glad 1
glad 1
glad 1
glad 1
glad 1
glad 1
glad 1
glad 1
glad 1
glad 1
glad 1
goals 1
grant 1
grant 1
grant 1
grant 1
grant 1
grant 1
grasshopper 1
grasshopper 1
greatness 1
greens 1
greenwood 1
greenwood 1
greenwood 1
greenwood 1
greenwood 1
groom 1
groom 1
groom 1
gross 1
grounds 1
guarded 1
gudgeons 1
gudgeons 1
guest 1
guest 1
guest 1
guest 1
guest 1
guest 1
guest 1
guest 1
guest 1
guest 1
guest 1
guest 1
guest 1
guest 1
guest 1
guest 1
guest 1
gulp 1
habit 1
halfway 1
handed 1
handed 1
handed 1
handkerchief 1
handkerchief 1
handkerchief 1
handkerchief 1
handkerchief 1
handkerchief 1
handkerchief 1
handkerchief 1
handkerchief 1
hangman 1
hast 1
hast 1
hast 1
hast 1
hast 1
hate 1
hearing 1
hearing 1
hearing 1
hearing 1
hearing 1
hearing 1
hearing 1
hearing 1
hearing 1
hearse 1
hearse 1
hearse 1
heartily 1
heartily 1
heartily 1
heartily 1
heartily 1
heat 1
heat 1
heat 1
heat 1
heat 1
heath 1
heath 1
heath 1
heavier 1
heed 1
heed 1
helpless 1
henceforth 1
henceforth 1
here 1
here 1
here 1
here 1
here 1
here 1
here 1
here 1
here 1
here 1
here 1
here 1
here 1
here 1
here 1
here 1
here 1
here 1
here 1
here 1
here 1
here 1
here 1
here 1
here 1
here 1
here 1
here 1
here 1
here 1
here 1
here 1
here 1
here 1
here 1
here 1
here 1
here 1
here 1
here 1
here 1
here 1
here 1
here 1
here 1
here 1
here 1
here 1
here 1
here 1
here 1
here 1
here 1
here 1
here 1
here 1
here 1
here 1
here 1
here 1
here 1
here 1
here 1
here 1
here 1
here 1
here 1
here 1
here 1
here 1
here 1
here 1
here 1
here 1
here 1
here 1
here 1
here 1
here 1
here 1
here 1
here 1
here 1
here 1
here 1
here 1
here 1
hills 1
hills 1
hills 1
hills 1
hills 1
hills 1
hills 1
hills 1
hills 1
hills 1
hills 1
hills 1
himself 1
himself 1
himself 1
himself 1
himself 1
himself 1
himself 1
himself 1
himself 1
himself 1
himself 1
himself 1
himself 1
himself 1
himself 1
himself 1
himself 1
himself 1
himself 1
himself 1
himself 1
himself 1
himself 1
himself 1
himself 1
himself 1
himself 1
himself 1
himself 1
himself 1
himself 1
himself 1
himself 1
himself 1
himself 1
himself 1
himself 1
himself 1
himself 1
himself 1
himself 1
himself 1
himself 1
himself 1
himself 1
himself 1
himself 1
himself 1
himself 1
himself 1
himself 1
himself 1
himself 1
himself 1
himself 1
himself 1
himself 1
himself 1
himself 1
himself 1
himself 1
himself 1
himself 1
himself 1
himself 1
himself 1
himself 1
himself 1
himself 1
himself 1
himself 1
himself 1
himself 1
himself 1
himself 1
himself 1
himself 1
himself 1
himself 1
himself 1
himself 1
himself 1
himself 1
himself 1
himself 1
himself 1
himself 1
himself 1
himself 1
himself 1
himself 1
himself 1
himself 1
himself 1
himself 1
himself 1
himself 1
himself 1
himself 1
himself 1
himself 1
himself 1
himself 1
himself 1
himself 1
himself 1
himself 1
himself 1
himself 1
himself 1
himself 1
himself 1
himself 1
himself 1
himself 1
himself 1
himself 1
himself 1
himself 1
himself 1
himself 1
himself 1
himself 1
himself 1
himself 1
himself 1
himself 1
himself 1
himself 1
himself 1
himself 1
himself 1
himself 1
himself 1
himself 1
himself 1
himself 1
himself 1
himself 1
himself 1
himself 1
himself 1
himself 1
himself 1
himself 1
himself 1
himself 1
himself 1
himself 1
himself 1
himself 1
himself 1
himself 1
himself 1
himself 1
himself 1
himself 1
himself 1
himself 1
himself 1
himself 1
himself 1
himself 1
himself 1
himself 1
himself 1
himself 1
himself 1
himself 1
himself 1
himself 1
hinder 1
hissed 1
hobbled 1
holder 1
holder 1
holder 1
holder 1
hoped 1
hoped 1
hoped 1
hoped 1
hopped 1
hopped 1
hopped 1
hopped 1
hornet 1
horror 1
horror 1
horror 1
hour 1
hour 1
hour 1
hour 1
hour 1
hour 1
hour 1
hour 1
hour 1
hour 1
hour 1
hour 1
hour 1
hour 1
hour 1
hour 1
hour 1
hour 1
hour 1
hour 1
hugged 1
hugged 1
hump 1
hundred 1
hundred 1
hundred 1
hundred 1
hundred 1
hundred 1
hundred 1
hundred 1
hundred 1
hundred 1
hundred 1
hundred 1
hundred 1
hundred 1
hundred 1
hundred 1
hundred 1
hundred 1
hundred 1
hundred 1
hundred 1
hundred 1
hundred 1
huntsmen 1
huntsmen 1
huntsmen 1
huntsmen 1
huntsmen 1
huntsmen 1
huntsmen 1
huntsmen 1
huntsmen 1
huntsmen 1
huntsmen 1
huntsmen 1
huntsmen 1
huntsmen 1
huntsmen 1
huntsmen 1
huntsmen 1
huntsmen 1
huntsmen 1
huntsmen 1
huntsmen 1
huntsmen 1
huntsmen 1
hurts 1
identification 1
identify 1
imp 1
important 1
include 1
information 1
information 1
information 1
infringement 1
innocent 1
innocent 1
innocent 1
innocent 1
insignificant 1
insolence 1
instantly 1
instantly 1
intend 1
intention 1
intention 1
intention 1
interpreted 1
join 1
jug 1
jug 1
jug 1
jug 1
jug 1
jug 1
jug 1
jug 1
jug 1
jug 1
juiciest 1
kept 1
kept 1
kept 1
kept 1
kept 1
kept 1
kept 1
kept 1
kept 1
kept 1
kept 1
kept 1
kept 1
kept 1
kept 1
kept 1
kept 1
kept 1
kept 1
kid 1
kid 1
kid 1
kid 1
kill 1
kill 1
kill 1
kill 1
kill 1
kill 1
kill 1
kill 1
kill 1
kill 1
kill 1
kill 1
kill 1
kill 1
kill 1
kill 1
kill 1
kill 1
kill 1
kill 1
kill 1
kill 1
kill 1
kill 1
kill 1
kill 1
kill 1
kill 1
kill 1
kind 1
kind 1
kind 1
kind 1
kind 1
kind 1
kind 1
kind 1
kind 1
kind 1
kind 1
kind 1
kind 1
kind 1
kind 1
kind 1
kind 1
kind 1
kind 1
kind 1
kind 1
kind 1
kind 1
kind 1
kind 1
kind 1
kings 1
kings 1
kings 1
kings 1
kings 1
kneaded 1
knights 1
knights 1
knights 1
knights 1
knives 1
knocking 1
knocking 1
knocking 1
knocking 1
landmark 1
landmark 1
lands 1
late 1
late 1
late 1
late 1
late 1
late 1
late 1
late 1
late 1
late 1
late 1
late 1
length 1
length 1
length 1
length 1
length 1
length 1
length 1
length 1
length 1
length 1
length 1
length 1
length 1
length 1
length 1
length 1
length 1
length 1
length 1
length 1
length 1
length 1
length 1
length 1
length 1
length 1
length 1
length 1
lets 1
licked 1
licked 1
life 1
life 1
life 1
life 1
life 1
life 1
life 1
life 1
life 1
life 1
life 1
life 1
life 1
life 1
life 1
life 1
life 1
life 1
life 1
life 1
life 1
life 1
life 1
life 1
life 1
life 1
life 1
life 1
life 1
life 1
life 1
life 1
life 1
life 1
life 1
life 1
life 1
life 1
life 1
life 1
life 1
lightning 1
lightning 1
lightning 1
lightning 1
lightning 1
liking 1
liking 1
limitation 1
limitation 1
limitation 1
lion 1
lion 1
lion 1
lion 1
lion 1
lion 1
lion 1
lion 1
lion 1
lion 1
lion 1
lion 1
lion 1
lion 1
lion 1
lion 1
lion 1
lion 1
lion 1
lion 1
lion 1
lion 1
lion 1
lion 1
lion 1
lion 1
load 1
load 1
load 1
load 1
load 1
locked 1
locked 1
locked 1
locked 1
locked 1
locked 1
log 1
log 1
log 1
longing 1
longing 1
loud 1
loud 1
loud 1
loud 1
loud 1
loud 1
loud 1
loud 1
loud 1
loud 1
loud 1
loud 1
loud 1
loud 1
loud 1
loud 1
lump 1
lump 1
lump 1
maiden 1
maiden 1
maiden 1
maiden 1
maiden 1
maiden 1
maiden 1
maiden 1
maiden 1
maiden 1
maiden 1
maiden 1
maiden 1
maiden 1
maiden 1
maiden 1
maiden 1
maiden 1
maiden 1
maiden 1
maiden 1
maiden 1
maiden 1
maiden 1
maiden 1
maiden 1
maiden 1
marched 1
marched 1
meek 1
meek 1
merrily 1
merrily 1
merrily 1
merrily 1
merrily 1
merrily 1
merrily 1
merrily 1
merrymaking 1
messengers 1
messengers 1
messengers 1
messengers 1
millers 1
mind 1
mind 1
mind 1
mind 1
mind 1
mind 1
mind 1
mind 1
mind 1
mind 1
mind 1
mind 1
mind 1
mind 1
mind 1
mind 1
mind 1
mind 1
mind 1
mind 1
mind 1
mind 1
mind 1
mind 1
mind 1
mind 1
mind 1
mission 1
mission 1
mission 1
mistaken 1
mistaken 1
moist 1
morsel 1
morsel 1
motion 1
moving 1
moving 1
murderous 1
mysterious 1
mysterious 1
naughty 1
nay 1
neat 1
neat 1
neat 1
neat 1
necessarily 1
nine 1
nine 1
nine 1
nine 1
nine 1
nine 1
nine 1
nobleman 1
nobleman 1
nodded 1
nodded 1
none 1
none 1
none 1
none 1
none 1
none 1
none 1
none 1
none 1
none 1
none 1
none 1
none 1
none 1
none 1
none 1
noon 1
noon 1
noon 1
noon 1
noon 1
noon 1
numbers 1
one 1
one 1
one 1
one 1
one 1
one 1
one 1
one 1
one 1
one 1
one 1
one 1
one 1
one 1
one 1
one 1
one 1
one 1
one 1
one 1
one 1
one 1
one 1
one 1
one 1
one 1
one 1
one 1
one 1
one 1
one 1
one 1
one 1
one 1
one 1
one 1
one 1
one 1
one 1
one 1
one 1
one 1
one 1
one 1
one 1
one 1
one 1
one 1
one 1
one 1
one 1
one 1
one 1
one 1
one 1
one 1
one 1
one 1
one 1
one 1
one 1
one 1
one 1
one 1
one 1
one 1
one 1
one 1
one 1
one 1
one 1
one 1
one 1
one 1
one 1
one 1
one 1
one 1
one 1
one 1
one 1
one 1
one 1
one 1
one 1
one 1
one 1
one 1
one 1
one 1
one 1
one 1
one 1
one 1
one 1
one 1
one 1
one 1
one 1
one 1
one 1
one 1
one 1
one 1
one 1
one 1
one 1
one 1
one 1
one 1
one 1
one 1
one 1
one 1
one 1
one 1
one 1
one 1
one 1
one 1
one 1
one 1
one 1
one 1
one 1
one 1
one 1
one 1
one 1
one 1
one 1
one 1
one 1
one 1
one 1
one 1
one 1
one 1
one 1
one 1
one 1
one 1
one 1
one 1
one 1
one 1
one 1
one 1
one 1
one 1
one 1
one 1
one 1
one 1
one 1
one 1
one 1
one 1
one 1
one 1
one 1
one 1
one 1
one 1
one 1
one 1
one 1
one 1
one 1
one 1
one 1
one 1
one 1
one 1
one 1
one 1
one 1
one 1
one 1
one 1
one 1
one 1
one 1
one 1
one 1
one 1
one 1
one 1
one 1
one 1
one 1
one 1
one 1
one 1
one 1
one 1
one 1
one 1
one 1
one 1
one 1
one 1
one 1
one 1
one 1
one 1
one 1
one 1
one 1
one 1
one 1
one 1
one 1
one 1
one 1
one 1
one 1
one 1
one 1
one 1
one 1
one 1
one 1
one 1
one 1
one 1
one 1
one 1
one 1
one 1
one 1
one 1
one 1
one 1
one 1
one 1
one 1
one 1
one 1
one 1
one 1
one 1
one 1
one 1
one 1
one 1
one 1
one 1
one 1
one 1
one 1
one 1
one 1
one 1
one 1
one 1
one 1
one 1
one 1
one 1
one 1
one 1
one 1
one 1
one 1
one 1
one 1
one 1
one 1
one 1
one 1
one 1
one 1
one 1
one 1
one 1
one 1
one 1
one 1
one 1
one 1
one 1
one 1
one 1
one 1
one 1
one 1
one 1
one 1
one 1
one 1
one 1
one 1
one 1
one 1
one 1
one 1
one 1
one 1
one 1
one 1
one 1
one 1
one 1
one 1
one 1
one 1
one 1
one 1
one 1
one 1
one 1
one 1
one 1
one 1
one 1
one 1
one 1
one 1
one 1
one 1
one 1
one 1
one 1
one 1
one 1
one 1
one 1
one 1
one 1
one 1
one 1
one 1
one 1
one 1
one 1
one 1
one 1
one 1
one 1
one 1
one 1
one 1
one 1
one 1
one 1
one 1
one 1
one 1
one 1
one 1
one 1
one 1
one 1
one 1
one 1
one 1
one 1
one 1
one 1
one 1
one 1
one 1
one 1
one 1
one 1
one 1
one 1
one 1
one 1
one 1
one 1
one 1
one 1
one 1
one 1
one 1
only 1
only 1
only 1
only 1
only 1
only 1
only 1
only 1
only 1
only 1
only 1
only 1
only 1
only 1
only 1
only 1
only 1
only 1
only 1
only 1
only 1
only 1
only 1
only 1
only 1
only 1
only 1
only 1
only 1
only 1
only 1
only 1
only 1
only 1
only 1
only 1
only 1
only 1
only 1
only 1
only 1
only 1
only 1
only 1
only 1
only 1
only 1
only 1
only 1
only 1
only 1
only 1
only 1
only 1
only 1
only 1
only 1
only 1
only 1
only 1
only 1
only 1
only 1
only 1
only 1
only 1
only 1
only 1
only 1
only 1
only 1
only 1
only 1
only 1
only 1
only 1
only 1
only 1
only 1
only 1
only 1
only 1
only 1
only 1
only 1
only 1
only 1
only 1
only 1
only 1
only 1
only 1
only 1
only 1
only 1
only 1
only 1
only 1
only 1
only 1
only 1
only 1
only 1
only 1
only 1
only 1
only 1
only 1
only 1
only 1
only 1
only 1
only 1
only 1
only 1
order 1
order 1
order 1
order 1
order 1
order 1
order 1
order 1
order 1
order 1
order 1
order 1
order 1
order 1
order 1
order 1
order 1
org 1
org 1
org 1
org 1
org 1
org 1
org 1
org 1
org 1
org 1
org 1
org 1
org 1
originator 1
ourselves 1
ourselves 1
ourselves 1
ourselves 1
ourselves 1
ourselves 1
ourselves 1
ourselves 1
overcome 1
overcome 1
overcome 1
overcome 1
overcome 1
overcome 1
overcome 1
overflowing 1
overhung 1
pail 1
pail 1
pail 1
palace 1
palace 1
palace 1
palace 1
palace 1
palace 1
palace 1
palace 1
palace 1
palace 1
palace 1
palace 1
palace 1
palace 1
palace 1
palace 1
palace 1
palace 1
palace 1
palace 1
palace 1
palace 1
palace 1
palace 1
palace 1
palace 1
palace 1
palace 1
palace 1
palace 1
palace 1
palace 1
paltry 1
particularly 1
patch 1
patch 1
paying 1
paying 1
peace 1
peace 1
peace 1
peace 1
peace 1
peace 1
peace 1
peace 1
peace 1
peace 1
peace 1
peace 1
peace 1
peace 1
peace 1
peace 1
pebble 1
pedlar 1
peel 1
permitted 1
permitted 1
pglaf 1
pglaf 1
pglaf 1
pglaf 1
pglaf 1
pglaf 1
pglaf 1
pincers 1
pined 1
plague 1
plague 1
plagued 1
plagued 1
pleased 1
pleased 1
pleased 1
pleased 1
pleased 1
pleased 1
pleased 1
pleased 1
pleased 1
pleased 1
pleased 1
pleased 1
pleased 1
pleased 1
pleased 1
pleased 1
pleased 1
pleased 1
pleased 1
pleased 1
pleased 1
pleased 1
pleased 1
pleased 1
pleased 1
pleased 1
pleased 1
plucked 1
plucked 1
plucked 1
plucked 1
plucked 1
plucked 1
plucked 1
plump 1
plump 1
plump 1
point 1
point 1
point 1
point 1
pomp 1
pomp 1
pomp 1
pomp 1
pots 1
pots 1
powerful 1
powerful 1
pressed 1
pressed 1
princes 1
princes 1
princes 1
princes 1
princes 1
princes 1
princes 1
princes 1
princes 1
princes 1
prize 1
prize 1
prize 1
prize 1
prize 1
prize 1
prize 1
proposition 1
prospered 1
providing 1
providing 1
providing 1
providing 1
puddings 1
puddings 1
punished 1
punished 1
quarrelling 1
quarter 1
quarter 1
quarter 1
quench 1
quench 1
rank 1
ransom 1
rate 1
rate 1
rate 1
rate 1
rate 1
rate 1
rate 1
rate 1
rate 1
rate 1
read 1
read 1
read 1
read 1
read 1
read 1
read 1
read 1
read 1
read 1
reading 1
reading 1
reality 1
reality 1
receipt 1
receipt 1
receives 1
registered 1
registered 1
remove 1
replace 1
replacement 1
replacement 1
replacement 1
resound 1
resting 1
resting 1
rider 1
right 1
right 1
right 1
right 1
right 1
right 1
right 1
right 1
right 1
right 1
right 1
right 1
right 1
right 1
right 1
right 1
right 1
right 1
right 1
right 1
right 1
right 1
right 1
right 1
right 1
right 1
right 1
right 1
right 1
right 1
right 1
right 1
right 1
right 1
right 1
right 1
right 1
right 1
right 1
right 1
right 1
right 1
right 1
right 1
right 1
right 1
right 1
right 1
right 1
road 1
road 1
road 1
road 1
road 1
road 1
road 1
road 1
road 1
road 1
road 1
road 1
road 1
road 1
road 1
road 1
road 1
road 1
road 1
road 1
road 1
road 1
road 1
road 1
road 1
road 1
road 1
road 1
road 1
roamed 1
roar 1
roaring 1
roaring 1
roaring 1
roaring 1
roasts 1
robbed 1
robbed 1
robbed 1
robber 1
robber 1
rocks 1
rocks 1
rocks 1
rocks 1
rocks 1
rocks 1
rolls 1
rolls 1
roved 1
rue 1
rue 1
rue 1
rue 1
rue 1
saves 1
saving 1
saving 1
saving 1
scarcely 1
scarcely 1
scarcely 1
scarcely 1
scarcely 1
scarcely 1
scarcely 1
scarcely 1
scarcely 1
scarcely 1
scarcely 1
scarcely 1
scarcely 1
scarlet 1
scarlet 1
scarlet 1
scorching 1
send 1
send 1
send 1
send 1
send 1
send 1
send 1
send 1
services 1
shall 1
shall 1
shall 1
shall 1
shall 1
shall 1
shall 1
shall 1
shall 1
shall 1
shall 1
shall 1
shall 1
shall 1
shall 1
shall 1
shall 1
shall 1
shall 1
shall 1
shall 1
shall 1
shall 1
shall 1
shall 1
shall 1
shall 1
shall 1
shall 1
shall 1
shall 1
shall 1
shall 1
shall 1
shall 1
shall 1
shall 1
shall 1
shall 1
shall 1
shall 1
shall 1
shall 1
shall 1
shall 1
shall 1
shall 1
shall 1
shall 1
shall 1
shall 1
shall 1
shall 1
shall 1
shall 1
shall 1
shall 1
shall 1
shall 1
shall 1
shall 1
shall 1
shall 1
shall 1
shall 1
shall 1
shall 1
shall 1
shall 1
shall 1
shall 1
shall 1
shall 1
shall 1
shall 1
shall 1
shall 1
shall 1
shall 1
shall 1
shall 1
shall 1
shall 1
shall 1
shall 1
shall 1
shall 1
shall 1
shall 1
shall 1
shall 1
shall 1
shall 1
shall 1
shall 1
shall 1
shall 1
shall 1
shall 1
shall 1
shall 1
shall 1
shall 1
shall 1
shall 1
shall 1
shall 1
shall 1
shall 1
shall 1
shall 1
shall 1
shall 1
shall 1
shall 1
shall 1
shall 1
shall 1
shall 1
shall 1
shall 1
shall 1
shall 1
shall 1
shall 1
shall 1
shall 1
shall 1
shall 1
shall 1
shall 1
shall 1
shall 1
shall 1
shall 1
shall 1
shall 1
shall 1
shall 1
shall 1
shall 1
shall 1
shall 1
shall 1
shall 1
shall 1
shall 1
shall 1
shall 1
shall 1
shall 1
shall 1
shall 1
shall 1
shall 1
shall 1
shall 1
shall 1
shall 1
shall 1
shall 1
shall 1
shall 1
shall 1
shall 1
shall 1
shall 1
shall 1
shame 1
shame 1
shame 1
shame 1
shame 1
shame 1
shapes 1
shines 1
shinest 1
shinest 1
shook 1
shook 1
shook 1
shook 1
shook 1
shook 1
shook 1
shook 1
shook 1
shook 1
shook 1
shook 1
shook 1
shut 1
shut 1
shut 1
shut 1
shut 1
shut 1
shut 1
shut 1
shut 1
shut 1
shut 1
shut 1
shut 1
shut 1
shut 1
shut 1
shut 1
shut 1
shut 1
shut 1
shut 1
shut 1
shut 1
shut 1
shut 1
shut 1
shut 1
sir 1
sir 1
sir 1
sir 1
sir 1
sir 1
skein 1
slippers 1
slippers 1
slippers 1
sluggards 1
slut 1
smacked 1
smiled 1
smiled 1
smiled 1
snip 1
snuff 1
so 1
so 1
so 1
so 1
so 1
so 1
so 1
so 1
so 1
so 1
so 1
so 1
so 1
so 1
so 1
so 1
so 1
so 1
so 1
so 1
so 1
so 1
so 1
so 1
so 1
so 1
so 1
so 1
so 1
so 1
so 1
so 1
so 1
so 1
so 1
so 1
so 1
so 1
so 1
so 1
so 1
so 1
so 1
so 1
so 1
so 1
so 1
so 1
so 1
so 1
so 1
so 1
so 1
so 1
so 1
so 1
so 1
so 1
so 1
so 1
so 1
so 1
so 1
so 1
so 1
so 1
so 1
so 1
so 1
so 1
so 1
so 1
so 1
so 1
so 1
so 1
so 1
so 1
so 1
so 1
so 1
so 1
so 1
so 1
so 1
so 1
so 1
so 1
so 1
so 1
so 1
so 1
so 1
so 1
so 1
so 1
so 1
so 1
so 1
so 1
so 1
so 1
so 1
so 1
so 1
so 1
so 1
so 1
so 1
so 1
so 1
so 1
so 1
so 1
so 1
so 1
so 1
so 1
so 1
so 1
so 1
so 1
so 1
so 1
so 1
so 1
so 1
so 1
so 1
so 1
so 1
so 1
so 1
so 1
so 1
so 1
so 1
so 1
so 1
so 1
so 1
so 1
so 1
so 1
so 1
so 1
so 1
so 1
so 1
so 1
so 1
so 1
so 1
so 1
so 1
so 1
so 1
so 1
so 1
so 1
so 1
so 1
so 1
so 1
so 1
so 1
so 1
so 1
so 1
so 1
so 1
so 1
so 1
so 1
so 1
so 1
so 1
so 1
so 1
so 1
so 1
so 1
so 1
so 1
so 1
so 1
so 1
so 1
so 1
so 1
so 1
so 1
so 1
so 1
so 1
so 1
so 1
so 1
so 1
so 1
so 1
so 1
so 1
so 1
so 1
so 1
so 1
so 1
so 1
so 1
so 1
so 1
so 1
so 1
so 1
so 1
so 1
so 1
so 1
so 1
so 1
so 1
so 1
so 1
so 1
so 1
so 1
so 1
so 1
so 1
so 1
so 1
so 1
so 1
so 1
so 1
so 1
so 1
so 1
so 1
so 1
so 1
so 1
so 1
so 1
so 1
so 1
so 1
so 1
so 1
so 1
so 1
so 1
so 1
so 1
so 1
so 1
so 1
so 1
so 1
so 1
so 1
so 1
so 1
so 1
so 1
so 1
so 1
so 1
so 1
so 1
so 1
so 1
so 1
so 1
so 1
so 1
so 1
so 1
so 1
so 1
so 1
so 1
so 1
so 1
so 1
so 1
so 1
so 1
so 1
so 1
so 1
so 1
so 1
so 1
so 1
so 1
so 1
so 1
so 1
so 1
so 1
so 1
so 1
so 1
so 1
so 1
so 1
so 1
so 1
so 1
so 1
so 1
so 1
so 1
so 1
so 1
so 1
so 1
so 1
so 1
so 1
so 1
so 1
so 1
so 1
so 1
so 1
so 1
so 1
so 1
so 1
so 1
so 1
so 1
so 1
so 1
so 1
so 1
so 1
so 1
so 1
so 1
so 1
so 1
so 1
so 1
so 1
so 1
so 1
so 1
so 1
so 1
so 1
so 1
so 1
so 1
so 1
so 1
so 1
so 1
so 1
so 1
so 1
so 1
so 1
so 1
so 1
so 1
so 1
so 1
so 1
so 1
so 1
so 1
so 1
so 1
so 1
so 1
so 1
so 1
so 1
so 1
so 1
so 1
so 1
so 1
so 1
so 1
so 1
so 1
so 1
so 1
so 1
so 1
so 1
so 1
so 1
so 1
so 1
so 1
so 1
so 1
so 1
so 1
so 1
so 1
so 1
so 1
so 1
so 1
so 1
so 1
so 1
so 1
so 1
so 1
so 1
so 1
so 1
so 1
so 1
so 1
so 1
so 1
so 1
so 1
so 1
so 1
so 1
so 1
so 1
so 1
so 1
so 1
so 1
so 1
so 1
so 1
so 1
so 1
so 1
so 1
so 1
so 1
so 1
so 1
so 1
so 1
so 1
so 1
so 1
so 1
so 1
so 1
so 1
so 1
so 1
so 1
so 1
so 1
so 1
so 1
so 1
so 1
so 1
so 1
so 1
so 1
so 1
so 1
so 1
so 1
so 1
so 1
so 1
so 1
so 1
so 1
so 1
so 1
so 1
so 1
so 1
so 1
so 1
so 1
so 1
so 1
so 1
so 1
so 1
so 1
so 1
so 1
so 1
so 1
so 1
so 1
so 1
so 1
so 1
so 1
so 1
so 1
so 1
so 1
so 1
so 1
so 1
so 1
so 1
so 1
so 1
so 1
so 1
so 1
so 1
so 1
so 1
so 1
so 1
so 1
so 1
so 1
so 1
so 1
so 1
so 1
so 1
so 1
so 1
so 1
so 1
so 1
so 1
so 1
so 1
so 1
so 1
so 1
so 1
so 1
so 1
so 1
so 1
so 1
so 1
so 1
so 1
so 1
so 1
so 1
so 1
so 1
so 1
so 1
so 1
so 1
so 1
so 1
so 1
so 1
so 1
sock 1
soft 1
soft 1
soft 1
soft 1
soft 1
soft 1
somebody 1
somebody 1
somebody 1
somebody 1
son 1
son 1
son 1
son 1
son 1
son 1
son 1
son 1
son 1
son 1
son 1
son 1
son 1
son 1
son 1
son 1
son 1
son 1
son 1
son 1
son 1
son 1
son 1
son 1
son 1
son 1
son 1
son 1
son 1
son 1
son 1
son 1
son 1
son 1
son 1
son 1
son 1
son 1
son 1
son 1
son 1
son 1
son 1
son 1
son 1
son 1
son 1
son 1
son 1
son 1
son 1
son 1
son 1
son 1
son 1
son 1
son 1
son 1
son 1
son 1
son 1
son 1
son 1
son 1
son 1
son 1
son 1
son 1
son 1
son 1
son 1
son 1
son 1
son 1
son 1
son 1
son 1
son 1
son 1
son 1
son 1
son 1
son 1
son 1
son 1
son 1
son 1
son 1
son 1
son 1
son 1
son 1
son 1
son 1
son 1
son 1
son 1
son 1
son 1
son 1
son 1
son 1
son 1
son 1
son 1
son 1
son 1
son 1
son 1
son 1
son 1
son 1
son 1
son 1
son 1
sooner 1
sooner 1
sooner 1
sooner 1
sorrow 1
sorrow 1
sorrow 1
sorrow 1
sort 1
sort 1
sort 1
sort 1
sort 1
sort 1
sort 1
sort 1
sort 1
spangled 1
spat 1
spat 1
speak 1
speak 1
speak 1
speak 1
speak 1
speak 1
speak 1
speak 1
speak 1
speak 1
speak 1
speak 1
speak 1
speak 1
speak 1
speak 1
speak 1
speak 1
speak 1
speak 1
speak 1
speak 1
specified 1
specified 1
speech 1
spell 1
spell 1
spell 1
spell 1
spell 1
spell 1
spell 1
spell 1
spell 1
spellbound 1
spend 1
spend 1
spend 1
spirited 1
splendour 1
spoonful 1
spot 1
spot 1
spot 1
spot 1
spot 1
spot 1
spot 1
spot 1
spot 1
spot 1
spot 1
spot 1
spot 1
spot 1
spot 1
spot 1
spot 1
spot 1
spun 1
spun 1
spun 1
spun 1
spun 1
spun 1
stairs 1
stairs 1
stairs 1
stairs 1
stairs 1
stairs 1
stairs 1
stairs 1
stairs 1
stairs 1
stairs 1
stairs 1
stairs 1
stairs 1
stairs 1
stall 1
stall 1
stall 1
stall 1
stall 1
stand 1
stand 1
stand 1
stand 1
stand 1
stand 1
stand 1
stand 1
stand 1
stand 1
stand 1
stand 1
stand 1
stand 1
stand 1
staring 1
start 1
start 1
start 1
statements 1
status 1
status 1
status 1
status 1
stays 1
steady 1
steak 1
steak 1
steak 1
steak 1
steak 1
steak 1
steak 1
steak 1
steak 1
steak 1
stooped 1
stooped 1
stooped 1
stooped 1
stooped 1
stores 1
stream 1
stream 1
stream 1
stream 1
stream 1
stream 1
stream 1
stream 1
stream 1
stream 1
stream 1
stream 1
stretched 1
stretched 1
stretched 1
stretched 1
stretched 1
stretched 1
stretched 1
stretched 1
stretched 1
stretched 1
stretched 1
stretched 1
stretched 1
stretched 1
stretched 1
stretched 1
stretched 1
stretched 1
stretched 1
strike 1
strike 1
strike 1
strike 1
strike 1
suddenly 1
suddenly 1
suddenly 1
suddenly 1
suddenly 1
suddenly 1
suddenly 1
suddenly 1
suddenly 1
suddenly 1
suddenly 1
suddenly 1
suddenly 1
sugarloaf 1
sugarloaf 1
suits 1
sunbeams 1
suspected 1
sweet 1
sweet 1
sweet 1
sweet 1
sweet 1
sweet 1
sweet 1
sweet 1
sweet 1
switch 1
swung 1
swung 1
swung 1
tablet 1
tablet 1
tablet 1
tacked 1
taking 1
taking 1
taking 1
taking 1
taking 1
taking 1
taking 1
taking 1
taking 1
taking 1
taking 1
talk 1
talk 1
talk 1
talk 1
talk 1
talk 1
talk 1
talk 1
talk 1
tarry 1
tarry 1
tasting 1
tasting 1
tear 1
tear 1
tear 1
tear 1
tear 1
tempting 1
terrified 1
terrified 1
terrified 1
terrified 1
terrified 1
terrified 1
terrified 1
terrified 1
terrified 1
thank 1
thank 1
thank 1
thank 1
their 1
their 1
their 1
their 1
their 1
their 1
their 1
their 1
their 1
their 1
their 1
their 1
their 1
their 1
their 1
their 1
their 1
their 1
their 1
their 1
their 1
their 1
their 1
their 1
their 1
their 1
their 1
their 1
their 1
their 1
their 1
their 1
their 1
their 1
their 1
their 1
their 1
their 1
their 1
their 1
their 1
their 1
their 1
their 1
their 1
their 1
their 1
their 1
their 1
their 1
their 1
their 1
their 1
their 1
their 1
their 1
their 1
their 1
their 1
their 1
their 1
their 1
their 1
their 1
their 1
their 1
their 1
their 1
their 1
their 1
their 1
their 1
their 1
their 1
their 1
their 1
their 1
their 1
their 1
their 1
their 1
their 1
their 1
their 1
their 1
their 1
their 1
their 1
their 1
their 1
their 1
their 1
their 1
their 1
their 1
their 1
their 1
their 1
their 1
their 1
their 1
their 1
their 1
their 1
their 1
their 1
their 1
their 1
their 1
their 1
their 1
their 1
their 1
their 1
their 1
their 1
their 1
their 1
their 1
their 1
their 1
their 1
their 1
their 1
their 1
their 1
their 1
their 1
their 1
their 1
their 1
their 1
their 1
their 1
their 1
their 1
their 1
their 1
their 1
their 1
their 1
their 1
their 1
their 1
their 1
their 1
their 1
their 1
their 1
their 1
their 1
their 1
their 1
their 1
their 1
their 1
their 1
their 1
their 1
their 1
their 1
their 1
their 1
their 1
their 1
their 1
their 1
their 1
their 1
their 1
their 1
their 1
their 1
their 1
their 1
their 1
their 1
their 1
their 1
their 1
their 1
their 1
their 1
their 1
their 1
their 1
their 1
their 1
their 1
their 1
their 1
their 1
their 1
their 1
their 1
their 1
their 1
their 1
their 1
their 1
their 1
their 1
their 1
their 1
their 1
their 1
their 1
their 1
their 1
their 1
their 1
their 1
their 1
their 1
their 1
their 1
their 1
their 1
their 1
their 1
their 1
their 1
their 1
their 1
their 1
their 1
their 1
their 1
their 1
their 1
their 1
their 1
their 1
their 1
their 1
their 1
their 1
their 1
their 1
therefore 1
therefore 1
therefore 1
therefore 1
therefore 1
therefore 1
therefore 1
therefore 1
therefore 1
therefore 1
therefore 1
therefore 1
therefore 1
therefore 1
therefore 1
therefore 1
therefore 1
therefore 1
therefore 1
therefore 1
therefore 1
therefore 1
therefore 1
therefore 1
therefore 1
therefore 1
thereupon 1
thereupon 1
thieves 1
thieves 1
thieves 1
thieves 1
thieves 1
thieves 1
thieves 1
thieves 1
thieves 1
thieves 1
thieves 1
thieves 1
think 1
think 1
think 1
think 1
think 1
think 1
think 1
think 1
think 1
think 1
think 1
think 1
think 1
think 1
think 1
think 1
think 1
think 1
think 1
think 1
think 1
think 1
think 1
think 1
think 1
think 1
think 1
think 1
think 1
think 1
think 1
think 1
think 1
think 1
think 1
think 1
think 1
think 1
think 1
think 1
think 1
think 1
think 1
think 1
think 1
think 1
think 1
thousand 1
thousand 1
thousand 1
thousand 1
thousand 1
thousand 1
thousand 1
thousand 1
thousand 1
thousand 1
thousand 1
thousand 1
thousand 1
thread 1
thread 1
thread 1
thread 1
throat 1
throat 1
throat 1
throat 1
throat 1
throat 1
tight 1
tight 1
tight 1
tiled 1
tiled 1
times 1
times 1
times 1
times 1
times 1
times 1
times 1
times 1
times 1
times 1
times 1
times 1
times 1
times 1
times 1
times 1
times 1
times 1
tiresome 1
tiresome 1
tom 1
tongue 1
tongue 1
tongue 1
tongue 1
tongue 1
tongue 1
tongue 1
tongue 1
tongue 1
tore 1
tore 1
tore 1
tore 1
tore 1
tore 1
tore 1
tore 1
tore 1
tore 1
trampling 1
travel 1
travel 1
travel 1
travel 1
travel 1
travellers 1
travellers 1
tread 1
tread 1
true 1
true 1
true 1
true 1
true 1
true 1
true 1
true 1
true 1
true 1
true 1
true 1
true 1
true 1
true 1
true 1
true 1
true 1
true 1
true 1
true 1
true 1
true 1
true 1
true 1
true 1
true 1
true 1
true 1
true 1
true 1
true 1
true 1
true 1
true 1
true 1
true 1
true 1
true 1
tumbles 1
turnip 1
turnip 1
turnip 1
turnip 1
twelfth 1
twelfth 1
twelfth 1
twilight 1
understand 1
understand 1
understand 1
understand 1
understand 1
understand 1
understand 1
understand 1
understand 1
understand 1
understand 1
unhappily 1
unhappiness 1
until 1
until 1
until 1
until 1
until 1
until 1
until 1
until 1
until 1
until 1
until 1
until 1
until 1
until 1
until 1
until 1
until 1
until 1
until 1
until 1
until 1
until 1
until 1
until 1
until 1
until 1
until 1
until 1
until 1
until 1
until 1
until 1
until 1
until 1
until 1
until 1
until 1
until 1
until 1
until 1
until 1
until 1
until 1
until 1
until 1
until 1
until 1
until 1
until 1
until 1
until 1
until 1
until 1
until 1
until 1
until 1
until 1
until 1
until 1
until 1
vengeance 1
viewed 1
violently 1
violently 1
waggoner 1
waggoner 1
waggoner 1
waggoner 1
wandered 1
wandered 1
wandered 1
wandered 1
wandered 1
wandered 1
wanting 1
wanting 1
wanting 1
warn 1
washed 1
washed 1
washed 1
washed 1
washed 1
washed 1
washed 1
waves 1
waves 1
waves 1
waves 1
waves 1
waves 1
waves 1
weather 1
weather 1
weather 1
weather 1
weather 1
weather 1
weather 1
wedding 1
wedding 1
wedding 1
wedding 1
wedding 1
wedding 1
wedding 1
wedding 1
wedding 1
wedding 1
wedding 1
wedding 1
wedding 1
wedding 1
wedding 1
wedding 1
wedding 1
wedding 1
wedding 1
wedding 1
wedding 1
wedding 1
wedding 1
wedding 1
wedding 1
wedding 1
week 1
wherein 1
wherein 1
wherein 1
wherein 1
wherever 1
wherever 1
wherever 1
wherever 1
wherever 1
wherever 1
whirlwind 1
whirlwind 1
who 1
who 1
who 1
who 1
who 1
who 1
who 1
who 1
who 1
who 1
who 1
who 1
who 1
who 1
who 1
who 1
who 1
who 1
who 1
who 1
who 1
who 1
who 1
who 1
who 1
who 1
who 1
who 1
who 1
who 1
who 1
who 1
who 1
who 1
who 1
who 1
who 1
who 1
who 1
who 1
who 1
who 1
who 1
who 1
who 1
who 1
who 1
who 1
who 1
who 1
who 1
who 1
who 1
who 1
who 1
who 1
who 1
who 1
who 1
who 1
who 1
who 1
who 1
who 1
who 1
who 1
who 1
who 1
who 1
who 1
who 1
who 1
who 1
who 1
who 1
who 1
who 1
who 1
who 1
who 1
who 1
who 1
who 1
who 1
who 1
who 1
who 1
who 1
who 1
who 1
who 1
who 1
who 1
who 1
who 1
who 1
who 1
who 1
who 1
who 1
who 1
who 1
who 1
who 1
who 1
who 1
who 1
who 1
who 1
who 1
who 1
who 1
who 1
who 1
who 1
who 1
who 1
who 1
who 1
who 1
who 1
who 1
who 1
who 1
who 1
who 1
who 1
who 1
who 1
who 1
who 1
who 1
who 1
who 1
who 1
who 1
who 1
who 1
who 1
who 1
who 1
who 1
who 1
who 1
who 1
who 1
who 1
who 1
who 1
who 1
who 1
who 1
who 1
who 1
who 1
who 1
who 1
who 1
who 1
who 1
who 1
who 1
who 1
who 1
who 1
who 1
who 1
who 1
who 1
who 1
who 1
who 1
who 1
who 1
who 1
who 1
who 1
who 1
who 1
who 1
who 1
who 1
who 1
who 1
who 1
who 1
who 1
who 1
who 1
who 1
who 1
who 1
who 1
who 1
who 1
who 1
who 1
who 1
who 1
who 1
who 1
who 1
who 1
who 1
who 1
who 1
who 1
who 1
who 1
who 1
who 1
who 1
who 1
who 1
who 1
who 1
who 1
who 1
who 1
who 1
who 1
who 1
who 1
who 1
who 1
who 1
who 1
who 1
who 1
who 1
who 1
who 1
who 1
who 1
who 1
who 1
who 1
who 1
who 1
who 1
who 1
who 1
who 1
who 1
who 1
who 1
who 1
who 1
who 1
who 1
who 1
who 1
who 1
who 1
who 1
who 1
who 1
who 1
who 1
who 1
who 1
who 1
who 1
who 1
who 1
who 1
who 1
who 1
who 1
who 1
who 1
who 1
who 1
who 1
who 1
who 1
who 1
who 1
who 1
who 1
who 1
who 1
who 1
who 1
who 1
who 1
who 1
who 1
who 1
who 1
who 1
who 1
who 1
who 1
who 1
who 1
who 1
who 1
whosoever 1
whosoever 1
whosoever 1
window 1
window 1
window 1
window 1
window 1
window 1
window 1
window 1
window 1
window 1
window 1
window 1
window 1
window 1
window 1
window 1
window 1
window 1
window 1
window 1
window 1
window 1
window 1
window 1
window 1
window 1
window 1
window 1
window 1
window 1
window 1
window 1
window 1
window 1
window 1
window 1
window 1
window 1
window 1
window 1
window 1
window 1
window 1
window 1
window 1
window 1
window 1
window 1
window 1
window 1
window 1
window 1
without 1
without 1
without 1
without 1
without 1
without 1
without 1
without 1
without 1
without 1
without 1
without 1
without 1
without 1
without 1
without 1
without 1
without 1
without 1
without 1
without 1
without 1
without 1
without 1
without 1
without 1
without 1
without 1
without 1
without 1
without 1
without 1
without 1
without 1
without 1
without 1
without 1
without 1
without 1
without 1
without 1
without 1
without 1
without 1
without 1
without 1
without 1
without 1
without 1
without 1
without 1
without 1
without 1
without 1
without 1
without 1
without 1
without 1
without 1
without 1
withstand 1
woke 1
woke 1
wolf 1
wolf 1
wolf 1
wolf 1
wolf 1
wolf 1
wolf 1
wolf 1
wolf 1
wolf 1
wolf 1
wolf 1
wolf 1
wolf 1
wolf 1
wolf 1
wolf 1
wolf 1
wolf 1
wolf 1
wolf 1
wolf 1
wolf 1
wolf 1
wolf 1
wolf 1
wolf 1
wolf 1
wolf 1
wolf 1
wolf 1
wolf 1
wolf 1
wolf 1
wolf 1
wolf 1
wolf 1
wolf 1
wolf 1
wolf 1
wolf 1
wolf 1
wolf 1
wolf 1
wolf 1
wolf 1
wolf 1
wolf 1
wolf 1
wolf 1
wolf 1
wolf 1
wolf 1
wolf 1
wolf 1
wolf 1
wolf 1
wolf 1
wolf 1
wolf 1
wolf 1
wolf 1
wolf 1
wolf 1
wolf 1
wolf 1
wolf 1
wolf 1
wolf 1
wolf 1
wooed 1
works 1
works 1
works 1
works 1
works 1
works 1
works 1
works 1
works 1
works 1
works 1
works 1
works 1
works 1
works 1
works 1
works 1
works 1
works 1
works 1
works 1
works 1
works 1
works 1
works 1
works 1
works 1
works 1
works 1
works 1
works 1
works 1
works 1
worse 1
worse 1
worse 1
worse 1
worse 1
worse 1
worse 1
worse 1
worse 1
wren 1
wren 1
wren 1
wren 1
wren 1
wren 1
wren 1
writing 1
writing 1
writing 1
wrongs 1
wrongs 1
yours 1
yours 1
yours 1
