ANYTHING 1
After 1
After 1
After 1
After 1
Aren 1
Aren 1
CONTRACT 1
COPYRIGHTED 1
Close 1
Come 1
Come 1
Come 1
Come 1
David 1
David 1
David 1
David 1
David 1
Details 1
Drops 1
EBOOK 1
EBOOK 1
Getting 1
His 1
His 1
His 1
His 1
His 1
His 1
His 1
His 1
His 1
His 1
His 1
His 1
His 1
His 1
His 1
His 1
His 1
His 1
His 1
His 1
His 1
His 1
His 1
His 1
His 1
His 1
Is 1
PGLAF 1
PLEASE 1
PURPOSE 1
REFUND 1
Royalty 1
Royalty 1
Salt 1
She 1
She 1
She 1
She 1
She 1
She 1
She 1
She 1
She 1
She 1
She 1
She 1
She 1
She 1
She 1
She 1
She 1
She 1
She 1
She 1
She 1
She 1
She 1
She 1
She 1
Sir 1
Someone 1
THIS 1
THIS 1
THIS 1
THIS 1
THIS 1
Their 1
Their 1
Translator 1
True 1
Who 1
Wyllie 1
Wyllie 1
Wyllie 1
Wyllie 1
Wyllie 1
absolutely 1
absolutely 1
absolutely 1
accepting 1
aching 1
acquired 1
acquired 1
addresses 1
after 1
after 1
after 1
after 1
after 1
after 1
after 1
after 1
after 1
after 1
after 1
after 1
after 1
after 1
after 1
after 1
after 1
after 1
after 1
after 1
after 1
after 1
after 1
after 1
after 1
after 1
after 1
after 1
after 1
after 1
after 1
after 1
after 1
after 1
agreement 1
agreement 1
agreement 1
agreement 1
agreement 1
agreement 1
agreement 1
agreement 1
agreement 1
agreement 1
agreement 1
agreement 1
agreement 1
agreement 1
agreement 1
agreement 1
agreement 1
air 1
air 1
air 1
air 1
air 1
air 1
already 1
already 1
already 1
already 1
already 1
already 1
already 1
already 1
already 1
already 1
already 1
already 1
already 1
already 1
already 1
already 1
already 1
already 1
already 1
already 1
already 1
already 1
already 1
already 1
ancient 1
anything 1
anything 1
anything 1
anything 1
anything 1
anything 1
anything 1
anything 1
anything 1
anything 1
anything 1
anything 1
anything 1
anything 1
anything 1
armour 1
arrangement 1
arrangement 1
asked 1
asked 1
asked 1
asked 1
asked 1
asked 1
asked 1
asked 1
asked 1
asked 1
asked 1
asked 1
asked 1
asked 1
asked 1
asked 1
asleep 1
asleep 1
asleep 1
asleep 1
asleep 1
backs 1
barren 1
becoming 1
becoming 1
becoming 1
becoming 1
beds 1
beds 1
been 1
been 1
been 1
been 1
been 1
been 1
been 1
been 1
been 1
been 1
been 1
been 1
been 1
been 1
been 1
been 1
been 1
been 1
been 1
been 1
been 1
been 1
been 1
been 1
been 1
been 1
been 1
been 1
been 1
been 1
been 1
been 1
been 1
been 1
been 1
been 1
been 1
been 1
been 1
been 1
been 1
been 1
been 1
been 1
been 1
been 1
been 1
been 1
been 1
been 1
been 1
been 1
been 1
been 1
been 1
been 1
been 1
been 1
been 1
been 1
been 1
been 1
been 1
been 1
been 1
been 1
been 1
been 1
been 1
been 1
been 1
been 1
been 1
been 1
been 1
been 1
been 1
been 1
been 1
been 1
been 1
been 1
been 1
been 1
been 1
been 1
been 1
been 1
been 1
been 1
been 1
been 1
been 1
been 1
been 1
been 1
been 1
been 1
been 1
been 1
been 1
belly 1
belly 1
belly 1
better 1
better 1
better 1
better 1
better 1
better 1
better 1
better 1
better 1
better 1
better 1
better 1
better 1
better 1
better 1
better 1
better 1
better 1
better 1
better 1
bitter 1
bleeding 1
blew 1
blue 1
boa 1
bolted 1
bolted 1
bone 1
bother 1
bow 1
bread 1
bread 1
broad 1
broad 1
broad 1
built 1
bulk 1
business 1
business 1
business 1
business 1
business 1
business 1
business 1
business 1
business 1
business 1
business 1
business 1
business 1
business 1
business 1
business 1
business 1
call 1
call 1
call 1
call 1
calmness 1
caught 1
caught 1
caught 1
causing 1
causing 1
causing 1
certain 1
certain 1
chance 1
chance 1
chance 1
chance 1
chance 1
chance 1
chance 1
changed 1
changed 1
changed 1
charities 1
charwoman 1
charwoman 1
charwoman 1
charwoman 1
charwoman 1
charwoman 1
charwoman 1
charwoman 1
charwoman 1
check 1
check 1
cheek 1
cheek 1
childish 1
chin 1
chin 1
clock 1
clock 1
clock 1
clock 1
clock 1
clock 1
clock 1
clock 1
clock 1
clock 1
clock 1
clock 1
coats 1
codes 1
comfortable 1
comfortable 1
comfortable 1
committed 1
communication 1
completely 1
completely 1
completely 1
completely 1
completely 1
completely 1
completely 1
completely 1
completely 1
computers 1
computers 1
concealed 1
concentrated 1
conscience 1
considered 1
contented 1
convulsive 1
corporation 1
couch 1
couch 1
couch 1
couch 1
couch 1
couch 1
couch 1
couch 1
couch 1
couch 1
couch 1
couch 1
couch 1
couch 1
couch 1
couch 1
couch 1
cough 1
couple 1
couple 1
courage 1
cry 1
cry 1
data 1
dead 1
dead 1
declare 1
demands 1
describing 1
destination 1
differently 1
disappointed 1
discourtesy 1
discovery 1
distinct 1
distribution 1
distribution 1
distribution 1
distribution 1
distribution 1
distribution 1
disturbed 1
disturbed 1
disturbed 1
disturbed 1
doubt 1
drawers 1
drawers 1
drawers 1
drawers 1
drawers 1
drawers 1
drawers 1
drawers 1
drawers 1
dressed 1
dressed 1
dressed 1
dressed 1
dressed 1
dressed 1
dressed 1
dressed 1
dressed 1
driven 1
driven 1
dropped 1
dung 1
dung 1
eBook 1
eBook 1
eBook 1
eBook 1
eBook 1
eBook 1
eBook 1
ear 1
ear 1
eating 1
eating 1
eating 1
eating 1
eating 1
eating 1
eating 1
eating 1
edges 1
effects 1
emptied 1
enjoyed 1
ever 1
ever 1
ever 1
ever 1
ever 1
ever 1
ever 1
ever 1
ever 1
ever 1
ever 1
ever 1
exactly 1
exactly 1
exactly 1
exactly 1
excited 1
exhaustion 1
exists 1
expected 1
expected 1
expected 1
expected 1
expected 1
expected 1
expected 1
experience 1
experience 1
exporting 1
expressive 1
fact 1
fact 1
fact 1
fact 1
fact 1
fingers 1
fingers 1
flapped 1
flesh 1
floating 1
floor 1
floor 1
floor 1
floor 1
floor 1
floor 1
floor 1
floor 1
floor 1
floor 1
floor 1
floor 1
floor 1
floor 1
floor 1
floor 1
floor 1
floor 1
floor 1
floor 1
floor 1
floor 1
fog 1
fog 1
folds 1
foot 1
foot 1
foot 1
foot 1
foot 1
foot 1
forehead 1
freedom 1
fruit 1
funny 1
glance 1
glance 1
goes 1
going 1
going 1
going 1
going 1
going 1
going 1
going 1
going 1
going 1
grin 1
groundless 1
gruff 1
gushed 1
happy 1
hardly 1
hardly 1
hardly 1
hardly 1
hardly 1
hardly 1
hardly 1
hardly 1
hardly 1
hardly 1
hardly 1
hardly 1
hardly 1
haven 1
haven 1
headboard 1
heart 1
heaving 1
hefty 1
hope 1
hope 1
hope 1
hope 1
hope 1
hotel 1
hotel 1
house 1
house 1
humanly 1
hungrier 1
hungrier 1
imagine 1
imagine 1
imaginings 1
immobile 1
immobile 1
immobile 1
immobile 1
immobile 1
inch 1
indicating 1
indicating 1
indicating 1
injuring 1
instead 1
instead 1
instead 1
instead 1
instead 1
instead 1
intellectual 1
intellectual 1
intending 1
introduction 1
is 1
is 1
is 1
is 1
is 1
is 1
is 1
is 1
is 1
is 1
is 1
is 1
is 1
is 1
is 1
is 1
is 1
is 1
is 1
is 1
is 1
is 1
is 1
is 1
is 1
is 1
is 1
is 1
is 1
is 1
is 1
is 1
is 1
is 1
is 1
is 1
is 1
is 1
is 1
is 1
is 1
is 1
is 1
is 1
is 1
is 1
is 1
is 1
is 1
is 1
is 1
is 1
is 1
items 1
its 1
its 1
its 1
its 1
its 1
its 1
its 1
its 1
its 1
its 1
its 1
its 1
its 1
its 1
its 1
its 1
its 1
its 1
its 1
its 1
its 1
its 1
jobs 1
keys 1
knees 1
landed 1
landed 1
landed 1
law 1
law 1
leaves 1
leaving 1
leaving 1
leaving 1
leaving 1
leaving 1
leaving 1
lifted 1
lifted 1
lifted 1
lifted 1
lifted 1
lifted 1
line 1
line 1
line 1
located 1
located 1
located 1
located 1
locksmith 1
locksmith 1
locksmith 1
locksmith 1
long 1
long 1
long 1
long 1
long 1
long 1
long 1
long 1
long 1
long 1
long 1
long 1
long 1
long 1
long 1
long 1
long 1
long 1
long 1
long 1
long 1
long 1
loose 1
mad 1
mad 1
make 1
make 1
make 1
make 1
make 1
make 1
make 1
make 1
make 1
make 1
make 1
make 1
make 1
make 1
make 1
make 1
make 1
make 1
make 1
make 1
make 1
make 1
make 1
make 1
make 1
make 1
man 1
man 1
man 1
man 1
man 1
man 1
man 1
maximum 1
meantime 1
medicine 1
men 1
men 1
met 1
met 1
mistake 1
mixing 1
morning 1
morning 1
morning 1
morning 1
morning 1
morning 1
morning 1
morning 1
morning 1
morning 1
morning 1
morning 1
morning 1
morning 1
morning 1
morning 1
morning 1
morning 1
morning 1
morning 1
morning 1
morning 1
muster 1
necklace 1
never 1
never 1
never 1
never 1
never 1
never 1
never 1
never 1
never 1
never 1
never 1
never 1
never 1
never 1
never 1
never 1
never 1
never 1
never 1
never 1
nonproprietary 1
noticed 1
noticed 1
noticed 1
noticed 1
noticed 1
noticed 1
noticed 1
noticed 1
noticed 1
now 1
now 1
now 1
now 1
now 1
now 1
now 1
now 1
now 1
now 1
now 1
now 1
now 1
now 1
now 1
now 1
now 1
now 1
now 1
now 1
now 1
now 1
now 1
now 1
now 1
now 1
now 1
now 1
now 1
now 1
now 1
now 1
now 1
now 1
now 1
now 1
now 1
now 1
now 1
now 1
now 1
now 1
now 1
now 1
now 1
now 1
now 1
now 1
now 1
now 1
now 1
now 1
now 1
now 1
now 1
now 1
now 1
now 1
now 1
now 1
now 1
now 1
now 1
now 1
now 1
now 1
now 1
now 1
now 1
now 1
now 1
now 1
now 1
now 1
now 1
now 1
nuisance 1
numb 1
occupational 1
opening 1
opening 1
opening 1
ostrich 1
other 1
other 1
other 1
other 1
other 1
other 1
other 1
other 1
other 1
other 1
other 1
other 1
other 1
other 1
other 1
other 1
other 1
other 1
other 1
other 1
other 1
other 1
other 1
other 1
other 1
other 1
other 1
other 1
other 1
other 1
other 1
other 1
other 1
other 1
other 1
other 1
other 1
other 1
other 1
other 1
other 1
other 1
other 1
other 1
other 1
other 1
other 1
other 1
other 1
other 1
other 1
other 1
other 1
other 1
other 1
other 1
out 1
out 1
out 1
out 1
out 1
out 1
out 1
out 1
out 1
out 1
out 1
out 1
out 1
out 1
out 1
out 1
out 1
out 1
out 1
out 1
out 1
out 1
out 1
out 1
out 1
out 1
out 1
out 1
out 1
out 1
out 1
out 1
out 1
out 1
out 1
out 1
out 1
out 1
out 1
out 1
out 1
out 1
out 1
out 1
out 1
out 1
out 1
out 1
out 1
out 1
out 1
out 1
out 1
out 1
out 1
out 1
out 1
out 1
out 1
out 1
out 1
out 1
out 1
out 1
out 1
out 1
out 1
out 1
out 1
out 1
out 1
out 1
out 1
out 1
out 1
out 1
out 1
out 1
out 1
out 1
out 1
out 1
out 1
out 1
out 1
out 1
out 1
out 1
out 1
out 1
out 1
out 1
out 1
out 1
out 1
out 1
out 1
out 1
out 1
out 1
out 1
out 1
out 1
out 1
out 1
out 1
out 1
out 1
out 1
out 1
out 1
out 1
out 1
out 1
outdated 1
overnight 1
paid 1
paid 1
paid 1
paid 1
paid 1
paid 1
paid 1
paper 1
paper 1
paper 1
pay 1
pay 1
pay 1
pay 1
pay 1
pay 1
permanent 1
piece 1
playing 1
playing 1
playing 1
playing 1
playing 1
playing 1
playing 1
playing 1
playing 1
playing 1
playing 1
playing 1
playing 1
polished 1
polished 1
practically 1
pretend 1
prevent 1
prevent 1
proceed 1
proper 1
proper 1
proper 1
purpose 1
purpose 1
pushing 1
pushing 1
pushing 1
pushing 1
quarrel 1
readable 1
readable 1
real 1
real 1
receiving 1
recently 1
recently 1
recently 1
recommend 1
regular 1
remembered 1
remembered 1
remembered 1
resolved 1
royalties 1
royalties 1
royalty 1
rumination 1
salt 1
satisfaction 1
screams 1
secret 1
secret 1
secret 1
sections 1
seized 1
selection 1
selfish 1
shock 1
shock 1
shocking 1
shocking 1
shocking 1
shouted 1
shouted 1
shouted 1
shouted 1
shouted 1
shouts 1
sick 1
since 1
since 1
since 1
since 1
since 1
since 1
since 1
since 1
since 1
sister 1
sister 1
sister 1
sister 1
sister 1
sister 1
sister 1
sister 1
sister 1
sister 1
sister 1
sister 1
sister 1
sister 1
sister 1
sister 1
sister 1
sister 1
sister 1
sister 1
sister 1
sister 1
sister 1
sister 1
sister 1
sister 1
sister 1
sister 1
sister 1
sister 1
sister 1
sister 1
sister 1
sister 1
sister 1
sister 1
sister 1
sister 1
sister 1
sister 1
sister 1
sister 1
sister 1
sister 1
sister 1
sister 1
sister 1
sister 1
sister 1
sister 1
sister 1
sister 1
sister 1
sister 1
sister 1
sister 1
sister 1
sister 1
sister 1
sister 1
sister 1
sister 1
sister 1
sister 1
sister 1
sister 1
sister 1
sister 1
sister 1
sister 1
sister 1
sister 1
sister 1
sister 1
sister 1
sister 1
sister 1
sister 1
sister 1
sister 1
sister 1
sister 1
sister 1
sister 1
sister 1
sister 1
sister 1
sister 1
sister 1
sister 1
sister 1
sister 1
sister 1
sister 1
sister 1
sister 1
sister 1
sister 1
sister 1
sister 1
sister 1
slamming 1
slamming 1
slept 1
slept 1
smooth 1
snapping 1
softened 1
soles 1
some 1
some 1
some 1
some 1
some 1
some 1
some 1
some 1
some 1
some 1
some 1
some 1
some 1
some 1
some 1
some 1
some 1
some 1
some 1
some 1
some 1
some 1
some 1
some 1
some 1
some 1
some 1
some 1
some 1
some 1
some 1
some 1
some 1
some 1
some 1
some 1
some 1
some 1
some 1
something 1
something 1
something 1
something 1
something 1
something 1
something 1
something 1
something 1
something 1
something 1
something 1
something 1
something 1
something 1
something 1
something 1
something 1
something 1
something 1
something 1
something 1
something 1
something 1
something 1
something 1
something 1
sought 1
speaking 1
speaking 1
speaking 1
speaking 1
speaking 1
spit 1
spit 1
spoke 1
spoke 1
staff 1
staff 1
standing 1
standing 1
standing 1
starting 1
startling 1
stiff 1
stiff 1
stiff 1
still 1
still 1
still 1
still 1
still 1
still 1
still 1
still 1
still 1
still 1
still 1
still 1
still 1
still 1
still 1
still 1
still 1
still 1
still 1
still 1
still 1
still 1
still 1
still 1
still 1
still 1
still 1
still 1
still 1
still 1
still 1
still 1
still 1
still 1
still 1
still 1
still 1
still 1
still 1
still 1
still 1
still 1
still 1
still 1
strained 1
streets 1
struck 1
struck 1
struck 1
struck 1
struck 1
struck 1
stubbornness 1
stubbornness 1
stuck 1
stuck 1
subdued 1
sucking 1
supernatural 1
surprising 1
surprising 1
swishing 1
swore 1
table 1
table 1
table 1
table 1
table 1
table 1
table 1
table 1
table 1
table 1
table 1
table 1
table 1
table 1
table 1
table 1
table 1
table 1
table 1
teeth 1
teeth 1
teeth 1
teeth 1
themselves 1
themselves 1
themselves 1
themselves 1
themselves 1
themselves 1
themselves 1
themselves 1
themselves 1
themselves 1
tidy 1
timetables 1
towards 1
towards 1
towards 1
towards 1
towards 1
towards 1
towards 1
towards 1
towards 1
towards 1
towards 1
towards 1
train 1
train 1
train 1
train 1
train 1
train 1
train 1
train 1
train 1
trainee 1
travelling 1
travelling 1
travelling 1
travelling 1
travelling 1
travelling 1
travelling 1
treatment 1
twisted 1
txt 1
understanding 1
understanding 1
understanding 1
unknown 1
unless 1
unless 1
unless 1
unless 1
unless 1
unnecessary 1
unpleasantness 1
unselfconsciously 1
using 1
using 1
using 1
using 1
using 1
using 1
using 1
using 1
using 1
version 1
viewer 1
vigour 1
visible 1
volume 1
wall 1
wall 1
wall 1
wall 1
wall 1
wallpaper 1
weight 1
weight 1
weight 1
whatever 1
whatever 1
wildest 1
wind 1
wondered 1
wooden 1
wooden 1
years 1
years 1
years 1
years 1
years 1
years 1
years 1
years 1
yesterday 1
