ALABAMA 1
ASCII 1
ASCII 1
AT 1
AT 1
An 1
An 1
An 1
An 1
An 1
An 1
An 1
An 1
Another 1
Another 1
Another 1
Another 1
Another 1
Another 1
Around 1
Baker 1
Beaded 1
Ben 1
Ben 1
Ben 1
Ben 1
Ben 1
Ben 1
Ben 1
Ben 1
Ben 1
Ben 1
Ben 1
Ben 1
Ben 1
Ben 1
Ben 1
Ben 1
Ben 1
Ben 1
Ben 1
Ben 1
Besides 1
Both 1
Both 1
Both 1
Both 1
Both 1
Both 1
Both 1
Both 1
Bought 1
Bought 1
But 1
But 1
But 1
But 1
But 1
But 1
But 1
But 1
But 1
But 1
But 1
But 1
But 1
But 1
But 1
But 1
But 1
But 1
But 1
But 1
But 1
But 1
But 1
But 1
But 1
But 1
But 1
But 1
But 1
But 1
But 1
But 1
But 1
But 1
But 1
But 1
But 1
But 1
But 1
But 1
But 1
But 1
But 1
But 1
But 1
But 1
But 1
But 1
But 1
But 1
But 1
But 1
But 1
But 1
But 1
But 1
But 1
But 1
But 1
But 1
But 1
But 1
But 1
But 1
But 1
But 1
But 1
But 1
But 1
But 1
But 1
But 1
But 1
But 1
But 1
But 1
But 1
But 1
But 1
But 1
But 1
But 1
But 1
But 1
But 1
But 1
But 1
But 1
But 1
But 1
But 1
But 1
But 1
But 1
But 1
But 1
But 1
But 1
But 1
But 1
But 1
But 1
But 1
But 1
But 1
But 1
But 1
But 1
But 1
But 1
But 1
But 1
But 1
But 1
But 1
But 1
But 1
But 1
But 1
But 1
But 1
But 1
But 1
But 1
But 1
But 1
But 1
But 1
But 1
But 1
But 1
But 1
But 1
But 1
But 1
But 1
But 1
But 1
But 1
But 1
But 1
But 1
But 1
But 1
But 1
But 1
But 1
But 1
But 1
But 1
But 1
But 1
But 1
But 1
But 1
But 1
But 1
But 1
But 1
But 1
But 1
But 1
But 1
But 1
But 1
But 1
But 1
But 1
But 1
But 1
CHAPTER 1
CHAPTER 1
CHAPTER 1
CHAPTER 1
CHAPTER 1
CHAPTER 1
CHAPTER 1
CHAPTER 1
CHAPTER 1
CHAPTER 1
CHAPTER 1
CHAPTER 1
CHAPTER 1
CHAPTER 1
CHAPTER 1
CHAPTER 1
CHAPTER 1
CHAPTER 1
CHAPTER 1
CHAPTER 1
CHAPTER 1
CHAPTER 1
CHAPTER 1
CHAPTER 1
CHAPTER 1
CHAPTER 1
CHAPTER 1
CHAPTER 1
CHAPTER 1
CHAPTER 1
CHAPTER 1
CHAPTER 1
CHAPTER 1
CHAPTER 1
CHAPTER 1
CHAPTER 1
CHAPTER 1
CHAPTER 1
CHAPTER 1
CHAPTER 1
CHAPTER 1
CHAPTER 1
CHAPTER 1
CHAPTER 1
CHAPTER 1
CHAPTER 1
CHAPTER 1
CHAPTER 1
CHAPTER 1
CHAPTER 1
CHAPTER 1
CHAPTER 1
CHAPTER 1
CHAPTER 1
CHAPTER 1
CHAPTER 1
CHAPTER 1
CHAPTER 1
CHAPTER 1
CHAPTER 1
CHAPTER 1
CHAPTER 1
CHAPTER 1
CHAPTER 1
CHAPTER 1
CHAPTER 1
CHAPTER 1
CHAPTER 1
CHAPTER 1
CHAPTER 1
CONSEQUENTIAL 1
Caesar 1
Chow 1
Chow 1
Chow 1
Chow 1
Company 1
Complete 1
Complete 1
Complete 1
Contrasted 1
Cracky 1
DIRECT 1
DISCLAIMER 1
Daily 1
Detective 1
Dream 1
Dream 1
Dream 1
During 1
During 1
During 1
During 1
E 1
E 1
E 1
E 1
E 1
E 1
E 1
E 1
E 1
E 1
E 1
E 1
E 1
E 1
E 1
E 1
E 1
E 1
E 1
E 1
E 1
E 1
Eleven 1
End 1
Enjoying 1
Exhibition 1
Far 1
Felicity 1
Follered 1
Forest 1
Forest 1
Forewarnings 1
Franklin 1
Friday 1
Friday 1
Friday 1
Friday 1
Friday 1
Friday 1
Friday 1
Friday 1
Friday 1
Friday 1
Friday 1
Friends 1
GUTENBERG 1
GUTENBERG 1
GUTENBERG 1
GUTENBERG 1
Goodmorning 1
Goodmorning 1
Gradually 1
Gradually 1
Groan 1
Groan 1
HUCK 1
Hateful 1
Hooper 1
Hop 1
Hy 1
ILLUSTRATIONS 1
INCLUDING 1
India 1
Internal 1
Introduced 1
Investigated 1
Jose 1
Joseph 1
King 1
LICENSE 1
LICENSE 1
Learns 1
Less 1
Less 1
Less 1
Literature 1
Look 1
Look 1
Look 1
Look 1
Look 1
Look 1
Look 1
Look 1
Look 1
Look 1
Look 1
Look 1
Look 1
Look 1
Looking 1
Mary 1
Mary 1
Mary 1
Mary 1
Mary 1
Mary 1
Mary 1
Mary 1
Mary 1
Mary 1
Mary 1
Mary 1
Mary 1
Mary 1
Mary 1
Mary 1
Mary 1
Mary 1
Mary 1
Mary 1
Mary 1
Mary 1
Mary 1
Mary 1
Mary 1
Mary 1
Mary 1
Mary 1
Mary 1
Mary 1
Mary 1
Mary 1
Mary 1
Mary 1
Mary 1
Mary 1
Mary 1
Mary 1
Mary 1
Miller 1
Miller 1
Miller 1
Miller 1
Miller 1
Miller 1
Miller 1
Miller 1
Miller 1
More 1
More 1
More 1
More 1
Mount 1
Mph 1
Much 1
Much 1
Mufferson 1
No 1
No 1
No 1
No 1
No 1
No 1
No 1
No 1
No 1
No 1
No 1
No 1
No 1
No 1
No 1
No 1
No 1
No 1
No 1
No 1
No 1
No 1
No 1
No 1
No 1
No 1
No 1
No 1
No 1
No 1
No 1
No 1
No 1
No 1
No 1
No 1
No 1
No 1
No 1
No 1
No 1
No 1
No 1
No 1
No 1
No 1
No 1
No 1
No 1
No 1
No 1
No 1
No 1
No 1
No 1
No 1
No 1
No 1
No 1
No 1
No 1
No 1
No 1
No 1
No 1
No 1
No 1
No 1
No 1
No 1
No 1
No 1
No 1
No 1
No 1
No 1
No 1
No 1
No 1
No 1
No 1
No 1
No 1
No 1
No 1
No 1
No 1
No 1
No 1
No 1
No 1
No 1
No 1
No 1
No 1
No 1
No 1
No 1
No 1
No 1
No 1
No 1
Notes 1
Nothing 1
Nothing 1
Nothing 1
Nothing 1
Nothing 1
Nothing 1
Nothing 1
Nothing 1
Nothing 1
O 1
Oh 1
Oh 1
Oh 1
Oh 1
Oh 1
Oh 1
Oh 1
Oh 1
Oh 1
Oh 1
Oh 1
Oh 1
Oh 1
Oh 1
Oh 1
Oh 1
Oh 1
Oh 1
Oh 1
Oh 1
Oh 1
Oh 1
Oh 1
Oh 1
Oh 1
Oh 1
Oh 1
Oh 1
Oh 1
Oh 1
Oh 1
Oh 1
Oh 1
Oh 1
Oh 1
Oh 1
Oh 1
Oh 1
Oh 1
Oh 1
Oh 1
Oh 1
Oh 1
Oh 1
Oh 1
Oh 1
Oh 1
Oh 1
Oh 1
Oh 1
Oh 1
Oh 1
Oh 1
Oh 1
Oh 1
Oh 1
Oh 1
Oh 1
Oh 1
Oh 1
Oh 1
Oh 1
Oh 1
Oh 1
Oh 1
Oh 1
Oh 1
Oh 1
Oh 1
Oh 1
Oh 1
Oh 1
Oh 1
Oh 1
Oh 1
Oh 1
Oh 1
Oh 1
Oh 1
Oh 1
Oh 1
Oh 1
Oh 1
Oh 1
Oh 1
Oh 1
Oh 1
Oh 1
Oh 1
Oh 1
Oh 1
Oh 1
Oh 1
Oh 1
Oh 1
Oh 1
Oh 1
Oh 1
Oh 1
Oh 1
Oh 1
Oh 1
Oh 1
Oh 1
Oh 1
Oh 1
Oh 1
Oh 1
Oh 1
Oh 1
Oh 1
Oh 1
Oh 1
Oh 1
Oh 1
Oh 1
Or 1
PROJECT 1
PROJECT 1
PROJECT 1
PROJECT 1
Pirate 1
Pirate 1
Pirate 1
Port 1
Profound 1
Profound 1
Quarters 1
Questions 1
Quick 1
Quick 1
Quick 1
Quick 1
Quick 1
Remember 1
Rome 1
SAWYER 1
SAWYER 1
SAWYER 1
Sachem 1
Sally 1
Saw 1
Settled 1
Sherwood 1
Sherwood 1
Shortly 1
Shortly 1
Shortly 1
Side 1
Silence 1
Southwestern 1
Spare 1
Story 1
Story 1
Street 1
Such 1
Suppose 1
Swimming 1
Taverns 1
Thatcher 1
Thatcher 1
Thatcher 1
Thatcher 1
Thatcher 1
Thatcher 1
Thatcher 1
Thatcher 1
Thatcher 1
Thatcher 1
Thatcher 1
Thatcher 1
Thatcher 1
Thatcher 1
Thatcher 1
Thatcher 1
Thatcher 1
Thatcher 1
Thatcher 1
Thatcher 1
Thatcher 1
Thatcher 1
Thatcher 1
Thatcher 1
Thatcher 1
Thatcher 1
Thatcher 1
Thatcher 1
Thatcher 1
Thatcher 1
Thatcher 1
Thatcher 1
Thatcher 1
Thatcher 1
Thatcher 1
Thatcher 1
Thatcher 1
Thatcher 1
Thatcher 1
Thatcher 1
Thatcher 1
Thatcher 1
Thatcher 1
Thatcher 1
Thatcher 1
Thatcher 1
Theirs 1
Then 1
Then 1
Then 1
Then 1
Then 1
Then 1
Then 1
Then 1
Then 1
Then 1
Then 1
Then 1
Then 1
Then 1
Then 1
Then 1
Then 1
Then 1
Then 1
Then 1
Then 1
Then 1
Then 1
Then 1
Then 1
Then 1
Then 1
Then 1
Then 1
Then 1
Then 1
Then 1
Then 1
Then 1
Then 1
Then 1
Then 1
Then 1
Then 1
Then 1
Then 1
Then 1
Then 1
Then 1
Then 1
Then 1
Then 1
Then 1
Then 1
Then 1
Then 1
Then 1
Then 1
Then 1
Then 1
Then 1
Then 1
Then 1
Then 1
Then 1
Then 1
Then 1
Then 1
Then 1
Then 1
Then 1
Then 1
Then 1
Then 1
Then 1
Then 1
Then 1
Then 1
Then 1
Then 1
Then 1
Then 1
Then 1
Then 1
Then 1
Then 1
Then 1
Then 1
Then 1
Then 1
Then 1
Then 1
Then 1
Then 1
Then 1
Then 1
Then 1
Then 1
Then 1
Then 1
Then 1
Then 1
Then 1
Then 1
Then 1
Then 1
Then 1
Then 1
Then 1
Then 1
Things 1
To 1
To 1
To 1
To 1
To 1
To 1
To 1
Transformed 1
Trouble 1
USE 1
Updated 1
VACATION 1
View 1
Visiting 1
Was 1
Was 1
Was 1
Was 1
Was 1
Were 1
Were 1
Were 1
West 1
West 1
West 1
Whispers 1
XXIV 1
XXIV 1
YOU 1
YOU 1
YOU 1
YOU 1
YOU 1
YOU 1
Your 1
Your 1
Your 1
Your 1
Your 1
Your 1
abide 1
abide 1
abounding 1
abundance 1
actually 1
actually 1
additional 1
additional 1
additional 1
administered 1
administered 1
admiring 1
admiring 1
admiring 1
adults 1
adults 1
age 1
age 1
age 1
age 1
age 1
age 1
age 1
age 1
age 1
age 1
age 1
age 1
ago 1
ago 1
ago 1
ago 1
ago 1
ago 1
ago 1
ago 1
ago 1
ago 1
ago 1
ago 1
ago 1
ago 1
agues 1
aisles 1
aisles 1
aisles 1
aisles 1
aisles 1
aisles 1
alone 1
alone 1
alone 1
alone 1
alone 1
alone 1
alone 1
alone 1
alone 1
alone 1
alone 1
alone 1
alone 1
alone 1
alone 1
alone 1
alone 1
alone 1
altogether 1
altogether 1
altogether 1
altogether 1
altogether 1
ammunition 1
an 1
an 1
an 1
an 1
an 1
an 1
an 1
an 1
an 1
an 1
an 1
an 1
an 1
an 1
an 1
an 1
an 1
an 1
an 1
an 1
an 1
an 1
an 1
an 1
an 1
an 1
an 1
an 1
an 1
an 1
an 1
an 1
an 1
an 1
an 1
an 1
an 1
an 1
an 1
an 1
an 1
an 1
an 1
an 1
an 1
an 1
an 1
an 1
an 1
an 1
an 1
an 1
an 1
an 1
an 1
an 1
an 1
an 1
an 1
an 1
an 1
an 1
an 1
an 1
an 1
an 1
an 1
an 1
an 1
an 1
an 1
an 1
an 1
an 1
an 1
an 1
an 1
an 1
an 1
an 1
an 1
an 1
an 1
an 1
an 1
an 1
an 1
an 1
an 1
an 1
an 1
an 1
an 1
an 1
an 1
an 1
an 1
an 1
an 1
an 1
an 1
an 1
an 1
an 1
an 1
an 1
an 1
an 1
an 1
an 1
an 1
an 1
an 1
an 1
an 1
an 1
an 1
an 1
an 1
an 1
an 1
an 1
an 1
an 1
an 1
an 1
an 1
an 1
an 1
an 1
an 1
an 1
an 1
an 1
an 1
an 1
an 1
an 1
an 1
an 1
an 1
an 1
an 1
an 1
an 1
an 1
an 1
an 1
an 1
an 1
an 1
an 1
an 1
an 1
an 1
an 1
an 1
an 1
an 1
an 1
an 1
an 1
an 1
an 1
an 1
an 1
an 1
an 1
an 1
an 1
an 1
an 1
an 1
an 1
an 1
an 1
an 1
an 1
an 1
an 1
an 1
an 1
angel 1
angel 1
angel 1
angel 1
angel 1
angel 1
animosity 1
anticipation 1
anxious 1
anxious 1
anxious 1
anxious 1
appearing 1
appeased 1
appointment 1
arms 1
arms 1
arms 1
arms 1
arms 1
arms 1
arms 1
arms 1
arms 1
arms 1
arms 1
arms 1
arms 1
arms 1
arrest 1
artist 1
artist 1
artist 1
artlessly 1
ashamed 1
ashamed 1
ashamed 1
august 1
august 1
author 1
awfulest 1
aye 1
aye 1
aye 1
backards 1
backbone 1
bacon 1
bacon 1
bacon 1
bacon 1
bacon 1
bacon 1
bacon 1
bacon 1
bags 1
bags 1
barely 1
barely 1
barrow 1
bass 1
bat 1
bat 1
beautiful 1
beautiful 1
beautiful 1
beautiful 1
beautiful 1
beautiful 1
beautiful 1
beautiful 1
become 1
become 1
become 1
become 1
become 1
become 1
becuz 1
becuz 1
becuz 1
becuz 1
becuz 1
becuz 1
becuz 1
becuz 1
becuz 1
bedchamber 1
bedclothes 1
bees 1
bees 1
beginning 1
beginning 1
beginning 1
beholden 1
belief 1
bend 1
betray 1
betray 1
betray 1
betraying 1
beyond 1
beyond 1
beyond 1
beyond 1
beyond 1
beyond 1
beyond 1
beyond 1
beyond 1
beyond 1
beyond 1
beyond 1
beyond 1
beyond 1
beyond 1
beyond 1
bid 1
blab 1
black 1
black 1
black 1
black 1
black 1
black 1
black 1
black 1
black 1
black 1
black 1
black 1
black 1
bled 1
bless 1
bless 1
bless 1
bless 1
bloody 1
boarded 1
boast 1
boats 1
boiled 1
boiled 1
bones 1
bought 1
bought 1
bouts 1
bowed 1
bowlder 1
brainracking 1
bravely 1
breast 1
breast 1
breast 1
breast 1
breast 1
breast 1
breast 1
bred 1
breezy 1
brick 1
brick 1
brick 1
brick 1
brick 1
brick 1
brooded 1
brook 1
brook 1
budge 1
budge 1
bullets 1
burn 1
burn 1
burn 1
burn 1
burn 1
bushy 1
camp 1
camp 1
camp 1
camp 1
camp 1
camp 1
camp 1
camp 1
camp 1
camp 1
camp 1
cane 1
cannot 1
cannot 1
cannot 1
cannot 1
cannot 1
cannot 1
cannot 1
cannot 1
careers 1
caressing 1
carpeting 1
carry 1
carry 1
carry 1
carry 1
carry 1
carry 1
carry 1
carry 1
carry 1
cases 1
cases 1
casting 1
casting 1
casual 1
cats 1
cats 1
cats 1
cats 1
cats 1
cats 1
cats 1
cause 1
cause 1
cause 1
caused 1
caution 1
caution 1
caution 1
cents 1
cents 1
cents 1
ch 1
ch 1
chalk 1
chalk 1
channel 1
channel 1
charming 1
chatter 1
chatter 1
chaw 1
checks 1
checks 1
cheerfulness 1
cheerfulness 1
cheering 1
chicken 1
chicken 1
chicken 1
chief 1
chief 1
children 1
children 1
children 1
children 1
children 1
children 1
children 1
children 1
children 1
children 1
children 1
children 1
children 1
children 1
children 1
children 1
children 1
children 1
children 1
children 1
children 1
children 1
children 1
children 1
children 1
children 1
children 1
chimney 1
chimney 1
choir 1
choir 1
choir 1
chow 1
chow 1
chow 1
circling 1
cleanliness 1
clinging 1
clods 1
clothe 1
clump 1
clump 1
color 1
combined 1
combined 1
coming 1
coming 1
coming 1
coming 1
coming 1
coming 1
coming 1
coming 1
coming 1
coming 1
coming 1
coming 1
coming 1
coming 1
coming 1
coming 1
coming 1
coming 1
coming 1
common 1
common 1
common 1
common 1
compact 1
composite 1
concerns 1
concerns 1
confused 1
confused 1
consciences 1
conspired 1
contemplating 1
continents 1
conversation 1
converse 1
cooked 1
cooked 1
copies 1
copies 1
copies 1
copies 1
copies 1
copies 1
copies 1
corkscrew 1
corner 1
corner 1
corner 1
corner 1
corner 1
corner 1
corner 1
corner 1
corner 1
corner 1
corner 1
corner 1
corner 1
corner 1
cosily 1
cost 1
cost 1
cost 1
cost 1
cost 1
course 1
course 1
course 1
course 1
course 1
course 1
course 1
course 1
course 1
course 1
course 1
course 1
course 1
course 1
course 1
course 1
course 1
course 1
course 1
course 1
course 1
course 1
course 1
course 1
course 1
course 1
course 1
course 1
course 1
course 1
course 1
course 1
cracked 1
cracked 1
cracked 1
cracked 1
cracked 1
cramp 1
crestfallen 1
cried 1
cried 1
cried 1
cried 1
cried 1
cried 1
cried 1
cried 1
cried 1
crossbones 1
crossed 1
crossed 1
crossed 1
crossed 1
crossed 1
crossed 1
crushing 1
cuffed 1
cups 1
cussed 1
cussed 1
customary 1
customary 1
customary 1
cylinders 1
de 1
de 1
de 1
deafen 1
deductible 1
defective 1
defective 1
defective 1
deletions 1
delirium 1
denied 1
derive 1
derived 1
described 1
described 1
described 1
deserving 1
desires 1
desolate 1
despotisms 1
determined 1
determined 1
determined 1
determined 1
determined 1
diffident 1
dilapidated 1
disclosing 1
discordant 1
disk 1
dismally 1
displayed 1
distance 1
distance 1
distance 1
distance 1
distance 1
distance 1
distance 1
distance 1
distance 1
distance 1
distance 1
distance 1
distance 1
distance 1
distance 1
distance 1
distance 1
distance 1
distinctness 1
distributed 1
distributed 1
distributed 1
distributed 1
distributed 1
divided 1
divided 1
divided 1
divined 1
doctor 1
doctor 1
doctor 1
doctor 1
doctor 1
doctor 1
doctor 1
doctor 1
doctor 1
doctor 1
doctor 1
doctor 1
dominie 1
donate 1
donate 1
donate 1
donate 1
dot 1
dreamily 1
dresses 1
dresses 1
dresses 1
drift 1
drift 1
drift 1
drift 1
dripping 1
dripping 1
dripping 1
drowsiness 1
drowsiness 1
dumps 1
dumps 1
dupes 1
dying 1
dying 1
dying 1
each 1
each 1
each 1
each 1
each 1
each 1
each 1
each 1
each 1
each 1
each 1
each 1
each 1
each 1
each 1
each 1
each 1
each 1
each 1
each 1
each 1
each 1
each 1
each 1
each 1
each 1
each 1
each 1
each 1
each 1
each 1
each 1
each 1
each 1
each 1
each 1
each 1
each 1
each 1
each 1
each 1
each 1
each 1
eagerly 1
earliest 1
early 1
early 1
early 1
early 1
early 1
early 1
earthly 1
eats 1
edge 1
edge 1
edge 1
edge 1
edge 1
edge 1
edge 1
eight 1
eight 1
eight 1
eight 1
elements 1
eloquent 1
eloquent 1
eloquent 1
eloquent 1
eloquent 1
eloquent 1
else 1
else 1
else 1
else 1
else 1
else 1
else 1
else 1
else 1
else 1
else 1
else 1
else 1
else 1
else 1
else 1
else 1
else 1
else 1
else 1
embrace 1
employees 1
employees 1
encourage 1
encouraged 1
encouragement 1
engines 1
enjoy 1
enjoy 1
enjoy 1
enjoy 1
ensuring 1
entire 1
entire 1
entire 1
entire 1
entire 1
especially 1
especially 1
evenings 1
every 1
every 1
every 1
every 1
every 1
every 1
every 1
every 1
every 1
every 1
every 1
every 1
every 1
every 1
every 1
every 1
every 1
every 1
every 1
every 1
every 1
every 1
every 1
every 1
every 1
every 1
every 1
every 1
every 1
every 1
every 1
every 1
every 1
every 1
every 1
every 1
every 1
every 1
every 1
every 1
every 1
every 1
every 1
every 1
every 1
every 1
every 1
every 1
every 1
every 1
every 1
every 1
every 1
every 1
every 1
every 1
every 1
every 1
every 1
every 1
every 1
every 1
every 1
examination 1
examination 1
exceedingly 1
exceedingly 1
exchange 1
exchange 1
exchange 1
exhausted 1
exhausted 1
exposing 1
extremely 1
extremity 1
exultation 1
exultation 1
exultation 1
eyeballs 1
eyeballs 1
eyelids 1
face 1
face 1
face 1
face 1
face 1
face 1
face 1
face 1
face 1
face 1
face 1
face 1
face 1
face 1
face 1
face 1
face 1
face 1
face 1
face 1
face 1
face 1
face 1
face 1
face 1
face 1
face 1
face 1
face 1
face 1
face 1
face 1
face 1
face 1
face 1
face 1
face 1
face 1
face 1
face 1
face 1
face 1
face 1
face 1
face 1
face 1
face 1
face 1
face 1
face 1
face 1
face 1
face 1
face 1
face 1
face 1
face 1
face 1
face 1
face 1
face 1
face 1
face 1
face 1
face 1
face 1
fall 1
fall 1
fall 1
fall 1
fall 1
fall 1
fall 1
fall 1
fall 1
fall 1
fall 1
fall 1
fall 1
false 1
familiarity 1
familiarity 1
famous 1
famous 1
fancies 1
fancy 1
fancy 1
fancy 1
fantastic 1
feast 1
feast 1
feast 1
feast 1
feeler 1
fellow 1
fellow 1
fellow 1
fellow 1
fellow 1
fellow 1
fellow 1
festivity 1
fights 1
fill 1
fill 1
finger 1
finger 1
finger 1
finger 1
finger 1
finger 1
finger 1
finish 1
finish 1
finish 1
fix 1
fix 1
fix 1
fix 1
flamed 1
flamed 1
flattered 1
flinders 1
flinders 1
flower 1
flower 1
flower 1
flower 1
flower 1
flower 1
fly 1
fly 1
fly 1
fly 1
fly 1
fly 1
fly 1
fly 1
fly 1
flying 1
flying 1
flying 1
folks 1
folks 1
fooled 1
foolishness 1
foolishness 1
foolishness 1
force 1
forest 1
forest 1
forest 1
forest 1
forest 1
forest 1
forest 1
forest 1
forest 1
forever 1
forever 1
forever 1
forever 1
forever 1
forever 1
forever 1
forever 1
forever 1
foundation 1
fowls 1
fragrance 1
frequently 1
frequently 1
fret 1
friends 1
friends 1
friends 1
friends 1
friends 1
friends 1
friends 1
friends 1
friends 1
friends 1
frolic 1
frolic 1
front 1
front 1
front 1
front 1
front 1
front 1
front 1
front 1
front 1
front 1
front 1
frowned 1
frowned 1
frowned 1
fun 1
fun 1
fun 1
fun 1
fun 1
fun 1
fun 1
fun 1
fun 1
fun 1
fun 1
gain 1
gallant 1
gang 1
gang 1
gang 1
gang 1
gang 1
gang 1
gang 1
gang 1
gather 1
gather 1
gather 1
gather 1
gawky 1
gay 1
gay 1
gay 1
gay 1
gay 1
gay 1
gay 1
gay 1
gay 1
gay 1
gazed 1
gazed 1
gazed 1
gazed 1
gazed 1
gemmed 1
genius 1
gentleman 1
gentleman 1
gentleman 1
gently 1
gently 1
gently 1
gently 1
gently 1
gently 1
gently 1
gilded 1
gits 1
glancing 1
glancing 1
glancing 1
glancing 1
glided 1
glided 1
glorying 1
glowing 1
glowing 1
gone 1
gone 1
gone 1
gone 1
gone 1
gone 1
gone 1
gone 1
gone 1
gone 1
gone 1
gone 1
gone 1
gone 1
gone 1
gone 1
gone 1
gone 1
gone 1
gone 1
gone 1
gone 1
gone 1
gone 1
gone 1
gone 1
gone 1
gone 1
gone 1
gone 1
gone 1
gone 1
gone 1
gone 1
gone 1
gone 1
gone 1
gone 1
gone 1
gone 1
gone 1
gone 1
gone 1
good 1
good 1
good 1
good 1
good 1
good 1
good 1
good 1
good 1
good 1
good 1
good 1
good 1
good 1
good 1
good 1
good 1
good 1
good 1
good 1
good 1
good 1
good 1
good 1
good 1
good 1
good 1
good 1
good 1
good 1
good 1
good 1
good 1
good 1
good 1
good 1
good 1
good 1
good 1
good 1
good 1
good 1
good 1
good 1
good 1
good 1
good 1
good 1
good 1
good 1
good 1
good 1
good 1
good 1
good 1
good 1
good 1
good 1
good 1
good 1
good 1
good 1
good 1
good 1
good 1
good 1
good 1
good 1
good 1
good 1
good 1
good 1
good 1
good 1
good 1
good 1
good 1
good 1
good 1
good 1
good 1
good 1
good 1
good 1
good 1
good 1
good 1
good 1
good 1
good 1
good 1
good 1
good 1
good 1
good 1
good 1
goose 1
gorgeous 1
govern 1
grandly 1
grandly 1
graven 1
grieving 1
grieving 1
grieving 1
groaning 1
groaning 1
groaning 1
groaning 1
grown 1
grown 1
grown 1
grown 1
grown 1
grown 1
guns 1
guns 1
guns 1
had 1
had 1
had 1
had 1
had 1
had 1
had 1
had 1
had 1
had 1
had 1
had 1
had 1
had 1
had 1
had 1
had 1
had 1
had 1
had 1
had 1
had 1
had 1
had 1
had 1
had 1
had 1
had 1
had 1
had 1
had 1
had 1
had 1
had 1
had 1
had 1
had 1
had 1
had 1
had 1
had 1
had 1
had 1
had 1
had 1
had 1
had 1
had 1
had 1
had 1
had 1
had 1
had 1
had 1
had 1
had 1
had 1
had 1
had 1
had 1
had 1
had 1
had 1
had 1
had 1
had 1
had 1
had 1
had 1
had 1
had 1
had 1
had 1
had 1
had 1
had 1
had 1
had 1
had 1
had 1
had 1
had 1
had 1
had 1
had 1
had 1
had 1
had 1
had 1
had 1
had 1
had 1
had 1
had 1
had 1
had 1
had 1
had 1
had 1
had 1
had 1
had 1
had 1
had 1
had 1
had 1
had 1
had 1
had 1
had 1
had 1
had 1
had 1
had 1
had 1
had 1
had 1
had 1
had 1
had 1
had 1
had 1
had 1
had 1
had 1
had 1
had 1
had 1
had 1
had 1
had 1
had 1
had 1
had 1
had 1
had 1
had 1
had 1
had 1
had 1
had 1
had 1
had 1
had 1
had 1
had 1
had 1
had 1
had 1
had 1
had 1
had 1
had 1
had 1
had 1
had 1
had 1
had 1
had 1
had 1
had 1
had 1
had 1
had 1
had 1
had 1
had 1
had 1
had 1
had 1
had 1
had 1
had 1
had 1
had 1
had 1
had 1
had 1
had 1
had 1
had 1
had 1
had 1
had 1
had 1
had 1
had 1
had 1
had 1
had 1
had 1
had 1
had 1
had 1
had 1
had 1
had 1
had 1
had 1
had 1
had 1
had 1
had 1
had 1
had 1
had 1
had 1
had 1
had 1
had 1
had 1
had 1
had 1
had 1
had 1
had 1
had 1
had 1
had 1
had 1
had 1
had 1
had 1
had 1
had 1
had 1
had 1
had 1
had 1
had 1
had 1
had 1
had 1
had 1
had 1
had 1
had 1
had 1
had 1
had 1
had 1
had 1
had 1
had 1
had 1
had 1
had 1
had 1
had 1
had 1
had 1
had 1
had 1
had 1
had 1
had 1
had 1
had 1
had 1
had 1
had 1
had 1
had 1
had 1
had 1
had 1
had 1
had 1
had 1
had 1
had 1
had 1
had 1
had 1
had 1
had 1
had 1
had 1
had 1
had 1
had 1
had 1
had 1
had 1
had 1
had 1
had 1
had 1
had 1
had 1
had 1
had 1
had 1
had 1
had 1
had 1
had 1
had 1
had 1
had 1
had 1
had 1
had 1
had 1
had 1
had 1
had 1
had 1
had 1
had 1
had 1
had 1
had 1
had 1
had 1
had 1
had 1
had 1
had 1
had 1
had 1
had 1
had 1
had 1
had 1
had 1
had 1
had 1
had 1
had 1
had 1
had 1
had 1
had 1
had 1
had 1
had 1
had 1
had 1
had 1
had 1
had 1
had 1
had 1
had 1
had 1
had 1
had 1
had 1
had 1
had 1
had 1
had 1
had 1
had 1
had 1
had 1
had 1
had 1
had 1
had 1
had 1
had 1
had 1
had 1
had 1
had 1
had 1
had 1
had 1
had 1
had 1
had 1
had 1
had 1
had 1
had 1
had 1
had 1
had 1
had 1
had 1
had 1
had 1
had 1
had 1
had 1
had 1
had 1
had 1
had 1
had 1
had 1
had 1
had 1
had 1
had 1
had 1
had 1
had 1
had 1
had 1
had 1
had 1
had 1
had 1
had 1
had 1
had 1
had 1
had 1
had 1
had 1
had 1
had 1
had 1
had 1
had 1
had 1
had 1
had 1
had 1
had 1
had 1
had 1
had 1
had 1
had 1
had 1
had 1
had 1
had 1
had 1
had 1
had 1
had 1
had 1
had 1
had 1
had 1
had 1
had 1
had 1
had 1
had 1
had 1
had 1
had 1
had 1
had 1
had 1
had 1
had 1
had 1
had 1
had 1
had 1
had 1
had 1
had 1
had 1
had 1
had 1
had 1
had 1
had 1
had 1
had 1
had 1
had 1
had 1
had 1
had 1
had 1
had 1
had 1
had 1
had 1
had 1
had 1
had 1
had 1
had 1
had 1
had 1
had 1
had 1
had 1
had 1
had 1
had 1
had 1
had 1
had 1
had 1
had 1
had 1
had 1
had 1
had 1
had 1
had 1
had 1
had 1
had 1
had 1
had 1
had 1
had 1
had 1
had 1
had 1
hadn 1
hadn 1
hadn 1
hadn 1
hadn 1
hadn 1
hadn 1
hadn 1
hadn 1
hadn 1
hadn 1
hadn 1
hadn 1
hadn 1
hadn 1
hadn 1
hand 1
hand 1
hand 1
hand 1
hand 1
hand 1
hand 1
hand 1
hand 1
hand 1
hand 1
hand 1
hand 1
hand 1
hand 1
hand 1
hand 1
hand 1
hand 1
hand 1
hand 1
hand 1
hand 1
hand 1
hand 1
hand 1
hand 1
hand 1
hand 1
hand 1
hand 1
hand 1
hand 1
hand 1
hand 1
hand 1
hand 1
hand 1
hand 1
hand 1
hand 1
hand 1
hand 1
hand 1
hand 1
hand 1
hand 1
hand 1
hand 1
hand 1
hand 1
hand 1
hand 1
hand 1
hand 1
hand 1
hand 1
hand 1
hand 1
hand 1
hand 1
hand 1
handsome 1
happiness 1
happiness 1
happiness 1
happiness 1
hath 1
hears 1
heartbreak 1
hearts 1
hearts 1
hearts 1
hearts 1
hearts 1
hearts 1
hearts 1
hendered 1
hesitated 1
hesitatingly 1
hesitatingly 1
hesitatingly 1
higher 1
higher 1
higher 1
higher 1
higher 1
higher 1
hill 1
hill 1
hill 1
hill 1
hill 1
hill 1
hill 1
hill 1
hill 1
hill 1
hill 1
hill 1
hill 1
hill 1
hill 1
hill 1
hill 1
hill 1
hint 1
hint 1
hint 1
hispy 1
home 1
home 1
home 1
home 1
home 1
home 1
home 1
home 1
home 1
home 1
home 1
home 1
home 1
home 1
home 1
home 1
home 1
home 1
home 1
home 1
home 1
home 1
home 1
home 1
home 1
home 1
home 1
home 1
home 1
home 1
home 1
home 1
home 1
home 1
home 1
home 1
home 1
home 1
home 1
home 1
home 1
home 1
home 1
home 1
home 1
home 1
home 1
home 1
home 1
home 1
home 1
hospitable 1
houses 1
houses 1
houses 1
houses 1
humiliation 1
humiliation 1
hundreds 1
hundreds 1
hundreds 1
hundreds 1
hunt 1
hunt 1
hunt 1
hunt 1
hunt 1
hunt 1
hunt 1
hunt 1
hunting 1
hunting 1
hunting 1
hunting 1
husband 1
husband 1
hy 1
icehouse 1
icy 1
idea 1
idea 1
idea 1
idea 1
idea 1
idea 1
idea 1
idea 1
idea 1
idea 1
idea 1
idea 1
idea 1
idea 1
idea 1
idea 1
idea 1
imbittered 1
impaired 1
impatient 1
impatient 1
impatient 1
impossibility 1
incantations 1
incantations 1
incidents 1
incidents 1
including 1
including 1
including 1
including 1
including 1
including 1
including 1
including 1
increasing 1
indirectly 1
inevitable 1
infatuated 1
ingenious 1
innocents 1
interfering 1
intonation 1
invariably 1
issued 1
issued 1
itself 1
itself 1
itself 1
itself 1
itself 1
itself 1
itself 1
itself 1
itself 1
itself 1
itself 1
itself 1
itself 1
itself 1
itself 1
itself 1
itself 1
itself 1
itself 1
itself 1
itself 1
itself 1
itself 1
itself 1
jealous 1
jingo 1
joke 1
joke 1
joke 1
joyful 1
jubilant 1
jubilant 1
jubilant 1
jubilant 1
keel 1
keel 1
keel 1
keep 1
keep 1
keep 1
keep 1
keep 1
keep 1
keep 1
keep 1
keep 1
keep 1
keep 1
keep 1
keep 1
keep 1
keep 1
keep 1
keep 1
keep 1
keep 1
keep 1
keep 1
keep 1
keep 1
keep 1
keep 1
keep 1
keep 1
keep 1
keep 1
keep 1
keep 1
keep 1
keep 1
keep 1
keep 1
keep 1
keep 1
keep 1
keep 1
keep 1
keep 1
keep 1
keep 1
keep 1
keep 1
keep 1
keep 1
keep 1
keep 1
keeping 1
keeping 1
keeping 1
keeping 1
keeping 1
keeping 1
keeping 1
keeping 1
key 1
key 1
key 1
key 1
key 1
key 1
kindly 1
knife 1
knife 1
knife 1
knife 1
knife 1
knife 1
knife 1
knife 1
knife 1
knife 1
knife 1
knife 1
knife 1
knife 1
knife 1
knife 1
knife 1
knife 1
knife 1
knife 1
knife 1
knife 1
knife 1
knife 1
knife 1
knife 1
labored 1
labored 1
labors 1
labyrinth 1
labyrinth 1
labyrinth 1
laggards 1
lagging 1
lame 1
land 1
land 1
land 1
land 1
land 1
land 1
lap 1
lap 1
lapsed 1
lapsed 1
large 1
large 1
large 1
large 1
large 1
large 1
large 1
large 1
large 1
lashings 1
lasted 1
lasted 1
latest 1
latest 1
latest 1
lawless 1
layer 1
leastways 1
leave 1
leave 1
leave 1
leave 1
leave 1
leave 1
leave 1
leave 1
leave 1
leave 1
leave 1
leave 1
leave 1
leave 1
leave 1
leave 1
leave 1
leave 1
leave 1
leave 1
legs 1
legs 1
legs 1
legs 1
legs 1
legs 1
legs 1
legs 1
legs 1
legs 1
lessons 1
licensed 1
lifeless 1
lifting 1
lifting 1
lifting 1
like 1
like 1
like 1
like 1
like 1
like 1
like 1
like 1
like 1
like 1
like 1
like 1
like 1
like 1
like 1
like 1
like 1
like 1
like 1
like 1
like 1
like 1
like 1
like 1
like 1
like 1
like 1
like 1
like 1
like 1
like 1
like 1
like 1
like 1
like 1
like 1
like 1
like 1
like 1
like 1
like 1
like 1
like 1
like 1
like 1
like 1
like 1
like 1
like 1
like 1
like 1
like 1
like 1
like 1
like 1
like 1
like 1
like 1
like 1
like 1
like 1
like 1
like 1
like 1
like 1
like 1
like 1
like 1
like 1
like 1
like 1
like 1
like 1
like 1
like 1
like 1
like 1
like 1
like 1
like 1
like 1
like 1
like 1
like 1
like 1
like 1
like 1
like 1
like 1
like 1
like 1
like 1
like 1
like 1
like 1
like 1
like 1
like 1
like 1
like 1
like 1
like 1
like 1
like 1
like 1
like 1
like 1
like 1
like 1
like 1
like 1
like 1
like 1
like 1
like 1
like 1
like 1
like 1
like 1
like 1
like 1
limpid 1
lines 1
lines 1
lines 1
lines 1
lines 1
living 1
living 1
living 1
living 1
lodge 1
lodged 1
loft 1
lot 1
lot 1
lot 1
lot 1
lot 1
louder 1
louder 1
louder 1
lovely 1
lovely 1
luckily 1
m 1
m 1
m 1
m 1
m 1
m 1
m 1
m 1
m 1
m 1
m 1
m 1
m 1
m 1
m 1
m 1
m 1
m 1
m 1
m 1
m 1
m 1
m 1
m 1
m 1
m 1
m 1
m 1
m 1
m 1
m 1
m 1
m 1
m 1
m 1
m 1
m 1
m 1
m 1
m 1
m 1
m 1
m 1
m 1
m 1
m 1
m 1
m 1
m 1
m 1
m 1
m 1
m 1
maintaining 1
making 1
making 1
making 1
making 1
making 1
making 1
making 1
making 1
making 1
making 1
making 1
making 1
making 1
making 1
mamma 1
mamma 1
many 1
many 1
many 1
many 1
many 1
many 1
many 1
many 1
many 1
many 1
many 1
many 1
many 1
many 1
many 1
many 1
many 1
many 1
many 1
many 1
many 1
many 1
many 1
many 1
many 1
many 1
many 1
many 1
many 1
many 1
many 1
many 1
many 1
many 1
many 1
many 1
many 1
many 1
marry 1
marry 1
marry 1
marry 1
massed 1
medal 1
memories 1
memories 1
memories 1
mentioned 1
millions 1
minded 1
minded 1
minded 1
minutes 1
minutes 1
minutes 1
minutes 1
minutes 1
minutes 1
minutes 1
minutes 1
minutes 1
minutes 1
minutes 1
minutes 1
minutes 1
minutes 1
minutes 1
minutes 1
missed 1
missed 1
missed 1
missed 1
mistakes 1
moderate 1
momentarily 1
monarchies 1
mood 1
mood 1
mood 1
moon 1
moon 1
moon 1
moon 1
moon 1
moon 1
moon 1
moon 1
moral 1
moral 1
more 1
more 1
more 1
more 1
more 1
more 1
more 1
more 1
more 1
more 1
more 1
more 1
more 1
more 1
more 1
more 1
more 1
more 1
more 1
more 1
more 1
more 1
more 1
more 1
more 1
more 1
more 1
more 1
more 1
more 1
more 1
more 1
more 1
more 1
more 1
more 1
more 1
more 1
more 1
more 1
more 1
more 1
more 1
more 1
more 1
more 1
more 1
more 1
more 1
more 1
more 1
more 1
more 1
more 1
more 1
more 1
more 1
more 1
more 1
more 1
more 1
more 1
more 1
more 1
more 1
more 1
more 1
more 1
more 1
more 1
more 1
more 1
more 1
more 1
more 1
more 1
more 1
more 1
more 1
more 1
more 1
more 1
more 1
more 1
more 1
more 1
more 1
more 1
more 1
more 1
more 1
more 1
more 1
more 1
more 1
more 1
more 1
more 1
more 1
more 1
more 1
more 1
more 1
more 1
more 1
more 1
more 1
more 1
more 1
more 1
more 1
more 1
more 1
more 1
more 1
more 1
more 1
more 1
more 1
more 1
more 1
more 1
more 1
more 1
more 1
more 1
more 1
more 1
more 1
more 1
more 1
more 1
more 1
more 1
more 1
more 1
more 1
more 1
more 1
more 1
mornings 1
mother 1
mother 1
mother 1
mother 1
mother 1
mother 1
mother 1
mother 1
mother 1
mother 1
mother 1
mother 1
mother 1
mother 1
motionless 1
mould 1
multitude 1
music 1
music 1
music 1
music 1
music 1
musing 1
musing 1
musing 1
musing 1
mysteriously 1
mysteriously 1
needed 1
needed 1
negro 1
negro 1
negro 1
negro 1
net 1
net 1
net 1
net 1
net 1
net 1
nightfall 1
nightfall 1
nightfall 1
nimble 1
no 1
no 1
no 1
no 1
no 1
no 1
no 1
no 1
no 1
no 1
no 1
no 1
no 1
no 1
no 1
no 1
no 1
no 1
no 1
no 1
no 1
no 1
no 1
no 1
no 1
no 1
no 1
no 1
no 1
no 1
no 1
no 1
no 1
no 1
no 1
no 1
no 1
no 1
no 1
no 1
no 1
no 1
no 1
no 1
no 1
no 1
no 1
no 1
no 1
no 1
no 1
no 1
no 1
no 1
no 1
no 1
no 1
no 1
no 1
no 1
no 1
no 1
no 1
no 1
no 1
no 1
no 1
no 1
no 1
no 1
no 1
no 1
no 1
no 1
no 1
no 1
no 1
no 1
no 1
no 1
no 1
no 1
no 1
no 1
no 1
no 1
no 1
no 1
no 1
no 1
no 1
no 1
no 1
no 1
no 1
no 1
no 1
no 1
no 1
no 1
no 1
no 1
no 1
no 1
no 1
no 1
no 1
no 1
no 1
no 1
no 1
no 1
no 1
no 1
no 1
no 1
no 1
no 1
no 1
no 1
no 1
no 1
no 1
no 1
no 1
no 1
no 1
no 1
no 1
no 1
no 1
no 1
no 1
no 1
no 1
no 1
no 1
no 1
no 1
no 1
no 1
no 1
no 1
no 1
no 1
no 1
no 1
no 1
no 1
no 1
no 1
no 1
no 1
no 1
no 1
no 1
no 1
no 1
no 1
no 1
no 1
no 1
no 1
no 1
no 1
no 1
no 1
no 1
no 1
no 1
no 1
no 1
no 1
no 1
no 1
no 1
nodding 1
nodding 1
nook 1
nook 1
nook 1
nor 1
nor 1
nor 1
nor 1
nor 1
nor 1
nor 1
nor 1
nor 1
nor 1
nor 1
notable 1
notably 1
notion 1
notion 1
notion 1
notoriety 1
notoriety 1
notwithstanding 1
notwithstanding 1
nough 1
nough 1
nough 1
novelties 1
nted 1
nted 1
nted 1
nted 1
nted 1
nted 1
nted 1
nted 1
nted 1
nted 1
nted 1
nted 1
nted 1
nted 1
nted 1
nudged 1
nuff 1
nuff 1
number 1
number 1
number 1
number 1
number 1
number 1
obey 1
obtruded 1
offered 1
offered 1
offered 1
offered 1
offered 1
offered 1
offered 1
offered 1
offered 1
offered 1
offered 1
offered 1
oh 1
oh 1
oh 1
oh 1
oiled 1
old 1
old 1
old 1
old 1
old 1
old 1
old 1
old 1
old 1
old 1
old 1
old 1
old 1
old 1
old 1
old 1
old 1
old 1
old 1
old 1
old 1
old 1
old 1
old 1
old 1
old 1
old 1
old 1
old 1
old 1
old 1
old 1
old 1
old 1
old 1
old 1
old 1
old 1
old 1
old 1
old 1
old 1
old 1
old 1
old 1
old 1
old 1
old 1
old 1
old 1
old 1
old 1
old 1
old 1
old 1
old 1
old 1
old 1
old 1
old 1
old 1
old 1
old 1
old 1
old 1
old 1
old 1
old 1
old 1
old 1
old 1
old 1
old 1
old 1
old 1
old 1
old 1
old 1
old 1
old 1
old 1
old 1
old 1
old 1
old 1
old 1
old 1
old 1
old 1
old 1
old 1
old 1
old 1
omniscient 1
ones 1
ones 1
ones 1
ones 1
ones 1
ones 1
ones 1
ones 1
ones 1
ones 1
ones 1
ones 1
oppressiveness 1
or 1
or 1
or 1
or 1
or 1
or 1
or 1
or 1
or 1
or 1
or 1
or 1
or 1
or 1
or 1
or 1
or 1
or 1
or 1
or 1
or 1
or 1
or 1
or 1
or 1
or 1
or 1
or 1
or 1
or 1
or 1
or 1
or 1
or 1
or 1
or 1
or 1
or 1
or 1
or 1
or 1
or 1
or 1
or 1
or 1
or 1
or 1
or 1
or 1
or 1
or 1
or 1
or 1
or 1
or 1
or 1
or 1
or 1
or 1
or 1
or 1
or 1
or 1
or 1
or 1
or 1
or 1
or 1
or 1
or 1
or 1
or 1
or 1
or 1
or 1
or 1
or 1
or 1
or 1
or 1
or 1
or 1
or 1
or 1
or 1
or 1
or 1
or 1
or 1
or 1
or 1
or 1
or 1
or 1
or 1
or 1
or 1
or 1
or 1
or 1
or 1
or 1
or 1
or 1
or 1
or 1
or 1
or 1
or 1
or 1
or 1
or 1
or 1
or 1
or 1
or 1
or 1
or 1
or 1
or 1
or 1
or 1
or 1
or 1
or 1
or 1
or 1
or 1
or 1
or 1
or 1
or 1
or 1
or 1
or 1
or 1
or 1
or 1
or 1
or 1
or 1
or 1
or 1
or 1
or 1
or 1
or 1
or 1
or 1
or 1
or 1
or 1
or 1
or 1
or 1
or 1
or 1
or 1
or 1
or 1
or 1
or 1
or 1
or 1
or 1
or 1
or 1
or 1
or 1
or 1
or 1
or 1
or 1
or 1
or 1
or 1
or 1
or 1
or 1
or 1
or 1
or 1
or 1
or 1
or 1
or 1
or 1
or 1
or 1
or 1
or 1
or 1
or 1
or 1
or 1
or 1
or 1
or 1
or 1
or 1
or 1
or 1
or 1
or 1
or 1
or 1
or 1
or 1
or 1
or 1
or 1
or 1
or 1
or 1
or 1
or 1
or 1
or 1
organized 1
ornery 1
others 1
others 1
others 1
others 1
others 1
others 1
others 1
others 1
ours 1
outcast 1
outcast 1
outcast 1
outer 1
outlying 1
outrageousness 1
overlooking 1
owed 1
owner 1
owner 1
owner 1
owner 1
owner 1
owner 1
owner 1
owner 1
pace 1
pace 1
pan 1
pan 1
parentage 1
part 1
part 1
part 1
part 1
part 1
part 1
part 1
part 1
part 1
part 1
part 1
part 1
part 1
part 1
part 1
part 1
part 1
part 1
part 1
part 1
part 1
part 1
part 1
passages 1
passages 1
passages 1
passages 1
passengers 1
passengers 1
pen 1
performers 1
perplexed 1
perplexed 1
perplexed 1
perplexed 1
perplexed 1
perspiring 1
petting 1
pewter 1
phrase 1
phrase 1
phrase 1
phrase 1
pictures 1
pictures 1
pictures 1
pictures 1
pictures 1
pictures 1
pistol 1
pistol 1
pitfalls 1
place 1
place 1
place 1
place 1
place 1
place 1
place 1
place 1
place 1
place 1
place 1
place 1
place 1
place 1
place 1
place 1
place 1
place 1
place 1
place 1
place 1
place 1
place 1
place 1
place 1
place 1
place 1
place 1
place 1
place 1
place 1
place 1
place 1
place 1
place 1
place 1
place 1
place 1
place 1
place 1
place 1
place 1
place 1
place 1
place 1
place 1
place 1
place 1
place 1
place 1
place 1
place 1
place 1
place 1
place 1
place 1
place 1
place 1
place 1
place 1
place 1
place 1
place 1
place 1
place 1
place 1
place 1
pointed 1
pointed 1
pointed 1
polite 1
polite 1
possibility 1
possibility 1
possibility 1
powder 1
prance 1
preparation 1
preparation 1
prevalent 1
prevalent 1
prizes 1
prizes 1
profits 1
promoting 1
promoting 1
promotion 1
properly 1
proprietary 1
prosecution 1
prosecution 1
prosecution 1
protection 1
protection 1
protection 1
puff 1
pull 1
pull 1
pull 1
pulling 1
pulse 1
pulse 1
punishment 1
punishment 1
purring 1
quailed 1
quantity 1
quantity 1
quarters 1
quarters 1
quotations 1
raft 1
raft 1
raft 1
raft 1
raft 1
raft 1
raft 1
raft 1
raft 1
raft 1
raft 1
raft 1
raft 1
rafters 1
raising 1
rascals 1
realizing 1
realm 1
reasoned 1
reasoned 1
recalling 1
recalling 1
recoated 1
recommended 1
reflective 1
refreshing 1
regalia 1
regalia 1
regalia 1
regularly 1
related 1
released 1
released 1
relief 1
relief 1
relief 1
relief 1
relief 1
relief 1
relief 1
remembering 1
remembering 1
remorse 1
remorse 1
rendezvous 1
reposeful 1
represented 1
represented 1
resentment 1
resentment 1
resources 1
restrictions 1
restrictions 1
resume 1
retribution 1
returned 1
returned 1
returned 1
returned 1
returned 1
revelled 1
revengeful 1
revengeful 1
reverence 1
reverent 1
ridiculous 1
rift 1
rightly 1
rights 1
roaming 1
roasting 1
robbery 1
robbery 1
robbing 1
roll 1
rot 1
rot 1
rot 1
rot 1
rounded 1
rows 1
rows 1
rows 1
rows 1
rows 1
ruffian 1
ruined 1
ruined 1
rumblings 1
runners 1
ry 1
sadness 1
say 1
say 1
say 1
say 1
say 1
say 1
say 1
say 1
say 1
say 1
say 1
say 1
say 1
say 1
say 1
say 1
say 1
say 1
say 1
say 1
say 1
say 1
say 1
say 1
say 1
say 1
say 1
say 1
say 1
say 1
say 1
say 1
say 1
say 1
say 1
say 1
say 1
say 1
say 1
say 1
say 1
say 1
say 1
say 1
say 1
say 1
say 1
say 1
say 1
say 1
say 1
say 1
say 1
say 1
say 1
say 1
say 1
say 1
say 1
say 1
say 1
say 1
say 1
say 1
say 1
say 1
say 1
say 1
say 1
say 1
say 1
say 1
say 1
say 1
say 1
say 1
say 1
say 1
scaring 1
scaring 1
scarum 1
scarum 1
scholars 1
scholars 1
scholars 1
scholars 1
scholars 1
scholars 1
scholars 1
schools 1
schools 1
scooped 1
scooped 1
scrambled 1
seconds 1
seconds 1
secure 1
secure 1
seeks 1
sentry 1
separate 1
separate 1
sermons 1
sermons 1
servant 1
sets 1
settle 1
settle 1
settle 1
sew 1
shadowless 1
shamefaced 1
sharper 1
sheaves 1
sheltering 1
shivering 1
shoal 1
shoal 1
shorten 1
shortly 1
shortly 1
shortly 1
shortly 1
shortly 1
shortly 1
shortly 1
shortly 1
shortly 1
shouldered 1
shove 1
show 1
show 1
show 1
show 1
show 1
show 1
show 1
show 1
show 1
show 1
show 1
shroud 1
sickening 1
sidewise 1
sight 1
sight 1
sight 1
sight 1
sight 1
sight 1
sight 1
sight 1
sight 1
sight 1
sight 1
sign 1
sign 1
sign 1
sign 1
sign 1
sign 1
sign 1
sign 1
sign 1
sign 1
sign 1
sign 1
silver 1
silver 1
silver 1
silver 1
simplicity 1
sincere 1
sixty 1
sixty 1
skin 1
skin 1
skin 1
skin 1
skin 1
slaughter 1
slaughter 1
slaughter 1
slaughter 1
slaughter 1
sleep 1
sleep 1
sleep 1
sleep 1
sleep 1
sleep 1
sleep 1
sleep 1
sleep 1
sleep 1
sleep 1
sleep 1
sleep 1
sleep 1
sleep 1
sleep 1
sleep 1
sleep 1
sleep 1
sleep 1
sleep 1
sleep 1
sleep 1
sleep 1
sleep 1
sleep 1
sleep 1
sleep 1
sleep 1
sleep 1
sleep 1
sleep 1
sleep 1
slender 1
slender 1
slink 1
slipper 1
slosh 1
slow 1
slow 1
slow 1
slow 1
slow 1
slow 1
slow 1
slow 1
slow 1
slow 1
slow 1
slow 1
slow 1
slunk 1
smart 1
smart 1
smart 1
smart 1
smelt 1
sociables 1
soda 1
softness 1
solo 1
soothing 1
sorrows 1
sorrows 1
sorrows 1
sorrows 1
sorrows 1
spare 1
spare 1
speed 1
speed 1
speed 1
speed 1
speed 1
speedily 1
spile 1
spile 1
spile 1
spirit 1
spirit 1
spirit 1
spirit 1
spirit 1
spirit 1
spirit 1
spirit 1
spirit 1
spirit 1
spirit 1
spirit 1
spirit 1
spirit 1
spouting 1
sprang 1
sprang 1
sprang 1
sprang 1
sprang 1
sprang 1
sprang 1
sprang 1
sprang 1
sprang 1
sprang 1
sprang 1
sprang 1
spread 1
spread 1
spread 1
spread 1
spread 1
spread 1
spread 1
spread 1
spread 1
sprung 1
spunk 1
spunk 1
spunk 1
spunk 1
spunk 1
spunk 1
sputtering 1
started 1
started 1
started 1
started 1
started 1
started 1
started 1
started 1
started 1
started 1
started 1
started 1
started 1
started 1
started 1
started 1
started 1
started 1
started 1
started 1
started 1
started 1
started 1
started 1
started 1
started 1
started 1
steal 1
steal 1
steal 1
steal 1
steal 1
steal 1
steal 1
stem 1
stepped 1
stepped 1
stepped 1
stepped 1
stepped 1
stepped 1
stepped 1
stepped 1
stepped 1
stepped 1
stepped 1
stepped 1
stepped 1
stepped 1
stepped 1
stepped 1
stony 1
stony 1
stony 1
stored 1
straightway 1
straightway 1
straightway 1
straightway 1
strangely 1
strangers 1
strangers 1
strangers 1
strength 1
strength 1
strength 1
strength 1
strength 1
striking 1
string 1
string 1
string 1
string 1
string 1
striped 1
strode 1
strode 1
strode 1
strode 1
stunned 1
stunned 1
succession 1
succession 1
sufficiently 1
suit 1
suit 1
suit 1
sunshine 1
sunshine 1
surprise 1
surprise 1
surprise 1
surprise 1
surprise 1
surprise 1
surprise 1
surprise 1
surprise 1
surveyed 1
surveyed 1
surveyed 1
surveyed 1
suspended 1
suspended 1
suspender 1
suspender 1
suspender 1
swimmers 1
sworn 1
sworn 1
sycamore 1
sycamore 1
sycamore 1
sycamore 1
sycamore 1
taken 1
taken 1
taken 1
taken 1
taken 1
taken 1
taken 1
taken 1
taken 1
taste 1
taste 1
taste 1
taught 1
taught 1
taverns 1
taverns 1
tedious 1
tedious 1
tedious 1
tedious 1
tedious 1
tedious 1
testified 1
testified 1
testified 1
than 1
than 1
than 1
than 1
than 1
than 1
than 1
than 1
than 1
than 1
than 1
than 1
than 1
than 1
than 1
than 1
than 1
than 1
than 1
than 1
than 1
than 1
than 1
than 1
than 1
than 1
than 1
than 1
than 1
than 1
than 1
than 1
than 1
than 1
than 1
than 1
than 1
than 1
than 1
than 1
than 1
than 1
than 1
than 1
than 1
than 1
than 1
than 1
than 1
than 1
than 1
than 1
than 1
than 1
than 1
than 1
than 1
than 1
than 1
than 1
than 1
than 1
than 1
than 1
than 1
than 1
than 1
than 1
thanked 1
thankfullest 1
theatrical 1
thence 1
theory 1
thimble 1
thimble 1
thimble 1
thin 1
thin 1
thin 1
thin 1
thin 1
thin 1
thin 1
things 1
things 1
things 1
things 1
things 1
things 1
things 1
things 1
things 1
things 1
things 1
things 1
things 1
things 1
things 1
things 1
things 1
things 1
things 1
things 1
things 1
things 1
things 1
things 1
things 1
things 1
things 1
things 1
things 1
things 1
things 1
things 1
things 1
things 1
things 1
things 1
things 1
things 1
things 1
things 1
things 1
things 1
things 1
threatening 1
threatening 1
throb 1
til 1
titlepage 1
to 1
to 1
to 1
to 1
to 1
to 1
to 1
to 1
to 1
to 1
to 1
to 1
to 1
to 1
to 1
to 1
to 1
to 1
to 1
to 1
to 1
to 1
to 1
to 1
to 1
to 1
to 1
to 1
to 1
to 1
to 1
to 1
to 1
to 1
to 1
to 1
to 1
to 1
to 1
to 1
to 1
to 1
to 1
to 1
to 1
to 1
to 1
to 1
to 1
to 1
to 1
to 1
to 1
to 1
to 1
to 1
to 1
to 1
to 1
to 1
to 1
to 1
to 1
to 1
to 1
to 1
to 1
to 1
to 1
to 1
to 1
to 1
to 1
to 1
to 1
to 1
to 1
to 1
to 1
to 1
to 1
to 1
to 1
to 1
to 1
to 1
to 1
to 1
to 1
to 1
to 1
to 1
to 1
to 1
to 1
to 1
to 1
to 1
to 1
to 1
to 1
to 1
to 1
to 1
to 1
to 1
to 1
to 1
to 1
to 1
to 1
to 1
to 1
to 1
to 1
to 1
to 1
to 1
to 1
to 1
to 1
to 1
to 1
to 1
to 1
to 1
to 1
to 1
to 1
to 1
to 1
to 1
to 1
to 1
to 1
to 1
to 1
to 1
to 1
to 1
to 1
to 1
to 1
to 1
to 1
to 1
to 1
to 1
to 1
to 1
to 1
to 1
to 1
to 1
to 1
to 1
to 1
to 1
to 1
to 1
to 1
to 1
to 1
to 1
to 1
to 1
to 1
to 1
to 1
to 1
to 1
to 1
to 1
to 1
to 1
to 1
to 1
to 1
to 1
to 1
to 1
to 1
to 1
to 1
to 1
to 1
to 1
to 1
to 1
to 1
to 1
to 1
to 1
to 1
to 1
to 1
to 1
to 1
to 1
to 1
to 1
to 1
to 1
to 1
to 1
to 1
to 1
to 1
to 1
to 1
to 1
to 1
to 1
to 1
to 1
to 1
to 1
to 1
to 1
to 1
to 1
to 1
to 1
to 1
to 1
to 1
to 1
to 1
to 1
to 1
to 1
to 1
to 1
to 1
to 1
to 1
to 1
to 1
to 1
to 1
to 1
to 1
to 1
to 1
to 1
to 1
to 1
to 1
to 1
to 1
to 1
to 1
to 1
to 1
to 1
to 1
to 1
to 1
to 1
to 1
to 1
to 1
to 1
to 1
to 1
to 1
to 1
to 1
to 1
to 1
to 1
to 1
to 1
to 1
to 1
to 1
to 1
to 1
to 1
to 1
to 1
to 1
to 1
to 1
to 1
to 1
to 1
to 1
to 1
to 1
to 1
to 1
to 1
to 1
to 1
to 1
to 1
to 1
to 1
to 1
to 1
to 1
to 1
to 1
to 1
to 1
to 1
to 1
to 1
to 1
to 1
to 1
to 1
to 1
to 1
to 1
to 1
to 1
to 1
to 1
to 1
to 1
to 1
to 1
to 1
to 1
to 1
to 1
to 1
to 1
to 1
to 1
to 1
to 1
to 1
to 1
to 1
to 1
to 1
to 1
to 1
to 1
to 1
to 1
to 1
to 1
to 1
to 1
to 1
to 1
to 1
to 1
to 1
to 1
to 1
to 1
to 1
to 1
to 1
to 1
to 1
to 1
to 1
to 1
to 1
to 1
to 1
to 1
to 1
to 1
to 1
to 1
to 1
to 1
to 1
to 1
to 1
to 1
to 1
to 1
to 1
to 1
to 1
to 1
to 1
to 1
to 1
to 1
to 1
to 1
to 1
to 1
to 1
to 1
to 1
to 1
to 1
to 1
to 1
to 1
to 1
to 1
to 1
to 1
to 1
to 1
to 1
to 1
to 1
to 1
to 1
to 1
to 1
to 1
to 1
to 1
to 1
to 1
to 1
to 1
to 1
to 1
to 1
to 1
to 1
to 1
to 1
to 1
to 1
to 1
to 1
to 1
to 1
to 1
to 1
to 1
to 1
to 1
to 1
to 1
to 1
to 1
to 1
to 1
to 1
to 1
to 1
to 1
to 1
to 1
to 1
to 1
to 1
to 1
to 1
to 1
to 1
to 1
to 1
to 1
to 1
to 1
to 1
to 1
to 1
to 1
to 1
to 1
to 1
to 1
to 1
to 1
to 1
to 1
to 1
to 1
to 1
to 1
to 1
to 1
to 1
to 1
to 1
to 1
to 1
to 1
to 1
to 1
to 1
to 1
to 1
to 1
to 1
to 1
to 1
to 1
to 1
to 1
to 1
to 1
to 1
to 1
to 1
to 1
to 1
to 1
to 1
to 1
to 1
to 1
to 1
to 1
to 1
to 1
to 1
to 1
to 1
to 1
to 1
to 1
to 1
to 1
to 1
to 1
to 1
to 1
to 1
to 1
to 1
to 1
to 1
to 1
to 1
to 1
to 1
to 1
to 1
to 1
to 1
to 1
to 1
to 1
to 1
to 1
to 1
to 1
to 1
to 1
to 1
to 1
to 1
to 1
to 1
to 1
to 1
to 1
to 1
to 1
to 1
to 1
to 1
to 1
to 1
to 1
to 1
to 1
to 1
to 1
to 1
to 1
to 1
to 1
to 1
to 1
to 1
to 1
to 1
to 1
to 1
to 1
to 1
to 1
to 1
to 1
to 1
to 1
to 1
to 1
to 1
to 1
to 1
to 1
to 1
to 1
to 1
to 1
to 1
to 1
to 1
to 1
to 1
to 1
to 1
to 1
to 1
to 1
to 1
to 1
to 1
to 1
to 1
to 1
to 1
to 1
to 1
to 1
to 1
to 1
to 1
to 1
to 1
to 1
to 1
to 1
to 1
to 1
to 1
to 1
to 1
to 1
to 1
to 1
to 1
to 1
to 1
to 1
to 1
to 1
to 1
to 1
to 1
to 1
to 1
to 1
to 1
to 1
to 1
to 1
to 1
to 1
to 1
to 1
to 1
to 1
to 1
to 1
to 1
to 1
to 1
to 1
to 1
to 1
to 1
to 1
to 1
to 1
to 1
to 1
to 1
to 1
to 1
to 1
to 1
to 1
to 1
to 1
to 1
to 1
to 1
to 1
to 1
to 1
to 1
to 1
to 1
to 1
to 1
to 1
to 1
to 1
to 1
to 1
to 1
to 1
to 1
to 1
to 1
to 1
to 1
to 1
to 1
to 1
to 1
to 1
to 1
to 1
to 1
to 1
to 1
to 1
to 1
to 1
to 1
to 1
to 1
to 1
to 1
to 1
to 1
to 1
to 1
to 1
to 1
to 1
to 1
to 1
to 1
to 1
to 1
to 1
to 1
to 1
to 1
to 1
to 1
to 1
to 1
to 1
to 1
to 1
to 1
to 1
to 1
to 1
to 1
to 1
to 1
to 1
to 1
to 1
to 1
to 1
to 1
to 1
to 1
to 1
to 1
to 1
to 1
to 1
to 1
to 1
to 1
to 1
to 1
to 1
to 1
to 1
to 1
to 1
to 1
to 1
to 1
to 1
to 1
to 1
to 1
to 1
to 1
to 1
to 1
to 1
to 1
to 1
to 1
to 1
to 1
to 1
to 1
to 1
to 1
to 1
to 1
to 1
to 1
to 1
to 1
to 1
to 1
to 1
to 1
to 1
to 1
to 1
to 1
to 1
to 1
to 1
to 1
to 1
to 1
to 1
to 1
to 1
to 1
to 1
to 1
to 1
to 1
to 1
to 1
to 1
to 1
to 1
to 1
to 1
to 1
to 1
to 1
to 1
to 1
to 1
to 1
to 1
to 1
to 1
to 1
to 1
to 1
to 1
to 1
to 1
to 1
to 1
to 1
to 1
to 1
to 1
to 1
to 1
to 1
to 1
to 1
to 1
to 1
to 1
to 1
to 1
to 1
to 1
to 1
to 1
to 1
to 1
to 1
to 1
to 1
to 1
to 1
to 1
to 1
to 1
to 1
to 1
to 1
to 1
to 1
to 1
to 1
to 1
to 1
to 1
to 1
to 1
to 1
to 1
to 1
to 1
to 1
to 1
to 1
to 1
to 1
to 1
to 1
to 1
to 1
to 1
to 1
to 1
to 1
to 1
to 1
to 1
to 1
to 1
to 1
to 1
to 1
to 1
to 1
to 1
to 1
to 1
to 1
to 1
to 1
to 1
to 1
to 1
to 1
to 1
to 1
to 1
to 1
to 1
to 1
to 1
to 1
to 1
to 1
to 1
to 1
to 1
to 1
to 1
to 1
to 1
to 1
to 1
to 1
to 1
to 1
to 1
to 1
to 1
to 1
to 1
to 1
to 1
to 1
to 1
to 1
to 1
to 1
to 1
to 1
to 1
to 1
to 1
to 1
to 1
to 1
to 1
to 1
to 1
to 1
to 1
to 1
to 1
to 1
to 1
to 1
to 1
to 1
to 1
to 1
to 1
to 1
to 1
to 1
to 1
to 1
to 1
to 1
to 1
to 1
to 1
to 1
to 1
to 1
to 1
to 1
to 1
to 1
to 1
to 1
to 1
to 1
to 1
to 1
to 1
to 1
to 1
to 1
to 1
to 1
to 1
to 1
to 1
to 1
to 1
to 1
to 1
to 1
to 1
to 1
to 1
to 1
to 1
to 1
to 1
to 1
to 1
to 1
to 1
to 1
to 1
to 1
to 1
to 1
to 1
to 1
to 1
to 1
to 1
to 1
to 1
to 1
to 1
to 1
to 1
to 1
to 1
to 1
to 1
to 1
to 1
to 1
to 1
to 1
to 1
to 1
to 1
to 1
to 1
to 1
to 1
to 1
to 1
to 1
to 1
to 1
to 1
to 1
to 1
to 1
to 1
to 1
to 1
to 1
to 1
to 1
to 1
to 1
to 1
to 1
to 1
to 1
to 1
to 1
to 1
to 1
to 1
to 1
to 1
to 1
to 1
to 1
to 1
to 1
to 1
to 1
to 1
to 1
to 1
to 1
to 1
to 1
to 1
to 1
to 1
to 1
to 1
to 1
to 1
to 1
to 1
to 1
to 1
to 1
to 1
to 1
to 1
to 1
to 1
to 1
to 1
to 1
to 1
to 1
to 1
to 1
to 1
to 1
to 1
to 1
to 1
to 1
to 1
to 1
to 1
to 1
to 1
to 1
to 1
to 1
to 1
to 1
to 1
to 1
to 1
to 1
to 1
to 1
to 1
to 1
to 1
to 1
to 1
to 1
to 1
to 1
to 1
to 1
to 1
to 1
to 1
to 1
to 1
to 1
to 1
to 1
to 1
to 1
to 1
to 1
to 1
to 1
to 1
to 1
to 1
to 1
to 1
to 1
to 1
to 1
to 1
to 1
to 1
to 1
to 1
to 1
to 1
to 1
to 1
to 1
to 1
to 1
to 1
to 1
to 1
to 1
to 1
to 1
to 1
to 1
to 1
to 1
to 1
to 1
to 1
to 1
to 1
to 1
to 1
to 1
to 1
to 1
to 1
to 1
to 1
to 1
to 1
to 1
to 1
to 1
to 1
to 1
to 1
to 1
to 1
to 1
to 1
to 1
to 1
to 1
to 1
to 1
to 1
to 1
to 1
to 1
to 1
to 1
to 1
to 1
to 1
to 1
to 1
to 1
to 1
to 1
to 1
to 1
to 1
to 1
to 1
to 1
to 1
to 1
to 1
to 1
to 1
to 1
to 1
to 1
to 1
to 1
to 1
to 1
to 1
to 1
to 1
to 1
to 1
to 1
to 1
to 1
to 1
to 1
to 1
to 1
to 1
to 1
to 1
to 1
to 1
to 1
to 1
to 1
to 1
to 1
to 1
to 1
to 1
to 1
to 1
to 1
to 1
to 1
to 1
to 1
to 1
to 1
to 1
to 1
to 1
to 1
to 1
to 1
to 1
to 1
to 1
to 1
to 1
to 1
to 1
to 1
to 1
to 1
to 1
to 1
to 1
to 1
to 1
to 1
to 1
to 1
to 1
to 1
to 1
to 1
to 1
to 1
to 1
to 1
to 1
to 1
to 1
to 1
to 1
to 1
to 1
to 1
to 1
to 1
to 1
to 1
to 1
to 1
to 1
to 1
to 1
to 1
to 1
to 1
to 1
to 1
to 1
to 1
to 1
to 1
to 1
to 1
to 1
to 1
to 1
to 1
to 1
to 1
to 1
to 1
to 1
to 1
to 1
to 1
to 1
to 1
to 1
to 1
to 1
to 1
to 1
to 1
to 1
to 1
to 1
to 1
to 1
to 1
to 1
to 1
to 1
to 1
to 1
to 1
to 1
to 1
to 1
to 1
to 1
to 1
to 1
to 1
to 1
to 1
to 1
to 1
to 1
to 1
to 1
to 1
to 1
to 1
to 1
to 1
to 1
to 1
to 1
to 1
to 1
to 1
to 1
to 1
to 1
to 1
to 1
to 1
to 1
to 1
to 1
to 1
to 1
to 1
to 1
to 1
to 1
to 1
to 1
to 1
to 1
to 1
to 1
to 1
to 1
to 1
to 1
to 1
to 1
to 1
to 1
to 1
to 1
to 1
to 1
to 1
to 1
to 1
to 1
to 1
to 1
to 1
to 1
to 1
to 1
to 1
to 1
to 1
to 1
to 1
to 1
to 1
to 1
to 1
to 1
to 1
to 1
to 1
to 1
to 1
to 1
to 1
to 1
to 1
to 1
to 1
to 1
to 1
to 1
to 1
to 1
to 1
to 1
to 1
to 1
to 1
to 1
to 1
to 1
to 1
to 1
to 1
to 1
to 1
to 1
to 1
to 1
to 1
to 1
to 1
to 1
to 1
to 1
to 1
to 1
to 1
to 1
to 1
to 1
to 1
to 1
to 1
to 1
to 1
to 1
to 1
to 1
to 1
to 1
to 1
to 1
to 1
to 1
to 1
to 1
to 1
to 1
to 1
to 1
to 1
to 1
to 1
to 1
to 1
to 1
to 1
to 1
to 1
to 1
to 1
to 1
to 1
to 1
to 1
to 1
to 1
to 1
to 1
to 1
to 1
to 1
to 1
to 1
to 1
to 1
to 1
to 1
to 1
to 1
to 1
to 1
to 1
to 1
to 1
to 1
to 1
to 1
to 1
to 1
to 1
to 1
to 1
to 1
to 1
to 1
to 1
to 1
to 1
to 1
to 1
to 1
to 1
to 1
to 1
to 1
to 1
to 1
to 1
to 1
to 1
to 1
to 1
to 1
to 1
to 1
to 1
to 1
to 1
to 1
to 1
to 1
to 1
to 1
to 1
to 1
to 1
to 1
to 1
to 1
to 1
to 1
to 1
to 1
to 1
to 1
to 1
to 1
to 1
to 1
to 1
to 1
to 1
to 1
to 1
to 1
to 1
to 1
to 1
to 1
to 1
to 1
to 1
to 1
to 1
to 1
to 1
to 1
to 1
to 1
to 1
to 1
to 1
to 1
to 1
to 1
to 1
to 1
to 1
to 1
to 1
to 1
to 1
to 1
to 1
to 1
to 1
to 1
to 1
to 1
to 1
to 1
to 1
to 1
to 1
to 1
to 1
to 1
to 1
to 1
to 1
to 1
to 1
to 1
to 1
to 1
to 1
to 1
to 1
to 1
to 1
to 1
to 1
to 1
to 1
to 1
to 1
to 1
to 1
to 1
to 1
to 1
to 1
to 1
to 1
to 1
to 1
to 1
to 1
to 1
to 1
to 1
to 1
to 1
to 1
to 1
to 1
to 1
to 1
to 1
to 1
to 1
to 1
to 1
to 1
to 1
to 1
to 1
to 1
to 1
to 1
to 1
to 1
to 1
to 1
to 1
to 1
to 1
to 1
to 1
to 1
to 1
to 1
to 1
to 1
to 1
to 1
to 1
to 1
to 1
to 1
to 1
to 1
to 1
to 1
to 1
to 1
to 1
to 1
to 1
to 1
to 1
to 1
to 1
to 1
to 1
to 1
to 1
to 1
to 1
to 1
to 1
to 1
to 1
to 1
to 1
to 1
to 1
to 1
to 1
to 1
to 1
to 1
to 1
to 1
to 1
to 1
to 1
to 1
to 1
to 1
to 1
to 1
to 1
to 1
to 1
to 1
to 1
to 1
to 1
to 1
to 1
to 1
to 1
to 1
to 1
to 1
tobacco 1
tobacco 1
tobacco 1
today 1
today 1
today 1
today 1
toiled 1
toiled 1
toss 1
tossing 1
towel 1
towel 1
towel 1
towel 1
towel 1
towel 1
towel 1
towel 1
towel 1
towel 1
trademark 1
trademark 1
trademark 1
trademark 1
trademark 1
trademark 1
trademark 1
trademark 1
trademark 1
trademark 1
trading 1
trading 1
tranquilly 1
tranquilly 1
transcribe 1
trap 1
trap 1
travelled 1
treasured 1
treated 1
tremor 1
troublesome 1
troublesome 1
trumpet 1
trumpet 1
try 1
try 1
try 1
try 1
try 1
try 1
try 1
try 1
try 1
try 1
try 1
try 1
try 1
try 1
try 1
try 1
try 1
try 1
try 1
try 1
try 1
try 1
try 1
try 1
try 1
try 1
try 1
try 1
try 1
try 1
try 1
try 1
try 1
turning 1
turning 1
turning 1
turning 1
turning 1
twelve 1
twelve 1
twelve 1
twelve 1
twelve 1
twelve 1
twelve 1
twelve 1
twine 1
tyranny 1
uncertain 1
uncombed 1
understood 1
understood 1
understood 1
unfair 1
unfortunate 1
unholy 1
unplastered 1
unselfish 1
unusual 1
unusual 1
upstairs 1
upstairs 1
upstairs 1
urchin 1
usage 1
utterance 1
utterly 1
utterly 1
utterly 1
utterly 1
vacation 1
vacation 1
vacation 1
vacation 1
value 1
value 1
vanity 1
vanity 1
vanity 1
vanity 1
vanquish 1
vastness 1
vehicles 1
veins 1
ventilation 1
venture 1
venture 1
venture 1
venture 1
venture 1
venture 1
venture 1
ventured 1
ventured 1
verdict 1
verdict 1
verge 1
verge 1
vestibule 1
vestibule 1
vestibule 1
vice 1
vindictive 1
vindictive 1
visit 1
visit 1
visit 1
visit 1
visit 1
visit 1
vivacity 1
votary 1
waking 1
wandering 1
waned 1
wanted 1
wanted 1
wanted 1
wanted 1
wanted 1
wanted 1
wanted 1
wanted 1
wanted 1
wanted 1
wanted 1
wanted 1
wanted 1
wanted 1
wanted 1
wanted 1
wanted 1
wanted 1
wanted 1
wanted 1
wanted 1
wanted 1
wanted 1
wanted 1
wanted 1
warble 1
warehoused 1
was 1
was 1
was 1
was 1
was 1
was 1
was 1
was 1
was 1
was 1
was 1
was 1
was 1
was 1
was 1
was 1
was 1
was 1
was 1
was 1
was 1
was 1
was 1
was 1
was 1
was 1
was 1
was 1
was 1
was 1
was 1
was 1
was 1
was 1
was 1
was 1
was 1
was 1
was 1
was 1
was 1
was 1
was 1
was 1
was 1
was 1
was 1
was 1
was 1
was 1
was 1
was 1
was 1
was 1
was 1
was 1
was 1
was 1
was 1
was 1
was 1
was 1
was 1
was 1
was 1
was 1
was 1
was 1
was 1
was 1
was 1
was 1
was 1
was 1
was 1
was 1
was 1
was 1
was 1
was 1
was 1
was 1
was 1
was 1
was 1
was 1
was 1
was 1
was 1
was 1
was 1
was 1
was 1
was 1
was 1
was 1
was 1
was 1
was 1
was 1
was 1
was 1
was 1
was 1
was 1
was 1
was 1
was 1
was 1
was 1
was 1
was 1
was 1
was 1
was 1
was 1
was 1
was 1
was 1
was 1
was 1
was 1
was 1
was 1
was 1
was 1
was 1
was 1
was 1
was 1
was 1
was 1
was 1
was 1
was 1
was 1
was 1
was 1
was 1
was 1
was 1
was 1
was 1
was 1
was 1
was 1
was 1
was 1
was 1
was 1
was 1
was 1
was 1
was 1
was 1
was 1
was 1
was 1
was 1
was 1
was 1
was 1
was 1
was 1
was 1
was 1
was 1
was 1
was 1
was 1
was 1
was 1
was 1
was 1
was 1
was 1
was 1
was 1
was 1
was 1
was 1
was 1
was 1
was 1
was 1
was 1
was 1
was 1
was 1
was 1
was 1
was 1
was 1
was 1
was 1
was 1
was 1
was 1
was 1
was 1
was 1
was 1
was 1
was 1
was 1
was 1
was 1
was 1
was 1
was 1
was 1
was 1
was 1
was 1
was 1
was 1
was 1
was 1
was 1
was 1
was 1
was 1
was 1
was 1
was 1
was 1
was 1
was 1
was 1
was 1
was 1
was 1
was 1
was 1
was 1
was 1
was 1
was 1
was 1
was 1
was 1
was 1
was 1
was 1
was 1
was 1
was 1
was 1
was 1
was 1
was 1
was 1
was 1
was 1
was 1
was 1
was 1
was 1
was 1
was 1
was 1
was 1
was 1
was 1
was 1
was 1
was 1
was 1
was 1
was 1
was 1
was 1
was 1
was 1
was 1
was 1
was 1
was 1
was 1
was 1
was 1
was 1
was 1
was 1
was 1
was 1
was 1
was 1
was 1
was 1
was 1
was 1
was 1
was 1
was 1
was 1
was 1
was 1
was 1
was 1
was 1
was 1
was 1
was 1
was 1
was 1
was 1
was 1
was 1
was 1
was 1
was 1
was 1
was 1
was 1
was 1
was 1
was 1
was 1
was 1
was 1
was 1
was 1
was 1
was 1
was 1
was 1
was 1
was 1
was 1
was 1
was 1
was 1
was 1
was 1
was 1
was 1
was 1
was 1
was 1
was 1
was 1
was 1
was 1
was 1
was 1
was 1
was 1
was 1
was 1
was 1
was 1
was 1
was 1
was 1
was 1
was 1
was 1
was 1
was 1
was 1
was 1
was 1
was 1
was 1
was 1
was 1
was 1
was 1
was 1
was 1
was 1
was 1
was 1
was 1
was 1
was 1
was 1
was 1
was 1
was 1
was 1
was 1
was 1
was 1
was 1
was 1
was 1
was 1
was 1
was 1
was 1
was 1
was 1
was 1
was 1
was 1
was 1
was 1
was 1
was 1
was 1
was 1
was 1
was 1
was 1
was 1
was 1
was 1
was 1
was 1
was 1
was 1
was 1
was 1
was 1
was 1
was 1
was 1
was 1
was 1
was 1
was 1
was 1
was 1
was 1
was 1
was 1
was 1
was 1
was 1
was 1
was 1
was 1
was 1
was 1
was 1
was 1
was 1
was 1
was 1
was 1
was 1
was 1
was 1
was 1
was 1
was 1
was 1
was 1
was 1
was 1
was 1
was 1
was 1
was 1
was 1
was 1
was 1
was 1
was 1
was 1
was 1
was 1
was 1
was 1
was 1
was 1
was 1
was 1
was 1
was 1
was 1
was 1
was 1
was 1
was 1
was 1
was 1
was 1
was 1
was 1
was 1
was 1
was 1
was 1
was 1
was 1
was 1
was 1
was 1
was 1
was 1
was 1
was 1
was 1
was 1
was 1
was 1
was 1
was 1
was 1
was 1
was 1
was 1
was 1
was 1
was 1
was 1
was 1
was 1
was 1
was 1
was 1
was 1
was 1
was 1
was 1
was 1
was 1
was 1
was 1
was 1
was 1
was 1
was 1
was 1
was 1
was 1
was 1
was 1
was 1
was 1
was 1
was 1
was 1
was 1
was 1
was 1
was 1
was 1
was 1
was 1
was 1
was 1
was 1
was 1
was 1
was 1
was 1
was 1
was 1
was 1
was 1
was 1
was 1
was 1
was 1
was 1
was 1
was 1
was 1
was 1
was 1
was 1
was 1
was 1
was 1
was 1
was 1
was 1
was 1
was 1
was 1
was 1
was 1
was 1
was 1
was 1
was 1
was 1
was 1
was 1
was 1
was 1
was 1
was 1
was 1
was 1
was 1
was 1
was 1
was 1
was 1
was 1
was 1
was 1
was 1
was 1
was 1
was 1
was 1
was 1
was 1
was 1
was 1
was 1
was 1
was 1
was 1
was 1
was 1
was 1
was 1
was 1
was 1
was 1
was 1
was 1
was 1
was 1
was 1
was 1
was 1
was 1
was 1
was 1
was 1
was 1
was 1
was 1
was 1
was 1
was 1
was 1
was 1
was 1
was 1
was 1
was 1
was 1
was 1
was 1
was 1
was 1
was 1
was 1
was 1
was 1
was 1
was 1
was 1
was 1
was 1
was 1
was 1
was 1
was 1
was 1
was 1
was 1
was 1
was 1
was 1
was 1
was 1
was 1
was 1
was 1
was 1
was 1
was 1
was 1
was 1
was 1
was 1
was 1
was 1
was 1
was 1
was 1
was 1
was 1
was 1
was 1
was 1
was 1
was 1
was 1
was 1
was 1
was 1
was 1
was 1
was 1
was 1
was 1
was 1
was 1
was 1
was 1
was 1
was 1
was 1
was 1
was 1
was 1
was 1
was 1
was 1
was 1
was 1
was 1
was 1
was 1
was 1
was 1
was 1
was 1
was 1
was 1
was 1
was 1
was 1
was 1
was 1
was 1
was 1
was 1
was 1
was 1
was 1
was 1
was 1
was 1
was 1
was 1
was 1
was 1
was 1
was 1
was 1
was 1
was 1
was 1
was 1
was 1
was 1
was 1
was 1
was 1
was 1
was 1
was 1
was 1
was 1
was 1
was 1
was 1
was 1
was 1
was 1
was 1
was 1
was 1
was 1
was 1
was 1
was 1
was 1
was 1
was 1
was 1
was 1
was 1
was 1
was 1
was 1
was 1
was 1
was 1
was 1
was 1
was 1
was 1
was 1
was 1
was 1
was 1
was 1
was 1
was 1
was 1
was 1
was 1
was 1
was 1
was 1
was 1
was 1
was 1
was 1
was 1
was 1
was 1
was 1
was 1
was 1
was 1
was 1
was 1
was 1
was 1
was 1
was 1
was 1
was 1
was 1
was 1
was 1
was 1
was 1
was 1
was 1
was 1
was 1
was 1
was 1
was 1
was 1
was 1
was 1
was 1
was 1
was 1
was 1
was 1
was 1
was 1
was 1
was 1
was 1
was 1
was 1
was 1
was 1
was 1
was 1
was 1
was 1
was 1
was 1
was 1
was 1
was 1
was 1
was 1
was 1
was 1
was 1
was 1
was 1
was 1
was 1
was 1
was 1
was 1
was 1
was 1
was 1
was 1
was 1
was 1
was 1
was 1
was 1
was 1
was 1
was 1
was 1
was 1
was 1
was 1
was 1
was 1
was 1
was 1
was 1
was 1
was 1
was 1
was 1
was 1
was 1
was 1
was 1
was 1
was 1
was 1
was 1
was 1
was 1
was 1
was 1
was 1
was 1
was 1
was 1
was 1
was 1
was 1
was 1
was 1
was 1
was 1
was 1
was 1
was 1
was 1
was 1
was 1
was 1
was 1
was 1
was 1
was 1
was 1
was 1
was 1
was 1
was 1
was 1
was 1
was 1
was 1
was 1
was 1
was 1
was 1
was 1
was 1
was 1
was 1
was 1
was 1
was 1
was 1
was 1
was 1
was 1
was 1
was 1
was 1
was 1
was 1
was 1
was 1
was 1
was 1
was 1
was 1
was 1
was 1
was 1
was 1
was 1
was 1
was 1
was 1
was 1
was 1
was 1
was 1
was 1
was 1
was 1
was 1
was 1
was 1
was 1
was 1
was 1
was 1
was 1
was 1
was 1
was 1
was 1
was 1
was 1
was 1
was 1
was 1
was 1
was 1
was 1
was 1
was 1
was 1
was 1
was 1
was 1
was 1
was 1
was 1
was 1
was 1
was 1
was 1
was 1
was 1
was 1
was 1
was 1
was 1
was 1
was 1
was 1
was 1
was 1
was 1
was 1
was 1
was 1
was 1
was 1
was 1
was 1
was 1
was 1
was 1
was 1
was 1
was 1
was 1
was 1
was 1
was 1
was 1
was 1
was 1
was 1
was 1
was 1
was 1
was 1
was 1
was 1
was 1
was 1
was 1
was 1
was 1
was 1
was 1
was 1
was 1
was 1
was 1
was 1
was 1
was 1
was 1
was 1
was 1
was 1
was 1
was 1
was 1
was 1
was 1
was 1
was 1
was 1
was 1
was 1
was 1
was 1
was 1
was 1
was 1
was 1
was 1
was 1
was 1
was 1
was 1
was 1
was 1
was 1
was 1
was 1
was 1
was 1
was 1
was 1
was 1
was 1
was 1
was 1
was 1
was 1
was 1
was 1
was 1
was 1
was 1
was 1
was 1
was 1
was 1
was 1
was 1
was 1
was 1
was 1
was 1
was 1
was 1
was 1
was 1
was 1
was 1
was 1
was 1
was 1
was 1
was 1
was 1
was 1
was 1
was 1
was 1
was 1
was 1
was 1
was 1
was 1
was 1
was 1
was 1
was 1
was 1
was 1
was 1
was 1
was 1
was 1
was 1
was 1
was 1
was 1
was 1
was 1
was 1
was 1
was 1
was 1
was 1
was 1
was 1
was 1
was 1
was 1
was 1
wasn 1
wasn 1
wasn 1
wasn 1
wasn 1
wasn 1
wasn 1
wasn 1
wasn 1
wavering 1
weaklings 1
wear 1
wear 1
wear 1
wear 1
wear 1
wearied 1
wearily 1
weariness 1
webwork 1
weeks 1
weeks 1
weeks 1
weeks 1
weeks 1
weeks 1
weeks 1
weeks 1
weeks 1
weeks 1
weighed 1
weighed 1
weird 1
weird 1
weltering 1
wheat 1
wheat 1
whereupon 1
whether 1
whether 1
whether 1
whether 1
whetted 1
whisperings 1
whisperings 1
whisperings 1
whisperings 1
whistling 1
wide 1
wide 1
wide 1
wide 1
wide 1
wide 1
wide 1
wide 1
wide 1
wide 1
wide 1
wide 1
wide 1
wife 1
wife 1
wife 1
wife 1
wig 1
wig 1
wilder 1
wildness 1
wildwood 1
windfall 1
windfall 1
windows 1
windows 1
windows 1
winging 1
wipe 1
wipe 1
wisely 1
wisht 1
wisht 1
wisht 1
wisht 1
wisht 1
wistfully 1
wistfully 1
wistfully 1
wistfully 1
witches 1
witches 1
witches 1
wondering 1
wondering 1
wondering 1
wondering 1
wondering 1
wondering 1
woodpecker 1
words 1
words 1
words 1
words 1
words 1
words 1
words 1
words 1
words 1
words 1
words 1
words 1
words 1
words 1
words 1
words 1
words 1
words 1
words 1
words 1
words 1
words 1
words 1
worldly 1
worldly 1
worldly 1
worldly 1
worlds 1
worlds 1
worm 1
worm 1
worm 1
worry 1
worry 1
would 1
would 1
would 1
would 1
would 1
would 1
would 1
would 1
would 1
would 1
would 1
would 1
would 1
would 1
would 1
would 1
would 1
would 1
would 1
would 1
would 1
would 1
would 1
would 1
would 1
would 1
would 1
would 1
would 1
would 1
would 1
would 1
would 1
would 1
would 1
would 1
would 1
would 1
would 1
would 1
would 1
would 1
would 1
would 1
would 1
would 1
would 1
would 1
would 1
would 1
would 1
would 1
would 1
would 1
would 1
would 1
would 1
would 1
would 1
would 1
would 1
would 1
would 1
would 1
would 1
would 1
would 1
would 1
would 1
would 1
would 1
would 1
would 1
would 1
would 1
would 1
would 1
would 1
would 1
would 1
would 1
would 1
would 1
would 1
would 1
would 1
would 1
would 1
would 1
would 1
would 1
would 1
would 1
would 1
would 1
would 1
would 1
would 1
would 1
would 1
would 1
would 1
would 1
would 1
would 1
would 1
would 1
would 1
would 1
would 1
would 1
would 1
would 1
would 1
would 1
would 1
would 1
would 1
would 1
would 1
would 1
would 1
would 1
would 1
would 1
would 1
would 1
would 1
would 1
would 1
would 1
would 1
would 1
would 1
would 1
would 1
would 1
would 1
would 1
would 1
would 1
would 1
would 1
would 1
would 1
would 1
would 1
would 1
would 1
would 1
would 1
would 1
would 1
would 1
would 1
would 1
would 1
would 1
would 1
would 1
would 1
would 1
would 1
would 1
would 1
would 1
would 1
would 1
would 1
would 1
would 1
would 1
would 1
would 1
would 1
would 1
would 1
would 1
would 1
would 1
would 1
would 1
would 1
would 1
would 1
would 1
would 1
would 1
would 1
would 1
would 1
would 1
would 1
would 1
would 1
would 1
would 1
would 1
would 1
would 1
would 1
would 1
would 1
would 1
would 1
would 1
would 1
would 1
would 1
would 1
would 1
would 1
would 1
would 1
would 1
would 1
would 1
would 1
would 1
would 1
would 1
would 1
would 1
would 1
would 1
would 1
would 1
would 1
would 1
would 1
would 1
would 1
would 1
would 1
would 1
would 1
would 1
wound 1
wound 1
wound 1
wound 1
writer 1
written 1
written 1
written 1
www 1
www 1
www 1
www 1
www 1
www 1
y 1
y 1
y 1
y 1
y 1
y 1
y 1
yals 1
yawn 1
year 1
year 1
year 1
year 1
year 1
year 1
year 1
year 1
year 1
yearning 1
yearning 1
yelps 1
you 1
you 1
you 1
you 1
you 1
you 1
you 1
you 1
you 1
you 1
you 1
you 1
you 1
you 1
you 1
you 1
you 1
you 1
you 1
you 1
you 1
you 1
you 1
you 1
you 1
you 1
you 1
you 1
you 1
you 1
you 1
you 1
you 1
you 1
you 1
you 1
you 1
you 1
you 1
you 1
you 1
you 1
you 1
you 1
you 1
you 1
you 1
you 1
you 1
you 1
you 1
you 1
you 1
you 1
you 1
you 1
you 1
you 1
you 1
you 1
you 1
you 1
you 1
you 1
you 1
you 1
you 1
you 1
you 1
you 1
you 1
you 1
you 1
you 1
you 1
you 1
you 1
you 1
you 1
you 1
you 1
you 1
you 1
you 1
you 1
you 1
you 1
you 1
you 1
you 1
you 1
you 1
you 1
you 1
you 1
you 1
you 1
you 1
you 1
you 1
you 1
you 1
you 1
you 1
you 1
you 1
you 1
you 1
you 1
you 1
you 1
you 1
you 1
you 1
you 1
you 1
you 1
you 1
you 1
you 1
you 1
you 1
you 1
you 1
you 1
you 1
you 1
you 1
you 1
you 1
you 1
you 1
you 1
you 1
you 1
you 1
you 1
you 1
you 1
you 1
you 1
you 1
you 1
you 1
you 1
you 1
you 1
you 1
you 1
you 1
you 1
you 1
you 1
you 1
you 1
you 1
you 1
you 1
you 1
you 1
you 1
you 1
you 1
you 1
you 1
you 1
you 1
you 1
you 1
you 1
you 1
you 1
you 1
you 1
you 1
you 1
you 1
you 1
you 1
you 1
you 1
you 1
you 1
you 1
you 1
you 1
you 1
you 1
you 1
you 1
you 1
you 1
you 1
you 1
you 1
you 1
you 1
you 1
you 1
you 1
you 1
you 1
you 1
you 1
you 1
you 1
you 1
you 1
you 1
you 1
you 1
you 1
you 1
you 1
you 1
you 1
you 1
you 1
you 1
you 1
you 1
you 1
you 1
you 1
you 1
you 1
you 1
you 1
you 1
you 1
you 1
you 1
you 1
you 1
you 1
you 1
you 1
you 1
you 1
you 1
you 1
you 1
you 1
you 1
you 1
you 1
you 1
you 1
you 1
you 1
you 1
you 1
you 1
you 1
you 1
you 1
you 1
you 1
you 1
you 1
you 1
you 1
you 1
you 1
you 1
you 1
you 1
you 1
you 1
you 1
you 1
you 1
you 1
you 1
you 1
you 1
you 1
you 1
you 1
you 1
you 1
you 1
you 1
you 1
you 1
you 1
you 1
you 1
you 1
you 1
you 1
you 1
you 1
you 1
you 1
you 1
you 1
you 1
you 1
you 1
you 1
you 1
you 1
you 1
you 1
you 1
you 1
you 1
you 1
you 1
you 1
you 1
you 1
you 1
you 1
you 1
you 1
you 1
you 1
you 1
you 1
you 1
you 1
you 1
you 1
you 1
you 1
you 1
you 1
you 1
you 1
you 1
you 1
you 1
you 1
you 1
you 1
you 1
you 1
you 1
you 1
you 1
you 1
you 1
you 1
you 1
you 1
you 1
you 1
you 1
you 1
you 1
you 1
you 1
you 1
you 1
you 1
you 1
you 1
you 1
you 1
you 1
you 1
you 1
you 1
you 1
you 1
you 1
you 1
you 1
you 1
you 1
you 1
you 1
you 1
you 1
you 1
you 1
you 1
you 1
you 1
you 1
you 1
you 1
you 1
you 1
you 1
you 1
you 1
you 1
you 1
you 1
you 1
you 1
you 1
you 1
you 1
you 1
you 1
you 1
you 1
you 1
you 1
you 1
you 1
you 1
you 1
you 1
you 1
you 1
you 1
you 1
you 1
you 1
you 1
you 1
you 1
you 1
you 1
you 1
you 1
you 1
you 1
you 1
you 1
you 1
you 1
you 1
you 1
you 1
you 1
you 1
you 1
you 1
you 1
you 1
you 1
you 1
you 1
you 1
you 1
you 1
you 1
you 1
you 1
you 1
you 1
you 1
you 1
you 1
you 1
you 1
you 1
you 1
you 1
you 1
you 1
you 1
you 1
you 1
you 1
you 1
you 1
you 1
you 1
you 1
you 1
you 1
you 1
you 1
you 1
you 1
you 1
you 1
you 1
you 1
you 1
you 1
you 1
you 1
you 1
you 1
you 1
you 1
you 1
you 1
you 1
you 1
you 1
you 1
you 1
you 1
you 1
you 1
you 1
you 1
you 1
you 1
you 1
you 1
you 1
you 1
you 1
you 1
you 1
you 1
you 1
you 1
you 1
you 1
you 1
you 1
you 1
you 1
you 1
you 1
you 1
you 1
you 1
you 1
you 1
you 1
you 1
you 1
you 1
you 1
you 1
you 1
you 1
you 1
you 1
you 1
you 1
you 1
you 1
you 1
you 1
you 1
you 1
you 1
you 1
you 1
you 1
you 1
you 1
you 1
you 1
you 1
you 1
you 1
you 1
you 1
you 1
you 1
you 1
you 1
you 1
you 1
you 1
you 1
you 1
you 1
you 1
you 1
you 1
you 1
you 1
you 1
you 1
you 1
you 1
you 1
you 1
you 1
you 1
you 1
you 1
you 1
you 1
you 1
you 1
you 1
you 1
you 1
you 1
you 1
you 1
you 1
you 1
you 1
you 1
you 1
you 1
you 1
you 1
you 1
you 1
you 1
you 1
you 1
you 1
you 1
you 1
you 1
you 1
you 1
you 1
you 1
you 1
you 1
you 1
you 1
you 1
you 1
you 1
you 1
you 1
you 1
you 1
you 1
you 1
you 1
you 1
you 1
you 1
you 1
you 1
you 1
you 1
you 1
you 1
you 1
you 1
you 1
you 1
you 1
you 1
you 1
you 1
you 1
you 1
you 1
you 1
you 1
you 1
you 1
you 1
you 1
you 1
you 1
you 1
you 1
you 1
you 1
you 1
you 1
you 1
you 1
you 1
you 1
you 1
you 1
you 1
you 1
you 1
you 1
you 1
you 1
you 1
you 1
you 1
you 1
you 1
you 1
you 1
you 1
you 1
you 1
you 1
you 1
you 1
you 1
you 1
you 1
you 1
you 1
you 1
you 1
you 1
you 1
you 1
you 1
you 1
you 1
you 1
you 1
you 1
you 1
you 1
you 1
you 1
you 1
you 1
you 1
you 1
you 1
you 1
you 1
you 1
you 1
you 1
you 1
you 1
you 1
you 1
you 1
you 1
you 1
you 1
you 1
you 1
you 1
you 1
you 1
you 1
you 1
you 1
you 1
you 1
you 1
you 1
you 1
you 1
you 1
you 1
you 1
you 1
you 1
you 1
you 1
you 1
you 1
you 1
you 1
you 1
you 1
you 1
you 1
you 1
you 1
you 1
you 1
you 1
you 1
you 1
you 1
you 1
you 1
you 1
you 1
you 1
you 1
you 1
you 1
you 1
you 1
you 1
you 1
you 1
you 1
you 1
you 1
you 1
you 1
you 1
you 1
you 1
you 1
you 1
you 1
you 1
you 1
you 1
you 1
you 1
you 1
you 1
you 1
you 1
you 1
you 1
you 1
you 1
you 1
you 1
you 1
you 1
you 1
you 1
you 1
you 1
you 1
you 1
you 1
you 1
you 1
you 1
you 1
you 1
you 1
you 1
you 1
you 1
you 1
you 1
you 1
you 1
you 1
you 1
you 1
you 1
you 1
you 1
you 1
you 1
you 1
you 1
you 1
you 1
you 1
you 1
you 1
you 1
you 1
you 1
you 1
you 1
you 1
you 1
you 1
you 1
you 1
you 1
you 1
you 1
you 1
you 1
you 1
you 1
younger 1
younger 1
younger 1
yourselves 1
yourselves 1
youth 1
zip 1
