AS 1
Africa 1
Albertus 1
Albertus 1
Albertus 1
Among 1
Among 1
Are 1
Are 1
Are 1
Are 1
Are 1
Are 1
Arthur 1
Arthur 1
Atlantic 1
B 1
B 1
Behold 1
Chemistry 1
Coleridge 1
Coupar 1
Covered 1
Creator 1
Creator 1
Dante 1
Destruction 1
Director 1
EIN 1
Elizabeth 1
Elizabeth 1
Elizabeth 1
Elizabeth 1
Elizabeth 1
Elizabeth 1
Elizabeth 1
Elizabeth 1
Elizabeth 1
Elizabeth 1
Elizabeth 1
Elizabeth 1
Elizabeth 1
Elizabeth 1
Elizabeth 1
Elizabeth 1
Elizabeth 1
Elizabeth 1
Elizabeth 1
Elizabeth 1
Elizabeth 1
Elizabeth 1
Elizabeth 1
Elizabeth 1
Elizabeth 1
Elizabeth 1
Elizabeth 1
Elizabeth 1
Elizabeth 1
Elizabeth 1
Elizabeth 1
Elizabeth 1
Elizabeth 1
Elizabeth 1
Elizabeth 1
Elizabeth 1
Elizabeth 1
Elizabeth 1
Elizabeth 1
Elizabeth 1
Elizabeth 1
Elizabeth 1
Elizabeth 1
Elizabeth 1
Elizabeth 1
Elizabeth 1
Elizabeth 1
Elizabeth 1
Elizabeth 1
Elizabeth 1
Elizabeth 1
Elizabeth 1
Elizabeth 1
Elizabeth 1
Elizabeth 1
Elizabeth 1
Elizabeth 1
Elizabeth 1
Elizabeth 1
Elizabeth 1
Elizabeth 1
Elizabeth 1
Elizabeth 1
Elizabeth 1
Elizabeth 1
Elizabeth 1
Elizabeth 1
Elizabeth 1
Elizabeth 1
Elizabeth 1
Elizabeth 1
Elizabeth 1
Elizabeth 1
Elizabeth 1
Elizabeth 1
Elizabeth 1
Elizabeth 1
Elizabeth 1
Elizabeth 1
Elizabeth 1
Elizabeth 1
Elizabeth 1
Elizabeth 1
Elizabeth 1
Elizabeth 1
Elizabeth 1
Elizabeth 1
Elizabeth 1
Elizabeth 1
Elizabeth 1
Elizabeth 1
Elizabeth 1
Email 1
Eve 1
Excellent 1
Excellent 1
Executive 1
French 1
French 1
French 1
French 1
French 1
French 1
General 1
General 1
General 1
Grace 1
Harmony 1
Has 1
Henry 1
Henry 1
Henry 1
Henry 1
Henry 1
Henry 1
Henry 1
Henry 1
Henry 1
Henry 1
Henry 1
Henry 1
Henry 1
Henry 1
Henry 1
Henry 1
Henry 1
Henry 1
Henry 1
Henry 1
Henry 1
Henry 1
Henry 1
Henry 1
Henry 1
Henry 1
How 1
How 1
How 1
How 1
How 1
How 1
How 1
How 1
How 1
How 1
How 1
How 1
How 1
How 1
How 1
How 1
How 1
How 1
How 1
How 1
How 1
How 1
How 1
How 1
How 1
How 1
How 1
How 1
How 1
How 1
How 1
How 1
How 1
IMPLIED 1
IS 1
Information 1
Information 1
Information 1
Information 1
Information 1
International 1
Italian 1
Italian 1
Jura 1
Jura 1
Jura 1
Jura 1
Jura 1
LIMITED 1
LIMITED 1
LIMITED 1
Lacey 1
Lacey 1
Lacey 1
Lacey 1
Lacey 1
Lacey 1
Lacey 1
Lacey 1
Lacey 1
Learn 1
Learn 1
Learn 1
Letter 1
Letter 1
Letter 1
Letter 1
Life 1
Life 1
Life 1
Literary 1
Literary 1
Literary 1
Literary 1
Literary 1
Literary 1
Literary 1
Literary 1
Literary 1
Literary 1
Literary 1
Literary 1
Literary 1
Little 1
Little 1
Lycurgus 1
Man 1
Man 1
Man 1
Man 1
Men 1
Miserable 1
Miserable 1
Nay 1
Nay 1
Nay 1
Nay 1
Observe 1
October 1
Only 1
PARAGRAPH 1
Paul 1
Pelissier 1
Preparations 1
Presently 1
Presently 1
Presently 1
Presently 1
Presently 1
Presently 1
READ 1
REPLACEMENT 1
RIGHT 1
Rely 1
Resolved 1
SEND 1
Scotch 1
Scotch 1
Several 1
Several 1
Several 1
Several 1
Several 1
Several 1
Several 1
Several 1
Shelley 1
Shelley 1
Shelley 1
Shelley 1
Since 1
Since 1
So 1
So 1
So 1
So 1
Soft 1
Suddenly 1
Suddenly 1
Suddenly 1
Table 1
Taking 1
They 1
They 1
They 1
They 1
They 1
They 1
They 1
They 1
They 1
They 1
They 1
They 1
They 1
They 1
They 1
They 1
They 1
They 1
They 1
They 1
They 1
They 1
They 1
They 1
They 1
They 1
They 1
They 1
They 1
They 1
They 1
They 1
They 1
They 1
They 1
They 1
They 1
They 1
They 1
WILL 1
WILL 1
WILL 1
WIVES 1
Wakefield 1
What 1
What 1
What 1
What 1
What 1
What 1
What 1
What 1
What 1
What 1
What 1
What 1
What 1
What 1
What 1
What 1
What 1
What 1
What 1
What 1
What 1
What 1
What 1
What 1
What 1
What 1
What 1
What 1
What 1
What 1
What 1
What 1
What 1
What 1
What 1
What 1
Windsor 1
Windsor 1
Woolwich 1
Yesterday 1
absolution 1
accept 1
accept 1
accept 1
accept 1
accursed 1
accursed 1
accursed 1
achievements 1
active 1
active 1
active 1
active 1
active 1
actual 1
actual 1
adduced 1
adduced 1
adequate 1
adequate 1
adjacent 1
admiration 1
admiration 1
admiration 1
admiration 1
admiration 1
admiration 1
admiration 1
admiration 1
admiration 1
admiration 1
admiration 1
admiration 1
admiration 1
admiration 1
advantages 1
advantages 1
adventurous 1
adventurous 1
advise 1
afflicted 1
afflicted 1
agents 1
agony 1
agony 1
agony 1
agony 1
agony 1
agony 1
agony 1
agony 1
agony 1
agony 1
agony 1
agony 1
agony 1
agony 1
agony 1
agony 1
agony 1
agony 1
agony 1
agony 1
agony 1
agony 1
agony 1
agony 1
agony 1
agony 1
agreed 1
agreed 1
agreed 1
agreed 1
agreed 1
agreed 1
aimed 1
alighted 1
alighted 1
although 1
although 1
although 1
although 1
although 1
although 1
although 1
although 1
although 1
although 1
although 1
although 1
although 1
although 1
although 1
although 1
although 1
although 1
although 1
although 1
although 1
although 1
although 1
although 1
although 1
although 1
although 1
although 1
although 1
although 1
although 1
although 1
although 1
although 1
although 1
although 1
although 1
although 1
although 1
although 1
although 1
although 1
although 1
although 1
although 1
although 1
although 1
although 1
although 1
although 1
although 1
amassed 1
amphitheatre 1
analysing 1
anatomize 1
angrily 1
anxiety 1
anxiety 1
anxiety 1
anxiety 1
anxiety 1
anxiety 1
anxiety 1
anxiety 1
anxiously 1
anxiously 1
appears 1
appears 1
appears 1
appears 1
appears 1
appears 1
appears 1
appears 1
apprehended 1
arguments 1
arguments 1
arguments 1
arguments 1
arguments 1
arguments 1
arguments 1
arranged 1
arranged 1
arranged 1
arranged 1
arrested 1
ascend 1
ascend 1
ascend 1
ascend 1
ascend 1
ascertaining 1
ashes 1
ashes 1
assigned 1
assistance 1
assistance 1
assistance 1
assistance 1
assizes 1
assumed 1
assumed 1
assumed 1
assumed 1
assumed 1
attained 1
attentive 1
attentive 1
attracted 1
attracted 1
attracted 1
attracted 1
attracted 1
attracted 1
attributed 1
attributed 1
attributed 1
attributed 1
audible 1
audible 1
audibly 1
avenue 1
avowal 1
bade 1
bade 1
bade 1
bade 1
banished 1
banished 1
banished 1
banished 1
banished 1
bear 1
bear 1
bear 1
bear 1
bear 1
bear 1
beauty 1
beauty 1
beauty 1
beauty 1
beauty 1
beauty 1
beauty 1
beauty 1
beauty 1
beauty 1
beauty 1
beauty 1
beauty 1
beauty 1
beauty 1
beauty 1
beauty 1
beauty 1
beauty 1
beauty 1
beauty 1
beauty 1
beauty 1
beauty 1
beauty 1
beauty 1
beauty 1
bedewed 1
beggar 1
beggar 1
behind 1
behind 1
behind 1
behind 1
behind 1
behind 1
behind 1
behind 1
behind 1
behind 1
behind 1
beneficial 1
beneficial 1
benumbed 1
betrayed 1
betrayed 1
bitterest 1
bitterest 1
bitterest 1
blackness 1
blessed 1
blessed 1
blessed 1
blessed 1
blessed 1
blessed 1
bloomed 1
bloomed 1
boat 1
boat 1
boat 1
boat 1
boat 1
boat 1
boat 1
boat 1
boat 1
boat 1
boat 1
boat 1
boat 1
boat 1
boat 1
boat 1
boat 1
brain 1
breath 1
breath 1
brow 1
bruised 1
burns 1
calculate 1
calculations 1
campagne 1
can 1
can 1
can 1
can 1
can 1
can 1
can 1
can 1
can 1
can 1
can 1
can 1
can 1
can 1
can 1
can 1
can 1
can 1
can 1
can 1
can 1
can 1
can 1
can 1
can 1
can 1
can 1
can 1
can 1
can 1
can 1
can 1
can 1
can 1
can 1
can 1
can 1
can 1
can 1
can 1
can 1
can 1
can 1
can 1
can 1
can 1
can 1
can 1
can 1
can 1
can 1
can 1
can 1
can 1
can 1
can 1
can 1
can 1
can 1
can 1
can 1
can 1
can 1
can 1
can 1
can 1
can 1
can 1
can 1
can 1
can 1
can 1
can 1
can 1
can 1
can 1
can 1
can 1
can 1
can 1
can 1
can 1
can 1
can 1
can 1
can 1
can 1
can 1
can 1
can 1
can 1
can 1
can 1
can 1
can 1
can 1
can 1
can 1
can 1
can 1
can 1
candour 1
candour 1
capable 1
capable 1
capable 1
capable 1
capable 1
capable 1
capable 1
capable 1
capable 1
capable 1
capable 1
capable 1
capable 1
capable 1
card 1
cares 1
cares 1
cares 1
cares 1
cares 1
catastrophe 1
catastrophe 1
catastrophe 1
caves 1
caves 1
caves 1
caves 1
caves 1
ceasing 1
cell 1
cell 1
change 1
change 1
change 1
change 1
change 1
change 1
change 1
change 1
change 1
change 1
change 1
change 1
change 1
change 1
change 1
change 1
change 1
change 1
change 1
change 1
change 1
change 1
change 1
change 1
change 1
change 1
change 1
change 1
change 1
characters 1
characters 1
characters 1
charmed 1
cheerful 1
cheerful 1
cheerful 1
cheerful 1
cheerful 1
cheerful 1
cheerful 1
cheerful 1
cheerful 1
cheerful 1
cheerful 1
cheerful 1
child 1
child 1
child 1
child 1
child 1
child 1
child 1
child 1
child 1
child 1
child 1
child 1
child 1
child 1
child 1
child 1
child 1
child 1
child 1
child 1
child 1
child 1
child 1
child 1
child 1
child 1
child 1
child 1
child 1
child 1
child 1
child 1
child 1
child 1
chivalrous 1
class 1
clemency 1
cloak 1
cloak 1
cloak 1
close 1
close 1
close 1
close 1
close 1
close 1
close 1
close 1
close 1
close 1
close 1
close 1
close 1
close 1
close 1
coach 1
collecting 1
collecting 1
collecting 1
collecting 1
collecting 1
come 1
come 1
come 1
come 1
come 1
come 1
come 1
come 1
come 1
come 1
come 1
come 1
come 1
come 1
come 1
come 1
come 1
come 1
come 1
come 1
come 1
come 1
come 1
come 1
come 1
come 1
come 1
come 1
come 1
come 1
come 1
come 1
come 1
commences 1
commercial 1
compassionate 1
complex 1
complying 1
complying 1
complying 1
compose 1
compose 1
conceived 1
conceived 1
conceived 1
conceived 1
conceived 1
conceived 1
conceived 1
conceived 1
conceived 1
conceived 1
conceived 1
conceived 1
concept 1
concept 1
concert 1
condemn 1
condemn 1
conducting 1
conducting 1
confinement 1
conjecture 1
conjecture 1
conjecture 1
conjecture 1
connection 1
connection 1
connection 1
considerateness 1
consoles 1
consoles 1
constrained 1
contempt 1
contempt 1
contempt 1
contempt 1
contempt 1
contest 1
continually 1
continually 1
continually 1
continually 1
continually 1
continually 1
continually 1
continually 1
continually 1
continually 1
continually 1
continually 1
continually 1
continually 1
continually 1
continually 1
continually 1
continually 1
contumely 1
conveniently 1
conversations 1
conversations 1
conviction 1
conviction 1
conviction 1
conviction 1
conviction 1
conviction 1
corpse 1
corpse 1
corpse 1
corpse 1
corpse 1
corpse 1
corpse 1
corpse 1
corpse 1
corpse 1
countrymen 1
cramped 1
creator 1
creator 1
creator 1
creator 1
creator 1
creator 1
creator 1
creator 1
creator 1
creator 1
creator 1
creator 1
creator 1
creator 1
creator 1
creator 1
creator 1
creator 1
croaking 1
curtain 1
customs 1
customs 1
dabbled 1
daughter 1
daughter 1
daughter 1
daughter 1
daughter 1
daughter 1
daughter 1
daughter 1
daughter 1
daughter 1
daughter 1
daughter 1
daughter 1
daughter 1
daughter 1
daydreams 1
daydreams 1
daylight 1
deal 1
dear 1
dear 1
dear 1
dear 1
dear 1
dear 1
dear 1
dear 1
dear 1
dear 1
dear 1
dear 1
dear 1
dear 1
dear 1
dear 1
dear 1
dear 1
dear 1
dear 1
dear 1
dear 1
dear 1
dear 1
dear 1
dear 1
dear 1
dear 1
dear 1
dear 1
dear 1
dear 1
dear 1
dear 1
dear 1
dear 1
dear 1
dear 1
dear 1
dear 1
dear 1
dear 1
dear 1
dear 1
dear 1
dear 1
dear 1
dear 1
dear 1
dear 1
dear 1
dear 1
dear 1
dear 1
dear 1
dear 1
dear 1
dear 1
dear 1
dear 1
dear 1
dear 1
dear 1
dear 1
dear 1
dear 1
debar 1
decay 1
decay 1
decay 1
decay 1
decided 1
decided 1
decided 1
decided 1
delights 1
delights 1
delights 1
delights 1
demeanour 1
demeanour 1
demeanour 1
dens 1
depart 1
depart 1
depart 1
depart 1
depart 1
depart 1
depart 1
depart 1
department 1
departure 1
departure 1
departure 1
departure 1
departure 1
departure 1
departure 1
departure 1
departure 1
departure 1
departure 1
departure 1
departure 1
departure 1
departure 1
departure 1
departure 1
departure 1
design 1
design 1
design 1
design 1
design 1
design 1
despair 1
despair 1
despair 1
despair 1
despair 1
despair 1
despair 1
despair 1
despair 1
despair 1
despair 1
despair 1
despair 1
despair 1
despair 1
despair 1
despair 1
despair 1
despair 1
despair 1
despair 1
despair 1
despair 1
despair 1
despair 1
despair 1
despair 1
despair 1
despair 1
despair 1
despair 1
despair 1
despair 1
despair 1
despair 1
despair 1
despair 1
despair 1
despair 1
despair 1
despair 1
despair 1
despair 1
despair 1
despair 1
despair 1
despair 1
desperation 1
despite 1
despondency 1
despondency 1
despondency 1
despondency 1
destroy 1
destroy 1
destroy 1
destroy 1
destroy 1
destroy 1
destroy 1
destroy 1
destroy 1
destroy 1
destroy 1
destroy 1
destroy 1
destroy 1
destroy 1
destroy 1
destroy 1
destroy 1
destroy 1
destroy 1
destroy 1
destroy 1
destroying 1
destroying 1
destroying 1
destroying 1
detested 1
detested 1
detested 1
detested 1
detested 1
devilish 1
diet 1
diffused 1
diffused 1
diffused 1
disappeared 1
disappeared 1
disappeared 1
disappeared 1
disappeared 1
disappeared 1
disappeared 1
disappeared 1
disappeared 1
disasters 1
disclosed 1
disclosed 1
discompose 1
discontented 1
discovered 1
discovered 1
discovered 1
discovered 1
discovered 1
discovered 1
discovered 1
discovered 1
discovered 1
discovered 1
discovered 1
discovered 1
discovered 1
discovered 1
discovered 1
discovered 1
discovered 1
discovered 1
discovered 1
discovered 1
discovered 1
discovered 1
discovered 1
discovered 1
discovered 1
discovered 1
discovered 1
discovered 1
discovered 1
discovered 1
discovered 1
discovered 1
discovered 1
discovered 1
discovered 1
disinclined 1
disorder 1
disorder 1
displaying 1
displaying 1
displaying 1
displaying 1
displaying 1
dissoluble 1
distorted 1
distorted 1
distorted 1
distorted 1
divulged 1
docile 1
docile 1
domestic 1
domestic 1
domestic 1
domestic 1
domestic 1
dominions 1
donation 1
drag 1
dreading 1
dried 1
dried 1
dried 1
drove 1
drove 1
drove 1
duty 1
duty 1
duty 1
duty 1
duty 1
duty 1
duty 1
duty 1
duty 1
duty 1
duty 1
eager 1
eager 1
eager 1
eager 1
earth 1
earth 1
earth 1
earth 1
earth 1
earth 1
earth 1
earth 1
earth 1
earth 1
earth 1
earth 1
earth 1
earth 1
earth 1
earth 1
earth 1
earth 1
earth 1
earth 1
earth 1
earth 1
earth 1
earth 1
earth 1
earth 1
earth 1
earth 1
earth 1
earth 1
earth 1
earth 1
earth 1
earth 1
earth 1
earth 1
echoed 1
echoed 1
edition 1
electronically 1
electronically 1
endowed 1
endowed 1
endowed 1
endowed 1
enough 1
enough 1
enough 1
enough 1
enough 1
enough 1
enough 1
enough 1
enough 1
enough 1
enough 1
enough 1
enraged 1
enraged 1
ensued 1
entertain 1
enthusiastic 1
enthusiastic 1
enthusiastic 1
enthusiastic 1
entirely 1
entirely 1
entirely 1
entirely 1
entirely 1
entirely 1
entirely 1
entirely 1
entirely 1
entirely 1
entirely 1
entirely 1
entirely 1
entirely 1
entirely 1
entirely 1
entirely 1
entirely 1
entirely 1
entirely 1
equal 1
equal 1
equal 1
equal 1
equal 1
equitable 1
established 1
esteemed 1
esteemed 1
eternity 1
event 1
event 1
event 1
event 1
event 1
event 1
event 1
event 1
event 1
event 1
event 1
event 1
example 1
example 1
excellence 1
excellence 1
excellent 1
excellent 1
excellent 1
excellent 1
excellent 1
excellent 1
excellent 1
excellent 1
excellent 1
excellent 1
excellent 1
excellent 1
excellent 1
execration 1
exercise 1
exercise 1
exercise 1
exercise 1
exercise 1
exercise 1
exercised 1
exercised 1
exert 1
exert 1
exert 1
expend 1
experiments 1
explanations 1
exposed 1
exposed 1
exposed 1
exposed 1
expostulate 1
exquisitely 1
exult 1
faces 1
faces 1
faces 1
faces 1
faces 1
faces 1
failure 1
failure 1
failure 1
faint 1
faint 1
familiarly 1
family 1
family 1
family 1
family 1
family 1
family 1
family 1
family 1
family 1
family 1
family 1
family 1
family 1
family 1
family 1
family 1
family 1
family 1
family 1
family 1
family 1
family 1
family 1
family 1
family 1
family 1
family 1
family 1
family 1
family 1
family 1
fancied 1
fanciful 1
fare 1
fare 1
fare 1
farther 1
farther 1
farther 1
fear 1
fear 1
fear 1
fear 1
fear 1
fear 1
fear 1
fear 1
fear 1
fear 1
fear 1
fear 1
fear 1
fear 1
fear 1
fear 1
fear 1
fear 1
fear 1
fear 1
fear 1
fear 1
fear 1
fear 1
fear 1
fear 1
fear 1
fear 1
fear 1
fear 1
fear 1
fear 1
fear 1
fear 1
fear 1
fear 1
fear 1
fear 1
fearfully 1
fearfully 1
fee 1
fee 1
fee 1
fee 1
fee 1
fee 1
fee 1
fee 1
fee 1
fever 1
fever 1
fever 1
fever 1
fever 1
fever 1
fever 1
fever 1
fever 1
fever 1
fiend 1
fiend 1
fiend 1
fiend 1
fiend 1
fiend 1
fiend 1
fiend 1
fiend 1
fiend 1
fiend 1
fiend 1
fiend 1
fiend 1
fiend 1
fiend 1
fiend 1
fiend 1
fiend 1
fiend 1
fiend 1
fiend 1
fiend 1
fiend 1
fiend 1
fiend 1
fiend 1
fiend 1
fiend 1
fiend 1
fiend 1
fiend 1
fiend 1
fiendish 1
fiendish 1
fiendish 1
fiendish 1
fiendish 1
fiendish 1
filthy 1
filthy 1
filthy 1
filthy 1
filthy 1
finds 1
finished 1
finished 1
finished 1
finished 1
finished 1
finished 1
finished 1
finished 1
fired 1
fired 1
fired 1
firm 1
firm 1
firm 1
firm 1
firm 1
firm 1
firm 1
firmest 1
fish 1
fish 1
fish 1
fitness 1
fitter 1
fixed 1
fixed 1
fixed 1
fixed 1
fixed 1
fixed 1
fixed 1
fixed 1
fixed 1
fixed 1
fixed 1
fixed 1
fixed 1
fixed 1
fixed 1
fixed 1
fixed 1
fixed 1
fixed 1
fixed 1
fixed 1
fixed 1
fixed 1
fixed 1
foe 1
foe 1
foe 1
foolish 1
foreign 1
foreign 1
forgive 1
forgive 1
forgive 1
fortunes 1
fourteen 1
free 1
free 1
free 1
free 1
free 1
free 1
free 1
free 1
free 1
free 1
free 1
free 1
free 1
free 1
free 1
free 1
free 1
free 1
free 1
free 1
free 1
free 1
free 1
free 1
free 1
free 1
free 1
free 1
from 1
from 1
from 1
from 1
from 1
from 1
from 1
from 1
from 1
from 1
from 1
from 1
from 1
from 1
from 1
from 1
from 1
from 1
from 1
from 1
from 1
from 1
from 1
from 1
from 1
from 1
from 1
from 1
from 1
from 1
from 1
from 1
from 1
from 1
from 1
from 1
from 1
from 1
from 1
from 1
from 1
from 1
from 1
from 1
from 1
from 1
from 1
from 1
from 1
from 1
from 1
from 1
from 1
from 1
from 1
from 1
from 1
from 1
from 1
from 1
from 1
from 1
from 1
from 1
from 1
from 1
from 1
from 1
from 1
from 1
from 1
from 1
from 1
from 1
from 1
from 1
from 1
from 1
from 1
from 1
from 1
from 1
from 1
from 1
from 1
from 1
from 1
from 1
from 1
from 1
from 1
from 1
from 1
from 1
from 1
from 1
from 1
from 1
from 1
from 1
from 1
from 1
from 1
from 1
from 1
from 1
from 1
from 1
from 1
from 1
from 1
from 1
from 1
from 1
from 1
from 1
from 1
from 1
from 1
from 1
from 1
from 1
from 1
from 1
from 1
from 1
from 1
from 1
from 1
from 1
from 1
from 1
from 1
from 1
from 1
from 1
from 1
from 1
from 1
from 1
from 1
from 1
from 1
from 1
from 1
from 1
from 1
from 1
from 1
from 1
from 1
from 1
from 1
from 1
from 1
from 1
from 1
from 1
from 1
from 1
from 1
from 1
from 1
from 1
from 1
from 1
from 1
from 1
from 1
from 1
from 1
from 1
from 1
from 1
from 1
from 1
from 1
from 1
from 1
from 1
from 1
from 1
from 1
from 1
from 1
from 1
from 1
from 1
from 1
from 1
from 1
from 1
from 1
from 1
from 1
from 1
from 1
from 1
from 1
from 1
from 1
from 1
from 1
from 1
from 1
from 1
from 1
from 1
from 1
from 1
from 1
from 1
from 1
from 1
from 1
from 1
from 1
from 1
from 1
from 1
from 1
from 1
from 1
from 1
from 1
from 1
from 1
from 1
from 1
from 1
from 1
from 1
from 1
from 1
from 1
from 1
from 1
from 1
from 1
from 1
from 1
from 1
from 1
from 1
from 1
from 1
from 1
from 1
from 1
from 1
from 1
from 1
from 1
from 1
from 1
from 1
from 1
from 1
from 1
from 1
from 1
from 1
from 1
from 1
from 1
from 1
from 1
from 1
from 1
from 1
from 1
from 1
from 1
from 1
from 1
from 1
from 1
from 1
from 1
from 1
from 1
from 1
from 1
from 1
from 1
from 1
from 1
from 1
from 1
from 1
from 1
from 1
from 1
from 1
from 1
from 1
from 1
from 1
from 1
from 1
from 1
from 1
from 1
from 1
from 1
from 1
from 1
from 1
from 1
from 1
from 1
from 1
from 1
from 1
from 1
from 1
from 1
from 1
from 1
from 1
from 1
from 1
from 1
from 1
from 1
from 1
from 1
from 1
from 1
from 1
from 1
from 1
from 1
from 1
from 1
from 1
from 1
from 1
from 1
from 1
from 1
from 1
from 1
from 1
from 1
from 1
from 1
from 1
from 1
from 1
from 1
from 1
from 1
from 1
from 1
from 1
from 1
from 1
from 1
from 1
from 1
from 1
from 1
from 1
from 1
from 1
from 1
from 1
from 1
from 1
from 1
from 1
from 1
from 1
from 1
from 1
from 1
from 1
from 1
from 1
from 1
from 1
from 1
from 1
from 1
from 1
from 1
from 1
frost 1
frost 1
frost 1
frost 1
frost 1
gall 1
gall 1
game 1
garb 1
garb 1
gardener 1
general 1
general 1
general 1
general 1
general 1
general 1
generous 1
generous 1
generous 1
generous 1
generous 1
getting 1
ghosts 1
glad 1
glad 1
glad 1
glad 1
glad 1
gloried 1
goals 1
grant 1
grant 1
grant 1
gratifying 1
greatness 1
groans 1
groans 1
groans 1
groans 1
groans 1
gross 1
guarded 1
guarded 1
guest 1
guest 1
guest 1
guest 1
guest 1
guest 1
guest 1
guest 1
gun 1
gun 1
habit 1
habit 1
haggard 1
halfway 1
handed 1
handkerchief 1
hangman 1
hapless 1
hapless 1
hast 1
hate 1
hate 1
hate 1
hate 1
hate 1
hate 1
hate 1
hate 1
hate 1
hearing 1
hearing 1
hearing 1
hearing 1
hearing 1
hearing 1
heartily 1
heat 1
heat 1
heat 1
heat 1
heat 1
heat 1
heat 1
heath 1
heavier 1
heed 1
helpless 1
helpless 1
helpless 1
helpless 1
hemisphere 1
henceforth 1
here 1
here 1
here 1
here 1
here 1
here 1
here 1
here 1
here 1
here 1
here 1
here 1
here 1
here 1
here 1
here 1
here 1
here 1
here 1
here 1
here 1
here 1
here 1
here 1
here 1
here 1
here 1
here 1
hideousness 1
hideousness 1
highlands 1
highlands 1
hills 1
hills 1
hills 1
hills 1
hills 1
hills 1
hills 1
hills 1
hills 1
hills 1
hills 1
himself 1
himself 1
himself 1
himself 1
himself 1
himself 1
himself 1
himself 1
himself 1
himself 1
himself 1
himself 1
himself 1
himself 1
himself 1
himself 1
himself 1
himself 1
himself 1
himself 1
himself 1
himself 1
himself 1
himself 1
himself 1
himself 1
himself 1
himself 1
himself 1
himself 1
himself 1
himself 1
himself 1
himself 1
himself 1
himself 1
himself 1
hindrance 1
holder 1
holder 1
holder 1
holder 1
hoped 1
hoped 1
hoped 1
hoped 1
hoped 1
hoped 1
hoped 1
hoped 1
hoped 1
horror 1
horror 1
horror 1
horror 1
horror 1
horror 1
horror 1
horror 1
horror 1
horror 1
horror 1
horror 1
horror 1
horror 1
horror 1
horror 1
horror 1
horror 1
horror 1
horror 1
horror 1
horror 1
horror 1
horror 1
horror 1
horror 1
horror 1
horror 1
horror 1
horror 1
horror 1
horror 1
horror 1
horror 1
horror 1
horror 1
horror 1
horror 1
horror 1
horror 1
horror 1
horror 1
horror 1
horror 1
horror 1
hour 1
hour 1
hour 1
hour 1
hour 1
hour 1
hour 1
hour 1
hour 1
hour 1
hour 1
hour 1
hour 1
hour 1
hour 1
hour 1
hour 1
hour 1
hour 1
hour 1
hour 1
hour 1
hour 1
hour 1
hour 1
humane 1
hundred 1
hundred 1
hundred 1
hurries 1
ices 1
ices 1
identification 1
identify 1
identify 1
ignominy 1
ignominy 1
ignominy 1
ignominy 1
illness 1
illness 1
illness 1
illness 1
illness 1
illness 1
illness 1
illness 1
illness 1
immaculate 1
immutable 1
immutable 1
immutable 1
impatiently 1
important 1
important 1
impracticable 1
improved 1
improved 1
improved 1
improved 1
improved 1
improved 1
improved 1
improved 1
improvement 1
improvement 1
improvement 1
improvement 1
improvement 1
imprudence 1
inapplicable 1
inclined 1
inclined 1
include 1
include 1
inconceivable 1
inconceivable 1
indignant 1
indignant 1
indignation 1
indignation 1
indignation 1
indignation 1
indignation 1
indignation 1
indignation 1
induce 1
induce 1
induce 1
induce 1
indulge 1
indulge 1
infant 1
infant 1
infant 1
infant 1
infant 1
infant 1
infinity 1
information 1
information 1
information 1
information 1
information 1
information 1
information 1
information 1
information 1
information 1
information 1
infringement 1
infuse 1
infused 1
inheritance 1
innocent 1
innocent 1
innocent 1
innocent 1
innocent 1
innocent 1
innocent 1
innocent 1
innocent 1
innocent 1
innocent 1
innocent 1
innocent 1
innocent 1
innocent 1
innocent 1
innocent 1
innocent 1
innocent 1
inquisitive 1
inquisitive 1
insect 1
insect 1
inspire 1
inspire 1
inspire 1
inspire 1
inspired 1
inspired 1
inspired 1
instantly 1
instantly 1
instantly 1
instantly 1
instantly 1
instantly 1
instantly 1
instantly 1
instantly 1
instantly 1
instantly 1
instantly 1
instantly 1
instantly 1
instantly 1
instantly 1
intend 1
intend 1
intend 1
intend 1
intend 1
intend 1
intention 1
intention 1
intention 1
intercept 1
intercept 1
interest 1
interest 1
interest 1
interest 1
interest 1
interest 1
interest 1
interest 1
interest 1
interest 1
interest 1
interest 1
interest 1
interest 1
interpretation 1
interpretation 1
interpreted 1
interpreted 1
interspersed 1
interspersed 1
intervals 1
intervals 1
intervals 1
irksome 1
irksome 1
irksome 1
irksome 1
irksome 1
irksome 1
irretrievably 1
jailers 1
join 1
join 1
join 1
join 1
join 1
join 1
join 1
join 1
kept 1
kept 1
kept 1
kept 1
kid 1
kill 1
kill 1
kind 1
kind 1
kind 1
kind 1
kind 1
kind 1
kind 1
kind 1
kind 1
kind 1
kind 1
kind 1
kind 1
kind 1
kind 1
kind 1
kind 1
kind 1
kind 1
kind 1
kind 1
kind 1
kind 1
kind 1
kind 1
kind 1
kind 1
kind 1
kind 1
kind 1
kind 1
kind 1
kind 1
kind 1
kindest 1
kindliness 1
kings 1
lands 1
late 1
late 1
late 1
late 1
late 1
late 1
late 1
length 1
length 1
length 1
length 1
length 1
length 1
length 1
length 1
length 1
length 1
length 1
length 1
length 1
length 1
length 1
length 1
length 1
length 1
length 1
length 1
length 1
length 1
length 1
length 1
length 1
length 1
length 1
licked 1
life 1
life 1
life 1
life 1
life 1
life 1
life 1
life 1
life 1
life 1
life 1
life 1
life 1
life 1
life 1
life 1
life 1
life 1
life 1
life 1
life 1
life 1
life 1
life 1
life 1
life 1
life 1
life 1
life 1
life 1
life 1
life 1
life 1
life 1
life 1
life 1
life 1
life 1
life 1
life 1
life 1
life 1
life 1
life 1
life 1
life 1
life 1
life 1
life 1
life 1
life 1
life 1
life 1
life 1
life 1
life 1
life 1
life 1
life 1
life 1
life 1
life 1
life 1
life 1
life 1
life 1
life 1
life 1
life 1
life 1
life 1
life 1
life 1
life 1
life 1
life 1
life 1
life 1
life 1
life 1
life 1
life 1
life 1
life 1
life 1
life 1
life 1
life 1
life 1
life 1
life 1
life 1
life 1
life 1
life 1
life 1
life 1
life 1
life 1
life 1
life 1
life 1
life 1
life 1
life 1
life 1
life 1
life 1
life 1
life 1
life 1
life 1
life 1
lightning 1
lightning 1
lightning 1
lightning 1
limitation 1
limitation 1
limitation 1
lion 1
load 1
load 1
load 1
longing 1
loud 1
loud 1
loud 1
loud 1
loud 1
loud 1
machinations 1
machinations 1
machinations 1
mainland 1
mainland 1
malicious 1
manifested 1
manifested 1
manners 1
manners 1
manners 1
manners 1
manners 1
manners 1
manners 1
manners 1
manners 1
manners 1
manners 1
manners 1
manners 1
manners 1
manners 1
manners 1
manners 1
manners 1
manners 1
manuscript 1
mates 1
meandering 1
memorable 1
memorable 1
mentioning 1
mentioning 1
metaphysical 1
mild 1
mild 1
mild 1
mild 1
mild 1
mild 1
mild 1
mind 1
mind 1
mind 1
mind 1
mind 1
mind 1
mind 1
mind 1
mind 1
mind 1
mind 1
mind 1
mind 1
mind 1
mind 1
mind 1
mind 1
mind 1
mind 1
mind 1
mind 1
mind 1
mind 1
mind 1
mind 1
mind 1
mind 1
mind 1
mind 1
mind 1
mind 1
mind 1
mind 1
mind 1
mind 1
mind 1
mind 1
mind 1
mind 1
mind 1
mind 1
mind 1
mind 1
mind 1
mind 1
mind 1
mind 1
mind 1
mind 1
mind 1
mind 1
mind 1
mind 1
mind 1
mind 1
mind 1
mind 1
mind 1
mind 1
mind 1
mind 1
mind 1
mind 1
mind 1
mind 1
mind 1
mind 1
mind 1
mind 1
mind 1
mind 1
mind 1
mind 1
mind 1
mind 1
mind 1
mind 1
mind 1
mind 1
mind 1
mind 1
mind 1
mind 1
mind 1
mind 1
mines 1
ministers 1
ministers 1
minutiae 1
mirrored 1
misled 1
mission 1
mission 1
mission 1
mistaken 1
mistaken 1
mistaken 1
mistaken 1
mistaken 1
mistaken 1
motion 1
motion 1
motion 1
motion 1
motion 1
motion 1
moving 1
moving 1
moving 1
murderer 1
murderer 1
murderer 1
murderer 1
murderer 1
murderer 1
murderer 1
murderer 1
murderer 1
murderer 1
murderer 1
murderer 1
murderer 1
murderer 1
murderer 1
murderer 1
murderer 1
murderer 1
murderer 1
murderer 1
murderer 1
murderer 1
murderer 1
murderer 1
murderer 1
murderer 1
murderer 1
murderous 1
murderous 1
murmuring 1
musical 1
mysterious 1
mysterious 1
mysterious 1
navigators 1
navigators 1
navigators 1
nay 1
nay 1
neat 1
neat 1
necessarily 1
necessarily 1
neglect 1
neglect 1
nine 1
nobleman 1
nocturnal 1
none 1
none 1
none 1
none 1
none 1
none 1
none 1
none 1
none 1
none 1
none 1
none 1
none 1
none 1
none 1
none 1
none 1
noon 1
noon 1
noon 1
noon 1
obdurate 1
occasions 1
occasions 1
offering 1
offering 1
officer 1
offspring 1
offspring 1
offspring 1
one 1
one 1
one 1
one 1
one 1
one 1
one 1
one 1
one 1
one 1
one 1
one 1
one 1
one 1
one 1
one 1
one 1
one 1
one 1
one 1
one 1
one 1
one 1
one 1
one 1
one 1
one 1
one 1
one 1
one 1
one 1
one 1
one 1
one 1
one 1
one 1
one 1
one 1
one 1
one 1
one 1
one 1
one 1
one 1
one 1
one 1
one 1
one 1
one 1
one 1
one 1
one 1
one 1
one 1
one 1
one 1
one 1
one 1
one 1
one 1
one 1
one 1
one 1
one 1
one 1
one 1
one 1
one 1
one 1
one 1
one 1
one 1
one 1
one 1
one 1
one 1
one 1
one 1
one 1
one 1
one 1
one 1
one 1
one 1
one 1
one 1
one 1
one 1
one 1
one 1
one 1
one 1
one 1
one 1
one 1
one 1
one 1
one 1
one 1
one 1
one 1
one 1
one 1
one 1
one 1
one 1
one 1
one 1
one 1
one 1
one 1
one 1
one 1
one 1
one 1
one 1
one 1
one 1
one 1
one 1
one 1
one 1
one 1
one 1
one 1
one 1
one 1
one 1
one 1
one 1
one 1
one 1
one 1
one 1
one 1
one 1
one 1
one 1
one 1
one 1
one 1
one 1
one 1
one 1
one 1
one 1
one 1
one 1
one 1
one 1
one 1
one 1
one 1
one 1
one 1
one 1
one 1
one 1
one 1
one 1
one 1
one 1
one 1
one 1
one 1
one 1
one 1
one 1
one 1
one 1
one 1
one 1
one 1
one 1
one 1
one 1
one 1
one 1
one 1
one 1
one 1
one 1
one 1
one 1
one 1
one 1
one 1
one 1
only 1
only 1
only 1
only 1
only 1
only 1
only 1
only 1
only 1
only 1
only 1
only 1
only 1
only 1
only 1
only 1
only 1
only 1
only 1
only 1
only 1
only 1
only 1
only 1
only 1
only 1
only 1
only 1
only 1
only 1
only 1
only 1
only 1
only 1
only 1
only 1
only 1
only 1
only 1
only 1
only 1
only 1
only 1
only 1
only 1
only 1
only 1
only 1
only 1
only 1
only 1
only 1
only 1
only 1
only 1
only 1
only 1
only 1
only 1
only 1
only 1
only 1
only 1
only 1
only 1
only 1
only 1
only 1
only 1
only 1
only 1
only 1
only 1
only 1
only 1
only 1
only 1
only 1
only 1
only 1
only 1
only 1
only 1
only 1
only 1
only 1
only 1
only 1
only 1
only 1
only 1
only 1
only 1
only 1
only 1
only 1
only 1
only 1
only 1
only 1
only 1
only 1
only 1
only 1
only 1
only 1
only 1
only 1
only 1
only 1
only 1
only 1
only 1
only 1
only 1
only 1
only 1
only 1
only 1
only 1
only 1
only 1
only 1
only 1
operations 1
operations 1
operations 1
operations 1
order 1
order 1
order 1
order 1
org 1
org 1
org 1
org 1
org 1
org 1
org 1
org 1
originator 1
ourselves 1
ourselves 1
ourselves 1
ourselves 1
overcome 1
overcome 1
overcome 1
overcome 1
overcome 1
overcome 1
overcome 1
overcome 1
overcome 1
overcome 1
overcome 1
overcome 1
overcome 1
overcome 1
overcome 1
overcome 1
overflowing 1
overflowing 1
overhanging 1
overhung 1
overhung 1
overhung 1
overtaxed 1
pail 1
pail 1
pail 1
painters 1
palace 1
paradisiacal 1
pardoning 1
parent 1
parent 1
participate 1
participate 1
participated 1
particularly 1
particularly 1
particularly 1
particularly 1
particularly 1
particularly 1
pause 1
pause 1
pause 1
pause 1
pause 1
paying 1
paying 1
paying 1
peace 1
peace 1
peace 1
peace 1
peace 1
peace 1
peace 1
peace 1
peace 1
peace 1
peace 1
peace 1
peace 1
peace 1
peace 1
peace 1
peace 1
peace 1
peace 1
peace 1
peace 1
peace 1
peace 1
peace 1
peace 1
peace 1
peace 1
peace 1
peace 1
peace 1
pebble 1
periods 1
permitted 1
permitted 1
permitted 1
permitted 1
permitted 1
permitted 1
permitted 1
perpetual 1
perpetual 1
perpetual 1
perpetual 1
personal 1
personal 1
persuasions 1
persuasions 1
pglaf 1
pglaf 1
pglaf 1
pglaf 1
pglaf 1
pglaf 1
pglaf 1
philosophers 1
philosophers 1
philosophers 1
philosophers 1
philosophers 1
pictured 1
pistols 1
pistols 1
plans 1
plans 1
plans 1
plans 1
plans 1
plans 1
plans 1
pleased 1
pleased 1
pleased 1
pleased 1
pleased 1
pleased 1
pleased 1
pleased 1
pleasures 1
pleasures 1
pleasures 1
pleasures 1
point 1
point 1
point 1
point 1
point 1
point 1
point 1
point 1
point 1
point 1
point 1
point 1
point 1
point 1
pointing 1
pointing 1
possessing 1
post 1
post 1
post 1
postpone 1
potent 1
powerful 1
powerful 1
powerful 1
powerful 1
powerful 1
preceded 1
preceded 1
preceded 1
precepts 1
precipitate 1
precipitate 1
prejudices 1
prejudices 1
preside 1
pressed 1
pressed 1
pressed 1
pressed 1
pressed 1
pressed 1
pressed 1
pressed 1
pressed 1
pressed 1
prevailed 1
prevailed 1
prize 1
prize 1
prize 1
professors 1
professors 1
professors 1
professors 1
professors 1
profundity 1
prognosticated 1
prolonged 1
prolonged 1
proposition 1
proposition 1
providing 1
providing 1
providing 1
providing 1
pulses 1
purport 1
purport 1
purposed 1
quarter 1
question 1
question 1
question 1
question 1
question 1
question 1
question 1
question 1
quitted 1
quitted 1
quitted 1
quitted 1
quitted 1
quitted 1
quitted 1
quitted 1
quitted 1
quitted 1
quitted 1
quitted 1
quitted 1
quitted 1
quitted 1
quitted 1
quitted 1
quitted 1
quitted 1
quitted 1
quitted 1
quitted 1
rank 1
rank 1
rank 1
rank 1
rank 1
rapturously 1
rate 1
ravings 1
ravings 1
ravings 1
ravings 1
read 1
read 1
read 1
read 1
read 1
read 1
read 1
read 1
read 1
read 1
read 1
read 1
read 1
read 1
read 1
read 1
read 1
read 1
read 1
read 1
read 1
read 1
read 1
read 1
read 1
read 1
read 1
read 1
read 1
read 1
reading 1
reading 1
reading 1
reading 1
realities 1
reality 1
reality 1
reality 1
reality 1
reality 1
reality 1
reality 1
reality 1
reality 1
reality 1
reasonably 1
reasonably 1
reasoning 1
reasoning 1
reasoning 1
reasoning 1
reassured 1
recapitulation 1
receipt 1
receipt 1
recommence 1
recommence 1
recommence 1
recompensing 1
reconciled 1
recovering 1
reduced 1
reduced 1
reduced 1
reflections 1
reflections 1
reflections 1
reflections 1
reflections 1
reflections 1
reflections 1
reflections 1
reflections 1
reflections 1
reflections 1
reflections 1
reflections 1
reflections 1
reflections 1
reflections 1
refuge 1
refuge 1
refuge 1
refuge 1
refuge 1
refuge 1
refuge 1
refuge 1
registered 1
registered 1
regularity 1
reluctant 1
rely 1
rely 1
rely 1
remonstrate 1
remonstrate 1
remote 1
remote 1
remote 1
remoter 1
remove 1
remove 1
remove 1
remove 1
repaired 1
repaired 1
replace 1
replace 1
replace 1
replaced 1
replaced 1
replacement 1
replacement 1
replacement 1
resign 1
resolve 1
resource 1
resource 1
resource 1
resource 1
resting 1
resting 1
results 1
results 1
retard 1
retrod 1
reverse 1
reverse 1
right 1
right 1
right 1
right 1
right 1
right 1
right 1
right 1
right 1
right 1
right 1
right 1
right 1
ripen 1
road 1
road 1
road 1
road 1
road 1
road 1
robbed 1
rocks 1
rocks 1
rocks 1
rougher 1
rouse 1
rouse 1
rustic 1
rustic 1
rustic 1
rustic 1
sacred 1
saluted 1
saluted 1
scaffold 1
scaffold 1
scaffold 1
scarcely 1
scarcely 1
scarcely 1
scarcely 1
scarcely 1
scarcely 1
scarcely 1
scarcely 1
scarcely 1
scarcely 1
scarcely 1
scarcely 1
scarcely 1
scarlet 1
scents 1
scents 1
schoolmaster 1
scourge 1
semblance 1
send 1
send 1
separation 1
serves 1
services 1
services 1
services 1
shall 1
shall 1
shall 1
shall 1
shall 1
shall 1
shall 1
shall 1
shall 1
shall 1
shall 1
shall 1
shall 1
shall 1
shall 1
shall 1
shall 1
shall 1
shall 1
shall 1
shall 1
shall 1
shall 1
shall 1
shall 1
shall 1
shall 1
shall 1
shall 1
shall 1
shall 1
shall 1
shall 1
shall 1
shall 1
shall 1
shall 1
shall 1
shall 1
shall 1
shall 1
shall 1
shall 1
shall 1
shall 1
shall 1
shall 1
shall 1
shall 1
shall 1
shall 1
shall 1
shall 1
shall 1
shall 1
shall 1
shall 1
shall 1
shall 1
shall 1
shall 1
shall 1
shall 1
shall 1
shall 1
shall 1
shall 1
shall 1
shall 1
shall 1
shall 1
shall 1
shall 1
shall 1
shall 1
shall 1
shall 1
shall 1
shall 1
shall 1
shall 1
shall 1
shall 1
shall 1
shall 1
shall 1
shall 1
shall 1
shall 1
shall 1
shall 1
shall 1
shall 1
shall 1
shall 1
shall 1
shall 1
shall 1
shall 1
shame 1
shapes 1
shapes 1
shapes 1
sheets 1
shifting 1
shook 1
shores 1
shores 1
shores 1
shores 1
shores 1
shut 1
shut 1
shut 1
shut 1
shut 1
shut 1
shut 1
shut 1
shut 1
shut 1
shut 1
sights 1
sights 1
sights 1
sights 1
sights 1
sights 1
sincerest 1
sinks 1
sinks 1
sir 1
sir 1
sir 1
sir 1
sir 1
sir 1
sleeps 1
sloping 1
sloping 1
smiled 1
smiled 1
smiled 1
smiled 1
so 1
so 1
so 1
so 1
so 1
so 1
so 1
so 1
so 1
so 1
so 1
so 1
so 1
so 1
so 1
so 1
so 1
so 1
so 1
so 1
so 1
so 1
so 1
so 1
so 1
so 1
so 1
so 1
so 1
so 1
so 1
so 1
so 1
so 1
so 1
so 1
so 1
so 1
so 1
so 1
so 1
so 1
so 1
so 1
so 1
so 1
so 1
so 1
so 1
so 1
so 1
so 1
so 1
so 1
so 1
so 1
so 1
so 1
so 1
so 1
so 1
so 1
so 1
so 1
so 1
so 1
so 1
so 1
so 1
so 1
so 1
so 1
so 1
so 1
so 1
so 1
so 1
so 1
so 1
so 1
so 1
so 1
so 1
so 1
so 1
so 1
so 1
so 1
so 1
so 1
so 1
so 1
so 1
so 1
so 1
so 1
so 1
so 1
so 1
so 1
so 1
so 1
so 1
so 1
so 1
so 1
so 1
so 1
so 1
so 1
so 1
so 1
so 1
so 1
so 1
so 1
so 1
so 1
so 1
so 1
so 1
so 1
so 1
so 1
so 1
so 1
so 1
so 1
so 1
so 1
so 1
so 1
so 1
so 1
so 1
so 1
so 1
so 1
so 1
so 1
so 1
so 1
so 1
so 1
so 1
so 1
so 1
so 1
so 1
so 1
so 1
so 1
so 1
so 1
so 1
so 1
so 1
so 1
so 1
so 1
so 1
so 1
so 1
so 1
so 1
so 1
so 1
so 1
so 1
so 1
so 1
so 1
so 1
so 1
so 1
so 1
so 1
so 1
so 1
so 1
so 1
so 1
so 1
so 1
so 1
so 1
so 1
so 1
so 1
so 1
so 1
so 1
so 1
so 1
so 1
so 1
so 1
so 1
so 1
so 1
so 1
so 1
so 1
so 1
so 1
so 1
so 1
soft 1
soft 1
soft 1
soft 1
soft 1
son 1
son 1
son 1
son 1
son 1
son 1
son 1
son 1
son 1
son 1
son 1
son 1
son 1
son 1
son 1
son 1
son 1
son 1
son 1
sooner 1
sooner 1
sooner 1
sooner 1
sophisms 1
sorrow 1
sorrow 1
sorrow 1
sorrow 1
sorrow 1
sorrow 1
sorrow 1
sorrow 1
sorrow 1
sorrow 1
sorrow 1
sorrow 1
sorrow 1
sorrow 1
sorrow 1
souls 1
souls 1
southwesterly 1
speak 1
speak 1
speak 1
speak 1
speak 1
speak 1
speak 1
speak 1
speak 1
speak 1
speak 1
speak 1
speak 1
speak 1
speak 1
specified 1
specified 1
spectacle 1
spectre 1
spectre 1
spectre 1
speculations 1
speech 1
speech 1
speech 1
speech 1
speech 1
speech 1
speech 1
speech 1
speedy 1
spend 1
spend 1
spend 1
spend 1
spend 1
spend 1
splendour 1
spot 1
spot 1
spot 1
spot 1
spot 1
spot 1
spot 1
spot 1
spot 1
spot 1
spot 1
spot 1
spot 1
spot 1
spot 1
spot 1
spot 1
spot 1
spot 1
spot 1
squalidness 1
squalidness 1
squat 1
stairs 1
stand 1
stand 1
start 1
statements 1
status 1
status 1
status 1
status 1
steady 1
steady 1
steered 1
stimulated 1
stores 1
stream 1
stream 1
stream 1
stream 1
stream 1
stream 1
stream 1
stretched 1
stretched 1
stretched 1
stretched 1
stretched 1
stretched 1
stretched 1
stretched 1
strongly 1
strongly 1
strongly 1
strongly 1
strongly 1
strongly 1
strongly 1
strongly 1
subsisted 1
subsisted 1
substance 1
substance 1
substance 1
suddenly 1
suddenly 1
suddenly 1
suddenly 1
suddenly 1
suddenly 1
suddenly 1
suddenly 1
suddenly 1
suddenly 1
suddenly 1
suddenly 1
suddenly 1
suddenly 1
suddenly 1
suddenly 1
suddenly 1
suddenly 1
suddenly 1
suddenly 1
suddenly 1
suddenly 1
suddenly 1
sufficiency 1
suggestion 1
suggestion 1
summits 1
summits 1
summits 1
summits 1
summits 1
supposing 1
supposing 1
surrounding 1
surrounding 1
sweet 1
sweet 1
sweet 1
sweet 1
sweet 1
sweet 1
sweet 1
sweet 1
sweet 1
sweet 1
sweet 1
sweet 1
sweet 1
sweet 1
sweet 1
sweet 1
sweet 1
sweet 1
sweet 1
sweet 1
sweet 1
sweet 1
symmetry 1
taking 1
taking 1
taking 1
taking 1
taking 1
taking 1
taking 1
taking 1
talk 1
talk 1
talk 1
tear 1
tear 1
tear 1
tear 1
tear 1
tear 1
tear 1
tear 1
tearing 1
tearing 1
tempest 1
tempest 1
tempest 1
tempest 1
tenement 1
terrified 1
terrified 1
tertiary 1
thank 1
thank 1
thank 1
thank 1
thank 1
thank 1
thank 1
thatch 1
their 1
their 1
their 1
their 1
their 1
their 1
their 1
their 1
their 1
their 1
their 1
their 1
their 1
their 1
their 1
their 1
their 1
their 1
their 1
their 1
their 1
their 1
their 1
their 1
their 1
their 1
their 1
their 1
their 1
their 1
their 1
their 1
their 1
their 1
their 1
their 1
their 1
their 1
their 1
their 1
their 1
their 1
their 1
their 1
their 1
their 1
their 1
their 1
their 1
their 1
their 1
their 1
their 1
their 1
their 1
their 1
their 1
their 1
their 1
their 1
their 1
their 1
their 1
their 1
their 1
their 1
their 1
their 1
their 1
their 1
their 1
their 1
their 1
their 1
their 1
their 1
their 1
their 1
their 1
their 1
their 1
their 1
their 1
their 1
their 1
their 1
their 1
their 1
their 1
their 1
their 1
their 1
their 1
their 1
their 1
their 1
their 1
their 1
their 1
their 1
their 1
their 1
their 1
their 1
their 1
their 1
their 1
their 1
their 1
their 1
their 1
their 1
their 1
their 1
their 1
their 1
their 1
their 1
their 1
their 1
their 1
their 1
their 1
their 1
their 1
their 1
their 1
their 1
their 1
their 1
their 1
their 1
their 1
their 1
their 1
their 1
their 1
their 1
their 1
their 1
their 1
their 1
their 1
their 1
their 1
their 1
their 1
their 1
their 1
their 1
their 1
their 1
their 1
their 1
their 1
their 1
their 1
their 1
their 1
their 1
their 1
their 1
their 1
their 1
their 1
their 1
their 1
their 1
their 1
their 1
their 1
their 1
their 1
their 1
their 1
their 1
therefore 1
therefore 1
therefore 1
therefore 1
therefore 1
therefore 1
therefore 1
therefore 1
therefore 1
therefore 1
therefore 1
therefore 1
therefore 1
therefore 1
therefore 1
therefore 1
therefore 1
therefore 1
therefore 1
therefore 1
therefore 1
therefore 1
therefore 1
therefore 1
therefore 1
therefore 1
therefore 1
therefore 1
therefore 1
therefore 1
therefore 1
therefore 1
therefore 1
therefore 1
therefore 1
therefore 1
therefore 1
think 1
think 1
think 1
think 1
think 1
think 1
think 1
think 1
think 1
think 1
think 1
think 1
think 1
think 1
think 1
think 1
think 1
think 1
think 1
think 1
think 1
think 1
think 1
think 1
think 1
think 1
think 1
thinner 1
thousand 1
thousand 1
thousand 1
thousand 1
thousand 1
thousand 1
thousand 1
thousand 1
thousand 1
thousand 1
thousand 1
thousand 1
thousand 1
thousand 1
thousand 1
thousand 1
thousand 1
thousand 1
thousand 1
thousand 1
thousand 1
thousand 1
thousand 1
thousand 1
thousand 1
thousand 1
thousand 1
throat 1
throat 1
throat 1
times 1
times 1
times 1
times 1
times 1
times 1
times 1
times 1
times 1
times 1
times 1
tolerated 1
tongue 1
tore 1
tore 1
tore 1
tore 1
tore 1
tortures 1
tortures 1
tortures 1
tortures 1
tortures 1
total 1
traces 1
traces 1
travel 1
travel 1
travel 1
travel 1
travellers 1
travellers 1
tread 1
tread 1
tread 1
treating 1
treble 1
trifled 1
triumphed 1
triumphed 1
true 1
true 1
true 1
true 1
true 1
true 1
true 1
true 1
true 1
true 1
true 1
true 1
true 1
true 1
true 1
true 1
true 1
true 1
true 1
true 1
true 1
understand 1
understand 1
understand 1
understand 1
understand 1
understand 1
understand 1
understand 1
understand 1
understand 1
understand 1
understand 1
understand 1
understand 1
understand 1
understand 1
understand 1
undulations 1
unearthly 1
unearthly 1
unearthly 1
uneducated 1
unequalled 1
unexplored 1
unexplored 1
ungazed 1
unhappiness 1
unhappiness 1
unhappiness 1
unhappiness 1
unjustly 1
unjustly 1
unperceived 1
unperceived 1
unpractised 1
unprejudiced 1
unprejudiced 1
unrelaxed 1
until 1
until 1
until 1
until 1
until 1
until 1
until 1
until 1
until 1
until 1
until 1
until 1
until 1
until 1
until 1
until 1
until 1
until 1
until 1
until 1
until 1
until 1
until 1
until 1
until 1
until 1
until 1
until 1
until 1
until 1
until 1
until 1
until 1
until 1
until 1
until 1
until 1
until 1
until 1
until 1
until 1
until 1
until 1
until 1
until 1
until 1
until 1
until 1
until 1
until 1
until 1
until 1
unwillingness 1
uses 1
uses 1
uses 1
utility 1
utility 1
utility 1
vagrants 1
variegated 1
vast 1
vast 1
vast 1
vast 1
vast 1
vast 1
vast 1
vast 1
vast 1
vast 1
vast 1
vehicle 1
vengeance 1
vengeance 1
vengeance 1
vengeance 1
vengeance 1
vengeance 1
vengeance 1
vengeance 1
vengeance 1
vengeance 1
vengeance 1
vengeance 1
vengeance 1
vengeance 1
vengeance 1
vengeance 1
vengeance 1
vengeance 1
vengeance 1
vengeance 1
vengeance 1
vessel 1
vessel 1
vessel 1
vessel 1
vessel 1
vessel 1
vessel 1
vessel 1
vessel 1
vessel 1
vessel 1
vessel 1
vessel 1
vessel 1
vessel 1
vessel 1
vessel 1
victim 1
victim 1
victim 1
victim 1
victim 1
victim 1
victim 1
victim 1
victim 1
victim 1
victim 1
victim 1
victim 1
victim 1
victim 1
victim 1
viewed 1
viewed 1
viewed 1
viewed 1
viewed 1
views 1
views 1
views 1
villa 1
violently 1
violently 1
violently 1
violently 1
violently 1
violently 1
visitor 1
voyages 1
voyages 1
voyages 1
voyages 1
wandered 1
wandered 1
wandered 1
wandered 1
wandered 1
wandered 1
wandered 1
wandered 1
wandered 1
wandered 1
wandered 1
wandered 1
wandered 1
wandered 1
wanderings 1
wanderings 1
wanderings 1
watchful 1
watchful 1
watchful 1
watchful 1
watery 1
watery 1
waves 1
waves 1
waves 1
waves 1
waves 1
waves 1
waves 1
waves 1
waves 1
waves 1
waves 1
waves 1
waves 1
waves 1
wears 1
weather 1
weather 1
weather 1
weather 1
weather 1
weather 1
weather 1
weather 1
weather 1
wedding 1
week 1
week 1
week 1
week 1
week 1
week 1
week 1
week 1
weeps 1
western 1
wherever 1
wherever 1
whirlwind 1
who 1
who 1
who 1
who 1
who 1
who 1
who 1
who 1
who 1
who 1
who 1
who 1
who 1
who 1
who 1
who 1
who 1
who 1
who 1
who 1
who 1
who 1
who 1
who 1
who 1
who 1
who 1
who 1
who 1
who 1
who 1
who 1
who 1
who 1
who 1
who 1
who 1
who 1
who 1
who 1
who 1
who 1
who 1
who 1
who 1
who 1
who 1
who 1
who 1
who 1
who 1
who 1
who 1
who 1
who 1
who 1
who 1
who 1
who 1
who 1
who 1
who 1
who 1
who 1
who 1
who 1
who 1
who 1
who 1
who 1
who 1
who 1
who 1
who 1
who 1
who 1
who 1
who 1
who 1
who 1
who 1
who 1
who 1
who 1
who 1
who 1
who 1
who 1
who 1
who 1
who 1
who 1
who 1
who 1
who 1
who 1
who 1
who 1
who 1
who 1
who 1
who 1
who 1
who 1
who 1
who 1
who 1
who 1
who 1
who 1
who 1
who 1
who 1
who 1
who 1
who 1
who 1
who 1
who 1
who 1
who 1
who 1
who 1
who 1
who 1
who 1
who 1
who 1
who 1
who 1
who 1
who 1
who 1
who 1
who 1
who 1
who 1
who 1
who 1
who 1
who 1
who 1
who 1
who 1
who 1
who 1
who 1
who 1
who 1
who 1
who 1
who 1
who 1
who 1
who 1
who 1
who 1
who 1
who 1
who 1
who 1
who 1
who 1
who 1
who 1
who 1
window 1
window 1
window 1
window 1
window 1
window 1
window 1
window 1
window 1
window 1
withdrawn 1
without 1
without 1
without 1
without 1
without 1
without 1
without 1
without 1
without 1
without 1
without 1
without 1
without 1
without 1
without 1
without 1
without 1
without 1
without 1
without 1
without 1
without 1
without 1
without 1
without 1
without 1
without 1
without 1
without 1
without 1
without 1
without 1
without 1
without 1
without 1
without 1
without 1
withstand 1
withstand 1
woeful 1
woeful 1
women 1
women 1
women 1
women 1
wondrously 1
works 1
works 1
works 1
works 1
works 1
works 1
works 1
works 1
works 1
works 1
works 1
works 1
works 1
works 1
works 1
works 1
works 1
works 1
works 1
works 1
works 1
works 1
works 1
works 1
works 1
works 1
works 1
works 1
works 1
works 1
works 1
works 1
works 1
works 1
works 1
works 1
works 1
works 1
works 1
works 1
worse 1
worse 1
worse 1
worse 1
wreak 1
wreak 1
wreak 1
writers 1
writers 1
writhing 1
writing 1
writing 1
writing 1
writing 1
writing 1
writing 1
yours 1
yours 1
yours 1
yours 1
