ASCII 1
ASCII 1
Afterwards 1
Always 1
An 1
An 1
An 1
An 1
Another 1
Another 1
Another 1
Around 1
Begin 1
Besides 1
Besides 1
Besides 1
Bickers 1
Bickers 1
Bird 1
Bird 1
Bird 1
Bird 1
Brothers 1
Brothers 1
Brothers 1
Brothers 1
Brothers 1
But 1
But 1
But 1
But 1
But 1
But 1
But 1
But 1
But 1
But 1
But 1
But 1
But 1
But 1
But 1
But 1
But 1
But 1
But 1
But 1
But 1
But 1
But 1
But 1
But 1
But 1
But 1
But 1
But 1
But 1
But 1
But 1
But 1
But 1
But 1
But 1
But 1
But 1
But 1
But 1
But 1
But 1
But 1
But 1
But 1
But 1
But 1
But 1
But 1
But 1
But 1
But 1
But 1
But 1
But 1
But 1
But 1
But 1
But 1
But 1
But 1
But 1
But 1
But 1
But 1
But 1
But 1
But 1
But 1
But 1
But 1
But 1
But 1
But 1
But 1
But 1
But 1
But 1
But 1
But 1
But 1
But 1
But 1
But 1
But 1
But 1
But 1
But 1
But 1
But 1
But 1
But 1
But 1
But 1
But 1
But 1
But 1
But 1
But 1
But 1
But 1
But 1
But 1
But 1
But 1
But 1
But 1
But 1
But 1
But 1
But 1
But 1
But 1
But 1
But 1
But 1
But 1
But 1
But 1
But 1
But 1
But 1
But 1
But 1
But 1
But 1
But 1
But 1
But 1
But 1
But 1
But 1
But 1
But 1
But 1
But 1
But 1
But 1
But 1
But 1
But 1
But 1
But 1
But 1
But 1
But 1
But 1
But 1
But 1
But 1
But 1
But 1
But 1
But 1
But 1
But 1
But 1
But 1
But 1
But 1
But 1
But 1
But 1
But 1
But 1
But 1
But 1
But 1
But 1
But 1
But 1
But 1
But 1
But 1
But 1
But 1
But 1
But 1
But 1
But 1
But 1
But 1
But 1
But 1
But 1
But 1
But 1
But 1
But 1
But 1
But 1
But 1
But 1
But 1
But 1
But 1
But 1
But 1
But 1
But 1
But 1
But 1
But 1
But 1
But 1
But 1
But 1
But 1
But 1
But 1
But 1
But 1
But 1
But 1
But 1
CLEVER 1
CLEVER 1
CLEVER 1
CLEVER 1
CLEVER 1
CLEVER 1
CLEVER 1
CLEVER 1
COAL 1
COAL 1
CONSEQUENTIAL 1
Catherine 1
Catherine 1
Catherine 1
Catherine 1
Catherine 1
Catherine 1
Catherine 1
Catherine 1
Catherine 1
Catherine 1
Catherine 1
Catherine 1
Catherine 1
Catherine 1
Catherine 1
Catherine 1
DIRECT 1
DISCLAIMER 1
DOCTOR 1
DOCTOR 1
Dame 1
Dame 1
Dame 1
Dame 1
Dame 1
During 1
E 1
E 1
E 1
E 1
E 1
E 1
E 1
E 1
E 1
E 1
E 1
E 1
E 1
E 1
E 1
E 1
E 1
E 1
E 1
E 1
E 1
E 1
End 1
FORTH 1
FORTH 1
False 1
Fill 1
Frederick 1
Frederick 1
Frederick 1
Frederick 1
Frederick 1
Frederick 1
Frederick 1
Frederick 1
Frederick 1
Frederick 1
Frederick 1
Frederick 1
Frederick 1
Frederick 1
Frederick 1
Frederick 1
Frederick 1
Frederick 1
Frederick 1
Frederick 1
Frederick 1
Frederick 1
Frederick 1
Frederick 1
GUTENBERG 1
GUTENBERG 1
GUTENBERG 1
GUTENBERG 1
HOME 1
Hansel 1
Hansel 1
Hansel 1
Hansel 1
Hansel 1
Hansel 1
Hansel 1
Hansel 1
Hansel 1
Hansel 1
Hansel 1
Hansel 1
Hansel 1
Hansel 1
Hansel 1
Hansel 1
Hansel 1
Hansel 1
Hansel 1
Hansel 1
Hansel 1
Hansel 1
Hansel 1
Hansel 1
Hansel 1
Hansel 1
Hansel 1
Hansel 1
Hansel 1
Hansel 1
Hansel 1
Hansel 1
Hansel 1
Hansel 1
Hansel 1
Hansel 1
Hansel 1
Hansel 1
Hansel 1
Hansel 1
Hansel 1
Hansel 1
Hansel 1
Hansel 1
Hansel 1
Hard 1
INCLUDING 1
Internal 1
JEREMIAH 1
JUNIPER 1
JUNIPER 1
Jorinda 1
Jorinda 1
Jorinda 1
Jorinda 1
Jorinda 1
Jorinda 1
Jorinda 1
Jorinda 1
Jorinda 1
Jorinda 1
Kehrewit 1
Kinder 1
King 1
King 1
King 1
King 1
King 1
King 1
King 1
King 1
King 1
King 1
King 1
King 1
King 1
King 1
King 1
LEGS 1
LICENSE 1
LICENSE 1
Look 1
Look 1
Look 1
Look 1
Look 1
Look 1
Look 1
Look 1
Look 1
Looking 1
Luckily 1
MR 1
MR 1
No 1
No 1
No 1
No 1
No 1
No 1
No 1
No 1
No 1
No 1
No 1
No 1
No 1
No 1
No 1
No 1
No 1
No 1
No 1
No 1
No 1
No 1
No 1
No 1
No 1
No 1
No 1
No 1
No 1
No 1
No 1
No 1
No 1
No 1
No 1
No 1
No 1
No 1
No 1
No 1
No 1
No 1
No 1
No 1
No 1
Nothing 1
Nothing 1
Nothing 1
Nothing 1
Nothing 1
O 1
O 1
O 1
O 1
O 1
O 1
O 1
O 1
O 1
O 1
O 1
O 1
O 1
O 1
O 1
O 1
O 1
O 1
Oh 1
Oh 1
Oh 1
Oh 1
Oh 1
Oh 1
Oh 1
Oh 1
Oh 1
Oh 1
Oh 1
Oh 1
Oh 1
Oh 1
Oh 1
Oh 1
Oh 1
Oh 1
Oh 1
Oh 1
Oh 1
Oh 1
Oh 1
Oh 1
Oh 1
Oh 1
Oh 1
Oh 1
Oh 1
Oh 1
Oh 1
Oh 1
Oh 1
Oh 1
Oh 1
Oh 1
Oh 1
Oh 1
Oh 1
Oh 1
Oh 1
Oh 1
Oh 1
Oh 1
Oh 1
Oh 1
Oh 1
Oh 1
Oh 1
Oh 1
Oh 1
Or 1
PRINCE 1
PRINCE 1
PROJECT 1
PROJECT 1
PROJECT 1
PROJECT 1
Quick 1
ROSE 1
ROSE 1
ROSE 1
ROSE 1
Rome 1
Rome 1
SNOW 1
SNOW 1
STORY 1
STORY 1
STORY 1
STORY 1
STORY 1
STORY 1
Sadly 1
Sadly 1
Sadly 1
Sadly 1
Sadly 1
Sanna 1
Sanna 1
Scream 1
Sing 1
Sing 1
Sorry 1
Stay 1
Stay 1
Strew 1
Stromberg 1
Stromberg 1
Stromberg 1
Stromberg 1
Stromberg 1
Stromberg 1
Such 1
Such 1
Such 1
Sultan 1
Sultan 1
Sultan 1
Sultan 1
Sultan 1
Sultan 1
Sultan 1
Sultan 1
Sultan 1
Sultan 1
Sultan 1
Sultan 1
Sultan 1
Sultan 1
Suppose 1
Then 1
Then 1
Then 1
Then 1
Then 1
Then 1
Then 1
Then 1
Then 1
Then 1
Then 1
Then 1
Then 1
Then 1
Then 1
Then 1
Then 1
Then 1
Then 1
Then 1
Then 1
Then 1
Then 1
Then 1
Then 1
Then 1
Then 1
Then 1
Then 1
Then 1
Then 1
Then 1
Then 1
Then 1
Then 1
Then 1
Then 1
Then 1
Then 1
Then 1
Then 1
Then 1
Then 1
Then 1
Then 1
Then 1
Then 1
Then 1
Then 1
Then 1
Then 1
Then 1
Then 1
Then 1
Then 1
Then 1
Then 1
Then 1
Then 1
Then 1
Then 1
Then 1
Then 1
Then 1
Then 1
Then 1
Then 1
Then 1
Then 1
Then 1
Then 1
Then 1
Then 1
Then 1
Then 1
Then 1
Then 1
Then 1
Then 1
Then 1
Then 1
Then 1
Then 1
Then 1
Then 1
Then 1
Then 1
Then 1
Then 1
Then 1
Then 1
Then 1
Then 1
Then 1
Then 1
Then 1
Then 1
Then 1
Then 1
Then 1
Then 1
Then 1
Then 1
Then 1
Then 1
Then 1
Then 1
Then 1
Then 1
Then 1
Then 1
Then 1
Then 1
Then 1
Then 1
Then 1
Then 1
Then 1
Then 1
Then 1
Then 1
Then 1
Then 1
Then 1
Then 1
Then 1
Then 1
Then 1
Then 1
Then 1
Then 1
Then 1
Then 1
Then 1
Then 1
Then 1
Then 1
Then 1
Then 1
Then 1
Then 1
Then 1
Then 1
Then 1
Then 1
Then 1
Then 1
Then 1
Then 1
Then 1
Then 1
Then 1
Then 1
Then 1
Then 1
Then 1
Then 1
Then 1
Then 1
Then 1
Then 1
Then 1
Then 1
Then 1
Then 1
Then 1
Then 1
Then 1
Then 1
Then 1
Then 1
Then 1
Then 1
Then 1
Then 1
Then 1
Then 1
Then 1
Then 1
Then 1
Then 1
Then 1
Then 1
Then 1
Then 1
Then 1
Then 1
Then 1
Then 1
Then 1
Then 1
Then 1
Then 1
Then 1
Then 1
Then 1
Then 1
Then 1
Then 1
Then 1
Then 1
Then 1
Then 1
Then 1
Then 1
Then 1
Then 1
Then 1
Then 1
Then 1
Then 1
Then 1
Then 1
Then 1
Then 1
Then 1
Then 1
Then 1
Then 1
Then 1
Then 1
Then 1
Then 1
Then 1
Then 1
Then 1
Then 1
Then 1
Then 1
Then 1
Then 1
Then 1
Then 1
Then 1
Then 1
Then 1
Then 1
Then 1
Then 1
Then 1
Then 1
Then 1
Then 1
Then 1
Then 1
Then 1
Then 1
Then 1
Then 1
Then 1
Then 1
Then 1
Then 1
Then 1
Then 1
Then 1
Then 1
Then 1
Then 1
Then 1
Then 1
Then 1
Then 1
Then 1
Then 1
Then 1
Then 1
Then 1
Then 1
Then 1
Then 1
Then 1
Then 1
Then 1
Then 1
Then 1
Then 1
Then 1
Then 1
Then 1
Then 1
Then 1
Then 1
Then 1
Then 1
Then 1
Then 1
Then 1
Then 1
Then 1
Then 1
Then 1
Then 1
Then 1
Then 1
Then 1
Then 1
Then 1
Then 1
Then 1
Then 1
Then 1
Then 1
Then 1
Then 1
Then 1
Then 1
Then 1
Then 1
Then 1
Then 1
Then 1
Then 1
Then 1
Then 1
Then 1
Then 1
Then 1
Then 1
Then 1
Then 1
Then 1
Then 1
Then 1
Then 1
Then 1
Then 1
Then 1
Then 1
Then 1
Then 1
Then 1
Then 1
Then 1
Then 1
Then 1
Then 1
Then 1
Then 1
Then 1
Then 1
Then 1
Then 1
Then 1
Then 1
Then 1
Then 1
Then 1
Then 1
Then 1
Then 1
Then 1
Then 1
Then 1
Then 1
Then 1
Then 1
Then 1
Then 1
Then 1
Then 1
Then 1
Then 1
Then 1
Then 1
Then 1
Then 1
Then 1
Then 1
Then 1
Then 1
Then 1
Then 1
Then 1
Then 1
Then 1
Then 1
Then 1
Then 1
Then 1
Then 1
Then 1
Then 1
Then 1
Then 1
Then 1
Then 1
Then 1
Then 1
Then 1
Then 1
Then 1
Then 1
Then 1
Then 1
Then 1
Then 1
Then 1
Then 1
Then 1
Then 1
Then 1
Then 1
Then 1
Then 1
Then 1
Then 1
Then 1
Then 1
Then 1
Then 1
Then 1
Then 1
Then 1
Then 1
Then 1
Then 1
Then 1
Then 1
Then 1
Then 1
Then 1
Then 1
Then 1
Then 1
Then 1
Then 1
Then 1
Then 1
Then 1
Then 1
Then 1
Then 1
Then 1
Then 1
Then 1
Then 1
Then 1
Then 1
Then 1
Then 1
Then 1
Then 1
Then 1
Then 1
Then 1
Then 1
Then 1
Then 1
Then 1
Then 1
Then 1
Then 1
Then 1
Then 1
Then 1
Then 1
Then 1
Then 1
Then 1
Then 1
Then 1
Then 1
Then 1
Then 1
Then 1
Then 1
Then 1
Then 1
Then 1
Then 1
To 1
To 1
To 1
To 1
To 1
To 1
To 1
To 1
To 1
To 1
To 1
To 1
To 1
To 1
To 1
To 1
To 1
To 1
Today 1
Tu 1
Tu 1
Tu 1
Twelve 1
USE 1
Updated 1
WAS 1
WAS 1
WAS 1
Was 1
West 1
Wife 1
Wife 1
Wife 1
Wife 1
Wife 1
Wife 1
Wife 1
Wife 1
Wife 1
Wife 1
Wife 1
Willingly 1
YOU 1
YOU 1
YOU 1
YOU 1
YOU 1
YOU 1
Your 1
Your 1
Your 1
Your 1
Your 1
Your 1
Your 1
Your 1
Your 1
Your 1
Your 1
abide 1
abide 1
abide 1
abode 1
abode 1
abundance 1
accordingly 1
actually 1
actually 1
additional 1
additional 1
additional 1
admiring 1
age 1
ago 1
ago 1
ago 1
ago 1
ago 1
aim 1
alone 1
alone 1
alone 1
alone 1
alone 1
alone 1
alone 1
alone 1
alone 1
alone 1
alone 1
alone 1
alone 1
alone 1
alone 1
alone 1
alone 1
alone 1
alone 1
alone 1
alone 1
alone 1
alone 1
alone 1
alone 1
alone 1
alone 1
alone 1
alone 1
alone 1
alone 1
alone 1
alone 1
alone 1
alone 1
alone 1
altogether 1
altogether 1
altogether 1
an 1
an 1
an 1
an 1
an 1
an 1
an 1
an 1
an 1
an 1
an 1
an 1
an 1
an 1
an 1
an 1
an 1
an 1
an 1
an 1
an 1
an 1
an 1
an 1
an 1
an 1
an 1
an 1
an 1
an 1
an 1
an 1
an 1
an 1
an 1
an 1
an 1
an 1
an 1
an 1
an 1
an 1
an 1
an 1
an 1
an 1
an 1
an 1
an 1
an 1
an 1
an 1
an 1
an 1
an 1
an 1
an 1
an 1
an 1
an 1
an 1
an 1
an 1
an 1
an 1
an 1
an 1
an 1
an 1
an 1
an 1
an 1
an 1
an 1
an 1
an 1
an 1
an 1
an 1
an 1
an 1
an 1
an 1
an 1
an 1
an 1
an 1
an 1
an 1
an 1
an 1
an 1
an 1
an 1
an 1
an 1
an 1
an 1
an 1
an 1
an 1
an 1
an 1
an 1
an 1
an 1
an 1
an 1
an 1
an 1
an 1
an 1
an 1
an 1
an 1
an 1
an 1
an 1
an 1
an 1
an 1
an 1
an 1
an 1
an 1
an 1
an 1
an 1
an 1
an 1
an 1
an 1
an 1
an 1
angel 1
angel 1
animals 1
animals 1
animals 1
animals 1
animals 1
animals 1
animals 1
animals 1
anxious 1
anxious 1
apish 1
appearing 1
appeased 1
appeased 1
appeased 1
arms 1
arms 1
arms 1
arms 1
arms 1
arms 1
arms 1
arms 1
arms 1
arms 1
arms 1
arms 1
ashamed 1
ashamed 1
ashamed 1
asking 1
attendance 1
avarice 1
bacon 1
bacon 1
bacon 1
bacon 1
bacon 1
bacon 1
barely 1
barrow 1
beak 1
beak 1
beak 1
beautiful 1
beautiful 1
beautiful 1
beautiful 1
beautiful 1
beautiful 1
beautiful 1
beautiful 1
beautiful 1
beautiful 1
beautiful 1
beautiful 1
beautiful 1
beautiful 1
beautiful 1
beautiful 1
beautiful 1
beautiful 1
beautiful 1
beautiful 1
beautiful 1
beautiful 1
beautiful 1
beautiful 1
beautiful 1
beautiful 1
beautiful 1
beautiful 1
beautiful 1
beautiful 1
beautiful 1
beautiful 1
beautiful 1
beautiful 1
beautiful 1
beautiful 1
beautiful 1
beautiful 1
beautiful 1
beautiful 1
beautiful 1
beautiful 1
beautiful 1
beautiful 1
beautiful 1
beautiful 1
beautiful 1
beautiful 1
beautiful 1
beautiful 1
beautiful 1
beautiful 1
beautiful 1
beautiful 1
beautiful 1
beautiful 1
beautiful 1
beautiful 1
beautiful 1
beautiful 1
beautiful 1
beautiful 1
beautiful 1
beautiful 1
beautiful 1
beautiful 1
beautiful 1
beautiful 1
beautiful 1
beautiful 1
beautiful 1
beautiful 1
beautiful 1
beautiful 1
beautiful 1
beautiful 1
beautiful 1
beautiful 1
beautiful 1
beautiful 1
beautiful 1
beautiful 1
beautiful 1
beautiful 1
beautiful 1
beautiful 1
beautiful 1
beautiful 1
beautiful 1
beautiful 1
beautiful 1
beautiful 1
beautiful 1
beautiful 1
beautiful 1
beautiful 1
beautiful 1
beautiful 1
beautiful 1
beautiful 1
beautiful 1
beautiful 1
beautiful 1
beautiful 1
beautiful 1
beautiful 1
beautiful 1
beautiful 1
beautiful 1
beautiful 1
beautiful 1
beautiful 1
beautiful 1
beautiful 1
beautiful 1
beautiful 1
beautiful 1
beautiful 1
beautiful 1
beautiful 1
beautiful 1
beautiful 1
beautiful 1
beckoned 1
become 1
become 1
become 1
become 1
become 1
become 1
become 1
become 1
become 1
become 1
become 1
become 1
become 1
become 1
become 1
become 1
become 1
become 1
become 1
become 1
become 1
bedchamber 1
bees 1
bees 1
bees 1
bees 1
beginning 1
beginning 1
beginning 1
beginning 1
beginning 1
behaviour 1
behaviour 1
bend 1
betimes 1
betimes 1
betray 1
betray 1
bewailed 1
bewailed 1
bewailed 1
bewitched 1
bewitched 1
bewitched 1
beyond 1
bid 1
bid 1
bid 1
bid 1
bid 1
bid 1
bid 1
bid 1
bid 1
birth 1
birth 1
birth 1
birth 1
birth 1
birth 1
black 1
black 1
black 1
black 1
black 1
black 1
black 1
black 1
black 1
black 1
black 1
black 1
black 1
black 1
black 1
black 1
black 1
black 1
black 1
black 1
black 1
black 1
black 1
black 1
black 1
black 1
black 1
black 1
black 1
black 1
black 1
black 1
black 1
black 1
black 1
black 1
black 1
black 1
blackened 1
bleated 1
bleated 1
bled 1
bless 1
bloody 1
boast 1
boast 1
boats 1
boiled 1
boiled 1
bold 1
bones 1
bones 1
bones 1
bones 1
bones 1
bones 1
bones 1
bones 1
bones 1
bones 1
bones 1
bones 1
bones 1
bought 1
bought 1
bought 1
bought 1
bought 1
bought 1
bought 1
bought 1
bought 1
bought 1
bought 1
bravely 1
bravery 1
breast 1
breast 1
breast 1
breast 1
breathe 1
breathe 1
bred 1
brightly 1
brightly 1
brightly 1
brook 1
brook 1
brook 1
brook 1
brook 1
brook 1
brook 1
brook 1
broomstick 1
broth 1
broth 1
broth 1
broth 1
broth 1
broth 1
burn 1
burn 1
burn 1
burn 1
bushy 1
bustled 1
busybody 1
butcher 1
butcher 1
butcher 1
butcher 1
butcher 1
butcher 1
cannot 1
cannot 1
cannot 1
cannot 1
cannot 1
cannot 1
cannot 1
cannot 1
cannot 1
cannot 1
cannot 1
cannot 1
cannot 1
cannot 1
cannot 1
cannot 1
cannot 1
cannot 1
cannot 1
cannot 1
cannot 1
cannot 1
cannot 1
cannot 1
cannot 1
cannot 1
cannot 1
cannot 1
cannot 1
cannot 1
cannot 1
cannot 1
cannot 1
cannot 1
cannot 1
cannot 1
cannot 1
cannot 1
cannot 1
cannot 1
cannot 1
cannot 1
cannot 1
cannot 1
cannot 1
cannot 1
cannot 1
cannot 1
cannot 1
cannot 1
cannot 1
cannot 1
carry 1
carry 1
carry 1
carry 1
carry 1
carry 1
carry 1
carry 1
carry 1
carry 1
carry 1
carry 1
carry 1
carry 1
carry 1
carry 1
carry 1
carry 1
carry 1
carry 1
carry 1
carry 1
carry 1
carry 1
carry 1
carry 1
carry 1
carry 1
carry 1
carry 1
carry 1
carry 1
carry 1
carry 1
carry 1
carry 1
carry 1
carry 1
carry 1
carry 1
carry 1
carter 1
carter 1
carter 1
carter 1
carter 1
carter 1
carter 1
carter 1
carter 1
carter 1
carter 1
carter 1
carter 1
carter 1
casket 1
casket 1
casks 1
casks 1
catching 1
catching 1
catching 1
cats 1
cats 1
cause 1
cause 1
cause 1
cause 1
cause 1
cause 1
cause 1
caused 1
caused 1
caused 1
caused 1
caused 1
caused 1
caused 1
caused 1
chafed 1
chafed 1
chain 1
chain 1
chain 1
chain 1
chain 1
chain 1
chain 1
chain 1
chain 1
chain 1
chalk 1
charming 1
charming 1
chatter 1
chatter 1
checks 1
chicken 1
chicken 1
chicken 1
chicken 1
chicken 1
chief 1
chief 1
children 1
children 1
children 1
children 1
children 1
children 1
children 1
children 1
children 1
children 1
children 1
children 1
children 1
children 1
children 1
children 1
children 1
children 1
children 1
children 1
children 1
children 1
children 1
children 1
children 1
children 1
children 1
children 1
children 1
children 1
children 1
children 1
children 1
children 1
children 1
children 1
children 1
children 1
children 1
children 1
children 1
children 1
children 1
children 1
children 1
children 1
children 1
children 1
children 1
children 1
children 1
children 1
children 1
children 1
children 1
children 1
children 1
children 1
children 1
children 1
children 1
children 1
children 1
children 1
children 1
children 1
children 1
children 1
children 1
children 1
children 1
children 1
children 1
children 1
children 1
children 1
children 1
children 1
chimney 1
chimney 1
chimney 1
chimney 1
clever 1
clever 1
clever 1
clever 1
clever 1
clever 1
clever 1
clever 1
clever 1
clever 1
clever 1
clever 1
clever 1
clever 1
clods 1
coming 1
coming 1
coming 1
coming 1
coming 1
coming 1
coming 1
coming 1
coming 1
coming 1
coming 1
coming 1
coming 1
coming 1
coming 1
coming 1
coming 1
coming 1
coming 1
coming 1
coming 1
coming 1
coming 1
coming 1
coming 1
coming 1
common 1
common 1
common 1
contentedly 1
contentedly 1
conversation 1
conversation 1
conversation 1
cooked 1
cooked 1
cooked 1
cooked 1
cooked 1
cooked 1
cooked 1
cooked 1
copies 1
copies 1
copies 1
copies 1
copies 1
copies 1
copies 1
corner 1
corner 1
corner 1
corner 1
corner 1
corner 1
corner 1
corner 1
corner 1
corner 1
corner 1
corner 1
corner 1
corner 1
corner 1
corner 1
corner 1
corner 1
corner 1
corner 1
corner 1
corner 1
cost 1
cost 1
cost 1
cost 1
cost 1
cost 1
cost 1
cost 1
cost 1
cost 1
cost 1
cost 1
course 1
course 1
course 1
course 1
cracked 1
cracked 1
craftsmen 1
cried 1
cried 1
cried 1
cried 1
cried 1
cried 1
cried 1
cried 1
cried 1
cried 1
cried 1
cried 1
cried 1
cried 1
cried 1
cried 1
cried 1
cried 1
cried 1
cried 1
cried 1
cried 1
cried 1
cried 1
cried 1
cried 1
cried 1
cried 1
cried 1
cried 1
cried 1
cried 1
cried 1
cried 1
cried 1
cried 1
cried 1
cried 1
cried 1
cried 1
cried 1
cried 1
cried 1
cried 1
cried 1
cried 1
cried 1
cried 1
cried 1
cried 1
cried 1
cried 1
cried 1
cried 1
cried 1
cried 1
cried 1
cried 1
cried 1
cried 1
cried 1
cried 1
cried 1
cried 1
cried 1
cried 1
cried 1
cried 1
cried 1
cried 1
cried 1
cried 1
cried 1
cried 1
cried 1
cried 1
cried 1
cried 1
cried 1
cried 1
cried 1
cried 1
cried 1
cried 1
cried 1
cried 1
cried 1
cried 1
cried 1
cried 1
cried 1
cried 1
cried 1
cried 1
cried 1
cried 1
cried 1
cried 1
cried 1
cried 1
cried 1
cried 1
cried 1
cried 1
cried 1
cried 1
cried 1
cried 1
cried 1
cried 1
cried 1
cried 1
cried 1
cried 1
cried 1
cried 1
cried 1
cried 1
cried 1
cried 1
cried 1
cried 1
cried 1
cried 1
cried 1
cried 1
cried 1
cried 1
cried 1
cried 1
cried 1
cried 1
cried 1
cried 1
cried 1
cried 1
cried 1
cried 1
cried 1
cried 1
cried 1
cried 1
cried 1
cried 1
cried 1
cried 1
cried 1
cried 1
cried 1
cried 1
cried 1
cried 1
cried 1
crossed 1
crossed 1
crossed 1
crow 1
crutches 1
cups 1
curtsied 1
curtsied 1
dashed 1
daughters 1
daughters 1
daughters 1
daughters 1
daughters 1
daughters 1
daughters 1
daughters 1
daughters 1
daughters 1
daughters 1
dearer 1
deceived 1
deceived 1
deductible 1
deeds 1
deeds 1
defective 1
defective 1
defective 1
deletions 1
delightfully 1
denounce 1
derive 1
derived 1
described 1
determined 1
determined 1
determined 1
determined 1
dinners 1
disk 1
dislike 1
displayed 1
distance 1
distance 1
distance 1
distance 1
distributed 1
distributed 1
distributed 1
distributed 1
divided 1
doctor 1
doctor 1
doctor 1
doctor 1
doctor 1
doctor 1
doctor 1
doctor 1
doctor 1
doctor 1
doctor 1
doctor 1
doctor 1
donate 1
donate 1
donate 1
donate 1
drawer 1
drawer 1
dresses 1
dresses 1
dresses 1
dresses 1
dresses 1
dripping 1
drunken 1
dumplings 1
dying 1
each 1
each 1
each 1
each 1
each 1
each 1
each 1
each 1
each 1
each 1
each 1
each 1
each 1
each 1
each 1
each 1
each 1
each 1
each 1
each 1
each 1
each 1
each 1
each 1
each 1
each 1
each 1
each 1
each 1
each 1
each 1
each 1
each 1
each 1
each 1
each 1
each 1
each 1
each 1
each 1
each 1
each 1
each 1
each 1
each 1
each 1
each 1
each 1
each 1
each 1
each 1
each 1
each 1
each 1
each 1
each 1
each 1
each 1
each 1
each 1
each 1
each 1
each 1
each 1
each 1
each 1
each 1
each 1
each 1
each 1
each 1
each 1
each 1
each 1
each 1
each 1
eagerly 1
eagerly 1
eagerness 1
earliest 1
earls 1
earls 1
early 1
early 1
early 1
early 1
early 1
early 1
early 1
early 1
early 1
early 1
early 1
early 1
early 1
early 1
eats 1
eats 1
edge 1
edge 1
edge 1
edge 1
edge 1
eight 1
eight 1
eight 1
eight 1
eight 1
eight 1
eight 1
eight 1
else 1
else 1
else 1
else 1
else 1
else 1
else 1
else 1
else 1
else 1
else 1
else 1
else 1
else 1
else 1
else 1
else 1
else 1
else 1
else 1
else 1
embrace 1
employees 1
employees 1
enchantment 1
enchantment 1
enchantment 1
enchantment 1
enchantment 1
enchantment 1
enjoy 1
enjoy 1
enjoy 1
enjoy 1
enjoy 1
enjoy 1
enjoy 1
enjoy 1
enjoy 1
ensuring 1
entire 1
entire 1
entire 1
especially 1
every 1
every 1
every 1
every 1
every 1
every 1
every 1
every 1
every 1
every 1
every 1
every 1
every 1
every 1
every 1
every 1
every 1
every 1
every 1
every 1
every 1
every 1
every 1
every 1
every 1
every 1
every 1
every 1
every 1
every 1
every 1
every 1
every 1
every 1
every 1
every 1
every 1
every 1
every 1
every 1
every 1
every 1
every 1
every 1
every 1
every 1
every 1
every 1
every 1
every 1
every 1
every 1
every 1
every 1
every 1
every 1
every 1
every 1
every 1
every 1
every 1
every 1
every 1
every 1
every 1
every 1
every 1
every 1
every 1
exchange 1
exchange 1
executed 1
face 1
face 1
face 1
face 1
face 1
face 1
face 1
face 1
face 1
face 1
face 1
face 1
face 1
face 1
face 1
face 1
face 1
face 1
face 1
face 1
face 1
face 1
face 1
face 1
face 1
face 1
face 1
face 1
face 1
face 1
face 1
face 1
face 1
face 1
face 1
face 1
face 1
face 1
face 1
face 1
face 1
face 1
fall 1
fall 1
fall 1
fall 1
fall 1
fall 1
fall 1
fall 1
fall 1
fall 1
fall 1
fall 1
fall 1
fall 1
fall 1
fall 1
fall 1
fall 1
fall 1
fall 1
fall 1
fall 1
fall 1
fall 1
fall 1
fall 1
fall 1
fall 1
fall 1
fall 1
fall 1
fall 1
fall 1
fall 1
fall 1
fall 1
fall 1
fall 1
false 1
false 1
false 1
false 1
false 1
false 1
false 1
false 1
false 1
false 1
famed 1
famous 1
famous 1
fancies 1
fancy 1
faring 1
farmer 1
farmer 1
farmer 1
farmer 1
farmer 1
farmer 1
feast 1
feast 1
feast 1
feast 1
feast 1
feast 1
feast 1
feast 1
feast 1
feast 1
feast 1
feast 1
feast 1
feast 1
feast 1
feast 1
feast 1
feast 1
feast 1
feast 1
feast 1
feast 1
feast 1
feast 1
feast 1
feast 1
feast 1
feast 1
feast 1
feast 1
feast 1
feast 1
feast 1
feast 1
feast 1
feast 1
fellow 1
fellow 1
fellow 1
fellow 1
fellow 1
fellow 1
fellow 1
fellow 1
fellow 1
fellow 1
fellow 1
fellow 1
fellow 1
fellow 1
fellow 1
fellow 1
fellow 1
fellow 1
fellow 1
fellow 1
fellow 1
fellow 1
fellow 1
fellow 1
fellow 1
fiery 1
fiery 1
fiery 1
fiery 1
fiery 1
fifteenth 1
fill 1
fill 1
fill 1
fill 1
finger 1
finger 1
finger 1
finger 1
finger 1
finger 1
finger 1
finger 1
finger 1
finger 1
finger 1
finger 1
finger 1
finger 1
finger 1
finger 1
finger 1
finger 1
finger 1
finger 1
finger 1
finger 1
finger 1
finger 1
finger 1
finger 1
finger 1
finger 1
finger 1
finger 1
finger 1
finger 1
finger 1
finger 1
finger 1
finish 1
finish 1
finish 1
finish 1
fix 1
fix 1
flings 1
flower 1
flower 1
flower 1
flower 1
flower 1
flower 1
flower 1
flower 1
flower 1
flower 1
flower 1
flower 1
flower 1
flower 1
flower 1
flower 1
flower 1
flower 1
flower 1
flower 1
fly 1
fly 1
fly 1
fly 1
fly 1
fly 1
fly 1
fly 1
fly 1
fly 1
fly 1
fly 1
fly 1
fly 1
fly 1
flying 1
flying 1
flying 1
flying 1
flying 1
flying 1
flying 1
flying 1
flying 1
folks 1
folks 1
folks 1
folks 1
foolishly 1
force 1
force 1
force 1
forest 1
forest 1
forest 1
forest 1
forest 1
forest 1
forest 1
forest 1
forest 1
forest 1
forest 1
forest 1
forest 1
forest 1
forest 1
forest 1
forest 1
forest 1
forest 1
forest 1
forest 1
forest 1
forest 1
forest 1
forest 1
forest 1
forest 1
forest 1
forest 1
forest 1
forest 1
forest 1
forest 1
forest 1
forest 1
forest 1
forest 1
forest 1
forest 1
forest 1
forest 1
forest 1
forest 1
forest 1
forest 1
forest 1
forest 1
forest 1
forest 1
forest 1
forest 1
forest 1
forest 1
forest 1
forest 1
forest 1
forest 1
forest 1
forest 1
forest 1
forest 1
forest 1
forest 1
forest 1
forest 1
forest 1
forest 1
forest 1
forest 1
forest 1
forest 1
forest 1
forest 1
forest 1
forest 1
forest 1
forest 1
forest 1
forest 1
forest 1
forest 1
forest 1
forest 1
forest 1
forest 1
forfeit 1
forks 1
forthwith 1
forthwith 1
fortunately 1
fortunately 1
fowls 1
fowls 1
fowls 1
fowls 1
fowls 1
fowls 1
fowls 1
fowls 1
friends 1
friends 1
friends 1
friends 1
friends 1
friends 1
friends 1
friends 1
frolic 1
front 1
front 1
front 1
front 1
front 1
front 1
front 1
front 1
front 1
front 1
front 1
front 1
front 1
front 1
front 1
fun 1
fun 1
gain 1
gain 1
gallows 1
gallows 1
gallows 1
gallows 1
gallows 1
gallows 1
gallows 1
gallows 1
gang 1
gather 1
gather 1
gay 1
gay 1
gay 1
gay 1
gazed 1
gazed 1
gazed 1
gazed 1
gazed 1
gazed 1
gentleman 1
gentleman 1
gentleman 1
gentleman 1
gently 1
gently 1
gently 1
gently 1
gilded 1
gilded 1
girdle 1
girdle 1
girdle 1
girdle 1
glared 1
goat 1
goat 1
goat 1
goat 1
goat 1
goat 1
goat 1
goat 1
goat 1
goblet 1
goblet 1
godchildren 1
godmother 1
godmother 1
godmother 1
godmother 1
godmother 1
godmother 1
goldsmith 1
goldsmith 1
goldsmith 1
goldsmith 1
gone 1
gone 1
gone 1
gone 1
gone 1
gone 1
gone 1
gone 1
gone 1
gone 1
gone 1
gone 1
gone 1
gone 1
gone 1
gone 1
gone 1
gone 1
gone 1
gone 1
gone 1
gone 1
gone 1
gone 1
gone 1
gone 1
gone 1
gone 1
gone 1
gone 1
gone 1
gone 1
gone 1
gone 1
gone 1
gone 1
gone 1
gone 1
gone 1
gone 1
gone 1
gone 1
gone 1
gone 1
gone 1
gone 1
gone 1
gone 1
gone 1
gone 1
gone 1
gone 1
gone 1
gone 1
gone 1
gone 1
gone 1
gone 1
gone 1
gone 1
gone 1
gone 1
gone 1
gone 1
gone 1
gone 1
gone 1
gone 1
gone 1
gone 1
gone 1
gone 1
good 1
good 1
good 1
good 1
good 1
good 1
good 1
good 1
good 1
good 1
good 1
good 1
good 1
good 1
good 1
good 1
good 1
good 1
good 1
good 1
good 1
good 1
good 1
good 1
good 1
good 1
good 1
good 1
good 1
good 1
good 1
good 1
good 1
good 1
good 1
good 1
good 1
good 1
good 1
good 1
good 1
good 1
good 1
good 1
good 1
good 1
good 1
good 1
good 1
good 1
good 1
good 1
good 1
good 1
good 1
good 1
good 1
good 1
good 1
good 1
good 1
good 1
good 1
good 1
good 1
good 1
good 1
good 1
good 1
good 1
good 1
good 1
good 1
good 1
good 1
good 1
good 1
good 1
good 1
good 1
good 1
good 1
good 1
good 1
good 1
good 1
good 1
good 1
good 1
good 1
good 1
good 1
good 1
good 1
good 1
good 1
good 1
good 1
good 1
good 1
good 1
good 1
good 1
good 1
good 1
good 1
good 1
good 1
good 1
good 1
good 1
good 1
good 1
good 1
good 1
good 1
good 1
good 1
good 1
good 1
good 1
good 1
good 1
good 1
good 1
good 1
good 1
good 1
good 1
good 1
good 1
good 1
good 1
good 1
good 1
good 1
good 1
good 1
good 1
good 1
good 1
good 1
good 1
good 1
good 1
good 1
good 1
good 1
good 1
good 1
good 1
good 1
good 1
good 1
good 1
good 1
good 1
good 1
good 1
good 1
good 1
good 1
good 1
good 1
good 1
good 1
good 1
goose 1
goose 1
goose 1
goose 1
goose 1
goose 1
goose 1
goose 1
goose 1
goose 1
goose 1
goose 1
goose 1
goose 1
goose 1
goose 1
goose 1
goose 1
goose 1
goose 1
goose 1
goose 1
goose 1
goose 1
goose 1
govern 1
gown 1
gown 1
grieves 1
grindstone 1
grinned 1
grove 1
grove 1
grove 1
grown 1
grown 1
grown 1
grown 1
grown 1
grown 1
grown 1
grown 1
grown 1
grown 1
hack 1
hack 1
hack 1
had 1
had 1
had 1
had 1
had 1
had 1
had 1
had 1
had 1
had 1
had 1
had 1
had 1
had 1
had 1
had 1
had 1
had 1
had 1
had 1
had 1
had 1
had 1
had 1
had 1
had 1
had 1
had 1
had 1
had 1
had 1
had 1
had 1
had 1
had 1
had 1
had 1
had 1
had 1
had 1
had 1
had 1
had 1
had 1
had 1
had 1
had 1
had 1
had 1
had 1
had 1
had 1
had 1
had 1
had 1
had 1
had 1
had 1
had 1
had 1
had 1
had 1
had 1
had 1
had 1
had 1
had 1
had 1
had 1
had 1
had 1
had 1
had 1
had 1
had 1
had 1
had 1
had 1
had 1
had 1
had 1
had 1
had 1
had 1
had 1
had 1
had 1
had 1
had 1
had 1
had 1
had 1
had 1
had 1
had 1
had 1
had 1
had 1
had 1
had 1
had 1
had 1
had 1
had 1
had 1
had 1
had 1
had 1
had 1
had 1
had 1
had 1
had 1
had 1
had 1
had 1
had 1
had 1
had 1
had 1
had 1
had 1
had 1
had 1
had 1
had 1
had 1
had 1
had 1
had 1
had 1
had 1
had 1
had 1
had 1
had 1
had 1
had 1
had 1
had 1
had 1
had 1
had 1
had 1
had 1
had 1
had 1
had 1
had 1
had 1
had 1
had 1
had 1
had 1
had 1
had 1
had 1
had 1
had 1
had 1
had 1
had 1
had 1
had 1
had 1
had 1
had 1
had 1
had 1
had 1
had 1
had 1
had 1
had 1
had 1
had 1
had 1
had 1
had 1
had 1
had 1
had 1
had 1
had 1
had 1
had 1
had 1
had 1
had 1
had 1
had 1
had 1
had 1
had 1
had 1
had 1
had 1
had 1
had 1
had 1
had 1
had 1
had 1
had 1
had 1
had 1
had 1
had 1
had 1
had 1
had 1
had 1
had 1
had 1
had 1
had 1
had 1
had 1
had 1
had 1
had 1
had 1
had 1
had 1
had 1
had 1
had 1
had 1
had 1
had 1
had 1
had 1
had 1
had 1
had 1
had 1
had 1
had 1
had 1
had 1
had 1
had 1
had 1
had 1
had 1
had 1
had 1
had 1
had 1
had 1
had 1
had 1
had 1
had 1
had 1
had 1
had 1
had 1
had 1
had 1
had 1
had 1
had 1
had 1
had 1
had 1
had 1
had 1
had 1
had 1
had 1
had 1
had 1
had 1
had 1
had 1
had 1
had 1
had 1
had 1
had 1
had 1
had 1
had 1
had 1
had 1
had 1
had 1
had 1
had 1
had 1
had 1
had 1
had 1
had 1
had 1
had 1
had 1
had 1
had 1
had 1
had 1
had 1
had 1
had 1
had 1
had 1
had 1
had 1
had 1
had 1
had 1
had 1
had 1
had 1
had 1
had 1
had 1
had 1
had 1
had 1
had 1
had 1
had 1
had 1
had 1
had 1
had 1
had 1
had 1
had 1
had 1
had 1
had 1
had 1
had 1
had 1
had 1
had 1
had 1
had 1
had 1
had 1
had 1
had 1
had 1
had 1
had 1
had 1
had 1
had 1
had 1
had 1
had 1
had 1
had 1
had 1
had 1
had 1
had 1
had 1
had 1
had 1
had 1
had 1
had 1
had 1
had 1
had 1
had 1
had 1
had 1
had 1
had 1
had 1
had 1
had 1
had 1
had 1
had 1
had 1
had 1
had 1
had 1
had 1
had 1
had 1
had 1
had 1
had 1
had 1
had 1
had 1
had 1
had 1
had 1
had 1
had 1
had 1
had 1
had 1
had 1
had 1
had 1
had 1
had 1
had 1
had 1
had 1
had 1
had 1
had 1
had 1
had 1
had 1
had 1
had 1
had 1
had 1
had 1
had 1
had 1
had 1
had 1
had 1
had 1
had 1
had 1
had 1
had 1
had 1
had 1
had 1
had 1
had 1
had 1
had 1
had 1
had 1
had 1
had 1
had 1
had 1
had 1
had 1
had 1
had 1
had 1
had 1
had 1
had 1
had 1
had 1
had 1
had 1
had 1
had 1
had 1
had 1
had 1
had 1
had 1
had 1
had 1
had 1
had 1
had 1
had 1
had 1
had 1
had 1
had 1
had 1
had 1
had 1
had 1
had 1
had 1
had 1
had 1
had 1
had 1
had 1
had 1
had 1
had 1
had 1
had 1
had 1
had 1
had 1
had 1
had 1
had 1
had 1
had 1
had 1
had 1
had 1
had 1
had 1
had 1
had 1
had 1
had 1
had 1
had 1
had 1
had 1
had 1
had 1
had 1
had 1
had 1
had 1
had 1
had 1
had 1
had 1
had 1
had 1
had 1
had 1
had 1
had 1
had 1
had 1
had 1
had 1
had 1
had 1
had 1
had 1
had 1
had 1
had 1
had 1
had 1
had 1
had 1
had 1
had 1
had 1
had 1
had 1
had 1
had 1
had 1
had 1
had 1
had 1
had 1
had 1
had 1
had 1
had 1
had 1
had 1
had 1
had 1
had 1
had 1
had 1
had 1
had 1
had 1
had 1
had 1
had 1
had 1
had 1
had 1
had 1
had 1
had 1
had 1
had 1
had 1
had 1
had 1
had 1
had 1
had 1
had 1
had 1
had 1
had 1
had 1
had 1
had 1
had 1
had 1
had 1
had 1
had 1
had 1
had 1
had 1
had 1
had 1
had 1
had 1
had 1
had 1
had 1
had 1
had 1
had 1
had 1
had 1
had 1
had 1
had 1
had 1
had 1
had 1
had 1
had 1
had 1
had 1
had 1
had 1
had 1
had 1
had 1
had 1
had 1
had 1
had 1
had 1
had 1
had 1
had 1
had 1
had 1
had 1
had 1
had 1
had 1
had 1
had 1
had 1
had 1
had 1
had 1
had 1
had 1
had 1
had 1
had 1
had 1
had 1
had 1
had 1
had 1
had 1
had 1
had 1
had 1
had 1
had 1
had 1
had 1
had 1
had 1
had 1
had 1
had 1
had 1
had 1
had 1
had 1
had 1
had 1
had 1
had 1
had 1
had 1
had 1
had 1
had 1
had 1
had 1
had 1
had 1
had 1
had 1
had 1
had 1
had 1
had 1
had 1
had 1
had 1
had 1
had 1
had 1
had 1
had 1
had 1
had 1
had 1
had 1
had 1
had 1
had 1
had 1
had 1
had 1
had 1
had 1
had 1
had 1
had 1
had 1
had 1
had 1
had 1
had 1
had 1
had 1
had 1
had 1
had 1
had 1
had 1
had 1
had 1
had 1
had 1
had 1
had 1
had 1
had 1
had 1
had 1
had 1
had 1
had 1
had 1
had 1
had 1
had 1
had 1
had 1
had 1
had 1
had 1
had 1
had 1
had 1
had 1
had 1
had 1
had 1
had 1
had 1
had 1
had 1
had 1
had 1
had 1
had 1
had 1
had 1
had 1
had 1
had 1
had 1
had 1
had 1
had 1
had 1
had 1
had 1
had 1
had 1
had 1
had 1
had 1
had 1
had 1
had 1
had 1
had 1
had 1
had 1
had 1
had 1
had 1
had 1
had 1
had 1
had 1
had 1
had 1
had 1
had 1
had 1
had 1
had 1
had 1
had 1
had 1
had 1
had 1
had 1
had 1
had 1
had 1
had 1
had 1
had 1
had 1
had 1
had 1
had 1
had 1
had 1
had 1
had 1
had 1
had 1
had 1
had 1
had 1
had 1
had 1
had 1
had 1
had 1
had 1
had 1
had 1
had 1
had 1
had 1
hand 1
hand 1
hand 1
hand 1
hand 1
hand 1
hand 1
hand 1
hand 1
hand 1
hand 1
hand 1
hand 1
hand 1
hand 1
hand 1
hand 1
hand 1
hand 1
hand 1
hand 1
hand 1
hand 1
hand 1
hand 1
hand 1
hand 1
hand 1
hand 1
hand 1
hand 1
hand 1
hand 1
hand 1
hand 1
hand 1
hand 1
hand 1
hand 1
hand 1
hand 1
hand 1
hand 1
hand 1
hand 1
hand 1
hand 1
hand 1
hand 1
hand 1
hand 1
hand 1
hand 1
hand 1
hand 1
hand 1
hand 1
hand 1
hand 1
hand 1
hand 1
hand 1
hand 1
hand 1
hand 1
hand 1
hand 1
hand 1
hand 1
hand 1
hand 1
hand 1
hand 1
hand 1
hand 1
handsome 1
handsome 1
handsome 1
handsome 1
handsome 1
handsome 1
handsome 1
handsome 1
handsome 1
handsome 1
handsome 1
handsome 1
handsome 1
handsome 1
handsome 1
hangs 1
hangs 1
happiness 1
happiness 1
happiness 1
happiness 1
harmed 1
hath 1
hath 1
hath 1
hath 1
hath 1
hath 1
hath 1
hazardous 1
hears 1
hearts 1
hearts 1
hearts 1
hearty 1
hearty 1
higher 1
higher 1
higher 1
higher 1
higher 1
higher 1
higher 1
higher 1
hill 1
hill 1
hill 1
hill 1
hill 1
hill 1
hill 1
hill 1
hill 1
hill 1
hill 1
hill 1
hill 1
hill 1
hill 1
hill 1
hitherto 1
ho 1
hob 1
home 1
home 1
home 1
home 1
home 1
home 1
home 1
home 1
home 1
home 1
home 1
home 1
home 1
home 1
home 1
home 1
home 1
home 1
home 1
home 1
home 1
home 1
home 1
home 1
home 1
home 1
home 1
home 1
home 1
home 1
home 1
home 1
home 1
home 1
home 1
home 1
home 1
home 1
home 1
home 1
home 1
home 1
home 1
home 1
home 1
home 1
home 1
home 1
home 1
home 1
home 1
home 1
home 1
home 1
home 1
home 1
home 1
home 1
home 1
home 1
home 1
home 1
home 1
home 1
home 1
home 1
home 1
home 1
home 1
home 1
home 1
home 1
home 1
home 1
home 1
home 1
home 1
home 1
home 1
home 1
home 1
home 1
home 1
home 1
home 1
home 1
home 1
home 1
home 1
home 1
home 1
home 1
home 1
home 1
home 1
home 1
home 1
home 1
home 1
home 1
home 1
home 1
home 1
home 1
home 1
home 1
home 1
home 1
home 1
home 1
home 1
home 1
home 1
home 1
home 1
home 1
home 1
home 1
home 1
home 1
home 1
home 1
home 1
home 1
home 1
home 1
home 1
home 1
home 1
home 1
home 1
home 1
home 1
home 1
home 1
home 1
home 1
home 1
home 1
home 1
home 1
home 1
home 1
home 1
home 1
home 1
home 1
home 1
home 1
home 1
home 1
home 1
home 1
home 1
home 1
home 1
home 1
home 1
home 1
home 1
home 1
home 1
home 1
home 1
home 1
home 1
home 1
home 1
home 1
home 1
home 1
home 1
home 1
home 1
home 1
home 1
home 1
home 1
honourable 1
hornets 1
horribly 1
horribly 1
horsemen 1
horsemen 1
horsemen 1
horsemen 1
horsemen 1
horsemen 1
hostess 1
houses 1
houses 1
houses 1
hundreds 1
hunt 1
hunt 1
hunt 1
hunting 1
hunting 1
hunting 1
hunting 1
hunting 1
hunting 1
hunting 1
hunting 1
hunting 1
hunting 1
husband 1
husband 1
husband 1
husband 1
husband 1
husband 1
husband 1
husband 1
husband 1
husband 1
husband 1
husband 1
husband 1
husband 1
husband 1
husband 1
husband 1
husband 1
husband 1
husband 1
husband 1
husband 1
husband 1
husband 1
husband 1
husband 1
husband 1
husband 1
husband 1
husband 1
husband 1
husband 1
husband 1
husband 1
husband 1
husband 1
husband 1
husband 1
husband 1
husband 1
husband 1
hut 1
hut 1
hut 1
hut 1
hut 1
hut 1
idea 1
idea 1
idea 1
idea 1
idea 1
impatient 1
impatient 1
including 1
including 1
including 1
including 1
including 1
including 1
including 1
increasing 1
increasing 1
indirectly 1
inn 1
inn 1
inn 1
inn 1
inn 1
inn 1
inn 1
inn 1
inn 1
innkeeper 1
inquire 1
intertwined 1
itself 1
itself 1
itself 1
itself 1
itself 1
itself 1
itself 1
itself 1
itself 1
itself 1
itself 1
jams 1
jams 1
jeered 1
jeered 1
joke 1
joke 1
joke 1
joke 1
joke 1
joke 1
joyful 1
joyful 1
juniper 1
juniper 1
juniper 1
juniper 1
juniper 1
juniper 1
juniper 1
juniper 1
juniper 1
juniper 1
juniper 1
juniper 1
juniper 1
juniper 1
juniper 1
juniper 1
juniper 1
keep 1
keep 1
keep 1
keep 1
keep 1
keep 1
keep 1
keep 1
keep 1
keep 1
keep 1
keep 1
keep 1
keep 1
keep 1
keep 1
keep 1
keep 1
keep 1
keep 1
keep 1
keep 1
keep 1
keep 1
keep 1
keep 1
keep 1
keep 1
keep 1
keep 1
keep 1
keep 1
keep 1
keep 1
keep 1
keep 1
keep 1
keep 1
keep 1
keep 1
keep 1
keep 1
keep 1
keeping 1
keeping 1
keeping 1
keeping 1
keeping 1
keeping 1
keeping 1
key 1
key 1
key 1
key 1
key 1
key 1
key 1
key 1
key 1
kills 1
kindly 1
kindly 1
kindly 1
kindly 1
kindly 1
kindly 1
kindly 1
kindly 1
knife 1
knife 1
knife 1
knife 1
knife 1
knife 1
knife 1
knife 1
knife 1
knife 1
knife 1
knife 1
knife 1
knife 1
knife 1
knife 1
knife 1
knife 1
lacking 1
lame 1
lament 1
lament 1
land 1
land 1
land 1
land 1
land 1
land 1
land 1
land 1
land 1
land 1
land 1
land 1
land 1
land 1
land 1
land 1
land 1
land 1
land 1
land 1
land 1
land 1
land 1
land 1
land 1
land 1
land 1
land 1
land 1
land 1
lap 1
lap 1
lap 1
lap 1
lap 1
lap 1
large 1
large 1
large 1
large 1
large 1
large 1
large 1
large 1
large 1
large 1
large 1
large 1
large 1
large 1
large 1
large 1
large 1
large 1
large 1
large 1
large 1
large 1
large 1
large 1
large 1
large 1
large 1
large 1
large 1
large 1
large 1
large 1
large 1
large 1
large 1
large 1
large 1
large 1
lasted 1
lasted 1
leave 1
leave 1
leave 1
leave 1
leave 1
leave 1
leave 1
leave 1
leave 1
leave 1
leave 1
leave 1
leave 1
leave 1
leave 1
leave 1
leave 1
leave 1
leave 1
leave 1
leave 1
leave 1
leave 1
leave 1
leave 1
leave 1
leave 1
leave 1
leave 1
leave 1
leave 1
leave 1
leave 1
leave 1
leave 1
leave 1
leave 1
leave 1
leave 1
leave 1
leave 1
leave 1
leave 1
leave 1
leave 1
leave 1
leave 1
legs 1
legs 1
legs 1
legs 1
legs 1
legs 1
legs 1
legs 1
legs 1
legs 1
legs 1
legs 1
legs 1
legs 1
legs 1
legs 1
legs 1
legs 1
lentils 1
lentils 1
letters 1
letters 1
letters 1
licensed 1
lifeless 1
like 1
like 1
like 1
like 1
like 1
like 1
like 1
like 1
like 1
like 1
like 1
like 1
like 1
like 1
like 1
like 1
like 1
like 1
like 1
like 1
like 1
like 1
like 1
like 1
like 1
like 1
like 1
like 1
like 1
like 1
like 1
like 1
like 1
like 1
like 1
like 1
like 1
like 1
like 1
like 1
like 1
like 1
like 1
like 1
like 1
like 1
like 1
like 1
like 1
like 1
like 1
like 1
like 1
like 1
like 1
like 1
like 1
like 1
like 1
like 1
like 1
like 1
like 1
like 1
like 1
like 1
like 1
like 1
like 1
like 1
like 1
like 1
like 1
like 1
like 1
like 1
like 1
like 1
like 1
like 1
like 1
like 1
like 1
like 1
like 1
like 1
like 1
like 1
like 1
like 1
like 1
like 1
like 1
like 1
like 1
like 1
like 1
like 1
like 1
like 1
like 1
like 1
like 1
like 1
like 1
like 1
like 1
like 1
like 1
like 1
like 1
like 1
like 1
like 1
like 1
like 1
like 1
like 1
like 1
like 1
like 1
like 1
like 1
like 1
living 1
living 1
living 1
living 1
living 1
loft 1
loft 1
loft 1
lot 1
lot 1
lot 1
louder 1
louder 1
loveliest 1
lovely 1
lovely 1
lovely 1
lovely 1
luckily 1
luckily 1
luckily 1
m 1
m 1
m 1
m 1
m 1
maintaining 1
making 1
making 1
making 1
making 1
making 1
making 1
making 1
making 1
making 1
making 1
making 1
making 1
making 1
making 1
making 1
making 1
making 1
making 1
mantle 1
mantle 1
mantle 1
mantle 1
many 1
many 1
many 1
many 1
many 1
many 1
many 1
many 1
many 1
many 1
many 1
many 1
many 1
many 1
many 1
many 1
many 1
many 1
many 1
many 1
many 1
many 1
many 1
many 1
many 1
many 1
many 1
many 1
many 1
many 1
many 1
many 1
many 1
many 1
many 1
many 1
many 1
many 1
many 1
many 1
many 1
many 1
many 1
many 1
many 1
many 1
many 1
many 1
many 1
many 1
many 1
many 1
many 1
many 1
many 1
maps 1
maps 1
maps 1
maps 1
marry 1
marry 1
marry 1
marry 1
marry 1
marry 1
marry 1
marry 1
marry 1
marry 1
marry 1
marry 1
marry 1
marry 1
marry 1
marry 1
marry 1
marry 1
maypole 1
milking 1
milking 1
mischance 1
mischance 1
missed 1
missed 1
missed 1
missed 1
missed 1
missed 1
missed 1
mood 1
moon 1
moon 1
moon 1
moon 1
moon 1
moon 1
moon 1
moon 1
moon 1
moon 1
moon 1
moon 1
moon 1
moon 1
moon 1
moon 1
moon 1
moon 1
moon 1
moon 1
more 1
more 1
more 1
more 1
more 1
more 1
more 1
more 1
more 1
more 1
more 1
more 1
more 1
more 1
more 1
more 1
more 1
more 1
more 1
more 1
more 1
more 1
more 1
more 1
more 1
more 1
more 1
more 1
more 1
more 1
more 1
more 1
more 1
more 1
more 1
more 1
more 1
more 1
more 1
more 1
more 1
more 1
more 1
more 1
more 1
more 1
more 1
more 1
more 1
more 1
more 1
more 1
more 1
more 1
more 1
more 1
more 1
more 1
more 1
more 1
more 1
more 1
more 1
more 1
more 1
more 1
more 1
more 1
more 1
more 1
more 1
more 1
more 1
more 1
more 1
more 1
more 1
more 1
more 1
more 1
more 1
more 1
more 1
more 1
more 1
more 1
more 1
more 1
more 1
more 1
more 1
more 1
more 1
more 1
more 1
more 1
more 1
more 1
more 1
more 1
more 1
more 1
more 1
more 1
more 1
more 1
more 1
more 1
more 1
more 1
more 1
more 1
more 1
more 1
more 1
more 1
more 1
more 1
more 1
more 1
more 1
more 1
more 1
more 1
more 1
more 1
more 1
more 1
more 1
more 1
more 1
more 1
more 1
more 1
more 1
more 1
more 1
more 1
more 1
more 1
more 1
more 1
more 1
mornings 1
mornings 1
morsels 1
mother 1
mother 1
mother 1
mother 1
mother 1
mother 1
mother 1
mother 1
mother 1
mother 1
mother 1
mother 1
mother 1
mother 1
mother 1
mother 1
mother 1
mother 1
mother 1
mother 1
mother 1
mother 1
mother 1
mother 1
mother 1
mother 1
mother 1
mother 1
mother 1
mother 1
mother 1
mother 1
mother 1
mother 1
mother 1
mother 1
mother 1
mother 1
mother 1
mother 1
mother 1
mother 1
mother 1
mother 1
mother 1
mother 1
mother 1
mother 1
mother 1
mother 1
mother 1
mother 1
mother 1
mother 1
mother 1
mother 1
mother 1
mother 1
mother 1
mother 1
mother 1
mother 1
mother 1
mother 1
mother 1
mother 1
mother 1
mother 1
mother 1
mother 1
mother 1
mother 1
mother 1
mother 1
mother 1
mother 1
mother 1
mother 1
mother 1
mother 1
mother 1
mother 1
mother 1
mother 1
mother 1
mother 1
mother 1
mother 1
mother 1
mother 1
mother 1
mother 1
mother 1
mother 1
mother 1
mother 1
mother 1
mother 1
mother 1
mother 1
mother 1
mother 1
mother 1
mother 1
mother 1
mother 1
mother 1
mother 1
mother 1
mother 1
mother 1
mother 1
mother 1
mother 1
mother 1
mother 1
mother 1
mother 1
mother 1
mother 1
mother 1
mother 1
mother 1
mother 1
mother 1
mother 1
mother 1
mother 1
mother 1
mother 1
mother 1
mother 1
mother 1
mother 1
mother 1
mother 1
mother 1
mother 1
motionless 1
music 1
music 1
music 1
music 1
musician 1
musician 1
musician 1
musician 1
musician 1
musician 1
musing 1
needed 1
needed 1
net 1
newly 1
newly 1
nimble 1
nimble 1
no 1
no 1
no 1
no 1
no 1
no 1
no 1
no 1
no 1
no 1
no 1
no 1
no 1
no 1
no 1
no 1
no 1
no 1
no 1
no 1
no 1
no 1
no 1
no 1
no 1
no 1
no 1
no 1
no 1
no 1
no 1
no 1
no 1
no 1
no 1
no 1
no 1
no 1
no 1
no 1
no 1
no 1
no 1
no 1
no 1
no 1
no 1
no 1
no 1
no 1
no 1
no 1
no 1
no 1
no 1
no 1
no 1
no 1
no 1
no 1
no 1
no 1
no 1
no 1
no 1
no 1
no 1
no 1
no 1
no 1
no 1
no 1
no 1
no 1
no 1
no 1
no 1
no 1
no 1
no 1
no 1
no 1
no 1
no 1
no 1
no 1
no 1
no 1
no 1
no 1
no 1
no 1
no 1
no 1
no 1
no 1
no 1
no 1
no 1
no 1
no 1
no 1
no 1
no 1
no 1
no 1
no 1
no 1
no 1
no 1
no 1
no 1
no 1
no 1
no 1
no 1
no 1
no 1
no 1
no 1
no 1
no 1
no 1
no 1
no 1
no 1
no 1
no 1
no 1
no 1
no 1
no 1
no 1
no 1
no 1
no 1
no 1
no 1
no 1
no 1
no 1
no 1
no 1
no 1
no 1
no 1
no 1
no 1
no 1
no 1
no 1
no 1
no 1
no 1
no 1
no 1
no 1
no 1
no 1
no 1
no 1
no 1
no 1
no 1
no 1
no 1
no 1
no 1
no 1
no 1
no 1
no 1
no 1
no 1
no 1
no 1
no 1
no 1
no 1
no 1
no 1
no 1
no 1
no 1
no 1
no 1
no 1
no 1
no 1
no 1
no 1
no 1
no 1
no 1
no 1
no 1
no 1
no 1
no 1
no 1
no 1
no 1
no 1
no 1
no 1
no 1
no 1
no 1
no 1
no 1
no 1
no 1
no 1
no 1
no 1
no 1
no 1
no 1
no 1
no 1
no 1
no 1
no 1
no 1
no 1
no 1
no 1
no 1
no 1
no 1
no 1
no 1
no 1
no 1
no 1
no 1
no 1
no 1
no 1
no 1
no 1
no 1
no 1
no 1
no 1
no 1
no 1
no 1
no 1
no 1
no 1
no 1
no 1
no 1
no 1
no 1
no 1
no 1
no 1
no 1
no 1
no 1
no 1
no 1
no 1
no 1
no 1
no 1
no 1
no 1
no 1
no 1
no 1
no 1
nor 1
nor 1
nor 1
nor 1
nor 1
nor 1
nor 1
nor 1
nor 1
nor 1
nor 1
nor 1
nor 1
nor 1
nor 1
nor 1
nor 1
nor 1
nor 1
notes 1
nudged 1
nudged 1
number 1
number 1
number 1
number 1
number 1
number 1
offered 1
offered 1
offered 1
offered 1
offered 1
offered 1
offered 1
oh 1
old 1
old 1
old 1
old 1
old 1
old 1
old 1
old 1
old 1
old 1
old 1
old 1
old 1
old 1
old 1
old 1
old 1
old 1
old 1
old 1
old 1
old 1
old 1
old 1
old 1
old 1
old 1
old 1
old 1
old 1
old 1
old 1
old 1
old 1
old 1
old 1
old 1
old 1
old 1
old 1
old 1
old 1
old 1
old 1
old 1
old 1
old 1
old 1
old 1
old 1
old 1
old 1
old 1
old 1
old 1
old 1
old 1
old 1
old 1
old 1
old 1
old 1
old 1
old 1
old 1
old 1
old 1
old 1
old 1
old 1
old 1
old 1
old 1
old 1
old 1
old 1
old 1
old 1
old 1
old 1
old 1
old 1
old 1
old 1
old 1
old 1
old 1
old 1
old 1
old 1
old 1
old 1
old 1
old 1
old 1
old 1
old 1
old 1
old 1
old 1
old 1
old 1
old 1
old 1
old 1
old 1
old 1
old 1
old 1
old 1
old 1
old 1
old 1
old 1
old 1
old 1
old 1
old 1
old 1
old 1
old 1
old 1
old 1
old 1
old 1
old 1
old 1
old 1
old 1
old 1
old 1
old 1
old 1
old 1
old 1
old 1
old 1
old 1
old 1
old 1
old 1
old 1
old 1
old 1
old 1
old 1
old 1
old 1
old 1
old 1
old 1
old 1
old 1
old 1
old 1
old 1
old 1
old 1
old 1
old 1
old 1
old 1
old 1
old 1
old 1
old 1
old 1
old 1
old 1
old 1
old 1
old 1
old 1
old 1
old 1
old 1
old 1
old 1
old 1
old 1
old 1
old 1
old 1
old 1
old 1
old 1
old 1
old 1
old 1
old 1
old 1
old 1
old 1
old 1
old 1
old 1
old 1
old 1
old 1
old 1
old 1
ones 1
ones 1
ones 1
ones 1
ones 1
ones 1
ones 1
or 1
or 1
or 1
or 1
or 1
or 1
or 1
or 1
or 1
or 1
or 1
or 1
or 1
or 1
or 1
or 1
or 1
or 1
or 1
or 1
or 1
or 1
or 1
or 1
or 1
or 1
or 1
or 1
or 1
or 1
or 1
or 1
or 1
or 1
or 1
or 1
or 1
or 1
or 1
or 1
or 1
or 1
or 1
or 1
or 1
or 1
or 1
or 1
or 1
or 1
or 1
or 1
or 1
or 1
or 1
or 1
or 1
or 1
or 1
or 1
or 1
or 1
or 1
or 1
or 1
or 1
or 1
or 1
or 1
or 1
or 1
or 1
or 1
or 1
or 1
or 1
or 1
or 1
or 1
or 1
or 1
or 1
or 1
or 1
or 1
or 1
or 1
or 1
or 1
or 1
or 1
or 1
or 1
or 1
or 1
or 1
or 1
or 1
or 1
or 1
or 1
or 1
or 1
or 1
or 1
or 1
or 1
or 1
or 1
or 1
or 1
or 1
or 1
or 1
or 1
or 1
or 1
or 1
or 1
or 1
or 1
or 1
or 1
or 1
or 1
or 1
or 1
or 1
or 1
or 1
or 1
or 1
or 1
or 1
or 1
or 1
or 1
or 1
or 1
or 1
or 1
or 1
or 1
or 1
or 1
or 1
or 1
or 1
or 1
or 1
or 1
or 1
or 1
or 1
or 1
or 1
or 1
or 1
or 1
or 1
or 1
or 1
or 1
or 1
or 1
or 1
or 1
or 1
or 1
or 1
or 1
or 1
or 1
or 1
or 1
or 1
or 1
or 1
or 1
or 1
or 1
or 1
or 1
or 1
or 1
or 1
or 1
or 1
or 1
or 1
or 1
or 1
or 1
or 1
or 1
or 1
or 1
organized 1
others 1
others 1
others 1
others 1
others 1
others 1
others 1
others 1
others 1
others 1
others 1
others 1
others 1
others 1
others 1
others 1
others 1
others 1
others 1
others 1
others 1
others 1
others 1
others 1
outer 1
overlooking 1
overrun 1
owed 1
owner 1
owner 1
owner 1
owner 1
owner 1
pace 1
pan 1
pan 1
pan 1
pan 1
panes 1
parley 1
part 1
part 1
part 1
part 1
part 1
part 1
part 1
part 1
part 1
part 1
part 1
part 1
part 1
part 1
part 1
part 1
part 1
part 1
part 1
part 1
part 1
passages 1
password 1
pebbles 1
pebbles 1
pebbles 1
pebbles 1
pebbles 1
phrase 1
phrase 1
phrase 1
phrase 1
pillow 1
pillow 1
pillow 1
pillow 1
pillow 1
pillow 1
pillow 1
pillow 1
pillow 1
pillow 1
pillow 1
pillow 1
place 1
place 1
place 1
place 1
place 1
place 1
place 1
place 1
place 1
place 1
place 1
place 1
place 1
place 1
place 1
place 1
place 1
place 1
place 1
place 1
place 1
place 1
place 1
place 1
place 1
place 1
place 1
place 1
place 1
place 1
place 1
place 1
place 1
place 1
place 1
place 1
place 1
place 1
place 1
place 1
place 1
place 1
place 1
pointed 1
pointed 1
pointed 1
poisoned 1
poisoned 1
poisoned 1
poisoned 1
poisoned 1
poisoned 1
profits 1
promoting 1
promoting 1
promotion 1
properly 1
properly 1
properly 1
properly 1
properly 1
properly 1
proprietary 1
pull 1
pull 1
pull 1
pull 1
pull 1
pull 1
pull 1
pulling 1
pulling 1
pulling 1
pulling 1
punishment 1
punishment 1
purest 1
qualities 1
quarters 1
quarters 1
quarters 1
quarters 1
quarters 1
quilt 1
rake 1
rake 1
rake 1
rarest 1
rascally 1
rascals 1
rascals 1
rays 1
rays 1
rays 1
related 1
related 1
released 1
relented 1
remorse 1
restrictions 1
restrictions 1
returned 1
returned 1
returned 1
returned 1
returned 1
returned 1
returned 1
returned 1
returned 1
returned 1
returned 1
returned 1
reverence 1
rick 1
ridiculed 1
roaming 1
roaming 1
roast 1
roast 1
roast 1
roast 1
roast 1
roast 1
roast 1
roast 1
roast 1
roast 1
robbery 1
robbing 1
roguery 1
roguery 1
roguery 1
roguery 1
roll 1
roll 1
roll 1
roving 1
rows 1
sackful 1
sadness 1
safer 1
sausage 1
sausage 1
sausage 1
sausage 1
sausage 1
sausage 1
sausage 1
sausage 1
sausage 1
sausage 1
sausage 1
savage 1
say 1
say 1
say 1
say 1
say 1
say 1
say 1
say 1
say 1
say 1
say 1
say 1
say 1
say 1
say 1
say 1
say 1
say 1
say 1
say 1
say 1
say 1
say 1
say 1
say 1
say 1
say 1
say 1
say 1
say 1
say 1
say 1
say 1
say 1
say 1
say 1
say 1
say 1
say 1
say 1
say 1
say 1
say 1
say 1
say 1
say 1
say 1
say 1
say 1
say 1
say 1
say 1
say 1
say 1
scent 1
scent 1
scent 1
scent 1
schools 1
scissors 1
scissors 1
scissors 1
scissors 1
scissors 1
scrambled 1
scrambled 1
scream 1
scream 1
scream 1
secure 1
seeks 1
seeks 1
seeks 1
separate 1
separate 1
servant 1
servant 1
servant 1
servant 1
servant 1
servant 1
servant 1
servant 1
servant 1
servant 1
servant 1
servant 1
servant 1
servant 1
servant 1
servant 1
servant 1
servant 1
servant 1
servant 1
servant 1
servant 1
servant 1
servant 1
servant 1
servant 1
servant 1
servant 1
servant 1
servant 1
servant 1
servant 1
servant 1
servant 1
servant 1
servant 1
servant 1
settle 1
settle 1
seventh 1
seventh 1
seventh 1
seventh 1
seventh 1
seventh 1
sew 1
sew 1
shakes 1
shivering 1
show 1
show 1
show 1
show 1
show 1
show 1
show 1
show 1
show 1
show 1
show 1
show 1
show 1
show 1
show 1
show 1
show 1
shrewd 1
sickle 1
sight 1
sight 1
sight 1
sight 1
sight 1
sight 1
sight 1
sight 1
sight 1
sight 1
sight 1
sight 1
sight 1
sight 1
sight 1
sign 1
sign 1
silver 1
silver 1
silver 1
silver 1
silver 1
silver 1
silver 1
silver 1
silver 1
silver 1
silver 1
silver 1
silver 1
silver 1
silver 1
silver 1
silver 1
silver 1
silver 1
silver 1
silver 1
silver 1
silver 1
silver 1
sixty 1
sixty 1
skin 1
skin 1
skin 1
skin 1
skin 1
skin 1
skin 1
skin 1
skin 1
skin 1
skin 1
skin 1
skin 1
skin 1
skin 1
skin 1
skin 1
skin 1
skin 1
skin 1
skin 1
skin 1
skin 1
skin 1
skin 1
skin 1
skin 1
skin 1
skin 1
slaughter 1
sleep 1
sleep 1
sleep 1
sleep 1
sleep 1
sleep 1
sleep 1
sleep 1
sleep 1
sleep 1
sleep 1
sleep 1
sleep 1
sleep 1
sleep 1
sleep 1
sleep 1
sleep 1
sleep 1
sleep 1
sleep 1
sleep 1
sleep 1
sleep 1
sleep 1
sleep 1
sleep 1
sleep 1
sleep 1
sleep 1
sleep 1
sleep 1
sleep 1
sleep 1
sleep 1
sleep 1
sleep 1
sleep 1
sleep 1
sleep 1
slender 1
slipper 1
slipper 1
slipper 1
slipper 1
slipper 1
slipper 1
slipper 1
slipper 1
smart 1
smart 1
smart 1
smart 1
smart 1
smelt 1
smelt 1
smith 1
snips 1
snips 1
snowflakes 1
snowflakes 1
soldiers 1
soldiers 1
soldiers 1
soldiers 1
soldiers 1
soldiers 1
soldiers 1
soldiers 1
sole 1
sole 1
soothsayer 1
sorrows 1
sorrows 1
soup 1
soup 1
soup 1
soup 1
soup 1
soup 1
soup 1
soup 1
soup 1
soup 1
soup 1
soup 1
spare 1
spare 1
spare 1
spare 1
spare 1
sparkling 1
sparkling 1
sparkling 1
speed 1
spindle 1
spindle 1
spindle 1
spindle 1
spindle 1
spindle 1
spindle 1
spindle 1
spindle 1
spindle 1
spirit 1
spirit 1
spirit 1
spirit 1
sprang 1
sprang 1
sprang 1
sprang 1
sprang 1
sprang 1
sprang 1
sprang 1
sprang 1
sprang 1
sprang 1
sprang 1
sprang 1
sprang 1
sprang 1
sprang 1
sprang 1
sprang 1
sprang 1
sprang 1
sprang 1
sprang 1
sprang 1
sprang 1
sprang 1
sprang 1
sprang 1
sprang 1
sprang 1
sprang 1
sprang 1
sprang 1
sprang 1
sprang 1
sprang 1
sprang 1
sprang 1
sprang 1
sprang 1
sprang 1
sprang 1
sprang 1
sprang 1
sprang 1
spread 1
spread 1
spread 1
spread 1
spread 1
spread 1
spread 1
spread 1
spread 1
sprung 1
stair 1
starry 1
started 1
started 1
started 1
started 1
started 1
started 1
stationed 1
steal 1
steal 1
steal 1
steal 1
steel 1
stepped 1
stepped 1
stepped 1
stepped 1
stepped 1
stored 1
stored 1
stored 1
stories 1
stories 1
strangely 1
strangers 1
strangers 1
strangers 1
strength 1
strength 1
strength 1
strength 1
strength 1
strength 1
strength 1
strength 1
strength 1
strength 1
strength 1
strength 1
strength 1
strength 1
strength 1
striking 1
string 1
string 1
string 1
stupid 1
stupid 1
stupid 1
stupid 1
stupid 1
successfully 1
sufficiently 1
suit 1
suit 1
suit 1
suit 1
sunshine 1
surrounded 1
surrounded 1
suspecting 1
sworn 1
syrup 1
tablets 1
tailoring 1
tailoring 1
taken 1
taken 1
taken 1
taken 1
taken 1
taken 1
taken 1
taken 1
taken 1
taken 1
taken 1
taken 1
taken 1
taken 1
taken 1
taken 1
taken 1
taken 1
taken 1
taken 1
taken 1
taken 1
taken 1
taken 1
taken 1
taken 1
taken 1
taken 1
taken 1
taken 1
taken 1
tallest 1
tallest 1
taste 1
taste 1
taste 1
taste 1
taste 1
taste 1
taste 1
taste 1
taste 1
taught 1
tenderly 1
than 1
than 1
than 1
than 1
than 1
than 1
than 1
than 1
than 1
than 1
than 1
than 1
than 1
than 1
than 1
than 1
than 1
than 1
than 1
than 1
than 1
than 1
than 1
than 1
than 1
than 1
than 1
than 1
than 1
than 1
than 1
than 1
than 1
than 1
than 1
than 1
than 1
than 1
than 1
than 1
than 1
than 1
than 1
than 1
than 1
than 1
than 1
than 1
than 1
than 1
than 1
than 1
than 1
than 1
than 1
than 1
than 1
than 1
than 1
than 1
than 1
than 1
than 1
than 1
than 1
than 1
than 1
than 1
than 1
than 1
than 1
than 1
than 1
than 1
than 1
than 1
than 1
than 1
than 1
than 1
than 1
than 1
than 1
than 1
than 1
than 1
than 1
than 1
than 1
than 1
than 1
than 1
than 1
than 1
than 1
than 1
than 1
than 1
than 1
than 1
than 1
than 1
than 1
than 1
than 1
thanked 1
thanked 1
thanked 1
thanked 1
thanked 1
thanked 1
thanked 1
thence 1
thence 1
thin 1
thin 1
things 1
things 1
things 1
things 1
things 1
things 1
things 1
things 1
things 1
things 1
things 1
things 1
things 1
things 1
things 1
things 1
things 1
things 1
things 1
things 1
things 1
things 1
things 1
things 1
things 1
things 1
things 1
things 1
things 1
things 1
things 1
things 1
things 1
things 1
things 1
things 1
things 1
things 1
things 1
thorn 1
thriving 1
thyself 1
tilt 1
tilt 1
to 1
to 1
to 1
to 1
to 1
to 1
to 1
to 1
to 1
to 1
to 1
to 1
to 1
to 1
to 1
to 1
to 1
to 1
to 1
to 1
to 1
to 1
to 1
to 1
to 1
to 1
to 1
to 1
to 1
to 1
to 1
to 1
to 1
to 1
to 1
to 1
to 1
to 1
to 1
to 1
to 1
to 1
to 1
to 1
to 1
to 1
to 1
to 1
to 1
to 1
to 1
to 1
to 1
to 1
to 1
to 1
to 1
to 1
to 1
to 1
to 1
to 1
to 1
to 1
to 1
to 1
to 1
to 1
to 1
to 1
to 1
to 1
to 1
to 1
to 1
to 1
to 1
to 1
to 1
to 1
to 1
to 1
to 1
to 1
to 1
to 1
to 1
to 1
to 1
to 1
to 1
to 1
to 1
to 1
to 1
to 1
to 1
to 1
to 1
to 1
to 1
to 1
to 1
to 1
to 1
to 1
to 1
to 1
to 1
to 1
to 1
to 1
to 1
to 1
to 1
to 1
to 1
to 1
to 1
to 1
to 1
to 1
to 1
to 1
to 1
to 1
to 1
to 1
to 1
to 1
to 1
to 1
to 1
to 1
to 1
to 1
to 1
to 1
to 1
to 1
to 1
to 1
to 1
to 1
to 1
to 1
to 1
to 1
to 1
to 1
to 1
to 1
to 1
to 1
to 1
to 1
to 1
to 1
to 1
to 1
to 1
to 1
to 1
to 1
to 1
to 1
to 1
to 1
to 1
to 1
to 1
to 1
to 1
to 1
to 1
to 1
to 1
to 1
to 1
to 1
to 1
to 1
to 1
to 1
to 1
to 1
to 1
to 1
to 1
to 1
to 1
to 1
to 1
to 1
to 1
to 1
to 1
to 1
to 1
to 1
to 1
to 1
to 1
to 1
to 1
to 1
to 1
to 1
to 1
to 1
to 1
to 1
to 1
to 1
to 1
to 1
to 1
to 1
to 1
to 1
to 1
to 1
to 1
to 1
to 1
to 1
to 1
to 1
to 1
to 1
to 1
to 1
to 1
to 1
to 1
to 1
to 1
to 1
to 1
to 1
to 1
to 1
to 1
to 1
to 1
to 1
to 1
to 1
to 1
to 1
to 1
to 1
to 1
to 1
to 1
to 1
to 1
to 1
to 1
to 1
to 1
to 1
to 1
to 1
to 1
to 1
to 1
to 1
to 1
to 1
to 1
to 1
to 1
to 1
to 1
to 1
to 1
to 1
to 1
to 1
to 1
to 1
to 1
to 1
to 1
to 1
to 1
to 1
to 1
to 1
to 1
to 1
to 1
to 1
to 1
to 1
to 1
to 1
to 1
to 1
to 1
to 1
to 1
to 1
to 1
to 1
to 1
to 1
to 1
to 1
to 1
to 1
to 1
to 1
to 1
to 1
to 1
to 1
to 1
to 1
to 1
to 1
to 1
to 1
to 1
to 1
to 1
to 1
to 1
to 1
to 1
to 1
to 1
to 1
to 1
to 1
to 1
to 1
to 1
to 1
to 1
to 1
to 1
to 1
to 1
to 1
to 1
to 1
to 1
to 1
to 1
to 1
to 1
to 1
to 1
to 1
to 1
to 1
to 1
to 1
to 1
to 1
to 1
to 1
to 1
to 1
to 1
to 1
to 1
to 1
to 1
to 1
to 1
to 1
to 1
to 1
to 1
to 1
to 1
to 1
to 1
to 1
to 1
to 1
to 1
to 1
to 1
to 1
to 1
to 1
to 1
to 1
to 1
to 1
to 1
to 1
to 1
to 1
to 1
to 1
to 1
to 1
to 1
to 1
to 1
to 1
to 1
to 1
to 1
to 1
to 1
to 1
to 1
to 1
to 1
to 1
to 1
to 1
to 1
to 1
to 1
to 1
to 1
to 1
to 1
to 1
to 1
to 1
to 1
to 1
to 1
to 1
to 1
to 1
to 1
to 1
to 1
to 1
to 1
to 1
to 1
to 1
to 1
to 1
to 1
to 1
to 1
to 1
to 1
to 1
to 1
to 1
to 1
to 1
to 1
to 1
to 1
to 1
to 1
to 1
to 1
to 1
to 1
to 1
to 1
to 1
to 1
to 1
to 1
to 1
to 1
to 1
to 1
to 1
to 1
to 1
to 1
to 1
to 1
to 1
to 1
to 1
to 1
to 1
to 1
to 1
to 1
to 1
to 1
to 1
to 1
to 1
to 1
to 1
to 1
to 1
to 1
to 1
to 1
to 1
to 1
to 1
to 1
to 1
to 1
to 1
to 1
to 1
to 1
to 1
to 1
to 1
to 1
to 1
to 1
to 1
to 1
to 1
to 1
to 1
to 1
to 1
to 1
to 1
to 1
to 1
to 1
to 1
to 1
to 1
to 1
to 1
to 1
to 1
to 1
to 1
to 1
to 1
to 1
to 1
to 1
to 1
to 1
to 1
to 1
to 1
to 1
to 1
to 1
to 1
to 1
to 1
to 1
to 1
to 1
to 1
to 1
to 1
to 1
to 1
to 1
to 1
to 1
to 1
to 1
to 1
to 1
to 1
to 1
to 1
to 1
to 1
to 1
to 1
to 1
to 1
to 1
to 1
to 1
to 1
to 1
to 1
to 1
to 1
to 1
to 1
to 1
to 1
to 1
to 1
to 1
to 1
to 1
to 1
to 1
to 1
to 1
to 1
to 1
to 1
to 1
to 1
to 1
to 1
to 1
to 1
to 1
to 1
to 1
to 1
to 1
to 1
to 1
to 1
to 1
to 1
to 1
to 1
to 1
to 1
to 1
to 1
to 1
to 1
to 1
to 1
to 1
to 1
to 1
to 1
to 1
to 1
to 1
to 1
to 1
to 1
to 1
to 1
to 1
to 1
to 1
to 1
to 1
to 1
to 1
to 1
to 1
to 1
to 1
to 1
to 1
to 1
to 1
to 1
to 1
to 1
to 1
to 1
to 1
to 1
to 1
to 1
to 1
to 1
to 1
to 1
to 1
to 1
to 1
to 1
to 1
to 1
to 1
to 1
to 1
to 1
to 1
to 1
to 1
to 1
to 1
to 1
to 1
to 1
to 1
to 1
to 1
to 1
to 1
to 1
to 1
to 1
to 1
to 1
to 1
to 1
to 1
to 1
to 1
to 1
to 1
to 1
to 1
to 1
to 1
to 1
to 1
to 1
to 1
to 1
to 1
to 1
to 1
to 1
to 1
to 1
to 1
to 1
to 1
to 1
to 1
to 1
to 1
to 1
to 1
to 1
to 1
to 1
to 1
to 1
to 1
to 1
to 1
to 1
to 1
to 1
to 1
to 1
to 1
to 1
to 1
to 1
to 1
to 1
to 1
to 1
to 1
to 1
to 1
to 1
to 1
to 1
to 1
to 1
to 1
to 1
to 1
to 1
to 1
to 1
to 1
to 1
to 1
to 1
to 1
to 1
to 1
to 1
to 1
to 1
to 1
to 1
to 1
to 1
to 1
to 1
to 1
to 1
to 1
to 1
to 1
to 1
to 1
to 1
to 1
to 1
to 1
to 1
to 1
to 1
to 1
to 1
to 1
to 1
to 1
to 1
to 1
to 1
to 1
to 1
to 1
to 1
to 1
to 1
to 1
to 1
to 1
to 1
to 1
to 1
to 1
to 1
to 1
to 1
to 1
to 1
to 1
to 1
to 1
to 1
to 1
to 1
to 1
to 1
to 1
to 1
to 1
to 1
to 1
to 1
to 1
to 1
to 1
to 1
to 1
to 1
to 1
to 1
to 1
to 1
to 1
to 1
to 1
to 1
to 1
to 1
to 1
to 1
to 1
to 1
to 1
to 1
to 1
to 1
to 1
to 1
to 1
to 1
to 1
to 1
to 1
to 1
to 1
to 1
to 1
to 1
to 1
to 1
to 1
to 1
to 1
to 1
to 1
to 1
to 1
to 1
to 1
to 1
to 1
to 1
to 1
to 1
to 1
to 1
to 1
to 1
to 1
to 1
to 1
to 1
to 1
to 1
to 1
to 1
to 1
to 1
to 1
to 1
to 1
to 1
to 1
to 1
to 1
to 1
to 1
to 1
to 1
to 1
to 1
to 1
to 1
to 1
to 1
to 1
to 1
to 1
to 1
to 1
to 1
to 1
to 1
to 1
to 1
to 1
to 1
to 1
to 1
to 1
to 1
to 1
to 1
to 1
to 1
to 1
to 1
to 1
to 1
to 1
to 1
to 1
to 1
to 1
to 1
to 1
to 1
to 1
to 1
to 1
to 1
to 1
to 1
to 1
to 1
to 1
to 1
to 1
to 1
to 1
to 1
to 1
to 1
to 1
to 1
to 1
to 1
to 1
to 1
to 1
to 1
to 1
to 1
to 1
to 1
to 1
to 1
to 1
to 1
to 1
to 1
to 1
to 1
to 1
to 1
to 1
to 1
to 1
to 1
to 1
to 1
to 1
to 1
to 1
to 1
to 1
to 1
to 1
to 1
to 1
to 1
to 1
to 1
to 1
to 1
to 1
to 1
to 1
to 1
to 1
to 1
to 1
to 1
to 1
to 1
to 1
to 1
to 1
to 1
to 1
to 1
to 1
to 1
to 1
to 1
to 1
to 1
to 1
to 1
to 1
to 1
to 1
to 1
to 1
to 1
to 1
to 1
to 1
to 1
to 1
to 1
to 1
to 1
to 1
to 1
to 1
to 1
to 1
to 1
to 1
to 1
to 1
to 1
to 1
to 1
to 1
to 1
to 1
to 1
to 1
to 1
to 1
to 1
to 1
to 1
to 1
to 1
to 1
to 1
to 1
to 1
to 1
to 1
to 1
to 1
to 1
to 1
to 1
to 1
to 1
to 1
to 1
to 1
to 1
to 1
to 1
to 1
to 1
to 1
to 1
to 1
to 1
to 1
to 1
to 1
to 1
to 1
to 1
to 1
to 1
to 1
to 1
to 1
to 1
to 1
to 1
to 1
to 1
to 1
to 1
to 1
to 1
to 1
to 1
to 1
to 1
to 1
to 1
to 1
to 1
to 1
to 1
to 1
to 1
to 1
to 1
to 1
to 1
to 1
to 1
to 1
to 1
to 1
to 1
to 1
to 1
to 1
to 1
to 1
to 1
to 1
to 1
to 1
to 1
to 1
to 1
to 1
to 1
to 1
to 1
to 1
to 1
to 1
to 1
to 1
to 1
to 1
to 1
to 1
to 1
to 1
to 1
to 1
to 1
to 1
to 1
to 1
to 1
to 1
to 1
to 1
to 1
to 1
to 1
to 1
to 1
to 1
to 1
to 1
to 1
to 1
to 1
to 1
to 1
to 1
to 1
to 1
to 1
to 1
to 1
to 1
to 1
to 1
to 1
to 1
to 1
to 1
to 1
to 1
to 1
to 1
to 1
to 1
to 1
to 1
to 1
to 1
to 1
to 1
to 1
to 1
to 1
to 1
to 1
to 1
to 1
to 1
to 1
to 1
to 1
to 1
to 1
to 1
to 1
to 1
to 1
to 1
to 1
to 1
to 1
to 1
to 1
to 1
to 1
to 1
to 1
to 1
to 1
to 1
to 1
to 1
to 1
to 1
to 1
to 1
to 1
to 1
to 1
to 1
to 1
to 1
to 1
to 1
to 1
to 1
to 1
to 1
to 1
to 1
to 1
to 1
to 1
to 1
to 1
to 1
to 1
to 1
to 1
to 1
to 1
to 1
to 1
to 1
to 1
to 1
to 1
to 1
to 1
to 1
to 1
to 1
to 1
to 1
to 1
to 1
to 1
to 1
to 1
to 1
to 1
to 1
to 1
to 1
to 1
to 1
to 1
to 1
to 1
to 1
to 1
to 1
to 1
to 1
to 1
to 1
to 1
to 1
to 1
to 1
to 1
to 1
to 1
to 1
to 1
to 1
to 1
to 1
to 1
to 1
to 1
to 1
to 1
to 1
to 1
to 1
to 1
to 1
to 1
to 1
to 1
to 1
to 1
to 1
to 1
to 1
to 1
to 1
to 1
to 1
to 1
to 1
to 1
to 1
to 1
to 1
to 1
to 1
to 1
to 1
to 1
to 1
to 1
to 1
to 1
to 1
to 1
to 1
to 1
to 1
to 1
to 1
to 1
to 1
to 1
to 1
to 1
to 1
to 1
to 1
to 1
to 1
to 1
to 1
to 1
to 1
to 1
to 1
to 1
to 1
to 1
to 1
to 1
to 1
to 1
to 1
to 1
to 1
to 1
to 1
to 1
to 1
to 1
to 1
to 1
to 1
to 1
to 1
to 1
to 1
to 1
to 1
to 1
to 1
to 1
to 1
to 1
to 1
to 1
to 1
to 1
to 1
to 1
to 1
to 1
to 1
to 1
to 1
to 1
to 1
to 1
to 1
to 1
to 1
to 1
to 1
to 1
to 1
to 1
to 1
to 1
to 1
to 1
to 1
to 1
to 1
to 1
to 1
to 1
to 1
to 1
to 1
to 1
to 1
to 1
to 1
to 1
to 1
to 1
to 1
to 1
to 1
to 1
to 1
to 1
to 1
to 1
to 1
to 1
to 1
to 1
to 1
to 1
to 1
to 1
to 1
to 1
to 1
to 1
to 1
to 1
to 1
to 1
to 1
to 1
to 1
to 1
to 1
to 1
to 1
to 1
to 1
to 1
to 1
to 1
to 1
to 1
to 1
to 1
to 1
to 1
to 1
to 1
to 1
to 1
to 1
to 1
to 1
to 1
to 1
to 1
to 1
to 1
to 1
to 1
to 1
to 1
to 1
to 1
to 1
to 1
to 1
to 1
to 1
to 1
to 1
to 1
to 1
to 1
to 1
to 1
to 1
to 1
to 1
to 1
to 1
to 1
to 1
to 1
to 1
to 1
to 1
to 1
to 1
to 1
to 1
to 1
to 1
to 1
to 1
to 1
to 1
to 1
to 1
to 1
to 1
to 1
to 1
to 1
to 1
to 1
to 1
to 1
to 1
to 1
to 1
to 1
to 1
to 1
to 1
to 1
to 1
to 1
to 1
to 1
to 1
to 1
to 1
to 1
to 1
to 1
to 1
to 1
to 1
to 1
to 1
to 1
to 1
to 1
to 1
to 1
to 1
to 1
to 1
to 1
to 1
to 1
to 1
to 1
to 1
to 1
to 1
to 1
to 1
to 1
to 1
to 1
to 1
to 1
to 1
to 1
to 1
to 1
to 1
to 1
to 1
to 1
to 1
to 1
to 1
to 1
to 1
to 1
to 1
to 1
to 1
to 1
to 1
to 1
to 1
to 1
to 1
to 1
to 1
to 1
to 1
to 1
to 1
to 1
to 1
to 1
to 1
to 1
to 1
to 1
to 1
to 1
to 1
to 1
to 1
to 1
to 1
to 1
to 1
to 1
to 1
to 1
to 1
to 1
to 1
to 1
to 1
to 1
to 1
to 1
to 1
to 1
to 1
to 1
to 1
to 1
to 1
to 1
to 1
to 1
to 1
to 1
to 1
to 1
to 1
to 1
to 1
to 1
to 1
to 1
to 1
to 1
to 1
to 1
to 1
to 1
to 1
to 1
to 1
to 1
to 1
to 1
to 1
to 1
to 1
to 1
to 1
to 1
to 1
to 1
to 1
to 1
to 1
to 1
to 1
to 1
to 1
to 1
to 1
to 1
to 1
to 1
to 1
to 1
to 1
to 1
to 1
to 1
to 1
to 1
to 1
to 1
to 1
to 1
to 1
to 1
to 1
to 1
to 1
to 1
to 1
to 1
to 1
to 1
to 1
to 1
to 1
to 1
to 1
to 1
to 1
to 1
to 1
to 1
to 1
to 1
to 1
to 1
to 1
to 1
to 1
to 1
to 1
to 1
to 1
to 1
to 1
to 1
to 1
to 1
to 1
to 1
to 1
to 1
to 1
to 1
to 1
to 1
to 1
to 1
to 1
to 1
to 1
to 1
to 1
to 1
to 1
to 1
to 1
to 1
to 1
to 1
to 1
to 1
to 1
to 1
to 1
to 1
to 1
to 1
to 1
to 1
to 1
to 1
to 1
to 1
to 1
to 1
to 1
to 1
to 1
to 1
to 1
to 1
to 1
to 1
to 1
to 1
to 1
to 1
to 1
to 1
to 1
to 1
to 1
to 1
to 1
to 1
to 1
to 1
to 1
to 1
to 1
to 1
to 1
to 1
to 1
to 1
to 1
to 1
to 1
to 1
to 1
to 1
to 1
to 1
to 1
to 1
to 1
to 1
to 1
to 1
to 1
to 1
to 1
to 1
to 1
to 1
to 1
to 1
to 1
to 1
to 1
to 1
to 1
to 1
to 1
to 1
to 1
to 1
to 1
to 1
to 1
to 1
to 1
to 1
to 1
to 1
to 1
to 1
to 1
to 1
to 1
to 1
to 1
to 1
to 1
to 1
to 1
to 1
to 1
to 1
to 1
to 1
to 1
to 1
to 1
to 1
to 1
to 1
to 1
to 1
to 1
to 1
to 1
to 1
to 1
to 1
to 1
to 1
to 1
to 1
to 1
to 1
to 1
to 1
to 1
to 1
to 1
to 1
to 1
to 1
to 1
to 1
to 1
to 1
to 1
to 1
to 1
to 1
to 1
to 1
to 1
to 1
to 1
to 1
to 1
to 1
to 1
to 1
to 1
to 1
to 1
to 1
to 1
to 1
to 1
to 1
to 1
to 1
to 1
to 1
to 1
to 1
to 1
to 1
to 1
to 1
to 1
to 1
to 1
to 1
to 1
to 1
to 1
to 1
to 1
to 1
to 1
to 1
to 1
to 1
to 1
to 1
to 1
to 1
to 1
to 1
to 1
to 1
to 1
to 1
to 1
to 1
to 1
to 1
to 1
to 1
to 1
to 1
to 1
to 1
to 1
to 1
to 1
to 1
to 1
to 1
to 1
to 1
to 1
to 1
to 1
to 1
to 1
to 1
to 1
to 1
to 1
to 1
to 1
to 1
to 1
to 1
to 1
to 1
to 1
to 1
to 1
to 1
to 1
to 1
to 1
to 1
to 1
to 1
to 1
to 1
to 1
to 1
to 1
to 1
to 1
to 1
to 1
to 1
to 1
to 1
to 1
to 1
to 1
to 1
to 1
to 1
to 1
to 1
to 1
to 1
to 1
to 1
to 1
to 1
to 1
to 1
to 1
to 1
to 1
to 1
to 1
to 1
to 1
to 1
to 1
to 1
to 1
to 1
to 1
to 1
to 1
to 1
to 1
to 1
to 1
to 1
to 1
to 1
to 1
to 1
to 1
to 1
to 1
to 1
to 1
to 1
to 1
to 1
to 1
to 1
to 1
to 1
to 1
to 1
to 1
to 1
to 1
to 1
to 1
to 1
to 1
to 1
to 1
to 1
to 1
to 1
to 1
to 1
to 1
to 1
to 1
to 1
to 1
to 1
to 1
to 1
to 1
to 1
to 1
to 1
to 1
to 1
to 1
to 1
to 1
to 1
to 1
to 1
to 1
to 1
to 1
to 1
to 1
to 1
to 1
to 1
to 1
to 1
to 1
to 1
to 1
to 1
to 1
to 1
to 1
to 1
to 1
to 1
to 1
to 1
to 1
to 1
to 1
to 1
to 1
to 1
to 1
to 1
to 1
to 1
to 1
to 1
to 1
to 1
to 1
to 1
to 1
to 1
to 1
to 1
to 1
to 1
to 1
to 1
to 1
to 1
to 1
to 1
to 1
to 1
to 1
to 1
to 1
to 1
to 1
to 1
to 1
to 1
to 1
to 1
to 1
to 1
to 1
to 1
to 1
to 1
to 1
to 1
to 1
to 1
to 1
to 1
to 1
to 1
to 1
to 1
to 1
to 1
to 1
to 1
to 1
to 1
to 1
to 1
to 1
to 1
to 1
to 1
to 1
to 1
to 1
to 1
to 1
to 1
to 1
to 1
to 1
to 1
to 1
to 1
to 1
to 1
to 1
to 1
to 1
to 1
to 1
to 1
to 1
to 1
to 1
to 1
to 1
to 1
to 1
to 1
to 1
to 1
to 1
to 1
to 1
to 1
to 1
to 1
to 1
to 1
to 1
to 1
to 1
to 1
to 1
to 1
to 1
to 1
to 1
to 1
to 1
to 1
to 1
to 1
to 1
to 1
to 1
to 1
to 1
to 1
to 1
to 1
to 1
to 1
to 1
to 1
to 1
to 1
to 1
to 1
to 1
to 1
to 1
to 1
to 1
to 1
to 1
to 1
to 1
to 1
to 1
to 1
to 1
to 1
to 1
to 1
to 1
to 1
to 1
to 1
to 1
to 1
to 1
to 1
to 1
to 1
to 1
to 1
to 1
to 1
to 1
to 1
to 1
to 1
to 1
to 1
to 1
to 1
to 1
to 1
to 1
to 1
to 1
to 1
to 1
to 1
to 1
to 1
to 1
to 1
to 1
to 1
to 1
to 1
to 1
to 1
to 1
to 1
to 1
to 1
to 1
to 1
to 1
to 1
to 1
to 1
to 1
to 1
to 1
to 1
to 1
to 1
to 1
to 1
to 1
to 1
to 1
to 1
to 1
to 1
to 1
to 1
to 1
to 1
to 1
to 1
to 1
to 1
to 1
to 1
to 1
to 1
to 1
to 1
to 1
to 1
to 1
to 1
to 1
to 1
to 1
to 1
to 1
to 1
to 1
to 1
to 1
to 1
to 1
to 1
to 1
to 1
to 1
to 1
to 1
to 1
to 1
to 1
to 1
to 1
to 1
to 1
to 1
to 1
to 1
to 1
to 1
to 1
to 1
to 1
to 1
to 1
to 1
to 1
to 1
to 1
to 1
to 1
to 1
to 1
to 1
to 1
to 1
to 1
to 1
to 1
to 1
to 1
to 1
to 1
to 1
to 1
to 1
to 1
to 1
to 1
to 1
to 1
to 1
to 1
to 1
to 1
to 1
to 1
to 1
to 1
to 1
to 1
to 1
to 1
to 1
to 1
to 1
to 1
to 1
to 1
to 1
to 1
to 1
to 1
to 1
to 1
to 1
to 1
to 1
to 1
to 1
to 1
to 1
to 1
to 1
to 1
to 1
to 1
to 1
to 1
to 1
to 1
to 1
to 1
to 1
to 1
to 1
to 1
to 1
to 1
to 1
to 1
to 1
to 1
to 1
to 1
to 1
to 1
to 1
to 1
to 1
to 1
to 1
to 1
to 1
to 1
to 1
to 1
to 1
to 1
to 1
to 1
to 1
to 1
to 1
to 1
to 1
to 1
to 1
to 1
to 1
to 1
to 1
to 1
to 1
to 1
to 1
to 1
to 1
to 1
to 1
to 1
to 1
to 1
to 1
to 1
to 1
to 1
to 1
to 1
to 1
to 1
to 1
to 1
to 1
to 1
to 1
to 1
to 1
to 1
to 1
to 1
to 1
to 1
to 1
to 1
to 1
to 1
to 1
to 1
to 1
to 1
to 1
to 1
to 1
to 1
to 1
to 1
to 1
to 1
to 1
to 1
to 1
to 1
to 1
to 1
to 1
to 1
to 1
to 1
to 1
to 1
to 1
to 1
to 1
to 1
to 1
to 1
to 1
to 1
to 1
to 1
to 1
to 1
to 1
to 1
to 1
to 1
to 1
to 1
to 1
to 1
to 1
to 1
to 1
to 1
to 1
to 1
to 1
to 1
to 1
to 1
to 1
to 1
to 1
to 1
to 1
to 1
to 1
to 1
to 1
to 1
to 1
to 1
to 1
to 1
to 1
to 1
to 1
to 1
to 1
to 1
to 1
to 1
to 1
to 1
to 1
to 1
to 1
to 1
to 1
to 1
to 1
to 1
to 1
to 1
to 1
to 1
to 1
to 1
to 1
to 1
to 1
to 1
to 1
to 1
to 1
to 1
to 1
to 1
to 1
to 1
to 1
to 1
to 1
to 1
to 1
to 1
to 1
to 1
to 1
to 1
to 1
to 1
to 1
to 1
to 1
to 1
to 1
to 1
to 1
to 1
to 1
to 1
to 1
to 1
to 1
to 1
to 1
to 1
to 1
to 1
to 1
to 1
to 1
to 1
to 1
to 1
to 1
to 1
to 1
to 1
to 1
to 1
to 1
to 1
to 1
to 1
to 1
to 1
to 1
to 1
to 1
to 1
to 1
to 1
to 1
to 1
to 1
to 1
to 1
to 1
to 1
to 1
to 1
to 1
to 1
to 1
to 1
to 1
to 1
to 1
to 1
to 1
to 1
to 1
to 1
to 1
to 1
tobacco 1
today 1
today 1
today 1
today 1
today 1
today 1
today 1
toss 1
tossing 1
towel 1
towel 1
trademark 1
trademark 1
trademark 1
trademark 1
trademark 1
trademark 1
trademark 1
trademark 1
trademark 1
trademark 1
transcribe 1
translation 1
trap 1
trap 1
trap 1
trap 1
travelled 1
travelled 1
travelled 1
travelled 1
travelled 1
travelled 1
travelled 1
travelled 1
travelled 1
treated 1
treated 1
treated 1
trod 1
troops 1
troublesome 1
troublesome 1
trumps 1
trusty 1
trusty 1
try 1
try 1
try 1
try 1
try 1
try 1
try 1
try 1
try 1
try 1
try 1
try 1
try 1
try 1
try 1
try 1
try 1
try 1
try 1
try 1
try 1
try 1
try 1
try 1
try 1
try 1
try 1
try 1
try 1
try 1
try 1
try 1
try 1
try 1
try 1
try 1
try 1
try 1
turning 1
turning 1
turning 1
turning 1
turning 1
twelve 1
twelve 1
twelve 1
twelve 1
twelve 1
twelve 1
twelve 1
twelve 1
twelve 1
twelve 1
twelve 1
twelve 1
twelve 1
twelve 1
twelve 1
twelve 1
twelve 1
twelve 1
twelve 1
twelve 1
twelve 1
twelve 1
twelve 1
twelve 1
twelve 1
twelve 1
twelve 1
twelve 1
twelve 1
twelve 1
twelve 1
twelve 1
twelve 1
twelve 1
twelve 1
twelve 1
twelve 1
twelve 1
twelve 1
twelve 1
unbidden 1
uncertain 1
understood 1
undone 1
undone 1
undone 1
unwilling 1
unwilling 1
unwilling 1
unwilling 1
unwilling 1
upstairs 1
upstairs 1
upstairs 1
upstairs 1
upstairs 1
upstairs 1
upstairs 1
upstairs 1
upstairs 1
upstairs 1
upstairs 1
upstairs 1
upstairs 1
upstairs 1
upstairs 1
urchin 1
urchin 1
urchin 1
utterly 1
value 1
value 1
value 1
veins 1
venture 1
venture 1
venture 1
venture 1
venture 1
venture 1
venture 1
venture 1
ventured 1
visit 1
visit 1
visit 1
visit 1
visit 1
visit 1
visit 1
visit 1
visit 1
visit 1
waddled 1
waking 1
wandering 1
wanted 1
wanted 1
wanted 1
wanted 1
wanted 1
wanted 1
wanted 1
wanted 1
wanted 1
wanted 1
wanted 1
wanted 1
wanted 1
wanted 1
wanted 1
wanted 1
wanted 1
wanted 1
wanted 1
wanted 1
wanted 1
wanted 1
wanted 1
wanted 1
wanted 1
wanted 1
wanted 1
wanted 1
wanted 1
wanted 1
wanted 1
wanted 1
wanted 1
wanted 1
wanted 1
wanted 1
wanted 1
wanted 1
wanted 1
wanted 1
wanted 1
wanted 1
wanted 1
wanted 1
wanted 1
wanted 1
wanted 1
wanted 1
wanted 1
wanted 1
wanted 1
wanted 1
wanted 1
wanted 1
wanted 1
wanted 1
warlike 1
was 1
was 1
was 1
was 1
was 1
was 1
was 1
was 1
was 1
was 1
was 1
was 1
was 1
was 1
was 1
was 1
was 1
was 1
was 1
was 1
was 1
was 1
was 1
was 1
was 1
was 1
was 1
was 1
was 1
was 1
was 1
was 1
was 1
was 1
was 1
was 1
was 1
was 1
was 1
was 1
was 1
was 1
was 1
was 1
was 1
was 1
was 1
was 1
was 1
was 1
was 1
was 1
was 1
was 1
was 1
was 1
was 1
was 1
was 1
was 1
was 1
was 1
was 1
was 1
was 1
was 1
was 1
was 1
was 1
was 1
was 1
was 1
was 1
was 1
was 1
was 1
was 1
was 1
was 1
was 1
was 1
was 1
was 1
was 1
was 1
was 1
was 1
was 1
was 1
was 1
was 1
was 1
was 1
was 1
was 1
was 1
was 1
was 1
was 1
was 1
was 1
was 1
was 1
was 1
was 1
was 1
was 1
was 1
was 1
was 1
was 1
was 1
was 1
was 1
was 1
was 1
was 1
was 1
was 1
was 1
was 1
was 1
was 1
was 1
was 1
was 1
was 1
was 1
was 1
was 1
was 1
was 1
was 1
was 1
was 1
was 1
was 1
was 1
was 1
was 1
was 1
was 1
was 1
was 1
was 1
was 1
was 1
was 1
was 1
was 1
was 1
was 1
was 1
was 1
was 1
was 1
was 1
was 1
was 1
was 1
was 1
was 1
was 1
was 1
was 1
was 1
was 1
was 1
was 1
was 1
was 1
was 1
was 1
was 1
was 1
was 1
was 1
was 1
was 1
was 1
was 1
was 1
was 1
was 1
was 1
was 1
was 1
was 1
was 1
was 1
was 1
was 1
was 1
was 1
was 1
was 1
was 1
was 1
was 1
was 1
was 1
was 1
was 1
was 1
was 1
was 1
was 1
was 1
was 1
was 1
was 1
was 1
was 1
was 1
was 1
was 1
was 1
was 1
was 1
was 1
was 1
was 1
was 1
was 1
was 1
was 1
was 1
was 1
was 1
was 1
was 1
was 1
was 1
was 1
was 1
was 1
was 1
was 1
was 1
was 1
was 1
was 1
was 1
was 1
was 1
was 1
was 1
was 1
was 1
was 1
was 1
was 1
was 1
was 1
was 1
was 1
was 1
was 1
was 1
was 1
was 1
was 1
was 1
was 1
was 1
was 1
was 1
was 1
was 1
was 1
was 1
was 1
was 1
was 1
was 1
was 1
was 1
was 1
was 1
was 1
was 1
was 1
was 1
was 1
was 1
was 1
was 1
was 1
was 1
was 1
was 1
was 1
was 1
was 1
was 1
was 1
was 1
was 1
was 1
was 1
was 1
was 1
was 1
was 1
was 1
was 1
was 1
was 1
was 1
was 1
was 1
was 1
was 1
was 1
was 1
was 1
was 1
was 1
was 1
was 1
was 1
was 1
was 1
was 1
was 1
was 1
was 1
was 1
was 1
was 1
was 1
was 1
was 1
was 1
was 1
was 1
was 1
was 1
was 1
was 1
was 1
was 1
was 1
was 1
was 1
was 1
was 1
was 1
was 1
was 1
was 1
was 1
was 1
was 1
was 1
was 1
was 1
was 1
was 1
was 1
was 1
was 1
was 1
was 1
was 1
was 1
was 1
was 1
was 1
was 1
was 1
was 1
was 1
was 1
was 1
was 1
was 1
was 1
was 1
was 1
was 1
was 1
was 1
was 1
was 1
was 1
was 1
was 1
was 1
was 1
was 1
was 1
was 1
was 1
was 1
was 1
was 1
was 1
was 1
was 1
was 1
was 1
was 1
was 1
was 1
was 1
was 1
was 1
was 1
was 1
was 1
was 1
was 1
was 1
was 1
was 1
was 1
was 1
was 1
was 1
was 1
was 1
was 1
was 1
was 1
was 1
was 1
was 1
was 1
was 1
was 1
was 1
was 1
was 1
was 1
was 1
was 1
was 1
was 1
was 1
was 1
was 1
was 1
was 1
was 1
was 1
was 1
was 1
was 1
was 1
was 1
was 1
was 1
was 1
was 1
was 1
was 1
was 1
was 1
was 1
was 1
was 1
was 1
was 1
was 1
was 1
was 1
was 1
was 1
was 1
was 1
was 1
was 1
was 1
was 1
was 1
was 1
was 1
was 1
was 1
was 1
was 1
was 1
was 1
was 1
was 1
was 1
was 1
was 1
was 1
was 1
was 1
was 1
was 1
was 1
was 1
was 1
was 1
was 1
was 1
was 1
was 1
was 1
was 1
was 1
was 1
was 1
was 1
was 1
was 1
was 1
was 1
was 1
was 1
was 1
was 1
was 1
was 1
was 1
was 1
was 1
was 1
was 1
was 1
was 1
was 1
was 1
was 1
was 1
was 1
was 1
was 1
was 1
was 1
was 1
was 1
was 1
was 1
was 1
was 1
was 1
was 1
was 1
was 1
was 1
was 1
was 1
was 1
was 1
was 1
was 1
was 1
was 1
was 1
was 1
was 1
was 1
was 1
was 1
was 1
was 1
was 1
was 1
was 1
was 1
was 1
was 1
was 1
was 1
was 1
was 1
was 1
was 1
was 1
was 1
was 1
was 1
was 1
was 1
was 1
was 1
was 1
was 1
was 1
was 1
was 1
was 1
was 1
was 1
was 1
was 1
was 1
was 1
was 1
was 1
was 1
was 1
was 1
was 1
was 1
was 1
was 1
was 1
was 1
was 1
was 1
was 1
was 1
was 1
was 1
was 1
was 1
was 1
was 1
was 1
was 1
was 1
was 1
was 1
was 1
was 1
was 1
was 1
was 1
was 1
was 1
was 1
was 1
was 1
was 1
was 1
was 1
was 1
was 1
was 1
was 1
was 1
was 1
was 1
was 1
was 1
was 1
was 1
was 1
was 1
was 1
was 1
was 1
was 1
was 1
was 1
was 1
was 1
was 1
was 1
was 1
was 1
was 1
was 1
was 1
was 1
was 1
was 1
was 1
was 1
was 1
was 1
was 1
was 1
was 1
was 1
was 1
was 1
was 1
was 1
was 1
was 1
was 1
was 1
was 1
was 1
was 1
was 1
was 1
was 1
was 1
was 1
was 1
was 1
was 1
was 1
was 1
was 1
was 1
was 1
was 1
was 1
was 1
was 1
was 1
was 1
was 1
was 1
was 1
was 1
was 1
was 1
was 1
was 1
was 1
was 1
was 1
was 1
was 1
was 1
was 1
was 1
was 1
was 1
was 1
was 1
was 1
was 1
was 1
was 1
was 1
was 1
was 1
was 1
was 1
was 1
was 1
was 1
was 1
was 1
was 1
was 1
was 1
was 1
was 1
was 1
was 1
was 1
was 1
was 1
was 1
was 1
was 1
was 1
was 1
was 1
was 1
was 1
was 1
was 1
was 1
was 1
was 1
was 1
was 1
was 1
was 1
was 1
was 1
was 1
was 1
was 1
was 1
was 1
was 1
was 1
was 1
was 1
was 1
was 1
was 1
was 1
was 1
was 1
was 1
was 1
was 1
was 1
was 1
was 1
was 1
was 1
was 1
was 1
was 1
was 1
was 1
was 1
was 1
was 1
was 1
was 1
was 1
was 1
was 1
was 1
was 1
was 1
was 1
was 1
was 1
was 1
was 1
was 1
was 1
was 1
was 1
was 1
was 1
was 1
was 1
was 1
was 1
was 1
was 1
was 1
was 1
was 1
was 1
was 1
was 1
was 1
was 1
was 1
was 1
was 1
was 1
was 1
was 1
was 1
was 1
was 1
was 1
was 1
was 1
was 1
was 1
was 1
was 1
was 1
was 1
was 1
was 1
was 1
was 1
was 1
was 1
was 1
was 1
was 1
was 1
was 1
was 1
was 1
was 1
was 1
was 1
was 1
was 1
was 1
was 1
was 1
was 1
was 1
was 1
was 1
was 1
was 1
was 1
was 1
was 1
was 1
was 1
was 1
was 1
was 1
was 1
was 1
was 1
was 1
was 1
was 1
was 1
was 1
was 1
was 1
was 1
was 1
was 1
was 1
was 1
was 1
was 1
was 1
was 1
was 1
was 1
was 1
was 1
was 1
was 1
was 1
was 1
was 1
was 1
was 1
was 1
was 1
was 1
was 1
was 1
was 1
was 1
was 1
was 1
was 1
was 1
was 1
was 1
was 1
was 1
was 1
was 1
was 1
was 1
was 1
was 1
was 1
was 1
was 1
was 1
was 1
was 1
was 1
was 1
was 1
was 1
was 1
was 1
was 1
was 1
was 1
was 1
was 1
was 1
was 1
was 1
was 1
was 1
was 1
was 1
was 1
was 1
was 1
was 1
was 1
was 1
was 1
was 1
was 1
was 1
was 1
was 1
was 1
was 1
was 1
was 1
was 1
was 1
was 1
was 1
was 1
was 1
was 1
was 1
was 1
was 1
was 1
was 1
was 1
was 1
was 1
was 1
was 1
was 1
was 1
was 1
was 1
was 1
was 1
was 1
was 1
was 1
was 1
was 1
was 1
was 1
was 1
was 1
was 1
was 1
was 1
was 1
was 1
was 1
was 1
was 1
was 1
was 1
was 1
was 1
was 1
was 1
was 1
was 1
was 1
was 1
was 1
was 1
was 1
was 1
was 1
was 1
was 1
was 1
was 1
was 1
was 1
was 1
was 1
was 1
was 1
was 1
was 1
was 1
was 1
was 1
was 1
was 1
was 1
was 1
was 1
was 1
was 1
was 1
was 1
was 1
was 1
was 1
was 1
was 1
was 1
was 1
was 1
was 1
was 1
was 1
was 1
was 1
was 1
was 1
was 1
was 1
was 1
was 1
was 1
was 1
was 1
was 1
was 1
was 1
was 1
was 1
was 1
was 1
was 1
was 1
was 1
was 1
was 1
was 1
was 1
was 1
was 1
was 1
was 1
was 1
was 1
was 1
was 1
was 1
was 1
was 1
was 1
was 1
was 1
was 1
was 1
was 1
was 1
was 1
was 1
was 1
was 1
was 1
was 1
was 1
was 1
was 1
was 1
was 1
was 1
was 1
was 1
was 1
was 1
was 1
was 1
was 1
was 1
was 1
was 1
was 1
was 1
was 1
was 1
was 1
was 1
was 1
was 1
was 1
was 1
was 1
was 1
was 1
was 1
was 1
was 1
was 1
was 1
was 1
was 1
was 1
was 1
was 1
was 1
was 1
was 1
was 1
was 1
was 1
was 1
was 1
was 1
was 1
was 1
was 1
was 1
was 1
was 1
was 1
was 1
was 1
was 1
was 1
was 1
was 1
was 1
was 1
was 1
was 1
was 1
was 1
was 1
was 1
was 1
was 1
was 1
was 1
was 1
was 1
was 1
was 1
was 1
was 1
was 1
was 1
was 1
was 1
was 1
was 1
was 1
was 1
was 1
was 1
was 1
was 1
was 1
was 1
was 1
was 1
was 1
was 1
was 1
was 1
was 1
was 1
was 1
was 1
was 1
was 1
was 1
was 1
was 1
was 1
was 1
was 1
was 1
was 1
was 1
was 1
was 1
was 1
was 1
was 1
was 1
was 1
was 1
was 1
was 1
was 1
was 1
was 1
was 1
was 1
was 1
was 1
was 1
was 1
was 1
was 1
was 1
was 1
was 1
was 1
was 1
was 1
was 1
was 1
was 1
was 1
was 1
was 1
was 1
was 1
was 1
was 1
was 1
was 1
was 1
was 1
was 1
was 1
was 1
was 1
was 1
was 1
was 1
was 1
was 1
was 1
was 1
was 1
was 1
was 1
was 1
was 1
was 1
was 1
was 1
was 1
was 1
was 1
was 1
was 1
was 1
was 1
was 1
was 1
was 1
was 1
was 1
was 1
was 1
was 1
was 1
was 1
was 1
was 1
was 1
was 1
was 1
was 1
was 1
was 1
was 1
was 1
was 1
was 1
was 1
was 1
was 1
was 1
was 1
was 1
was 1
was 1
was 1
was 1
was 1
was 1
was 1
was 1
was 1
was 1
was 1
was 1
was 1
was 1
was 1
was 1
was 1
was 1
was 1
was 1
was 1
was 1
was 1
was 1
was 1
was 1
was 1
was 1
was 1
was 1
was 1
was 1
was 1
was 1
was 1
was 1
was 1
was 1
was 1
was 1
was 1
was 1
was 1
was 1
was 1
was 1
was 1
was 1
was 1
was 1
was 1
was 1
was 1
was 1
was 1
was 1
was 1
was 1
was 1
was 1
was 1
wasn 1
wear 1
wear 1
wear 1
wear 1
wear 1
wear 1
weariness 1
weariness 1
weariness 1
weeks 1
weeks 1
weeks 1
weighed 1
weighed 1
whereupon 1
whether 1
whether 1
whether 1
whether 1
whether 1
whether 1
whether 1
whether 1
whether 1
whether 1
whether 1
whether 1
whether 1
whether 1
whether 1
whether 1
whether 1
whether 1
whether 1
whether 1
whetted 1
whistling 1
whistling 1
wide 1
wide 1
wide 1
wide 1
wide 1
wide 1
wide 1
wide 1
wide 1
wide 1
wide 1
wide 1
wide 1
wide 1
wide 1
wide 1
wide 1
wide 1
wife 1
wife 1
wife 1
wife 1
wife 1
wife 1
wife 1
wife 1
wife 1
wife 1
wife 1
wife 1
wife 1
wife 1
wife 1
wife 1
wife 1
wife 1
wife 1
wife 1
wife 1
wife 1
wife 1
wife 1
wife 1
wife 1
wife 1
wife 1
wife 1
wife 1
wife 1
wife 1
wife 1
wife 1
wife 1
wife 1
wife 1
wife 1
wife 1
wife 1
wife 1
wife 1
wife 1
wife 1
wife 1
wife 1
wife 1
wife 1
wife 1
wife 1
wife 1
wife 1
wife 1
wife 1
wife 1
wife 1
wife 1
wife 1
wife 1
wife 1
wife 1
wife 1
wife 1
wife 1
wife 1
wife 1
wife 1
wife 1
wife 1
wife 1
wife 1
wife 1
wife 1
wife 1
wife 1
wife 1
wife 1
wife 1
wife 1
wife 1
wife 1
wife 1
wife 1
wife 1
wife 1
wife 1
wife 1
wife 1
wife 1
wife 1
wife 1
wife 1
wife 1
wife 1
wife 1
wife 1
wife 1
wife 1
wife 1
wife 1
wife 1
wife 1
wife 1
wife 1
wife 1
wife 1
wife 1
wife 1
wife 1
wife 1
wife 1
wife 1
wife 1
wife 1
wife 1
wife 1
wife 1
wife 1
wife 1
wife 1
wife 1
wife 1
wife 1
wife 1
wife 1
wife 1
wife 1
wife 1
wife 1
wife 1
wife 1
wife 1
wife 1
wife 1
wife 1
wife 1
wife 1
wife 1
wife 1
windowframe 1
windows 1
windows 1
windows 1
windows 1
windows 1
wipe 1
wipe 1
words 1
words 1
words 1
words 1
words 1
words 1
words 1
words 1
words 1
words 1
words 1
words 1
words 1
words 1
words 1
words 1
words 1
words 1
words 1
worm 1
worry 1
would 1
would 1
would 1
would 1
would 1
would 1
would 1
would 1
would 1
would 1
would 1
would 1
would 1
would 1
would 1
would 1
would 1
would 1
would 1
would 1
would 1
would 1
would 1
would 1
would 1
would 1
would 1
would 1
would 1
would 1
would 1
would 1
would 1
would 1
would 1
would 1
would 1
would 1
would 1
would 1
would 1
would 1
would 1
would 1
would 1
would 1
would 1
would 1
would 1
would 1
would 1
would 1
would 1
would 1
would 1
would 1
would 1
would 1
would 1
would 1
would 1
would 1
would 1
would 1
would 1
would 1
would 1
would 1
would 1
would 1
would 1
would 1
would 1
would 1
would 1
would 1
would 1
would 1
would 1
would 1
would 1
would 1
would 1
would 1
would 1
would 1
would 1
would 1
would 1
would 1
would 1
would 1
would 1
would 1
would 1
would 1
would 1
would 1
would 1
would 1
would 1
would 1
would 1
would 1
would 1
would 1
would 1
would 1
would 1
would 1
would 1
would 1
would 1
would 1
would 1
would 1
would 1
would 1
would 1
would 1
would 1
would 1
would 1
would 1
would 1
would 1
would 1
would 1
would 1
would 1
would 1
would 1
would 1
would 1
would 1
would 1
would 1
would 1
would 1
would 1
would 1
would 1
would 1
would 1
would 1
would 1
would 1
would 1
would 1
would 1
would 1
would 1
would 1
would 1
would 1
would 1
would 1
would 1
would 1
would 1
would 1
would 1
would 1
would 1
would 1
would 1
would 1
would 1
would 1
would 1
would 1
would 1
would 1
would 1
would 1
would 1
would 1
would 1
would 1
would 1
would 1
would 1
would 1
would 1
would 1
would 1
would 1
would 1
would 1
would 1
would 1
would 1
would 1
would 1
would 1
would 1
would 1
would 1
would 1
would 1
would 1
would 1
would 1
would 1
would 1
would 1
would 1
would 1
would 1
would 1
would 1
would 1
would 1
would 1
would 1
would 1
would 1
would 1
would 1
would 1
would 1
would 1
would 1
would 1
would 1
would 1
would 1
would 1
would 1
would 1
would 1
would 1
would 1
would 1
would 1
would 1
would 1
would 1
would 1
would 1
would 1
would 1
would 1
would 1
would 1
would 1
would 1
would 1
would 1
would 1
would 1
would 1
would 1
would 1
would 1
would 1
would 1
would 1
would 1
would 1
would 1
would 1
wound 1
wound 1
written 1
written 1
written 1
written 1
written 1
www 1
www 1
www 1
www 1
www 1
www 1
year 1
year 1
year 1
year 1
year 1
year 1
year 1
year 1
year 1
year 1
year 1
year 1
year 1
year 1
yearning 1
yearning 1
you 1
you 1
you 1
you 1
you 1
you 1
you 1
you 1
you 1
you 1
you 1
you 1
you 1
you 1
you 1
you 1
you 1
you 1
you 1
you 1
you 1
you 1
you 1
you 1
you 1
you 1
you 1
you 1
you 1
you 1
you 1
you 1
you 1
you 1
you 1
you 1
you 1
you 1
you 1
you 1
you 1
you 1
you 1
you 1
you 1
you 1
you 1
you 1
you 1
you 1
you 1
you 1
you 1
you 1
you 1
you 1
you 1
you 1
you 1
you 1
you 1
you 1
you 1
you 1
you 1
you 1
you 1
you 1
you 1
you 1
you 1
you 1
you 1
you 1
you 1
you 1
you 1
you 1
you 1
you 1
you 1
you 1
you 1
you 1
you 1
you 1
you 1
you 1
you 1
you 1
you 1
you 1
you 1
you 1
you 1
you 1
you 1
you 1
you 1
you 1
you 1
you 1
you 1
you 1
you 1
you 1
you 1
you 1
you 1
you 1
you 1
you 1
you 1
you 1
you 1
you 1
you 1
you 1
you 1
you 1
you 1
you 1
you 1
you 1
you 1
you 1
you 1
you 1
you 1
you 1
you 1
you 1
you 1
you 1
you 1
you 1
you 1
you 1
you 1
you 1
you 1
you 1
you 1
you 1
you 1
you 1
you 1
you 1
you 1
you 1
you 1
you 1
you 1
you 1
you 1
you 1
you 1
you 1
you 1
you 1
you 1
you 1
you 1
you 1
you 1
you 1
you 1
you 1
you 1
you 1
you 1
you 1
you 1
you 1
you 1
you 1
you 1
you 1
you 1
you 1
you 1
you 1
you 1
you 1
you 1
you 1
you 1
you 1
you 1
you 1
you 1
you 1
you 1
you 1
you 1
you 1
you 1
you 1
you 1
you 1
you 1
you 1
you 1
you 1
you 1
you 1
you 1
you 1
you 1
you 1
you 1
you 1
you 1
you 1
you 1
you 1
you 1
you 1
you 1
you 1
you 1
you 1
you 1
you 1
you 1
you 1
you 1
you 1
you 1
you 1
you 1
you 1
you 1
you 1
you 1
you 1
you 1
you 1
you 1
you 1
you 1
you 1
you 1
you 1
you 1
you 1
you 1
you 1
you 1
you 1
you 1
you 1
you 1
you 1
you 1
you 1
you 1
you 1
you 1
you 1
you 1
you 1
you 1
you 1
you 1
you 1
you 1
you 1
you 1
you 1
you 1
you 1
you 1
you 1
you 1
you 1
you 1
you 1
you 1
you 1
you 1
you 1
you 1
you 1
you 1
you 1
you 1
you 1
you 1
you 1
you 1
you 1
you 1
you 1
you 1
you 1
you 1
you 1
you 1
you 1
you 1
you 1
you 1
you 1
you 1
you 1
you 1
you 1
you 1
you 1
you 1
you 1
you 1
you 1
you 1
you 1
you 1
you 1
you 1
you 1
you 1
you 1
you 1
you 1
you 1
you 1
you 1
you 1
you 1
you 1
you 1
you 1
you 1
you 1
you 1
you 1
you 1
you 1
you 1
you 1
you 1
you 1
you 1
you 1
you 1
you 1
you 1
you 1
you 1
you 1
you 1
you 1
you 1
you 1
you 1
you 1
you 1
you 1
you 1
you 1
you 1
you 1
you 1
you 1
you 1
you 1
you 1
you 1
you 1
you 1
you 1
you 1
you 1
you 1
you 1
you 1
you 1
you 1
you 1
you 1
you 1
you 1
you 1
you 1
you 1
you 1
you 1
you 1
you 1
you 1
you 1
you 1
you 1
you 1
you 1
you 1
you 1
you 1
you 1
you 1
you 1
you 1
you 1
you 1
you 1
you 1
you 1
you 1
you 1
you 1
you 1
you 1
you 1
you 1
you 1
you 1
you 1
you 1
you 1
you 1
you 1
you 1
you 1
you 1
you 1
you 1
you 1
you 1
you 1
you 1
you 1
you 1
you 1
you 1
you 1
you 1
you 1
you 1
you 1
you 1
you 1
you 1
you 1
you 1
you 1
you 1
you 1
you 1
you 1
you 1
you 1
you 1
you 1
you 1
you 1
you 1
you 1
you 1
you 1
you 1
you 1
you 1
you 1
you 1
you 1
you 1
you 1
you 1
you 1
you 1
you 1
you 1
you 1
you 1
you 1
you 1
you 1
you 1
you 1
you 1
you 1
you 1
you 1
you 1
you 1
you 1
you 1
you 1
you 1
you 1
you 1
you 1
you 1
you 1
you 1
you 1
you 1
you 1
you 1
you 1
you 1
you 1
you 1
you 1
you 1
you 1
you 1
you 1
you 1
you 1
you 1
you 1
you 1
you 1
you 1
you 1
you 1
you 1
you 1
you 1
you 1
you 1
you 1
you 1
you 1
you 1
you 1
you 1
you 1
you 1
you 1
you 1
you 1
you 1
you 1
you 1
you 1
you 1
you 1
you 1
you 1
you 1
you 1
you 1
you 1
you 1
you 1
you 1
you 1
you 1
you 1
you 1
you 1
you 1
you 1
you 1
you 1
you 1
you 1
you 1
you 1
you 1
you 1
you 1
you 1
you 1
you 1
you 1
you 1
you 1
you 1
you 1
you 1
you 1
you 1
you 1
you 1
you 1
you 1
you 1
you 1
you 1
you 1
you 1
you 1
you 1
you 1
you 1
you 1
you 1
you 1
you 1
you 1
you 1
you 1
you 1
you 1
you 1
you 1
you 1
you 1
you 1
you 1
you 1
you 1
you 1
you 1
you 1
you 1
you 1
you 1
you 1
you 1
you 1
you 1
you 1
you 1
you 1
you 1
you 1
you 1
you 1
you 1
you 1
you 1
you 1
you 1
you 1
you 1
you 1
you 1
you 1
you 1
you 1
you 1
you 1
you 1
you 1
you 1
you 1
you 1
you 1
you 1
you 1
you 1
you 1
you 1
you 1
you 1
you 1
you 1
you 1
you 1
you 1
you 1
you 1
you 1
you 1
you 1
you 1
you 1
you 1
you 1
you 1
you 1
you 1
you 1
you 1
you 1
you 1
you 1
you 1
you 1
you 1
you 1
you 1
you 1
you 1
you 1
you 1
you 1
you 1
you 1
you 1
you 1
you 1
you 1
you 1
you 1
you 1
you 1
you 1
you 1
you 1
you 1
you 1
you 1
you 1
you 1
you 1
you 1
you 1
you 1
you 1
you 1
you 1
you 1
you 1
you 1
you 1
you 1
you 1
you 1
you 1
you 1
you 1
you 1
you 1
you 1
you 1
you 1
you 1
you 1
you 1
you 1
you 1
you 1
you 1
you 1
you 1
you 1
you 1
you 1
you 1
you 1
you 1
you 1
you 1
you 1
you 1
you 1
you 1
you 1
you 1
you 1
you 1
you 1
you 1
you 1
you 1
you 1
you 1
you 1
you 1
you 1
you 1
you 1
you 1
you 1
you 1
you 1
you 1
you 1
you 1
you 1
you 1
you 1
you 1
you 1
you 1
you 1
you 1
you 1
you 1
you 1
you 1
you 1
you 1
you 1
you 1
you 1
you 1
you 1
you 1
you 1
you 1
you 1
you 1
you 1
you 1
you 1
you 1
you 1
you 1
you 1
you 1
you 1
you 1
you 1
you 1
you 1
you 1
you 1
you 1
you 1
you 1
you 1
you 1
you 1
you 1
you 1
you 1
you 1
you 1
you 1
you 1
you 1
you 1
you 1
you 1
you 1
you 1
you 1
you 1
you 1
you 1
you 1
you 1
you 1
you 1
you 1
you 1
you 1
you 1
you 1
you 1
you 1
you 1
you 1
you 1
you 1
you 1
you 1
you 1
you 1
you 1
you 1
you 1
you 1
you 1
you 1
you 1
you 1
you 1
you 1
you 1
you 1
you 1
you 1
you 1
you 1
you 1
you 1
you 1
you 1
you 1
you 1
you 1
you 1
you 1
you 1
you 1
you 1
you 1
you 1
you 1
you 1
you 1
you 1
you 1
you 1
you 1
you 1
you 1
you 1
you 1
you 1
you 1
you 1
you 1
you 1
you 1
you 1
you 1
you 1
you 1
you 1
you 1
you 1
you 1
you 1
you 1
you 1
you 1
you 1
you 1
you 1
you 1
you 1
you 1
you 1
you 1
you 1
you 1
you 1
you 1
you 1
you 1
you 1
you 1
you 1
you 1
you 1
you 1
you 1
you 1
you 1
you 1
you 1
you 1
you 1
you 1
you 1
you 1
you 1
you 1
you 1
you 1
you 1
you 1
you 1
you 1
you 1
you 1
you 1
you 1
you 1
you 1
you 1
you 1
you 1
you 1
you 1
you 1
you 1
you 1
you 1
you 1
you 1
you 1
you 1
you 1
you 1
you 1
you 1
you 1
you 1
you 1
you 1
you 1
you 1
you 1
you 1
you 1
you 1
you 1
you 1
you 1
you 1
you 1
you 1
you 1
you 1
you 1
you 1
you 1
you 1
you 1
you 1
you 1
you 1
you 1
you 1
you 1
you 1
you 1
you 1
you 1
you 1
you 1
you 1
you 1
you 1
you 1
you 1
you 1
you 1
you 1
you 1
you 1
you 1
you 1
you 1
you 1
you 1
you 1
you 1
you 1
you 1
you 1
you 1
you 1
you 1
you 1
you 1
you 1
you 1
you 1
you 1
you 1
you 1
you 1
you 1
you 1
you 1
you 1
you 1
you 1
you 1
you 1
you 1
you 1
you 1
you 1
you 1
you 1
you 1
you 1
you 1
you 1
you 1
you 1
you 1
you 1
you 1
you 1
you 1
you 1
you 1
you 1
you 1
you 1
you 1
you 1
you 1
you 1
you 1
you 1
you 1
you 1
you 1
you 1
you 1
you 1
you 1
you 1
you 1
you 1
you 1
you 1
you 1
you 1
you 1
you 1
you 1
you 1
you 1
you 1
you 1
you 1
you 1
you 1
you 1
you 1
you 1
you 1
you 1
you 1
you 1
you 1
you 1
you 1
you 1
you 1
you 1
you 1
you 1
you 1
you 1
you 1
you 1
you 1
you 1
you 1
you 1
you 1
you 1
you 1
you 1
you 1
you 1
you 1
you 1
you 1
you 1
you 1
you 1
you 1
you 1
you 1
you 1
you 1
you 1
you 1
you 1
you 1
you 1
you 1
you 1
you 1
you 1
you 1
you 1
you 1
you 1
you 1
you 1
you 1
you 1
you 1
you 1
you 1
you 1
you 1
you 1
younger 1
younger 1
younger 1
younger 1
younger 1
yourselves 1
yourselves 1
yourselves 1
yourselves 1
youth 1
youth 1
youth 1
youth 1
youth 1
youth 1
youth 1
youth 1
youth 1
youth 1
youth 1
youth 1
youth 1
youth 1
youth 1
youth 1
youth 1
youth 1
youth 1
youth 1
youth 1
youth 1
youth 1
youth 1
youth 1
youth 1
youth 1
youth 1
youth 1
youth 1
youth 1
youth 1
youth 1
youth 1
youth 1
youth 1
youth 1
youth 1
youth 1
youth 1
youth 1
youth 1
youth 1
youth 1
zip 1
