ASCII 1
ASCII 1
Afterwards 1
Always 1
Amighty 1
An 1
An 1
An 1
Angel 1
Another 1
Another 1
Another 1
Another 1
Another 1
Another 1
Another 1
Another 1
Another 1
Around 1
Around 1
Around 1
Art 1
Art 1
Babtis 1
Baptist 1
Bed 1
Bed 1
Bed 1
Bekase 1
Bell 1
Bell 1
Bell 1
Bell 1
Bell 1
Bell 1
Ben 1
Ben 1
Ben 1
Ben 1
Ben 1
Ben 1
Ben 1
Ben 1
Ben 1
Ben 1
Ben 1
Ben 1
Besides 1
Betsy 1
Betsy 1
Birnam 1
Borrow 1
Borrowing 1
Both 1
Both 1
Both 1
Brothers 1
Bulged 1
But 1
But 1
But 1
But 1
But 1
But 1
But 1
But 1
But 1
But 1
But 1
But 1
But 1
But 1
But 1
But 1
But 1
But 1
But 1
But 1
But 1
But 1
But 1
But 1
But 1
But 1
But 1
But 1
But 1
But 1
But 1
But 1
But 1
But 1
But 1
But 1
But 1
But 1
But 1
But 1
But 1
But 1
But 1
But 1
But 1
But 1
But 1
But 1
But 1
But 1
But 1
But 1
But 1
But 1
But 1
But 1
But 1
But 1
But 1
But 1
But 1
But 1
But 1
But 1
But 1
But 1
But 1
But 1
But 1
But 1
But 1
But 1
But 1
But 1
But 1
But 1
But 1
But 1
But 1
But 1
But 1
But 1
But 1
But 1
But 1
But 1
But 1
But 1
But 1
But 1
But 1
But 1
But 1
But 1
But 1
But 1
But 1
But 1
But 1
But 1
But 1
But 1
But 1
But 1
But 1
But 1
But 1
But 1
But 1
But 1
But 1
But 1
But 1
But 1
But 1
But 1
But 1
But 1
But 1
But 1
But 1
But 1
But 1
But 1
But 1
But 1
But 1
But 1
But 1
But 1
But 1
But 1
But 1
But 1
But 1
But 1
But 1
But 1
But 1
But 1
But 1
But 1
But 1
But 1
But 1
But 1
But 1
But 1
But 1
But 1
But 1
But 1
But 1
But 1
But 1
But 1
But 1
But 1
But 1
But 1
But 1
But 1
But 1
But 1
But 1
But 1
But 1
But 1
But 1
But 1
But 1
But 1
But 1
But 1
But 1
But 1
But 1
But 1
But 1
But 1
But 1
But 1
But 1
But 1
But 1
But 1
But 1
But 1
But 1
But 1
But 1
But 1
But 1
But 1
But 1
But 1
But 1
But 1
But 1
But 1
But 1
But 1
But 1
But 1
But 1
But 1
But 1
But 1
But 1
But 1
But 1
But 1
But 1
But 1
But 1
But 1
But 1
But 1
But 1
But 1
But 1
But 1
But 1
But 1
But 1
But 1
But 1
But 1
But 1
But 1
But 1
But 1
But 1
But 1
But 1
But 1
But 1
But 1
But 1
But 1
But 1
But 1
But 1
But 1
But 1
But 1
But 1
But 1
But 1
But 1
But 1
But 1
But 1
But 1
But 1
But 1
But 1
But 1
But 1
But 1
But 1
But 1
But 1
But 1
But 1
But 1
But 1
But 1
But 1
But 1
But 1
CHAPTER 1
CHAPTER 1
CHAPTER 1
CHAPTER 1
CHAPTER 1
CHAPTER 1
CHAPTER 1
CHAPTER 1
CHAPTER 1
CHAPTER 1
CHAPTER 1
CHAPTER 1
CHAPTER 1
CHAPTER 1
CHAPTER 1
CHAPTER 1
CHAPTER 1
CHAPTER 1
CHAPTER 1
CHAPTER 1
CHAPTER 1
CHAPTER 1
CHAPTER 1
CHAPTER 1
CHAPTER 1
CHAPTER 1
CHAPTER 1
CHAPTER 1
CHAPTER 1
CHAPTER 1
CHAPTER 1
CHAPTER 1
CHAPTER 1
CHAPTER 1
CHAPTER 1
CHAPTER 1
CHAPTER 1
CHAPTER 1
CHAPTER 1
CHAPTER 1
CHAPTER 1
CHAPTER 1
CHAPTER 1
CHAPTER 1
CHAPTER 1
CHAPTER 1
CHAPTER 1
CHAPTER 1
CHAPTER 1
CHAPTER 1
CHAPTER 1
CHAPTER 1
CHAPTER 1
CHAPTER 1
CHAPTER 1
CHAPTER 1
CHAPTER 1
CHAPTER 1
CHAPTER 1
CHAPTER 1
CHAPTER 1
CHAPTER 1
CHAPTER 1
CHAPTER 1
CHAPTER 1
CHAPTER 1
CHAPTER 1
CHAPTER 1
CHAPTER 1
CHAPTER 1
CHAPTER 1
CHAPTER 1
CHAPTER 1
CHAPTER 1
CHAPTER 1
CHAPTER 1
CHAPTER 1
CHAPTER 1
CHAPTER 1
CHAPTER 1
CHAPTER 1
CHAPTER 1
CHAPTER 1
CHAPTER 1
CHAPTER 1
CHAPTER 1
CONSEQUENTIAL 1
Cabin 1
Chaw 1
Coming 1
Committee 1
Complete 1
Complete 1
Complete 1
Complete 1
Continental 1
Courting 1
DIRECT 1
DISCLAIMER 1
Dah 1
Dah 1
Dah 1
Dah 1
Dah 1
Despised 1
Discovering 1
Drinkin 1
Dudley 1
Dull 1
E 1
E 1
E 1
E 1
E 1
E 1
E 1
E 1
E 1
E 1
E 1
E 1
E 1
E 1
E 1
E 1
E 1
E 1
E 1
E 1
E 1
E 1
EXPLANATORY 1
En 1
En 1
En 1
En 1
En 1
En 1
En 1
En 1
En 1
En 1
En 1
En 1
En 1
En 1
En 1
End 1
Feuds 1
Franklin 1
Friday 1
Friends 1
GUTENBERG 1
GUTENBERG 1
GUTENBERG 1
GUTENBERG 1
Gentlemen 1
Gentlemen 1
Gentlemen 1
Gentlemen 1
Gentlemen 1
Gentlemen 1
Gets 1
Gets 1
Gilford 1
Grangerford 1
Grangerford 1
Grangerford 1
Grangerford 1
Grangerford 1
Grangerford 1
HUCK 1
Hamlet 1
Hamlet 1
Hamlet 1
Hamlet 1
Hamlet 1
Hamlet 1
Hightower 1
Hobson 1
Hobson 1
Hobson 1
Hobson 1
Hovey 1
Hovey 1
ILLUSTRATIONS 1
INCLUDING 1
IT 1
IT 1
IT 1
Ike 1
Ike 1
Internal 1
Joanna 1
Joanna 1
Juliet 1
Juliet 1
Juliet 1
Juliet 1
Juliet 1
Juliet 1
Juliet 1
Juliet 1
Juliet 1
Juliet 1
King 1
King 1
King 1
King 1
King 1
King 1
King 1
King 1
King 1
King 1
LICENSE 1
LICENSE 1
Langudoc 1
Laws 1
Laws 1
Laws 1
Laws 1
Laws 1
Leaking 1
Letting 1
Lies 1
Liked 1
Loafed 1
Look 1
Look 1
Look 1
Look 1
Look 1
Look 1
Look 1
Look 1
Look 1
Look 1
Look 1
Look 1
Look 1
Look 1
Maggiore 1
Mary 1
Mary 1
Mary 1
Mary 1
Mary 1
Mary 1
Mary 1
Mary 1
Mary 1
Mary 1
Mary 1
Mary 1
Mary 1
Mary 1
Mary 1
Mary 1
Mary 1
Mary 1
Mary 1
Mary 1
Mary 1
Mary 1
Mary 1
Mary 1
Mary 1
Mary 1
Mary 1
Mary 1
Mary 1
Mary 1
Mary 1
Mary 1
Mary 1
Mary 1
Mary 1
Mary 1
Mary 1
Mary 1
Mary 1
Mary 1
Mary 1
Mary 1
Mary 1
Mary 1
Mary 1
Mary 1
Mary 1
Mary 1
Mary 1
Mary 1
Mary 1
Mary 1
Mary 1
Mary 1
Mary 1
Mary 1
Mary 1
Mary 1
Mary 1
Mary 1
Mary 1
Mary 1
More 1
More 1
Navarre 1
Neighbors 1
No 1
No 1
No 1
No 1
No 1
No 1
No 1
No 1
No 1
No 1
No 1
No 1
No 1
No 1
No 1
No 1
No 1
No 1
No 1
No 1
No 1
No 1
No 1
No 1
No 1
No 1
No 1
No 1
No 1
No 1
No 1
No 1
No 1
No 1
No 1
No 1
No 1
No 1
No 1
No 1
No 1
No 1
No 1
No 1
No 1
No 1
No 1
No 1
No 1
No 1
No 1
No 1
No 1
No 1
No 1
No 1
No 1
No 1
No 1
No 1
No 1
No 1
No 1
No 1
No 1
No 1
No 1
No 1
No 1
No 1
No 1
No 1
No 1
No 1
No 1
No 1
No 1
No 1
No 1
No 1
No 1
No 1
No 1
No 1
No 1
No 1
No 1
No 1
No 1
No 1
No 1
No 1
No 1
No 1
No 1
No 1
No 1
No 1
No 1
No 1
No 1
No 1
No 1
No 1
No 1
No 1
No 1
No 1
No 1
No 1
Noth 1
Noth 1
Nothing 1
Nothing 1
Nothing 1
Nough 1
O 1
O 1
Oh 1
Oh 1
Oh 1
Oh 1
Oh 1
Oh 1
Oh 1
Oh 1
Oh 1
Oh 1
Oh 1
Oh 1
Oh 1
Oh 1
Oh 1
Oh 1
Oh 1
Oh 1
Oh 1
Oh 1
Oh 1
Oh 1
Oh 1
Oh 1
Oh 1
Oh 1
Oh 1
Oh 1
Oh 1
Oh 1
Oh 1
Oh 1
Oh 1
Oh 1
Oh 1
Oh 1
Oh 1
Oh 1
Oh 1
Oh 1
Oh 1
Oh 1
Oh 1
Oh 1
Oh 1
Oh 1
Oh 1
Oh 1
Oh 1
Oh 1
Oh 1
Oh 1
Oh 1
Oh 1
Oh 1
Oh 1
Oh 1
Oh 1
Oh 1
Oh 1
Oh 1
Oh 1
Oh 1
Oh 1
Oh 1
Oh 1
Orders 1
PROJECT 1
PROJECT 1
PROJECT 1
PROJECT 1
Paris 1
Paris 1
Parting 1
Pint 1
Pint 1
Pint 1
Pirate 1
Pirate 1
Pockets 1
Powell 1
Prevarication 1
Previous 1
Progress 1
Quick 1
Quick 1
Quick 1
Quick 1
Quick 1
Quick 1
Rat 1
Rod 1
Rod 1
Rod 1
Ron 1
Rook 1
Royal 1
Royal 1
Royal 1
Royal 1
Royal 1
Royal 1
Royal 1
Royal 1
Royal 1
Royal 1
Royal 1
Rubbing 1
Rubbing 1
Running 1
Running 1
STEPHEN 1
Sally 1
Sally 1
Sally 1
Sally 1
Sally 1
Sally 1
Sally 1
Sally 1
Sally 1
Sally 1
Sally 1
Sally 1
Sally 1
Sally 1
Sally 1
Sally 1
Sally 1
Sally 1
Sally 1
Sally 1
Sally 1
Sally 1
Sally 1
Sally 1
Sally 1
Sally 1
Sally 1
Sally 1
Sally 1
Sally 1
Sally 1
Sally 1
Sally 1
Sally 1
Sally 1
Sally 1
Sally 1
Sally 1
Sally 1
Sally 1
Sally 1
Sally 1
Sally 1
Sally 1
Sally 1
Sally 1
Sally 1
Sally 1
Sally 1
Sally 1
Sally 1
Satisfying 1
Saying 1
Sheep 1
Sherburn 1
Sherburn 1
Sherburn 1
Sherburn 1
Sherburn 1
Sherburn 1
Sherburn 1
Sherburn 1
Sherburn 1
Sherburn 1
Sherburn 1
Sherburn 1
Sherburn 1
Sherburn 1
Sherburn 1
Sherburn 1
Sherburn 1
Sherburn 1
Sich 1
Smouch 1
Southwestern 1
Sowberry 1
Store 1
Story 1
Story 1
Such 1
Supper 1
Swimming 1
Tails 1
Thatcher 1
Thatcher 1
Thatcher 1
Thatcher 1
Thatcher 1
Thatcher 1
Thatcher 1
Thatcher 1
Thatcher 1
Thatcher 1
Thatcher 1
Thatcher 1
Thatcher 1
Thatcher 1
Thatcher 1
Thatcher 1
Thatcher 1
Thatcher 1
Then 1
Then 1
Then 1
Then 1
Then 1
Then 1
Then 1
Then 1
Then 1
Then 1
Then 1
Then 1
Then 1
Then 1
Then 1
Then 1
Then 1
Then 1
Then 1
Then 1
Then 1
Then 1
Then 1
Then 1
Then 1
Then 1
Then 1
Then 1
Then 1
Then 1
Then 1
Then 1
Then 1
Then 1
Then 1
Then 1
Then 1
Then 1
Then 1
Then 1
Then 1
Then 1
Then 1
Then 1
Then 1
Then 1
Then 1
Then 1
Then 1
Then 1
Then 1
Then 1
Then 1
Then 1
Then 1
Then 1
Then 1
Then 1
Then 1
Then 1
Then 1
Then 1
Then 1
Then 1
Then 1
Then 1
Then 1
Then 1
Then 1
Then 1
Then 1
Then 1
Then 1
Then 1
Then 1
Then 1
Then 1
Then 1
Then 1
Then 1
Then 1
Then 1
Then 1
Then 1
Then 1
Then 1
Then 1
Then 1
Then 1
Then 1
Then 1
Then 1
Then 1
Then 1
Then 1
Then 1
Then 1
Then 1
Then 1
Then 1
Then 1
Then 1
Then 1
Then 1
Then 1
Then 1
Then 1
Then 1
Then 1
Then 1
Then 1
Then 1
Then 1
Then 1
Then 1
Then 1
Then 1
Then 1
Then 1
Then 1
Then 1
Then 1
Then 1
Then 1
Then 1
Then 1
Then 1
Then 1
Then 1
Then 1
Then 1
Then 1
Then 1
Then 1
Then 1
Then 1
Then 1
Then 1
Then 1
Then 1
Then 1
Then 1
Then 1
Then 1
Then 1
Then 1
Then 1
Then 1
Then 1
Then 1
Then 1
Then 1
Then 1
Then 1
Then 1
Then 1
Then 1
Then 1
Then 1
Then 1
Then 1
Then 1
Then 1
Then 1
Then 1
Then 1
Then 1
Then 1
Theory 1
Things 1
Things 1
Thy 1
To 1
To 1
To 1
To 1
To 1
To 1
To 1
To 1
To 1
Trenck 1
Trouble 1
Trouble 1
Trouble 1
Trouble 1
Trouble 1
USE 1
Unpleasant 1
Updated 1
Updated 1
Was 1
Was 1
Was 1
Was 1
Was 1
Was 1
Was 1
West 1
Widows 1
Widows 1
Witch 1
Witch 1
Wood 1
Wood 1
Wood 1
Wood 1
Wouldn 1
XLI 1
XLI 1
XXIV 1
XXIV 1
XXXVIII 1
XXXVIII 1
YOU 1
YOU 1
YOU 1
YOU 1
YOU 1
YOU 1
YOU 1
Year 1
Your 1
Your 1
Your 1
Your 1
Your 1
Your 1
Your 1
Your 1
Your 1
Your 1
Your 1
Your 1
Your 1
Yourself 1
abide 1
acquainted 1
acquainted 1
acquit 1
additional 1
additional 1
additional 1
afire 1
afire 1
afire 1
afire 1
afoot 1
age 1
ago 1
ago 1
ago 1
ago 1
ago 1
ago 1
ago 1
ago 1
ago 1
ago 1
ago 1
ago 1
ago 1
ago 1
ago 1
ago 1
ago 1
ago 1
ago 1
ago 1
ago 1
aiming 1
alone 1
alone 1
alone 1
alone 1
alone 1
alone 1
alone 1
alone 1
alone 1
alone 1
alone 1
alone 1
alone 1
alone 1
alone 1
alone 1
alone 1
alone 1
alone 1
alone 1
alone 1
altogether 1
altogether 1
altogether 1
ammunition 1
ammunition 1
an 1
an 1
an 1
an 1
an 1
an 1
an 1
an 1
an 1
an 1
an 1
an 1
an 1
an 1
an 1
an 1
an 1
an 1
an 1
an 1
an 1
an 1
an 1
an 1
an 1
an 1
an 1
an 1
an 1
an 1
an 1
an 1
an 1
an 1
an 1
an 1
an 1
an 1
an 1
an 1
an 1
an 1
an 1
an 1
an 1
an 1
an 1
an 1
an 1
an 1
an 1
an 1
an 1
an 1
an 1
an 1
an 1
an 1
an 1
an 1
an 1
an 1
an 1
an 1
an 1
an 1
an 1
an 1
an 1
an 1
an 1
an 1
an 1
an 1
an 1
an 1
an 1
an 1
an 1
an 1
an 1
an 1
an 1
an 1
an 1
an 1
an 1
an 1
an 1
an 1
an 1
an 1
an 1
an 1
an 1
an 1
an 1
an 1
an 1
an 1
an 1
an 1
an 1
an 1
an 1
an 1
an 1
an 1
an 1
an 1
an 1
an 1
an 1
an 1
an 1
an 1
an 1
an 1
an 1
an 1
an 1
an 1
an 1
an 1
an 1
an 1
an 1
an 1
an 1
an 1
an 1
an 1
an 1
an 1
an 1
an 1
an 1
an 1
an 1
an 1
an 1
an 1
an 1
an 1
an 1
an 1
an 1
angel 1
animals 1
animals 1
anxious 1
anxious 1
anxious 1
anxious 1
appearing 1
approve 1
arms 1
arms 1
arms 1
arms 1
arms 1
arms 1
arms 1
arms 1
arms 1
arms 1
arms 1
arms 1
arms 1
arms 1
arms 1
arms 1
arms 1
arms 1
arms 1
arms 1
arms 1
arms 1
arms 1
arms 1
arms 1
arms 1
arms 1
ashamed 1
ashamed 1
ashamed 1
ashamed 1
ashamed 1
ashamed 1
ashamed 1
ashamed 1
asking 1
asking 1
asking 1
asking 1
asking 1
asking 1
auction 1
auction 1
auction 1
auction 1
auction 1
auction 1
auction 1
auction 1
auction 1
awfulest 1
awry 1
bacon 1
bacon 1
bacon 1
bacon 1
baggsed 1
baggsed 1
bags 1
bags 1
bags 1
bags 1
bags 1
bags 1
barely 1
barely 1
beaming 1
beautiful 1
beautiful 1
beautiful 1
beautiful 1
beautiful 1
beautiful 1
beautiful 1
beautiful 1
beautiful 1
beautiful 1
beautiful 1
beautiful 1
beautiful 1
beautiful 1
beautiful 1
beautiful 1
beautiful 1
become 1
become 1
become 1
become 1
become 1
become 1
become 1
become 1
becuz 1
becuz 1
becuz 1
bedclothes 1
bees 1
bees 1
bees 1
beginning 1
beginning 1
beginning 1
beginning 1
beginning 1
beginning 1
beginning 1
beginning 1
beginning 1
beginning 1
bend 1
bend 1
bend 1
bend 1
bend 1
bend 1
bend 1
bend 1
bend 1
betray 1
betray 1
beyond 1
bid 1
biography 1
birth 1
birth 1
birth 1
bitters 1
black 1
black 1
black 1
black 1
black 1
black 1
black 1
black 1
black 1
black 1
black 1
black 1
black 1
black 1
black 1
black 1
black 1
black 1
black 1
black 1
black 1
black 1
black 1
black 1
black 1
black 1
black 1
black 1
black 1
black 1
black 1
black 1
black 1
blackberries 1
bless 1
bless 1
bless 1
bless 1
blethers 1
blooded 1
bly 1
boats 1
boats 1
boats 1
boats 1
bodkin 1
bones 1
bonnets 1
borrowing 1
borrowing 1
borrowing 1
boss 1
boss 1
boss 1
boss 1
boss 1
boss 1
bought 1
bought 1
bought 1
bought 1
bought 1
bought 1
bouts 1
bowed 1
bowed 1
bowed 1
bragging 1
breast 1
breast 1
breast 1
breast 1
breast 1
breast 1
breast 1
breast 1
breast 1
breast 1
breast 1
breast 1
breast 1
breathe 1
breathe 1
breathe 1
breathe 1
breathe 1
brick 1
budge 1
budge 1
budge 1
budge 1
budge 1
budge 1
budge 1
budge 1
budge 1
bulged 1
bullets 1
bullets 1
bullets 1
bullets 1
bullyragging 1
bumble 1
bummers 1
butcher 1
butting 1
calico 1
calico 1
calico 1
calico 1
calico 1
calico 1
calico 1
calico 1
calico 1
camp 1
camp 1
camp 1
camp 1
camp 1
camp 1
camp 1
camp 1
camp 1
camp 1
camp 1
camp 1
camp 1
camp 1
camp 1
camp 1
camp 1
camp 1
camp 1
camp 1
camp 1
camp 1
camp 1
camp 1
camp 1
camp 1
camp 1
candlestick 1
candlestick 1
candlestick 1
candlestick 1
candlestick 1
candlestick 1
cane 1
cane 1
cane 1
cane 1
cane 1
cannot 1
cannot 1
cannot 1
cannot 1
canoes 1
carry 1
carry 1
carry 1
carry 1
carry 1
carry 1
carry 1
carry 1
cases 1
castles 1
catching 1
catching 1
catching 1
cats 1
cats 1
cats 1
cause 1
cause 1
cents 1
cents 1
cents 1
cents 1
cents 1
cents 1
cents 1
cents 1
cents 1
cents 1
cents 1
cents 1
cents 1
cents 1
cents 1
cents 1
cents 1
cents 1
cents 1
cents 1
cents 1
cents 1
chain 1
chain 1
chain 1
chain 1
chain 1
chain 1
chain 1
chain 1
chain 1
chain 1
chain 1
chain 1
chain 1
chain 1
chalk 1
chalk 1
chalk 1
chalk 1
channel 1
channel 1
channel 1
channel 1
channel 1
chaw 1
chaw 1
chaw 1
chaw 1
chaw 1
chaw 1
chaw 1
chaw 1
chaw 1
chaw 1
chaw 1
chaw 1
chaw 1
chaw 1
chawing 1
chawing 1
checks 1
chevron 1
chicken 1
chicken 1
chicken 1
chicken 1
chicken 1
chief 1
children 1
children 1
children 1
children 1
children 1
children 1
children 1
children 1
children 1
children 1
children 1
children 1
children 1
children 1
children 1
children 1
children 1
chins 1
chute 1
cleanest 1
clever 1
clogged 1
clost 1
cloudbank 1
clump 1
clump 1
coase 1
college 1
color 1
color 1
color 1
coming 1
coming 1
coming 1
coming 1
coming 1
coming 1
coming 1
coming 1
coming 1
coming 1
coming 1
coming 1
coming 1
coming 1
coming 1
coming 1
coming 1
coming 1
coming 1
coming 1
coming 1
coming 1
coming 1
coming 1
coming 1
coming 1
coming 1
coming 1
coming 1
coming 1
coming 1
coming 1
coming 1
coming 1
coming 1
coming 1
coming 1
coming 1
coming 1
coming 1
coming 1
coming 1
coming 1
coming 1
coming 1
coming 1
coming 1
coming 1
coming 1
coming 1
coming 1
coming 1
coming 1
coming 1
coming 1
coming 1
coming 1
coming 1
coming 1
coming 1
common 1
common 1
common 1
common 1
common 1
common 1
common 1
complices 1
complices 1
concerns 1
cooked 1
cooked 1
cooked 1
cooked 1
cooked 1
cooked 1
copies 1
copies 1
copies 1
copies 1
copies 1
copies 1
copies 1
copies 1
cordwood 1
cordwood 1
corner 1
corner 1
corner 1
corner 1
corner 1
corner 1
corner 1
corner 1
corner 1
corner 1
corner 1
corner 1
corner 1
corner 1
corner 1
corner 1
corner 1
corner 1
corner 1
corner 1
corner 1
cost 1
cost 1
cost 1
cost 1
cost 1
cost 1
cost 1
cost 1
cost 1
cost 1
course 1
course 1
course 1
course 1
course 1
course 1
course 1
course 1
course 1
course 1
course 1
course 1
course 1
course 1
course 1
course 1
course 1
course 1
course 1
course 1
course 1
course 1
course 1
course 1
course 1
course 1
course 1
course 1
course 1
course 1
course 1
course 1
course 1
course 1
course 1
course 1
course 1
course 1
course 1
course 1
course 1
course 1
course 1
course 1
cramp 1
craw 1
crest 1
cried 1
cried 1
cried 1
cried 1
cried 1
cried 1
cried 1
cried 1
cried 1
cried 1
cried 1
cried 1
cried 1
cried 1
cried 1
cried 1
cried 1
cried 1
cried 1
crossbones 1
crossed 1
crossed 1
crossed 1
crossed 1
crossed 1
crossed 1
crossed 1
crossed 1
crossed 1
crossed 1
cups 1
curly 1
cussed 1
cussed 1
cussed 1
cussed 1
cussed 1
cussed 1
cussed 1
cussed 1
customary 1
dangle 1
dat 1
dat 1
dat 1
dat 1
dat 1
dat 1
dat 1
dat 1
dat 1
dat 1
dat 1
dat 1
dat 1
dat 1
dat 1
dat 1
dat 1
dat 1
dat 1
dat 1
dat 1
dat 1
dat 1
dat 1
dat 1
dat 1
dat 1
dat 1
dat 1
dat 1
dat 1
dat 1
dat 1
dat 1
dat 1
dat 1
dat 1
dat 1
dat 1
dat 1
dat 1
dat 1
dat 1
dat 1
dat 1
dat 1
dat 1
dat 1
dat 1
dat 1
dat 1
dat 1
dat 1
dat 1
dat 1
dat 1
dat 1
dat 1
dat 1
dat 1
dat 1
dat 1
dat 1
dat 1
dat 1
dat 1
dat 1
dat 1
dat 1
dat 1
dat 1
dat 1
dat 1
dat 1
dat 1
dat 1
dat 1
dat 1
dat 1
dat 1
dat 1
dat 1
dat 1
dat 1
daughters 1
de 1
de 1
de 1
de 1
de 1
de 1
de 1
de 1
de 1
de 1
de 1
de 1
de 1
de 1
de 1
de 1
de 1
de 1
de 1
de 1
de 1
de 1
de 1
de 1
de 1
de 1
de 1
de 1
de 1
de 1
de 1
de 1
de 1
de 1
de 1
de 1
de 1
de 1
de 1
de 1
de 1
de 1
de 1
de 1
de 1
de 1
de 1
de 1
de 1
de 1
de 1
de 1
de 1
de 1
de 1
de 1
de 1
de 1
de 1
de 1
de 1
de 1
de 1
de 1
de 1
de 1
de 1
de 1
de 1
de 1
de 1
de 1
de 1
de 1
de 1
de 1
de 1
de 1
de 1
de 1
de 1
de 1
de 1
de 1
de 1
de 1
de 1
de 1
de 1
de 1
de 1
de 1
de 1
de 1
de 1
de 1
de 1
de 1
de 1
de 1
de 1
de 1
de 1
de 1
de 1
de 1
de 1
de 1
de 1
de 1
de 1
de 1
de 1
de 1
de 1
de 1
de 1
de 1
de 1
de 1
de 1
de 1
de 1
de 1
de 1
de 1
de 1
de 1
de 1
de 1
de 1
de 1
de 1
de 1
de 1
de 1
de 1
de 1
de 1
de 1
de 1
de 1
de 1
de 1
de 1
de 1
de 1
de 1
de 1
de 1
de 1
de 1
de 1
de 1
de 1
de 1
de 1
de 1
de 1
de 1
de 1
de 1
de 1
de 1
de 1
de 1
de 1
de 1
de 1
de 1
de 1
de 1
de 1
de 1
de 1
de 1
de 1
de 1
de 1
de 1
de 1
de 1
de 1
de 1
de 1
de 1
de 1
de 1
de 1
de 1
de 1
de 1
de 1
de 1
de 1
de 1
de 1
de 1
de 1
de 1
de 1
de 1
de 1
de 1
de 1
de 1
de 1
de 1
de 1
de 1
de 1
de 1
de 1
de 1
de 1
de 1
de 1
de 1
de 1
de 1
de 1
de 1
de 1
de 1
de 1
de 1
de 1
de 1
de 1
de 1
de 1
de 1
de 1
de 1
de 1
de 1
de 1
de 1
deceived 1
deductible 1
defective 1
defective 1
defective 1
deletions 1
deliberate 1
deliberate 1
delirium 1
denied 1
dent 1
derive 1
derived 1
described 1
described 1
deserving 1
dimmish 1
dinners 1
disgusting 1
disk 1
displayed 1
disremember 1
disremember 1
distance 1
distance 1
distance 1
distance 1
distributed 1
distributed 1
distributed 1
distributed 1
divided 1
divided 1
doctor 1
doctor 1
doctor 1
doctor 1
doctor 1
doctor 1
doctor 1
doctor 1
doctor 1
doctor 1
doctor 1
doctor 1
doctor 1
doctor 1
doctor 1
doctor 1
doctor 1
doctor 1
doctor 1
doctor 1
doctor 1
doctor 1
doctor 1
doctor 1
doctor 1
doctor 1
doctor 1
doctor 1
doctor 1
doctor 1
doctor 1
doctor 1
doctor 1
doctor 1
doctor 1
doctor 1
doctor 1
donate 1
donate 1
donate 1
donate 1
dot 1
dot 1
doughnuts 1
drawed 1
drawed 1
drawed 1
drawed 1
dresses 1
drift 1
drift 1
drift 1
drift 1
drift 1
drift 1
dripping 1
dripping 1
drivers 1
dusted 1
dying 1
dying 1
each 1
each 1
each 1
each 1
each 1
each 1
each 1
each 1
each 1
each 1
each 1
each 1
each 1
each 1
each 1
each 1
each 1
each 1
each 1
each 1
each 1
earls 1
early 1
early 1
early 1
early 1
early 1
early 1
early 1
early 1
early 1
early 1
eats 1
edge 1
edge 1
edge 1
edge 1
edge 1
edge 1
edge 1
edge 1
edge 1
edge 1
ef 1
ef 1
ef 1
ef 1
ef 1
ef 1
ef 1
ef 1
ef 1
ef 1
ef 1
eight 1
eight 1
eight 1
eight 1
eight 1
eight 1
eight 1
eight 1
eight 1
eight 1
else 1
else 1
else 1
else 1
else 1
else 1
else 1
else 1
else 1
else 1
else 1
else 1
else 1
else 1
else 1
else 1
else 1
else 1
else 1
else 1
else 1
else 1
else 1
else 1
else 1
else 1
else 1
else 1
else 1
else 1
else 1
else 1
else 1
else 1
employees 1
employees 1
enchantment 1
engineer 1
engines 1
engines 1
enjoy 1
ensuring 1
entire 1
especially 1
every 1
every 1
every 1
every 1
every 1
every 1
every 1
every 1
every 1
every 1
every 1
every 1
every 1
every 1
every 1
every 1
every 1
every 1
every 1
every 1
every 1
every 1
every 1
every 1
every 1
every 1
every 1
every 1
every 1
every 1
every 1
every 1
every 1
every 1
every 1
every 1
every 1
every 1
every 1
every 1
every 1
every 1
every 1
every 1
every 1
every 1
every 1
every 1
every 1
every 1
every 1
every 1
every 1
every 1
every 1
every 1
every 1
every 1
every 1
every 1
every 1
every 1
every 1
every 1
every 1
every 1
every 1
every 1
every 1
every 1
every 1
every 1
every 1
every 1
every 1
every 1
every 1
every 1
every 1
every 1
every 1
every 1
every 1
every 1
every 1
every 1
every 1
every 1
every 1
every 1
every 1
every 1
every 1
every 1
every 1
every 1
every 1
every 1
every 1
every 1
every 1
every 1
every 1
every 1
every 1
every 1
every 1
every 1
face 1
face 1
face 1
face 1
face 1
face 1
face 1
face 1
face 1
face 1
face 1
face 1
face 1
face 1
face 1
face 1
face 1
face 1
face 1
face 1
face 1
face 1
face 1
face 1
face 1
face 1
face 1
face 1
face 1
face 1
face 1
face 1
face 1
face 1
face 1
face 1
face 1
face 1
fall 1
fall 1
fall 1
fall 1
fall 1
false 1
false 1
fambly 1
familiarity 1
fancy 1
fanning 1
fardels 1
farmer 1
farmer 1
farmer 1
farmer 1
fellow 1
fellow 1
fellow 1
fellow 1
fellow 1
fellow 1
fellow 1
fellow 1
fellow 1
fellow 1
fellow 1
fetchedes 1
fights 1
fill 1
finger 1
finger 1
finish 1
fix 1
fix 1
fix 1
fix 1
fix 1
fix 1
fix 1
fix 1
fix 1
fix 1
fix 1
fix 1
fix 1
fix 1
fix 1
fix 1
fix 1
fix 1
fix 1
fix 1
fix 1
fix 1
fix 1
fix 1
fix 1
fix 1
fix 1
fix 1
fix 1
fix 1
flinders 1
flower 1
flower 1
fluster 1
fly 1
fly 1
fly 1
fly 1
flying 1
flying 1
flying 1
flying 1
flying 1
folks 1
folks 1
folks 1
folks 1
folks 1
folks 1
folks 1
folks 1
folks 1
folks 1
folks 1
folks 1
folks 1
folks 1
folks 1
folks 1
folks 1
folks 1
folks 1
folks 1
folks 1
folks 1
folks 1
folks 1
folks 1
folks 1
folks 1
folks 1
fooled 1
fooled 1
fooled 1
fooled 1
fooled 1
foolishness 1
foolishness 1
foolishness 1
foolishness 1
foolishness 1
foolishness 1
foolishness 1
foolishness 1
force 1
force 1
forever 1
forever 1
forever 1
forever 1
forever 1
forever 1
forks 1
forks 1
foundation 1
fren 1
fren 1
fren 1
fren 1
fret 1
friends 1
friends 1
friends 1
friends 1
friends 1
friends 1
friends 1
friends 1
friends 1
friends 1
friends 1
friends 1
friends 1
friends 1
frivolishness 1
front 1
front 1
front 1
front 1
front 1
front 1
front 1
front 1
front 1
front 1
front 1
front 1
front 1
front 1
front 1
front 1
front 1
front 1
front 1
front 1
front 1
front 1
front 1
front 1
front 1
front 1
front 1
front 1
front 1
front 1
front 1
front 1
front 1
front 1
front 1
fumble 1
fun 1
fun 1
fun 1
fun 1
fun 1
fun 1
fun 1
fun 1
fun 1
fun 1
fun 1
gang 1
gang 1
gang 1
gang 1
gang 1
gang 1
gang 1
gang 1
gang 1
gang 1
gang 1
gang 1
gang 1
gang 1
gang 1
gang 1
gang 1
gang 1
gang 1
gang 1
gars 1
gather 1
gay 1
gazed 1
gazed 1
gentleman 1
gentleman 1
gentleman 1
gentleman 1
gentleman 1
gentleman 1
gentleman 1
gentleman 1
gentleman 1
gentleman 1
gentleman 1
gentleman 1
gentleman 1
gentleman 1
gentleman 1
gentleman 1
gentleman 1
gentleman 1
gentleman 1
gentleman 1
gentleman 1
gentleman 1
gentleman 1
gentleman 1
gentleman 1
gentleman 1
gentleman 1
gentleman 1
gentleman 1
gentleman 1
gentleman 1
gentleman 1
gits 1
gits 1
glancing 1
glared 1
glided 1
glided 1
glided 1
glided 1
gone 1
gone 1
gone 1
gone 1
gone 1
gone 1
gone 1
gone 1
gone 1
gone 1
gone 1
gone 1
gone 1
gone 1
gone 1
gone 1
gone 1
gone 1
gone 1
gone 1
gone 1
gone 1
gone 1
gone 1
gone 1
gone 1
gone 1
gone 1
gone 1
gone 1
gone 1
gone 1
gone 1
gone 1
gone 1
gone 1
gone 1
gone 1
gone 1
gone 1
gone 1
gone 1
gone 1
gone 1
gone 1
gone 1
gone 1
gone 1
gone 1
gone 1
gone 1
gone 1
gone 1
gone 1
gone 1
gone 1
gone 1
gone 1
gone 1
gone 1
gone 1
gone 1
gone 1
gone 1
gone 1
gone 1
gone 1
gone 1
gone 1
gone 1
gone 1
gone 1
gone 1
gone 1
gone 1
gone 1
gone 1
gone 1
gone 1
gone 1
gone 1
gone 1
gone 1
gone 1
gone 1
good 1
good 1
good 1
good 1
good 1
good 1
good 1
good 1
good 1
good 1
good 1
good 1
good 1
good 1
good 1
good 1
good 1
good 1
good 1
good 1
good 1
good 1
good 1
good 1
good 1
good 1
good 1
good 1
good 1
good 1
good 1
good 1
good 1
good 1
good 1
good 1
good 1
good 1
good 1
good 1
good 1
good 1
good 1
good 1
good 1
good 1
good 1
good 1
good 1
good 1
good 1
good 1
good 1
good 1
good 1
good 1
good 1
good 1
good 1
good 1
good 1
good 1
good 1
good 1
good 1
good 1
good 1
good 1
good 1
good 1
good 1
good 1
good 1
good 1
good 1
good 1
good 1
good 1
good 1
good 1
good 1
good 1
good 1
good 1
good 1
good 1
good 1
good 1
good 1
good 1
good 1
good 1
good 1
good 1
good 1
good 1
good 1
good 1
good 1
good 1
good 1
good 1
good 1
good 1
good 1
good 1
good 1
good 1
good 1
good 1
good 1
good 1
good 1
good 1
good 1
good 1
good 1
good 1
good 1
good 1
good 1
good 1
good 1
good 1
good 1
good 1
good 1
good 1
good 1
good 1
good 1
good 1
good 1
good 1
good 1
good 1
good 1
good 1
good 1
good 1
good 1
good 1
good 1
good 1
good 1
good 1
good 1
good 1
good 1
good 1
good 1
good 1
good 1
good 1
good 1
good 1
good 1
good 1
good 1
good 1
good 1
good 1
good 1
good 1
good 1
good 1
good 1
good 1
good 1
good 1
good 1
good 1
good 1
good 1
good 1
good 1
good 1
good 1
good 1
good 1
good 1
good 1
good 1
good 1
good 1
good 1
good 1
good 1
good 1
good 1
good 1
good 1
good 1
good 1
good 1
good 1
good 1
good 1
good 1
good 1
good 1
good 1
good 1
good 1
good 1
good 1
good 1
good 1
good 1
good 1
good 1
good 1
good 1
good 1
good 1
good 1
good 1
good 1
good 1
good 1
good 1
good 1
good 1
good 1
good 1
good 1
good 1
good 1
good 1
good 1
good 1
good 1
good 1
good 1
good 1
good 1
good 1
good 1
good 1
good 1
good 1
good 1
good 1
good 1
good 1
good 1
good 1
good 1
good 1
good 1
good 1
good 1
good 1
good 1
good 1
good 1
good 1
good 1
good 1
good 1
good 1
good 1
good 1
good 1
good 1
good 1
good 1
good 1
good 1
good 1
good 1
good 1
good 1
good 1
goose 1
goose 1
goose 1
gourd 1
gourd 1
gourd 1
govern 1
gown 1
gown 1
gown 1
gown 1
gown 1
gown 1
gown 1
gown 1
grieving 1
grindstone 1
grindstone 1
grindstone 1
grindstone 1
grindstone 1
grindstone 1
grindstone 1
grindstone 1
grindstone 1
grindstone 1
grindstone 1
grindstone 1
grindstone 1
groaning 1
groun 1
guardian 1
guardian 1
guns 1
guns 1
guns 1
guns 1
guns 1
guns 1
guns 1
guns 1
guns 1
guns 1
guns 1
guns 1
guns 1
guns 1
guns 1
guns 1
guns 1
guns 1
guns 1
gwineter 1
gwineter 1
had 1
had 1
had 1
had 1
had 1
had 1
had 1
had 1
had 1
had 1
had 1
had 1
had 1
had 1
had 1
had 1
had 1
had 1
had 1
had 1
had 1
had 1
had 1
had 1
had 1
had 1
had 1
had 1
had 1
had 1
had 1
had 1
had 1
had 1
had 1
had 1
had 1
had 1
had 1
had 1
had 1
had 1
had 1
had 1
had 1
had 1
had 1
had 1
had 1
had 1
had 1
had 1
had 1
had 1
had 1
had 1
had 1
had 1
had 1
had 1
had 1
had 1
had 1
had 1
had 1
had 1
had 1
had 1
had 1
had 1
had 1
had 1
had 1
had 1
had 1
had 1
had 1
had 1
had 1
had 1
had 1
had 1
had 1
had 1
had 1
had 1
had 1
had 1
had 1
had 1
had 1
had 1
had 1
had 1
had 1
had 1
had 1
had 1
had 1
had 1
had 1
had 1
had 1
had 1
had 1
had 1
had 1
had 1
had 1
had 1
had 1
had 1
had 1
had 1
had 1
had 1
had 1
had 1
had 1
had 1
had 1
had 1
had 1
had 1
had 1
had 1
had 1
had 1
had 1
had 1
had 1
had 1
had 1
had 1
had 1
had 1
had 1
had 1
had 1
had 1
had 1
had 1
had 1
had 1
had 1
had 1
had 1
had 1
had 1
had 1
had 1
had 1
had 1
had 1
had 1
had 1
had 1
had 1
had 1
had 1
had 1
had 1
had 1
had 1
had 1
had 1
had 1
had 1
had 1
had 1
had 1
had 1
had 1
had 1
had 1
had 1
had 1
had 1
had 1
had 1
had 1
had 1
had 1
had 1
had 1
had 1
had 1
had 1
had 1
had 1
had 1
had 1
had 1
had 1
had 1
had 1
had 1
had 1
had 1
had 1
had 1
had 1
had 1
had 1
had 1
had 1
had 1
had 1
had 1
had 1
had 1
had 1
had 1
had 1
had 1
had 1
had 1
had 1
had 1
had 1
had 1
had 1
had 1
had 1
had 1
had 1
had 1
had 1
had 1
had 1
had 1
had 1
had 1
had 1
had 1
had 1
had 1
had 1
had 1
had 1
had 1
had 1
had 1
had 1
had 1
had 1
had 1
had 1
had 1
had 1
had 1
had 1
had 1
had 1
had 1
had 1
had 1
had 1
had 1
had 1
had 1
had 1
had 1
had 1
had 1
had 1
had 1
had 1
had 1
had 1
had 1
had 1
had 1
had 1
had 1
had 1
had 1
had 1
had 1
had 1
had 1
had 1
had 1
had 1
had 1
had 1
had 1
had 1
had 1
had 1
had 1
had 1
had 1
had 1
had 1
had 1
had 1
had 1
had 1
had 1
had 1
had 1
had 1
had 1
had 1
had 1
had 1
had 1
had 1
had 1
had 1
had 1
had 1
had 1
had 1
had 1
had 1
had 1
had 1
had 1
had 1
had 1
had 1
had 1
had 1
had 1
had 1
had 1
had 1
had 1
had 1
had 1
had 1
had 1
had 1
had 1
had 1
had 1
had 1
had 1
had 1
had 1
had 1
had 1
had 1
had 1
had 1
had 1
had 1
had 1
had 1
had 1
had 1
had 1
had 1
had 1
had 1
had 1
had 1
had 1
had 1
had 1
had 1
had 1
had 1
had 1
had 1
had 1
had 1
had 1
had 1
had 1
had 1
had 1
had 1
had 1
had 1
had 1
had 1
had 1
had 1
had 1
had 1
had 1
had 1
had 1
had 1
had 1
had 1
had 1
had 1
had 1
had 1
had 1
had 1
had 1
had 1
had 1
had 1
had 1
had 1
had 1
had 1
had 1
had 1
had 1
had 1
had 1
had 1
had 1
had 1
had 1
had 1
had 1
had 1
had 1
had 1
had 1
had 1
had 1
had 1
had 1
had 1
had 1
had 1
had 1
had 1
had 1
had 1
had 1
had 1
had 1
had 1
had 1
had 1
had 1
had 1
had 1
had 1
had 1
had 1
had 1
had 1
had 1
had 1
had 1
had 1
had 1
had 1
had 1
had 1
had 1
had 1
had 1
had 1
had 1
had 1
had 1
had 1
had 1
had 1
had 1
had 1
hadn 1
hadn 1
hadn 1
hadn 1
hadn 1
hadn 1
hadn 1
hadn 1
hadn 1
hadn 1
hadn 1
hadn 1
hadn 1
hadn 1
hadn 1
hadn 1
hadn 1
hadn 1
hadn 1
hadn 1
hadn 1
hadn 1
hadn 1
hadn 1
hadn 1
hadn 1
hadn 1
hadn 1
hadn 1
hadn 1
hadn 1
hadn 1
hadn 1
hadn 1
hadn 1
hadn 1
hadn 1
hadn 1
hadn 1
hadn 1
hadn 1
hadn 1
hadn 1
hadn 1
hadn 1
hadn 1
hadn 1
hadn 1
hadn 1
hadn 1
hadn 1
hadn 1
hadn 1
hadn 1
hadn 1
hadn 1
hadn 1
hadn 1
hadn 1
hadn 1
hadn 1
hadn 1
hadn 1
hadn 1
hadn 1
hadn 1
hadn 1
hadn 1
hadn 1
hadn 1
hadn 1
hadn 1
hadn 1
hadn 1
hadn 1
hadn 1
hadn 1
hadn 1
hand 1
hand 1
hand 1
hand 1
hand 1
hand 1
hand 1
hand 1
hand 1
hand 1
hand 1
hand 1
hand 1
hand 1
hand 1
hand 1
hand 1
hand 1
hand 1
hand 1
hand 1
hand 1
hand 1
hand 1
hand 1
hand 1
hand 1
hand 1
hand 1
hand 1
hand 1
hand 1
hand 1
hand 1
hand 1
hand 1
hand 1
hand 1
hand 1
hand 1
hand 1
hand 1
hand 1
hand 1
hand 1
hand 1
hand 1
hand 1
hand 1
hand 1
hand 1
hand 1
hand 1
hand 1
hand 1
hand 1
hand 1
hand 1
hand 1
hand 1
hand 1
hand 1
hand 1
hand 1
hand 1
hand 1
hand 1
hand 1
hand 1
hand 1
hand 1
hand 1
hand 1
hand 1
hand 1
handbills 1
handbills 1
handkerchiefs 1
handsome 1
handsome 1
handsome 1
handsome 1
handsome 1
handsome 1
handsome 1
handsome 1
hears 1
hears 1
hears 1
hears 1
hears 1
hears 1
hears 1
hears 1
hearts 1
hearts 1
hearts 1
hearty 1
hearty 1
hearty 1
heeled 1
helish 1
helping 1
helping 1
hern 1
higher 1
higher 1
highwaymen 1
hill 1
hill 1
hill 1
hill 1
hill 1
hill 1
hill 1
hill 1
hint 1
hint 1
hint 1
hoist 1
hoist 1
home 1
home 1
home 1
home 1
home 1
home 1
home 1
home 1
home 1
home 1
home 1
home 1
home 1
home 1
home 1
home 1
home 1
home 1
home 1
home 1
home 1
home 1
home 1
home 1
home 1
home 1
home 1
home 1
home 1
home 1
home 1
home 1
home 1
home 1
home 1
home 1
home 1
home 1
home 1
home 1
home 1
home 1
home 1
home 1
home 1
home 1
home 1
home 1
home 1
home 1
home 1
home 1
home 1
home 1
home 1
home 1
home 1
home 1
home 1
home 1
home 1
home 1
home 1
home 1
home 1
home 1
houses 1
houses 1
houses 1
houses 1
houses 1
houses 1
houses 1
houses 1
houses 1
houses 1
houses 1
houses 1
houses 1
hunched 1
hunched 1
hundreds 1
hundreds 1
hundreds 1
hundreds 1
hunt 1
hunt 1
hunt 1
hunt 1
hunt 1
hunt 1
hunt 1
hunt 1
hunt 1
hunt 1
hunt 1
hunt 1
hunt 1
hunt 1
hunt 1
hunt 1
hunt 1
hunt 1
hunting 1
hunting 1
hunting 1
hunting 1
hunting 1
hunting 1
hunting 1
hunting 1
hunting 1
husband 1
husband 1
husband 1
husband 1
husband 1
husband 1
husband 1
hut 1
hut 1
hut 1
hut 1
hut 1
hut 1
hut 1
hut 1
idea 1
idea 1
idea 1
idea 1
idea 1
idea 1
idea 1
idea 1
idea 1
idea 1
idea 1
idea 1
idea 1
idea 1
idea 1
idea 1
idea 1
idea 1
idea 1
idea 1
idea 1
idea 1
idea 1
idea 1
idea 1
idea 1
idea 1
idea 1
idea 1
idea 1
idea 1
idea 1
idea 1
impaired 1
impatient 1
including 1
including 1
including 1
including 1
including 1
including 1
including 1
including 1
including 1
including 1
increasing 1
indirectly 1
ingenious 1
innerds 1
inquire 1
inquire 1
inquire 1
insides 1
insides 1
instance 1
intrust 1
itself 1
itself 1
itself 1
itself 1
itself 1
itself 1
jabbered 1
jackstaff 1
jams 1
jawin 1
jedged 1
jimcracks 1
jingo 1
jint 1
joke 1
joke 1
joke 1
joker 1
joyful 1
joyful 1
joyful 1
joyful 1
joyful 1
joyful 1
jumbled 1
kaze 1
keenest 1
keep 1
keep 1
keep 1
keep 1
keep 1
keep 1
keep 1
keep 1
keep 1
keep 1
keep 1
keep 1
keep 1
keep 1
keep 1
keep 1
keep 1
keep 1
keep 1
keep 1
keep 1
keep 1
keep 1
keep 1
keep 1
keep 1
keep 1
keep 1
keep 1
keep 1
keep 1
keep 1
keep 1
keep 1
keep 1
keep 1
keep 1
keep 1
keep 1
keep 1
keep 1
keep 1
keep 1
keep 1
keep 1
keep 1
keep 1
keep 1
keep 1
keep 1
keep 1
keep 1
keep 1
keep 1
keep 1
keep 1
keep 1
keep 1
keep 1
keep 1
keep 1
keep 1
keep 1
keep 1
keep 1
keep 1
keep 1
keep 1
keep 1
keep 1
keep 1
keep 1
keep 1
keep 1
keep 1
keep 1
keep 1
keep 1
keep 1
keep 1
keep 1
keep 1
keeping 1
keeping 1
keeping 1
keeping 1
keeping 1
keeping 1
keeping 1
keeping 1
key 1
key 1
key 1
key 1
key 1
key 1
key 1
key 1
key 1
key 1
kills 1
kills 1
knife 1
knife 1
knife 1
knife 1
knife 1
knife 1
knife 1
knife 1
knife 1
knife 1
knife 1
knife 1
knife 1
knife 1
knife 1
knife 1
lame 1
land 1
land 1
land 1
land 1
land 1
land 1
land 1
land 1
land 1
land 1
land 1
land 1
land 1
land 1
land 1
land 1
land 1
land 1
land 1
land 1
land 1
land 1
land 1
land 1
land 1
lanterns 1
lap 1
lap 1
lap 1
lap 1
large 1
large 1
large 1
lasses 1
lasted 1
layer 1
layer 1
leaking 1
learns 1
leastways 1
leastways 1
leastways 1
leastways 1
leastways 1
leastways 1
leave 1
leave 1
leave 1
leave 1
leave 1
leave 1
leave 1
leave 1
leave 1
leave 1
leave 1
leave 1
leave 1
leave 1
leave 1
leave 1
leave 1
leave 1
leave 1
leave 1
leave 1
leave 1
leave 1
leave 1
leave 1
leave 1
leave 1
leave 1
leave 1
leave 1
leave 1
leave 1
leave 1
leave 1
legs 1
legs 1
legs 1
legs 1
legs 1
legs 1
legs 1
legs 1
legs 1
legs 1
legs 1
lessons 1
letters 1
letters 1
letters 1
letters 1
letters 1
letters 1
letters 1
letters 1
letters 1
letters 1
letters 1
letters 1
letters 1
licensed 1
lifting 1
like 1
like 1
like 1
like 1
like 1
like 1
like 1
like 1
like 1
like 1
like 1
like 1
like 1
like 1
like 1
like 1
like 1
like 1
like 1
like 1
like 1
like 1
like 1
like 1
like 1
like 1
like 1
like 1
like 1
like 1
like 1
like 1
like 1
like 1
like 1
like 1
like 1
like 1
like 1
like 1
like 1
like 1
like 1
like 1
like 1
like 1
like 1
like 1
like 1
like 1
like 1
like 1
like 1
like 1
like 1
like 1
like 1
like 1
like 1
like 1
like 1
like 1
like 1
like 1
like 1
like 1
like 1
like 1
like 1
like 1
like 1
like 1
like 1
like 1
like 1
like 1
like 1
like 1
like 1
like 1
like 1
like 1
like 1
like 1
like 1
like 1
like 1
like 1
like 1
like 1
like 1
like 1
like 1
like 1
like 1
like 1
like 1
like 1
like 1
like 1
like 1
like 1
like 1
like 1
like 1
like 1
like 1
like 1
like 1
like 1
like 1
like 1
like 1
like 1
like 1
like 1
like 1
like 1
like 1
like 1
like 1
like 1
like 1
like 1
like 1
like 1
like 1
like 1
like 1
like 1
like 1
like 1
like 1
like 1
like 1
like 1
like 1
like 1
like 1
like 1
like 1
like 1
like 1
like 1
like 1
like 1
like 1
like 1
like 1
like 1
like 1
like 1
like 1
like 1
like 1
like 1
like 1
like 1
like 1
like 1
like 1
like 1
like 1
like 1
like 1
like 1
like 1
like 1
like 1
like 1
like 1
like 1
like 1
like 1
like 1
like 1
like 1
like 1
like 1
like 1
like 1
like 1
like 1
like 1
like 1
like 1
like 1
like 1
like 1
like 1
like 1
like 1
like 1
like 1
like 1
like 1
like 1
like 1
like 1
like 1
like 1
like 1
like 1
like 1
like 1
like 1
like 1
like 1
like 1
like 1
like 1
like 1
like 1
like 1
like 1
like 1
like 1
like 1
like 1
like 1
like 1
like 1
like 1
like 1
like 1
like 1
like 1
like 1
like 1
like 1
like 1
like 1
like 1
like 1
like 1
like 1
like 1
like 1
like 1
like 1
like 1
like 1
like 1
like 1
like 1
like 1
like 1
like 1
like 1
like 1
like 1
like 1
like 1
like 1
like 1
like 1
like 1
like 1
like 1
like 1
like 1
like 1
like 1
like 1
like 1
like 1
like 1
like 1
like 1
like 1
like 1
like 1
lines 1
lines 1
lines 1
lines 1
lines 1
lines 1
lines 1
lines 1
lines 1
lines 1
living 1
living 1
living 1
living 1
living 1
loafer 1
loafer 1
longs 1
longs 1
lot 1
lot 1
lot 1
lot 1
lot 1
lot 1
lot 1
lot 1
lot 1
lot 1
lot 1
lot 1
lot 1
lot 1
lot 1
lot 1
lot 1
lot 1
lot 1
lot 1
lot 1
lot 1
lot 1
lot 1
lot 1
lot 1
lot 1
lot 1
lot 1
lot 1
lot 1
lot 1
lot 1
lot 1
lot 1
lot 1
lot 1
lot 1
lot 1
lot 1
lot 1
lot 1
lot 1
lot 1
lot 1
lot 1
lot 1
lot 1
lot 1
lot 1
lot 1
lot 1
lot 1
lot 1
lot 1
lot 1
louder 1
louder 1
loveliest 1
lovely 1
lovely 1
lovely 1
lovely 1
lovely 1
lovely 1
lovely 1
lovely 1
lovely 1
lovely 1
lovely 1
lovely 1
lovely 1
lunkheads 1
m 1
m 1
m 1
m 1
m 1
m 1
m 1
m 1
m 1
m 1
m 1
m 1
m 1
m 1
m 1
m 1
m 1
m 1
m 1
m 1
m 1
m 1
m 1
m 1
m 1
m 1
m 1
m 1
m 1
m 1
m 1
m 1
m 1
m 1
m 1
m 1
m 1
m 1
m 1
m 1
m 1
m 1
m 1
m 1
m 1
m 1
m 1
m 1
m 1
m 1
m 1
m 1
m 1
m 1
m 1
m 1
m 1
m 1
m 1
m 1
m 1
m 1
m 1
m 1
m 1
m 1
m 1
m 1
m 1
m 1
m 1
m 1
m 1
m 1
m 1
m 1
m 1
m 1
m 1
m 1
m 1
m 1
m 1
m 1
m 1
m 1
m 1
m 1
m 1
m 1
m 1
m 1
m 1
m 1
m 1
m 1
m 1
m 1
m 1
m 1
m 1
m 1
m 1
m 1
m 1
m 1
m 1
m 1
m 1
m 1
m 1
m 1
m 1
m 1
m 1
m 1
m 1
m 1
m 1
m 1
m 1
m 1
m 1
m 1
m 1
m 1
m 1
m 1
m 1
magician 1
maintaining 1
making 1
making 1
making 1
making 1
making 1
making 1
making 1
making 1
making 1
making 1
making 1
making 1
making 1
making 1
making 1
making 1
many 1
many 1
many 1
many 1
many 1
many 1
many 1
many 1
many 1
many 1
many 1
many 1
many 1
many 1
many 1
many 1
many 1
many 1
many 1
many 1
many 1
many 1
many 1
many 1
many 1
many 1
many 1
many 1
many 1
many 1
many 1
many 1
many 1
many 1
many 1
many 1
many 1
many 1
many 1
many 1
many 1
many 1
many 1
many 1
many 1
many 1
many 1
marry 1
marry 1
marry 1
meddled 1
mentioned 1
mentioned 1
mentioned 1
mentioned 1
mids 1
milking 1
millions 1
minded 1
minded 1
minded 1
minded 1
minutes 1
minutes 1
minutes 1
minutes 1
minutes 1
minutes 1
minutes 1
minutes 1
minutes 1
minutes 1
minutes 1
minutes 1
minutes 1
minutes 1
minutes 1
minutes 1
minutes 1
minutes 1
minutes 1
minutes 1
minutes 1
minutes 1
miserableness 1
miserableness 1
missed 1
missed 1
missed 1
missed 1
missed 1
missed 1
missed 1
missed 1
missed 1
missed 1
missed 1
missed 1
missed 1
moderated 1
moon 1
moon 1
moon 1
moon 1
moon 1
moon 1
moon 1
moon 1
moon 1
moon 1
moon 1
mooning 1
mooning 1
mooning 1
moral 1
moral 1
moral 1
more 1
more 1
more 1
more 1
more 1
more 1
more 1
more 1
more 1
more 1
more 1
more 1
more 1
more 1
more 1
more 1
more 1
more 1
more 1
more 1
more 1
more 1
more 1
more 1
more 1
more 1
more 1
more 1
more 1
more 1
more 1
more 1
more 1
more 1
more 1
more 1
more 1
more 1
more 1
more 1
more 1
more 1
more 1
more 1
more 1
more 1
more 1
more 1
more 1
more 1
more 1
more 1
more 1
more 1
more 1
more 1
more 1
more 1
more 1
more 1
more 1
more 1
more 1
more 1
more 1
more 1
more 1
more 1
more 1
more 1
more 1
more 1
more 1
more 1
more 1
more 1
more 1
more 1
more 1
more 1
more 1
more 1
more 1
more 1
more 1
more 1
more 1
more 1
more 1
more 1
more 1
more 1
more 1
more 1
more 1
more 1
more 1
more 1
more 1
more 1
more 1
more 1
more 1
more 1
more 1
more 1
more 1
more 1
more 1
more 1
more 1
more 1
more 1
more 1
more 1
more 1
more 1
more 1
more 1
more 1
more 1
more 1
more 1
more 1
more 1
more 1
more 1
more 1
more 1
more 1
more 1
more 1
more 1
more 1
more 1
more 1
more 1
more 1
more 1
more 1
more 1
more 1
more 1
more 1
more 1
more 1
more 1
more 1
more 1
more 1
more 1
more 1
more 1
more 1
more 1
more 1
more 1
more 1
more 1
more 1
more 1
more 1
more 1
more 1
more 1
more 1
more 1
more 1
more 1
more 1
more 1
more 1
more 1
more 1
more 1
more 1
more 1
more 1
more 1
more 1
more 1
more 1
more 1
more 1
more 1
more 1
more 1
more 1
more 1
more 1
more 1
more 1
more 1
more 1
more 1
more 1
more 1
more 1
more 1
more 1
more 1
mornings 1
mother 1
mother 1
mother 1
mother 1
mother 1
mother 1
mother 1
mother 1
mother 1
mother 1
mother 1
mother 1
mother 1
mother 1
mother 1
movin 1
muddled 1
mullen 1
mullen 1
mullen 1
mullen 1
munching 1
mushmelons 1
music 1
music 1
music 1
music 1
music 1
music 1
natcherl 1
navigate 1
needed 1
needed 1
needed 1
needed 1
negro 1
nemmine 1
ness 1
net 1
net 1
net 1
net 1
net 1
net 1
no 1
no 1
no 1
no 1
no 1
no 1
no 1
no 1
no 1
no 1
no 1
no 1
no 1
no 1
no 1
no 1
no 1
no 1
no 1
no 1
no 1
no 1
no 1
no 1
no 1
no 1
no 1
no 1
no 1
no 1
no 1
no 1
no 1
no 1
no 1
no 1
no 1
no 1
no 1
no 1
no 1
no 1
no 1
no 1
no 1
no 1
no 1
no 1
no 1
no 1
no 1
no 1
no 1
no 1
no 1
no 1
no 1
no 1
no 1
no 1
no 1
no 1
no 1
no 1
no 1
no 1
no 1
no 1
no 1
no 1
no 1
no 1
no 1
no 1
no 1
no 1
no 1
no 1
no 1
no 1
no 1
no 1
no 1
no 1
no 1
no 1
no 1
no 1
no 1
no 1
no 1
no 1
no 1
no 1
no 1
no 1
no 1
no 1
no 1
no 1
no 1
no 1
no 1
no 1
no 1
no 1
no 1
no 1
no 1
no 1
no 1
no 1
no 1
no 1
no 1
no 1
no 1
no 1
no 1
no 1
no 1
no 1
no 1
no 1
no 1
no 1
no 1
no 1
no 1
no 1
no 1
no 1
no 1
no 1
no 1
no 1
no 1
no 1
no 1
no 1
no 1
no 1
no 1
no 1
no 1
no 1
no 1
no 1
no 1
no 1
no 1
no 1
no 1
no 1
no 1
no 1
no 1
no 1
no 1
no 1
no 1
no 1
no 1
no 1
no 1
no 1
no 1
no 1
no 1
no 1
no 1
no 1
no 1
no 1
no 1
no 1
no 1
no 1
no 1
no 1
no 1
no 1
no 1
no 1
no 1
no 1
no 1
no 1
no 1
no 1
no 1
no 1
no 1
no 1
no 1
no 1
no 1
no 1
no 1
no 1
no 1
no 1
no 1
no 1
no 1
no 1
no 1
no 1
no 1
no 1
no 1
no 1
no 1
no 1
no 1
no 1
no 1
no 1
no 1
no 1
no 1
no 1
no 1
no 1
no 1
no 1
no 1
no 1
no 1
no 1
no 1
no 1
no 1
no 1
no 1
no 1
no 1
no 1
no 1
no 1
no 1
no 1
no 1
no 1
no 1
no 1
no 1
no 1
no 1
no 1
no 1
no 1
no 1
no 1
no 1
no 1
no 1
no 1
no 1
no 1
no 1
no 1
no 1
no 1
no 1
no 1
no 1
no 1
no 1
no 1
no 1
no 1
no 1
no 1
no 1
no 1
no 1
no 1
no 1
no 1
no 1
no 1
no 1
no 1
no 1
no 1
no 1
no 1
no 1
no 1
no 1
no 1
no 1
no 1
no 1
no 1
no 1
no 1
no 1
no 1
no 1
no 1
no 1
no 1
no 1
no 1
no 1
no 1
no 1
no 1
no 1
no 1
no 1
no 1
no 1
no 1
no 1
no 1
no 1
no 1
no 1
no 1
no 1
no 1
no 1
no 1
no 1
no 1
no 1
no 1
no 1
no 1
no 1
no 1
no 1
no 1
no 1
no 1
no 1
no 1
no 1
no 1
no 1
no 1
no 1
no 1
no 1
no 1
no 1
no 1
no 1
no 1
no 1
no 1
no 1
no 1
no 1
no 1
no 1
no 1
no 1
no 1
no 1
no 1
no 1
no 1
no 1
no 1
no 1
no 1
no 1
no 1
no 1
no 1
no 1
no 1
no 1
no 1
no 1
no 1
no 1
no 1
no 1
no 1
no 1
no 1
no 1
no 1
no 1
no 1
no 1
no 1
no 1
no 1
no 1
no 1
no 1
no 1
no 1
no 1
no 1
no 1
no 1
no 1
no 1
no 1
no 1
no 1
no 1
no 1
no 1
no 1
no 1
no 1
no 1
no 1
no 1
no 1
no 1
no 1
no 1
no 1
no 1
no 1
no 1
no 1
no 1
no 1
no 1
no 1
no 1
no 1
no 1
no 1
no 1
no 1
no 1
no 1
no 1
no 1
no 1
no 1
no 1
no 1
no 1
no 1
no 1
no 1
no 1
no 1
no 1
no 1
no 1
no 1
no 1
no 1
no 1
no 1
no 1
no 1
no 1
no 1
no 1
no 1
no 1
no 1
no 1
no 1
no 1
no 1
no 1
no 1
no 1
no 1
no 1
no 1
no 1
no 1
no 1
no 1
no 1
no 1
no 1
no 1
no 1
no 1
no 1
no 1
no 1
no 1
nodding 1
nohow 1
nohow 1
nohow 1
nohow 1
nohow 1
nohow 1
nohow 1
nor 1
nor 1
nor 1
nor 1
nor 1
nor 1
nor 1
nor 1
nor 1
nor 1
nor 1
nor 1
nor 1
nor 1
nor 1
nor 1
nor 1
nor 1
nor 1
nor 1
nor 1
nor 1
nor 1
nor 1
nor 1
nor 1
nor 1
nor 1
nor 1
nor 1
nor 1
nor 1
nor 1
nor 1
nor 1
nor 1
nor 1
nor 1
nor 1
nor 1
nor 1
nor 1
nor 1
nor 1
nor 1
nor 1
nor 1
nor 1
nor 1
nor 1
nor 1
nor 1
nor 1
nor 1
nor 1
nor 1
notion 1
notion 1
notion 1
notion 1
notion 1
notion 1
notion 1
notion 1
notion 1
notion 1
notion 1
notion 1
notion 1
notion 1
nough 1
nudged 1
nudged 1
nuff 1
number 1
number 1
number 1
number 1
nuss 1
offered 1
offered 1
oh 1
oh 1
oh 1
oh 1
oh 1
oh 1
oh 1
oh 1
old 1
old 1
old 1
old 1
old 1
old 1
old 1
old 1
old 1
old 1
old 1
old 1
old 1
old 1
old 1
old 1
old 1
old 1
old 1
old 1
old 1
old 1
old 1
old 1
old 1
old 1
old 1
old 1
old 1
old 1
old 1
old 1
old 1
old 1
old 1
old 1
old 1
old 1
old 1
old 1
old 1
old 1
old 1
old 1
old 1
old 1
old 1
old 1
old 1
old 1
old 1
old 1
old 1
old 1
old 1
old 1
old 1
old 1
old 1
old 1
old 1
old 1
old 1
old 1
old 1
old 1
old 1
old 1
old 1
old 1
old 1
old 1
old 1
old 1
old 1
old 1
old 1
old 1
old 1
old 1
old 1
old 1
old 1
old 1
old 1
old 1
old 1
old 1
old 1
old 1
old 1
old 1
old 1
old 1
old 1
old 1
old 1
old 1
old 1
old 1
old 1
old 1
old 1
old 1
old 1
old 1
old 1
old 1
old 1
old 1
old 1
old 1
old 1
old 1
old 1
old 1
old 1
old 1
old 1
old 1
old 1
old 1
old 1
old 1
old 1
old 1
old 1
old 1
old 1
old 1
old 1
old 1
old 1
old 1
old 1
old 1
old 1
old 1
old 1
old 1
old 1
old 1
old 1
old 1
old 1
old 1
old 1
old 1
old 1
old 1
old 1
old 1
old 1
old 1
old 1
old 1
old 1
old 1
old 1
old 1
old 1
old 1
old 1
old 1
old 1
old 1
old 1
old 1
old 1
old 1
old 1
old 1
old 1
old 1
old 1
old 1
old 1
old 1
old 1
old 1
old 1
old 1
old 1
old 1
old 1
old 1
old 1
old 1
old 1
old 1
old 1
old 1
old 1
old 1
old 1
old 1
old 1
old 1
old 1
old 1
old 1
old 1
old 1
old 1
old 1
old 1
old 1
old 1
old 1
old 1
old 1
old 1
old 1
old 1
old 1
old 1
old 1
old 1
old 1
old 1
old 1
old 1
old 1
old 1
old 1
old 1
old 1
old 1
old 1
old 1
old 1
old 1
old 1
old 1
old 1
old 1
old 1
old 1
old 1
old 1
old 1
old 1
old 1
old 1
old 1
old 1
old 1
old 1
old 1
old 1
old 1
old 1
old 1
old 1
old 1
old 1
old 1
oncomfortable 1
ones 1
ones 1
ones 1
ones 1
ones 1
ones 1
ones 1
ones 1
ones 1
ones 1
ones 1
ones 1
ones 1
ones 1
ones 1
ones 1
ones 1
onion 1
or 1
or 1
or 1
or 1
or 1
or 1
or 1
or 1
or 1
or 1
or 1
or 1
or 1
or 1
or 1
or 1
or 1
or 1
or 1
or 1
or 1
or 1
or 1
or 1
or 1
or 1
or 1
or 1
or 1
or 1
or 1
or 1
or 1
or 1
or 1
or 1
or 1
or 1
or 1
or 1
or 1
or 1
or 1
or 1
or 1
or 1
or 1
or 1
or 1
or 1
or 1
or 1
or 1
or 1
or 1
or 1
or 1
or 1
or 1
or 1
or 1
or 1
or 1
or 1
or 1
or 1
or 1
or 1
or 1
or 1
or 1
or 1
or 1
or 1
or 1
or 1
or 1
or 1
or 1
or 1
or 1
or 1
or 1
or 1
or 1
or 1
or 1
or 1
or 1
or 1
or 1
or 1
or 1
or 1
or 1
or 1
or 1
or 1
or 1
or 1
or 1
or 1
or 1
or 1
or 1
or 1
or 1
or 1
or 1
or 1
or 1
or 1
or 1
or 1
or 1
or 1
or 1
or 1
or 1
or 1
or 1
or 1
or 1
or 1
or 1
or 1
or 1
or 1
or 1
or 1
or 1
or 1
or 1
or 1
or 1
or 1
or 1
or 1
or 1
or 1
or 1
or 1
or 1
or 1
or 1
or 1
or 1
or 1
or 1
or 1
or 1
or 1
or 1
or 1
or 1
or 1
or 1
or 1
or 1
or 1
or 1
or 1
or 1
or 1
or 1
or 1
or 1
or 1
or 1
or 1
or 1
or 1
or 1
or 1
or 1
or 1
or 1
or 1
or 1
or 1
or 1
or 1
or 1
or 1
or 1
or 1
or 1
or 1
or 1
or 1
or 1
or 1
or 1
or 1
or 1
or 1
or 1
or 1
or 1
or 1
or 1
or 1
or 1
or 1
or 1
or 1
or 1
or 1
or 1
or 1
or 1
or 1
or 1
or 1
or 1
or 1
or 1
or 1
or 1
or 1
or 1
or 1
or 1
or 1
or 1
or 1
or 1
or 1
or 1
or 1
or 1
or 1
or 1
or 1
or 1
or 1
or 1
or 1
or 1
or 1
or 1
or 1
or 1
or 1
or 1
or 1
or 1
or 1
or 1
or 1
or 1
or 1
or 1
or 1
or 1
or 1
or 1
or 1
or 1
or 1
or 1
or 1
or 1
or 1
or 1
or 1
or 1
or 1
or 1
or 1
or 1
or 1
or 1
or 1
or 1
or 1
or 1
or 1
or 1
or 1
or 1
or 1
or 1
or 1
or 1
or 1
or 1
or 1
or 1
or 1
or 1
or 1
or 1
or 1
or 1
or 1
or 1
or 1
or 1
or 1
or 1
or 1
or 1
or 1
or 1
or 1
or 1
or 1
or 1
or 1
or 1
or 1
or 1
or 1
or 1
or 1
or 1
or 1
or 1
or 1
or 1
or 1
or 1
or 1
or 1
or 1
or 1
or 1
or 1
or 1
or 1
or 1
or 1
or 1
or 1
or 1
or 1
or 1
or 1
or 1
or 1
or 1
or 1
or 1
or 1
or 1
or 1
or 1
or 1
or 1
or 1
or 1
or 1
or 1
or 1
or 1
or 1
or 1
or 1
or 1
or 1
or 1
or 1
or 1
or 1
or 1
or 1
or 1
or 1
or 1
or 1
or 1
or 1
or 1
or 1
or 1
or 1
or 1
or 1
or 1
or 1
or 1
or 1
or 1
or 1
or 1
or 1
or 1
or 1
or 1
or 1
organized 1
orgo 1
orneriest 1
ornery 1
ornery 1
ornery 1
ornery 1
ornery 1
ornery 1
ornery 1
ornery 1
ornery 1
ornery 1
ornery 1
ornery 1
ornery 1
orphans 1
orphans 1
others 1
others 1
others 1
others 1
others 1
others 1
others 1
others 1
others 1
others 1
others 1
others 1
others 1
others 1
others 1
others 1
ours 1
outbuildings 1
outer 1
outlandish 1
outrun 1
outrun 1
owed 1
owner 1
owner 1
owner 1
owner 1
owner 1
owner 1
owner 1
owner 1
owner 1
pad 1
paddling 1
paddling 1
paddling 1
pan 1
pan 1
pan 1
pan 1
pan 1
pan 1
pan 1
pan 1
pan 1
pan 1
pan 1
pan 1
pan 1
pan 1
pan 1
pan 1
part 1
part 1
part 1
part 1
part 1
part 1
part 1
part 1
part 1
part 1
part 1
part 1
part 1
part 1
part 1
part 1
passages 1
passengers 1
peeled 1
peeled 1
pen 1
pen 1
pen 1
pen 1
pen 1
pen 1
pestering 1
petting 1
petting 1
petting 1
petting 1
pewter 1
pewter 1
pewter 1
pewter 1
phrase 1
phrase 1
phrase 1
phrase 1
pickaxe 1
pickins 1
pickles 1
pictures 1
pictures 1
pictures 1
pictures 1
pictures 1
pictures 1
pictures 1
pictures 1
pictures 1
pictures 1
piles 1
piles 1
piles 1
pistol 1
pistol 1
pistol 1
pistol 1
pistol 1
pistol 1
pistol 1
place 1
place 1
place 1
place 1
place 1
place 1
place 1
place 1
place 1
place 1
place 1
place 1
place 1
place 1
place 1
place 1
place 1
place 1
place 1
place 1
place 1
place 1
place 1
place 1
place 1
place 1
place 1
place 1
place 1
place 1
place 1
place 1
place 1
place 1
place 1
place 1
place 1
place 1
place 1
place 1
place 1
place 1
place 1
place 1
place 1
place 1
place 1
place 1
place 1
place 1
place 1
place 1
place 1
place 1
place 1
place 1
place 1
place 1
place 1
place 1
place 1
place 1
place 1
place 1
place 1
place 1
place 1
place 1
place 1
place 1
place 1
place 1
place 1
place 1
place 1
place 1
place 1
place 1
place 1
place 1
place 1
place 1
place 1
place 1
place 1
place 1
place 1
place 1
place 1
place 1
place 1
place 1
place 1
place 1
place 1
place 1
place 1
place 1
place 1
place 1
place 1
place 1
place 1
place 1
place 1
place 1
place 1
place 1
place 1
place 1
place 1
place 1
place 1
place 1
place 1
po 1
po 1
po 1
po 1
po 1
po 1
po 1
po 1
pointed 1
pointed 1
pointed 1
polite 1
powder 1
powder 1
practiced 1
prance 1
preaching 1
preaching 1
preaching 1
primer 1
privileged 1
prob 1
profits 1
profits 1
profits 1
promoting 1
promoting 1
promotion 1
properly 1
proprietary 1
protection 1
pull 1
pull 1
pull 1
pull 1
pull 1
pull 1
pull 1
pull 1
pull 1
pull 1
pull 1
pulling 1
pulling 1
pulling 1
pulling 1
quarters 1
quarters 1
quarters 1
quarters 1
quilt 1
raft 1
raft 1
raft 1
raft 1
raft 1
raft 1
raft 1
raft 1
raft 1
raft 1
raft 1
raft 1
raft 1
raft 1
raft 1
raft 1
raft 1
raft 1
raft 1
raft 1
raft 1
raft 1
raft 1
raft 1
raft 1
raft 1
raft 1
raft 1
raft 1
raft 1
raft 1
raft 1
raft 1
raft 1
raft 1
raft 1
raft 1
raft 1
raft 1
raft 1
raft 1
raft 1
raft 1
raft 1
raft 1
raft 1
raft 1
raft 1
raft 1
raft 1
raft 1
raft 1
raft 1
raft 1
raft 1
raft 1
raft 1
raft 1
raft 1
raft 1
raft 1
raft 1
raft 1
raft 1
raft 1
raft 1
raft 1
raft 1
raft 1
raft 1
raft 1
raft 1
raft 1
raft 1
raft 1
raft 1
raft 1
raft 1
raft 1
raft 1
raft 1
raft 1
raft 1
raft 1
raft 1
raft 1
raft 1
raft 1
raft 1
raft 1
raft 1
raft 1
raft 1
raft 1
raft 1
raft 1
raft 1
raft 1
raft 1
raft 1
raft 1
raft 1
raft 1
raft 1
raft 1
raft 1
raft 1
raft 1
raft 1
raft 1
raft 1
rafters 1
raises 1
raising 1
raising 1
raising 1
raising 1
raising 1
rard 1
rascals 1
rascals 1
rascals 1
reads 1
recollection 1
reddens 1
referrin 1
reforming 1
regulations 1
regulations 1
restrictions 1
restrictions 1
ridge 1
ridge 1
ridge 1
ridge 1
ridge 1
ridiculous 1
ridiculous 1
rightly 1
rightly 1
rights 1
rights 1
rights 1
rights 1
rights 1
rights 1
rights 1
rights 1
ripping 1
ripping 1
ripping 1
ripping 1
risin 1
roast 1
robbery 1
robbery 1
robbing 1
robbing 1
roll 1
roll 1
roll 1
roll 1
roll 1
roofed 1
roofed 1
roofed 1
rot 1
rot 1
rot 1
roust 1
roust 1
roust 1
roust 1
rows 1
rows 1
ruined 1
ruined 1
ry 1
sackful 1
safer 1
sapheads 1
sausage 1
say 1
say 1
say 1
say 1
say 1
say 1
say 1
say 1
say 1
say 1
say 1
say 1
say 1
say 1
say 1
say 1
say 1
say 1
say 1
say 1
say 1
say 1
say 1
say 1
say 1
say 1
say 1
say 1
say 1
say 1
say 1
say 1
say 1
say 1
say 1
say 1
say 1
say 1
say 1
say 1
say 1
say 1
say 1
say 1
say 1
say 1
say 1
say 1
say 1
say 1
say 1
say 1
say 1
say 1
say 1
say 1
say 1
say 1
say 1
say 1
say 1
say 1
say 1
say 1
say 1
say 1
say 1
say 1
say 1
say 1
say 1
say 1
say 1
say 1
say 1
say 1
say 1
say 1
say 1
say 1
say 1
say 1
say 1
say 1
say 1
say 1
say 1
say 1
say 1
say 1
say 1
say 1
say 1
say 1
say 1
say 1
say 1
say 1
say 1
say 1
say 1
say 1
say 1
say 1
say 1
say 1
say 1
say 1
say 1
say 1
say 1
say 1
say 1
say 1
say 1
say 1
say 1
say 1
say 1
say 1
say 1
say 1
say 1
say 1
say 1
say 1
say 1
say 1
say 1
say 1
say 1
say 1
say 1
say 1
say 1
say 1
say 1
say 1
say 1
say 1
say 1
say 1
say 1
say 1
say 1
say 1
say 1
say 1
say 1
say 1
say 1
say 1
say 1
say 1
say 1
say 1
say 1
say 1
say 1
say 1
say 1
say 1
say 1
say 1
say 1
say 1
say 1
say 1
say 1
say 1
say 1
say 1
say 1
say 1
say 1
say 1
say 1
say 1
say 1
say 1
say 1
say 1
scar 1
scarum 1
scent 1
scooped 1
scows 1
scrambled 1
scrambled 1
scream 1
scream 1
scream 1
scream 1
seconds 1
seconds 1
seconds 1
seconds 1
seconds 1
secure 1
separate 1
separate 1
serpent 1
servant 1
servant 1
servant 1
servant 1
servant 1
servant 1
servant 1
servant 1
servant 1
servant 1
sets 1
sets 1
sets 1
settle 1
settle 1
settle 1
settle 1
settle 1
shakes 1
shakes 1
shakes 1
shave 1
shivering 1
shoal 1
shouldered 1
shove 1
shove 1
shove 1
shove 1
shove 1
shove 1
shove 1
shove 1
shove 1
shove 1
shove 1
shove 1
shove 1
shove 1
shove 1
shove 1
shove 1
show 1
show 1
show 1
show 1
show 1
show 1
show 1
show 1
show 1
show 1
show 1
show 1
show 1
show 1
show 1
show 1
show 1
show 1
show 1
show 1
show 1
show 1
show 1
show 1
show 1
show 1
show 1
show 1
show 1
show 1
show 1
show 1
show 1
show 1
show 1
show 1
show 1
show 1
show 1
show 1
show 1
show 1
show 1
show 1
show 1
show 1
show 1
show 1
show 1
show 1
show 1
shroud 1
shutter 1
shutter 1
sicken 1
sickening 1
sight 1
sight 1
sight 1
sight 1
sight 1
sight 1
sight 1
sight 1
sight 1
sight 1
sight 1
sight 1
sight 1
sight 1
sight 1
sight 1
sight 1
sight 1
sight 1
sight 1
sight 1
sight 1
sight 1
sight 1
sight 1
sight 1
sight 1
sight 1
sight 1
sight 1
sight 1
sight 1
sight 1
sight 1
sight 1
sight 1
sight 1
sight 1
sight 1
sight 1
sight 1
sign 1
sign 1
sign 1
sign 1
sign 1
sign 1
sign 1
sign 1
sign 1
sign 1
sign 1
sign 1
sign 1
sign 1
sign 1
sign 1
sign 1
sign 1
sign 1
sign 1
sign 1
sign 1
sign 1
sign 1
silver 1
silver 1
silver 1
silver 1
silver 1
sivilized 1
sixty 1
sixty 1
sixty 1
sixty 1
sixty 1
skin 1
skin 1
skin 1
skin 1
skin 1
skin 1
skin 1
skin 1
skin 1
skin 1
skin 1
skin 1
skin 1
skin 1
skin 1
sleep 1
sleep 1
sleep 1
sleep 1
sleep 1
sleep 1
sleep 1
sleep 1
sleep 1
sleep 1
sleep 1
sleep 1
sleep 1
sleep 1
sleep 1
sleep 1
sleep 1
sleep 1
sleep 1
sleep 1
sleep 1
sleep 1
sleep 1
sleep 1
sleep 1
sleep 1
sleep 1
sleep 1
sleep 1
sleep 1
sleep 1
sleep 1
sleep 1
sling 1
sling 1
sling 1
sling 1
slink 1
slink 1
sloppy 1
slow 1
slow 1
slow 1
slow 1
slow 1
slow 1
slow 1
slow 1
slow 1
slow 1
slow 1
slow 1
slow 1
slow 1
slow 1
slow 1
slow 1
slow 1
slow 1
slow 1
slow 1
slow 1
slow 1
slow 1
slow 1
slow 1
slow 1
slow 1
slow 1
slow 1
slow 1
slow 1
slow 1
slow 1
slunk 1
slunk 1
smart 1
smart 1
smart 1
smart 1
smart 1
smart 1
smart 1
smartes 1
smelt 1
smelt 1
smelt 1
smelt 1
solder 1
soldiers 1
soldiers 1
sole 1
sorrows 1
soup 1
spare 1
spare 1
spare 1
spare 1
spare 1
spare 1
spare 1
sparkling 1
speed 1
spirit 1
spirit 1
spirit 1
spirit 1
spirit 1
spirit 1
spos 1
spos 1
spos 1
spos 1
spread 1
spread 1
spread 1
spread 1
spread 1
spread 1
spread 1
spread 1
spread 1
spread 1
spread 1
spread 1
spread 1
spread 1
spread 1
spread 1
spread 1
spread 1
spread 1
spread 1
sprung 1
sprung 1
sprung 1
spunk 1
squealing 1
started 1
started 1
started 1
started 1
started 1
started 1
started 1
started 1
started 1
started 1
started 1
started 1
started 1
started 1
started 1
started 1
started 1
started 1
started 1
started 1
started 1
started 1
started 1
started 1
started 1
started 1
started 1
started 1
started 1
started 1
started 1
started 1
started 1
started 1
started 1
started 1
started 1
started 1
started 1
started 1
started 1
started 1
started 1
started 1
started 1
started 1
started 1
started 1
started 1
started 1
started 1
started 1
started 1
started 1
started 1
started 1
steal 1
steal 1
steal 1
steal 1
steal 1
steal 1
steal 1
steal 1
steal 1
steal 1
steal 1
steal 1
steal 1
steal 1
steal 1
steal 1
steal 1
steal 1
steal 1
steal 1
steal 1
steal 1
steal 1
steal 1
steal 1
steal 1
steal 1
steal 1
steal 1
stepped 1
stepped 1
stepped 1
stepped 1
stilts 1
stored 1
stovepipe 1
strangers 1
strangers 1
strangers 1
streaks 1
strength 1
strength 1
strength 1
striking 1
string 1
string 1
string 1
string 1
string 1
string 1
striped 1
striped 1
stunned 1
stupid 1
suit 1
suit 1
suit 1
suit 1
sumpn 1
sunshine 1
superintend 1
surprise 1
surprise 1
surprise 1
surprise 1
surprise 1
surprise 1
surprise 1
surprise 1
surprise 1
tagging 1
taken 1
talky 1
tallest 1
tanyard 1
tanyard 1
tanyard 1
tanyard 1
tattoo 1
tedious 1
tedious 1
ter 1
than 1
than 1
than 1
than 1
than 1
than 1
than 1
than 1
than 1
than 1
than 1
than 1
than 1
than 1
than 1
than 1
than 1
than 1
than 1
than 1
than 1
than 1
than 1
than 1
than 1
than 1
than 1
than 1
than 1
than 1
than 1
than 1
than 1
than 1
than 1
than 1
than 1
than 1
than 1
than 1
than 1
than 1
than 1
than 1
than 1
than 1
than 1
than 1
than 1
than 1
than 1
than 1
than 1
than 1
than 1
than 1
than 1
than 1
than 1
than 1
than 1
than 1
than 1
than 1
than 1
than 1
than 1
than 1
than 1
than 1
than 1
than 1
than 1
than 1
than 1
than 1
than 1
than 1
than 1
than 1
than 1
than 1
than 1
than 1
than 1
than 1
than 1
thanked 1
thanked 1
thimble 1
thimble 1
thin 1
thin 1
thin 1
thin 1
thin 1
thin 1
things 1
things 1
things 1
things 1
things 1
things 1
things 1
things 1
things 1
things 1
things 1
things 1
things 1
things 1
things 1
things 1
things 1
things 1
things 1
things 1
things 1
things 1
things 1
things 1
things 1
things 1
things 1
things 1
things 1
things 1
things 1
things 1
things 1
things 1
things 1
things 1
things 1
things 1
things 1
things 1
things 1
things 1
things 1
things 1
things 1
things 1
things 1
things 1
things 1
things 1
things 1
things 1
things 1
things 1
things 1
things 1
things 1
things 1
things 1
things 1
things 1
things 1
things 1
things 1
things 1
things 1
things 1
things 1
things 1
things 1
things 1
things 1
things 1
things 1
things 1
things 1
things 1
things 1
things 1
things 1
things 1
things 1
things 1
things 1
things 1
things 1
things 1
things 1
things 1
things 1
things 1
things 1
things 1
things 1
things 1
things 1
things 1
things 1
things 1
things 1
things 1
things 1
things 1
things 1
things 1
things 1
things 1
things 1
things 1
things 1
things 1
things 1
things 1
things 1
things 1
things 1
things 1
things 1
things 1
threatening 1
thrillingest 1
tilt 1
to 1
to 1
to 1
to 1
to 1
to 1
to 1
to 1
to 1
to 1
to 1
to 1
to 1
to 1
to 1
to 1
to 1
to 1
to 1
to 1
to 1
to 1
to 1
to 1
to 1
to 1
to 1
to 1
to 1
to 1
to 1
to 1
to 1
to 1
to 1
to 1
to 1
to 1
to 1
to 1
to 1
to 1
to 1
to 1
to 1
to 1
to 1
to 1
to 1
to 1
to 1
to 1
to 1
to 1
to 1
to 1
to 1
to 1
to 1
to 1
to 1
to 1
to 1
to 1
to 1
to 1
to 1
to 1
to 1
to 1
to 1
to 1
to 1
to 1
to 1
to 1
to 1
to 1
to 1
to 1
to 1
to 1
to 1
to 1
to 1
to 1
to 1
to 1
to 1
to 1
to 1
to 1
to 1
to 1
to 1
to 1
to 1
to 1
to 1
to 1
to 1
to 1
to 1
to 1
to 1
to 1
to 1
to 1
to 1
to 1
to 1
to 1
to 1
to 1
to 1
to 1
to 1
to 1
to 1
to 1
to 1
to 1
to 1
to 1
to 1
to 1
to 1
to 1
to 1
to 1
to 1
to 1
to 1
to 1
to 1
to 1
to 1
to 1
to 1
to 1
to 1
to 1
to 1
to 1
to 1
to 1
to 1
to 1
to 1
to 1
to 1
to 1
to 1
to 1
to 1
to 1
to 1
to 1
to 1
to 1
to 1
to 1
to 1
to 1
to 1
to 1
to 1
to 1
to 1
to 1
to 1
to 1
to 1
to 1
to 1
to 1
to 1
to 1
to 1
to 1
to 1
to 1
to 1
to 1
to 1
to 1
to 1
to 1
to 1
to 1
to 1
to 1
to 1
to 1
to 1
to 1
to 1
to 1
to 1
to 1
to 1
to 1
to 1
to 1
to 1
to 1
to 1
to 1
to 1
to 1
to 1
to 1
to 1
to 1
to 1
to 1
to 1
to 1
to 1
to 1
to 1
to 1
to 1
to 1
to 1
to 1
to 1
to 1
to 1
to 1
to 1
to 1
to 1
to 1
to 1
to 1
to 1
to 1
to 1
to 1
to 1
to 1
to 1
to 1
to 1
to 1
to 1
to 1
to 1
to 1
to 1
to 1
to 1
to 1
to 1
to 1
to 1
to 1
to 1
to 1
to 1
to 1
to 1
to 1
to 1
to 1
to 1
to 1
to 1
to 1
to 1
to 1
to 1
to 1
to 1
to 1
to 1
to 1
to 1
to 1
to 1
to 1
to 1
to 1
to 1
to 1
to 1
to 1
to 1
to 1
to 1
to 1
to 1
to 1
to 1
to 1
to 1
to 1
to 1
to 1
to 1
to 1
to 1
to 1
to 1
to 1
to 1
to 1
to 1
to 1
to 1
to 1
to 1
to 1
to 1
to 1
to 1
to 1
to 1
to 1
to 1
to 1
to 1
to 1
to 1
to 1
to 1
to 1
to 1
to 1
to 1
to 1
to 1
to 1
to 1
to 1
to 1
to 1
to 1
to 1
to 1
to 1
to 1
to 1
to 1
to 1
to 1
to 1
to 1
to 1
to 1
to 1
to 1
to 1
to 1
to 1
to 1
to 1
to 1
to 1
to 1
to 1
to 1
to 1
to 1
to 1
to 1
to 1
to 1
to 1
to 1
to 1
to 1
to 1
to 1
to 1
to 1
to 1
to 1
to 1
to 1
to 1
to 1
to 1
to 1
to 1
to 1
to 1
to 1
to 1
to 1
to 1
to 1
to 1
to 1
to 1
to 1
to 1
to 1
to 1
to 1
to 1
to 1
to 1
to 1
to 1
to 1
to 1
to 1
to 1
to 1
to 1
to 1
to 1
to 1
to 1
to 1
to 1
to 1
to 1
to 1
to 1
to 1
to 1
to 1
to 1
to 1
to 1
to 1
to 1
to 1
to 1
to 1
to 1
to 1
to 1
to 1
to 1
to 1
to 1
to 1
to 1
to 1
to 1
to 1
to 1
to 1
to 1
to 1
to 1
to 1
to 1
to 1
to 1
to 1
to 1
to 1
to 1
to 1
to 1
to 1
to 1
to 1
to 1
to 1
to 1
to 1
to 1
to 1
to 1
to 1
to 1
to 1
to 1
to 1
to 1
to 1
to 1
to 1
to 1
to 1
to 1
to 1
to 1
to 1
to 1
to 1
to 1
to 1
to 1
to 1
to 1
to 1
to 1
to 1
to 1
to 1
to 1
to 1
to 1
to 1
to 1
to 1
to 1
to 1
to 1
to 1
to 1
to 1
to 1
to 1
to 1
to 1
to 1
to 1
to 1
to 1
to 1
to 1
to 1
to 1
to 1
to 1
to 1
to 1
to 1
to 1
to 1
to 1
to 1
to 1
to 1
to 1
to 1
to 1
to 1
to 1
to 1
to 1
to 1
to 1
to 1
to 1
to 1
to 1
to 1
to 1
to 1
to 1
to 1
to 1
to 1
to 1
to 1
to 1
to 1
to 1
to 1
to 1
to 1
to 1
to 1
to 1
to 1
to 1
to 1
to 1
to 1
to 1
to 1
to 1
to 1
to 1
to 1
to 1
to 1
to 1
to 1
to 1
to 1
to 1
to 1
to 1
to 1
to 1
to 1
to 1
to 1
to 1
to 1
to 1
to 1
to 1
to 1
to 1
to 1
to 1
to 1
to 1
to 1
to 1
to 1
to 1
to 1
to 1
to 1
to 1
to 1
to 1
to 1
to 1
to 1
to 1
to 1
to 1
to 1
to 1
to 1
to 1
to 1
to 1
to 1
to 1
to 1
to 1
to 1
to 1
to 1
to 1
to 1
to 1
to 1
to 1
to 1
to 1
to 1
to 1
to 1
to 1
to 1
to 1
to 1
to 1
to 1
to 1
to 1
to 1
to 1
to 1
to 1
to 1
to 1
to 1
to 1
to 1
to 1
to 1
to 1
to 1
to 1
to 1
to 1
to 1
to 1
to 1
to 1
to 1
to 1
to 1
to 1
to 1
to 1
to 1
to 1
to 1
to 1
to 1
to 1
to 1
to 1
to 1
to 1
to 1
to 1
to 1
to 1
to 1
to 1
to 1
to 1
to 1
to 1
to 1
to 1
to 1
to 1
to 1
to 1
to 1
to 1
to 1
to 1
to 1
to 1
to 1
to 1
to 1
to 1
to 1
to 1
to 1
to 1
to 1
to 1
to 1
to 1
to 1
to 1
to 1
to 1
to 1
to 1
to 1
to 1
to 1
to 1
to 1
to 1
to 1
to 1
to 1
to 1
to 1
to 1
to 1
to 1
to 1
to 1
to 1
to 1
to 1
to 1
to 1
to 1
to 1
to 1
to 1
to 1
to 1
to 1
to 1
to 1
to 1
to 1
to 1
to 1
to 1
to 1
to 1
to 1
to 1
to 1
to 1
to 1
to 1
to 1
to 1
to 1
to 1
to 1
to 1
to 1
to 1
to 1
to 1
to 1
to 1
to 1
to 1
to 1
to 1
to 1
to 1
to 1
to 1
to 1
to 1
to 1
to 1
to 1
to 1
to 1
to 1
to 1
to 1
to 1
to 1
to 1
to 1
to 1
to 1
to 1
to 1
to 1
to 1
to 1
to 1
to 1
to 1
to 1
to 1
to 1
to 1
to 1
to 1
to 1
to 1
to 1
to 1
to 1
to 1
to 1
to 1
to 1
to 1
to 1
to 1
to 1
to 1
to 1
to 1
to 1
to 1
to 1
to 1
to 1
to 1
to 1
to 1
to 1
to 1
to 1
to 1
to 1
to 1
to 1
to 1
to 1
to 1
to 1
to 1
to 1
to 1
to 1
to 1
to 1
to 1
to 1
to 1
to 1
to 1
to 1
to 1
to 1
to 1
to 1
to 1
to 1
to 1
to 1
to 1
to 1
to 1
to 1
to 1
to 1
to 1
to 1
to 1
to 1
to 1
to 1
to 1
to 1
to 1
to 1
to 1
to 1
to 1
to 1
to 1
to 1
to 1
to 1
to 1
to 1
to 1
to 1
to 1
to 1
to 1
to 1
to 1
to 1
to 1
to 1
to 1
to 1
to 1
to 1
to 1
to 1
to 1
to 1
to 1
to 1
to 1
to 1
to 1
to 1
to 1
to 1
to 1
to 1
to 1
to 1
to 1
to 1
to 1
to 1
to 1
to 1
to 1
to 1
to 1
to 1
to 1
to 1
to 1
to 1
to 1
to 1
to 1
to 1
to 1
to 1
to 1
to 1
to 1
to 1
to 1
to 1
to 1
to 1
to 1
to 1
to 1
to 1
to 1
to 1
to 1
to 1
to 1
to 1
to 1
to 1
to 1
to 1
to 1
to 1
to 1
to 1
to 1
to 1
to 1
to 1
to 1
to 1
to 1
to 1
to 1
to 1
to 1
to 1
to 1
to 1
to 1
to 1
to 1
to 1
to 1
to 1
to 1
to 1
to 1
to 1
to 1
to 1
to 1
to 1
to 1
to 1
to 1
to 1
to 1
to 1
to 1
to 1
to 1
to 1
to 1
to 1
to 1
to 1
to 1
to 1
to 1
to 1
to 1
to 1
to 1
to 1
to 1
to 1
to 1
to 1
to 1
to 1
to 1
to 1
to 1
to 1
to 1
to 1
to 1
to 1
to 1
to 1
to 1
to 1
to 1
to 1
to 1
to 1
to 1
to 1
to 1
to 1
to 1
to 1
to 1
to 1
to 1
to 1
to 1
to 1
to 1
to 1
to 1
to 1
to 1
to 1
to 1
to 1
to 1
to 1
to 1
to 1
to 1
to 1
to 1
to 1
to 1
to 1
to 1
to 1
to 1
to 1
to 1
to 1
to 1
to 1
to 1
to 1
to 1
to 1
to 1
to 1
to 1
to 1
to 1
to 1
to 1
to 1
to 1
to 1
to 1
to 1
to 1
to 1
to 1
to 1
to 1
to 1
to 1
to 1
to 1
to 1
to 1
to 1
to 1
to 1
to 1
to 1
to 1
to 1
to 1
to 1
to 1
to 1
to 1
to 1
to 1
to 1
to 1
to 1
to 1
to 1
to 1
to 1
to 1
to 1
to 1
to 1
to 1
to 1
to 1
to 1
to 1
to 1
to 1
to 1
to 1
to 1
to 1
to 1
to 1
to 1
to 1
to 1
to 1
to 1
to 1
to 1
to 1
to 1
to 1
to 1
to 1
to 1
to 1
to 1
to 1
to 1
to 1
to 1
to 1
to 1
to 1
to 1
to 1
to 1
to 1
to 1
to 1
to 1
to 1
to 1
to 1
to 1
to 1
to 1
to 1
to 1
to 1
to 1
to 1
to 1
to 1
to 1
to 1
to 1
to 1
to 1
to 1
to 1
to 1
to 1
to 1
to 1
to 1
to 1
to 1
to 1
to 1
to 1
to 1
to 1
to 1
to 1
to 1
to 1
to 1
to 1
to 1
to 1
to 1
to 1
to 1
to 1
to 1
to 1
to 1
to 1
to 1
to 1
to 1
to 1
to 1
to 1
to 1
to 1
to 1
to 1
to 1
to 1
to 1
to 1
to 1
to 1
to 1
to 1
to 1
to 1
to 1
to 1
to 1
to 1
to 1
to 1
to 1
to 1
to 1
to 1
to 1
to 1
to 1
to 1
to 1
to 1
to 1
to 1
to 1
to 1
to 1
to 1
to 1
to 1
to 1
to 1
to 1
to 1
to 1
to 1
to 1
to 1
to 1
to 1
to 1
to 1
to 1
to 1
to 1
to 1
to 1
to 1
to 1
to 1
to 1
to 1
to 1
to 1
to 1
to 1
to 1
to 1
to 1
to 1
to 1
to 1
to 1
to 1
to 1
to 1
to 1
to 1
to 1
to 1
to 1
to 1
to 1
to 1
to 1
to 1
to 1
to 1
to 1
to 1
to 1
to 1
to 1
to 1
to 1
to 1
to 1
to 1
to 1
to 1
to 1
to 1
to 1
to 1
to 1
to 1
to 1
to 1
to 1
to 1
to 1
to 1
to 1
to 1
to 1
to 1
to 1
to 1
to 1
to 1
to 1
to 1
to 1
to 1
to 1
to 1
to 1
to 1
to 1
to 1
to 1
to 1
to 1
to 1
to 1
to 1
to 1
to 1
to 1
to 1
to 1
to 1
to 1
to 1
to 1
to 1
to 1
to 1
to 1
to 1
to 1
to 1
to 1
to 1
to 1
to 1
to 1
to 1
to 1
to 1
to 1
to 1
to 1
to 1
to 1
to 1
to 1
to 1
to 1
to 1
to 1
to 1
to 1
to 1
to 1
to 1
to 1
to 1
to 1
to 1
to 1
to 1
to 1
to 1
to 1
to 1
to 1
to 1
to 1
to 1
to 1
to 1
to 1
to 1
to 1
to 1
to 1
to 1
to 1
to 1
to 1
to 1
to 1
to 1
to 1
to 1
to 1
to 1
to 1
to 1
to 1
to 1
to 1
to 1
to 1
to 1
to 1
to 1
to 1
to 1
to 1
to 1
to 1
to 1
to 1
to 1
to 1
to 1
to 1
to 1
to 1
to 1
to 1
to 1
to 1
to 1
to 1
to 1
to 1
to 1
to 1
to 1
to 1
to 1
to 1
to 1
to 1
to 1
to 1
to 1
to 1
to 1
to 1
to 1
to 1
to 1
to 1
to 1
to 1
to 1
to 1
to 1
to 1
to 1
to 1
to 1
to 1
to 1
to 1
to 1
to 1
to 1
to 1
to 1
to 1
to 1
to 1
to 1
to 1
to 1
to 1
to 1
to 1
to 1
to 1
to 1
to 1
to 1
to 1
to 1
to 1
to 1
to 1
to 1
to 1
to 1
to 1
to 1
to 1
to 1
to 1
to 1
to 1
to 1
to 1
to 1
to 1
to 1
to 1
to 1
to 1
to 1
to 1
to 1
to 1
to 1
to 1
to 1
to 1
to 1
to 1
to 1
to 1
to 1
to 1
to 1
to 1
to 1
to 1
to 1
to 1
to 1
to 1
to 1
to 1
to 1
to 1
to 1
to 1
to 1
to 1
to 1
to 1
to 1
to 1
to 1
to 1
to 1
to 1
to 1
to 1
to 1
to 1
to 1
to 1
to 1
to 1
to 1
to 1
to 1
to 1
to 1
to 1
to 1
to 1
to 1
to 1
to 1
to 1
to 1
to 1
to 1
to 1
to 1
to 1
to 1
to 1
to 1
to 1
to 1
to 1
to 1
to 1
to 1
to 1
to 1
to 1
to 1
to 1
to 1
to 1
to 1
to 1
to 1
to 1
to 1
to 1
to 1
to 1
to 1
to 1
to 1
to 1
to 1
to 1
to 1
to 1
to 1
to 1
to 1
to 1
to 1
to 1
to 1
to 1
to 1
to 1
to 1
to 1
to 1
to 1
to 1
to 1
to 1
to 1
to 1
to 1
to 1
to 1
to 1
to 1
to 1
to 1
to 1
to 1
to 1
to 1
to 1
to 1
to 1
to 1
to 1
to 1
to 1
to 1
to 1
to 1
to 1
to 1
to 1
to 1
to 1
to 1
to 1
to 1
to 1
to 1
to 1
to 1
to 1
to 1
to 1
to 1
to 1
to 1
to 1
to 1
to 1
to 1
to 1
to 1
to 1
to 1
to 1
to 1
to 1
to 1
to 1
to 1
to 1
to 1
to 1
to 1
to 1
to 1
to 1
to 1
to 1
to 1
to 1
to 1
to 1
to 1
to 1
to 1
to 1
to 1
to 1
to 1
to 1
to 1
to 1
to 1
to 1
to 1
to 1
to 1
to 1
to 1
to 1
to 1
to 1
to 1
to 1
to 1
to 1
to 1
to 1
to 1
to 1
to 1
to 1
to 1
to 1
to 1
to 1
to 1
to 1
to 1
to 1
to 1
to 1
to 1
to 1
to 1
to 1
to 1
to 1
to 1
to 1
to 1
to 1
to 1
to 1
to 1
to 1
to 1
to 1
to 1
to 1
to 1
to 1
to 1
to 1
to 1
to 1
to 1
to 1
to 1
to 1
to 1
to 1
to 1
to 1
to 1
to 1
to 1
to 1
to 1
to 1
to 1
to 1
to 1
to 1
to 1
to 1
to 1
to 1
to 1
to 1
to 1
to 1
to 1
to 1
to 1
to 1
to 1
to 1
to 1
to 1
to 1
to 1
to 1
to 1
to 1
to 1
to 1
to 1
to 1
to 1
to 1
to 1
to 1
to 1
to 1
to 1
to 1
to 1
to 1
to 1
to 1
to 1
to 1
to 1
to 1
to 1
to 1
to 1
to 1
to 1
to 1
to 1
to 1
to 1
to 1
to 1
to 1
to 1
to 1
to 1
to 1
to 1
to 1
to 1
to 1
to 1
to 1
to 1
to 1
to 1
to 1
to 1
to 1
to 1
to 1
to 1
to 1
to 1
to 1
to 1
to 1
to 1
to 1
to 1
to 1
to 1
to 1
to 1
to 1
to 1
to 1
to 1
to 1
to 1
to 1
to 1
to 1
to 1
to 1
to 1
to 1
to 1
to 1
to 1
to 1
to 1
to 1
to 1
to 1
to 1
to 1
to 1
to 1
to 1
to 1
to 1
to 1
to 1
to 1
to 1
to 1
to 1
to 1
to 1
to 1
to 1
to 1
to 1
to 1
to 1
to 1
to 1
to 1
to 1
to 1
to 1
to 1
to 1
to 1
to 1
to 1
to 1
to 1
to 1
to 1
to 1
to 1
to 1
to 1
to 1
to 1
to 1
to 1
to 1
to 1
to 1
to 1
to 1
to 1
to 1
to 1
to 1
to 1
to 1
to 1
to 1
to 1
to 1
to 1
to 1
to 1
to 1
to 1
to 1
to 1
to 1
to 1
to 1
to 1
to 1
to 1
to 1
to 1
to 1
to 1
to 1
to 1
to 1
to 1
to 1
to 1
to 1
to 1
to 1
to 1
to 1
to 1
to 1
to 1
to 1
to 1
to 1
to 1
to 1
to 1
to 1
to 1
to 1
to 1
to 1
to 1
to 1
to 1
to 1
to 1
to 1
to 1
to 1
to 1
to 1
to 1
to 1
to 1
to 1
to 1
to 1
to 1
to 1
to 1
to 1
to 1
to 1
to 1
to 1
to 1
to 1
to 1
to 1
to 1
to 1
to 1
to 1
to 1
to 1
to 1
to 1
to 1
to 1
to 1
to 1
to 1
to 1
to 1
to 1
to 1
to 1
to 1
to 1
to 1
to 1
to 1
to 1
to 1
to 1
to 1
to 1
to 1
to 1
to 1
to 1
to 1
to 1
to 1
to 1
to 1
to 1
to 1
to 1
to 1
to 1
to 1
to 1
to 1
to 1
to 1
to 1
to 1
to 1
to 1
to 1
to 1
to 1
to 1
to 1
to 1
to 1
to 1
to 1
to 1
to 1
to 1
to 1
to 1
to 1
to 1
to 1
to 1
to 1
to 1
to 1
to 1
to 1
to 1
to 1
to 1
to 1
to 1
to 1
to 1
to 1
to 1
to 1
to 1
to 1
to 1
to 1
to 1
to 1
to 1
to 1
to 1
to 1
to 1
to 1
to 1
to 1
to 1
to 1
to 1
to 1
to 1
to 1
to 1
to 1
to 1
to 1
to 1
to 1
to 1
to 1
to 1
to 1
to 1
to 1
to 1
to 1
to 1
to 1
to 1
to 1
to 1
to 1
to 1
to 1
to 1
to 1
to 1
to 1
to 1
to 1
to 1
to 1
to 1
to 1
to 1
to 1
to 1
to 1
to 1
to 1
to 1
to 1
to 1
to 1
to 1
to 1
to 1
to 1
to 1
to 1
to 1
to 1
to 1
to 1
to 1
to 1
to 1
to 1
to 1
to 1
to 1
to 1
to 1
to 1
to 1
to 1
to 1
to 1
to 1
to 1
to 1
to 1
to 1
to 1
to 1
to 1
to 1
to 1
to 1
to 1
to 1
to 1
to 1
to 1
to 1
to 1
to 1
to 1
to 1
to 1
to 1
to 1
to 1
to 1
to 1
to 1
to 1
to 1
to 1
to 1
to 1
to 1
to 1
to 1
to 1
to 1
to 1
to 1
to 1
to 1
to 1
to 1
to 1
to 1
to 1
to 1
to 1
to 1
to 1
to 1
to 1
to 1
to 1
to 1
to 1
to 1
to 1
to 1
to 1
to 1
to 1
to 1
to 1
to 1
to 1
to 1
to 1
to 1
to 1
to 1
to 1
to 1
to 1
to 1
to 1
to 1
to 1
to 1
to 1
to 1
to 1
to 1
to 1
to 1
to 1
to 1
to 1
to 1
to 1
to 1
to 1
to 1
to 1
to 1
to 1
to 1
to 1
to 1
to 1
to 1
to 1
to 1
to 1
to 1
to 1
to 1
to 1
to 1
to 1
to 1
to 1
to 1
to 1
to 1
to 1
to 1
to 1
to 1
to 1
to 1
to 1
to 1
to 1
to 1
to 1
to 1
to 1
to 1
to 1
to 1
to 1
to 1
to 1
to 1
to 1
to 1
to 1
to 1
to 1
to 1
to 1
to 1
to 1
to 1
to 1
to 1
to 1
to 1
to 1
to 1
to 1
to 1
to 1
to 1
to 1
to 1
to 1
to 1
to 1
to 1
to 1
to 1
to 1
to 1
to 1
to 1
to 1
to 1
to 1
to 1
to 1
to 1
to 1
to 1
to 1
to 1
to 1
to 1
to 1
to 1
to 1
to 1
to 1
to 1
to 1
to 1
to 1
to 1
to 1
to 1
to 1
to 1
to 1
to 1
to 1
to 1
to 1
to 1
to 1
to 1
to 1
to 1
to 1
to 1
to 1
to 1
to 1
to 1
to 1
to 1
to 1
to 1
to 1
to 1
to 1
to 1
to 1
to 1
to 1
to 1
to 1
to 1
to 1
to 1
to 1
to 1
to 1
to 1
to 1
to 1
to 1
to 1
to 1
to 1
to 1
to 1
to 1
to 1
to 1
to 1
to 1
to 1
to 1
to 1
to 1
to 1
to 1
to 1
to 1
to 1
to 1
to 1
to 1
to 1
to 1
to 1
to 1
to 1
to 1
to 1
to 1
to 1
to 1
to 1
to 1
to 1
to 1
to 1
to 1
to 1
to 1
to 1
to 1
to 1
to 1
to 1
to 1
to 1
to 1
to 1
to 1
to 1
to 1
to 1
to 1
to 1
to 1
to 1
to 1
to 1
to 1
to 1
to 1
to 1
to 1
to 1
to 1
to 1
to 1
to 1
to 1
to 1
to 1
to 1
to 1
to 1
to 1
to 1
to 1
to 1
to 1
to 1
to 1
to 1
to 1
to 1
to 1
to 1
to 1
to 1
to 1
to 1
to 1
to 1
to 1
to 1
to 1
to 1
to 1
to 1
to 1
to 1
to 1
to 1
to 1
to 1
to 1
to 1
to 1
to 1
to 1
to 1
to 1
to 1
to 1
to 1
to 1
to 1
to 1
to 1
to 1
to 1
to 1
to 1
to 1
to 1
to 1
to 1
to 1
to 1
to 1
to 1
to 1
to 1
to 1
to 1
to 1
to 1
to 1
to 1
to 1
to 1
to 1
to 1
to 1
to 1
to 1
to 1
to 1
to 1
to 1
to 1
to 1
to 1
to 1
to 1
to 1
to 1
to 1
to 1
to 1
to 1
to 1
to 1
to 1
to 1
to 1
to 1
to 1
to 1
to 1
to 1
to 1
to 1
to 1
to 1
to 1
to 1
to 1
to 1
to 1
to 1
to 1
to 1
to 1
to 1
to 1
to 1
to 1
to 1
to 1
to 1
to 1
to 1
to 1
to 1
to 1
to 1
to 1
to 1
to 1
to 1
to 1
to 1
to 1
to 1
to 1
to 1
to 1
to 1
to 1
to 1
to 1
to 1
to 1
to 1
to 1
to 1
to 1
to 1
to 1
to 1
to 1
to 1
to 1
to 1
to 1
to 1
to 1
to 1
to 1
to 1
to 1
to 1
to 1
to 1
to 1
to 1
to 1
to 1
to 1
to 1
to 1
to 1
to 1
to 1
to 1
to 1
to 1
to 1
to 1
to 1
to 1
to 1
to 1
to 1
to 1
to 1
to 1
to 1
to 1
to 1
to 1
to 1
to 1
to 1
to 1
to 1
to 1
to 1
to 1
to 1
to 1
to 1
to 1
to 1
to 1
to 1
to 1
to 1
to 1
to 1
to 1
to 1
to 1
to 1
to 1
to 1
to 1
to 1
to 1
to 1
to 1
to 1
to 1
to 1
to 1
to 1
to 1
to 1
to 1
to 1
to 1
to 1
to 1
to 1
to 1
to 1
to 1
to 1
to 1
to 1
to 1
to 1
to 1
to 1
to 1
to 1
to 1
to 1
to 1
to 1
to 1
to 1
to 1
to 1
to 1
to 1
to 1
to 1
to 1
to 1
to 1
to 1
to 1
to 1
to 1
to 1
to 1
to 1
to 1
to 1
to 1
to 1
to 1
to 1
to 1
to 1
to 1
to 1
to 1
to 1
to 1
to 1
to 1
to 1
to 1
to 1
to 1
to 1
to 1
to 1
to 1
to 1
to 1
to 1
to 1
to 1
to 1
to 1
to 1
to 1
to 1
to 1
to 1
to 1
to 1
to 1
to 1
to 1
to 1
to 1
to 1
to 1
to 1
to 1
to 1
to 1
to 1
to 1
to 1
to 1
to 1
to 1
to 1
to 1
to 1
to 1
to 1
to 1
to 1
to 1
to 1
to 1
to 1
to 1
to 1
to 1
to 1
to 1
to 1
to 1
to 1
to 1
to 1
to 1
to 1
to 1
to 1
to 1
to 1
to 1
to 1
to 1
to 1
to 1
to 1
to 1
to 1
to 1
to 1
to 1
to 1
to 1
to 1
to 1
to 1
to 1
to 1
to 1
to 1
to 1
to 1
to 1
to 1
to 1
to 1
to 1
to 1
to 1
to 1
to 1
to 1
to 1
to 1
to 1
to 1
to 1
to 1
to 1
to 1
to 1
to 1
to 1
to 1
to 1
to 1
to 1
to 1
to 1
to 1
to 1
to 1
to 1
to 1
to 1
to 1
to 1
to 1
to 1
to 1
to 1
to 1
to 1
to 1
to 1
to 1
to 1
to 1
to 1
to 1
to 1
to 1
to 1
to 1
to 1
to 1
to 1
to 1
to 1
to 1
to 1
to 1
to 1
to 1
to 1
to 1
to 1
to 1
to 1
to 1
to 1
to 1
to 1
to 1
to 1
to 1
to 1
to 1
to 1
to 1
to 1
to 1
to 1
to 1
to 1
to 1
to 1
to 1
to 1
to 1
to 1
to 1
to 1
to 1
to 1
to 1
to 1
to 1
to 1
to 1
to 1
to 1
to 1
to 1
to 1
to 1
to 1
to 1
to 1
to 1
to 1
to 1
to 1
to 1
to 1
to 1
to 1
to 1
to 1
to 1
to 1
to 1
to 1
to 1
to 1
to 1
to 1
to 1
to 1
to 1
to 1
to 1
to 1
tobacco 1
tobacco 1
tobacco 1
tobacco 1
tobacco 1
tobacco 1
tobacco 1
tolable 1
tolerble 1
tossing 1
tossing 1
touches 1
touches 1
toughest 1
toughest 1
trademark 1
trademark 1
trademark 1
trademark 1
trademark 1
trademark 1
trademark 1
trademark 1
trademark 1
trademark 1
traders 1
trading 1
trading 1
trading 1
transcribe 1
trap 1
trap 1
treated 1
treated 1
treated 1
treated 1
treated 1
treated 1
trod 1
trod 1
trod 1
troublesome 1
troublesome 1
troublesome 1
truest 1
trusty 1
try 1
try 1
try 1
try 1
try 1
try 1
try 1
try 1
try 1
try 1
try 1
try 1
try 1
try 1
try 1
try 1
try 1
try 1
try 1
try 1
try 1
try 1
try 1
try 1
try 1
try 1
try 1
try 1
try 1
try 1
try 1
try 1
try 1
try 1
try 1
try 1
try 1
try 1
try 1
try 1
try 1
try 1
turrible 1
twelve 1
twelve 1
twelve 1
twelve 1
twelve 1
twelve 1
twelve 1
twelve 1
umble 1
uncertain 1
understood 1
understood 1
understood 1
undigestible 1
unscrew 1
unselfish 1
unum 1
upstairs 1
upstairs 1
uptown 1
value 1
varmint 1
venture 1
visit 1
visit 1
waking 1
waking 1
wallowed 1
wandering 1
wanted 1
wanted 1
wanted 1
wanted 1
wanted 1
wanted 1
wanted 1
wanted 1
wanted 1
wanted 1
wanted 1
wanted 1
wanted 1
wanted 1
wanted 1
wanted 1
wanted 1
wanted 1
wanted 1
wanted 1
wanted 1
wanted 1
wanted 1
wanted 1
wanted 1
wanted 1
wanted 1
wanted 1
wanted 1
wanted 1
wanted 1
wanted 1
wanted 1
wanted 1
wanted 1
wanted 1
wanted 1
wanted 1
wanted 1
wanted 1
wanted 1
wanted 1
wanted 1
wanted 1
wanted 1
wanted 1
wanted 1
wanted 1
wanted 1
wanted 1
wanted 1
wanted 1
wanted 1
wanted 1
wanted 1
wanted 1
wanted 1
wanted 1
wanted 1
wanted 1
wanted 1
wanted 1
wanted 1
wanted 1
wanted 1
wanted 1
wanted 1
wanted 1
wanted 1
wanted 1
wanted 1
wanted 1
wanted 1
wanted 1
wanted 1
wanted 1
wanted 1
wanted 1
wanted 1
wanted 1
wanted 1
wanted 1
wanted 1
wanted 1
wanted 1
wanted 1
wanted 1
wanted 1
wanted 1
wanted 1
wanted 1
wanted 1
wanted 1
wanted 1
wanted 1
wanted 1
was 1
was 1
was 1
was 1
was 1
was 1
was 1
was 1
was 1
was 1
was 1
was 1
was 1
was 1
was 1
was 1
was 1
was 1
was 1
was 1
was 1
was 1
was 1
was 1
was 1
was 1
was 1
was 1
was 1
was 1
was 1
was 1
was 1
was 1
was 1
was 1
was 1
was 1
was 1
was 1
was 1
was 1
was 1
was 1
was 1
was 1
was 1
was 1
was 1
was 1
was 1
was 1
was 1
was 1
was 1
was 1
was 1
was 1
was 1
was 1
was 1
was 1
was 1
was 1
was 1
was 1
was 1
was 1
was 1
was 1
was 1
was 1
was 1
was 1
was 1
was 1
was 1
was 1
was 1
was 1
was 1
was 1
was 1
was 1
was 1
was 1
was 1
was 1
was 1
was 1
was 1
was 1
was 1
was 1
was 1
was 1
was 1
was 1
was 1
was 1
was 1
was 1
was 1
was 1
was 1
was 1
was 1
was 1
was 1
was 1
was 1
was 1
was 1
was 1
was 1
was 1
was 1
was 1
was 1
was 1
was 1
was 1
was 1
was 1
was 1
was 1
was 1
was 1
was 1
was 1
was 1
was 1
was 1
was 1
was 1
was 1
was 1
was 1
was 1
was 1
was 1
was 1
was 1
was 1
was 1
was 1
was 1
was 1
was 1
was 1
was 1
was 1
was 1
was 1
was 1
was 1
was 1
was 1
was 1
was 1
was 1
was 1
was 1
was 1
was 1
was 1
was 1
was 1
was 1
was 1
was 1
was 1
was 1
was 1
was 1
was 1
was 1
was 1
was 1
was 1
was 1
was 1
was 1
was 1
was 1
was 1
was 1
was 1
was 1
was 1
was 1
was 1
was 1
was 1
was 1
was 1
was 1
was 1
was 1
was 1
was 1
was 1
was 1
was 1
was 1
was 1
was 1
was 1
was 1
was 1
was 1
was 1
was 1
was 1
was 1
was 1
was 1
was 1
was 1
was 1
was 1
was 1
was 1
was 1
was 1
was 1
was 1
was 1
was 1
was 1
was 1
was 1
was 1
was 1
was 1
was 1
was 1
was 1
was 1
was 1
was 1
was 1
was 1
was 1
was 1
was 1
was 1
was 1
was 1
was 1
was 1
was 1
was 1
was 1
was 1
was 1
was 1
was 1
was 1
was 1
was 1
was 1
was 1
was 1
was 1
was 1
was 1
was 1
was 1
was 1
was 1
was 1
was 1
was 1
was 1
was 1
was 1
was 1
was 1
was 1
was 1
was 1
was 1
was 1
was 1
was 1
was 1
was 1
was 1
was 1
was 1
was 1
was 1
was 1
was 1
was 1
was 1
was 1
was 1
was 1
was 1
was 1
was 1
was 1
was 1
was 1
was 1
was 1
was 1
was 1
was 1
was 1
was 1
was 1
was 1
was 1
was 1
was 1
was 1
was 1
was 1
was 1
was 1
was 1
was 1
was 1
was 1
was 1
was 1
was 1
was 1
was 1
was 1
was 1
was 1
was 1
was 1
was 1
was 1
was 1
was 1
was 1
was 1
was 1
was 1
was 1
was 1
was 1
was 1
was 1
was 1
was 1
was 1
was 1
was 1
was 1
was 1
was 1
was 1
was 1
was 1
was 1
was 1
was 1
was 1
was 1
was 1
was 1
was 1
was 1
was 1
was 1
was 1
was 1
was 1
was 1
was 1
was 1
was 1
was 1
was 1
was 1
was 1
was 1
was 1
was 1
was 1
was 1
was 1
was 1
was 1
was 1
was 1
was 1
was 1
was 1
was 1
was 1
was 1
was 1
was 1
was 1
was 1
was 1
was 1
was 1
was 1
was 1
was 1
was 1
was 1
was 1
was 1
was 1
was 1
was 1
was 1
was 1
was 1
was 1
was 1
was 1
was 1
was 1
was 1
was 1
was 1
was 1
was 1
was 1
was 1
was 1
was 1
was 1
was 1
was 1
was 1
was 1
was 1
was 1
was 1
was 1
was 1
was 1
was 1
was 1
was 1
was 1
was 1
was 1
was 1
was 1
was 1
was 1
was 1
was 1
was 1
was 1
was 1
was 1
was 1
was 1
was 1
was 1
was 1
was 1
was 1
was 1
was 1
was 1
was 1
was 1
was 1
was 1
was 1
was 1
was 1
was 1
was 1
was 1
was 1
was 1
was 1
was 1
was 1
was 1
was 1
was 1
was 1
was 1
was 1
was 1
was 1
was 1
was 1
was 1
was 1
was 1
was 1
was 1
was 1
was 1
was 1
was 1
was 1
was 1
was 1
was 1
was 1
was 1
was 1
was 1
was 1
was 1
was 1
was 1
was 1
was 1
was 1
was 1
was 1
was 1
was 1
was 1
was 1
was 1
was 1
was 1
was 1
was 1
was 1
was 1
was 1
was 1
was 1
was 1
was 1
was 1
was 1
was 1
was 1
was 1
was 1
was 1
was 1
was 1
was 1
was 1
was 1
was 1
was 1
was 1
was 1
was 1
was 1
was 1
was 1
was 1
was 1
was 1
was 1
was 1
was 1
was 1
was 1
was 1
was 1
was 1
was 1
was 1
was 1
was 1
was 1
was 1
was 1
was 1
was 1
was 1
was 1
was 1
was 1
was 1
was 1
was 1
was 1
was 1
was 1
was 1
was 1
was 1
was 1
was 1
was 1
was 1
was 1
was 1
was 1
was 1
was 1
was 1
was 1
was 1
was 1
was 1
was 1
was 1
was 1
was 1
was 1
was 1
was 1
was 1
was 1
was 1
was 1
was 1
was 1
was 1
was 1
was 1
was 1
was 1
was 1
was 1
was 1
was 1
was 1
was 1
was 1
was 1
was 1
was 1
was 1
was 1
was 1
was 1
was 1
was 1
was 1
was 1
was 1
was 1
was 1
was 1
was 1
was 1
was 1
was 1
was 1
was 1
was 1
was 1
was 1
was 1
was 1
was 1
was 1
was 1
was 1
was 1
was 1
was 1
was 1
was 1
was 1
was 1
was 1
was 1
was 1
was 1
was 1
was 1
was 1
was 1
was 1
was 1
was 1
was 1
was 1
was 1
was 1
was 1
was 1
was 1
was 1
was 1
was 1
was 1
was 1
was 1
was 1
was 1
was 1
was 1
was 1
was 1
was 1
was 1
was 1
was 1
was 1
was 1
was 1
was 1
was 1
was 1
was 1
was 1
was 1
was 1
was 1
was 1
was 1
was 1
was 1
was 1
was 1
was 1
was 1
was 1
was 1
was 1
was 1
was 1
was 1
was 1
was 1
was 1
was 1
was 1
was 1
was 1
was 1
was 1
was 1
was 1
was 1
was 1
was 1
was 1
was 1
was 1
was 1
was 1
was 1
was 1
was 1
was 1
was 1
was 1
was 1
was 1
was 1
was 1
was 1
was 1
was 1
was 1
was 1
was 1
was 1
was 1
was 1
was 1
was 1
was 1
was 1
was 1
was 1
was 1
was 1
was 1
was 1
was 1
was 1
was 1
was 1
was 1
was 1
was 1
was 1
was 1
was 1
was 1
was 1
was 1
was 1
was 1
was 1
was 1
was 1
was 1
was 1
was 1
was 1
was 1
was 1
was 1
was 1
was 1
was 1
was 1
was 1
was 1
was 1
was 1
was 1
was 1
was 1
was 1
was 1
was 1
was 1
was 1
was 1
was 1
was 1
was 1
was 1
was 1
was 1
was 1
was 1
was 1
was 1
was 1
was 1
was 1
was 1
was 1
was 1
was 1
was 1
was 1
was 1
was 1
was 1
was 1
was 1
was 1
was 1
was 1
was 1
was 1
was 1
was 1
was 1
was 1
was 1
was 1
was 1
was 1
was 1
was 1
was 1
was 1
was 1
was 1
was 1
was 1
was 1
was 1
was 1
was 1
was 1
was 1
was 1
was 1
was 1
was 1
was 1
was 1
was 1
was 1
was 1
was 1
was 1
was 1
was 1
was 1
was 1
was 1
was 1
was 1
was 1
was 1
was 1
was 1
was 1
was 1
was 1
was 1
was 1
was 1
was 1
was 1
was 1
was 1
was 1
was 1
was 1
was 1
was 1
was 1
was 1
was 1
was 1
was 1
was 1
was 1
was 1
was 1
was 1
was 1
was 1
was 1
was 1
was 1
was 1
was 1
was 1
was 1
was 1
was 1
was 1
was 1
was 1
was 1
was 1
was 1
was 1
was 1
was 1
was 1
was 1
was 1
was 1
was 1
was 1
was 1
was 1
was 1
was 1
was 1
was 1
was 1
was 1
was 1
was 1
was 1
was 1
was 1
was 1
was 1
was 1
was 1
was 1
was 1
was 1
was 1
was 1
was 1
was 1
was 1
was 1
was 1
was 1
was 1
was 1
was 1
was 1
was 1
was 1
was 1
was 1
was 1
was 1
was 1
was 1
was 1
was 1
was 1
was 1
was 1
was 1
was 1
was 1
was 1
was 1
was 1
was 1
was 1
was 1
was 1
was 1
was 1
was 1
was 1
was 1
was 1
was 1
was 1
was 1
was 1
was 1
was 1
was 1
was 1
was 1
was 1
was 1
was 1
was 1
was 1
was 1
was 1
was 1
was 1
was 1
was 1
was 1
was 1
was 1
was 1
was 1
was 1
was 1
was 1
was 1
was 1
was 1
was 1
was 1
was 1
was 1
was 1
was 1
was 1
was 1
was 1
was 1
was 1
was 1
was 1
was 1
was 1
was 1
was 1
was 1
was 1
was 1
was 1
was 1
was 1
was 1
was 1
was 1
was 1
was 1
was 1
was 1
was 1
was 1
was 1
was 1
was 1
was 1
was 1
was 1
was 1
was 1
was 1
was 1
was 1
was 1
was 1
was 1
was 1
was 1
was 1
was 1
was 1
was 1
was 1
was 1
was 1
was 1
was 1
was 1
was 1
was 1
was 1
was 1
was 1
was 1
was 1
was 1
was 1
was 1
was 1
was 1
was 1
was 1
was 1
was 1
was 1
was 1
was 1
was 1
was 1
was 1
was 1
was 1
was 1
was 1
was 1
was 1
was 1
was 1
was 1
was 1
was 1
was 1
was 1
was 1
was 1
was 1
was 1
was 1
was 1
was 1
was 1
was 1
was 1
was 1
was 1
was 1
was 1
was 1
was 1
was 1
was 1
was 1
was 1
was 1
was 1
was 1
was 1
was 1
was 1
was 1
was 1
was 1
was 1
was 1
was 1
was 1
was 1
was 1
was 1
was 1
was 1
was 1
was 1
was 1
was 1
was 1
was 1
was 1
was 1
was 1
was 1
was 1
was 1
was 1
was 1
was 1
was 1
was 1
was 1
was 1
was 1
was 1
was 1
was 1
was 1
was 1
was 1
was 1
was 1
was 1
was 1
was 1
was 1
was 1
was 1
was 1
was 1
was 1
was 1
was 1
was 1
was 1
was 1
was 1
was 1
was 1
was 1
was 1
was 1
was 1
was 1
was 1
was 1
was 1
was 1
was 1
was 1
was 1
was 1
was 1
was 1
was 1
was 1
was 1
was 1
was 1
was 1
was 1
was 1
was 1
was 1
was 1
was 1
was 1
was 1
was 1
was 1
was 1
was 1
was 1
was 1
was 1
was 1
was 1
was 1
was 1
was 1
was 1
was 1
was 1
was 1
was 1
was 1
was 1
was 1
was 1
was 1
was 1
was 1
was 1
was 1
was 1
was 1
was 1
was 1
was 1
was 1
was 1
was 1
was 1
was 1
was 1
was 1
was 1
was 1
was 1
was 1
was 1
was 1
was 1
was 1
was 1
was 1
was 1
was 1
was 1
was 1
was 1
was 1
was 1
was 1
was 1
was 1
was 1
was 1
was 1
was 1
was 1
was 1
was 1
was 1
was 1
was 1
was 1
was 1
was 1
was 1
was 1
was 1
was 1
was 1
was 1
was 1
was 1
was 1
was 1
was 1
was 1
was 1
was 1
was 1
was 1
was 1
was 1
was 1
was 1
was 1
was 1
was 1
was 1
was 1
was 1
was 1
was 1
was 1
was 1
was 1
was 1
was 1
was 1
was 1
was 1
was 1
was 1
was 1
was 1
was 1
was 1
was 1
was 1
was 1
was 1
was 1
was 1
was 1
was 1
was 1
was 1
was 1
was 1
was 1
was 1
was 1
was 1
was 1
was 1
was 1
was 1
was 1
was 1
was 1
was 1
was 1
was 1
was 1
was 1
was 1
was 1
was 1
was 1
was 1
was 1
was 1
was 1
was 1
was 1
was 1
was 1
was 1
was 1
was 1
was 1
was 1
was 1
was 1
was 1
was 1
was 1
was 1
was 1
was 1
was 1
was 1
was 1
was 1
was 1
was 1
was 1
was 1
was 1
was 1
was 1
was 1
was 1
was 1
was 1
was 1
was 1
was 1
was 1
was 1
was 1
was 1
was 1
was 1
was 1
was 1
was 1
was 1
was 1
was 1
was 1
was 1
was 1
was 1
was 1
was 1
was 1
was 1
was 1
was 1
was 1
was 1
was 1
was 1
was 1
was 1
was 1
was 1
was 1
was 1
was 1
was 1
was 1
was 1
was 1
was 1
was 1
was 1
was 1
was 1
was 1
was 1
was 1
was 1
was 1
was 1
was 1
was 1
was 1
was 1
was 1
was 1
was 1
was 1
was 1
was 1
was 1
was 1
was 1
was 1
was 1
was 1
was 1
was 1
was 1
was 1
was 1
was 1
was 1
was 1
was 1
was 1
was 1
was 1
was 1
was 1
was 1
was 1
was 1
was 1
was 1
was 1
was 1
was 1
was 1
was 1
was 1
was 1
was 1
was 1
was 1
was 1
was 1
was 1
was 1
was 1
was 1
was 1
was 1
was 1
was 1
was 1
was 1
was 1
was 1
was 1
was 1
was 1
was 1
was 1
was 1
was 1
was 1
was 1
was 1
was 1
was 1
was 1
was 1
was 1
was 1
was 1
was 1
was 1
was 1
was 1
was 1
was 1
was 1
was 1
was 1
was 1
was 1
was 1
was 1
was 1
was 1
was 1
was 1
was 1
was 1
was 1
was 1
was 1
was 1
was 1
was 1
was 1
was 1
was 1
was 1
was 1
was 1
was 1
was 1
was 1
was 1
was 1
was 1
was 1
was 1
was 1
was 1
was 1
was 1
was 1
was 1
was 1
was 1
was 1
was 1
was 1
was 1
was 1
was 1
was 1
was 1
was 1
was 1
was 1
was 1
was 1
was 1
was 1
was 1
was 1
was 1
was 1
was 1
was 1
was 1
was 1
was 1
was 1
was 1
was 1
was 1
was 1
was 1
was 1
was 1
was 1
was 1
was 1
was 1
was 1
was 1
was 1
was 1
was 1
was 1
was 1
was 1
was 1
was 1
was 1
was 1
was 1
was 1
was 1
was 1
was 1
was 1
was 1
was 1
was 1
was 1
was 1
was 1
was 1
was 1
was 1
was 1
was 1
was 1
was 1
was 1
was 1
was 1
was 1
was 1
was 1
was 1
was 1
was 1
was 1
was 1
was 1
was 1
was 1
was 1
was 1
was 1
was 1
was 1
was 1
was 1
was 1
was 1
was 1
was 1
was 1
was 1
was 1
was 1
was 1
was 1
was 1
was 1
was 1
was 1
was 1
was 1
was 1
was 1
was 1
was 1
was 1
was 1
was 1
was 1
was 1
was 1
was 1
was 1
was 1
was 1
was 1
was 1
was 1
was 1
was 1
was 1
was 1
was 1
was 1
was 1
was 1
was 1
was 1
was 1
was 1
was 1
was 1
was 1
was 1
was 1
was 1
was 1
was 1
was 1
was 1
was 1
was 1
was 1
was 1
was 1
was 1
was 1
was 1
was 1
was 1
was 1
was 1
was 1
was 1
was 1
was 1
was 1
was 1
was 1
was 1
was 1
was 1
was 1
was 1
was 1
was 1
was 1
was 1
was 1
was 1
was 1
was 1
was 1
was 1
was 1
was 1
was 1
was 1
was 1
was 1
was 1
was 1
was 1
was 1
was 1
was 1
was 1
was 1
was 1
was 1
was 1
was 1
was 1
was 1
was 1
was 1
was 1
was 1
was 1
was 1
was 1
was 1
was 1
was 1
was 1
was 1
was 1
was 1
was 1
was 1
was 1
was 1
was 1
was 1
was 1
was 1
was 1
was 1
was 1
was 1
was 1
was 1
was 1
was 1
was 1
was 1
was 1
was 1
was 1
was 1
was 1
was 1
was 1
was 1
was 1
was 1
was 1
was 1
was 1
was 1
was 1
was 1
was 1
was 1
was 1
was 1
was 1
was 1
was 1
was 1
was 1
was 1
was 1
was 1
was 1
was 1
was 1
was 1
was 1
was 1
was 1
was 1
was 1
was 1
was 1
was 1
was 1
was 1
was 1
was 1
was 1
was 1
was 1
was 1
was 1
was 1
was 1
was 1
was 1
was 1
was 1
was 1
was 1
was 1
was 1
was 1
was 1
was 1
was 1
was 1
was 1
was 1
was 1
was 1
was 1
was 1
was 1
was 1
was 1
was 1
was 1
was 1
was 1
was 1
was 1
was 1
was 1
was 1
was 1
was 1
was 1
was 1
was 1
was 1
was 1
was 1
was 1
was 1
was 1
was 1
was 1
was 1
was 1
was 1
was 1
was 1
was 1
was 1
was 1
was 1
was 1
was 1
was 1
was 1
was 1
was 1
was 1
was 1
was 1
was 1
was 1
was 1
was 1
was 1
was 1
was 1
was 1
was 1
was 1
was 1
was 1
was 1
was 1
was 1
was 1
was 1
was 1
was 1
was 1
was 1
was 1
was 1
was 1
was 1
was 1
was 1
was 1
was 1
was 1
was 1
was 1
was 1
was 1
was 1
was 1
was 1
was 1
was 1
was 1
was 1
was 1
was 1
was 1
was 1
was 1
was 1
was 1
was 1
was 1
was 1
was 1
was 1
was 1
was 1
was 1
was 1
was 1
was 1
was 1
was 1
was 1
was 1
was 1
was 1
was 1
was 1
was 1
was 1
was 1
was 1
was 1
was 1
was 1
was 1
was 1
was 1
was 1
was 1
was 1
was 1
was 1
was 1
was 1
was 1
was 1
was 1
was 1
was 1
was 1
was 1
was 1
was 1
was 1
was 1
was 1
was 1
was 1
was 1
was 1
was 1
was 1
was 1
was 1
was 1
was 1
was 1
was 1
was 1
was 1
was 1
was 1
was 1
was 1
was 1
was 1
was 1
was 1
was 1
was 1
was 1
was 1
was 1
was 1
was 1
was 1
was 1
was 1
was 1
was 1
was 1
was 1
wasn 1
wasn 1
wasn 1
wasn 1
wasn 1
wasn 1
wasn 1
wasn 1
wasn 1
wasn 1
wasn 1
wasn 1
wasn 1
wasn 1
wasn 1
wasn 1
wasn 1
wasn 1
wasn 1
wasn 1
wasn 1
wear 1
wear 1
wear 1
wear 1
wear 1
weeks 1
weeks 1
weeks 1
weeks 1
weeks 1
weeks 1
weeks 1
weeks 1
weeks 1
weeks 1
weeks 1
weeks 1
weeks 1
weighed 1
welts 1
whelps 1
whether 1
whether 1
whether 1
whether 1
whether 1
whether 1
whether 1
whether 1
whether 1
whether 1
whether 1
whether 1
whether 1
whether 1
whether 1
whether 1
whether 1
whether 1
whether 1
whether 1
whether 1
whistling 1
wide 1
wide 1
wide 1
wide 1
wide 1
wide 1
wide 1
wide 1
wide 1
wide 1
wide 1
wide 1
wide 1
wide 1
wide 1
wide 1
wide 1
wife 1
wife 1
wife 1
wife 1
wife 1
wife 1
wife 1
wife 1
wig 1
windows 1
windows 1
windows 1
windows 1
wipe 1
wisht 1
wisht 1
wisht 1
wisht 1
wisht 1
wisht 1
wisht 1
wisht 1
wisht 1
wisht 1
witches 1
witches 1
witches 1
witches 1
witches 1
witches 1
witches 1
witches 1
witches 1
witches 1
witches 1
witches 1
wondering 1
wondering 1
wondering 1
wondering 1
wondering 1
wondering 1
wondering 1
wondering 1
words 1
words 1
words 1
words 1
words 1
words 1
words 1
words 1
words 1
words 1
words 1
words 1
words 1
words 1
words 1
words 1
words 1
words 1
words 1
words 1
words 1
words 1
words 1
words 1
words 1
worm 1
worry 1
worry 1
worry 1
worry 1
worry 1
worry 1
worry 1
worry 1
worry 1
worry 1
worry 1
would 1
would 1
would 1
would 1
would 1
would 1
would 1
would 1
would 1
would 1
would 1
would 1
would 1
would 1
would 1
would 1
would 1
would 1
would 1
would 1
would 1
would 1
would 1
would 1
would 1
would 1
would 1
would 1
would 1
would 1
would 1
would 1
would 1
would 1
would 1
would 1
would 1
would 1
would 1
would 1
would 1
would 1
would 1
would 1
would 1
would 1
would 1
would 1
would 1
would 1
would 1
would 1
would 1
would 1
would 1
would 1
would 1
would 1
would 1
would 1
would 1
would 1
would 1
would 1
would 1
would 1
would 1
would 1
would 1
would 1
would 1
would 1
would 1
would 1
would 1
would 1
would 1
would 1
would 1
would 1
would 1
would 1
would 1
would 1
would 1
would 1
would 1
would 1
would 1
would 1
would 1
would 1
would 1
would 1
would 1
would 1
would 1
would 1
would 1
would 1
would 1
would 1
would 1
would 1
would 1
would 1
would 1
would 1
would 1
would 1
would 1
would 1
would 1
would 1
would 1
would 1
would 1
would 1
would 1
would 1
would 1
would 1
would 1
would 1
would 1
would 1
would 1
would 1
would 1
would 1
would 1
would 1
would 1
would 1
would 1
would 1
would 1
would 1
would 1
would 1
would 1
would 1
would 1
would 1
would 1
would 1
would 1
would 1
would 1
would 1
would 1
would 1
would 1
would 1
would 1
would 1
would 1
would 1
would 1
would 1
would 1
would 1
would 1
would 1
would 1
would 1
would 1
would 1
would 1
would 1
would 1
would 1
would 1
would 1
would 1
would 1
would 1
would 1
would 1
would 1
would 1
would 1
would 1
would 1
would 1
would 1
would 1
would 1
would 1
would 1
would 1
would 1
would 1
would 1
would 1
would 1
would 1
would 1
would 1
would 1
would 1
would 1
would 1
would 1
would 1
would 1
would 1
would 1
would 1
would 1
would 1
would 1
would 1
would 1
would 1
would 1
would 1
would 1
would 1
would 1
would 1
would 1
would 1
would 1
would 1
would 1
would 1
would 1
would 1
would 1
would 1
would 1
would 1
would 1
would 1
would 1
would 1
would 1
would 1
would 1
would 1
would 1
would 1
would 1
would 1
would 1
would 1
would 1
would 1
would 1
would 1
would 1
would 1
would 1
would 1
would 1
would 1
would 1
would 1
would 1
would 1
would 1
would 1
would 1
would 1
would 1
would 1
would 1
would 1
would 1
would 1
would 1
would 1
would 1
would 1
would 1
would 1
would 1
would 1
would 1
would 1
would 1
would 1
would 1
would 1
would 1
would 1
would 1
would 1
would 1
would 1
would 1
would 1
would 1
would 1
would 1
would 1
would 1
would 1
would 1
would 1
would 1
would 1
would 1
would 1
would 1
would 1
would 1
would 1
would 1
would 1
would 1
would 1
would 1
would 1
would 1
would 1
would 1
would 1
would 1
would 1
would 1
would 1
would 1
would 1
would 1
would 1
would 1
would 1
would 1
would 1
would 1
would 1
would 1
would 1
would 1
would 1
would 1
would 1
would 1
would 1
would 1
would 1
would 1
would 1
would 1
would 1
would 1
would 1
would 1
would 1
would 1
would 1
would 1
would 1
would 1
would 1
would 1
would 1
would 1
would 1
would 1
would 1
would 1
would 1
would 1
would 1
would 1
would 1
would 1
would 1
would 1
would 1
would 1
would 1
would 1
would 1
would 1
would 1
would 1
would 1
would 1
would 1
would 1
would 1
would 1
would 1
would 1
would 1
would 1
would 1
would 1
would 1
would 1
would 1
would 1
would 1
would 1
would 1
would 1
would 1
would 1
wrist 1
wrist 1
wrist 1
wrist 1
wrist 1
written 1
written 1
written 1
www 1
www 1
www 1
www 1
www 1
www 1
y 1
y 1
y 1
y 1
y 1
y 1
y 1
y 1
y 1
y 1
y 1
yarlet 1
yawn 1
year 1
year 1
year 1
year 1
year 1
year 1
year 1
year 1
year 1
year 1
year 1
year 1
year 1
year 1
year 1
year 1
year 1
year 1
year 1
year 1
year 1
year 1
year 1
year 1
year 1
year 1
year 1
year 1
year 1
year 1
year 1
year 1
year 1
year 1
year 1
year 1
year 1
year 1
year 1
yistiddy 1
you 1
you 1
you 1
you 1
you 1
you 1
you 1
you 1
you 1
you 1
you 1
you 1
you 1
you 1
you 1
you 1
you 1
you 1
you 1
you 1
you 1
you 1
you 1
you 1
you 1
you 1
you 1
you 1
you 1
you 1
you 1
you 1
you 1
you 1
you 1
you 1
you 1
you 1
you 1
you 1
you 1
you 1
you 1
you 1
you 1
you 1
you 1
you 1
you 1
you 1
you 1
you 1
you 1
you 1
you 1
you 1
you 1
you 1
you 1
you 1
you 1
you 1
you 1
you 1
you 1
you 1
you 1
you 1
you 1
you 1
you 1
you 1
you 1
you 1
you 1
you 1
you 1
you 1
you 1
you 1
you 1
you 1
you 1
you 1
you 1
you 1
you 1
you 1
you 1
you 1
you 1
you 1
you 1
you 1
you 1
you 1
you 1
you 1
you 1
you 1
you 1
you 1
you 1
you 1
you 1
you 1
you 1
you 1
you 1
you 1
you 1
you 1
you 1
you 1
you 1
you 1
you 1
you 1
you 1
you 1
you 1
you 1
you 1
you 1
you 1
you 1
you 1
you 1
you 1
you 1
you 1
you 1
you 1
you 1
you 1
you 1
you 1
you 1
you 1
you 1
you 1
you 1
you 1
you 1
you 1
you 1
you 1
you 1
you 1
you 1
you 1
you 1
you 1
you 1
you 1
you 1
you 1
you 1
you 1
you 1
you 1
you 1
you 1
you 1
you 1
you 1
you 1
you 1
you 1
you 1
you 1
you 1
you 1
you 1
you 1
you 1
you 1
you 1
you 1
you 1
you 1
you 1
you 1
you 1
you 1
you 1
you 1
you 1
you 1
you 1
you 1
you 1
you 1
you 1
you 1
you 1
you 1
you 1
you 1
you 1
you 1
you 1
you 1
you 1
you 1
you 1
you 1
you 1
you 1
you 1
you 1
you 1
you 1
you 1
you 1
you 1
you 1
you 1
you 1
you 1
you 1
you 1
you 1
you 1
you 1
you 1
you 1
you 1
you 1
you 1
you 1
you 1
you 1
you 1
you 1
you 1
you 1
you 1
you 1
you 1
you 1
you 1
you 1
you 1
you 1
you 1
you 1
you 1
you 1
you 1
you 1
you 1
you 1
you 1
you 1
you 1
you 1
you 1
you 1
you 1
you 1
you 1
you 1
you 1
you 1
you 1
you 1
you 1
you 1
you 1
you 1
you 1
you 1
you 1
you 1
you 1
you 1
you 1
you 1
you 1
you 1
you 1
you 1
you 1
you 1
you 1
you 1
you 1
you 1
you 1
you 1
you 1
you 1
you 1
you 1
you 1
you 1
you 1
you 1
you 1
you 1
you 1
you 1
you 1
you 1
you 1
you 1
you 1
you 1
you 1
you 1
you 1
you 1
you 1
you 1
you 1
you 1
you 1
you 1
you 1
you 1
you 1
you 1
you 1
you 1
you 1
you 1
you 1
you 1
you 1
you 1
you 1
you 1
you 1
you 1
you 1
you 1
you 1
you 1
you 1
you 1
you 1
you 1
you 1
you 1
you 1
you 1
you 1
you 1
you 1
you 1
you 1
you 1
you 1
you 1
you 1
you 1
you 1
you 1
you 1
you 1
you 1
you 1
you 1
you 1
you 1
you 1
you 1
you 1
you 1
you 1
you 1
you 1
you 1
you 1
you 1
you 1
you 1
you 1
you 1
you 1
you 1
you 1
you 1
you 1
you 1
you 1
you 1
you 1
you 1
you 1
you 1
you 1
you 1
you 1
you 1
you 1
you 1
you 1
you 1
you 1
you 1
you 1
you 1
you 1
you 1
you 1
you 1
you 1
you 1
you 1
you 1
you 1
you 1
you 1
you 1
you 1
you 1
you 1
you 1
you 1
you 1
you 1
you 1
you 1
you 1
you 1
you 1
you 1
you 1
you 1
you 1
you 1
you 1
you 1
you 1
you 1
you 1
you 1
you 1
you 1
you 1
you 1
you 1
you 1
you 1
you 1
you 1
you 1
you 1
you 1
you 1
you 1
you 1
you 1
you 1
you 1
you 1
you 1
you 1
you 1
you 1
you 1
you 1
you 1
you 1
you 1
you 1
you 1
you 1
you 1
you 1
you 1
you 1
you 1
you 1
you 1
you 1
you 1
you 1
you 1
you 1
you 1
you 1
you 1
you 1
you 1
you 1
you 1
you 1
you 1
you 1
you 1
you 1
you 1
you 1
you 1
you 1
you 1
you 1
you 1
you 1
you 1
you 1
you 1
you 1
you 1
you 1
you 1
you 1
you 1
you 1
you 1
you 1
you 1
you 1
you 1
you 1
you 1
you 1
you 1
you 1
you 1
you 1
you 1
you 1
you 1
you 1
you 1
you 1
you 1
you 1
you 1
you 1
you 1
you 1
you 1
you 1
you 1
you 1
you 1
you 1
you 1
you 1
you 1
you 1
you 1
you 1
you 1
you 1
you 1
you 1
you 1
you 1
you 1
you 1
you 1
you 1
you 1
you 1
you 1
you 1
you 1
you 1
you 1
you 1
you 1
you 1
you 1
you 1
you 1
you 1
you 1
you 1
you 1
you 1
you 1
you 1
you 1
you 1
you 1
you 1
you 1
you 1
you 1
you 1
you 1
you 1
you 1
you 1
you 1
you 1
you 1
you 1
you 1
you 1
you 1
you 1
you 1
you 1
you 1
you 1
you 1
you 1
you 1
you 1
you 1
you 1
you 1
you 1
you 1
you 1
you 1
you 1
you 1
you 1
you 1
you 1
you 1
you 1
you 1
you 1
you 1
you 1
you 1
you 1
you 1
you 1
you 1
you 1
you 1
you 1
you 1
you 1
you 1
you 1
you 1
you 1
you 1
you 1
you 1
you 1
you 1
you 1
you 1
you 1
you 1
you 1
you 1
you 1
you 1
you 1
you 1
you 1
you 1
you 1
you 1
you 1
you 1
you 1
you 1
you 1
you 1
you 1
you 1
you 1
you 1
you 1
you 1
you 1
you 1
you 1
you 1
you 1
you 1
you 1
you 1
you 1
you 1
you 1
you 1
you 1
you 1
you 1
you 1
you 1
you 1
you 1
you 1
you 1
you 1
you 1
you 1
you 1
you 1
you 1
you 1
you 1
you 1
you 1
you 1
you 1
you 1
you 1
you 1
you 1
you 1
you 1
you 1
you 1
you 1
you 1
you 1
you 1
you 1
you 1
you 1
you 1
you 1
you 1
you 1
you 1
you 1
you 1
you 1
you 1
you 1
you 1
you 1
you 1
you 1
you 1
you 1
you 1
you 1
you 1
you 1
you 1
you 1
you 1
you 1
you 1
you 1
you 1
you 1
you 1
you 1
you 1
you 1
you 1
you 1
you 1
you 1
you 1
you 1
you 1
you 1
you 1
you 1
you 1
you 1
you 1
you 1
you 1
you 1
you 1
you 1
you 1
you 1
you 1
you 1
you 1
you 1
you 1
you 1
you 1
you 1
you 1
you 1
you 1
you 1
you 1
you 1
you 1
you 1
you 1
you 1
you 1
you 1
you 1
you 1
you 1
you 1
you 1
you 1
you 1
you 1
you 1
you 1
you 1
you 1
you 1
you 1
you 1
you 1
you 1
you 1
you 1
you 1
you 1
you 1
you 1
you 1
you 1
you 1
you 1
you 1
you 1
you 1
you 1
you 1
you 1
you 1
you 1
you 1
you 1
you 1
you 1
you 1
you 1
you 1
you 1
you 1
you 1
you 1
you 1
you 1
you 1
you 1
you 1
you 1
you 1
you 1
you 1
you 1
you 1
you 1
you 1
you 1
you 1
you 1
you 1
you 1
you 1
you 1
you 1
you 1
you 1
you 1
you 1
you 1
you 1
you 1
you 1
you 1
you 1
you 1
you 1
you 1
you 1
you 1
you 1
you 1
you 1
you 1
you 1
you 1
you 1
you 1
you 1
you 1
you 1
you 1
you 1
you 1
you 1
you 1
you 1
you 1
you 1
you 1
you 1
you 1
you 1
you 1
you 1
you 1
you 1
you 1
you 1
you 1
you 1
you 1
you 1
you 1
you 1
you 1
you 1
you 1
you 1
you 1
you 1
you 1
you 1
you 1
you 1
you 1
you 1
you 1
you 1
you 1
you 1
you 1
you 1
you 1
you 1
you 1
you 1
you 1
you 1
you 1
you 1
you 1
you 1
you 1
you 1
you 1
you 1
you 1
you 1
you 1
you 1
you 1
you 1
you 1
you 1
you 1
you 1
you 1
you 1
you 1
you 1
you 1
you 1
you 1
you 1
you 1
you 1
you 1
you 1
you 1
you 1
you 1
you 1
you 1
you 1
you 1
you 1
you 1
you 1
you 1
you 1
you 1
you 1
you 1
you 1
you 1
you 1
you 1
you 1
you 1
you 1
you 1
you 1
you 1
you 1
you 1
you 1
you 1
you 1
you 1
you 1
you 1
you 1
you 1
you 1
you 1
you 1
you 1
you 1
you 1
you 1
you 1
you 1
you 1
you 1
you 1
you 1
you 1
you 1
you 1
you 1
you 1
you 1
you 1
you 1
you 1
you 1
you 1
you 1
you 1
you 1
you 1
you 1
you 1
you 1
you 1
you 1
you 1
you 1
you 1
you 1
you 1
you 1
you 1
you 1
you 1
you 1
you 1
you 1
you 1
you 1
you 1
you 1
you 1
you 1
you 1
you 1
you 1
you 1
you 1
you 1
you 1
you 1
you 1
you 1
you 1
you 1
you 1
you 1
you 1
you 1
you 1
you 1
you 1
you 1
you 1
you 1
you 1
you 1
you 1
you 1
you 1
you 1
you 1
you 1
you 1
you 1
you 1
you 1
you 1
you 1
you 1
you 1
you 1
you 1
you 1
you 1
you 1
you 1
you 1
you 1
you 1
you 1
you 1
you 1
you 1
you 1
you 1
you 1
you 1
you 1
you 1
you 1
you 1
you 1
you 1
you 1
you 1
you 1
you 1
you 1
you 1
you 1
you 1
you 1
you 1
you 1
you 1
you 1
you 1
you 1
you 1
you 1
you 1
you 1
you 1
you 1
you 1
you 1
you 1
you 1
you 1
you 1
you 1
you 1
you 1
you 1
you 1
you 1
you 1
you 1
you 1
you 1
you 1
you 1
you 1
you 1
you 1
you 1
you 1
you 1
you 1
you 1
you 1
you 1
you 1
you 1
you 1
you 1
you 1
you 1
you 1
you 1
you 1
you 1
you 1
you 1
you 1
you 1
you 1
you 1
you 1
you 1
you 1
you 1
you 1
you 1
you 1
you 1
you 1
you 1
you 1
you 1
you 1
you 1
you 1
you 1
you 1
you 1
you 1
you 1
you 1
you 1
you 1
you 1
you 1
you 1
you 1
you 1
you 1
you 1
you 1
you 1
you 1
you 1
you 1
you 1
you 1
you 1
you 1
you 1
you 1
you 1
you 1
you 1
you 1
you 1
you 1
you 1
you 1
you 1
you 1
you 1
you 1
you 1
you 1
you 1
you 1
you 1
you 1
you 1
you 1
you 1
you 1
you 1
you 1
you 1
you 1
you 1
you 1
you 1
you 1
you 1
you 1
you 1
you 1
you 1
you 1
you 1
you 1
you 1
you 1
you 1
you 1
you 1
you 1
you 1
you 1
you 1
you 1
you 1
you 1
you 1
you 1
you 1
you 1
you 1
you 1
you 1
you 1
you 1
you 1
you 1
you 1
you 1
you 1
you 1
you 1
you 1
you 1
you 1
you 1
you 1
you 1
you 1
you 1
you 1
you 1
you 1
you 1
you 1
you 1
you 1
you 1
you 1
you 1
you 1
you 1
you 1
you 1
you 1
you 1
you 1
you 1
you 1
you 1
you 1
you 1
you 1
you 1
you 1
you 1
you 1
you 1
you 1
you 1
you 1
you 1
you 1
you 1
you 1
you 1
you 1
you 1
you 1
you 1
you 1
you 1
you 1
you 1
you 1
you 1
you 1
you 1
you 1
you 1
you 1
you 1
you 1
you 1
you 1
you 1
you 1
you 1
you 1
you 1
you 1
you 1
you 1
you 1
you 1
you 1
you 1
you 1
you 1
you 1
you 1
you 1
you 1
you 1
you 1
you 1
you 1
you 1
you 1
you 1
you 1
you 1
you 1
you 1
you 1
you 1
you 1
you 1
you 1
you 1
you 1
you 1
you 1
you 1
you 1
you 1
you 1
you 1
you 1
you 1
you 1
you 1
you 1
you 1
you 1
you 1
you 1
you 1
you 1
you 1
you 1
you 1
you 1
you 1
you 1
you 1
you 1
you 1
you 1
you 1
you 1
you 1
you 1
you 1
you 1
you 1
you 1
you 1
you 1
you 1
younger 1
younger 1
yourselves 1
yourselves 1
yourselves 1
yuther 1
yuther 1
yuther 1
yuther 1
yuther 1
yuther 1
yuther 1
zip 1
