AK 1
Agreed 1
Although 1
Anybody 1
Anybody 1
Anybody 1
Approaches 1
Ardor 1
Ashore 1
Austin 1
Avenger 1
Avenger 1
Avenger 1
Avenger 1
Avenger 1
Backs 1
Benjamin 1
Blood 1
Board 1
Brother 1
CLOSE 1
CONTENTS 1
Call 1
Can 1
Can 1
Can 1
Can 1
Can 1
Can 1
Can 1
Can 1
Can 1
Caught 1
Caught 1
Cert 1
Cold 1
Contact 1
Counter 1
Daylight 1
Dentistry 1
Dentistry 1
Devil 1
Drawing 1
Drunk 1
Drunk 1
EBook 1
EBook 1
Ebook 1
Effort 1
Enemy 1
Even 1
Even 1
Even 1
Expects 1
Exploring 1
F 1
F 1
F 1
F 1
F 1
F 1
F 1
F 1
F 1
F 1
F 1
F 1
Fine 1
Fine 1
Foe 1
Frazer 1
Git 1
Going 1
Grass 1
H 1
H 1
H 1
H 1
HARTFORD 1
HAVE 1
Harper 1
Harper 1
Harper 1
Harper 1
Harper 1
Harper 1
Harper 1
Harper 1
Harper 1
Harper 1
Harper 1
Harper 1
Harper 1
Harper 1
Harper 1
Harper 1
Harper 1
Harper 1
Harper 1
Harper 1
Harper 1
Harper 1
Harper 1
Harper 1
Harper 1
Harper 1
Harper 1
Harper 1
Harper 1
Harper 1
Harper 1
Harper 1
Harper 1
Harper 1
Harper 1
Harper 1
Harper 1
Harper 1
Health 1
Hear 1
Heroes 1
Hey 1
Hodges 1
Hope 1
Horsewhipped 1
However 1
However 1
However 1
However 1
However 1
However 1
However 1
However 1
However 1
However 1
Huckleberry 1
Huckleberry 1
Huckleberry 1
Huckleberry 1
Huckleberry 1
Huckleberry 1
Huckleberry 1
Huckleberry 1
Huckleberry 1
Huckleberry 1
Huckleberry 1
Huckleberry 1
Huckleberry 1
Huckleberry 1
Huckleberry 1
Huckleberry 1
Huckleberry 1
Huckleberry 1
Huckleberry 1
Huckleberry 1
Huckleberry 1
Huckleberry 1
Huckleberry 1
Huckleberry 1
Huckleberry 1
Huckleberry 1
Huckleberry 1
Huckleberry 1
Huckleberry 1
Huckleberry 1
Hush 1
IRS 1
Incident 1
Inside 1
Its 1
Its 1
Its 1
Jim 1
Jim 1
Jim 1
Jim 1
Jim 1
Jim 1
Jim 1
Jim 1
Jim 1
Jim 1
Jim 1
Jim 1
Jim 1
Jim 1
Jim 1
Jim 1
Jim 1
Jim 1
Jim 1
July 1
KIND 1
Ladies 1
Language 1
Lost 1
Lost 1
MERCHANTIBILITY 1
Market 1
Money 1
Mont 1
Mrs 1
Mrs 1
Mrs 1
Mrs 1
Mrs 1
Mrs 1
Mrs 1
Mrs 1
Mrs 1
Mrs 1
Mrs 1
Mrs 1
Mrs 1
Mrs 1
Mrs 1
Mrs 1
Mrs 1
Mrs 1
Mrs 1
Mrs 1
Mrs 1
Mrs 1
Mrs 1
Mrs 1
Mrs 1
Muff 1
Muff 1
Muff 1
Muff 1
Muff 1
Muff 1
Muff 1
Muff 1
Muff 1
Muff 1
Muff 1
Muff 1
Muff 1
Muff 1
Muff 1
Muff 1
Muff 1
Muff 1
Muff 1
Muff 1
Muff 1
Muff 1
Muff 1
Muff 1
Muff 1
Muff 1
Muff 1
My 1
My 1
My 1
My 1
My 1
My 1
My 1
My 1
My 1
My 1
My 1
My 1
My 1
My 1
My 1
My 1
My 1
NOTICE 1
Natives 1
None 1
Now 1
Now 1
Now 1
Now 1
Now 1
Now 1
Now 1
Now 1
Now 1
Now 1
Now 1
Now 1
Now 1
Now 1
Now 1
Now 1
Now 1
Now 1
Now 1
Now 1
Now 1
Now 1
Now 1
Now 1
Now 1
Now 1
Now 1
Now 1
Now 1
Now 1
Now 1
Now 1
Now 1
Now 1
Now 1
Now 1
Now 1
Now 1
Now 1
Now 1
Now 1
Now 1
Now 1
Now 1
Now 1
Now 1
Now 1
Now 1
Now 1
Now 1
Now 1
Now 1
Now 1
Now 1
Now 1
Now 1
Now 1
Now 1
Now 1
Now 1
Now 1
Now 1
Now 1
Now 1
Now 1
Now 1
Now 1
Now 1
Now 1
Now 1
Now 1
Now 1
Now 1
Now 1
Now 1
Now 1
Now 1
Now 1
Now 1
Now 1
Now 1
Now 1
Now 1
Now 1
Now 1
Now 1
Now 1
Now 1
Now 1
Now 1
Now 1
Now 1
Now 1
ONE 1
OTHER 1
One 1
One 1
One 1
One 1
One 1
One 1
One 1
One 1
One 1
One 1
One 1
One 1
One 1
Order 1
Oriental 1
Other 1
Other 1
Out 1
Out 1
PREFACE 1
Pity 1
Polly 1
Polly 1
Polly 1
Polly 1
Polly 1
Polly 1
Polly 1
Polly 1
Polly 1
Polly 1
Polly 1
Polly 1
Polly 1
Polly 1
Polly 1
Polly 1
Polly 1
Polly 1
Polly 1
Polly 1
Polly 1
Polly 1
Polly 1
Polly 1
Polly 1
Polly 1
Polly 1
Polly 1
Polly 1
Polly 1
Polly 1
Polly 1
Polly 1
Polly 1
Polly 1
Polly 1
Polly 1
Polly 1
Polly 1
Polly 1
Polly 1
Polly 1
Polly 1
Polly 1
Polly 1
Polly 1
Polly 1
Polly 1
Polly 1
Polly 1
Polly 1
Polly 1
Polly 1
Polly 1
Polly 1
Polly 1
Polly 1
Poor 1
Poor 1
Poor 1
Poor 1
Poor 1
Poor 1
Poor 1
Poor 1
Poor 1
Poor 1
Poor 1
Poor 1
Practices 1
Proudest 1
Refund 1
Replacement 1
Right 1
Right 1
Right 1
Right 1
Right 1
Robin 1
Robin 1
Robin 1
Robin 1
Robin 1
Robin 1
Robin 1
Robin 1
Robin 1
Robin 1
START 1
START 1
Saturdays 1
Saturdays 1
Seas 1
Seas 1
Seas 1
Sermon 1
Shake 1
Shake 1
Ship 1
Sid 1
Sid 1
Sid 1
Sid 1
Sid 1
Sid 1
Sid 1
Sid 1
Sid 1
Sid 1
Sid 1
Sid 1
Sid 1
Sid 1
Sid 1
Sid 1
Sid 1
Sid 1
Sid 1
Sid 1
Sid 1
Sid 1
Sid 1
Sid 1
Sid 1
Sid 1
Sid 1
Sid 1
Sid 1
Sid 1
Sid 1
Sid 1
Sid 1
Sid 1
Sid 1
Sid 1
Sid 1
Sid 1
Sid 1
Sid 1
Sid 1
Sid 1
Sid 1
Sid 1
Sid 1
Sid 1
Sid 1
Sid 1
Sid 1
Sid 1
Sid 1
Sid 1
Sid 1
Sid 1
Sid 1
Sid 1
Sid 1
Sid 1
Sid 1
Sid 1
Sid 1
Sid 1
Sid 1
Sid 1
Sid 1
Sid 1
Sid 1
Sid 1
Sid 1
Sid 1
Sid 1
Sid 1
Sid 1
Sid 1
Sid 1
Sid 1
Sid 1
Sid 1
Sid 1
Sid 1
Smaller 1
Sneeze 1
Some 1
Some 1
Some 1
Some 1
Some 1
Some 1
Some 1
Some 1
Spaniard 1
Spaniard 1
Spaniard 1
Spaniard 1
Spaniard 1
Spaniard 1
Spaniard 1
Spaniard 1
Spaniard 1
Spaniard 1
Spaniard 1
Spaniard 1
Spaniard 1
Spaniard 1
Speak 1
Speak 1
Specially 1
Spirits 1
Stand 1
Stand 1
Stand 1
States 1
States 1
States 1
States 1
States 1
States 1
States 1
States 1
States 1
States 1
States 1
States 1
States 1
States 1
Steady 1
Steady 1
Steady 1
Sunday 1
Sunday 1
Sunday 1
Sunday 1
Sunday 1
Sunday 1
Sunday 1
Sunday 1
Sunday 1
Sunday 1
Sunday 1
Sunday 1
Sunday 1
Sunday 1
Sunday 1
Sunday 1
Sunday 1
Sunday 1
Sunday 1
Sunday 1
Sunday 1
Sunday 1
Sunday 1
Sunday 1
Sunday 1
Sunday 1
Surely 1
Tail 1
Tail 1
Tail 1
Tail 1
Tavern 1
Tavern 1
Tavern 1
Temperance 1
Temperance 1
Temperance 1
Temperance 1
Temperance 1
Three 1
Three 1
Three 1
Three 1
Three 1
Three 1
Three 1
Three 1
Thunder 1
Thus 1
Tis 1
Tis 1
Tis 1
Tisn 1
Title 1
Turner 1
Twon 1
Unearthed 1
VII 1
VII 1
Vision 1
Walters 1
Walters 1
Walters 1
Walters 1
Walters 1
Walters 1
Walters 1
Walters 1
Ward 1
Wherever 1
Widger 1
Widger 1
Willie 1
With 1
With 1
With 1
Yet 1
Yet 1
Yet 1
Yi 1
absorbed 1
absorbed 1
absorbed 1
absorbed 1
absorbed 1
absorbed 1
absorbed 1
abstain 1
accidental 1
adamantine 1
affairs 1
aggravate 1
alarmed 1
allowed 1
allowed 1
allowed 1
allowed 1
allusions 1
answer 1
answer 1
answer 1
answer 1
answer 1
answer 1
answer 1
answer 1
answer 1
answer 1
answer 1
anywher 1
apart 1
apart 1
apart 1
applauded 1
approach 1
apron 1
apron 1
argue 1
arriving 1
artificial 1
ascent 1
aspect 1
aspect 1
ate 1
ate 1
ate 1
ate 1
ate 1
atmosphere 1
atmosphere 1
atmosphere 1
atmosphere 1
attack 1
attack 1
attempted 1
attending 1
attention 1
attention 1
attention 1
attention 1
attention 1
attention 1
attention 1
attention 1
attention 1
attention 1
attention 1
attention 1
attention 1
attested 1
attitude 1
attitude 1
audacious 1
audience 1
audience 1
audience 1
audience 1
audience 1
avert 1
awfully 1
badly 1
badly 1
badly 1
bank 1
bank 1
bank 1
bank 1
bank 1
bank 1
bank 1
barefoot 1
bargain 1
baths 1
baths 1
baths 1
beamed 1
beamed 1
beat 1
beat 1
beat 1
beating 1
beating 1
beating 1
believe 1
believe 1
believe 1
believe 1
believe 1
believe 1
believe 1
believe 1
believe 1
believe 1
believe 1
believe 1
believe 1
believe 1
believe 1
believe 1
believe 1
believe 1
believe 1
believed 1
believed 1
believed 1
believed 1
believed 1
believed 1
believed 1
believed 1
belle 1
big 1
big 1
big 1
big 1
big 1
big 1
big 1
big 1
big 1
big 1
big 1
big 1
big 1
big 1
big 1
big 1
big 1
big 1
birds 1
birds 1
birds 1
birds 1
bits 1
bits 1
bits 1
bits 1
bits 1
blaming 1
blanching 1
blissful 1
blow 1
blow 1
blow 1
blow 1
blowing 1
blowing 1
blowout 1
bolder 1
bore 1
bore 1
bore 1
bore 1
bore 1
bottle 1
bottle 1
bottle 1
bottle 1
bottle 1
boughs 1
boxed 1
boy 1
boy 1
boy 1
boy 1
boy 1
boy 1
boy 1
boy 1
boy 1
boy 1
boy 1
boy 1
boy 1
boy 1
boy 1
boy 1
boy 1
boy 1
boy 1
boy 1
boy 1
boy 1
boy 1
boy 1
boy 1
boy 1
boy 1
boy 1
boy 1
boy 1
boy 1
boy 1
boy 1
boy 1
boy 1
boy 1
boy 1
boy 1
boy 1
boy 1
boy 1
boy 1
boy 1
boy 1
boy 1
boy 1
boy 1
boy 1
boy 1
boy 1
boy 1
boy 1
boy 1
boy 1
boy 1
boy 1
boy 1
boy 1
boy 1
boy 1
boy 1
boy 1
boy 1
boy 1
boy 1
boy 1
boy 1
boy 1
boy 1
boy 1
boy 1
boy 1
boy 1
boy 1
boy 1
boy 1
boy 1
boy 1
boy 1
boy 1
boy 1
boy 1
boy 1
boy 1
boy 1
boy 1
boy 1
boy 1
boy 1
boy 1
boy 1
boy 1
boy 1
boy 1
boy 1
boy 1
boy 1
boy 1
boy 1
boy 1
boy 1
boy 1
boy 1
boy 1
boy 1
boy 1
boy 1
boy 1
boy 1
boy 1
boy 1
boy 1
boy 1
boy 1
boy 1
boy 1
boy 1
boy 1
boy 1
boy 1
boy 1
boy 1
boy 1
boy 1
boy 1
boy 1
boy 1
boy 1
boy 1
boy 1
braces 1
branch 1
branch 1
branch 1
branch 1
branch 1
branches 1
branches 1
breed 1
breed 1
breed 1
breed 1
breed 1
brightest 1
brim 1
brown 1
brown 1
brush 1
brush 1
brush 1
brush 1
brush 1
brush 1
brush 1
brush 1
bully 1
bully 1
bully 1
bully 1
bully 1
bully 1
bunch 1
bunch 1
bureau 1
burst 1
burst 1
burst 1
burst 1
burst 1
burst 1
burst 1
burst 1
burst 1
burst 1
burst 1
burst 1
burst 1
burst 1
burst 1
burst 1
bury 1
bury 1
bury 1
bury 1
bury 1
bury 1
bury 1
bury 1
bury 1
bury 1
bury 1
bury 1
bush 1
buy 1
buy 1
buy 1
buy 1
ca 1
cancer 1
cap 1
cap 1
cap 1
cap 1
cap 1
capital 1
chamber 1
chamber 1
chap 1
chap 1
chap 1
chap 1
chap 1
chartered 1
chatting 1
chests 1
chinks 1
chorus 1
clapping 1
classes 1
clawed 1
clawed 1
clearer 1
clergyman 1
clergyman 1
clodding 1
clothing 1
clothing 1
clothing 1
cloudy 1
cloudy 1
coated 1
coated 1
coaxed 1
cold 1
cold 1
cold 1
cold 1
cold 1
cold 1
cold 1
cold 1
cold 1
cold 1
cold 1
cold 1
cold 1
combed 1
comfort 1
comfort 1
comfort 1
comfort 1
comfort 1
comfort 1
comfort 1
comfort 1
comfort 1
comfort 1
comfort 1
comfort 1
committal 1
compassion 1
compassion 1
comply 1
comply 1
comply 1
comply 1
comply 1
comply 1
conceited 1
condescend 1
confidence 1
confidence 1
confidence 1
confidence 1
confidence 1
confidence 1
confident 1
confident 1
conflict 1
confusedly 1
consent 1
consent 1
conspicuousness 1
constituted 1
contact 1
contact 1
contact 1
contact 1
containing 1
contemplate 1
contemplate 1
contemplate 1
contemplated 1
contemplated 1
contemplated 1
contemplated 1
contemptuous 1
controlled 1
coolly 1
courtroom 1
courtroom 1
courtroom 1
crack 1
crack 1
crack 1
crack 1
crack 1
crack 1
crack 1
crack 1
credible 1
crept 1
crept 1
crept 1
crept 1
crept 1
crept 1
crept 1
crept 1
crept 1
crept 1
cross 1
cross 1
cross 1
cross 1
cross 1
cross 1
cross 1
cross 1
cross 1
cross 1
cross 1
cross 1
cross 1
crowns 1
crucified 1
crushed 1
crusts 1
crybabies 1
cuffing 1
culminated 1
cup 1
cup 1
cup 1
curdling 1
cuss 1
cutting 1
cutting 1
d 1
d 1
d 1
d 1
d 1
d 1
d 1
d 1
d 1
d 1
d 1
d 1
d 1
d 1
d 1
d 1
d 1
d 1
d 1
d 1
d 1
d 1
d 1
d 1
d 1
d 1
d 1
d 1
d 1
d 1
d 1
d 1
d 1
d 1
d 1
d 1
d 1
d 1
d 1
d 1
d 1
d 1
d 1
d 1
d 1
d 1
d 1
d 1
d 1
d 1
d 1
d 1
d 1
d 1
d 1
d 1
d 1
d 1
d 1
d 1
d 1
d 1
d 1
d 1
d 1
d 1
d 1
d 1
d 1
d 1
d 1
d 1
d 1
d 1
d 1
d 1
d 1
d 1
d 1
d 1
d 1
d 1
d 1
d 1
d 1
d 1
d 1
d 1
d 1
d 1
d 1
d 1
d 1
d 1
d 1
d 1
d 1
d 1
d 1
d 1
d 1
d 1
d 1
d 1
d 1
d 1
d 1
d 1
d 1
d 1
d 1
d 1
d 1
d 1
d 1
d 1
d 1
d 1
d 1
d 1
d 1
d 1
d 1
d 1
d 1
d 1
d 1
d 1
d 1
d 1
d 1
daintily 1
dangerous 1
dangerous 1
dangerous 1
dangerous 1
dangerous 1
dare 1
dare 1
dare 1
dare 1
dare 1
dare 1
dare 1
dare 1
dared 1
dared 1
das 1
dawn 1
dawn 1
dawn 1
day 1
day 1
day 1
day 1
day 1
day 1
day 1
day 1
day 1
day 1
day 1
day 1
day 1
day 1
day 1
day 1
day 1
day 1
day 1
day 1
day 1
day 1
day 1
day 1
day 1
day 1
day 1
day 1
day 1
day 1
day 1
day 1
day 1
day 1
day 1
day 1
day 1
day 1
day 1
day 1
day 1
day 1
day 1
day 1
day 1
day 1
day 1
day 1
day 1
day 1
day 1
day 1
day 1
day 1
day 1
day 1
day 1
day 1
day 1
day 1
day 1
day 1
day 1
day 1
day 1
day 1
day 1
day 1
day 1
day 1
day 1
day 1
day 1
day 1
dealt 1
decade 1
declined 1
declined 1
deemed 1
degree 1
degree 1
degree 1
deny 1
depend 1
depression 1
depression 1
depression 1
depression 1
desolation 1
destructive 1
details 1
details 1
details 1
details 1
die 1
die 1
die 1
die 1
die 1
die 1
die 1
die 1
die 1
die 1
die 1
die 1
die 1
die 1
died 1
died 1
died 1
died 1
died 1
died 1
died 1
died 1
died 1
died 1
died 1
died 1
died 1
died 1
died 1
died 1
diligence 1
diligent 1
diminished 1
dinner 1
dinner 1
dinner 1
dinner 1
directly 1
dirty 1
disposing 1
dispute 1
dispute 1
dissent 1
distributing 1
distributing 1
distributing 1
distributing 1
distributing 1
distributing 1
distributing 1
drawn 1
drawn 1
drawn 1
drawn 1
drearier 1
drew 1
drew 1
drew 1
drew 1
drew 1
drew 1
drew 1
drew 1
drew 1
drew 1
drew 1
drew 1
drew 1
drew 1
drew 1
drew 1
drink 1
drink 1
drink 1
drink 1
drink 1
drink 1
drink 1
drooping 1
drooping 1
drooping 1
drooping 1
drummer 1
due 1
due 1
due 1
ease 1
ease 1
effeminate 1
elegant 1
elevated 1
embracing 1
embroidered 1
empire 1
employee 1
enacted 1
engine 1
engraved 1
enterprises 1
enterprises 1
enterprises 1
entrance 1
entrance 1
envy 1
envy 1
envy 1
envy 1
envy 1
envy 1
envy 1
erfull 1
escapade 1
even 1
even 1
even 1
even 1
even 1
even 1
even 1
even 1
even 1
even 1
even 1
even 1
even 1
even 1
even 1
even 1
even 1
even 1
even 1
even 1
even 1
even 1
even 1
even 1
even 1
even 1
even 1
even 1
even 1
even 1
even 1
even 1
even 1
even 1
even 1
even 1
even 1
even 1
even 1
even 1
even 1
even 1
even 1
even 1
even 1
even 1
even 1
even 1
even 1
evening 1
evening 1
evening 1
evening 1
evening 1
evening 1
evening 1
evening 1
exertion 1
exhibited 1
exhibited 1
expeditions 1
exploits 1
expression 1
expression 1
failing 1
faintest 1
faintest 1
fainting 1
faith 1
faith 1
faith 1
falls 1
falls 1
falls 1
families 1
fashion 1
fashion 1
fashion 1
fashion 1
fashion 1
fashion 1
fastenings 1
feeling 1
feeling 1
feeling 1
feeling 1
feeling 1
feeling 1
feeling 1
feeling 1
female 1
few 1
few 1
few 1
few 1
few 1
few 1
few 1
few 1
few 1
few 1
few 1
few 1
few 1
few 1
few 1
few 1
few 1
few 1
few 1
few 1
few 1
few 1
few 1
few 1
few 1
few 1
few 1
few 1
fickle 1
fidgeted 1
fierce 1
fifty 1
fifty 1
fifty 1
fifty 1
fifty 1
fifty 1
figure 1
figure 1
file 1
file 1
file 1
filed 1
filed 1
filed 1
filed 1
fishhooks 1
fist 1
flaying 1
flitted 1
float 1
float 1
flowers 1
flowers 1
flowers 1
flowers 1
flowers 1
flowers 1
flowery 1
fooling 1
forcing 1
fore 1
fore 1
forenoon 1
forests 1
forgotten 1
forgotten 1
forgotten 1
forgotten 1
formats 1
formats 1
frail 1
fraud 1
fraud 1
freckled 1
friend 1
friend 1
friend 1
friend 1
friend 1
friend 1
friend 1
friend 1
frivolity 1
frocks 1
fulness 1
further 1
further 1
further 1
further 1
further 1
further 1
further 1
further 1
further 1
further 1
further 1
gained 1
gained 1
gained 1
gap 1
garment 1
gasped 1
gasped 1
gasped 1
gasped 1
gazing 1
gazing 1
gems 1
gen 1
generation 1
gestures 1
get 1
get 1
get 1
get 1
get 1
get 1
get 1
get 1
get 1
get 1
get 1
get 1
get 1
get 1
get 1
get 1
get 1
get 1
get 1
get 1
get 1
get 1
get 1
get 1
get 1
get 1
get 1
get 1
get 1
get 1
get 1
get 1
get 1
get 1
get 1
get 1
get 1
get 1
get 1
get 1
get 1
get 1
get 1
get 1
get 1
get 1
get 1
get 1
get 1
get 1
get 1
get 1
get 1
get 1
get 1
get 1
get 1
get 1
get 1
get 1
get 1
get 1
get 1
get 1
get 1
get 1
get 1
get 1
get 1
get 1
get 1
get 1
get 1
get 1
get 1
get 1
get 1
get 1
get 1
get 1
get 1
get 1
get 1
get 1
get 1
get 1
get 1
get 1
get 1
get 1
get 1
get 1
get 1
get 1
get 1
get 1
get 1
get 1
get 1
get 1
get 1
get 1
get 1
get 1
get 1
get 1
get 1
get 1
get 1
girl 1
girl 1
girl 1
girl 1
girl 1
girl 1
girl 1
girl 1
girl 1
girl 1
girl 1
girl 1
girl 1
girl 1
girl 1
girl 1
girl 1
girl 1
girl 1
girl 1
girl 1
girl 1
girl 1
girl 1
girl 1
girl 1
girl 1
girl 1
girl 1
girl 1
girl 1
girl 1
girl 1
girl 1
girl 1
girl 1
girl 1
gleam 1
glinting 1
gloated 1
goners 1
goners 1
grab 1
grasses 1
gratification 1
gratification 1
graves 1
graves 1
gravest 1
gravity 1
gravity 1
gravity 1
grieved 1
grievous 1
grimly 1
gripping 1
groaned 1
grounded 1
grumbled 1
guessed 1
guessed 1
guide 1
hacked 1
hacked 1
hamlets 1
hammering 1
hammering 1
hang 1
hang 1
hang 1
hang 1
hang 1
hang 1
hang 1
hang 1
hang 1
hang 1
harder 1
harder 1
harder 1
harder 1
hastened 1
hastened 1
head 1
head 1
head 1
head 1
head 1
head 1
head 1
head 1
head 1
head 1
head 1
head 1
head 1
head 1
head 1
head 1
head 1
head 1
head 1
head 1
head 1
head 1
head 1
head 1
head 1
head 1
head 1
head 1
head 1
head 1
head 1
head 1
head 1
head 1
head 1
head 1
head 1
head 1
head 1
head 1
head 1
head 1
head 1
head 1
head 1
head 1
head 1
head 1
head 1
head 1
head 1
head 1
head 1
head 1
head 1
head 1
head 1
head 1
head 1
head 1
head 1
head 1
head 1
head 1
head 1
head 1
head 1
head 1
head 1
hear 1
hear 1
hear 1
hear 1
hear 1
hear 1
hear 1
hear 1
hear 1
hear 1
hear 1
hear 1
hear 1
hear 1
hear 1
hear 1
hear 1
hear 1
hear 1
hear 1
hear 1
hear 1
hear 1
hear 1
hear 1
hear 1
hear 1
hear 1
hear 1
hear 1
hear 1
hear 1
hear 1
hear 1
hear 1
hear 1
hear 1
heavily 1
heavily 1
helped 1
helped 1
helped 1
helped 1
helped 1
helped 1
helped 1
helps 1
hender 1
hidden 1
hidden 1
hidden 1
hidden 1
hidden 1
hidden 1
hide 1
hide 1
hide 1
hide 1
hide 1
hide 1
hide 1
hide 1
hide 1
high 1
high 1
high 1
high 1
high 1
high 1
high 1
high 1
high 1
high 1
high 1
high 1
high 1
high 1
high 1
high 1
high 1
high 1
high 1
high 1
high 1
high 1
high 1
high 1
hilarious 1
hither 1
hither 1
hither 1
hoisted 1
holiday 1
holiday 1
holiday 1
holiday 1
honorable 1
hostile 1
hostile 1
hound 1
however 1
however 1
however 1
however 1
however 1
however 1
however 1
however 1
howling 1
howling 1
http 1
http 1
http 1
http 1
http 1
http 1
http 1
http 1
hug 1
hum 1
hum 1
hurry 1
hurry 1
hurry 1
hurry 1
hurry 1
hurry 1
hurry 1
hymn 1
hymn 1
hymn 1
hymn 1
hymn 1
hymn 1
ideas 1
imagination 1
imagination 1
imagination 1
implied 1
importance 1
importance 1
inches 1
inches 1
inches 1
inclination 1
increased 1
increased 1
increased 1
increased 1
increased 1
industry 1
industry 1
infallible 1
insecure 1
inserted 1
inside 1
inside 1
insipid 1
inspect 1
instinct 1
intelligently 1
invitations 1
invitations 1
ironically 1
irritated 1
jam 1
jam 1
jam 1
jammed 1
jog 1
judgment 1
judgment 1
jury 1
jury 1
just 1
just 1
just 1
just 1
just 1
just 1
just 1
just 1
just 1
just 1
just 1
just 1
just 1
just 1
just 1
just 1
just 1
just 1
just 1
just 1
just 1
just 1
just 1
just 1
just 1
just 1
just 1
just 1
just 1
just 1
just 1
just 1
just 1
just 1
just 1
just 1
just 1
just 1
just 1
just 1
just 1
just 1
just 1
just 1
just 1
just 1
just 1
just 1
just 1
just 1
just 1
just 1
just 1
just 1
just 1
just 1
just 1
just 1
just 1
just 1
just 1
just 1
just 1
just 1
just 1
just 1
just 1
just 1
just 1
just 1
just 1
just 1
just 1
just 1
just 1
just 1
just 1
just 1
just 1
just 1
just 1
just 1
just 1
just 1
just 1
just 1
just 1
just 1
just 1
just 1
just 1
just 1
just 1
just 1
just 1
just 1
just 1
just 1
just 1
just 1
just 1
just 1
just 1
just 1
just 1
just 1
just 1
just 1
just 1
just 1
just 1
just 1
just 1
just 1
just 1
just 1
just 1
just 1
just 1
just 1
just 1
just 1
just 1
just 1
just 1
just 1
just 1
just 1
just 1
just 1
just 1
keeps 1
keeps 1
kerchiefs 1
kicking 1
kicking 1
kiss 1
kiss 1
kiss 1
kiss 1
kiss 1
kitchen 1
kitchen 1
kitchen 1
kitchen 1
kitchen 1
kitchen 1
knack 1
knitting 1
knock 1
knock 1
knock 1
knock 1
knows 1
knows 1
knows 1
knows 1
knows 1
knows 1
knows 1
lady 1
lady 1
lady 1
lady 1
lady 1
lady 1
lady 1
lady 1
lady 1
lady 1
lady 1
lady 1
lady 1
lady 1
lady 1
lady 1
lady 1
lady 1
lady 1
lady 1
lady 1
language 1
language 1
language 1
language 1
largely 1
largely 1
last 1
last 1
last 1
last 1
last 1
last 1
last 1
last 1
last 1
last 1
last 1
last 1
last 1
last 1
last 1
last 1
last 1
last 1
last 1
last 1
last 1
last 1
last 1
last 1
last 1
last 1
last 1
last 1
last 1
last 1
last 1
last 1
last 1
last 1
last 1
last 1
last 1
last 1
last 1
last 1
last 1
last 1
last 1
last 1
last 1
last 1
last 1
last 1
last 1
last 1
last 1
last 1
last 1
last 1
last 1
last 1
last 1
last 1
last 1
last 1
last 1
last 1
last 1
last 1
last 1
last 1
last 1
last 1
last 1
last 1
last 1
last 1
last 1
last 1
last 1
last 1
last 1
latching 1
laughed 1
laughed 1
laughed 1
laughed 1
lavishly 1
lawn 1
lawn 1
lawyer 1
lawyer 1
lawyer 1
lawyer 1
lawyer 1
lawyer 1
lawyer 1
lawyer 1
lawyer 1
lay 1
lay 1
lay 1
lay 1
lay 1
lay 1
lay 1
lay 1
lay 1
lay 1
lay 1
lay 1
lay 1
lay 1
lay 1
lay 1
lay 1
lay 1
lay 1
lay 1
lay 1
lay 1
lay 1
lay 1
lay 1
lay 1
lay 1
lay 1
lay 1
lay 1
lay 1
lay 1
lay 1
lay 1
lay 1
lay 1
lay 1
lay 1
lay 1
lay 1
lay 1
lay 1
lay 1
lay 1
lay 1
lazy 1
lazy 1
lazy 1
leaf 1
leaf 1
leaf 1
leaky 1
learning 1
lee 1
legally 1
lesson 1
lesson 1
lesson 1
lesson 1
lesson 1
letter 1
letter 1
lie 1
lie 1
lie 1
lie 1
lie 1
lie 1
lie 1
lie 1
lie 1
lie 1
lie 1
lie 1
lie 1
lie 1
lie 1
lie 1
lie 1
lie 1
lie 1
list 1
list 1
listened 1
listened 1
listened 1
listened 1
listened 1
listened 1
listened 1
listened 1
listened 1
listened 1
listened 1
listened 1
listened 1
listened 1
litter 1
live 1
live 1
live 1
live 1
live 1
live 1
live 1
live 1
live 1
live 1
live 1
live 1
loaves 1
locations 1
locations 1
loneliness 1
loneliness 1
loneliness 1
loneliness 1
looked 1
looked 1
looked 1
looked 1
looked 1
looked 1
looked 1
looked 1
looked 1
looked 1
looked 1
looked 1
looked 1
looked 1
looked 1
looked 1
looked 1
looked 1
looked 1
looked 1
looked 1
looked 1
looked 1
looked 1
looked 1
looked 1
looked 1
looked 1
looked 1
looked 1
looked 1
looked 1
looked 1
looked 1
looked 1
looked 1
looked 1
looked 1
looked 1
looked 1
looked 1
looked 1
looked 1
looked 1
looked 1
low 1
low 1
low 1
low 1
low 1
low 1
low 1
low 1
low 1
low 1
low 1
low 1
low 1
low 1
low 1
low 1
low 1
lucifer 1
luckless 1
lucky 1
lucky 1
lucky 1
lucky 1
lunching 1
luxurious 1
magnified 1
mainly 1
mainly 1
mainly 1
mainly 1
mar 1
market 1
marring 1
marvels 1
marvels 1
marvels 1
marvels 1
matchless 1
matrons 1
mazes 1
measles 1
measles 1
meditation 1
mending 1
mending 1
metaphorically 1
mighty 1
mighty 1
mighty 1
mighty 1
mighty 1
mighty 1
mighty 1
mighty 1
mighty 1
mighty 1
mighty 1
mighty 1
mighty 1
mighty 1
mighty 1
mighty 1
mighty 1
mighty 1
mighty 1
mighty 1
mighty 1
mighty 1
mighty 1
mighty 1
mighty 1
mighty 1
minstrel 1
mischief 1
mischief 1
mischief 1
mischief 1
miserable 1
miserable 1
miserable 1
miserable 1
miserable 1
miserable 1
miserable 1
misfortune 1
misfortune 1
misfortune 1
misplaced 1
missile 1
mister 1
modification 1
moment 1
moment 1
moment 1
moment 1
moment 1
moment 1
moment 1
moment 1
moment 1
moment 1
moment 1
moment 1
moment 1
moment 1
moment 1
moment 1
moment 1
moment 1
moment 1
moment 1
moment 1
moment 1
moment 1
moment 1
moment 1
moment 1
moment 1
moment 1
moment 1
moment 1
moment 1
moment 1
moment 1
moment 1
moment 1
moment 1
moment 1
moment 1
moment 1
moment 1
moment 1
moment 1
moment 1
moment 1
moment 1
moment 1
moment 1
moment 1
moment 1
moment 1
moment 1
moment 1
moment 1
moment 1
moment 1
moment 1
moment 1
moment 1
moment 1
moment 1
moment 1
moment 1
moment 1
moment 1
moment 1
moment 1
moment 1
moment 1
moody 1
moody 1
myself 1
myself 1
myself 1
myself 1
myself 1
myself 1
myself 1
n 1
n 1
n 1
n 1
n 1
n 1
n 1
n 1
n 1
n 1
n 1
n 1
n 1
n 1
n 1
n 1
n 1
n 1
n 1
namely 1
namely 1
namely 1
necks 1
needles 1
needles 1
neighboring 1
neighboring 1
neighboring 1
neighboring 1
new 1
new 1
new 1
new 1
new 1
new 1
new 1
new 1
new 1
new 1
new 1
new 1
new 1
new 1
new 1
new 1
new 1
new 1
new 1
new 1
new 1
new 1
new 1
new 1
new 1
new 1
new 1
new 1
new 1
new 1
new 1
new 1
new 1
new 1
new 1
new 1
new 1
new 1
new 1
new 1
new 1
new 1
new 1
new 1
new 1
new 1
new 1
new 1
new 1
new 1
new 1
new 1
new 1
new 1
new 1
new 1
new 1
night 1
night 1
night 1
night 1
night 1
night 1
night 1
night 1
night 1
night 1
night 1
night 1
night 1
night 1
night 1
night 1
night 1
night 1
night 1
night 1
night 1
night 1
night 1
night 1
night 1
night 1
night 1
night 1
night 1
night 1
night 1
night 1
night 1
night 1
night 1
night 1
night 1
night 1
night 1
night 1
night 1
night 1
night 1
night 1
night 1
night 1
night 1
night 1
night 1
night 1
night 1
night 1
night 1
night 1
night 1
night 1
night 1
night 1
night 1
night 1
night 1
night 1
night 1
night 1
night 1
night 1
night 1
night 1
night 1
night 1
night 1
night 1
night 1
night 1
night 1
night 1
night 1
night 1
night 1
night 1
night 1
night 1
night 1
night 1
night 1
night 1
night 1
night 1
night 1
night 1
night 1
nobility 1
noble 1
noble 1
noble 1
noble 1
noise 1
noise 1
noise 1
noise 1
noise 1
noise 1
noonday 1
notching 1
nothingness 1
novel 1
nudges 1
oar 1
observed 1
observed 1
observed 1
observed 1
observed 1
observed 1
occasional 1
occasional 1
occur 1
occur 1
occur 1
occur 1
ocean 1
onto 1
onto 1
orbit 1
orter 1
our 1
our 1
our 1
our 1
our 1
our 1
our 1
our 1
our 1
our 1
our 1
our 1
our 1
our 1
our 1
our 1
our 1
our 1
our 1
our 1
our 1
our 1
our 1
overboard 1
overheard 1
p 1
p 1
pages 1
pages 1
pages 1
pages 1
paralyzed 1
paralyzed 1
particulars 1
passage 1
passage 1
passage 1
passage 1
pathless 1
patiently 1
patiently 1
patiently 1
patiently 1
pattering 1
pattern 1
pattern 1
pattern 1
peacefully 1
peacefully 1
peering 1
personage 1
pettishly 1
pew 1
pew 1
pew 1
pew 1
picked 1
picked 1
picked 1
picked 1
picked 1
picturesque 1
pie 1
pie 1
pink 1
pious 1
pirates 1
pirates 1
pirates 1
pirates 1
pirates 1
pirates 1
pirates 1
pirates 1
pirates 1
pirates 1
pirates 1
pirates 1
pirates 1
pirates 1
pirates 1
pirates 1
pitilessly 1
pity 1
pity 1
pity 1
pity 1
pity 1
pity 1
pity 1
pity 1
pity 1
pity 1
places 1
places 1
places 1
places 1
places 1
places 1
places 1
places 1
places 1
places 1
planned 1
planned 1
plants 1
please 1
please 1
please 1
please 1
please 1
please 1
please 1
please 1
pocket 1
pocket 1
pocket 1
pocket 1
pocket 1
pocket 1
pocket 1
pocket 1
pocket 1
pocket 1
pocket 1
pocket 1
pocket 1
pocket 1
ponderously 1
popped 1
pore 1
pouring 1
praised 1
preacher 1
presently 1
presently 1
presently 1
presently 1
presently 1
presently 1
presently 1
presently 1
presently 1
presently 1
presently 1
presently 1
presently 1
presently 1
presently 1
presently 1
presently 1
presently 1
presently 1
presently 1
presently 1
presently 1
presently 1
presently 1
presently 1
presently 1
presently 1
presently 1
presently 1
presently 1
presently 1
presently 1
presently 1
presently 1
presently 1
presently 1
presently 1
presently 1
presently 1
presently 1
presently 1
presently 1
presently 1
presently 1
preservation 1
preserve 1
pretending 1
pretending 1
pride 1
pride 1
pride 1
pride 1
pride 1
pride 1
pride 1
pride 1
privileges 1
privileges 1
prized 1
prodigy 1
produce 1
produce 1
produce 1
produced 1
produced 1
produced 1
produced 1
profit 1
profoundly 1
programme 1
prompting 1
proofread 1
prospective 1
proud 1
proud 1
proud 1
proud 1
proud 1
proud 1
proudest 1
proudest 1
proudest 1
prove 1
pulpit 1
pulpit 1
pulpit 1
pummelling 1
pump 1
pump 1
pump 1
pump 1
pump 1
pursuit 1
pursuit 1
quest 1
quest 1
quicker 1
quicker 1
quicker 1
quickly 1
quickly 1
quickly 1
quickly 1
quickly 1
quickly 1
quickly 1
quickly 1
quickly 1
quite 1
quite 1
quite 1
quite 1
quite 1
quivering 1
quivering 1
racket 1
rag 1
rag 1
raise 1
raise 1
raise 1
raise 1
rapped 1
rapped 1
raps 1
rascalities 1
rather 1
rather 1
rather 1
rather 1
rather 1
rather 1
rather 1
rather 1
rather 1
rather 1
rattle 1
reckon 1
reckon 1
reckon 1
reckon 1
reckon 1
reckon 1
reckon 1
reckon 1
reckon 1
reckon 1
reckon 1
reckon 1
reckon 1
reckon 1
reckon 1
reckon 1
reckon 1
reckon 1
reckon 1
reckon 1
reckon 1
reckon 1
reckon 1
reckon 1
reckon 1
reckon 1
reckon 1
reckon 1
reckon 1
reckon 1
reckon 1
reckon 1
reckon 1
reckon 1
reckon 1
reckon 1
reckon 1
reckon 1
reckon 1
reckon 1
reckon 1
reckon 1
reckon 1
reckon 1
reckon 1
reckon 1
reckon 1
reckon 1
reckon 1
reckon 1
reckon 1
reckon 1
reckon 1
reckon 1
reckon 1
reckon 1
reckon 1
reckon 1
reckon 1
reckon 1
reckon 1
reckon 1
reckon 1
reckon 1
reckon 1
reckon 1
reckon 1
reckon 1
reckon 1
reckon 1
reckon 1
reckon 1
reckon 1
reckon 1
recurred 1
reeling 1
references 1
references 1
references 1
references 1
relapse 1
relapse 1
relieve 1
relieved 1
relieved 1
remain 1
remain 1
remain 1
remain 1
remarkable 1
repeated 1
repeated 1
repeated 1
repeated 1
reproach 1
repulsed 1
responded 1
responded 1
responsible 1
responsible 1
responsible 1
restored 1
restored 1
retold 1
ribbon 1
ribbon 1
ribbon 1
ribbon 1
ribbon 1
ribbon 1
robe 1
rocky 1
rocky 1
roun 1
round 1
round 1
round 1
round 1
round 1
round 1
round 1
round 1
round 1
round 1
round 1
round 1
round 1
round 1
round 1
round 1
round 1
round 1
routine 1
rubbed 1
rubber 1
rush 1
rush 1
rush 1
safely 1
safely 1
sand 1
sand 1
sand 1
sand 1
sand 1
sand 1
sand 1
sat 1
sat 1
sat 1
sat 1
sat 1
sat 1
sat 1
sat 1
sat 1
sat 1
sat 1
sat 1
sat 1
sat 1
sat 1
sat 1
sat 1
sat 1
sat 1
sat 1
sat 1
sat 1
sat 1
sat 1
sat 1
sat 1
sat 1
sat 1
sat 1
sat 1
sat 1
sat 1
sat 1
sat 1
sat 1
sat 1
sat 1
sat 1
sat 1
sat 1
sat 1
scared 1
scared 1
scared 1
scared 1
scared 1
scared 1
scared 1
scared 1
search 1
search 1
search 1
search 1
search 1
search 1
search 1
searching 1
searching 1
searching 1
seasons 1
security 1
security 1
seem 1
seem 1
seem 1
seem 1
seem 1
seem 1
seem 1
seem 1
seem 1
seem 1
seem 1
seem 1
seem 1
seeming 1
seeming 1
semi 1
sense 1
sense 1
sense 1
sense 1
sense 1
sense 1
sense 1
sense 1
serene 1
servants 1
setting 1
severe 1
sews 1
sews 1
sha 1
sha 1
sha 1
sha 1
shabbier 1
shabbier 1
shaky 1
shaky 1
shapely 1
shedding 1
shelf 1
sheltered 1
shortcomings 1
shortened 1
shot 1
shot 1
shot 1
shot 1
shot 1
shot 1
shot 1
shot 1
shot 1
shot 1
shoving 1
showed 1
showed 1
showed 1
showed 1
showed 1
showed 1
showed 1
showed 1
showed 1
showed 1
showed 1
showed 1
showed 1
showed 1
showed 1
showed 1
shower 1
shows 1
showy 1
sighs 1
simultaneously 1
single 1
single 1
single 1
single 1
sings 1
sinuous 1
sitting 1
sitting 1
sitting 1
sitting 1
sitting 1
sitting 1
sitting 1
sitting 1
sitting 1
sitting 1
sitting 1
sitting 1
sitting 1
six 1
six 1
six 1
six 1
six 1
six 1
six 1
six 1
six 1
six 1
sketching 1
skiffs 1
skiffs 1
skiffs 1
slid 1
sliding 1
slightly 1
slip 1
slip 1
slip 1
slip 1
slip 1
slouch 1
slouch 1
slowed 1
slumber 1
smaller 1
smaller 1
smaller 1
smaller 1
smoking 1
smoking 1
smoking 1
smoking 1
smoking 1
smote 1
smote 1
smote 1
sniffing 1
snowbanks 1
snowy 1
sob 1
soldier 1
soldier 1
soldier 1
sometimes 1
sometimes 1
sometimes 1
sometimes 1
sometimes 1
sometimes 1
sometimes 1
sometimes 1
sometimes 1
sometimes 1
sometimes 1
sometimes 1
sorrowing 1
sounded 1
sounded 1
sounded 1
sounded 1
sounded 1
space 1
space 1
space 1
space 1
spades 1
specific 1
spelling 1
spelling 1
spelling 1
spelling 1
spelling 1
spelling 1
spelling 1
sport 1
sport 1
squeeze 1
stammered 1
standstill 1
star 1
star 1
star 1
stately 1
steamboat 1
steamboat 1
steeple 1
step 1
step 1
step 1
step 1
step 1
step 1
step 1
stepping 1
stoutly 1
straggling 1
straggling 1
strange 1
strange 1
strange 1
strange 1
strange 1
strange 1
strange 1
stranger 1
stranger 1
stranger 1
stranger 1
stranger 1
stranger 1
stranger 1
stranger 1
stuff 1
stuff 1
stuff 1
stunning 1
stunning 1
subject 1
subject 1
subject 1
subject 1
subject 1
subterranean 1
succeed 1
sufferer 1
sufferer 1
sufferer 1
sufferer 1
sullenly 1
sumptuously 1
suppertime 1
supported 1
supported 1
suppressed 1
surveying 1
survive 1
swabbed 1
swallowed 1
swallowed 1
swallowed 1
sweat 1
sweat 1
sweat 1
sweat 1
sweat 1
sweat 1
sweat 1
sweep 1
sweep 1
sweep 1
swinging 1
tale 1
tale 1
tale 1
tale 1
tale 1
tale 1
tale 1
tale 1
talent 1
tapped 1
taw 1
teacher 1
teacher 1
teacher 1
telegraphic 1
tells 1
tells 1
tells 1
terrific 1
terrific 1
tete 1
tete 1
thing 1
thing 1
thing 1
thing 1
thing 1
thing 1
thing 1
thing 1
thing 1
thing 1
thing 1
thing 1
thing 1
thing 1
thing 1
thing 1
thing 1
thing 1
thing 1
thing 1
thing 1
thing 1
thing 1
thing 1
thing 1
thing 1
thing 1
thing 1
thing 1
thing 1
thing 1
thing 1
thing 1
thing 1
thing 1
thing 1
thing 1
thing 1
thing 1
thing 1
thing 1
thing 1
thing 1
thing 1
thing 1
thing 1
thing 1
thing 1
thing 1
thing 1
thing 1
thing 1
thing 1
thing 1
thing 1
thing 1
thing 1
thing 1
thing 1
thing 1
thing 1
thing 1
thing 1
thing 1
thing 1
thing 1
thing 1
thing 1
thing 1
thing 1
thing 1
thing 1
thoughts 1
thoughts 1
thoughts 1
thoughts 1
thrash 1
threatened 1
three 1
three 1
three 1
three 1
three 1
three 1
three 1
three 1
three 1
three 1
three 1
three 1
three 1
three 1
three 1
three 1
three 1
three 1
three 1
three 1
three 1
three 1
three 1
three 1
three 1
three 1
three 1
three 1
three 1
three 1
three 1
three 1
three 1
three 1
three 1
three 1
three 1
three 1
three 1
three 1
three 1
three 1
three 1
three 1
three 1
three 1
three 1
three 1
three 1
three 1
three 1
three 1
throne 1
throne 1
throne 1
throned 1
throned 1
throwing 1
throwing 1
throwing 1
thus 1
thus 1
thus 1
thus 1
thus 1
titter 1
titter 1
titter 1
topped 1
torturing 1
tote 1
tother 1
touched 1
touched 1
touched 1
touched 1
touched 1
touched 1
touched 1
tradition 1
tragic 1
tranquil 1
tranquil 1
tranquil 1
treasures 1
treasures 1
treasures 1
treat 1
treat 1
treat 1
trembling 1
trembling 1
trembling 1
trial 1
trial 1
trial 1
tried 1
tried 1
tried 1
tried 1
tried 1
tried 1
tried 1
tried 1
tried 1
tried 1
tried 1
tried 1
tried 1
tried 1
tried 1
tried 1
tried 1
tried 1
tried 1
tried 1
tried 1
tried 1
tried 1
tried 1
tried 1
tried 1
tried 1
tried 1
tried 1
tried 1
tried 1
tried 1
tried 1
tried 1
tried 1
tried 1
tried 1
trifle 1
trifle 1
trifle 1
trifle 1
trifle 1
trifle 1
trifle 1
trifle 1
trifle 1
trifle 1
trifle 1
trigger 1
triple 1
tripped 1
tripped 1
tripped 1
troubles 1
troubles 1
troubles 1
troubles 1
troubles 1
troubles 1
troubles 1
troubles 1
tumbling 1
tumbling 1
tumbling 1
tumbling 1
tunnel 1
turns 1
turns 1
turns 1
turtle 1
twice 1
twice 1
twice 1
twice 1
twice 1
twice 1
twice 1
twice 1
twice 1
two 1
two 1
two 1
two 1
two 1
two 1
two 1
two 1
two 1
two 1
two 1
two 1
two 1
two 1
two 1
two 1
two 1
two 1
two 1
two 1
two 1
two 1
two 1
two 1
two 1
two 1
two 1
two 1
two 1
two 1
two 1
two 1
two 1
two 1
two 1
two 1
two 1
two 1
two 1
two 1
two 1
two 1
two 1
two 1
two 1
two 1
two 1
two 1
two 1
two 1
two 1
two 1
two 1
two 1
two 1
two 1
two 1
two 1
two 1
two 1
two 1
two 1
two 1
two 1
two 1
two 1
two 1
two 1
two 1
two 1
two 1
two 1
two 1
two 1
two 1
two 1
two 1
two 1
two 1
two 1
two 1
two 1
two 1
two 1
two 1
two 1
two 1
two 1
two 1
two 1
two 1
two 1
two 1
two 1
two 1
two 1
two 1
two 1
two 1
two 1
two 1
two 1
two 1
two 1
two 1
unaccountable 1
unbroken 1
undo 1
unfolding 1
unirrigated 1
unnecessaries 1
unwelcoming 1
unworthy 1
useless 1
useless 1
vain 1
vain 1
vain 1
variety 1
variety 1
variety 1
variety 1
varying 1
vexed 1
vision 1
volunteer 1
wagon 1
wagon 1
wagon 1
wagon 1
wagon 1
waifs 1
waked 1
waked 1
wakefulness 1
walks 1
walks 1
walks 1
warily 1
warily 1
warily 1
warily 1
warily 1
warmed 1
warmed 1
wart 1
wart 1
wart 1
wart 1
wart 1
waste 1
waste 1
ways 1
ways 1
ways 1
ways 1
ways 1
ways 1
ways 1
ways 1
ways 1
ways 1
ways 1
ways 1
weary 1
weary 1
weary 1
weary 1
weary 1
weary 1
web 1
web 1
web 1
weekday 1
went 1
went 1
went 1
went 1
went 1
went 1
went 1
went 1
went 1
went 1
went 1
went 1
went 1
went 1
went 1
went 1
went 1
went 1
went 1
went 1
went 1
went 1
went 1
went 1
went 1
went 1
went 1
went 1
went 1
went 1
went 1
went 1
went 1
went 1
went 1
went 1
went 1
went 1
went 1
went 1
went 1
went 1
went 1
went 1
went 1
went 1
went 1
went 1
went 1
went 1
went 1
went 1
went 1
went 1
went 1
went 1
went 1
went 1
went 1
went 1
went 1
went 1
went 1
went 1
went 1
went 1
went 1
went 1
went 1
went 1
went 1
went 1
went 1
went 1
went 1
went 1
went 1
went 1
went 1
went 1
went 1
went 1
went 1
went 1
went 1
went 1
went 1
went 1
went 1
went 1
went 1
went 1
went 1
went 1
went 1
went 1
went 1
went 1
went 1
went 1
went 1
went 1
went 1
went 1
went 1
went 1
went 1
went 1
went 1
went 1
went 1
went 1
went 1
went 1
went 1
wharf 1
wharf 1
what 1
what 1
what 1
what 1
what 1
what 1
what 1
what 1
what 1
what 1
what 1
what 1
what 1
what 1
what 1
what 1
what 1
what 1
what 1
what 1
what 1
what 1
what 1
what 1
what 1
what 1
what 1
what 1
what 1
what 1
what 1
what 1
what 1
what 1
what 1
what 1
what 1
what 1
what 1
what 1
what 1
what 1
what 1
what 1
what 1
what 1
what 1
what 1
what 1
what 1
what 1
what 1
what 1
what 1
what 1
what 1
what 1
what 1
what 1
what 1
what 1
what 1
what 1
what 1
what 1
what 1
what 1
what 1
what 1
what 1
what 1
what 1
what 1
what 1
what 1
what 1
what 1
what 1
what 1
what 1
what 1
what 1
what 1
what 1
what 1
what 1
what 1
what 1
what 1
what 1
what 1
what 1
what 1
what 1
what 1
what 1
what 1
what 1
what 1
what 1
what 1
what 1
what 1
what 1
what 1
what 1
what 1
what 1
what 1
what 1
what 1
what 1
what 1
what 1
what 1
what 1
what 1
what 1
what 1
what 1
what 1
what 1
what 1
what 1
what 1
what 1
what 1
what 1
what 1
what 1
what 1
what 1
what 1
what 1
what 1
what 1
what 1
what 1
what 1
what 1
what 1
what 1
what 1
what 1
what 1
what 1
what 1
what 1
whatsoever 1
whatsoever 1
whistle 1
whistle 1
whistle 1
whistled 1
whitened 1
whitewash 1
whitewash 1
whitewash 1
whitewash 1
whitewash 1
whitewash 1
whitewash 1
whitewash 1
wick 1
wick 1
widest 1
widest 1
wild 1
wild 1
wild 1
wild 1
wild 1
wild 1
wild 1
wild 1
wild 1
win 1
win 1
win 1
win 1
wished 1
wished 1
wished 1
wished 1
wished 1
wished 1
wished 1
wished 1
wished 1
wished 1
wished 1
wished 1
with 1
with 1
with 1
with 1
with 1
with 1
with 1
with 1
with 1
with 1
with 1
with 1
with 1
with 1
with 1
with 1
with 1
with 1
with 1
with 1
with 1
with 1
with 1
with 1
with 1
with 1
with 1
with 1
with 1
with 1
with 1
with 1
with 1
with 1
with 1
with 1
with 1
with 1
with 1
with 1
with 1
with 1
with 1
with 1
with 1
with 1
with 1
with 1
with 1
with 1
with 1
with 1
with 1
with 1
with 1
with 1
with 1
with 1
with 1
with 1
with 1
with 1
with 1
with 1
with 1
with 1
with 1
with 1
with 1
with 1
with 1
with 1
with 1
with 1
with 1
with 1
with 1
with 1
with 1
with 1
with 1
with 1
with 1
with 1
with 1
with 1
with 1
with 1
with 1
with 1
with 1
with 1
with 1
with 1
with 1
with 1
with 1
with 1
with 1
with 1
with 1
with 1
with 1
with 1
with 1
with 1
with 1
with 1
with 1
with 1
with 1
with 1
with 1
with 1
with 1
with 1
with 1
with 1
with 1
with 1
with 1
with 1
with 1
with 1
with 1
with 1
with 1
with 1
with 1
with 1
with 1
with 1
with 1
with 1
with 1
with 1
with 1
with 1
with 1
with 1
with 1
with 1
with 1
with 1
with 1
with 1
with 1
with 1
with 1
with 1
with 1
with 1
with 1
with 1
with 1
with 1
with 1
with 1
with 1
with 1
with 1
with 1
with 1
with 1
with 1
with 1
with 1
with 1
with 1
with 1
with 1
with 1
with 1
with 1
with 1
with 1
with 1
with 1
with 1
with 1
with 1
with 1
with 1
with 1
with 1
with 1
with 1
with 1
with 1
with 1
with 1
with 1
with 1
with 1
with 1
with 1
with 1
with 1
with 1
with 1
with 1
with 1
with 1
with 1
with 1
with 1
with 1
with 1
with 1
with 1
with 1
with 1
with 1
with 1
with 1
with 1
with 1
with 1
with 1
with 1
with 1
with 1
with 1
with 1
with 1
with 1
with 1
with 1
with 1
with 1
with 1
with 1
with 1
with 1
with 1
with 1
with 1
with 1
with 1
with 1
with 1
with 1
with 1
with 1
with 1
with 1
with 1
with 1
with 1
with 1
with 1
with 1
with 1
with 1
with 1
with 1
with 1
with 1
with 1
with 1
with 1
with 1
with 1
with 1
with 1
with 1
with 1
with 1
with 1
with 1
with 1
with 1
with 1
with 1
with 1
with 1
with 1
with 1
with 1
with 1
with 1
with 1
with 1
with 1
with 1
with 1
with 1
with 1
with 1
with 1
with 1
with 1
with 1
with 1
with 1
with 1
with 1
with 1
with 1
with 1
with 1
with 1
with 1
with 1
with 1
with 1
with 1
with 1
with 1
with 1
with 1
with 1
with 1
with 1
with 1
with 1
with 1
with 1
with 1
with 1
with 1
with 1
with 1
with 1
with 1
with 1
with 1
with 1
with 1
with 1
with 1
with 1
with 1
with 1
with 1
with 1
with 1
with 1
with 1
with 1
with 1
with 1
with 1
with 1
with 1
with 1
with 1
with 1
with 1
with 1
with 1
with 1
with 1
with 1
with 1
with 1
with 1
with 1
with 1
with 1
with 1
with 1
with 1
with 1
with 1
with 1
with 1
with 1
with 1
with 1
with 1
with 1
with 1
with 1
with 1
with 1
with 1
with 1
with 1
with 1
with 1
with 1
with 1
with 1
with 1
with 1
with 1
with 1
with 1
with 1
with 1
with 1
with 1
with 1
with 1
with 1
with 1
with 1
with 1
with 1
with 1
with 1
with 1
with 1
with 1
with 1
with 1
with 1
with 1
with 1
with 1
with 1
with 1
with 1
with 1
with 1
with 1
with 1
with 1
with 1
with 1
with 1
with 1
with 1
with 1
with 1
with 1
with 1
with 1
with 1
with 1
with 1
with 1
with 1
with 1
with 1
with 1
with 1
with 1
with 1
with 1
with 1
with 1
with 1
with 1
with 1
with 1
with 1
with 1
with 1
with 1
with 1
with 1
with 1
with 1
with 1
with 1
with 1
with 1
with 1
with 1
with 1
with 1
with 1
with 1
with 1
with 1
with 1
with 1
with 1
with 1
with 1
with 1
with 1
with 1
with 1
with 1
with 1
with 1
with 1
with 1
with 1
with 1
with 1
with 1
with 1
with 1
with 1
with 1
with 1
with 1
with 1
with 1
with 1
with 1
with 1
with 1
with 1
with 1
with 1
with 1
with 1
with 1
with 1
with 1
with 1
with 1
with 1
with 1
with 1
with 1
with 1
with 1
with 1
with 1
with 1
with 1
with 1
with 1
with 1
with 1
with 1
with 1
with 1
with 1
with 1
with 1
with 1
with 1
with 1
with 1
with 1
with 1
with 1
with 1
with 1
with 1
with 1
with 1
with 1
with 1
with 1
with 1
with 1
with 1
with 1
with 1
with 1
with 1
with 1
with 1
with 1
with 1
with 1
with 1
with 1
with 1
with 1
with 1
with 1
with 1
with 1
with 1
with 1
with 1
with 1
with 1
with 1
with 1
with 1
with 1
with 1
with 1
with 1
with 1
with 1
with 1
with 1
with 1
with 1
with 1
with 1
with 1
with 1
with 1
with 1
with 1
with 1
with 1
with 1
with 1
with 1
with 1
with 1
with 1
with 1
with 1
with 1
with 1
with 1
with 1
with 1
with 1
with 1
with 1
with 1
with 1
with 1
with 1
with 1
with 1
with 1
with 1
with 1
with 1
with 1
with 1
with 1
with 1
with 1
with 1
with 1
with 1
with 1
with 1
with 1
with 1
with 1
with 1
with 1
with 1
with 1
with 1
with 1
with 1
with 1
with 1
with 1
with 1
with 1
with 1
with 1
with 1
with 1
with 1
with 1
with 1
with 1
with 1
with 1
with 1
with 1
with 1
with 1
with 1
with 1
with 1
with 1
with 1
with 1
with 1
with 1
with 1
with 1
with 1
with 1
with 1
with 1
with 1
with 1
with 1
with 1
with 1
with 1
with 1
with 1
with 1
with 1
with 1
with 1
with 1
with 1
with 1
with 1
with 1
with 1
with 1
with 1
with 1
with 1
with 1
withered 1
won 1
won 1
won 1
won 1
won 1
won 1
won 1
won 1
won 1
won 1
won 1
won 1
won 1
won 1
won 1
won 1
won 1
won 1
won 1
won 1
won 1
won 1
won 1
won 1
won 1
won 1
won 1
won 1
won 1
won 1
won 1
won 1
won 1
won 1
won 1
won 1
won 1
won 1
won 1
won 1
won 1
won 1
won 1
won 1
won 1
won 1
won 1
won 1
won 1
won 1
won 1
won 1
won 1
won 1
won 1
won 1
won 1
won 1
won 1
won 1
wonderful 1
wonderful 1
woodbox 1
woolly 1
worked 1
worked 1
worked 1
worked 1
worked 1
worked 1
worked 1
worked 1
worship 1
worship 1
worsted 1
wrought 1
wrought 1
wrought 1
yard 1
yard 1
yard 1
yard 1
yawned 1
yawned 1
yawned 1
yelp 1
yelp 1
zeal 1
zephyr 1
