AGREE 1
AGREE 1
ANY 1
ANY 1
ANY 1
America 1
America 1
Applausive 1
Archive 1
Archive 1
Archive 1
Archive 1
Archive 1
Archive 1
Archive 1
Archive 1
Archive 1
Archive 1
Archive 1
Archive 1
Archive 1
Attending 1
Auntie 1
Auntie 1
Auntie 1
Battle 1
Benny 1
Best 1
Bitter 1
Bitter 1
Boyhood 1
Cathedral 1
Circulated 1
Conqueror 1
Conscience 1
D 1
D 1
D 1
D 1
D 1
Damn 1
Dark 1
Date 1
Death 1
Deed 1
Deed 1
Deed 1
Demoralized 1
Dog 1
Done 1
Dore 1
Down 1
Down 1
Down 1
Dr 1
Dr 1
EVEN 1
EXPRESS 1
English 1
English 1
English 1
Evidently 1
Explains 1
FITNESS 1
Friar 1
German 1
German 1
Glorious 1
Go 1
Go 1
Go 1
Go 1
Go 1
Go 1
Go 1
Go 1
Go 1
Go 1
Go 1
Go 1
Go 1
Gold 1
Hallo 1
Hallo 1
Hang 1
Happy 1
Happy 1
High 1
Holler 1
Holler 1
House 1
House 1
House 1
House 1
House 1
Hurry 1
Imagination 1
Inspired 1
Jimmy 1
Johnny 1
Johnny 1
Johnny 1
Johnny 1
Johnny 1
Johnny 1
Johnny 1
Johnny 1
June 1
Lady 1
Lady 1
Last 1
Last 1
Last 1
Last 1
Last 1
Latin 1
Law 1
Lordy 1
Lordy 1
Lordy 1
Lordy 1
Marks 1
Maybe 1
Maybe 1
Maybe 1
Maybe 1
Maybe 1
Maybe 1
Maybe 1
Meditates 1
Menendez 1
Midnight 1
Midnight 1
Miss 1
Miss 1
Miss 1
Mission 1
Mosaic 1
Mutiny 1
Mysterious 1
NOTE 1
Nations 1
Northern 1
Often 1
Often 1
P 1
Pain 1
Pain 1
Pain 1
Pain 1
Pain 1
Pain 1
Peter 1
Peter 1
Peter 1
Peter 1
Peter 1
Peter 1
Peter 1
Peter 1
Pic 1
Piece 1
Piece 1
Piece 1
Piece 1
Piece 1
Plain 1
Plain 1
Playing 1
Plenty 1
Point 1
Point 1
Potter 1
Potter 1
Potter 1
Potter 1
Potter 1
Potter 1
Potter 1
Potter 1
Potter 1
Potter 1
Potter 1
Potter 1
Potter 1
Potter 1
Potter 1
Potter 1
Potter 1
Potter 1
Potter 1
Potter 1
Potter 1
Potter 1
Potter 1
Potter 1
Potter 1
Potter 1
Potter 1
Potter 1
Potter 1
Potter 1
Potter 1
Potter 1
Potter 1
Potter 1
Potter 1
Potter 1
Potter 1
Potter 1
Potter 1
Potter 1
Potter 1
Potter 1
Potter 1
Potter 1
Potter 1
Potter 1
Potter 1
Potter 1
Potter 1
Potter 1
Potter 1
Potter 1
Potter 1
Potter 1
Potter 1
Powerful 1
Prize 1
Prize 1
Prize 1
Pursuit 1
Puts 1
REMEDIES 1
Reveals 1
Rewards 1
Riverson 1
Rubbage 1
Scratch 1
Self 1
Sereny 1
Sereny 1
Sereny 1
Shows 1
Sidney 1
Six 1
Six 1
Six 1
Smarty 1
Smarty 1
Solemn 1
Solemn 1
Somehow 1
Somehow 1
Something 1
Spanish 1
Spanish 1
Spanish 1
Spanish 1
Spanish 1
Susy 1
Susy 1
Talk 1
Talk 1
Talk 1
Talk 1
Think 1
Thirty 1
This 1
This 1
This 1
This 1
This 1
This 1
This 1
This 1
This 1
This 1
This 1
This 1
This 1
This 1
This 1
This 1
This 1
This 1
This 1
This 1
This 1
This 1
This 1
This 1
This 1
This 1
This 1
This 1
This 1
This 1
This 1
This 1
This 1
This 1
This 1
This 1
This 1
This 1
This 1
This 1
This 1
This 1
This 1
This 1
This 1
This 1
This 1
This 1
This 1
This 1
This 1
This 1
This 1
This 1
This 1
This 1
This 1
This 1
Thomas 1
Thomas 1
Thomas 1
Thomas 1
Thomas 1
Thomas 1
Thomas 1
Thomas 1
Thomas 1
Thomas 1
Thomas 1
Thomas 1
Total 1
Treasures 1
Treasures 1
Treasures 1
Twice 1
Under 1
Under 1
Under 1
Useful 1
Using 1
Vengeance 1
Village 1
WARRANTIES 1
WARRANTIES 1
War 1
We 1
We 1
We 1
We 1
We 1
We 1
We 1
We 1
We 1
We 1
We 1
We 1
We 1
We 1
We 1
We 1
We 1
We 1
We 1
We 1
We 1
We 1
We 1
We 1
We 1
We 1
We 1
We 1
We 1
We 1
We 1
We 1
We 1
We 1
We 1
We 1
We 1
We 1
We 1
We 1
We 1
Web 1
Web 1
Web 1
Welcome 1
When 1
When 1
When 1
When 1
When 1
When 1
When 1
When 1
When 1
When 1
When 1
When 1
When 1
When 1
When 1
When 1
When 1
When 1
When 1
When 1
When 1
When 1
When 1
When 1
When 1
When 1
When 1
When 1
When 1
When 1
When 1
When 1
When 1
When 1
When 1
When 1
When 1
When 1
When 1
When 1
When 1
When 1
When 1
When 1
When 1
When 1
When 1
When 1
When 1
When 1
When 1
When 1
Whose 1
Wild 1
Williams 1
Williams 1
Williams 1
Williams 1
Williams 1
Wonderful 1
Wonders 1
Writing 1
XXXV 1
XXXV 1
Ye 1
Ye 1
abandoned 1
abandoned 1
abandoned 1
abandoned 1
able 1
able 1
able 1
able 1
able 1
absently 1
accent 1
access 1
access 1
access 1
access 1
access 1
access 1
access 1
access 1
access 1
access 1
accessible 1
accosted 1
accosted 1
accused 1
accused 1
acquirement 1
act 1
act 1
act 1
act 1
act 1
act 1
act 1
act 1
act 1
act 1
acting 1
addition 1
admired 1
admired 1
admired 1
adorn 1
adventure 1
adventure 1
adventure 1
adventure 1
adventure 1
adventure 1
adventure 1
adventure 1
adventure 1
adventure 1
adventure 1
adventure 1
adventure 1
adventure 1
afternoon 1
afternoon 1
afternoon 1
afternoon 1
afternoon 1
afternoon 1
afternoon 1
afternoon 1
afternoon 1
afternoon 1
afternoon 1
afternoon 1
afternoon 1
afternoon 1
again 1
again 1
again 1
again 1
again 1
again 1
again 1
again 1
again 1
again 1
again 1
again 1
again 1
again 1
again 1
again 1
again 1
again 1
again 1
again 1
again 1
again 1
again 1
again 1
again 1
again 1
again 1
again 1
again 1
again 1
again 1
again 1
again 1
again 1
again 1
again 1
again 1
again 1
again 1
again 1
again 1
again 1
again 1
again 1
again 1
again 1
again 1
again 1
again 1
again 1
again 1
again 1
again 1
again 1
again 1
again 1
again 1
again 1
again 1
again 1
again 1
again 1
again 1
again 1
again 1
again 1
again 1
again 1
again 1
again 1
again 1
again 1
again 1
again 1
again 1
again 1
again 1
again 1
again 1
again 1
again 1
again 1
again 1
again 1
again 1
again 1
again 1
again 1
again 1
again 1
again 1
again 1
again 1
again 1
again 1
again 1
again 1
again 1
again 1
again 1
again 1
again 1
again 1
again 1
again 1
again 1
again 1
again 1
again 1
again 1
again 1
again 1
again 1
again 1
again 1
again 1
again 1
again 1
again 1
again 1
again 1
again 1
again 1
again 1
again 1
again 1
again 1
again 1
again 1
again 1
aggravated 1
alert 1
allowance 1
alls 1
alternate 1
amazement 1
among 1
among 1
among 1
among 1
among 1
among 1
among 1
among 1
among 1
among 1
among 1
among 1
among 1
among 1
among 1
among 1
among 1
among 1
analyzed 1
anguished 1
animation 1
answering 1
any 1
any 1
any 1
any 1
any 1
any 1
any 1
any 1
any 1
any 1
any 1
any 1
any 1
any 1
any 1
any 1
any 1
any 1
any 1
any 1
any 1
any 1
any 1
any 1
any 1
any 1
any 1
any 1
any 1
any 1
any 1
any 1
any 1
any 1
any 1
any 1
any 1
any 1
any 1
any 1
any 1
any 1
any 1
any 1
any 1
any 1
any 1
any 1
any 1
any 1
any 1
any 1
any 1
any 1
any 1
any 1
any 1
any 1
any 1
any 1
any 1
any 1
any 1
any 1
any 1
any 1
any 1
any 1
any 1
any 1
any 1
any 1
any 1
any 1
any 1
any 1
any 1
any 1
any 1
any 1
any 1
any 1
any 1
any 1
any 1
any 1
any 1
any 1
any 1
any 1
any 1
any 1
any 1
any 1
any 1
any 1
any 1
any 1
any 1
any 1
any 1
any 1
any 1
any 1
any 1
any 1
any 1
any 1
any 1
any 1
any 1
any 1
any 1
any 1
any 1
any 1
any 1
any 1
any 1
any 1
any 1
any 1
any 1
any 1
any 1
any 1
any 1
any 1
any 1
any 1
any 1
any 1
any 1
any 1
any 1
any 1
any 1
any 1
any 1
any 1
any 1
any 1
any 1
any 1
any 1
any 1
any 1
any 1
anybody 1
anybody 1
anybody 1
anybody 1
anybody 1
anybody 1
anybody 1
anybody 1
anybody 1
anybody 1
anybody 1
anybody 1
anybody 1
anybody 1
anybody 1
anybody 1
anybody 1
anybody 1
anybody 1
anybody 1
anybody 1
anybody 1
anybody 1
anybody 1
anybody 1
anybody 1
anybody 1
anybody 1
anybody 1
anybody 1
anybody 1
anybody 1
anybody 1
anybody 1
anybody 1
anybody 1
anybody 1
anybody 1
anybody 1
anybody 1
anybody 1
anybody 1
anybody 1
anybody 1
anybody 1
anybody 1
apparently 1
apparently 1
apparently 1
apple 1
apple 1
apple 1
apple 1
apple 1
apple 1
apple 1
apply 1
arise 1
arm 1
arm 1
arm 1
arm 1
arm 1
arm 1
arm 1
arm 1
arm 1
arm 1
arrayed 1
aside 1
aside 1
aside 1
aside 1
aside 1
astonished 1
astonished 1
astonished 1
attend 1
attend 1
attorney 1
attorney 1
attrition 1
aunt 1
aunt 1
aunt 1
aunt 1
aunt 1
aunt 1
aunt 1
aunt 1
aunt 1
aunt 1
aunt 1
aunt 1
aunt 1
aunt 1
aunt 1
aunt 1
aunt 1
aunt 1
aunt 1
aunt 1
aunt 1
aunt 1
aunt 1
aunt 1
aunt 1
aunt 1
aunt 1
aunt 1
aunt 1
aunt 1
aunt 1
baffled 1
bait 1
bait 1
ballroom 1
bandage 1
bandage 1
bandage 1
banging 1
banging 1
battle 1
battle 1
battle 1
battle 1
battle 1
baying 1
beams 1
beauties 1
befriended 1
beg 1
beg 1
begged 1
begged 1
begged 1
behold 1
behold 1
behold 1
belongings 1
benediction 1
benediction 1
bereaved 1
best 1
best 1
best 1
best 1
best 1
best 1
best 1
best 1
best 1
best 1
best 1
best 1
best 1
best 1
best 1
best 1
best 1
best 1
betook 1
betook 1
between 1
between 1
between 1
between 1
between 1
between 1
between 1
between 1
between 1
between 1
between 1
between 1
between 1
between 1
bewitching 1
bight 1
bishops 1
blast 1
blast 1
blast 1
blast 1
blindfold 1
blood 1
blood 1
blood 1
blood 1
blood 1
blood 1
blood 1
blood 1
blood 1
blood 1
blood 1
blood 1
blood 1
blood 1
blotted 1
blown 1
boldly 1
books 1
books 1
books 1
boot 1
borrowed 1
botch 1
bothering 1
bothering 1
bowie 1
bowie 1
brag 1
breakfasted 1
breaks 1
briskly 1
briskly 1
brooding 1
brooding 1
burned 1
buying 1
calling 1
calling 1
calmly 1
calmly 1
came 1
came 1
came 1
came 1
came 1
came 1
came 1
came 1
came 1
came 1
came 1
came 1
came 1
came 1
came 1
came 1
came 1
came 1
came 1
came 1
came 1
came 1
came 1
came 1
came 1
came 1
came 1
came 1
came 1
came 1
came 1
came 1
came 1
came 1
came 1
came 1
came 1
came 1
came 1
came 1
came 1
came 1
came 1
came 1
came 1
came 1
came 1
came 1
came 1
came 1
came 1
came 1
came 1
came 1
came 1
came 1
came 1
came 1
came 1
came 1
came 1
came 1
came 1
came 1
came 1
came 1
came 1
came 1
came 1
came 1
came 1
came 1
came 1
came 1
came 1
came 1
came 1
came 1
came 1
came 1
came 1
came 1
came 1
came 1
came 1
came 1
came 1
came 1
came 1
came 1
came 1
came 1
came 1
came 1
came 1
came 1
came 1
came 1
came 1
came 1
came 1
came 1
came 1
came 1
came 1
came 1
came 1
came 1
came 1
came 1
came 1
came 1
came 1
came 1
came 1
came 1
came 1
camel 1
captive 1
captive 1
careless 1
cargo 1
carpeted 1
case 1
case 1
case 1
case 1
caterwauling 1
cellars 1
cent 1
cent 1
cent 1
chains 1
chaos 1
chaos 1
chaos 1
characteristics 1
chasm 1
chiefs 1
chosen 1
circle 1
circle 1
claim 1
claim 1
clasped 1
clasped 1
clasped 1
clasped 1
cleared 1
cleared 1
clearly 1
climbed 1
climbed 1
climbed 1
climbed 1
climbed 1
climbed 1
climbed 1
closed 1
closed 1
closed 1
closed 1
closed 1
closed 1
closed 1
closed 1
closed 1
closed 1
closed 1
closed 1
closer 1
closer 1
closer 1
closer 1
clowns 1
collect 1
collect 1
collect 1
collection 1
collection 1
collection 1
collection 1
colossal 1
compliment 1
composition 1
composition 1
concern 1
confessed 1
confessed 1
confessed 1
confessed 1
confusion 1
conjectured 1
consists 1
consists 1
constant 1
constant 1
constructed 1
contain 1
contain 1
contrived 1
contrived 1
cooler 1
copied 1
copied 1
corners 1
coroner 1
corridor 1
corridor 1
corridor 1
corridor 1
corridor 1
counted 1
counted 1
counted 1
country 1
country 1
country 1
country 1
country 1
country 1
country 1
country 1
country 1
country 1
country 1
country 1
country 1
coveted 1
cows 1
crossing 1
cruelty 1
cruelty 1
cruelty 1
cunning 1
curse 1
curse 1
customarily 1
cuz 1
dagger 1
damp 1
dark 1
dark 1
dark 1
dark 1
dark 1
dark 1
dark 1
dark 1
dark 1
dark 1
dark 1
dark 1
dark 1
dark 1
dark 1
dark 1
dark 1
dark 1
dark 1
dark 1
dark 1
dark 1
dark 1
dark 1
dark 1
dark 1
dark 1
dark 1
darted 1
darted 1
darted 1
date 1
date 1
death 1
death 1
death 1
death 1
death 1
death 1
death 1
death 1
death 1
death 1
death 1
death 1
death 1
death 1
death 1
decreed 1
delighted 1
delighted 1
delighted 1
delighted 1
delighted 1
deposed 1
descent 1
description 1
description 1
description 1
descriptive 1
deserted 1
deserted 1
deserted 1
deserted 1
deserted 1
desks 1
destruction 1
destruction 1
devil 1
devil 1
devil 1
devil 1
devil 1
devil 1
devil 1
devil 1
devil 1
devoured 1
difficult 1
dig 1
dig 1
dig 1
dig 1
dig 1
dig 1
dig 1
dig 1
dig 1
dig 1
dig 1
dis 1
disclaim 1
disgrace 1
disgrace 1
disgusted 1
display 1
display 1
distances 1
distinguished 1
distracting 1
distracting 1
doctors 1
dogged 1
dollar 1
dollar 1
dollar 1
dollar 1
domain 1
domain 1
domain 1
domain 1
domain 1
domain 1
domain 1
done 1
done 1
done 1
done 1
done 1
done 1
done 1
done 1
done 1
done 1
done 1
done 1
done 1
done 1
done 1
done 1
done 1
done 1
done 1
done 1
done 1
done 1
done 1
done 1
done 1
done 1
done 1
done 1
done 1
done 1
done 1
done 1
done 1
done 1
done 1
done 1
done 1
done 1
done 1
done 1
done 1
done 1
done 1
done 1
done 1
done 1
done 1
done 1
done 1
done 1
done 1
done 1
done 1
done 1
done 1
done 1
dono 1
dono 1
dono 1
dono 1
dono 1
dono 1
dono 1
dono 1
dono 1
door 1
door 1
door 1
door 1
door 1
door 1
door 1
door 1
door 1
door 1
door 1
door 1
door 1
door 1
door 1
door 1
door 1
door 1
door 1
door 1
door 1
door 1
door 1
door 1
door 1
door 1
door 1
door 1
door 1
door 1
door 1
door 1
door 1
door 1
door 1
door 1
door 1
door 1
door 1
door 1
door 1
door 1
door 1
door 1
door 1
door 1
down 1
down 1
down 1
down 1
down 1
down 1
down 1
down 1
down 1
down 1
down 1
down 1
down 1
down 1
down 1
down 1
down 1
down 1
down 1
down 1
down 1
down 1
down 1
down 1
down 1
down 1
down 1
down 1
down 1
down 1
down 1
down 1
down 1
down 1
down 1
down 1
down 1
down 1
down 1
down 1
down 1
down 1
down 1
down 1
down 1
down 1
down 1
down 1
down 1
down 1
down 1
down 1
down 1
down 1
down 1
down 1
down 1
down 1
down 1
down 1
down 1
down 1
down 1
down 1
down 1
down 1
down 1
down 1
down 1
down 1
down 1
down 1
down 1
down 1
down 1
down 1
down 1
down 1
down 1
down 1
down 1
down 1
down 1
down 1
down 1
down 1
down 1
down 1
down 1
down 1
down 1
down 1
down 1
down 1
down 1
down 1
down 1
down 1
down 1
down 1
down 1
down 1
down 1
down 1
down 1
down 1
down 1
down 1
down 1
down 1
down 1
down 1
down 1
down 1
down 1
down 1
down 1
down 1
down 1
down 1
down 1
down 1
down 1
down 1
down 1
down 1
down 1
down 1
down 1
down 1
down 1
down 1
down 1
down 1
down 1
down 1
down 1
down 1
down 1
down 1
down 1
down 1
down 1
down 1
down 1
down 1
down 1
down 1
down 1
down 1
down 1
down 1
down 1
down 1
down 1
down 1
down 1
down 1
down 1
down 1
down 1
down 1
down 1
down 1
downstairs 1
downstream 1
dozen 1
dozen 1
dozen 1
dozen 1
dozen 1
dozen 1
dozen 1
dragged 1
dragged 1
dragged 1
dragged 1
dragged 1
dragged 1
dragged 1
dragged 1
draw 1
draw 1
draw 1
draw 1
draw 1
draw 1
drearily 1
drifted 1
drifted 1
drifted 1
drifted 1
drifted 1
drifted 1
drifted 1
drops 1
drops 1
drowsed 1
drunk 1
drunk 1
drunk 1
drunk 1
drunk 1
drunk 1
drunk 1
druther 1
druther 1
dubbed 1
dug 1
dug 1
dug 1
dug 1
dukes 1
duller 1
dully 1
earnest 1
earnest 1
earnest 1
earnest 1
earnest 1
earnest 1
easy 1
easy 1
easy 1
easy 1
easy 1
easy 1
easy 1
easy 1
easy 1
easy 1
eat 1
eat 1
eat 1
eat 1
eat 1
eat 1
eat 1
eat 1
economy 1
effectually 1
elaboration 1
email 1
email 1
encountered 1
encountered 1
endeth 1
ends 1
ends 1
ends 1
ends 1
energies 1
ensue 1
entering 1
entertainment 1
entertainment 1
entertainment 1
ers 1
etc 1
etc 1
etc 1
etc 1
etc 1
everywhere 1
everywhere 1
everywhere 1
everywhere 1
everywhere 1
everywhere 1
everywhere 1
existed 1
existence 1
expanse 1
express 1
extent 1
extent 1
eyes 1
eyes 1
eyes 1
eyes 1
eyes 1
eyes 1
eyes 1
eyes 1
eyes 1
eyes 1
eyes 1
eyes 1
eyes 1
eyes 1
eyes 1
eyes 1
eyes 1
eyes 1
eyes 1
eyes 1
eyes 1
eyes 1
eyes 1
eyes 1
eyes 1
eyes 1
eyes 1
eyes 1
eyes 1
eyes 1
eyes 1
eyes 1
eyes 1
eyes 1
eyes 1
eyes 1
eyes 1
eyes 1
eyes 1
eyes 1
eyes 1
eyes 1
eyes 1
eyes 1
eyes 1
eyes 1
eyes 1
eyes 1
eyes 1
eyes 1
faculties 1
faculties 1
faculties 1
faculties 1
fagged 1
fair 1
fair 1
fair 1
fair 1
fair 1
fair 1
fair 1
fair 1
fair 1
fair 1
falsely 1
fascinations 1
fast 1
fast 1
fast 1
fast 1
fast 1
fast 1
fast 1
fast 1
fast 1
fast 1
fast 1
fatal 1
fatal 1
father 1
father 1
father 1
father 1
father 1
father 1
favor 1
favor 1
feature 1
feature 1
feature 1
feel 1
feel 1
feel 1
feel 1
feel 1
feel 1
feel 1
feel 1
feel 1
feel 1
feel 1
feel 1
feel 1
feel 1
feel 1
feel 1
feel 1
feel 1
feel 1
feel 1
feel 1
feel 1
feel 1
fencing 1
filled 1
filled 1
filled 1
filled 1
filled 1
filled 1
filled 1
filled 1
filled 1
filled 1
filled 1
filled 1
filled 1
film 1
final 1
final 1
final 1
first 1
first 1
first 1
first 1
first 1
first 1
first 1
first 1
first 1
first 1
first 1
first 1
first 1
first 1
first 1
first 1
first 1
first 1
first 1
first 1
first 1
first 1
first 1
first 1
first 1
first 1
first 1
first 1
first 1
first 1
first 1
first 1
first 1
first 1
first 1
first 1
fishing 1
fishing 1
fishing 1
fishing 1
fishing 1
fishing 1
fishing 1
fitted 1
five 1
five 1
five 1
five 1
five 1
five 1
five 1
five 1
five 1
five 1
five 1
five 1
five 1
five 1
five 1
five 1
five 1
five 1
five 1
five 1
flaming 1
flaming 1
flavor 1
fling 1
flow 1
flow 1
flow 1
flung 1
flung 1
flung 1
flung 1
flung 1
flung 1
flung 1
flustered 1
foller 1
foller 1
fondled 1
fondled 1
food 1
food 1
food 1
food 1
food 1
foolhardy 1
footstep 1
forbearance 1
form 1
form 1
form 1
form 1
form 1
form 1
form 1
form 1
form 1
form 1
form 1
form 1
found 1
found 1
found 1
found 1
found 1
found 1
found 1
found 1
found 1
found 1
found 1
found 1
found 1
found 1
found 1
found 1
found 1
found 1
found 1
found 1
found 1
found 1
found 1
found 1
found 1
found 1
found 1
found 1
found 1
found 1
found 1
found 1
found 1
found 1
found 1
found 1
found 1
found 1
found 1
found 1
found 1
found 1
found 1
found 1
found 1
found 1
found 1
found 1
found 1
found 1
found 1
found 1
found 1
found 1
found 1
found 1
found 1
found 1
found 1
found 1
found 1
found 1
found 1
found 1
found 1
found 1
found 1
found 1
found 1
found 1
found 1
found 1
found 1
found 1
found 1
found 1
found 1
found 1
found 1
found 1
found 1
found 1
found 1
found 1
found 1
found 1
foundations 1
foundations 1
foundations 1
foundations 1
four 1
four 1
four 1
four 1
four 1
four 1
four 1
four 1
four 1
four 1
four 1
four 1
fragment 1
fragment 1
fragment 1
fright 1
fright 1
fright 1
fright 1
fright 1
fright 1
frightened 1
frightened 1
frolicking 1
fuddled 1
fuddled 1
furder 1
furiously 1
furiously 1
furiously 1
furniture 1
furniture 1
gal 1
gal 1
gal 1
geniality 1
geography 1
geography 1
ghostly 1
gives 1
giving 1
giving 1
giving 1
giving 1
giving 1
glorious 1
glorious 1
glorious 1
go 1
go 1
go 1
go 1
go 1
go 1
go 1
go 1
go 1
go 1
go 1
go 1
go 1
go 1
go 1
go 1
go 1
go 1
go 1
go 1
go 1
go 1
go 1
go 1
go 1
go 1
go 1
go 1
go 1
go 1
go 1
go 1
go 1
go 1
go 1
go 1
go 1
go 1
go 1
go 1
go 1
go 1
go 1
go 1
go 1
go 1
go 1
go 1
go 1
go 1
go 1
go 1
go 1
go 1
go 1
go 1
go 1
go 1
go 1
go 1
go 1
go 1
go 1
go 1
go 1
go 1
go 1
go 1
go 1
go 1
go 1
go 1
go 1
go 1
go 1
go 1
go 1
go 1
go 1
go 1
go 1
go 1
go 1
go 1
go 1
go 1
go 1
go 1
go 1
go 1
go 1
go 1
go 1
go 1
go 1
go 1
go 1
go 1
go 1
go 1
go 1
go 1
go 1
go 1
go 1
go 1
go 1
go 1
go 1
go 1
go 1
go 1
go 1
go 1
go 1
go 1
go 1
go 1
go 1
go 1
go 1
go 1
go 1
go 1
go 1
gold 1
gold 1
gold 1
gold 1
gold 1
gold 1
goodness 1
goodness 1
goodness 1
goodness 1
goodness 1
goodness 1
goody 1
gospel 1
governor 1
governor 1
grand 1
grand 1
grand 1
grating 1
grating 1
grating 1
grating 1
griefs 1
griefs 1
grit 1
groping 1
groping 1
groping 1
groping 1
grouped 1
grunting 1
halted 1
halted 1
halted 1
halted 1
handful 1
handful 1
handful 1
handle 1
handle 1
handle 1
hanging 1
hanging 1
hanging 1
hanging 1
hanging 1
hanging 1
hanging 1
happening 1
harm 1
harm 1
harm 1
harm 1
harm 1
harm 1
has 1
has 1
has 1
has 1
has 1
has 1
has 1
has 1
has 1
has 1
has 1
has 1
has 1
has 1
has 1
has 1
has 1
has 1
has 1
has 1
has 1
has 1
hastily 1
have 1
have 1
have 1
have 1
have 1
have 1
have 1
have 1
have 1
have 1
have 1
have 1
have 1
have 1
have 1
have 1
have 1
have 1
have 1
have 1
have 1
have 1
have 1
have 1
have 1
have 1
have 1
have 1
have 1
have 1
have 1
have 1
have 1
have 1
have 1
have 1
have 1
have 1
have 1
have 1
have 1
have 1
have 1
have 1
have 1
have 1
have 1
have 1
have 1
have 1
have 1
have 1
have 1
have 1
have 1
have 1
have 1
have 1
have 1
have 1
have 1
have 1
have 1
have 1
have 1
have 1
have 1
have 1
have 1
have 1
have 1
have 1
have 1
have 1
have 1
have 1
have 1
have 1
have 1
have 1
have 1
have 1
have 1
have 1
have 1
have 1
have 1
have 1
have 1
have 1
have 1
have 1
have 1
have 1
have 1
have 1
have 1
have 1
have 1
have 1
have 1
have 1
have 1
have 1
have 1
have 1
have 1
have 1
have 1
have 1
have 1
have 1
have 1
have 1
have 1
have 1
have 1
have 1
have 1
have 1
have 1
have 1
have 1
have 1
have 1
have 1
have 1
have 1
have 1
have 1
have 1
have 1
have 1
have 1
have 1
have 1
have 1
have 1
have 1
have 1
have 1
have 1
have 1
have 1
have 1
have 1
have 1
have 1
have 1
have 1
have 1
have 1
have 1
have 1
have 1
have 1
have 1
have 1
have 1
healing 1
healing 1
healing 1
heap 1
heard 1
heard 1
heard 1
heard 1
heard 1
heard 1
heard 1
heard 1
heard 1
heard 1
heard 1
heard 1
heard 1
heard 1
heard 1
heard 1
heard 1
heard 1
heard 1
heard 1
heard 1
heard 1
heard 1
heard 1
heard 1
heard 1
heard 1
heard 1
heard 1
hero 1
hero 1
hero 1
hero 1
hero 1
hero 1
hesitating 1
hesitating 1
hideously 1
highest 1
highest 1
him 1
him 1
him 1
him 1
him 1
him 1
him 1
him 1
him 1
him 1
him 1
him 1
him 1
him 1
him 1
him 1
him 1
him 1
him 1
him 1
him 1
him 1
him 1
him 1
him 1
him 1
him 1
him 1
him 1
him 1
him 1
him 1
him 1
him 1
him 1
him 1
him 1
him 1
him 1
him 1
him 1
him 1
him 1
him 1
him 1
him 1
him 1
him 1
him 1
him 1
him 1
him 1
him 1
him 1
him 1
him 1
him 1
him 1
him 1
him 1
him 1
him 1
him 1
him 1
him 1
him 1
him 1
him 1
him 1
him 1
him 1
him 1
him 1
him 1
him 1
him 1
him 1
him 1
him 1
him 1
him 1
him 1
him 1
him 1
him 1
him 1
him 1
him 1
him 1
him 1
him 1
him 1
him 1
him 1
him 1
him 1
him 1
him 1
him 1
him 1
him 1
him 1
him 1
him 1
him 1
him 1
him 1
him 1
him 1
him 1
him 1
him 1
him 1
him 1
him 1
him 1
him 1
him 1
him 1
him 1
him 1
him 1
him 1
him 1
him 1
him 1
him 1
him 1
him 1
him 1
him 1
him 1
him 1
him 1
him 1
him 1
him 1
him 1
him 1
him 1
him 1
him 1
him 1
him 1
him 1
him 1
him 1
him 1
him 1
him 1
him 1
him 1
him 1
him 1
him 1
him 1
him 1
him 1
him 1
him 1
him 1
him 1
him 1
him 1
him 1
him 1
him 1
him 1
him 1
him 1
him 1
him 1
him 1
him 1
him 1
him 1
him 1
him 1
him 1
him 1
him 1
him 1
him 1
him 1
him 1
him 1
him 1
him 1
him 1
him 1
him 1
him 1
him 1
him 1
him 1
him 1
him 1
him 1
him 1
him 1
him 1
him 1
him 1
him 1
him 1
him 1
him 1
him 1
him 1
him 1
him 1
him 1
him 1
him 1
him 1
him 1
him 1
him 1
him 1
him 1
him 1
him 1
him 1
him 1
him 1
him 1
him 1
him 1
him 1
him 1
him 1
him 1
him 1
him 1
him 1
him 1
him 1
him 1
him 1
him 1
him 1
him 1
him 1
him 1
him 1
him 1
him 1
him 1
him 1
him 1
him 1
him 1
him 1
him 1
him 1
him 1
him 1
him 1
him 1
him 1
him 1
him 1
him 1
him 1
him 1
him 1
him 1
him 1
him 1
him 1
him 1
him 1
him 1
him 1
him 1
him 1
him 1
him 1
him 1
him 1
him 1
him 1
him 1
him 1
him 1
him 1
him 1
him 1
him 1
him 1
him 1
him 1
him 1
him 1
him 1
him 1
him 1
him 1
him 1
him 1
him 1
him 1
him 1
him 1
him 1
him 1
him 1
him 1
him 1
him 1
him 1
him 1
him 1
him 1
him 1
him 1
him 1
him 1
him 1
him 1
him 1
him 1
him 1
him 1
him 1
him 1
him 1
him 1
him 1
him 1
him 1
him 1
him 1
him 1
him 1
him 1
him 1
him 1
him 1
him 1
him 1
him 1
him 1
him 1
him 1
him 1
him 1
him 1
him 1
him 1
him 1
him 1
him 1
him 1
him 1
him 1
him 1
him 1
him 1
him 1
him 1
him 1
him 1
him 1
him 1
him 1
him 1
him 1
him 1
him 1
him 1
him 1
him 1
him 1
him 1
him 1
him 1
him 1
him 1
him 1
him 1
him 1
him 1
him 1
him 1
him 1
him 1
him 1
him 1
him 1
him 1
him 1
him 1
him 1
him 1
him 1
him 1
him 1
him 1
him 1
him 1
him 1
him 1
him 1
him 1
him 1
him 1
him 1
him 1
him 1
him 1
him 1
him 1
him 1
him 1
him 1
him 1
him 1
him 1
him 1
him 1
him 1
him 1
him 1
him 1
him 1
him 1
him 1
him 1
him 1
him 1
him 1
him 1
hinted 1
holler 1
holy 1
honor 1
honor 1
honor 1
honor 1
honor 1
honor 1
hooks 1
hooks 1
hooting 1
hooting 1
hopefully 1
hopelessly 1
hove 1
hove 1
hove 1
hove 1
humpbacked 1
hurled 1
hurled 1
hurled 1
huzzah 1
huzzah 1
idle 1
idle 1
idle 1
illuminate 1
illuminated 1
illuminated 1
im 1
imagined 1
imagined 1
immediately 1
immediately 1
immediately 1
immediately 1
imposing 1
imposing 1
imposing 1
impressiveness 1
impressiveness 1
incident 1
incomplete 1
independent 1
inhabited 1
initiation 1
initiation 1
innumerable 1
insensibly 1
insignificance 1
intent 1
intent 1
intent 1
interrupted 1
iron 1
iron 1
iron 1
iron 1
iron 1
jaded 1
jaded 1
jay 1
jerking 1
jokes 1
joy 1
joy 1
joy 1
joy 1
joy 1
joy 1
joy 1
joy 1
joy 1
joy 1
joy 1
jump 1
jump 1
justify 1
kin 1
knowledge 1
l 1
l 1
l 1
laborious 1
lane 1
lane 1
lapel 1
lapel 1
lash 1
latch 1
lead 1
lead 1
lead 1
lead 1
lead 1
lead 1
lead 1
lead 1
lead 1
lead 1
lead 1
leading 1
leading 1
leading 1
leading 1
leading 1
leaning 1
leaning 1
learn 1
learn 1
learn 1
learn 1
learn 1
learn 1
learn 1
learn 1
learn 1
learn 1
learn 1
learn 1
learn 1
learn 1
lecture 1
leg 1
leg 1
leg 1
lids 1
lied 1
light 1
light 1
light 1
light 1
light 1
light 1
light 1
light 1
light 1
light 1
light 1
light 1
light 1
light 1
light 1
light 1
light 1
light 1
light 1
light 1
light 1
light 1
light 1
light 1
light 1
light 1
light 1
light 1
light 1
light 1
limited 1
limited 1
ll 1
ll 1
ll 1
ll 1
ll 1
ll 1
ll 1
ll 1
ll 1
ll 1
ll 1
ll 1
ll 1
ll 1
ll 1
ll 1
ll 1
ll 1
ll 1
ll 1
ll 1
ll 1
ll 1
ll 1
ll 1
ll 1
ll 1
ll 1
ll 1
ll 1
ll 1
ll 1
ll 1
ll 1
ll 1
ll 1
ll 1
ll 1
ll 1
ll 1
ll 1
ll 1
ll 1
ll 1
ll 1
ll 1
ll 1
ll 1
ll 1
ll 1
ll 1
ll 1
ll 1
ll 1
ll 1
ll 1
ll 1
ll 1
ll 1
ll 1
ll 1
ll 1
ll 1
ll 1
ll 1
ll 1
ll 1
ll 1
ll 1
ll 1
ll 1
ll 1
ll 1
ll 1
ll 1
ll 1
ll 1
ll 1
ll 1
ll 1
ll 1
ll 1
ll 1
ll 1
ll 1
ll 1
ll 1
ll 1
ll 1
ll 1
ll 1
ll 1
ll 1
ll 1
ll 1
ll 1
ll 1
ll 1
ll 1
ll 1
ll 1
ll 1
ll 1
ll 1
ll 1
ll 1
ll 1
ll 1
ll 1
ll 1
ll 1
ll 1
ll 1
ll 1
ll 1
ll 1
ll 1
ll 1
ll 1
ll 1
ll 1
ll 1
ll 1
ll 1
ll 1
ll 1
ll 1
ll 1
ll 1
ll 1
ll 1
ll 1
ll 1
ll 1
ll 1
ll 1
ll 1
ll 1
ll 1
ll 1
ll 1
ll 1
ll 1
ll 1
ll 1
ll 1
ll 1
ll 1
ll 1
ll 1
ll 1
ll 1
ll 1
ll 1
ll 1
ll 1
ll 1
ll 1
ll 1
ll 1
ll 1
ll 1
ll 1
ll 1
ll 1
ll 1
ll 1
ll 1
ll 1
ll 1
ll 1
ll 1
ll 1
ll 1
ll 1
ll 1
ll 1
ll 1
ll 1
ll 1
ll 1
ll 1
ll 1
ll 1
ll 1
ll 1
ll 1
ll 1
ll 1
ll 1
ll 1
ll 1
ll 1
ll 1
ll 1
ll 1
ll 1
ll 1
ll 1
ll 1
ll 1
ll 1
ll 1
ll 1
ll 1
ll 1
ll 1
ll 1
ll 1
ll 1
ll 1
ll 1
ll 1
ll 1
ll 1
ll 1
ll 1
ll 1
ll 1
ll 1
ll 1
ll 1
ll 1
ll 1
ll 1
ll 1
ll 1
ll 1
ll 1
ll 1
ll 1
ll 1
locate 1
lofty 1
lofty 1
looks 1
looks 1
looks 1
looks 1
looks 1
lopped 1
loved 1
loved 1
loved 1
loved 1
loved 1
loved 1
luncheon 1
madam 1
maddened 1
manfully 1
master 1
master 1
master 1
master 1
master 1
master 1
master 1
master 1
master 1
master 1
master 1
master 1
master 1
master 1
master 1
master 1
master 1
master 1
master 1
master 1
master 1
master 1
master 1
master 1
master 1
master 1
meanwhile 1
meetings 1
meetings 1
mend 1
mend 1
merely 1
merely 1
merely 1
methods 1
methods 1
middling 1
miles 1
miles 1
miles 1
miles 1
miles 1
miles 1
miles 1
miles 1
miles 1
miles 1
miles 1
miles 1
million 1
million 1
mingled 1
minute 1
minute 1
minute 1
minute 1
minute 1
minute 1
minute 1
minute 1
minute 1
minute 1
minute 1
minute 1
minute 1
minute 1
minute 1
minute 1
minute 1
minute 1
minute 1
minute 1
minute 1
mirth 1
mirth 1
mirth 1
miss 1
miss 1
miss 1
miss 1
missing 1
missing 1
missing 1
missing 1
missing 1
missing 1
missing 1
missis 1
missis 1
missis 1
mob 1
mocking 1
money 1
money 1
money 1
money 1
money 1
money 1
money 1
money 1
money 1
money 1
money 1
money 1
money 1
money 1
money 1
money 1
money 1
money 1
money 1
money 1
money 1
money 1
money 1
money 1
money 1
money 1
money 1
money 1
money 1
money 1
money 1
money 1
money 1
money 1
monotonously 1
monotonously 1
moonlit 1
moping 1
mothers 1
mothers 1
mountains 1
mountains 1
mournful 1
movements 1
mulatto 1
mumble 1
mumble 1
mused 1
mutinous 1
my 1
my 1
my 1
my 1
my 1
my 1
my 1
my 1
my 1
my 1
my 1
my 1
my 1
my 1
my 1
my 1
my 1
my 1
my 1
my 1
my 1
my 1
my 1
my 1
my 1
my 1
my 1
my 1
my 1
my 1
my 1
my 1
my 1
my 1
my 1
my 1
my 1
my 1
my 1
my 1
my 1
my 1
my 1
my 1
my 1
my 1
my 1
my 1
my 1
my 1
my 1
my 1
my 1
my 1
my 1
my 1
my 1
my 1
my 1
my 1
my 1
my 1
my 1
my 1
my 1
my 1
my 1
my 1
my 1
my 1
my 1
my 1
my 1
my 1
my 1
my 1
my 1
my 1
my 1
my 1
my 1
my 1
my 1
my 1
my 1
my 1
my 1
my 1
my 1
names 1
names 1
names 1
names 1
names 1
names 1
names 1
names 1
names 1
names 1
napped 1
neighbor 1
neighbor 1
neighborhood 1
neighborhood 1
neighborhood 1
neighborhood 1
network 1
nevertheless 1
nevertheless 1
nevertheless 1
nevertheless 1
nevertheless 1
nevertheless 1
nevertheless 1
nevertheless 1
nevertheless 1
nibbled 1
nigger 1
nigger 1
nigger 1
nigger 1
nigger 1
nigger 1
nigger 1
nigger 1
nobby 1
nostrils 1
nostrils 1
notch 1
notice 1
notice 1
notice 1
notice 1
notice 1
notice 1
notice 1
notice 1
notice 1
notice 1
notice 1
notions 1
oaken 1
objects 1
odds 1
odds 1
odor 1
offense 1
older 1
older 1
ole 1
ostentation 1
ostentatious 1
outburst 1
over 1
over 1
over 1
over 1
over 1
over 1
over 1
over 1
over 1
over 1
over 1
over 1
over 1
over 1
over 1
over 1
over 1
over 1
over 1
over 1
over 1
over 1
over 1
over 1
over 1
over 1
over 1
over 1
over 1
over 1
over 1
over 1
over 1
over 1
over 1
over 1
over 1
over 1
over 1
over 1
over 1
over 1
over 1
over 1
over 1
over 1
over 1
over 1
over 1
over 1
over 1
over 1
over 1
over 1
over 1
over 1
over 1
over 1
over 1
over 1
over 1
over 1
over 1
over 1
over 1
over 1
over 1
over 1
over 1
over 1
over 1
over 1
over 1
over 1
over 1
over 1
over 1
over 1
over 1
over 1
over 1
over 1
over 1
over 1
over 1
over 1
over 1
over 1
over 1
over 1
over 1
over 1
over 1
over 1
over 1
over 1
over 1
over 1
over 1
over 1
over 1
over 1
over 1
over 1
over 1
over 1
over 1
over 1
over 1
over 1
over 1
over 1
over 1
over 1
over 1
over 1
over 1
over 1
over 1
over 1
over 1
over 1
over 1
over 1
over 1
over 1
over 1
over 1
over 1
over 1
over 1
over 1
over 1
over 1
over 1
over 1
owl 1
owl 1
owl 1
packed 1
packed 1
painfully 1
painfully 1
painfully 1
pang 1
pang 1
pang 1
pantings 1
partly 1
partly 1
partly 1
partly 1
partly 1
passed 1
passed 1
passed 1
passed 1
passed 1
passed 1
passed 1
passed 1
passed 1
passed 1
passed 1
passed 1
passed 1
passed 1
passed 1
passed 1
passed 1
passed 1
passed 1
passed 1
pate 1
pathetic 1
pathetic 1
pathetic 1
pecker 1
peep 1
peep 1
peep 1
perfectly 1
perfectly 1
perfectly 1
perfectly 1
perfectly 1
perfectly 1
perfectly 1
perfectly 1
performance 1
performance 1
performance 1
perished 1
permanency 1
phrases 1
phrenologist 1
pierced 1
pierced 1
piled 1
piracy 1
pitch 1
plank 1
plank 1
plank 1
plank 1
plank 1
plasters 1
plate 1
pleasant 1
pleasant 1
pleasant 1
pleasant 1
plenty 1
plenty 1
plenty 1
plenty 1
plenty 1
poor 1
poor 1
poor 1
poor 1
poor 1
poor 1
poor 1
poor 1
poor 1
poor 1
poor 1
poor 1
poor 1
poor 1
poor 1
poor 1
poor 1
poor 1
poor 1
poor 1
poor 1
poor 1
poor 1
poor 1
poor 1
poor 1
poor 1
poor 1
poor 1
poor 1
poor 1
poor 1
poor 1
poor 1
poor 1
poor 1
poor 1
poor 1
poor 1
poor 1
poor 1
poor 1
poor 1
poor 1
portly 1
posse 1
possession 1
possession 1
possession 1
possession 1
possession 1
possession 1
possession 1
praying 1
preached 1
precipice 1
presented 1
presented 1
presented 1
principal 1
principal 1
printed 1
printed 1
prisoner 1
prisoner 1
prisoner 1
prisoner 1
prisoner 1
prisoner 1
prisoner 1
prompt 1
prone 1
prophesying 1
propped 1
propped 1
propped 1
prosperous 1
provisions 1
provisions 1
provisions 1
provisions 1
provoked 1
pulled 1
pulled 1
pulled 1
punches 1
puzzled 1
puzzled 1
quaking 1
quaking 1
quarry 1
quarry 1
quarry 1
queer 1
queer 1
quiet 1
quiet 1
quiet 1
quiet 1
quiet 1
quiet 1
quiet 1
quiet 1
quiet 1
quiet 1
quiet 1
quiet 1
quiver 1
rabbit 1
rail 1
raised 1
raised 1
raised 1
raised 1
raised 1
raised 1
raised 1
raised 1
raised 1
ranges 1
rare 1
rare 1
rare 1
rattlesnake 1
ray 1
reason 1
reason 1
reason 1
reason 1
reason 1
reason 1
reason 1
reason 1
reasonable 1
reasonable 1
recitation 1
refrained 1
regretful 1
reigned 1
reigned 1
reigned 1
reigned 1
relates 1
reminded 1
removal 1
repent 1
repose 1
reserve 1
reserve 1
resist 1
resolution 1
resolution 1
resolution 1
resolution 1
resolution 1
rest 1
rest 1
rest 1
rest 1
rest 1
rest 1
rest 1
rest 1
rest 1
rest 1
rest 1
rest 1
rest 1
rest 1
rest 1
rest 1
rest 1
rest 1
rest 1
rest 1
rest 1
rest 1
rest 1
rest 1
rest 1
rest 1
rest 1
rest 1
rest 1
rest 1
rest 1
restraint 1
resurrected 1
ring 1
ring 1
ring 1
ringing 1
ringtaw 1
rintendents 1
ripped 1
ripper 1
rising 1
rising 1
rising 1
rising 1
risks 1
rocked 1
rolled 1
rolled 1
rolled 1
rolled 1
rooms 1
ruffled 1
safety 1
same 1
same 1
same 1
same 1
same 1
same 1
same 1
same 1
same 1
same 1
same 1
same 1
same 1
same 1
same 1
same 1
same 1
same 1
same 1
same 1
same 1
same 1
same 1
same 1
same 1
same 1
same 1
same 1
same 1
same 1
same 1
same 1
same 1
same 1
same 1
same 1
same 1
same 1
satisfactory 1
satisfactory 1
satisfactory 1
satisfactory 1
satisfactory 1
satisfactory 1
satisfactory 1
satisfactory 1
satisfactory 1
satisfactory 1
satisfied 1
satisfied 1
satisfied 1
satisfied 1
satisfied 1
satisfied 1
satisfied 1
satisfied 1
says 1
says 1
says 1
says 1
says 1
says 1
says 1
says 1
says 1
says 1
says 1
says 1
says 1
says 1
says 1
says 1
scanned 1
scanned 1
score 1
score 1
scraped 1
scufflings 1
seats 1
secondary 1
seek 1
seek 1
seize 1
seize 1
seldom 1
seldom 1
seldom 1
seldom 1
seldom 1
self 1
self 1
self 1
self 1
self 1
self 1
self 1
self 1
selling 1
sending 1
sent 1
sent 1
sent 1
sent 1
sent 1
sent 1
several 1
several 1
several 1
several 1
several 1
several 1
several 1
several 1
several 1
sewed 1
sewed 1
sewed 1
sex 1
sex 1
shaken 1
shaken 1
sharing 1
shet 1
shining 1
shining 1
shining 1
shorn 1
short 1
short 1
short 1
short 1
short 1
short 1
short 1
short 1
short 1
sighed 1
sighed 1
sighed 1
signified 1
silences 1
sill 1
singer 1
situation 1
situation 1
situation 1
situation 1
situation 1
sitz 1
skinned 1
skipped 1
skurrying 1
slackened 1
slackened 1
slanting 1
sleepiest 1
sleigh 1
slice 1
smuggled 1
snarling 1
sneaking 1
snoring 1
snoring 1
snoring 1
snuffling 1
snuffling 1
soared 1
sold 1
sold 1
sold 1
solemn 1
solemn 1
solemn 1
solemn 1
solemn 1
solemn 1
solemn 1
solemn 1
solemnities 1
solemnities 1
soliloquized 1
soliloquized 1
somewhat 1
somewhat 1
somewhat 1
somewhat 1
somewheres 1
somewheres 1
soothed 1
spectators 1
spent 1
spent 1
spent 1
spent 1
spent 1
spent 1
spent 1
spirits 1
spirits 1
spirits 1
spirits 1
spirits 1
spirits 1
spirits 1
spirits 1
spirits 1
spirits 1
splashed 1
spliced 1
spoiled 1
sprays 1
spy 1
squeak 1
stage 1
stage 1
stage 1
staggered 1
staggered 1
stains 1
stalwart 1
stanzas 1
states 1
states 1
states 1
states 1
steam 1
steam 1
stick 1
stick 1
stick 1
stick 1
stick 1
stick 1
stick 1
stick 1
stick 1
stifling 1
storms 1
straight 1
straight 1
straight 1
straight 1
straight 1
straight 1
straight 1
streak 1
streak 1
streaming 1
streaming 1
streaming 1
stupendous 1
subscribe 1
successful 1
successful 1
suck 1
suddenness 1
suffered 1
suffered 1
suffered 1
suffered 1
suffered 1
suffered 1
suffered 1
sufficient 1
sufficient 1
sufficient 1
sufficient 1
superabundance 1
superintendent 1
superintendent 1
superintendent 1
superintendent 1
superintendent 1
superintendent 1
superintendent 1
superstitions 1
surest 1
sway 1
sway 1
sweetened 1
synonymous 1
tain 1
tain 1
tain 1
takes 1
takes 1
takes 1
teased 1
teaspoonful 1
telegraph 1
temporarily 1
tendency 1
tents 1
territory 1
thankfully 1
thanksgivings 1
them 1
them 1
them 1
them 1
them 1
them 1
them 1
them 1
them 1
them 1
them 1
them 1
them 1
them 1
them 1
them 1
them 1
them 1
them 1
them 1
them 1
them 1
them 1
them 1
them 1
them 1
them 1
them 1
them 1
them 1
them 1
them 1
them 1
them 1
them 1
them 1
them 1
them 1
them 1
them 1
them 1
them 1
them 1
them 1
them 1
them 1
them 1
them 1
them 1
them 1
them 1
them 1
them 1
them 1
them 1
them 1
them 1
them 1
them 1
them 1
them 1
them 1
them 1
them 1
them 1
them 1
them 1
them 1
them 1
them 1
them 1
them 1
them 1
them 1
them 1
them 1
them 1
them 1
them 1
them 1
them 1
them 1
them 1
them 1
them 1
them 1
them 1
them 1
them 1
them 1
them 1
them 1
them 1
them 1
them 1
them 1
them 1
them 1
them 1
them 1
them 1
them 1
them 1
them 1
them 1
them 1
them 1
them 1
them 1
them 1
them 1
them 1
them 1
them 1
them 1
them 1
them 1
them 1
them 1
them 1
them 1
them 1
them 1
them 1
them 1
them 1
them 1
them 1
them 1
them 1
them 1
them 1
them 1
them 1
them 1
them 1
them 1
them 1
them 1
them 1
them 1
them 1
them 1
them 1
them 1
them 1
them 1
them 1
them 1
them 1
them 1
them 1
them 1
them 1
them 1
them 1
them 1
them 1
them 1
them 1
them 1
them 1
them 1
them 1
them 1
them 1
them 1
them 1
them 1
them 1
them 1
themes 1
there 1
there 1
there 1
there 1
there 1
there 1
there 1
there 1
there 1
there 1
there 1
there 1
there 1
there 1
there 1
there 1
there 1
there 1
there 1
there 1
there 1
there 1
there 1
there 1
there 1
there 1
there 1
there 1
there 1
there 1
there 1
there 1
there 1
there 1
there 1
there 1
there 1
there 1
there 1
there 1
there 1
there 1
there 1
there 1
there 1
there 1
there 1
there 1
there 1
there 1
there 1
there 1
there 1
there 1
there 1
there 1
there 1
there 1
there 1
there 1
there 1
there 1
there 1
there 1
there 1
there 1
there 1
there 1
there 1
there 1
there 1
there 1
there 1
there 1
there 1
there 1
there 1
there 1
there 1
there 1
there 1
there 1
there 1
there 1
there 1
there 1
there 1
there 1
there 1
there 1
there 1
there 1
there 1
there 1
there 1
there 1
there 1
there 1
there 1
there 1
there 1
there 1
there 1
there 1
there 1
there 1
there 1
there 1
there 1
there 1
there 1
there 1
there 1
there 1
there 1
there 1
there 1
there 1
there 1
there 1
there 1
there 1
there 1
there 1
there 1
there 1
there 1
there 1
there 1
there 1
there 1
there 1
there 1
there 1
there 1
there 1
there 1
there 1
there 1
there 1
there 1
there 1
there 1
there 1
there 1
there 1
there 1
there 1
there 1
there 1
there 1
there 1
there 1
there 1
there 1
there 1
there 1
there 1
there 1
there 1
there 1
there 1
there 1
there 1
there 1
there 1
there 1
there 1
there 1
there 1
there 1
there 1
there 1
there 1
there 1
there 1
there 1
there 1
there 1
there 1
there 1
there 1
there 1
there 1
there 1
there 1
there 1
there 1
there 1
there 1
there 1
there 1
there 1
there 1
there 1
there 1
there 1
there 1
there 1
there 1
there 1
there 1
there 1
there 1
there 1
there 1
there 1
there 1
there 1
there 1
there 1
there 1
there 1
there 1
there 1
there 1
there 1
there 1
there 1
there 1
there 1
there 1
there 1
there 1
there 1
there 1
there 1
there 1
there 1
there 1
there 1
there 1
there 1
there 1
there 1
there 1
there 1
there 1
there 1
there 1
there 1
there 1
there 1
there 1
there 1
there 1
there 1
there 1
there 1
thirds 1
this 1
this 1
this 1
this 1
this 1
this 1
this 1
this 1
this 1
this 1
this 1
this 1
this 1
this 1
this 1
this 1
this 1
this 1
this 1
this 1
this 1
this 1
this 1
this 1
this 1
this 1
this 1
this 1
this 1
this 1
this 1
this 1
this 1
this 1
this 1
this 1
this 1
this 1
this 1
this 1
this 1
this 1
this 1
this 1
this 1
this 1
this 1
this 1
this 1
this 1
this 1
this 1
this 1
this 1
this 1
this 1
this 1
this 1
this 1
this 1
this 1
this 1
this 1
this 1
this 1
this 1
this 1
this 1
this 1
this 1
this 1
this 1
this 1
this 1
this 1
this 1
this 1
this 1
this 1
this 1
this 1
this 1
this 1
this 1
this 1
this 1
this 1
this 1
this 1
this 1
this 1
this 1
this 1
this 1
this 1
this 1
this 1
this 1
this 1
this 1
this 1
this 1
this 1
this 1
this 1
this 1
this 1
this 1
this 1
this 1
this 1
this 1
this 1
this 1
this 1
this 1
this 1
this 1
this 1
this 1
this 1
this 1
this 1
this 1
this 1
this 1
this 1
this 1
this 1
this 1
this 1
this 1
this 1
this 1
this 1
this 1
this 1
this 1
this 1
this 1
this 1
this 1
this 1
this 1
this 1
this 1
this 1
this 1
this 1
this 1
this 1
this 1
this 1
this 1
this 1
this 1
this 1
this 1
this 1
this 1
this 1
this 1
this 1
this 1
this 1
this 1
this 1
this 1
this 1
this 1
this 1
this 1
this 1
this 1
this 1
this 1
this 1
this 1
this 1
this 1
this 1
this 1
this 1
this 1
this 1
this 1
this 1
this 1
this 1
this 1
this 1
this 1
this 1
this 1
this 1
this 1
this 1
this 1
this 1
this 1
this 1
this 1
this 1
this 1
this 1
this 1
this 1
this 1
this 1
this 1
this 1
this 1
this 1
this 1
this 1
this 1
this 1
this 1
this 1
this 1
this 1
this 1
this 1
this 1
this 1
this 1
this 1
this 1
this 1
this 1
this 1
this 1
this 1
this 1
this 1
this 1
this 1
this 1
this 1
this 1
this 1
this 1
this 1
this 1
this 1
this 1
this 1
this 1
this 1
this 1
this 1
this 1
this 1
this 1
this 1
this 1
this 1
this 1
this 1
this 1
this 1
this 1
this 1
this 1
this 1
this 1
this 1
this 1
this 1
this 1
this 1
this 1
this 1
this 1
this 1
this 1
this 1
thoughtful 1
thoughtful 1
thrashing 1
threadbare 1
threw 1
threw 1
threw 1
threw 1
threw 1
threw 1
threw 1
threw 1
threw 1
threw 1
throw 1
throw 1
throw 1
throw 1
throw 1
throw 1
thrown 1
thrown 1
thrown 1
thrown 1
thrown 1
thrust 1
thrust 1
thrust 1
thrust 1
thrust 1
thrust 1
thrust 1
thrust 1
thunder 1
thunder 1
thunder 1
thunder 1
thunder 1
thunder 1
thunder 1
thunder 1
ticket 1
ticket 1
ticket 1
ticket 1
tied 1
tied 1
tied 1
tied 1
tied 1
tied 1
tied 1
tied 1
tied 1
tied 1
tied 1
tingling 1
tired 1
tired 1
tired 1
tired 1
tired 1
tired 1
tired 1
tired 1
tired 1
tired 1
toil 1
tone 1
tone 1
tone 1
tone 1
tone 1
tone 1
tone 1
tone 1
tops 1
tossed 1
tossed 1
tossed 1
tossed 1
tossed 1
tossed 1
tossed 1
transcription 1
trash 1
traversed 1
traversed 1
traversed 1
trinkets 1
triumphant 1
troop 1
trunk 1
tugged 1
tugged 1
turmoil 1
twinkle 1
unavailing 1
unavailing 1
unconsciously 1
unconsciously 1
unconsciously 1
under 1
under 1
under 1
under 1
under 1
under 1
under 1
under 1
under 1
under 1
under 1
under 1
under 1
under 1
under 1
under 1
under 1
under 1
under 1
under 1
under 1
under 1
under 1
under 1
under 1
under 1
under 1
under 1
under 1
under 1
under 1
under 1
under 1
under 1
under 1
under 1
under 1
under 1
under 1
under 1
under 1
under 1
under 1
under 1
under 1
under 1
under 1
under 1
under 1
under 1
under 1
under 1
under 1
under 1
under 1
under 1
under 1
under 1
under 1
under 1
under 1
under 1
under 1
under 1
under 1
under 1
under 1
under 1
under 1
under 1
under 1
under 1
under 1
under 1
under 1
under 1
under 1
under 1
under 1
under 1
under 1
under 1
under 1
under 1
under 1
under 1
under 1
under 1
under 1
under 1
under 1
under 1
undergoing 1
uniform 1
uniform 1
unkempt 1
unkempt 1
unkindness 1
unseal 1
upon 1
upon 1
upon 1
upon 1
upon 1
upon 1
upon 1
upon 1
upon 1
upon 1
upon 1
upon 1
upon 1
upon 1
upon 1
upon 1
upon 1
upon 1
upon 1
upon 1
upon 1
upon 1
upon 1
upon 1
upon 1
upon 1
upon 1
upon 1
upon 1
upon 1
upon 1
upon 1
upon 1
upon 1
upon 1
upon 1
upon 1
upon 1
upon 1
upon 1
upon 1
upon 1
upon 1
upon 1
upon 1
upon 1
upon 1
upon 1
upon 1
upon 1
upon 1
upon 1
upon 1
upon 1
upon 1
upon 1
upon 1
upon 1
upon 1
upon 1
upon 1
upon 1
upon 1
upon 1
upon 1
upon 1
upon 1
upon 1
upon 1
upon 1
upon 1
upon 1
upon 1
upon 1
upon 1
upon 1
upon 1
upon 1
upon 1
upon 1
upon 1
upon 1
upon 1
upon 1
upon 1
upon 1
upon 1
upon 1
upon 1
upon 1
upon 1
upon 1
upon 1
upon 1
upon 1
upon 1
upon 1
upon 1
upon 1
upon 1
upon 1
upon 1
upon 1
upon 1
upon 1
upon 1
upon 1
upon 1
upon 1
upon 1
upon 1
upon 1
upon 1
upon 1
upon 1
upon 1
upon 1
upon 1
upon 1
upon 1
upon 1
upon 1
upon 1
upon 1
upon 1
upon 1
upon 1
upon 1
upon 1
upon 1
upon 1
upon 1
upon 1
upon 1
upon 1
upon 1
upon 1
upon 1
upon 1
upon 1
upon 1
upon 1
upon 1
upon 1
upon 1
upon 1
upon 1
upon 1
upon 1
upper 1
upper 1
upper 1
upper 1
usual 1
usual 1
usual 1
usual 1
usual 1
usual 1
usual 1
usual 1
usual 1
usual 1
usual 1
vagabond 1
vanished 1
vanished 1
vanished 1
vanished 1
vanished 1
vanished 1
vanquished 1
vegetation 1
veil 1
veil 1
velvet 1
very 1
very 1
very 1
very 1
very 1
very 1
very 1
very 1
very 1
very 1
very 1
very 1
very 1
very 1
very 1
very 1
very 1
very 1
very 1
very 1
very 1
very 1
very 1
very 1
very 1
very 1
very 1
very 1
very 1
very 1
very 1
very 1
very 1
very 1
very 1
very 1
very 1
very 1
very 1
very 1
very 1
very 1
very 1
very 1
very 1
very 1
very 1
very 1
very 1
very 1
very 1
very 1
very 1
very 1
very 1
very 1
very 1
very 1
very 1
very 1
very 1
very 1
very 1
very 1
very 1
very 1
very 1
very 1
very 1
very 1
very 1
very 1
very 1
very 1
very 1
very 1
victory 1
victory 1
victory 1
vigorous 1
village 1
village 1
village 1
village 1
village 1
village 1
village 1
village 1
village 1
village 1
village 1
village 1
village 1
village 1
village 1
village 1
village 1
village 1
village 1
village 1
village 1
village 1
village 1
village 1
village 1
village 1
village 1
village 1
village 1
village 1
village 1
village 1
village 1
village 1
village 1
village 1
village 1
village 1
village 1
village 1
village 1
village 1
village 1
village 1
village 1
village 1
village 1
village 1
village 1
village 1
voice 1
voice 1
voice 1
voice 1
voice 1
voice 1
voice 1
voice 1
voice 1
voice 1
voice 1
voice 1
voice 1
voice 1
voice 1
voice 1
voice 1
voice 1
voice 1
voice 1
voice 1
voice 1
voice 1
voice 1
voice 1
voice 1
voice 1
voice 1
voice 1
voice 1
voice 1
void 1
waist 1
waited 1
waited 1
waited 1
waited 1
waited 1
waited 1
waited 1
waited 1
waited 1
waited 1
war 1
war 1
war 1
war 1
war 1
war 1
warranties 1
warring 1
wasted 1
wasted 1
wasted 1
wasted 1
wasted 1
watched 1
watched 1
watched 1
watched 1
watched 1
watched 1
watched 1
watched 1
watched 1
watched 1
watched 1
watched 1
watched 1
watered 1
watered 1
wavered 1
waverer 1
waving 1
we 1
we 1
we 1
we 1
we 1
we 1
we 1
we 1
we 1
we 1
we 1
we 1
we 1
we 1
we 1
we 1
we 1
we 1
we 1
we 1
we 1
we 1
we 1
we 1
we 1
we 1
we 1
we 1
we 1
we 1
we 1
we 1
we 1
we 1
we 1
we 1
we 1
we 1
we 1
we 1
we 1
we 1
we 1
we 1
we 1
we 1
we 1
we 1
we 1
we 1
we 1
we 1
we 1
we 1
we 1
we 1
we 1
we 1
we 1
we 1
we 1
we 1
we 1
we 1
we 1
we 1
we 1
we 1
we 1
we 1
we 1
we 1
we 1
we 1
we 1
we 1
we 1
we 1
we 1
we 1
we 1
we 1
we 1
we 1
we 1
we 1
we 1
we 1
we 1
we 1
we 1
we 1
we 1
we 1
we 1
we 1
we 1
we 1
we 1
we 1
we 1
we 1
we 1
we 1
we 1
we 1
we 1
we 1
we 1
we 1
we 1
we 1
we 1
we 1
we 1
we 1
we 1
we 1
we 1
we 1
we 1
we 1
we 1
we 1
we 1
we 1
we 1
we 1
we 1
we 1
we 1
we 1
we 1
we 1
we 1
we 1
we 1
we 1
we 1
we 1
we 1
we 1
we 1
we 1
we 1
we 1
we 1
we 1
we 1
we 1
we 1
we 1
wealthy 1
wealthy 1
wedge 1
weedgrown 1
welcome 1
welcome 1
well 1
well 1
well 1
well 1
well 1
well 1
well 1
well 1
well 1
well 1
well 1
well 1
well 1
well 1
well 1
well 1
well 1
well 1
well 1
well 1
well 1
well 1
well 1
well 1
well 1
well 1
well 1
well 1
well 1
well 1
well 1
well 1
well 1
well 1
well 1
well 1
well 1
well 1
well 1
well 1
well 1
well 1
well 1
well 1
well 1
well 1
well 1
well 1
well 1
well 1
well 1
well 1
well 1
wending 1
wet 1
wet 1
wet 1
wet 1
wheeled 1
wheels 1
whenever 1
whenever 1
whenever 1
whenever 1
whipping 1
whipping 1
whipping 1
whispering 1
whispering 1
whispering 1
whispering 1
whoever 1
whoever 1
whose 1
whose 1
whose 1
whose 1
whose 1
whose 1
whose 1
whose 1
whose 1
whose 1
whose 1
whose 1
whose 1
whose 1
whose 1
whose 1
whose 1
whose 1
whose 1
whose 1
will 1
will 1
will 1
will 1
will 1
will 1
will 1
will 1
will 1
will 1
will 1
will 1
will 1
will 1
will 1
will 1
will 1
will 1
will 1
will 1
will 1
will 1
will 1
will 1
will 1
will 1
will 1
will 1
will 1
will 1
will 1
will 1
will 1
will 1
will 1
will 1
will 1
will 1
will 1
will 1
will 1
will 1
will 1
will 1
will 1
will 1
will 1
will 1
will 1
will 1
will 1
will 1
will 1
will 1
will 1
will 1
will 1
will 1
will 1
will 1
will 1
will 1
will 1
will 1
will 1
will 1
will 1
will 1
will 1
will 1
will 1
will 1
will 1
will 1
will 1
willing 1
willing 1
willing 1
willing 1
willing 1
willing 1
willing 1
willing 1
willing 1
wings 1
wings 1
wings 1
wiping 1
wise 1
wise 1
wise 1
wise 1
wise 1
withdrawing 1
wonders 1
wonders 1
wonders 1
woody 1
woody 1
world 1
world 1
world 1
world 1
world 1
world 1
world 1
world 1
world 1
world 1
world 1
world 1
world 1
world 1
world 1
world 1
world 1
world 1
world 1
world 1
world 1
world 1
world 1
world 1
world 1
world 1
world 1
world 1
world 1
world 1
world 1
world 1
world 1
world 1
world 1
world 1
wormed 1
worried 1
worth 1
worth 1
worth 1
worth 1
worth 1
worth 1
worth 1
worth 1
worth 1
worth 1
worth 1
worth 1
wounded 1
writes 1
writes 1
yearned 1
yet 1
yet 1
yet 1
yet 1
yet 1
yet 1
yet 1
yet 1
yet 1
yet 1
yet 1
yet 1
yet 1
yet 1
yet 1
yet 1
yet 1
yet 1
yet 1
yet 1
yet 1
yet 1
yet 1
yet 1
yet 1
yet 1
yet 1
yet 1
young 1
young 1
young 1
young 1
young 1
young 1
young 1
young 1
young 1
young 1
young 1
young 1
young 1
young 1
young 1
young 1
young 1
young 1
young 1
young 1
young 1
young 1
young 1
young 1
young 1
young 1
young 1
young 1
young 1
