A 1
A 1
A 1
About 1
All 1
All 1
All 1
All 1
All 1
Arms 1
August 1
Below 1
Chief 1
Contributions 1
DISTRIBUTOR 1
DONATIONS 1
Defect 1
Foundation 1
Foundation 1
Foundation 1
Foundation 1
Foundation 1
Foundation 1
Foundation 1
Foundation 1
Foundation 1
Foundation 1
Foundation 1
Foundation 1
Foundation 1
Foundation 1
Foundation 1
Foundation 1
Foundation 1
Foundation 1
Foundation 1
Foundation 1
Foundation 1
Foundation 1
Foundation 1
Foundation 1
Full 1
Gregory 1
Hart 1
Hart 1
He 1
He 1
He 1
He 1
He 1
He 1
He 1
He 1
He 1
He 1
He 1
He 1
He 1
He 1
He 1
He 1
He 1
He 1
He 1
He 1
He 1
He 1
He 1
He 1
He 1
He 1
He 1
He 1
He 1
He 1
He 1
He 1
He 1
He 1
He 1
He 1
He 1
He 1
He 1
He 1
He 1
He 1
He 1
He 1
He 1
He 1
He 1
He 1
He 1
He 1
He 1
He 1
He 1
He 1
He 1
He 1
He 1
He 1
He 1
He 1
He 1
He 1
He 1
He 1
He 1
He 1
He 1
He 1
He 1
He 1
He 1
He 1
He 1
He 1
He 1
He 1
He 1
He 1
He 1
He 1
He 1
He 1
He 1
He 1
He 1
Help 1
Help 1
IN 1
If 1
If 1
If 1
If 1
If 1
If 1
If 1
If 1
If 1
If 1
If 1
If 1
If 1
If 1
If 1
If 1
If 1
If 1
If 1
If 1
If 1
If 1
If 1
If 1
If 1
If 1
If 1
If 1
If 1
If 1
Lake 1
Let 1
Let 1
License 1
License 1
License 1
License 1
License 1
License 1
License 1
License 1
License 1
License 1
METAMORPHOSIS 1
METAMORPHOSIS 1
March 1
Most 1
NEGLIGENCE 1
Nearly 1
Newby 1
On 1
On 1
On 1
On 1
On 1
POSSIBILITY 1
Release 1
STRICT 1
Service 1
Should 1
THOSE 1
Volunteers 1
about 1
about 1
about 1
about 1
about 1
about 1
about 1
about 1
about 1
about 1
about 1
about 1
about 1
about 1
about 1
about 1
about 1
about 1
about 1
about 1
about 1
about 1
about 1
about 1
about 1
about 1
about 1
about 1
about 1
about 1
about 1
about 1
about 1
about 1
about 1
about 1
about 1
about 1
about 1
about 1
about 1
about 1
about 1
about 1
about 1
about 1
about 1
about 1
about 1
about 1
about 1
about 1
about 1
about 1
about 1
about 1
about 1
about 1
about 1
about 1
about 1
about 1
about 1
about 1
about 1
about 1
about 1
about 1
about 1
about 1
about 1
about 1
above 1
above 1
above 1
above 1
accurately 1
against 1
against 1
against 1
against 1
against 1
against 1
against 1
against 1
against 1
against 1
against 1
against 1
against 1
against 1
against 1
against 1
against 1
against 1
against 1
against 1
against 1
against 1
against 1
against 1
against 1
against 1
against 1
against 1
alarm 1
alarm 1
alarm 1
alarm 1
alarm 1
alarm 1
anyway 1
anyway 1
anyway 1
anyway 1
anyway 1
applicable 1
applicable 1
applicable 1
appropriate 1
around 1
around 1
around 1
around 1
around 1
around 1
around 1
around 1
around 1
around 1
around 1
around 1
around 1
around 1
around 1
around 1
around 1
around 1
around 1
around 1
array 1
authority 1
available 1
available 1
available 1
bad 1
bad 1
bad 1
behest 1
benefit 1
boots 1
boots 1
bottles 1
bottles 1
bottom 1
briefly 1
briefly 1
briefly 1
briefly 1
budget 1
by 1
by 1
by 1
by 1
by 1
by 1
by 1
by 1
by 1
by 1
by 1
by 1
by 1
by 1
by 1
by 1
by 1
by 1
by 1
by 1
by 1
by 1
by 1
by 1
by 1
by 1
by 1
by 1
by 1
by 1
by 1
by 1
by 1
by 1
by 1
by 1
by 1
by 1
by 1
by 1
by 1
by 1
by 1
by 1
by 1
by 1
by 1
by 1
by 1
by 1
by 1
by 1
by 1
by 1
by 1
by 1
by 1
by 1
by 1
by 1
by 1
by 1
by 1
by 1
by 1
by 1
by 1
by 1
by 1
by 1
by 1
by 1
by 1
by 1
by 1
by 1
calls 1
calm 1
calm 1
calm 1
calm 1
calm 1
calm 1
calm 1
captivate 1
cave 1
cease 1
changes 1
charges 1
charitable 1
city 1
clear 1
clear 1
clear 1
clear 1
clear 1
clear 1
clear 1
clear 1
clear 1
clear 1
clear 1
climb 1
climb 1
clutter 1
coat 1
coat 1
coat 1
coat 1
comment 1
comment 1
compilation 1
complaint 1
complete 1
considerable 1
considerable 1
considerations 1
contractor 1
cool 1
copyright 1
copyright 1
copyright 1
copyright 1
copyright 1
copyright 1
copyright 1
copyright 1
copyright 1
copyright 1
copyright 1
copyright 1
copyright 1
copyright 1
copyright 1
copyright 1
copyright 1
coughed 1
count 1
crash 1
critical 1
crouched 1
damaged 1
decisively 1
delay 1
delay 1
delay 1
demand 1
denuded 1
depended 1
desperate 1
detach 1
detail 1
deterioration 1
direction 1
direction 1
direction 1
direction 1
disclaimer 1
disclaimer 1
discover 1
discussed 1
disgust 1
dishevelled 1
dismissed 1
disturbing 1
document 1
donations 1
donations 1
donations 1
donations 1
donations 1
donations 1
donations 1
donations 1
donations 1
donations 1
donations 1
donations 1
donors 1
doorway 1
doorway 1
doorway 1
doorway 1
doorway 1
doorway 1
doorway 1
doorway 1
dull 1
dull 1
easier 1
easier 1
easier 1
efforts 1
efforts 1
efforts 1
efforts 1
efforts 1
efforts 1
empty 1
empty 1
empty 1
empty 1
entered 1
entity 1
entity 1
entity 1
enunciating 1
establishment 1
eventually 1
everyone 1
everyone 1
everyone 1
everyone 1
everyone 1
everyone 1
everyone 1
everyone 1
everyone 1
excitedly 1
excitedly 1
exclaim 1
excuse 1
excuse 1
exempt 1
exempt 1
explain 1
explain 1
explaining 1
explaining 1
explaining 1
favourite 1
feared 1
feather 1
federal 1
federal 1
find 1
find 1
find 1
find 1
find 1
find 1
following 1
following 1
following 1
following 1
following 1
following 1
fools 1
forgetting 1
forgetting 1
forgot 1
forgot 1
format 1
format 1
format 1
format 1
forth 1
forth 1
forth 1
forth 1
forth 1
forth 1
forth 1
forth 1
forth 1
forth 1
forth 1
forth 1
gas 1
gave 1
gave 1
gave 1
gave 1
gave 1
gave 1
give 1
give 1
give 1
give 1
give 1
give 1
give 1
give 1
give 1
give 1
give 1
give 1
give 1
give 1
given 1
given 1
given 1
given 1
given 1
given 1
given 1
glimpsed 1
gossip 1
gradually 1
gratefully 1
greeting 1
ground 1
ground 1
ground 1
ground 1
ground 1
ground 1
ground 1
guidelines 1
gush 1
gutenberg 1
gutenberg 1
gutenberg 1
gutenberg 1
gutenberg 1
gutenberg 1
happened 1
happened 1
happened 1
happened 1
happened 1
happened 1
happened 1
happened 1
happened 1
happened 1
happened 1
happened 1
happened 1
happened 1
happened 1
hardest 1
harshly 1
having 1
having 1
having 1
having 1
having 1
having 1
having 1
having 1
he 1
he 1
he 1
he 1
he 1
he 1
he 1
he 1
he 1
he 1
he 1
he 1
he 1
he 1
he 1
he 1
he 1
he 1
he 1
he 1
he 1
he 1
he 1
he 1
he 1
he 1
he 1
he 1
he 1
he 1
he 1
he 1
he 1
he 1
he 1
he 1
he 1
he 1
he 1
he 1
he 1
he 1
he 1
he 1
he 1
he 1
he 1
he 1
he 1
he 1
he 1
he 1
he 1
he 1
he 1
he 1
he 1
he 1
he 1
he 1
he 1
he 1
he 1
he 1
he 1
he 1
he 1
he 1
he 1
he 1
he 1
he 1
he 1
he 1
he 1
he 1
he 1
he 1
he 1
he 1
he 1
he 1
he 1
he 1
he 1
he 1
he 1
he 1
he 1
he 1
he 1
he 1
he 1
he 1
he 1
he 1
he 1
he 1
he 1
he 1
he 1
he 1
he 1
he 1
he 1
he 1
he 1
he 1
he 1
he 1
he 1
he 1
he 1
he 1
he 1
he 1
he 1
he 1
he 1
he 1
he 1
he 1
he 1
he 1
he 1
he 1
he 1
he 1
he 1
he 1
he 1
he 1
he 1
he 1
he 1
he 1
he 1
he 1
he 1
he 1
he 1
he 1
he 1
he 1
he 1
he 1
he 1
he 1
he 1
he 1
he 1
he 1
he 1
he 1
he 1
he 1
he 1
he 1
he 1
he 1
he 1
he 1
he 1
he 1
he 1
he 1
he 1
he 1
he 1
he 1
he 1
he 1
he 1
he 1
he 1
he 1
he 1
he 1
he 1
he 1
he 1
he 1
he 1
he 1
he 1
he 1
he 1
he 1
he 1
he 1
he 1
he 1
he 1
he 1
he 1
he 1
he 1
he 1
he 1
he 1
he 1
he 1
he 1
he 1
he 1
he 1
he 1
he 1
he 1
he 1
he 1
he 1
he 1
he 1
he 1
he 1
he 1
he 1
he 1
he 1
he 1
he 1
he 1
he 1
he 1
he 1
he 1
he 1
he 1
he 1
he 1
he 1
he 1
he 1
he 1
he 1
he 1
he 1
he 1
he 1
he 1
he 1
he 1
he 1
he 1
he 1
he 1
he 1
he 1
he 1
he 1
he 1
he 1
he 1
he 1
he 1
he 1
he 1
he 1
he 1
he 1
he 1
he 1
he 1
he 1
he 1
he 1
he 1
he 1
he 1
he 1
he 1
he 1
he 1
he 1
he 1
he 1
he 1
he 1
he 1
he 1
he 1
he 1
he 1
he 1
he 1
he 1
he 1
he 1
he 1
he 1
he 1
he 1
he 1
he 1
he 1
he 1
he 1
he 1
he 1
he 1
he 1
he 1
he 1
he 1
he 1
he 1
he 1
he 1
he 1
he 1
he 1
he 1
he 1
he 1
he 1
he 1
he 1
he 1
he 1
he 1
he 1
he 1
he 1
he 1
he 1
he 1
he 1
he 1
he 1
he 1
he 1
he 1
he 1
he 1
he 1
he 1
he 1
he 1
he 1
he 1
he 1
he 1
he 1
he 1
he 1
he 1
he 1
he 1
he 1
he 1
he 1
he 1
he 1
he 1
he 1
he 1
he 1
he 1
he 1
he 1
he 1
he 1
he 1
he 1
he 1
he 1
he 1
he 1
he 1
he 1
he 1
he 1
he 1
he 1
he 1
he 1
he 1
he 1
he 1
he 1
he 1
he 1
he 1
he 1
he 1
he 1
he 1
he 1
he 1
he 1
he 1
he 1
he 1
he 1
he 1
he 1
he 1
he 1
he 1
he 1
he 1
he 1
he 1
he 1
he 1
he 1
he 1
he 1
he 1
he 1
he 1
he 1
he 1
he 1
he 1
he 1
he 1
he 1
he 1
he 1
he 1
he 1
he 1
he 1
he 1
he 1
he 1
he 1
he 1
he 1
he 1
he 1
he 1
he 1
he 1
he 1
he 1
he 1
he 1
he 1
he 1
he 1
he 1
he 1
he 1
he 1
he 1
he 1
he 1
he 1
he 1
he 1
he 1
he 1
he 1
he 1
he 1
he 1
he 1
he 1
he 1
he 1
he 1
he 1
he 1
he 1
he 1
he 1
he 1
he 1
he 1
he 1
he 1
he 1
he 1
he 1
he 1
he 1
he 1
he 1
he 1
he 1
he 1
he 1
he 1
he 1
he 1
he 1
he 1
he 1
he 1
he 1
he 1
he 1
he 1
he 1
he 1
he 1
he 1
he 1
he 1
he 1
he 1
he 1
he 1
he 1
he 1
heads 1
helplessness 1
hurt 1
hurt 1
if 1
if 1
if 1
if 1
if 1
if 1
if 1
if 1
if 1
if 1
if 1
if 1
if 1
if 1
if 1
if 1
if 1
if 1
if 1
if 1
if 1
if 1
if 1
if 1
if 1
if 1
if 1
if 1
if 1
if 1
if 1
if 1
if 1
if 1
if 1
if 1
if 1
if 1
if 1
if 1
if 1
if 1
if 1
if 1
if 1
if 1
if 1
if 1
if 1
if 1
if 1
if 1
if 1
if 1
if 1
if 1
if 1
if 1
if 1
if 1
if 1
if 1
if 1
if 1
if 1
if 1
if 1
if 1
if 1
if 1
if 1
if 1
if 1
if 1
if 1
if 1
if 1
if 1
if 1
if 1
if 1
if 1
if 1
if 1
if 1
if 1
if 1
if 1
if 1
if 1
if 1
if 1
ignoring 1
ignoring 1
immediate 1
immediate 1
immediate 1
immediate 1
immediate 1
impeding 1
imploring 1
impose 1
incomprehensible 1
indeed 1
indeed 1
indeed 1
indeed 1
indeed 1
injury 1
injury 1
intercede 1
irregular 1
jaws 1
jaws 1
joined 1
junior 1
knocked 1
knowing 1
knowing 1
knowing 1
knowing 1
knowing 1
knowing 1
knowing 1
known 1
known 1
leather 1
leather 1
legal 1
legal 1
liability 1
liability 1
license 1
license 1
license 1
license 1
lieu 1
lieu 1
lightly 1
lightly 1
lightly 1
links 1
links 1
links 1
listening 1
listening 1
listening 1
listening 1
listening 1
listening 1
locking 1
longer 1
longer 1
longer 1
longer 1
longer 1
longer 1
longer 1
longer 1
longer 1
longer 1
longer 1
longer 1
longer 1
longer 1
longer 1
longer 1
longer 1
longer 1
loss 1
louts 1
main 1
main 1
main 1
meat 1
meat 1
mechanical 1
medical 1
members 1
members 1
middle 1
middle 1
middle 1
middle 1
middle 1
middle 1
middle 1
middle 1
middle 1
middle 1
middle 1
middle 1
milk 1
milk 1
milk 1
milk 1
milk 1
mistrust 1
mixed 1
mixed 1
mixed 1
most 1
most 1
most 1
most 1
most 1
most 1
most 1
most 1
most 1
most 1
most 1
most 1
most 1
move 1
move 1
move 1
move 1
move 1
move 1
move 1
move 1
move 1
move 1
move 1
move 1
move 1
move 1
move 1
move 1
moved 1
moved 1
moved 1
moved 1
moved 1
moved 1
moved 1
moved 1
moved 1
moved 1
moved 1
name 1
nearer 1
neglected 1
neglected 1
neighbour 1
nonsense 1
nothing 1
nothing 1
nothing 1
nothing 1
nothing 1
nothing 1
nothing 1
nothing 1
nothing 1
nothing 1
nothing 1
nothing 1
nothing 1
nothing 1
nothing 1
nothing 1
obvious 1
obvious 1
occasionally 1
occurred 1
occurred 1
occurred 1
off 1
off 1
off 1
off 1
off 1
off 1
off 1
off 1
off 1
off 1
off 1
off 1
off 1
off 1
off 1
off 1
off 1
off 1
off 1
on 1
on 1
on 1
on 1
on 1
on 1
on 1
on 1
on 1
on 1
on 1
on 1
on 1
on 1
on 1
on 1
on 1
on 1
on 1
on 1
on 1
on 1
on 1
on 1
on 1
on 1
on 1
on 1
on 1
on 1
on 1
on 1
on 1
on 1
on 1
on 1
on 1
on 1
on 1
on 1
on 1
on 1
on 1
on 1
on 1
on 1
on 1
on 1
on 1
on 1
on 1
on 1
on 1
on 1
on 1
on 1
on 1
on 1
on 1
on 1
on 1
on 1
on 1
on 1
on 1
on 1
on 1
on 1
on 1
on 1
on 1
on 1
on 1
on 1
on 1
on 1
on 1
on 1
on 1
on 1
on 1
on 1
on 1
on 1
on 1
on 1
on 1
on 1
on 1
on 1
on 1
on 1
on 1
on 1
on 1
on 1
on 1
on 1
on 1
on 1
on 1
on 1
on 1
on 1
on 1
on 1
on 1
on 1
on 1
on 1
on 1
on 1
on 1
on 1
on 1
on 1
on 1
on 1
on 1
on 1
on 1
on 1
on 1
on 1
on 1
on 1
on 1
on 1
on 1
on 1
on 1
on 1
on 1
on 1
on 1
on 1
on 1
on 1
on 1
on 1
on 1
on 1
on 1
on 1
on 1
on 1
on 1
on 1
on 1
on 1
on 1
on 1
on 1
on 1
on 1
on 1
on 1
on 1
on 1
on 1
opens 1
oppressed 1
overview 1
overview 1
pangs 1
peered 1
peeved 1
people 1
people 1
people 1
people 1
people 1
people 1
people 1
people 1
people 1
perhaps 1
perhaps 1
perhaps 1
perhaps 1
perhaps 1
perhaps 1
perhaps 1
perhaps 1
perhaps 1
perhaps 1
perhaps 1
perhaps 1
perhaps 1
perhaps 1
perhaps 1
persecuting 1
persuade 1
persuade 1
persuade 1
pleasure 1
pleasure 1
pleasure 1
pleasure 1
pleasure 1
pleasure 1
pleasure 1
possibilities 1
posted 1
posted 1
posted 1
posted 1
posted 1
posted 1
poured 1
prejudice 1
preoccupied 1
probably 1
probably 1
probably 1
probably 1
probably 1
probably 1
probably 1
probably 1
probably 1
probably 1
probably 1
probably 1
probably 1
probably 1
probably 1
processing 1
prospects 1
prospects 1
quick 1
ran 1
ran 1
ran 1
ran 1
ran 1
ran 1
ran 1
ran 1
ran 1
ran 1
ran 1
re 1
re 1
re 1
re 1
re 1
re 1
re 1
re 1
re 1
re 1
re 1
re 1
re 1
re 1
reach 1
realisation 1
realised 1
realised 1
realised 1
realised 1
realised 1
realised 1
realised 1
realised 1
realised 1
receive 1
receive 1
receive 1
receive 1
receive 1
recent 1
redistributing 1
regained 1
regret 1
regret 1
regret 1
replied 1
reports 1
request 1
request 1
rested 1
rested 1
result 1
rock 1
s 1
s 1
s 1
s 1
s 1
s 1
s 1
s 1
s 1
s 1
s 1
s 1
s 1
s 1
s 1
s 1
s 1
s 1
s 1
s 1
s 1
s 1
s 1
s 1
s 1
s 1
s 1
s 1
s 1
s 1
s 1
s 1
s 1
s 1
s 1
s 1
s 1
s 1
s 1
s 1
s 1
s 1
s 1
s 1
s 1
s 1
s 1
s 1
s 1
s 1
s 1
s 1
s 1
s 1
s 1
s 1
s 1
s 1
s 1
s 1
s 1
s 1
s 1
s 1
s 1
s 1
s 1
s 1
s 1
s 1
s 1
s 1
s 1
s 1
s 1
s 1
s 1
s 1
s 1
s 1
s 1
s 1
s 1
s 1
s 1
s 1
s 1
s 1
s 1
s 1
s 1
s 1
s 1
s 1
s 1
s 1
s 1
s 1
s 1
s 1
s 1
s 1
s 1
s 1
s 1
s 1
s 1
s 1
s 1
s 1
s 1
s 1
s 1
s 1
s 1
s 1
s 1
s 1
s 1
s 1
s 1
s 1
s 1
s 1
s 1
s 1
s 1
s 1
s 1
s 1
s 1
s 1
s 1
s 1
s 1
s 1
s 1
s 1
s 1
s 1
s 1
s 1
s 1
s 1
s 1
s 1
s 1
s 1
s 1
s 1
s 1
s 1
s 1
s 1
s 1
s 1
s 1
s 1
s 1
s 1
s 1
s 1
s 1
s 1
s 1
s 1
s 1
s 1
s 1
s 1
s 1
s 1
s 1
s 1
s 1
s 1
s 1
s 1
s 1
s 1
s 1
s 1
s 1
s 1
s 1
s 1
s 1
s 1
s 1
s 1
s 1
s 1
s 1
s 1
s 1
s 1
s 1
s 1
s 1
s 1
said 1
said 1
said 1
said 1
said 1
said 1
said 1
said 1
said 1
said 1
said 1
said 1
said 1
said 1
said 1
said 1
said 1
said 1
said 1
said 1
said 1
said 1
said 1
said 1
said 1
said 1
said 1
said 1
said 1
said 1
said 1
said 1
said 1
said 1
said 1
said 1
said 1
said 1
said 1
said 1
said 1
said 1
said 1
said 1
said 1
said 1
said 1
said 1
said 1
said 1
said 1
save 1
save 1
save 1
save 1
saw 1
saw 1
saw 1
saw 1
saw 1
saw 1
saw 1
saw 1
saw 1
saw 1
saw 1
saw 1
scraping 1
seemed 1
seemed 1
seemed 1
seemed 1
seemed 1
seemed 1
seemed 1
seemed 1
seemed 1
seemed 1
seemed 1
seemed 1
seemed 1
seemed 1
seemed 1
seemed 1
seemed 1
seemed 1
seemed 1
seemed 1
seemed 1
seemed 1
seemed 1
seemed 1
seemed 1
seemed 1
seen 1
seen 1
seen 1
seen 1
seen 1
seen 1
seen 1
seen 1
seen 1
seen 1
seen 1
seen 1
seen 1
separated 1
shared 1
shiny 1
shone 1
shout 1
sideways 1
sighing 1
size 1
size 1
small 1
small 1
small 1
small 1
small 1
small 1
solicit 1
solicit 1
solid 1
sorted 1
sound 1
sound 1
sound 1
sound 1
sound 1
sound 1
sound 1
special 1
spots 1
spring 1
startlement 1
stillness 1
stretch 1
stretch 1
stretch 1
strikes 1
stubborn 1
stubborn 1
suffering 1
suggested 1
suppress 1
sure 1
sure 1
sure 1
sure 1
sure 1
sure 1
sweetly 1
sword 1
tall 1
terrible 1
terribly 1
that 1
that 1
that 1
that 1
that 1
that 1
that 1
that 1
that 1
that 1
that 1
that 1
that 1
that 1
that 1
that 1
that 1
that 1
that 1
that 1
that 1
that 1
that 1
that 1
that 1
that 1
that 1
that 1
that 1
that 1
that 1
that 1
that 1
that 1
that 1
that 1
that 1
that 1
that 1
that 1
that 1
that 1
that 1
that 1
that 1
that 1
that 1
that 1
that 1
that 1
that 1
that 1
that 1
that 1
that 1
that 1
that 1
that 1
that 1
that 1
that 1
that 1
that 1
that 1
that 1
that 1
that 1
that 1
that 1
that 1
that 1
that 1
that 1
that 1
that 1
that 1
that 1
that 1
that 1
that 1
that 1
that 1
that 1
that 1
that 1
that 1
that 1
that 1
that 1
that 1
that 1
that 1
that 1
that 1
that 1
that 1
that 1
that 1
that 1
that 1
that 1
that 1
that 1
that 1
that 1
that 1
that 1
that 1
that 1
that 1
that 1
that 1
that 1
that 1
that 1
that 1
that 1
that 1
that 1
that 1
that 1
that 1
that 1
that 1
that 1
that 1
that 1
that 1
that 1
that 1
that 1
that 1
that 1
that 1
that 1
that 1
that 1
that 1
that 1
that 1
that 1
that 1
that 1
that 1
that 1
that 1
that 1
that 1
that 1
that 1
that 1
that 1
that 1
that 1
that 1
that 1
that 1
that 1
that 1
that 1
that 1
that 1
that 1
that 1
that 1
that 1
that 1
that 1
that 1
that 1
that 1
that 1
that 1
that 1
that 1
that 1
that 1
that 1
that 1
that 1
that 1
that 1
that 1
that 1
that 1
that 1
that 1
that 1
that 1
that 1
that 1
that 1
that 1
that 1
that 1
that 1
that 1
that 1
that 1
that 1
that 1
that 1
that 1
that 1
that 1
that 1
that 1
that 1
that 1
that 1
that 1
that 1
that 1
that 1
that 1
that 1
that 1
that 1
that 1
that 1
that 1
that 1
that 1
that 1
that 1
that 1
that 1
that 1
that 1
that 1
that 1
that 1
that 1
that 1
that 1
that 1
that 1
that 1
that 1
that 1
that 1
that 1
that 1
that 1
that 1
that 1
that 1
that 1
that 1
that 1
that 1
that 1
that 1
that 1
that 1
that 1
that 1
that 1
that 1
that 1
that 1
that 1
that 1
that 1
that 1
that 1
that 1
that 1
that 1
that 1
that 1
that 1
that 1
that 1
that 1
that 1
that 1
that 1
that 1
that 1
that 1
that 1
that 1
that 1
that 1
that 1
that 1
that 1
that 1
that 1
that 1
that 1
that 1
that 1
that 1
that 1
that 1
that 1
that 1
that 1
that 1
that 1
that 1
that 1
that 1
that 1
that 1
that 1
that 1
that 1
that 1
that 1
that 1
that 1
that 1
that 1
that 1
that 1
that 1
that 1
that 1
that 1
that 1
that 1
that 1
that 1
that 1
that 1
that 1
that 1
that 1
that 1
that 1
that 1
that 1
that 1
that 1
that 1
that 1
that 1
that 1
that 1
that 1
these 1
these 1
these 1
these 1
these 1
these 1
these 1
these 1
these 1
these 1
these 1
these 1
these 1
these 1
these 1
thick 1
thought 1
thought 1
thought 1
thought 1
thought 1
thought 1
thought 1
thought 1
thought 1
thought 1
thought 1
thought 1
thought 1
thought 1
thought 1
thought 1
thought 1
thought 1
thought 1
thought 1
thought 1
thought 1
thought 1
thought 1
thought 1
thought 1
thought 1
thought 1
thought 1
thought 1
thought 1
thought 1
thoughtfully 1
ticking 1
tightly 1
tightly 1
till 1
took 1
took 1
took 1
took 1
took 1
took 1
took 1
took 1
took 1
took 1
took 1
took 1
took 1
took 1
took 1
took 1
took 1
took 1
tower 1
transferring 1
transformed 1
turn 1
turn 1
turn 1
turn 1
turn 1
turn 1
turn 1
turn 1
turn 1
turn 1
unable 1
unable 1
unable 1
unable 1
unable 1
unable 1
uncomfortable 1
uneasy 1
uneasy 1
uneasy 1
unfolded 1
unfolded 1
unhappy 1
unlink 1
unpleasant 1
unpleasant 1
upset 1
upset 1
upset 1
urge 1
urge 1
urge 1
urge 1
urge 1
various 1
various 1
various 1
vigorously 1
vigorously 1
violin 1
violin 1
violin 1
violin 1
violin 1
violin 1
violin 1
violin 1
violin 1
violin 1
violin 1
violin 1
volunteers 1
volunteers 1
volunteers 1
volunteers 1
volunteers 1
wants 1
wants 1
wants 1
warm 1
warm 1
warm 1
warnings 1
warnings 1
whole 1
whole 1
whole 1
whole 1
whole 1
whole 1
whole 1
whole 1
whole 1
whole 1
whole 1
whole 1
whole 1
whole 1
whole 1
whole 1
whole 1
whole 1
wink 1
wishing 1
work 1
work 1
work 1
work 1
work 1
work 1
work 1
work 1
work 1
work 1
work 1
work 1
work 1
work 1
work 1
work 1
work 1
work 1
work 1
work 1
work 1
work 1
work 1
work 1
work 1
work 1
work 1
work 1
work 1
work 1
work 1
work 1
work 1
work 1
work 1
work 1
work 1
work 1
work 1
work 1
work 1
work 1
work 1
work 1
work 1
work 1
work 1
work 1
work 1
work 1
work 1
work 1
work 1
work 1
work 1
work 1
work 1
work 1
work 1
work 1
work 1
work 1
work 1
work 1
work 1
work 1
work 1
work 1
work 1
work 1
work 1
work 1
work 1
work 1
working 1
working 1
working 1
working 1
worries 1
worries 1
wracked 1
wrapped 1
wrong 1
wrong 1
wrong 1
wrong 1
wrong 1
wrong 1
yes 1
yes 1
yes 1
