AGREE 1
AGREE 1
ANY 1
ANY 1
ANY 1
Accursed 1
America 1
America 1
America 1
Amidst 1
Archive 1
Archive 1
Archive 1
Archive 1
Archive 1
Archive 1
Archive 1
Archive 1
Archive 1
Archive 1
Archive 1
Archive 1
Archive 1
Armada 1
Beaufort 1
Beaufort 1
Beaufort 1
Beaufort 1
Beaufort 1
Beaufort 1
Beaufort 1
Believe 1
Between 1
Cenis 1
Cursed 1
Cursed 1
Cursed 1
Cursed 1
D 1
D 1
Date 1
Death 1
Delighted 1
Depart 1
Dr 1
Dr 1
EVEN 1
EXPRESS 1
English 1
English 1
English 1
English 1
English 1
English 1
English 1
English 1
English 1
Enter 1
Enter 1
Everywhere 1
Everywhere 1
Exhaustion 1
FITNESS 1
Felix 1
Felix 1
Felix 1
Felix 1
Felix 1
Felix 1
Felix 1
Felix 1
Felix 1
Felix 1
Felix 1
Felix 1
Felix 1
Felix 1
Felix 1
Felix 1
Felix 1
Felix 1
Felix 1
Felix 1
Felix 1
Felix 1
Felix 1
Felix 1
Felix 1
Felix 1
Felix 1
Felix 1
Felix 1
Felix 1
Felix 1
Felix 1
Felix 1
Felix 1
Felix 1
Felix 1
Felix 1
Felix 1
Felix 1
Felix 1
Felix 1
Felix 1
Felix 1
Felix 1
Felix 1
Felix 1
Felix 1
Felix 1
Felix 1
Felix 1
Forgive 1
From 1
From 1
From 1
From 1
From 1
From 1
From 1
From 1
From 1
From 1
From 1
From 1
Genevan 1
Genevese 1
German 1
Goring 1
Greenland 1
Haines 1
Haines 1
Happy 1
Immediately 1
Induced 1
June 1
June 1
Kirwin 1
Kirwin 1
Kirwin 1
Kirwin 1
Kirwin 1
Kirwin 1
Kirwin 1
Kirwin 1
Kirwin 1
Kirwin 1
Kirwin 1
Kirwin 1
Kirwin 1
Last 1
Last 1
Live 1
Lucerne 1
Lucerne 1
MY 1
Maybe 1
Meanwhile 1
Miss 1
Mission 1
Montanvert 1
Montanvert 1
NIGHT 1
NIGHT 1
NIGHT 1
NIGHT 1
Ocean 1
Often 1
Often 1
Often 1
Often 1
Orkney 1
Our 1
Our 1
Our 1
Our 1
Our 1
Our 1
Our 1
Our 1
Over 1
Peace 1
Peace 1
Plain 1
Plain 1
Prometheus 1
Prometheus 1
REMEDIES 1
Reserve 1
Return 1
Reuss 1
Rotterdam 1
Rotterdam 1
Round 1
Saleve 1
Saleve 1
Saleve 1
Saleve 1
Scotland 1
Scotland 1
Scotland 1
Scotland 1
Scotland 1
Sister 1
Sister 1
Six 1
Six 1
Six 1
Something 1
Spanish 1
Strange 1
Sweet 1
Think 1
Think 1
This 1
This 1
This 1
This 1
This 1
This 1
This 1
This 1
This 1
This 1
This 1
This 1
This 1
This 1
This 1
This 1
This 1
This 1
This 1
This 1
This 1
This 1
This 1
This 1
This 1
This 1
This 1
This 1
This 1
This 1
This 1
This 1
This 1
This 1
This 1
This 1
This 1
This 1
This 1
This 1
This 1
This 1
This 1
This 1
This 1
This 1
This 1
This 1
This 1
This 1
This 1
This 1
This 1
This 1
This 1
This 1
This 1
This 1
This 1
This 1
This 1
This 1
This 1
This 1
This 1
This 1
This 1
This 1
This 1
This 1
This 1
This 1
This 1
This 1
This 1
This 1
This 1
This 1
This 1
This 1
This 1
Thomas 1
Thomas 1
Tintern 1
Twice 1
Under 1
WARRANTIES 1
WARRANTIES 1
We 1
We 1
We 1
We 1
We 1
We 1
We 1
We 1
We 1
We 1
We 1
We 1
We 1
We 1
We 1
We 1
We 1
We 1
We 1
We 1
We 1
We 1
We 1
We 1
We 1
We 1
We 1
We 1
We 1
We 1
We 1
We 1
We 1
We 1
We 1
We 1
We 1
We 1
We 1
We 1
We 1
We 1
We 1
We 1
We 1
We 1
We 1
We 1
We 1
We 1
We 1
We 1
We 1
We 1
We 1
We 1
We 1
We 1
Web 1
Web 1
Web 1
Welcome 1
When 1
When 1
When 1
When 1
When 1
When 1
When 1
When 1
When 1
When 1
When 1
When 1
When 1
When 1
When 1
When 1
When 1
When 1
When 1
When 1
When 1
When 1
When 1
When 1
When 1
When 1
When 1
When 1
When 1
When 1
When 1
When 1
When 1
When 1
When 1
When 1
When 1
When 1
When 1
When 1
When 1
When 1
When 1
When 1
When 1
When 1
When 1
When 1
When 1
When 1
When 1
When 1
When 1
When 1
When 1
Ye 1
abandoned 1
abandoned 1
abandoned 1
able 1
able 1
able 1
able 1
able 1
able 1
able 1
able 1
able 1
abortive 1
abyss 1
accent 1
accent 1
accent 1
accent 1
access 1
access 1
access 1
access 1
access 1
access 1
access 1
access 1
access 1
access 1
access 1
access 1
accessible 1
accounted 1
accused 1
accused 1
accused 1
accused 1
accused 1
accused 1
accused 1
acknowledged 1
acquirement 1
acquirement 1
acquitted 1
acquitted 1
act 1
act 1
act 1
act 1
act 1
act 1
act 1
act 1
act 1
act 1
act 1
acting 1
addition 1
admire 1
admire 1
admire 1
admire 1
admired 1
admired 1
admired 1
adventure 1
advice 1
advice 1
affections 1
affections 1
affections 1
affections 1
affections 1
affections 1
affections 1
affections 1
afford 1
afford 1
afford 1
afford 1
afford 1
afford 1
afford 1
afford 1
afford 1
afford 1
afternoon 1
afternoon 1
again 1
again 1
again 1
again 1
again 1
again 1
again 1
again 1
again 1
again 1
again 1
again 1
again 1
again 1
again 1
again 1
again 1
again 1
again 1
again 1
again 1
again 1
again 1
again 1
again 1
again 1
again 1
again 1
again 1
again 1
again 1
again 1
again 1
again 1
again 1
again 1
again 1
again 1
again 1
again 1
again 1
again 1
again 1
again 1
again 1
again 1
again 1
again 1
again 1
again 1
again 1
again 1
again 1
again 1
again 1
again 1
again 1
again 1
again 1
again 1
again 1
again 1
again 1
again 1
again 1
again 1
again 1
again 1
again 1
again 1
again 1
again 1
again 1
again 1
again 1
again 1
again 1
again 1
again 1
agile 1
agonies 1
agonies 1
agonies 1
agonies 1
allurements 1
alluring 1
alternate 1
alternate 1
among 1
among 1
among 1
among 1
among 1
among 1
among 1
among 1
among 1
among 1
among 1
among 1
among 1
among 1
among 1
among 1
among 1
among 1
among 1
among 1
among 1
among 1
among 1
among 1
among 1
among 1
among 1
among 1
among 1
among 1
among 1
among 1
among 1
among 1
among 1
among 1
among 1
among 1
among 1
among 1
among 1
among 1
among 1
among 1
among 1
among 1
among 1
among 1
among 1
animation 1
animation 1
animation 1
animation 1
animation 1
animation 1
animation 1
annoyed 1
any 1
any 1
any 1
any 1
any 1
any 1
any 1
any 1
any 1
any 1
any 1
any 1
any 1
any 1
any 1
any 1
any 1
any 1
any 1
any 1
any 1
any 1
any 1
any 1
any 1
any 1
any 1
any 1
any 1
any 1
any 1
any 1
any 1
any 1
any 1
any 1
any 1
any 1
any 1
any 1
any 1
any 1
any 1
any 1
any 1
any 1
any 1
any 1
any 1
any 1
any 1
any 1
any 1
any 1
any 1
any 1
any 1
any 1
any 1
any 1
any 1
any 1
any 1
any 1
any 1
any 1
any 1
any 1
any 1
any 1
any 1
any 1
any 1
any 1
any 1
any 1
any 1
any 1
any 1
any 1
any 1
any 1
any 1
any 1
any 1
any 1
any 1
any 1
any 1
any 1
any 1
any 1
any 1
any 1
any 1
any 1
any 1
any 1
any 1
any 1
any 1
any 1
any 1
any 1
any 1
any 1
any 1
any 1
any 1
any 1
any 1
any 1
any 1
any 1
any 1
any 1
any 1
apparently 1
apparently 1
apparently 1
apparently 1
apparently 1
apparently 1
apparently 1
apparently 1
apparently 1
apparently 1
apple 1
apply 1
apply 1
apply 1
apply 1
apply 1
apply 1
apply 1
apply 1
appreciate 1
ardent 1
ardent 1
ardent 1
ardent 1
ardent 1
ardent 1
ardent 1
ardent 1
ardent 1
ardent 1
arise 1
arise 1
arise 1
arise 1
arise 1
arise 1
arm 1
arm 1
arm 1
arm 1
arm 1
arm 1
articulate 1
articulate 1
arts 1
arts 1
aside 1
aside 1
aside 1
aside 1
asks 1
aspire 1
assemblance 1
assurances 1
assuredly 1
assuredly 1
assuredly 1
assuredly 1
astonished 1
astonished 1
astonished 1
attend 1
attend 1
attend 1
attend 1
attend 1
attend 1
attractions 1
attracts 1
aunt 1
aunt 1
aunt 1
aunt 1
aunt 1
aunt 1
aunt 1
aunt 1
aunt 1
avidity 1
avowed 1
awaking 1
babe 1
baffled 1
baffled 1
bared 1
basest 1
bathed 1
beauties 1
beauties 1
beauties 1
beg 1
beg 1
begged 1
behold 1
behold 1
behold 1
behold 1
behold 1
behold 1
behold 1
behold 1
behold 1
behold 1
behold 1
behold 1
benevolence 1
benevolence 1
benevolence 1
benevolence 1
benevolence 1
benevolence 1
benevolence 1
besieged 1
best 1
best 1
best 1
best 1
best 1
best 1
best 1
best 1
best 1
best 1
best 1
best 1
betook 1
between 1
between 1
between 1
between 1
between 1
between 1
between 1
between 1
between 1
between 1
between 1
between 1
between 1
between 1
between 1
between 1
between 1
between 1
between 1
beware 1
blast 1
blast 1
blast 1
blast 1
blast 1
blood 1
blood 1
blood 1
blood 1
blood 1
blood 1
blood 1
blood 1
blood 1
blood 1
blood 1
blood 1
blood 1
blood 1
blood 1
blood 1
blood 1
blood 1
blood 1
blotted 1
bondage 1
books 1
books 1
books 1
books 1
books 1
books 1
books 1
books 1
books 1
books 1
books 1
books 1
brambles 1
brandy 1
brethren 1
bride 1
brooding 1
burned 1
burned 1
burned 1
calamities 1
calamity 1
calling 1
calling 1
calmed 1
calmed 1
calmed 1
calmed 1
calmly 1
came 1
came 1
came 1
came 1
came 1
came 1
came 1
came 1
came 1
came 1
came 1
came 1
came 1
came 1
came 1
came 1
came 1
came 1
came 1
came 1
came 1
came 1
came 1
came 1
came 1
came 1
came 1
came 1
came 1
came 1
came 1
came 1
came 1
came 1
came 1
came 1
came 1
came 1
came 1
came 1
came 1
came 1
canopy 1
capitulated 1
captive 1
careless 1
carpeted 1
case 1
case 1
case 1
case 1
case 1
case 1
case 1
case 1
case 1
chains 1
chains 1
chains 1
changeable 1
cherish 1
choicest 1
chosen 1
chosen 1
chosen 1
chosen 1
chosen 1
chosen 1
circle 1
circle 1
claim 1
claim 1
claim 1
claim 1
claim 1
claim 1
claim 1
claim 1
claim 1
clasped 1
cleared 1
cleared 1
cleared 1
clearly 1
clearly 1
clearly 1
closed 1
closed 1
closed 1
closed 1
closed 1
closed 1
closed 1
closer 1
closer 1
closer 1
collect 1
collect 1
collect 1
collect 1
collection 1
collection 1
collection 1
collection 1
complexity 1
concern 1
conductors 1
confessed 1
confessed 1
confessed 1
confessed 1
confessed 1
confessed 1
confessor 1
confessor 1
confided 1
confined 1
confined 1
confined 1
confined 1
confined 1
confined 1
confined 1
confirm 1
confirm 1
confusion 1
confusion 1
confusion 1
conjectured 1
conjectured 1
conjectured 1
conjectured 1
conjectured 1
conjectured 1
conjectured 1
consideration 1
consideration 1
consideration 1
consideration 1
consideration 1
constant 1
constant 1
constant 1
constant 1
constant 1
constant 1
constructed 1
constructed 1
constructed 1
consume 1
consume 1
consume 1
contain 1
contain 1
contain 1
continuing 1
contortions 1
contrast 1
contrast 1
contrast 1
contrast 1
contrast 1
contrived 1
contrived 1
contrived 1
convey 1
convey 1
convey 1
convey 1
convey 1
convey 1
convey 1
coolness 1
copied 1
copied 1
cot 1
cottagers 1
cottagers 1
cottagers 1
cottagers 1
cottagers 1
cottagers 1
cottagers 1
cottagers 1
cottagers 1
cottagers 1
cottagers 1
cottagers 1
cottagers 1
cottagers 1
cottagers 1
cottagers 1
cottagers 1
cottagers 1
cottagers 1
cottagers 1
cottagers 1
cottagers 1
cottagers 1
countenances 1
countenances 1
countenances 1
countenances 1
countenances 1
countenances 1
countenances 1
countenances 1
countenances 1
countless 1
country 1
country 1
country 1
country 1
country 1
country 1
country 1
country 1
country 1
country 1
country 1
country 1
country 1
country 1
country 1
country 1
country 1
country 1
country 1
country 1
country 1
country 1
country 1
country 1
country 1
country 1
country 1
country 1
country 1
country 1
country 1
country 1
country 1
country 1
country 1
country 1
country 1
country 1
country 1
country 1
country 1
country 1
country 1
country 1
country 1
country 1
country 1
country 1
country 1
country 1
country 1
country 1
country 1
country 1
country 1
country 1
covers 1
coveted 1
cows 1
create 1
create 1
create 1
create 1
create 1
create 1
create 1
create 1
create 1
creations 1
creations 1
credited 1
cries 1
cries 1
crossing 1
cruelty 1
cultivating 1
curse 1
curse 1
curse 1
curse 1
curse 1
curse 1
curse 1
curse 1
curse 1
dagger 1
damp 1
damp 1
damp 1
dark 1
dark 1
dark 1
dark 1
dark 1
dark 1
dark 1
dark 1
dark 1
dark 1
dark 1
dark 1
dark 1
dark 1
dark 1
dark 1
dark 1
dark 1
dark 1
dark 1
dark 1
dark 1
dark 1
dark 1
dark 1
dark 1
dark 1
dark 1
darkened 1
darkened 1
darkened 1
darted 1
darted 1
darted 1
darted 1
darted 1
date 1
date 1
date 1
date 1
date 1
dealing 1
death 1
death 1
death 1
death 1
death 1
death 1
death 1
death 1
death 1
death 1
death 1
death 1
death 1
death 1
death 1
death 1
death 1
death 1
death 1
death 1
death 1
death 1
death 1
death 1
death 1
death 1
death 1
death 1
death 1
death 1
death 1
death 1
death 1
death 1
death 1
death 1
death 1
death 1
death 1
death 1
death 1
death 1
death 1
death 1
death 1
death 1
death 1
death 1
death 1
death 1
death 1
death 1
death 1
death 1
death 1
death 1
death 1
death 1
death 1
death 1
death 1
death 1
death 1
death 1
death 1
death 1
death 1
death 1
death 1
death 1
death 1
death 1
death 1
death 1
death 1
death 1
death 1
death 1
debts 1
deceit 1
deceit 1
deceit 1
decipher 1
declared 1
declared 1
declared 1
decreed 1
deer 1
deer 1
degradation 1
degradation 1
degradation 1
delighted 1
delighted 1
delighted 1
delighted 1
delighted 1
delighted 1
delighted 1
deliverer 1
deliverer 1
deliverer 1
deliverer 1
deliverer 1
demonstrate 1
deposed 1
deposed 1
depositing 1
descent 1
descent 1
descent 1
descent 1
description 1
description 1
deserted 1
deserted 1
deserted 1
deserted 1
deserved 1
desirous 1
desirous 1
desirous 1
desperately 1
destruction 1
destruction 1
destruction 1
destruction 1
destruction 1
destruction 1
destruction 1
destruction 1
destruction 1
destruction 1
destruction 1
destruction 1
destruction 1
destruction 1
destruction 1
destruction 1
destruction 1
destruction 1
destruction 1
destruction 1
destruction 1
determining 1
devil 1
devil 1
devil 1
devil 1
devil 1
devil 1
devil 1
devil 1
devotion 1
devotion 1
devotion 1
devoured 1
dew 1
diabolical 1
differing 1
difficult 1
difficult 1
dimmed 1
dimmed 1
directed 1
directed 1
directed 1
directed 1
directed 1
directed 1
directed 1
directed 1
directed 1
directed 1
directed 1
directed 1
directed 1
disclaim 1
disgrace 1
disgrace 1
disgusted 1
dispelled 1
display 1
dissipated 1
distinguished 1
distinguished 1
distinguished 1
distinguished 1
distinguished 1
distinguished 1
distinguished 1
distinguished 1
distinguished 1
domain 1
domain 1
domain 1
domain 1
domain 1
domain 1
domain 1
done 1
done 1
done 1
done 1
done 1
done 1
done 1
done 1
done 1
doomed 1
doomed 1
doomed 1
doomed 1
doomed 1
doomed 1
door 1
door 1
door 1
door 1
door 1
door 1
door 1
door 1
door 1
door 1
door 1
door 1
door 1
door 1
door 1
door 1
door 1
door 1
door 1
door 1
door 1
door 1
door 1
door 1
doted 1
doted 1
down 1
down 1
down 1
down 1
down 1
down 1
down 1
down 1
down 1
down 1
down 1
down 1
down 1
down 1
down 1
down 1
down 1
down 1
down 1
down 1
down 1
down 1
down 1
down 1
down 1
down 1
down 1
down 1
down 1
down 1
down 1
down 1
down 1
down 1
downstairs 1
dozen 1
dozen 1
dragged 1
dragged 1
draw 1
draw 1
draw 1
draw 1
draw 1
draw 1
draw 1
drifted 1
drops 1
drops 1
drops 1
drops 1
drops 1
drunk 1
drunk 1
dwelt 1
dwelt 1
eagle 1
eagle 1
earlier 1
earlier 1
earlier 1
earnest 1
earnest 1
earnest 1
eastern 1
eastern 1
easy 1
eat 1
eat 1
eat 1
eat 1
education 1
education 1
education 1
education 1
education 1
education 1
element 1
element 1
element 1
elevate 1
email 1
email 1
emblem 1
encountered 1
energies 1
engaging 1
engaging 1
enkindled 1
enslave 1
ensure 1
ensure 1
entering 1
entering 1
entering 1
entering 1
entering 1
entering 1
enticed 1
entranced 1
entreated 1
entreated 1
entreated 1
entreated 1
entreated 1
entreated 1
epithets 1
erroneous 1
examining 1
examining 1
examining 1
exasperated 1
exasperated 1
exclamations 1
exclamations 1
excluded 1
excluded 1
execution 1
execution 1
execution 1
execution 1
execution 1
execution 1
execution 1
execution 1
exhortations 1
exhortations 1
existed 1
existence 1
existence 1
existence 1
existence 1
existence 1
existence 1
existence 1
existence 1
existence 1
existence 1
existence 1
existence 1
existence 1
existence 1
existence 1
existence 1
existence 1
existence 1
existence 1
existence 1
existence 1
existence 1
existence 1
existence 1
existence 1
existence 1
existence 1
existence 1
existence 1
existence 1
existence 1
expanse 1
expanse 1
express 1
express 1
express 1
express 1
express 1
express 1
express 1
express 1
express 1
extent 1
extent 1
extent 1
extent 1
extent 1
extinguish 1
extinguish 1
extinguish 1
extinguish 1
extinguish 1
extinguish 1
extinguish 1
eyes 1
eyes 1
eyes 1
eyes 1
eyes 1
eyes 1
eyes 1
eyes 1
eyes 1
eyes 1
eyes 1
eyes 1
eyes 1
eyes 1
eyes 1
eyes 1
eyes 1
eyes 1
eyes 1
eyes 1
eyes 1
eyes 1
eyes 1
eyes 1
eyes 1
eyes 1
eyes 1
eyes 1
eyes 1
eyes 1
eyes 1
eyes 1
eyes 1
eyes 1
eyes 1
eyes 1
eyes 1
eyes 1
eyes 1
eyes 1
eyes 1
eyes 1
eyes 1
eyes 1
eyes 1
eyes 1
eyes 1
eyes 1
eyes 1
eyes 1
eyes 1
eyes 1
eyes 1
eyes 1
eyes 1
eyes 1
eyes 1
eyes 1
eyes 1
eyes 1
eyes 1
eyes 1
eyes 1
eyes 1
eyes 1
eyes 1
eyes 1
eyes 1
eyes 1
eyes 1
eyes 1
eyes 1
eyes 1
eyes 1
eyes 1
eyes 1
eyes 1
eyes 1
eyes 1
eyes 1
eyes 1
eyes 1
eyes 1
eyes 1
eyes 1
eyes 1
eyes 1
eyes 1
eyes 1
eyes 1
eyes 1
eyes 1
eyes 1
eyes 1
eyes 1
eyes 1
eyes 1
eyes 1
eyes 1
eyes 1
eyes 1
eyes 1
eyes 1
eyes 1
faculties 1
faculty 1
fail 1
fail 1
fail 1
fail 1
fail 1
fail 1
fail 1
fair 1
fair 1
fair 1
fair 1
fair 1
fair 1
fair 1
fair 1
fair 1
fair 1
fair 1
fair 1
falsely 1
farewell 1
farewell 1
farewell 1
farm 1
fast 1
fast 1
fast 1
fast 1
fatal 1
fatal 1
fatal 1
fatal 1
fatal 1
fatal 1
fatal 1
fatal 1
fatality 1
fatality 1
fate 1
fate 1
fate 1
fate 1
fate 1
fate 1
fate 1
fate 1
fate 1
fate 1
fate 1
fate 1
fate 1
fate 1
fate 1
fate 1
fate 1
fate 1
fated 1
father 1
father 1
father 1
father 1
father 1
father 1
father 1
father 1
father 1
father 1
father 1
father 1
father 1
father 1
father 1
father 1
father 1
father 1
father 1
father 1
father 1
father 1
father 1
father 1
father 1
father 1
father 1
father 1
father 1
father 1
father 1
father 1
father 1
father 1
father 1
father 1
father 1
father 1
father 1
father 1
father 1
father 1
father 1
father 1
father 1
father 1
father 1
father 1
father 1
father 1
father 1
father 1
father 1
father 1
father 1
father 1
father 1
father 1
father 1
father 1
father 1
father 1
father 1
father 1
father 1
father 1
father 1
father 1
father 1
father 1
father 1
father 1
father 1
father 1
father 1
father 1
father 1
father 1
father 1
father 1
father 1
father 1
father 1
father 1
father 1
father 1
father 1
father 1
father 1
father 1
father 1
father 1
father 1
father 1
father 1
father 1
father 1
father 1
father 1
father 1
father 1
father 1
father 1
father 1
father 1
father 1
father 1
father 1
father 1
father 1
father 1
father 1
father 1
father 1
father 1
father 1
father 1
father 1
father 1
father 1
father 1
father 1
father 1
father 1
father 1
father 1
father 1
father 1
father 1
father 1
father 1
father 1
father 1
father 1
feature 1
feature 1
feel 1
feel 1
feel 1
feel 1
feel 1
feel 1
feel 1
feel 1
feel 1
feel 1
feel 1
feel 1
feel 1
feel 1
feel 1
feel 1
feel 1
feel 1
feel 1
feel 1
feel 1
feel 1
feel 1
feel 1
feel 1
feel 1
feel 1
feel 1
feel 1
feel 1
feel 1
feel 1
feel 1
feel 1
feel 1
feel 1
feel 1
feel 1
feel 1
feel 1
feel 1
feel 1
feel 1
feel 1
feel 1
feel 1
feel 1
feel 1
feel 1
feel 1
fervent 1
fervent 1
feverish 1
feverish 1
feverish 1
feverish 1
feverish 1
filled 1
filled 1
filled 1
filled 1
filled 1
filled 1
filled 1
filled 1
filled 1
filled 1
filled 1
filled 1
filled 1
filled 1
filled 1
filled 1
filled 1
filled 1
filled 1
filled 1
filled 1
filled 1
filled 1
film 1
film 1
final 1
final 1
first 1
first 1
first 1
first 1
first 1
first 1
first 1
first 1
first 1
first 1
first 1
first 1
first 1
first 1
first 1
first 1
first 1
first 1
first 1
first 1
first 1
first 1
first 1
first 1
first 1
first 1
first 1
first 1
first 1
first 1
first 1
first 1
first 1
first 1
first 1
first 1
first 1
first 1
first 1
first 1
first 1
first 1
first 1
first 1
first 1
first 1
first 1
first 1
first 1
first 1
first 1
first 1
first 1
first 1
first 1
first 1
first 1
first 1
first 1
first 1
first 1
first 1
first 1
first 1
first 1
first 1
first 1
first 1
first 1
first 1
first 1
first 1
first 1
first 1
first 1
first 1
first 1
first 1
first 1
first 1
first 1
first 1
first 1
first 1
first 1
first 1
first 1
first 1
first 1
first 1
first 1
first 1
first 1
first 1
first 1
first 1
first 1
first 1
first 1
first 1
first 1
first 1
first 1
first 1
first 1
first 1
first 1
first 1
fishing 1
fishing 1
fishing 1
fishing 1
fishing 1
fitted 1
fitted 1
fitted 1
five 1
five 1
five 1
five 1
five 1
five 1
five 1
five 1
five 1
five 1
flannel 1
flow 1
flow 1
flow 1
flung 1
flung 1
food 1
food 1
food 1
food 1
food 1
food 1
food 1
food 1
food 1
food 1
food 1
food 1
food 1
food 1
food 1
food 1
food 1
food 1
food 1
food 1
food 1
food 1
food 1
food 1
food 1
food 1
form 1
form 1
form 1
form 1
form 1
form 1
form 1
form 1
form 1
form 1
form 1
form 1
form 1
form 1
form 1
form 1
form 1
form 1
form 1
form 1
form 1
form 1
form 1
form 1
form 1
form 1
form 1
form 1
form 1
form 1
form 1
formerly 1
formerly 1
formerly 1
formerly 1
formerly 1
fortifications 1
fosterage 1
found 1
found 1
found 1
found 1
found 1
found 1
found 1
found 1
found 1
found 1
found 1
found 1
found 1
found 1
found 1
found 1
found 1
found 1
found 1
found 1
found 1
found 1
found 1
found 1
found 1
found 1
found 1
found 1
found 1
found 1
found 1
found 1
found 1
found 1
found 1
found 1
found 1
found 1
found 1
found 1
found 1
found 1
found 1
found 1
found 1
found 1
found 1
found 1
found 1
found 1
found 1
found 1
found 1
found 1
found 1
found 1
found 1
found 1
found 1
found 1
found 1
found 1
found 1
found 1
found 1
found 1
found 1
found 1
found 1
found 1
found 1
found 1
found 1
found 1
found 1
found 1
found 1
found 1
found 1
found 1
found 1
found 1
found 1
found 1
found 1
found 1
found 1
found 1
found 1
found 1
foundations 1
foundations 1
foundations 1
four 1
four 1
four 1
four 1
fragment 1
fragment 1
frank 1
freezing 1
frequent 1
frequent 1
frequent 1
frightened 1
frightened 1
frightened 1
fulfilling 1
furiously 1
furniture 1
furniture 1
gardens 1
geography 1
geography 1
gives 1
gives 1
gives 1
gives 1
gives 1
gives 1
giving 1
giving 1
giving 1
giving 1
glorious 1
glorious 1
glorious 1
glorious 1
glorious 1
glorious 1
glut 1
glut 1
go 1
go 1
go 1
go 1
go 1
go 1
go 1
go 1
go 1
go 1
go 1
go 1
go 1
go 1
go 1
go 1
go 1
go 1
go 1
gold 1
goodness 1
goodness 1
goodness 1
goodness 1
gospel 1
grand 1
grand 1
grand 1
grand 1
griefs 1
guardians 1
habitable 1
hadst 1
halo 1
handle 1
hanging 1
hanging 1
hanging 1
hanging 1
hanging 1
hanging 1
hanging 1
happening 1
hardships 1
hardships 1
hardships 1
hardships 1
hardships 1
harm 1
has 1
has 1
has 1
has 1
has 1
has 1
has 1
has 1
has 1
has 1
has 1
has 1
has 1
has 1
has 1
has 1
has 1
has 1
has 1
has 1
has 1
has 1
has 1
has 1
has 1
has 1
has 1
has 1
has 1
has 1
has 1
has 1
has 1
has 1
has 1
has 1
has 1
has 1
has 1
has 1
has 1
has 1
has 1
has 1
has 1
has 1
has 1
has 1
has 1
has 1
has 1
has 1
has 1
has 1
has 1
has 1
has 1
has 1
has 1
has 1
has 1
has 1
has 1
has 1
has 1
hastily 1
hastily 1
hastily 1
hastily 1
hastily 1
have 1
have 1
have 1
have 1
have 1
have 1
have 1
have 1
have 1
have 1
have 1
have 1
have 1
have 1
have 1
have 1
have 1
have 1
have 1
have 1
have 1
have 1
have 1
have 1
have 1
have 1
have 1
have 1
have 1
have 1
have 1
have 1
have 1
have 1
have 1
have 1
have 1
have 1
have 1
have 1
have 1
have 1
have 1
have 1
have 1
have 1
have 1
have 1
have 1
have 1
have 1
have 1
have 1
have 1
have 1
have 1
have 1
have 1
have 1
have 1
have 1
have 1
have 1
have 1
have 1
have 1
have 1
have 1
have 1
have 1
have 1
have 1
have 1
have 1
have 1
have 1
have 1
have 1
have 1
have 1
have 1
have 1
have 1
have 1
have 1
have 1
have 1
have 1
have 1
have 1
have 1
have 1
have 1
have 1
have 1
have 1
have 1
have 1
have 1
have 1
have 1
have 1
have 1
have 1
have 1
have 1
have 1
have 1
have 1
have 1
have 1
have 1
have 1
have 1
have 1
have 1
have 1
have 1
have 1
have 1
have 1
have 1
have 1
have 1
have 1
have 1
have 1
have 1
have 1
have 1
have 1
have 1
have 1
have 1
have 1
have 1
have 1
have 1
have 1
have 1
have 1
have 1
have 1
have 1
have 1
have 1
have 1
have 1
have 1
have 1
have 1
have 1
have 1
have 1
have 1
have 1
have 1
have 1
have 1
have 1
have 1
have 1
have 1
have 1
have 1
have 1
have 1
have 1
have 1
have 1
have 1
have 1
have 1
have 1
have 1
have 1
have 1
have 1
have 1
have 1
have 1
have 1
have 1
have 1
have 1
have 1
have 1
have 1
have 1
have 1
have 1
have 1
have 1
have 1
have 1
have 1
have 1
have 1
have 1
have 1
have 1
have 1
have 1
have 1
have 1
have 1
have 1
have 1
have 1
have 1
have 1
have 1
have 1
have 1
have 1
have 1
have 1
have 1
have 1
have 1
have 1
have 1
have 1
have 1
have 1
have 1
have 1
have 1
have 1
have 1
have 1
have 1
have 1
have 1
have 1
have 1
have 1
have 1
have 1
have 1
have 1
have 1
have 1
have 1
have 1
have 1
have 1
have 1
have 1
have 1
have 1
have 1
have 1
have 1
have 1
have 1
have 1
have 1
have 1
have 1
have 1
have 1
have 1
have 1
have 1
have 1
have 1
have 1
have 1
have 1
have 1
have 1
have 1
have 1
have 1
have 1
have 1
have 1
have 1
have 1
have 1
have 1
have 1
have 1
have 1
have 1
have 1
have 1
have 1
have 1
have 1
have 1
have 1
have 1
have 1
have 1
have 1
have 1
have 1
have 1
have 1
have 1
have 1
have 1
have 1
have 1
have 1
have 1
have 1
have 1
have 1
have 1
have 1
have 1
have 1
have 1
have 1
have 1
have 1
have 1
have 1
have 1
have 1
have 1
have 1
have 1
have 1
have 1
have 1
have 1
have 1
have 1
have 1
have 1
have 1
have 1
have 1
have 1
have 1
have 1
have 1
have 1
have 1
have 1
have 1
have 1
have 1
have 1
have 1
have 1
have 1
have 1
have 1
have 1
have 1
have 1
have 1
have 1
have 1
have 1
have 1
have 1
hay 1
heal 1
heard 1
heard 1
heard 1
heard 1
heard 1
heard 1
heard 1
heard 1
heard 1
heard 1
heard 1
heard 1
heard 1
heard 1
heard 1
heard 1
heard 1
heard 1
heard 1
heard 1
heard 1
heard 1
heard 1
heard 1
heard 1
heard 1
heard 1
heard 1
heard 1
heard 1
heard 1
heard 1
heard 1
heard 1
heard 1
heard 1
heard 1
heard 1
heard 1
heard 1
heard 1
heard 1
heard 1
heard 1
heard 1
heard 1
heard 1
heard 1
heard 1
heard 1
heard 1
heard 1
heard 1
heard 1
heard 1
heard 1
heard 1
heard 1
heard 1
heard 1
heard 1
heard 1
herds 1
hero 1
hideously 1
highest 1
highest 1
highest 1
highest 1
him 1
him 1
him 1
him 1
him 1
him 1
him 1
him 1
him 1
him 1
him 1
him 1
him 1
him 1
him 1
him 1
him 1
him 1
him 1
him 1
him 1
him 1
him 1
him 1
him 1
him 1
him 1
him 1
him 1
him 1
him 1
him 1
him 1
him 1
him 1
him 1
him 1
him 1
him 1
him 1
him 1
him 1
him 1
him 1
him 1
him 1
him 1
him 1
him 1
him 1
him 1
him 1
him 1
him 1
him 1
him 1
him 1
him 1
him 1
him 1
him 1
him 1
him 1
him 1
him 1
him 1
him 1
him 1
him 1
him 1
him 1
him 1
him 1
him 1
him 1
him 1
him 1
him 1
him 1
him 1
him 1
him 1
him 1
him 1
him 1
him 1
him 1
him 1
him 1
him 1
him 1
him 1
him 1
him 1
him 1
him 1
him 1
him 1
him 1
him 1
him 1
him 1
him 1
him 1
him 1
him 1
him 1
him 1
him 1
him 1
him 1
him 1
him 1
him 1
him 1
him 1
him 1
him 1
him 1
him 1
him 1
him 1
him 1
him 1
him 1
him 1
him 1
him 1
him 1
him 1
him 1
him 1
him 1
him 1
him 1
him 1
him 1
him 1
him 1
him 1
him 1
him 1
him 1
him 1
him 1
him 1
him 1
him 1
him 1
him 1
him 1
him 1
him 1
him 1
him 1
him 1
him 1
him 1
him 1
him 1
him 1
him 1
him 1
him 1
him 1
him 1
him 1
him 1
him 1
him 1
him 1
him 1
him 1
him 1
him 1
him 1
him 1
him 1
him 1
him 1
him 1
him 1
him 1
him 1
him 1
him 1
him 1
him 1
him 1
him 1
him 1
him 1
him 1
him 1
him 1
him 1
him 1
him 1
him 1
him 1
him 1
him 1
him 1
him 1
him 1
him 1
him 1
him 1
him 1
him 1
him 1
him 1
him 1
him 1
him 1
him 1
him 1
him 1
him 1
him 1
him 1
him 1
histories 1
histories 1
hoarser 1
holy 1
honoured 1
host 1
hundredth 1
hysterics 1
idle 1
idle 1
idle 1
illuminate 1
illuminate 1
illuminated 1
illuminated 1
images 1
images 1
images 1
images 1
imaginative 1
imagined 1
imagined 1
imagined 1
imagined 1
imagined 1
imagined 1
imagined 1
imagined 1
imagined 1
imbibed 1
imbibed 1
immediately 1
immediately 1
immediately 1
immediately 1
immediately 1
immediately 1
immersed 1
impediment 1
imposing 1
impotent 1
impotent 1
imprecate 1
imprecations 1
impulses 1
impulses 1
impulses 1
incident 1
incident 1
incident 1
incident 1
incident 1
incomplete 1
incomplete 1
incomplete 1
increase 1
increase 1
increase 1
increase 1
increase 1
indelible 1
indelible 1
indelibly 1
independence 1
ineffectual 1
ineffectual 1
ineffectual 1
ineffectual 1
infancy 1
infancy 1
infancy 1
infancy 1
infatuation 1
inhabitant 1
inhabited 1
inhabited 1
inhabited 1
inhabited 1
inhabited 1
inhabited 1
inhabited 1
inhabited 1
inherited 1
inherited 1
inhuman 1
inmate 1
innumerable 1
innumerable 1
innumerable 1
innumerable 1
innumerable 1
inroads 1
insatiable 1
insatiable 1
insolent 1
inspiriting 1
instances 1
instances 1
instants 1
instigated 1
instigated 1
instigated 1
instruction 1
instruction 1
instruction 1
insupportable 1
insupportable 1
insupportable 1
insurance 1
intellect 1
intellect 1
intellect 1
intellect 1
interchange 1
interchange 1
interference 1
interrupted 1
interrupted 1
interrupted 1
interrupted 1
interrupted 1
interrupted 1
intervened 1
intimacy 1
intimidated 1
intricacies 1
introducing 1
invigorated 1
iron 1
irritability 1
joint 1
joy 1
joy 1
joy 1
joy 1
joy 1
joy 1
joy 1
joy 1
joy 1
joy 1
joy 1
joy 1
joy 1
joy 1
joy 1
joy 1
joy 1
joy 1
joy 1
joy 1
joy 1
joy 1
joy 1
joy 1
joy 1
joy 1
joy 1
joy 1
joy 1
joy 1
joy 1
joy 1
joy 1
joy 1
joy 1
joy 1
joy 1
joy 1
joy 1
joy 1
joy 1
joy 1
justify 1
knowledge 1
knowledge 1
knowledge 1
knowledge 1
knowledge 1
knowledge 1
knowledge 1
knowledge 1
knowledge 1
knowledge 1
knowledge 1
knowledge 1
knowledge 1
knowledge 1
knowledge 1
knowledge 1
knowledge 1
knowledge 1
knowledge 1
knowledge 1
knowledge 1
knowledge 1
knowledge 1
knowledge 1
knowledge 1
knowledge 1
knowledge 1
knowledge 1
knowledge 1
knowledge 1
knowledge 1
knowledge 1
knowledge 1
laborious 1
laborious 1
laborious 1
languid 1
languid 1
lassitude 1
lawgivers 1
lead 1
lead 1
lead 1
lead 1
lead 1
lead 1
lead 1
lean 1
lean 1
leaning 1
leaning 1
leaning 1
leaning 1
leaning 1
learn 1
learn 1
learn 1
learn 1
learn 1
learn 1
learn 1
learn 1
lecture 1
lecture 1
lecture 1
lecture 1
lecture 1
legible 1
level 1
liberated 1
lids 1
light 1
light 1
light 1
light 1
light 1
light 1
light 1
light 1
light 1
light 1
light 1
light 1
light 1
light 1
light 1
light 1
light 1
light 1
light 1
light 1
light 1
light 1
light 1
light 1
light 1
light 1
light 1
light 1
light 1
light 1
light 1
light 1
light 1
light 1
light 1
light 1
light 1
light 1
light 1
light 1
light 1
limited 1
limited 1
livid 1
livid 1
livid 1
loathing 1
loathing 1
loathing 1
loathing 1
loathing 1
lofty 1
lofty 1
lofty 1
lofty 1
looks 1
looks 1
looks 1
looks 1
looks 1
looks 1
looks 1
looks 1
looks 1
loved 1
loved 1
loved 1
loved 1
loved 1
loved 1
loved 1
loved 1
loved 1
loved 1
loved 1
loved 1
loved 1
loved 1
loved 1
loved 1
loved 1
loved 1
loved 1
loved 1
loved 1
loved 1
loved 1
loved 1
loved 1
loved 1
loved 1
loved 1
loved 1
loved 1
luxuriant 1
luxuriant 1
manifold 1
mariner 1
masses 1
master 1
master 1
master 1
master 1
master 1
master 1
master 1
master 1
materially 1
materials 1
materials 1
materials 1
materials 1
materials 1
materials 1
materials 1
mathematics 1
mathematics 1
mathematics 1
meanly 1
meanwhile 1
meanwhile 1
measure 1
measure 1
measure 1
menaces 1
menaces 1
merchantman 1
mercy 1
merely 1
merely 1
merely 1
merely 1
merely 1
merely 1
methods 1
methods 1
miles 1
miles 1
miles 1
miles 1
miles 1
miles 1
mingled 1
mingled 1
mingled 1
minute 1
minute 1
minute 1
minute 1
minute 1
minute 1
minute 1
miraculous 1
miraculous 1
mischances 1
mists 1
mists 1
mists 1
misty 1
money 1
money 1
money 1
money 1
money 1
money 1
money 1
money 1
money 1
money 1
money 1
money 1
money 1
moulded 1
moulded 1
mountains 1
mountains 1
mountains 1
mountains 1
mountains 1
mountains 1
mountains 1
mountains 1
mountains 1
mountains 1
mountains 1
mountains 1
mountains 1
mountains 1
mountains 1
mountains 1
mountains 1
mountains 1
mountains 1
mountains 1
mountains 1
mountains 1
mountains 1
mountains 1
mountains 1
mountains 1
mountains 1
mountains 1
mountains 1
mountains 1
mountains 1
mountains 1
mountains 1
mountains 1
mountains 1
mountains 1
mountains 1
mournful 1
mournful 1
mournful 1
mournful 1
mournful 1
multifarious 1
mutability 1
mutable 1
mutable 1
my 1
my 1
my 1
my 1
my 1
my 1
my 1
my 1
my 1
my 1
my 1
my 1
my 1
my 1
my 1
my 1
my 1
my 1
my 1
my 1
my 1
my 1
my 1
my 1
my 1
my 1
my 1
my 1
my 1
my 1
my 1
my 1
my 1
my 1
my 1
my 1
my 1
my 1
my 1
my 1
my 1
my 1
my 1
my 1
my 1
my 1
my 1
my 1
my 1
my 1
my 1
my 1
my 1
my 1
my 1
my 1
my 1
my 1
my 1
my 1
my 1
my 1
my 1
my 1
my 1
my 1
my 1
my 1
my 1
my 1
my 1
my 1
my 1
my 1
my 1
my 1
my 1
my 1
my 1
my 1
my 1
my 1
my 1
my 1
my 1
my 1
my 1
my 1
my 1
my 1
my 1
my 1
my 1
my 1
my 1
my 1
my 1
my 1
my 1
my 1
my 1
my 1
my 1
my 1
my 1
my 1
my 1
my 1
my 1
my 1
my 1
my 1
my 1
my 1
my 1
my 1
my 1
my 1
my 1
my 1
my 1
my 1
my 1
my 1
my 1
my 1
my 1
my 1
my 1
my 1
my 1
my 1
my 1
my 1
my 1
my 1
my 1
my 1
my 1
my 1
my 1
my 1
my 1
my 1
my 1
my 1
my 1
my 1
my 1
my 1
my 1
my 1
my 1
my 1
my 1
my 1
my 1
my 1
my 1
my 1
my 1
my 1
my 1
my 1
my 1
my 1
my 1
my 1
my 1
my 1
my 1
my 1
my 1
my 1
my 1
my 1
my 1
my 1
my 1
my 1
my 1
my 1
my 1
my 1
my 1
my 1
my 1
my 1
my 1
my 1
my 1
my 1
my 1
my 1
my 1
my 1
my 1
my 1
my 1
my 1
my 1
my 1
my 1
my 1
my 1
my 1
my 1
my 1
my 1
my 1
my 1
my 1
my 1
my 1
my 1
my 1
my 1
my 1
my 1
my 1
my 1
my 1
my 1
my 1
my 1
my 1
my 1
my 1
my 1
my 1
my 1
my 1
my 1
my 1
my 1
my 1
my 1
my 1
my 1
my 1
my 1
my 1
my 1
my 1
my 1
my 1
my 1
my 1
my 1
my 1
my 1
my 1
my 1
my 1
my 1
my 1
my 1
my 1
my 1
my 1
my 1
my 1
my 1
my 1
my 1
my 1
my 1
my 1
my 1
my 1
my 1
my 1
my 1
my 1
my 1
my 1
my 1
my 1
my 1
my 1
my 1
my 1
my 1
my 1
my 1
my 1
my 1
my 1
my 1
my 1
my 1
my 1
my 1
my 1
my 1
my 1
my 1
my 1
my 1
my 1
my 1
my 1
my 1
my 1
my 1
my 1
my 1
my 1
my 1
my 1
my 1
my 1
my 1
my 1
my 1
my 1
my 1
my 1
my 1
my 1
my 1
my 1
my 1
my 1
my 1
my 1
my 1
my 1
my 1
my 1
my 1
my 1
my 1
my 1
my 1
my 1
my 1
my 1
my 1
my 1
my 1
my 1
my 1
my 1
my 1
my 1
my 1
my 1
my 1
my 1
my 1
my 1
my 1
my 1
my 1
my 1
my 1
my 1
my 1
my 1
my 1
my 1
my 1
my 1
my 1
my 1
my 1
my 1
my 1
my 1
my 1
my 1
my 1
my 1
my 1
my 1
my 1
my 1
my 1
my 1
my 1
my 1
my 1
my 1
my 1
my 1
my 1
my 1
my 1
my 1
my 1
my 1
my 1
my 1
my 1
my 1
my 1
my 1
my 1
my 1
my 1
my 1
my 1
my 1
my 1
my 1
my 1
my 1
my 1
my 1
my 1
my 1
my 1
my 1
my 1
my 1
my 1
my 1
my 1
my 1
my 1
my 1
my 1
my 1
my 1
my 1
my 1
my 1
my 1
my 1
my 1
my 1
my 1
my 1
my 1
my 1
my 1
my 1
my 1
my 1
my 1
my 1
my 1
my 1
my 1
my 1
my 1
my 1
my 1
my 1
my 1
my 1
my 1
my 1
my 1
my 1
my 1
my 1
my 1
my 1
my 1
my 1
my 1
my 1
my 1
my 1
my 1
my 1
my 1
my 1
my 1
my 1
my 1
my 1
my 1
my 1
my 1
my 1
my 1
my 1
my 1
my 1
my 1
my 1
my 1
my 1
my 1
my 1
my 1
my 1
my 1
my 1
my 1
my 1
my 1
my 1
my 1
my 1
my 1
my 1
my 1
my 1
my 1
my 1
my 1
my 1
my 1
my 1
my 1
my 1
my 1
my 1
my 1
my 1
my 1
my 1
my 1
my 1
my 1
my 1
my 1
my 1
my 1
my 1
my 1
my 1
my 1
my 1
my 1
my 1
my 1
my 1
my 1
my 1
my 1
my 1
my 1
my 1
my 1
my 1
my 1
my 1
my 1
my 1
my 1
my 1
my 1
my 1
my 1
my 1
my 1
my 1
my 1
my 1
my 1
my 1
my 1
my 1
my 1
my 1
my 1
my 1
my 1
my 1
my 1
my 1
my 1
my 1
my 1
my 1
my 1
my 1
my 1
my 1
my 1
my 1
my 1
my 1
my 1
my 1
my 1
my 1
my 1
my 1
my 1
my 1
my 1
my 1
my 1
my 1
my 1
my 1
my 1
my 1
my 1
my 1
my 1
my 1
my 1
my 1
my 1
my 1
my 1
my 1
my 1
my 1
my 1
my 1
my 1
my 1
my 1
my 1
my 1
my 1
my 1
my 1
my 1
my 1
my 1
my 1
my 1
my 1
my 1
my 1
my 1
my 1
my 1
my 1
my 1
my 1
my 1
my 1
my 1
my 1
my 1
my 1
my 1
my 1
my 1
my 1
my 1
my 1
my 1
my 1
my 1
my 1
my 1
my 1
my 1
my 1
my 1
my 1
my 1
my 1
my 1
my 1
my 1
my 1
my 1
my 1
my 1
my 1
my 1
my 1
my 1
my 1
my 1
my 1
my 1
my 1
my 1
my 1
my 1
my 1
my 1
my 1
my 1
my 1
my 1
my 1
my 1
my 1
my 1
my 1
my 1
my 1
my 1
my 1
my 1
my 1
my 1
my 1
my 1
my 1
my 1
my 1
my 1
my 1
my 1
my 1
my 1
my 1
my 1
my 1
my 1
my 1
my 1
my 1
my 1
my 1
my 1
my 1
my 1
my 1
my 1
my 1
my 1
my 1
my 1
my 1
my 1
my 1
my 1
my 1
my 1
my 1
my 1
my 1
my 1
my 1
my 1
my 1
my 1
my 1
my 1
my 1
my 1
my 1
my 1
my 1
my 1
my 1
my 1
my 1
my 1
my 1
my 1
my 1
my 1
my 1
my 1
my 1
my 1
my 1
my 1
my 1
my 1
my 1
my 1
my 1
my 1
my 1
my 1
my 1
my 1
my 1
my 1
my 1
my 1
my 1
my 1
my 1
my 1
my 1
my 1
my 1
my 1
my 1
my 1
my 1
my 1
my 1
my 1
my 1
my 1
my 1
my 1
my 1
my 1
my 1
my 1
my 1
my 1
my 1
my 1
my 1
my 1
my 1
my 1
my 1
my 1
my 1
my 1
my 1
my 1
my 1
my 1
my 1
my 1
my 1
my 1
my 1
my 1
my 1
my 1
my 1
my 1
my 1
my 1
my 1
my 1
my 1
my 1
my 1
my 1
my 1
my 1
my 1
my 1
my 1
my 1
my 1
my 1
my 1
my 1
my 1
my 1
my 1
my 1
my 1
my 1
my 1
my 1
my 1
my 1
my 1
my 1
my 1
my 1
my 1
my 1
my 1
my 1
my 1
my 1
my 1
my 1
my 1
my 1
my 1
my 1
my 1
my 1
my 1
my 1
my 1
my 1
my 1
my 1
my 1
my 1
my 1
my 1
my 1
my 1
my 1
my 1
my 1
my 1
my 1
my 1
my 1
my 1
my 1
my 1
my 1
my 1
my 1
my 1
my 1
my 1
my 1
my 1
my 1
my 1
my 1
my 1
my 1
my 1
my 1
my 1
my 1
my 1
my 1
my 1
my 1
my 1
my 1
my 1
my 1
my 1
my 1
my 1
my 1
my 1
my 1
my 1
my 1
my 1
my 1
my 1
my 1
my 1
my 1
my 1
my 1
my 1
my 1
my 1
my 1
my 1
my 1
my 1
my 1
my 1
my 1
my 1
my 1
my 1
my 1
my 1
my 1
my 1
my 1
my 1
my 1
my 1
my 1
my 1
my 1
my 1
my 1
my 1
my 1
my 1
my 1
my 1
my 1
my 1
my 1
my 1
my 1
my 1
my 1
my 1
my 1
my 1
my 1
my 1
my 1
my 1
my 1
my 1
my 1
my 1
my 1
my 1
my 1
my 1
my 1
my 1
my 1
my 1
my 1
my 1
my 1
my 1
my 1
my 1
my 1
my 1
my 1
my 1
my 1
my 1
my 1
my 1
my 1
my 1
my 1
my 1
my 1
my 1
my 1
my 1
my 1
my 1
my 1
my 1
my 1
my 1
my 1
my 1
my 1
my 1
my 1
my 1
my 1
my 1
my 1
my 1
my 1
my 1
my 1
my 1
my 1
my 1
my 1
my 1
my 1
my 1
my 1
my 1
my 1
my 1
my 1
my 1
my 1
my 1
my 1
my 1
my 1
my 1
my 1
my 1
my 1
my 1
my 1
my 1
my 1
my 1
my 1
my 1
my 1
my 1
my 1
my 1
my 1
my 1
my 1
my 1
my 1
my 1
my 1
my 1
my 1
my 1
my 1
my 1
my 1
my 1
my 1
my 1
my 1
my 1
my 1
my 1
my 1
my 1
my 1
my 1
my 1
my 1
my 1
my 1
my 1
my 1
my 1
my 1
my 1
my 1
my 1
my 1
my 1
my 1
my 1
my 1
my 1
my 1
my 1
my 1
my 1
my 1
my 1
my 1
my 1
my 1
my 1
my 1
my 1
my 1
my 1
my 1
my 1
my 1
my 1
my 1
my 1
my 1
my 1
my 1
my 1
my 1
my 1
my 1
my 1
my 1
my 1
my 1
my 1
my 1
my 1
my 1
my 1
my 1
my 1
my 1
my 1
my 1
my 1
my 1
my 1
my 1
my 1
my 1
my 1
my 1
my 1
my 1
my 1
my 1
my 1
my 1
my 1
my 1
my 1
my 1
my 1
my 1
my 1
my 1
my 1
my 1
my 1
my 1
my 1
my 1
my 1
my 1
my 1
my 1
my 1
my 1
my 1
my 1
my 1
my 1
my 1
my 1
my 1
my 1
my 1
my 1
my 1
my 1
my 1
my 1
my 1
my 1
my 1
my 1
my 1
my 1
my 1
my 1
my 1
my 1
my 1
my 1
my 1
my 1
my 1
my 1
my 1
my 1
my 1
my 1
my 1
my 1
my 1
my 1
my 1
my 1
my 1
my 1
my 1
my 1
my 1
my 1
my 1
my 1
my 1
my 1
my 1
my 1
my 1
my 1
my 1
my 1
my 1
my 1
my 1
my 1
my 1
my 1
my 1
my 1
my 1
my 1
my 1
my 1
my 1
my 1
my 1
my 1
my 1
my 1
my 1
my 1
my 1
my 1
my 1
my 1
my 1
my 1
my 1
my 1
my 1
my 1
my 1
my 1
my 1
my 1
my 1
my 1
my 1
my 1
my 1
my 1
my 1
my 1
my 1
my 1
my 1
my 1
my 1
my 1
my 1
my 1
my 1
my 1
my 1
my 1
my 1
my 1
my 1
my 1
my 1
my 1
my 1
my 1
my 1
my 1
my 1
my 1
my 1
my 1
my 1
my 1
my 1
my 1
my 1
my 1
my 1
my 1
my 1
my 1
my 1
my 1
my 1
my 1
my 1
my 1
my 1
my 1
my 1
my 1
my 1
my 1
my 1
my 1
my 1
my 1
my 1
my 1
my 1
my 1
my 1
my 1
my 1
my 1
my 1
my 1
my 1
my 1
my 1
my 1
my 1
my 1
my 1
my 1
my 1
my 1
my 1
my 1
my 1
my 1
my 1
my 1
my 1
my 1
my 1
my 1
my 1
my 1
my 1
my 1
my 1
my 1
my 1
my 1
my 1
my 1
my 1
my 1
my 1
my 1
my 1
my 1
my 1
my 1
my 1
my 1
my 1
my 1
my 1
my 1
my 1
my 1
my 1
my 1
my 1
my 1
my 1
my 1
my 1
my 1
my 1
my 1
my 1
my 1
my 1
my 1
my 1
my 1
my 1
my 1
my 1
my 1
my 1
my 1
my 1
my 1
my 1
my 1
my 1
my 1
my 1
my 1
my 1
my 1
my 1
my 1
my 1
my 1
my 1
my 1
my 1
my 1
my 1
my 1
my 1
my 1
my 1
my 1
my 1
my 1
my 1
my 1
my 1
my 1
my 1
my 1
my 1
my 1
my 1
my 1
my 1
my 1
my 1
my 1
my 1
my 1
my 1
my 1
my 1
my 1
my 1
my 1
my 1
my 1
my 1
my 1
my 1
my 1
my 1
my 1
my 1
my 1
my 1
my 1
my 1
my 1
my 1
my 1
my 1
my 1
my 1
my 1
my 1
my 1
my 1
my 1
my 1
my 1
my 1
my 1
my 1
my 1
my 1
my 1
my 1
my 1
my 1
my 1
my 1
my 1
my 1
my 1
my 1
my 1
my 1
my 1
my 1
my 1
my 1
my 1
my 1
my 1
my 1
my 1
my 1
my 1
my 1
my 1
my 1
my 1
my 1
my 1
my 1
my 1
my 1
my 1
my 1
my 1
my 1
my 1
my 1
my 1
my 1
my 1
my 1
my 1
my 1
my 1
my 1
my 1
my 1
my 1
my 1
my 1
my 1
my 1
my 1
my 1
my 1
my 1
my 1
my 1
my 1
my 1
my 1
my 1
my 1
my 1
my 1
my 1
my 1
my 1
my 1
my 1
my 1
my 1
my 1
my 1
my 1
my 1
my 1
my 1
my 1
my 1
my 1
my 1
my 1
my 1
my 1
my 1
my 1
my 1
my 1
my 1
my 1
my 1
my 1
my 1
my 1
my 1
my 1
my 1
my 1
my 1
my 1
my 1
my 1
my 1
my 1
my 1
my 1
my 1
my 1
my 1
my 1
my 1
my 1
my 1
my 1
my 1
my 1
my 1
my 1
my 1
my 1
my 1
my 1
my 1
my 1
my 1
my 1
my 1
my 1
my 1
my 1
my 1
my 1
my 1
my 1
my 1
my 1
my 1
my 1
my 1
my 1
my 1
my 1
my 1
my 1
my 1
my 1
my 1
my 1
my 1
my 1
my 1
my 1
names 1
names 1
names 1
names 1
names 1
names 1
names 1
names 1
names 1
names 1
names 1
names 1
names 1
names 1
names 1
names 1
narration 1
narration 1
narration 1
narration 1
narration 1
narrative 1
narrative 1
narrative 1
narrative 1
national 1
nd 1
negligently 1
neighbours 1
network 1
nevertheless 1
noisome 1
northwards 1
northwards 1
noted 1
notice 1
notice 1
notice 1
notice 1
notice 1
notice 1
notice 1
nourishment 1
nourishment 1
nourishment 1
objects 1
objects 1
objects 1
objects 1
objects 1
objects 1
objects 1
objects 1
objects 1
objects 1
objects 1
objects 1
obnoxious 1
obtained 1
obtained 1
obtained 1
obtained 1
obtained 1
obtained 1
obtained 1
older 1
older 1
older 1
omitted 1
omitted 1
omitted 1
outhouse 1
over 1
over 1
over 1
over 1
over 1
over 1
over 1
over 1
over 1
over 1
over 1
over 1
over 1
over 1
over 1
over 1
over 1
over 1
over 1
over 1
over 1
over 1
over 1
over 1
over 1
over 1
over 1
over 1
over 1
over 1
over 1
over 1
over 1
over 1
over 1
over 1
over 1
over 1
over 1
over 1
over 1
over 1
over 1
over 1
over 1
over 1
over 1
over 1
over 1
over 1
over 1
over 1
over 1
over 1
over 1
over 1
over 1
owes 1
packed 1
packed 1
painfully 1
pang 1
pang 1
partly 1
partly 1
partly 1
partly 1
partly 1
partly 1
partly 1
partly 1
passed 1
passed 1
passed 1
passed 1
passed 1
passed 1
passed 1
passed 1
passed 1
passed 1
passed 1
passed 1
passed 1
passed 1
passed 1
passed 1
passed 1
passed 1
passed 1
passed 1
passed 1
passed 1
passed 1
passed 1
passed 1
passed 1
passed 1
passed 1
passed 1
passed 1
passed 1
passed 1
passed 1
passed 1
passed 1
passed 1
passed 1
passed 1
passed 1
passed 1
passed 1
passed 1
passed 1
passed 1
passed 1
passed 1
passed 1
passed 1
passed 1
passed 1
passed 1
passed 1
passed 1
passed 1
passed 1
passed 1
passed 1
passed 1
passed 1
passed 1
passed 1
passed 1
passed 1
passed 1
passed 1
passed 1
passed 1
pathetic 1
paths 1
paths 1
paths 1
paths 1
penetrate 1
penetrate 1
penetrate 1
penetrate 1
penetrate 1
penetrate 1
pensive 1
perceptions 1
perfectly 1
perfectly 1
perfectly 1
perfectly 1
perfectly 1
perfectly 1
perfectly 1
perfectly 1
performs 1
perished 1
perished 1
pierced 1
pig 1
pioneer 1
plank 1
pleasant 1
pleasant 1
pleasant 1
pleasant 1
pleasant 1
pleasant 1
pleasant 1
pleasant 1
pleasant 1
pleasant 1
pleasant 1
pleasant 1
plenty 1
poignant 1
poignant 1
poison 1
poison 1
poison 1
poor 1
poor 1
poor 1
poor 1
poor 1
poor 1
poor 1
poor 1
poor 1
poor 1
poor 1
poor 1
poor 1
poor 1
poor 1
poor 1
poor 1
poor 1
poor 1
poor 1
poor 1
poor 1
poor 1
poor 1
poor 1
poor 1
poor 1
poor 1
poor 1
poor 1
poor 1
poor 1
poor 1
poor 1
poor 1
poor 1
poor 1
poor 1
portmanteau 1
possess 1
possess 1
possess 1
possess 1
possess 1
possession 1
possession 1
possession 1
possession 1
possession 1
possession 1
possession 1
possession 1
possession 1
precipice 1
precipice 1
precipitated 1
presented 1
presented 1
presented 1
presented 1
presented 1
presented 1
presented 1
presented 1
presented 1
presented 1
presented 1
presented 1
presented 1
pretence 1
pretence 1
pretence 1
principal 1
principal 1
principal 1
principal 1
printed 1
printed 1
prisoner 1
productions 1
productions 1
profession 1
profession 1
prognosticate 1
progressively 1
proportion 1
proportion 1
proportion 1
proportion 1
proportionably 1
proportionably 1
proportionably 1
proportionate 1
propose 1
prosperous 1
protectress 1
provisions 1
provisions 1
pulled 1
purchasing 1
puzzled 1
quiet 1
quiet 1
quiet 1
quiver 1
raised 1
raised 1
raised 1
raised 1
raised 1
raised 1
raised 1
rare 1
rash 1
rash 1
reason 1
reason 1
reason 1
reason 1
reason 1
reason 1
reason 1
reason 1
reason 1
reason 1
reason 1
reason 1
reason 1
reasonable 1
reasonable 1
reassure 1
reassure 1
recalled 1
recalled 1
recalled 1
recollected 1
recollected 1
recollected 1
reconcile 1
recover 1
recover 1
redeem 1
redeem 1
redress 1
refrained 1
reigned 1
reiterating 1
relates 1
relates 1
relates 1
relating 1
relinquishing 1
reminded 1
remnants 1
removal 1
repent 1
repent 1
repose 1
repose 1
repose 1
repose 1
repose 1
repose 1
repose 1
repose 1
repose 1
repose 1
reproaches 1
requires 1
requires 1
requires 1
requires 1
requires 1
requisition 1
requisition 1
reserve 1
resided 1
resided 1
resided 1
resided 1
resist 1
resolution 1
resolution 1
resolution 1
resolution 1
resolution 1
resolution 1
resolution 1
resolution 1
respite 1
respite 1
respite 1
respite 1
rest 1
rest 1
rest 1
rest 1
rest 1
rest 1
rest 1
rest 1
rest 1
rest 1
rest 1
rest 1
rest 1
rest 1
rest 1
rest 1
rest 1
rest 1
rest 1
rest 1
rest 1
rest 1
rest 1
rest 1
rest 1
rest 1
rest 1
rest 1
rest 1
rest 1
rest 1
rest 1
rest 1
restorative 1
restrain 1
restrain 1
reverie 1
reverie 1
rewarded 1
rewarded 1
ring 1
rising 1
rising 1
rising 1
rising 1
rising 1
rising 1
rising 1
rising 1
rolled 1
rolled 1
rooms 1
rudder 1
rudder 1
ruffled 1
rumbling 1
safety 1
safety 1
safety 1
safety 1
safety 1
safety 1
safety 1
safety 1
safety 1
safety 1
same 1
same 1
same 1
same 1
same 1
same 1
same 1
same 1
same 1
same 1
same 1
same 1
same 1
same 1
same 1
same 1
same 1
same 1
same 1
same 1
same 1
same 1
same 1
same 1
same 1
same 1
same 1
same 1
same 1
same 1
same 1
same 1
same 1
same 1
same 1
same 1
same 1
same 1
same 1
same 1
same 1
same 1
same 1
same 1
same 1
same 1
same 1
same 1
same 1
same 1
same 1
same 1
same 1
same 1
same 1
same 1
same 1
same 1
same 1
same 1
same 1
same 1
same 1
same 1
satisfied 1
satisfied 1
satisfied 1
satisfied 1
satisfied 1
satisfied 1
satisfied 1
satisfied 1
satisfied 1
satisfied 1
satisfied 1
satisfied 1
says 1
scanty 1
schemes 1
scope 1
scope 1
scope 1
scope 1
secondary 1
secondary 1
sedulous 1
seek 1
seek 1
seek 1
seek 1
seek 1
seek 1
seek 1
seek 1
seek 1
seek 1
seek 1
seek 1
seek 1
seek 1
seek 1
seek 1
seek 1
seek 1
seek 1
seek 1
seek 1
seek 1
seek 1
seek 1
seek 1
seize 1
seize 1
seize 1
seize 1
seize 1
seldom 1
seldom 1
seldom 1
seldom 1
seldom 1
seldom 1
self 1
self 1
self 1
self 1
self 1
self 1
self 1
self 1
self 1
self 1
self 1
self 1
self 1
self 1
self 1
self 1
self 1
sending 1
sending 1
sent 1
sent 1
sent 1
sent 1
sent 1
sent 1
several 1
several 1
several 1
several 1
several 1
several 1
several 1
several 1
several 1
several 1
several 1
several 1
several 1
several 1
several 1
several 1
several 1
several 1
several 1
several 1
several 1
several 1
several 1
several 1
several 1
several 1
several 1
several 1
several 1
several 1
several 1
several 1
several 1
several 1
several 1
several 1
several 1
several 1
several 1
several 1
several 1
several 1
several 1
several 1
sex 1
shaken 1
shaken 1
sharing 1
shining 1
shining 1
short 1
short 1
short 1
short 1
short 1
short 1
short 1
short 1
short 1
short 1
short 1
short 1
short 1
short 1
short 1
short 1
short 1
shrivelled 1
shutters 1
shutters 1
sickened 1
sickened 1
sickened 1
sickened 1
sickened 1
sighed 1
sincerity 1
situation 1
situation 1
situation 1
situation 1
situation 1
situation 1
situation 1
situation 1
situation 1
situation 1
sixteen 1
slackened 1
slaked 1
slavery 1
slavery 1
slavery 1
slavery 1
sledge 1
sledge 1
sledge 1
sledge 1
sledge 1
sledge 1
sledge 1
sledge 1
sledge 1
sledge 1
sledge 1
sledge 1
sledge 1
sod 1
solemn 1
solemn 1
solemn 1
solemn 1
solemn 1
solemn 1
solemn 1
solemn 1
solicited 1
solicited 1
somewhat 1
somewhat 1
somewhat 1
somewhat 1
somewhat 1
soothed 1
soothed 1
soothed 1
soothed 1
soothed 1
southern 1
southern 1
southern 1
sparkled 1
sparkled 1
sparkled 1
spectators 1
spent 1
spent 1
spent 1
spent 1
spent 1
spent 1
spent 1
spent 1
spent 1
spent 1
spent 1
spent 1
spent 1
spent 1
spent 1
spent 1
spent 1
spent 1
spent 1
spent 1
spent 1
spent 1
spent 1
spent 1
spent 1
spirits 1
spirits 1
spirits 1
spirits 1
spirits 1
spirits 1
spirits 1
spirits 1
spirits 1
spirits 1
spirits 1
spirits 1
spirits 1
spirits 1
spirits 1
spirits 1
spirits 1
spirits 1
spirits 1
spirits 1
spirits 1
spirits 1
spirits 1
spirits 1
spirits 1
spirits 1
spirits 1
spirits 1
spirits 1
spirits 1
spirits 1
spoiled 1
stage 1
staggered 1
states 1
states 1
states 1
states 1
states 1
stick 1
stimulus 1
straight 1
striving 1
stupendous 1
stupendous 1
stupendous 1
subscribe 1
suffered 1
suffered 1
suffered 1
suffered 1
suffered 1
suffered 1
suffered 1
suffered 1
suffered 1
suffered 1
suffered 1
suffered 1
suffered 1
suffered 1
suffered 1
suffered 1
suffered 1
suffered 1
suffered 1
suffered 1
suffered 1
sufficient 1
sufficient 1
sufficient 1
sufficient 1
sufficient 1
sufficient 1
sufficient 1
sufficient 1
sufficient 1
sufficient 1
sufficient 1
sufficient 1
sufficient 1
sufficient 1
sufficient 1
sufficient 1
sufficient 1
sufficient 1
sufficient 1
sufficient 1
sway 1
swiftness 1
swiftness 1
swiftness 1
swiftness 1
syndic 1
synonymous 1
takes 1
takes 1
taunt 1
teased 1
temples 1
tended 1
tendency 1
tenderest 1
tenderest 1
them 1
them 1
them 1
them 1
them 1
them 1
them 1
them 1
them 1
them 1
them 1
them 1
them 1
them 1
them 1
them 1
them 1
them 1
them 1
them 1
them 1
them 1
them 1
them 1
them 1
them 1
them 1
them 1
them 1
them 1
them 1
them 1
them 1
them 1
them 1
them 1
them 1
them 1
them 1
them 1
them 1
them 1
them 1
them 1
them 1
them 1
them 1
them 1
them 1
them 1
them 1
them 1
them 1
them 1
them 1
them 1
them 1
them 1
them 1
them 1
them 1
them 1
them 1
them 1
them 1
them 1
them 1
them 1
them 1
them 1
them 1
them 1
them 1
them 1
them 1
them 1
them 1
them 1
them 1
them 1
them 1
them 1
them 1
them 1
them 1
them 1
them 1
them 1
them 1
them 1
them 1
them 1
them 1
them 1
them 1
them 1
them 1
them 1
them 1
them 1
them 1
them 1
them 1
them 1
them 1
them 1
them 1
them 1
them 1
them 1
them 1
them 1
them 1
them 1
them 1
them 1
them 1
them 1
them 1
them 1
them 1
them 1
them 1
them 1
them 1
them 1
them 1
there 1
there 1
there 1
there 1
there 1
there 1
there 1
there 1
there 1
there 1
there 1
there 1
there 1
there 1
there 1
there 1
there 1
there 1
there 1
there 1
there 1
there 1
there 1
there 1
there 1
there 1
there 1
there 1
there 1
there 1
there 1
there 1
there 1
there 1
there 1
there 1
there 1
there 1
there 1
there 1
there 1
there 1
there 1
there 1
there 1
there 1
there 1
there 1
there 1
there 1
there 1
there 1
there 1
there 1
there 1
there 1
there 1
there 1
there 1
there 1
there 1
there 1
there 1
there 1
there 1
thickly 1
this 1
this 1
this 1
this 1
this 1
this 1
this 1
this 1
this 1
this 1
this 1
this 1
this 1
this 1
this 1
this 1
this 1
this 1
this 1
this 1
this 1
this 1
this 1
this 1
this 1
this 1
this 1
this 1
this 1
this 1
this 1
this 1
this 1
this 1
this 1
this 1
this 1
this 1
this 1
this 1
this 1
this 1
this 1
this 1
this 1
this 1
this 1
this 1
this 1
this 1
this 1
this 1
this 1
this 1
this 1
this 1
this 1
this 1
this 1
this 1
this 1
this 1
this 1
this 1
this 1
this 1
this 1
this 1
this 1
this 1
this 1
this 1
this 1
this 1
this 1
this 1
this 1
this 1
this 1
this 1
this 1
this 1
this 1
this 1
this 1
this 1
this 1
this 1
this 1
this 1
this 1
this 1
this 1
this 1
this 1
this 1
this 1
this 1
this 1
this 1
this 1
this 1
this 1
this 1
this 1
this 1
this 1
this 1
this 1
this 1
this 1
this 1
this 1
this 1
this 1
this 1
this 1
this 1
this 1
this 1
this 1
this 1
this 1
this 1
this 1
this 1
this 1
this 1
this 1
this 1
this 1
this 1
this 1
this 1
this 1
this 1
this 1
this 1
this 1
this 1
this 1
this 1
this 1
this 1
this 1
this 1
this 1
this 1
this 1
this 1
this 1
this 1
this 1
this 1
this 1
this 1
this 1
this 1
this 1
this 1
this 1
this 1
this 1
this 1
this 1
this 1
this 1
this 1
this 1
this 1
this 1
this 1
this 1
this 1
this 1
this 1
this 1
this 1
this 1
this 1
this 1
this 1
this 1
this 1
this 1
this 1
this 1
this 1
this 1
this 1
this 1
this 1
this 1
this 1
this 1
this 1
this 1
this 1
this 1
this 1
this 1
this 1
this 1
this 1
this 1
this 1
this 1
this 1
this 1
this 1
this 1
this 1
this 1
this 1
this 1
this 1
this 1
this 1
this 1
this 1
this 1
this 1
this 1
this 1
this 1
this 1
this 1
this 1
this 1
this 1
this 1
this 1
this 1
this 1
this 1
this 1
this 1
this 1
this 1
this 1
this 1
this 1
this 1
this 1
this 1
this 1
this 1
this 1
this 1
this 1
this 1
this 1
this 1
this 1
this 1
this 1
this 1
this 1
this 1
this 1
this 1
this 1
this 1
this 1
this 1
this 1
this 1
this 1
this 1
this 1
this 1
this 1
this 1
this 1
this 1
this 1
this 1
this 1
this 1
this 1
this 1
this 1
this 1
this 1
this 1
this 1
this 1
this 1
this 1
this 1
this 1
this 1
this 1
this 1
this 1
this 1
this 1
this 1
this 1
this 1
this 1
this 1
this 1
this 1
this 1
this 1
this 1
this 1
this 1
this 1
this 1
this 1
this 1
this 1
this 1
this 1
this 1
this 1
this 1
this 1
this 1
this 1
this 1
this 1
this 1
this 1
this 1
this 1
this 1
this 1
this 1
this 1
this 1
this 1
this 1
this 1
this 1
this 1
this 1
this 1
this 1
this 1
this 1
this 1
this 1
this 1
this 1
this 1
this 1
this 1
this 1
this 1
this 1
this 1
this 1
this 1
this 1
this 1
this 1
this 1
this 1
this 1
this 1
thoughtful 1
threw 1
threw 1
threw 1
threw 1
threw 1
threw 1
threw 1
threw 1
threw 1
threw 1
threw 1
threw 1
threw 1
throw 1
throw 1
throw 1
throw 1
thrown 1
thrown 1
thrown 1
thrown 1
thrown 1
thrown 1
thrown 1
thrown 1
thrown 1
thrust 1
thrust 1
thunder 1
thunder 1
thunder 1
thunder 1
thunder 1
thunder 1
thunder 1
thunder 1
tingling 1
tingling 1
toil 1
toil 1
toil 1
toil 1
toil 1
toil 1
toil 1
tone 1
tone 1
tone 1
torments 1
torments 1
torments 1
tracing 1
tranquillized 1
transcription 1
transversely 1
trash 1
traversed 1
traversed 1
traversed 1
traversed 1
traversed 1
traversed 1
treading 1
triumphant 1
truly 1
truly 1
truly 1
truly 1
truly 1
turmoil 1
unacquainted 1
unacquainted 1
unacquainted 1
unacquainted 1
unallied 1
unbending 1
uncontrollably 1
under 1
under 1
under 1
under 1
under 1
under 1
under 1
under 1
under 1
under 1
under 1
under 1
under 1
under 1
under 1
under 1
under 1
under 1
under 1
under 1
under 1
under 1
under 1
under 1
under 1
under 1
under 1
under 1
under 1
under 1
underwent 1
unemployed 1
uniform 1
uniform 1
uniform 1
uniform 1
unkindness 1
unlawful 1
unquenched 1
untamed 1
untaught 1
unveiled 1
upon 1
upon 1
upon 1
upon 1
upon 1
upon 1
upon 1
upon 1
upon 1
upon 1
upon 1
upon 1
upon 1
upon 1
upon 1
upon 1
upon 1
upon 1
upon 1
upon 1
upon 1
upon 1
upon 1
upon 1
upon 1
upon 1
upon 1
upon 1
upon 1
upon 1
upon 1
upon 1
upon 1
upon 1
upon 1
upon 1
upon 1
upon 1
upon 1
upon 1
upon 1
upon 1
upon 1
upon 1
upon 1
upon 1
upon 1
upon 1
upon 1
upon 1
upon 1
upon 1
upon 1
upon 1
upon 1
upon 1
upon 1
upon 1
upon 1
upon 1
upon 1
upon 1
upon 1
upon 1
upon 1
upon 1
upon 1
upon 1
upon 1
upon 1
upon 1
upon 1
upon 1
upon 1
upon 1
upon 1
upon 1
upon 1
upon 1
upon 1
upon 1
upon 1
upon 1
upon 1
upon 1
upon 1
upon 1
upon 1
upon 1
upon 1
upon 1
upon 1
upon 1
upon 1
upon 1
upon 1
upon 1
upon 1
upon 1
upon 1
upon 1
upon 1
upon 1
upon 1
upon 1
upon 1
upon 1
upon 1
upon 1
upon 1
upon 1
upon 1
upon 1
upon 1
upon 1
upon 1
upon 1
upon 1
upon 1
upon 1
upon 1
upon 1
upon 1
upon 1
upon 1
upon 1
usual 1
usual 1
usual 1
usual 1
usual 1
uttering 1
vagabond 1
valleys 1
vanished 1
vanished 1
vanished 1
vanished 1
vanished 1
vanished 1
vanquished 1
veil 1
veil 1
veil 1
ventures 1
very 1
very 1
very 1
very 1
very 1
very 1
very 1
very 1
very 1
very 1
very 1
very 1
very 1
very 1
very 1
very 1
very 1
very 1
very 1
very 1
very 1
very 1
very 1
very 1
very 1
very 1
very 1
very 1
very 1
very 1
very 1
very 1
very 1
very 1
very 1
very 1
very 1
very 1
very 1
very 1
very 1
very 1
very 1
very 1
very 1
very 1
very 1
very 1
very 1
very 1
very 1
very 1
very 1
very 1
very 1
very 1
very 1
very 1
very 1
very 1
very 1
very 1
very 1
very 1
very 1
very 1
very 1
very 1
very 1
very 1
very 1
very 1
very 1
very 1
very 1
vices 1
vices 1
victory 1
vigorous 1
village 1
village 1
village 1
village 1
village 1
village 1
village 1
village 1
village 1
village 1
village 1
village 1
virtues 1
virtues 1
virtues 1
virtues 1
virtues 1
virtues 1
virtues 1
virtues 1
voice 1
voice 1
voice 1
voice 1
voice 1
voice 1
voice 1
voice 1
voice 1
voice 1
voice 1
voice 1
voice 1
voice 1
voice 1
voice 1
voice 1
voice 1
voice 1
voice 1
voice 1
voice 1
voice 1
voice 1
voice 1
voice 1
voice 1
voice 1
voice 1
voice 1
voice 1
voice 1
voice 1
voice 1
voice 1
voice 1
voice 1
voice 1
voice 1
voice 1
voice 1
voice 1
voice 1
voice 1
voice 1
voice 1
void 1
void 1
void 1
vow 1
vow 1
vow 1
vow 1
waited 1
waited 1
waited 1
waited 1
waited 1
waited 1
waited 1
waited 1
wan 1
war 1
war 1
warmer 1
warmer 1
warranties 1
warring 1
wasted 1
wasted 1
wasted 1
watched 1
watched 1
watched 1
watched 1
waters 1
waters 1
waters 1
waters 1
waters 1
waters 1
waters 1
waters 1
waters 1
waters 1
waters 1
we 1
we 1
we 1
we 1
we 1
we 1
we 1
we 1
we 1
we 1
we 1
we 1
we 1
we 1
we 1
we 1
we 1
we 1
we 1
we 1
we 1
we 1
we 1
we 1
we 1
we 1
we 1
we 1
we 1
we 1
we 1
we 1
we 1
we 1
we 1
we 1
we 1
we 1
we 1
we 1
we 1
we 1
we 1
we 1
we 1
we 1
we 1
we 1
we 1
we 1
we 1
we 1
we 1
we 1
we 1
we 1
we 1
we 1
we 1
we 1
we 1
we 1
we 1
we 1
we 1
we 1
we 1
we 1
we 1
we 1
we 1
we 1
we 1
we 1
we 1
we 1
we 1
we 1
we 1
we 1
we 1
we 1
we 1
we 1
we 1
we 1
we 1
we 1
we 1
we 1
we 1
we 1
we 1
we 1
we 1
we 1
we 1
we 1
we 1
we 1
we 1
we 1
we 1
we 1
we 1
we 1
we 1
we 1
we 1
we 1
we 1
we 1
we 1
we 1
we 1
we 1
we 1
we 1
we 1
we 1
we 1
we 1
we 1
we 1
we 1
welcome 1
welcome 1
welcome 1
welcome 1
welcome 1
welcome 1
welfare 1
welfare 1
well 1
well 1
well 1
well 1
well 1
well 1
well 1
well 1
well 1
well 1
well 1
well 1
well 1
well 1
well 1
well 1
well 1
well 1
well 1
well 1
well 1
well 1
well 1
well 1
well 1
well 1
well 1
well 1
well 1
well 1
well 1
well 1
well 1
well 1
well 1
well 1
well 1
well 1
well 1
well 1
well 1
well 1
well 1
well 1
well 1
well 1
wet 1
wet 1
wet 1
wet 1
wet 1
wet 1
whenever 1
whenever 1
whose 1
whose 1
whose 1
whose 1
whose 1
whose 1
whose 1
whose 1
whose 1
whose 1
whose 1
whose 1
whose 1
whose 1
whose 1
whose 1
whose 1
whose 1
whose 1
whose 1
whose 1
whose 1
whose 1
whose 1
whose 1
whose 1
whose 1
whose 1
whose 1
whose 1
whose 1
whose 1
whose 1
whose 1
whose 1
whose 1
whose 1
whose 1
whose 1
whose 1
whose 1
whose 1
whose 1
whose 1
whose 1
whose 1
whose 1
whose 1
whose 1
whose 1
width 1
wiliness 1
will 1
will 1
will 1
will 1
will 1
will 1
will 1
will 1
will 1
will 1
will 1
will 1
will 1
will 1
will 1
will 1
will 1
will 1
will 1
will 1
will 1
will 1
will 1
will 1
will 1
will 1
will 1
will 1
will 1
will 1
will 1
will 1
will 1
will 1
will 1
will 1
will 1
will 1
will 1
will 1
will 1
will 1
will 1
will 1
will 1
will 1
will 1
will 1
will 1
will 1
will 1
will 1
will 1
will 1
will 1
will 1
will 1
will 1
will 1
will 1
will 1
will 1
will 1
will 1
will 1
will 1
will 1
will 1
will 1
will 1
will 1
will 1
will 1
will 1
will 1
will 1
will 1
will 1
will 1
will 1
will 1
will 1
will 1
will 1
will 1
will 1
will 1
will 1
will 1
will 1
will 1
will 1
will 1
will 1
will 1
will 1
will 1
will 1
will 1
will 1
will 1
will 1
will 1
will 1
will 1
will 1
will 1
will 1
will 1
will 1
will 1
will 1
will 1
will 1
will 1
will 1
will 1
will 1
will 1
will 1
will 1
will 1
will 1
will 1
will 1
will 1
will 1
will 1
will 1
will 1
will 1
will 1
will 1
will 1
will 1
will 1
will 1
will 1
will 1
will 1
will 1
will 1
will 1
will 1
will 1
will 1
will 1
will 1
will 1
will 1
will 1
will 1
will 1
will 1
will 1
will 1
will 1
will 1
will 1
will 1
will 1
will 1
will 1
will 1
will 1
will 1
will 1
will 1
will 1
will 1
will 1
will 1
will 1
will 1
will 1
will 1
will 1
will 1
will 1
will 1
will 1
will 1
will 1
will 1
will 1
will 1
will 1
will 1
will 1
will 1
will 1
will 1
will 1
will 1
will 1
will 1
wings 1
wiping 1
wise 1
withdrew 1
withdrew 1
wonders 1
wonders 1
wonders 1
wonders 1
wonders 1
world 1
world 1
world 1
world 1
world 1
world 1
world 1
world 1
world 1
world 1
world 1
world 1
world 1
world 1
world 1
world 1
world 1
world 1
world 1
world 1
world 1
world 1
world 1
world 1
world 1
world 1
world 1
world 1
world 1
world 1
world 1
world 1
world 1
world 1
world 1
world 1
world 1
world 1
world 1
world 1
world 1
world 1
world 1
world 1
world 1
world 1
worth 1
worth 1
worth 1
worth 1
worth 1
wounded 1
wretched 1
wretched 1
wretched 1
wretched 1
wretched 1
wretched 1
wretched 1
wretched 1
wretched 1
wretched 1
wretched 1
wretched 1
wretched 1
wretched 1
wretched 1
wretched 1
wretched 1
wretched 1
wretched 1
wretched 1
wretched 1
wretched 1
wretched 1
writes 1
yearned 1
yet 1
yet 1
yet 1
yet 1
yet 1
yet 1
yet 1
yet 1
yet 1
yet 1
yet 1
yet 1
yet 1
yet 1
yet 1
yet 1
yet 1
yet 1
yet 1
yet 1
yet 1
yet 1
yet 1
yet 1
yet 1
yet 1
yet 1
yet 1
yet 1
yet 1
yet 1
yet 1
yet 1
yet 1
yet 1
yet 1
yet 1
yet 1
yet 1
yet 1
yet 1
yet 1
yet 1
yet 1
yet 1
yet 1
yet 1
yet 1
yet 1
yet 1
yet 1
yet 1
yet 1
yet 1
yet 1
yet 1
yet 1
yet 1
yet 1
yet 1
yet 1
yet 1
yet 1
yet 1
yet 1
yet 1
yet 1
yet 1
yet 1
yet 1
yet 1
yet 1
yet 1
yet 1
yet 1
yet 1
yet 1
yet 1
yet 1
yet 1
yet 1
yet 1
yet 1
yet 1
yet 1
yet 1
yet 1
yet 1
yet 1
yet 1
yet 1
yet 1
yet 1
yet 1
yet 1
yet 1
yet 1
yet 1
yet 1
yet 1
yet 1
yet 1
yet 1
yet 1
yet 1
yet 1
yet 1
yet 1
yet 1
yet 1
yet 1
yet 1
yet 1
yet 1
yet 1
young 1
young 1
young 1
young 1
young 1
young 1
young 1
young 1
young 1
young 1
young 1
young 1
young 1
young 1
young 1
young 1
young 1
young 1
young 1
young 1
young 1
young 1
young 1
young 1
young 1
young 1
young 1
young 1
young 1
