AGREE 1
AGREE 1
ANY 1
ANY 1
ANY 1
ARTHUR 1
Aberdeen 1
Aberdeen 1
Adventure 1
Adventure 1
Adventure 1
Adventure 1
Adventure 1
Adventure 1
Affairs 1
Air 1
Aldersgate 1
Aldershot 1
America 1
America 1
America 1
America 1
America 1
America 1
America 1
America 1
America 1
America 1
Archie 1
Archive 1
Archive 1
Archive 1
Archive 1
Archive 1
Archive 1
Archive 1
Archive 1
Archive 1
Archive 1
Archive 1
Archive 1
Archive 1
Armitage 1
Armitage 1
Armitage 1
Armour 1
Attica 1
Australian 1
Australian 1
Australian 1
Between 1
Between 1
Between 1
Between 1
Bloomsbury 1
Bring 1
Bring 1
CAN 1
Cal 1
Cedars 1
Cedars 1
Cedars 1
Chesterfield 1
Cobb 1
Coburg 1
Coburg 1
Coburg 1
Coburg 1
Coburg 1
Coburg 1
Coburg 1
Coburg 1
Coburg 1
Cook 1
Cornwall 1
Coronet 1
Coronet 1
Cosmopolitan 1
Cosmopolitan 1
Cosmopolitan 1
Crewe 1
D 1
D 1
D 1
D 1
D 1
Dark 1
Date 1
Death 1
Deserted 1
Done 1
Down 1
Dr 1
Dr 1
Dr 1
Dr 1
Dr 1
Dr 1
Dr 1
Dr 1
Dr 1
Dr 1
Dr 1
Dr 1
Dr 1
Dr 1
Dr 1
Dr 1
Dr 1
Dr 1
Dr 1
Dr 1
Dr 1
Dr 1
Dr 1
Dr 1
Dr 1
Dr 1
Dr 1
Dr 1
Dr 1
Dr 1
Dr 1
EVEN 1
EXPRESS 1
Edgeware 1
Edgeware 1
Eglonitz 1
Egria 1
Elias 1
Elias 1
Elias 1
English 1
English 1
English 1
English 1
English 1
English 1
English 1
English 1
English 1
English 1
Evidently 1
Evidently 1
FITNESS 1
Finns 1
Flora 1
Flora 1
Flora 1
Flora 1
Flora 1
Flora 1
Flora 1
Flora 1
Frank 1
Frank 1
Frank 1
Frank 1
Frank 1
Frank 1
Frank 1
Frank 1
Frank 1
Frank 1
Frank 1
Frank 1
Frank 1
Frank 1
Frank 1
Frank 1
Frank 1
Frank 1
Frank 1
Freemason 1
Frenchman 1
From 1
From 1
From 1
From 1
From 1
From 1
From 1
From 1
From 1
From 1
From 1
From 1
From 1
From 1
From 1
From 1
From 1
From 1
From 1
From 1
German 1
German 1
German 1
German 1
German 1
German 1
German 1
German 1
German 1
German 1
German 1
German 1
German 1
German 1
German 1
Gold 1
Grimesby 1
Grimesby 1
Grimesby 1
Grimesby 1
Grimesby 1
Grimesby 1
Grimesby 1
Grimesby 1
Hare 1
High 1
Horsham 1
Horsham 1
Horsham 1
Horsham 1
Horsham 1
Horsham 1
Horsham 1
Horsham 1
Horsham 1
Horsham 1
Hotel 1
Hotel 1
Hotel 1
Hotel 1
Hotel 1
House 1
House 1
House 1
House 1
Hugh 1
Hugh 1
Hugh 1
Hugh 1
Hullo 1
Hullo 1
Hullo 1
Instead 1
Jem 1
Jem 1
Jem 1
Jem 1
Jersey 1
Jump 1
Jump 1
June 1
June 1
June 1
Kent 1
Kent 1
Kent 1
Klan 1
Klan 1
Ku 1
Ku 1
Lady 1
Lady 1
Lady 1
Lady 1
Lady 1
Lady 1
Lady 1
Langham 1
Last 1
Last 1
Last 1
Logic 1
Lone 1
Lone 1
Lone 1
Lone 1
Lone 1
Lone 1
MY 1
MY 1
MY 1
Maggie 1
Maggie 1
Mall 1
McCarthys 1
McCarthys 1
McCarthys 1
McQuire 1
Menendez 1
Menendez 1
Miss 1
Miss 1
Miss 1
Miss 1
Miss 1
Miss 1
Miss 1
Miss 1
Miss 1
Miss 1
Miss 1
Miss 1
Miss 1
Miss 1
Miss 1
Miss 1
Miss 1
Miss 1
Miss 1
Miss 1
Miss 1
Miss 1
Miss 1
Miss 1
Miss 1
Miss 1
Miss 1
Miss 1
Miss 1
Miss 1
Miss 1
Miss 1
Miss 1
Miss 1
Miss 1
Miss 1
Miss 1
Miss 1
Miss 1
Miss 1
Miss 1
Miss 1
Miss 1
Miss 1
Miss 1
Miss 1
Miss 1
Miss 1
Miss 1
Miss 1
Miss 1
Miss 1
Miss 1
Miss 1
Miss 1
Miss 1
Miss 1
Miss 1
Miss 1
Miss 1
Miss 1
Miss 1
Miss 1
Miss 1
Miss 1
Miss 1
Miss 1
Miss 1
Miss 1
Miss 1
Miss 1
Miss 1
Miss 1
Miss 1
Miss 1
Miss 1
Miss 1
Miss 1
Miss 1
Mission 1
Moulton 1
Moulton 1
Moulton 1
Moulton 1
Munich 1
Museum 1
Museum 1
Oct 1
Our 1
Our 1
Our 1
Our 1
Our 1
Our 1
Our 1
Our 1
Our 1
Our 1
Our 1
Our 1
Our 1
Our 1
Our 1
Our 1
Our 1
Over 1
P 1
P 1
Pennsylvania 1
Peter 1
Plain 1
Plain 1
Police 1
Pope 1
Pope 1
Pope 1
Precisely 1
Precisely 1
Precisely 1
Precisely 1
Precisely 1
Precisely 1
Precisely 1
Precisely 1
Precisely 1
Precisely 1
Precisely 1
Precisely 1
Proceed 1
REMEDIES 1
Rather 1
Remarkable 1
Rotterdam 1
Round 1
Round 1
Round 1
Rucastles 1
Rucastles 1
Rucastles 1
Rucastles 1
Sand 1
Scala 1
Scarlet 1
Scarlet 1
Scarlet 1
Scotland 1
Scotland 1
Scotland 1
Scotland 1
Scotland 1
Scotland 1
Scotland 1
Scotland 1
Scotland 1
Scotland 1
Scotland 1
Secretary 1
Secretary 1
Shipping 1
Six 1
Slipping 1
Slowly 1
Something 1
Southampton 1
Southampton 1
Southampton 1
Star 1
Star 1
Star 1
Star 1
Star 1
Star 1
Star 1
Station 1
Station 1
Station 1
Station 1
Station 1
Station 1
Stripes 1
Think 1
Think 1
This 1
This 1
This 1
This 1
This 1
This 1
This 1
This 1
This 1
This 1
This 1
This 1
This 1
This 1
This 1
This 1
This 1
This 1
This 1
This 1
This 1
This 1
This 1
This 1
This 1
This 1
This 1
This 1
This 1
This 1
This 1
This 1
This 1
This 1
This 1
This 1
This 1
This 1
This 1
This 1
This 1
This 1
This 1
This 1
This 1
This 1
This 1
This 1
This 1
This 1
This 1
This 1
This 1
This 1
This 1
This 1
This 1
This 1
This 1
This 1
This 1
This 1
This 1
This 1
This 1
This 1
This 1
This 1
This 1
This 1
This 1
This 1
This 1
This 1
This 1
This 1
This 1
This 1
This 1
This 1
This 1
This 1
This 1
This 1
This 1
This 1
This 1
This 1
Thrust 1
Twice 1
Twice 1
Twice 1
Twice 1
Twice 1
Twice 1
Under 1
Under 1
Until 1
WARRANTIES 1
WARRANTIES 1
War 1
War 1
We 1
We 1
We 1
We 1
We 1
We 1
We 1
We 1
We 1
We 1
We 1
We 1
We 1
We 1
We 1
We 1
We 1
We 1
We 1
We 1
We 1
We 1
We 1
We 1
We 1
We 1
We 1
We 1
We 1
We 1
We 1
We 1
We 1
We 1
We 1
We 1
We 1
We 1
We 1
We 1
We 1
We 1
We 1
We 1
We 1
We 1
We 1
We 1
We 1
We 1
We 1
We 1
We 1
We 1
We 1
We 1
We 1
We 1
We 1
We 1
We 1
We 1
We 1
We 1
We 1
We 1
We 1
We 1
We 1
We 1
We 1
We 1
We 1
We 1
We 1
We 1
We 1
We 1
We 1
We 1
We 1
We 1
We 1
We 1
We 1
We 1
We 1
We 1
We 1
We 1
We 1
We 1
We 1
We 1
We 1
We 1
We 1
We 1
We 1
We 1
We 1
We 1
We 1
We 1
We 1
We 1
We 1
We 1
We 1
We 1
We 1
We 1
We 1
We 1
We 1
We 1
We 1
We 1
We 1
Web 1
Web 1
Web 1
When 1
When 1
When 1
When 1
When 1
When 1
When 1
When 1
When 1
When 1
When 1
When 1
When 1
When 1
When 1
When 1
When 1
When 1
When 1
When 1
When 1
When 1
When 1
When 1
When 1
When 1
When 1
When 1
When 1
When 1
When 1
When 1
When 1
When 1
When 1
When 1
When 1
When 1
When 1
When 1
When 1
When 1
When 1
When 1
When 1
When 1
When 1
When 1
When 1
When 1
When 1
When 1
When 1
When 1
When 1
When 1
When 1
Whose 1
Whose 1
Wilhelm 1
Winchester 1
Winchester 1
Winchester 1
Winchester 1
Winchester 1
Winchester 1
Winchester 1
Winchester 1
Winchester 1
Winchester 1
abandoned 1
abandoned 1
abandoned 1
abandons 1
able 1
able 1
able 1
able 1
able 1
able 1
able 1
able 1
able 1
able 1
able 1
able 1
able 1
able 1
able 1
able 1
able 1
able 1
able 1
able 1
able 1
able 1
able 1
able 1
able 1
able 1
able 1
able 1
able 1
able 1
able 1
accent 1
accent 1
access 1
access 1
access 1
access 1
access 1
access 1
access 1
access 1
access 1
access 1
accessible 1
accessory 1
accused 1
accused 1
accused 1
accused 1
accuser 1
acquirement 1
acquitted 1
act 1
act 1
act 1
act 1
act 1
act 1
acting 1
acting 1
acting 1
acting 1
addition 1
addition 1
addition 1
addressing 1
addressing 1
adds 1
admire 1
admire 1
adventure 1
adventure 1
adventure 1
adventure 1
adventure 1
adventure 1
adventure 1
adventuress 1
advice 1
advice 1
advice 1
advice 1
advice 1
advice 1
advice 1
advice 1
advice 1
advice 1
advice 1
advice 1
advice 1
advice 1
advice 1
advice 1
advice 1
advice 1
advice 1
affections 1
afford 1
afford 1
afternoon 1
afternoon 1
afternoon 1
afternoon 1
afternoon 1
afternoon 1
afternoon 1
afternoon 1
afternoon 1
afternoon 1
afternoon 1
afternoon 1
afternoon 1
afternoon 1
afternoon 1
afternoon 1
afternoon 1
again 1
again 1
again 1
again 1
again 1
again 1
again 1
again 1
again 1
again 1
again 1
again 1
again 1
again 1
again 1
again 1
again 1
again 1
again 1
again 1
again 1
again 1
again 1
again 1
again 1
again 1
again 1
again 1
again 1
again 1
again 1
again 1
again 1
again 1
again 1
again 1
again 1
again 1
again 1
again 1
again 1
again 1
again 1
again 1
again 1
again 1
again 1
again 1
again 1
again 1
again 1
again 1
again 1
again 1
again 1
again 1
again 1
again 1
again 1
again 1
again 1
again 1
again 1
again 1
again 1
again 1
agonies 1
alert 1
allowance 1
allowance 1
allowance 1
allows 1
alternate 1
amazement 1
among 1
among 1
among 1
among 1
among 1
among 1
among 1
among 1
among 1
among 1
among 1
among 1
among 1
among 1
among 1
among 1
among 1
among 1
among 1
among 1
among 1
among 1
among 1
among 1
among 1
among 1
among 1
among 1
among 1
among 1
among 1
among 1
among 1
ankles 1
annoyed 1
annoyed 1
answering 1
answering 1
answering 1
answering 1
any 1
any 1
any 1
any 1
any 1
any 1
any 1
any 1
any 1
any 1
any 1
any 1
any 1
any 1
any 1
any 1
any 1
any 1
any 1
any 1
any 1
any 1
any 1
any 1
any 1
any 1
any 1
any 1
any 1
any 1
any 1
any 1
any 1
any 1
any 1
any 1
any 1
any 1
any 1
any 1
any 1
any 1
any 1
any 1
any 1
any 1
any 1
any 1
any 1
any 1
any 1
any 1
any 1
any 1
any 1
any 1
any 1
any 1
any 1
any 1
any 1
any 1
any 1
any 1
any 1
any 1
any 1
any 1
any 1
any 1
any 1
any 1
any 1
any 1
any 1
any 1
any 1
any 1
any 1
any 1
any 1
any 1
any 1
any 1
any 1
any 1
any 1
any 1
any 1
any 1
any 1
any 1
any 1
any 1
any 1
any 1
any 1
any 1
any 1
any 1
any 1
any 1
any 1
any 1
any 1
any 1
any 1
any 1
any 1
any 1
any 1
any 1
any 1
any 1
any 1
any 1
any 1
any 1
any 1
any 1
any 1
any 1
any 1
any 1
any 1
any 1
any 1
any 1
any 1
any 1
any 1
any 1
any 1
any 1
any 1
any 1
any 1
any 1
any 1
any 1
any 1
any 1
any 1
any 1
any 1
any 1
any 1
any 1
any 1
any 1
any 1
any 1
any 1
any 1
any 1
any 1
any 1
any 1
any 1
any 1
apparelled 1
apparently 1
apparently 1
apparently 1
apparently 1
apparently 1
apply 1
apply 1
apply 1
apply 1
apply 1
apply 1
apply 1
applying 1
applying 1
arise 1
arise 1
arm 1
arm 1
arm 1
arm 1
arm 1
arm 1
arm 1
arm 1
arm 1
arm 1
arm 1
arm 1
aside 1
aside 1
aside 1
aside 1
aside 1
aside 1
aside 1
askance 1
asks 1
assuredly 1
astonished 1
astonished 1
astronomy 1
attend 1
attend 1
attend 1
attics 1
attractions 1
aunt 1
aunt 1
aunt 1
baffled 1
baffled 1
baffled 1
bandage 1
bang 1
bang 1
battle 1
baying 1
beauties 1
beckoning 1
beckoning 1
beer 1
beer 1
beer 1
beg 1
beg 1
beg 1
beg 1
beg 1
beg 1
beg 1
beg 1
beg 1
beg 1
beg 1
beg 1
begged 1
begged 1
begged 1
best 1
best 1
best 1
best 1
best 1
best 1
best 1
best 1
best 1
best 1
best 1
best 1
best 1
best 1
best 1
best 1
best 1
best 1
best 1
best 1
best 1
best 1
best 1
best 1
best 1
best 1
best 1
best 1
best 1
best 1
best 1
between 1
between 1
between 1
between 1
between 1
between 1
between 1
between 1
between 1
between 1
between 1
between 1
between 1
between 1
between 1
between 1
between 1
between 1
between 1
between 1
between 1
between 1
between 1
between 1
between 1
between 1
between 1
between 1
between 1
between 1
between 1
between 1
between 1
between 1
between 1
between 1
between 1
between 1
between 1
between 1
between 1
between 1
between 1
between 1
between 1
between 1
between 1
between 1
between 1
between 1
between 1
between 1
between 1
between 1
between 1
between 1
bite 1
bite 1
bloc 1
blocked 1
blocked 1
blocked 1
blood 1
blood 1
blood 1
blood 1
blood 1
blood 1
blood 1
blood 1
blood 1
blood 1
blood 1
blood 1
blood 1
blood 1
blood 1
bloodstains 1
bloodstains 1
blotted 1
blown 1
books 1
books 1
books 1
books 1
books 1
books 1
books 1
books 1
books 1
books 1
boot 1
boot 1
boot 1
boot 1
boot 1
borrowed 1
borrowed 1
brandy 1
brandy 1
brandy 1
brandy 1
brandy 1
brandy 1
brandy 1
breadth 1
breaks 1
briar 1
bride 1
bride 1
bride 1
bride 1
bride 1
bride 1
bride 1
bride 1
bride 1
briskly 1
briskly 1
broadest 1
build 1
burned 1
burned 1
burned 1
burned 1
burned 1
buying 1
cab 1
cab 1
cab 1
cab 1
cab 1
cab 1
cab 1
cab 1
cab 1
cab 1
cab 1
cab 1
cab 1
cab 1
cab 1
cab 1
cab 1
cab 1
cab 1
cab 1
cab 1
cab 1
cab 1
cab 1
cab 1
cab 1
caged 1
calamity 1
calf 1
calling 1
calling 1
calling 1
calling 1
calling 1
calling 1
calmly 1
calmly 1
calmly 1
calves 1
came 1
came 1
came 1
came 1
came 1
came 1
came 1
came 1
came 1
came 1
came 1
came 1
came 1
came 1
came 1
came 1
came 1
came 1
came 1
came 1
came 1
came 1
came 1
came 1
came 1
came 1
came 1
came 1
came 1
came 1
came 1
came 1
came 1
came 1
came 1
came 1
came 1
came 1
came 1
came 1
came 1
came 1
came 1
came 1
came 1
came 1
came 1
came 1
came 1
came 1
came 1
came 1
came 1
came 1
came 1
came 1
came 1
came 1
came 1
came 1
came 1
came 1
came 1
came 1
came 1
came 1
came 1
came 1
came 1
came 1
came 1
came 1
came 1
came 1
came 1
came 1
came 1
came 1
came 1
came 1
came 1
came 1
came 1
came 1
came 1
came 1
came 1
came 1
came 1
came 1
came 1
came 1
came 1
came 1
came 1
came 1
came 1
came 1
came 1
came 1
came 1
came 1
came 1
came 1
came 1
came 1
came 1
came 1
came 1
came 1
came 1
came 1
came 1
came 1
came 1
came 1
came 1
came 1
came 1
came 1
came 1
came 1
came 1
came 1
came 1
came 1
came 1
came 1
came 1
came 1
came 1
came 1
came 1
came 1
came 1
came 1
came 1
came 1
came 1
came 1
came 1
came 1
came 1
came 1
came 1
came 1
careless 1
cargo 1
case 1
case 1
case 1
case 1
case 1
case 1
case 1
case 1
case 1
case 1
case 1
case 1
case 1
case 1
case 1
case 1
case 1
case 1
case 1
case 1
case 1
case 1
case 1
case 1
case 1
case 1
case 1
case 1
case 1
case 1
case 1
case 1
case 1
case 1
case 1
case 1
case 1
case 1
case 1
case 1
case 1
case 1
case 1
case 1
case 1
case 1
case 1
case 1
case 1
case 1
case 1
case 1
case 1
case 1
case 1
case 1
case 1
case 1
case 1
case 1
case 1
case 1
case 1
case 1
case 1
case 1
case 1
case 1
case 1
case 1
case 1
case 1
case 1
case 1
case 1
case 1
case 1
case 1
case 1
case 1
case 1
case 1
case 1
case 1
case 1
case 1
case 1
case 1
case 1
case 1
case 1
case 1
case 1
case 1
case 1
case 1
case 1
case 1
case 1
case 1
case 1
case 1
case 1
case 1
case 1
case 1
case 1
case 1
case 1
case 1
case 1
case 1
case 1
case 1
case 1
cent 1
chaff 1
chains 1
characteristics 1
characteristics 1
characteristics 1
chosen 1
chosen 1
chosen 1
chuckling 1
cigarette 1
cigarette 1
cigarette 1
cigarette 1
circle 1
circle 1
circle 1
circle 1
circle 1
circle 1
circle 1
circle 1
circle 1
civilised 1
claim 1
claim 1
claim 1
claim 1
claim 1
claim 1
claim 1
claim 1
claim 1
claim 1
claim 1
claim 1
claim 1
claim 1
claim 1
claim 1
clasped 1
claspings 1
cleared 1
cleared 1
cleared 1
cleared 1
cleared 1
cleared 1
cleared 1
cleared 1
cleared 1
cleared 1
cleared 1
cleared 1
cleared 1
cleared 1
cleared 1
cleared 1
clearly 1
clearly 1
clearly 1
clearly 1
clearly 1
clearly 1
clearly 1
clearly 1
clearly 1
clearly 1
clearly 1
clearly 1
clearly 1
clearly 1
clenched 1
climbed 1
closed 1
closed 1
closed 1
closed 1
closed 1
closed 1
closed 1
closed 1
closed 1
closed 1
closed 1
closed 1
closed 1
closed 1
closed 1
closed 1
closed 1
closed 1
closed 1
closed 1
closed 1
closed 1
collection 1
collection 1
collection 1
collection 1
collection 1
combinations 1
commands 1
commands 1
commissionaire 1
commissionaire 1
commissionaire 1
commissionaire 1
comparatively 1
comparatively 1
compasses 1
compliment 1
compliment 1
compromise 1
concern 1
concern 1
confessed 1
confessed 1
confessed 1
confessed 1
confided 1
confided 1
confined 1
confined 1
confined 1
confined 1
confirm 1
confirm 1
confirm 1
confusion 1
confusion 1
conjectured 1
conjectured 1
conjectured 1
consideration 1
consideration 1
consideration 1
consideration 1
consideration 1
consideration 1
constant 1
constructed 1
consult 1
consult 1
consult 1
consult 1
consult 1
consult 1
consult 1
consult 1
consultations 1
consulting 1
consulting 1
consulting 1
contain 1
contain 1
contain 1
contortions 1
contrast 1
contrast 1
contrast 1
contrast 1
contrast 1
conventions 1
convoy 1
coolness 1
copied 1
copied 1
copier 1
corners 1
corners 1
coroner 1
coroner 1
coroner 1
coroner 1
coroner 1
coroner 1
coroner 1
coroner 1
coroner 1
coroner 1
corresponds 1
corresponds 1
corridor 1
corridor 1
corridor 1
corridor 1
corridor 1
corridor 1
corridor 1
corridor 1
corridor 1
corridor 1
counties 1
country 1
country 1
country 1
country 1
country 1
country 1
country 1
country 1
country 1
country 1
country 1
country 1
country 1
country 1
country 1
country 1
country 1
country 1
country 1
country 1
country 1
country 1
country 1
country 1
country 1
country 1
country 1
country 1
country 1
country 1
country 1
country 1
country 1
country 1
country 1
country 1
country 1
crackling 1
crackling 1
crackling 1
creditor 1
cries 1
crisply 1
crudest 1
cruelty 1
cruelty 1
cruelty 1
crumpled 1
crumpled 1
crumpled 1
cubic 1
cunning 1
cunning 1
cunning 1
cunning 1
cunning 1
cunning 1
cunning 1
curb 1
curse 1
curt 1
curt 1
damp 1
damp 1
damp 1
danseuse 1
dark 1
dark 1
dark 1
dark 1
dark 1
dark 1
dark 1
dark 1
dark 1
dark 1
dark 1
dark 1
dark 1
dark 1
dark 1
dark 1
dark 1
dark 1
dark 1
dark 1
dark 1
dark 1
dark 1
dark 1
dark 1
dark 1
dark 1
dark 1
dark 1
dark 1
dark 1
dark 1
dark 1
dark 1
dark 1
dark 1
dark 1
dark 1
dark 1
darkened 1
darted 1
date 1
date 1
date 1
date 1
date 1
date 1
date 1
date 1
date 1
date 1
dealing 1
death 1
death 1
death 1
death 1
death 1
death 1
death 1
death 1
death 1
death 1
death 1
death 1
death 1
death 1
death 1
death 1
death 1
death 1
death 1
death 1
death 1
death 1
death 1
death 1
death 1
death 1
death 1
death 1
death 1
death 1
debts 1
debts 1
debts 1
debts 1
deceased 1
deceased 1
deceased 1
deceased 1
declared 1
declared 1
declared 1
delighted 1
delighted 1
delighted 1
delighted 1
depicted 1
deportment 1
deposed 1
descent 1
description 1
description 1
description 1
description 1
description 1
description 1
description 1
description 1
deserted 1
deserted 1
deserted 1
deserted 1
deserted 1
deserved 1
deserved 1
deserved 1
desirous 1
destruction 1
detailed 1
devil 1
devil 1
devil 1
devil 1
devil 1
devil 1
devil 1
devil 1
devoured 1
dew 1
difficult 1
difficult 1
difficult 1
difficult 1
difficult 1
difficult 1
difficult 1
difficult 1
difficult 1
difficult 1
difficult 1
difficult 1
difficult 1
difficult 1
dig 1
directed 1
directed 1
directed 1
directed 1
director 1
director 1
director 1
disappearance 1
disappearance 1
disappearance 1
disappearance 1
disappearance 1
disappearance 1
disappearance 1
disappearance 1
disappearance 1
disappearance 1
disclaim 1
discourage 1
disgrace 1
disgrace 1
disown 1
display 1
disregarded 1
distracting 1
doctors 1
doctors 1
doctors 1
doings 1
doings 1
domain 1
domain 1
domain 1
domain 1
domain 1
domain 1
domain 1
done 1
done 1
done 1
done 1
done 1
done 1
done 1
done 1
done 1
done 1
done 1
done 1
done 1
done 1
done 1
done 1
done 1
done 1
done 1
done 1
done 1
done 1
done 1
done 1
done 1
done 1
done 1
done 1
done 1
done 1
done 1
done 1
done 1
done 1
done 1
done 1
done 1
done 1
done 1
done 1
done 1
done 1
done 1
done 1
done 1
done 1
done 1
done 1
done 1
done 1
done 1
done 1
done 1
done 1
done 1
done 1
done 1
done 1
done 1
done 1
done 1
done 1
done 1
done 1
done 1
done 1
door 1
door 1
door 1
door 1
door 1
door 1
door 1
door 1
door 1
door 1
door 1
door 1
door 1
door 1
door 1
door 1
door 1
door 1
door 1
door 1
door 1
door 1
door 1
door 1
door 1
door 1
door 1
door 1
door 1
door 1
door 1
door 1
door 1
door 1
door 1
door 1
door 1
door 1
door 1
door 1
door 1
door 1
door 1
door 1
door 1
door 1
door 1
door 1
door 1
door 1
door 1
door 1
door 1
door 1
door 1
door 1
door 1
door 1
door 1
door 1
door 1
door 1
door 1
door 1
door 1
door 1
door 1
door 1
door 1
door 1
door 1
door 1
door 1
door 1
door 1
door 1
door 1
door 1
door 1
door 1
door 1
door 1
door 1
door 1
door 1
door 1
door 1
door 1
door 1
door 1
door 1
door 1
door 1
door 1
door 1
door 1
door 1
door 1
door 1
door 1
door 1
door 1
door 1
door 1
door 1
door 1
door 1
door 1
door 1
door 1
door 1
door 1
door 1
door 1
door 1
door 1
door 1
door 1
door 1
door 1
door 1
door 1
door 1
door 1
door 1
door 1
door 1
door 1
door 1
door 1
door 1
door 1
door 1
door 1
door 1
door 1
door 1
door 1
door 1
door 1
door 1
door 1
door 1
door 1
doubting 1
down 1
down 1
down 1
down 1
down 1
down 1
down 1
down 1
down 1
down 1
down 1
down 1
down 1
down 1
down 1
down 1
down 1
down 1
down 1
down 1
down 1
down 1
down 1
down 1
down 1
down 1
down 1
down 1
down 1
down 1
down 1
down 1
down 1
down 1
down 1
down 1
down 1
down 1
down 1
down 1
down 1
down 1
down 1
down 1
down 1
down 1
down 1
down 1
down 1
down 1
down 1
down 1
down 1
down 1
down 1
down 1
down 1
down 1
down 1
down 1
down 1
down 1
down 1
down 1
down 1
down 1
down 1
down 1
down 1
down 1
down 1
down 1
down 1
down 1
down 1
down 1
down 1
down 1
down 1
down 1
down 1
down 1
down 1
down 1
down 1
down 1
down 1
down 1
down 1
down 1
down 1
down 1
down 1
down 1
down 1
down 1
down 1
down 1
down 1
down 1
down 1
down 1
down 1
down 1
down 1
down 1
down 1
down 1
down 1
down 1
down 1
down 1
down 1
down 1
down 1
down 1
down 1
down 1
down 1
down 1
down 1
down 1
down 1
down 1
down 1
down 1
down 1
down 1
down 1
down 1
down 1
down 1
down 1
down 1
down 1
down 1
down 1
down 1
down 1
down 1
down 1
down 1
down 1
down 1
down 1
down 1
down 1
down 1
down 1
down 1
down 1
down 1
down 1
down 1
down 1
down 1
down 1
down 1
down 1
down 1
down 1
down 1
down 1
down 1
down 1
down 1
down 1
down 1
down 1
down 1
down 1
down 1
down 1
down 1
down 1
down 1
down 1
down 1
down 1
down 1
down 1
down 1
down 1
down 1
down 1
down 1
down 1
down 1
down 1
down 1
down 1
down 1
down 1
down 1
down 1
down 1
down 1
down 1
down 1
down 1
down 1
down 1
down 1
down 1
down 1
down 1
down 1
down 1
down 1
down 1
down 1
down 1
down 1
down 1
down 1
down 1
down 1
down 1
down 1
down 1
down 1
down 1
down 1
down 1
down 1
down 1
down 1
down 1
down 1
downstairs 1
downstairs 1
downstairs 1
downstairs 1
downstairs 1
downstairs 1
downstairs 1
dozen 1
dozen 1
dozen 1
dozen 1
dozen 1
dozen 1
dozen 1
dozen 1
dozen 1
dozen 1
dozen 1
dragged 1
dragged 1
dragged 1
dragged 1
dragged 1
draw 1
draw 1
draw 1
draw 1
draw 1
draw 1
draw 1
draw 1
draw 1
draw 1
drifted 1
drifted 1
drops 1
drops 1
drunk 1
drunk 1
drunk 1
drunk 1
dual 1
dug 1
earlier 1
earnest 1
earshot 1
eastern 1
easy 1
easy 1
easy 1
easy 1
easy 1
easy 1
easy 1
easy 1
easy 1
easy 1
easy 1
easy 1
easy 1
easy 1
easy 1
easy 1
easy 1
easy 1
easy 1
easy 1
easy 1
easy 1
easy 1
easy 1
easy 1
easy 1
eat 1
eat 1
eat 1
eddy 1
education 1
education 1
education 1
eightpence 1
ejected 1
element 1
email 1
email 1
ends 1
ends 1
engaging 1
engaging 1
enlarged 1
ensue 1
entering 1
entering 1
entering 1
entering 1
entreated 1
entries 1
entries 1
equality 1
erred 1
erred 1
erroneous 1
essence 1
etc 1
etc 1
everywhere 1
examining 1
examining 1
examining 1
examining 1
examining 1
examining 1
excavating 1
exchanging 1
excluded 1
execution 1
existence 1
existence 1
existence 1
existence 1
existence 1
extent 1
extent 1
extent 1
eyes 1
eyes 1
eyes 1
eyes 1
eyes 1
eyes 1
eyes 1
eyes 1
eyes 1
eyes 1
eyes 1
eyes 1
eyes 1
eyes 1
eyes 1
eyes 1
eyes 1
eyes 1
eyes 1
eyes 1
eyes 1
eyes 1
eyes 1
eyes 1
eyes 1
eyes 1
eyes 1
eyes 1
eyes 1
eyes 1
eyes 1
eyes 1
eyes 1
eyes 1
eyes 1
eyes 1
eyes 1
eyes 1
eyes 1
eyes 1
eyes 1
eyes 1
eyes 1
eyes 1
eyes 1
eyes 1
eyes 1
eyes 1
eyes 1
eyes 1
eyes 1
eyes 1
eyes 1
eyes 1
eyes 1
eyes 1
eyes 1
eyes 1
eyes 1
eyes 1
eyes 1
eyes 1
eyes 1
eyes 1
eyes 1
eyes 1
eyes 1
eyes 1
eyes 1
eyes 1
eyes 1
eyes 1
eyes 1
eyes 1
eyes 1
eyes 1
eyes 1
eyes 1
eyes 1
eyes 1
eyes 1
eyes 1
eyes 1
eyes 1
eyes 1
eyes 1
eyes 1
factories 1
factory 1
faculties 1
faculties 1
fagged 1
fail 1
fail 1
fail 1
fail 1
fail 1
fail 1
fair 1
fair 1
fair 1
fair 1
fair 1
fair 1
fair 1
fancier 1
farm 1
farm 1
fast 1
fast 1
fatal 1
fatal 1
fatal 1
fatal 1
fate 1
fate 1
fate 1
fate 1
fate 1
fate 1
fate 1
fate 1
fate 1
father 1
father 1
father 1
father 1
father 1
father 1
father 1
father 1
father 1
father 1
father 1
father 1
father 1
father 1
father 1
father 1
father 1
father 1
father 1
father 1
father 1
father 1
father 1
father 1
father 1
father 1
father 1
father 1
father 1
father 1
father 1
father 1
father 1
father 1
father 1
father 1
father 1
father 1
father 1
father 1
father 1
father 1
father 1
father 1
father 1
father 1
father 1
father 1
father 1
father 1
father 1
father 1
father 1
father 1
father 1
father 1
father 1
father 1
father 1
father 1
father 1
father 1
father 1
father 1
father 1
father 1
father 1
father 1
father 1
father 1
father 1
father 1
father 1
father 1
father 1
father 1
father 1
father 1
father 1
father 1
father 1
father 1
feature 1
feature 1
feature 1
feature 1
feature 1
feel 1
feel 1
feel 1
feel 1
feel 1
feel 1
feel 1
feel 1
feel 1
feel 1
feel 1
feel 1
feel 1
feel 1
feel 1
feel 1
feel 1
fiction 1
filled 1
filled 1
filled 1
filled 1
filled 1
filled 1
final 1
final 1
finer 1
finer 1
first 1
first 1
first 1
first 1
first 1
first 1
first 1
first 1
first 1
first 1
first 1
first 1
first 1
first 1
first 1
first 1
first 1
first 1
first 1
first 1
first 1
first 1
first 1
first 1
first 1
first 1
first 1
first 1
first 1
first 1
first 1
first 1
first 1
first 1
first 1
first 1
first 1
first 1
first 1
first 1
first 1
first 1
first 1
first 1
first 1
first 1
first 1
first 1
first 1
first 1
first 1
first 1
first 1
first 1
first 1
first 1
first 1
first 1
first 1
first 1
first 1
first 1
first 1
first 1
first 1
first 1
first 1
first 1
first 1
first 1
first 1
first 1
first 1
first 1
first 1
first 1
first 1
first 1
first 1
first 1
first 1
first 1
first 1
first 1
first 1
first 1
fitted 1
fitted 1
fitted 1
fitted 1
fitted 1
five 1
five 1
five 1
five 1
five 1
five 1
five 1
five 1
five 1
five 1
five 1
five 1
five 1
five 1
five 1
five 1
five 1
five 1
five 1
five 1
five 1
five 1
five 1
five 1
five 1
five 1
five 1
five 1
five 1
five 1
five 1
five 1
five 1
five 1
five 1
five 1
flaming 1
flaming 1
flashing 1
flaw 1
flaw 1
flicked 1
flung 1
flung 1
flung 1
food 1
footfalls 1
footfalls 1
footpaths 1
forecastle 1
forestalling 1
form 1
form 1
form 1
form 1
form 1
form 1
form 1
form 1
form 1
form 1
form 1
form 1
form 1
formerly 1
formerly 1
formerly 1
formerly 1
forwarded 1
found 1
found 1
found 1
found 1
found 1
found 1
found 1
found 1
found 1
found 1
found 1
found 1
found 1
found 1
found 1
found 1
found 1
found 1
found 1
found 1
found 1
found 1
found 1
found 1
found 1
found 1
found 1
found 1
found 1
found 1
found 1
found 1
found 1
found 1
found 1
found 1
found 1
found 1
found 1
found 1
found 1
found 1
found 1
found 1
found 1
found 1
found 1
found 1
found 1
found 1
found 1
found 1
found 1
found 1
found 1
found 1
found 1
found 1
found 1
found 1
found 1
found 1
found 1
found 1
found 1
found 1
found 1
found 1
found 1
found 1
found 1
found 1
found 1
found 1
found 1
found 1
found 1
found 1
found 1
found 1
found 1
found 1
found 1
found 1
found 1
found 1
found 1
found 1
found 1
found 1
found 1
found 1
found 1
found 1
found 1
found 1
found 1
found 1
found 1
found 1
found 1
found 1
found 1
found 1
found 1
found 1
found 1
found 1
found 1
found 1
four 1
four 1
four 1
four 1
four 1
four 1
four 1
four 1
four 1
four 1
four 1
four 1
four 1
four 1
four 1
four 1
four 1
four 1
four 1
four 1
four 1
four 1
four 1
four 1
four 1
four 1
four 1
four 1
four 1
four 1
four 1
four 1
four 1
four 1
four 1
fragment 1
fragment 1
framework 1
frank 1
frequent 1
frequent 1
fright 1
frightened 1
frightened 1
frightened 1
frightened 1
frightened 1
frightened 1
frightened 1
frightened 1
frightened 1
frightened 1
frightened 1
frightened 1
frightened 1
frightened 1
frogged 1
fumes 1
furiously 1
furiously 1
furniture 1
furniture 1
furniture 1
furniture 1
furniture 1
furniture 1
furniture 1
furniture 1
furniture 1
gables 1
geniality 1
genteel 1
gentlemanly 1
gipsy 1
gives 1
gives 1
gives 1
gives 1
gives 1
gives 1
gives 1
gives 1
giving 1
giving 1
giving 1
giving 1
gloss 1
go 1
go 1
go 1
go 1
go 1
go 1
go 1
go 1
go 1
go 1
go 1
go 1
go 1
go 1
go 1
go 1
go 1
go 1
go 1
go 1
go 1
go 1
go 1
go 1
go 1
go 1
go 1
go 1
go 1
go 1
go 1
go 1
go 1
go 1
go 1
go 1
go 1
go 1
go 1
go 1
go 1
go 1
go 1
go 1
go 1
go 1
go 1
go 1
go 1
go 1
go 1
go 1
go 1
go 1
go 1
go 1
go 1
go 1
go 1
go 1
go 1
go 1
go 1
go 1
go 1
go 1
go 1
go 1
go 1
go 1
go 1
go 1
go 1
go 1
go 1
go 1
go 1
go 1
go 1
go 1
go 1
go 1
go 1
go 1
go 1
go 1
go 1
go 1
go 1
go 1
go 1
go 1
go 1
go 1
go 1
go 1
go 1
go 1
go 1
gold 1
gold 1
gold 1
gold 1
gold 1
gold 1
gold 1
gold 1
gold 1
gold 1
gold 1
gold 1
gold 1
gold 1
gold 1
gold 1
gold 1
goodness 1
goodness 1
goodness 1
goodness 1
goodness 1
goodness 1
goodness 1
goodness 1
goodness 1
gospel 1
grand 1
granting 1
grating 1
grating 1
grocer 1
groping 1
groping 1
handle 1
handle 1
hanging 1
hanging 1
hanging 1
hanging 1
hanging 1
hanging 1
hanging 1
happening 1
hardihood 1
harm 1
harm 1
harm 1
harm 1
harm 1
harm 1
harm 1
harm 1
has 1
has 1
has 1
has 1
has 1
has 1
has 1
has 1
has 1
has 1
has 1
has 1
has 1
has 1
has 1
has 1
has 1
has 1
has 1
has 1
has 1
has 1
has 1
has 1
has 1
has 1
has 1
has 1
has 1
has 1
has 1
has 1
has 1
has 1
has 1
has 1
has 1
has 1
has 1
has 1
has 1
has 1
has 1
has 1
has 1
has 1
has 1
has 1
has 1
has 1
has 1
has 1
has 1
has 1
has 1
has 1
has 1
has 1
has 1
has 1
has 1
has 1
has 1
has 1
has 1
has 1
has 1
has 1
has 1
has 1
has 1
has 1
has 1
has 1
has 1
has 1
has 1
has 1
has 1
has 1
has 1
has 1
has 1
has 1
has 1
has 1
has 1
has 1
has 1
has 1
has 1
has 1
has 1
has 1
has 1
has 1
has 1
has 1
has 1
has 1
has 1
has 1
has 1
has 1
has 1
has 1
has 1
has 1
has 1
has 1
has 1
has 1
has 1
has 1
has 1
has 1
has 1
has 1
has 1
has 1
has 1
has 1
has 1
has 1
has 1
has 1
has 1
has 1
has 1
has 1
has 1
has 1
has 1
has 1
has 1
has 1
has 1
has 1
has 1
has 1
has 1
has 1
has 1
has 1
has 1
has 1
has 1
has 1
has 1
has 1
has 1
has 1
has 1
has 1
has 1
has 1
has 1
has 1
has 1
has 1
has 1
has 1
has 1
has 1
has 1
has 1
has 1
has 1
has 1
has 1
has 1
has 1
has 1
has 1
has 1
has 1
has 1
has 1
has 1
has 1
has 1
has 1
has 1
has 1
has 1
has 1
has 1
has 1
has 1
has 1
has 1
has 1
has 1
has 1
has 1
has 1
has 1
has 1
has 1
has 1
has 1
has 1
has 1
has 1
has 1
has 1
has 1
has 1
has 1
has 1
has 1
has 1
has 1
has 1
has 1
has 1
has 1
has 1
has 1
has 1
has 1
has 1
has 1
has 1
has 1
has 1
has 1
has 1
has 1
has 1
has 1
has 1
has 1
has 1
has 1
has 1
has 1
has 1
has 1
has 1
has 1
has 1
has 1
has 1
has 1
has 1
has 1
has 1
has 1
has 1
has 1
has 1
has 1
has 1
has 1
has 1
has 1
has 1
has 1
has 1
has 1
has 1
has 1
has 1
has 1
has 1
has 1
has 1
has 1
has 1
has 1
has 1
has 1
has 1
has 1
has 1
has 1
has 1
has 1
has 1
has 1
has 1
hastily 1
hauling 1
have 1
have 1
have 1
have 1
have 1
have 1
have 1
have 1
have 1
have 1
have 1
have 1
have 1
have 1
have 1
have 1
have 1
have 1
have 1
have 1
have 1
have 1
have 1
have 1
have 1
have 1
have 1
have 1
have 1
have 1
have 1
have 1
have 1
have 1
have 1
have 1
have 1
have 1
have 1
have 1
have 1
have 1
have 1
have 1
have 1
have 1
have 1
have 1
have 1
have 1
have 1
have 1
have 1
have 1
have 1
have 1
have 1
have 1
have 1
have 1
have 1
have 1
have 1
have 1
have 1
have 1
have 1
have 1
have 1
have 1
have 1
have 1
have 1
have 1
have 1
have 1
have 1
have 1
have 1
have 1
have 1
have 1
have 1
have 1
have 1
have 1
have 1
have 1
have 1
have 1
have 1
have 1
have 1
have 1
have 1
have 1
have 1
have 1
have 1
have 1
have 1
have 1
have 1
have 1
have 1
have 1
have 1
have 1
have 1
have 1
have 1
have 1
have 1
have 1
have 1
have 1
have 1
have 1
have 1
have 1
have 1
have 1
have 1
have 1
have 1
have 1
have 1
have 1
have 1
have 1
have 1
have 1
have 1
have 1
have 1
have 1
have 1
have 1
have 1
have 1
have 1
have 1
have 1
have 1
have 1
have 1
have 1
have 1
have 1
have 1
have 1
have 1
have 1
have 1
have 1
have 1
have 1
have 1
have 1
have 1
have 1
have 1
have 1
have 1
have 1
have 1
have 1
have 1
have 1
have 1
have 1
have 1
have 1
have 1
have 1
have 1
have 1
have 1
have 1
have 1
have 1
have 1
have 1
have 1
have 1
have 1
have 1
have 1
have 1
have 1
have 1
have 1
have 1
have 1
have 1
have 1
have 1
have 1
have 1
have 1
have 1
have 1
have 1
have 1
have 1
have 1
have 1
have 1
have 1
have 1
have 1
have 1
have 1
have 1
have 1
have 1
have 1
have 1
have 1
have 1
have 1
have 1
have 1
have 1
have 1
have 1
have 1
have 1
have 1
have 1
have 1
have 1
have 1
have 1
have 1
have 1
have 1
have 1
have 1
have 1
have 1
have 1
have 1
have 1
have 1
have 1
have 1
have 1
have 1
have 1
have 1
have 1
have 1
have 1
have 1
have 1
have 1
have 1
have 1
have 1
have 1
have 1
have 1
have 1
have 1
have 1
have 1
have 1
have 1
have 1
have 1
have 1
have 1
have 1
have 1
have 1
have 1
have 1
have 1
have 1
have 1
have 1
have 1
have 1
have 1
have 1
have 1
have 1
have 1
have 1
have 1
have 1
have 1
have 1
have 1
have 1
have 1
have 1
have 1
have 1
have 1
have 1
have 1
have 1
have 1
have 1
have 1
have 1
have 1
have 1
have 1
have 1
have 1
have 1
have 1
have 1
have 1
have 1
have 1
have 1
have 1
have 1
have 1
have 1
have 1
have 1
have 1
have 1
have 1
have 1
have 1
have 1
have 1
have 1
have 1
have 1
have 1
have 1
have 1
have 1
have 1
have 1
have 1
have 1
have 1
have 1
have 1
have 1
have 1
have 1
have 1
have 1
have 1
have 1
have 1
have 1
have 1
have 1
have 1
have 1
have 1
have 1
have 1
have 1
have 1
have 1
have 1
have 1
have 1
have 1
have 1
have 1
have 1
have 1
have 1
have 1
have 1
have 1
have 1
have 1
have 1
have 1
have 1
have 1
have 1
have 1
have 1
have 1
have 1
have 1
have 1
have 1
have 1
have 1
have 1
have 1
have 1
have 1
have 1
have 1
have 1
have 1
have 1
have 1
have 1
have 1
have 1
have 1
have 1
have 1
have 1
have 1
have 1
have 1
have 1
have 1
have 1
have 1
have 1
have 1
have 1
have 1
have 1
have 1
have 1
have 1
have 1
have 1
have 1
have 1
have 1
have 1
have 1
have 1
have 1
have 1
have 1
have 1
have 1
have 1
have 1
have 1
have 1
have 1
have 1
have 1
have 1
have 1
have 1
have 1
have 1
have 1
have 1
have 1
have 1
have 1
have 1
have 1
have 1
have 1
have 1
have 1
have 1
have 1
have 1
have 1
have 1
have 1
have 1
have 1
have 1
have 1
have 1
have 1
have 1
have 1
have 1
have 1
have 1
have 1
have 1
have 1
have 1
have 1
have 1
have 1
have 1
have 1
have 1
have 1
have 1
have 1
have 1
have 1
have 1
have 1
have 1
have 1
have 1
have 1
have 1
have 1
have 1
have 1
have 1
have 1
have 1
have 1
have 1
have 1
have 1
have 1
have 1
have 1
have 1
have 1
have 1
have 1
have 1
have 1
have 1
have 1
have 1
have 1
have 1
have 1
have 1
have 1
have 1
have 1
have 1
have 1
have 1
have 1
have 1
have 1
have 1
have 1
have 1
have 1
have 1
have 1
have 1
have 1
have 1
have 1
have 1
have 1
have 1
have 1
have 1
have 1
have 1
have 1
have 1
have 1
have 1
have 1
have 1
have 1
have 1
have 1
have 1
have 1
have 1
have 1
have 1
have 1
have 1
have 1
have 1
have 1
have 1
have 1
have 1
have 1
have 1
have 1
have 1
have 1
have 1
have 1
have 1
have 1
have 1
have 1
have 1
have 1
have 1
have 1
have 1
have 1
have 1
have 1
have 1
have 1
have 1
have 1
have 1
have 1
have 1
have 1
have 1
have 1
have 1
have 1
have 1
have 1
have 1
have 1
have 1
have 1
have 1
have 1
have 1
have 1
have 1
have 1
have 1
have 1
have 1
have 1
have 1
have 1
have 1
have 1
have 1
have 1
have 1
have 1
have 1
have 1
have 1
have 1
have 1
have 1
have 1
have 1
have 1
have 1
have 1
have 1
have 1
have 1
have 1
have 1
have 1
have 1
have 1
have 1
have 1
have 1
have 1
have 1
have 1
have 1
have 1
have 1
have 1
have 1
have 1
have 1
have 1
have 1
have 1
have 1
have 1
have 1
have 1
have 1
have 1
have 1
have 1
have 1
have 1
have 1
have 1
have 1
have 1
have 1
have 1
have 1
have 1
have 1
have 1
have 1
have 1
have 1
have 1
have 1
have 1
have 1
have 1
have 1
have 1
have 1
have 1
have 1
have 1
have 1
have 1
have 1
have 1
have 1
have 1
have 1
have 1
have 1
have 1
have 1
have 1
have 1
have 1
have 1
have 1
have 1
have 1
have 1
have 1
have 1
have 1
have 1
have 1
have 1
have 1
have 1
have 1
have 1
have 1
have 1
have 1
have 1
have 1
have 1
have 1
have 1
have 1
have 1
have 1
have 1
have 1
have 1
have 1
have 1
have 1
have 1
have 1
have 1
have 1
have 1
have 1
have 1
have 1
have 1
have 1
have 1
have 1
have 1
have 1
have 1
have 1
have 1
have 1
have 1
have 1
have 1
have 1
have 1
have 1
have 1
have 1
have 1
have 1
have 1
have 1
have 1
have 1
have 1
have 1
have 1
have 1
have 1
have 1
have 1
have 1
have 1
have 1
have 1
have 1
have 1
have 1
have 1
have 1
have 1
have 1
have 1
have 1
have 1
have 1
have 1
have 1
have 1
have 1
have 1
have 1
have 1
have 1
have 1
have 1
have 1
have 1
have 1
have 1
have 1
have 1
have 1
have 1
have 1
have 1
have 1
have 1
have 1
have 1
have 1
have 1
have 1
have 1
have 1
have 1
have 1
have 1
have 1
have 1
have 1
have 1
have 1
have 1
have 1
have 1
have 1
have 1
have 1
have 1
have 1
have 1
have 1
have 1
have 1
have 1
have 1
have 1
have 1
have 1
have 1
have 1
have 1
have 1
have 1
have 1
have 1
have 1
have 1
have 1
have 1
have 1
have 1
have 1
have 1
have 1
have 1
have 1
have 1
have 1
have 1
have 1
have 1
have 1
have 1
have 1
have 1
have 1
have 1
have 1
have 1
have 1
have 1
have 1
have 1
have 1
have 1
have 1
have 1
have 1
have 1
have 1
have 1
have 1
have 1
have 1
have 1
have 1
have 1
have 1
have 1
have 1
have 1
have 1
have 1
heading 1
heading 1
heading 1
heap 1
heard 1
heard 1
heard 1
heard 1
heard 1
heard 1
heard 1
heard 1
heard 1
heard 1
heard 1
heard 1
heard 1
heard 1
heard 1
heard 1
heard 1
heard 1
heard 1
heard 1
heard 1
heard 1
heard 1
heard 1
heard 1
heard 1
heard 1
heard 1
heard 1
heard 1
heard 1
heard 1
heard 1
heard 1
heard 1
heard 1
heard 1
heard 1
heard 1
heard 1
heard 1
heard 1
heard 1
heard 1
heard 1
heard 1
heard 1
heard 1
heard 1
heard 1
heard 1
heard 1
heard 1
heard 1
heard 1
heard 1
heard 1
heard 1
heard 1
heard 1
heard 1
heard 1
heard 1
heard 1
heard 1
heard 1
heard 1
heard 1
heard 1
heard 1
heard 1
heard 1
heard 1
heard 1
heard 1
heard 1
heard 1
heard 1
heard 1
heard 1
heard 1
heard 1
heard 1
heard 1
heard 1
heard 1
heard 1
heard 1
heard 1
heard 1
heard 1
heard 1
heard 1
heard 1
heard 1
heard 1
heard 1
heard 1
heard 1
heard 1
heard 1
heard 1
heard 1
heard 1
heard 1
heard 1
heard 1
heard 1
heard 1
heard 1
heard 1
heard 1
heard 1
hesitating 1
hesitating 1
highest 1
highest 1
highest 1
highest 1
highest 1
highest 1
highest 1
him 1
him 1
him 1
him 1
him 1
him 1
him 1
him 1
him 1
him 1
him 1
him 1
him 1
him 1
him 1
him 1
him 1
him 1
him 1
him 1
him 1
him 1
him 1
him 1
him 1
him 1
him 1
him 1
him 1
him 1
him 1
him 1
him 1
him 1
him 1
him 1
him 1
him 1
him 1
him 1
him 1
him 1
him 1
him 1
him 1
him 1
him 1
him 1
him 1
him 1
him 1
him 1
him 1
him 1
him 1
him 1
him 1
him 1
him 1
him 1
him 1
him 1
him 1
him 1
him 1
him 1
him 1
him 1
him 1
him 1
him 1
him 1
him 1
him 1
him 1
him 1
him 1
him 1
him 1
him 1
him 1
him 1
him 1
him 1
him 1
him 1
him 1
him 1
him 1
him 1
him 1
him 1
him 1
him 1
him 1
him 1
him 1
him 1
him 1
him 1
him 1
him 1
him 1
him 1
him 1
him 1
him 1
him 1
him 1
him 1
him 1
him 1
him 1
him 1
him 1
him 1
him 1
him 1
him 1
him 1
him 1
him 1
him 1
him 1
him 1
him 1
him 1
him 1
him 1
him 1
him 1
him 1
him 1
him 1
him 1
him 1
him 1
him 1
him 1
him 1
him 1
him 1
him 1
him 1
him 1
him 1
him 1
him 1
him 1
him 1
him 1
him 1
him 1
him 1
him 1
him 1
him 1
him 1
him 1
him 1
him 1
him 1
him 1
him 1
him 1
him 1
him 1
him 1
him 1
him 1
him 1
him 1
him 1
him 1
him 1
him 1
him 1
him 1
him 1
him 1
him 1
him 1
him 1
him 1
him 1
him 1
him 1
him 1
him 1
him 1
him 1
him 1
him 1
him 1
him 1
him 1
him 1
him 1
him 1
him 1
him 1
him 1
him 1
him 1
him 1
him 1
him 1
him 1
him 1
him 1
him 1
him 1
him 1
him 1
him 1
him 1
him 1
him 1
him 1
him 1
him 1
him 1
him 1
him 1
him 1
him 1
him 1
him 1
him 1
him 1
him 1
him 1
him 1
him 1
him 1
him 1
him 1
him 1
him 1
him 1
him 1
him 1
him 1
him 1
him 1
him 1
him 1
him 1
him 1
him 1
him 1
him 1
him 1
him 1
him 1
him 1
him 1
him 1
him 1
him 1
him 1
him 1
him 1
him 1
him 1
him 1
him 1
him 1
him 1
him 1
him 1
him 1
him 1
him 1
him 1
him 1
him 1
him 1
him 1
him 1
him 1
him 1
him 1
him 1
him 1
him 1
him 1
him 1
him 1
him 1
him 1
him 1
him 1
him 1
him 1
him 1
him 1
him 1
him 1
him 1
him 1
him 1
him 1
him 1
him 1
him 1
him 1
him 1
him 1
him 1
him 1
him 1
him 1
him 1
him 1
him 1
him 1
him 1
him 1
him 1
him 1
him 1
him 1
him 1
him 1
him 1
him 1
him 1
him 1
him 1
him 1
him 1
him 1
him 1
him 1
him 1
him 1
him 1
him 1
him 1
him 1
him 1
him 1
him 1
him 1
him 1
him 1
him 1
him 1
him 1
him 1
him 1
him 1
him 1
him 1
him 1
him 1
him 1
him 1
him 1
him 1
him 1
him 1
him 1
him 1
him 1
him 1
him 1
him 1
him 1
him 1
him 1
him 1
him 1
him 1
him 1
him 1
him 1
him 1
him 1
him 1
him 1
him 1
him 1
him 1
him 1
him 1
him 1
him 1
him 1
him 1
him 1
him 1
him 1
him 1
him 1
him 1
him 1
him 1
him 1
him 1
him 1
him 1
him 1
him 1
him 1
him 1
him 1
him 1
him 1
him 1
him 1
him 1
him 1
him 1
him 1
him 1
him 1
him 1
him 1
him 1
him 1
him 1
him 1
him 1
him 1
him 1
him 1
him 1
him 1
him 1
him 1
him 1
him 1
hinted 1
host 1
huffed 1
hurled 1
hurled 1
hurled 1
hurriedly 1
hurriedly 1
hurriedly 1
hurriedly 1
hurriedly 1
hurrying 1
hurrying 1
hurrying 1
hurrying 1
identity 1
identity 1
idle 1
illuminated 1
imbedded 1
immediately 1
immediately 1
immediately 1
immediately 1
immediately 1
immediately 1
immediately 1
imperturbably 1
implicate 1
implicate 1
implicated 1
imposing 1
impulsive 1
incident 1
incident 1
incident 1
incident 1
incident 1
incident 1
incident 1
incident 1
incident 1
incomplete 1
incomplete 1
independent 1
independent 1
independent 1
indisposition 1
indoors 1
indoors 1
indoors 1
infer 1
infer 1
inferences 1
inferences 1
inferences 1
inferences 1
inhabited 1
inhabited 1
inhabited 1
injections 1
instruction 1
intensified 1
interrupted 1
intimacy 1
introducing 1
introducing 1
iron 1
iron 1
iron 1
iron 1
iron 1
iron 1
iron 1
iron 1
iron 1
iron 1
iron 1
iron 1
isn 1
isn 1
isn 1
isn 1
isolation 1
jaw 1
jaw 1
jerking 1
joint 1
jokes 1
jowl 1
joy 1
joy 1
joy 1
joy 1
joy 1
jump 1
jump 1
jump 1
jump 1
knowledge 1
knowledge 1
knowledge 1
knowledge 1
knowledge 1
knowledge 1
knowledge 1
knowledge 1
knowledge 1
knowledge 1
knowledge 1
knowledge 1
knowledge 1
l 1
ladder 1
ladder 1
ladder 1
lane 1
lane 1
lane 1
lane 1
lane 1
lane 1
lane 1
lane 1
lane 1
lane 1
lane 1
lane 1
lane 1
lane 1
lane 1
languid 1
languid 1
lash 1
lash 1
lash 1
lash 1
lassitude 1
latch 1
lead 1
lead 1
lead 1
lead 1
lead 1
lead 1
lead 1
lead 1
lead 1
lead 1
leading 1
leading 1
leading 1
lean 1
lean 1
leaning 1
leaning 1
leaning 1
leaning 1
leaning 1
leaning 1
leaning 1
learn 1
learn 1
learn 1
learn 1
learn 1
learn 1
learn 1
learn 1
learn 1
learn 1
learn 1
learn 1
lecture 1
leg 1
leg 1
leg 1
leg 1
leg 1
leg 1
leg 1
legible 1
level 1
level 1
level 1
level 1
liberated 1
lids 1
lids 1
lids 1
lids 1
light 1
light 1
light 1
light 1
light 1
light 1
light 1
light 1
light 1
light 1
light 1
light 1
light 1
light 1
light 1
light 1
light 1
light 1
light 1
light 1
light 1
light 1
light 1
light 1
light 1
light 1
light 1
light 1
light 1
light 1
light 1
light 1
light 1
light 1
light 1
light 1
light 1
light 1
light 1
light 1
light 1
light 1
light 1
light 1
light 1
light 1
light 1
light 1
light 1
light 1
light 1
light 1
light 1
light 1
light 1
light 1
light 1
light 1
light 1
light 1
light 1
light 1
light 1
light 1
light 1
light 1
light 1
light 1
light 1
light 1
light 1
light 1
light 1
light 1
light 1
limited 1
limited 1
limited 1
lithe 1
livid 1
ll 1
ll 1
ll 1
ll 1
ll 1
ll 1
ll 1
ll 1
ll 1
ll 1
ll 1
ll 1
ll 1
ll 1
ll 1
ll 1
ll 1
ll 1
ll 1
ll 1
ll 1
ll 1
ll 1
ll 1
ll 1
ll 1
ll 1
ll 1
ll 1
ll 1
ll 1
ll 1
ll 1
ll 1
loading 1
loathing 1
logic 1
looks 1
looks 1
looks 1
looks 1
looks 1
looks 1
looks 1
looks 1
looks 1
looks 1
looks 1
looks 1
loved 1
loved 1
loved 1
loved 1
loved 1
lunatic 1
luncheon 1
lure 1
lurid 1
lurid 1
luxuriant 1
madam 1
madam 1
madam 1
madam 1
madam 1
madam 1
madam 1
madam 1
madam 1
madam 1
madam 1
madam 1
mahogany 1
maids 1
maids 1
maids 1
manifold 1
marshy 1
masses 1
master 1
master 1
master 1
master 1
master 1
master 1
master 1
master 1
master 1
master 1
master 1
master 1
master 1
mature 1
meanly 1
meanwhile 1
measure 1
meetings 1
meetings 1
mercy 1
mercy 1
merely 1
merely 1
merely 1
merely 1
merely 1
merely 1
merely 1
merely 1
merely 1
merely 1
methods 1
methods 1
methods 1
methods 1
methods 1
methods 1
methods 1
methods 1
methods 1
methods 1
metier 1
mews 1
mews 1
mews 1
mice 1
midday 1
miles 1
miles 1
miles 1
miles 1
miles 1
miles 1
miles 1
miles 1
miles 1
miles 1
miles 1
miles 1
miles 1
miles 1
miles 1
miles 1
miles 1
million 1
mingled 1
mingled 1
minute 1
minute 1
minute 1
minute 1
minute 1
minute 1
miss 1
miss 1
miss 1
miss 1
miss 1
miss 1
miss 1
miss 1
misses 1
missing 1
missing 1
missing 1
missing 1
missing 1
missing 1
missing 1
missing 1
missing 1
missing 1
missing 1
missing 1
moistened 1
moisture 1
moisture 1
moisture 1
monarch 1
money 1
money 1
money 1
money 1
money 1
money 1
money 1
money 1
money 1
money 1
money 1
money 1
money 1
money 1
money 1
money 1
money 1
money 1
money 1
money 1
money 1
money 1
money 1
money 1
money 1
money 1
money 1
money 1
money 1
money 1
money 1
money 1
money 1
money 1
money 1
money 1
money 1
money 1
money 1
money 1
money 1
money 1
money 1
money 1
money 1
money 1
money 1
monosyllables 1
moonless 1
mountains 1
mousseline 1
mumbled 1
mumbled 1
munificent 1
mustard 1
my 1
my 1
my 1
my 1
my 1
my 1
my 1
my 1
my 1
my 1
my 1
my 1
my 1
my 1
my 1
my 1
my 1
my 1
my 1
my 1
my 1
my 1
my 1
my 1
my 1
my 1
my 1
my 1
my 1
my 1
my 1
my 1
my 1
my 1
my 1
my 1
my 1
my 1
my 1
my 1
my 1
my 1
my 1
my 1
my 1
my 1
my 1
my 1
my 1
my 1
my 1
my 1
my 1
my 1
my 1
my 1
my 1
my 1
my 1
my 1
my 1
my 1
my 1
my 1
my 1
my 1
my 1
my 1
my 1
my 1
my 1
my 1
my 1
my 1
my 1
my 1
my 1
my 1
my 1
my 1
my 1
my 1
my 1
my 1
my 1
my 1
my 1
my 1
my 1
my 1
my 1
my 1
my 1
my 1
my 1
my 1
my 1
my 1
my 1
my 1
my 1
my 1
my 1
my 1
my 1
my 1
my 1
my 1
my 1
my 1
my 1
my 1
my 1
my 1
my 1
my 1
my 1
my 1
my 1
my 1
my 1
my 1
my 1
my 1
my 1
my 1
my 1
my 1
my 1
my 1
my 1
my 1
my 1
my 1
my 1
my 1
my 1
my 1
my 1
my 1
my 1
my 1
my 1
my 1
my 1
my 1
my 1
my 1
my 1
my 1
my 1
my 1
my 1
my 1
my 1
my 1
my 1
my 1
my 1
my 1
my 1
my 1
my 1
my 1
my 1
my 1
my 1
my 1
my 1
my 1
my 1
my 1
my 1
my 1
my 1
my 1
my 1
my 1
my 1
my 1
my 1
my 1
my 1
my 1
my 1
my 1
my 1
my 1
my 1
my 1
my 1
my 1
my 1
my 1
my 1
my 1
my 1
my 1
my 1
my 1
my 1
my 1
my 1
my 1
my 1
my 1
my 1
my 1
my 1
my 1
my 1
my 1
my 1
my 1
my 1
my 1
my 1
my 1
my 1
my 1
my 1
my 1
my 1
my 1
my 1
my 1
my 1
my 1
my 1
my 1
my 1
my 1
my 1
my 1
my 1
my 1
my 1
my 1
my 1
my 1
my 1
my 1
my 1
my 1
my 1
my 1
my 1
my 1
my 1
my 1
my 1
my 1
my 1
my 1
my 1
my 1
my 1
my 1
my 1
my 1
my 1
my 1
my 1
my 1
my 1
my 1
my 1
my 1
my 1
my 1
my 1
my 1
my 1
my 1
my 1
my 1
my 1
my 1
my 1
my 1
my 1
my 1
my 1
my 1
my 1
my 1
my 1
my 1
my 1
my 1
my 1
my 1
my 1
my 1
my 1
my 1
my 1
my 1
my 1
my 1
my 1
my 1
my 1
my 1
my 1
my 1
my 1
my 1
my 1
my 1
my 1
my 1
my 1
my 1
my 1
my 1
my 1
my 1
my 1
my 1
my 1
my 1
my 1
my 1
my 1
my 1
my 1
my 1
my 1
my 1
my 1
my 1
my 1
my 1
my 1
my 1
my 1
my 1
my 1
my 1
my 1
my 1
my 1
my 1
my 1
my 1
my 1
my 1
my 1
my 1
my 1
my 1
my 1
my 1
my 1
my 1
my 1
my 1
my 1
my 1
my 1
my 1
my 1
my 1
my 1
my 1
my 1
my 1
my 1
my 1
my 1
my 1
my 1
my 1
my 1
my 1
my 1
my 1
my 1
my 1
my 1
my 1
my 1
my 1
my 1
my 1
my 1
my 1
my 1
my 1
my 1
my 1
my 1
my 1
my 1
my 1
my 1
my 1
my 1
my 1
my 1
my 1
my 1
my 1
my 1
my 1
my 1
my 1
my 1
my 1
my 1
my 1
my 1
my 1
my 1
my 1
my 1
my 1
my 1
my 1
my 1
my 1
my 1
my 1
my 1
my 1
my 1
my 1
my 1
my 1
my 1
my 1
my 1
my 1
my 1
my 1
my 1
my 1
my 1
my 1
my 1
my 1
my 1
my 1
my 1
my 1
my 1
my 1
my 1
my 1
my 1
my 1
my 1
my 1
my 1
my 1
my 1
my 1
my 1
my 1
my 1
my 1
my 1
my 1
my 1
my 1
my 1
my 1
my 1
my 1
my 1
my 1
my 1
my 1
my 1
my 1
my 1
my 1
my 1
my 1
my 1
my 1
my 1
my 1
my 1
my 1
my 1
my 1
my 1
my 1
my 1
my 1
my 1
my 1
my 1
my 1
my 1
my 1
my 1
my 1
my 1
my 1
my 1
my 1
my 1
my 1
my 1
my 1
my 1
my 1
my 1
my 1
my 1
my 1
my 1
my 1
my 1
my 1
my 1
my 1
my 1
my 1
my 1
my 1
my 1
my 1
my 1
my 1
my 1
my 1
my 1
my 1
my 1
my 1
my 1
my 1
my 1
my 1
my 1
my 1
my 1
my 1
my 1
my 1
my 1
my 1
my 1
my 1
my 1
my 1
my 1
my 1
my 1
my 1
my 1
my 1
my 1
my 1
my 1
my 1
my 1
my 1
my 1
my 1
my 1
my 1
my 1
my 1
my 1
my 1
my 1
my 1
my 1
my 1
my 1
my 1
my 1
my 1
my 1
my 1
my 1
my 1
my 1
my 1
my 1
my 1
my 1
my 1
my 1
my 1
my 1
my 1
my 1
my 1
my 1
my 1
my 1
my 1
my 1
my 1
my 1
my 1
my 1
my 1
my 1
my 1
my 1
my 1
my 1
my 1
my 1
my 1
my 1
my 1
my 1
my 1
my 1
my 1
my 1
my 1
my 1
my 1
my 1
my 1
my 1
my 1
my 1
my 1
my 1
my 1
my 1
my 1
my 1
my 1
my 1
my 1
my 1
my 1
my 1
my 1
my 1
my 1
my 1
my 1
my 1
my 1
my 1
my 1
my 1
my 1
my 1
my 1
my 1
my 1
my 1
my 1
my 1
my 1
my 1
my 1
my 1
my 1
my 1
my 1
my 1
my 1
my 1
my 1
my 1
my 1
my 1
my 1
my 1
my 1
my 1
my 1
my 1
my 1
my 1
my 1
my 1
my 1
my 1
my 1
my 1
my 1
my 1
my 1
my 1
my 1
my 1
my 1
my 1
my 1
my 1
my 1
my 1
my 1
my 1
my 1
my 1
my 1
my 1
my 1
my 1
my 1
my 1
my 1
my 1
my 1
my 1
my 1
my 1
my 1
my 1
my 1
my 1
my 1
my 1
my 1
my 1
my 1
my 1
my 1
my 1
my 1
my 1
my 1
my 1
my 1
my 1
my 1
my 1
my 1
my 1
my 1
my 1
my 1
my 1
my 1
my 1
my 1
my 1
my 1
my 1
my 1
my 1
my 1
my 1
my 1
my 1
my 1
my 1
my 1
my 1
my 1
my 1
my 1
my 1
my 1
my 1
my 1
my 1
my 1
my 1
my 1
my 1
my 1
my 1
my 1
my 1
my 1
my 1
my 1
my 1
my 1
my 1
my 1
my 1
my 1
my 1
my 1
my 1
my 1
my 1
my 1
my 1
my 1
my 1
my 1
my 1
my 1
my 1
my 1
my 1
my 1
my 1
my 1
my 1
my 1
my 1
my 1
my 1
my 1
my 1
my 1
my 1
my 1
my 1
my 1
my 1
my 1
my 1
my 1
my 1
my 1
my 1
my 1
my 1
my 1
my 1
my 1
my 1
my 1
my 1
my 1
my 1
my 1
my 1
my 1
my 1
my 1
my 1
my 1
my 1
my 1
my 1
my 1
my 1
my 1
my 1
my 1
my 1
my 1
my 1
my 1
my 1
my 1
my 1
my 1
my 1
my 1
my 1
my 1
my 1
my 1
my 1
my 1
my 1
my 1
my 1
my 1
my 1
my 1
my 1
my 1
my 1
my 1
my 1
my 1
my 1
my 1
my 1
my 1
my 1
my 1
my 1
my 1
my 1
my 1
my 1
my 1
my 1
my 1
my 1
my 1
my 1
my 1
my 1
my 1
my 1
my 1
my 1
my 1
my 1
my 1
my 1
my 1
my 1
my 1
my 1
my 1
my 1
my 1
my 1
my 1
my 1
names 1
names 1
names 1
names 1
names 1
narrative 1
narrative 1
narrative 1
narrative 1
narrative 1
narrative 1
narrative 1
narrative 1
narrative 1
narrative 1
narrative 1
narrative 1
national 1
national 1
nd 1
nd 1
nd 1
nd 1
neighbours 1
neighbours 1
neighbours 1
neighbours 1
network 1
nipper 1
nostrils 1
nostrils 1
noted 1
noted 1
notice 1
notice 1
notice 1
notice 1
notice 1
notice 1
notice 1
notice 1
notice 1
notice 1
notorious 1
obtained 1
older 1
older 1
older 1
older 1
older 1
older 1
opium 1
opium 1
opium 1
opium 1
opium 1
opium 1
opium 1
opium 1
opium 1
opium 1
opium 1
opium 1
organisation 1
organisation 1
ounce 1
ounce 1
outbreaks 1
outhouse 1
over 1
over 1
over 1
over 1
over 1
over 1
over 1
over 1
over 1
over 1
over 1
over 1
over 1
over 1
over 1
over 1
over 1
over 1
over 1
over 1
over 1
over 1
over 1
over 1
over 1
over 1
over 1
over 1
over 1
over 1
over 1
over 1
over 1
over 1
over 1
over 1
over 1
over 1
over 1
over 1
over 1
over 1
over 1
over 1
over 1
over 1
over 1
over 1
over 1
over 1
over 1
over 1
over 1
over 1
over 1
over 1
over 1
over 1
over 1
over 1
over 1
over 1
over 1
over 1
over 1
over 1
over 1
over 1
over 1
over 1
over 1
over 1
over 1
over 1
over 1
over 1
over 1
over 1
over 1
over 1
over 1
over 1
over 1
over 1
over 1
over 1
over 1
over 1
over 1
over 1
over 1
over 1
over 1
over 1
over 1
over 1
over 1
over 1
over 1
over 1
over 1
over 1
over 1
over 1
over 1
over 1
over 1
over 1
over 1
over 1
over 1
over 1
over 1
over 1
over 1
over 1
over 1
over 1
over 1
over 1
over 1
over 1
over 1
over 1
over 1
over 1
over 1
over 1
over 1
over 1
over 1
over 1
over 1
over 1
over 1
over 1
over 1
over 1
over 1
over 1
over 1
over 1
over 1
over 1
over 1
over 1
over 1
over 1
over 1
over 1
over 1
over 1
over 1
over 1
over 1
over 1
over 1
over 1
over 1
over 1
over 1
over 1
over 1
over 1
over 1
over 1
over 1
over 1
over 1
over 1
over 1
over 1
over 1
over 1
over 1
over 1
over 1
over 1
over 1
over 1
over 1
over 1
packed 1
packed 1
painfully 1
partly 1
partner 1
partner 1
partner 1
partner 1
passed 1
passed 1
passed 1
passed 1
passed 1
passed 1
passed 1
passed 1
passed 1
passed 1
passed 1
passed 1
passed 1
passed 1
passed 1
passed 1
passed 1
passed 1
passed 1
passed 1
passed 1
passed 1
passed 1
passed 1
passed 1
passed 1
passed 1
passed 1
passed 1
passed 1
passed 1
passed 1
passed 1
passed 1
passed 1
passed 1
passed 1
passed 1
passed 1
passed 1
passed 1
pate 1
paths 1
patients 1
patients 1
peep 1
perfectly 1
perfectly 1
perfectly 1
perfectly 1
perfectly 1
perfectly 1
perfectly 1
perfectly 1
perfectly 1
perfectly 1
perfectly 1
performance 1
performance 1
perplexing 1
pestered 1
pierced 1
pierced 1
pierced 1
pierced 1
piled 1
pips 1
pips 1
pips 1
pips 1
pips 1
pips 1
pips 1
pips 1
pips 1
pips 1
pitch 1
pitch 1
pitch 1
pitch 1
pitch 1
plannings 1
plate 1
plate 1
plate 1
pleasant 1
pleasant 1
pleasant 1
pleasant 1
pleasant 1
pleasant 1
pleasant 1
plenty 1
plenty 1
plenty 1
plenty 1
plied 1
poison 1
poison 1
poison 1
poison 1
poison 1
poison 1
police 1
police 1
police 1
police 1
police 1
police 1
police 1
police 1
police 1
police 1
police 1
police 1
police 1
police 1
police 1
police 1
police 1
police 1
police 1
police 1
police 1
police 1
police 1
police 1
police 1
police 1
police 1
police 1
police 1
police 1
police 1
police 1
police 1
police 1
police 1
police 1
police 1
police 1
police 1
police 1
police 1
police 1
police 1
police 1
police 1
police 1
police 1
police 1
police 1
police 1
police 1
policy 1
policy 1
poor 1
poor 1
poor 1
poor 1
poor 1
poor 1
poor 1
poor 1
poor 1
poor 1
poor 1
poor 1
poor 1
poor 1
poor 1
poor 1
poor 1
poor 1
poor 1
poor 1
poor 1
poor 1
portly 1
portly 1
possess 1
possess 1
possess 1
possession 1
possession 1
possession 1
possession 1
possession 1
possession 1
possession 1
possession 1
predominated 1
presented 1
presented 1
presented 1
presented 1
presented 1
presented 1
presented 1
pretence 1
prices 1
prices 1
prices 1
principal 1
principal 1
principal 1
principal 1
principal 1
printed 1
printed 1
printed 1
printed 1
printed 1
printed 1
printed 1
prisoner 1
prisoner 1
prisoner 1
prisoner 1
prisoner 1
prisoner 1
prisoner 1
prisoner 1
prisoner 1
prisoner 1
prisoner 1
privacy 1
profession 1
profession 1
profession 1
profession 1
profession 1
profession 1
profession 1
profession 1
profession 1
profession 1
prompt 1
prompt 1
prompt 1
prompt 1
prompt 1
prompt 1
proportion 1
proposal 1
propose 1
propose 1
prosecuted 1
prosperous 1
provisions 1
provoked 1
provoked 1
puffed 1
puffed 1
pulled 1
pulled 1
pulled 1
pulled 1
pulled 1
pulled 1
pulled 1
pulled 1
pulled 1
pulled 1
pulled 1
pulled 1
pulled 1
pulled 1
pulled 1
pulled 1
pulled 1
purchasing 1
puzzled 1
puzzled 1
puzzled 1
puzzled 1
puzzled 1
quavering 1
queer 1
quiet 1
quiet 1
quiet 1
quiet 1
quiet 1
quiet 1
quiet 1
quiet 1
quiet 1
quiet 1
quiet 1
quiet 1
quiet 1
quiet 1
quiet 1
quiet 1
quiet 1
quiet 1
quiet 1
quiet 1
quiet 1
rabbit 1
rabbit 1
raised 1
raised 1
raised 1
raised 1
raised 1
raised 1
raised 1
raised 1
raised 1
raised 1
raised 1
raised 1
rare 1
rare 1
rare 1
ray 1
rearranging 1
rearranging 1
reason 1
reason 1
reason 1
reason 1
reason 1
reason 1
reason 1
reason 1
reason 1
reason 1
reason 1
reason 1
reason 1
reason 1
reason 1
reason 1
reason 1
reason 1
reason 1
reason 1
reason 1
reason 1
reason 1
reason 1
reason 1
reason 1
reasonable 1
reasonable 1
recalled 1
recalled 1
recalled 1
recover 1
recover 1
remanded 1
reporting 1
reserve 1
reserve 1
reserve 1
resided 1
resided 1
resist 1
resist 1
resolution 1
resolution 1
resolution 1
rest 1
rest 1
rest 1
rest 1
rest 1
rest 1
rest 1
rest 1
rest 1
rest 1
rest 1
rest 1
rest 1
rest 1
rest 1
rest 1
rest 1
rest 1
rest 1
restrain 1
restraint 1
restraint 1
reverie 1
ridiculously 1
ring 1
ring 1
ring 1
ring 1
ring 1
ring 1
ring 1
ring 1
ring 1
ring 1
ring 1
ring 1
ring 1
ring 1
ring 1
ring 1
ring 1
ringing 1
ringing 1
risers 1
rising 1
rising 1
rising 1
rising 1
rising 1
rising 1
rising 1
rising 1
rising 1
risks 1
rocked 1
rogue 1
rogue 1
rolled 1
rolled 1
rolled 1
rolled 1
rolled 1
rolled 1
rooms 1
rooms 1
rooms 1
rooms 1
rooms 1
rooms 1
rooms 1
rooms 1
rooms 1
rooms 1
rooms 1
rooms 1
rooms 1
rooms 1
rooms 1
rooms 1
rooms 1
rooms 1
rooms 1
rooms 1
rooms 1
rooms 1
rooms 1
rooms 1
rooms 1
rooms 1
rooms 1
rooms 1
rooms 1
ruffians 1
rumour 1
runs 1
runs 1
runs 1
runs 1
runs 1
ruthless 1
saddles 1
safes 1
safety 1
safety 1
safety 1
safety 1
safety 1
salary 1
salary 1
salary 1
salary 1
salary 1
salary 1
same 1
same 1
same 1
same 1
same 1
same 1
same 1
same 1
same 1
same 1
same 1
same 1
same 1
same 1
same 1
same 1
same 1
same 1
same 1
same 1
same 1
same 1
same 1
same 1
same 1
same 1
same 1
same 1
same 1
same 1
same 1
same 1
same 1
same 1
same 1
same 1
same 1
same 1
same 1
same 1
same 1
same 1
same 1
same 1
same 1
same 1
same 1
same 1
same 1
same 1
same 1
same 1
same 1
same 1
same 1
same 1
satisfactory 1
satisfied 1
satisfied 1
satisfied 1
satisfied 1
satisfied 1
says 1
says 1
says 1
says 1
says 1
says 1
says 1
says 1
says 1
says 1
says 1
says 1
says 1
says 1
says 1
scraped 1
scraped 1
scratching 1
seats 1
seats 1
seek 1
seek 1
seek 1
seek 1
seize 1
seldom 1
seldom 1
seldom 1
seldom 1
seldom 1
self 1
self 1
self 1
self 1
self 1
self 1
self 1
self 1
self 1
self 1
self 1
self 1
self 1
sending 1
sending 1
sent 1
sent 1
sent 1
sent 1
sent 1
sent 1
sent 1
sent 1
sent 1
sent 1
sent 1
sent 1
sent 1
sent 1
sent 1
sent 1
sent 1
sent 1
sent 1
sent 1
sent 1
sentinel 1
several 1
several 1
several 1
several 1
several 1
several 1
several 1
several 1
several 1
several 1
several 1
several 1
several 1
several 1
several 1
several 1
several 1
several 1
several 1
several 1
several 1
several 1
several 1
several 1
several 1
several 1
several 1
several 1
several 1
several 1
sex 1
shaken 1
shaken 1
shaken 1
shaken 1
shapeless 1
shapeless 1
sharing 1
sharing 1
sharing 1
sharpened 1
shaving 1
shining 1
shining 1
shining 1
shining 1
shining 1
shining 1
shining 1
shining 1
shining 1
shining 1
shining 1
shining 1
shipwreck 1
short 1
short 1
short 1
short 1
short 1
short 1
short 1
short 1
short 1
short 1
short 1
short 1
short 1
short 1
short 1
short 1
short 1
short 1
short 1
short 1
short 1
short 1
shuttered 1
shuttered 1
shutters 1
shutters 1
shutters 1
shutters 1
shutters 1
shutters 1
shutters 1
shutters 1
shutters 1
shutters 1
silhouette 1
sill 1
sill 1
sill 1
sill 1
sill 1
sill 1
situation 1
situation 1
situation 1
situation 1
situation 1
situation 1
situation 1
situation 1
situation 1
situation 1
situation 1
situation 1
situation 1
sixteen 1
skinned 1
skinned 1
skirmishes 1
slice 1
slippery 1
slums 1
smarter 1
smearing 1
smearing 1
smokeless 1
smokes 1
smokes 1
snoring 1
sobered 1
sold 1
sold 1
sold 1
sold 1
sold 1
solemn 1
solemn 1
solicitor 1
somewhat 1
somewhat 1
somewhat 1
somewhat 1
somewhat 1
somewhat 1
somewhat 1
somewhat 1
soothed 1
southern 1
southern 1
sparkled 1
sparkled 1
spectators 1
spent 1
spent 1
spent 1
spent 1
spent 1
spent 1
spent 1
spent 1
spent 1
spent 1
spies 1
spirits 1
spirits 1
spirits 1
spirits 1
spirits 1
spirits 1
splashed 1
spoiled 1
spoiled 1
spongy 1
staccato 1
stage 1
stage 1
stage 1
stage 1
staggered 1
staggered 1
staggered 1
staggered 1
staggered 1
staggered 1
stained 1
stained 1
stained 1
stained 1
stains 1
stains 1
stains 1
stains 1
stains 1
states 1
states 1
states 1
states 1
states 1
states 1
states 1
states 1
steam 1
stick 1
stick 1
stick 1
stick 1
stick 1
straight 1
straight 1
straight 1
straight 1
straight 1
straight 1
straight 1
straight 1
streaming 1
stress 1
striving 1
subscribe 1
successful 1
successful 1
successful 1
successful 1
successful 1
successful 1
successful 1
suffered 1
suffered 1
sufficient 1
sufficient 1
sufficient 1
sufficient 1
sufficient 1
sufficient 1
surest 1
surmise 1
surmise 1
swaying 1
swish 1
synonymous 1
takes 1
takes 1
takes 1
takes 1
takes 1
takes 1
teller 1
temples 1
tended 1
tents 1
test 1
test 1
test 1
test 1
test 1
test 1
them 1
them 1
them 1
them 1
them 1
them 1
them 1
them 1
them 1
them 1
them 1
them 1
them 1
them 1
them 1
them 1
them 1
them 1
them 1
them 1
them 1
them 1
them 1
them 1
them 1
them 1
them 1
them 1
them 1
them 1
them 1
them 1
them 1
them 1
them 1
them 1
them 1
them 1
them 1
them 1
them 1
them 1
them 1
them 1
them 1
them 1
them 1
them 1
them 1
them 1
them 1
them 1
them 1
them 1
them 1
them 1
them 1
them 1
them 1
them 1
them 1
them 1
them 1
them 1
them 1
them 1
them 1
them 1
them 1
them 1
them 1
them 1
them 1
them 1
them 1
them 1
them 1
them 1
them 1
them 1
them 1
them 1
them 1
them 1
them 1
them 1
them 1
them 1
them 1
them 1
them 1
them 1
them 1
them 1
them 1
them 1
them 1
them 1
them 1
them 1
them 1
them 1
them 1
them 1
them 1
them 1
them 1
them 1
them 1
them 1
them 1
them 1
them 1
them 1
them 1
them 1
them 1
them 1
them 1
them 1
them 1
them 1
them 1
them 1
them 1
them 1
them 1
them 1
them 1
them 1
them 1
them 1
them 1
them 1
them 1
them 1
them 1
them 1
them 1
them 1
them 1
them 1
them 1
them 1
them 1
them 1
them 1
theoretical 1
there 1
there 1
there 1
there 1
there 1
there 1
there 1
there 1
there 1
there 1
there 1
there 1
there 1
there 1
there 1
there 1
there 1
there 1
there 1
there 1
there 1
there 1
there 1
there 1
there 1
there 1
there 1
there 1
there 1
there 1
there 1
there 1
there 1
there 1
there 1
there 1
there 1
there 1
there 1
there 1
there 1
there 1
there 1
there 1
there 1
there 1
there 1
there 1
there 1
there 1
there 1
there 1
there 1
there 1
there 1
there 1
there 1
there 1
there 1
there 1
there 1
there 1
there 1
there 1
there 1
there 1
there 1
there 1
there 1
there 1
there 1
there 1
there 1
there 1
there 1
there 1
there 1
there 1
there 1
there 1
there 1
there 1
there 1
there 1
there 1
there 1
there 1
there 1
there 1
there 1
there 1
there 1
there 1
there 1
there 1
there 1
there 1
there 1
there 1
there 1
there 1
there 1
there 1
there 1
there 1
there 1
there 1
there 1
there 1
there 1
there 1
there 1
there 1
there 1
there 1
there 1
there 1
there 1
there 1
there 1
there 1
there 1
there 1
there 1
there 1
there 1
there 1
there 1
there 1
there 1
there 1
there 1
there 1
there 1
there 1
there 1
there 1
there 1
there 1
there 1
there 1
there 1
there 1
there 1
there 1
there 1
there 1
there 1
there 1
there 1
there 1
there 1
there 1
there 1
there 1
there 1
there 1
there 1
there 1
there 1
there 1
there 1
there 1
there 1
there 1
there 1
there 1
there 1
there 1
there 1
there 1
there 1
there 1
there 1
there 1
there 1
there 1
there 1
there 1
there 1
there 1
there 1
there 1
there 1
there 1
there 1
there 1
there 1
there 1
there 1
there 1
there 1
there 1
there 1
there 1
there 1
there 1
there 1
there 1
there 1
there 1
there 1
there 1
there 1
there 1
there 1
there 1
there 1
there 1
there 1
there 1
there 1
there 1
there 1
there 1
there 1
there 1
there 1
there 1
there 1
there 1
there 1
there 1
there 1
there 1
there 1
there 1
there 1
there 1
there 1
there 1
there 1
there 1
there 1
there 1
there 1
there 1
there 1
there 1
there 1
there 1
there 1
there 1
there 1
there 1
there 1
there 1
there 1
there 1
there 1
there 1
there 1
there 1
there 1
there 1
there 1
there 1
there 1
there 1
there 1
there 1
there 1
there 1
there 1
there 1
there 1
there 1
there 1
there 1
there 1
there 1
there 1
there 1
there 1
there 1
there 1
there 1
there 1
there 1
there 1
there 1
there 1
there 1
there 1
there 1
there 1
there 1
there 1
there 1
there 1
there 1
there 1
there 1
there 1
there 1
there 1
there 1
there 1
there 1
there 1
there 1
there 1
there 1
there 1
there 1
there 1
there 1
there 1
there 1
there 1
there 1
there 1
there 1
there 1
there 1
there 1
there 1
there 1
there 1
there 1
there 1
there 1
there 1
there 1
there 1
there 1
there 1
there 1
there 1
there 1
there 1
there 1
there 1
there 1
there 1
there 1
there 1
there 1
there 1
there 1
there 1
there 1
there 1
thickening 1
thickly 1
thief 1
thief 1
thief 1
thief 1
thief 1
thief 1
this 1
this 1
this 1
this 1
this 1
this 1
this 1
this 1
this 1
this 1
this 1
this 1
this 1
this 1
this 1
this 1
this 1
this 1
this 1
this 1
this 1
this 1
this 1
this 1
this 1
this 1
this 1
this 1
this 1
this 1
this 1
this 1
this 1
this 1
this 1
this 1
this 1
this 1
this 1
this 1
this 1
this 1
this 1
this 1
this 1
this 1
this 1
this 1
this 1
this 1
this 1
this 1
this 1
this 1
this 1
this 1
this 1
this 1
this 1
this 1
this 1
this 1
this 1
this 1
this 1
this 1
this 1
this 1
this 1
this 1
this 1
this 1
this 1
this 1
this 1
this 1
this 1
this 1
this 1
this 1
this 1
this 1
this 1
this 1
this 1
this 1
this 1
this 1
this 1
this 1
this 1
this 1
this 1
this 1
this 1
this 1
this 1
this 1
this 1
this 1
this 1
this 1
this 1
this 1
this 1
this 1
this 1
this 1
this 1
this 1
this 1
this 1
this 1
this 1
this 1
this 1
this 1
this 1
this 1
this 1
this 1
this 1
this 1
this 1
this 1
this 1
this 1
this 1
this 1
this 1
this 1
this 1
this 1
this 1
this 1
this 1
this 1
this 1
this 1
this 1
this 1
this 1
this 1
this 1
this 1
this 1
this 1
this 1
this 1
this 1
this 1
this 1
this 1
this 1
this 1
this 1
this 1
this 1
this 1
this 1
this 1
this 1
this 1
this 1
this 1
this 1
this 1
this 1
this 1
this 1
this 1
this 1
this 1
this 1
this 1
this 1
this 1
this 1
this 1
this 1
this 1
this 1
this 1
this 1
this 1
this 1
this 1
this 1
this 1
this 1
this 1
this 1
this 1
this 1
this 1
this 1
this 1
this 1
this 1
this 1
this 1
this 1
this 1
this 1
this 1
this 1
this 1
this 1
this 1
this 1
this 1
this 1
this 1
this 1
this 1
this 1
this 1
this 1
this 1
this 1
this 1
this 1
this 1
this 1
this 1
this 1
this 1
this 1
this 1
this 1
this 1
this 1
this 1
this 1
this 1
this 1
this 1
this 1
this 1
this 1
this 1
this 1
this 1
this 1
this 1
this 1
this 1
this 1
this 1
this 1
this 1
this 1
this 1
this 1
this 1
this 1
this 1
this 1
this 1
this 1
this 1
this 1
this 1
this 1
this 1
this 1
this 1
this 1
this 1
this 1
this 1
this 1
this 1
this 1
this 1
this 1
this 1
this 1
this 1
this 1
this 1
this 1
this 1
this 1
this 1
this 1
this 1
this 1
this 1
this 1
this 1
this 1
this 1
this 1
this 1
this 1
this 1
this 1
this 1
this 1
this 1
this 1
this 1
this 1
this 1
this 1
this 1
this 1
this 1
this 1
this 1
this 1
this 1
this 1
this 1
this 1
this 1
this 1
this 1
this 1
this 1
this 1
this 1
this 1
this 1
this 1
this 1
this 1
this 1
this 1
this 1
this 1
this 1
this 1
this 1
this 1
this 1
this 1
this 1
this 1
this 1
this 1
this 1
this 1
this 1
this 1
this 1
this 1
this 1
this 1
this 1
this 1
this 1
this 1
this 1
this 1
this 1
this 1
this 1
this 1
this 1
this 1
this 1
this 1
this 1
this 1
this 1
this 1
this 1
this 1
this 1
this 1
this 1
this 1
this 1
this 1
this 1
this 1
this 1
this 1
this 1
this 1
this 1
this 1
this 1
this 1
this 1
this 1
this 1
this 1
this 1
this 1
this 1
this 1
this 1
this 1
this 1
this 1
this 1
this 1
this 1
this 1
this 1
this 1
this 1
this 1
this 1
this 1
this 1
this 1
this 1
this 1
this 1
this 1
this 1
this 1
this 1
this 1
this 1
this 1
this 1
this 1
this 1
this 1
this 1
this 1
this 1
this 1
this 1
this 1
this 1
this 1
this 1
this 1
this 1
this 1
this 1
this 1
this 1
this 1
this 1
this 1
thoughtful 1
thoughtful 1
thresholds 1
threw 1
threw 1
threw 1
threw 1
threw 1
threw 1
threw 1
threw 1
threw 1
threw 1
threw 1
threw 1
threw 1
threw 1
threw 1
threw 1
threw 1
threw 1
threw 1
threw 1
threw 1
threw 1
threw 1
threw 1
threw 1
threw 1
threw 1
threw 1
threw 1
throw 1
throw 1
throw 1
throw 1
throw 1
throw 1
throw 1
throw 1
throw 1
throw 1
throw 1
thrown 1
thrown 1
thrown 1
thrown 1
thrown 1
thrown 1
thrown 1
thrown 1
thrown 1
thrown 1
thrust 1
thrust 1
thrust 1
thrust 1
thrust 1
thrust 1
thrust 1
thrust 1
thrust 1
thrust 1
ticket 1
tied 1
tied 1
tied 1
tied 1
tied 1
tiny 1
tiny 1
tips 1
tips 1
tips 1
tips 1
tips 1
tired 1
tomfoolery 1
tone 1
tone 1
tops 1
tossed 1
tossed 1
tossed 1
tossed 1
tossed 1
tradespeople 1
transcription 1
trimmed 1
trimmed 1
triumphant 1
trout 1
trove 1
truly 1
truly 1
truly 1
trunk 1
trunk 1
tube 1
tucked 1
tugged 1
tugged 1
tugged 1
twinkle 1
twinkled 1
twinkled 1
twinkled 1
twinkled 1
typewriting 1
typewriting 1
typewriting 1
typewriting 1
typewritist 1
unacquainted 1
unbreakable 1
under 1
under 1
under 1
under 1
under 1
under 1
under 1
under 1
under 1
under 1
under 1
under 1
under 1
under 1
under 1
under 1
under 1
under 1
under 1
under 1
under 1
under 1
under 1
under 1
under 1
under 1
under 1
under 1
under 1
under 1
under 1
under 1
under 1
under 1
under 1
under 1
under 1
under 1
under 1
under 1
under 1
under 1
under 1
under 1
under 1
under 1
unfailingly 1
uniform 1
uniform 1
unkempt 1
untamed 1
upbraided 1
upon 1
upon 1
upon 1
upon 1
upon 1
upon 1
upon 1
upon 1
upon 1
upon 1
upon 1
upon 1
upon 1
upon 1
upon 1
upon 1
upon 1
upon 1
upon 1
upon 1
upon 1
upon 1
upon 1
upon 1
upon 1
upon 1
upon 1
upon 1
upon 1
upon 1
upon 1
upon 1
upon 1
upon 1
upon 1
upon 1
upon 1
upon 1
upon 1
upon 1
upon 1
upon 1
upon 1
upon 1
upon 1
upon 1
upon 1
upon 1
upon 1
upon 1
upon 1
upon 1
upon 1
upon 1
upon 1
upon 1
upon 1
upon 1
upon 1
upon 1
upon 1
upon 1
upon 1
upon 1
upon 1
upon 1
upon 1
upon 1
upon 1
upon 1
upon 1
upon 1
upon 1
upon 1
upon 1
upon 1
upon 1
upon 1
upon 1
upon 1
upon 1
upon 1
upon 1
upon 1
upon 1
upon 1
upon 1
upon 1
upon 1
upon 1
upon 1
upon 1
upon 1
upon 1
upon 1
upon 1
upon 1
upon 1
upon 1
upon 1
upon 1
upon 1
upon 1
upon 1
upon 1
upon 1
upon 1
upon 1
upon 1
upon 1
upon 1
upon 1
upon 1
upon 1
upon 1
upon 1
upon 1
upon 1
upon 1
upon 1
upon 1
upon 1
upon 1
upon 1
upon 1
upon 1
upon 1
upon 1
upon 1
upon 1
upon 1
upon 1
upon 1
upon 1
upon 1
upon 1
upon 1
upon 1
upon 1
upon 1
upon 1
upon 1
upon 1
upon 1
upon 1
upon 1
upon 1
upon 1
upon 1
upon 1
upon 1
upon 1
upon 1
upon 1
upon 1
upon 1
upon 1
upon 1
upon 1
upon 1
upon 1
upon 1
upon 1
upon 1
upon 1
upon 1
upon 1
upon 1
upon 1
upon 1
upon 1
upon 1
upon 1
upon 1
upon 1
upon 1
upon 1
upon 1
upon 1
upon 1
upon 1
upon 1
upon 1
upon 1
upon 1
upon 1
upon 1
upon 1
upon 1
upon 1
upon 1
upon 1
upon 1
upon 1
upon 1
upon 1
upon 1
upon 1
upon 1
upon 1
upon 1
upon 1
upon 1
upon 1
upon 1
upon 1
upon 1
upon 1
upon 1
upon 1
upon 1
upon 1
upon 1
upon 1
upon 1
upon 1
upon 1
upon 1
upon 1
upon 1
upon 1
upon 1
upon 1
upon 1
upon 1
upon 1
upon 1
upon 1
upon 1
upon 1
upon 1
upon 1
upon 1
upon 1
upon 1
upon 1
upon 1
upon 1
upon 1
upon 1
upon 1
upon 1
upon 1
upon 1
upon 1
upon 1
upon 1
upon 1
upon 1
upon 1
upon 1
upon 1
upon 1
upon 1
upon 1
upon 1
upon 1
upon 1
upon 1
upon 1
upon 1
upon 1
upon 1
upon 1
upon 1
upon 1
upon 1
upon 1
upon 1
upon 1
upon 1
upon 1
upon 1
upon 1
upon 1
upon 1
upon 1
upon 1
upon 1
upon 1
upon 1
upon 1
upon 1
upon 1
upon 1
upon 1
upon 1
upon 1
upon 1
upon 1
upon 1
upon 1
upon 1
upon 1
upon 1
upon 1
upon 1
upon 1
upon 1
upon 1
upon 1
upon 1
upon 1
upon 1
upon 1
upon 1
upon 1
upon 1
upon 1
upon 1
upon 1
upon 1
upon 1
upon 1
upon 1
upon 1
upon 1
upon 1
upon 1
upon 1
upon 1
upon 1
upon 1
upon 1
upon 1
upon 1
upon 1
upon 1
upon 1
upon 1
upon 1
upon 1
upon 1
upon 1
upon 1
upon 1
upon 1
upon 1
upon 1
upon 1
upon 1
upon 1
upon 1
upon 1
upon 1
upon 1
upon 1
upon 1
upon 1
upon 1
upon 1
upon 1
upon 1
upon 1
upon 1
upon 1
upon 1
upon 1
upon 1
upon 1
upon 1
upon 1
upon 1
upon 1
upon 1
upon 1
upon 1
upon 1
upon 1
upon 1
upon 1
upon 1
upon 1
upon 1
upon 1
upon 1
upon 1
upon 1
upon 1
upon 1
upon 1
upon 1
upon 1
upon 1
upon 1
upon 1
upon 1
upon 1
upon 1
upon 1
upon 1
upon 1
upon 1
upon 1
upon 1
upon 1
upon 1
upon 1
upon 1
upon 1
upon 1
upon 1
upon 1
upon 1
upon 1
upon 1
upon 1
upon 1
upon 1
upon 1
upon 1
upon 1
upon 1
upon 1
upon 1
upon 1
upon 1
upon 1
upon 1
upon 1
upon 1
upon 1
upon 1
upon 1
upon 1
upon 1
upon 1
upon 1
upon 1
upon 1
upon 1
upon 1
upon 1
upon 1
upon 1
upon 1
upon 1
upon 1
upon 1
upon 1
upon 1
upon 1
upon 1
upon 1
upon 1
upon 1
upon 1
upon 1
upon 1
upon 1
upon 1
upon 1
upon 1
upon 1
upon 1
upon 1
upon 1
upon 1
upon 1
upon 1
upon 1
upon 1
upon 1
upon 1
upon 1
upper 1
upper 1
upper 1
upper 1
upper 1
upper 1
upper 1
usual 1
usual 1
usual 1
usual 1
usual 1
usual 1
usual 1
usual 1
usual 1
usual 1
usual 1
usual 1
usual 1
uttering 1
vagabond 1
valet 1
vanished 1
vanished 1
vanished 1
vanished 1
vanished 1
vanished 1
vanished 1
vanished 1
vanished 1
vanished 1
veil 1
veil 1
veil 1
veil 1
veil 1
veil 1
veil 1
veil 1
velvet 1
velvet 1
venomous 1
very 1
very 1
very 1
very 1
very 1
very 1
very 1
very 1
very 1
very 1
very 1
very 1
very 1
very 1
very 1
very 1
very 1
very 1
very 1
very 1
very 1
very 1
very 1
very 1
very 1
very 1
very 1
very 1
very 1
very 1
very 1
very 1
very 1
very 1
very 1
very 1
very 1
very 1
very 1
very 1
very 1
very 1
very 1
very 1
very 1
very 1
very 1
very 1
very 1
very 1
very 1
very 1
very 1
very 1
very 1
very 1
very 1
very 1
very 1
very 1
very 1
very 1
very 1
very 1
very 1
very 1
very 1
very 1
very 1
very 1
very 1
very 1
very 1
very 1
very 1
very 1
very 1
very 1
very 1
very 1
very 1
very 1
very 1
very 1
very 1
very 1
very 1
very 1
very 1
very 1
very 1
very 1
very 1
very 1
very 1
very 1
very 1
very 1
very 1
very 1
very 1
very 1
very 1
very 1
very 1
very 1
very 1
very 1
very 1
very 1
very 1
very 1
very 1
very 1
very 1
very 1
very 1
very 1
very 1
very 1
very 1
very 1
very 1
very 1
very 1
very 1
very 1
very 1
very 1
very 1
very 1
very 1
very 1
very 1
very 1
very 1
very 1
very 1
very 1
very 1
very 1
very 1
very 1
very 1
very 1
very 1
very 1
very 1
very 1
very 1
very 1
very 1
very 1
very 1
very 1
very 1
very 1
very 1
very 1
very 1
very 1
very 1
very 1
very 1
very 1
very 1
very 1
very 1
very 1
very 1
very 1
very 1
very 1
very 1
very 1
very 1
very 1
very 1
very 1
very 1
very 1
very 1
very 1
very 1
very 1
very 1
very 1
very 1
very 1
very 1
very 1
very 1
very 1
very 1
very 1
very 1
very 1
very 1
very 1
very 1
very 1
very 1
very 1
very 1
very 1
very 1
very 1
very 1
very 1
very 1
very 1
very 1
very 1
very 1
very 1
very 1
very 1
very 1
very 1
very 1
very 1
very 1
very 1
very 1
very 1
very 1
very 1
very 1
very 1
very 1
very 1
very 1
very 1
very 1
very 1
very 1
very 1
very 1
very 1
very 1
very 1
very 1
very 1
very 1
very 1
very 1
very 1
very 1
very 1
very 1
very 1
very 1
very 1
very 1
very 1
very 1
very 1
very 1
very 1
very 1
very 1
very 1
very 1
very 1
very 1
very 1
very 1
very 1
very 1
very 1
very 1
very 1
very 1
very 1
very 1
very 1
very 1
very 1
very 1
very 1
very 1
very 1
very 1
very 1
very 1
very 1
very 1
very 1
very 1
very 1
very 1
very 1
very 1
very 1
very 1
very 1
very 1
very 1
very 1
very 1
very 1
very 1
very 1
very 1
very 1
very 1
very 1
very 1
very 1
very 1
very 1
very 1
very 1
very 1
very 1
very 1
very 1
very 1
very 1
very 1
very 1
very 1
very 1
very 1
very 1
very 1
very 1
very 1
very 1
very 1
very 1
very 1
very 1
very 1
very 1
very 1
very 1
very 1
very 1
very 1
very 1
very 1
very 1
very 1
very 1
very 1
very 1
very 1
very 1
very 1
very 1
very 1
very 1
very 1
very 1
very 1
very 1
very 1
very 1
very 1
very 1
very 1
very 1
very 1
very 1
very 1
very 1
very 1
very 1
very 1
very 1
victory 1
village 1
village 1
village 1
village 1
village 1
village 1
village 1
virtues 1
voice 1
voice 1
voice 1
voice 1
voice 1
voice 1
voice 1
voice 1
voice 1
voice 1
voice 1
voice 1
voice 1
voice 1
voice 1
voice 1
voice 1
voice 1
voice 1
voice 1
void 1
voraciously 1
waist 1
waited 1
waited 1
waited 1
waited 1
waited 1
waited 1
waited 1
waited 1
waited 1
waited 1
waited 1
waited 1
waited 1
waited 1
waited 1
war 1
war 1
warranties 1
wasted 1
wasted 1
wasted 1
watched 1
watched 1
watched 1
watched 1
watched 1
watched 1
watered 1
waters 1
waving 1
waving 1
wayside 1
wayside 1
we 1
we 1
we 1
we 1
we 1
we 1
we 1
we 1
we 1
we 1
we 1
we 1
we 1
we 1
we 1
we 1
we 1
we 1
we 1
we 1
we 1
we 1
we 1
we 1
we 1
we 1
we 1
we 1
we 1
we 1
we 1
we 1
we 1
we 1
we 1
we 1
we 1
we 1
we 1
we 1
we 1
we 1
we 1
we 1
we 1
we 1
we 1
we 1
we 1
we 1
we 1
we 1
we 1
we 1
we 1
we 1
we 1
we 1
we 1
we 1
we 1
we 1
we 1
we 1
we 1
we 1
we 1
we 1
we 1
we 1
we 1
we 1
we 1
we 1
we 1
we 1
we 1
we 1
we 1
we 1
we 1
we 1
we 1
we 1
we 1
we 1
we 1
we 1
we 1
we 1
we 1
we 1
we 1
we 1
we 1
we 1
we 1
we 1
we 1
we 1
we 1
we 1
we 1
we 1
we 1
we 1
we 1
we 1
we 1
we 1
we 1
we 1
we 1
we 1
we 1
we 1
we 1
we 1
we 1
we 1
we 1
we 1
we 1
we 1
we 1
we 1
we 1
we 1
we 1
we 1
we 1
we 1
we 1
we 1
we 1
we 1
we 1
we 1
we 1
we 1
we 1
we 1
we 1
we 1
we 1
we 1
we 1
we 1
we 1
we 1
we 1
we 1
we 1
we 1
we 1
we 1
we 1
we 1
we 1
we 1
we 1
we 1
we 1
we 1
we 1
we 1
we 1
we 1
we 1
we 1
we 1
we 1
we 1
we 1
we 1
we 1
we 1
we 1
we 1
we 1
we 1
we 1
we 1
we 1
we 1
we 1
we 1
we 1
we 1
we 1
we 1
we 1
we 1
we 1
we 1
we 1
we 1
we 1
we 1
we 1
we 1
we 1
we 1
we 1
we 1
we 1
we 1
we 1
we 1
we 1
we 1
we 1
we 1
we 1
we 1
we 1
we 1
we 1
we 1
we 1
we 1
we 1
we 1
we 1
we 1
we 1
we 1
we 1
we 1
we 1
we 1
we 1
we 1
we 1
we 1
we 1
we 1
we 1
we 1
we 1
we 1
we 1
we 1
we 1
we 1
we 1
we 1
we 1
we 1
we 1
we 1
we 1
we 1
we 1
we 1
we 1
we 1
we 1
we 1
we 1
we 1
we 1
we 1
we 1
we 1
we 1
we 1
we 1
we 1
we 1
we 1
we 1
we 1
we 1
we 1
we 1
we 1
we 1
we 1
we 1
we 1
we 1
we 1
we 1
we 1
we 1
we 1
we 1
we 1
we 1
we 1
we 1
we 1
we 1
we 1
we 1
we 1
we 1
we 1
we 1
we 1
we 1
we 1
we 1
we 1
we 1
we 1
we 1
we 1
we 1
we 1
we 1
we 1
we 1
we 1
we 1
we 1
we 1
we 1
we 1
we 1
we 1
we 1
we 1
we 1
we 1
we 1
we 1
we 1
we 1
we 1
we 1
we 1
we 1
we 1
we 1
we 1
we 1
we 1
we 1
we 1
we 1
we 1
we 1
we 1
we 1
we 1
we 1
we 1
we 1
we 1
we 1
we 1
we 1
we 1
we 1
we 1
we 1
we 1
we 1
we 1
we 1
we 1
we 1
we 1
we 1
we 1
we 1
we 1
we 1
we 1
we 1
we 1
we 1
we 1
we 1
we 1
we 1
we 1
we 1
we 1
we 1
we 1
we 1
we 1
we 1
we 1
we 1
we 1
we 1
we 1
we 1
we 1
we 1
we 1
we 1
we 1
we 1
we 1
we 1
we 1
we 1
we 1
we 1
we 1
we 1
we 1
we 1
we 1
we 1
we 1
we 1
we 1
we 1
we 1
we 1
we 1
we 1
we 1
we 1
wealthy 1
wealthy 1
weave 1
welcome 1
well 1
well 1
well 1
well 1
well 1
well 1
well 1
well 1
well 1
well 1
well 1
well 1
well 1
well 1
well 1
well 1
well 1
well 1
well 1
well 1
well 1
well 1
well 1
well 1
well 1
well 1
well 1
well 1
well 1
well 1
well 1
well 1
well 1
well 1
well 1
well 1
well 1
well 1
well 1
well 1
well 1
well 1
well 1
well 1
well 1
well 1
well 1
well 1
well 1
well 1
well 1
well 1
well 1
well 1
well 1
well 1
well 1
well 1
well 1
well 1
well 1
well 1
well 1
well 1
well 1
well 1
well 1
well 1
well 1
well 1
well 1
well 1
well 1
well 1
well 1
well 1
well 1
well 1
well 1
well 1
well 1
well 1
well 1
well 1
well 1
well 1
well 1
well 1
well 1
well 1
well 1
well 1
well 1
well 1
well 1
well 1
well 1
well 1
well 1
wet 1
wet 1
wet 1
wet 1
wharves 1
wharves 1
wheeled 1
wheels 1
wheels 1
wheels 1
wheels 1
wheels 1
wheels 1
wheels 1
whenever 1
whenever 1
whenever 1
whip 1
whip 1
whip 1
whip 1
whispering 1
whoever 1
whoever 1
whoever 1
whose 1
whose 1
whose 1
whose 1
whose 1
whose 1
whose 1
whose 1
whose 1
whose 1
whose 1
whose 1
whose 1
whose 1
whose 1
whose 1
whose 1
whose 1
whose 1
whose 1
whose 1
whoso 1
wigs 1
will 1
will 1
will 1
will 1
will 1
will 1
will 1
will 1
will 1
will 1
will 1
will 1
will 1
will 1
will 1
will 1
will 1
will 1
will 1
will 1
will 1
will 1
will 1
will 1
will 1
will 1
will 1
will 1
will 1
will 1
will 1
will 1
will 1
will 1
will 1
will 1
will 1
will 1
will 1
will 1
will 1
will 1
will 1
will 1
will 1
will 1
will 1
will 1
will 1
will 1
will 1
will 1
will 1
will 1
will 1
will 1
will 1
will 1
will 1
will 1
will 1
will 1
will 1
will 1
will 1
will 1
will 1
will 1
will 1
will 1
will 1
will 1
will 1
will 1
will 1
will 1
will 1
will 1
will 1
will 1
will 1
will 1
will 1
will 1
will 1
will 1
will 1
will 1
will 1
will 1
will 1
will 1
will 1
will 1
will 1
will 1
will 1
will 1
will 1
will 1
will 1
will 1
will 1
will 1
will 1
will 1
will 1
will 1
will 1
will 1
will 1
will 1
will 1
will 1
will 1
will 1
will 1
will 1
will 1
will 1
will 1
will 1
will 1
will 1
will 1
will 1
will 1
will 1
will 1
will 1
will 1
will 1
will 1
will 1
will 1
will 1
will 1
will 1
will 1
will 1
will 1
will 1
will 1
will 1
will 1
will 1
will 1
will 1
will 1
will 1
will 1
will 1
will 1
will 1
will 1
will 1
will 1
will 1
will 1
will 1
will 1
will 1
will 1
will 1
will 1
will 1
will 1
will 1
will 1
will 1
will 1
will 1
will 1
will 1
will 1
will 1
will 1
will 1
will 1
will 1
will 1
will 1
will 1
will 1
will 1
will 1
will 1
will 1
will 1
will 1
will 1
will 1
will 1
will 1
will 1
will 1
will 1
will 1
will 1
will 1
will 1
will 1
will 1
will 1
will 1
will 1
will 1
will 1
will 1
will 1
will 1
will 1
will 1
will 1
will 1
will 1
will 1
will 1
will 1
will 1
will 1
will 1
will 1
will 1
will 1
will 1
will 1
will 1
will 1
will 1
will 1
will 1
will 1
will 1
will 1
will 1
will 1
will 1
will 1
will 1
will 1
will 1
will 1
will 1
will 1
will 1
will 1
will 1
will 1
will 1
will 1
will 1
will 1
will 1
will 1
will 1
will 1
will 1
will 1
will 1
will 1
will 1
will 1
will 1
willing 1
willing 1
willing 1
willing 1
willing 1
wines 1
wings 1
wings 1
womanhood 1
world 1
world 1
world 1
world 1
world 1
world 1
world 1
world 1
world 1
world 1
world 1
world 1
world 1
world 1
world 1
worth 1
worth 1
worth 1
worth 1
worth 1
worth 1
worth 1
worth 1
worth 1
worth 1
wounded 1
wretched 1
wretched 1
wrists 1
wrists 1
wrists 1
writes 1
yet 1
yet 1
yet 1
yet 1
yet 1
yet 1
yet 1
yet 1
yet 1
yet 1
yet 1
yet 1
yet 1
yet 1
yet 1
yet 1
yet 1
yet 1
yet 1
yet 1
yet 1
yet 1
yet 1
yet 1
yet 1
yet 1
yet 1
yet 1
yet 1
yet 1
yet 1
yet 1
yet 1
yet 1
yet 1
yet 1
yet 1
yet 1
yet 1
yet 1
yet 1
yet 1
yet 1
yet 1
yet 1
yet 1
yet 1
yet 1
yet 1
yet 1
yet 1
yet 1
yet 1
yet 1
yet 1
yet 1
yet 1
yet 1
yet 1
yet 1
yet 1
yet 1
yet 1
yet 1
yet 1
yet 1
yet 1
yet 1
yet 1
yet 1
yet 1
yet 1
yet 1
yet 1
yet 1
yet 1
young 1
young 1
young 1
young 1
young 1
young 1
young 1
young 1
young 1
young 1
young 1
young 1
young 1
young 1
young 1
young 1
young 1
young 1
young 1
young 1
young 1
young 1
young 1
young 1
young 1
young 1
young 1
young 1
young 1
young 1
young 1
young 1
young 1
young 1
young 1
young 1
young 1
young 1
young 1
young 1
young 1
young 1
young 1
young 1
young 1
young 1
young 1
young 1
young 1
young 1
young 1
young 1
young 1
young 1
young 1
young 1
young 1
young 1
young 1
young 1
young 1
young 1
young 1
young 1
young 1
young 1
young 1
young 1
young 1
young 1
young 1
young 1
young 1
young 1
young 1
young 1
young 1
young 1
young 1
zero 1
zero 1
zigzag 1
