ANYTHING 1
Absolutely 1
Absolutely 1
Absolutely 1
Accustomed 1
After 1
After 1
After 1
After 1
After 1
Albert 1
Albert 1
Albert 1
Alice 1
Alice 1
Alice 1
Alice 1
Alice 1
Alice 1
Alice 1
Alice 1
Alice 1
Alice 1
Alice 1
Alice 1
American 1
American 1
American 1
American 1
American 1
American 1
American 1
American 1
American 1
American 1
American 1
Anyhow 1
Anyhow 1
Australia 1
Australia 1
Avenue 1
Avenue 1
Avenue 1
Avenue 1
BACHELOR 1
Brixton 1
Brixton 1
Brixton 1
Brixton 1
Brixton 1
Brixton 1
CASE 1
CONTRACT 1
Chance 1
Charles 1
Close 1
Come 1
Come 1
Come 1
Come 1
Come 1
Come 1
Come 1
Come 1
Come 1
Come 1
Come 1
Come 1
Come 1
Come 1
Come 1
Commons 1
Coroner 1
Coroner 1
Coroner 1
Coroner 1
Coroner 1
Coroner 1
Coroner 1
Coroner 1
Coventry 1
Crime 1
DEAR 1
DEAR 1
DEAR 1
DEAR 1
Data 1
Dearest 1
Doctors 1
Drive 1
EBOOK 1
EBOOK 1
Evening 1
FIVE 1
Farintosh 1
Farintosh 1
Farm 1
Farm 1
Farm 1
Farm 1
Farm 1
Farm 1
Farm 1
Fashionable 1
Fenchurch 1
Fenchurch 1
Folk 1
Foreign 1
Forgery 1
Fresh 1
Game 1
Georgia 1
Georgia 1
Getting 1
Godfrey 1
Godfrey 1
Godfrey 1
Godfrey 1
Godfrey 1
Goodwins 1
Greenwich 1
HOLMES 1
HOLMES 1
HOLMES 1
HOLMES 1
HOLMES 1
HOLMES 1
Hatherley 1
Hatherley 1
Hatherley 1
Hatherley 1
Hatherley 1
Hatherley 1
Hatherley 1
Hatherley 1
Hatherley 1
Hatherley 1
Hatherley 1
Hatherley 1
Hatherley 1
Hatherley 1
Hatherley 1
Hatherley 1
Hatherley 1
Hatherley 1
Here 1
Here 1
Here 1
Here 1
Here 1
Here 1
Here 1
Here 1
Here 1
Here 1
Here 1
Here 1
Here 1
Here 1
Here 1
Here 1
Here 1
Here 1
Here 1
Here 1
Here 1
Here 1
Here 1
Here 1
Here 1
Here 1
Here 1
Here 1
Here 1
Here 1
Here 1
Here 1
Here 1
Here 1
Here 1
Herefordshire 1
Herefordshire 1
His 1
His 1
His 1
His 1
His 1
His 1
His 1
His 1
His 1
His 1
His 1
His 1
His 1
His 1
His 1
His 1
His 1
His 1
His 1
His 1
His 1
His 1
His 1
His 1
His 1
His 1
His 1
His 1
His 1
His 1
His 1
His 1
His 1
His 1
His 1
His 1
His 1
His 1
His 1
His 1
His 1
His 1
His 1
His 1
His 1
His 1
His 1
His 1
His 1
His 1
His 1
His 1
His 1
His 1
His 1
His 1
Hopkins 1
Hopkins 1
Horace 1
Hunter 1
Hunter 1
Hunter 1
Hunter 1
Hunter 1
Hunter 1
Hunter 1
Hunter 1
Hunter 1
Hunter 1
Hunter 1
Hunter 1
Hunter 1
Hunter 1
Hunter 1
Hunter 1
Hunter 1
Hunter 1
Hunter 1
Identity 1
Is 1
Is 1
Is 1
Is 1
Is 1
Is 1
Is 1
Is 1
Is 1
Is 1
Is 1
Is 1
Is 1
Is 1
Is 1
Is 1
Is 1
J 1
JABEZ 1
JEPHRO 1
James 1
James 1
James 1
James 1
James 1
James 1
James 1
James 1
James 1
James 1
James 1
James 1
James 1
James 1
James 1
James 1
James 1
James 1
James 1
James 1
James 1
Juryman 1
Lascar 1
Lascar 1
Lascar 1
Lascar 1
Lascar 1
Lascar 1
Lascar 1
Lascar 1
Lascar 1
Lascar 1
Lascar 1
Lascar 1
Lysander 1
Lysander 1
Lysander 1
Lysander 1
Lysander 1
Lysander 1
Lysander 1
MISS 1
Maudsley 1
Montague 1
Morning 1
Morning 1
Morning 1
November 1
ORANGE 1
Obviously 1
Obviously 1
Office 1
PGLAF 1
PLEASE 1
PURPOSE 1
Pentonville 1
Peterson 1
Peterson 1
Peterson 1
Peterson 1
Peterson 1
Peterson 1
Peterson 1
Peterson 1
Peterson 1
Peterson 1
Peterson 1
Pool 1
Pool 1
Pool 1
Pool 1
Pool 1
Pool 1
Pool 1
Pool 1
Pool 1
Pool 1
Posting 1
REFUND 1
Read 1
Read 1
Road 1
Road 1
Road 1
Road 1
Road 1
Road 1
Road 1
Road 1
Road 1
Road 1
Road 1
Road 1
Road 1
Road 1
Road 1
Robinson 1
Rockies 1
Royalty 1
Royalty 1
Russell 1
SIMON 1
SIR 1
Salt 1
Savannah 1
Savannah 1
Savannah 1
Savannah 1
Savannah 1
Send 1
Set 1
Shall 1
She 1
She 1
She 1
She 1
She 1
She 1
She 1
She 1
She 1
She 1
She 1
She 1
She 1
She 1
She 1
She 1
She 1
She 1
She 1
She 1
She 1
She 1
She 1
She 1
She 1
She 1
She 1
She 1
She 1
She 1
She 1
She 1
She 1
She 1
She 1
She 1
She 1
She 1
She 1
She 1
She 1
She 1
She 1
She 1
She 1
She 1
She 1
She 1
She 1
She 1
She 1
She 1
She 1
She 1
She 1
She 1
She 1
She 1
She 1
She 1
She 1
She 1
She 1
She 1
She 1
She 1
She 1
She 1
She 1
She 1
She 1
She 1
She 1
She 1
She 1
She 1
She 1
She 1
She 1
She 1
She 1
She 1
She 1
She 1
She 1
She 1
She 1
She 1
She 1
She 1
She 1
She 1
She 1
She 1
She 1
She 1
Sholtos 1
Sir 1
Sir 1
Sir 1
Sir 1
Sir 1
Sir 1
Sir 1
Sir 1
Sir 1
Sir 1
Sir 1
Society 1
Someone 1
Someone 1
Still 1
Still 1
Still 1
Still 1
Still 1
Still 1
Still 1
Still 1
Still 1
Still 1
Still 1
Supposing 1
Sutherland 1
Sutherland 1
Sutherland 1
Sutherland 1
Sutherland 1
Sutherland 1
Sutherland 1
Sutherland 1
Sutherland 1
Sutherland 1
Sutherland 1
THIS 1
THIS 1
THIS 1
THIS 1
THIS 1
Thames 1
Thank 1
Thank 1
Thank 1
Thank 1
Thank 1
Thank 1
Thank 1
Thank 1
Thank 1
Thank 1
Thank 1
Thank 1
Thank 1
Thank 1
Thank 1
Thank 1
Thank 1
Thank 1
Thank 1
Their 1
Their 1
Thoreau 1
Times 1
Times 1
Tired 1
Too 1
Too 1
Too 1
Trepoff 1
Uffa 1
Upper 1
Upper 1
Upper 1
Vegetarian 1
Walsall 1
Watson 1
Watson 1
Watson 1
Watson 1
Watson 1
Watson 1
Watson 1
Watson 1
Watson 1
Watson 1
Watson 1
Watson 1
Watson 1
Watson 1
Watson 1
Watson 1
Watson 1
Watson 1
Watson 1
Watson 1
Watson 1
Watson 1
Watson 1
Watson 1
Watson 1
Watson 1
Watson 1
Watson 1
Watson 1
Watson 1
Watson 1
Watson 1
Watson 1
Watson 1
Watson 1
Watson 1
Watson 1
Watson 1
Watson 1
Watson 1
Watson 1
Watson 1
Watson 1
Watson 1
Watson 1
Watson 1
Watson 1
Watson 1
Watson 1
Watson 1
Watson 1
Watson 1
Watson 1
Watson 1
Watson 1
Watson 1
Watson 1
Watson 1
Watson 1
Watson 1
Watson 1
Watson 1
Watson 1
Watson 1
Watson 1
Watson 1
Watson 1
Watson 1
Watson 1
Watson 1
Watson 1
Watson 1
Watson 1
Watson 1
Watson 1
Watson 1
Watson 1
Watson 1
Watson 1
Watson 1
Watson 1
Wednesday 1
Wednesday 1
Wednesday 1
Wednesday 1
Who 1
Who 1
Who 1
Who 1
Who 1
Who 1
Who 1
Who 1
Who 1
Who 1
Who 1
Who 1
Who 1
Who 1
Who 1
Who 1
Who 1
Wooden 1
Young 1
Young 1
abiding 1
abominable 1
absolutely 1
absolutely 1
absolutely 1
absolutely 1
absolutely 1
absolutely 1
absolutely 1
absolutely 1
absolutely 1
absolutely 1
absolutely 1
absolutely 1
absolutely 1
absolutely 1
absolutely 1
absolutely 1
absolutely 1
absolutely 1
absolutely 1
absolutely 1
absolutely 1
absolutely 1
absolutely 1
absolutely 1
accepting 1
accompanied 1
accompli 1
accomplice 1
accomplice 1
according 1
according 1
acquired 1
actionable 1
actionable 1
addicted 1
addresses 1
administration 1
admitted 1
advance 1
advance 1
advance 1
advance 1
advance 1
advance 1
advertising 1
advertising 1
advised 1
after 1
after 1
after 1
after 1
after 1
after 1
after 1
after 1
after 1
after 1
after 1
after 1
after 1
after 1
after 1
after 1
after 1
after 1
after 1
after 1
after 1
after 1
after 1
after 1
after 1
after 1
after 1
after 1
after 1
after 1
after 1
after 1
after 1
after 1
after 1
after 1
after 1
after 1
after 1
after 1
after 1
after 1
after 1
after 1
after 1
after 1
after 1
after 1
after 1
after 1
after 1
after 1
after 1
after 1
after 1
after 1
after 1
after 1
after 1
after 1
after 1
after 1
after 1
after 1
after 1
after 1
after 1
after 1
after 1
after 1
after 1
after 1
after 1
after 1
after 1
after 1
after 1
after 1
after 1
after 1
after 1
after 1
after 1
after 1
after 1
after 1
after 1
after 1
after 1
after 1
after 1
after 1
after 1
after 1
agreement 1
agreement 1
agreement 1
agreement 1
agreement 1
agreement 1
agreement 1
agreement 1
agreement 1
agreement 1
agreement 1
agreement 1
agreement 1
agreement 1
agreement 1
agreement 1
agreement 1
air 1
air 1
air 1
air 1
air 1
air 1
air 1
air 1
air 1
air 1
air 1
air 1
air 1
air 1
air 1
air 1
air 1
air 1
air 1
air 1
air 1
air 1
air 1
air 1
air 1
air 1
aisle 1
already 1
already 1
already 1
already 1
already 1
already 1
already 1
already 1
already 1
already 1
already 1
already 1
already 1
already 1
already 1
already 1
already 1
already 1
already 1
already 1
already 1
already 1
already 1
already 1
already 1
already 1
already 1
already 1
already 1
already 1
already 1
already 1
already 1
already 1
already 1
already 1
already 1
already 1
already 1
already 1
already 1
already 1
already 1
already 1
already 1
already 1
already 1
alter 1
alterations 1
amplifying 1
analysis 1
analysis 1
analysis 1
analysis 1
ancient 1
annoyance 1
annoyance 1
annoyance 1
anything 1
anything 1
anything 1
anything 1
anything 1
anything 1
anything 1
anything 1
anything 1
anything 1
anything 1
anything 1
anything 1
anything 1
anything 1
anything 1
anything 1
anything 1
anything 1
anything 1
anything 1
anything 1
anything 1
anything 1
anything 1
anything 1
anything 1
anything 1
anything 1
anything 1
anything 1
anything 1
anything 1
anything 1
anything 1
anything 1
anything 1
anything 1
anything 1
anything 1
anything 1
anything 1
anything 1
anything 1
anything 1
anything 1
anything 1
anything 1
anything 1
anything 1
anything 1
arrows 1
article 1
article 1
article 1
article 1
asked 1
asked 1
asked 1
asked 1
asked 1
asked 1
asked 1
asked 1
asked 1
asked 1
asked 1
asked 1
asked 1
asked 1
asked 1
asked 1
asked 1
asked 1
asked 1
asked 1
asked 1
asked 1
asked 1
asked 1
asked 1
asked 1
asked 1
asked 1
asked 1
asked 1
asked 1
asked 1
asked 1
asked 1
asked 1
asked 1
asked 1
asked 1
asked 1
asked 1
asked 1
asked 1
asked 1
asked 1
asked 1
asked 1
asked 1
asked 1
asked 1
asked 1
asked 1
asked 1
asked 1
asked 1
asked 1
asked 1
asked 1
asked 1
asked 1
asked 1
asked 1
asked 1
asked 1
asked 1
asked 1
asked 1
asked 1
asked 1
asked 1
asked 1
asked 1
asked 1
asked 1
asked 1
asked 1
asked 1
asked 1
asked 1
asked 1
asked 1
asked 1
asked 1
asked 1
asked 1
asked 1
asked 1
asked 1
asked 1
asleep 1
asleep 1
asleep 1
asleep 1
asleep 1
assaulted 1
assembled 1
assert 1
assume 1
assume 1
astute 1
attempts 1
attempts 1
attempts 1
attempts 1
attempts 1
avoided 1
avoided 1
awakened 1
awakened 1
awakened 1
baby 1
baby 1
backed 1
backed 1
backed 1
backed 1
bark 1
bark 1
bean 1
beard 1
beard 1
beard 1
becoming 1
beds 1
beds 1
been 1
been 1
been 1
been 1
been 1
been 1
been 1
been 1
been 1
been 1
been 1
been 1
been 1
been 1
been 1
been 1
been 1
been 1
been 1
been 1
been 1
been 1
been 1
been 1
been 1
been 1
been 1
been 1
been 1
been 1
been 1
been 1
been 1
been 1
been 1
been 1
been 1
been 1
been 1
been 1
been 1
been 1
been 1
been 1
been 1
been 1
been 1
been 1
been 1
been 1
been 1
been 1
been 1
been 1
been 1
been 1
been 1
been 1
been 1
been 1
been 1
been 1
been 1
been 1
been 1
been 1
been 1
been 1
been 1
been 1
been 1
been 1
been 1
been 1
been 1
been 1
been 1
been 1
been 1
been 1
been 1
been 1
been 1
been 1
been 1
been 1
been 1
been 1
been 1
been 1
been 1
been 1
been 1
been 1
been 1
been 1
been 1
been 1
been 1
been 1
been 1
been 1
been 1
been 1
been 1
been 1
been 1
been 1
been 1
been 1
been 1
been 1
been 1
been 1
been 1
been 1
been 1
been 1
been 1
been 1
been 1
been 1
been 1
been 1
been 1
been 1
been 1
been 1
been 1
been 1
been 1
been 1
been 1
been 1
been 1
been 1
been 1
been 1
been 1
been 1
been 1
been 1
been 1
been 1
been 1
been 1
been 1
been 1
been 1
been 1
been 1
been 1
been 1
been 1
been 1
been 1
been 1
been 1
been 1
been 1
been 1
been 1
been 1
been 1
been 1
been 1
been 1
been 1
been 1
been 1
been 1
been 1
been 1
been 1
been 1
been 1
been 1
been 1
been 1
been 1
been 1
been 1
been 1
been 1
been 1
been 1
been 1
been 1
been 1
been 1
been 1
been 1
been 1
been 1
been 1
been 1
been 1
been 1
been 1
been 1
been 1
been 1
been 1
been 1
been 1
been 1
been 1
been 1
been 1
been 1
been 1
been 1
been 1
been 1
been 1
been 1
been 1
been 1
been 1
been 1
been 1
been 1
been 1
been 1
been 1
been 1
been 1
been 1
been 1
been 1
been 1
been 1
been 1
been 1
been 1
been 1
been 1
been 1
been 1
been 1
been 1
been 1
been 1
been 1
been 1
been 1
been 1
been 1
been 1
been 1
been 1
been 1
been 1
been 1
been 1
been 1
been 1
been 1
been 1
been 1
been 1
been 1
been 1
been 1
been 1
been 1
been 1
been 1
been 1
been 1
been 1
been 1
been 1
been 1
been 1
been 1
been 1
been 1
been 1
been 1
been 1
been 1
been 1
been 1
been 1
been 1
been 1
been 1
been 1
been 1
been 1
been 1
been 1
been 1
been 1
been 1
been 1
been 1
been 1
been 1
been 1
been 1
been 1
been 1
been 1
been 1
been 1
been 1
been 1
been 1
been 1
been 1
been 1
been 1
been 1
been 1
been 1
been 1
been 1
been 1
been 1
been 1
been 1
been 1
been 1
been 1
been 1
been 1
been 1
been 1
been 1
been 1
been 1
been 1
been 1
been 1
been 1
been 1
been 1
been 1
been 1
been 1
been 1
been 1
been 1
been 1
been 1
been 1
been 1
been 1
been 1
been 1
been 1
been 1
been 1
been 1
been 1
been 1
been 1
been 1
been 1
been 1
been 1
been 1
been 1
been 1
been 1
been 1
been 1
been 1
been 1
been 1
been 1
been 1
been 1
been 1
been 1
been 1
been 1
been 1
been 1
been 1
been 1
been 1
been 1
been 1
been 1
been 1
been 1
been 1
been 1
been 1
been 1
beggarman 1
belonged 1
belonged 1
belongs 1
belongs 1
belongs 1
benevolent 1
better 1
better 1
better 1
better 1
better 1
better 1
better 1
better 1
better 1
better 1
better 1
better 1
better 1
better 1
better 1
better 1
better 1
better 1
better 1
better 1
better 1
better 1
better 1
better 1
better 1
better 1
better 1
better 1
better 1
better 1
better 1
better 1
better 1
better 1
better 1
better 1
better 1
better 1
better 1
better 1
better 1
better 1
better 1
better 1
better 1
better 1
better 1
better 1
better 1
bicycling 1
bigger 1
bile 1
billet 1
billet 1
billycock 1
bitten 1
bitten 1
bitter 1
bitter 1
bitter 1
bitter 1
bleeding 1
bleeding 1
blew 1
blew 1
blue 1
blue 1
blue 1
blue 1
blue 1
blue 1
blue 1
blue 1
blue 1
blue 1
blue 1
blue 1
blue 1
blue 1
blue 1
blue 1
blue 1
blue 1
blue 1
blue 1
blue 1
blue 1
blue 1
blue 1
blurs 1
boa 1
bodies 1
bodies 1
bodies 1
boiling 1
bolted 1
bone 1
bone 1
bone 1
bonniest 1
border 1
border 1
border 1
borne 1
borne 1
borne 1
borne 1
bow 1
bow 1
bow 1
bow 1
boyish 1
branded 1
brazen 1
bread 1
bricks 1
bricks 1
bricks 1
bricks 1
bricks 1
bridal 1
bright 1
bright 1
bright 1
bright 1
bright 1
bright 1
bright 1
bright 1
bright 1
bright 1
bright 1
bright 1
bright 1
bright 1
bright 1
bright 1
bright 1
bright 1
broad 1
broad 1
broad 1
broad 1
broad 1
broad 1
broad 1
broad 1
broad 1
broad 1
broad 1
broad 1
broad 1
broad 1
broad 1
broad 1
brownish 1
built 1
built 1
built 1
built 1
burnished 1
bushes 1
bushes 1
bushes 1
bushes 1
bushes 1
busier 1
business 1
business 1
business 1
business 1
business 1
business 1
business 1
business 1
business 1
business 1
business 1
business 1
business 1
business 1
business 1
business 1
business 1
business 1
business 1
business 1
business 1
business 1
business 1
business 1
business 1
business 1
business 1
business 1
business 1
business 1
business 1
business 1
business 1
business 1
business 1
business 1
business 1
business 1
business 1
business 1
business 1
business 1
business 1
business 1
business 1
business 1
business 1
business 1
business 1
business 1
business 1
business 1
business 1
business 1
business 1
business 1
business 1
business 1
business 1
business 1
business 1
business 1
business 1
business 1
business 1
business 1
business 1
business 1
business 1
business 1
business 1
business 1
business 1
business 1
business 1
butler 1
butler 1
butted 1
cabman 1
cabman 1
cabman 1
cabman 1
cabman 1
call 1
call 1
call 1
call 1
call 1
call 1
call 1
call 1
call 1
call 1
call 1
call 1
call 1
call 1
call 1
call 1
call 1
call 1
call 1
call 1
call 1
call 1
call 1
call 1
call 1
call 1
call 1
call 1
call 1
call 1
call 1
call 1
call 1
call 1
call 1
call 1
call 1
call 1
call 1
call 1
call 1
call 1
call 1
canvas 1
caraffe 1
carpenter 1
carriage 1
carriage 1
carriage 1
carriage 1
carriage 1
carriage 1
carriage 1
carriage 1
carriage 1
carriage 1
carriage 1
carriage 1
carriage 1
carriage 1
carriage 1
carriage 1
carriage 1
carriage 1
carriage 1
carriage 1
carriage 1
carriage 1
caught 1
caught 1
caught 1
caught 1
caught 1
caught 1
caught 1
caught 1
caught 1
caught 1
caught 1
caught 1
caught 1
caught 1
caught 1
caught 1
caught 1
caught 1
caught 1
caught 1
causes 1
causes 1
causing 1
causing 1
causing 1
century 1
ceremony 1
ceremony 1
ceremony 1
ceremony 1
ceremony 1
certain 1
certain 1
certain 1
certain 1
certain 1
certain 1
certain 1
certain 1
certain 1
certain 1
certain 1
certain 1
certain 1
certain 1
certain 1
certain 1
certain 1
chamois 1
chance 1
chance 1
chance 1
chance 1
chance 1
chance 1
chance 1
chance 1
chance 1
chance 1
chance 1
chance 1
chance 1
chance 1
chance 1
chance 1
chance 1
chance 1
chance 1
chance 1
chance 1
chance 1
chance 1
chance 1
chanced 1
changed 1
changed 1
changed 1
changed 1
changed 1
charities 1
charity 1
check 1
check 1
check 1
check 1
check 1
check 1
chemical 1
chemical 1
chemical 1
chemical 1
chestnut 1
chestnut 1
childish 1
chin 1
chin 1
chin 1
chin 1
chin 1
chin 1
chin 1
chin 1
chin 1
chin 1
chin 1
chin 1
chisel 1
civilisation 1
clattered 1
clattered 1
clock 1
clock 1
clock 1
clock 1
clock 1
clock 1
clock 1
clock 1
clock 1
clock 1
clock 1
clock 1
clock 1
clock 1
clock 1
clock 1
clock 1
clock 1
clock 1
clock 1
clock 1
clock 1
clock 1
clock 1
clock 1
clock 1
clock 1
clock 1
clock 1
clock 1
clock 1
clock 1
clock 1
clock 1
clock 1
clock 1
clock 1
clock 1
cloth 1
cloth 1
cloth 1
cloth 1
cloth 1
cloth 1
cloth 1
cloudless 1
cloudless 1
clumps 1
coachman 1
coachman 1
coachman 1
codes 1
coeur 1
coincident 1
coins 1
coins 1
comfortable 1
comfortable 1
comfortable 1
comfortable 1
comfortable 1
commissions 1
committed 1
committed 1
committed 1
committed 1
committed 1
committed 1
committed 1
committed 1
commonly 1
commonplace 1
commonplace 1
commonplace 1
commonplace 1
commonplace 1
commonplace 1
commonplace 1
commonplace 1
communication 1
communication 1
communication 1
communication 1
completely 1
completely 1
completely 1
completely 1
completely 1
complexion 1
computers 1
computers 1
concealed 1
concealed 1
concealed 1
conceive 1
conceive 1
concentrate 1
concentrated 1
concluding 1
conduct 1
conduct 1
conduct 1
conduct 1
conduct 1
conduct 1
conduct 1
conduct 1
conduct 1
confederate 1
confederate 1
confederate 1
conscience 1
conscience 1
conscious 1
conscious 1
consequences 1
considered 1
considered 1
consisted 1
consisted 1
constables 1
constables 1
constables 1
conundrums 1
convulsion 1
convulsive 1
cooped 1
coppers 1
coppers 1
cord 1
cord 1
cord 1
cord 1
cord 1
coronet 1
coronet 1
coronet 1
coronet 1
coronet 1
coronet 1
coronet 1
coronet 1
coronet 1
coronet 1
coronet 1
coronet 1
coronet 1
coronet 1
coronet 1
coronet 1
coronet 1
coronet 1
coronet 1
coronet 1
coronet 1
coronet 1
coronet 1
coronet 1
coronet 1
corporation 1
correct 1
correct 1
correct 1
correct 1
correct 1
correct 1
correct 1
correct 1
correct 1
correct 1
correspondence 1
correspondence 1
coster 1
couch 1
couch 1
couch 1
couch 1
couch 1
cough 1
counsellor 1
county 1
county 1
county 1
county 1
county 1
county 1
couple 1
couple 1
couple 1
couple 1
couple 1
couple 1
couple 1
couple 1
couple 1
couple 1
couple 1
coupled 1
courage 1
crates 1
creaking 1
cream 1
cream 1
cream 1
crime 1
crime 1
crime 1
crime 1
crime 1
crime 1
crime 1
crime 1
crime 1
crime 1
crime 1
crime 1
crime 1
crime 1
crime 1
crime 1
crime 1
crime 1
crime 1
crime 1
crime 1
crime 1
crime 1
crime 1
crime 1
crime 1
crime 1
crime 1
crime 1
crime 1
crime 1
crowded 1
crowded 1
crowded 1
crowded 1
crumbly 1
cry 1
cry 1
cry 1
cry 1
cry 1
cry 1
cry 1
cry 1
cry 1
cry 1
cry 1
cry 1
cry 1
cry 1
cry 1
cry 1
cry 1
cry 1
cry 1
cry 1
cry 1
cry 1
cry 1
cry 1
cry 1
cry 1
cry 1
cry 1
curves 1
curving 1
data 1
data 1
data 1
data 1
data 1
data 1
data 1
data 1
data 1
data 1
dawdling 1
dead 1
dead 1
dead 1
dead 1
dead 1
dead 1
dead 1
dead 1
dead 1
dead 1
dead 1
dead 1
dead 1
dead 1
dead 1
dead 1
dead 1
dead 1
dead 1
dearest 1
defeated 1
defence 1
delayed 1
descend 1
describes 1
deserve 1
desire 1
desire 1
desire 1
desire 1
desire 1
desire 1
despairing 1
destined 1
detained 1
deuce 1
device 1
diadem 1
diamond 1
diamond 1
differently 1
digesting 1
diggings 1
diggings 1
dignity 1
dignity 1
dignity 1
dignity 1
dim 1
dim 1
dim 1
dim 1
dim 1
disappointed 1
disappointed 1
disappointed 1
discovery 1
discovery 1
discovery 1
discuss 1
discuss 1
discuss 1
discuss 1
discuss 1
distinct 1
distinct 1
distinct 1
distinct 1
distinct 1
distinct 1
distinction 1
distribution 1
distribution 1
distribution 1
distribution 1
distribution 1
distribution 1
district 1
district 1
district 1
disturbed 1
disturbed 1
disturbed 1
disturbed 1
docketing 1
doddering 1
doubt 1
doubt 1
doubt 1
doubt 1
doubt 1
doubt 1
doubt 1
doubt 1
doubt 1
doubt 1
doubt 1
doubt 1
doubt 1
doubt 1
doubt 1
doubt 1
doubt 1
doubt 1
doubt 1
doubt 1
doubt 1
doubt 1
doubt 1
doubt 1
doubt 1
doubt 1
doubt 1
doubt 1
doubt 1
doubt 1
doubt 1
doubt 1
doubt 1
doubt 1
doubt 1
doubt 1
doubt 1
doubt 1
doubt 1
doubt 1
doubt 1
doubt 1
doubt 1
doubt 1
doubt 1
doubt 1
doubt 1
doubt 1
doubt 1
doubt 1
doubt 1
doubt 1
doubt 1
doubt 1
doubt 1
doubt 1
doubt 1
doubt 1
doubt 1
doubt 1
doubt 1
doubt 1
doubt 1
doubt 1
draughts 1
drawers 1
drawers 1
drawers 1
drawing 1
drawing 1
drawing 1
drawing 1
drawing 1
drawing 1
drawing 1
drawing 1
drawing 1
drawing 1
drawing 1
dread 1
dread 1
dressed 1
dressed 1
dressed 1
dressed 1
dressed 1
dressed 1
dressed 1
dressed 1
dressed 1
dressed 1
dressed 1
dressed 1
dressed 1
dressed 1
dressed 1
dressed 1
dressed 1
dressed 1
dressed 1
dressed 1
dressed 1
dressed 1
dressed 1
dressed 1
dressed 1
dressed 1
driven 1
driven 1
driven 1
driven 1
driven 1
driven 1
driven 1
driven 1
driver 1
driver 1
driver 1
driver 1
driver 1
dropped 1
dropped 1
dropped 1
dropped 1
dropped 1
dropped 1
dropped 1
dropped 1
dropped 1
dropped 1
dropped 1
dropped 1
dropped 1
dropped 1
dropped 1
dropped 1
drug 1
drug 1
drug 1
drug 1
drug 1
dryly 1
duly 1
dwelling 1
eBook 1
eBook 1
eBook 1
eBook 1
eBook 1
eBook 1
ear 1
ear 1
ear 1
ear 1
ear 1
ear 1
ear 1
ear 1
ear 1
earning 1
earning 1
eccentric 1
eccentric 1
edges 1
edges 1
edges 1
eerie 1
effects 1
effects 1
effects 1
eggs 1
elapsed 1
elapsed 1
elapsed 1
elementary 1
emerald 1
employment 1
emptied 1
enables 1
encyclopaedias 1
endeavoured 1
endeavoured 1
endeavoured 1
endeavoured 1
endeavoured 1
endeavoured 1
endeavoured 1
endeavoured 1
endeavoured 1
engineers 1
enjoyed 1
entailed 1
equinoctial 1
equinoctial 1
ere 1
erected 1
erected 1
essential 1
essential 1
essential 1
essential 1
essential 1
essential 1
essential 1
ever 1
ever 1
ever 1
ever 1
ever 1
ever 1
ever 1
ever 1
ever 1
ever 1
ever 1
ever 1
ever 1
ever 1
ever 1
ever 1
ever 1
ever 1
ever 1
ever 1
ever 1
ever 1
ever 1
ever 1
ever 1
ever 1
ever 1
ever 1
ever 1
ever 1
ever 1
ever 1
ever 1
ever 1
ever 1
ever 1
ever 1
ever 1
ever 1
ever 1
ever 1
ever 1
ever 1
ever 1
ever 1
ever 1
ever 1
ever 1
ever 1
ever 1
ever 1
ever 1
ever 1
ever 1
ever 1
ever 1
ever 1
ever 1
ever 1
ever 1
ever 1
ever 1
ever 1
ever 1
ever 1
ever 1
ever 1
ever 1
ever 1
ever 1
exacted 1
exacted 1
exactly 1
exactly 1
exactly 1
exactly 1
exactly 1
exactly 1
exactly 1
exceptional 1
exceptional 1
exceptional 1
exceptional 1
excited 1
excited 1
excited 1
excited 1
excursion 1
exists 1
exit 1
expectancies 1
expectancy 1
expected 1
expected 1
expected 1
expected 1
expected 1
expected 1
expected 1
expected 1
expected 1
expected 1
expected 1
expected 1
expected 1
experience 1
experience 1
experience 1
experience 1
experience 1
experience 1
experience 1
experience 1
experience 1
experience 1
experience 1
experience 1
experience 1
experience 1
experience 1
experience 1
experience 1
experience 1
experience 1
expiring 1
exporting 1
expressive 1
expressive 1
fabrication 1
fact 1
fact 1
fact 1
fact 1
fact 1
fact 1
fact 1
fact 1
fact 1
fact 1
fact 1
fact 1
fact 1
fact 1
fact 1
fact 1
fact 1
fact 1
fact 1
fact 1
fact 1
fact 1
fact 1
fact 1
fact 1
fade 1
fads 1
fads 1
fathomed 1
fault 1
fault 1
fault 1
fault 1
fault 1
favoured 1
favoured 1
feat 1
feathers 1
fellows 1
fiance 1
fills 1
fine 1
fine 1
fine 1
fine 1
fine 1
fine 1
fine 1
fine 1
fine 1
fine 1
fingers 1
fingers 1
fingers 1
fingers 1
fingers 1
fingers 1
fingers 1
fingers 1
fingers 1
fingers 1
fingers 1
fishes 1
fishes 1
flag 1
flames 1
flames 1
flapped 1
flapped 1
flatter 1
flecked 1
flesh 1
flesh 1
floating 1
floating 1
flood 1
floor 1
floor 1
floor 1
floor 1
floor 1
floor 1
floor 1
floor 1
floor 1
floor 1
floor 1
floor 1
floor 1
floor 1
floor 1
floor 1
floor 1
floor 1
floor 1
floor 1
floor 1
floor 1
floor 1
floor 1
floor 1
floor 1
floor 1
floor 1
floor 1
florid 1
fog 1
fog 1
foil 1
folk 1
folk 1
folk 1
folk 1
folk 1
folk 1
folk 1
folk 1
folly 1
foot 1
foot 1
foot 1
foot 1
foot 1
foot 1
foot 1
foot 1
foot 1
foot 1
foot 1
foot 1
foot 1
foot 1
foot 1
foot 1
foot 1
footing 1
footing 1
footing 1
forebodings 1
forefingers 1
forehead 1
forehead 1
forehead 1
forehead 1
forehead 1
forehead 1
forehead 1
fourteenth 1
freedom 1
freedom 1
fugitives 1
fulfilment 1
fuller 1
fuller 1
fuller 1
fuller 1
fuller 1
fuller 1
fuller 1
funds 1
funny 1
funny 1
funny 1
funny 1
funny 1
funny 1
funny 1
furnished 1
furnished 1
furnished 1
furnished 1
furnished 1
furnished 1
furnished 1
furnished 1
fury 1
gales 1
gales 1
gaunter 1
genial 1
genial 1
ghastly 1
ghastly 1
gilt 1
girt 1
glance 1
glance 1
glance 1
glance 1
glance 1
glance 1
glance 1
glance 1
glance 1
glance 1
glance 1
glance 1
glance 1
glance 1
glance 1
glance 1
glance 1
glaring 1
glimmered 1
glimmered 1
glimmered 1
glimpses 1
glint 1
gloom 1
gloom 1
gloom 1
gloom 1
gloom 1
gloom 1
gloom 1
gloom 1
gloomily 1
goes 1
goes 1
goes 1
goes 1
goes 1
goes 1
goes 1
goes 1
goes 1
going 1
going 1
going 1
going 1
going 1
going 1
going 1
going 1
going 1
going 1
going 1
going 1
going 1
going 1
going 1
going 1
going 1
going 1
going 1
going 1
going 1
going 1
going 1
going 1
going 1
going 1
going 1
going 1
going 1
going 1
going 1
going 1
governess 1
governess 1
governess 1
grass 1
grass 1
grass 1
grass 1
grass 1
grass 1
grass 1
grass 1
grass 1
greatcoat 1
grin 1
grin 1
grip 1
grip 1
grip 1
grip 1
grip 1
grip 1
gruff 1
guidance 1
guilty 1
guilty 1
guilty 1
hail 1
handcuffs 1
handy 1
handy 1
handy 1
happy 1
happy 1
happy 1
happy 1
happy 1
happy 1
happy 1
happy 1
happy 1
happy 1
happy 1
happy 1
happy 1
happy 1
happy 1
happy 1
happy 1
happy 1
hardly 1
hardly 1
hardly 1
hardly 1
hardly 1
hardly 1
hardly 1
hardly 1
hardly 1
hardly 1
hardly 1
hardly 1
hardly 1
hardly 1
hardly 1
hardly 1
hardly 1
hardly 1
hardly 1
hardly 1
hardly 1
hardly 1
hardly 1
hardly 1
hardly 1
hardly 1
hardly 1
hardly 1
hardly 1
hardly 1
hardly 1
hardly 1
hardly 1
hardly 1
hardly 1
hardly 1
hardly 1
hardly 1
hardly 1
hardly 1
hardly 1
hardly 1
hardly 1
hardly 1
hardly 1
hardly 1
hardly 1
hardly 1
hardly 1
hardly 1
harmony 1
hated 1
heart 1
heart 1
heart 1
heart 1
heart 1
heart 1
heart 1
heart 1
heart 1
heart 1
heart 1
heart 1
heart 1
heart 1
heart 1
heart 1
heart 1
heart 1
heart 1
heart 1
heart 1
heart 1
heart 1
heart 1
heart 1
heavens 1
heavens 1
heavens 1
heavens 1
heavens 1
heavens 1
heavens 1
heaving 1
helper 1
helper 1
heroic 1
hobbies 1
hollowed 1
homely 1
homely 1
homely 1
homely 1
hope 1
hope 1
hope 1
hope 1
hope 1
hope 1
hope 1
hope 1
hope 1
hope 1
hope 1
hope 1
hope 1
hope 1
hope 1
hope 1
hope 1
hope 1
hope 1
hope 1
hope 1
hope 1
hope 1
hope 1
hope 1
hope 1
hope 1
hope 1
hope 1
hope 1
hope 1
hope 1
horses 1
horses 1
horses 1
horses 1
horsey 1
horsey 1
hospitality 1
hotel 1
hotel 1
hotel 1
hotel 1
hotel 1
hotel 1
hotel 1
hotel 1
hotel 1
house 1
house 1
house 1
house 1
house 1
house 1
house 1
house 1
house 1
house 1
house 1
house 1
house 1
house 1
house 1
house 1
house 1
house 1
house 1
house 1
house 1
house 1
house 1
house 1
house 1
house 1
house 1
house 1
house 1
house 1
house 1
house 1
house 1
house 1
house 1
house 1
house 1
house 1
house 1
house 1
house 1
house 1
house 1
house 1
house 1
house 1
house 1
house 1
house 1
house 1
house 1
house 1
house 1
house 1
house 1
house 1
house 1
house 1
house 1
house 1
house 1
house 1
house 1
house 1
house 1
house 1
house 1
house 1
house 1
house 1
house 1
house 1
house 1
house 1
house 1
house 1
house 1
house 1
house 1
house 1
house 1
house 1
house 1
house 1
house 1
house 1
house 1
house 1
house 1
house 1
house 1
house 1
house 1
house 1
house 1
house 1
house 1
house 1
house 1
house 1
house 1
house 1
house 1
house 1
house 1
house 1
house 1
house 1
house 1
house 1
house 1
house 1
house 1
house 1
house 1
house 1
house 1
house 1
house 1
howl 1
hunted 1
hush 1
hush 1
hushing 1
hydrochloric 1
hypothesis 1
hypothesis 1
hypothesis 1
hypothesis 1
ignorance 1
ignorance 1
ignorance 1
imagine 1
imagine 1
imagine 1
imagine 1
imagine 1
imagine 1
imagine 1
imagine 1
imagine 1
imagine 1
imagine 1
imagine 1
imagine 1
imagine 1
imagine 1
imagine 1
imagine 1
imagine 1
imagine 1
imagine 1
imagine 1
imagine 1
imagine 1
imagine 1
imagine 1
imagine 1
imagine 1
imagine 1
impersonal 1
implore 1
implore 1
impressed 1
impressed 1
impressed 1
impressed 1
impressed 1
impressed 1
inconsequential 1
indexing 1
indicating 1
indication 1
indulged 1
infinite 1
ingenuity 1
inimitably 1
injuring 1
injuring 1
ink 1
ink 1
ink 1
ink 1
ink 1
ink 1
ink 1
ink 1
ink 1
inquiring 1
inspection 1
inspection 1
inspection 1
inst 1
inst 1
instead 1
instead 1
instead 1
instead 1
instead 1
instead 1
instead 1
intellectual 1
intellectual 1
intellectual 1
intellectual 1
intellectual 1
interfere 1
interfere 1
interfere 1
interfere 1
interim 1
introduction 1
introduction 1
invaders 1
investigation 1
investigation 1
investigation 1
investigation 1
investigation 1
investigation 1
investigation 1
investigation 1
investigation 1
investigation 1
investigation 1
investigation 1
investments 1
investments 1
is 1
is 1
is 1
is 1
is 1
is 1
is 1
is 1
is 1
is 1
is 1
is 1
is 1
is 1
is 1
is 1
is 1
is 1
is 1
is 1
is 1
is 1
is 1
is 1
is 1
is 1
is 1
is 1
is 1
is 1
is 1
is 1
is 1
is 1
is 1
is 1
is 1
is 1
is 1
is 1
is 1
is 1
is 1
is 1
is 1
is 1
is 1
is 1
is 1
is 1
is 1
is 1
is 1
is 1
is 1
is 1
is 1
is 1
is 1
is 1
is 1
is 1
is 1
is 1
is 1
is 1
is 1
is 1
is 1
is 1
is 1
is 1
is 1
is 1
is 1
is 1
is 1
is 1
is 1
is 1
is 1
is 1
is 1
is 1
is 1
is 1
is 1
is 1
is 1
is 1
is 1
is 1
is 1
is 1
is 1
is 1
is 1
is 1
is 1
is 1
is 1
is 1
is 1
is 1
is 1
is 1
is 1
is 1
is 1
is 1
is 1
is 1
is 1
is 1
is 1
is 1
is 1
is 1
is 1
is 1
is 1
is 1
is 1
is 1
is 1
is 1
is 1
is 1
is 1
is 1
is 1
is 1
is 1
is 1
is 1
is 1
is 1
is 1
is 1
is 1
is 1
is 1
is 1
is 1
is 1
is 1
is 1
is 1
is 1
is 1
is 1
is 1
is 1
is 1
is 1
is 1
is 1
is 1
is 1
is 1
is 1
is 1
is 1
is 1
is 1
is 1
is 1
is 1
is 1
is 1
is 1
is 1
is 1
is 1
is 1
is 1
is 1
is 1
is 1
is 1
is 1
is 1
is 1
is 1
is 1
is 1
is 1
is 1
is 1
is 1
is 1
is 1
is 1
is 1
is 1
is 1
is 1
is 1
is 1
is 1
is 1
is 1
is 1
is 1
is 1
is 1
is 1
is 1
is 1
is 1
is 1
is 1
is 1
is 1
is 1
is 1
is 1
is 1
is 1
is 1
is 1
is 1
is 1
is 1
is 1
is 1
is 1
is 1
is 1
is 1
is 1
is 1
is 1
is 1
is 1
is 1
is 1
is 1
is 1
is 1
is 1
is 1
is 1
is 1
is 1
is 1
is 1
is 1
is 1
is 1
is 1
is 1
is 1
is 1
is 1
is 1
is 1
is 1
is 1
is 1
is 1
is 1
is 1
is 1
is 1
is 1
is 1
is 1
is 1
is 1
is 1
is 1
is 1
is 1
is 1
is 1
is 1
is 1
is 1
is 1
is 1
is 1
is 1
is 1
is 1
is 1
is 1
is 1
is 1
is 1
is 1
is 1
is 1
is 1
is 1
is 1
is 1
is 1
is 1
is 1
is 1
is 1
is 1
is 1
is 1
is 1
is 1
is 1
is 1
is 1
is 1
is 1
is 1
is 1
is 1
is 1
is 1
is 1
is 1
is 1
is 1
is 1
is 1
is 1
is 1
is 1
is 1
is 1
is 1
is 1
is 1
is 1
is 1
is 1
is 1
is 1
is 1
is 1
is 1
is 1
is 1
is 1
is 1
is 1
is 1
is 1
is 1
is 1
is 1
is 1
is 1
is 1
is 1
is 1
is 1
is 1
is 1
is 1
is 1
is 1
is 1
is 1
is 1
is 1
is 1
is 1
is 1
is 1
is 1
is 1
is 1
is 1
is 1
is 1
is 1
is 1
is 1
is 1
is 1
is 1
is 1
is 1
is 1
is 1
is 1
is 1
is 1
is 1
is 1
is 1
is 1
is 1
is 1
is 1
is 1
is 1
is 1
is 1
is 1
is 1
is 1
is 1
is 1
is 1
is 1
is 1
is 1
is 1
is 1
is 1
is 1
is 1
is 1
is 1
is 1
is 1
is 1
is 1
is 1
is 1
is 1
is 1
is 1
is 1
is 1
is 1
is 1
is 1
is 1
is 1
is 1
is 1
is 1
is 1
is 1
is 1
is 1
is 1
is 1
is 1
is 1
is 1
is 1
is 1
is 1
is 1
is 1
is 1
is 1
is 1
is 1
is 1
is 1
is 1
is 1
is 1
is 1
is 1
is 1
is 1
is 1
is 1
is 1
is 1
is 1
is 1
is 1
is 1
is 1
is 1
is 1
is 1
is 1
is 1
is 1
is 1
is 1
is 1
is 1
is 1
is 1
is 1
is 1
is 1
is 1
is 1
is 1
is 1
is 1
is 1
is 1
is 1
is 1
is 1
is 1
is 1
is 1
is 1
is 1
is 1
is 1
is 1
is 1
is 1
is 1
is 1
is 1
is 1
is 1
is 1
is 1
is 1
is 1
is 1
is 1
is 1
is 1
is 1
is 1
is 1
is 1
is 1
is 1
is 1
is 1
is 1
is 1
is 1
is 1
is 1
is 1
is 1
is 1
is 1
is 1
is 1
is 1
is 1
is 1
is 1
is 1
is 1
is 1
is 1
is 1
is 1
is 1
is 1
is 1
is 1
is 1
is 1
is 1
is 1
is 1
is 1
is 1
is 1
is 1
is 1
is 1
is 1
is 1
is 1
is 1
is 1
is 1
is 1
is 1
is 1
is 1
is 1
is 1
is 1
is 1
is 1
is 1
is 1
is 1
is 1
is 1
is 1
is 1
is 1
is 1
is 1
is 1
is 1
is 1
is 1
is 1
is 1
is 1
is 1
is 1
is 1
is 1
is 1
is 1
is 1
is 1
is 1
is 1
is 1
is 1
is 1
is 1
is 1
is 1
is 1
is 1
is 1
is 1
is 1
is 1
is 1
is 1
is 1
is 1
is 1
is 1
is 1
is 1
is 1
is 1
is 1
is 1
is 1
is 1
is 1
is 1
is 1
is 1
is 1
is 1
is 1
is 1
is 1
is 1
is 1
is 1
is 1
is 1
is 1
is 1
is 1
is 1
is 1
is 1
is 1
is 1
is 1
is 1
is 1
is 1
is 1
is 1
is 1
is 1
is 1
is 1
is 1
is 1
is 1
is 1
is 1
is 1
is 1
is 1
is 1
is 1
is 1
is 1
is 1
is 1
is 1
is 1
is 1
is 1
is 1
is 1
is 1
is 1
is 1
is 1
is 1
is 1
is 1
is 1
is 1
is 1
is 1
is 1
is 1
is 1
is 1
is 1
is 1
is 1
is 1
is 1
is 1
is 1
is 1
is 1
is 1
is 1
is 1
is 1
is 1
is 1
is 1
is 1
is 1
is 1
is 1
is 1
is 1
is 1
is 1
is 1
is 1
is 1
is 1
is 1
is 1
is 1
is 1
is 1
is 1
is 1
is 1
is 1
is 1
is 1
is 1
is 1
is 1
is 1
is 1
is 1
is 1
is 1
is 1
is 1
is 1
is 1
is 1
is 1
is 1
is 1
is 1
is 1
is 1
is 1
is 1
is 1
is 1
is 1
is 1
is 1
is 1
is 1
is 1
is 1
is 1
is 1
is 1
is 1
is 1
is 1
is 1
is 1
is 1
is 1
is 1
is 1
is 1
is 1
is 1
is 1
is 1
is 1
is 1
is 1
is 1
is 1
is 1
is 1
is 1
is 1
is 1
is 1
is 1
is 1
is 1
is 1
is 1
is 1
is 1
is 1
is 1
is 1
is 1
is 1
is 1
is 1
is 1
is 1
is 1
is 1
is 1
is 1
is 1
is 1
is 1
is 1
is 1
is 1
is 1
is 1
is 1
is 1
is 1
is 1
is 1
is 1
is 1
is 1
is 1
is 1
is 1
is 1
is 1
is 1
is 1
is 1
is 1
is 1
is 1
is 1
is 1
is 1
is 1
is 1
is 1
is 1
is 1
is 1
is 1
is 1
is 1
is 1
is 1
is 1
is 1
is 1
is 1
is 1
is 1
is 1
is 1
is 1
is 1
is 1
is 1
is 1
is 1
is 1
is 1
is 1
is 1
is 1
is 1
is 1
is 1
is 1
is 1
is 1
is 1
is 1
is 1
is 1
is 1
is 1
is 1
is 1
is 1
is 1
is 1
is 1
is 1
is 1
is 1
is 1
is 1
is 1
is 1
is 1
is 1
is 1
is 1
is 1
is 1
is 1
is 1
is 1
is 1
is 1
is 1
is 1
is 1
is 1
is 1
is 1
is 1
is 1
is 1
is 1
is 1
is 1
is 1
is 1
is 1
is 1
is 1
is 1
is 1
is 1
is 1
is 1
is 1
is 1
is 1
is 1
is 1
is 1
is 1
is 1
is 1
is 1
is 1
is 1
is 1
is 1
is 1
is 1
is 1
is 1
is 1
is 1
is 1
is 1
is 1
is 1
is 1
is 1
is 1
is 1
is 1
is 1
is 1
is 1
is 1
is 1
is 1
is 1
is 1
is 1
is 1
is 1
is 1
is 1
is 1
is 1
is 1
is 1
is 1
is 1
is 1
is 1
is 1
is 1
is 1
is 1
is 1
is 1
is 1
is 1
is 1
is 1
is 1
is 1
is 1
is 1
is 1
is 1
is 1
is 1
is 1
is 1
is 1
is 1
is 1
is 1
is 1
is 1
is 1
is 1
is 1
is 1
is 1
is 1
is 1
is 1
is 1
is 1
is 1
is 1
is 1
is 1
is 1
is 1
is 1
is 1
is 1
is 1
is 1
is 1
is 1
is 1
is 1
is 1
is 1
is 1
is 1
is 1
is 1
is 1
is 1
is 1
is 1
is 1
is 1
is 1
is 1
is 1
is 1
is 1
is 1
is 1
is 1
is 1
is 1
is 1
is 1
is 1
is 1
is 1
is 1
is 1
is 1
is 1
is 1
is 1
is 1
is 1
is 1
is 1
is 1
is 1
is 1
is 1
is 1
is 1
is 1
is 1
is 1
is 1
is 1
is 1
is 1
is 1
is 1
is 1
is 1
is 1
is 1
is 1
is 1
is 1
is 1
is 1
is 1
is 1
is 1
is 1
is 1
is 1
is 1
is 1
is 1
is 1
is 1
is 1
is 1
is 1
is 1
is 1
is 1
is 1
is 1
is 1
is 1
is 1
is 1
is 1
is 1
is 1
is 1
is 1
is 1
is 1
is 1
is 1
is 1
is 1
is 1
is 1
is 1
is 1
issues 1
issues 1
items 1
its 1
its 1
its 1
its 1
its 1
its 1
its 1
its 1
its 1
its 1
its 1
its 1
its 1
its 1
its 1
its 1
its 1
its 1
its 1
its 1
its 1
its 1
its 1
its 1
its 1
its 1
its 1
its 1
its 1
its 1
its 1
its 1
its 1
its 1
its 1
its 1
its 1
its 1
its 1
its 1
its 1
its 1
its 1
its 1
its 1
its 1
its 1
its 1
its 1
its 1
its 1
its 1
its 1
its 1
its 1
its 1
its 1
its 1
its 1
its 1
its 1
its 1
its 1
its 1
its 1
its 1
its 1
its 1
its 1
its 1
its 1
its 1
its 1
its 1
its 1
its 1
its 1
its 1
its 1
its 1
its 1
its 1
its 1
its 1
jacket 1
jacket 1
jacket 1
jacket 1
jacket 1
jacket 1
jacket 1
jagged 1
jealousy 1
jealousy 1
jerkily 1
joking 1
joking 1
joking 1
joking 1
keenly 1
keenly 1
keenly 1
keenly 1
keenly 1
keenly 1
keenly 1
keenly 1
keenly 1
keys 1
keys 1
keys 1
keys 1
keys 1
knees 1
knees 1
knees 1
knees 1
knees 1
knees 1
knees 1
knees 1
knees 1
knees 1
knelt 1
knot 1
knot 1
knot 1
laden 1
ladies 1
ladies 1
ladies 1
ladies 1
ladies 1
ladies 1
ladies 1
ladies 1
ladies 1
lameness 1
landed 1
landowner 1
landowner 1
laughter 1
laughter 1
laughter 1
laughter 1
laughter 1
law 1
law 1
law 1
law 1
law 1
law 1
law 1
law 1
law 1
law 1
law 1
law 1
law 1
law 1
layers 1
leaves 1
leaves 1
leaves 1
leaves 1
leaves 1
leaves 1
leaving 1
leaving 1
leaving 1
leaving 1
leaving 1
leaving 1
leaving 1
leaving 1
leaving 1
legged 1
legged 1
legged 1
legged 1
lengthened 1
lengthened 1
lifted 1
lifted 1
lightened 1
limb 1
limb 1
line 1
line 1
line 1
line 1
line 1
line 1
line 1
line 1
line 1
line 1
line 1
line 1
line 1
line 1
line 1
line 1
line 1
line 1
line 1
link 1
link 1
link 1
link 1
lipped 1
loaf 1
loafing 1
loathsome 1
located 1
located 1
located 1
located 1
logician 1
long 1
long 1
long 1
long 1
long 1
long 1
long 1
long 1
long 1
long 1
long 1
long 1
long 1
long 1
long 1
long 1
long 1
long 1
long 1
long 1
long 1
long 1
long 1
long 1
long 1
long 1
long 1
long 1
long 1
long 1
long 1
long 1
long 1
long 1
long 1
long 1
long 1
long 1
long 1
long 1
long 1
long 1
long 1
long 1
long 1
long 1
long 1
long 1
long 1
long 1
long 1
long 1
long 1
long 1
long 1
long 1
long 1
long 1
long 1
long 1
long 1
long 1
long 1
long 1
long 1
long 1
long 1
long 1
long 1
long 1
long 1
long 1
long 1
long 1
long 1
long 1
long 1
long 1
long 1
long 1
long 1
long 1
long 1
long 1
long 1
long 1
long 1
long 1
loomed 1
loomed 1
loophole 1
loose 1
loose 1
loose 1
loose 1
loose 1
loose 1
loose 1
lords 1
lured 1
lurking 1
machinery 1
machinery 1
mad 1
mad 1
mad 1
mad 1
mad 1
mad 1
mad 1
mad 1
mad 1
mad 1
mad 1
mad 1
mad 1
mad 1
mad 1
mad 1
madman 1
make 1
make 1
make 1
make 1
make 1
make 1
make 1
make 1
make 1
make 1
make 1
make 1
make 1
make 1
make 1
make 1
make 1
make 1
make 1
make 1
make 1
make 1
make 1
make 1
make 1
make 1
make 1
make 1
make 1
make 1
make 1
make 1
make 1
make 1
make 1
make 1
make 1
make 1
make 1
make 1
make 1
make 1
make 1
make 1
make 1
make 1
make 1
make 1
make 1
make 1
make 1
make 1
make 1
make 1
make 1
make 1
make 1
make 1
make 1
make 1
make 1
make 1
make 1
make 1
make 1
make 1
make 1
make 1
make 1
make 1
make 1
make 1
make 1
make 1
make 1
make 1
man 1
man 1
man 1
man 1
man 1
man 1
man 1
man 1
man 1
man 1
man 1
man 1
man 1
man 1
man 1
man 1
man 1
man 1
man 1
man 1
man 1
man 1
man 1
man 1
man 1
man 1
man 1
man 1
man 1
man 1
man 1
man 1
man 1
man 1
man 1
man 1
man 1
man 1
man 1
man 1
man 1
man 1
man 1
man 1
man 1
man 1
man 1
man 1
man 1
man 1
man 1
man 1
man 1
man 1
man 1
man 1
man 1
man 1
man 1
man 1
man 1
man 1
man 1
man 1
man 1
man 1
man 1
man 1
man 1
man 1
man 1
man 1
man 1
man 1
man 1
man 1
man 1
man 1
man 1
man 1
man 1
man 1
man 1
man 1
man 1
man 1
man 1
man 1
man 1
man 1
man 1
man 1
man 1
man 1
man 1
man 1
man 1
man 1
man 1
man 1
man 1
man 1
man 1
man 1
man 1
man 1
man 1
man 1
man 1
man 1
man 1
man 1
man 1
man 1
man 1
man 1
man 1
man 1
man 1
man 1
man 1
man 1
man 1
man 1
man 1
man 1
man 1
man 1
man 1
man 1
man 1
man 1
man 1
man 1
man 1
man 1
man 1
man 1
man 1
man 1
man 1
man 1
man 1
man 1
man 1
man 1
man 1
man 1
man 1
man 1
man 1
man 1
man 1
man 1
man 1
man 1
man 1
man 1
man 1
man 1
man 1
man 1
man 1
man 1
man 1
man 1
man 1
man 1
man 1
man 1
man 1
man 1
man 1
man 1
man 1
man 1
man 1
man 1
man 1
man 1
man 1
man 1
man 1
man 1
man 1
man 1
man 1
man 1
man 1
man 1
man 1
man 1
man 1
man 1
man 1
man 1
man 1
man 1
man 1
man 1
man 1
man 1
man 1
man 1
man 1
man 1
man 1
man 1
man 1
man 1
man 1
man 1
man 1
man 1
man 1
man 1
man 1
man 1
man 1
man 1
man 1
man 1
man 1
man 1
man 1
man 1
man 1
man 1
man 1
man 1
man 1
man 1
man 1
man 1
man 1
man 1
man 1
man 1
man 1
man 1
man 1
man 1
man 1
man 1
man 1
man 1
man 1
man 1
man 1
man 1
man 1
man 1
man 1
man 1
man 1
man 1
man 1
man 1
man 1
man 1
man 1
man 1
man 1
man 1
man 1
man 1
man 1
man 1
man 1
man 1
man 1
man 1
man 1
man 1
man 1
man 1
man 1
man 1
man 1
man 1
man 1
man 1
man 1
man 1
man 1
man 1
man 1
man 1
man 1
man 1
man 1
man 1
man 1
man 1
man 1
man 1
man 1
man 1
man 1
man 1
man 1
man 1
map 1
map 1
map 1
margin 1
married 1
married 1
married 1
married 1
married 1
married 1
married 1
married 1
married 1
married 1
married 1
married 1
married 1
married 1
married 1
married 1
married 1
married 1
married 1
married 1
married 1
married 1
married 1
married 1
mastiff 1
mastiff 1
maximum 1
meantime 1
meantime 1
meantime 1
measured 1
measured 1
measured 1
meditative 1
men 1
men 1
men 1
men 1
men 1
men 1
men 1
men 1
men 1
men 1
men 1
men 1
men 1
men 1
men 1
men 1
men 1
men 1
men 1
men 1
men 1
men 1
men 1
men 1
men 1
men 1
men 1
men 1
men 1
men 1
men 1
men 1
men 1
men 1
men 1
men 1
merchant 1
mercifully 1
merest 1
merest 1
merest 1
met 1
met 1
met 1
met 1
met 1
met 1
met 1
met 1
met 1
met 1
met 1
met 1
met 1
met 1
met 1
met 1
met 1
met 1
met 1
met 1
met 1
met 1
met 1
met 1
met 1
met 1
met 1
met 1
met 1
met 1
met 1
met 1
met 1
met 1
met 1
met 1
met 1
met 1
met 1
met 1
met 1
mistake 1
mistake 1
mistake 1
mistake 1
mistake 1
momentary 1
momentary 1
monomaniac 1
morning 1
morning 1
morning 1
morning 1
morning 1
morning 1
morning 1
morning 1
morning 1
morning 1
morning 1
morning 1
morning 1
morning 1
morning 1
morning 1
morning 1
morning 1
morning 1
morning 1
morning 1
morning 1
morning 1
morning 1
morning 1
morning 1
morning 1
morning 1
morning 1
morning 1
morning 1
morning 1
morning 1
morning 1
morning 1
morning 1
morning 1
morning 1
morning 1
morning 1
morning 1
morning 1
morning 1
morning 1
morning 1
morning 1
morning 1
morning 1
morning 1
morning 1
morning 1
morning 1
morning 1
morning 1
morning 1
morning 1
morning 1
morning 1
morning 1
morning 1
morning 1
morning 1
morning 1
morning 1
morning 1
morning 1
morning 1
morning 1
morning 1
morning 1
morning 1
morning 1
morning 1
morning 1
morning 1
morning 1
morning 1
morning 1
morning 1
morning 1
morning 1
morning 1
morning 1
morning 1
morning 1
morning 1
morning 1
morning 1
morning 1
morning 1
morning 1
morning 1
morning 1
morning 1
morning 1
morning 1
morning 1
morning 1
morning 1
morning 1
morrow 1
morrow 1
morrow 1
morrow 1
morrow 1
morrow 1
morrow 1
morrow 1
morrow 1
morrow 1
morrow 1
morrow 1
morrow 1
morrow 1
morrow 1
morrow 1
morrow 1
mortgage 1
moves 1
mud 1
mud 1
mud 1
mud 1
mud 1
murdered 1
murdered 1
murdered 1
museum 1
muster 1
necessitate 1
nervous 1
nervous 1
nervous 1
nervous 1
nervous 1
nervous 1
nervous 1
nervous 1
nervous 1
nest 1
never 1
never 1
never 1
never 1
never 1
never 1
never 1
never 1
never 1
never 1
never 1
never 1
never 1
never 1
never 1
never 1
never 1
never 1
never 1
never 1
never 1
never 1
never 1
never 1
never 1
never 1
never 1
never 1
never 1
never 1
never 1
never 1
never 1
never 1
never 1
never 1
never 1
never 1
never 1
never 1
never 1
never 1
never 1
never 1
never 1
never 1
never 1
never 1
never 1
never 1
never 1
never 1
never 1
never 1
never 1
never 1
never 1
never 1
never 1
never 1
never 1
never 1
never 1
never 1
never 1
never 1
never 1
never 1
never 1
never 1
never 1
never 1
never 1
never 1
never 1
never 1
never 1
never 1
never 1
never 1
never 1
never 1
never 1
never 1
never 1
never 1
never 1
never 1
never 1
never 1
never 1
never 1
never 1
never 1
never 1
nickel 1
nonproprietary 1
noticed 1
noticed 1
noticed 1
noticed 1
noticed 1
noticed 1
noticed 1
now 1
now 1
now 1
now 1
now 1
now 1
now 1
now 1
now 1
now 1
now 1
now 1
now 1
now 1
now 1
now 1
now 1
now 1
now 1
now 1
now 1
now 1
now 1
now 1
now 1
now 1
now 1
now 1
now 1
now 1
now 1
now 1
now 1
now 1
now 1
now 1
now 1
now 1
now 1
now 1
now 1
now 1
now 1
now 1
now 1
now 1
now 1
now 1
now 1
now 1
now 1
now 1
now 1
now 1
now 1
now 1
now 1
now 1
now 1
now 1
now 1
now 1
now 1
now 1
now 1
now 1
now 1
now 1
now 1
now 1
now 1
now 1
now 1
now 1
now 1
now 1
now 1
now 1
now 1
now 1
now 1
now 1
now 1
now 1
now 1
now 1
now 1
now 1
now 1
now 1
now 1
now 1
now 1
now 1
now 1
now 1
now 1
now 1
now 1
now 1
now 1
now 1
now 1
now 1
now 1
now 1
now 1
now 1
now 1
now 1
now 1
now 1
now 1
now 1
now 1
now 1
now 1
now 1
now 1
now 1
now 1
now 1
now 1
now 1
now 1
now 1
now 1
now 1
now 1
now 1
now 1
now 1
now 1
now 1
now 1
now 1
now 1
now 1
now 1
now 1
now 1
now 1
now 1
now 1
now 1
now 1
now 1
now 1
now 1
now 1
now 1
now 1
now 1
now 1
now 1
now 1
now 1
now 1
now 1
now 1
now 1
now 1
now 1
now 1
now 1
now 1
now 1
now 1
now 1
nursery 1
nursery 1
oath 1
obeyed 1
obeyed 1
occupations 1
officials 1
opening 1
opening 1
opening 1
opening 1
opening 1
opening 1
opening 1
opening 1
opening 1
opening 1
ordinary 1
ordinary 1
ordinary 1
ordinary 1
ordinary 1
ordinary 1
oscillated 1
ostensibly 1
ostrich 1
other 1
other 1
other 1
other 1
other 1
other 1
other 1
other 1
other 1
other 1
other 1
other 1
other 1
other 1
other 1
other 1
other 1
other 1
other 1
other 1
other 1
other 1
other 1
other 1
other 1
other 1
other 1
other 1
other 1
other 1
other 1
other 1
other 1
other 1
other 1
other 1
other 1
other 1
other 1
other 1
other 1
other 1
other 1
other 1
other 1
other 1
other 1
other 1
other 1
other 1
other 1
other 1
other 1
other 1
other 1
other 1
other 1
other 1
other 1
other 1
other 1
other 1
other 1
other 1
other 1
other 1
other 1
other 1
other 1
other 1
other 1
other 1
other 1
other 1
other 1
other 1
other 1
other 1
other 1
other 1
other 1
other 1
other 1
other 1
other 1
other 1
other 1
other 1
other 1
other 1
other 1
other 1
other 1
other 1
other 1
other 1
other 1
other 1
other 1
other 1
other 1
other 1
other 1
other 1
other 1
other 1
other 1
other 1
other 1
other 1
other 1
other 1
other 1
other 1
other 1
other 1
other 1
other 1
other 1
other 1
other 1
other 1
other 1
other 1
other 1
other 1
other 1
other 1
other 1
other 1
other 1
other 1
other 1
other 1
other 1
other 1
other 1
other 1
other 1
other 1
other 1
other 1
other 1
other 1
other 1
other 1
other 1
other 1
other 1
other 1
other 1
other 1
other 1
other 1
other 1
other 1
other 1
other 1
other 1
other 1
otherwise 1
otherwise 1
otherwise 1
otherwise 1
otherwise 1
out 1
out 1
out 1
out 1
out 1
out 1
out 1
out 1
out 1
out 1
out 1
out 1
out 1
out 1
out 1
out 1
out 1
out 1
out 1
out 1
out 1
out 1
out 1
out 1
out 1
out 1
out 1
out 1
out 1
out 1
out 1
out 1
out 1
out 1
out 1
out 1
out 1
out 1
out 1
out 1
out 1
out 1
out 1
out 1
out 1
out 1
out 1
out 1
out 1
out 1
out 1
out 1
out 1
out 1
out 1
out 1
out 1
out 1
out 1
out 1
out 1
out 1
out 1
out 1
out 1
out 1
out 1
out 1
out 1
out 1
out 1
out 1
out 1
out 1
out 1
out 1
out 1
out 1
out 1
out 1
out 1
out 1
out 1
out 1
out 1
out 1
out 1
out 1
out 1
out 1
out 1
out 1
out 1
out 1
out 1
out 1
out 1
out 1
out 1
out 1
out 1
out 1
out 1
out 1
out 1
out 1
out 1
out 1
out 1
out 1
out 1
out 1
out 1
out 1
out 1
out 1
out 1
out 1
out 1
out 1
out 1
out 1
out 1
out 1
out 1
out 1
out 1
out 1
out 1
out 1
out 1
out 1
out 1
out 1
out 1
out 1
out 1
out 1
out 1
out 1
out 1
out 1
out 1
out 1
out 1
out 1
out 1
out 1
out 1
out 1
out 1
out 1
out 1
out 1
out 1
out 1
out 1
out 1
out 1
out 1
out 1
out 1
out 1
out 1
out 1
out 1
out 1
out 1
out 1
out 1
out 1
out 1
out 1
out 1
out 1
out 1
out 1
out 1
out 1
out 1
out 1
out 1
out 1
out 1
out 1
out 1
out 1
out 1
out 1
out 1
out 1
out 1
out 1
out 1
out 1
out 1
out 1
out 1
out 1
out 1
out 1
out 1
out 1
out 1
out 1
out 1
out 1
out 1
out 1
out 1
out 1
out 1
out 1
out 1
out 1
out 1
out 1
out 1
out 1
out 1
out 1
out 1
out 1
out 1
out 1
out 1
out 1
out 1
out 1
out 1
out 1
out 1
out 1
out 1
out 1
out 1
out 1
out 1
out 1
out 1
out 1
out 1
out 1
out 1
out 1
out 1
out 1
out 1
out 1
out 1
out 1
out 1
out 1
out 1
out 1
out 1
out 1
out 1
out 1
out 1
out 1
out 1
out 1
out 1
out 1
out 1
out 1
out 1
out 1
out 1
out 1
out 1
out 1
out 1
out 1
out 1
out 1
out 1
out 1
out 1
out 1
out 1
out 1
out 1
out 1
out 1
out 1
out 1
out 1
out 1
out 1
out 1
out 1
out 1
out 1
out 1
out 1
out 1
out 1
out 1
out 1
out 1
out 1
out 1
out 1
out 1
out 1
out 1
out 1
out 1
out 1
out 1
out 1
out 1
out 1
out 1
out 1
out 1
out 1
out 1
outdated 1
outrages 1
outrages 1
overhear 1
paces 1
paces 1
paces 1
pacing 1
pacing 1
pacing 1
packet 1
packet 1
paid 1
paid 1
paid 1
paid 1
paid 1
paid 1
paid 1
paid 1
paid 1
paid 1
paid 1
paid 1
paid 1
paid 1
paid 1
pallet 1
paper 1
paper 1
paper 1
paper 1
paper 1
paper 1
paper 1
paper 1
paper 1
paper 1
paper 1
paper 1
paper 1
paper 1
paper 1
paper 1
paper 1
paper 1
paper 1
paper 1
paper 1
paper 1
paper 1
paper 1
paper 1
paper 1
paper 1
paper 1
paper 1
paper 1
paper 1
paper 1
paper 1
paper 1
paper 1
paper 1
paper 1
paper 1
paper 1
paper 1
paper 1
paper 1
paper 1
paper 1
paper 1
paper 1
pardon 1
pardon 1
park 1
park 1
park 1
park 1
park 1
passenger 1
passionately 1
passionately 1
patent 1
patent 1
pay 1
pay 1
pay 1
pay 1
pay 1
pay 1
pay 1
pay 1
pay 1
pay 1
pay 1
pay 1
pay 1
pay 1
pay 1
pay 1
pay 1
pay 1
pea 1
pea 1
pea 1
pearl 1
pedestrians 1
perch 1
perch 1
permanent 1
permanent 1
persons 1
persons 1
perspired 1
pets 1
piece 1
piece 1
piece 1
piece 1
piece 1
piece 1
piece 1
piece 1
piece 1
piece 1
piece 1
piece 1
pilot 1
pipe 1
pipe 1
pipe 1
pipe 1
pipe 1
pipe 1
pipe 1
pipe 1
pipe 1
pipe 1
pipe 1
pipe 1
pipe 1
pipe 1
pipe 1
pipe 1
pipe 1
pipe 1
pipe 1
planet 1
planking 1
plantation 1
plantation 1
plantation 1
plantation 1
planted 1
playing 1
playing 1
playing 1
playing 1
playing 1
pomposity 1
positively 1
powers 1
powers 1
powers 1
powers 1
powers 1
powers 1
practically 1
practically 1
practically 1
precisely 1
precisely 1
preliminary 1
preliminary 1
presents 1
presents 1
preserver 1
presumption 1
presumption 1
presumption 1
pretty 1
pretty 1
pretty 1
pretty 1
pretty 1
pretty 1
pretty 1
pretty 1
pretty 1
pretty 1
pretty 1
pretty 1
prevent 1
prevent 1
prevent 1
prevent 1
prevent 1
prevent 1
prevent 1
prevent 1
prevent 1
prevent 1
prey 1
prey 1
prior 1
proceed 1
proceed 1
proceed 1
proceed 1
proclaimed 1
prominence 1
proof 1
proof 1
proof 1
proof 1
proof 1
proof 1
proof 1
proof 1
proper 1
proposed 1
propriety 1
propriety 1
prospecting 1
publicly 1
purple 1
purple 1
purple 1
purpose 1
purpose 1
purpose 1
purpose 1
purpose 1
purpose 1
purpose 1
purpose 1
purpose 1
purpose 1
purpose 1
purpose 1
pushing 1
pushing 1
pushing 1
puzzle 1
qualifications 1
quarrel 1
quarrel 1
quarrel 1
quarrel 1
quarrel 1
queen 1
queen 1
questioning 1
questioning 1
questioning 1
questioning 1
questioning 1
questioning 1
questioning 1
questioning 1
questioning 1
questioning 1
questioning 1
r 1
r 1
ragged 1
rang 1
rang 1
rang 1
rang 1
raved 1
rd 1
rd 1
rd 1
readable 1
readable 1
readily 1
readily 1
readily 1
readily 1
readily 1
readily 1
real 1
real 1
real 1
real 1
real 1
real 1
real 1
real 1
real 1
real 1
real 1
real 1
realising 1
realising 1
realising 1
rearing 1
receded 1
receiving 1
receiving 1
recently 1
recommend 1
recommend 1
recorded 1
recorded 1
records 1
records 1
records 1
records 1
records 1
records 1
records 1
refreshed 1
region 1
regretted 1
regretted 1
regretted 1
regretted 1
regular 1
regular 1
regular 1
relation 1
relation 1
relation 1
relative 1
relative 1
remark 1
remark 1
remark 1
remark 1
remark 1
remark 1
remark 1
remark 1
remark 1
remark 1
remark 1
remarkably 1
remarkably 1
remarkably 1
remembered 1
remembered 1
remembered 1
remembered 1
remembered 1
remembered 1
reopened 1
repartee 1
requested 1
residence 1
residence 1
residence 1
resolved 1
respectable 1
respectable 1
respectable 1
respectable 1
respectable 1
retiring 1
retiring 1
retort 1
revenge 1
revenge 1
richest 1
richest 1
rifle 1
rifled 1
rifled 1
rival 1
river 1
river 1
river 1
river 1
river 1
river 1
roughly 1
roughly 1
roused 1
roused 1
roused 1
royalties 1
royalties 1
royalty 1
rude 1
rude 1
ruin 1
ruin 1
ruin 1
ruin 1
ruin 1
ruin 1
ruin 1
sacrificing 1
sailed 1
salt 1
satisfaction 1
satisfaction 1
satisfaction 1
satisfaction 1
satisfaction 1
scene 1
scene 1
scene 1
scene 1
scene 1
scene 1
scene 1
scene 1
scene 1
scene 1
scene 1
scene 1
scene 1
scene 1
science 1
science 1
scored 1
scored 1
scratch 1
screams 1
scribbled 1
scuffle 1
scuffle 1
scuffle 1
seated 1
seated 1
seated 1
seated 1
seated 1
seated 1
secrecy 1
secrecy 1
secrecy 1
secrecy 1
secrecy 1
secrecy 1
secrecy 1
secret 1
secret 1
secret 1
secret 1
secret 1
secret 1
secret 1
secret 1
secret 1
secret 1
secret 1
secret 1
secret 1
secret 1
secret 1
secret 1
secret 1
secret 1
secret 1
secret 1
seized 1
seized 1
seized 1
seized 1
seized 1
seized 1
seized 1
seized 1
seized 1
seized 1
select 1
select 1
select 1
selection 1
selfish 1
sell 1
sell 1
sell 1
sell 1
sell 1
senders 1
sensation 1
serving 1
serving 1
settling 1
settling 1
seventy 1
shabbily 1
shake 1
shake 1
shake 1
shake 1
shake 1
shed 1
shift 1
ship 1
ship 1
ship 1
ship 1
ship 1
ship 1
ship 1
ship 1
ship 1
ship 1
ship 1
shirt 1
shirt 1
shirt 1
shirt 1
shirt 1
shock 1
shock 1
shock 1
shock 1
shock 1
shock 1
shoes 1
shoes 1
shoes 1
shoes 1
shoes 1
shoes 1
shouted 1
shouted 1
shouted 1
shouted 1
shouted 1
shouted 1
shouted 1
shouted 1
shouted 1
shouts 1
sick 1
sick 1
silvered 1
simpler 1
simpler 1
sin 1
since 1
since 1
since 1
since 1
since 1
since 1
since 1
since 1
since 1
since 1
since 1
since 1
since 1
since 1
since 1
since 1
since 1
since 1
since 1
since 1
since 1
since 1
since 1
since 1
since 1
since 1
since 1
since 1
since 1
since 1
since 1
since 1
since 1
since 1
since 1
since 1
since 1
since 1
singularly 1
sister 1
sister 1
sister 1
sister 1
sister 1
sister 1
sister 1
sister 1
sister 1
sister 1
sister 1
sister 1
sister 1
sister 1
sister 1
sister 1
sister 1
sister 1
sister 1
sister 1
sister 1
sister 1
sister 1
sister 1
sister 1
sister 1
sister 1
sister 1
sister 1
sister 1
sister 1
sister 1
sister 1
sister 1
sketch 1
sketch 1
slavey 1
slept 1
slept 1
slept 1
slept 1
slept 1
slighter 1
slurring 1
smooth 1
smooth 1
smooth 1
smoothing 1
snatched 1
snatched 1
sobbing 1
softened 1
soie 1
soles 1
sombre 1
sombre 1
sombre 1
sombre 1
some 1
some 1
some 1
some 1
some 1
some 1
some 1
some 1
some 1
some 1
some 1
some 1
some 1
some 1
some 1
some 1
some 1
some 1
some 1
some 1
some 1
some 1
some 1
some 1
some 1
some 1
some 1
some 1
some 1
some 1
some 1
some 1
some 1
some 1
some 1
some 1
some 1
some 1
some 1
some 1
some 1
some 1
some 1
some 1
some 1
some 1
some 1
some 1
some 1
some 1
some 1
some 1
some 1
some 1
some 1
some 1
some 1
some 1
some 1
some 1
some 1
some 1
some 1
some 1
some 1
some 1
some 1
some 1
some 1
some 1
some 1
some 1
some 1
some 1
some 1
some 1
some 1
some 1
some 1
some 1
some 1
some 1
some 1
some 1
some 1
some 1
some 1
some 1
some 1
some 1
some 1
some 1
some 1
some 1
some 1
some 1
some 1
some 1
some 1
some 1
some 1
some 1
some 1
some 1
some 1
some 1
some 1
some 1
some 1
some 1
some 1
some 1
some 1
some 1
some 1
some 1
some 1
some 1
some 1
some 1
some 1
some 1
some 1
some 1
some 1
some 1
some 1
some 1
some 1
some 1
some 1
some 1
some 1
some 1
some 1
some 1
some 1
some 1
some 1
some 1
some 1
some 1
some 1
some 1
some 1
some 1
some 1
some 1
some 1
some 1
some 1
some 1
some 1
some 1
some 1
some 1
some 1
some 1
some 1
some 1
some 1
some 1
some 1
some 1
some 1
some 1
some 1
some 1
some 1
some 1
some 1
some 1
some 1
some 1
some 1
some 1
some 1
some 1
some 1
some 1
some 1
some 1
some 1
some 1
some 1
some 1
some 1
some 1
some 1
some 1
some 1
some 1
some 1
some 1
some 1
some 1
some 1
some 1
some 1
some 1
some 1
some 1
some 1
some 1
some 1
some 1
some 1
some 1
some 1
some 1
some 1
some 1
some 1
some 1
some 1
some 1
some 1
some 1
some 1
some 1
some 1
some 1
some 1
some 1
some 1
some 1
some 1
something 1
something 1
something 1
something 1
something 1
something 1
something 1
something 1
something 1
something 1
something 1
something 1
something 1
something 1
something 1
something 1
something 1
something 1
something 1
something 1
something 1
something 1
something 1
something 1
something 1
something 1
something 1
something 1
something 1
something 1
something 1
something 1
something 1
something 1
something 1
something 1
something 1
something 1
something 1
something 1
something 1
something 1
something 1
something 1
something 1
something 1
something 1
something 1
something 1
something 1
something 1
something 1
something 1
something 1
something 1
something 1
something 1
something 1
something 1
something 1
something 1
something 1
something 1
something 1
songs 1
sorely 1
sought 1
sovereign 1
sovereign 1
sovereign 1
sovereign 1
sovereign 1
speaking 1
speaking 1
speaking 1
spinster 1
spoke 1
spoke 1
spoke 1
spoke 1
spoke 1
spoke 1
spoke 1
spoke 1
spoke 1
spoke 1
spoke 1
spoke 1
spoke 1
spoke 1
spoke 1
spoke 1
spoke 1
spoke 1
spoke 1
spoke 1
spoke 1
spoke 1
spoke 1
spoke 1
spoke 1
spoke 1
spoke 1
sponged 1
squeezed 1
staff 1
staff 1
stagnant 1
standing 1
standing 1
standing 1
standing 1
standing 1
standing 1
standing 1
standing 1
standing 1
standing 1
standing 1
standing 1
standing 1
standing 1
standing 1
standing 1
standing 1
standing 1
standing 1
standing 1
standing 1
standing 1
standing 1
standpoint 1
starting 1
starting 1
starting 1
starting 1
startling 1
steadings 1
stepfather 1
stepfather 1
stepfather 1
stepfather 1
stepfather 1
stepfather 1
stepfather 1
stepfather 1
stepfather 1
stepfather 1
stepfather 1
stepfather 1
stepfather 1
stepfather 1
stepfather 1
stepfather 1
stepfather 1
stepfather 1
stepfather 1
stepfather 1
stepfather 1
stiff 1
stiff 1
still 1
still 1
still 1
still 1
still 1
still 1
still 1
still 1
still 1
still 1
still 1
still 1
still 1
still 1
still 1
still 1
still 1
still 1
still 1
still 1
still 1
still 1
still 1
still 1
still 1
still 1
still 1
still 1
still 1
still 1
still 1
still 1
still 1
still 1
still 1
still 1
still 1
still 1
still 1
still 1
still 1
still 1
still 1
still 1
still 1
still 1
still 1
still 1
still 1
still 1
still 1
still 1
still 1
still 1
still 1
still 1
still 1
still 1
still 1
still 1
still 1
still 1
still 1
still 1
still 1
still 1
still 1
still 1
still 1
stock 1
stock 1
stock 1
stock 1
stock 1
stopping 1
streets 1
streets 1
streets 1
streets 1
streets 1
streets 1
streets 1
streets 1
streets 1
streets 1
streets 1
streets 1
strengthen 1
strengthen 1
struck 1
struck 1
struck 1
struck 1
struck 1
struck 1
struck 1
struck 1
struck 1
struck 1
struck 1
struck 1
struck 1
struck 1
struck 1
struck 1
struck 1
struck 1
struck 1
struck 1
struck 1
struck 1
struck 1
struck 1
stuck 1
stuck 1
studied 1
studied 1
stumbled 1
subdued 1
subdued 1
submit 1
submit 1
submit 1
summoned 1
summoned 1
sums 1
sums 1
sums 1
sunlight 1
sunset 1
supplied 1
swag 1
swash 1
sweating 1
sweating 1
swelled 1
swiftly 1
swiftly 1
swiftly 1
swiftly 1
swiftly 1
swiftly 1
swiftly 1
swiftly 1
swiftly 1
swiftly 1
swiftly 1
swiftly 1
swore 1
swore 1
table 1
table 1
table 1
table 1
table 1
table 1
table 1
table 1
table 1
table 1
table 1
table 1
table 1
table 1
table 1
table 1
table 1
table 1
table 1
table 1
table 1
table 1
table 1
table 1
table 1
table 1
table 1
table 1
table 1
table 1
table 1
table 1
table 1
table 1
table 1
table 1
table 1
table 1
table 1
table 1
table 1
table 1
table 1
table 1
table 1
table 1
table 1
table 1
table 1
table 1
table 1
taller 1
tattooed 1
teeth 1
teeth 1
teeth 1
teeth 1
temperament 1
tempered 1
tendencies 1
terror 1
terror 1
terror 1
terror 1
terror 1
terror 1
terror 1
themselves 1
themselves 1
themselves 1
themselves 1
theorize 1
throbbed 1
thrusting 1
thrusting 1
thumb 1
thumb 1
thumb 1
thumb 1
thumb 1
thumb 1
thumb 1
thumb 1
thumb 1
thumb 1
thumb 1
thumb 1
thumb 1
thumb 1
thumb 1
tidy 1
tooth 1
tooth 1
towards 1
towards 1
towards 1
towards 1
towards 1
towards 1
towards 1
towards 1
towards 1
towards 1
towards 1
towards 1
towards 1
towards 1
towards 1
towards 1
towards 1
towards 1
towards 1
towards 1
tracks 1
tracks 1
tracks 1
tracks 1
tracks 1
tragedy 1
tragedy 1
tragedy 1
tragedy 1
tragedy 1
train 1
train 1
train 1
train 1
train 1
train 1
train 1
train 1
train 1
train 1
train 1
train 1
train 1
train 1
train 1
train 1
train 1
train 1
train 1
train 1
train 1
transaction 1
transmit 1
travelling 1
travelling 1
treatment 1
treatment 1
tree 1
tree 1
tree 1
tree 1
tree 1
tree 1
tricked 1
tricky 1
trite 1
tropics 1
trust 1
trust 1
trust 1
trust 1
trust 1
trust 1
trust 1
trust 1
trust 1
trust 1
trust 1
trust 1
trust 1
trust 1
trust 1
trust 1
twisted 1
twisted 1
twisted 1
twisted 1
twisted 1
twisted 1
twisted 1
twisted 1
txt 1
type 1
unbuttoned 1
unclasping 1
uncommon 1
unconcerned 1
uncourteous 1
understanding 1
understanding 1
unknown 1
unknown 1
unknown 1
unknown 1
unknown 1
unless 1
unless 1
unless 1
unless 1
unless 1
unless 1
unless 1
unless 1
unless 1
unless 1
unless 1
unless 1
unnecessary 1
unnecessary 1
unnecessary 1
unnecessary 1
unofficial 1
unpack 1
unpleasantness 1
urging 1
using 1
using 1
using 1
using 1
using 1
using 1
using 1
using 1
valid 1
valise 1
values 1
varieties 1
vehemence 1
ventilator 1
ventilator 1
ventilator 1
ventilator 1
ventilator 1
ventilator 1
ventilator 1
ventilator 1
ventilator 1
ventilator 1
ventilator 1
ventilator 1
ventilator 1
ventilator 1
version 1
visible 1
visible 1
visible 1
visible 1
visible 1
visits 1
visits 1
visits 1
volume 1
volume 1
volume 1
volume 1
volume 1
vote 1
wall 1
wall 1
wall 1
wall 1
wall 1
wall 1
wall 1
wall 1
wall 1
wall 1
wall 1
wall 1
wall 1
wall 1
weaver 1
weight 1
weight 1
weight 1
weight 1
weight 1
weight 1
weight 1
welcomed 1
whatever 1
whatever 1
whatever 1
whatever 1
whatever 1
whatever 1
whatever 1
whatever 1
whatever 1
whatever 1
whatever 1
whatever 1
whatever 1
wickedness 1
wickedness 1
widened 1
widened 1
widespread 1
widespread 1
widespread 1
wind 1
wind 1
wind 1
wind 1
wind 1
wind 1
wind 1
wind 1
wind 1
wind 1
wind 1
winding 1
winding 1
winding 1
winding 1
winding 1
winding 1
winding 1
winding 1
wit 1
wit 1
wit 1
wit 1
wit 1
wit 1
wondered 1
wooden 1
wooden 1
wooden 1
wooden 1
wooden 1
wooden 1
wooden 1
wooden 1
wooden 1
wooden 1
wooden 1
wooden 1
wooden 1
wooden 1
wooden 1
wooden 1
wreaths 1
wreaths 1
wronged 1
wronged 1
years 1
years 1
years 1
years 1
years 1
years 1
years 1
years 1
years 1
years 1
years 1
years 1
years 1
years 1
years 1
years 1
years 1
years 1
years 1
years 1
years 1
years 1
years 1
years 1
years 1
years 1
years 1
years 1
years 1
years 1
years 1
years 1
years 1
years 1
years 1
years 1
years 1
years 1
years 1
years 1
years 1
years 1
years 1
years 1
years 1
years 1
years 1
years 1
years 1
years 1
years 1
years 1
years 1
years 1
years 1
years 1
years 1
years 1
years 1
years 1
years 1
years 1
years 1
years 1
years 1
years 1
yesterday 1
yesterday 1
yesterday 1
yesterday 1
yesterday 1
yesterday 1
yesterday 1
yesterday 1
yesterday 1
yesterday 1
