ACTUAL 1
AGREEMENT 1
Advantages 1
Alfred 1
Alfred 1
Alfred 1
Alfred 1
Alfred 1
Alfred 1
Alfred 1
Alfred 1
Answer 1
Any 1
Any 1
Any 1
Any 1
Any 1
Any 1
As 1
As 1
As 1
As 1
As 1
As 1
As 1
As 1
As 1
As 1
As 1
As 1
As 1
As 1
As 1
As 1
As 1
As 1
As 1
As 1
As 1
As 1
As 1
Assyrian 1
Aunt 1
Aunt 1
Aunt 1
Aunt 1
Aunt 1
Aunt 1
Aunt 1
Aunt 1
Aunt 1
Aunt 1
Aunt 1
Aunt 1
Aunt 1
Aunt 1
Aunt 1
Aunt 1
Aunt 1
Aunt 1
Aunt 1
Aunt 1
Aunt 1
Aunt 1
Aunt 1
Aunt 1
Aunt 1
Aunt 1
Aunt 1
Aunt 1
Aunt 1
Aunt 1
Aunt 1
Aunt 1
Aunt 1
Aunt 1
Aunt 1
Aunt 1
Aunt 1
Aunt 1
Aunt 1
Aunt 1
Aunt 1
Aunt 1
Aunt 1
Aunt 1
Aunt 1
Aunt 1
Aunt 1
Aunt 1
Aunt 1
Aunt 1
Aunt 1
Aunt 1
Aunt 1
Aunt 1
Aunt 1
Aunt 1
Aunt 1
Aunt 1
Away 1
Away 1
Away 1
Away 1
BECKY 1
BECKY 1
Because 1
Because 1
Because 1
Because 1
Because 1
Because 1
Benton 1
Bible 1
Bible 1
Bible 1
Bible 1
Bible 1
Bible 1
Bible 1
Bible 1
Billy 1
Billy 1
Blessed 1
Blessed 1
Blessed 1
Blessed 1
Bringing 1
Bug 1
Cadets 1
Cadets 1
Came 1
Coils 1
Comfortable 1
Confidence 1
Courses 1
DAMAGES 1
DAMAGES 1
Dangerous 1
Defects 1
Despair 1
Despair 1
Despite 1
Diligence 1
Dismal 1
Domain 1
Dreams 1
Eden 1
Europe 1
FAREWELL 1
First 1
First 1
Five 1
Forty 1
Four 1
Four 1
Frost 1
Get 1
Get 1
Get 1
Get 1
Giving 1
God 1
God 1
God 1
God 1
God 1
God 1
God 1
God 1
Goody 1
Have 1
Have 1
Have 1
Have 1
Have 1
Have 1
Have 1
Have 1
Heart 1
Heavens 1
Hero 1
Hero 1
Hero 1
Him 1
Himself 1
Horror 1
INDIRECT 1
Interrupted 1
Lane 1
Lane 1
Langhorne 1
Lay 1
Lie 1
Looky 1
MONDAY 1
Married 1
Master 1
Master 1
Melancholy 1
Melons 1
Mister 1
Monday 1
Monday 1
Monday 1
Near 1
Never 1
Never 1
Never 1
Never 1
Never 1
Never 1
Never 1
New 1
New 1
New 1
New 1
Night 1
Night 1
Nobility 1
Oath 1
Ole 1
Ole 1
PUNITIVE 1
Play 1
Please 1
Please 1
Please 1
Please 1
Please 1
Please 1
Please 1
Please 1
Please 1
Please 1
Please 1
Please 1
Please 1
Pretty 1
Pretty 1
Prisoner 1
Produced 1
Produced 1
Rest 1
Retaliates 1
Revenue 1
River 1
River 1
River 1
Rogerses 1
SO 1
Satisfied 1
Sections 1
Sensation 1
Sensation 1
Sheets 1
Sleepy 1
Somebody 1
Somebody 1
Somebody 1
Somebody 1
Sometimes 1
Sometimes 1
Sometimes 1
Sometimes 1
Sometimes 1
Sometimes 1
Stroll 1
Superintendent 1
Tallapoosa 1
Tallassee 1
Tanner 1
Tanner 1
Tanner 1
Tanner 1
Temptations 1
Thatchers 1
There 1
There 1
There 1
There 1
There 1
There 1
There 1
There 1
There 1
There 1
There 1
There 1
There 1
There 1
There 1
There 1
There 1
There 1
There 1
There 1
There 1
There 1
There 1
There 1
There 1
There 1
There 1
There 1
There 1
There 1
There 1
There 1
There 1
There 1
There 1
There 1
There 1
There 1
There 1
There 1
There 1
There 1
There 1
There 1
There 1
There 1
There 1
There 1
There 1
There 1
There 1
There 1
There 1
There 1
There 1
There 1
There 1
There 1
There 1
There 1
There 1
There 1
There 1
There 1
There 1
There 1
There 1
There 1
There 1
There 1
There 1
There 1
There 1
There 1
There 1
There 1
There 1
There 1
There 1
There 1
There 1
There 1
There 1
There 1
There 1
There 1
There 1
There 1
There 1
Thursday 1
Thursday 1
Thursday 1
Thursday 1
Ting 1
Ting 1
Ting 1
Ting 1
Ting 1
Ting 1
Ting 1
Two 1
Two 1
Two 1
Two 1
Two 1
Two 1
Two 1
Two 1
Two 1
Two 1
Two 1
Two 1
Two 1
Two 1
Two 1
UNDER 1
Unless 1
Upon 1
V 1
V 1
Very 1
Very 1
Very 1
WARRANTY 1
WARRANTY 1
WHEN 1
WITH 1
Washington 1
Webster 1
Wedding 1
Well 1
Well 1
Well 1
Well 1
Well 1
Well 1
Well 1
Well 1
Well 1
Well 1
Well 1
Well 1
Well 1
Well 1
Well 1
Well 1
Well 1
Well 1
Well 1
Well 1
Well 1
Well 1
Well 1
Well 1
Well 1
Well 1
Well 1
Well 1
Well 1
Well 1
Well 1
Well 1
Well 1
Well 1
Well 1
Well 1
Well 1
Well 1
Well 1
Well 1
Well 1
Well 1
Well 1
Well 1
Well 1
Well 1
Well 1
Well 1
Well 1
Well 1
Well 1
Well 1
Well 1
Well 1
Well 1
Well 1
Well 1
Well 1
Well 1
Well 1
Well 1
Well 1
Well 1
Well 1
Well 1
Well 1
Well 1
Well 1
Well 1
Well 1
Well 1
Well 1
Well 1
Well 1
Well 1
Well 1
Well 1
Well 1
Well 1
Well 1
Well 1
Well 1
Well 1
Well 1
Well 1
Well 1
Well 1
Well 1
Well 1
Well 1
Well 1
Well 1
Well 1
Well 1
Well 1
Well 1
Well 1
Well 1
Well 1
Well 1
Well 1
Well 1
Well 1
Well 1
Well 1
Well 1
Well 1
Well 1
Well 1
Well 1
Well 1
Well 1
Well 1
Well 1
Well 1
Well 1
Well 1
Well 1
Well 1
Well 1
Well 1
Well 1
Why 1
Why 1
Why 1
Why 1
Why 1
Why 1
Why 1
Why 1
Why 1
Why 1
Why 1
Why 1
Why 1
Why 1
Why 1
Why 1
Why 1
Why 1
Why 1
Why 1
Why 1
Why 1
Why 1
Why 1
Why 1
Why 1
Why 1
Why 1
Why 1
Why 1
Why 1
Why 1
Why 1
Why 1
Why 1
Why 1
Why 1
Why 1
Why 1
Why 1
Why 1
Why 1
Why 1
Why 1
Why 1
Why 1
Why 1
Why 1
Why 1
Why 1
Why 1
Why 1
Why 1
Why 1
Why 1
Why 1
Why 1
Why 1
Why 1
Why 1
Why 1
Why 1
Why 1
Why 1
Why 1
Why 1
Why 1
Why 1
Why 1
Why 1
Why 1
Why 1
Why 1
Why 1
Why 1
Why 1
Why 1
Will 1
Will 1
Will 1
Will 1
Without 1
Without 1
Won 1
Woods 1
X 1
X 1
XII 1
XII 1
XX 1
XX 1
XXII 1
XXII 1
XXX 1
XXX 1
abuse 1
abuse 1
accidents 1
accomplished 1
accord 1
accord 1
accustomed 1
accustomed 1
accustomed 1
aches 1
acquire 1
action 1
added 1
added 1
added 1
added 1
added 1
added 1
added 1
added 1
added 1
added 1
added 1
added 1
address 1
affected 1
afterward 1
afterward 1
afterward 1
afterward 1
afterward 1
afterward 1
afterward 1
afterward 1
ages 1
ages 1
agree 1
agree 1
agree 1
agree 1
agree 1
agree 1
agree 1
agree 1
agreeable 1
agreeable 1
aid 1
ailing 1
ain 1
ain 1
ain 1
ain 1
ain 1
ain 1
ain 1
ain 1
ain 1
ain 1
ain 1
ain 1
ain 1
ain 1
ain 1
ain 1
ain 1
ain 1
ain 1
ain 1
ain 1
ain 1
ain 1
ain 1
ain 1
ain 1
ain 1
ain 1
ain 1
ain 1
ain 1
ain 1
ain 1
ain 1
ain 1
ain 1
ain 1
ain 1
ain 1
ain 1
ain 1
ain 1
ain 1
ain 1
ain 1
ain 1
ain 1
ain 1
ain 1
ain 1
ain 1
ain 1
ain 1
ain 1
ain 1
ain 1
ain 1
ain 1
ain 1
ain 1
ain 1
ain 1
ain 1
ain 1
ain 1
ain 1
ain 1
ain 1
ain 1
ain 1
ain 1
ain 1
ain 1
ain 1
ain 1
ain 1
ain 1
ain 1
ain 1
ain 1
ain 1
ain 1
ain 1
ain 1
ain 1
ain 1
ain 1
ain 1
ain 1
ain 1
ain 1
ain 1
ain 1
ain 1
ain 1
ain 1
ain 1
ain 1
ain 1
ain 1
ain 1
ain 1
ain 1
ain 1
ain 1
ain 1
ain 1
ain 1
ain 1
ain 1
ain 1
ain 1
ain 1
ain 1
ain 1
ain 1
ain 1
ain 1
ain 1
airily 1
alike 1
alike 1
alike 1
alike 1
alike 1
almost 1
almost 1
almost 1
almost 1
almost 1
almost 1
almost 1
almost 1
almost 1
almost 1
almost 1
almost 1
almost 1
almost 1
almost 1
almost 1
almost 1
almost 1
almost 1
almost 1
almost 1
almost 1
almost 1
almost 1
almost 1
almost 1
almost 1
almost 1
almost 1
almost 1
almost 1
almost 1
almost 1
almost 1
almost 1
almost 1
almost 1
altar 1
am 1
am 1
am 1
am 1
am 1
am 1
am 1
am 1
am 1
amidships 1
antelope 1
anyone 1
anyone 1
anyone 1
anyone 1
anyone 1
apartment 1
appalling 1
appealingly 1
appeared 1
appeared 1
appeared 1
appeared 1
appeared 1
appeared 1
appeared 1
appeared 1
appeared 1
appeared 1
appeared 1
appeared 1
appreciated 1
approaching 1
approaching 1
approaching 1
aps 1
are 1
are 1
are 1
are 1
are 1
are 1
are 1
are 1
are 1
are 1
are 1
are 1
are 1
are 1
are 1
are 1
are 1
are 1
are 1
are 1
are 1
are 1
are 1
are 1
are 1
are 1
are 1
are 1
are 1
are 1
are 1
are 1
are 1
are 1
are 1
are 1
are 1
are 1
are 1
are 1
are 1
are 1
are 1
are 1
are 1
are 1
are 1
are 1
are 1
are 1
are 1
are 1
are 1
are 1
are 1
are 1
are 1
are 1
are 1
are 1
are 1
are 1
are 1
are 1
are 1
are 1
are 1
arrives 1
artillery 1
as 1
as 1
as 1
as 1
as 1
as 1
as 1
as 1
as 1
as 1
as 1
as 1
as 1
as 1
as 1
as 1
as 1
as 1
as 1
as 1
as 1
as 1
as 1
as 1
as 1
as 1
as 1
as 1
as 1
as 1
as 1
as 1
as 1
as 1
as 1
as 1
as 1
as 1
as 1
as 1
as 1
as 1
as 1
as 1
as 1
as 1
as 1
as 1
as 1
as 1
as 1
as 1
as 1
as 1
as 1
as 1
as 1
as 1
as 1
as 1
as 1
as 1
as 1
as 1
as 1
as 1
as 1
as 1
as 1
as 1
as 1
as 1
as 1
as 1
as 1
as 1
as 1
as 1
as 1
as 1
as 1
as 1
as 1
as 1
as 1
as 1
as 1
as 1
as 1
as 1
as 1
as 1
as 1
as 1
as 1
as 1
as 1
as 1
as 1
as 1
as 1
as 1
as 1
as 1
as 1
as 1
as 1
as 1
as 1
as 1
as 1
as 1
as 1
as 1
as 1
as 1
as 1
as 1
as 1
as 1
as 1
as 1
as 1
as 1
as 1
as 1
as 1
as 1
as 1
as 1
as 1
as 1
as 1
as 1
as 1
as 1
as 1
as 1
as 1
as 1
as 1
as 1
as 1
as 1
as 1
as 1
as 1
as 1
as 1
as 1
as 1
as 1
as 1
as 1
as 1
as 1
as 1
as 1
as 1
as 1
as 1
as 1
as 1
as 1
as 1
as 1
as 1
as 1
as 1
as 1
as 1
as 1
as 1
as 1
as 1
as 1
as 1
as 1
as 1
as 1
as 1
as 1
as 1
as 1
as 1
as 1
as 1
as 1
as 1
as 1
as 1
as 1
as 1
as 1
as 1
as 1
as 1
as 1
as 1
as 1
as 1
as 1
as 1
as 1
as 1
as 1
as 1
as 1
as 1
as 1
as 1
as 1
as 1
as 1
as 1
as 1
as 1
as 1
as 1
as 1
as 1
as 1
as 1
as 1
as 1
as 1
as 1
as 1
as 1
as 1
as 1
as 1
as 1
as 1
as 1
as 1
as 1
as 1
as 1
as 1
as 1
as 1
as 1
as 1
as 1
as 1
as 1
as 1
as 1
as 1
as 1
as 1
as 1
as 1
as 1
as 1
as 1
as 1
as 1
as 1
as 1
as 1
as 1
as 1
as 1
as 1
as 1
as 1
as 1
as 1
as 1
as 1
as 1
as 1
as 1
as 1
as 1
as 1
as 1
as 1
as 1
as 1
as 1
as 1
as 1
as 1
as 1
as 1
as 1
as 1
as 1
as 1
as 1
as 1
as 1
as 1
as 1
as 1
as 1
as 1
as 1
as 1
as 1
as 1
as 1
as 1
as 1
as 1
as 1
as 1
as 1
as 1
as 1
as 1
as 1
as 1
as 1
as 1
as 1
as 1
as 1
as 1
as 1
as 1
as 1
as 1
as 1
as 1
as 1
as 1
as 1
as 1
as 1
as 1
as 1
as 1
as 1
as 1
as 1
as 1
as 1
as 1
as 1
as 1
as 1
as 1
as 1
as 1
as 1
as 1
as 1
as 1
as 1
as 1
as 1
as 1
as 1
as 1
as 1
as 1
as 1
as 1
as 1
as 1
as 1
as 1
as 1
as 1
as 1
as 1
as 1
as 1
as 1
as 1
as 1
as 1
as 1
as 1
as 1
as 1
as 1
as 1
as 1
as 1
associated 1
associated 1
associated 1
associated 1
associated 1
associated 1
associated 1
associated 1
astride 1
astronomer 1
astronomer 1
attached 1
auntie 1
auntie 1
auntie 1
auntie 1
auntie 1
auntie 1
auntie 1
auntie 1
auntie 1
auntie 1
auntie 1
auntie 1
auntie 1
auntie 1
auntie 1
aware 1
aware 1
aware 1
aware 1
away 1
away 1
away 1
away 1
away 1
away 1
away 1
away 1
away 1
away 1
away 1
away 1
away 1
away 1
away 1
away 1
away 1
away 1
away 1
away 1
away 1
away 1
away 1
away 1
away 1
away 1
away 1
away 1
away 1
away 1
away 1
away 1
away 1
away 1
away 1
away 1
away 1
away 1
away 1
away 1
away 1
away 1
away 1
away 1
away 1
away 1
away 1
away 1
away 1
away 1
away 1
away 1
away 1
away 1
away 1
away 1
away 1
away 1
away 1
away 1
away 1
away 1
away 1
away 1
away 1
away 1
away 1
away 1
away 1
away 1
away 1
away 1
away 1
away 1
away 1
away 1
away 1
away 1
away 1
away 1
away 1
away 1
away 1
away 1
away 1
away 1
away 1
away 1
away 1
away 1
away 1
away 1
away 1
away 1
away 1
away 1
away 1
away 1
away 1
away 1
away 1
away 1
away 1
away 1
away 1
away 1
away 1
away 1
away 1
away 1
away 1
away 1
away 1
away 1
away 1
away 1
away 1
away 1
away 1
away 1
away 1
away 1
away 1
away 1
away 1
away 1
away 1
away 1
away 1
away 1
b 1
b 1
bail 1
balance 1
balance 1
bankrupted 1
bare 1
bare 1
bare 1
bare 1
barking 1
basket 1
because 1
because 1
because 1
because 1
because 1
because 1
because 1
because 1
because 1
because 1
because 1
because 1
because 1
because 1
because 1
because 1
because 1
because 1
because 1
because 1
because 1
because 1
because 1
because 1
because 1
because 1
because 1
because 1
because 1
because 1
because 1
because 1
because 1
because 1
because 1
because 1
because 1
because 1
because 1
because 1
because 1
because 1
because 1
because 1
because 1
because 1
because 1
because 1
bedroom 1
bedroom 1
bedroom 1
bedside 1
bedside 1
beings 1
beings 1
beings 1
bethought 1
bladder 1
blade 1
blade 1
blanketed 1
blankets 1
blankets 1
blaze 1
blaze 1
blazed 1
blazed 1
blessings 1
blessings 1
blinking 1
blossoms 1
bluffs 1
blurted 1
blush 1
board 1
board 1
board 1
board 1
board 1
board 1
board 1
board 1
board 1
board 1
board 1
boarding 1
bodings 1
bodings 1
body 1
body 1
body 1
body 1
body 1
body 1
body 1
body 1
body 1
body 1
body 1
body 1
body 1
body 1
body 1
body 1
body 1
body 1
body 1
body 1
body 1
body 1
body 1
body 1
body 1
body 1
body 1
body 1
body 1
body 1
body 1
body 1
body 1
body 1
body 1
body 1
body 1
boldness 1
bonnet 1
bosom 1
bosom 1
bosom 1
bosom 1
bosom 1
bosom 1
bound 1
bound 1
bound 1
bound 1
bound 1
bound 1
bound 1
bound 1
bound 1
bound 1
bound 1
bound 1
bound 1
bound 1
bowl 1
bowl 1
boyhood 1
brave 1
brilliantly 1
bring 1
bring 1
bring 1
bring 1
bring 1
bring 1
bringing 1
bristling 1
bristling 1
brother 1
brother 1
brother 1
brother 1
brother 1
brother 1
brother 1
brother 1
brother 1
building 1
bulliest 1
bullyrag 1
bundle 1
bundle 1
bundle 1
bundle 1
burden 1
burden 1
burden 1
burglars 1
bust 1
button 1
button 1
bystander 1
cake 1
cake 1
cake 1
cake 1
calculated 1
calculated 1
calculated 1
calculated 1
capacity 1
capacity 1
captain 1
captain 1
capture 1
capture 1
capture 1
capture 1
captured 1
captured 1
captured 1
captured 1
captured 1
career 1
career 1
careful 1
careful 1
careful 1
careful 1
careful 1
careful 1
carried 1
carried 1
carried 1
carried 1
carried 1
carried 1
carried 1
carried 1
carried 1
carried 1
ceaseless 1
ceaseless 1
cemetery 1
centuries 1
charge 1
charge 1
charge 1
charge 1
charge 1
charge 1
charge 1
charge 1
charge 1
charms 1
charms 1
chase 1
chat 1
chat 1
chill 1
chill 1
chillier 1
chimed 1
choke 1
choke 1
choked 1
choked 1
circumstances 1
circumstances 1
circumstances 1
circumstances 1
circumstances 1
circumstances 1
circumstances 1
citizen 1
citizen 1
clad 1
clad 1
clad 1
clad 1
clad 1
claws 1
claws 1
claws 1
clerks 1
clothes 1
clothes 1
clothes 1
clothes 1
clothes 1
clothes 1
clothes 1
clothes 1
clothes 1
clothes 1
clothes 1
clothes 1
clothes 1
clothes 1
clothes 1
clothes 1
clothes 1
clothes 1
clothes 1
clothes 1
cloudrack 1
clouds 1
clouds 1
clouds 1
column 1
comet 1
comforting 1
commanded 1
companion 1
compass 1
complained 1
complimentary 1
comprehended 1
comprehended 1
comrades 1
comrades 1
comrades 1
comrades 1
concerning 1
concerning 1
concerning 1
conflagrations 1
congratulating 1
continent 1
costs 1
costs 1
costs 1
cottages 1
countries 1
countries 1
countries 1
covered 1
covered 1
covered 1
covered 1
covered 1
coward 1
crackers 1
craft 1
craft 1
craving 1
creak 1
created 1
created 1
created 1
created 1
creatures 1
credulous 1
critically 1
crookedness 1
cruelly 1
cruelly 1
crumbled 1
cupboard 1
curious 1
curious 1
curious 1
curtsy 1
cut 1
cut 1
cut 1
cut 1
cut 1
cut 1
cut 1
cut 1
cut 1
cut 1
damages 1
damages 1
damn 1
dancing 1
dancing 1
dander 1
dangling 1
dangling 1
dangling 1
decanter 1
decaying 1
deed 1
deed 1
deed 1
deed 1
deed 1
deep 1
deep 1
deep 1
deep 1
deep 1
deep 1
deep 1
deep 1
deep 1
deep 1
deep 1
deep 1
deep 1
deep 1
deep 1
deep 1
deep 1
deep 1
deep 1
deep 1
deepened 1
deepened 1
deepened 1
deepest 1
deftly 1
dejected 1
delightful 1
delightful 1
delivered 1
delivered 1
delivered 1
delivered 1
delivered 1
delivered 1
delivered 1
delivered 1
deluge 1
deluge 1
dental 1
denying 1
depressing 1
depressing 1
detected 1
detected 1
devised 1
diplomacy 1
directions 1
disagreed 1
disagreement 1
disciples 1
disciples 1
disclaimers 1
discomfort 1
discomfort 1
discomfort 1
discouraged 1
discouraged 1
discouraged 1
discouraged 1
discoverer 1
disdain 1
dismal 1
dismal 1
dismal 1
dismal 1
dismal 1
dismal 1
dismal 1
dismal 1
dismal 1
dismal 1
dismalest 1
dissected 1
distraction 1
distraction 1
dog 1
dog 1
dog 1
dog 1
dog 1
dog 1
dog 1
dog 1
dog 1
dog 1
dog 1
dog 1
dog 1
dog 1
dog 1
dog 1
dog 1
dong 1
dong 1
dong 1
dong 1
downloading 1
downtown 1
downtown 1
downtown 1
dreamed 1
dreams 1
dreams 1
dreams 1
dreams 1
dreams 1
dreams 1
dreams 1
dreams 1
dreams 1
dreams 1
dreamy 1
dreamy 1
dreariness 1
drippings 1
drive 1
drive 1
droned 1
drown 1
drowning 1
dumb 1
dumb 1
dumb 1
dumb 1
dumb 1
dumb 1
dumb 1
dumb 1
dust 1
dust 1
dust 1
dust 1
ecstasies 1
ecstasies 1
ee 1
effort 1
effort 1
effort 1
effort 1
effort 1
effort 1
effort 1
effort 1
effort 1
effort 1
effort 1
effort 1
effort 1
elbows 1
elbows 1
elbows 1
electronic 1
electronic 1
electronic 1
electronic 1
electronic 1
electronic 1
electronic 1
electronic 1
electronic 1
electronic 1
electronic 1
electronic 1
electronic 1
electronic 1
electronic 1
electronic 1
electronic 1
electronic 1
electronic 1
electronic 1
electronic 1
electronic 1
electronic 1
electronic 1
electronic 1
electronic 1
electronic 1
eminence 1
emotions 1
emphasis 1
employ 1
encouraging 1
ended 1
ended 1
ended 1
ended 1
enemies 1
enemy 1
enemy 1
enemy 1
enemy 1
enemy 1
energy 1
ensconced 1
enter 1
enter 1
episodes 1
equipment 1
equipment 1
equipment 1
errand 1
estate 1
evidently 1
evidently 1
evidently 1
evidently 1
excitement 1
excitement 1
excitement 1
excitement 1
excitement 1
excitement 1
excitement 1
excitement 1
excitement 1
exclaimed 1
exclaimed 1
exclaimed 1
exclaimed 1
exclaimed 1
exclaimed 1
exclaimed 1
exclaimed 1
exclaimed 1
exclaimed 1
exclaimed 1
exclusion 1
expense 1
explained 1
exterior 1
facing 1
facing 1
facing 1
faded 1
faded 1
faded 1
fallen 1
fallen 1
fascinate 1
fastened 1
fastened 1
fastened 1
fastened 1
fastened 1
feet 1
feet 1
feet 1
feet 1
feet 1
feet 1
feet 1
feet 1
feet 1
feet 1
feet 1
feet 1
feet 1
feet 1
feet 1
feet 1
feet 1
feet 1
feet 1
feet 1
feet 1
feet 1
feet 1
feet 1
feet 1
feet 1
feet 1
felled 1
feller 1
feller 1
feller 1
feller 1
feller 1
feller 1
festive 1
fetch 1
fetch 1
fetch 1
fetch 1
fetch 1
fetch 1
fetch 1
fetch 1
fetch 1
fetch 1
fetching 1
field 1
field 1
field 1
field 1
fight 1
fight 1
fight 1
fight 1
fight 1
fight 1
fight 1
fight 1
fight 1
fight 1
fight 1
fire 1
fire 1
fire 1
fire 1
fire 1
fire 1
fire 1
fire 1
fire 1
fire 1
fire 1
fire 1
fire 1
fire 1
fire 1
fire 1
fire 1
fire 1
fire 1
fire 1
fire 1
fire 1
fire 1
fire 1
fire 1
fire 1
fire 1
flash 1
flash 1
flash 1
flash 1
flash 1
flash 1
flew 1
flew 1
flew 1
flew 1
flew 1
flew 1
flew 1
flew 1
flew 1
flight 1
flight 1
flirtation 1
floggings 1
flowing 1
followed 1
followed 1
followed 1
followed 1
followed 1
followed 1
followed 1
followed 1
followed 1
followed 1
followed 1
followed 1
followed 1
followed 1
followed 1
followed 1
followed 1
followed 1
followed 1
followed 1
followed 1
followed 1
followed 1
followed 1
followed 1
followed 1
followed 1
followed 1
followed 1
followed 1
followed 1
followed 1
fool 1
fool 1
fool 1
fool 1
fool 1
fool 1
fool 1
fool 1
fool 1
fool 1
fool 1
fool 1
fool 1
fool 1
fool 1
fool 1
fool 1
forces 1
forgave 1
fork 1
forty 1
forty 1
forty 1
forty 1
forty 1
forty 1
forty 1
fountain 1
fraid 1
frenzy 1
frenzy 1
fresh 1
fresh 1
fresh 1
fresh 1
fresh 1
fresh 1
fresh 1
fully 1
fully 1
fully 1
fundraising 1
furnace 1
futility 1
gallery 1
gallery 1
gallery 1
gallery 1
gathered 1
gathered 1
gathered 1
gathered 1
gathered 1
gathered 1
gathered 1
gathered 1
gathered 1
gathered 1
gathered 1
gbnewby 1
geeminy 1
giggles 1
glass 1
glass 1
glass 1
glass 1
glass 1
glass 1
glass 1
glass 1
glasses 1
glides 1
glowed 1
glowed 1
glowering 1
got 1
got 1
got 1
got 1
got 1
got 1
got 1
got 1
got 1
got 1
got 1
got 1
got 1
got 1
got 1
got 1
got 1
got 1
got 1
got 1
got 1
got 1
got 1
got 1
got 1
got 1
got 1
got 1
got 1
got 1
got 1
got 1
got 1
got 1
got 1
got 1
got 1
got 1
got 1
got 1
got 1
got 1
got 1
got 1
got 1
got 1
got 1
got 1
got 1
got 1
got 1
got 1
got 1
got 1
got 1
got 1
got 1
got 1
got 1
got 1
got 1
got 1
got 1
got 1
got 1
got 1
got 1
got 1
got 1
got 1
got 1
got 1
got 1
got 1
got 1
got 1
got 1
got 1
got 1
got 1
got 1
got 1
got 1
got 1
got 1
got 1
got 1
got 1
got 1
got 1
got 1
got 1
got 1
got 1
got 1
got 1
got 1
got 1
got 1
got 1
got 1
got 1
got 1
got 1
got 1
got 1
got 1
got 1
got 1
got 1
got 1
got 1
got 1
got 1
got 1
got 1
got 1
got 1
got 1
got 1
got 1
got 1
got 1
got 1
got 1
got 1
got 1
got 1
got 1
got 1
got 1
got 1
got 1
got 1
got 1
got 1
got 1
got 1
got 1
got 1
got 1
got 1
got 1
got 1
got 1
got 1
got 1
got 1
got 1
got 1
got 1
got 1
got 1
got 1
got 1
got 1
got 1
got 1
got 1
got 1
got 1
got 1
got 1
got 1
got 1
got 1
got 1
got 1
got 1
got 1
got 1
got 1
got 1
got 1
gouging 1
gouging 1
grace 1
grace 1
grandeur 1
grandeur 1
grandeur 1
grandeur 1
grassblade 1
grateful 1
grateful 1
grateful 1
grateful 1
grateful 1
grateful 1
grateful 1
grateful 1
grateful 1
grateful 1
grates 1
gravely 1
gravely 1
greatly 1
greatly 1
growled 1
grownup 1
guards 1
guards 1
guile 1
gwine 1
hair 1
hair 1
hair 1
hair 1
hair 1
hair 1
hair 1
hair 1
hair 1
hair 1
hair 1
hair 1
hair 1
hair 1
ham 1
ham 1
ham 1
ham 1
hampered 1
handled 1
hands 1
hands 1
hands 1
hands 1
hands 1
hands 1
hands 1
hands 1
hands 1
hands 1
hands 1
hands 1
hands 1
hands 1
hands 1
hands 1
hands 1
hands 1
hands 1
hands 1
hands 1
hands 1
hands 1
hands 1
hands 1
hands 1
hands 1
hands 1
hands 1
hands 1
hands 1
hands 1
hands 1
hands 1
hands 1
hands 1
hands 1
handsomely 1
handsomely 1
happen 1
happen 1
happen 1
happen 1
happen 1
happiest 1
happiest 1
haul 1
health 1
health 1
health 1
health 1
heartedness 1
heel 1
heel 1
heel 1
heights 1
heroes 1
heroes 1
heroes 1
heroes 1
hers 1
hesitation 1
highroad 1
his 1
his 1
his 1
his 1
his 1
his 1
his 1
his 1
his 1
his 1
his 1
his 1
his 1
his 1
his 1
his 1
his 1
his 1
his 1
his 1
his 1
his 1
his 1
his 1
his 1
his 1
his 1
his 1
his 1
his 1
his 1
his 1
his 1
his 1
his 1
his 1
his 1
his 1
his 1
his 1
his 1
his 1
his 1
his 1
his 1
his 1
his 1
his 1
his 1
his 1
his 1
his 1
his 1
his 1
his 1
his 1
his 1
his 1
his 1
his 1
his 1
his 1
his 1
his 1
his 1
his 1
his 1
his 1
his 1
his 1
his 1
his 1
his 1
his 1
his 1
his 1
his 1
his 1
his 1
his 1
his 1
his 1
his 1
his 1
his 1
his 1
his 1
his 1
his 1
his 1
his 1
his 1
his 1
his 1
his 1
his 1
his 1
his 1
his 1
his 1
his 1
his 1
his 1
his 1
his 1
his 1
his 1
his 1
his 1
his 1
his 1
his 1
his 1
his 1
his 1
his 1
his 1
his 1
his 1
his 1
his 1
his 1
his 1
his 1
his 1
his 1
his 1
his 1
his 1
his 1
his 1
his 1
his 1
his 1
his 1
his 1
his 1
his 1
his 1
his 1
his 1
his 1
his 1
his 1
his 1
his 1
his 1
his 1
his 1
his 1
his 1
his 1
his 1
his 1
his 1
his 1
his 1
his 1
his 1
his 1
his 1
his 1
his 1
his 1
his 1
his 1
his 1
his 1
his 1
his 1
his 1
his 1
his 1
his 1
his 1
his 1
his 1
his 1
his 1
his 1
his 1
his 1
his 1
his 1
his 1
his 1
his 1
his 1
his 1
his 1
his 1
his 1
his 1
his 1
his 1
his 1
his 1
his 1
his 1
his 1
his 1
his 1
his 1
his 1
his 1
his 1
his 1
his 1
his 1
his 1
his 1
his 1
his 1
his 1
his 1
his 1
his 1
his 1
his 1
his 1
his 1
his 1
his 1
his 1
his 1
his 1
his 1
his 1
his 1
his 1
his 1
his 1
his 1
his 1
his 1
his 1
his 1
his 1
his 1
his 1
his 1
his 1
his 1
his 1
his 1
his 1
his 1
his 1
his 1
his 1
his 1
his 1
his 1
his 1
his 1
his 1
his 1
his 1
his 1
his 1
his 1
his 1
his 1
his 1
his 1
his 1
his 1
his 1
his 1
his 1
his 1
his 1
his 1
his 1
his 1
his 1
his 1
his 1
his 1
his 1
his 1
his 1
his 1
his 1
his 1
his 1
his 1
his 1
his 1
his 1
his 1
his 1
his 1
his 1
his 1
his 1
his 1
his 1
his 1
his 1
his 1
his 1
his 1
his 1
his 1
his 1
his 1
his 1
his 1
his 1
his 1
his 1
his 1
his 1
his 1
his 1
his 1
his 1
his 1
his 1
his 1
his 1
his 1
his 1
his 1
his 1
his 1
his 1
his 1
his 1
his 1
his 1
his 1
his 1
his 1
his 1
his 1
his 1
his 1
his 1
his 1
his 1
his 1
his 1
his 1
his 1
his 1
his 1
his 1
his 1
his 1
his 1
his 1
his 1
his 1
his 1
his 1
his 1
his 1
his 1
his 1
his 1
his 1
his 1
his 1
his 1
his 1
his 1
his 1
his 1
his 1
his 1
his 1
his 1
his 1
his 1
his 1
his 1
his 1
his 1
his 1
his 1
his 1
his 1
his 1
his 1
his 1
his 1
his 1
his 1
his 1
his 1
his 1
his 1
his 1
his 1
his 1
his 1
his 1
his 1
his 1
his 1
his 1
his 1
his 1
his 1
his 1
his 1
his 1
his 1
his 1
his 1
his 1
his 1
his 1
his 1
his 1
his 1
his 1
his 1
his 1
his 1
his 1
his 1
his 1
his 1
his 1
his 1
his 1
his 1
his 1
his 1
his 1
his 1
his 1
his 1
his 1
his 1
his 1
his 1
his 1
his 1
his 1
his 1
his 1
his 1
his 1
his 1
his 1
his 1
his 1
his 1
his 1
his 1
his 1
his 1
his 1
his 1
his 1
his 1
his 1
his 1
his 1
his 1
his 1
his 1
his 1
his 1
his 1
his 1
his 1
his 1
his 1
his 1
his 1
his 1
his 1
his 1
his 1
his 1
his 1
his 1
his 1
his 1
his 1
his 1
his 1
his 1
his 1
his 1
his 1
his 1
his 1
his 1
his 1
his 1
his 1
his 1
his 1
his 1
his 1
his 1
his 1
his 1
his 1
his 1
his 1
his 1
his 1
his 1
his 1
his 1
his 1
his 1
his 1
his 1
his 1
his 1
his 1
his 1
his 1
his 1
his 1
his 1
his 1
his 1
his 1
his 1
his 1
his 1
his 1
his 1
his 1
his 1
his 1
his 1
his 1
his 1
his 1
his 1
his 1
his 1
his 1
his 1
his 1
his 1
his 1
his 1
his 1
his 1
his 1
his 1
his 1
his 1
his 1
his 1
his 1
his 1
his 1
his 1
his 1
his 1
his 1
his 1
his 1
his 1
his 1
his 1
his 1
his 1
his 1
his 1
his 1
his 1
his 1
his 1
his 1
his 1
his 1
his 1
his 1
his 1
his 1
his 1
his 1
his 1
his 1
his 1
his 1
his 1
his 1
his 1
his 1
his 1
his 1
his 1
his 1
his 1
his 1
his 1
his 1
his 1
his 1
his 1
his 1
his 1
his 1
his 1
his 1
his 1
his 1
his 1
his 1
his 1
his 1
his 1
his 1
his 1
his 1
his 1
his 1
his 1
his 1
his 1
his 1
his 1
his 1
his 1
his 1
his 1
his 1
his 1
his 1
his 1
his 1
his 1
his 1
his 1
his 1
his 1
his 1
his 1
his 1
his 1
his 1
his 1
his 1
his 1
his 1
his 1
his 1
his 1
his 1
his 1
his 1
his 1
his 1
his 1
his 1
his 1
his 1
his 1
his 1
his 1
his 1
his 1
his 1
his 1
his 1
his 1
his 1
his 1
his 1
his 1
his 1
his 1
his 1
his 1
his 1
his 1
his 1
his 1
his 1
his 1
his 1
his 1
his 1
his 1
his 1
his 1
his 1
his 1
his 1
his 1
his 1
his 1
his 1
his 1
his 1
his 1
his 1
his 1
his 1
his 1
his 1
his 1
his 1
his 1
his 1
his 1
his 1
his 1
his 1
his 1
his 1
his 1
his 1
his 1
his 1
his 1
his 1
his 1
his 1
his 1
his 1
his 1
his 1
his 1
his 1
his 1
his 1
his 1
his 1
his 1
his 1
his 1
his 1
his 1
his 1
his 1
his 1
his 1
his 1
his 1
his 1
his 1
his 1
his 1
his 1
his 1
his 1
his 1
his 1
his 1
his 1
his 1
his 1
his 1
his 1
his 1
his 1
his 1
his 1
his 1
his 1
his 1
his 1
his 1
his 1
his 1
his 1
his 1
his 1
his 1
his 1
his 1
his 1
history 1
history 1
history 1
history 1
history 1
history 1
history 1
hoarse 1
hoarse 1
hokey 1
hole 1
hole 1
hole 1
hole 1
hole 1
hole 1
hole 1
hole 1
hole 1
hole 1
hole 1
homes 1
homesickness 1
hoop 1
hoop 1
horns 1
horrid 1
horrid 1
horsewhipped 1
horsewhipped 1
how 1
how 1
how 1
how 1
how 1
how 1
how 1
how 1
how 1
how 1
how 1
how 1
how 1
how 1
how 1
how 1
how 1
how 1
how 1
how 1
how 1
how 1
how 1
how 1
how 1
how 1
how 1
how 1
how 1
how 1
how 1
how 1
how 1
how 1
how 1
how 1
how 1
how 1
how 1
how 1
how 1
how 1
how 1
how 1
how 1
how 1
how 1
how 1
how 1
how 1
how 1
how 1
how 1
how 1
how 1
how 1
how 1
how 1
how 1
how 1
how 1
how 1
how 1
how 1
how 1
how 1
how 1
how 1
how 1
how 1
how 1
how 1
how 1
hubbub 1
huddled 1
hung 1
hung 1
hung 1
hung 1
hung 1
hung 1
hung 1
hung 1
hung 1
hung 1
hung 1
hung 1
hung 1
hurrah 1
idol 1
ignorant 1
imparted 1
impressively 1
included 1
included 1
included 1
incorruptible 1
indifferent 1
indifferent 1
indifferent 1
indifferent 1
indifferent 1
informed 1
informed 1
injun 1
injun 1
injun 1
instruments 1
insufferably 1
intense 1
intense 1
interesting 1
interesting 1
interesting 1
interlarded 1
into 1
into 1
into 1
into 1
into 1
into 1
into 1
into 1
into 1
into 1
into 1
into 1
into 1
into 1
into 1
into 1
into 1
into 1
into 1
into 1
into 1
into 1
into 1
into 1
into 1
into 1
into 1
into 1
into 1
into 1
into 1
into 1
into 1
into 1
into 1
into 1
into 1
into 1
into 1
into 1
into 1
into 1
into 1
into 1
into 1
into 1
into 1
into 1
into 1
into 1
into 1
into 1
into 1
into 1
into 1
into 1
into 1
into 1
into 1
into 1
into 1
into 1
into 1
into 1
into 1
into 1
into 1
into 1
into 1
into 1
into 1
into 1
into 1
into 1
into 1
into 1
into 1
into 1
into 1
into 1
into 1
into 1
into 1
into 1
into 1
into 1
into 1
into 1
into 1
into 1
into 1
into 1
into 1
into 1
into 1
into 1
into 1
into 1
into 1
into 1
into 1
into 1
into 1
into 1
into 1
into 1
into 1
into 1
into 1
into 1
into 1
into 1
into 1
into 1
into 1
into 1
into 1
into 1
into 1
into 1
into 1
into 1
into 1
into 1
into 1
into 1
into 1
into 1
into 1
into 1
into 1
into 1
into 1
into 1
into 1
into 1
into 1
into 1
into 1
intonations 1
inviting 1
issuing 1
jiffy 1
jimpson 1
jist 1
joggle 1
joining 1
joining 1
journey 1
joyously 1
jugged 1
jumping 1
jumping 1
jumping 1
jumping 1
junction 1
juvenile 1
juvenile 1
juvenile 1
keeper 1
keeper 1
keeper 1
kep 1
killing 1
knob 1
knob 1
knob 1
knob 1
knob 1
labor 1
labor 1
labor 1
labor 1
labor 1
labor 1
lads 1
lads 1
lads 1
lads 1
lads 1
lads 1
lads 1
lads 1
lads 1
lads 1
lads 1
lads 1
laid 1
laid 1
laid 1
laid 1
laid 1
laid 1
laid 1
laid 1
laid 1
laid 1
lamb 1
lamb 1
lantern 1
lantern 1
lantern 1
lantern 1
lantern 1
lantern 1
lantern 1
lantern 1
lashing 1
later 1
later 1
later 1
later 1
later 1
later 1
later 1
later 1
later 1
later 1
later 1
latter 1
latter 1
latter 1
latter 1
latter 1
lavished 1
laying 1
laying 1
laying 1
laying 1
lest 1
licks 1
licks 1
lifts 1
likely 1
likely 1
likely 1
likely 1
likely 1
likely 1
likely 1
likely 1
likely 1
likes 1
limitless 1
lingered 1
lips 1
lips 1
lips 1
lips 1
lips 1
lips 1
lips 1
lips 1
lips 1
lips 1
lips 1
lips 1
little 1
little 1
little 1
little 1
little 1
little 1
little 1
little 1
little 1
little 1
little 1
little 1
little 1
little 1
little 1
little 1
little 1
little 1
little 1
little 1
little 1
little 1
little 1
little 1
little 1
little 1
little 1
little 1
little 1
little 1
little 1
little 1
little 1
little 1
little 1
little 1
little 1
little 1
little 1
little 1
little 1
little 1
little 1
little 1
little 1
little 1
little 1
little 1
little 1
little 1
little 1
little 1
little 1
little 1
little 1
little 1
little 1
little 1
little 1
little 1
little 1
little 1
little 1
little 1
little 1
little 1
little 1
little 1
little 1
little 1
little 1
little 1
little 1
little 1
little 1
little 1
little 1
little 1
little 1
little 1
little 1
little 1
little 1
little 1
little 1
little 1
little 1
little 1
little 1
little 1
little 1
little 1
little 1
little 1
little 1
little 1
little 1
little 1
little 1
little 1
little 1
little 1
little 1
little 1
little 1
little 1
little 1
little 1
little 1
little 1
little 1
little 1
little 1
little 1
little 1
little 1
little 1
little 1
little 1
little 1
little 1
little 1
little 1
little 1
little 1
little 1
little 1
little 1
little 1
little 1
little 1
little 1
little 1
little 1
little 1
little 1
little 1
little 1
little 1
little 1
little 1
lived 1
lived 1
lived 1
lonesomer 1
lookyhere 1
lordy 1
lordy 1
lordy 1
lordy 1
lost 1
lost 1
lost 1
lost 1
lost 1
lost 1
lost 1
lost 1
lost 1
lost 1
lost 1
lost 1
lost 1
lost 1
lost 1
lost 1
lost 1
lost 1
lost 1
lost 1
lost 1
lost 1
lost 1
lost 1
lost 1
lost 1
lost 1
lost 1
lost 1
lost 1
lost 1
lost 1
lost 1
lots 1
lots 1
lots 1
lots 1
lots 1
lots 1
love 1
love 1
love 1
love 1
love 1
love 1
love 1
love 1
love 1
love 1
loveliness 1
magnificently 1
marked 1
marked 1
marked 1
marked 1
marked 1
marked 1
marks 1
marks 1
marks 1
marks 1
marks 1
marks 1
marks 1
marks 1
marriage 1
mass 1
mass 1
matters 1
matters 1
mayor 1
mayor 1
mayor 1
me 1
me 1
me 1
me 1
me 1
me 1
me 1
me 1
me 1
me 1
me 1
me 1
me 1
me 1
me 1
me 1
me 1
me 1
me 1
me 1
me 1
me 1
me 1
me 1
me 1
me 1
me 1
me 1
me 1
me 1
me 1
me 1
me 1
me 1
me 1
me 1
me 1
me 1
me 1
me 1
me 1
me 1
me 1
me 1
me 1
me 1
me 1
me 1
me 1
me 1
me 1
me 1
me 1
me 1
me 1
me 1
me 1
me 1
me 1
me 1
me 1
me 1
me 1
me 1
me 1
me 1
me 1
me 1
me 1
me 1
me 1
me 1
me 1
me 1
me 1
me 1
me 1
me 1
me 1
me 1
me 1
me 1
me 1
me 1
me 1
me 1
me 1
me 1
me 1
me 1
me 1
me 1
me 1
me 1
me 1
me 1
me 1
me 1
me 1
me 1
me 1
me 1
me 1
me 1
me 1
me 1
me 1
me 1
me 1
me 1
me 1
me 1
me 1
me 1
me 1
me 1
me 1
me 1
me 1
me 1
me 1
me 1
me 1
me 1
me 1
me 1
me 1
me 1
me 1
me 1
me 1
me 1
me 1
me 1
me 1
me 1
me 1
me 1
me 1
me 1
me 1
me 1
me 1
me 1
me 1
me 1
me 1
me 1
me 1
me 1
me 1
me 1
me 1
me 1
me 1
me 1
me 1
me 1
me 1
me 1
me 1
me 1
me 1
me 1
me 1
me 1
me 1
me 1
me 1
me 1
me 1
me 1
me 1
me 1
me 1
me 1
me 1
me 1
me 1
me 1
me 1
me 1
me 1
me 1
me 1
me 1
me 1
me 1
me 1
me 1
me 1
me 1
me 1
me 1
me 1
me 1
me 1
me 1
me 1
me 1
me 1
me 1
me 1
me 1
me 1
me 1
me 1
me 1
me 1
me 1
me 1
me 1
means 1
means 1
means 1
means 1
means 1
melancholy 1
melancholy 1
melancholy 1
melancholy 1
melancholy 1
melancholy 1
melancholy 1
melancholy 1
melancholy 1
melancholy 1
melancholy 1
melancholy 1
melancholy 1
melt 1
memorize 1
mentally 1
meow 1
meow 1
meow 1
meow 1
meow 1
midnight 1
midnight 1
midnight 1
midnight 1
midnight 1
midnight 1
midnight 1
midnight 1
midnight 1
midnight 1
midnight 1
midnight 1
midnight 1
midnight 1
midnight 1
midnight 1
midnight 1
mill 1
millennium 1
misch 1
misgivings 1
modest 1
monster 1
month 1
month 1
month 1
moods 1
morosely 1
mostly 1
mostly 1
mostly 1
mostly 1
mostly 1
mourned 1
mourned 1
muscles 1
musings 1
musings 1
muttered 1
muttered 1
muttered 1
mutterings 1
mutterings 1
mutual 1
mutual 1
near 1
near 1
near 1
near 1
near 1
near 1
near 1
near 1
near 1
near 1
near 1
near 1
near 1
near 1
near 1
near 1
near 1
near 1
near 1
near 1
near 1
nearing 1
need 1
need 1
need 1
need 1
need 1
need 1
needn 1
needn 1
needn 1
needn 1
needn 1
needn 1
nerved 1
nettle 1
newspapers 1
noses 1
note 1
note 1
note 1
note 1
note 1
note 1
note 1
note 1
nowadays 1
nowhere 1
nowhere 1
nowhere 1
numbered 1
numerous 1
numerous 1
oaks 1
obliged 1
obliged 1
obliged 1
obliged 1
oblivion 1
obstruction 1
occasioned 1
occasioned 1
occupied 1
occupied 1
occupied 1
occupied 1
occupied 1
occupied 1
offer 1
offer 1
offer 1
office 1
office 1
often 1
often 1
often 1
often 1
often 1
often 1
often 1
often 1
ominous 1
ominous 1
open 1
open 1
open 1
open 1
open 1
open 1
open 1
open 1
open 1
open 1
open 1
open 1
open 1
open 1
open 1
open 1
open 1
open 1
open 1
open 1
open 1
opinion 1
opinion 1
opinion 1
opinion 1
orange 1
oration 1
outward 1
overlooked 1
owing 1
owing 1
owing 1
owing 1
own 1
own 1
own 1
own 1
own 1
own 1
own 1
own 1
own 1
own 1
own 1
own 1
own 1
own 1
own 1
own 1
own 1
own 1
own 1
own 1
own 1
own 1
own 1
own 1
own 1
own 1
own 1
own 1
own 1
own 1
own 1
own 1
own 1
own 1
own 1
own 1
own 1
pain 1
pain 1
pain 1
paint 1
pair 1
pair 1
pair 1
pale 1
pale 1
pale 1
pale 1
pale 1
pale 1
pans 1
paragraph 1
paragraph 1
paragraph 1
paragraph 1
paragraph 1
paragraph 1
paragraph 1
paragraph 1
paragraph 1
paragraph 1
parted 1
parted 1
parted 1
parted 1
parted 1
parties 1
parties 1
parties 1
parties 1
parties 1
party 1
past 1
past 1
past 1
past 1
past 1
past 1
past 1
paused 1
paused 1
paused 1
paused 1
paused 1
peal 1
peal 1
peal 1
peal 1
peculiarly 1
peculiarly 1
peeping 1
peeping 1
peg 1
pegged 1
performed 1
performed 1
performed 1
peril 1
peril 1
persistently 1
persistently 1
personating 1
personating 1
pervading 1
pervading 1
pervading 1
petition 1
petition 1
petition 1
petted 1
picture 1
picture 1
picture 1
picture 1
picture 1
picture 1
pile 1
pills 1
pine 1
pine 1
pine 1
pine 1
pinned 1
pins 1
pins 1
pins 1
plain 1
plain 1
plain 1
plain 1
plain 1
plain 1
plain 1
play 1
play 1
play 1
play 1
play 1
play 1
play 1
play 1
play 1
play 1
plowing 1
plunging 1
poking 1
poking 1
poking 1
pole 1
pone 1
pone 1
postmaster 1
pounding 1
pounding 1
prancing 1
prancing 1
prattle 1
pray 1
pray 1
prayers 1
prayers 1
prayers 1
prayers 1
precious 1
precious 1
precious 1
precious 1
precious 1
precious 1
precious 1
precious 1
preparations 1
principle 1
privately 1
proceeding 1
promising 1
promising 1
proprietor 1
proved 1
proved 1
proved 1
published 1
pure 1
purloined 1
quartering 1
quartering 1
quotation 1
raftsmen 1
rain 1
rain 1
rain 1
rain 1
rain 1
rain 1
rain 1
rain 1
rats 1
rats 1
rats 1
reached 1
reached 1
reached 1
reached 1
reached 1
reached 1
reached 1
reached 1
reached 1
reached 1
reached 1
reached 1
reached 1
reached 1
reached 1
reached 1
reached 1
reached 1
reached 1
reached 1
reached 1
reached 1
reached 1
reached 1
reached 1
reached 1
reached 1
readers 1
recognized 1
recognized 1
recognized 1
recognized 1
recognized 1
recollections 1
redistribute 1
reflected 1
reflected 1
reflected 1
reflected 1
refund 1
refund 1
refund 1
refund 1
refund 1
refund 1
refund 1
refund 1
refused 1
refused 1
refused 1
refused 1
refused 1
regarded 1
regarded 1
regarded 1
regulating 1
relentlessly 1
relentlessly 1
reluctance 1
remade 1
remaining 1
remaining 1
remedies 1
removed 1
removed 1
removed 1
removed 1
removed 1
renamed 1
render 1
reply 1
reply 1
reply 1
reply 1
reply 1
report 1
representations 1
requirements 1
requirements 1
requirements 1
requirements 1
requirements 1
resembling 1
resented 1
return 1
return 1
return 1
return 1
return 1
return 1
return 1
return 1
return 1
return 1
return 1
return 1
return 1
returning 1
revealed 1
revealed 1
revealed 1
revealed 1
revealed 1
revealed 1
reviving 1
rich 1
rich 1
rich 1
rich 1
rich 1
rich 1
rich 1
rich 1
rich 1
ride 1
rifts 1
ripple 1
ripple 1
roasted 1
rollicking 1
roof 1
roof 1
roof 1
roof 1
roof 1
roof 1
roof 1
roof 1
rope 1
rope 1
rope 1
rope 1
rotten 1
rotten 1
rotten 1
rotten 1
rotten 1
rotten 1
rotten 1
rotten 1
rotten 1
rotten 1
row 1
row 1
row 1
ruddy 1
sad 1
sad 1
sad 1
sad 1
sad 1
sad 1
sake 1
sake 1
sake 1
sass 1
sayings 1
scalped 1
scare 1
scary 1
school 1
school 1
school 1
school 1
school 1
school 1
school 1
school 1
school 1
school 1
school 1
school 1
school 1
school 1
school 1
school 1
school 1
school 1
school 1
school 1
school 1
school 1
school 1
school 1
school 1
school 1
school 1
school 1
school 1
school 1
school 1
school 1
school 1
school 1
school 1
school 1
school 1
school 1
school 1
school 1
school 1
school 1
school 1
school 1
school 1
school 1
school 1
school 1
school 1
school 1
school 1
school 1
school 1
school 1
school 1
school 1
school 1
school 1
school 1
school 1
school 1
school 1
school 1
school 1
school 1
scoundrels 1
sealed 1
sealed 1
second 1
second 1
second 1
second 1
second 1
second 1
second 1
second 1
second 1
seeking 1
seeking 1
sees 1
sees 1
sentiments 1
set 1
set 1
set 1
set 1
set 1
set 1
set 1
set 1
set 1
set 1
set 1
set 1
set 1
set 1
set 1
set 1
set 1
set 1
set 1
set 1
set 1
set 1
set 1
set 1
set 1
set 1
set 1
set 1
set 1
sexes 1
sexes 1
shackles 1
shackles 1
shadow 1
shadow 1
shadow 1
shadow 1
shadow 1
shadow 1
shadow 1
shadow 1
sharp 1
sharp 1
sharp 1
sharp 1
sharp 1
sharp 1
sharp 1
sharp 1
sharp 1
she 1
she 1
she 1
she 1
she 1
she 1
she 1
she 1
she 1
she 1
she 1
she 1
she 1
she 1
she 1
she 1
she 1
she 1
she 1
she 1
she 1
she 1
she 1
she 1
she 1
she 1
she 1
she 1
she 1
she 1
she 1
she 1
she 1
she 1
she 1
she 1
she 1
she 1
she 1
she 1
she 1
she 1
she 1
she 1
she 1
she 1
she 1
she 1
she 1
she 1
she 1
she 1
she 1
she 1
she 1
she 1
she 1
she 1
she 1
she 1
she 1
she 1
she 1
she 1
she 1
she 1
she 1
she 1
she 1
she 1
she 1
she 1
she 1
she 1
she 1
she 1
she 1
she 1
she 1
she 1
she 1
she 1
she 1
she 1
she 1
she 1
she 1
she 1
she 1
she 1
she 1
she 1
she 1
she 1
she 1
she 1
she 1
she 1
she 1
she 1
she 1
she 1
she 1
she 1
she 1
she 1
she 1
she 1
she 1
she 1
she 1
she 1
she 1
she 1
she 1
she 1
she 1
she 1
she 1
she 1
she 1
she 1
she 1
she 1
she 1
she 1
she 1
she 1
she 1
she 1
she 1
she 1
she 1
she 1
she 1
she 1
she 1
she 1
she 1
she 1
she 1
she 1
she 1
she 1
she 1
she 1
she 1
she 1
she 1
she 1
she 1
she 1
she 1
she 1
she 1
she 1
she 1
she 1
she 1
she 1
she 1
she 1
she 1
she 1
she 1
she 1
she 1
she 1
she 1
she 1
she 1
she 1
she 1
she 1
she 1
she 1
she 1
she 1
she 1
she 1
she 1
she 1
she 1
she 1
she 1
she 1
she 1
she 1
she 1
she 1
she 1
she 1
she 1
she 1
she 1
she 1
she 1
she 1
she 1
she 1
she 1
she 1
she 1
she 1
she 1
she 1
she 1
she 1
she 1
she 1
she 1
she 1
she 1
she 1
she 1
she 1
she 1
she 1
she 1
she 1
she 1
she 1
she 1
she 1
she 1
she 1
she 1
she 1
she 1
she 1
she 1
she 1
she 1
she 1
she 1
she 1
she 1
she 1
she 1
she 1
she 1
she 1
she 1
she 1
she 1
she 1
she 1
she 1
she 1
she 1
she 1
she 1
she 1
she 1
she 1
she 1
she 1
she 1
she 1
she 1
she 1
she 1
she 1
she 1
she 1
she 1
she 1
she 1
she 1
she 1
she 1
she 1
she 1
she 1
she 1
she 1
she 1
she 1
she 1
she 1
she 1
she 1
she 1
she 1
she 1
she 1
she 1
she 1
she 1
she 1
she 1
she 1
she 1
she 1
she 1
she 1
she 1
she 1
she 1
she 1
she 1
she 1
she 1
she 1
she 1
she 1
she 1
she 1
she 1
she 1
she 1
she 1
she 1
she 1
she 1
she 1
she 1
sheathed 1
shoulder 1
shoulder 1
shoulder 1
shoulder 1
shoutings 1
shoutings 1
shoutings 1
shrill 1
shuddered 1
shuddered 1
shuddered 1
shuddered 1
shuddered 1
sides 1
sides 1
sides 1
sides 1
sides 1
sifting 1
signal 1
signal 1
signal 1
signed 1
signs 1
signs 1
signs 1
signs 1
signs 1
signs 1
simple 1
simple 1
simple 1
simple 1
simple 1
simple 1
simple 1
simply 1
simply 1
simply 1
simply 1
simply 1
simply 1
simply 1
simply 1
sit 1
sit 1
sit 1
sit 1
sit 1
sit 1
sit 1
skimmed 1
skirts 1
slaves 1
sleeve 1
sleeve 1
slipping 1
slipping 1
slowly 1
slowly 1
slowly 1
slowly 1
slowly 1
slowly 1
slowly 1
smarty 1
smile 1
smile 1
smile 1
smile 1
smile 1
smile 1
smile 1
smile 1
snake 1
snake 1
snap 1
sneak 1
society 1
society 1
solicitation 1
somehow 1
somehow 1
somehow 1
somehow 1
somehow 1
somehow 1
sounds 1
sounds 1
sounds 1
sounds 1
spasm 1
spires 1
spoken 1
spoken 1
spying 1
stairway 1
stairway 1
stairway 1
stairway 1
stamped 1
stamped 1
starboard 1
station 1
stayed 1
stayed 1
stealthy 1
stealthy 1
sticking 1
stir 1
stir 1
stir 1
stir 1
stir 1
stir 1
stir 1
stir 1
stir 1
stir 1
stir 1
stir 1
stir 1
stir 1
stirring 1
stirring 1
stirring 1
stirring 1
stones 1
stop 1
stop 1
stop 1
stop 1
stop 1
stop 1
stop 1
stop 1
stop 1
stop 1
stop 1
stop 1
stop 1
stormy 1
strictly 1
stroke 1
stroke 1
stroke 1
stronger 1
stronger 1
stronger 1
stronger 1
struggling 1
struggling 1
struggling 1
struggling 1
sublimity 1
subscriber 1
succumb 1
suggest 1
suited 1
suited 1
suited 1
sun 1
sun 1
sun 1
sun 1
sun 1
sun 1
sun 1
sun 1
sun 1
sun 1
sun 1
sun 1
sun 1
sun 1
sunken 1
surely 1
swaller 1
swaller 1
swam 1
swam 1
swam 1
swam 1
swamp 1
swarming 1
swear 1
swear 1
swear 1
swear 1
swear 1
swear 1
swear 1
swear 1
swear 1
swear 1
sweeping 1
sweeping 1
swim 1
swim 1
swim 1
swim 1
switches 1
symptoms 1
symptoms 1
t 1
t 1
t 1
t 1
t 1
t 1
t 1
t 1
t 1
t 1
t 1
t 1
t 1
t 1
t 1
t 1
t 1
t 1
t 1
t 1
t 1
t 1
t 1
t 1
t 1
t 1
t 1
t 1
t 1
t 1
t 1
t 1
t 1
t 1
t 1
t 1
t 1
t 1
t 1
t 1
t 1
t 1
t 1
t 1
t 1
t 1
t 1
t 1
t 1
t 1
t 1
t 1
t 1
t 1
t 1
t 1
t 1
t 1
t 1
t 1
t 1
t 1
t 1
t 1
t 1
t 1
t 1
t 1
t 1
t 1
t 1
t 1
t 1
t 1
t 1
t 1
t 1
t 1
t 1
t 1
t 1
t 1
t 1
t 1
t 1
t 1
t 1
t 1
t 1
t 1
t 1
t 1
t 1
t 1
t 1
t 1
t 1
t 1
t 1
t 1
t 1
t 1
t 1
t 1
t 1
t 1
t 1
t 1
t 1
t 1
t 1
t 1
t 1
t 1
t 1
t 1
t 1
t 1
t 1
t 1
t 1
t 1
t 1
t 1
t 1
t 1
t 1
t 1
t 1
t 1
t 1
t 1
t 1
t 1
t 1
t 1
t 1
t 1
t 1
t 1
t 1
t 1
t 1
t 1
t 1
t 1
t 1
t 1
t 1
t 1
t 1
t 1
t 1
t 1
t 1
t 1
t 1
t 1
t 1
t 1
t 1
t 1
t 1
t 1
t 1
t 1
t 1
t 1
t 1
t 1
t 1
t 1
t 1
t 1
t 1
t 1
t 1
t 1
t 1
t 1
t 1
t 1
t 1
t 1
t 1
t 1
t 1
t 1
t 1
t 1
t 1
t 1
t 1
t 1
t 1
t 1
t 1
t 1
t 1
t 1
t 1
t 1
t 1
t 1
t 1
t 1
t 1
t 1
t 1
t 1
t 1
t 1
t 1
t 1
t 1
t 1
t 1
t 1
t 1
t 1
t 1
t 1
t 1
t 1
t 1
t 1
t 1
t 1
t 1
t 1
t 1
t 1
t 1
t 1
t 1
t 1
t 1
t 1
t 1
t 1
t 1
t 1
t 1
t 1
t 1
t 1
t 1
t 1
t 1
t 1
t 1
t 1
t 1
t 1
t 1
t 1
t 1
t 1
t 1
t 1
t 1
t 1
t 1
t 1
t 1
t 1
t 1
t 1
t 1
t 1
t 1
t 1
t 1
t 1
t 1
t 1
t 1
t 1
t 1
t 1
t 1
t 1
t 1
t 1
t 1
t 1
t 1
t 1
t 1
t 1
t 1
t 1
t 1
t 1
t 1
t 1
t 1
t 1
t 1
t 1
t 1
t 1
t 1
t 1
t 1
t 1
t 1
t 1
t 1
t 1
t 1
t 1
t 1
t 1
t 1
t 1
t 1
t 1
t 1
t 1
t 1
t 1
t 1
t 1
t 1
t 1
t 1
t 1
t 1
t 1
t 1
t 1
t 1
t 1
t 1
t 1
t 1
t 1
t 1
t 1
t 1
t 1
t 1
t 1
t 1
t 1
t 1
t 1
t 1
t 1
t 1
t 1
t 1
t 1
t 1
t 1
t 1
t 1
t 1
t 1
t 1
t 1
t 1
t 1
t 1
t 1
t 1
t 1
t 1
t 1
t 1
t 1
t 1
t 1
t 1
t 1
t 1
t 1
t 1
t 1
t 1
t 1
t 1
t 1
t 1
t 1
t 1
t 1
t 1
t 1
t 1
t 1
t 1
t 1
t 1
t 1
t 1
t 1
t 1
t 1
t 1
t 1
t 1
t 1
t 1
t 1
t 1
t 1
t 1
t 1
t 1
t 1
t 1
t 1
t 1
t 1
t 1
t 1
t 1
t 1
t 1
t 1
t 1
t 1
t 1
t 1
t 1
t 1
t 1
t 1
t 1
t 1
t 1
t 1
t 1
t 1
t 1
t 1
t 1
t 1
t 1
t 1
t 1
t 1
t 1
t 1
t 1
t 1
t 1
t 1
t 1
t 1
t 1
t 1
t 1
t 1
t 1
t 1
t 1
t 1
t 1
t 1
t 1
t 1
t 1
t 1
t 1
t 1
t 1
t 1
t 1
t 1
t 1
t 1
t 1
t 1
t 1
t 1
t 1
t 1
t 1
t 1
t 1
t 1
t 1
t 1
t 1
t 1
t 1
t 1
t 1
t 1
t 1
t 1
t 1
t 1
t 1
t 1
t 1
t 1
t 1
t 1
t 1
t 1
t 1
t 1
t 1
t 1
t 1
t 1
t 1
t 1
t 1
t 1
t 1
t 1
t 1
t 1
t 1
t 1
t 1
t 1
t 1
t 1
t 1
t 1
t 1
t 1
t 1
t 1
t 1
t 1
t 1
t 1
t 1
t 1
t 1
t 1
t 1
t 1
t 1
t 1
t 1
t 1
t 1
t 1
t 1
t 1
t 1
t 1
t 1
t 1
t 1
t 1
t 1
t 1
t 1
t 1
t 1
t 1
t 1
t 1
t 1
t 1
t 1
t 1
t 1
t 1
t 1
t 1
t 1
t 1
t 1
t 1
t 1
t 1
t 1
t 1
t 1
t 1
t 1
t 1
t 1
t 1
t 1
t 1
t 1
t 1
t 1
t 1
t 1
t 1
t 1
t 1
t 1
t 1
t 1
t 1
t 1
t 1
t 1
t 1
t 1
t 1
t 1
t 1
t 1
t 1
t 1
t 1
t 1
t 1
t 1
t 1
t 1
t 1
t 1
t 1
t 1
t 1
t 1
t 1
t 1
t 1
t 1
t 1
t 1
t 1
t 1
t 1
t 1
t 1
t 1
t 1
t 1
t 1
t 1
t 1
t 1
t 1
t 1
t 1
t 1
t 1
t 1
t 1
t 1
t 1
t 1
t 1
t 1
t 1
t 1
t 1
t 1
t 1
t 1
t 1
t 1
t 1
t 1
t 1
t 1
t 1
t 1
t 1
t 1
t 1
t 1
t 1
t 1
t 1
t 1
t 1
t 1
tackle 1
tackle 1
tackle 1
tackle 1
tackle 1
tackle 1
tackle 1
tackle 1
tadpoles 1
tail 1
tail 1
tail 1
taint 1
taint 1
talettes 1
talking 1
talking 1
talking 1
talking 1
talking 1
talking 1
talking 1
talking 1
talking 1
talking 1
talking 1
talking 1
talking 1
talking 1
talking 1
talking 1
talking 1
talking 1
tampered 1
tanned 1
taxed 1
tea 1
tempestuous 1
tender 1
testifying 1
testifying 1
thee 1
thee 1
thee 1
thee 1
thee 1
thee 1
thereabouts 1
thereabouts 1
they 1
they 1
they 1
they 1
they 1
they 1
they 1
they 1
they 1
they 1
they 1
they 1
they 1
they 1
they 1
they 1
they 1
they 1
they 1
they 1
they 1
they 1
they 1
they 1
they 1
they 1
they 1
they 1
they 1
they 1
they 1
they 1
they 1
they 1
they 1
they 1
they 1
they 1
they 1
they 1
they 1
they 1
they 1
they 1
they 1
they 1
they 1
they 1
they 1
they 1
they 1
they 1
they 1
they 1
they 1
they 1
they 1
they 1
they 1
they 1
they 1
they 1
they 1
they 1
they 1
they 1
they 1
they 1
they 1
they 1
they 1
they 1
they 1
they 1
they 1
they 1
they 1
they 1
they 1
they 1
they 1
they 1
they 1
they 1
they 1
they 1
they 1
they 1
they 1
they 1
they 1
they 1
they 1
they 1
they 1
they 1
they 1
they 1
they 1
they 1
they 1
they 1
they 1
they 1
they 1
they 1
they 1
they 1
they 1
they 1
they 1
they 1
they 1
they 1
they 1
they 1
they 1
they 1
they 1
they 1
they 1
they 1
they 1
they 1
they 1
they 1
they 1
they 1
they 1
they 1
they 1
they 1
they 1
they 1
they 1
they 1
they 1
they 1
they 1
they 1
they 1
they 1
they 1
they 1
they 1
they 1
they 1
they 1
they 1
they 1
they 1
they 1
they 1
they 1
they 1
they 1
they 1
they 1
they 1
they 1
they 1
they 1
they 1
they 1
they 1
they 1
they 1
they 1
they 1
they 1
they 1
they 1
they 1
they 1
they 1
they 1
they 1
they 1
they 1
they 1
they 1
they 1
they 1
they 1
they 1
they 1
they 1
they 1
they 1
they 1
they 1
they 1
they 1
they 1
they 1
they 1
they 1
they 1
they 1
they 1
they 1
they 1
they 1
they 1
they 1
they 1
they 1
they 1
they 1
they 1
they 1
they 1
they 1
they 1
they 1
they 1
they 1
they 1
they 1
they 1
they 1
they 1
they 1
they 1
they 1
they 1
they 1
they 1
they 1
they 1
they 1
they 1
they 1
they 1
they 1
they 1
they 1
they 1
they 1
they 1
they 1
they 1
they 1
they 1
they 1
they 1
they 1
they 1
they 1
they 1
they 1
they 1
they 1
they 1
they 1
they 1
they 1
they 1
they 1
they 1
they 1
they 1
they 1
they 1
they 1
they 1
they 1
they 1
they 1
they 1
they 1
they 1
they 1
they 1
they 1
they 1
they 1
they 1
they 1
they 1
they 1
they 1
they 1
they 1
they 1
they 1
they 1
they 1
they 1
they 1
they 1
they 1
they 1
they 1
they 1
they 1
they 1
they 1
they 1
they 1
they 1
they 1
they 1
they 1
they 1
they 1
they 1
they 1
they 1
they 1
they 1
they 1
they 1
they 1
they 1
they 1
they 1
they 1
they 1
they 1
they 1
they 1
they 1
they 1
they 1
they 1
they 1
they 1
they 1
they 1
they 1
they 1
they 1
they 1
they 1
they 1
they 1
they 1
they 1
they 1
they 1
they 1
they 1
they 1
they 1
they 1
they 1
they 1
they 1
they 1
they 1
they 1
they 1
they 1
they 1
they 1
they 1
they 1
they 1
they 1
they 1
they 1
they 1
they 1
they 1
they 1
they 1
they 1
they 1
they 1
they 1
they 1
they 1
they 1
they 1
they 1
they 1
they 1
they 1
they 1
they 1
they 1
they 1
they 1
they 1
they 1
they 1
they 1
they 1
they 1
they 1
they 1
they 1
they 1
they 1
they 1
they 1
they 1
they 1
they 1
they 1
they 1
they 1
they 1
they 1
they 1
they 1
they 1
they 1
they 1
they 1
they 1
they 1
they 1
they 1
they 1
they 1
they 1
they 1
they 1
they 1
they 1
they 1
they 1
they 1
they 1
they 1
they 1
they 1
they 1
they 1
they 1
they 1
they 1
they 1
they 1
they 1
they 1
they 1
they 1
they 1
they 1
they 1
they 1
they 1
they 1
they 1
they 1
they 1
they 1
they 1
they 1
they 1
they 1
they 1
they 1
they 1
they 1
they 1
they 1
they 1
they 1
they 1
they 1
thinking 1
thinking 1
thinking 1
thinking 1
thinking 1
thinking 1
thinking 1
thinking 1
thinking 1
thinking 1
thinking 1
thirty 1
thirty 1
thirty 1
thirty 1
thirty 1
thirty 1
thirty 1
thirty 1
thither 1
thither 1
thither 1
thither 1
thorough 1
thou 1
thou 1
thou 1
thout 1
thout 1
tidings 1
tie 1
tilted 1
timbers 1
tittering 1
tittering 1
tittering 1
tittering 1
toe 1
toe 1
toe 1
toe 1
toe 1
toe 1
toe 1
toe 1
toe 1
toed 1
together 1
together 1
together 1
together 1
together 1
together 1
together 1
together 1
together 1
together 1
together 1
together 1
together 1
together 1
together 1
together 1
together 1
together 1
together 1
together 1
together 1
together 1
together 1
together 1
together 1
together 1
together 1
together 1
together 1
together 1
together 1
tolerably 1
tolerably 1
tomato 1
toned 1
toned 1
too 1
too 1
too 1
too 1
too 1
too 1
too 1
too 1
too 1
too 1
too 1
too 1
too 1
too 1
too 1
too 1
too 1
too 1
too 1
too 1
too 1
too 1
too 1
too 1
too 1
too 1
too 1
too 1
too 1
too 1
too 1
too 1
too 1
too 1
too 1
too 1
too 1
too 1
too 1
too 1
too 1
too 1
too 1
too 1
too 1
too 1
too 1
too 1
too 1
too 1
too 1
too 1
too 1
too 1
too 1
too 1
too 1
too 1
too 1
too 1
too 1
too 1
too 1
too 1
too 1
too 1
too 1
too 1
too 1
too 1
too 1
too 1
too 1
too 1
too 1
too 1
too 1
too 1
too 1
too 1
too 1
too 1
too 1
too 1
too 1
too 1
too 1
too 1
too 1
too 1
too 1
too 1
too 1
too 1
too 1
too 1
too 1
too 1
too 1
too 1
too 1
too 1
too 1
too 1
topmost 1
topmost 1
tormented 1
tormented 1
tormented 1
touchingly 1
town 1
town 1
town 1
town 1
town 1
town 1
town 1
town 1
town 1
town 1
town 1
town 1
town 1
town 1
town 1
town 1
town 1
town 1
town 1
town 1
town 1
town 1
town 1
town 1
town 1
town 1
town 1
town 1
town 1
town 1
town 1
town 1
town 1
town 1
town 1
town 1
town 1
town 1
town 1
town 1
town 1
trade 1
transparent 1
treetops 1
treetops 1
tremendous 1
tremendous 1
tremendous 1
tremendous 1
tribe 1
tricks 1
tricks 1
tricks 1
tricks 1
trophy 1
trotted 1
turned 1
turned 1
turned 1
turned 1
turned 1
turned 1
turned 1
turned 1
turned 1
turned 1
turned 1
turned 1
turned 1
turned 1
turned 1
turned 1
turned 1
turned 1
turned 1
turned 1
turned 1
turned 1
turned 1
turned 1
turned 1
turned 1
turned 1
turned 1
turned 1
turned 1
turned 1
turned 1
turned 1
turned 1
turned 1
turned 1
turned 1
turned 1
turned 1
turned 1
turned 1
turned 1
turned 1
turned 1
turned 1
turned 1
turned 1
turned 1
turned 1
turned 1
turned 1
ultimately 1
unawares 1
uncertainty 1
uncertainty 1
undefined 1
undefined 1
uneasiness 1
uneasiness 1
uneasiness 1
unhealthy 1
unlock 1
unpiratical 1
unsaid 1
unused 1
unwound 1
unwound 1
upstreet 1
us 1
us 1
us 1
us 1
us 1
us 1
us 1
us 1
us 1
us 1
us 1
us 1
us 1
us 1
us 1
us 1
us 1
us 1
us 1
us 1
us 1
us 1
us 1
us 1
us 1
us 1
us 1
us 1
us 1
us 1
us 1
us 1
us 1
us 1
us 1
us 1
us 1
us 1
us 1
us 1
us 1
us 1
us 1
us 1
us 1
us 1
us 1
us 1
us 1
us 1
us 1
us 1
us 1
utter 1
utter 1
venerable 1
vexation 1
vexation 1
vexation 1
vexation 1
vicious 1
vicious 1
villains 1
villains 1
villains 1
visited 1
visited 1
vogue 1
voluptuous 1
wading 1
wading 1
wading 1
wake 1
wake 1
wake 1
wake 1
wake 1
wake 1
wake 1
walked 1
walked 1
walked 1
walked 1
walked 1
walked 1
walked 1
walked 1
walked 1
walked 1
want 1
want 1
want 1
want 1
want 1
want 1
want 1
want 1
want 1
want 1
want 1
want 1
want 1
want 1
want 1
want 1
want 1
want 1
want 1
want 1
want 1
want 1
want 1
want 1
want 1
want 1
want 1
want 1
want 1
want 1
want 1
want 1
want 1
want 1
want 1
want 1
want 1
want 1
want 1
want 1
want 1
want 1
want 1
want 1
want 1
want 1
want 1
want 1
want 1
want 1
want 1
want 1
want 1
want 1
want 1
want 1
want 1
want 1
want 1
want 1
want 1
wardrobe 1
wardrobe 1
weak 1
weak 1
weak 1
weak 1
weak 1
weakened 1
weapon 1
wearisome 1
weigh 1
wept 1
when 1
when 1
when 1
when 1
when 1
when 1
when 1
when 1
when 1
when 1
when 1
when 1
when 1
when 1
when 1
when 1
when 1
when 1
when 1
when 1
when 1
when 1
when 1
when 1
when 1
when 1
when 1
when 1
when 1
when 1
when 1
when 1
when 1
when 1
when 1
when 1
when 1
when 1
when 1
when 1
when 1
when 1
when 1
when 1
when 1
when 1
when 1
when 1
when 1
when 1
when 1
when 1
when 1
when 1
when 1
when 1
when 1
when 1
when 1
when 1
when 1
when 1
when 1
when 1
when 1
when 1
when 1
when 1
when 1
when 1
when 1
when 1
when 1
when 1
when 1
when 1
when 1
when 1
when 1
when 1
when 1
when 1
when 1
when 1
when 1
when 1
when 1
when 1
when 1
when 1
when 1
when 1
when 1
when 1
when 1
when 1
when 1
when 1
when 1
when 1
when 1
when 1
when 1
when 1
when 1
when 1
when 1
when 1
when 1
when 1
when 1
when 1
when 1
when 1
when 1
when 1
when 1
when 1
when 1
when 1
when 1
when 1
when 1
when 1
when 1
when 1
when 1
when 1
when 1
when 1
when 1
when 1
when 1
when 1
when 1
when 1
when 1
when 1
when 1
when 1
when 1
when 1
when 1
when 1
when 1
when 1
when 1
when 1
when 1
when 1
when 1
when 1
when 1
when 1
when 1
when 1
when 1
when 1
when 1
when 1
whiff 1
whirling 1
whiskers 1
whiskers 1
whisper 1
whisper 1
whisper 1
whisper 1
whisper 1
whisper 1
whisper 1
whisper 1
whisper 1
whisper 1
why 1
why 1
why 1
why 1
why 1
why 1
why 1
why 1
why 1
why 1
why 1
why 1
why 1
why 1
why 1
why 1
why 1
why 1
why 1
why 1
why 1
why 1
wid 1
widely 1
widow 1
widow 1
widow 1
widow 1
widow 1
widow 1
widow 1
widow 1
widow 1
widow 1
widow 1
widow 1
widow 1
widow 1
widow 1
widow 1
widow 1
widow 1
widow 1
widow 1
widow 1
widow 1
widow 1
widow 1
widow 1
widow 1
widow 1
winced 1
winked 1
winks 1
winning 1
winning 1
winning 1
winning 1
woes 1
woes 1
woman 1
woman 1
woman 1
wont 1
wooded 1
woods 1
woods 1
woods 1
woods 1
woods 1
woods 1
woods 1
woods 1
woods 1
woods 1
woods 1
woods 1
woods 1
woods 1
woods 1
woods 1
woods 1
woods 1
word 1
word 1
word 1
word 1
word 1
word 1
word 1
word 1
word 1
word 1
word 1
word 1
word 1
word 1
word 1
word 1
word 1
word 1
word 1
word 1
word 1
word 1
word 1
word 1
word 1
word 1
word 1
word 1
worn 1
worn 1
worn 1
worn 1
worn 1
worn 1
worn 1
wreck 1
wreck 1
ye 1
ye 1
ye 1
yellow 1
yellow 1
yellow 1
yellow 1
yellow 1
yellow 1
yellow 1
yellow 1
yellow 1
yellow 1
