ASCII 1
ASCII 1
ASCII 1
Algy 1
Algy 1
Algy 1
Algy 1
Algy 1
Algy 1
Algy 1
Algy 1
Algy 1
Algy 1
Algy 1
Algy 1
Algy 1
Algy 1
Algy 1
Algy 1
Algy 1
Algy 1
Algy 1
Algy 1
Algy 1
Algy 1
An 1
An 1
An 1
Army 1
Army 1
BEING 1
BEING 1
Bankruptcy 1
Besides 1
Besides 1
Besides 1
Besides 1
Besides 1
Besides 1
Besides 1
Besides 1
Besides 1
Bishop 1
Bitterly 1
Bloxham 1
Bloxham 1
Both 1
Both 1
Brut 1
But 1
But 1
But 1
But 1
But 1
But 1
But 1
But 1
But 1
But 1
But 1
But 1
But 1
But 1
But 1
But 1
But 1
But 1
But 1
But 1
But 1
But 1
But 1
But 1
But 1
But 1
But 1
But 1
But 1
But 1
But 1
But 1
But 1
But 1
But 1
But 1
But 1
But 1
But 1
But 1
But 1
But 1
But 1
But 1
But 1
But 1
But 1
But 1
But 1
But 1
But 1
But 1
But 1
But 1
But 1
But 1
But 1
But 1
But 1
But 1
But 1
But 1
But 1
CONSEQUENTIAL 1
Character 1
Comedy 1
Comedy 1
Coming 1
Cuts 1
Cuts 1
DIRECT 1
DISCLAIMER 1
Darling 1
Darling 1
Darling 1
Darling 1
Darling 1
E 1
E 1
E 1
E 1
E 1
E 1
E 1
E 1
E 1
E 1
E 1
E 1
E 1
E 1
E 1
E 1
E 1
E 1
E 1
E 1
E 1
E 1
Eighteen 1
Especially 1
Examine 1
Flat 1
Frederick 1
GUTENBERG 1
GUTENBERG 1
GUTENBERG 1
GUTENBERG 1
Generals 1
Gerald 1
Gwendolen 1
Gwendolen 1
Gwendolen 1
Gwendolen 1
Gwendolen 1
Gwendolen 1
Gwendolen 1
Gwendolen 1
Gwendolen 1
Gwendolen 1
Gwendolen 1
Gwendolen 1
Gwendolen 1
Gwendolen 1
Gwendolen 1
Gwendolen 1
Gwendolen 1
Gwendolen 1
Gwendolen 1
Gwendolen 1
Gwendolen 1
Gwendolen 1
Gwendolen 1
Gwendolen 1
Gwendolen 1
Gwendolen 1
Gwendolen 1
Gwendolen 1
Gwendolen 1
Gwendolen 1
Gwendolen 1
Gwendolen 1
Gwendolen 1
Gwendolen 1
Gwendolen 1
Gwendolen 1
Gwendolen 1
Gwendolen 1
Gwendolen 1
Gwendolen 1
Gwendolen 1
Gwendolen 1
Gwendolen 1
Gwendolen 1
Gwendolen 1
Gwendolen 1
Gwendolen 1
Gwendolen 1
Gwendolen 1
Gwendolen 1
Gwendolen 1
Gwendolen 1
Gwendolen 1
Gwendolen 1
Gwendolen 1
Gwendolen 1
Gwendolen 1
Gwendolen 1
Gwendolen 1
Gwendolen 1
Gwendolen 1
Gwendolen 1
Gwendolen 1
Gwendolen 1
Gwendolen 1
Gwendolen 1
Gwendolen 1
Gwendolen 1
Gwendolen 1
Gwendolen 1
Gwendolen 1
Gwendolen 1
Gwendolen 1
Gwendolen 1
Gwendolen 1
Gwendolen 1
Gwendolen 1
Gwendolen 1
Gwendolen 1
Gwendolen 1
Gwendolen 1
Gwendolen 1
Gwendolen 1
Gwendolen 1
Gwendolen 1
Gwendolen 1
Gwendolen 1
Gwendolen 1
Gwendolen 1
Gwendolen 1
Gwendolen 1
Gwendolen 1
Gwendolen 1
Gwendolen 1
Gwendolen 1
Gwendolen 1
Gwendolen 1
Gwendolen 1
Gwendolen 1
Gwendolen 1
Gwendolen 1
Gwendolen 1
Gwendolen 1
Gwendolen 1
Gwendolen 1
Gwendolen 1
Gwendolen 1
Gwendolen 1
Gwendolen 1
Gwendolen 1
Gwendolen 1
Gwendolen 1
Gwendolen 1
Gwendolen 1
Gwendolen 1
Gwendolen 1
Gwendolen 1
Gwendolen 1
Gwendolen 1
Gwendolen 1
Gwendolen 1
Gwendolen 1
Gwendolen 1
Gwendolen 1
Gwendolen 1
Gwendolen 1
Gwendolen 1
Gwendolen 1
Gwendolen 1
Gwendolen 1
Gwendolen 1
Gwendolen 1
Gwendolen 1
Gwendolen 1
Gwendolen 1
Gwendolen 1
Gwendolen 1
Gwendolen 1
Gwendolen 1
Gwendolen 1
Gwendolen 1
Gwendolen 1
Gwendolen 1
Gwendolen 1
Gwendolen 1
Gwendolen 1
Gwendolen 1
Gwendolen 1
Gwendolen 1
Gwendolen 1
Gwendolen 1
Gwendolen 1
Gwendolen 1
Gwendolen 1
Gwendolen 1
Gwendolen 1
Gwendolen 1
Gwendolen 1
Gwendolen 1
Gwendolen 1
Gwendolen 1
Gwendolen 1
Gwendolen 1
Gwendolen 1
Gwendolen 1
Gwendolen 1
Gwendolen 1
Gwendolen 1
Gwendolen 1
Gwendolen 1
Gwendolen 1
Gwendolen 1
Gwendolen 1
Gwendolen 1
Gwendolen 1
Gwendolen 1
Gwendolen 1
Gwendolen 1
INCLUDING 1
Impossible 1
Inspects 1
Internal 1
LICENSE 1
LICENSE 1
Lessee 1
Lists 1
Lists 1
Looking 1
Looking 1
Looking 1
Looking 1
Looking 1
Makes 1
Mary 1
Mary 1
Memory 1
Memory 1
Moon 1
Moon 1
More 1
More 1
Much 1
No 1
No 1
No 1
No 1
No 1
No 1
No 1
No 1
No 1
No 1
No 1
No 1
No 1
No 1
No 1
No 1
No 1
No 1
No 1
Nothing 1
Nothing 1
Nothing 1
Nothing 1
Nothing 1
Oh 1
Oh 1
Oh 1
Oh 1
Oh 1
Oh 1
Oh 1
Oh 1
Oh 1
Oh 1
Oh 1
Oh 1
Oh 1
Oh 1
Oh 1
Oh 1
Oh 1
Oh 1
Oh 1
Oh 1
Oh 1
Oh 1
Oh 1
Oh 1
Oh 1
Oh 1
Oh 1
Oh 1
Oh 1
Oh 1
Oh 1
Oh 1
Oh 1
Oh 1
Oh 1
Oh 1
Oh 1
Oh 1
Oh 1
Oh 1
Oh 1
Oh 1
Oh 1
Oh 1
Oh 1
Oh 1
Oh 1
Oh 1
Oh 1
Oh 1
Oh 1
Oh 1
Oh 1
Oh 1
Oh 1
Oh 1
Oh 1
Oh 1
Oh 1
Opens 1
Or 1
Orders 1
Outside 1
PROJECT 1
PROJECT 1
PROJECT 1
PROJECT 1
Paris 1
Paris 1
Paris 1
Paris 1
Paris 1
Paris 1
Prism 1
Prism 1
Prism 1
Prism 1
Prism 1
Prism 1
Prism 1
Prism 1
Prism 1
Prism 1
Prism 1
Prism 1
Prism 1
Prism 1
Prism 1
Prism 1
Prism 1
Prism 1
Prism 1
Prism 1
Prism 1
Prism 1
Prism 1
Prism 1
Prism 1
Prism 1
Prism 1
Prism 1
Prism 1
Prism 1
Prism 1
Prism 1
Prism 1
Prism 1
Prism 1
Prism 1
Prism 1
Prism 1
Prism 1
Prism 1
Prism 1
Prism 1
Prism 1
Prism 1
Prism 1
Prism 1
Prism 1
Prism 1
Prism 1
Prism 1
Prism 1
Prism 1
Prism 1
Prism 1
Prism 1
Prism 1
Prism 1
Prism 1
Prism 1
Prism 1
Prism 1
Prism 1
Prism 1
Prism 1
Prism 1
Prism 1
Prism 1
Prism 1
Prism 1
Prism 1
Prism 1
Prism 1
Prism 1
Prism 1
Prism 1
Prism 1
Prism 1
Prism 1
Prism 1
Prism 1
Prism 1
Prism 1
Prism 1
Prism 1
Prism 1
Prism 1
Railway 1
Rector 1
Rector 1
Rector 1
Rings 1
Rise 1
Rupee 1
Street 1
Street 1
Street 1
Street 1
Thanks 1
Thanks 1
Then 1
Then 1
Then 1
Then 1
Then 1
Then 1
Then 1
Then 1
Then 1
Then 1
Then 1
Then 1
Then 1
To 1
To 1
To 1
To 1
To 1
To 1
To 1
To 1
To 1
To 1
To 1
To 1
To 1
To 1
To 1
To 1
To 1
To 1
To 1
To 1
To 1
To 1
To 1
To 1
To 1
To 1
To 1
To 1
To 1
To 1
To 1
To 1
USE 1
Unmarried 1
Untruthful 1
Updated 1
Victoria 1
Victoria 1
Victoria 1
Was 1
Was 1
Was 1
Was 1
Were 1
Were 1
West 1
Wilde 1
Wilde 1
YOU 1
YOU 1
YOU 1
YOU 1
YOU 1
YOU 1
Your 1
Your 1
Your 1
Your 1
Your 1
Your 1
Your 1
Your 1
Your 1
Your 1
Your 1
Your 1
Your 1
Your 1
Your 1
Your 1
Your 1
Your 1
Your 1
Your 1
Your 1
abide 1
actually 1
actually 1
actually 1
actually 1
additional 1
additional 1
additional 1
adjoining 1
admit 1
admit 1
admit 1
admit 1
admit 1
admit 1
admit 1
admitting 1
adopted 1
adore 1
adore 1
adults 1
age 1
age 1
age 1
age 1
age 1
age 1
age 1
age 1
age 1
age 1
age 1
age 1
age 1
age 1
age 1
ago 1
ago 1
ago 1
ago 1
ago 1
aim 1
alone 1
alone 1
alone 1
altogether 1
an 1
an 1
an 1
an 1
an 1
an 1
an 1
an 1
an 1
an 1
an 1
an 1
an 1
an 1
an 1
an 1
an 1
an 1
an 1
an 1
an 1
an 1
an 1
an 1
an 1
an 1
an 1
an 1
an 1
an 1
an 1
an 1
an 1
an 1
an 1
an 1
an 1
an 1
an 1
an 1
an 1
an 1
an 1
an 1
an 1
an 1
an 1
an 1
an 1
an 1
an 1
an 1
an 1
an 1
an 1
an 1
an 1
an 1
angel 1
anxious 1
anxious 1
anxious 1
anxious 1
anxious 1
anxious 1
appearing 1
appointment 1
appointment 1
approve 1
approve 1
approve 1
approve 1
approve 1
arms 1
arms 1
authenticity 1
basinette 1
beautiful 1
beautiful 1
become 1
become 1
become 1
become 1
become 1
bees 1
beginning 1
beyond 1
birth 1
birth 1
birth 1
black 1
black 1
black 1
bores 1
bought 1
bowed 1
bred 1
brightly 1
cannot 1
cannot 1
cannot 1
cannot 1
cannot 1
cannot 1
cannot 1
cannot 1
cannot 1
cannot 1
cannot 1
cannot 1
cannot 1
cannot 1
carry 1
carry 1
carter 1
cases 1
cause 1
cause 1
cause 1
cause 1
caused 1
caused 1
charming 1
charming 1
charming 1
charming 1
checks 1
chief 1
children 1
children 1
christenings 1
christenings 1
christenings 1
christenings 1
christenings 1
clever 1
clever 1
clever 1
clever 1
clever 1
clever 1
coincidences 1
coming 1
coming 1
coming 1
coming 1
coming 1
common 1
common 1
communicate 1
confess 1
consolation 1
constitution 1
conversation 1
conversation 1
conversation 1
copies 1
copies 1
copies 1
copies 1
copies 1
copies 1
copies 1
corner 1
corner 1
cost 1
cost 1
cost 1
course 1
course 1
course 1
course 1
course 1
course 1
course 1
course 1
course 1
course 1
course 1
course 1
course 1
course 1
course 1
course 1
course 1
course 1
course 1
course 1
course 1
course 1
course 1
course 1
course 1
course 1
course 1
course 1
course 1
course 1
course 1
cucumbers 1
cucumbers 1
cucumbers 1
cultivated 1
cups 1
customary 1
deceitful 1
deceived 1
decencies 1
deductible 1
defective 1
defective 1
defective 1
deletions 1
derive 1
derived 1
described 1
desires 1
determined 1
determined 1
disk 1
dislike 1
displayed 1
distributed 1
distributed 1
distributed 1
distributed 1
donate 1
donate 1
donate 1
donate 1
donate 1
dying 1
each 1
each 1
each 1
each 1
each 1
each 1
each 1
each 1
each 1
each 1
eats 1
eight 1
eight 1
eight 1
eight 1
else 1
else 1
else 1
else 1
else 1
else 1
else 1
else 1
else 1
else 1
else 1
else 1
else 1
else 1
embrace 1
embrace 1
employees 1
employees 1
encourage 1
encouraged 1
enormously 1
ensuring 1
entire 1
entire 1
entrancing 1
especially 1
especially 1
especially 1
especially 1
especially 1
eternal 1
every 1
every 1
every 1
every 1
every 1
every 1
every 1
every 1
every 1
examples 1
extremely 1
extremely 1
extremely 1
extremely 1
extremely 1
extremely 1
extremely 1
extremely 1
extremely 1
extremely 1
extremely 1
face 1
face 1
fall 1
false 1
false 1
false 1
fancy 1
fellow 1
fellow 1
fellow 1
fellow 1
fellow 1
fellow 1
fellow 1
fellow 1
fellow 1
fellow 1
fellow 1
fellow 1
finger 1
fix 1
flower 1
frequently 1
friends 1
friends 1
friends 1
friends 1
fun 1
gay 1
gentleman 1
gentleman 1
gentleman 1
gentleman 1
gentleman 1
gentleman 1
gone 1
gone 1
gone 1
good 1
good 1
good 1
good 1
good 1
good 1
good 1
good 1
good 1
good 1
good 1
good 1
good 1
good 1
good 1
good 1
good 1
good 1
good 1
good 1
good 1
good 1
good 1
good 1
good 1
good 1
good 1
govern 1
grammar 1
guardian 1
guardian 1
guardian 1
guardian 1
guardian 1
guardian 1
guardian 1
guardian 1
guardian 1
guardian 1
guardian 1
guardian 1
guardian 1
guardian 1
had 1
had 1
had 1
had 1
had 1
had 1
had 1
had 1
had 1
had 1
had 1
had 1
had 1
had 1
had 1
had 1
had 1
had 1
had 1
had 1
had 1
had 1
had 1
had 1
had 1
had 1
had 1
had 1
had 1
had 1
had 1
had 1
had 1
had 1
had 1
had 1
had 1
had 1
had 1
had 1
had 1
had 1
had 1
had 1
had 1
had 1
had 1
had 1
had 1
had 1
had 1
had 1
had 1
had 1
had 1
had 1
had 1
had 1
had 1
had 1
had 1
hadn 1
hadn 1
hand 1
hand 1
hand 1
hand 1
hand 1
hand 1
hand 1
hand 1
hand 1
hand 1
hand 1
hand 1
hand 1
hand 1
hand 1
hand 1
hand 1
hand 1
hand 1
hand 1
hand 1
hand 1
hand 1
hand 1
hand 1
hand 1
hand 1
hand 1
hand 1
hand 1
hand 1
hand 1
hand 1
happiness 1
happiness 1
happiness 1
helping 1
hesitatingly 1
higher 1
higher 1
home 1
home 1
home 1
houses 1
humiliation 1
hundreds 1
husband 1
husband 1
husband 1
husband 1
husband 1
icy 1
idea 1
idea 1
idea 1
idea 1
idea 1
idea 1
idea 1
idea 1
immaterial 1
impatient 1
impossibility 1
inattentive 1
including 1
including 1
including 1
including 1
including 1
including 1
including 1
including 1
increasing 1
indecorous 1
indignantly 1
indignantly 1
indirectly 1
infinitely 1
inform 1
inform 1
inform 1
instance 1
instance 1
instance 1
instance 1
invariably 1
invariably 1
invented 1
invented 1
invented 1
investigations 1
itself 1
joyful 1
joyful 1
keep 1
keep 1
keep 1
keep 1
keep 1
keep 1
keep 1
keep 1
keep 1
keeping 1
keeping 1
keeping 1
kindly 1
kindly 1
kindly 1
kindly 1
kindly 1
land 1
land 1
land 1
land 1
large 1
large 1
large 1
large 1
large 1
large 1
large 1
lasted 1
latest 1
leave 1
leave 1
leave 1
leave 1
leave 1
leave 1
lessons 1
letters 1
letters 1
letters 1
letters 1
letters 1
letters 1
letters 1
licensed 1
like 1
like 1
like 1
like 1
like 1
like 1
like 1
like 1
like 1
like 1
like 1
like 1
like 1
like 1
like 1
like 1
like 1
like 1
like 1
like 1
like 1
like 1
like 1
like 1
like 1
like 1
like 1
like 1
like 1
like 1
like 1
like 1
like 1
like 1
like 1
like 1
like 1
like 1
like 1
like 1
like 1
like 1
like 1
like 1
like 1
like 1
like 1
like 1
like 1
living 1
living 1
lot 1
lot 1
lot 1
luxuriously 1
m 1
m 1
m 1
m 1
m 1
m 1
m 1
m 1
m 1
m 1
m 1
m 1
m 1
m 1
maintaining 1
making 1
making 1
making 1
mamma 1
mamma 1
mamma 1
mamma 1
mamma 1
mamma 1
mamma 1
mamma 1
mamma 1
many 1
many 1
many 1
many 1
many 1
many 1
many 1
many 1
many 1
many 1
many 1
many 1
marry 1
marry 1
marry 1
marry 1
marry 1
marry 1
marry 1
marry 1
marry 1
marry 1
memories 1
mentioned 1
mentioned 1
mentioned 1
mentioned 1
mentioned 1
mentioned 1
mentioned 1
mentioned 1
minutes 1
minutes 1
minutes 1
minutes 1
minutes 1
missed 1
mood 1
mood 1
moral 1
moral 1
moral 1
moral 1
moral 1
moral 1
morbidity 1
more 1
more 1
more 1
more 1
more 1
more 1
more 1
more 1
more 1
more 1
more 1
more 1
more 1
more 1
more 1
more 1
more 1
more 1
more 1
more 1
more 1
more 1
more 1
more 1
more 1
more 1
more 1
more 1
more 1
more 1
mother 1
mother 1
mother 1
mother 1
mother 1
mother 1
muffin 1
muffin 1
muffin 1
muffin 1
music 1
music 1
music 1
music 1
music 1
music 1
music 1
music 1
music 1
nervously 1
newspaper 1
nicer 1
no 1
no 1
no 1
no 1
no 1
no 1
no 1
no 1
no 1
no 1
no 1
no 1
no 1
no 1
no 1
no 1
no 1
no 1
no 1
no 1
no 1
no 1
no 1
no 1
no 1
no 1
no 1
no 1
no 1
no 1
no 1
no 1
no 1
no 1
no 1
no 1
no 1
no 1
no 1
no 1
no 1
no 1
no 1
no 1
no 1
no 1
no 1
no 1
no 1
no 1
no 1
no 1
no 1
no 1
no 1
no 1
no 1
no 1
no 1
no 1
no 1
no 1
no 1
no 1
no 1
no 1
no 1
no 1
no 1
no 1
no 1
nor 1
nor 1
number 1
number 1
number 1
number 1
number 1
number 1
old 1
old 1
old 1
old 1
old 1
old 1
old 1
old 1
old 1
old 1
old 1
old 1
old 1
old 1
old 1
old 1
old 1
old 1
old 1
or 1
or 1
or 1
or 1
or 1
or 1
or 1
or 1
or 1
or 1
or 1
or 1
or 1
or 1
or 1
or 1
or 1
or 1
or 1
or 1
or 1
or 1
or 1
or 1
or 1
or 1
or 1
or 1
or 1
or 1
or 1
or 1
or 1
or 1
or 1
or 1
or 1
or 1
or 1
or 1
or 1
or 1
or 1
or 1
or 1
or 1
or 1
or 1
or 1
or 1
or 1
or 1
or 1
or 1
or 1
or 1
or 1
or 1
or 1
or 1
or 1
or 1
or 1
or 1
or 1
or 1
or 1
or 1
or 1
or 1
or 1
or 1
or 1
or 1
or 1
or 1
or 1
or 1
or 1
or 1
or 1
or 1
or 1
or 1
or 1
or 1
or 1
or 1
or 1
or 1
or 1
or 1
or 1
or 1
or 1
or 1
or 1
or 1
or 1
or 1
or 1
organized 1
others 1
others 1
others 1
others 1
others 1
ours 1
outlying 1
owed 1
owner 1
owner 1
owner 1
owner 1
part 1
part 1
part 1
part 1
part 1
part 1
part 1
part 1
part 1
part 1
part 1
perfection 1
perfection 1
phrase 1
phrase 1
phrase 1
phrase 1
phrase 1
place 1
place 1
place 1
place 1
place 1
place 1
place 1
place 1
place 1
place 1
place 1
place 1
place 1
place 1
place 1
place 1
place 1
place 1
place 1
poachers 1
polite 1
practical 1
produces 1
produces 1
produces 1
produces 1
produces 1
produces 1
profits 1
profligate 1
promoting 1
promoting 1
promotion 1
proposing 1
proposing 1
proprietary 1
protection 1
qualities 1
qualities 1
quarters 1
rapidly 1
reads 1
reads 1
recognised 1
reforming 1
refreshment 1
related 1
resides 1
resides 1
restrictions 1
restrictions 1
returned 1
returned 1
returned 1
revolutionary 1
ridiculous 1
ridiculous 1
say 1
say 1
say 1
say 1
say 1
say 1
say 1
say 1
say 1
say 1
say 1
say 1
say 1
say 1
say 1
say 1
say 1
say 1
say 1
say 1
say 1
say 1
say 1
say 1
say 1
say 1
say 1
say 1
say 1
say 1
say 1
say 1
say 1
say 1
say 1
say 1
say 1
say 1
say 1
say 1
say 1
schools 1
schools 1
scissors 1
scrapes 1
scrapes 1
secure 1
separate 1
separate 1
sermons 1
shameful 1
show 1
show 1
sight 1
sight 1
sign 1
sign 1
simplicity 1
sincere 1
smart 1
smart 1
snare 1
snare 1
sole 1
spare 1
spread 1
stony 1
stored 1
strangely 1
suit 1
surprise 1
surprise 1
surprise 1
sympathies 1
taken 1
taken 1
taste 1
taste 1
tedious 1
tedious 1
tedious 1
than 1
than 1
than 1
than 1
than 1
than 1
than 1
than 1
than 1
than 1
than 1
than 1
than 1
than 1
than 1
than 1
than 1
than 1
than 1
than 1
than 1
than 1
than 1
than 1
than 1
theory 1
theory 1
things 1
things 1
things 1
things 1
things 1
things 1
things 1
things 1
things 1
things 1
things 1
things 1
things 1
things 1
things 1
things 1
things 1
to 1
to 1
to 1
to 1
to 1
to 1
to 1
to 1
to 1
to 1
to 1
to 1
to 1
to 1
to 1
to 1
to 1
to 1
to 1
to 1
to 1
to 1
to 1
to 1
to 1
to 1
to 1
to 1
to 1
to 1
to 1
to 1
to 1
to 1
to 1
to 1
to 1
to 1
to 1
to 1
to 1
to 1
to 1
to 1
to 1
to 1
to 1
to 1
to 1
to 1
to 1
to 1
to 1
to 1
to 1
to 1
to 1
to 1
to 1
to 1
to 1
to 1
to 1
to 1
to 1
to 1
to 1
to 1
to 1
to 1
to 1
to 1
to 1
to 1
to 1
to 1
to 1
to 1
to 1
to 1
to 1
to 1
to 1
to 1
to 1
to 1
to 1
to 1
to 1
to 1
to 1
to 1
to 1
to 1
to 1
to 1
to 1
to 1
to 1
to 1
to 1
to 1
to 1
to 1
to 1
to 1
to 1
to 1
to 1
to 1
to 1
to 1
to 1
to 1
to 1
to 1
to 1
to 1
to 1
to 1
to 1
to 1
to 1
to 1
to 1
to 1
to 1
to 1
to 1
to 1
to 1
to 1
to 1
to 1
to 1
to 1
to 1
to 1
to 1
to 1
to 1
to 1
to 1
to 1
to 1
to 1
to 1
to 1
to 1
to 1
to 1
to 1
to 1
to 1
to 1
to 1
to 1
to 1
to 1
to 1
to 1
to 1
to 1
to 1
to 1
to 1
to 1
to 1
to 1
to 1
to 1
to 1
to 1
to 1
to 1
to 1
to 1
to 1
to 1
to 1
to 1
to 1
to 1
to 1
to 1
to 1
to 1
to 1
to 1
to 1
to 1
to 1
to 1
to 1
to 1
to 1
to 1
to 1
to 1
to 1
to 1
to 1
to 1
to 1
to 1
to 1
to 1
to 1
to 1
to 1
to 1
to 1
to 1
to 1
to 1
to 1
to 1
to 1
to 1
to 1
to 1
to 1
to 1
to 1
to 1
to 1
to 1
to 1
to 1
to 1
to 1
to 1
to 1
to 1
to 1
to 1
to 1
to 1
to 1
to 1
to 1
to 1
to 1
to 1
to 1
to 1
to 1
to 1
to 1
to 1
to 1
to 1
to 1
to 1
to 1
to 1
to 1
to 1
to 1
to 1
to 1
to 1
to 1
to 1
to 1
to 1
to 1
to 1
to 1
to 1
to 1
to 1
to 1
to 1
to 1
to 1
to 1
to 1
to 1
to 1
to 1
to 1
to 1
to 1
to 1
to 1
to 1
to 1
to 1
to 1
to 1
to 1
to 1
to 1
to 1
to 1
to 1
to 1
to 1
to 1
to 1
to 1
to 1
to 1
to 1
to 1
to 1
to 1
to 1
to 1
to 1
to 1
to 1
to 1
to 1
to 1
to 1
to 1
to 1
to 1
to 1
to 1
to 1
to 1
to 1
to 1
to 1
to 1
to 1
to 1
to 1
to 1
to 1
to 1
to 1
to 1
to 1
to 1
to 1
to 1
to 1
to 1
to 1
to 1
to 1
to 1
to 1
to 1
to 1
to 1
to 1
to 1
to 1
to 1
to 1
to 1
to 1
to 1
to 1
to 1
to 1
to 1
to 1
to 1
to 1
to 1
to 1
to 1
to 1
to 1
to 1
to 1
to 1
to 1
to 1
to 1
to 1
to 1
to 1
to 1
to 1
to 1
to 1
to 1
to 1
to 1
to 1
to 1
to 1
to 1
to 1
to 1
to 1
to 1
to 1
to 1
to 1
to 1
to 1
to 1
to 1
to 1
to 1
to 1
to 1
to 1
to 1
to 1
to 1
to 1
to 1
to 1
to 1
to 1
to 1
to 1
to 1
to 1
to 1
to 1
to 1
to 1
to 1
to 1
to 1
to 1
to 1
to 1
to 1
to 1
to 1
to 1
to 1
to 1
to 1
to 1
to 1
to 1
to 1
to 1
to 1
to 1
to 1
to 1
to 1
to 1
to 1
to 1
to 1
to 1
to 1
to 1
to 1
to 1
to 1
to 1
to 1
to 1
to 1
to 1
to 1
to 1
to 1
to 1
to 1
to 1
to 1
to 1
to 1
to 1
to 1
to 1
to 1
to 1
to 1
to 1
to 1
to 1
to 1
to 1
to 1
to 1
to 1
to 1
to 1
to 1
to 1
to 1
to 1
to 1
to 1
to 1
to 1
to 1
to 1
to 1
to 1
to 1
to 1
to 1
to 1
to 1
to 1
to 1
to 1
to 1
to 1
to 1
to 1
to 1
to 1
to 1
to 1
to 1
to 1
to 1
to 1
to 1
to 1
to 1
to 1
to 1
to 1
to 1
to 1
to 1
to 1
to 1
to 1
to 1
to 1
to 1
to 1
to 1
to 1
to 1
to 1
to 1
to 1
to 1
to 1
to 1
to 1
to 1
to 1
to 1
to 1
to 1
to 1
to 1
to 1
to 1
to 1
to 1
to 1
to 1
to 1
to 1
to 1
to 1
to 1
to 1
to 1
to 1
to 1
to 1
to 1
to 1
to 1
to 1
to 1
to 1
to 1
to 1
to 1
to 1
to 1
to 1
to 1
to 1
to 1
to 1
to 1
to 1
to 1
to 1
to 1
to 1
to 1
to 1
to 1
to 1
to 1
to 1
to 1
to 1
to 1
to 1
to 1
to 1
to 1
to 1
to 1
to 1
to 1
to 1
to 1
to 1
to 1
to 1
to 1
to 1
to 1
to 1
to 1
to 1
to 1
to 1
to 1
to 1
to 1
to 1
to 1
to 1
to 1
to 1
to 1
to 1
to 1
to 1
to 1
to 1
to 1
to 1
to 1
to 1
to 1
to 1
to 1
to 1
to 1
trademark 1
trademark 1
trademark 1
trademark 1
trademark 1
trademark 1
trademark 1
trademark 1
trademark 1
trademark 1
transcribe 1
treated 1
trespassing 1
trusty 1
try 1
try 1
try 1
try 1
try 1
turning 1
tutelage 1
unfair 1
unfair 1
unfortunate 1
unfortunate 1
unfortunate 1
unfortunate 1
unfortunate 1
unfortunate 1
unfortunate 1
unfortunate 1
unreadable 1
untruthful 1
unwell 1
upstairs 1
utterly 1
utterly 1
value 1
vanity 1
venture 1
verify 1
violence 1
visit 1
visit 1
visit 1
visit 1
wanted 1
wanted 1
was 1
was 1
was 1
was 1
was 1
was 1
was 1
was 1
was 1
was 1
was 1
was 1
was 1
was 1
was 1
was 1
was 1
was 1
was 1
was 1
was 1
was 1
was 1
was 1
was 1
was 1
was 1
was 1
was 1
was 1
was 1
was 1
was 1
was 1
was 1
was 1
was 1
was 1
was 1
was 1
was 1
was 1
was 1
was 1
was 1
was 1
was 1
was 1
was 1
was 1
was 1
was 1
was 1
was 1
was 1
was 1
was 1
was 1
was 1
was 1
was 1
was 1
was 1
was 1
was 1
was 1
was 1
was 1
was 1
was 1
was 1
was 1
was 1
was 1
was 1
was 1
was 1
was 1
was 1
was 1
was 1
was 1
was 1
was 1
was 1
was 1
was 1
was 1
wasn 1
wasn 1
wear 1
weeks 1
whether 1
whether 1
whether 1
whether 1
wide 1
wife 1
wife 1
wife 1
wife 1
wipe 1
would 1
would 1
would 1
would 1
would 1
would 1
would 1
would 1
would 1
would 1
would 1
would 1
would 1
would 1
would 1
would 1
would 1
would 1
would 1
would 1
would 1
would 1
would 1
would 1
would 1
would 1
would 1
would 1
would 1
would 1
would 1
would 1
would 1
would 1
would 1
would 1
would 1
would 1
would 1
would 1
would 1
would 1
would 1
would 1
would 1
would 1
would 1
would 1
would 1
would 1
would 1
would 1
would 1
would 1
would 1
would 1
would 1
would 1
would 1
would 1
would 1
would 1
would 1
would 1
would 1
written 1
written 1
written 1
written 1
written 1
written 1
written 1
www 1
www 1
www 1
www 1
www 1
www 1
www 1
www 1
www 1
www 1
year 1
year 1
year 1
year 1
you 1
you 1
you 1
you 1
you 1
you 1
you 1
you 1
you 1
you 1
you 1
you 1
you 1
you 1
you 1
you 1
you 1
you 1
you 1
you 1
you 1
you 1
you 1
you 1
you 1
you 1
you 1
you 1
you 1
you 1
you 1
you 1
you 1
you 1
you 1
you 1
you 1
you 1
you 1
you 1
you 1
you 1
you 1
you 1
you 1
you 1
you 1
you 1
you 1
you 1
you 1
you 1
you 1
you 1
you 1
you 1
you 1
you 1
you 1
you 1
you 1
you 1
you 1
you 1
you 1
you 1
you 1
you 1
you 1
you 1
you 1
you 1
you 1
you 1
you 1
you 1
you 1
you 1
you 1
you 1
you 1
you 1
you 1
you 1
you 1
you 1
you 1
you 1
you 1
you 1
you 1
you 1
you 1
you 1
you 1
you 1
you 1
you 1
you 1
you 1
you 1
you 1
you 1
you 1
you 1
you 1
you 1
you 1
you 1
you 1
you 1
you 1
you 1
you 1
you 1
you 1
you 1
you 1
you 1
you 1
you 1
you 1
you 1
you 1
you 1
you 1
you 1
you 1
you 1
you 1
you 1
you 1
you 1
you 1
you 1
you 1
you 1
you 1
you 1
you 1
you 1
you 1
you 1
you 1
you 1
you 1
you 1
you 1
you 1
you 1
you 1
you 1
you 1
you 1
you 1
you 1
you 1
you 1
you 1
you 1
you 1
you 1
you 1
you 1
you 1
you 1
you 1
you 1
you 1
you 1
you 1
you 1
you 1
you 1
you 1
you 1
you 1
you 1
you 1
you 1
you 1
you 1
you 1
you 1
you 1
you 1
you 1
you 1
you 1
you 1
you 1
you 1
you 1
you 1
you 1
you 1
you 1
you 1
you 1
you 1
you 1
you 1
you 1
you 1
you 1
you 1
you 1
you 1
you 1
you 1
you 1
you 1
you 1
you 1
you 1
you 1
you 1
you 1
you 1
you 1
you 1
you 1
you 1
you 1
you 1
you 1
you 1
you 1
you 1
you 1
you 1
you 1
you 1
you 1
you 1
you 1
you 1
you 1
you 1
you 1
you 1
you 1
you 1
you 1
you 1
you 1
you 1
you 1
you 1
you 1
you 1
you 1
you 1
you 1
you 1
you 1
you 1
you 1
you 1
you 1
you 1
you 1
you 1
you 1
you 1
you 1
you 1
you 1
you 1
you 1
you 1
you 1
you 1
you 1
you 1
you 1
you 1
you 1
you 1
you 1
you 1
you 1
you 1
you 1
you 1
you 1
you 1
you 1
you 1
you 1
you 1
you 1
you 1
you 1
you 1
you 1
you 1
you 1
you 1
you 1
you 1
you 1
you 1
you 1
you 1
you 1
you 1
you 1
you 1
you 1
you 1
you 1
you 1
you 1
you 1
you 1
you 1
you 1
you 1
you 1
you 1
you 1
you 1
you 1
you 1
you 1
you 1
you 1
you 1
you 1
you 1
you 1
you 1
you 1
you 1
you 1
you 1
you 1
you 1
you 1
you 1
you 1
you 1
you 1
you 1
you 1
you 1
you 1
you 1
you 1
you 1
you 1
you 1
you 1
you 1
you 1
you 1
you 1
you 1
you 1
you 1
you 1
you 1
you 1
you 1
you 1
you 1
you 1
you 1
you 1
you 1
you 1
you 1
you 1
you 1
you 1
you 1
you 1
you 1
you 1
you 1
you 1
you 1
you 1
you 1
you 1
you 1
you 1
you 1
you 1
you 1
you 1
you 1
you 1
you 1
you 1
you 1
you 1
you 1
you 1
you 1
you 1
you 1
you 1
you 1
you 1
you 1
you 1
you 1
you 1
you 1
you 1
you 1
you 1
you 1
you 1
you 1
you 1
you 1
you 1
you 1
you 1
you 1
you 1
you 1
you 1
you 1
you 1
you 1
you 1
you 1
you 1
you 1
you 1
you 1
you 1
you 1
you 1
you 1
you 1
you 1
you 1
you 1
you 1
you 1
you 1
you 1
you 1
you 1
you 1
you 1
you 1
you 1
you 1
you 1
you 1
you 1
you 1
you 1
you 1
you 1
you 1
you 1
you 1
you 1
you 1
you 1
you 1
you 1
you 1
you 1
you 1
you 1
you 1
you 1
you 1
you 1
you 1
you 1
you 1
you 1
you 1
you 1
you 1
you 1
you 1
you 1
you 1
you 1
you 1
you 1
you 1
you 1
you 1
you 1
you 1
you 1
you 1
you 1
you 1
you 1
you 1
you 1
you 1
you 1
you 1
you 1
you 1
you 1
you 1
younger 1
younger 1
younger 1
younger 1
younger 1
zip 1
