ASCII 1
ASCII 1
An 1
Another 1
Besides 1
But 1
But 1
But 1
But 1
But 1
But 1
But 1
But 1
But 1
But 1
But 1
But 1
But 1
But 1
But 1
But 1
But 1
But 1
But 1
But 1
But 1
But 1
But 1
But 1
But 1
But 1
But 1
But 1
But 1
But 1
But 1
But 1
CONSEQUENTIAL 1
Charlottenstrasse 1
DIRECT 1
DISCLAIMER 1
Doing 1
During 1
During 1
E 1
E 1
E 1
E 1
E 1
E 1
E 1
E 1
E 1
E 1
E 1
E 1
E 1
E 1
E 1
E 1
E 1
E 1
E 1
E 1
E 1
E 1
End 1
GUTENBERG 1
GUTENBERG 1
GUTENBERG 1
GUTENBERG 1
INCLUDING 1
Internal 1
LICENSE 1
LICENSE 1
Metamorphosis 1
Metamorphosis 1
Metamorphosis 1
Metamorphosis 1
No 1
No 1
No 1
No 1
No 1
No 1
No 1
Nothing 1
Nothing 1
Oh 1
Oh 1
Oh 1
Oh 1
Oh 1
Or 1
PROJECT 1
PROJECT 1
PROJECT 1
PROJECT 1
Quick 1
Then 1
Then 1
Then 1
Then 1
Then 1
Then 1
Then 1
Then 1
Then 1
Then 1
Then 1
Then 1
Then 1
Then 1
To 1
To 1
To 1
To 1
USE 1
Updated 1
Was 1
Was 1
Was 1
Were 1
West 1
YOU 1
YOU 1
YOU 1
YOU 1
YOU 1
YOU 1
Your 1
abandoning 1
abandoning 1
abide 1
accumulating 1
actually 1
actually 1
actually 1
actually 1
actually 1
actually 1
actually 1
additional 1
additional 1
additional 1
adjoining 1
admit 1
admit 1
admit 1
age 1
age 1
ago 1
ago 1
ago 1
aim 1
alone 1
alone 1
alone 1
altogether 1
an 1
an 1
an 1
an 1
an 1
an 1
an 1
an 1
an 1
an 1
an 1
an 1
an 1
an 1
an 1
an 1
an 1
an 1
an 1
an 1
an 1
an 1
an 1
an 1
an 1
an 1
an 1
an 1
an 1
an 1
an 1
an 1
an 1
an 1
anew 1
anticipation 1
anxious 1
appearing 1
approved 1
area 1
arms 1
arms 1
arms 1
arms 1
arms 1
arms 1
arms 1
arms 1
arms 1
arms 1
arms 1
arms 1
arms 1
beautiful 1
beautiful 1
become 1
become 1
become 1
become 1
become 1
become 1
become 1
become 1
become 1
become 1
become 1
become 1
become 1
become 1
become 1
become 1
become 1
become 1
become 1
beginning 1
beginning 1
beginning 1
behaviour 1
behaviour 1
behaviour 1
bend 1
bend 1
beyond 1
bin 1
black 1
blossoming 1
bones 1
boss 1
boss 1
boss 1
boss 1
boss 1
boss 1
boss 1
boss 1
boss 1
boss 1
boss 1
bowed 1
bowed 1
bravely 1
breast 1
breathe 1
breathe 1
breathe 1
breathe 1
bushy 1
butcher 1
cannot 1
cannot 1
cannot 1
cannot 1
cannot 1
carry 1
carry 1
carry 1
carry 1
carry 1
carry 1
carry 1
carry 1
catching 1
cause 1
cause 1
cause 1
cause 1
caused 1
caused 1
caused 1
caused 1
caused 1
caused 1
caution 1
certainty 1
certainty 1
checks 1
chief 1
chief 1
chief 1
chief 1
chief 1
chief 1
chief 1
chief 1
chief 1
chief 1
chief 1
chief 1
chief 1
chief 1
chief 1
chief 1
chief 1
chief 1
chief 1
chief 1
chief 1
chief 1
chief 1
chief 1
chief 1
chief 1
chief 1
chief 1
chief 1
chief 1
chief 1
chief 1
chief 1
chief 1
chief 1
chief 1
chief 1
clever 1
coming 1
coming 1
coming 1
coming 1
coming 1
communicated 1
confused 1
confused 1
congratulated 1
conversation 1
conversation 1
conversation 1
conversation 1
conversation 1
conversation 1
conversation 1
cooked 1
copies 1
copies 1
copies 1
copies 1
copies 1
copies 1
copies 1
corner 1
corner 1
corner 1
corner 1
cost 1
cost 1
cost 1
course 1
course 1
course 1
course 1
course 1
course 1
course 1
course 1
course 1
course 1
course 1
course 1
course 1
course 1
course 1
course 1
cried 1
cried 1
crossed 1
crossed 1
deductible 1
defective 1
defective 1
defective 1
deletions 1
derive 1
derived 1
described 1
determined 1
disk 1
displayed 1
distance 1
distance 1
distance 1
distinguish 1
distributed 1
distributed 1
distributed 1
distributed 1
divided 1
doctor 1
doctor 1
doctor 1
doctor 1
doctor 1
doctor 1
doctor 1
donate 1
donate 1
donate 1
donate 1
dying 1
each 1
each 1
each 1
each 1
each 1
each 1
each 1
each 1
each 1
each 1
each 1
each 1
each 1
each 1
each 1
each 1
each 1
each 1
early 1
early 1
early 1
early 1
early 1
early 1
edge 1
eight 1
eight 1
else 1
else 1
else 1
else 1
else 1
else 1
else 1
else 1
emergencies 1
emphatically 1
employees 1
employees 1
employees 1
employees 1
employees 1
employees 1
encouraged 1
enjoy 1
ensuring 1
entire 1
entire 1
entire 1
entire 1
especially 1
especially 1
especially 1
especially 1
especially 1
especially 1
especially 1
especially 1
especially 1
especially 1
especially 1
especially 1
especially 1
evenings 1
evenings 1
evenings 1
evenings 1
events 1
every 1
every 1
every 1
every 1
every 1
every 1
every 1
every 1
every 1
every 1
every 1
every 1
examination 1
exceptionally 1
exchange 1
exchange 1
excusal 1
exhausted 1
exhausted 1
extremely 1
extremely 1
extremely 1
face 1
face 1
face 1
face 1
face 1
face 1
face 1
face 1
face 1
face 1
face 1
face 1
face 1
face 1
fall 1
fall 1
fall 1
fall 1
fall 1
fall 1
fall 1
fall 1
fancy 1
fiery 1
finger 1
finger 1
finger 1
fix 1
flying 1
force 1
force 1
force 1
force 1
force 1
force 1
force 1
force 1
forks 1
fortunately 1
fortunately 1
frequently 1
frequently 1
friends 1
friends 1
friends 1
friends 1
front 1
front 1
front 1
front 1
front 1
front 1
front 1
front 1
front 1
front 1
front 1
front 1
front 1
front 1
front 1
front 1
front 1
gain 1
gather 1
gather 1
gentleman 1
gentleman 1
gentleman 1
gentleman 1
gentleman 1
gently 1
gently 1
gently 1
gently 1
gilded 1
glancing 1
gone 1
gone 1
gone 1
gone 1
gone 1
good 1
good 1
good 1
good 1
good 1
good 1
good 1
good 1
good 1
good 1
good 1
good 1
good 1
good 1
good 1
good 1
good 1
good 1
govern 1
groaning 1
had 1
had 1
had 1
had 1
had 1
had 1
had 1
had 1
had 1
had 1
had 1
had 1
had 1
had 1
had 1
had 1
had 1
had 1
had 1
had 1
had 1
had 1
had 1
had 1
had 1
had 1
had 1
had 1
had 1
had 1
had 1
had 1
had 1
had 1
had 1
had 1
had 1
had 1
had 1
had 1
had 1
had 1
had 1
had 1
had 1
had 1
had 1
had 1
had 1
had 1
had 1
had 1
had 1
had 1
had 1
had 1
had 1
had 1
had 1
had 1
had 1
had 1
had 1
had 1
had 1
had 1
had 1
had 1
had 1
had 1
had 1
had 1
had 1
had 1
had 1
had 1
had 1
had 1
had 1
had 1
had 1
had 1
had 1
had 1
had 1
had 1
had 1
had 1
had 1
had 1
had 1
had 1
had 1
had 1
had 1
had 1
had 1
had 1
had 1
had 1
had 1
had 1
had 1
had 1
had 1
had 1
had 1
had 1
had 1
had 1
had 1
had 1
had 1
had 1
had 1
had 1
had 1
had 1
had 1
had 1
had 1
had 1
had 1
had 1
had 1
had 1
had 1
had 1
had 1
had 1
had 1
had 1
had 1
had 1
had 1
had 1
had 1
had 1
had 1
had 1
had 1
had 1
had 1
had 1
had 1
had 1
had 1
had 1
had 1
had 1
had 1
had 1
had 1
had 1
had 1
had 1
had 1
had 1
had 1
had 1
had 1
had 1
had 1
had 1
had 1
had 1
had 1
had 1
had 1
had 1
had 1
had 1
had 1
had 1
had 1
had 1
had 1
had 1
had 1
had 1
had 1
had 1
had 1
had 1
had 1
had 1
had 1
had 1
had 1
had 1
had 1
had 1
had 1
had 1
had 1
had 1
had 1
had 1
had 1
had 1
had 1
had 1
had 1
had 1
had 1
had 1
had 1
had 1
had 1
had 1
had 1
had 1
had 1
had 1
had 1
had 1
had 1
had 1
had 1
had 1
had 1
had 1
had 1
had 1
had 1
had 1
had 1
had 1
had 1
had 1
had 1
had 1
had 1
had 1
had 1
had 1
had 1
had 1
had 1
had 1
had 1
had 1
had 1
had 1
had 1
had 1
had 1
had 1
had 1
had 1
had 1
had 1
had 1
had 1
had 1
had 1
had 1
had 1
had 1
had 1
had 1
had 1
had 1
had 1
had 1
had 1
had 1
had 1
had 1
had 1
had 1
had 1
had 1
had 1
had 1
had 1
had 1
had 1
had 1
had 1
had 1
had 1
had 1
had 1
had 1
had 1
had 1
had 1
had 1
had 1
had 1
had 1
had 1
had 1
had 1
had 1
had 1
had 1
had 1
had 1
had 1
had 1
had 1
had 1
had 1
had 1
had 1
had 1
had 1
had 1
had 1
had 1
had 1
had 1
had 1
had 1
had 1
had 1
had 1
had 1
had 1
had 1
had 1
had 1
had 1
had 1
had 1
had 1
had 1
had 1
had 1
had 1
had 1
had 1
had 1
had 1
had 1
had 1
had 1
had 1
had 1
had 1
had 1
had 1
had 1
had 1
had 1
had 1
had 1
had 1
hadn 1
hadn 1
hand 1
hand 1
hand 1
hand 1
hand 1
hand 1
hand 1
hand 1
hand 1
hand 1
hand 1
hand 1
hand 1
hand 1
hand 1
hand 1
hand 1
hand 1
hand 1
hand 1
hand 1
hand 1
harmed 1
hearer 1
helping 1
helping 1
hiss 1
home 1
home 1
home 1
home 1
home 1
home 1
home 1
home 1
home 1
home 1
home 1
home 1
home 1
home 1
home 1
home 1
home 1
home 1
home 1
hundreds 1
idea 1
idea 1
idea 1
idea 1
idea 1
impatient 1
incarcerated 1
including 1
including 1
including 1
including 1
including 1
including 1
including 1
including 1
increasing 1
indirectly 1
instance 1
instance 1
instrument 1
invariably 1
item 1
itself 1
itself 1
itself 1
itself 1
keep 1
keep 1
keep 1
keep 1
keep 1
keep 1
keep 1
keep 1
keep 1
keep 1
keep 1
keep 1
keep 1
keeping 1
keeping 1
keeping 1
keeping 1
key 1
key 1
key 1
key 1
key 1
key 1
key 1
key 1
key 1
key 1
key 1
knife 1
labouring 1
lacking 1
lap 1
lap 1
large 1
large 1
large 1
lasted 1
latest 1
leave 1
leave 1
leave 1
leave 1
leave 1
leave 1
leave 1
leave 1
leave 1
leave 1
leave 1
legs 1
legs 1
legs 1
legs 1
legs 1
legs 1
legs 1
legs 1
legs 1
legs 1
legs 1
legs 1
legs 1
legs 1
legs 1
legs 1
legs 1
legs 1
legs 1
legs 1
lethargic 1
letters 1
letters 1
letters 1
licensed 1
like 1
like 1
like 1
like 1
like 1
like 1
like 1
like 1
like 1
like 1
like 1
like 1
like 1
like 1
like 1
like 1
like 1
like 1
like 1
like 1
like 1
like 1
like 1
like 1
like 1
like 1
like 1
like 1
like 1
like 1
like 1
like 1
like 1
like 1
like 1
like 1
like 1
like 1
lines 1
living 1
living 1
living 1
living 1
living 1
living 1
living 1
living 1
living 1
living 1
living 1
living 1
living 1
living 1
living 1
living 1
living 1
living 1
lodged 1
lodged 1
lot 1
lot 1
lot 1
lot 1
lovely 1
lurched 1
m 1
m 1
m 1
m 1
m 1
m 1
m 1
m 1
m 1
m 1
m 1
m 1
m 1
m 1
m 1
maintain 1
maintaining 1
making 1
making 1
making 1
making 1
making 1
making 1
making 1
making 1
making 1
making 1
making 1
many 1
many 1
many 1
many 1
many 1
many 1
mentioned 1
minutes 1
minutes 1
miracle 1
miracle 1
missed 1
mistakes 1
mood 1
mood 1
mood 1
mood 1
more 1
more 1
more 1
more 1
more 1
more 1
more 1
more 1
more 1
more 1
more 1
more 1
more 1
more 1
more 1
more 1
more 1
more 1
more 1
more 1
more 1
more 1
more 1
more 1
more 1
more 1
more 1
more 1
more 1
more 1
more 1
more 1
more 1
more 1
more 1
more 1
more 1
more 1
more 1
more 1
more 1
more 1
more 1
more 1
more 1
more 1
more 1
more 1
more 1
more 1
more 1
more 1
more 1
more 1
more 1
more 1
more 1
more 1
more 1
more 1
more 1
more 1
more 1
more 1
more 1
more 1
more 1
more 1
more 1
more 1
more 1
more 1
mother 1
mother 1
mother 1
mother 1
mother 1
mother 1
mother 1
mother 1
mother 1
mother 1
mother 1
mother 1
mother 1
mother 1
mother 1
mother 1
mother 1
mother 1
mother 1
mother 1
mother 1
mother 1
mother 1
mother 1
mother 1
mother 1
mother 1
mother 1
mother 1
mother 1
mother 1
mother 1
mother 1
mother 1
mother 1
mother 1
mother 1
mother 1
mother 1
mother 1
mother 1
mother 1
mother 1
mother 1
mother 1
mother 1
mother 1
mother 1
mother 1
mother 1
mother 1
mother 1
mother 1
mother 1
mother 1
mother 1
mother 1
mother 1
mother 1
mother 1
mother 1
mother 1
mother 1
mother 1
mother 1
mother 1
mother 1
mother 1
mother 1
mother 1
mother 1
mother 1
mother 1
mother 1
mother 1
mother 1
mother 1
mother 1
mother 1
mother 1
mother 1
mother 1
mother 1
mother 1
mother 1
motionless 1
music 1
music 1
music 1
music 1
music 1
music 1
music 1
needed 1
needed 1
needed 1
needed 1
needed 1
needed 1
needed 1
needed 1
net 1
net 1
net 1
net 1
net 1
net 1
newspaper 1
newspaper 1
newspaper 1
newspaper 1
no 1
no 1
no 1
no 1
no 1
no 1
no 1
no 1
no 1
no 1
no 1
no 1
no 1
no 1
no 1
no 1
no 1
no 1
no 1
no 1
no 1
no 1
no 1
no 1
no 1
no 1
no 1
no 1
no 1
no 1
no 1
no 1
no 1
no 1
no 1
no 1
no 1
no 1
no 1
no 1
no 1
no 1
no 1
no 1
no 1
no 1
no 1
no 1
no 1
no 1
no 1
no 1
no 1
no 1
no 1
no 1
no 1
no 1
no 1
no 1
no 1
no 1
no 1
no 1
no 1
no 1
no 1
no 1
no 1
no 1
no 1
no 1
no 1
no 1
no 1
nodding 1
nonsensical 1
nor 1
nor 1
notes 1
number 1
number 1
number 1
number 1
offered 1
oh 1
old 1
old 1
old 1
old 1
old 1
old 1
old 1
old 1
old 1
old 1
old 1
old 1
old 1
old 1
ones 1
or 1
or 1
or 1
or 1
or 1
or 1
or 1
or 1
or 1
or 1
or 1
or 1
or 1
or 1
or 1
or 1
or 1
or 1
or 1
or 1
or 1
or 1
or 1
or 1
or 1
or 1
or 1
or 1
or 1
or 1
or 1
or 1
or 1
or 1
or 1
or 1
or 1
or 1
or 1
or 1
or 1
or 1
or 1
or 1
or 1
or 1
or 1
or 1
or 1
or 1
or 1
or 1
or 1
or 1
or 1
or 1
or 1
or 1
or 1
or 1
or 1
or 1
or 1
or 1
or 1
or 1
or 1
or 1
or 1
or 1
or 1
or 1
or 1
or 1
or 1
or 1
or 1
or 1
or 1
or 1
or 1
or 1
or 1
or 1
or 1
or 1
or 1
or 1
or 1
or 1
or 1
or 1
or 1
or 1
or 1
or 1
or 1
or 1
or 1
or 1
or 1
or 1
or 1
or 1
or 1
or 1
or 1
or 1
or 1
or 1
or 1
or 1
or 1
organized 1
others 1
others 1
others 1
others 1
others 1
others 1
others 1
others 1
others 1
overs 1
owed 1
owed 1
owner 1
owner 1
owner 1
owner 1
owner 1
pained 1
palely 1
part 1
part 1
part 1
part 1
part 1
part 1
part 1
part 1
part 1
part 1
part 1
pauses 1
pen 1
phrase 1
phrase 1
phrase 1
phrase 1
place 1
place 1
place 1
place 1
place 1
place 1
place 1
place 1
place 1
potatoes 1
practical 1
preparation 1
profits 1
promoting 1
promoting 1
promotion 1
properly 1
properly 1
properly 1
proprietary 1
protruded 1
provoking 1
pull 1
pull 1
pull 1
pulling 1
raising 1
raising 1
raising 1
raising 1
raisins 1
reads 1
recognise 1
recognised 1
regularly 1
related 1
relaxation 1
relaxation 1
released 1
resistance 1
restrictions 1
restrictions 1
retreating 1
revulsion 1
roll 1
rounded 1
rows 1
salts 1
say 1
say 1
say 1
say 1
say 1
say 1
say 1
say 1
say 1
say 1
say 1
say 1
say 1
say 1
say 1
say 1
say 1
say 1
scar 1
scream 1
scurried 1
secure 1
secure 1
sew 1
shivering 1
shove 1
shove 1
shove 1
show 1
show 1
show 1
show 1
show 1
sight 1
sight 1
sight 1
sight 1
sight 1
sight 1
sight 1
sign 1
sign 1
sign 1
sign 1
sign 1
sign 1
sign 1
sign 1
sleep 1
sleep 1
sleep 1
sleep 1
sleep 1
sleep 1
sleep 1
sleep 1
sleep 1
sleep 1
sleep 1
sleep 1
sleep 1
sleep 1
slow 1
slow 1
slow 1
slow 1
slow 1
smart 1
sorrows 1
spare 1
spare 1
spare 1
spare 1
spare 1
spread 1
spread 1
spread 1
spread 1
spread 1
spread 1
spread 1
spread 1
sprung 1
started 1
started 1
started 1
started 1
stepped 1
stepped 1
stepped 1
stepped 1
stored 1
strangers 1
strangers 1
strength 1
strength 1
strength 1
strength 1
strength 1
strength 1
strength 1
striking 1
stupid 1
stupid 1
subordinates 1
sufficiently 1
sunshine 1
surprise 1
surprise 1
surprise 1
surprise 1
surprise 1
taken 1
taken 1
taken 1
taken 1
taken 1
taken 1
taken 1
taken 1
taken 1
taken 1
taken 1
taken 1
taken 1
taken 1
taken 1
taste 1
taste 1
tenants 1
tenants 1
than 1
than 1
than 1
than 1
than 1
than 1
than 1
than 1
than 1
than 1
than 1
than 1
than 1
than 1
than 1
than 1
than 1
than 1
than 1
than 1
than 1
than 1
than 1
than 1
than 1
than 1
than 1
than 1
than 1
than 1
than 1
than 1
than 1
than 1
than 1
than 1
than 1
than 1
than 1
than 1
than 1
than 1
than 1
than 1
than 1
than 1
than 1
than 1
than 1
than 1
than 1
than 1
than 1
than 1
than 1
than 1
than 1
thin 1
thin 1
things 1
things 1
things 1
things 1
things 1
things 1
things 1
things 1
things 1
things 1
things 1
things 1
things 1
things 1
things 1
things 1
things 1
things 1
things 1
things 1
things 1
things 1
things 1
things 1
things 1
things 1
things 1
to 1
to 1
to 1
to 1
to 1
to 1
to 1
to 1
to 1
to 1
to 1
to 1
to 1
to 1
to 1
to 1
to 1
to 1
to 1
to 1
to 1
to 1
to 1
to 1
to 1
to 1
to 1
to 1
to 1
to 1
to 1
to 1
to 1
to 1
to 1
to 1
to 1
to 1
to 1
to 1
to 1
to 1
to 1
to 1
to 1
to 1
to 1
to 1
to 1
to 1
to 1
to 1
to 1
to 1
to 1
to 1
to 1
to 1
to 1
to 1
to 1
to 1
to 1
to 1
to 1
to 1
to 1
to 1
to 1
to 1
to 1
to 1
to 1
to 1
to 1
to 1
to 1
to 1
to 1
to 1
to 1
to 1
to 1
to 1
to 1
to 1
to 1
to 1
to 1
to 1
to 1
to 1
to 1
to 1
to 1
to 1
to 1
to 1
to 1
to 1
to 1
to 1
to 1
to 1
to 1
to 1
to 1
to 1
to 1
to 1
to 1
to 1
to 1
to 1
to 1
to 1
to 1
to 1
to 1
to 1
to 1
to 1
to 1
to 1
to 1
to 1
to 1
to 1
to 1
to 1
to 1
to 1
to 1
to 1
to 1
to 1
to 1
to 1
to 1
to 1
to 1
to 1
to 1
to 1
to 1
to 1
to 1
to 1
to 1
to 1
to 1
to 1
to 1
to 1
to 1
to 1
to 1
to 1
to 1
to 1
to 1
to 1
to 1
to 1
to 1
to 1
to 1
to 1
to 1
to 1
to 1
to 1
to 1
to 1
to 1
to 1
to 1
to 1
to 1
to 1
to 1
to 1
to 1
to 1
to 1
to 1
to 1
to 1
to 1
to 1
to 1
to 1
to 1
to 1
to 1
to 1
to 1
to 1
to 1
to 1
to 1
to 1
to 1
to 1
to 1
to 1
to 1
to 1
to 1
to 1
to 1
to 1
to 1
to 1
to 1
to 1
to 1
to 1
to 1
to 1
to 1
to 1
to 1
to 1
to 1
to 1
to 1
to 1
to 1
to 1
to 1
to 1
to 1
to 1
to 1
to 1
to 1
to 1
to 1
to 1
to 1
to 1
to 1
to 1
to 1
to 1
to 1
to 1
to 1
to 1
to 1
to 1
to 1
to 1
to 1
to 1
to 1
to 1
to 1
to 1
to 1
to 1
to 1
to 1
to 1
to 1
to 1
to 1
to 1
to 1
to 1
to 1
to 1
to 1
to 1
to 1
to 1
to 1
to 1
to 1
to 1
to 1
to 1
to 1
to 1
to 1
to 1
to 1
to 1
to 1
to 1
to 1
to 1
to 1
to 1
to 1
to 1
to 1
to 1
to 1
to 1
to 1
to 1
to 1
to 1
to 1
to 1
to 1
to 1
to 1
to 1
to 1
to 1
to 1
to 1
to 1
to 1
to 1
to 1
to 1
to 1
to 1
to 1
to 1
to 1
to 1
to 1
to 1
to 1
to 1
to 1
to 1
to 1
to 1
to 1
to 1
to 1
to 1
to 1
to 1
to 1
to 1
to 1
to 1
to 1
to 1
to 1
to 1
to 1
to 1
to 1
to 1
to 1
to 1
to 1
to 1
to 1
to 1
to 1
to 1
to 1
to 1
to 1
to 1
to 1
to 1
to 1
to 1
to 1
to 1
to 1
to 1
to 1
to 1
to 1
to 1
to 1
to 1
to 1
to 1
to 1
to 1
to 1
to 1
to 1
to 1
to 1
to 1
to 1
to 1
to 1
to 1
to 1
to 1
to 1
to 1
to 1
to 1
to 1
to 1
to 1
to 1
to 1
to 1
to 1
to 1
to 1
to 1
to 1
to 1
to 1
to 1
to 1
to 1
to 1
to 1
to 1
to 1
to 1
to 1
to 1
to 1
to 1
to 1
to 1
to 1
to 1
to 1
to 1
to 1
to 1
to 1
to 1
to 1
to 1
to 1
to 1
to 1
to 1
to 1
to 1
to 1
to 1
to 1
to 1
to 1
to 1
to 1
to 1
to 1
to 1
to 1
to 1
to 1
to 1
to 1
to 1
to 1
to 1
to 1
to 1
to 1
to 1
to 1
to 1
to 1
to 1
to 1
to 1
to 1
to 1
to 1
to 1
to 1
to 1
to 1
to 1
to 1
to 1
to 1
to 1
to 1
to 1
to 1
to 1
to 1
to 1
to 1
to 1
to 1
to 1
to 1
to 1
to 1
to 1
to 1
to 1
to 1
to 1
to 1
to 1
to 1
to 1
to 1
to 1
to 1
to 1
to 1
to 1
to 1
to 1
to 1
to 1
to 1
to 1
to 1
to 1
to 1
to 1
to 1
to 1
to 1
to 1
to 1
to 1
to 1
to 1
to 1
to 1
to 1
to 1
to 1
to 1
to 1
to 1
to 1
to 1
to 1
to 1
to 1
to 1
to 1
to 1
to 1
to 1
to 1
to 1
to 1
to 1
to 1
to 1
to 1
to 1
to 1
to 1
to 1
to 1
to 1
to 1
to 1
to 1
to 1
to 1
to 1
to 1
to 1
to 1
to 1
to 1
to 1
to 1
to 1
to 1
to 1
to 1
to 1
to 1
to 1
to 1
to 1
to 1
to 1
to 1
to 1
to 1
to 1
to 1
to 1
to 1
to 1
to 1
to 1
to 1
to 1
to 1
to 1
to 1
to 1
to 1
to 1
to 1
to 1
to 1
to 1
to 1
to 1
to 1
to 1
to 1
to 1
to 1
to 1
to 1
to 1
to 1
to 1
to 1
to 1
to 1
to 1
to 1
to 1
to 1
to 1
to 1
to 1
to 1
to 1
to 1
to 1
to 1
to 1
to 1
to 1
to 1
to 1
to 1
to 1
to 1
to 1
to 1
to 1
to 1
to 1
to 1
to 1
to 1
to 1
to 1
to 1
to 1
to 1
to 1
to 1
to 1
to 1
to 1
to 1
to 1
to 1
to 1
to 1
to 1
to 1
to 1
to 1
to 1
to 1
to 1
to 1
to 1
to 1
to 1
to 1
to 1
to 1
to 1
to 1
to 1
to 1
to 1
to 1
to 1
to 1
to 1
to 1
to 1
to 1
to 1
to 1
to 1
to 1
to 1
to 1
to 1
to 1
to 1
to 1
to 1
to 1
to 1
to 1
to 1
to 1
to 1
to 1
to 1
to 1
to 1
to 1
to 1
to 1
to 1
to 1
to 1
to 1
to 1
to 1
to 1
to 1
to 1
to 1
to 1
to 1
to 1
to 1
to 1
to 1
to 1
to 1
to 1
to 1
to 1
to 1
to 1
to 1
to 1
to 1
to 1
to 1
to 1
to 1
to 1
to 1
to 1
to 1
to 1
to 1
to 1
to 1
to 1
to 1
to 1
to 1
to 1
to 1
to 1
to 1
to 1
to 1
to 1
to 1
to 1
to 1
to 1
to 1
to 1
to 1
to 1
to 1
to 1
to 1
to 1
to 1
to 1
to 1
to 1
to 1
to 1
to 1
to 1
to 1
to 1
to 1
to 1
to 1
to 1
to 1
to 1
to 1
to 1
to 1
to 1
to 1
to 1
to 1
to 1
to 1
to 1
to 1
to 1
to 1
to 1
to 1
to 1
to 1
to 1
to 1
to 1
to 1
to 1
to 1
to 1
to 1
to 1
to 1
to 1
to 1
to 1
to 1
to 1
to 1
to 1
to 1
to 1
to 1
to 1
today 1
today 1
today 1
today 1
trademark 1
trademark 1
trademark 1
trademark 1
trademark 1
trademark 1
trademark 1
trademark 1
trademark 1
trademark 1
transcribe 1
treated 1
tremor 1
try 1
try 1
try 1
try 1
try 1
try 1
turning 1
turning 1
turning 1
turning 1
turning 1
turning 1
turning 1
understood 1
understood 1
understood 1
underwear 1
unfortunate 1
unusual 1
unwell 1
unwell 1
value 1
violence 1
visit 1
visit 1
visit 1
wanted 1
wanted 1
wanted 1
wanted 1
wanted 1
wanted 1
wanted 1
wanted 1
wanted 1
wanted 1
wanted 1
wanted 1
wanted 1
wanted 1
wanted 1
wanted 1
wanted 1
wanted 1
wanted 1
wanted 1
wanted 1
wanted 1
wanted 1
wanted 1
wanted 1
wanted 1
wanted 1
wanted 1
warmth 1
was 1
was 1
was 1
was 1
was 1
was 1
was 1
was 1
was 1
was 1
was 1
was 1
was 1
was 1
was 1
was 1
was 1
was 1
was 1
was 1
was 1
was 1
was 1
was 1
was 1
was 1
was 1
was 1
was 1
was 1
was 1
was 1
was 1
was 1
was 1
was 1
was 1
was 1
was 1
was 1
was 1
was 1
was 1
was 1
was 1
was 1
was 1
was 1
was 1
was 1
was 1
was 1
was 1
was 1
was 1
was 1
was 1
was 1
was 1
was 1
was 1
was 1
was 1
was 1
was 1
was 1
was 1
was 1
was 1
was 1
was 1
was 1
was 1
was 1
was 1
was 1
was 1
was 1
was 1
was 1
was 1
was 1
was 1
was 1
was 1
was 1
was 1
was 1
was 1
was 1
was 1
was 1
was 1
was 1
was 1
was 1
was 1
was 1
was 1
was 1
was 1
was 1
was 1
was 1
was 1
was 1
was 1
was 1
was 1
was 1
was 1
was 1
was 1
was 1
was 1
was 1
was 1
was 1
was 1
was 1
was 1
was 1
was 1
was 1
was 1
was 1
was 1
was 1
was 1
was 1
was 1
was 1
was 1
was 1
was 1
was 1
was 1
was 1
was 1
was 1
was 1
was 1
was 1
was 1
was 1
was 1
was 1
was 1
was 1
was 1
was 1
was 1
was 1
was 1
was 1
was 1
was 1
was 1
was 1
was 1
was 1
was 1
was 1
was 1
was 1
was 1
was 1
was 1
was 1
was 1
was 1
was 1
was 1
was 1
was 1
was 1
was 1
was 1
was 1
was 1
was 1
was 1
was 1
was 1
was 1
was 1
was 1
was 1
was 1
was 1
was 1
was 1
was 1
was 1
was 1
was 1
was 1
was 1
was 1
was 1
was 1
was 1
was 1
was 1
was 1
was 1
was 1
was 1
was 1
was 1
was 1
was 1
was 1
was 1
was 1
was 1
was 1
was 1
was 1
was 1
was 1
was 1
was 1
was 1
was 1
was 1
was 1
was 1
was 1
was 1
was 1
was 1
was 1
was 1
was 1
was 1
was 1
was 1
was 1
was 1
was 1
was 1
was 1
was 1
was 1
was 1
was 1
was 1
was 1
was 1
was 1
was 1
was 1
was 1
was 1
was 1
was 1
was 1
was 1
was 1
was 1
was 1
was 1
was 1
was 1
was 1
was 1
was 1
was 1
was 1
was 1
was 1
was 1
was 1
was 1
was 1
was 1
was 1
was 1
was 1
was 1
was 1
was 1
was 1
was 1
was 1
was 1
was 1
was 1
was 1
was 1
was 1
was 1
was 1
was 1
was 1
was 1
was 1
was 1
was 1
was 1
was 1
was 1
was 1
was 1
was 1
was 1
was 1
was 1
was 1
was 1
was 1
was 1
was 1
was 1
was 1
was 1
was 1
was 1
was 1
was 1
was 1
was 1
was 1
was 1
was 1
was 1
was 1
was 1
was 1
was 1
was 1
was 1
was 1
was 1
was 1
was 1
was 1
was 1
was 1
was 1
was 1
was 1
was 1
was 1
was 1
was 1
was 1
was 1
was 1
was 1
was 1
was 1
was 1
was 1
was 1
was 1
was 1
was 1
was 1
was 1
was 1
was 1
was 1
was 1
was 1
was 1
was 1
was 1
was 1
was 1
was 1
was 1
was 1
was 1
was 1
was 1
was 1
was 1
was 1
was 1
was 1
was 1
was 1
was 1
was 1
was 1
was 1
was 1
was 1
was 1
was 1
was 1
was 1
was 1
was 1
was 1
was 1
was 1
was 1
was 1
was 1
was 1
was 1
was 1
was 1
was 1
wasn 1
wasn 1
wasn 1
wasn 1
wasn 1
wearily 1
weeks 1
whether 1
whether 1
whether 1
whether 1
whether 1
whether 1
whether 1
whether 1
whether 1
whether 1
whirred 1
wide 1
wide 1
wide 1
wide 1
wide 1
wife 1
wife 1
windowpanes 1
windows 1
windows 1
wipe 1
words 1
words 1
words 1
words 1
words 1
words 1
words 1
words 1
words 1
words 1
words 1
words 1
workshy 1
worry 1
worry 1
worry 1
worry 1
would 1
would 1
would 1
would 1
would 1
would 1
would 1
would 1
would 1
would 1
would 1
would 1
would 1
would 1
would 1
would 1
would 1
would 1
would 1
would 1
would 1
would 1
would 1
would 1
would 1
would 1
would 1
would 1
would 1
would 1
would 1
would 1
would 1
would 1
would 1
would 1
would 1
would 1
would 1
would 1
would 1
would 1
would 1
would 1
would 1
would 1
would 1
would 1
would 1
would 1
would 1
would 1
would 1
would 1
would 1
would 1
would 1
would 1
would 1
would 1
would 1
would 1
would 1
would 1
would 1
would 1
would 1
would 1
would 1
would 1
would 1
would 1
would 1
would 1
would 1
would 1
would 1
would 1
would 1
would 1
would 1
would 1
would 1
would 1
would 1
would 1
would 1
would 1
would 1
would 1
would 1
would 1
would 1
would 1
would 1
would 1
would 1
would 1
would 1
would 1
would 1
would 1
would 1
would 1
would 1
would 1
would 1
would 1
would 1
would 1
would 1
would 1
would 1
would 1
would 1
would 1
would 1
would 1
would 1
would 1
would 1
would 1
would 1
would 1
would 1
would 1
would 1
would 1
would 1
would 1
would 1
would 1
would 1
would 1
would 1
would 1
would 1
would 1
would 1
would 1
would 1
would 1
would 1
would 1
would 1
would 1
would 1
would 1
would 1
would 1
would 1
would 1
would 1
would 1
would 1
would 1
would 1
would 1
would 1
would 1
would 1
would 1
would 1
would 1
would 1
would 1
would 1
would 1
would 1
would 1
would 1
would 1
would 1
would 1
would 1
would 1
would 1
would 1
would 1
would 1
would 1
would 1
would 1
would 1
written 1
written 1
written 1
www 1
www 1
www 1
www 1
www 1
www 1
year 1
year 1
year 1
year 1
year 1
year 1
yearning 1
you 1
you 1
you 1
you 1
you 1
you 1
you 1
you 1
you 1
you 1
you 1
you 1
you 1
you 1
you 1
you 1
you 1
you 1
you 1
you 1
you 1
you 1
you 1
you 1
you 1
you 1
you 1
you 1
you 1
you 1
you 1
you 1
you 1
you 1
you 1
you 1
you 1
you 1
you 1
you 1
you 1
you 1
you 1
you 1
you 1
you 1
you 1
you 1
you 1
you 1
you 1
you 1
you 1
you 1
you 1
you 1
you 1
you 1
you 1
you 1
you 1
you 1
you 1
you 1
you 1
you 1
you 1
you 1
you 1
you 1
you 1
you 1
you 1
you 1
you 1
you 1
you 1
you 1
you 1
you 1
you 1
you 1
you 1
you 1
you 1
you 1
you 1
you 1
you 1
you 1
you 1
you 1
you 1
you 1
you 1
you 1
you 1
you 1
you 1
you 1
you 1
you 1
you 1
you 1
you 1
you 1
zip 1
