ACTUAL 1
AGREEMENT 1
Adolphus 1
Adolphus 1
African 1
Answer 1
Answer 1
Answer 1
Any 1
Any 1
Any 1
Any 1
Arrives 1
As 1
As 1
As 1
As 1
As 1
As 1
As 1
As 1
As 1
As 1
As 1
As 1
Asks 1
Aunt 1
Aunt 1
Aunt 1
Aunt 1
Aunt 1
Aunt 1
Aunt 1
Aunt 1
Aunt 1
Aunt 1
Aunt 1
Aunt 1
Aunt 1
Aunt 1
Aunt 1
Aunt 1
Aunt 1
Aunt 1
Aunt 1
Aunt 1
Aunt 1
Aunt 1
Aunt 1
Aunt 1
Aunt 1
Aunt 1
Aunt 1
Aunt 1
Aunt 1
Aunt 1
Aunt 1
Aunt 1
Aunt 1
Aunt 1
Aunt 1
Aunt 1
Aunt 1
Aunt 1
Aunt 1
Aunt 1
Aunt 1
Aunt 1
Aunt 1
Aunt 1
Aunt 1
Aunt 1
Aunt 1
Aunt 1
Aunt 1
Aunt 1
Aunt 1
Aunt 1
Aunt 1
Aunt 1
Aunt 1
Aunt 1
Away 1
Away 1
Away 1
BLAM 1
Bag 1
Because 1
Because 1
Because 1
Because 1
Because 1
Because 1
Because 1
Because 1
Because 1
Bible 1
Bible 1
Bible 1
Bible 1
Bible 1
Bible 1
Bilgewater 1
Bilgewater 1
Bilgewater 1
Bilgewater 1
Bilgewater 1
Bilgewater 1
Bilgewater 1
Bilgewater 1
Bilgewater 1
Bilgewater 1
Boarding 1
Body 1
Boggs 1
Boggs 1
Boggs 1
Boggs 1
Boggs 1
Boggs 1
Boggs 1
Boggs 1
Boggs 1
Boggs 1
Boggs 1
Boggs 1
Boggs 1
Boggs 1
Boggs 1
Boggs 1
Booth 1
Booth 1
COME 1
Chop 1
Chop 1
Chop 1
Col 1
Col 1
Col 1
Corpse 1
County 1
County 1
DAMAGES 1
DAMAGES 1
Dear 1
Dear 1
Dear 1
Decided 1
Declaration 1
Deep 1
Deep 1
Defects 1
Deffisit 1
Despite 1
Dey 1
Dey 1
Dey 1
Dey 1
Dey 1
Dey 1
Dey 1
Dey 1
Dey 1
Dey 1
Dey 1
Directly 1
Directly 1
Domain 1
Europe 1
Fact 1
Families 1
Feathers 1
First 1
First 1
First 1
First 1
Floating 1
Floating 1
Forty 1
Four 1
Fraid 1
Friend 1
Friend 1
Get 1
God 1
God 1
Hanner 1
Hanner 1
Harbor 1
Harbor 1
Have 1
Have 1
Have 1
Him 1
Him 1
Him 1
Him 1
Him 1
Him 1
Him 1
Him 1
Him 1
Him 1
Hooray 1
INDIRECT 1
Indignation 1
Iron 1
Jane 1
Jane 1
Jane 1
Jane 1
Jane 1
Jane 1
Jane 1
Jane 1
Jane 1
Jane 1
Jane 1
Jane 1
Jane 1
Jane 1
Jane 1
Jane 1
Jane 1
Jane 1
Jane 1
Jane 1
Jane 1
Jane 1
Jane 1
Jane 1
Jane 1
Jane 1
Jane 1
Jane 1
Jane 1
Jane 1
Jane 1
Jane 1
Jane 1
Jane 1
Jane 1
Jane 1
Jane 1
Jane 1
Jane 1
Jane 1
Jane 1
Jane 1
Jane 1
Jane 1
Jane 1
Jane 1
Jane 1
Jane 1
Jane 1
Jour 1
Lane 1
Lane 1
Lane 1
Lane 1
Lay 1
Laying 1
Laying 1
Laying 1
Level 1
Levi 1
Levi 1
Levi 1
Levi 1
Levi 1
Lie 1
Lie 1
Lightning 1
Lightning 1
Lightning 1
London 1
London 1
London 1
London 1
London 1
Long 1
Long 1
Long 1
Looky 1
Looky 1
Looky 1
Looky 1
Looky 1
Looky 1
Looky 1
Looky 1
Looky 1
Looky 1
Mask 1
Mellow 1
Million 1
Mister 1
Montalban 1
Morals 1
Moss 1
Never 1
Never 1
Never 1
Never 1
Never 1
Never 1
New 1
New 1
New 1
New 1
New 1
New 1
Night 1
Night 1
Observer 1
Ole 1
Ole 1
PUNITIVE 1
Ph 1
Piccadilly 1
Pious 1
Plans 1
Plans 1
Please 1
Please 1
Please 1
Please 1
Please 1
Please 1
Prague 1
Pray 1
Pretty 1
Pretty 1
Pretty 1
Pretty 1
Pretty 1
Pretty 1
Pretty 1
Pretty 1
Pretty 1
Pretty 1
Pretty 1
Pretty 1
Pretty 1
Pretty 1
Pretty 1
Pretty 1
Pretty 1
Pretty 1
Pretty 1
Pretty 1
Pretty 1
Printer 1
Produced 1
Produced 1
Quite 1
Rail 1
Rest 1
Revenue 1
Ring 1
Ring 1
River 1
River 1
SO 1
Sections 1
Shackleford 1
Shackleford 1
Shackleford 1
Sick 1
Signs 1
Skilled 1
Sly 1
Sold 1
Sold 1
Sold 1
Somebody 1
Somebody 1
Somebody 1
Sometimes 1
Sometimes 1
Sometimes 1
Sometimes 1
Sometimes 1
Sometimes 1
Sometimes 1
Sometimes 1
Sometimes 1
Sometimes 1
Sometimes 1
Sometimes 1
Sometimes 1
Stealer 1
Steamboat 1
Stuff 1
Stuff 1
Superintendent 1
Superintendent 1
Theatres 1
Them 1
Them 1
Them 1
Them 1
Them 1
Them 1
Them 1
Them 1
There 1
There 1
There 1
There 1
There 1
There 1
There 1
There 1
There 1
There 1
There 1
There 1
There 1
There 1
There 1
There 1
There 1
There 1
There 1
There 1
There 1
There 1
There 1
There 1
There 1
There 1
There 1
There 1
There 1
There 1
There 1
There 1
There 1
There 1
There 1
There 1
There 1
There 1
There 1
There 1
There 1
There 1
There 1
There 1
There 1
There 1
There 1
There 1
There 1
There 1
There 1
There 1
There 1
There 1
There 1
There 1
There 1
There 1
There 1
There 1
There 1
There 1
There 1
There 1
There 1
There 1
There 1
There 1
There 1
There 1
There 1
There 1
There 1
There 1
There 1
There 1
There 1
There 1
There 1
There 1
There 1
There 1
There 1
There 1
There 1
There 1
There 1
There 1
There 1
There 1
There 1
There 1
There 1
There 1
There 1
There 1
There 1
There 1
Thish 1
Tim 1
Trash 1
Truly 1
Truly 1
Two 1
Two 1
UNDER 1
Unless 1
V 1
V 1
Valuable 1
Very 1
WARRANTY 1
WARRANTY 1
WE 1
WE 1
WE 1
WE 1
WE 1
WE 1
WHEN 1
WHEN 1
WITH 1
Washington 1
Well 1
Well 1
Well 1
Well 1
Well 1
Well 1
Well 1
Well 1
Well 1
Well 1
Well 1
Well 1
Well 1
Well 1
Well 1
Well 1
Well 1
Well 1
Well 1
Well 1
Well 1
Well 1
Well 1
Well 1
Well 1
Well 1
Well 1
Well 1
Well 1
Well 1
Well 1
Well 1
Well 1
Well 1
Well 1
Well 1
Well 1
Well 1
Well 1
Well 1
Well 1
Well 1
Well 1
Well 1
Well 1
Well 1
Well 1
Well 1
Well 1
Well 1
Well 1
Well 1
Well 1
Well 1
Well 1
Well 1
Well 1
Well 1
Well 1
Well 1
Well 1
Well 1
Well 1
Well 1
Well 1
Well 1
Well 1
Well 1
Well 1
Well 1
Well 1
Well 1
Well 1
Well 1
Well 1
Well 1
Well 1
Well 1
Well 1
Well 1
Well 1
Well 1
Well 1
Well 1
Well 1
Well 1
Well 1
Well 1
Well 1
Well 1
Well 1
Well 1
Well 1
Well 1
Well 1
Well 1
Well 1
Well 1
Well 1
Well 1
Well 1
Well 1
Well 1
Well 1
Well 1
Well 1
Well 1
Well 1
Well 1
Well 1
Well 1
Well 1
Well 1
Well 1
Well 1
Well 1
Well 1
Well 1
Well 1
Well 1
Well 1
Well 1
Well 1
Well 1
Well 1
Well 1
Well 1
Well 1
Well 1
Well 1
Well 1
Well 1
Well 1
Well 1
Well 1
Well 1
Well 1
Well 1
Well 1
Well 1
Well 1
Well 1
Well 1
Well 1
Well 1
Well 1
Well 1
Well 1
Well 1
Well 1
Well 1
Well 1
Well 1
Well 1
Well 1
Well 1
Well 1
Well 1
Well 1
Well 1
Well 1
Well 1
Well 1
Well 1
Well 1
Well 1
Well 1
Well 1
Well 1
Well 1
Well 1
Well 1
Well 1
Well 1
Well 1
Well 1
Well 1
Well 1
Well 1
Well 1
Well 1
Well 1
Well 1
Well 1
Well 1
Well 1
Well 1
Well 1
Well 1
Well 1
Well 1
Well 1
Well 1
Well 1
Well 1
Well 1
Well 1
Well 1
Well 1
Well 1
Well 1
Well 1
Well 1
Well 1
Well 1
Well 1
Well 1
Well 1
Well 1
Well 1
Well 1
Well 1
Well 1
Well 1
Well 1
Well 1
Well 1
Well 1
Well 1
Well 1
Well 1
Well 1
Well 1
Well 1
Well 1
Well 1
Well 1
Well 1
Well 1
Well 1
Well 1
Well 1
Well 1
Well 1
Well 1
Well 1
Well 1
Well 1
Well 1
Well 1
Well 1
Well 1
Well 1
Well 1
Well 1
Well 1
Well 1
Well 1
Well 1
Well 1
Well 1
Well 1
Well 1
Well 1
Well 1
Well 1
Well 1
Well 1
Well 1
Well 1
Well 1
Well 1
Well 1
Well 1
Well 1
Well 1
Well 1
Well 1
Well 1
Well 1
Well 1
Well 1
Well 1
Well 1
Well 1
Well 1
Well 1
Well 1
Well 1
Well 1
Well 1
Well 1
Well 1
Well 1
Well 1
Well 1
Well 1
Well 1
Well 1
Well 1
Well 1
Well 1
Well 1
Well 1
Well 1
Well 1
Well 1
Well 1
Well 1
Well 1
Well 1
Well 1
Well 1
Well 1
Well 1
Well 1
Well 1
Well 1
Well 1
Well 1
Well 1
Well 1
Well 1
Well 1
Well 1
Well 1
Well 1
Well 1
Wher 1
Wher 1
Why 1
Why 1
Why 1
Why 1
Why 1
Why 1
Why 1
Why 1
Why 1
Why 1
Why 1
Why 1
Why 1
Why 1
Why 1
Why 1
Why 1
Why 1
Why 1
Why 1
Why 1
Why 1
Why 1
Why 1
Why 1
Why 1
Why 1
Why 1
Why 1
Why 1
Why 1
Why 1
Why 1
Why 1
Why 1
Why 1
Why 1
Why 1
Why 1
Why 1
Why 1
Why 1
Why 1
Why 1
Why 1
Why 1
Why 1
Why 1
Why 1
Why 1
Why 1
Why 1
Why 1
Why 1
Why 1
Why 1
Why 1
Why 1
Why 1
Why 1
Why 1
Why 1
Why 1
Why 1
Why 1
Why 1
Why 1
Why 1
Why 1
Why 1
Why 1
Why 1
Why 1
Why 1
Why 1
Why 1
Why 1
Why 1
Why 1
Why 1
Why 1
Why 1
Why 1
Why 1
Why 1
Why 1
Why 1
Why 1
Why 1
Why 1
Why 1
Why 1
Why 1
Why 1
Why 1
Why 1
Why 1
Why 1
Why 1
Why 1
Why 1
Why 1
Why 1
Why 1
Why 1
Why 1
Why 1
Why 1
Why 1
Why 1
Why 1
Why 1
Why 1
Why 1
Why 1
Why 1
Why 1
Why 1
Why 1
Why 1
Why 1
Why 1
Why 1
Why 1
Why 1
Why 1
Why 1
Why 1
Why 1
Why 1
Why 1
Why 1
Why 1
Why 1
Why 1
Why 1
Why 1
Why 1
Why 1
Why 1
Why 1
Why 1
Why 1
Why 1
Why 1
Why 1
Why 1
Why 1
Why 1
Why 1
Why 1
Why 1
Why 1
Why 1
Why 1
Why 1
Why 1
Why 1
Why 1
Why 1
Why 1
Why 1
Why 1
Why 1
Why 1
Why 1
Why 1
Why 1
Will 1
Will 1
Will 1
Will 1
Window 1
Window 1
Wiretap 1
Without 1
Woods 1
Woods 1
X 1
X 1
XII 1
XII 1
XL 1
XL 1
XX 1
XX 1
XXII 1
XXII 1
XXX 1
XXX 1
XXXVII 1
XXXVII 1
Years 1
Yours 1
Yours 1
abuse 1
accidents 1
accidents 1
action 1
address 1
agree 1
agree 1
agree 1
agree 1
agree 1
agree 1
agree 1
ain 1
ain 1
ain 1
ain 1
ain 1
ain 1
ain 1
ain 1
ain 1
ain 1
ain 1
ain 1
ain 1
ain 1
ain 1
ain 1
ain 1
ain 1
ain 1
ain 1
ain 1
ain 1
ain 1
ain 1
ain 1
ain 1
ain 1
ain 1
ain 1
ain 1
ain 1
ain 1
ain 1
ain 1
ain 1
ain 1
ain 1
ain 1
ain 1
ain 1
ain 1
ain 1
ain 1
ain 1
ain 1
ain 1
ain 1
ain 1
ain 1
ain 1
ain 1
ain 1
ain 1
ain 1
ain 1
ain 1
ain 1
ain 1
ain 1
ain 1
ain 1
ain 1
ain 1
ain 1
ain 1
ain 1
ain 1
ain 1
ain 1
ain 1
ain 1
ain 1
ain 1
ain 1
ain 1
ain 1
ain 1
ain 1
ain 1
ain 1
ain 1
ain 1
ain 1
ain 1
ain 1
ain 1
ain 1
ain 1
ain 1
ain 1
ain 1
ain 1
ain 1
ain 1
ain 1
ain 1
ain 1
ain 1
ain 1
ain 1
ain 1
ain 1
ain 1
ain 1
ain 1
ain 1
ain 1
ain 1
ain 1
ain 1
ain 1
ain 1
ain 1
ain 1
ain 1
ain 1
ain 1
ain 1
ain 1
ain 1
ain 1
ain 1
ain 1
ain 1
ain 1
ain 1
ain 1
ain 1
ain 1
ain 1
ain 1
ain 1
ain 1
ain 1
ain 1
ain 1
ain 1
ain 1
ain 1
ain 1
ain 1
ain 1
ain 1
ain 1
ain 1
ain 1
ain 1
ain 1
ain 1
ain 1
ain 1
ain 1
ain 1
ain 1
ain 1
ain 1
ain 1
ain 1
ain 1
ain 1
ain 1
ain 1
ain 1
ain 1
ain 1
ain 1
ain 1
ain 1
ain 1
ain 1
ain 1
ain 1
ain 1
ain 1
ain 1
ain 1
ain 1
ain 1
ain 1
ain 1
ain 1
ain 1
ain 1
ain 1
ain 1
ain 1
ain 1
ain 1
ain 1
ain 1
ain 1
ain 1
ain 1
ain 1
ain 1
ain 1
ain 1
ain 1
ain 1
ain 1
ain 1
ain 1
ain 1
ain 1
ain 1
ain 1
ain 1
ain 1
ain 1
ain 1
ain 1
ain 1
ain 1
ain 1
ain 1
ain 1
ain 1
ain 1
ain 1
ain 1
ain 1
ain 1
ain 1
ain 1
ain 1
ain 1
ain 1
ain 1
ain 1
ain 1
ain 1
ain 1
ain 1
ain 1
ain 1
ain 1
ain 1
ain 1
ain 1
ain 1
ain 1
ain 1
ain 1
ain 1
ain 1
ain 1
ain 1
ain 1
ain 1
ain 1
ain 1
ain 1
ain 1
ain 1
ain 1
ain 1
ain 1
ain 1
ain 1
ain 1
ain 1
ain 1
ain 1
ain 1
ain 1
ain 1
ain 1
ain 1
ain 1
ain 1
ain 1
ain 1
ain 1
ain 1
ain 1
ain 1
ain 1
ain 1
ain 1
ain 1
ain 1
ain 1
ain 1
ain 1
ain 1
ain 1
ain 1
ain 1
ain 1
ain 1
ain 1
ain 1
ain 1
ain 1
ain 1
ain 1
ain 1
ain 1
ain 1
ain 1
ain 1
ain 1
ain 1
ain 1
ain 1
ain 1
ain 1
ain 1
alike 1
alike 1
alike 1
alike 1
almost 1
almost 1
almost 1
am 1
am 1
am 1
am 1
am 1
am 1
am 1
am 1
am 1
am 1
am 1
am 1
am 1
am 1
am 1
am 1
am 1
am 1
am 1
am 1
am 1
am 1
amusing 1
animal 1
anyone 1
anyone 1
anyone 1
anyone 1
anyone 1
appeared 1
aps 1
are 1
are 1
are 1
are 1
are 1
are 1
are 1
are 1
are 1
are 1
are 1
are 1
are 1
are 1
are 1
are 1
are 1
are 1
are 1
are 1
are 1
are 1
are 1
are 1
are 1
are 1
are 1
are 1
are 1
are 1
are 1
are 1
are 1
are 1
are 1
are 1
are 1
are 1
are 1
are 1
are 1
are 1
are 1
are 1
are 1
are 1
are 1
are 1
are 1
are 1
are 1
are 1
are 1
are 1
are 1
are 1
are 1
are 1
are 1
are 1
are 1
are 1
are 1
are 1
are 1
are 1
are 1
are 1
are 1
are 1
are 1
are 1
are 1
are 1
are 1
are 1
are 1
are 1
argued 1
arter 1
arter 1
arter 1
arter 1
arter 1
as 1
as 1
as 1
as 1
as 1
as 1
as 1
as 1
as 1
as 1
as 1
as 1
as 1
as 1
as 1
as 1
as 1
as 1
as 1
as 1
as 1
as 1
as 1
as 1
as 1
as 1
as 1
as 1
as 1
as 1
as 1
as 1
as 1
as 1
as 1
as 1
as 1
as 1
as 1
as 1
as 1
as 1
as 1
as 1
as 1
as 1
as 1
as 1
as 1
as 1
as 1
as 1
as 1
as 1
as 1
as 1
as 1
as 1
as 1
as 1
as 1
as 1
as 1
as 1
as 1
as 1
as 1
as 1
as 1
as 1
as 1
as 1
as 1
as 1
as 1
as 1
as 1
as 1
as 1
as 1
as 1
as 1
as 1
as 1
as 1
as 1
as 1
as 1
as 1
as 1
as 1
as 1
as 1
as 1
as 1
as 1
as 1
as 1
as 1
as 1
as 1
as 1
as 1
as 1
as 1
as 1
as 1
as 1
as 1
as 1
as 1
as 1
as 1
as 1
as 1
as 1
as 1
as 1
as 1
as 1
as 1
as 1
as 1
as 1
as 1
as 1
as 1
as 1
as 1
as 1
as 1
as 1
as 1
as 1
as 1
as 1
as 1
as 1
as 1
as 1
as 1
as 1
as 1
as 1
as 1
as 1
as 1
as 1
as 1
as 1
as 1
as 1
as 1
as 1
as 1
as 1
as 1
as 1
as 1
as 1
as 1
as 1
as 1
as 1
as 1
as 1
as 1
as 1
as 1
as 1
as 1
as 1
as 1
as 1
as 1
as 1
as 1
as 1
as 1
as 1
as 1
as 1
as 1
as 1
as 1
as 1
as 1
as 1
as 1
as 1
as 1
as 1
as 1
as 1
as 1
as 1
as 1
as 1
as 1
as 1
as 1
as 1
as 1
as 1
as 1
as 1
as 1
as 1
as 1
as 1
as 1
as 1
as 1
as 1
as 1
as 1
as 1
as 1
as 1
as 1
as 1
as 1
as 1
as 1
as 1
as 1
as 1
as 1
as 1
as 1
as 1
as 1
as 1
as 1
as 1
as 1
as 1
as 1
as 1
as 1
as 1
as 1
as 1
as 1
as 1
as 1
as 1
as 1
as 1
as 1
as 1
as 1
as 1
as 1
as 1
as 1
as 1
as 1
as 1
as 1
as 1
as 1
as 1
as 1
as 1
as 1
as 1
as 1
as 1
as 1
as 1
as 1
as 1
as 1
as 1
as 1
as 1
as 1
as 1
as 1
as 1
as 1
as 1
as 1
as 1
as 1
as 1
as 1
as 1
as 1
as 1
as 1
as 1
as 1
as 1
as 1
as 1
as 1
as 1
as 1
as 1
as 1
as 1
as 1
as 1
as 1
as 1
as 1
as 1
as 1
as 1
as 1
as 1
as 1
as 1
as 1
as 1
as 1
as 1
as 1
as 1
as 1
as 1
as 1
as 1
as 1
as 1
as 1
as 1
as 1
as 1
as 1
as 1
as 1
as 1
as 1
as 1
as 1
as 1
as 1
as 1
as 1
as 1
as 1
as 1
as 1
as 1
as 1
as 1
as 1
as 1
as 1
as 1
as 1
as 1
as 1
as 1
as 1
as 1
as 1
as 1
as 1
as 1
as 1
as 1
as 1
as 1
as 1
as 1
as 1
as 1
as 1
as 1
as 1
as 1
as 1
as 1
as 1
as 1
as 1
as 1
as 1
as 1
as 1
as 1
as 1
as 1
as 1
as 1
as 1
as 1
as 1
as 1
as 1
as 1
as 1
as 1
as 1
as 1
as 1
as 1
as 1
as 1
as 1
as 1
as 1
as 1
as 1
as 1
as 1
as 1
as 1
as 1
as 1
as 1
as 1
as 1
as 1
as 1
as 1
as 1
as 1
as 1
as 1
as 1
as 1
as 1
as 1
as 1
as 1
as 1
as 1
as 1
as 1
as 1
as 1
as 1
as 1
as 1
as 1
as 1
as 1
as 1
as 1
as 1
as 1
as 1
as 1
as 1
as 1
as 1
as 1
as 1
as 1
as 1
as 1
as 1
as 1
as 1
as 1
as 1
as 1
as 1
as 1
as 1
as 1
as 1
as 1
as 1
as 1
as 1
as 1
as 1
as 1
as 1
as 1
as 1
as 1
as 1
as 1
as 1
as 1
as 1
as 1
as 1
as 1
as 1
as 1
as 1
as 1
as 1
as 1
as 1
as 1
as 1
as 1
as 1
as 1
as 1
as 1
as 1
as 1
as 1
as 1
as 1
as 1
as 1
as 1
as 1
as 1
as 1
as 1
as 1
as 1
as 1
as 1
as 1
as 1
as 1
as 1
as 1
as 1
as 1
as 1
as 1
as 1
as 1
as 1
as 1
as 1
as 1
as 1
as 1
as 1
as 1
as 1
as 1
as 1
as 1
as 1
as 1
associated 1
associated 1
associated 1
associated 1
associated 1
associated 1
associated 1
associated 1
astonishin 1
attached 1
away 1
away 1
away 1
away 1
away 1
away 1
away 1
away 1
away 1
away 1
away 1
away 1
away 1
away 1
away 1
away 1
away 1
away 1
away 1
away 1
away 1
away 1
away 1
away 1
away 1
away 1
away 1
away 1
away 1
away 1
away 1
away 1
away 1
away 1
away 1
away 1
away 1
away 1
away 1
away 1
away 1
away 1
away 1
away 1
away 1
away 1
away 1
away 1
away 1
away 1
away 1
away 1
away 1
away 1
away 1
away 1
away 1
away 1
away 1
away 1
away 1
away 1
away 1
away 1
away 1
away 1
away 1
away 1
away 1
away 1
away 1
away 1
away 1
away 1
away 1
away 1
away 1
away 1
away 1
away 1
away 1
away 1
away 1
away 1
away 1
away 1
away 1
away 1
away 1
away 1
away 1
away 1
away 1
away 1
away 1
away 1
away 1
away 1
away 1
away 1
away 1
away 1
away 1
away 1
away 1
away 1
away 1
away 1
away 1
away 1
away 1
away 1
away 1
away 1
away 1
away 1
away 1
away 1
away 1
away 1
away 1
away 1
away 1
away 1
away 1
away 1
away 1
away 1
away 1
away 1
away 1
away 1
away 1
away 1
away 1
away 1
away 1
away 1
away 1
away 1
away 1
away 1
away 1
away 1
away 1
away 1
away 1
away 1
away 1
away 1
away 1
away 1
away 1
away 1
away 1
away 1
away 1
away 1
away 1
away 1
away 1
away 1
away 1
away 1
away 1
away 1
away 1
away 1
away 1
away 1
away 1
away 1
away 1
away 1
away 1
away 1
away 1
away 1
away 1
away 1
away 1
away 1
away 1
b 1
b 1
b 1
b 1
b 1
b 1
b 1
b 1
b 1
b 1
b 1
b 1
b 1
b 1
b 1
b 1
b 1
b 1
b 1
baa 1
baa 1
balls 1
bare 1
bare 1
bare 1
barking 1
barking 1
barking 1
barred 1
basket 1
basket 1
basket 1
basket 1
basket 1
bead 1
bead 1
because 1
because 1
because 1
because 1
because 1
because 1
because 1
because 1
because 1
because 1
because 1
because 1
because 1
because 1
because 1
because 1
because 1
because 1
because 1
because 1
because 1
because 1
because 1
because 1
because 1
because 1
because 1
because 1
because 1
because 1
because 1
because 1
because 1
because 1
because 1
because 1
because 1
because 1
because 1
because 1
because 1
because 1
because 1
because 1
because 1
because 1
because 1
because 1
because 1
because 1
because 1
because 1
because 1
because 1
because 1
because 1
because 1
because 1
because 1
because 1
because 1
because 1
because 1
because 1
because 1
because 1
because 1
because 1
because 1
because 1
because 1
because 1
because 1
because 1
because 1
because 1
because 1
because 1
because 1
because 1
because 1
because 1
because 1
because 1
because 1
because 1
because 1
because 1
because 1
because 1
because 1
because 1
because 1
because 1
because 1
because 1
because 1
because 1
because 1
because 1
because 1
because 1
because 1
because 1
because 1
because 1
because 1
because 1
because 1
because 1
because 1
because 1
because 1
because 1
because 1
because 1
because 1
because 1
because 1
because 1
because 1
because 1
because 1
because 1
because 1
because 1
because 1
because 1
because 1
because 1
because 1
because 1
because 1
because 1
because 1
because 1
because 1
because 1
because 1
because 1
because 1
because 1
because 1
because 1
because 1
because 1
because 1
because 1
because 1
because 1
because 1
because 1
because 1
because 1
because 1
because 1
because 1
because 1
because 1
because 1
because 1
because 1
because 1
because 1
because 1
because 1
because 1
because 1
because 1
because 1
because 1
because 1
because 1
because 1
because 1
because 1
because 1
because 1
because 1
because 1
because 1
because 1
because 1
because 1
because 1
because 1
because 1
because 1
because 1
because 1
because 1
because 1
because 1
because 1
because 1
because 1
because 1
because 1
because 1
because 1
because 1
because 1
because 1
because 1
because 1
because 1
because 1
because 1
because 1
because 1
because 1
because 1
because 1
because 1
bedroom 1
bedtime 1
beforehand 1
beforehand 1
begone 1
beings 1
berries 1
berries 1
bilin 1
bilin 1
biscuits 1
biscuits 1
blade 1
blankets 1
blankets 1
blankets 1
blankets 1
blankets 1
blankets 1
blazed 1
blazed 1
blim 1
blithesome 1
bluejay 1
bluffs 1
bluffs 1
board 1
board 1
board 1
board 1
board 1
board 1
board 1
boarding 1
body 1
body 1
body 1
body 1
body 1
body 1
body 1
body 1
body 1
body 1
body 1
body 1
body 1
body 1
body 1
body 1
body 1
body 1
body 1
body 1
body 1
body 1
body 1
body 1
body 1
body 1
body 1
body 1
body 1
body 1
body 1
body 1
body 1
body 1
body 1
body 1
body 1
body 1
body 1
body 1
body 1
body 1
body 1
body 1
body 1
body 1
body 1
body 1
body 1
body 1
body 1
body 1
body 1
body 1
body 1
body 1
body 1
body 1
body 1
bonnet 1
bonnet 1
bonnet 1
bonnet 1
bonnet 1
bound 1
bound 1
bound 1
bound 1
bound 1
bound 1
bound 1
bound 1
bound 1
bound 1
bound 1
bound 1
bound 1
bove 1
bowl 1
br 1
brash 1
brash 1
brash 1
brash 1
brash 1
brave 1
brave 1
brave 1
bray 1
brewing 1
brewing 1
brickbat 1
brickbat 1
bring 1
bring 1
bring 1
bring 1
bring 1
bring 1
bring 1
bring 1
bringing 1
britches 1
britches 1
britches 1
britches 1
britches 1
britches 1
britches 1
brother 1
brother 1
brother 1
brother 1
brother 1
brother 1
brother 1
brother 1
brother 1
brother 1
brother 1
brother 1
brother 1
brother 1
brother 1
brother 1
brother 1
brother 1
brother 1
brother 1
brother 1
brother 1
brother 1
brute 1
buckle 1
buckskin 1
buckskin 1
buckskin 1
buil 1
building 1
bullfrogs 1
bulliest 1
bullyrag 1
bundle 1
bundle 1
bundle 1
bundle 1
bundle 1
burglars 1
burglary 1
bust 1
bust 1
bust 1
bust 1
bust 1
bust 1
bust 1
bust 1
bust 1
bust 1
bust 1
bust 1
bust 1
bust 1
bust 1
bust 1
bust 1
button 1
bye 1
bye 1
bye 1
bye 1
bye 1
bye 1
calculated 1
calculated 1
campaign 1
cannibal 1
capered 1
capered 1
captain 1
captain 1
captain 1
captain 1
captain 1
captain 1
captain 1
captain 1
captain 1
captured 1
careful 1
careful 1
careful 1
carpets 1
carried 1
carried 1
carried 1
carried 1
carried 1
carried 1
carried 1
carried 1
carryin 1
chairs 1
chairs 1
chairs 1
chairs 1
chairs 1
chairs 1
chairs 1
chairs 1
chairs 1
charge 1
charge 1
charge 1
charge 1
charge 1
charge 1
charge 1
charge 1
charge 1
chase 1
chase 1
choked 1
chop 1
chop 1
chop 1
chop 1
chop 1
chop 1
chopping 1
circumstances 1
circumstances 1
clan 1
claws 1
claws 1
clothes 1
clothes 1
clothes 1
clothes 1
clothes 1
clothes 1
clothes 1
clothes 1
clothes 1
clothes 1
clothes 1
clothes 1
clothes 1
clothes 1
clothes 1
clothes 1
clothes 1
clothes 1
clothes 1
clothes 1
clothes 1
clothes 1
clothes 1
clothes 1
clothes 1
clothes 1
clothes 1
clothes 1
clothes 1
clothes 1
clothes 1
clothes 1
clothes 1
clothes 1
clouds 1
clouds 1
club 1
complained 1
concerning 1
concerning 1
confidential 1
consecutive 1
costs 1
costs 1
costs 1
couldst 1
countries 1
counts 1
counts 1
cousins 1
covered 1
covered 1
covered 1
covered 1
coward 1
coward 1
coward 1
coward 1
craft 1
crawled 1
crawled 1
crawled 1
crawled 1
crawled 1
crawled 1
crawled 1
crawled 1
crawled 1
crawled 1
created 1
created 1
created 1
crockery 1
crockery 1
crockery 1
crowds 1
cub 1
cupboard 1
cupboard 1
curious 1
curious 1
curious 1
curious 1
curious 1
curious 1
curious 1
curious 1
cut 1
cut 1
cut 1
cut 1
cut 1
cut 1
cut 1
cut 1
cut 1
cut 1
cut 1
cut 1
cut 1
cut 1
cut 1
cut 1
cut 1
cut 1
cut 1
cut 1
damages 1
damages 1
dancette 1
dancing 1
dancing 1
dangers 1
dash 1
daytimes 1
daytimes 1
daytimes 1
daytimes 1
daytimes 1
daytimes 1
decanter 1
deed 1
deed 1
deed 1
deed 1
deep 1
deep 1
deep 1
deep 1
deep 1
deep 1
deep 1
deep 1
deep 1
deep 1
deep 1
deep 1
deep 1
deep 1
deep 1
deep 1
deep 1
deep 1
desprate 1
dialect 1
dialect 1
dialect 1
diffunt 1
directions 1
disciples 1
disclaimers 1
discouraged 1
dismal 1
dismal 1
dismal 1
dog 1
dog 1
dog 1
dog 1
dog 1
dog 1
dog 1
dog 1
dog 1
dog 1
dog 1
dog 1
dog 1
dog 1
dog 1
dog 1
dog 1
dog 1
dog 1
dog 1
dog 1
dog 1
dog 1
dog 1
dog 1
dog 1
dog 1
dog 1
dog 1
dog 1
dog 1
dog 1
dog 1
dog 1
dout 1
dout 1
dout 1
downloading 1
dratted 1
dreamed 1
dreams 1
dreamy 1
drear 1
driftwood 1
driftwood 1
driftwood 1
drive 1
drive 1
drive 1
drive 1
droop 1
drown 1
drown 1
dumb 1
dumb 1
dumb 1
dumb 1
dumb 1
dumb 1
dungeon 1
dungeon 1
dungeon 1
dusky 1
dust 1
earn 1
effort 1
effort 1
electronic 1
electronic 1
electronic 1
electronic 1
electronic 1
electronic 1
electronic 1
electronic 1
electronic 1
electronic 1
electronic 1
electronic 1
electronic 1
electronic 1
electronic 1
electronic 1
electronic 1
electronic 1
electronic 1
electronic 1
electronic 1
electronic 1
electronic 1
electronic 1
electronic 1
electronic 1
electronic 1
ended 1
enemies 1
enemy 1
enter 1
equipment 1
equipment 1
equipment 1
escaping 1
estate 1
estate 1
estate 1
everlast 1
excitement 1
exclusion 1
expense 1
expense 1
expense 1
explained 1
farmers 1
farmers 1
farmers 1
farmers 1
farmers 1
fastened 1
feet 1
feet 1
feet 1
feet 1
feet 1
feet 1
fended 1
ferryman 1
fetch 1
fetch 1
fetch 1
fetch 1
fetch 1
fetch 1
fetch 1
fetch 1
fetch 1
fetch 1
fetch 1
fetch 1
fetch 1
fetch 1
fetch 1
fetch 1
fetch 1
fetch 1
fetch 1
fetch 1
fetch 1
fetch 1
fetch 1
fetch 1
fetch 1
fetch 1
fetch 1
fetch 1
fetch 1
fetch 1
fetch 1
fetch 1
fetch 1
fetch 1
fetch 1
fetch 1
fetch 1
fetch 1
fetch 1
fetch 1
fetch 1
fetch 1
fetch 1
fetch 1
fetch 1
fetch 1
fetch 1
fetch 1
fetch 1
fetching 1
fetching 1
fetching 1
feud 1
feud 1
feud 1
feud 1
feud 1
feud 1
field 1
fight 1
fight 1
fight 1
fight 1
fight 1
fight 1
fight 1
fight 1
fire 1
fire 1
fire 1
fire 1
fire 1
fire 1
fire 1
fire 1
fire 1
fire 1
fire 1
fire 1
fire 1
fire 1
fire 1
fire 1
fire 1
fire 1
fire 1
fire 1
fire 1
fire 1
fire 1
fire 1
fire 1
fire 1
fire 1
fire 1
fire 1
fire 1
fire 1
fire 1
fixings 1
flash 1
flash 1
flash 1
flash 1
flash 1
flatheads 1
flew 1
flew 1
flew 1
flew 1
followed 1
followed 1
followed 1
followed 1
followed 1
followed 1
followed 1
fool 1
fool 1
fool 1
fool 1
fool 1
fool 1
fool 1
fool 1
fool 1
fool 1
fool 1
fool 1
fool 1
fool 1
fool 1
fool 1
fool 1
fool 1
fool 1
fool 1
fool 1
fool 1
fool 1
fool 1
fool 1
fool 1
fool 1
fool 1
fool 1
fool 1
fool 1
fool 1
fool 1
fool 1
fool 1
fool 1
fool 1
fool 1
fool 1
fork 1
fork 1
forrard 1
fortress 1
forty 1
forty 1
forty 1
forty 1
forty 1
forty 1
forty 1
forty 1
forty 1
forty 1
forty 1
forty 1
forty 1
forty 1
forty 1
forty 1
forty 1
fowl 1
fraid 1
freezn 1
fresh 1
fresh 1
fresh 1
fresh 1
fresh 1
fresh 1
fresh 1
frowning 1
frowning 1
fum 1
fundraising 1
furnace 1
furrin 1
gabbling 1
galluses 1
galoot 1
gaping 1
gaping 1
garters 1
gates 1
gathered 1
gbnewby 1
genlman 1
genlman 1
genlmen 1
genlmen 1
getherin 1
glass 1
glass 1
glass 1
got 1
got 1
got 1
got 1
got 1
got 1
got 1
got 1
got 1
got 1
got 1
got 1
got 1
got 1
got 1
got 1
got 1
got 1
got 1
got 1
got 1
got 1
got 1
got 1
got 1
got 1
got 1
got 1
got 1
got 1
got 1
got 1
got 1
got 1
got 1
got 1
got 1
got 1
got 1
got 1
got 1
got 1
got 1
got 1
got 1
got 1
got 1
got 1
got 1
got 1
got 1
got 1
got 1
got 1
got 1
got 1
got 1
got 1
got 1
got 1
got 1
got 1
got 1
got 1
got 1
got 1
got 1
got 1
got 1
got 1
got 1
got 1
got 1
got 1
got 1
got 1
got 1
got 1
got 1
got 1
got 1
got 1
got 1
got 1
got 1
got 1
got 1
got 1
got 1
got 1
got 1
got 1
got 1
got 1
got 1
got 1
got 1
got 1
got 1
got 1
got 1
got 1
got 1
got 1
got 1
got 1
got 1
got 1
got 1
got 1
got 1
got 1
got 1
got 1
got 1
got 1
got 1
got 1
got 1
got 1
got 1
got 1
got 1
got 1
got 1
got 1
got 1
got 1
got 1
got 1
got 1
got 1
got 1
got 1
got 1
got 1
got 1
got 1
got 1
got 1
got 1
got 1
got 1
got 1
got 1
got 1
got 1
got 1
got 1
got 1
got 1
got 1
got 1
got 1
got 1
got 1
got 1
got 1
got 1
got 1
got 1
got 1
got 1
got 1
got 1
got 1
got 1
got 1
got 1
got 1
got 1
got 1
got 1
got 1
got 1
got 1
got 1
got 1
got 1
got 1
got 1
got 1
got 1
got 1
got 1
got 1
got 1
got 1
got 1
got 1
got 1
got 1
got 1
got 1
got 1
got 1
got 1
got 1
got 1
got 1
got 1
got 1
got 1
got 1
got 1
got 1
got 1
got 1
got 1
got 1
got 1
got 1
got 1
got 1
got 1
got 1
got 1
got 1
got 1
got 1
got 1
got 1
got 1
got 1
got 1
got 1
got 1
got 1
got 1
got 1
got 1
got 1
got 1
got 1
got 1
got 1
got 1
got 1
got 1
got 1
got 1
got 1
got 1
got 1
got 1
got 1
got 1
got 1
got 1
got 1
got 1
got 1
got 1
got 1
got 1
got 1
got 1
got 1
got 1
got 1
got 1
got 1
got 1
got 1
got 1
got 1
got 1
got 1
got 1
got 1
got 1
got 1
got 1
got 1
got 1
got 1
got 1
got 1
got 1
got 1
got 1
got 1
got 1
got 1
got 1
got 1
got 1
got 1
got 1
got 1
got 1
got 1
got 1
got 1
got 1
got 1
got 1
got 1
got 1
got 1
got 1
got 1
got 1
got 1
got 1
got 1
got 1
got 1
got 1
got 1
got 1
got 1
got 1
got 1
got 1
got 1
got 1
got 1
got 1
got 1
got 1
got 1
got 1
got 1
got 1
got 1
got 1
got 1
got 1
got 1
got 1
got 1
got 1
got 1
got 1
got 1
got 1
got 1
got 1
got 1
got 1
got 1
got 1
got 1
got 1
got 1
got 1
got 1
got 1
got 1
got 1
got 1
got 1
got 1
got 1
got 1
got 1
got 1
got 1
got 1
got 1
got 1
got 1
got 1
got 1
got 1
got 1
got 1
got 1
got 1
got 1
got 1
got 1
got 1
got 1
got 1
got 1
got 1
got 1
got 1
got 1
got 1
got 1
got 1
got 1
got 1
got 1
got 1
got 1
got 1
got 1
got 1
got 1
got 1
got 1
got 1
got 1
got 1
got 1
got 1
got 1
got 1
got 1
got 1
got 1
got 1
got 1
got 1
got 1
got 1
got 1
got 1
got 1
got 1
got 1
got 1
got 1
got 1
got 1
got 1
got 1
got 1
got 1
got 1
got 1
got 1
got 1
got 1
got 1
got 1
got 1
got 1
got 1
got 1
got 1
got 1
got 1
got 1
got 1
got 1
got 1
got 1
got 1
got 1
got 1
got 1
got 1
got 1
got 1
got 1
got 1
got 1
got 1
got 1
got 1
got 1
got 1
got 1
got 1
got 1
got 1
got 1
got 1
got 1
got 1
got 1
got 1
got 1
got 1
got 1
got 1
got 1
got 1
got 1
got 1
got 1
got 1
got 1
got 1
got 1
got 1
got 1
got 1
got 1
got 1
got 1
got 1
got 1
got 1
got 1
got 1
got 1
got 1
got 1
got 1
got 1
got 1
got 1
got 1
got 1
got 1
got 1
got 1
got 1
got 1
got 1
got 1
got 1
got 1
got 1
got 1
got 1
got 1
got 1
got 1
got 1
got 1
got 1
got 1
got 1
got 1
got 1
got 1
got 1
got 1
got 1
got 1
got 1
got 1
got 1
got 1
got 1
got 1
got 1
got 1
got 1
got 1
got 1
got 1
got 1
got 1
got 1
got 1
got 1
got 1
got 1
got 1
got 1
got 1
got 1
got 1
got 1
got 1
got 1
got 1
got 1
got 1
got 1
got 1
got 1
got 1
got 1
got 1
got 1
got 1
got 1
got 1
got 1
got 1
got 1
got 1
got 1
got 1
got 1
got 1
got 1
got 1
got 1
got 1
got 1
got 1
got 1
got 1
got 1
got 1
got 1
got 1
got 1
got 1
got 1
got 1
got 1
got 1
got 1
got 1
got 1
got 1
got 1
got 1
got 1
got 1
got 1
got 1
got 1
got 1
got 1
got 1
got 1
got 1
got 1
got 1
got 1
got 1
got 1
got 1
got 1
got 1
got 1
got 1
got 1
got 1
got 1
govment 1
govment 1
govment 1
govment 1
govment 1
govment 1
govment 1
govment 1
govment 1
govment 1
govment 1
govment 1
grabbing 1
grace 1
grace 1
grace 1
grace 1
grandfather 1
grandfather 1
grateful 1
grateful 1
grateful 1
grateful 1
grateful 1
guards 1
guesswork 1
guys 1
hair 1
hair 1
hair 1
hair 1
hair 1
hair 1
hair 1
hair 1
hair 1
hair 1
hair 1
hair 1
hair 1
hair 1
hair 1
hair 1
hair 1
hair 1
hair 1
hair 1
hair 1
hair 1
hair 1
hair 1
hair 1
hair 1
hair 1
hair 1
hair 1
hair 1
ham 1
handled 1
hands 1
hands 1
hands 1
hands 1
hands 1
hands 1
hands 1
hands 1
hands 1
hands 1
hands 1
hands 1
hands 1
hands 1
hands 1
hands 1
hands 1
hands 1
hands 1
hands 1
hands 1
hands 1
hands 1
hands 1
hands 1
hands 1
hands 1
hands 1
hands 1
hands 1
hands 1
hands 1
hands 1
hands 1
hands 1
hands 1
hands 1
hands 1
hands 1
hands 1
hands 1
hands 1
hands 1
hands 1
hands 1
hands 1
hands 1
hands 1
hands 1
hands 1
hands 1
hands 1
hands 1
hands 1
hands 1
hands 1
hands 1
hands 1
hands 1
hands 1
hands 1
hands 1
hands 1
hands 1
hands 1
hands 1
hands 1
hands 1
hands 1
hands 1
hands 1
hands 1
happen 1
happen 1
happen 1
happen 1
happen 1
happen 1
happen 1
happen 1
happen 1
harbor 1
hark 1
haul 1
haul 1
haul 1
haul 1
haul 1
hearn 1
hearn 1
hearn 1
heel 1
heel 1
heel 1
heroes 1
hers 1
hinges 1
his 1
his 1
his 1
his 1
his 1
his 1
his 1
his 1
his 1
his 1
his 1
his 1
his 1
his 1
his 1
his 1
his 1
his 1
his 1
his 1
his 1
his 1
his 1
his 1
his 1
his 1
his 1
his 1
his 1
his 1
his 1
his 1
his 1
his 1
his 1
his 1
his 1
his 1
his 1
his 1
his 1
his 1
his 1
his 1
his 1
his 1
his 1
his 1
his 1
his 1
his 1
his 1
his 1
his 1
his 1
his 1
his 1
his 1
his 1
his 1
his 1
his 1
his 1
his 1
his 1
his 1
his 1
his 1
his 1
his 1
his 1
his 1
his 1
his 1
his 1
his 1
his 1
his 1
his 1
his 1
his 1
his 1
his 1
his 1
his 1
his 1
his 1
his 1
his 1
his 1
his 1
his 1
his 1
his 1
his 1
his 1
his 1
his 1
his 1
his 1
his 1
his 1
his 1
his 1
his 1
his 1
his 1
his 1
his 1
his 1
his 1
his 1
his 1
his 1
his 1
his 1
his 1
his 1
his 1
his 1
his 1
his 1
his 1
his 1
his 1
his 1
his 1
his 1
his 1
his 1
his 1
his 1
his 1
his 1
his 1
his 1
his 1
his 1
his 1
his 1
his 1
his 1
his 1
his 1
his 1
his 1
his 1
his 1
his 1
his 1
his 1
his 1
his 1
his 1
his 1
his 1
his 1
his 1
his 1
his 1
his 1
his 1
his 1
his 1
his 1
his 1
his 1
his 1
his 1
his 1
his 1
his 1
his 1
his 1
his 1
his 1
his 1
his 1
his 1
his 1
his 1
his 1
his 1
his 1
his 1
his 1
his 1
his 1
his 1
his 1
his 1
his 1
his 1
his 1
his 1
his 1
his 1
his 1
his 1
his 1
his 1
his 1
his 1
his 1
his 1
his 1
his 1
his 1
his 1
his 1
his 1
his 1
his 1
his 1
his 1
his 1
his 1
his 1
his 1
his 1
his 1
his 1
his 1
his 1
his 1
his 1
his 1
his 1
his 1
his 1
his 1
his 1
his 1
his 1
his 1
his 1
his 1
his 1
his 1
his 1
his 1
his 1
his 1
his 1
his 1
his 1
his 1
his 1
his 1
his 1
his 1
his 1
his 1
his 1
his 1
his 1
his 1
his 1
his 1
his 1
his 1
his 1
his 1
his 1
his 1
his 1
his 1
his 1
his 1
his 1
his 1
his 1
his 1
his 1
his 1
his 1
his 1
his 1
his 1
his 1
his 1
his 1
his 1
his 1
his 1
his 1
his 1
his 1
his 1
his 1
his 1
his 1
his 1
his 1
his 1
his 1
his 1
his 1
his 1
his 1
his 1
his 1
his 1
his 1
his 1
his 1
his 1
his 1
his 1
his 1
his 1
his 1
his 1
his 1
his 1
his 1
his 1
his 1
his 1
his 1
his 1
his 1
his 1
his 1
his 1
his 1
his 1
his 1
his 1
his 1
his 1
his 1
his 1
his 1
his 1
his 1
his 1
his 1
his 1
his 1
his 1
his 1
his 1
his 1
his 1
his 1
his 1
his 1
his 1
his 1
his 1
his 1
his 1
his 1
his 1
his 1
his 1
his 1
his 1
his 1
his 1
his 1
his 1
his 1
his 1
his 1
his 1
his 1
his 1
his 1
his 1
his 1
his 1
his 1
his 1
his 1
his 1
his 1
his 1
his 1
his 1
his 1
his 1
his 1
his 1
his 1
his 1
his 1
his 1
his 1
his 1
his 1
his 1
his 1
his 1
his 1
his 1
his 1
his 1
his 1
his 1
his 1
his 1
his 1
his 1
his 1
his 1
his 1
his 1
his 1
his 1
his 1
his 1
his 1
his 1
his 1
his 1
his 1
his 1
his 1
his 1
his 1
his 1
his 1
his 1
his 1
his 1
his 1
his 1
his 1
his 1
his 1
his 1
his 1
his 1
his 1
his 1
his 1
his 1
his 1
his 1
his 1
his 1
his 1
his 1
his 1
his 1
his 1
his 1
his 1
his 1
his 1
his 1
his 1
his 1
his 1
his 1
his 1
his 1
his 1
his 1
his 1
his 1
his 1
his 1
his 1
his 1
his 1
his 1
his 1
his 1
his 1
his 1
his 1
his 1
his 1
his 1
his 1
his 1
his 1
his 1
his 1
his 1
his 1
his 1
his 1
his 1
his 1
his 1
his 1
his 1
his 1
his 1
his 1
his 1
his 1
his 1
his 1
his 1
his 1
his 1
his 1
his 1
his 1
his 1
his 1
his 1
his 1
his 1
his 1
his 1
his 1
his 1
his 1
his 1
his 1
his 1
his 1
his 1
his 1
his 1
his 1
his 1
his 1
his 1
his 1
his 1
his 1
his 1
his 1
his 1
his 1
his 1
his 1
his 1
his 1
his 1
his 1
his 1
his 1
his 1
his 1
his 1
his 1
his 1
his 1
his 1
his 1
his 1
his 1
his 1
his 1
history 1
history 1
hogged 1
hogged 1
hole 1
hole 1
hole 1
hole 1
hole 1
hole 1
hole 1
hole 1
hole 1
hole 1
hole 1
hole 1
hole 1
hole 1
hole 1
hole 1
hole 1
hole 1
hole 1
hole 1
hole 1
hole 1
hole 1
hole 1
hole 1
hole 1
hole 1
holiest 1
hoop 1
horns 1
hotter 1
hotter 1
hotter 1
how 1
how 1
how 1
how 1
how 1
how 1
how 1
how 1
how 1
how 1
how 1
how 1
how 1
how 1
how 1
how 1
how 1
how 1
how 1
how 1
how 1
how 1
how 1
how 1
how 1
how 1
how 1
how 1
how 1
how 1
how 1
how 1
how 1
how 1
how 1
how 1
how 1
how 1
how 1
how 1
how 1
how 1
how 1
how 1
how 1
how 1
how 1
how 1
how 1
how 1
how 1
how 1
how 1
how 1
how 1
how 1
how 1
how 1
how 1
how 1
how 1
how 1
how 1
how 1
how 1
how 1
how 1
how 1
how 1
how 1
how 1
how 1
how 1
how 1
how 1
how 1
how 1
how 1
how 1
how 1
how 1
how 1
how 1
how 1
how 1
how 1
how 1
how 1
how 1
how 1
how 1
how 1
how 1
how 1
how 1
how 1
how 1
how 1
how 1
how 1
how 1
how 1
how 1
how 1
how 1
how 1
how 1
how 1
how 1
how 1
how 1
how 1
how 1
how 1
how 1
how 1
how 1
how 1
how 1
how 1
how 1
how 1
how 1
how 1
how 1
how 1
how 1
how 1
how 1
how 1
how 1
how 1
how 1
how 1
how 1
how 1
how 1
how 1
how 1
how 1
how 1
how 1
how 1
how 1
how 1
how 1
how 1
how 1
how 1
how 1
how 1
how 1
how 1
how 1
how 1
how 1
how 1
how 1
how 1
how 1
how 1
how 1
how 1
how 1
how 1
how 1
how 1
how 1
how 1
how 1
how 1
how 1
hung 1
hung 1
hung 1
hung 1
hung 1
hung 1
hung 1
hung 1
hung 1
hung 1
hung 1
hung 1
hung 1
hung 1
hung 1
hung 1
hung 1
hung 1
hung 1
hung 1
hung 1
hung 1
hung 1
hung 1
ignorant 1
ignorant 1
ignorant 1
ignorant 1
ignorant 1
ignorant 1
ignorant 1
ignored 1
imperative 1
included 1
included 1
included 1
indeedy 1
indeedy 1
indeedy 1
indifferent 1
ingots 1
injun 1
injun 1
injun 1
injun 1
injun 1
innocentest 1
inscription 1
inscription 1
inscription 1
inscription 1
inshore 1
interesting 1
into 1
into 1
into 1
into 1
into 1
into 1
into 1
into 1
into 1
into 1
into 1
into 1
into 1
into 1
into 1
into 1
into 1
into 1
into 1
into 1
into 1
into 1
into 1
into 1
into 1
into 1
into 1
into 1
into 1
into 1
into 1
into 1
into 1
into 1
into 1
into 1
into 1
into 1
into 1
into 1
into 1
into 1
into 1
into 1
into 1
into 1
into 1
into 1
into 1
into 1
into 1
into 1
into 1
into 1
into 1
into 1
into 1
into 1
into 1
into 1
into 1
into 1
into 1
into 1
into 1
into 1
into 1
into 1
into 1
into 1
into 1
into 1
into 1
into 1
into 1
into 1
into 1
into 1
into 1
into 1
into 1
into 1
into 1
into 1
into 1
into 1
into 1
into 1
into 1
into 1
into 1
into 1
into 1
into 1
into 1
into 1
into 1
into 1
into 1
into 1
into 1
into 1
into 1
into 1
into 1
into 1
into 1
into 1
into 1
into 1
into 1
into 1
into 1
into 1
into 1
into 1
into 1
into 1
into 1
into 1
into 1
into 1
into 1
into 1
into 1
into 1
into 1
into 1
into 1
into 1
into 1
into 1
into 1
into 1
into 1
into 1
into 1
into 1
jabber 1
jabbering 1
jimpson 1
jimpson 1
jist 1
jist 1
jist 1
jist 1
jist 1
jist 1
jist 1
jist 1
jist 1
joggle 1
joining 1
journey 1
journey 1
journey 1
journey 1
jumping 1
jumping 1
juries 1
kangaroo 1
kep 1
kep 1
kep 1
kep 1
kep 1
kep 1
kingdoms 1
kivered 1
kivered 1
kneeled 1
kneeled 1
kneeled 1
knit 1
knob 1
laid 1
laid 1
laid 1
laid 1
laid 1
laid 1
laid 1
laid 1
laid 1
laid 1
laid 1
laid 1
laid 1
laid 1
laid 1
laid 1
laid 1
laid 1
laid 1
laid 1
laid 1
laid 1
laid 1
laid 1
laid 1
laid 1
laid 1
laid 1
laid 1
laid 1
laid 1
laid 1
laid 1
laid 1
laid 1
laid 1
laid 1
laid 1
laid 1
laid 1
laid 1
laid 1
laid 1
laid 1
laid 1
laid 1
laid 1
laid 1
laid 1
laid 1
laid 1
laid 1
laid 1
laid 1
laid 1
laid 1
laid 1
laid 1
laid 1
laid 1
laid 1
laid 1
laid 1
laid 1
laid 1
laid 1
laid 1
laid 1
laid 1
laid 1
laid 1
laid 1
laid 1
laid 1
laid 1
laid 1
lamb 1
lantern 1
lantern 1
lantern 1
lantern 1
lantern 1
lantern 1
lantern 1
lantern 1
lantern 1
lantern 1
lantern 1
lantern 1
lantern 1
lantern 1
lantern 1
lantern 1
lantern 1
lantern 1
lantern 1
lantern 1
lantern 1
lantern 1
lantern 1
las 1
las 1
las 1
las 1
laying 1
laying 1
laying 1
laying 1
laying 1
laying 1
laying 1
laying 1
laying 1
laying 1
laying 1
laying 1
laying 1
laying 1
laying 1
laying 1
laying 1
laying 1
laying 1
laying 1
laying 1
laying 1
laying 1
laying 1
laying 1
laying 1
laying 1
laying 1
laying 1
laying 1
laying 1
lickings 1
lickings 1
lickings 1
licks 1
lifts 1
likely 1
likely 1
likely 1
likely 1
likely 1
likely 1
likely 1
likely 1
likely 1
likely 1
likely 1
likely 1
likely 1
likely 1
likely 1
likely 1
likely 1
likes 1
likes 1
likes 1
linen 1
linen 1
linen 1
linen 1
lips 1
little 1
little 1
little 1
little 1
little 1
little 1
little 1
little 1
little 1
little 1
little 1
little 1
little 1
little 1
little 1
little 1
little 1
little 1
little 1
little 1
little 1
little 1
little 1
little 1
little 1
little 1
little 1
little 1
little 1
little 1
little 1
little 1
little 1
little 1
little 1
little 1
little 1
little 1
little 1
little 1
little 1
little 1
little 1
little 1
little 1
little 1
little 1
little 1
little 1
little 1
little 1
little 1
little 1
little 1
little 1
little 1
little 1
little 1
little 1
little 1
little 1
little 1
little 1
little 1
little 1
little 1
little 1
little 1
little 1
little 1
little 1
little 1
little 1
little 1
little 1
little 1
little 1
little 1
little 1
little 1
little 1
little 1
little 1
little 1
little 1
little 1
little 1
little 1
little 1
little 1
little 1
little 1
little 1
little 1
little 1
little 1
little 1
little 1
little 1
little 1
little 1
little 1
little 1
little 1
little 1
little 1
little 1
little 1
little 1
little 1
little 1
little 1
little 1
little 1
little 1
little 1
little 1
little 1
little 1
little 1
little 1
little 1
little 1
little 1
little 1
little 1
little 1
little 1
little 1
little 1
little 1
little 1
little 1
little 1
little 1
little 1
little 1
little 1
little 1
little 1
little 1
little 1
little 1
little 1
little 1
little 1
little 1
little 1
little 1
little 1
little 1
little 1
little 1
little 1
little 1
little 1
little 1
little 1
little 1
little 1
little 1
little 1
little 1
little 1
little 1
little 1
little 1
little 1
little 1
little 1
little 1
little 1
little 1
little 1
little 1
little 1
little 1
little 1
little 1
little 1
little 1
little 1
little 1
little 1
little 1
little 1
little 1
little 1
little 1
little 1
little 1
little 1
little 1
little 1
little 1
little 1
little 1
little 1
little 1
little 1
little 1
lived 1
lived 1
lived 1
lived 1
lived 1
lived 1
lived 1
lived 1
lived 1
lived 1
lived 1
lived 1
lived 1
lived 1
lived 1
lived 1
loadened 1
lookin 1
lookin 1
lookin 1
lordy 1
lordy 1
lost 1
lost 1
lost 1
lost 1
lost 1
lost 1
lost 1
lost 1
lost 1
lost 1
lost 1
lost 1
lost 1
lost 1
lost 1
lost 1
lost 1
lost 1
lots 1
lots 1
lots 1
lots 1
lots 1
lots 1
lots 1
love 1
love 1
love 1
love 1
love 1
love 1
love 1
love 1
love 1
lowered 1
mamsey 1
marked 1
marked 1
marked 1
marked 1
marked 1
marked 1
marks 1
marks 1
marks 1
marks 1
marks 1
marks 1
marks 1
mass 1
matters 1
matters 1
me 1
me 1
me 1
me 1
me 1
me 1
me 1
me 1
me 1
me 1
me 1
me 1
me 1
me 1
me 1
me 1
me 1
me 1
me 1
me 1
me 1
me 1
me 1
me 1
me 1
me 1
me 1
me 1
me 1
me 1
me 1
me 1
me 1
me 1
me 1
me 1
me 1
me 1
me 1
me 1
me 1
me 1
me 1
me 1
me 1
me 1
me 1
me 1
me 1
me 1
me 1
me 1
me 1
me 1
me 1
me 1
me 1
me 1
me 1
me 1
me 1
me 1
me 1
me 1
me 1
me 1
me 1
me 1
me 1
me 1
me 1
me 1
me 1
me 1
me 1
me 1
me 1
me 1
me 1
me 1
me 1
me 1
me 1
me 1
me 1
me 1
me 1
me 1
me 1
me 1
me 1
me 1
me 1
me 1
me 1
me 1
me 1
me 1
me 1
me 1
me 1
me 1
me 1
me 1
me 1
me 1
me 1
me 1
me 1
me 1
me 1
me 1
me 1
me 1
me 1
me 1
me 1
me 1
me 1
me 1
me 1
me 1
me 1
me 1
me 1
me 1
me 1
me 1
me 1
me 1
me 1
me 1
me 1
me 1
me 1
me 1
me 1
me 1
me 1
me 1
me 1
me 1
me 1
me 1
me 1
me 1
me 1
me 1
me 1
me 1
me 1
me 1
me 1
me 1
me 1
me 1
me 1
me 1
me 1
me 1
me 1
me 1
me 1
me 1
me 1
me 1
me 1
me 1
me 1
me 1
me 1
me 1
me 1
me 1
me 1
me 1
me 1
me 1
me 1
me 1
me 1
me 1
me 1
me 1
me 1
me 1
me 1
me 1
me 1
me 1
me 1
me 1
me 1
me 1
me 1
me 1
me 1
me 1
me 1
me 1
me 1
me 1
me 1
me 1
me 1
me 1
me 1
me 1
me 1
me 1
me 1
me 1
me 1
me 1
me 1
me 1
me 1
me 1
me 1
me 1
me 1
me 1
me 1
me 1
me 1
me 1
me 1
me 1
me 1
me 1
me 1
me 1
me 1
me 1
me 1
me 1
me 1
me 1
me 1
me 1
me 1
me 1
me 1
me 1
me 1
me 1
me 1
me 1
me 1
me 1
me 1
me 1
me 1
me 1
me 1
me 1
me 1
me 1
me 1
me 1
me 1
me 1
me 1
me 1
me 1
me 1
me 1
me 1
me 1
me 1
me 1
me 1
me 1
me 1
me 1
me 1
me 1
me 1
me 1
me 1
me 1
me 1
me 1
me 1
me 1
me 1
me 1
me 1
me 1
me 1
me 1
me 1
me 1
me 1
me 1
me 1
me 1
me 1
me 1
me 1
me 1
me 1
me 1
me 1
me 1
me 1
me 1
me 1
me 1
me 1
me 1
me 1
me 1
me 1
me 1
me 1
me 1
me 1
me 1
me 1
me 1
me 1
me 1
me 1
me 1
me 1
me 1
me 1
me 1
me 1
me 1
me 1
me 1
me 1
me 1
me 1
me 1
me 1
me 1
me 1
me 1
me 1
me 1
me 1
me 1
me 1
me 1
me 1
me 1
me 1
me 1
me 1
me 1
me 1
me 1
me 1
me 1
me 1
me 1
me 1
me 1
me 1
me 1
me 1
me 1
me 1
me 1
me 1
me 1
me 1
me 1
me 1
me 1
me 1
me 1
me 1
me 1
me 1
me 1
me 1
me 1
me 1
me 1
me 1
me 1
me 1
me 1
me 1
me 1
me 1
me 1
me 1
me 1
me 1
me 1
me 1
me 1
me 1
me 1
me 1
me 1
me 1
me 1
me 1
me 1
me 1
me 1
me 1
me 1
me 1
me 1
me 1
me 1
me 1
me 1
me 1
me 1
me 1
me 1
me 1
me 1
me 1
me 1
me 1
me 1
me 1
me 1
me 1
me 1
me 1
me 1
me 1
me 1
me 1
me 1
me 1
me 1
me 1
me 1
me 1
me 1
me 1
me 1
me 1
me 1
me 1
me 1
me 1
me 1
me 1
me 1
me 1
me 1
me 1
me 1
me 1
me 1
me 1
me 1
me 1
me 1
me 1
me 1
me 1
me 1
me 1
me 1
me 1
me 1
me 1
me 1
me 1
me 1
me 1
me 1
me 1
me 1
me 1
me 1
me 1
me 1
me 1
me 1
me 1
me 1
me 1
me 1
me 1
me 1
me 1
me 1
me 1
me 1
me 1
me 1
me 1
me 1
me 1
me 1
me 1
me 1
me 1
me 1
me 1
me 1
me 1
me 1
me 1
me 1
me 1
me 1
me 1
me 1
me 1
me 1
me 1
me 1
me 1
me 1
me 1
me 1
me 1
me 1
me 1
me 1
me 1
me 1
me 1
me 1
me 1
me 1
me 1
me 1
me 1
me 1
me 1
me 1
me 1
me 1
me 1
me 1
me 1
me 1
me 1
me 1
me 1
me 1
me 1
me 1
me 1
me 1
me 1
me 1
me 1
me 1
me 1
me 1
me 1
me 1
me 1
me 1
me 1
me 1
me 1
me 1
me 1
me 1
me 1
me 1
me 1
me 1
me 1
me 1
me 1
me 1
me 1
me 1
me 1
me 1
me 1
me 1
me 1
me 1
me 1
me 1
me 1
me 1
me 1
me 1
me 1
me 1
me 1
me 1
me 1
me 1
me 1
me 1
me 1
me 1
me 1
me 1
me 1
me 1
me 1
me 1
me 1
me 1
me 1
me 1
me 1
me 1
me 1
me 1
me 1
me 1
me 1
me 1
me 1
me 1
me 1
me 1
me 1
me 1
me 1
me 1
me 1
me 1
me 1
me 1
me 1
me 1
me 1
me 1
me 1
me 1
me 1
me 1
me 1
me 1
me 1
me 1
me 1
me 1
me 1
me 1
me 1
me 1
me 1
me 1
me 1
me 1
me 1
me 1
me 1
me 1
me 1
me 1
me 1
me 1
me 1
me 1
me 1
me 1
me 1
me 1
me 1
me 1
me 1
me 1
me 1
me 1
me 1
me 1
me 1
me 1
me 1
me 1
me 1
me 1
me 1
me 1
me 1
me 1
me 1
me 1
me 1
me 1
me 1
me 1
me 1
me 1
me 1
me 1
me 1
me 1
me 1
me 1
me 1
me 1
me 1
me 1
me 1
me 1
me 1
me 1
me 1
me 1
me 1
me 1
me 1
me 1
me 1
me 1
me 1
me 1
me 1
me 1
me 1
me 1
me 1
me 1
me 1
me 1
me 1
me 1
me 1
me 1
me 1
me 1
me 1
me 1
me 1
me 1
me 1
me 1
me 1
me 1
me 1
me 1
me 1
me 1
me 1
me 1
me 1
me 1
me 1
me 1
me 1
me 1
me 1
me 1
me 1
me 1
me 1
me 1
me 1
me 1
me 1
me 1
me 1
me 1
me 1
means 1
means 1
means 1
means 1
means 1
means 1
means 1
means 1
means 1
meddling 1
meddling 1
melt 1
melt 1
mesmerism 1
midnight 1
midnight 1
midnight 1
midnight 1
midnight 1
midnight 1
midnight 1
midnight 1
midnight 1
midnight 1
midnight 1
midnight 1
midnight 1
mill 1
mill 1
mill 1
mill 1
mill 1
mixture 1
month 1
month 1
month 1
month 1
month 1
moonshine 1
morals 1
mortification 1
moss 1
moss 1
mostly 1
mostly 1
mostly 1
mostly 1
mostly 1
mostly 1
mostly 1
mostly 1
mostly 1
mostly 1
mostly 1
mostly 1
mostly 1
mostly 1
mostly 1
mostly 1
muggins 1
muggins 1
murrey 1
mushmelon 1
muttered 1
nailing 1
nary 1
naturally 1
naturally 1
naturally 1
near 1
near 1
near 1
near 1
near 1
near 1
near 1
near 1
near 1
near 1
near 1
near 1
near 1
near 1
need 1
need 1
need 1
need 1
need 1
need 1
need 1
need 1
need 1
need 1
need 1
needn 1
needn 1
needn 1
needn 1
needn 1
needn 1
needn 1
needn 1
needn 1
newspapers 1
newspapers 1
noses 1
noses 1
noses 1
nowhere 1
numerous 1
offer 1
offer 1
offer 1
office 1
office 1
office 1
office 1
office 1
office 1
office 1
office 1
office 1
office 1
often 1
often 1
often 1
often 1
often 1
often 1
often 1
often 1
oilcloth 1
open 1
open 1
open 1
open 1
open 1
open 1
open 1
open 1
open 1
open 1
open 1
open 1
open 1
open 1
open 1
open 1
open 1
open 1
open 1
open 1
open 1
open 1
open 1
open 1
open 1
open 1
open 1
open 1
open 1
open 1
open 1
open 1
open 1
open 1
open 1
open 1
open 1
open 1
open 1
open 1
opinion 1
opinion 1
opinion 1
opinion 1
opinion 1
opposed 1
opposition 1
overdone 1
overhauling 1
overlooked 1
owdacious 1
owdacious 1
own 1
own 1
own 1
own 1
own 1
own 1
own 1
own 1
own 1
own 1
own 1
own 1
own 1
own 1
own 1
own 1
own 1
own 1
own 1
own 1
own 1
own 1
own 1
own 1
own 1
own 1
own 1
own 1
own 1
own 1
own 1
own 1
own 1
own 1
own 1
own 1
own 1
own 1
own 1
own 1
own 1
own 1
own 1
paint 1
paint 1
paint 1
pair 1
pale 1
pale 1
pale 1
pale 1
pale 1
pale 1
pale 1
pale 1
paly 1
pans 1
pans 1
pans 1
pans 1
pans 1
pants 1
paragraph 1
paragraph 1
paragraph 1
paragraph 1
paragraph 1
paragraph 1
paragraph 1
paragraph 1
paragraph 1
paragraph 1
parlyment 1
party 1
passel 1
passel 1
past 1
past 1
past 1
past 1
past 1
past 1
past 1
past 1
past 1
past 1
past 1
patches 1
peart 1
peg 1
peg 1
peg 1
pegged 1
pegged 1
pendulum 1
penitentiary 1
performed 1
performed 1
picture 1
picture 1
picture 1
picture 1
picture 1
picture 1
picture 1
picture 1
picture 1
picture 1
picture 1
picture 1
pile 1
pile 1
pile 1
pile 1
pile 1
pile 1
pile 1
pile 1
pile 1
pile 1
pile 1
pile 1
pinch 1
pine 1
pine 1
pine 1
pins 1
pitifulness 1
plain 1
plain 1
plain 1
plain 1
plain 1
plain 1
plain 1
plain 1
plain 1
play 1
play 1
play 1
play 1
play 1
play 1
play 1
play 1
play 1
play 1
play 1
play 1
play 1
play 1
plumb 1
plumb 1
plumb 1
plumb 1
plumb 1
plumb 1
plunging 1
poking 1
pole 1
pole 1
pole 1
pone 1
pone 1
pone 1
pone 1
pone 1
pound 1
pound 1
pounding 1
prancing 1
prancing 1
pray 1
pray 1
pray 1
pray 1
pray 1
pray 1
pray 1
pray 1
pray 1
pray 1
pray 1
pray 1
prayers 1
precious 1
principle 1
principle 1
proved 1
puppy 1
pure 1
push 1
quarrelsome 1
quilts 1
rafter 1
raftsman 1
raftsman 1
raftsmen 1
rain 1
rain 1
rain 1
rain 1
rain 1
rain 1
rain 1
rain 1
rain 1
rain 1
rain 1
rain 1
rain 1
rain 1
rain 1
rain 1
rain 1
rammed 1
rats 1
rats 1
rats 1
rats 1
rats 1
rats 1
rats 1
rats 1
rats 1
rats 1
rats 1
rats 1
rats 1
rats 1
rats 1
rats 1
rats 1
rats 1
rats 1
rats 1
rats 1
rats 1
rats 1
ratty 1
ratty 1
ratty 1
ratty 1
reached 1
reached 1
reached 1
reached 1
reached 1
readers 1
redder 1
redistribute 1
refund 1
refund 1
refund 1
refund 1
refund 1
refund 1
refund 1
refund 1
regulating 1
reliable 1
remainders 1
remainders 1
remainders 1
remaining 1
removed 1
removed 1
renamed 1
report 1
represent 1
represent 1
representations 1
requirements 1
requirements 1
requirements 1
requirements 1
resks 1
resks 1
resky 1
return 1
return 1
return 1
rich 1
rich 1
rich 1
rich 1
rich 1
rich 1
rich 1
rich 1
rich 1
rich 1
rich 1
rich 1
rich 1
rich 1
rich 1
rich 1
rich 1
rich 1
rich 1
rich 1
rich 1
rich 1
rich 1
ride 1
ride 1
ride 1
ride 1
ride 1
ride 1
ride 1
ride 1
ringmaster 1
ringmaster 1
ringmaster 1
ringmaster 1
ringmaster 1
ringmaster 1
roof 1
roof 1
roof 1
roof 1
roof 1
roof 1
rope 1
rope 1
rope 1
rope 1
rope 1
rope 1
rope 1
rope 1
rope 1
rope 1
rope 1
rope 1
rope 1
rope 1
rope 1
rope 1
rope 1
rope 1
rope 1
rotted 1
rotten 1
rotten 1
rotten 1
rotten 1
rotten 1
row 1
row 1
row 1
row 1
row 1
row 1
row 1
row 1
row 1
row 1
rubs 1
rubs 1
rummaged 1
rummaged 1
rung 1
runnin 1
runnin 1
rushing 1
ruther 1
ruther 1
ruther 1
ruther 1
ruther 1
ruther 1
ruther 1
ruther 1
ruther 1
ruther 1
sack 1
sack 1
sack 1
sack 1
sack 1
sack 1
sack 1
sack 1
sad 1
sad 1
sad 1
sake 1
sake 1
sake 1
sake 1
sake 1
salable 1
sass 1
sass 1
sayin 1
sayin 1
sayin 1
sayin 1
sayin 1
scalped 1
scamp 1
scamp 1
scarcity 1
scare 1
scare 1
scare 1
scare 1
scary 1
scary 1
scented 1
school 1
school 1
school 1
school 1
school 1
school 1
school 1
school 1
school 1
school 1
school 1
school 1
school 1
school 1
school 1
school 1
school 1
school 1
school 1
school 1
school 1
school 1
scoop 1
scoop 1
scoop 1
scoop 1
scoop 1
scorns 1
scoundrels 1
scow 1
scow 1
scow 1
scow 1
scrabbled 1
scratches 1
screechy 1
second 1
second 1
second 1
second 1
second 1
second 1
second 1
second 1
second 1
second 1
second 1
second 1
second 1
second 1
second 1
second 1
second 1
second 1
second 1
second 1
second 1
second 1
second 1
second 1
second 1
second 1
second 1
second 1
second 1
sees 1
sees 1
sees 1
sees 1
sees 1
sees 1
sees 1
sence 1
sence 1
sence 1
set 1
set 1
set 1
set 1
set 1
set 1
set 1
set 1
set 1
set 1
set 1
set 1
set 1
set 1
set 1
set 1
set 1
set 1
set 1
set 1
set 1
set 1
set 1
set 1
set 1
set 1
set 1
set 1
set 1
set 1
set 1
set 1
set 1
set 1
set 1
set 1
set 1
set 1
set 1
set 1
set 1
set 1
set 1
set 1
set 1
set 1
set 1
set 1
set 1
set 1
set 1
set 1
set 1
set 1
set 1
set 1
set 1
set 1
set 1
set 1
set 1
set 1
set 1
set 1
set 1
set 1
set 1
set 1
set 1
set 1
set 1
set 1
set 1
set 1
set 1
set 1
set 1
set 1
set 1
set 1
set 1
set 1
set 1
set 1
set 1
set 1
set 1
set 1
set 1
set 1
set 1
set 1
set 1
set 1
set 1
set 1
set 1
set 1
set 1
set 1
set 1
set 1
set 1
set 1
set 1
set 1
set 1
set 1
set 1
set 1
set 1
set 1
set 1
set 1
set 1
set 1
set 1
set 1
set 1
set 1
set 1
set 1
set 1
set 1
set 1
set 1
set 1
set 1
set 1
set 1
set 1
set 1
set 1
set 1
set 1
set 1
set 1
set 1
set 1
set 1
set 1
set 1
set 1
set 1
set 1
set 1
sharp 1
sharp 1
sharp 1
sharp 1
sharp 1
sharp 1
sharp 1
sharp 1
sharp 1
she 1
she 1
she 1
she 1
she 1
she 1
she 1
she 1
she 1
she 1
she 1
she 1
she 1
she 1
she 1
she 1
she 1
she 1
she 1
she 1
she 1
she 1
she 1
she 1
she 1
she 1
she 1
she 1
she 1
she 1
she 1
she 1
she 1
she 1
she 1
she 1
she 1
she 1
she 1
she 1
she 1
she 1
she 1
she 1
she 1
she 1
she 1
she 1
she 1
she 1
she 1
she 1
she 1
she 1
she 1
she 1
she 1
she 1
she 1
she 1
she 1
she 1
she 1
she 1
she 1
she 1
she 1
she 1
she 1
she 1
she 1
she 1
she 1
she 1
she 1
she 1
she 1
she 1
she 1
she 1
she 1
she 1
she 1
she 1
she 1
she 1
she 1
she 1
she 1
she 1
she 1
she 1
she 1
she 1
she 1
she 1
she 1
she 1
she 1
she 1
she 1
she 1
she 1
she 1
she 1
she 1
she 1
she 1
she 1
she 1
she 1
she 1
she 1
she 1
she 1
she 1
she 1
she 1
she 1
she 1
she 1
she 1
she 1
she 1
she 1
she 1
she 1
she 1
she 1
she 1
she 1
she 1
she 1
she 1
she 1
she 1
she 1
she 1
she 1
she 1
she 1
she 1
she 1
she 1
she 1
she 1
she 1
she 1
she 1
she 1
she 1
she 1
she 1
she 1
she 1
she 1
she 1
she 1
she 1
she 1
she 1
she 1
she 1
she 1
she 1
she 1
she 1
she 1
she 1
she 1
she 1
she 1
she 1
she 1
she 1
she 1
she 1
she 1
she 1
she 1
she 1
she 1
she 1
she 1
she 1
she 1
she 1
she 1
she 1
she 1
she 1
she 1
she 1
she 1
she 1
she 1
she 1
she 1
she 1
she 1
she 1
she 1
she 1
she 1
she 1
she 1
she 1
she 1
she 1
she 1
she 1
she 1
she 1
she 1
she 1
she 1
she 1
she 1
she 1
she 1
she 1
she 1
she 1
she 1
she 1
she 1
she 1
she 1
she 1
she 1
she 1
she 1
she 1
she 1
she 1
she 1
she 1
she 1
she 1
she 1
she 1
she 1
she 1
she 1
she 1
she 1
she 1
she 1
she 1
she 1
she 1
she 1
she 1
she 1
she 1
she 1
she 1
she 1
she 1
she 1
she 1
she 1
she 1
she 1
she 1
she 1
she 1
she 1
she 1
she 1
she 1
she 1
she 1
she 1
she 1
she 1
she 1
she 1
she 1
she 1
she 1
she 1
she 1
she 1
she 1
she 1
she 1
she 1
she 1
she 1
she 1
she 1
she 1
she 1
she 1
she 1
she 1
she 1
she 1
she 1
she 1
she 1
she 1
she 1
she 1
she 1
she 1
she 1
she 1
she 1
she 1
she 1
she 1
she 1
she 1
she 1
she 1
she 1
she 1
she 1
she 1
she 1
she 1
she 1
she 1
she 1
she 1
she 1
she 1
she 1
she 1
she 1
she 1
she 1
she 1
she 1
she 1
she 1
she 1
she 1
she 1
she 1
she 1
she 1
she 1
she 1
she 1
she 1
she 1
she 1
she 1
she 1
she 1
she 1
she 1
she 1
she 1
she 1
she 1
she 1
she 1
she 1
she 1
she 1
she 1
she 1
she 1
she 1
she 1
she 1
she 1
she 1
she 1
she 1
she 1
she 1
she 1
she 1
she 1
she 1
she 1
she 1
she 1
she 1
she 1
she 1
she 1
she 1
she 1
she 1
she 1
she 1
she 1
she 1
she 1
she 1
she 1
she 1
she 1
she 1
she 1
she 1
she 1
she 1
she 1
she 1
she 1
she 1
she 1
she 1
she 1
she 1
she 1
she 1
she 1
she 1
she 1
she 1
she 1
she 1
she 1
she 1
she 1
she 1
she 1
she 1
she 1
she 1
she 1
she 1
she 1
she 1
she 1
she 1
she 1
she 1
she 1
she 1
she 1
she 1
she 1
she 1
she 1
she 1
she 1
she 1
she 1
she 1
she 1
she 1
she 1
she 1
she 1
she 1
she 1
she 1
she 1
she 1
she 1
she 1
she 1
she 1
she 1
she 1
she 1
she 1
she 1
she 1
she 1
she 1
sho 1
sho 1
sho 1
sho 1
shop 1
shop 1
shoulder 1
shoulder 1
shoulder 1
shoulder 1
shoulder 1
shoulder 1
shoulder 1
shoulder 1
shoulder 1
shoulder 1
shoulder 1
shoulder 1
shoulder 1
shoulder 1
shoulder 1
shuck 1
shuck 1
shuck 1
shuck 1
shutting 1
sides 1
sides 1
sides 1
sides 1
sides 1
sides 1
sides 1
sides 1
sides 1
signal 1
signal 1
signal 1
signal 1
signal 1
signed 1
signed 1
signs 1
signs 1
signs 1
signs 1
signs 1
signs 1
signs 1
signs 1
signs 1
signs 1
signs 1
signs 1
signs 1
signs 1
silky 1
silky 1
simple 1
simple 1
simply 1
sirree 1
skimmed 1
skreeky 1
skunk 1
slab 1
slab 1
sleeve 1
slipping 1
slipping 1
slogan 1
sluicing 1
slumped 1
smarty 1
smash 1
smash 1
smile 1
smile 1
smile 1
smile 1
smilin 1
smilin 1
snake 1
snake 1
snake 1
snake 1
snake 1
snake 1
snake 1
snake 1
snake 1
snake 1
snake 1
snake 1
snake 1
snake 1
snake 1
snake 1
snake 1
snake 1
snake 1
snap 1
snap 1
sneak 1
sneak 1
sneak 1
soberer 1
sof 1
solicitation 1
somehow 1
somehow 1
somehow 1
somehow 1
somehow 1
somehow 1
somehow 1
somehow 1
somehow 1
somehow 1
somehow 1
somehow 1
somehow 1
somehow 1
somehow 1
somehow 1
somehow 1
somehow 1
somehow 1
somehow 1
somehow 1
somehow 1
soothering 1
sores 1
sounds 1
sounds 1
sounds 1
sounds 1
sounds 1
spected 1
spen 1
spinning 1
spinning 1
spinning 1
spinning 1
spinning 1
spinning 1
spinning 1
sponge 1
spying 1
sqush 1
staggers 1
stayed 1
stayed 1
stayed 1
stayed 1
stayed 1
stayed 1
stayed 1
stayed 1
stayed 1
stayed 1
stayed 1
stayed 1
stayed 1
stayed 1
stayed 1
stealer 1
stealthy 1
stealthy 1
sticking 1
sticking 1
sticking 1
stir 1
stir 1
stir 1
stir 1
stir 1
stir 1
stir 1
stirring 1
stirring 1
stirring 1
stirring 1
stirring 1
stirring 1
stirring 1
stop 1
stop 1
stop 1
stop 1
stop 1
stop 1
stop 1
stop 1
stop 1
stop 1
stop 1
stop 1
stop 1
stop 1
stop 1
stop 1
stop 1
stop 1
stop 1
stop 1
stop 1
stormed 1
stormed 1
stormy 1
strawbries 1
strawbries 1
stroke 1
stroke 1
stronger 1
subscriptions 1
suited 1
suited 1
suited 1
sun 1
sun 1
sun 1
sun 1
sun 1
sun 1
sun 1
sun 1
sun 1
sun 1
sun 1
sun 1
sun 1
sun 1
sun 1
sun 1
sun 1
sun 1
suppos 1
swaller 1
swamp 1
swamp 1
swamp 1
swamp 1
swamp 1
swamp 1
swear 1
swear 1
swear 1
swear 1
swear 1
swig 1
swim 1
swim 1
swim 1
swim 1
swim 1
swim 1
swim 1
swim 1
symptoms 1
t 1
t 1
t 1
t 1
t 1
t 1
t 1
t 1
t 1
t 1
t 1
t 1
t 1
t 1
t 1
t 1
t 1
t 1
t 1
t 1
t 1
t 1
t 1
t 1
t 1
t 1
t 1
t 1
t 1
t 1
t 1
t 1
t 1
t 1
t 1
t 1
t 1
t 1
t 1
t 1
t 1
t 1
t 1
t 1
t 1
t 1
t 1
t 1
t 1
t 1
t 1
t 1
t 1
t 1
t 1
t 1
t 1
t 1
t 1
t 1
t 1
t 1
t 1
t 1
t 1
t 1
t 1
t 1
t 1
t 1
t 1
t 1
t 1
t 1
t 1
t 1
t 1
t 1
t 1
t 1
t 1
t 1
t 1
t 1
t 1
t 1
t 1
t 1
t 1
t 1
t 1
t 1
t 1
t 1
t 1
t 1
t 1
t 1
t 1
t 1
t 1
t 1
t 1
t 1
t 1
t 1
t 1
t 1
t 1
t 1
t 1
t 1
t 1
t 1
t 1
t 1
t 1
t 1
t 1
t 1
t 1
t 1
t 1
t 1
t 1
t 1
t 1
t 1
t 1
t 1
t 1
t 1
t 1
t 1
t 1
t 1
t 1
t 1
t 1
t 1
t 1
t 1
t 1
t 1
t 1
t 1
t 1
t 1
t 1
t 1
t 1
t 1
t 1
t 1
t 1
t 1
t 1
t 1
t 1
t 1
t 1
t 1
t 1
t 1
t 1
t 1
t 1
t 1
t 1
t 1
t 1
t 1
t 1
t 1
t 1
t 1
t 1
t 1
t 1
t 1
t 1
t 1
t 1
t 1
t 1
t 1
t 1
t 1
t 1
t 1
t 1
t 1
t 1
t 1
t 1
t 1
t 1
t 1
t 1
t 1
t 1
t 1
t 1
t 1
t 1
t 1
t 1
t 1
t 1
t 1
t 1
t 1
t 1
t 1
t 1
t 1
t 1
t 1
t 1
t 1
t 1
t 1
t 1
t 1
t 1
t 1
t 1
t 1
t 1
t 1
t 1
t 1
t 1
t 1
t 1
t 1
t 1
t 1
t 1
t 1
t 1
t 1
t 1
t 1
t 1
t 1
t 1
t 1
t 1
t 1
t 1
t 1
t 1
t 1
t 1
t 1
t 1
t 1
t 1
t 1
t 1
t 1
t 1
t 1
t 1
t 1
t 1
t 1
t 1
t 1
t 1
t 1
t 1
t 1
t 1
t 1
t 1
t 1
t 1
t 1
t 1
t 1
t 1
t 1
t 1
t 1
t 1
t 1
t 1
t 1
t 1
t 1
t 1
t 1
t 1
t 1
t 1
t 1
t 1
t 1
t 1
t 1
t 1
t 1
t 1
t 1
t 1
t 1
t 1
t 1
t 1
t 1
t 1
t 1
t 1
t 1
t 1
t 1
t 1
t 1
t 1
t 1
t 1
t 1
t 1
t 1
t 1
t 1
t 1
t 1
t 1
t 1
t 1
t 1
t 1
t 1
t 1
t 1
t 1
t 1
t 1
t 1
t 1
t 1
t 1
t 1
t 1
t 1
t 1
t 1
t 1
t 1
t 1
t 1
t 1
t 1
t 1
t 1
t 1
t 1
t 1
t 1
t 1
t 1
t 1
t 1
t 1
t 1
t 1
t 1
t 1
t 1
t 1
t 1
t 1
t 1
t 1
t 1
t 1
t 1
t 1
t 1
t 1
t 1
t 1
t 1
t 1
t 1
t 1
t 1
t 1
t 1
t 1
t 1
t 1
t 1
t 1
t 1
t 1
t 1
t 1
t 1
t 1
t 1
t 1
t 1
t 1
t 1
t 1
t 1
t 1
t 1
t 1
t 1
t 1
t 1
t 1
t 1
t 1
t 1
t 1
t 1
t 1
t 1
t 1
t 1
t 1
t 1
t 1
t 1
t 1
t 1
t 1
t 1
t 1
t 1
t 1
t 1
t 1
t 1
t 1
t 1
t 1
t 1
t 1
t 1
t 1
t 1
t 1
t 1
t 1
t 1
t 1
t 1
t 1
t 1
t 1
t 1
t 1
t 1
t 1
t 1
t 1
t 1
t 1
t 1
t 1
t 1
t 1
t 1
t 1
t 1
t 1
t 1
t 1
t 1
t 1
t 1
t 1
t 1
t 1
t 1
t 1
t 1
t 1
t 1
t 1
t 1
t 1
t 1
t 1
t 1
t 1
t 1
t 1
t 1
t 1
t 1
t 1
t 1
t 1
t 1
t 1
t 1
t 1
t 1
t 1
t 1
t 1
t 1
t 1
t 1
t 1
t 1
t 1
t 1
t 1
t 1
t 1
t 1
t 1
t 1
t 1
t 1
t 1
t 1
t 1
t 1
t 1
t 1
t 1
t 1
t 1
t 1
t 1
t 1
t 1
t 1
t 1
t 1
t 1
t 1
t 1
t 1
t 1
t 1
t 1
t 1
t 1
t 1
t 1
t 1
t 1
t 1
t 1
t 1
t 1
t 1
t 1
t 1
t 1
t 1
t 1
t 1
t 1
t 1
t 1
t 1
t 1
t 1
t 1
t 1
t 1
t 1
t 1
t 1
t 1
t 1
t 1
t 1
t 1
t 1
t 1
t 1
t 1
t 1
t 1
t 1
t 1
t 1
t 1
t 1
t 1
t 1
t 1
t 1
t 1
t 1
t 1
t 1
t 1
t 1
t 1
t 1
t 1
t 1
t 1
t 1
t 1
t 1
t 1
t 1
t 1
t 1
t 1
t 1
t 1
t 1
t 1
t 1
t 1
t 1
t 1
t 1
t 1
t 1
t 1
t 1
t 1
t 1
t 1
t 1
t 1
t 1
t 1
t 1
t 1
t 1
t 1
t 1
t 1
t 1
t 1
t 1
t 1
t 1
t 1
t 1
t 1
t 1
t 1
t 1
t 1
t 1
t 1
t 1
t 1
t 1
t 1
t 1
t 1
t 1
t 1
t 1
t 1
t 1
t 1
t 1
t 1
t 1
t 1
t 1
t 1
t 1
t 1
t 1
t 1
t 1
t 1
t 1
t 1
t 1
t 1
t 1
t 1
t 1
t 1
t 1
t 1
t 1
t 1
t 1
t 1
t 1
t 1
t 1
t 1
t 1
t 1
t 1
t 1
t 1
t 1
t 1
t 1
t 1
t 1
t 1
t 1
t 1
t 1
t 1
t 1
t 1
t 1
t 1
t 1
t 1
t 1
t 1
t 1
t 1
t 1
t 1
t 1
t 1
t 1
t 1
t 1
t 1
t 1
t 1
t 1
t 1
t 1
t 1
t 1
t 1
t 1
t 1
t 1
t 1
t 1
t 1
t 1
t 1
t 1
t 1
t 1
t 1
t 1
t 1
t 1
t 1
t 1
t 1
t 1
t 1
t 1
t 1
t 1
t 1
t 1
t 1
t 1
t 1
t 1
t 1
t 1
t 1
t 1
t 1
t 1
t 1
t 1
t 1
t 1
t 1
t 1
t 1
t 1
t 1
t 1
t 1
t 1
t 1
t 1
t 1
t 1
t 1
t 1
t 1
t 1
t 1
t 1
t 1
t 1
t 1
t 1
t 1
t 1
t 1
t 1
t 1
t 1
t 1
t 1
t 1
t 1
t 1
t 1
t 1
t 1
t 1
t 1
t 1
t 1
t 1
t 1
t 1
t 1
t 1
t 1
t 1
t 1
t 1
t 1
t 1
t 1
t 1
t 1
t 1
t 1
t 1
t 1
t 1
t 1
t 1
t 1
t 1
t 1
t 1
t 1
t 1
t 1
t 1
t 1
t 1
t 1
t 1
t 1
t 1
t 1
t 1
t 1
t 1
t 1
t 1
t 1
t 1
t 1
t 1
t 1
t 1
t 1
t 1
t 1
t 1
t 1
t 1
t 1
t 1
t 1
t 1
t 1
t 1
t 1
t 1
t 1
t 1
t 1
t 1
t 1
t 1
t 1
t 1
t 1
t 1
t 1
t 1
t 1
t 1
t 1
t 1
t 1
t 1
t 1
t 1
t 1
t 1
t 1
t 1
t 1
t 1
t 1
t 1
t 1
t 1
t 1
t 1
t 1
t 1
t 1
t 1
t 1
t 1
t 1
t 1
t 1
t 1
t 1
t 1
t 1
t 1
t 1
t 1
t 1
t 1
t 1
t 1
t 1
t 1
t 1
t 1
t 1
t 1
t 1
t 1
t 1
t 1
t 1
t 1
t 1
t 1
t 1
t 1
t 1
t 1
t 1
t 1
t 1
t 1
t 1
t 1
t 1
t 1
t 1
t 1
t 1
t 1
t 1
t 1
t 1
t 1
t 1
t 1
t 1
t 1
t 1
t 1
t 1
t 1
t 1
t 1
t 1
t 1
t 1
t 1
t 1
t 1
t 1
t 1
t 1
t 1
t 1
t 1
t 1
t 1
t 1
t 1
t 1
t 1
t 1
t 1
t 1
t 1
t 1
t 1
t 1
t 1
t 1
t 1
t 1
t 1
t 1
t 1
t 1
t 1
t 1
t 1
t 1
t 1
t 1
t 1
t 1
t 1
t 1
t 1
t 1
t 1
t 1
t 1
t 1
t 1
t 1
t 1
t 1
t 1
t 1
t 1
t 1
t 1
t 1
t 1
t 1
t 1
t 1
t 1
t 1
t 1
t 1
t 1
t 1
t 1
t 1
t 1
t 1
t 1
t 1
t 1
t 1
t 1
t 1
t 1
t 1
t 1
t 1
t 1
t 1
t 1
t 1
t 1
t 1
t 1
t 1
t 1
t 1
t 1
t 1
t 1
t 1
t 1
t 1
t 1
t 1
t 1
t 1
t 1
t 1
t 1
t 1
t 1
t 1
t 1
t 1
t 1
t 1
t 1
t 1
t 1
t 1
t 1
t 1
t 1
t 1
t 1
t 1
t 1
t 1
t 1
t 1
t 1
t 1
t 1
t 1
t 1
t 1
t 1
t 1
t 1
t 1
t 1
t 1
t 1
t 1
t 1
t 1
t 1
t 1
t 1
t 1
t 1
t 1
t 1
t 1
t 1
t 1
t 1
t 1
t 1
t 1
t 1
t 1
t 1
t 1
t 1
t 1
t 1
t 1
t 1
t 1
t 1
t 1
t 1
t 1
t 1
t 1
t 1
t 1
t 1
t 1
t 1
t 1
t 1
t 1
t 1
t 1
t 1
t 1
t 1
t 1
t 1
t 1
t 1
t 1
t 1
t 1
t 1
t 1
t 1
t 1
t 1
t 1
t 1
t 1
t 1
t 1
t 1
t 1
t 1
t 1
t 1
t 1
t 1
t 1
t 1
t 1
t 1
t 1
t 1
t 1
t 1
t 1
t 1
t 1
t 1
t 1
t 1
t 1
t 1
t 1
t 1
t 1
t 1
t 1
t 1
t 1
t 1
t 1
t 1
t 1
t 1
t 1
t 1
t 1
t 1
t 1
t 1
t 1
t 1
t 1
t 1
t 1
t 1
t 1
t 1
t 1
t 1
t 1
t 1
t 1
t 1
t 1
t 1
t 1
t 1
t 1
t 1
t 1
t 1
t 1
t 1
t 1
t 1
t 1
t 1
t 1
t 1
t 1
t 1
t 1
t 1
t 1
t 1
t 1
t 1
t 1
t 1
t 1
t 1
t 1
t 1
t 1
t 1
t 1
t 1
t 1
t 1
t 1
t 1
t 1
t 1
t 1
t 1
t 1
t 1
t 1
t 1
t 1
t 1
t 1
t 1
t 1
t 1
t 1
t 1
t 1
t 1
t 1
t 1
t 1
t 1
t 1
t 1
t 1
t 1
t 1
t 1
t 1
t 1
t 1
t 1
t 1
t 1
t 1
t 1
t 1
t 1
t 1
t 1
t 1
t 1
t 1
t 1
t 1
t 1
t 1
t 1
t 1
t 1
t 1
t 1
t 1
t 1
t 1
t 1
t 1
t 1
t 1
t 1
t 1
t 1
t 1
t 1
t 1
t 1
t 1
t 1
t 1
t 1
t 1
t 1
t 1
t 1
t 1
t 1
t 1
t 1
t 1
t 1
t 1
t 1
t 1
t 1
t 1
t 1
t 1
t 1
t 1
t 1
t 1
t 1
t 1
t 1
t 1
t 1
t 1
t 1
t 1
t 1
t 1
t 1
t 1
t 1
t 1
t 1
t 1
t 1
t 1
t 1
t 1
t 1
t 1
t 1
t 1
t 1
t 1
t 1
t 1
t 1
t 1
t 1
t 1
t 1
t 1
t 1
t 1
t 1
t 1
t 1
t 1
t 1
t 1
t 1
t 1
t 1
t 1
t 1
t 1
t 1
t 1
t 1
t 1
t 1
t 1
t 1
t 1
t 1
t 1
t 1
t 1
t 1
t 1
t 1
t 1
t 1
t 1
t 1
t 1
t 1
t 1
t 1
t 1
t 1
t 1
t 1
t 1
t 1
t 1
t 1
t 1
t 1
t 1
t 1
t 1
t 1
t 1
t 1
t 1
t 1
t 1
t 1
t 1
t 1
t 1
t 1
t 1
t 1
t 1
t 1
t 1
t 1
t 1
t 1
t 1
t 1
t 1
t 1
t 1
t 1
t 1
t 1
t 1
t 1
t 1
t 1
t 1
t 1
t 1
t 1
t 1
t 1
t 1
t 1
t 1
t 1
t 1
t 1
t 1
t 1
t 1
t 1
t 1
t 1
t 1
t 1
t 1
t 1
t 1
t 1
t 1
t 1
t 1
t 1
t 1
t 1
t 1
t 1
t 1
t 1
t 1
t 1
t 1
t 1
t 1
t 1
t 1
t 1
t 1
t 1
t 1
t 1
t 1
t 1
t 1
t 1
t 1
t 1
t 1
t 1
t 1
t 1
t 1
t 1
t 1
t 1
t 1
t 1
t 1
t 1
t 1
t 1
t 1
t 1
t 1
t 1
t 1
t 1
t 1
t 1
t 1
t 1
t 1
t 1
t 1
t 1
t 1
t 1
t 1
t 1
t 1
t 1
t 1
t 1
t 1
t 1
t 1
t 1
t 1
t 1
t 1
t 1
t 1
t 1
t 1
t 1
t 1
t 1
t 1
t 1
t 1
t 1
t 1
t 1
t 1
t 1
t 1
t 1
t 1
t 1
t 1
t 1
t 1
t 1
t 1
t 1
t 1
t 1
t 1
t 1
t 1
t 1
t 1
t 1
t 1
t 1
t 1
t 1
t 1
t 1
t 1
t 1
t 1
t 1
t 1
t 1
t 1
t 1
t 1
t 1
t 1
t 1
t 1
t 1
t 1
t 1
t 1
t 1
t 1
t 1
t 1
t 1
t 1
t 1
t 1
t 1
t 1
t 1
t 1
t 1
t 1
t 1
t 1
t 1
t 1
t 1
t 1
t 1
t 1
t 1
t 1
t 1
t 1
t 1
t 1
t 1
t 1
t 1
t 1
t 1
t 1
t 1
t 1
t 1
t 1
t 1
t 1
t 1
t 1
t 1
t 1
t 1
t 1
t 1
t 1
t 1
t 1
t 1
t 1
t 1
t 1
t 1
t 1
t 1
t 1
t 1
t 1
t 1
t 1
t 1
t 1
t 1
t 1
t 1
t 1
t 1
t 1
t 1
t 1
t 1
t 1
t 1
t 1
t 1
t 1
t 1
t 1
t 1
t 1
t 1
t 1
t 1
t 1
t 1
t 1
t 1
t 1
t 1
t 1
t 1
t 1
t 1
t 1
t 1
t 1
t 1
t 1
t 1
t 1
t 1
t 1
t 1
t 1
t 1
t 1
t 1
t 1
t 1
t 1
t 1
t 1
t 1
t 1
t 1
t 1
t 1
t 1
t 1
t 1
t 1
t 1
t 1
t 1
t 1
t 1
t 1
t 1
t 1
t 1
t 1
t 1
t 1
t 1
t 1
t 1
t 1
t 1
t 1
t 1
t 1
t 1
t 1
t 1
t 1
t 1
t 1
t 1
t 1
t 1
t 1
t 1
t 1
t 1
t 1
t 1
t 1
t 1
t 1
t 1
t 1
t 1
t 1
t 1
t 1
t 1
t 1
t 1
t 1
t 1
t 1
t 1
t 1
t 1
t 1
t 1
t 1
t 1
t 1
t 1
t 1
t 1
t 1
t 1
t 1
t 1
t 1
t 1
t 1
t 1
t 1
t 1
t 1
t 1
t 1
t 1
t 1
t 1
t 1
t 1
t 1
t 1
t 1
t 1
t 1
t 1
t 1
t 1
t 1
t 1
t 1
t 1
t 1
t 1
t 1
t 1
t 1
t 1
t 1
t 1
t 1
t 1
t 1
t 1
t 1
t 1
t 1
t 1
t 1
t 1
t 1
t 1
t 1
t 1
t 1
t 1
t 1
t 1
t 1
t 1
t 1
t 1
t 1
t 1
t 1
t 1
t 1
t 1
t 1
t 1
t 1
t 1
t 1
t 1
t 1
t 1
t 1
t 1
t 1
t 1
t 1
t 1
t 1
t 1
t 1
t 1
t 1
t 1
t 1
t 1
t 1
t 1
t 1
t 1
t 1
t 1
t 1
t 1
t 1
t 1
t 1
t 1
t 1
t 1
t 1
t 1
t 1
t 1
t 1
t 1
t 1
t 1
t 1
t 1
t 1
t 1
t 1
t 1
t 1
t 1
t 1
t 1
t 1
t 1
t 1
t 1
t 1
t 1
t 1
t 1
t 1
t 1
t 1
t 1
t 1
t 1
t 1
t 1
t 1
t 1
t 1
t 1
t 1
t 1
t 1
t 1
t 1
t 1
t 1
t 1
t 1
t 1
t 1
t 1
t 1
t 1
t 1
t 1
t 1
t 1
t 1
t 1
t 1
t 1
t 1
t 1
t 1
t 1
t 1
t 1
t 1
t 1
t 1
t 1
t 1
t 1
t 1
t 1
t 1
t 1
t 1
t 1
t 1
t 1
t 1
t 1
t 1
t 1
t 1
t 1
t 1
t 1
t 1
t 1
t 1
t 1
t 1
t 1
t 1
t 1
t 1
t 1
t 1
t 1
t 1
t 1
t 1
t 1
t 1
t 1
t 1
t 1
t 1
t 1
t 1
t 1
t 1
t 1
t 1
t 1
t 1
t 1
t 1
t 1
t 1
t 1
t 1
t 1
t 1
t 1
t 1
t 1
t 1
t 1
t 1
t 1
t 1
t 1
t 1
t 1
t 1
t 1
t 1
t 1
t 1
t 1
t 1
t 1
t 1
t 1
t 1
t 1
t 1
t 1
t 1
t 1
t 1
t 1
t 1
t 1
t 1
t 1
t 1
t 1
t 1
t 1
t 1
t 1
t 1
t 1
t 1
t 1
t 1
t 1
t 1
t 1
t 1
t 1
t 1
t 1
t 1
t 1
t 1
t 1
t 1
t 1
t 1
t 1
t 1
t 1
t 1
t 1
t 1
t 1
t 1
t 1
t 1
t 1
t 1
t 1
t 1
t 1
t 1
t 1
t 1
t 1
t 1
t 1
t 1
t 1
t 1
t 1
t 1
tackle 1
tackle 1
tail 1
tail 1
tail 1
tail 1
tail 1
talking 1
talking 1
talking 1
talking 1
talking 1
talking 1
talking 1
talking 1
talking 1
talking 1
talking 1
talking 1
talking 1
talking 1
talking 1
talking 1
talking 1
talking 1
talking 1
talking 1
talking 1
talking 1
talking 1
talking 1
talking 1
talking 1
talking 1
talking 1
talking 1
talking 1
talking 1
talking 1
talking 1
tanned 1
tastes 1
tea 1
terpret 1
th 1
thanking 1
thee 1
they 1
they 1
they 1
they 1
they 1
they 1
they 1
they 1
they 1
they 1
they 1
they 1
they 1
they 1
they 1
they 1
they 1
they 1
they 1
they 1
they 1
they 1
they 1
they 1
they 1
they 1
they 1
they 1
they 1
they 1
they 1
they 1
they 1
they 1
they 1
they 1
they 1
they 1
they 1
they 1
they 1
they 1
they 1
they 1
they 1
they 1
they 1
they 1
they 1
they 1
they 1
they 1
they 1
they 1
they 1
they 1
they 1
they 1
they 1
they 1
they 1
they 1
they 1
they 1
they 1
they 1
they 1
they 1
they 1
they 1
they 1
they 1
they 1
they 1
they 1
they 1
they 1
they 1
they 1
they 1
they 1
they 1
they 1
they 1
they 1
they 1
they 1
they 1
they 1
they 1
they 1
they 1
they 1
they 1
they 1
they 1
they 1
they 1
they 1
they 1
they 1
they 1
they 1
they 1
they 1
they 1
they 1
they 1
they 1
they 1
they 1
they 1
they 1
they 1
they 1
they 1
they 1
they 1
they 1
they 1
they 1
they 1
they 1
they 1
they 1
they 1
they 1
they 1
they 1
they 1
they 1
they 1
they 1
they 1
they 1
they 1
they 1
they 1
they 1
they 1
they 1
they 1
they 1
they 1
they 1
they 1
they 1
they 1
they 1
they 1
they 1
they 1
they 1
they 1
they 1
they 1
they 1
they 1
they 1
they 1
they 1
they 1
they 1
they 1
they 1
they 1
they 1
they 1
they 1
they 1
they 1
they 1
they 1
they 1
they 1
they 1
they 1
they 1
they 1
they 1
they 1
they 1
they 1
they 1
they 1
they 1
they 1
they 1
they 1
they 1
they 1
they 1
they 1
they 1
they 1
they 1
they 1
they 1
they 1
they 1
they 1
they 1
they 1
they 1
they 1
they 1
they 1
they 1
they 1
they 1
they 1
they 1
they 1
they 1
they 1
they 1
they 1
they 1
they 1
they 1
they 1
they 1
they 1
they 1
they 1
they 1
they 1
they 1
they 1
they 1
they 1
they 1
they 1
they 1
they 1
they 1
they 1
they 1
they 1
they 1
they 1
they 1
they 1
they 1
they 1
they 1
they 1
they 1
they 1
they 1
they 1
they 1
they 1
they 1
they 1
they 1
they 1
they 1
they 1
they 1
they 1
they 1
they 1
they 1
they 1
they 1
they 1
they 1
they 1
they 1
they 1
they 1
they 1
they 1
they 1
they 1
they 1
they 1
they 1
they 1
they 1
they 1
they 1
they 1
they 1
they 1
they 1
they 1
they 1
they 1
they 1
they 1
they 1
they 1
they 1
they 1
they 1
they 1
they 1
they 1
they 1
they 1
they 1
they 1
they 1
they 1
they 1
they 1
they 1
they 1
they 1
they 1
they 1
they 1
they 1
they 1
they 1
they 1
they 1
they 1
they 1
they 1
they 1
they 1
they 1
they 1
they 1
they 1
they 1
they 1
they 1
they 1
they 1
they 1
they 1
they 1
they 1
they 1
they 1
they 1
they 1
they 1
they 1
they 1
they 1
they 1
they 1
they 1
they 1
they 1
they 1
they 1
they 1
they 1
they 1
they 1
they 1
they 1
they 1
they 1
they 1
they 1
they 1
they 1
they 1
they 1
they 1
they 1
they 1
they 1
they 1
they 1
they 1
they 1
they 1
they 1
they 1
they 1
they 1
they 1
they 1
they 1
they 1
they 1
they 1
they 1
they 1
they 1
they 1
they 1
they 1
they 1
they 1
they 1
they 1
they 1
they 1
they 1
they 1
they 1
they 1
they 1
they 1
they 1
they 1
they 1
they 1
they 1
they 1
they 1
they 1
they 1
they 1
they 1
they 1
they 1
they 1
they 1
they 1
they 1
they 1
they 1
they 1
they 1
they 1
they 1
they 1
they 1
they 1
they 1
they 1
they 1
they 1
they 1
they 1
they 1
they 1
they 1
they 1
they 1
they 1
they 1
they 1
they 1
they 1
they 1
they 1
they 1
they 1
they 1
they 1
they 1
they 1
they 1
they 1
they 1
they 1
they 1
they 1
they 1
they 1
they 1
they 1
they 1
they 1
they 1
they 1
they 1
they 1
they 1
they 1
they 1
they 1
they 1
they 1
they 1
they 1
they 1
they 1
they 1
they 1
they 1
they 1
they 1
they 1
they 1
they 1
they 1
they 1
they 1
they 1
they 1
they 1
they 1
they 1
they 1
they 1
they 1
they 1
they 1
they 1
they 1
they 1
they 1
they 1
they 1
they 1
they 1
they 1
they 1
they 1
they 1
they 1
they 1
they 1
they 1
they 1
they 1
they 1
they 1
they 1
they 1
they 1
they 1
they 1
they 1
they 1
they 1
they 1
they 1
they 1
they 1
they 1
they 1
they 1
they 1
they 1
they 1
they 1
they 1
they 1
they 1
they 1
they 1
they 1
they 1
they 1
they 1
they 1
they 1
they 1
they 1
they 1
they 1
they 1
they 1
they 1
they 1
they 1
they 1
they 1
they 1
they 1
they 1
they 1
they 1
they 1
they 1
they 1
they 1
they 1
they 1
they 1
they 1
they 1
they 1
they 1
they 1
they 1
they 1
they 1
they 1
they 1
they 1
they 1
they 1
they 1
they 1
they 1
they 1
they 1
they 1
they 1
they 1
they 1
they 1
they 1
they 1
they 1
they 1
they 1
they 1
they 1
they 1
they 1
they 1
they 1
they 1
they 1
they 1
they 1
they 1
they 1
they 1
they 1
they 1
they 1
they 1
they 1
they 1
they 1
they 1
they 1
they 1
they 1
they 1
they 1
they 1
they 1
they 1
they 1
they 1
they 1
they 1
they 1
they 1
they 1
they 1
they 1
they 1
they 1
they 1
they 1
they 1
they 1
they 1
they 1
they 1
they 1
they 1
they 1
they 1
they 1
they 1
they 1
they 1
they 1
they 1
they 1
they 1
they 1
they 1
they 1
they 1
they 1
they 1
they 1
they 1
they 1
they 1
they 1
they 1
they 1
they 1
they 1
they 1
they 1
they 1
they 1
they 1
they 1
they 1
they 1
they 1
they 1
they 1
they 1
they 1
they 1
they 1
they 1
they 1
they 1
they 1
they 1
they 1
they 1
they 1
they 1
they 1
they 1
they 1
they 1
they 1
they 1
they 1
they 1
they 1
they 1
they 1
they 1
they 1
they 1
they 1
thicken 1
thinking 1
thinking 1
thinking 1
thinking 1
thinking 1
thinking 1
thinking 1
thinking 1
thinking 1
thinking 1
thinking 1
thinking 1
thinking 1
thinking 1
thinking 1
thinking 1
thinking 1
thinking 1
thinking 1
thinking 1
thinking 1
thinking 1
thinking 1
thinking 1
thinking 1
thinking 1
thinking 1
thinking 1
thinking 1
thinking 1
thinking 1
thinking 1
thinking 1
thinking 1
thirty 1
thirty 1
thirty 1
thirty 1
thirty 1
thirty 1
thirty 1
thirty 1
thirty 1
thirty 1
thirty 1
thirty 1
thirty 1
thirty 1
thirty 1
thirty 1
thirty 1
thirty 1
thirty 1
thirty 1
thirty 1
thirty 1
thirty 1
thou 1
thout 1
thout 1
tie 1
tie 1
tie 1
tie 1
tie 1
tie 1
tie 1
tie 1
tie 1
tie 1
tie 1
tie 1
tie 1
tilted 1
tilted 1
tilted 1
tilted 1
timbered 1
tire 1
tire 1
tire 1
tire 1
toe 1
toe 1
toe 1
toed 1
toed 1
together 1
together 1
together 1
together 1
together 1
together 1
together 1
together 1
together 1
together 1
together 1
together 1
together 1
together 1
together 1
together 1
together 1
together 1
together 1
together 1
together 1
together 1
together 1
together 1
tolerable 1
tolerable 1
tolerable 1
tolerable 1
tolerable 1
tolerable 1
tolerable 1
tolerable 1
tolerable 1
tomb 1
toned 1
toned 1
too 1
too 1
too 1
too 1
too 1
too 1
too 1
too 1
too 1
too 1
too 1
too 1
too 1
too 1
too 1
too 1
too 1
too 1
too 1
too 1
too 1
too 1
too 1
too 1
too 1
too 1
too 1
too 1
too 1
too 1
too 1
too 1
too 1
too 1
too 1
too 1
too 1
too 1
too 1
too 1
too 1
too 1
too 1
too 1
too 1
too 1
too 1
too 1
too 1
too 1
too 1
too 1
too 1
too 1
too 1
too 1
too 1
too 1
too 1
too 1
too 1
too 1
too 1
too 1
too 1
too 1
too 1
too 1
too 1
too 1
too 1
too 1
too 1
too 1
too 1
too 1
too 1
too 1
too 1
too 1
too 1
too 1
too 1
too 1
too 1
too 1
too 1
too 1
too 1
too 1
too 1
too 1
too 1
too 1
too 1
too 1
too 1
too 1
too 1
too 1
too 1
too 1
too 1
too 1
too 1
too 1
too 1
too 1
too 1
too 1
too 1
too 1
too 1
too 1
too 1
too 1
too 1
too 1
too 1
too 1
too 1
too 1
too 1
too 1
too 1
too 1
too 1
too 1
too 1
too 1
too 1
too 1
too 1
too 1
too 1
too 1
too 1
too 1
too 1
too 1
too 1
too 1
too 1
too 1
too 1
too 1
too 1
too 1
too 1
too 1
too 1
too 1
too 1
too 1
too 1
too 1
too 1
too 1
too 1
too 1
too 1
too 1
too 1
too 1
too 1
too 1
too 1
too 1
too 1
too 1
too 1
too 1
too 1
too 1
too 1
too 1
too 1
too 1
too 1
too 1
too 1
too 1
too 1
too 1
too 1
too 1
too 1
too 1
too 1
too 1
too 1
towhead 1
towhead 1
towhead 1
towhead 1
towhead 1
towhead 1
towhead 1
towhead 1
towhead 1
towhead 1
towhead 1
towhead 1
towhead 1
towhead 1
towhead 1
towhead 1
town 1
town 1
town 1
town 1
town 1
town 1
town 1
town 1
town 1
town 1
town 1
town 1
town 1
town 1
town 1
town 1
town 1
town 1
town 1
town 1
town 1
town 1
town 1
town 1
town 1
town 1
town 1
town 1
town 1
town 1
town 1
town 1
town 1
town 1
town 1
town 1
town 1
town 1
town 1
town 1
town 1
town 1
town 1
town 1
town 1
town 1
town 1
town 1
town 1
town 1
town 1
town 1
town 1
town 1
town 1
town 1
town 1
town 1
town 1
town 1
town 1
town 1
town 1
town 1
town 1
town 1
town 1
town 1
town 1
town 1
town 1
town 1
town 1
town 1
town 1
town 1
town 1
town 1
town 1
town 1
town 1
town 1
town 1
town 1
town 1
town 1
town 1
town 1
town 1
town 1
town 1
town 1
town 1
town 1
town 1
town 1
town 1
town 1
town 1
town 1
town 1
town 1
town 1
town 1
town 1
town 1
town 1
town 1
town 1
town 1
town 1
town 1
trade 1
trade 1
trade 1
trade 1
trader 1
treetops 1
tribe 1
tribe 1
tribe 1
tributes 1
tricks 1
tricks 1
troublesomest 1
trusting 1
trusting 1
trusting 1
turkey 1
turned 1
turned 1
turned 1
turned 1
turned 1
turned 1
turned 1
turned 1
turned 1
turned 1
turned 1
turned 1
turned 1
turned 1
turned 1
turned 1
turned 1
turned 1
turned 1
turned 1
turned 1
turned 1
turned 1
turned 1
turned 1
turned 1
turned 1
turned 1
turned 1
turned 1
turned 1
turned 1
turned 1
turned 1
turned 1
turned 1
turned 1
turned 1
turned 1
turned 1
turpentine 1
twarn 1
uneasier 1
unloads 1
us 1
us 1
us 1
us 1
us 1
us 1
us 1
us 1
us 1
us 1
us 1
us 1
us 1
us 1
us 1
us 1
us 1
us 1
us 1
us 1
us 1
us 1
us 1
us 1
us 1
us 1
us 1
us 1
us 1
us 1
us 1
us 1
us 1
us 1
us 1
us 1
us 1
us 1
us 1
us 1
us 1
us 1
us 1
us 1
us 1
us 1
us 1
us 1
us 1
us 1
us 1
us 1
us 1
us 1
us 1
us 1
us 1
us 1
us 1
us 1
us 1
us 1
us 1
us 1
us 1
us 1
us 1
us 1
us 1
us 1
us 1
us 1
us 1
us 1
us 1
us 1
us 1
us 1
us 1
us 1
us 1
us 1
us 1
us 1
us 1
us 1
us 1
us 1
us 1
us 1
us 1
us 1
us 1
us 1
us 1
us 1
us 1
us 1
us 1
us 1
us 1
us 1
us 1
us 1
us 1
us 1
us 1
us 1
us 1
us 1
us 1
us 1
us 1
us 1
us 1
us 1
us 1
us 1
us 1
us 1
us 1
us 1
us 1
us 1
us 1
us 1
us 1
us 1
us 1
us 1
us 1
us 1
us 1
us 1
us 1
us 1
us 1
us 1
us 1
us 1
us 1
us 1
us 1
us 1
us 1
us 1
us 1
us 1
us 1
us 1
us 1
us 1
us 1
us 1
us 1
us 1
us 1
us 1
us 1
us 1
us 1
us 1
us 1
us 1
us 1
us 1
us 1
us 1
us 1
us 1
us 1
us 1
visited 1
wadding 1
wadding 1
wake 1
wake 1
wake 1
wake 1
wake 1
wake 1
wake 1
wake 1
wake 1
wake 1
walked 1
walked 1
walked 1
walked 1
walked 1
walked 1
walked 1
walked 1
walked 1
want 1
want 1
want 1
want 1
want 1
want 1
want 1
want 1
want 1
want 1
want 1
want 1
want 1
want 1
want 1
want 1
want 1
want 1
want 1
want 1
want 1
want 1
want 1
want 1
want 1
want 1
want 1
want 1
want 1
want 1
want 1
want 1
want 1
want 1
want 1
want 1
want 1
want 1
want 1
want 1
want 1
want 1
want 1
want 1
want 1
want 1
want 1
want 1
want 1
want 1
want 1
want 1
want 1
want 1
want 1
want 1
want 1
want 1
want 1
want 1
want 1
want 1
want 1
want 1
want 1
want 1
want 1
want 1
want 1
want 1
want 1
want 1
want 1
want 1
want 1
want 1
want 1
want 1
want 1
want 1
want 1
want 1
want 1
want 1
want 1
want 1
want 1
want 1
want 1
want 1
want 1
want 1
want 1
want 1
want 1
want 1
want 1
want 1
want 1
want 1
want 1
want 1
want 1
want 1
want 1
want 1
want 1
want 1
want 1
want 1
want 1
want 1
want 1
want 1
want 1
want 1
want 1
want 1
want 1
want 1
want 1
want 1
want 1
want 1
want 1
want 1
want 1
want 1
want 1
want 1
want 1
want 1
want 1
want 1
want 1
want 1
want 1
want 1
want 1
want 1
want 1
want 1
want 1
want 1
want 1
want 1
want 1
want 1
want 1
want 1
want 1
want 1
want 1
want 1
want 1
want 1
warbling 1
warbling 1
wardrobe 1
warranted 1
weak 1
weak 1
weapon 1
weigh 1
when 1
when 1
when 1
when 1
when 1
when 1
when 1
when 1
when 1
when 1
when 1
when 1
when 1
when 1
when 1
when 1
when 1
when 1
when 1
when 1
when 1
when 1
when 1
when 1
when 1
when 1
when 1
when 1
when 1
when 1
when 1
when 1
when 1
when 1
when 1
when 1
when 1
when 1
when 1
when 1
when 1
when 1
when 1
when 1
when 1
when 1
when 1
when 1
when 1
when 1
when 1
when 1
when 1
when 1
when 1
when 1
when 1
when 1
when 1
when 1
when 1
when 1
when 1
when 1
when 1
when 1
when 1
when 1
when 1
when 1
when 1
when 1
when 1
when 1
when 1
when 1
when 1
when 1
when 1
when 1
when 1
when 1
when 1
when 1
when 1
when 1
when 1
when 1
when 1
when 1
when 1
when 1
when 1
when 1
when 1
when 1
when 1
when 1
when 1
when 1
when 1
when 1
when 1
when 1
when 1
when 1
when 1
when 1
when 1
when 1
when 1
when 1
when 1
when 1
when 1
when 1
when 1
when 1
when 1
when 1
when 1
when 1
when 1
when 1
when 1
when 1
when 1
when 1
when 1
when 1
when 1
when 1
when 1
when 1
when 1
when 1
when 1
when 1
when 1
when 1
when 1
when 1
when 1
when 1
when 1
when 1
when 1
when 1
when 1
when 1
when 1
when 1
when 1
when 1
when 1
when 1
when 1
when 1
when 1
when 1
when 1
when 1
when 1
when 1
when 1
when 1
when 1
when 1
when 1
when 1
when 1
when 1
when 1
when 1
when 1
when 1
when 1
when 1
when 1
when 1
when 1
when 1
when 1
when 1
when 1
when 1
when 1
when 1
when 1
when 1
when 1
when 1
when 1
when 1
when 1
when 1
when 1
when 1
when 1
when 1
when 1
when 1
when 1
when 1
when 1
when 1
when 1
when 1
when 1
when 1
when 1
when 1
when 1
when 1
when 1
when 1
when 1
when 1
when 1
when 1
when 1
when 1
when 1
when 1
when 1
when 1
when 1
when 1
when 1
when 1
when 1
when 1
when 1
when 1
when 1
when 1
when 1
when 1
when 1
when 1
when 1
when 1
when 1
when 1
when 1
when 1
when 1
when 1
when 1
when 1
when 1
when 1
when 1
when 1
when 1
when 1
when 1
when 1
when 1
when 1
when 1
when 1
when 1
when 1
when 1
when 1
when 1
when 1
when 1
when 1
when 1
when 1
when 1
when 1
when 1
when 1
when 1
when 1
when 1
when 1
when 1
when 1
when 1
when 1
when 1
when 1
when 1
when 1
when 1
when 1
when 1
when 1
when 1
when 1
when 1
when 1
when 1
when 1
when 1
when 1
when 1
when 1
when 1
when 1
when 1
when 1
when 1
when 1
when 1
when 1
when 1
when 1
when 1
when 1
when 1
when 1
when 1
when 1
when 1
when 1
when 1
when 1
when 1
when 1
when 1
when 1
when 1
when 1
when 1
when 1
when 1
when 1
when 1
when 1
when 1
when 1
when 1
when 1
when 1
when 1
when 1
when 1
when 1
when 1
when 1
whirling 1
whiskers 1
whiskers 1
whiskers 1
whiskers 1
whisper 1
whisper 1
whisper 1
whisper 1
whisper 1
why 1
why 1
why 1
why 1
why 1
why 1
why 1
why 1
why 1
why 1
why 1
why 1
why 1
why 1
why 1
why 1
why 1
why 1
why 1
why 1
why 1
why 1
why 1
why 1
why 1
why 1
why 1
why 1
why 1
why 1
why 1
why 1
why 1
why 1
why 1
why 1
why 1
why 1
why 1
wid 1
wid 1
wid 1
wid 1
wid 1
wid 1
wid 1
wid 1
wid 1
wid 1
wid 1
wid 1
wid 1
wid 1
wid 1
wid 1
wid 1
wid 1
widow 1
widow 1
widow 1
widow 1
widow 1
widow 1
widow 1
widow 1
widow 1
widow 1
widow 1
widow 1
widow 1
widow 1
widow 1
widow 1
widow 1
widow 1
widow 1
widow 1
widow 1
widow 1
widow 1
widow 1
widow 1
widow 1
widow 1
widow 1
widow 1
widow 1
widow 1
widow 1
widow 1
widow 1
widow 1
widow 1
widow 1
widow 1
widow 1
widow 1
widow 1
widow 1
widow 1
widow 1
wilt 1
wince 1
wives 1
wives 1
wives 1
wives 1
wives 1
wives 1
woman 1
woman 1
woman 1
woman 1
woman 1
woman 1
woman 1
woman 1
woman 1
woman 1
woman 1
woman 1
woman 1
woman 1
woman 1
woman 1
woman 1
woman 1
woman 1
woman 1
woman 1
woman 1
woman 1
woman 1
woman 1
woman 1
woman 1
woman 1
woman 1
woman 1
woman 1
woman 1
wont 1
woods 1
woods 1
woods 1
woods 1
woods 1
woods 1
woods 1
woods 1
woods 1
woods 1
woods 1
woods 1
woods 1
woods 1
woods 1
woods 1
woods 1
woods 1
woods 1
woods 1
woods 1
woods 1
woods 1
woods 1
woods 1
woods 1
woods 1
woods 1
woods 1
woods 1
woods 1
woods 1
woods 1
woods 1
woods 1
woods 1
woods 1
woods 1
woods 1
woods 1
woods 1
woods 1
woods 1
woods 1
woods 1
woods 1
woods 1
woods 1
woods 1
woods 1
woods 1
woods 1
woods 1
woods 1
woods 1
woods 1
woods 1
woods 1
woods 1
woods 1
woods 1
woods 1
woods 1
woods 1
woods 1
word 1
word 1
word 1
word 1
word 1
word 1
word 1
word 1
word 1
word 1
word 1
word 1
word 1
word 1
word 1
word 1
word 1
word 1
word 1
word 1
word 1
word 1
word 1
word 1
word 1
word 1
word 1
word 1
word 1
word 1
word 1
word 1
word 1
word 1
word 1
word 1
word 1
worms 1
worn 1
worn 1
worn 1
wrapping 1
wrapt 1
wreck 1
wreck 1
wreck 1
wreck 1
wreck 1
wreck 1
wreck 1
wreck 1
wreck 1
wreck 1
wreck 1
wreck 1
wreck 1
wreck 1
wreck 1
wreck 1
wreck 1
writ 1
yarn 1
yarn 1
yarn 1
yarn 1
yarn 1
yarn 1
ye 1
ye 1
ye 1
ye 1
ye 1
ye 1
ye 1
ye 1
yellow 1
yo 1
yo 1
yo 1
yo 1
yo 1
yo 1
yo 1
yo 1
yo 1
yo 1
yo 1
yo 1
yo 1
yo 1
yo 1
