ANYTHING 1
After 1
After 1
After 1
After 1
After 1
After 1
After 1
After 1
After 1
After 1
After 1
After 1
After 1
After 1
After 1
After 1
After 1
After 1
After 1
After 1
After 1
After 1
After 1
After 1
After 1
After 1
After 1
After 1
After 1
After 1
After 1
After 1
After 1
After 1
After 1
BEAR 1
BEAR 1
Beware 1
Boy 1
Boy 1
Boy 1
Bravo 1
CONTRACT 1
Cat 1
Cat 1
Cat 1
Cat 1
Cat 1
Cat 1
Cat 1
Cat 1
Cat 1
Cat 1
Cat 1
Cat 1
Cat 1
Cat 1
Cat 1
Cat 1
Cat 1
Cat 1
Cat 1
Come 1
Come 1
Come 1
Come 1
Come 1
Come 1
Come 1
Come 1
Come 1
Come 1
Come 1
Come 1
Come 1
Come 1
Dearest 1
EBOOK 1
EBOOK 1
ELSIE 1
ELSIE 1
FOUR 1
FOUR 1
Fair 1
Fear 1
Grant 1
HANS 1
HANS 1
HANS 1
HANS 1
HANS 1
HANS 1
HUNTSMEN 1
HUNTSMEN 1
Hearken 1
Hearken 1
Hearken 1
Hearken 1
Hearken 1
Hearken 1
Hearken 1
Here 1
Here 1
Here 1
Here 1
Here 1
Here 1
Here 1
Here 1
Here 1
Here 1
Here 1
Here 1
Here 1
Here 1
Here 1
Here 1
Here 1
Hesse 1
His 1
His 1
His 1
His 1
His 1
His 1
His 1
His 1
His 1
His 1
His 1
His 1
His 1
Instantly 1
Is 1
Is 1
Is 1
Is 1
Is 1
Is 1
Is 1
Is 1
Is 1
Is 1
Is 1
Is 1
Is 1
Is 1
LEARN 1
LEARN 1
LILY 1
LILY 1
Late 1
Late 1
MRS 1
MRS 1
Make 1
Marian 1
Marian 1
Marleen 1
Marleen 1
Marleen 1
Marleen 1
Marleen 1
Marleen 1
Marleen 1
Marleen 1
Marleen 1
Marleen 1
Marleen 1
Marleen 1
Marleen 1
Marleen 1
PARTLET 1
PARTLET 1
PARTLET 1
PARTLET 1
PARTLET 1
PGLAF 1
PLEASE 1
PURPOSE 1
Posting 1
REFUND 1
Reel 1
Reel 1
Royalty 1
Royalty 1
Rumpelstiltskin 1
SHANKS 1
SNAKE 1
SNAKE 1
Salt 1
Scarcely 1
Scarcely 1
Scarcely 1
Scarcely 1
Scarcely 1
Scarcely 1
Send 1
Set 1
Shall 1
Shall 1
Shall 1
She 1
She 1
She 1
She 1
She 1
She 1
She 1
She 1
She 1
She 1
She 1
She 1
She 1
She 1
She 1
She 1
She 1
She 1
She 1
She 1
She 1
She 1
She 1
She 1
She 1
She 1
She 1
She 1
She 1
She 1
She 1
She 1
She 1
She 1
She 1
She 1
She 1
She 1
She 1
She 1
She 1
She 1
She 1
She 1
She 1
She 1
She 1
She 1
She 1
She 1
She 1
She 1
She 1
She 1
She 1
She 1
She 1
She 1
She 1
She 1
She 1
She 1
She 1
She 1
She 1
She 1
She 1
She 1
She 1
She 1
She 1
She 1
She 1
She 1
She 1
She 1
She 1
She 1
She 1
She 1
She 1
She 1
She 1
She 1
She 1
She 1
She 1
She 1
She 1
She 1
She 1
She 1
She 1
She 1
Sir 1
Someone 1
Still 1
Strike 1
THEY 1
THEY 1
THIS 1
THIS 1
THIS 1
THIS 1
THIS 1
THREE 1
THREE 1
TOM 1
TOM 1
TOM 1
TURNIP 1
TURNIP 1
Thank 1
Thank 1
Their 1
Their 1
Tom 1
Tom 1
Tom 1
Tom 1
Tom 1
Tom 1
Tom 1
Tom 1
Tom 1
Tom 1
Tom 1
Tom 1
Tom 1
Tom 1
Tom 1
Tom 1
Tom 1
Tom 1
Tom 1
Tom 1
Tom 1
Tom 1
Tom 1
Tom 1
Tom 1
Tom 1
Towards 1
Towards 1
Translator 1
Tread 1
Ugh 1
University 1
WHAT 1
WHAT 1
WOLF 1
WOLF 1
WREN 1
WREN 1
Who 1
Who 1
Who 1
Who 1
Who 1
Who 1
Who 1
Who 1
Who 1
Who 1
Who 1
Who 1
Who 1
Who 1
Who 1
Who 1
Who 1
Who 1
Who 1
Who 1
Who 1
Who 1
Who 1
Whoever 1
Whoever 1
Woman 1
Worse 1
accepting 1
according 1
according 1
according 1
according 1
addresses 1
admitted 1
after 1
after 1
after 1
after 1
after 1
after 1
after 1
after 1
after 1
after 1
after 1
after 1
after 1
after 1
after 1
after 1
after 1
after 1
after 1
after 1
after 1
after 1
after 1
after 1
after 1
after 1
after 1
after 1
after 1
after 1
after 1
after 1
after 1
after 1
after 1
after 1
after 1
after 1
after 1
after 1
after 1
after 1
after 1
after 1
after 1
after 1
after 1
after 1
after 1
after 1
after 1
after 1
after 1
after 1
after 1
after 1
after 1
after 1
after 1
after 1
after 1
after 1
after 1
after 1
after 1
after 1
after 1
after 1
after 1
after 1
after 1
after 1
after 1
after 1
after 1
after 1
after 1
after 1
after 1
after 1
after 1
after 1
after 1
after 1
after 1
after 1
after 1
after 1
after 1
after 1
after 1
after 1
after 1
after 1
after 1
after 1
after 1
after 1
after 1
after 1
after 1
after 1
after 1
after 1
after 1
after 1
after 1
after 1
after 1
after 1
agreement 1
agreement 1
agreement 1
agreement 1
agreement 1
agreement 1
agreement 1
agreement 1
agreement 1
agreement 1
agreement 1
agreement 1
agreement 1
agreement 1
agreement 1
agreement 1
agreement 1
air 1
air 1
air 1
air 1
air 1
air 1
air 1
air 1
air 1
air 1
air 1
air 1
air 1
air 1
air 1
air 1
air 1
air 1
air 1
air 1
air 1
air 1
air 1
air 1
air 1
already 1
already 1
already 1
already 1
already 1
already 1
already 1
already 1
already 1
already 1
already 1
already 1
already 1
already 1
already 1
already 1
already 1
already 1
already 1
already 1
already 1
already 1
already 1
already 1
already 1
already 1
already 1
already 1
already 1
already 1
already 1
already 1
already 1
already 1
already 1
already 1
alter 1
ambush 1
amends 1
amicably 1
angels 1
angels 1
angels 1
anointed 1
anything 1
anything 1
anything 1
anything 1
anything 1
anything 1
anything 1
anything 1
anything 1
anything 1
anything 1
anything 1
anything 1
anything 1
anything 1
anything 1
anything 1
anything 1
anything 1
anything 1
anything 1
anything 1
anything 1
anything 1
anything 1
anything 1
anything 1
anything 1
anything 1
anything 1
anything 1
anything 1
anything 1
anything 1
anything 1
anything 1
anything 1
anything 1
anything 1
anything 1
anything 1
anything 1
anything 1
anything 1
anything 1
appetite 1
appetite 1
appointed 1
armour 1
armour 1
armour 1
armour 1
arose 1
arose 1
arose 1
arose 1
arose 1
arose 1
arose 1
arose 1
ascending 1
asked 1
asked 1
asked 1
asked 1
asked 1
asked 1
asked 1
asked 1
asked 1
asked 1
asked 1
asked 1
asked 1
asked 1
asked 1
asked 1
asked 1
asked 1
asked 1
asked 1
asked 1
asked 1
asked 1
asked 1
asked 1
asked 1
asked 1
asked 1
asked 1
asked 1
asked 1
asked 1
asked 1
asked 1
asked 1
asked 1
asked 1
asked 1
asked 1
asked 1
asked 1
asked 1
asked 1
asked 1
asked 1
asked 1
asked 1
asked 1
asked 1
asked 1
asked 1
asked 1
asked 1
asked 1
asked 1
asked 1
asked 1
asked 1
asked 1
asked 1
asked 1
asked 1
asked 1
asked 1
asked 1
asked 1
asked 1
asked 1
asked 1
asked 1
asked 1
asked 1
asked 1
asked 1
asked 1
asked 1
asked 1
asked 1
asked 1
asked 1
asked 1
asked 1
asked 1
asked 1
asked 1
asked 1
asked 1
asked 1
asked 1
asked 1
asked 1
asked 1
asked 1
asked 1
asked 1
asked 1
asked 1
asked 1
asked 1
asked 1
asked 1
asked 1
asked 1
asked 1
asked 1
asked 1
asked 1
asked 1
asked 1
asked 1
asked 1
asked 1
asked 1
asked 1
asked 1
asked 1
asked 1
asked 1
asked 1
asked 1
asked 1
asked 1
asked 1
asked 1
asked 1
asked 1
asked 1
asked 1
asleep 1
asleep 1
asleep 1
asleep 1
asleep 1
asleep 1
asleep 1
asleep 1
asleep 1
asleep 1
asleep 1
asleep 1
asleep 1
asleep 1
asleep 1
asleep 1
asleep 1
asleep 1
asleep 1
asleep 1
asleep 1
asleep 1
asleep 1
asleep 1
asleep 1
asleep 1
asleep 1
asleep 1
asleep 1
asleep 1
asleep 1
asleep 1
asleep 1
asleep 1
asleep 1
asleep 1
asleep 1
asleep 1
asleep 1
asleep 1
asleep 1
asleep 1
asleep 1
asleep 1
asleep 1
asleep 1
asleep 1
asleep 1
asleep 1
asleep 1
asleep 1
asleep 1
asleep 1
asleep 1
asleep 1
asleep 1
asleep 1
asleep 1
asleep 1
asleep 1
asleep 1
asleep 1
asleep 1
assembled 1
assembled 1
assembled 1
awakened 1
awakened 1
awakened 1
awakened 1
awakened 1
baby 1
baby 1
baby 1
backed 1
backs 1
bark 1
bark 1
bark 1
bark 1
battlefield 1
bean 1
bean 1
bean 1
bean 1
beard 1
beard 1
beard 1
beard 1
beard 1
beard 1
beard 1
beard 1
beard 1
beard 1
beard 1
beard 1
beard 1
beard 1
beard 1
beard 1
beard 1
beard 1
beard 1
beard 1
beard 1
beard 1
beard 1
beard 1
beard 1
beard 1
beard 1
beds 1
beds 1
beds 1
beds 1
beds 1
beds 1
beds 1
been 1
been 1
been 1
been 1
been 1
been 1
been 1
been 1
been 1
been 1
been 1
been 1
been 1
been 1
been 1
been 1
been 1
been 1
been 1
been 1
been 1
been 1
been 1
been 1
been 1
been 1
been 1
been 1
been 1
been 1
been 1
been 1
been 1
been 1
been 1
been 1
been 1
been 1
been 1
been 1
been 1
been 1
been 1
been 1
been 1
been 1
been 1
been 1
been 1
been 1
been 1
been 1
been 1
been 1
been 1
been 1
been 1
been 1
been 1
been 1
been 1
been 1
been 1
been 1
been 1
been 1
been 1
been 1
been 1
been 1
been 1
been 1
been 1
been 1
been 1
been 1
been 1
been 1
been 1
been 1
been 1
been 1
been 1
been 1
been 1
been 1
been 1
been 1
been 1
been 1
been 1
been 1
been 1
been 1
been 1
been 1
been 1
been 1
been 1
been 1
been 1
been 1
been 1
been 1
been 1
been 1
been 1
been 1
been 1
been 1
been 1
been 1
been 1
been 1
been 1
been 1
been 1
been 1
been 1
been 1
been 1
been 1
been 1
been 1
been 1
been 1
been 1
been 1
been 1
been 1
been 1
been 1
been 1
been 1
been 1
been 1
been 1
been 1
been 1
been 1
been 1
been 1
been 1
been 1
been 1
bells 1
bells 1
bells 1
bells 1
belly 1
belly 1
belly 1
belonged 1
belonged 1
belonged 1
belonged 1
belonged 1
belonged 1
belonged 1
belongs 1
belongs 1
belongs 1
bench 1
bench 1
bench 1
bench 1
bench 1
benches 1
benches 1
benches 1
better 1
better 1
better 1
better 1
better 1
better 1
better 1
better 1
better 1
better 1
better 1
better 1
better 1
better 1
better 1
better 1
better 1
better 1
better 1
better 1
better 1
better 1
better 1
better 1
better 1
better 1
better 1
better 1
better 1
better 1
better 1
better 1
better 1
better 1
better 1
better 1
better 1
better 1
better 1
better 1
better 1
better 1
better 1
better 1
better 1
better 1
better 1
better 1
better 1
better 1
bier 1
bigger 1
bigger 1
bigger 1
bigger 1
bigger 1
bigger 1
bigger 1
bitter 1
bitter 1
bitter 1
bitter 1
bleed 1
blew 1
blew 1
blew 1
blew 1
blew 1
blew 1
blinded 1
blinded 1
blue 1
blue 1
blue 1
blue 1
blue 1
blue 1
blue 1
blue 1
blue 1
blue 1
blue 1
blue 1
blue 1
bodies 1
bodies 1
bodies 1
boiling 1
boiling 1
boiling 1
boiling 1
boiling 1
bolted 1
bone 1
bone 1
borne 1
bow 1
bow 1
bow 1
bow 1
bow 1
bow 1
bow 1
bow 1
bow 1
bow 1
bow 1
bread 1
bread 1
bread 1
bread 1
bread 1
bread 1
bread 1
bread 1
bread 1
bread 1
bread 1
bread 1
bread 1
bread 1
bread 1
bread 1
bread 1
bread 1
bread 1
bread 1
bread 1
bread 1
bread 1
bread 1
bread 1
bread 1
bread 1
bread 1
bread 1
bread 1
bread 1
bread 1
bread 1
bread 1
bread 1
bread 1
bread 1
bread 1
bread 1
bread 1
bread 1
bread 1
bread 1
bread 1
bridal 1
bright 1
bright 1
bright 1
bright 1
bright 1
bright 1
bright 1
brink 1
brink 1
brink 1
broad 1
broad 1
broad 1
broad 1
broad 1
bucket 1
built 1
built 1
built 1
built 1
built 1
built 1
built 1
built 1
built 1
burnished 1
bushes 1
bushes 1
bushes 1
business 1
business 1
business 1
business 1
business 1
business 1
business 1
business 1
business 1
business 1
business 1
business 1
business 1
butler 1
butler 1
butler 1
call 1
call 1
call 1
caring 1
carpenter 1
carpenter 1
carriage 1
carriage 1
carriage 1
carriage 1
carriage 1
carriage 1
carriage 1
carriage 1
carriage 1
carriage 1
carriage 1
carriage 1
carriage 1
cask 1
cask 1
cask 1
cask 1
cask 1
cask 1
cask 1
cask 1
cask 1
cask 1
cask 1
cask 1
castle 1
castle 1
castle 1
castle 1
castle 1
castle 1
castle 1
castle 1
castle 1
castle 1
castle 1
castle 1
castle 1
castle 1
castle 1
castle 1
castle 1
castle 1
castle 1
castle 1
castle 1
castle 1
castle 1
castle 1
castle 1
castle 1
castle 1
castle 1
castle 1
castle 1
castle 1
castle 1
castle 1
castle 1
castle 1
castle 1
castle 1
castle 1
castle 1
castle 1
castle 1
castle 1
castle 1
castle 1
castle 1
castle 1
castle 1
castle 1
castle 1
castle 1
castle 1
castle 1
castle 1
castle 1
castle 1
castle 1
castle 1
castle 1
castle 1
castle 1
castle 1
castle 1
castle 1
castle 1
castle 1
castle 1
castle 1
castle 1
castle 1
castle 1
castle 1
castle 1
castle 1
castle 1
castle 1
castle 1
castle 1
castle 1
castle 1
castle 1
castle 1
castle 1
caught 1
caught 1
caught 1
caught 1
caught 1
caught 1
caught 1
caught 1
caught 1
caught 1
caught 1
caught 1
caught 1
caught 1
caught 1
caught 1
caught 1
caught 1
caught 1
caught 1
caught 1
caught 1
caught 1
caught 1
caught 1
century 1
ceremony 1
ceremony 1
certain 1
certain 1
certain 1
certain 1
certain 1
certain 1
certain 1
certain 1
certain 1
certain 1
chance 1
chance 1
chance 1
chance 1
chance 1
chanced 1
chanced 1
chanced 1
changed 1
changed 1
changed 1
changed 1
changed 1
changed 1
changed 1
changed 1
changed 1
changed 1
changed 1
changed 1
charities 1
cheated 1
cheated 1
check 1
check 1
cheek 1
cheek 1
chestnut 1
chestnut 1
chestnut 1
chickens 1
chickens 1
chickens 1
chickens 1
chickens 1
chickens 1
chin 1
chirping 1
chirping 1
chirping 1
cleft 1
cleverly 1
clip 1
clock 1
clock 1
clock 1
clock 1
clock 1
clock 1
clock 1
clock 1
clock 1
clock 1
clock 1
clock 1
clock 1
clock 1
clock 1
clock 1
clock 1
clock 1
cloth 1
cloth 1
cloth 1
cloth 1
cloth 1
cloth 1
cloth 1
coachman 1
coachman 1
coast 1
codes 1
coiled 1
coined 1
committed 1
computers 1
computers 1
concealed 1
concealed 1
concealed 1
concealed 1
conceive 1
conscience 1
conscious 1
considered 1
considered 1
contented 1
contented 1
contented 1
cord 1
cord 1
cord 1
cord 1
cord 1
cord 1
corn 1
corn 1
corn 1
corn 1
corn 1
corn 1
corporation 1
couch 1
couch 1
couch 1
couch 1
counselled 1
couple 1
couple 1
couple 1
courage 1
courage 1
craftily 1
crowned 1
cry 1
cry 1
cry 1
cry 1
cry 1
cry 1
cry 1
cry 1
cry 1
cry 1
cry 1
cur 1
data 1
dead 1
dead 1
dead 1
dead 1
dead 1
dead 1
dead 1
dead 1
dead 1
dead 1
dead 1
dead 1
dead 1
dead 1
dead 1
dead 1
dead 1
dead 1
dead 1
dead 1
dead 1
dead 1
dead 1
dead 1
dead 1
dead 1
dead 1
dead 1
dead 1
dead 1
dead 1
dead 1
dead 1
dead 1
dead 1
dead 1
dead 1
dead 1
dead 1
dead 1
dead 1
dead 1
dead 1
dead 1
dead 1
dead 1
dead 1
dead 1
dead 1
dead 1
dead 1
dead 1
dead 1
dead 1
dead 1
dead 1
dead 1
dead 1
dearest 1
dearest 1
dearest 1
dearest 1
dearest 1
dearest 1
dearest 1
dearest 1
dearest 1
declare 1
delayed 1
demanded 1
descend 1
descend 1
descend 1
descend 1
describing 1
deserve 1
deserve 1
deserve 1
desire 1
desire 1
desire 1
desire 1
desire 1
desire 1
desire 1
desire 1
desire 1
desire 1
desire 1
dim 1
dim 1
dim 1
disenchanted 1
disenchanted 1
dismounted 1
disputed 1
distribution 1
distribution 1
distribution 1
distribution 1
distribution 1
distribution 1
district 1
district 1
donkey 1
doubt 1
doubt 1
doubt 1
doubt 1
doubt 1
doubt 1
drawers 1
drawing 1
drawing 1
drawing 1
drawing 1
dread 1
dread 1
dread 1
dread 1
dressed 1
dressed 1
dressed 1
dressed 1
dressed 1
dressed 1
dressed 1
dressed 1
dressed 1
dressed 1
dressed 1
dressed 1
driven 1
driven 1
driven 1
driven 1
driven 1
dropped 1
dropped 1
dropped 1
dropped 1
dropped 1
dropped 1
dropped 1
dropped 1
dumpling 1
dwarf 1
dwarf 1
dwarf 1
dwarf 1
dwarf 1
dwarf 1
dwarf 1
dwarf 1
dwarf 1
dwarf 1
dwarf 1
dwarf 1
dwarf 1
dwarf 1
dwarf 1
dwarf 1
dwarf 1
dwarf 1
dwarf 1
dwarf 1
dwarf 1
dwarf 1
dwarf 1
dwarf 1
dwarf 1
dwarf 1
dwarf 1
dwarf 1
dwarf 1
dwarf 1
dwarf 1
dwarf 1
dwarf 1
dwarf 1
dwarf 1
dwarf 1
dwarf 1
dwarf 1
dwarf 1
dwarf 1
dwarf 1
dwarf 1
dwarf 1
dwarf 1
dwarf 1
dwarf 1
dwarf 1
dwarf 1
dwarf 1
dwarf 1
dwarf 1
dwarf 1
dwarf 1
dwarf 1
dwarf 1
dwarf 1
dwarf 1
dwarf 1
dwarf 1
dwarf 1
dwarf 1
dwarf 1
dwelling 1
dwelling 1
dwelling 1
eBook 1
eBook 1
eBook 1
eBook 1
eBook 1
eBook 1
ear 1
ear 1
ear 1
ear 1
ear 1
ear 1
ear 1
ear 1
ear 1
earning 1
eating 1
eating 1
eating 1
eating 1
eating 1
eating 1
eating 1
eating 1
eating 1
eating 1
eating 1
eating 1
eating 1
eggs 1
eggs 1
eggs 1
eggs 1
eggs 1
eggs 1
eggs 1
eggs 1
eggs 1
emptied 1
emptied 1
emptied 1
emptied 1
emptied 1
enchanted 1
enchanted 1
enchanted 1
enchanted 1
enchanted 1
enchanted 1
enchanted 1
enchanted 1
enchanted 1
enjoyed 1
enjoyed 1
essential 1
ever 1
ever 1
ever 1
ever 1
ever 1
ever 1
ever 1
ever 1
ever 1
ever 1
ever 1
ever 1
ever 1
ever 1
ever 1
ever 1
ever 1
ever 1
ever 1
ever 1
ever 1
ever 1
ever 1
ever 1
ever 1
ever 1
ever 1
ever 1
ever 1
ever 1
exactly 1
exactly 1
exactly 1
exactly 1
exactly 1
exists 1
expected 1
expected 1
expected 1
expedient 1
experience 1
exporting 1
fact 1
fascinated 1
fault 1
favoured 1
feathers 1
feathers 1
feathers 1
feathers 1
feathers 1
feathers 1
feathers 1
feathers 1
feathers 1
feathers 1
feathers 1
fellows 1
fellows 1
fellows 1
fig 1
fine 1
fine 1
fine 1
fine 1
fine 1
fine 1
fine 1
fine 1
fine 1
fine 1
fine 1
fine 1
fine 1
fine 1
fine 1
fine 1
fine 1
fine 1
fine 1
fine 1
fine 1
fine 1
fine 1
fine 1
fine 1
fine 1
fine 1
fine 1
fine 1
fine 1
fine 1
fine 1
fine 1
fine 1
fine 1
fine 1
fine 1
fine 1
fine 1
fine 1
fine 1
fine 1
fine 1
fine 1
fine 1
fine 1
fine 1
fine 1
fine 1
fine 1
fine 1
fingers 1
fingers 1
fingers 1
fingers 1
fingers 1
fingers 1
fingers 1
fingers 1
fingers 1
fingers 1
fishes 1
fishes 1
fishes 1
fishes 1
fishes 1
flames 1
flames 1
flames 1
flames 1
flames 1
flames 1
flames 1
flesh 1
flesh 1
flesh 1
flesh 1
flesh 1
flesh 1
floor 1
floor 1
floor 1
floor 1
floor 1
floor 1
floor 1
floor 1
floor 1
floor 1
floor 1
fluttering 1
fluttering 1
folk 1
folk 1
folly 1
folly 1
foot 1
foot 1
foot 1
foot 1
foot 1
foot 1
foot 1
foot 1
foot 1
foot 1
foot 1
foot 1
foot 1
foot 1
foot 1
foot 1
foot 1
foot 1
foot 1
foot 1
foot 1
footing 1
forfeited 1
fretted 1
frozen 1
frozen 1
fruit 1
fruit 1
fruit 1
funny 1
furnished 1
furs 1
fury 1
gaily 1
giants 1
giants 1
giants 1
giants 1
giants 1
giants 1
giants 1
giants 1
giants 1
giants 1
giants 1
giants 1
giants 1
giants 1
giants 1
giants 1
gloom 1
gloom 1
goes 1
goes 1
goes 1
goes 1
goes 1
goes 1
goes 1
goes 1
goes 1
going 1
going 1
going 1
going 1
going 1
going 1
going 1
going 1
going 1
going 1
going 1
going 1
going 1
going 1
going 1
going 1
going 1
going 1
going 1
going 1
going 1
going 1
going 1
going 1
going 1
going 1
going 1
going 1
going 1
going 1
going 1
going 1
going 1
going 1
going 1
going 1
going 1
going 1
going 1
going 1
going 1
going 1
going 1
going 1
going 1
going 1
going 1
going 1
going 1
going 1
going 1
going 1
going 1
going 1
going 1
going 1
going 1
going 1
going 1
going 1
going 1
going 1
going 1
going 1
going 1
going 1
going 1
going 1
going 1
going 1
going 1
going 1
going 1
going 1
going 1
grass 1
grass 1
grass 1
grass 1
grass 1
grass 1
greedy 1
greedy 1
greedy 1
guilty 1
hangest 1
hangest 1
hangest 1
happy 1
happy 1
happy 1
happy 1
happy 1
happy 1
happy 1
happy 1
happy 1
happy 1
happy 1
happy 1
happy 1
happy 1
happy 1
happy 1
happy 1
happy 1
happy 1
happy 1
happy 1
happy 1
happy 1
happy 1
happy 1
hardly 1
hardly 1
hardly 1
hardly 1
hardly 1
hardly 1
hardly 1
hardly 1
hardly 1
hardly 1
hatching 1
hated 1
hated 1
haughty 1
hazel 1
hazel 1
hazel 1
hazel 1
hazel 1
hazel 1
hazel 1
hazel 1
hazel 1
hazel 1
hazel 1
hazel 1
heart 1
heart 1
heart 1
heart 1
heart 1
heart 1
heart 1
heart 1
heart 1
heart 1
heart 1
heart 1
heart 1
heart 1
heart 1
heart 1
heart 1
heart 1
heart 1
heart 1
heart 1
heart 1
heart 1
heart 1
heart 1
heart 1
heart 1
heart 1
heart 1
heart 1
heart 1
heart 1
heart 1
heart 1
heart 1
heart 1
heart 1
heart 1
heart 1
heart 1
heart 1
heart 1
heart 1
heart 1
heart 1
heart 1
heart 1
heart 1
heart 1
heart 1
heart 1
heart 1
heart 1
heart 1
heart 1
heart 1
heart 1
heart 1
heart 1
heart 1
heart 1
heart 1
heart 1
heart 1
heart 1
heart 1
heart 1
heart 1
heart 1
heart 1
heart 1
heart 1
heart 1
hearth 1
hearth 1
hearth 1
hearth 1
hearth 1
hearth 1
hearth 1
hearth 1
heavens 1
heavens 1
heavens 1
heavens 1
heavens 1
heavens 1
heavens 1
heroic 1
hillock 1
hope 1
hope 1
hope 1
hope 1
hope 1
hope 1
horseback 1
horseback 1
horseback 1
horses 1
horses 1
horses 1
horses 1
horses 1
horses 1
horses 1
horses 1
horses 1
horses 1
horses 1
horses 1
horses 1
horses 1
horses 1
horses 1
horses 1
horses 1
horses 1
house 1
house 1
house 1
house 1
house 1
house 1
house 1
house 1
house 1
house 1
house 1
house 1
house 1
house 1
house 1
house 1
house 1
house 1
house 1
house 1
house 1
house 1
house 1
house 1
house 1
house 1
house 1
house 1
house 1
house 1
house 1
house 1
house 1
house 1
house 1
house 1
house 1
house 1
house 1
house 1
house 1
house 1
house 1
house 1
house 1
house 1
house 1
house 1
house 1
house 1
house 1
house 1
house 1
house 1
house 1
house 1
house 1
house 1
house 1
house 1
house 1
house 1
house 1
house 1
house 1
house 1
house 1
house 1
house 1
house 1
house 1
house 1
house 1
house 1
house 1
house 1
house 1
house 1
house 1
house 1
house 1
house 1
house 1
house 1
house 1
house 1
house 1
house 1
house 1
house 1
house 1
house 1
house 1
house 1
house 1
house 1
house 1
house 1
house 1
house 1
house 1
house 1
house 1
house 1
house 1
house 1
house 1
house 1
house 1
house 1
house 1
house 1
house 1
house 1
house 1
house 1
house 1
house 1
house 1
house 1
house 1
house 1
house 1
house 1
house 1
house 1
howl 1
howl 1
howl 1
hunter 1
hunter 1
huntsman 1
huntsman 1
huntsman 1
huntsman 1
huntsman 1
huntsman 1
huntsman 1
huntsman 1
huntsman 1
huntsman 1
huntsman 1
huntsman 1
huntsman 1
huntsman 1
huntsman 1
huntsman 1
huntsman 1
huntsman 1
huntsman 1
huntsman 1
huntsman 1
huntsman 1
huntsman 1
huntsman 1
huntsman 1
huntsman 1
huntsman 1
huntsman 1
huntsman 1
huntsman 1
huntsman 1
huntsman 1
huntsman 1
huntsman 1
huntsman 1
huntsman 1
huntsman 1
huntsman 1
huntsman 1
hush 1
illustration 1
imagine 1
imagine 1
imagine 1
imagine 1
indicating 1
ingratitude 1
instead 1
instead 1
instead 1
instead 1
instead 1
instead 1
instead 1
instead 1
insulted 1
insulted 1
intellectual 1
intellectual 1
intending 1
is 1
is 1
is 1
is 1
is 1
is 1
is 1
is 1
is 1
is 1
is 1
is 1
is 1
is 1
is 1
is 1
is 1
is 1
is 1
is 1
is 1
is 1
is 1
is 1
is 1
is 1
is 1
is 1
is 1
is 1
is 1
is 1
is 1
is 1
is 1
is 1
is 1
is 1
is 1
is 1
is 1
is 1
is 1
is 1
is 1
is 1
is 1
is 1
is 1
is 1
is 1
is 1
is 1
is 1
is 1
is 1
is 1
is 1
is 1
is 1
is 1
is 1
is 1
is 1
is 1
is 1
is 1
is 1
is 1
is 1
is 1
is 1
is 1
is 1
is 1
is 1
is 1
is 1
is 1
is 1
is 1
is 1
is 1
is 1
is 1
is 1
is 1
is 1
is 1
is 1
is 1
is 1
is 1
is 1
is 1
is 1
is 1
is 1
is 1
is 1
is 1
is 1
is 1
is 1
is 1
is 1
is 1
is 1
is 1
is 1
is 1
is 1
is 1
is 1
is 1
is 1
is 1
is 1
is 1
is 1
is 1
is 1
is 1
is 1
is 1
is 1
is 1
is 1
is 1
is 1
is 1
is 1
is 1
is 1
is 1
is 1
is 1
is 1
is 1
is 1
is 1
is 1
is 1
is 1
is 1
is 1
is 1
is 1
is 1
is 1
is 1
is 1
is 1
is 1
is 1
is 1
is 1
is 1
is 1
is 1
is 1
is 1
is 1
is 1
is 1
is 1
is 1
is 1
is 1
is 1
is 1
is 1
is 1
is 1
is 1
is 1
is 1
is 1
is 1
is 1
is 1
is 1
is 1
is 1
is 1
is 1
is 1
is 1
is 1
is 1
is 1
is 1
is 1
is 1
is 1
is 1
is 1
is 1
is 1
is 1
is 1
is 1
is 1
is 1
is 1
is 1
is 1
is 1
is 1
is 1
is 1
is 1
is 1
is 1
is 1
is 1
is 1
is 1
is 1
is 1
is 1
is 1
is 1
is 1
is 1
is 1
is 1
is 1
is 1
is 1
is 1
is 1
is 1
is 1
is 1
is 1
is 1
is 1
is 1
is 1
is 1
is 1
is 1
is 1
is 1
is 1
is 1
is 1
is 1
is 1
is 1
is 1
is 1
is 1
is 1
is 1
is 1
is 1
is 1
is 1
is 1
is 1
is 1
is 1
is 1
is 1
is 1
is 1
is 1
is 1
is 1
is 1
is 1
is 1
is 1
is 1
is 1
is 1
is 1
is 1
is 1
is 1
is 1
is 1
is 1
is 1
is 1
is 1
is 1
is 1
is 1
is 1
is 1
is 1
is 1
is 1
is 1
is 1
is 1
is 1
is 1
is 1
is 1
is 1
is 1
is 1
is 1
is 1
is 1
is 1
is 1
is 1
is 1
is 1
is 1
is 1
is 1
is 1
is 1
is 1
is 1
is 1
is 1
is 1
is 1
is 1
is 1
is 1
is 1
is 1
is 1
is 1
is 1
is 1
is 1
is 1
is 1
is 1
is 1
is 1
is 1
is 1
is 1
is 1
is 1
is 1
is 1
is 1
is 1
is 1
is 1
is 1
is 1
is 1
is 1
is 1
is 1
is 1
is 1
is 1
is 1
is 1
is 1
is 1
is 1
is 1
is 1
is 1
is 1
is 1
is 1
is 1
is 1
is 1
is 1
is 1
is 1
is 1
is 1
is 1
is 1
is 1
is 1
is 1
is 1
is 1
is 1
is 1
is 1
is 1
is 1
is 1
is 1
is 1
is 1
is 1
is 1
is 1
is 1
is 1
is 1
is 1
is 1
is 1
is 1
is 1
is 1
is 1
is 1
is 1
is 1
is 1
is 1
is 1
is 1
is 1
is 1
is 1
is 1
is 1
is 1
is 1
is 1
is 1
is 1
is 1
is 1
is 1
is 1
is 1
is 1
is 1
is 1
is 1
is 1
is 1
is 1
is 1
is 1
is 1
is 1
is 1
is 1
is 1
is 1
is 1
is 1
is 1
is 1
is 1
is 1
is 1
is 1
is 1
is 1
is 1
is 1
is 1
is 1
is 1
is 1
is 1
is 1
is 1
is 1
is 1
is 1
is 1
is 1
is 1
is 1
is 1
is 1
is 1
is 1
is 1
is 1
is 1
its 1
its 1
its 1
its 1
its 1
its 1
its 1
its 1
its 1
its 1
its 1
its 1
its 1
its 1
its 1
its 1
its 1
its 1
its 1
its 1
its 1
its 1
its 1
its 1
its 1
its 1
its 1
its 1
its 1
its 1
its 1
its 1
its 1
its 1
its 1
its 1
its 1
its 1
its 1
its 1
its 1
its 1
its 1
its 1
its 1
its 1
its 1
its 1
its 1
its 1
its 1
jacket 1
jogged 1
jogged 1
jogged 1
jogged 1
jogged 1
journeying 1
journeying 1
joyfully 1
joyfully 1
joyfully 1
joyfully 1
keys 1
keys 1
kick 1
knees 1
knees 1
knees 1
knees 1
knees 1
knees 1
knees 1
knees 1
knees 1
knelt 1
laden 1
ladies 1
ladies 1
ladies 1
landed 1
law 1
law 1
law 1
law 1
learnt 1
learnt 1
learnt 1
learnt 1
learnt 1
learnt 1
learnt 1
learnt 1
learnt 1
learnt 1
learnt 1
learnt 1
learnt 1
learnt 1
learnt 1
learnt 1
learnt 1
learnt 1
leaves 1
leaves 1
leaves 1
leaves 1
leaves 1
leaves 1
leaves 1
leaving 1
legged 1
legged 1
legged 1
legged 1
legged 1
legged 1
lifted 1
lifted 1
lifted 1
lifted 1
lifted 1
lifted 1
lifted 1
lifted 1
lifted 1
lifted 1
lifted 1
lifted 1
lifted 1
lifted 1
lifted 1
lifted 1
lifted 1
lifted 1
limb 1
line 1
line 1
line 1
line 1
liquid 1
liquor 1
loaf 1
loaf 1
loaf 1
loaf 1
loaf 1
loaf 1
loaf 1
loaf 1
located 1
located 1
located 1
located 1
locks 1
locks 1
locks 1
locks 1
locks 1
locks 1
locks 1
long 1
long 1
long 1
long 1
long 1
long 1
long 1
long 1
long 1
long 1
long 1
long 1
long 1
long 1
long 1
long 1
long 1
long 1
long 1
long 1
long 1
long 1
long 1
long 1
long 1
long 1
long 1
long 1
long 1
long 1
long 1
long 1
long 1
long 1
long 1
long 1
long 1
long 1
long 1
long 1
long 1
long 1
long 1
long 1
long 1
long 1
long 1
long 1
long 1
long 1
long 1
long 1
long 1
long 1
long 1
long 1
long 1
long 1
long 1
long 1
long 1
long 1
long 1
long 1
long 1
long 1
long 1
long 1
long 1
long 1
long 1
long 1
long 1
long 1
long 1
long 1
long 1
long 1
long 1
long 1
long 1
long 1
long 1
long 1
long 1
long 1
long 1
long 1
long 1
long 1
long 1
long 1
long 1
long 1
long 1
long 1
long 1
long 1
long 1
long 1
long 1
long 1
long 1
long 1
long 1
long 1
long 1
long 1
long 1
long 1
long 1
long 1
long 1
long 1
long 1
long 1
long 1
long 1
long 1
long 1
long 1
long 1
long 1
long 1
long 1
long 1
long 1
long 1
long 1
long 1
long 1
long 1
long 1
long 1
long 1
long 1
long 1
long 1
long 1
long 1
long 1
long 1
long 1
loose 1
loose 1
loose 1
lovelier 1
lovelier 1
lovelier 1
lovelier 1
lurch 1
mad 1
mad 1
mad 1
madman 1
magical 1
make 1
make 1
make 1
make 1
make 1
make 1
make 1
make 1
make 1
make 1
make 1
make 1
make 1
make 1
make 1
make 1
make 1
make 1
make 1
make 1
make 1
make 1
make 1
make 1
make 1
make 1
make 1
make 1
make 1
make 1
make 1
make 1
make 1
make 1
make 1
make 1
make 1
make 1
make 1
make 1
make 1
make 1
make 1
make 1
make 1
make 1
make 1
make 1
make 1
make 1
make 1
make 1
make 1
make 1
make 1
make 1
make 1
make 1
make 1
make 1
make 1
make 1
make 1
make 1
make 1
make 1
make 1
make 1
make 1
make 1
make 1
make 1
make 1
make 1
make 1
make 1
make 1
make 1
make 1
make 1
make 1
man 1
man 1
man 1
man 1
man 1
man 1
man 1
man 1
man 1
man 1
man 1
man 1
man 1
man 1
man 1
man 1
man 1
man 1
man 1
man 1
man 1
man 1
man 1
man 1
man 1
man 1
man 1
man 1
man 1
man 1
man 1
man 1
man 1
man 1
man 1
man 1
man 1
man 1
man 1
man 1
man 1
man 1
man 1
man 1
man 1
man 1
man 1
man 1
man 1
man 1
man 1
man 1
man 1
man 1
man 1
man 1
man 1
man 1
man 1
man 1
man 1
man 1
man 1
man 1
man 1
man 1
man 1
man 1
man 1
man 1
man 1
man 1
man 1
man 1
man 1
man 1
man 1
man 1
man 1
man 1
man 1
man 1
man 1
man 1
man 1
man 1
man 1
man 1
man 1
man 1
man 1
man 1
man 1
man 1
man 1
man 1
man 1
man 1
man 1
man 1
man 1
man 1
man 1
man 1
man 1
man 1
man 1
man 1
man 1
man 1
man 1
man 1
man 1
man 1
man 1
man 1
man 1
man 1
man 1
man 1
man 1
man 1
man 1
man 1
man 1
man 1
man 1
man 1
man 1
man 1
man 1
man 1
man 1
man 1
man 1
man 1
man 1
man 1
man 1
man 1
man 1
man 1
man 1
man 1
man 1
man 1
man 1
man 1
man 1
man 1
man 1
man 1
man 1
man 1
man 1
man 1
man 1
man 1
man 1
man 1
man 1
man 1
man 1
man 1
man 1
man 1
man 1
man 1
man 1
man 1
man 1
man 1
man 1
man 1
man 1
man 1
man 1
man 1
man 1
man 1
man 1
man 1
man 1
man 1
man 1
man 1
man 1
man 1
man 1
man 1
man 1
man 1
man 1
man 1
man 1
man 1
man 1
man 1
man 1
man 1
man 1
man 1
man 1
man 1
man 1
man 1
man 1
man 1
man 1
man 1
man 1
man 1
man 1
man 1
man 1
man 1
man 1
man 1
man 1
man 1
man 1
man 1
man 1
man 1
man 1
man 1
map 1
map 1
married 1
married 1
married 1
married 1
married 1
married 1
married 1
married 1
married 1
married 1
married 1
married 1
married 1
married 1
married 1
married 1
married 1
married 1
married 1
married 1
married 1
married 1
married 1
married 1
married 1
married 1
married 1
married 1
maximum 1
meantime 1
meantime 1
meantime 1
meantime 1
meantime 1
meantime 1
meantime 1
meantime 1
meantime 1
meats 1
meats 1
meats 1
medicine 1
men 1
men 1
men 1
men 1
men 1
men 1
men 1
men 1
men 1
men 1
men 1
men 1
men 1
men 1
men 1
men 1
men 1
men 1
men 1
men 1
men 1
men 1
men 1
men 1
men 1
men 1
men 1
men 1
men 1
merchant 1
merchant 1
merchant 1
merchant 1
merchant 1
merchant 1
merchant 1
merchant 1
merchant 1
merchant 1
merchant 1
merchant 1
merchant 1
met 1
met 1
met 1
met 1
met 1
met 1
met 1
met 1
met 1
met 1
met 1
met 1
met 1
met 1
met 1
met 1
met 1
met 1
met 1
met 1
met 1
met 1
met 1
met 1
met 1
met 1
met 1
met 1
met 1
met 1
met 1
met 1
met 1
met 1
met 1
met 1
met 1
met 1
met 1
met 1
mewed 1
mid 1
mishap 1
mistake 1
moaned 1
morning 1
morning 1
morning 1
morning 1
morning 1
morning 1
morning 1
morning 1
morning 1
morning 1
morning 1
morning 1
morning 1
morning 1
morning 1
morning 1
morning 1
morning 1
morning 1
morning 1
morning 1
morning 1
morning 1
morning 1
morning 1
morning 1
morning 1
morning 1
morning 1
morning 1
morning 1
morning 1
morning 1
morning 1
morning 1
morning 1
morning 1
morning 1
morning 1
morning 1
morning 1
morning 1
morning 1
morning 1
morning 1
morning 1
morning 1
morning 1
morning 1
morning 1
morning 1
morning 1
morning 1
morning 1
morning 1
morning 1
morning 1
morning 1
morning 1
morning 1
morning 1
morning 1
morning 1
morning 1
morning 1
morning 1
morning 1
morning 1
morning 1
morning 1
morning 1
morning 1
morning 1
morning 1
morning 1
morning 1
morning 1
morning 1
morning 1
morning 1
morning 1
morning 1
morning 1
morning 1
morning 1
morning 1
morning 1
morning 1
morning 1
morning 1
morning 1
morning 1
morning 1
morning 1
morning 1
morning 1
morning 1
morning 1
morning 1
morning 1
morrow 1
morrow 1
morrow 1
mounted 1
mounted 1
mounted 1
mounted 1
mounted 1
mounted 1
mounted 1
murdered 1
narrower 1
narrower 1
necklace 1
necklace 1
necklace 1
nest 1
nest 1
nest 1
nest 1
nest 1
nest 1
nest 1
nest 1
nest 1
nest 1
never 1
never 1
never 1
never 1
never 1
never 1
never 1
never 1
never 1
never 1
never 1
never 1
never 1
never 1
never 1
never 1
never 1
never 1
never 1
never 1
never 1
never 1
never 1
never 1
never 1
never 1
never 1
never 1
never 1
never 1
never 1
never 1
never 1
never 1
never 1
never 1
never 1
never 1
never 1
never 1
never 1
never 1
never 1
never 1
never 1
never 1
never 1
never 1
never 1
never 1
never 1
never 1
never 1
never 1
never 1
never 1
never 1
never 1
never 1
never 1
never 1
never 1
never 1
never 1
never 1
never 1
never 1
never 1
never 1
never 1
never 1
never 1
never 1
never 1
never 1
never 1
never 1
never 1
never 1
never 1
never 1
never 1
never 1
never 1
never 1
never 1
never 1
never 1
never 1
never 1
never 1
nickname 1
nightingale 1
nightingale 1
nightingale 1
nonproprietary 1
noticed 1
noticed 1
noticed 1
now 1
now 1
now 1
now 1
now 1
now 1
now 1
now 1
now 1
now 1
now 1
now 1
now 1
now 1
now 1
now 1
now 1
now 1
now 1
now 1
now 1
now 1
now 1
now 1
now 1
now 1
now 1
now 1
now 1
now 1
now 1
now 1
now 1
now 1
now 1
now 1
now 1
now 1
now 1
now 1
now 1
now 1
now 1
now 1
now 1
now 1
now 1
now 1
now 1
now 1
now 1
now 1
now 1
now 1
now 1
now 1
now 1
now 1
now 1
now 1
now 1
now 1
now 1
now 1
now 1
now 1
now 1
now 1
now 1
now 1
now 1
now 1
now 1
now 1
now 1
now 1
now 1
now 1
now 1
now 1
now 1
now 1
now 1
now 1
now 1
now 1
now 1
now 1
now 1
now 1
now 1
now 1
now 1
now 1
now 1
now 1
now 1
now 1
now 1
now 1
now 1
now 1
now 1
now 1
now 1
now 1
now 1
now 1
now 1
now 1
now 1
now 1
now 1
now 1
now 1
now 1
now 1
now 1
now 1
now 1
now 1
now 1
now 1
now 1
now 1
now 1
now 1
nuts 1
nuts 1
nuts 1
nuts 1
nuts 1
nuts 1
nuts 1
nuts 1
nuts 1
nuts 1
obedient 1
obeyed 1
opening 1
ordering 1
other 1
other 1
other 1
other 1
other 1
other 1
other 1
other 1
other 1
other 1
other 1
other 1
other 1
other 1
other 1
other 1
other 1
other 1
other 1
other 1
other 1
other 1
other 1
other 1
other 1
other 1
other 1
other 1
other 1
other 1
other 1
other 1
other 1
other 1
other 1
other 1
other 1
other 1
other 1
other 1
other 1
other 1
other 1
other 1
other 1
other 1
other 1
other 1
other 1
other 1
other 1
other 1
other 1
other 1
other 1
other 1
other 1
other 1
other 1
other 1
other 1
other 1
other 1
other 1
other 1
other 1
other 1
other 1
other 1
other 1
other 1
other 1
other 1
other 1
other 1
other 1
other 1
other 1
other 1
other 1
other 1
other 1
other 1
other 1
other 1
other 1
other 1
other 1
other 1
other 1
other 1
other 1
other 1
other 1
other 1
other 1
other 1
other 1
other 1
other 1
other 1
other 1
other 1
other 1
other 1
other 1
other 1
other 1
other 1
other 1
other 1
other 1
other 1
other 1
other 1
other 1
other 1
other 1
other 1
other 1
other 1
other 1
other 1
other 1
other 1
other 1
other 1
other 1
other 1
other 1
other 1
other 1
other 1
other 1
other 1
other 1
other 1
other 1
other 1
other 1
other 1
other 1
other 1
otherwise 1
otherwise 1
otherwise 1
otherwise 1
otherwise 1
otherwise 1
out 1
out 1
out 1
out 1
out 1
out 1
out 1
out 1
out 1
out 1
out 1
out 1
out 1
out 1
out 1
out 1
out 1
out 1
out 1
out 1
out 1
out 1
out 1
out 1
out 1
out 1
out 1
out 1
out 1
out 1
out 1
out 1
out 1
out 1
out 1
out 1
out 1
out 1
out 1
out 1
out 1
out 1
out 1
out 1
out 1
out 1
out 1
out 1
out 1
out 1
out 1
out 1
out 1
out 1
out 1
out 1
out 1
out 1
out 1
out 1
out 1
out 1
out 1
out 1
out 1
out 1
out 1
out 1
out 1
out 1
out 1
out 1
out 1
out 1
out 1
out 1
out 1
out 1
out 1
out 1
out 1
out 1
out 1
out 1
out 1
out 1
out 1
out 1
out 1
out 1
out 1
out 1
out 1
out 1
out 1
out 1
out 1
out 1
out 1
out 1
out 1
out 1
out 1
out 1
out 1
out 1
out 1
out 1
out 1
out 1
out 1
out 1
out 1
out 1
out 1
out 1
out 1
out 1
out 1
out 1
out 1
out 1
out 1
out 1
out 1
out 1
out 1
out 1
out 1
out 1
out 1
out 1
out 1
out 1
out 1
out 1
out 1
out 1
out 1
out 1
out 1
out 1
out 1
out 1
out 1
out 1
out 1
out 1
out 1
out 1
out 1
out 1
out 1
out 1
out 1
out 1
out 1
out 1
out 1
out 1
out 1
out 1
out 1
out 1
out 1
out 1
out 1
out 1
out 1
out 1
out 1
out 1
out 1
out 1
out 1
out 1
out 1
out 1
out 1
out 1
out 1
out 1
out 1
out 1
out 1
out 1
out 1
out 1
out 1
out 1
out 1
out 1
out 1
out 1
out 1
out 1
out 1
out 1
out 1
out 1
out 1
out 1
out 1
out 1
out 1
out 1
out 1
out 1
out 1
out 1
out 1
out 1
out 1
out 1
out 1
out 1
out 1
out 1
out 1
out 1
out 1
out 1
out 1
out 1
out 1
out 1
out 1
out 1
out 1
out 1
out 1
out 1
out 1
out 1
out 1
out 1
out 1
out 1
out 1
out 1
out 1
out 1
out 1
out 1
out 1
out 1
out 1
out 1
out 1
out 1
out 1
out 1
out 1
out 1
out 1
out 1
out 1
out 1
out 1
out 1
out 1
out 1
out 1
out 1
out 1
out 1
out 1
out 1
out 1
out 1
out 1
out 1
out 1
out 1
out 1
out 1
out 1
out 1
out 1
out 1
out 1
out 1
out 1
out 1
out 1
out 1
out 1
out 1
out 1
out 1
out 1
out 1
out 1
out 1
out 1
out 1
out 1
out 1
out 1
out 1
out 1
out 1
out 1
out 1
out 1
out 1
out 1
out 1
out 1
out 1
out 1
out 1
out 1
out 1
out 1
out 1
out 1
out 1
out 1
out 1
out 1
out 1
out 1
out 1
out 1
out 1
out 1
out 1
out 1
out 1
out 1
out 1
out 1
out 1
out 1
out 1
out 1
out 1
out 1
out 1
out 1
out 1
out 1
out 1
out 1
out 1
out 1
out 1
out 1
out 1
out 1
out 1
out 1
out 1
out 1
out 1
out 1
out 1
out 1
out 1
out 1
out 1
out 1
out 1
out 1
out 1
out 1
out 1
out 1
out 1
out 1
out 1
out 1
out 1
out 1
out 1
out 1
out 1
out 1
out 1
out 1
out 1
out 1
out 1
out 1
out 1
out 1
out 1
out 1
out 1
out 1
out 1
out 1
out 1
out 1
out 1
out 1
out 1
out 1
out 1
out 1
out 1
out 1
out 1
out 1
out 1
out 1
out 1
out 1
out 1
out 1
out 1
out 1
out 1
out 1
out 1
out 1
out 1
out 1
out 1
out 1
out 1
out 1
out 1
out 1
out 1
out 1
out 1
out 1
out 1
out 1
out 1
out 1
out 1
out 1
out 1
out 1
out 1
out 1
out 1
out 1
out 1
out 1
out 1
out 1
out 1
out 1
out 1
out 1
out 1
out 1
out 1
out 1
out 1
out 1
out 1
out 1
out 1
out 1
out 1
out 1
out 1
out 1
out 1
out 1
out 1
out 1
out 1
out 1
out 1
outdated 1
overnight 1
oxen 1
oxen 1
oxen 1
oxen 1
oxen 1
paces 1
paces 1
paces 1
paid 1
paid 1
paid 1
paid 1
paid 1
paid 1
paid 1
paid 1
paid 1
paid 1
paid 1
paid 1
paid 1
paid 1
paid 1
paid 1
paid 1
paid 1
paid 1
paid 1
paper 1
pardon 1
pardon 1
pardon 1
park 1
partnership 1
paw 1
pay 1
pay 1
pay 1
pay 1
pay 1
pay 1
pay 1
pay 1
pay 1
pay 1
pearl 1
pearl 1
perch 1
perch 1
permanent 1
persons 1
pertains 1
pertains 1
piece 1
piece 1
piece 1
piece 1
piece 1
piece 1
piece 1
piece 1
piece 1
piece 1
piece 1
piece 1
piece 1
piece 1
piece 1
piece 1
piece 1
piece 1
piece 1
piece 1
piece 1
piece 1
piece 1
piece 1
piece 1
piece 1
piece 1
piece 1
piece 1
piece 1
piece 1
piece 1
piece 1
piece 1
piece 1
piece 1
piece 1
piece 1
piece 1
pigsty 1
pigsty 1
pigsty 1
pigsty 1
pigsty 1
pigsty 1
pipe 1
pipe 1
pipe 1
pipe 1
pipe 1
pipe 1
pipe 1
planted 1
planted 1
planted 1
planted 1
playing 1
playing 1
playing 1
playing 1
playing 1
playing 1
playing 1
playing 1
plumes 1
polished 1
practically 1
presents 1
presents 1
presents 1
presents 1
presents 1
pretend 1
pretend 1
pretend 1
prettiest 1
prettiest 1
pretty 1
pretty 1
pretty 1
pretty 1
pretty 1
pretty 1
pretty 1
pretty 1
pretty 1
pretty 1
pretty 1
pretty 1
pretty 1
pretty 1
pretty 1
pretty 1
pretty 1
pretty 1
pretty 1
pretty 1
pretty 1
pretty 1
pretty 1
pretty 1
pretty 1
pretty 1
prevent 1
prevent 1
prevent 1
prevent 1
prevent 1
prey 1
prey 1
pricked 1
pricked 1
pricked 1
pricked 1
proclaimed 1
procure 1
procure 1
proof 1
proper 1
prophecy 1
prophecy 1
proposed 1
puddle 1
purple 1
purple 1
purpose 1
purpose 1
purpose 1
purpose 1
purpose 1
quarrel 1
quarrel 1
quarrel 1
queen 1
queen 1
queen 1
queen 1
queen 1
queen 1
queen 1
queen 1
queen 1
queen 1
queen 1
queen 1
queen 1
queen 1
queen 1
queen 1
queen 1
queen 1
queen 1
queen 1
queen 1
queen 1
queen 1
queen 1
queen 1
queen 1
queen 1
queen 1
queen 1
queen 1
queen 1
queen 1
queen 1
queen 1
queen 1
queen 1
queen 1
queen 1
queen 1
queen 1
queen 1
queen 1
queen 1
queen 1
queen 1
queen 1
queen 1
queen 1
queen 1
queen 1
queen 1
queen 1
queen 1
queen 1
queen 1
queen 1
queen 1
queen 1
queen 1
queen 1
queen 1
queen 1
queen 1
queen 1
queen 1
queen 1
queen 1
queen 1
queen 1
ragamuffin 1
raging 1
raging 1
rang 1
rang 1
rang 1
rang 1
rang 1
raven 1
raven 1
raven 1
raven 1
raven 1
raven 1
raven 1
raven 1
raven 1
raven 1
raven 1
raven 1
raven 1
raven 1
raven 1
raven 1
raven 1
raven 1
readable 1
readable 1
real 1
real 1
real 1
real 1
real 1
real 1
receiving 1
recognize 1
reel 1
reel 1
rejoicing 1
rejoicing 1
rejoicing 1
rejoicing 1
rejoicing 1
remembered 1
remembered 1
remembered 1
resolved 1
resolved 1
respectable 1
respectable 1
retinue 1
revenge 1
revenge 1
revenge 1
revenge 1
revenge 1
revenge 1
ridges 1
rim 1
river 1
river 1
river 1
river 1
river 1
river 1
river 1
river 1
river 1
river 1
river 1
river 1
river 1
river 1
roe 1
roe 1
roused 1
rowing 1
rowing 1
royalties 1
royalties 1
royalty 1
rude 1
ruin 1
ruled 1
rumbles 1
rushlight 1
rustling 1
rustling 1
sailed 1
sailed 1
sailed 1
salt 1
salt 1
salt 1
salt 1
salt 1
scorches 1
scrape 1
scrape 1
scratch 1
screams 1
screw 1
seam 1
seam 1
seas 1
seaside 1
seated 1
seated 1
seated 1
seated 1
seated 1
seated 1
seated 1
secret 1
secret 1
secret 1
secret 1
secret 1
seized 1
seized 1
seized 1
seized 1
seized 1
seized 1
seized 1
seized 1
seized 1
seized 1
seized 1
seized 1
seized 1
seized 1
seized 1
seized 1
seized 1
seized 1
seized 1
seized 1
seized 1
seized 1
seized 1
seized 1
seized 1
seized 1
seized 1
sell 1
sell 1
sell 1
sell 1
sell 1
sell 1
sell 1
sell 1
sell 1
sell 1
sell 1
sell 1
shake 1
shake 1
shake 1
shake 1
shake 1
shake 1
shake 1
shake 1
shed 1
shift 1
shift 1
ship 1
ship 1
ship 1
ship 1
ship 1
ship 1
ship 1
ship 1
ship 1
shirt 1
shirt 1
shoes 1
shoes 1
shoes 1
shoes 1
shoes 1
shoes 1
shoes 1
shoes 1
shoes 1
shoes 1
shoes 1
shoes 1
shoes 1
shoes 1
shoes 1
shoes 1
shoes 1
shoes 1
shoes 1
shoes 1
shoes 1
shoes 1
shoes 1
shoes 1
shoes 1
shoes 1
shovels 1
sick 1
sick 1
sick 1
sick 1
sick 1
sick 1
sin 1
sin 1
sin 1
since 1
since 1
since 1
since 1
since 1
since 1
since 1
since 1
sister 1
sister 1
sister 1
sister 1
sister 1
sister 1
sister 1
sister 1
sister 1
sister 1
sister 1
sister 1
sister 1
sister 1
sister 1
sister 1
sister 1
sister 1
sister 1
sister 1
sister 1
sister 1
sister 1
sister 1
sister 1
sister 1
sister 1
sister 1
sister 1
sister 1
sixth 1
sixth 1
sixth 1
sizes 1
slaughterer 1
slept 1
slept 1
slept 1
slept 1
slept 1
slept 1
slept 1
slept 1
slept 1
slept 1
slept 1
slept 1
slept 1
slept 1
slept 1
slept 1
slept 1
slept 1
slept 1
slept 1
slept 1
smells 1
smooth 1
smooth 1
snapping 1
snatched 1
snatched 1
snatched 1
softened 1
softened 1
soles 1
soles 1
some 1
some 1
some 1
some 1
some 1
some 1
some 1
some 1
some 1
some 1
some 1
some 1
some 1
some 1
some 1
some 1
some 1
some 1
some 1
some 1
some 1
some 1
some 1
some 1
some 1
some 1
some 1
some 1
some 1
some 1
some 1
some 1
some 1
some 1
some 1
some 1
some 1
some 1
some 1
some 1
some 1
some 1
some 1
some 1
some 1
some 1
some 1
some 1
some 1
some 1
some 1
some 1
some 1
some 1
some 1
some 1
some 1
some 1
some 1
some 1
some 1
some 1
some 1
some 1
some 1
some 1
some 1
some 1
some 1
some 1
some 1
some 1
some 1
some 1
some 1
some 1
some 1
some 1
some 1
some 1
some 1
some 1
some 1
some 1
some 1
some 1
some 1
some 1
some 1
some 1
some 1
some 1
some 1
some 1
some 1
some 1
some 1
some 1
some 1
some 1
some 1
some 1
some 1
some 1
some 1
some 1
some 1
some 1
some 1
some 1
some 1
some 1
some 1
some 1
some 1
some 1
some 1
some 1
some 1
some 1
some 1
some 1
some 1
some 1
some 1
some 1
some 1
some 1
some 1
some 1
some 1
some 1
some 1
something 1
something 1
something 1
something 1
something 1
something 1
something 1
something 1
something 1
something 1
something 1
something 1
something 1
something 1
something 1
something 1
something 1
something 1
something 1
something 1
something 1
something 1
something 1
something 1
something 1
something 1
something 1
something 1
something 1
something 1
something 1
something 1
something 1
something 1
something 1
something 1
something 1
something 1
something 1
something 1
something 1
something 1
something 1
something 1
something 1
something 1
something 1
something 1
something 1
something 1
something 1
something 1
something 1
something 1
something 1
something 1
something 1
something 1
something 1
something 1
something 1
something 1
something 1
something 1
something 1
sorely 1
sorely 1
sorely 1
sorrowfully 1
sorrowfully 1
sorrowfully 1
sorrowfully 1
sorrowfully 1
sorrowfully 1
sought 1
sought 1
sought 1
sought 1
sought 1
sought 1
sought 1
sought 1
sought 1
sought 1
soundly 1
soundly 1
soundly 1
soundly 1
sparrow 1
sparrow 1
sparrow 1
sparrow 1
sparrow 1
sparrow 1
sparrow 1
sparrow 1
sparrow 1
sparrow 1
sparrow 1
sparrow 1
sparrow 1
sparrow 1
sparrow 1
sparrow 1
sparrow 1
sparrow 1
sparrow 1
sparrow 1
sparrow 1
sparrow 1
sparrow 1
sparrow 1
sparrow 1
sparrow 1
sparrow 1
speaking 1
speaking 1
speaking 1
spilt 1
spilt 1
spit 1
spit 1
spit 1
spit 1
spit 1
spit 1
spit 1
spiteful 1
spiteful 1
spiteful 1
split 1
split 1
spoke 1
spoke 1
spoke 1
spoke 1
spoke 1
spoke 1
spoke 1
spoke 1
spoke 1
spoke 1
spoke 1
spoke 1
spoke 1
spoke 1
spoke 1
spoke 1
spoke 1
sprinkle 1
sprouted 1
spruce 1
squeezed 1
squeezed 1
squeezed 1
staff 1
standing 1
standing 1
standing 1
standing 1
standing 1
standing 1
standing 1
standing 1
standing 1
standing 1
standing 1
standing 1
standing 1
standing 1
standing 1
standing 1
standing 1
standing 1
standing 1
standing 1
standing 1
standing 1
standing 1
standing 1
standing 1
standing 1
standing 1
standing 1
standing 1
standing 1
standing 1
standing 1
standing 1
standing 1
standing 1
standing 1
standing 1
standing 1
standing 1
stems 1
stiff 1
still 1
still 1
still 1
still 1
still 1
still 1
still 1
still 1
still 1
still 1
still 1
still 1
still 1
still 1
still 1
still 1
still 1
still 1
still 1
still 1
still 1
still 1
still 1
still 1
still 1
still 1
still 1
still 1
still 1
still 1
still 1
still 1
still 1
still 1
still 1
still 1
still 1
still 1
still 1
still 1
still 1
still 1
still 1
still 1
still 1
still 1
still 1
still 1
still 1
still 1
still 1
still 1
still 1
still 1
still 1
still 1
still 1
still 1
still 1
still 1
still 1
still 1
still 1
still 1
still 1
still 1
still 1
still 1
still 1
still 1
still 1
still 1
still 1
still 1
still 1
still 1
still 1
still 1
still 1
still 1
still 1
still 1
still 1
still 1
still 1
still 1
still 1
still 1
still 1
still 1
still 1
still 1
still 1
still 1
still 1
still 1
still 1
still 1
still 1
still 1
still 1
still 1
still 1
still 1
still 1
still 1
still 1
still 1
still 1
still 1
still 1
still 1
still 1
still 1
still 1
still 1
still 1
still 1
still 1
still 1
still 1
still 1
still 1
still 1
still 1
still 1
stitched 1
stock 1
stock 1
stock 1
stock 1
stock 1
stoked 1
stopping 1
strap 1
streets 1
streets 1
streets 1
streets 1
strengthen 1
strewed 1
strewed 1
strewed 1
struck 1
struck 1
struck 1
struck 1
struck 1
struck 1
struck 1
struck 1
struck 1
struck 1
struck 1
struck 1
struck 1
struck 1
struck 1
struck 1
struck 1
struck 1
struck 1
struck 1
struck 1
stuck 1
stuck 1
stuck 1
stuck 1
stuck 1
stuck 1
stuck 1
stuck 1
stuck 1
stuck 1
stuck 1
stuck 1
stuck 1
studied 1
sty 1
subdue 1
sugar 1
sugar 1
sugar 1
summoned 1
summoned 1
summoned 1
summoned 1
summoned 1
summoned 1
summoned 1
summoned 1
summoned 1
swiftly 1
swords 1
swore 1
swore 1
table 1
table 1
table 1
table 1
table 1
table 1
table 1
table 1
table 1
table 1
table 1
table 1
table 1
table 1
table 1
table 1
table 1
table 1
table 1
table 1
table 1
table 1
table 1
table 1
table 1
table 1
table 1
table 1
table 1
table 1
table 1
table 1
table 1
table 1
table 1
table 1
table 1
table 1
table 1
table 1
table 1
table 1
table 1
taller 1
taller 1
tasks 1
tease 1
teeth 1
teeth 1
teeth 1
teeth 1
teeth 1
teeth 1
teeth 1
teeth 1
terror 1
terror 1
themselves 1
themselves 1
themselves 1
themselves 1
themselves 1
themselves 1
themselves 1
themselves 1
themselves 1
themselves 1
themselves 1
themselves 1
themselves 1
themselves 1
themselves 1
themselves 1
themselves 1
themselves 1
themselves 1
themselves 1
themselves 1
themselves 1
themselves 1
themselves 1
themselves 1
themselves 1
themselves 1
themselves 1
themselves 1
themselves 1
themselves 1
themselves 1
themselves 1
themselves 1
themselves 1
themselves 1
themselves 1
themselves 1
themselves 1
themselves 1
themselves 1
themselves 1
thine 1
thine 1
thine 1
thine 1
thine 1
thirst 1
thirst 1
thirst 1
thirst 1
thirst 1
thumb 1
thumb 1
tis 1
tooth 1
torches 1
torches 1
towards 1
towards 1
towards 1
towards 1
towards 1
towards 1
towards 1
towards 1
towards 1
towards 1
towards 1
towards 1
towards 1
towards 1
towards 1
towards 1
towards 1
towards 1
towards 1
towards 1
towards 1
towards 1
towards 1
towards 1
train 1
train 1
train 1
travelling 1
travelling 1
travelling 1
travelling 1
travelling 1
travelling 1
travelling 1
travelling 1
travelling 1
travelling 1
treatment 1
treatment 1
treatment 1
tree 1
tree 1
tree 1
tree 1
tree 1
tree 1
tree 1
tree 1
tree 1
tree 1
tree 1
tree 1
tree 1
tree 1
tree 1
tree 1
tree 1
tree 1
tree 1
tree 1
tree 1
tree 1
tree 1
tree 1
tree 1
tree 1
tree 1
tree 1
tree 1
tree 1
tree 1
tree 1
tree 1
tree 1
tree 1
tree 1
tree 1
tree 1
tree 1
tree 1
tree 1
tree 1
tree 1
tree 1
tree 1
tree 1
tree 1
tree 1
tree 1
tree 1
tree 1
tree 1
tree 1
tree 1
tree 1
tree 1
tree 1
tree 1
tree 1
tree 1
tree 1
tree 1
tree 1
tree 1
tree 1
tree 1
tree 1
tree 1
tree 1
tree 1
tree 1
tree 1
tree 1
tree 1
tree 1
tree 1
tree 1
tree 1
tree 1
tree 1
tree 1
tree 1
tree 1
tree 1
tree 1
tree 1
tree 1
tree 1
tree 1
tree 1
tree 1
tree 1
tree 1
tree 1
tree 1
tree 1
tree 1
tree 1
tree 1
tree 1
tree 1
tree 1
tree 1
tree 1
tree 1
tree 1
tree 1
tree 1
tree 1
tree 1
tree 1
tree 1
tree 1
tree 1
tree 1
tree 1
tree 1
tree 1
tree 1
tree 1
tree 1
tricked 1
trust 1
trust 1
txt 1
unanimously 1
unbuttoned 1
uncommon 1
understanding 1
understanding 1
understanding 1
unharmed 1
unicorn 1
unicorn 1
unicorn 1
unicorn 1
unicorn 1
universally 1
unknown 1
unknown 1
unknown 1
unknown 1
unknown 1
unknown 1
unknown 1
unknown 1
unless 1
unless 1
unless 1
unless 1
unless 1
unless 1
unless 1
unless 1
unless 1
unless 1
unless 1
unless 1
unluckily 1
unluckily 1
unpack 1
unto 1
unto 1
unto 1
upside 1
using 1
using 1
using 1
using 1
version 1
visible 1
wall 1
wall 1
wall 1
wall 1
wall 1
wall 1
wall 1
wall 1
wall 1
wall 1
wall 1
wand 1
wand 1
wand 1
wand 1
wand 1
wand 1
wand 1
wand 1
wanderer 1
warrior 1
warrior 1
weight 1
welcomed 1
welcomed 1
welcomed 1
welcomed 1
welcomed 1
welcomed 1
welcomed 1
whatever 1
whatever 1
whatever 1
whatever 1
whatever 1
whatever 1
whatever 1
whatever 1
whatever 1
whatever 1
whatever 1
whatever 1
whatever 1
whatever 1
whereby 1
whirring 1
whit 1
wights 1
wind 1
wind 1
wind 1
wind 1
wind 1
wind 1
wind 1
wind 1
wind 1
wind 1
wind 1
wind 1
wind 1
wind 1
wind 1
wind 1
wind 1
wind 1
wind 1
wind 1
wind 1
wind 1
wind 1
wind 1
wind 1
wind 1
wind 1
wind 1
wind 1
wind 1
wind 1
wind 1
wind 1
wind 1
wind 1
wind 1
winged 1
wondered 1
wondered 1
wondered 1
wondered 1
wooden 1
wooden 1
wooden 1
wooden 1
wooer 1
wooer 1
wooer 1
wouldst 1
wreaths 1
years 1
years 1
years 1
years 1
years 1
years 1
years 1
years 1
years 1
years 1
years 1
years 1
years 1
years 1
years 1
years 1
years 1
years 1
years 1
years 1
years 1
years 1
years 1
years 1
years 1
years 1
years 1
years 1
years 1
years 1
years 1
years 1
years 1
years 1
years 1
years 1
years 1
years 1
years 1
years 1
years 1
years 1
years 1
yesterday 1
yesterday 1
yesterday 1
yesterday 1
yielded 1
yielded 1
yielded 1
