ACT 1
ACT 1
ACT 1
ACT 1
ACT 1
ACT 1
ACT 1
ACT 1
ACTUAL 1
AGREEMENT 1
Airily 1
Airily 1
Alexander 1
Alexander 1
Am 1
Am 1
Any 1
As 1
As 1
As 1
As 1
As 1
As 1
As 1
Aunt 1
Aunt 1
Aunt 1
Aunt 1
Aunt 1
Aunt 1
Aunt 1
Aunt 1
Aunt 1
Aunt 1
Aunt 1
Aunt 1
Aunt 1
Aunt 1
Aunt 1
Aunt 1
Aunt 1
Aunt 1
Aunt 1
Aunt 1
Aunt 1
Aunt 1
Aunt 1
Aunt 1
Aynesworth 1
Because 1
Bolton 1
Bracknell 1
Bracknell 1
Bracknell 1
Bracknell 1
Bracknell 1
Bracknell 1
Bracknell 1
Bracknell 1
Bracknell 1
Bracknell 1
Bracknell 1
Bracknell 1
Bracknell 1
Bracknell 1
Bracknell 1
Bracknell 1
Bracknell 1
Bracknell 1
Bracknell 1
Bracknell 1
Bracknell 1
Bracknell 1
Bracknell 1
Bracknell 1
Bracknell 1
Bracknell 1
Bracknell 1
Bracknell 1
Bracknell 1
Bracknell 1
Bracknell 1
Bracknell 1
Bracknell 1
Bracknell 1
Bracknell 1
Bracknell 1
Bracknell 1
Bracknell 1
Bracknell 1
Bracknell 1
Bracknell 1
Bracknell 1
Bracknell 1
Bracknell 1
Bracknell 1
Bracknell 1
Bracknell 1
Bracknell 1
Bracknell 1
Bracknell 1
Bracknell 1
Bracknell 1
Bracknell 1
Bracknell 1
Bracknell 1
Bracknell 1
Bracknell 1
Bracknell 1
Bracknell 1
Bracknell 1
Bracknell 1
Bracknell 1
Bracknell 1
Bracknell 1
Bracknell 1
Bracknell 1
Bracknell 1
Bracknell 1
Bracknell 1
Bracknell 1
Bracknell 1
Bracknell 1
Bracknell 1
Bracknell 1
Bracknell 1
Bracknell 1
Bracknell 1
Bracknell 1
Bracknell 1
Bracknell 1
Bracknell 1
Bracknell 1
Bracknell 1
Bracknell 1
Bracknell 1
Bracknell 1
Bracknell 1
Bracknell 1
Bracknell 1
Bracknell 1
Bracknell 1
Bracknell 1
Bracknell 1
Bracknell 1
Bracknell 1
Bracknell 1
Bracknell 1
Bracknell 1
Bracknell 1
Bracknell 1
Bracknell 1
Bracknell 1
Bracknell 1
Bracknell 1
Bracknell 1
Bracknell 1
Bracknell 1
Bracknell 1
Bracknell 1
Bracknell 1
Bracknell 1
Bracknell 1
Bracknell 1
Bracknell 1
Bracknell 1
Bracknell 1
Bracknell 1
Bracknell 1
Bracknell 1
Bracknell 1
Bracknell 1
Bracknell 1
Bracknell 1
Bracknell 1
Bracknell 1
Bracknell 1
Bracknell 1
Bracknell 1
Charity 1
Child 1
Crossing 1
DAMAGES 1
DAMAGES 1
Dear 1
Dear 1
Dear 1
Dear 1
Dear 1
Defects 1
Despite 1
Domain 1
Dumbleton 1
Dyall 1
Embraces 1
Embraces 1
Embraces 1
Empire 1
FIRST 1
Few 1
Few 1
Fiction 1
Five 1
Grand 1
Grimly 1
Have 1
Have 1
INDIRECT 1
Ignorance 1
Interposing 1
Irritably 1
Irritably 1
Lancing 1
Lane 1
Lane 1
Lane 1
Lane 1
Lane 1
Lane 1
Lane 1
Lane 1
Lane 1
Lane 1
Lane 1
Lane 1
Lane 1
Lane 1
Lane 1
Lane 1
Lane 1
Lane 1
Lane 1
Lane 1
Lane 1
Lane 1
Lane 1
Lane 1
Lane 1
Lane 1
Lane 1
Lane 1
Lane 1
Lane 1
Lane 1
Lane 1
Lane 1
Lane 1
Lane 1
Lane 1
Lane 1
Lane 1
Lane 1
Lane 1
Lane 1
Lane 1
Lane 1
Lane 1
Lane 1
Lane 1
Lane 1
Lane 1
London 1
London 1
London 1
London 1
London 1
London 1
London 1
London 1
London 1
London 1
London 1
London 1
London 1
Married 1
Monday 1
Monday 1
Monday 1
Monday 1
Monday 1
Monday 1
Monday 1
Never 1
Never 1
Never 1
Never 1
Never 1
Never 1
PERSONS 1
PUNITIVE 1
Perfectly 1
Perfectly 1
Please 1
Please 1
Post 1
Pray 1
Pray 1
Pray 1
Pray 1
Pray 1
Pray 1
Pray 1
Pray 1
Pretty 1
Quite 1
Quite 1
Quite 1
Quite 1
Quite 1
Quite 1
Rectory 1
Revenue 1
Runs 1
SCENE 1
SCENE 1
SCENE 1
SECOND 1
Sections 1
Sometimes 1
Standing 1
Starting 1
There 1
There 1
There 1
There 1
There 1
There 1
There 1
There 1
There 1
There 1
There 1
There 1
There 1
There 1
There 1
There 1
There 1
There 1
There 1
There 1
There 1
There 1
Thursday 1
Thursday 1
Thursday 1
Tunbridge 1
Tunbridge 1
Tunbridge 1
UNDER 1
Unless 1
Upon 1
Upon 1
Very 1
Very 1
Very 1
Very 1
Very 1
Very 1
Very 1
WARRANTY 1
WARRANTY 1
WITH 1
Wedding 1
Well 1
Well 1
Well 1
Well 1
Well 1
Well 1
Well 1
Well 1
Well 1
Well 1
Well 1
Well 1
Well 1
Well 1
Well 1
Well 1
Well 1
Well 1
Well 1
Well 1
Well 1
Well 1
Well 1
Well 1
Well 1
Well 1
Well 1
Well 1
Well 1
Well 1
Well 1
Well 1
Well 1
Well 1
Well 1
Well 1
Well 1
Well 1
Well 1
Well 1
Well 1
Well 1
Well 1
Well 1
Well 1
Well 1
Whatever 1
Whatever 1
Why 1
Why 1
Why 1
Why 1
Why 1
Why 1
Why 1
Why 1
Why 1
Why 1
Why 1
Why 1
Why 1
Why 1
Why 1
Will 1
Will 1
Won 1
Won 1
Won 1
abstraction 1
accurate 1
accustomed 1
acquire 1
action 1
action 1
address 1
address 1
address 1
address 1
address 1
advanced 1
advanced 1
advanced 1
agree 1
agree 1
agree 1
agree 1
agree 1
agree 1
agree 1
almost 1
almost 1
almost 1
almost 1
almost 1
almost 1
almost 1
almost 1
almost 1
am 1
am 1
am 1
am 1
am 1
am 1
am 1
am 1
am 1
am 1
am 1
am 1
am 1
am 1
am 1
am 1
am 1
am 1
am 1
am 1
am 1
am 1
am 1
am 1
am 1
am 1
am 1
am 1
am 1
am 1
am 1
am 1
am 1
am 1
am 1
am 1
am 1
am 1
am 1
am 1
am 1
am 1
am 1
am 1
am 1
am 1
am 1
am 1
am 1
am 1
am 1
am 1
am 1
am 1
am 1
am 1
am 1
am 1
am 1
am 1
am 1
am 1
am 1
am 1
am 1
am 1
am 1
am 1
am 1
am 1
am 1
am 1
am 1
am 1
am 1
am 1
am 1
am 1
am 1
am 1
am 1
am 1
am 1
am 1
am 1
am 1
am 1
am 1
am 1
am 1
am 1
am 1
am 1
am 1
am 1
am 1
am 1
am 1
am 1
am 1
am 1
am 1
am 1
am 1
am 1
am 1
am 1
am 1
anyone 1
anyone 1
anyone 1
anyone 1
anyone 1
anyone 1
appealingly 1
appearance 1
approaches 1
approaches 1
approaches 1
approaching 1
are 1
are 1
are 1
are 1
are 1
are 1
are 1
are 1
are 1
are 1
are 1
are 1
are 1
are 1
are 1
are 1
are 1
are 1
are 1
are 1
are 1
are 1
are 1
are 1
are 1
are 1
are 1
are 1
are 1
are 1
are 1
are 1
are 1
are 1
are 1
are 1
are 1
are 1
are 1
are 1
are 1
are 1
are 1
are 1
are 1
are 1
are 1
are 1
are 1
are 1
are 1
are 1
are 1
are 1
are 1
are 1
are 1
are 1
are 1
are 1
are 1
are 1
are 1
are 1
are 1
are 1
are 1
are 1
are 1
are 1
are 1
are 1
are 1
are 1
are 1
are 1
are 1
are 1
are 1
are 1
are 1
are 1
are 1
are 1
are 1
are 1
are 1
are 1
are 1
are 1
are 1
are 1
are 1
are 1
are 1
are 1
are 1
are 1
are 1
are 1
are 1
are 1
are 1
are 1
are 1
are 1
are 1
are 1
are 1
are 1
are 1
are 1
are 1
are 1
are 1
are 1
are 1
are 1
are 1
are 1
are 1
are 1
are 1
are 1
are 1
are 1
are 1
are 1
are 1
are 1
are 1
are 1
are 1
are 1
are 1
are 1
are 1
are 1
are 1
are 1
are 1
are 1
are 1
are 1
are 1
are 1
are 1
are 1
are 1
are 1
are 1
are 1
are 1
are 1
are 1
are 1
are 1
are 1
are 1
are 1
are 1
are 1
aristocratic 1
arrives 1
as 1
as 1
as 1
as 1
as 1
as 1
as 1
as 1
as 1
as 1
as 1
as 1
as 1
as 1
as 1
as 1
as 1
as 1
as 1
as 1
as 1
as 1
as 1
as 1
as 1
as 1
as 1
as 1
as 1
as 1
as 1
as 1
as 1
as 1
as 1
as 1
as 1
as 1
as 1
as 1
as 1
as 1
as 1
as 1
as 1
as 1
as 1
as 1
as 1
as 1
as 1
as 1
as 1
as 1
as 1
as 1
as 1
as 1
as 1
as 1
as 1
as 1
as 1
as 1
as 1
as 1
as 1
as 1
as 1
as 1
as 1
as 1
as 1
as 1
as 1
as 1
as 1
as 1
as 1
as 1
as 1
as 1
as 1
as 1
as 1
as 1
as 1
as 1
as 1
as 1
as 1
as 1
as 1
as 1
as 1
as 1
as 1
as 1
as 1
as 1
as 1
as 1
as 1
as 1
as 1
associated 1
associated 1
associated 1
associated 1
associated 1
associated 1
associated 1
associated 1
associated 1
attached 1
attached 1
authors 1
aware 1
aware 1
aware 1
aware 1
aware 1
away 1
away 1
away 1
away 1
away 1
away 1
away 1
away 1
b 1
bachelor 1
basket 1
because 1
because 1
because 1
because 1
blessings 1
bound 1
bound 1
bound 1
bound 1
bound 1
bound 1
bring 1
bring 1
brother 1
brother 1
brother 1
brother 1
brother 1
brother 1
brother 1
brother 1
brother 1
brother 1
brother 1
brother 1
brother 1
brother 1
brother 1
brother 1
brother 1
brother 1
brother 1
brother 1
brother 1
brother 1
brother 1
brother 1
brother 1
brother 1
brother 1
brother 1
brother 1
brother 1
brother 1
brother 1
brother 1
brother 1
brother 1
brother 1
brother 1
brother 1
brother 1
brother 1
brother 1
brother 1
brother 1
brother 1
brother 1
brother 1
brother 1
brother 1
brother 1
brother 1
brother 1
brother 1
cake 1
cake 1
cake 1
cake 1
cake 1
cake 1
cake 1
cake 1
calculated 1
capacious 1
careful 1
careful 1
carried 1
carried 1
chairs 1
champagne 1
champagne 1
champagne 1
charge 1
charge 1
charge 1
charge 1
charge 1
charge 1
charge 1
charge 1
charms 1
chiefly 1
chill 1
chill 1
chill 1
chill 1
chill 1
chill 1
christening 1
christening 1
christening 1
circumstances 1
circumstances 1
cleverness 1
clothes 1
clothes 1
clothes 1
clothes 1
colour 1
colour 1
companion 1
concerning 1
concerning 1
consumed 1
continues 1
continues 1
convincing 1
costs 1
costs 1
cottages 1
countries 1
covered 1
created 1
created 1
crosses 1
crowds 1
culture 1
culture 1
curious 1
cut 1
damages 1
damages 1
deep 1
deepest 1
delightful 1
delightful 1
delightful 1
delightful 1
delightful 1
delivered 1
depress 1
developments 1
devotedly 1
devotedly 1
directions 1
disclaimers 1
distasteful 1
distasteful 1
dog 1
dog 1
dog 1
dog 1
downloading 1
dreamed 1
drive 1
drive 1
effort 1
effort 1
effort 1
electronic 1
electronic 1
electronic 1
electronic 1
electronic 1
electronic 1
electronic 1
electronic 1
electronic 1
electronic 1
electronic 1
electronic 1
electronic 1
electronic 1
electronic 1
electronic 1
electronic 1
electronic 1
electronic 1
electronic 1
electronic 1
electronic 1
electronic 1
electronic 1
electronic 1
electronic 1
electronic 1
encouraging 1
ended 1
enter 1
enter 1
enter 1
epidemic 1
equipment 1
equipment 1
equipment 1
error 1
error 1
error 1
estate 1
evidently 1
excitement 1
excitement 1
exclusion 1
expense 1
experienced 1
experienced 1
experienced 1
extraordinary 1
extraordinary 1
extraordinary 1
extraordinary 1
flight 1
flight 1
followed 1
followed 1
followed 1
followed 1
forgave 1
forte 1
forte 1
forty 1
forty 1
forty 1
friendship 1
fully 1
fully 1
fundraising 1
fundraising 1
fundraising 1
gbnewby 1
gentleness 1
girlish 1
glass 1
glasses 1
got 1
got 1
got 1
got 1
got 1
got 1
got 1
got 1
got 1
got 1
got 1
got 1
got 1
got 1
got 1
got 1
grandfather 1
greatly 1
grows 1
grows 1
hair 1
hair 1
hair 1
hair 1
hair 1
hands 1
hands 1
hands 1
hands 1
hands 1
hands 1
hands 1
happen 1
happen 1
health 1
health 1
health 1
health 1
health 1
health 1
hesitation 1
his 1
his 1
his 1
his 1
his 1
his 1
his 1
his 1
his 1
his 1
his 1
his 1
his 1
his 1
his 1
his 1
his 1
his 1
his 1
his 1
his 1
his 1
his 1
his 1
his 1
his 1
his 1
his 1
his 1
his 1
his 1
his 1
his 1
his 1
his 1
his 1
his 1
his 1
his 1
his 1
his 1
his 1
his 1
his 1
his 1
his 1
his 1
his 1
his 1
his 1
his 1
his 1
his 1
his 1
his 1
his 1
his 1
his 1
his 1
his 1
his 1
his 1
his 1
his 1
his 1
his 1
horrid 1
horrid 1
horrid 1
how 1
how 1
how 1
how 1
how 1
how 1
how 1
how 1
how 1
how 1
how 1
how 1
how 1
how 1
how 1
how 1
how 1
how 1
ideals 1
included 1
included 1
included 1
indifferent 1
indifferent 1
informed 1
informed 1
inscription 1
interesting 1
interesting 1
interesting 1
into 1
into 1
into 1
into 1
into 1
into 1
into 1
into 1
into 1
into 1
into 1
into 1
into 1
into 1
into 1
into 1
into 1
into 1
into 1
into 1
into 1
into 1
into 1
into 1
into 1
into 1
into 1
into 1
into 1
into 1
irritably 1
journey 1
laid 1
laid 1
later 1
later 1
lavished 1
likes 1
linen 1
lips 1
little 1
little 1
little 1
little 1
little 1
little 1
little 1
little 1
little 1
little 1
little 1
little 1
little 1
little 1
little 1
little 1
little 1
little 1
little 1
little 1
little 1
little 1
little 1
little 1
little 1
little 1
little 1
little 1
little 1
little 1
little 1
little 1
little 1
little 1
lost 1
lost 1
lost 1
lost 1
lost 1
lost 1
lots 1
love 1
love 1
love 1
love 1
love 1
love 1
love 1
love 1
love 1
love 1
love 1
love 1
love 1
love 1
love 1
love 1
love 1
love 1
love 1
love 1
love 1
love 1
love 1
luggage 1
luggage 1
luggage 1
luggage 1
marked 1
marked 1
marriage 1
marriage 1
marriage 1
marriage 1
marriage 1
marriage 1
marriage 1
matters 1
matters 1
matters 1
me 1
me 1
me 1
me 1
me 1
me 1
me 1
me 1
me 1
me 1
me 1
me 1
me 1
me 1
me 1
me 1
me 1
me 1
me 1
me 1
me 1
me 1
me 1
me 1
me 1
me 1
me 1
me 1
me 1
me 1
me 1
me 1
me 1
me 1
me 1
me 1
me 1
me 1
me 1
me 1
me 1
me 1
me 1
me 1
me 1
me 1
me 1
me 1
me 1
me 1
me 1
me 1
me 1
me 1
me 1
me 1
me 1
me 1
me 1
me 1
me 1
me 1
me 1
me 1
me 1
me 1
me 1
me 1
me 1
me 1
me 1
me 1
me 1
me 1
me 1
me 1
me 1
me 1
me 1
me 1
me 1
me 1
me 1
me 1
me 1
me 1
me 1
me 1
me 1
me 1
me 1
me 1
me 1
me 1
me 1
me 1
me 1
me 1
me 1
me 1
me 1
me 1
me 1
me 1
me 1
me 1
me 1
me 1
me 1
me 1
me 1
me 1
me 1
me 1
me 1
me 1
me 1
me 1
me 1
me 1
me 1
me 1
me 1
me 1
me 1
me 1
me 1
me 1
me 1
me 1
me 1
me 1
me 1
me 1
me 1
me 1
me 1
me 1
me 1
me 1
me 1
me 1
me 1
me 1
me 1
me 1
me 1
means 1
means 1
means 1
means 1
means 1
means 1
means 1
means 1
melancholy 1
midnight 1
monster 1
naturally 1
naturally 1
naturally 1
naturally 1
naturally 1
naturally 1
neckties 1
neckties 1
need 1
need 1
need 1
need 1
need 1
need 1
need 1
newspapers 1
note 1
note 1
note 1
nowadays 1
nowadays 1
nowadays 1
nowadays 1
nowadays 1
numerous 1
obliged 1
obliged 1
obliged 1
offer 1
offer 1
offer 1
offer 1
office 1
office 1
often 1
often 1
often 1
often 1
often 1
often 1
often 1
often 1
often 1
often 1
often 1
often 1
often 1
often 1
often 1
oneself 1
open 1
open 1
opinion 1
opinion 1
origin 1
origin 1
own 1
own 1
own 1
own 1
own 1
own 1
own 1
own 1
own 1
own 1
own 1
own 1
own 1
own 1
own 1
own 1
own 1
own 1
own 1
own 1
own 1
own 1
own 1
own 1
own 1
own 1
own 1
own 1
own 1
own 1
own 1
own 1
own 1
own 1
own 1
pain 1
pale 1
paragraph 1
paragraph 1
paragraph 1
paragraph 1
paragraph 1
paragraph 1
paragraph 1
paragraph 1
paragraph 1
paragraph 1
parties 1
parties 1
parties 1
parties 1
party 1
past 1
past 1
peculiarly 1
peculiarly 1
peculiarly 1
peculiarly 1
peculiarly 1
peculiarly 1
performed 1
performed 1
persistently 1
picture 1
plain 1
plain 1
plain 1
plain 1
plain 1
play 1
play 1
play 1
play 1
politely 1
politely 1
pray 1
pray 1
pray 1
presumptuous 1
principle 1
privately 1
proved 1
publication 1
publication 1
published 1
punctuality 1
pure 1
pure 1
reached 1
reached 1
reap 1
reap 1
recommending 1
reconsider 1
redistribute 1
redoubled 1
refer 1
refund 1
refund 1
refund 1
refund 1
refund 1
refund 1
refund 1
refund 1
refused 1
regarded 1
regarded 1
regards 1
regulating 1
remaining 1
remaining 1
removed 1
removed 1
renamed 1
reply 1
representations 1
requirements 1
requirements 1
requirements 1
requirements 1
restraining 1
retires 1
retires 1
return 1
return 1
return 1
return 1
return 1
return 1
sad 1
sad 1
sad 1
sake 1
sake 1
sake 1
sake 1
sake 1
scandal 1
second 1
second 1
second 1
second 1
secretive 1
sees 1
sentiments 1
set 1
set 1
set 1
set 1
set 1
set 1
set 1
set 1
set 1
set 1
set 1
sexes 1
she 1
she 1
she 1
she 1
she 1
she 1
she 1
she 1
she 1
she 1
she 1
she 1
she 1
she 1
she 1
she 1
she 1
she 1
she 1
she 1
she 1
she 1
she 1
she 1
she 1
she 1
she 1
she 1
she 1
she 1
she 1
she 1
she 1
she 1
she 1
shy 1
signs 1
simple 1
simple 1
simple 1
simple 1
simple 1
simply 1
simply 1
simply 1
simply 1
simply 1
sit 1
sit 1
sit 1
sit 1
sit 1
sit 1
slightingly 1
slowly 1
slowly 1
slowly 1
smile 1
society 1
society 1
society 1
solicitation 1
sounds 1
sounds 1
sounds 1
spoken 1
station 1
station 1
station 1
stayed 1
stop 1
strictly 1
suggest 1
surely 1
surely 1
surely 1
surely 1
surrender 1
swamp 1
t 1
t 1
t 1
t 1
t 1
t 1
t 1
t 1
t 1
t 1
t 1
t 1
t 1
t 1
t 1
t 1
t 1
t 1
t 1
t 1
t 1
t 1
t 1
t 1
t 1
t 1
t 1
t 1
t 1
t 1
t 1
t 1
t 1
t 1
t 1
t 1
t 1
t 1
t 1
t 1
t 1
t 1
t 1
t 1
t 1
t 1
t 1
t 1
t 1
t 1
t 1
t 1
t 1
t 1
t 1
t 1
t 1
t 1
t 1
t 1
t 1
t 1
t 1
t 1
t 1
t 1
t 1
t 1
t 1
t 1
t 1
t 1
t 1
t 1
t 1
t 1
t 1
t 1
t 1
t 1
t 1
t 1
t 1
t 1
t 1
t 1
t 1
t 1
t 1
t 1
t 1
t 1
t 1
t 1
t 1
t 1
t 1
t 1
t 1
t 1
t 1
t 1
t 1
t 1
t 1
t 1
t 1
t 1
t 1
t 1
t 1
t 1
t 1
t 1
t 1
t 1
t 1
t 1
t 1
t 1
t 1
t 1
t 1
t 1
t 1
t 1
t 1
t 1
t 1
t 1
t 1
t 1
t 1
t 1
t 1
t 1
t 1
t 1
t 1
t 1
t 1
t 1
t 1
t 1
t 1
t 1
t 1
t 1
t 1
t 1
t 1
t 1
t 1
t 1
t 1
t 1
t 1
t 1
t 1
t 1
t 1
t 1
t 1
t 1
t 1
t 1
t 1
t 1
talking 1
talking 1
talking 1
tea 1
tea 1
tea 1
tea 1
tea 1
tea 1
tea 1
tea 1
tea 1
tea 1
tea 1
tea 1
tea 1
tea 1
tea 1
tea 1
tea 1
tea 1
th 1
th 1
th 1
they 1
they 1
they 1
they 1
they 1
they 1
they 1
they 1
they 1
they 1
they 1
they 1
they 1
they 1
they 1
they 1
they 1
they 1
they 1
they 1
thinking 1
thirty 1
thirty 1
thirty 1
thirty 1
thirty 1
thirty 1
thirty 1
thirty 1
tidings 1
together 1
together 1
together 1
together 1
together 1
together 1
together 1
together 1
together 1
too 1
too 1
too 1
too 1
too 1
too 1
too 1
too 1
too 1
too 1
too 1
too 1
too 1
too 1
too 1
too 1
town 1
town 1
town 1
town 1
town 1
town 1
town 1
town 1
town 1
town 1
town 1
town 1
town 1
town 1
town 1
town 1
town 1
town 1
town 1
town 1
town 1
town 1
tray 1
trivet 1
trusting 1
turned 1
turned 1
uncertainty 1
unfortunately 1
unfriendly 1
us 1
us 1
us 1
us 1
us 1
us 1
us 1
us 1
us 1
us 1
us 1
us 1
us 1
us 1
us 1
us 1
us 1
us 1
us 1
us 1
us 1
us 1
us 1
us 1
us 1
us 1
us 1
us 1
useful 1
utmost 1
want 1
want 1
want 1
want 1
want 1
want 1
want 1
want 1
want 1
want 1
want 1
want 1
want 1
ward 1
ward 1
ward 1
ward 1
ward 1
ward 1
ward 1
ward 1
weak 1
weak 1
when 1
when 1
when 1
when 1
when 1
when 1
when 1
when 1
when 1
when 1
when 1
when 1
when 1
when 1
when 1
when 1
when 1
when 1
when 1
when 1
when 1
why 1
why 1
why 1
why 1
why 1
why 1
why 1
why 1
why 1
why 1
why 1
why 1
why 1
why 1
why 1
why 1
widely 1
woman 1
woman 1
woman 1
woman 1
woman 1
woman 1
woman 1
woman 1
woman 1
word 1
word 1
word 1
word 1
worn 1
worn 1
