AK 1
ASHPUTTEL 1
ASHPUTTEL 1
Although 1
Although 1
Although 1
Ashputtel 1
Ashputtel 1
Ashputtel 1
Ashputtel 1
Ashputtel 1
Ashputtel 1
Ashputtel 1
Ashputtel 1
Ashputtel 1
Ashputtel 1
Ashputtel 1
Ashputtel 1
Ashputtel 1
Ashputtel 1
Ashputtel 1
Ashputtel 1
Au 1
BEAN 1
BEAN 1
BLUE 1
BLUE 1
Beg 1
Blow 1
Blow 1
Blow 1
Blow 1
Blow 1
Blow 1
Bride 1
Bride 1
Bride 1
Bride 1
Brother 1
Brother 1
Brother 1
CAT 1
CAT 1
CAT 1
CAT 1
CAT 1
CAT 1
CHANTICLEER 1
CHANTICLEER 1
CHANTICLEER 1
CHANTICLEER 1
CHANTICLEER 1
CONTENTS 1
Can 1
Can 1
Can 1
Can 1
Can 1
Can 1
Christendom 1
Christmas 1
Contact 1
Devil 1
Devil 1
Donkey 1
EBook 1
EBook 1
Even 1
F 1
F 1
F 1
F 1
F 1
F 1
F 1
F 1
F 1
F 1
F 1
FROG 1
FROG 1
Faith 1
Fine 1
Fine 1
Fine 1
Further 1
HAVE 1
HIS 1
HIS 1
HIS 1
HIS 1
HOOD 1
HOOD 1
However 1
However 1
However 1
However 1
However 1
However 1
However 1
However 1
However 1
However 1
However 1
However 1
However 1
However 1
However 1
However 1
However 1
However 1
However 1
However 1
However 1
However 1
However 1
However 1
However 1
Hush 1
IRON 1
IRON 1
IRS 1
Inside 1
Its 1
Its 1
Joy 1
Joy 1
KIND 1
KNOWALL 1
KNOWALL 1
LITTLE 1
LITTLE 1
LITTLE 1
LITTLE 1
LITTLE 1
LITTLE 1
LITTLE 1
LITTLE 1
LITTLE 1
LITTLE 1
Language 1
MERCHANTIBILITY 1
MISER 1
MISER 1
Madam 1
Madam 1
Money 1
Mrs 1
Mrs 1
Mrs 1
Mrs 1
Mrs 1
Mrs 1
Mrs 1
Mrs 1
Mrs 1
Mrs 1
Mrs 1
My 1
My 1
My 1
My 1
My 1
My 1
My 1
My 1
My 1
My 1
My 1
My 1
My 1
My 1
My 1
My 1
My 1
My 1
My 1
My 1
My 1
My 1
My 1
My 1
My 1
My 1
My 1
My 1
My 1
My 1
My 1
My 1
My 1
My 1
My 1
My 1
My 1
My 1
My 1
My 1
My 1
My 1
My 1
My 1
My 1
My 1
My 1
My 1
My 1
My 1
My 1
My 1
My 1
My 1
My 1
NOTICE 1
Now 1
Now 1
Now 1
Now 1
Now 1
Now 1
Now 1
Now 1
Now 1
Now 1
Now 1
Now 1
Now 1
Now 1
Now 1
Now 1
Now 1
Now 1
Now 1
Now 1
Now 1
Now 1
Now 1
Now 1
Now 1
Now 1
Now 1
Now 1
Now 1
Now 1
Now 1
Now 1
Now 1
Now 1
Now 1
Now 1
Now 1
Now 1
Now 1
Now 1
Now 1
Now 1
Now 1
Now 1
Now 1
Now 1
Now 1
Now 1
Now 1
Now 1
Now 1
Now 1
Now 1
Now 1
Now 1
Now 1
Now 1
Now 1
Now 1
Now 1
Now 1
Now 1
Now 1
Now 1
Now 1
Now 1
Now 1
Now 1
Now 1
Now 1
Now 1
Now 1
Now 1
Now 1
Now 1
Now 1
Now 1
Now 1
Now 1
Now 1
Now 1
Now 1
Now 1
Now 1
Now 1
Now 1
Now 1
Now 1
Now 1
Now 1
Now 1
Now 1
Now 1
Now 1
Now 1
Now 1
Now 1
Nursery 1
OTHER 1
Oho 1
One 1
One 1
One 1
One 1
One 1
One 1
One 1
One 1
One 1
One 1
One 1
One 1
One 1
One 1
One 1
One 1
One 1
One 1
One 1
One 1
One 1
One 1
One 1
One 1
One 1
One 1
One 1
One 1
One 1
One 1
One 1
One 1
One 1
One 1
Out 1
Out 1
Poor 1
Poor 1
Poor 1
Poor 1
Poor 1
QUEEN 1
QUEEN 1
Queen 1
Queen 1
Queen 1
Queen 1
Queen 1
Queen 1
Queen 1
RAVEN 1
RAVEN 1
ROBBER 1
ROBBER 1
RUMPELSTILTSKIN 1
RUMPELSTILTSKIN 1
RUMPELSTILTSKIN 1
Refund 1
Replacement 1
Right 1
START 1
START 1
Scour 1
Shake 1
Shake 1
Shake 1
Shake 1
Shake 1
Some 1
Some 1
Some 1
Some 1
Some 1
Some 1
Some 1
Speak 1
Stand 1
States 1
States 1
States 1
States 1
States 1
States 1
States 1
States 1
States 1
States 1
Sunday 1
Sunday 1
Sunday 1
Surely 1
Surely 1
Swiftly 1
THUMB 1
THUMB 1
Three 1
Three 1
Thus 1
Thus 1
Thus 1
Thus 1
Thus 1
Thus 1
Thus 1
Thus 1
Thus 1
Thus 1
Thus 1
Thus 1
Thus 1
Thus 1
Tis 1
Title 1
Tree 1
Tree 1
Tree 1
WEDDING 1
WEDDING 1
With 1
With 1
With 1
With 1
With 1
With 1
With 1
With 1
With 1
With 1
With 1
With 1
With 1
With 1
With 1
With 1
With 1
With 1
With 1
With 1
With 1
With 1
With 1
With 1
Yellow 1
Yet 1
Yet 1
Yet 1
acknowledge 1
ado 1
adopt 1
affairs 1
alarmed 1
alarmed 1
alarmed 1
alarmed 1
allowed 1
allowed 1
allowed 1
allowed 1
allowed 1
allowed 1
allowed 1
allowed 1
allowed 1
allowed 1
amazed 1
amazed 1
answer 1
answer 1
answer 1
answer 1
answer 1
answer 1
answer 1
answer 1
answer 1
answer 1
approach 1
approach 1
approach 1
apron 1
apron 1
apron 1
apron 1
apron 1
apron 1
apron 1
apron 1
apron 1
apron 1
arrange 1
ate 1
ate 1
ate 1
ate 1
ate 1
ate 1
ate 1
ate 1
ate 1
ate 1
ate 1
ate 1
ate 1
ate 1
ate 1
ate 1
ate 1
ate 1
ate 1
ate 1
ate 1
ate 1
ate 1
ate 1
ate 1
ate 1
ate 1
ate 1
ate 1
ate 1
ate 1
ate 1
ate 1
ate 1
ate 1
ate 1
ate 1
ate 1
ate 1
attempted 1
attention 1
await 1
await 1
awaiting 1
axe 1
axe 1
axe 1
axe 1
axe 1
axe 1
axe 1
axe 1
axe 1
axe 1
axe 1
axe 1
axe 1
axe 1
axe 1
axe 1
axe 1
axe 1
axe 1
axe 1
badly 1
badly 1
badly 1
bank 1
bank 1
bank 1
bank 1
bank 1
bank 1
bank 1
bargain 1
bargain 1
bargain 1
bargain 1
bargain 1
bargain 1
bargain 1
bargain 1
bargain 1
bargain 1
bargain 1
bargain 1
bargain 1
bargain 1
bargain 1
bargain 1
beasts 1
beasts 1
beasts 1
beasts 1
beasts 1
beasts 1
beasts 1
beasts 1
beasts 1
beasts 1
beasts 1
beasts 1
beasts 1
beasts 1
beasts 1
beasts 1
beat 1
beat 1
beat 1
beat 1
beat 1
beat 1
beat 1
beating 1
beautifully 1
beautifully 1
beautifully 1
beautifully 1
beautifully 1
beautifully 1
beautifully 1
beef 1
beef 1
befall 1
begins 1
believe 1
believe 1
believe 1
believe 1
believe 1
believe 1
believe 1
believed 1
believed 1
believed 1
believed 1
believed 1
believed 1
beside 1
beside 1
beside 1
beside 1
beside 1
beside 1
beside 1
beside 1
beside 1
beside 1
beside 1
beside 1
besmeared 1
bewail 1
bewail 1
big 1
big 1
big 1
big 1
big 1
big 1
big 1
big 1
big 1
big 1
big 1
big 1
big 1
big 1
big 1
big 1
big 1
big 1
big 1
big 1
big 1
big 1
big 1
big 1
big 1
big 1
big 1
big 1
bills 1
bills 1
birds 1
birds 1
birds 1
birds 1
birds 1
birds 1
birds 1
birds 1
birds 1
birds 1
birds 1
birds 1
birds 1
birds 1
birds 1
birds 1
birds 1
birds 1
birds 1
birds 1
birds 1
birds 1
birds 1
bits 1
blow 1
blow 1
blow 1
blow 1
blow 1
blow 1
blow 1
blow 1
blow 1
blow 1
blow 1
blow 1
blow 1
blow 1
blow 1
blow 1
blow 1
blow 1
blow 1
blow 1
blow 1
blow 1
blow 1
blowing 1
blowing 1
boar 1
boar 1
boar 1
boar 1
boar 1
boar 1
boar 1
boar 1
boar 1
boar 1
bolder 1
bony 1
bore 1
bore 1
bore 1
bore 1
bore 1
bore 1
bottle 1
bottle 1
bottle 1
bottle 1
bottle 1
bottle 1
bottle 1
boughs 1
boughs 1
boy 1
boy 1
boy 1
boy 1
boy 1
boy 1
boy 1
boy 1
boy 1
boy 1
boy 1
boy 1
boy 1
boy 1
boy 1
boy 1
boy 1
boy 1
boy 1
boy 1
boy 1
boy 1
boy 1
boy 1
boy 1
boy 1
boy 1
boy 1
boy 1
boy 1
boy 1
boy 1
boy 1
boy 1
boy 1
boy 1
boy 1
boy 1
boy 1
boy 1
boy 1
boy 1
boy 1
boy 1
boy 1
boy 1
boy 1
boy 1
boy 1
boy 1
boy 1
boy 1
boy 1
boy 1
boy 1
boy 1
boy 1
boy 1
boy 1
boy 1
boy 1
boy 1
boy 1
boy 1
boy 1
boy 1
boy 1
boy 1
boy 1
branch 1
branch 1
branch 1
branch 1
branch 1
branch 1
branches 1
branches 1
branches 1
branches 1
branches 1
branches 1
branches 1
branches 1
branches 1
branches 1
branches 1
branches 1
branches 1
breadcrumbs 1
breezes 1
breezes 1
breezes 1
breezes 1
breezes 1
breezes 1
bridegroom 1
bridegroom 1
bridegroom 1
bridegroom 1
bridegroom 1
bridegroom 1
bridegroom 1
bridegroom 1
bridegroom 1
bridle 1
bridle 1
brisker 1
brisker 1
brown 1
brown 1
brown 1
brown 1
brown 1
brown 1
brown 1
brown 1
brush 1
burst 1
burst 1
burst 1
burst 1
burst 1
burst 1
bury 1
bury 1
bury 1
bury 1
bury 1
bush 1
bush 1
bush 1
bush 1
bush 1
bush 1
bush 1
bush 1
bush 1
bush 1
bush 1
busily 1
buy 1
buy 1
buy 1
buy 1
buy 1
buy 1
buy 1
buy 1
buy 1
buy 1
buy 1
cap 1
cap 1
cap 1
cap 1
cap 1
cap 1
cap 1
cap 1
cap 1
cap 1
cap 1
cap 1
cap 1
cap 1
cap 1
cap 1
cap 1
capital 1
capital 1
capital 1
cart 1
cart 1
cart 1
cart 1
cart 1
cart 1
cart 1
cart 1
cart 1
cart 1
cart 1
cart 1
cart 1
cart 1
cart 1
cart 1
cart 1
cart 1
cart 1
cauldron 1
cauldron 1
cellarful 1
chaffinch 1
chaffinch 1
chaffinch 1
chamber 1
chamber 1
chamber 1
chamber 1
chamber 1
chamber 1
chamber 1
chamber 1
chamber 1
chamber 1
chamber 1
chamber 1
chamber 1
chamber 1
chamber 1
chamber 1
chamber 1
chamber 1
chamber 1
chamber 1
chamber 1
chamber 1
chamber 1
chamber 1
chamber 1
chamber 1
chap 1
chatting 1
chatting 1
chests 1
chests 1
chimneys 1
chimneys 1
circulate 1
civilly 1
clack 1
clack 1
clack 1
clack 1
clack 1
clack 1
clapping 1
cleaned 1
cleaned 1
clothing 1
clothing 1
coffins 1
cold 1
cold 1
cold 1
cold 1
cold 1
cold 1
cold 1
cold 1
cold 1
cold 1
cold 1
cold 1
cold 1
cold 1
cold 1
combed 1
combed 1
comfort 1
comfort 1
comfortably 1
comfortably 1
comfortably 1
compassion 1
comply 1
comply 1
comply 1
comply 1
comply 1
comply 1
conceited 1
consent 1
consent 1
contact 1
contact 1
contact 1
containing 1
containing 1
cook 1
cook 1
cook 1
cook 1
cook 1
cook 1
cook 1
cook 1
cook 1
cook 1
cook 1
cook 1
cook 1
cook 1
cook 1
cook 1
cook 1
cook 1
cook 1
cook 1
cook 1
cook 1
cook 1
cook 1
cook 1
cook 1
cook 1
cook 1
cook 1
cook 1
cook 1
cook 1
cook 1
cook 1
cook 1
cook 1
cook 1
cook 1
cook 1
cook 1
cook 1
cook 1
cook 1
cook 1
cook 1
cook 1
cook 1
cook 1
cook 1
cook 1
cook 1
cook 1
cook 1
cook 1
cook 1
cook 1
cook 1
cook 1
cook 1
cook 1
cook 1
cook 1
cooking 1
cooking 1
cooking 1
cooking 1
cooking 1
cooking 1
coolly 1
copse 1
costly 1
costly 1
costly 1
costly 1
counteract 1
crab 1
crack 1
crack 1
crack 1
crept 1
crept 1
crept 1
crept 1
crept 1
crept 1
crept 1
crept 1
crept 1
crept 1
crept 1
crept 1
crept 1
crept 1
crept 1
crept 1
crept 1
crept 1
crept 1
croak 1
croak 1
cross 1
cross 1
cross 1
cross 1
crowns 1
crowns 1
crushed 1
crushed 1
crushed 1
cudgel 1
cudgel 1
cudgel 1
cultural 1
cup 1
cup 1
cup 1
cup 1
cup 1
cup 1
cup 1
cup 1
cup 1
cup 1
cup 1
cup 1
cup 1
cup 1
curl 1
curl 1
curl 1
curl 1
cursed 1
customer 1
cutting 1
cutting 1
cutting 1
cutting 1
cutting 1
d 1
d 1
d 1
d 1
d 1
d 1
d 1
d 1
d 1
d 1
d 1
daintily 1
dale 1
dale 1
dangerous 1
dangerous 1
dangerous 1
dare 1
dare 1
dare 1
dare 1
dare 1
dare 1
dare 1
dare 1
dare 1
dared 1
dared 1
dared 1
dared 1
dared 1
dared 1
dared 1
dared 1
dawn 1
dawn 1
day 1
day 1
day 1
day 1
day 1
day 1
day 1
day 1
day 1
day 1
day 1
day 1
day 1
day 1
day 1
day 1
day 1
day 1
day 1
day 1
day 1
day 1
day 1
day 1
day 1
day 1
day 1
day 1
day 1
day 1
day 1
day 1
day 1
day 1
day 1
day 1
day 1
day 1
day 1
day 1
day 1
day 1
day 1
day 1
day 1
day 1
day 1
day 1
day 1
day 1
day 1
day 1
day 1
day 1
day 1
day 1
day 1
day 1
day 1
day 1
day 1
day 1
day 1
day 1
day 1
day 1
day 1
day 1
day 1
day 1
day 1
day 1
day 1
day 1
day 1
day 1
day 1
day 1
day 1
day 1
day 1
day 1
day 1
day 1
day 1
day 1
day 1
day 1
day 1
day 1
day 1
day 1
day 1
day 1
day 1
day 1
day 1
day 1
day 1
day 1
day 1
day 1
day 1
day 1
day 1
day 1
day 1
day 1
day 1
day 1
day 1
day 1
day 1
day 1
day 1
day 1
day 1
day 1
day 1
day 1
day 1
day 1
day 1
day 1
day 1
day 1
day 1
day 1
day 1
day 1
day 1
day 1
day 1
day 1
day 1
day 1
day 1
day 1
day 1
day 1
day 1
day 1
day 1
day 1
day 1
day 1
day 1
day 1
day 1
day 1
day 1
day 1
day 1
day 1
day 1
day 1
day 1
day 1
day 1
day 1
day 1
day 1
day 1
day 1
day 1
day 1
day 1
day 1
day 1
day 1
day 1
day 1
day 1
day 1
day 1
day 1
day 1
day 1
day 1
day 1
day 1
day 1
day 1
day 1
day 1
day 1
day 1
day 1
day 1
day 1
day 1
day 1
dearth 1
dearth 1
decide 1
decision 1
deny 1
deny 1
depend 1
derry 1
desired 1
desired 1
desired 1
desired 1
die 1
die 1
die 1
die 1
die 1
die 1
die 1
die 1
die 1
die 1
die 1
die 1
die 1
die 1
die 1
die 1
die 1
die 1
die 1
die 1
die 1
died 1
died 1
died 1
died 1
died 1
died 1
died 1
died 1
died 1
died 1
died 1
died 1
died 1
died 1
died 1
died 1
died 1
died 1
died 1
died 1
died 1
died 1
died 1
diligent 1
dinner 1
dinner 1
dinner 1
dinner 1
dinner 1
dinner 1
dinner 1
dinner 1
dinner 1
dinner 1
dinner 1
dinner 1
dinner 1
dinner 1
dinner 1
dinner 1
directly 1
directly 1
directly 1
directly 1
dirty 1
dirty 1
dirty 1
dirty 1
dirty 1
dirty 1
dirty 1
dirty 1
dirty 1
dirty 1
dirty 1
dirty 1
dirty 1
dirty 1
discern 1
disfigure 1
disguises 1
dish 1
dish 1
dish 1
dish 1
dish 1
dish 1
dish 1
dish 1
dish 1
dish 1
dish 1
dish 1
dish 1
dish 1
dish 1
dish 1
dish 1
dish 1
dish 1
dish 1
dish 1
dispute 1
distributing 1
distributing 1
distributing 1
distributing 1
distributing 1
distributing 1
distributing 1
dived 1
dived 1
drawn 1
drawn 1
drawn 1
drawn 1
dreadfully 1
dreadfully 1
dreadfully 1
dreadfully 1
drew 1
drew 1
drew 1
drew 1
drew 1
drew 1
drew 1
drew 1
drew 1
drew 1
drew 1
drew 1
drew 1
drew 1
drew 1
drew 1
drew 1
drew 1
drew 1
drew 1
drew 1
drew 1
drew 1
drew 1
drew 1
drew 1
drew 1
drew 1
drew 1
drew 1
drew 1
drew 1
drew 1
drew 1
drew 1
drew 1
drink 1
drink 1
drink 1
drink 1
drink 1
drink 1
drink 1
drink 1
drink 1
drink 1
drink 1
drink 1
drink 1
drink 1
drink 1
drink 1
drink 1
drink 1
drink 1
drink 1
drink 1
drink 1
drink 1
drink 1
drink 1
drink 1
drink 1
drink 1
drink 1
drink 1
drink 1
drink 1
drink 1
drink 1
drink 1
drink 1
drink 1
drink 1
drink 1
drink 1
drink 1
drink 1
drink 1
drink 1
drink 1
drink 1
due 1
dwell 1
dwell 1
ease 1
ease 1
ease 1
ease 1
ease 1
ease 1
ease 1
ease 1
elder 1
elder 1
elder 1
elder 1
elder 1
elder 1
embers 1
embroidered 1
employee 1
engraved 1
enormous 1
entangled 1
entice 1
entice 1
entice 1
entrance 1
entrance 1
entreaties 1
entreaties 1
entreaty 1
envy 1
envy 1
envy 1
espied 1
espied 1
even 1
even 1
even 1
even 1
even 1
even 1
even 1
even 1
even 1
even 1
even 1
even 1
even 1
even 1
even 1
even 1
even 1
even 1
even 1
even 1
even 1
even 1
even 1
even 1
even 1
even 1
even 1
even 1
even 1
even 1
even 1
even 1
evening 1
evening 1
evening 1
evening 1
evening 1
evening 1
evening 1
evening 1
evening 1
evening 1
evening 1
evening 1
evening 1
evening 1
evening 1
evening 1
evening 1
evening 1
evening 1
evening 1
evening 1
evening 1
evening 1
evening 1
evening 1
evening 1
evening 1
evening 1
evening 1
evening 1
evening 1
evening 1
evening 1
evening 1
evening 1
evening 1
evening 1
evening 1
evening 1
evening 1
evening 1
evening 1
evening 1
evening 1
evening 1
evening 1
evening 1
evening 1
evening 1
evening 1
evening 1
evening 1
evening 1
evening 1
evening 1
evening 1
evening 1
evening 1
evening 1
evening 1
evening 1
evening 1
evening 1
evening 1
evening 1
evening 1
evening 1
evening 1
evil 1
evil 1
evil 1
evil 1
evil 1
evil 1
evil 1
evil 1
evil 1
evil 1
evil 1
evil 1
excuses 1
excuses 1
fainting 1
faithfulness 1
falls 1
falls 1
falls 1
famine 1
feed 1
feed 1
feed 1
feed 1
feeding 1
feeling 1
feeling 1
feeling 1
feeling 1
festival 1
festival 1
few 1
few 1
few 1
few 1
few 1
few 1
few 1
few 1
few 1
few 1
few 1
few 1
few 1
few 1
fickle 1
fierce 1
fierce 1
fifty 1
fifty 1
fifty 1
fifty 1
fifty 1
fifty 1
figure 1
figure 1
figure 1
figure 1
file 1
file 1
fits 1
float 1
flowers 1
flowers 1
flowers 1
flowers 1
flowers 1
flowers 1
flowers 1
flowers 1
flowers 1
flowers 1
flowers 1
flowers 1
flowers 1
flowers 1
flowers 1
flowers 1
flown 1
flown 1
flown 1
follows 1
forbid 1
forbid 1
forester 1
forester 1
forester 1
forester 1
forester 1
forester 1
forgets 1
forgotten 1
forgotten 1
forgotten 1
forgotten 1
forgotten 1
forgotten 1
forgotten 1
forgotten 1
forgotten 1
formats 1
formats 1
forwards 1
forwards 1
forwards 1
forwards 1
forwards 1
forwards 1
friend 1
friend 1
friend 1
friend 1
friend 1
friend 1
friend 1
friend 1
friend 1
friend 1
friend 1
friend 1
friend 1
friend 1
friend 1
friend 1
friend 1
friend 1
friend 1
friend 1
friend 1
friend 1
friend 1
friend 1
friend 1
friend 1
friend 1
friend 1
friend 1
friend 1
friend 1
friend 1
friend 1
frog 1
frog 1
frog 1
frog 1
frog 1
frog 1
frog 1
frog 1
frog 1
frog 1
frog 1
frog 1
frog 1
frog 1
frog 1
frog 1
frog 1
fuel 1
fuel 1
fuel 1
further 1
further 1
further 1
further 1
further 1
further 1
further 1
further 1
further 1
gained 1
gains 1
gazing 1
gazing 1
get 1
get 1
get 1
get 1
get 1
get 1
get 1
get 1
get 1
get 1
get 1
get 1
get 1
get 1
get 1
get 1
get 1
get 1
get 1
get 1
get 1
get 1
get 1
get 1
get 1
get 1
get 1
get 1
get 1
get 1
get 1
get 1
get 1
get 1
get 1
get 1
get 1
get 1
get 1
get 1
get 1
get 1
get 1
get 1
get 1
get 1
get 1
get 1
get 1
get 1
get 1
get 1
get 1
get 1
get 1
get 1
get 1
get 1
get 1
get 1
get 1
get 1
get 1
get 1
get 1
get 1
get 1
get 1
get 1
get 1
get 1
get 1
get 1
get 1
get 1
get 1
get 1
get 1
get 1
get 1
get 1
get 1
get 1
get 1
get 1
get 1
get 1
get 1
get 1
get 1
get 1
get 1
get 1
get 1
get 1
get 1
get 1
get 1
get 1
get 1
get 1
get 1
get 1
get 1
get 1
get 1
get 1
get 1
get 1
get 1
get 1
get 1
get 1
get 1
get 1
get 1
get 1
get 1
gift 1
gift 1
gift 1
gift 1
gift 1
gift 1
gift 1
gift 1
girl 1
girl 1
girl 1
girl 1
girl 1
girl 1
girl 1
girl 1
girl 1
girl 1
girl 1
girl 1
girl 1
girl 1
girl 1
girl 1
girl 1
girl 1
girl 1
girl 1
girl 1
girl 1
girl 1
girl 1
girl 1
girl 1
girl 1
girl 1
girl 1
girl 1
girl 1
girl 1
girl 1
girl 1
girl 1
girl 1
girl 1
girl 1
girl 1
girl 1
girl 1
girl 1
girl 1
girl 1
girl 1
girl 1
girl 1
girl 1
girl 1
girl 1
girl 1
girl 1
girl 1
girl 1
girl 1
girl 1
girl 1
girl 1
girl 1
girl 1
girl 1
girl 1
grandson 1
grieved 1
grieved 1
grieved 1
grieved 1
grieved 1
grieved 1
grieved 1
grieved 1
grieved 1
grieved 1
grieved 1
grieved 1
grieved 1
grieved 1
grieved 1
grieved 1
grieved 1
grieved 1
grieved 1
groaned 1
guide 1
guiltless 1
hailing 1
hang 1
hang 1
hang 1
hang 1
hang 1
hare 1
hare 1
hare 1
hastened 1
hastened 1
hastened 1
hastened 1
hastened 1
hastened 1
hastened 1
head 1
head 1
head 1
head 1
head 1
head 1
head 1
head 1
head 1
head 1
head 1
head 1
head 1
head 1
head 1
head 1
head 1
head 1
head 1
head 1
head 1
head 1
head 1
head 1
head 1
head 1
head 1
head 1
head 1
head 1
head 1
head 1
head 1
head 1
head 1
head 1
head 1
head 1
head 1
head 1
head 1
head 1
head 1
head 1
head 1
head 1
head 1
head 1
head 1
head 1
head 1
head 1
head 1
head 1
head 1
head 1
head 1
head 1
head 1
head 1
head 1
head 1
head 1
head 1
head 1
head 1
head 1
head 1
head 1
head 1
head 1
head 1
head 1
head 1
head 1
head 1
head 1
head 1
head 1
head 1
head 1
head 1
head 1
head 1
head 1
head 1
head 1
head 1
head 1
head 1
head 1
head 1
head 1
head 1
head 1
head 1
head 1
head 1
head 1
head 1
head 1
head 1
head 1
head 1
head 1
head 1
head 1
head 1
head 1
head 1
head 1
head 1
head 1
head 1
head 1
head 1
head 1
hear 1
hear 1
hear 1
hear 1
hear 1
hear 1
hear 1
hear 1
hear 1
hear 1
hear 1
hear 1
hear 1
hear 1
hear 1
hear 1
hear 1
hear 1
hear 1
hear 1
hear 1
hear 1
hear 1
hear 1
heavily 1
heavily 1
heir 1
heir 1
heir 1
heir 1
helped 1
helped 1
helped 1
helped 1
helped 1
helped 1
helped 1
helped 1
herbs 1
herbs 1
hew 1
hew 1
hidden 1
hidden 1
hidden 1
hidden 1
hidden 1
hidden 1
hidden 1
hidden 1
hidden 1
hidden 1
hidden 1
hide 1
hide 1
hide 1
hide 1
hide 1
hide 1
high 1
high 1
high 1
high 1
high 1
high 1
high 1
high 1
high 1
high 1
high 1
high 1
high 1
high 1
high 1
high 1
high 1
high 1
high 1
high 1
high 1
high 1
hired 1
hither 1
hither 1
hither 1
hither 1
hither 1
hobgoblin 1
hobgoblin 1
hoe 1
holiday 1
however 1
however 1
however 1
however 1
however 1
however 1
however 1
however 1
however 1
however 1
however 1
however 1
however 1
however 1
however 1
however 1
however 1
however 1
however 1
however 1
however 1
however 1
however 1
however 1
however 1
however 1
however 1
however 1
however 1
however 1
however 1
however 1
however 1
however 1
however 1
however 1
however 1
however 1
however 1
however 1
however 1
however 1
however 1
however 1
however 1
however 1
however 1
however 1
however 1
however 1
however 1
however 1
however 1
however 1
however 1
however 1
however 1
however 1
however 1
however 1
however 1
however 1
however 1
however 1
however 1
however 1
however 1
however 1
however 1
however 1
however 1
however 1
however 1
however 1
however 1
however 1
however 1
however 1
however 1
however 1
however 1
however 1
however 1
however 1
however 1
however 1
however 1
however 1
however 1
however 1
however 1
however 1
however 1
however 1
however 1
however 1
however 1
howling 1
howling 1
howling 1
http 1
http 1
http 1
http 1
http 1
http 1
http 1
http 1
hug 1
hurry 1
hurry 1
hurry 1
hurry 1
hurry 1
immense 1
implied 1
inclination 1
inclination 1
increased 1
industry 1
industry 1
inns 1
inns 1
inns 1
inside 1
inside 1
inside 1
inside 1
inside 1
inside 1
inside 1
inside 1
inside 1
inside 1
inside 1
inside 1
inside 1
inside 1
inside 1
inside 1
involuntarily 1
jam 1
jam 1
jam 1
jam 1
just 1
just 1
just 1
just 1
just 1
just 1
just 1
just 1
just 1
just 1
just 1
just 1
just 1
just 1
just 1
just 1
just 1
just 1
just 1
just 1
just 1
just 1
just 1
just 1
just 1
just 1
just 1
just 1
just 1
just 1
just 1
just 1
just 1
just 1
just 1
just 1
just 1
just 1
just 1
just 1
just 1
just 1
just 1
just 1
just 1
just 1
just 1
just 1
just 1
just 1
just 1
just 1
just 1
just 1
just 1
just 1
just 1
just 1
just 1
just 1
just 1
just 1
just 1
just 1
just 1
just 1
just 1
keeps 1
keeps 1
kiss 1
kiss 1
kiss 1
kiss 1
kitchen 1
kitchen 1
kitchen 1
kitchen 1
kitchen 1
kitchen 1
kitchen 1
kitchen 1
kitchen 1
kitchen 1
kitchen 1
kitchen 1
kitchen 1
kitchen 1
kitchen 1
kitchen 1
kitchen 1
kitchen 1
kitchen 1
kitchen 1
kitchen 1
kitchen 1
kitchen 1
kitchen 1
kitchen 1
kitchen 1
kitchen 1
kitchen 1
kitchen 1
kitchen 1
kitchen 1
knock 1
knock 1
knock 1
knock 1
knows 1
knows 1
knows 1
knows 1
knows 1
knows 1
knows 1
knows 1
knows 1
knows 1
knows 1
knows 1
laboured 1
lady 1
lady 1
lady 1
lady 1
lady 1
lady 1
lady 1
lady 1
lady 1
lady 1
lady 1
lady 1
lady 1
lady 1
lady 1
lady 1
lady 1
lady 1
lady 1
lady 1
lady 1
lady 1
lady 1
lady 1
lady 1
lady 1
lady 1
lady 1
lady 1
lady 1
lady 1
lady 1
lady 1
lady 1
lady 1
lamp 1
lamp 1
landlord 1
landlord 1
landlord 1
landlord 1
language 1
language 1
last 1
last 1
last 1
last 1
last 1
last 1
last 1
last 1
last 1
last 1
last 1
last 1
last 1
last 1
last 1
last 1
last 1
last 1
last 1
last 1
last 1
last 1
last 1
last 1
last 1
last 1
last 1
last 1
last 1
last 1
last 1
last 1
last 1
last 1
last 1
last 1
last 1
last 1
last 1
last 1
last 1
last 1
last 1
last 1
last 1
last 1
last 1
last 1
last 1
last 1
last 1
last 1
last 1
last 1
last 1
last 1
last 1
last 1
last 1
last 1
last 1
last 1
last 1
last 1
last 1
last 1
last 1
last 1
last 1
last 1
last 1
last 1
last 1
last 1
last 1
last 1
last 1
last 1
last 1
last 1
last 1
last 1
last 1
last 1
last 1
last 1
last 1
last 1
last 1
last 1
last 1
last 1
last 1
last 1
last 1
last 1
last 1
last 1
last 1
last 1
last 1
last 1
last 1
last 1
last 1
last 1
last 1
last 1
last 1
last 1
last 1
last 1
last 1
last 1
last 1
last 1
last 1
last 1
last 1
last 1
last 1
last 1
last 1
last 1
last 1
last 1
last 1
last 1
last 1
last 1
last 1
last 1
last 1
last 1
last 1
last 1
last 1
last 1
last 1
last 1
last 1
last 1
last 1
last 1
last 1
last 1
laughed 1
laughed 1
laughed 1
laughed 1
laughed 1
laughed 1
laughed 1
laughed 1
laughed 1
laughed 1
laughed 1
laughed 1
laughed 1
laughed 1
laughed 1
laughed 1
laughed 1
laughed 1
laughed 1
lay 1
lay 1
lay 1
lay 1
lay 1
lay 1
lay 1
lay 1
lay 1
lay 1
lay 1
lay 1
lay 1
lay 1
lay 1
lay 1
lay 1
lay 1
lay 1
lay 1
lay 1
lay 1
lay 1
lay 1
lay 1
lay 1
lay 1
lay 1
lay 1
lay 1
lay 1
lay 1
lay 1
lay 1
lay 1
lay 1
lay 1
lay 1
lay 1
lay 1
lay 1
lay 1
lay 1
lay 1
lay 1
lay 1
lay 1
lay 1
lay 1
lay 1
lay 1
lay 1
lay 1
lay 1
lay 1
lay 1
lay 1
lay 1
lay 1
lay 1
lay 1
lay 1
lay 1
lay 1
lay 1
lay 1
lay 1
lay 1
lay 1
lay 1
lay 1
lay 1
lay 1
lay 1
lay 1
lay 1
lay 1
lay 1
lay 1
lay 1
lay 1
lazy 1
lazy 1
lazy 1
lazy 1
lazy 1
lazy 1
lazy 1
lazy 1
leaf 1
leaf 1
leaf 1
leagues 1
learning 1
learning 1
learning 1
learning 1
legally 1
letter 1
letter 1
letter 1
lie 1
lie 1
lie 1
lie 1
lie 1
lie 1
lie 1
lie 1
lie 1
lie 1
lie 1
lie 1
lie 1
lie 1
lie 1
lie 1
lie 1
lie 1
lie 1
lie 1
lie 1
lie 1
lie 1
lie 1
lie 1
lie 1
lie 1
lie 1
lie 1
lie 1
listened 1
listened 1
listened 1
listened 1
listened 1
listened 1
listened 1
listened 1
listened 1
listened 1
listened 1
listened 1
listened 1
listened 1
listened 1
literary 1
live 1
live 1
live 1
live 1
live 1
live 1
live 1
live 1
live 1
live 1
live 1
live 1
live 1
live 1
live 1
live 1
live 1
live 1
live 1
live 1
live 1
live 1
live 1
live 1
live 1
live 1
live 1
live 1
live 1
live 1
live 1
live 1
live 1
live 1
live 1
live 1
live 1
live 1
live 1
loaves 1
loaves 1
loaves 1
loaves 1
locations 1
locations 1
looked 1
looked 1
looked 1
looked 1
looked 1
looked 1
looked 1
looked 1
looked 1
looked 1
looked 1
looked 1
looked 1
looked 1
looked 1
looked 1
looked 1
looked 1
looked 1
looked 1
looked 1
looked 1
looked 1
looked 1
looked 1
looked 1
looked 1
looked 1
looked 1
looked 1
looked 1
looked 1
looked 1
looked 1
looked 1
looked 1
looked 1
looked 1
looked 1
looked 1
looked 1
looked 1
looked 1
looked 1
looked 1
looked 1
looked 1
looked 1
looked 1
looked 1
looked 1
looked 1
looked 1
looked 1
looked 1
looked 1
looked 1
looked 1
looked 1
looked 1
looked 1
looked 1
looked 1
looked 1
looked 1
looked 1
looked 1
looked 1
looked 1
looked 1
looked 1
looked 1
looked 1
looked 1
looked 1
looked 1
looked 1
looked 1
looked 1
looked 1
looked 1
looked 1
looked 1
looked 1
looked 1
looked 1
looked 1
looked 1
looked 1
looked 1
looked 1
looked 1
looked 1
looked 1
looked 1
looked 1
looked 1
looked 1
looked 1
looked 1
looked 1
looked 1
looked 1
looked 1
looked 1
looked 1
looked 1
looked 1
looked 1
looked 1
looked 1
looked 1
looked 1
lover 1
lover 1
low 1
low 1
low 1
low 1
lucky 1
lucky 1
lucky 1
lucky 1
lucky 1
lucky 1
lucky 1
lucky 1
lucky 1
lucky 1
lucky 1
lucky 1
lucky 1
lucky 1
manages 1
mankind 1
mankind 1
market 1
market 1
market 1
market 1
meadows 1
meadows 1
meadows 1
meadows 1
mercilessly 1
miau 1
mighty 1
mighty 1
mighty 1
mighty 1
mighty 1
mighty 1
mischief 1
mischief 1
mischief 1
mischief 1
miser 1
miser 1
miser 1
miser 1
miser 1
miser 1
miser 1
miser 1
miser 1
miser 1
miser 1
miser 1
miser 1
miser 1
miser 1
miser 1
miser 1
miserable 1
miserable 1
miserable 1
miserable 1
misfortune 1
misfortune 1
misfortune 1
misfortune 1
misfortune 1
misfortune 1
mistook 1
mistress 1
mistress 1
mistress 1
mistress 1
modification 1
moment 1
moment 1
moment 1
moment 1
moment 1
moment 1
moment 1
moment 1
moment 1
moment 1
moment 1
moment 1
moment 1
moment 1
moment 1
moment 1
moment 1
moment 1
moment 1
moment 1
moment 1
mop 1
mouthful 1
mouthful 1
mouthful 1
mouthful 1
mouths 1
musicians 1
myself 1
myself 1
myself 1
myself 1
myself 1
myself 1
myself 1
myself 1
myself 1
myself 1
myself 1
myself 1
myself 1
myself 1
myself 1
myself 1
myself 1
myself 1
myself 1
myself 1
myself 1
myself 1
myself 1
myself 1
myself 1
myself 1
myself 1
myself 1
myself 1
myself 1
myself 1
myself 1
myself 1
nail 1
nail 1
nail 1
necks 1
needles 1
new 1
new 1
new 1
new 1
new 1
new 1
new 1
new 1
new 1
new 1
new 1
new 1
new 1
new 1
nigh 1
nigh 1
nigh 1
night 1
night 1
night 1
night 1
night 1
night 1
night 1
night 1
night 1
night 1
night 1
night 1
night 1
night 1
night 1
night 1
night 1
night 1
night 1
night 1
night 1
night 1
night 1
night 1
night 1
night 1
night 1
night 1
night 1
night 1
night 1
night 1
night 1
night 1
night 1
night 1
night 1
night 1
night 1
night 1
night 1
night 1
night 1
night 1
night 1
night 1
night 1
night 1
night 1
night 1
night 1
night 1
night 1
night 1
night 1
night 1
night 1
night 1
night 1
night 1
night 1
night 1
night 1
night 1
night 1
night 1
night 1
night 1
night 1
night 1
night 1
night 1
night 1
night 1
night 1
night 1
night 1
night 1
night 1
night 1
night 1
night 1
night 1
night 1
night 1
night 1
night 1
night 1
night 1
night 1
night 1
night 1
night 1
night 1
night 1
night 1
night 1
night 1
night 1
night 1
night 1
night 1
night 1
night 1
night 1
noble 1
noble 1
noble 1
noble 1
noble 1
noble 1
noise 1
noise 1
noise 1
noise 1
noise 1
noise 1
noise 1
noise 1
noise 1
noise 1
noise 1
noise 1
noise 1
noise 1
noise 1
noise 1
noise 1
noise 1
nosegay 1
nosegay 1
observe 1
observed 1
observed 1
occur 1
onwards 1
onwards 1
oral 1
our 1
our 1
our 1
our 1
our 1
our 1
our 1
our 1
our 1
our 1
our 1
our 1
our 1
our 1
our 1
our 1
our 1
our 1
our 1
our 1
our 1
our 1
our 1
our 1
our 1
our 1
our 1
our 1
our 1
our 1
our 1
our 1
our 1
our 1
our 1
our 1
our 1
our 1
our 1
our 1
our 1
our 1
our 1
our 1
our 1
our 1
our 1
outskirts 1
outskirts 1
overset 1
overset 1
overset 1
overwhelmed 1
overwhelmed 1
pages 1
pages 1
particulars 1
passage 1
patted 1
peaceably 1
peacefully 1
peacefully 1
peasant 1
peasant 1
peasant 1
peasant 1
peasant 1
peasant 1
peasant 1
peasant 1
peasant 1
peasant 1
peasant 1
peasant 1
peasant 1
peasant 1
peasant 1
peasant 1
peasant 1
peasant 1
peasant 1
peasant 1
peasant 1
peasant 1
peasant 1
peasant 1
peasant 1
peasant 1
peasant 1
peasant 1
peasant 1
peasant 1
peasant 1
peasant 1
peasant 1
peasant 1
peasant 1
peasant 1
peasant 1
peasant 1
peasant 1
peasant 1
peasant 1
peasant 1
peasant 1
peasant 1
peasant 1
peasant 1
peasant 1
peasant 1
peasant 1
pecked 1
pecked 1
pecked 1
pecked 1
pecked 1
pecked 1
pecked 1
pecked 1
peeling 1
peering 1
perceiving 1
picked 1
picked 1
picked 1
picked 1
picked 1
picked 1
picked 1
picked 1
picked 1
picked 1
picked 1
picked 1
picked 1
picked 1
picked 1
pigeon 1
pigeon 1
pigeon 1
pigeon 1
pigeon 1
pinafore 1
pinafore 1
pink 1
pink 1
piteously 1
pity 1
pity 1
pity 1
pity 1
pity 1
pity 1
pity 1
pity 1
pity 1
pity 1
pity 1
pity 1
pity 1
pity 1
pity 1
pity 1
pity 1
pity 1
pity 1
pity 1
places 1
plaything 1
please 1
please 1
please 1
please 1
please 1
please 1
please 1
please 1
please 1
please 1
please 1
please 1
please 1
please 1
please 1
please 1
please 1
please 1
please 1
plight 1
ploughed 1
ploughed 1
pocket 1
pocket 1
pocket 1
pocket 1
pocket 1
pocket 1
pocket 1
pocket 1
pocket 1
pocket 1
pocket 1
pocket 1
pocket 1
pocket 1
pocket 1
pocket 1
pocket 1
pocket 1
pocket 1
pocket 1
pocket 1
pocket 1
pocket 1
pocket 1
pocket 1
pocket 1
pocket 1
pocket 1
pocket 1
pocket 1
pocket 1
pool 1
popped 1
popped 1
porch 1
porch 1
pouring 1
praised 1
presently 1
presently 1
presently 1
presently 1
preserve 1
preserve 1
pretending 1
pride 1
pride 1
produce 1
produce 1
produced 1
profit 1
profit 1
proofread 1
proud 1
proud 1
proud 1
proud 1
proud 1
proud 1
proud 1
prove 1
prove 1
prove 1
pursue 1
pursue 1
pursuit 1
puts 1
puts 1
puts 1
quicker 1
quickly 1
quickly 1
quickly 1
quickly 1
quickly 1
quickly 1
quickly 1
quickly 1
quickly 1
quickly 1
quickly 1
quickly 1
quickly 1
quickly 1
quickly 1
quickly 1
quickly 1
quickly 1
quickly 1
quickly 1
quickly 1
quickly 1
quickly 1
quickly 1
quickly 1
quickly 1
quickly 1
quickly 1
quite 1
quite 1
quite 1
quite 1
quite 1
quite 1
quite 1
quite 1
quite 1
quite 1
quite 1
quite 1
quite 1
quite 1
quite 1
quite 1
quite 1
quite 1
quite 1
quite 1
quite 1
quite 1
quite 1
quite 1
quite 1
quite 1
quite 1
quite 1
quite 1
quite 1
quite 1
quite 1
quite 1
quite 1
quite 1
quite 1
quite 1
quite 1
quite 1
quite 1
quite 1
quite 1
quite 1
quite 1
quite 1
quite 1
quite 1
quite 1
quite 1
quite 1
quite 1
quite 1
quite 1
quite 1
quite 1
quite 1
quite 1
quite 1
quite 1
quite 1
quite 1
quite 1
quite 1
quite 1
quite 1
quite 1
quite 1
quite 1
quite 1
quite 1
quite 1
quite 1
quite 1
quite 1
quite 1
quite 1
quite 1
quite 1
quite 1
quite 1
quite 1
quite 1
quite 1
quite 1
quite 1
quite 1
quite 1
quite 1
quite 1
rabble 1
raise 1
raise 1
rampion 1
rampion 1
rampion 1
rampion 1
rampion 1
rampion 1
rampion 1
rascal 1
rascal 1
rascal 1
rascal 1
rather 1
rather 1
rather 1
rather 1
rather 1
rather 1
rattled 1
rattled 1
references 1
references 1
refuse 1
refuse 1
refuse 1
remain 1
remain 1
remain 1
remain 1
remain 1
remain 1
remain 1
renowned 1
repeated 1
respect 1
respect 1
respect 1
restored 1
ripe 1
ripe 1
ripe 1
ripe 1
ripe 1
ripe 1
rode 1
rode 1
rode 1
rode 1
rode 1
rode 1
rode 1
rode 1
rode 1
rode 1
rode 1
rode 1
rode 1
rode 1
rode 1
rode 1
rode 1
rode 1
rode 1
rode 1
rode 1
rode 1
rode 1
rode 1
rode 1
rode 1
rode 1
rode 1
rode 1
rode 1
rode 1
rode 1
rode 1
rode 1
rode 1
roses 1
roses 1
roses 1
roses 1
roses 1
round 1
round 1
round 1
round 1
round 1
round 1
round 1
round 1
round 1
round 1
round 1
round 1
round 1
round 1
round 1
round 1
round 1
round 1
round 1
round 1
round 1
round 1
round 1
round 1
round 1
round 1
round 1
round 1
round 1
round 1
round 1
round 1
round 1
round 1
round 1
round 1
round 1
round 1
round 1
round 1
round 1
round 1
round 1
round 1
round 1
round 1
round 1
round 1
round 1
round 1
round 1
round 1
round 1
round 1
round 1
round 1
round 1
round 1
round 1
round 1
round 1
round 1
round 1
round 1
round 1
round 1
round 1
round 1
round 1
round 1
round 1
round 1
round 1
round 1
round 1
round 1
round 1
round 1
round 1
round 1
round 1
round 1
rubbed 1
rubbed 1
rushes 1
rushes 1
sacksful 1
safely 1
safely 1
safely 1
safely 1
safely 1
safely 1
safely 1
sand 1
sat 1
sat 1
sat 1
sat 1
sat 1
sat 1
sat 1
sat 1
sat 1
sat 1
sat 1
sat 1
sat 1
sat 1
sat 1
sat 1
sat 1
sat 1
sat 1
sat 1
sat 1
sat 1
sat 1
sat 1
sat 1
sat 1
sat 1
sat 1
sat 1
sat 1
sat 1
sat 1
sat 1
sat 1
sat 1
sat 1
sat 1
sat 1
sat 1
sat 1
sat 1
sat 1
sat 1
sat 1
sat 1
sat 1
sat 1
sat 1
sat 1
sat 1
sat 1
sat 1
sat 1
sat 1
sat 1
sat 1
sat 1
sat 1
sat 1
sat 1
sat 1
sat 1
sat 1
sat 1
sat 1
sat 1
sat 1
sat 1
sat 1
sat 1
sat 1
sat 1
sat 1
sat 1
sat 1
sat 1
sat 1
sat 1
sat 1
sat 1
sat 1
sat 1
sat 1
sat 1
sat 1
sat 1
sat 1
sat 1
sat 1
sat 1
sat 1
sat 1
sat 1
sat 1
sat 1
sat 1
sat 1
sat 1
sat 1
sat 1
sat 1
sat 1
sat 1
sat 1
sat 1
sat 1
sat 1
sat 1
sat 1
sat 1
sat 1
sat 1
sat 1
sat 1
sat 1
sat 1
sat 1
sat 1
sat 1
sat 1
sat 1
sat 1
sat 1
sat 1
sat 1
scampered 1
scissor 1
screamed 1
screamed 1
screamed 1
screamed 1
screamed 1
screamed 1
screamed 1
screamed 1
screamed 1
screamed 1
search 1
search 1
search 1
search 1
search 1
search 1
search 1
search 1
search 1
search 1
search 1
search 1
search 1
search 1
search 1
seashore 1
seashore 1
seashore 1
seem 1
seem 1
seem 1
seem 1
seem 1
seem 1
seem 1
seem 1
seem 1
sense 1
serious 1
servants 1
servants 1
servants 1
servants 1
servants 1
servants 1
servants 1
servants 1
servants 1
servants 1
servants 1
servants 1
servants 1
servants 1
servants 1
setting 1
setting 1
setting 1
setting 1
setting 1
shalt 1
shalt 1
shelf 1
shelf 1
shelf 1
shell 1
shell 1
shell 1
shewed 1
shopkeeper 1
shot 1
shot 1
shot 1
shot 1
shot 1
shot 1
shot 1
shot 1
shot 1
shot 1
showed 1
showed 1
showed 1
showed 1
showed 1
showed 1
showed 1
showed 1
showed 1
showed 1
showed 1
showed 1
showed 1
showed 1
showed 1
showed 1
showed 1
showed 1
shower 1
shower 1
sift 1
silently 1
silken 1
silken 1
silken 1
silken 1
silvery 1
silvery 1
silvery 1
silvery 1
silvery 1
single 1
single 1
single 1
single 1
single 1
single 1
sings 1
sings 1
sitting 1
sitting 1
sitting 1
sitting 1
sitting 1
sitting 1
sitting 1
sitting 1
sitting 1
sitting 1
sitting 1
sitting 1
sitting 1
sitting 1
sitting 1
sitting 1
sitting 1
sitting 1
sitting 1
sitting 1
sitting 1
sitting 1
sitting 1
sitting 1
sitting 1
sitting 1
sitting 1
sitting 1
sitting 1
sitting 1
sitting 1
sitting 1
sitting 1
sitting 1
sitting 1
sitting 1
sitting 1
sitting 1
sitting 1
sitting 1
sitting 1
sitting 1
sitting 1
sitting 1
sitting 1
sitting 1
sitting 1
sitting 1
sitting 1
sitting 1
sitting 1
sitting 1
sitting 1
sitting 1
sitting 1
sitting 1
sitting 1
sitting 1
sitting 1
sitting 1
six 1
six 1
six 1
six 1
six 1
six 1
six 1
six 1
six 1
six 1
six 1
six 1
six 1
skins 1
skins 1
skins 1
sleeper 1
slip 1
slip 1
smaller 1
smaller 1
smaller 1
smaller 1
smaller 1
smite 1
smoking 1
smote 1
smote 1
snares 1
soldier 1
soldier 1
soldier 1
soldier 1
soldier 1
soldier 1
soldier 1
soldier 1
soldier 1
soldier 1
soldier 1
soldier 1
soldier 1
soldier 1
soldier 1
soldier 1
soldier 1
soldier 1
soldier 1
soldier 1
soldier 1
soldier 1
soldier 1
soldier 1
soldier 1
soldier 1
soldier 1
soldier 1
soldier 1
soldier 1
soldier 1
soldier 1
soldier 1
soldier 1
soldier 1
soldier 1
soldier 1
soldier 1
soldier 1
soldier 1
soldier 1
soldier 1
soldier 1
soldier 1
soldier 1
soldier 1
soldier 1
soldier 1
someone 1
someone 1
someone 1
someone 1
someone 1
someone 1
someone 1
someone 1
someone 1
someone 1
someone 1
someone 1
someone 1
someone 1
someone 1
someone 1
someone 1
sometimes 1
sometimes 1
sometimes 1
sometimes 1
soothe 1
soothe 1
sounded 1
sources 1
space 1
space 1
space 1
space 1
specific 1
spice 1
spin 1
spin 1
spin 1
spin 1
spin 1
spin 1
spin 1
spin 1
spin 1
spin 1
spindles 1
sport 1
sport 1
springs 1
springs 1
sprinkled 1
sprinkled 1
sprinkled 1
sprinkled 1
sprinkled 1
sprint 1
stables 1
stables 1
stables 1
stables 1
star 1
star 1
star 1
star 1
star 1
star 1
star 1
star 1
stately 1
step 1
step 1
step 1
step 1
step 1
step 1
step 1
step 1
step 1
step 1
step 1
step 1
step 1
step 1
stepdaughter 1
stepdaughter 1
stepdaughter 1
stepdaughter 1
stepsister 1
stoke 1
strange 1
strange 1
strange 1
strange 1
strange 1
strange 1
strange 1
strange 1
strange 1
strange 1
strange 1
strange 1
strange 1
strange 1
strange 1
strange 1
strange 1
strange 1
stranger 1
strangle 1
stratagem 1
subject 1
succeed 1
succeed 1
summons 1
supported 1
supported 1
survive 1
suspicions 1
swallowed 1
swallowed 1
swallowed 1
swallowed 1
swallowed 1
swallowed 1
swallowed 1
swallowed 1
swallowed 1
swallowed 1
swallowed 1
swallowed 1
sweat 1
sweep 1
sweep 1
sweep 1
tale 1
tale 1
tale 1
tale 1
tale 1
tale 1
tale 1
tapped 1
tapped 1
tapped 1
thicket 1
thicket 1
thicket 1
thicket 1
thicket 1
thicket 1
thieving 1
thing 1
thing 1
thing 1
thing 1
thing 1
thing 1
thing 1
thing 1
thing 1
thing 1
thing 1
thing 1
thing 1
thing 1
thing 1
thing 1
thing 1
thing 1
thing 1
thing 1
thing 1
thing 1
thing 1
thing 1
thing 1
thing 1
thing 1
thing 1
thing 1
thing 1
thing 1
thing 1
thing 1
thing 1
thing 1
thing 1
thing 1
thing 1
thing 1
thing 1
thing 1
thing 1
thing 1
thing 1
thing 1
thing 1
thing 1
thing 1
thing 1
thing 1
thirdly 1
thirdly 1
thoughts 1
thoughts 1
thoughts 1
thoughts 1
threatened 1
threatened 1
threatened 1
three 1
three 1
three 1
three 1
three 1
three 1
three 1
three 1
three 1
three 1
three 1
three 1
three 1
three 1
three 1
three 1
three 1
three 1
three 1
three 1
three 1
three 1
three 1
three 1
three 1
three 1
three 1
three 1
three 1
three 1
three 1
three 1
three 1
three 1
three 1
three 1
three 1
three 1
three 1
three 1
three 1
three 1
three 1
three 1
three 1
three 1
three 1
three 1
three 1
three 1
three 1
three 1
three 1
three 1
three 1
three 1
three 1
three 1
three 1
three 1
three 1
three 1
three 1
three 1
three 1
three 1
three 1
three 1
three 1
three 1
three 1
three 1
three 1
three 1
three 1
three 1
three 1
three 1
three 1
three 1
three 1
three 1
three 1
three 1
three 1
three 1
three 1
three 1
three 1
three 1
three 1
three 1
three 1
three 1
three 1
three 1
three 1
three 1
three 1
thriven 1
throne 1
throne 1
throne 1
throne 1
throne 1
throwing 1
throwing 1
throwing 1
throwing 1
thus 1
thus 1
thus 1
thus 1
thus 1
thus 1
thus 1
thus 1
thus 1
thus 1
thus 1
thus 1
thus 1
thus 1
thus 1
thus 1
thus 1
thus 1
thus 1
thus 1
thus 1
thus 1
thus 1
thus 1
thus 1
thus 1
thus 1
thus 1
thus 1
thus 1
thus 1
thus 1
thus 1
toasted 1
torch 1
touched 1
touched 1
touched 1
touched 1
touched 1
touched 1
touched 1
touched 1
touched 1
touched 1
touched 1
touched 1
touched 1
touched 1
touched 1
touched 1
touched 1
translations 1
treasures 1
treasures 1
treasures 1
treasures 1
treasures 1
treasures 1
treasures 1
treat 1
treat 1
treat 1
trembling 1
trembling 1
trembling 1
trial 1
tried 1
tried 1
tried 1
tried 1
tried 1
tried 1
tried 1
tried 1
tried 1
tried 1
tried 1
tried 1
tried 1
tried 1
tried 1
tried 1
tried 1
tried 1
tried 1
trifle 1
trim 1
tripped 1
trips 1
troubles 1
troubles 1
troubles 1
troubles 1
troubling 1
tumbling 1
tumbling 1
tune 1
tune 1
tune 1
tune 1
tune 1
tune 1
tune 1
turns 1
turtle 1
turtle 1
turtle 1
twice 1
twice 1
twice 1
twice 1
twice 1
twice 1
twice 1
twice 1
twice 1
two 1
two 1
two 1
two 1
two 1
two 1
two 1
two 1
two 1
two 1
two 1
two 1
two 1
two 1
two 1
two 1
two 1
two 1
two 1
two 1
two 1
two 1
two 1
two 1
two 1
two 1
two 1
two 1
two 1
two 1
two 1
two 1
two 1
two 1
two 1
two 1
two 1
two 1
two 1
two 1
two 1
two 1
two 1
two 1
two 1
two 1
two 1
two 1
two 1
two 1
two 1
two 1
two 1
two 1
two 1
two 1
two 1
two 1
two 1
two 1
two 1
two 1
two 1
two 1
two 1
two 1
two 1
two 1
two 1
two 1
two 1
two 1
two 1
two 1
two 1
two 1
two 1
two 1
two 1
two 1
two 1
two 1
two 1
two 1
two 1
two 1
two 1
two 1
two 1
two 1
two 1
two 1
two 1
two 1
two 1
two 1
two 1
two 1
two 1
two 1
two 1
two 1
two 1
two 1
two 1
two 1
two 1
two 1
two 1
two 1
two 1
two 1
two 1
two 1
two 1
two 1
two 1
two 1
two 1
two 1
two 1
two 1
two 1
two 1
two 1
two 1
two 1
two 1
two 1
two 1
two 1
two 1
two 1
two 1
two 1
two 1
two 1
two 1
two 1
two 1
two 1
underneath 1
underneath 1
unfit 1
unseen 1
unwrapped 1
vain 1
vain 1
vain 1
vain 1
vain 1
vain 1
vain 1
vain 1
vain 1
vain 1
vain 1
vain 1
vain 1
vain 1
vain 1
vain 1
vain 1
vain 1
vain 1
valuable 1
valuable 1
variety 1
vexed 1
vexed 1
vexed 1
vexed 1
vexed 1
volunteer 1
waddling 1
waddling 1
walks 1
warmed 1
warmed 1
warmed 1
warmed 1
warmed 1
waste 1
ways 1
ways 1
wearer 1
wearer 1
wearer 1
weary 1
weary 1
weary 1
weary 1
weary 1
web 1
web 1
web 1
went 1
went 1
went 1
went 1
went 1
went 1
went 1
went 1
went 1
went 1
went 1
went 1
went 1
went 1
went 1
went 1
went 1
went 1
went 1
went 1
went 1
went 1
went 1
went 1
went 1
went 1
went 1
went 1
went 1
went 1
went 1
went 1
went 1
went 1
went 1
went 1
went 1
went 1
went 1
went 1
went 1
went 1
went 1
went 1
went 1
went 1
went 1
went 1
went 1
went 1
went 1
went 1
went 1
went 1
went 1
went 1
went 1
went 1
went 1
went 1
went 1
went 1
went 1
went 1
went 1
went 1
went 1
went 1
went 1
went 1
went 1
went 1
went 1
went 1
went 1
went 1
went 1
went 1
went 1
went 1
went 1
went 1
went 1
went 1
went 1
went 1
went 1
went 1
went 1
went 1
went 1
went 1
went 1
went 1
went 1
went 1
went 1
went 1
went 1
went 1
went 1
went 1
went 1
went 1
went 1
went 1
went 1
went 1
went 1
went 1
went 1
went 1
went 1
went 1
went 1
went 1
went 1
went 1
went 1
went 1
went 1
went 1
went 1
went 1
went 1
went 1
went 1
went 1
went 1
went 1
went 1
went 1
went 1
went 1
went 1
went 1
went 1
went 1
went 1
went 1
went 1
went 1
went 1
went 1
went 1
went 1
went 1
went 1
went 1
went 1
went 1
went 1
went 1
went 1
went 1
went 1
went 1
went 1
went 1
went 1
went 1
went 1
went 1
went 1
went 1
went 1
went 1
went 1
went 1
went 1
went 1
went 1
went 1
went 1
went 1
went 1
went 1
went 1
went 1
went 1
went 1
went 1
went 1
went 1
went 1
went 1
went 1
went 1
went 1
went 1
went 1
went 1
went 1
went 1
went 1
went 1
went 1
went 1
went 1
went 1
went 1
went 1
went 1
went 1
went 1
went 1
went 1
went 1
went 1
went 1
went 1
went 1
went 1
went 1
went 1
went 1
went 1
went 1
went 1
went 1
went 1
went 1
went 1
went 1
went 1
went 1
went 1
went 1
went 1
went 1
went 1
went 1
went 1
went 1
went 1
went 1
went 1
went 1
went 1
went 1
went 1
went 1
went 1
went 1
went 1
went 1
went 1
went 1
went 1
went 1
went 1
went 1
went 1
went 1
went 1
went 1
went 1
went 1
went 1
went 1
went 1
went 1
went 1
went 1
went 1
went 1
went 1
went 1
went 1
went 1
went 1
went 1
went 1
went 1
went 1
went 1
went 1
went 1
went 1
went 1
went 1
went 1
went 1
went 1
went 1
went 1
went 1
went 1
went 1
went 1
went 1
went 1
went 1
went 1
went 1
went 1
went 1
went 1
went 1
went 1
went 1
went 1
went 1
went 1
went 1
went 1
went 1
went 1
went 1
went 1
went 1
went 1
went 1
went 1
went 1
went 1
went 1
went 1
went 1
went 1
went 1
went 1
went 1
went 1
went 1
went 1
went 1
went 1
went 1
went 1
went 1
went 1
went 1
went 1
went 1
went 1
went 1
went 1
went 1
went 1
went 1
went 1
went 1
went 1
went 1
went 1
went 1
went 1
went 1
went 1
went 1
went 1
went 1
went 1
went 1
went 1
went 1
went 1
went 1
went 1
went 1
went 1
went 1
went 1
went 1
went 1
went 1
went 1
went 1
went 1
went 1
went 1
went 1
went 1
went 1
went 1
went 1
went 1
went 1
went 1
went 1
went 1
went 1
went 1
went 1
went 1
went 1
went 1
went 1
went 1
went 1
went 1
went 1
went 1
went 1
went 1
went 1
went 1
went 1
went 1
went 1
went 1
went 1
went 1
went 1
went 1
went 1
went 1
went 1
went 1
went 1
went 1
went 1
went 1
went 1
went 1
went 1
went 1
went 1
went 1
went 1
went 1
went 1
went 1
went 1
went 1
went 1
went 1
went 1
went 1
went 1
went 1
went 1
went 1
went 1
went 1
went 1
went 1
went 1
what 1
what 1
what 1
what 1
what 1
what 1
what 1
what 1
what 1
what 1
what 1
what 1
what 1
what 1
what 1
what 1
what 1
what 1
what 1
what 1
what 1
what 1
what 1
what 1
what 1
what 1
what 1
what 1
what 1
what 1
what 1
what 1
what 1
what 1
what 1
what 1
what 1
what 1
what 1
what 1
what 1
what 1
what 1
what 1
what 1
what 1
what 1
what 1
what 1
what 1
what 1
what 1
what 1
what 1
what 1
what 1
what 1
what 1
what 1
what 1
what 1
what 1
what 1
what 1
what 1
what 1
what 1
what 1
what 1
what 1
what 1
what 1
what 1
what 1
what 1
what 1
what 1
what 1
what 1
what 1
what 1
what 1
what 1
what 1
what 1
what 1
what 1
what 1
what 1
what 1
what 1
what 1
what 1
what 1
what 1
what 1
what 1
what 1
what 1
what 1
what 1
what 1
what 1
what 1
what 1
what 1
what 1
what 1
what 1
what 1
what 1
what 1
what 1
what 1
what 1
what 1
what 1
what 1
what 1
what 1
what 1
what 1
what 1
what 1
what 1
what 1
what 1
what 1
what 1
what 1
what 1
what 1
what 1
what 1
what 1
what 1
what 1
what 1
what 1
what 1
what 1
what 1
what 1
what 1
what 1
what 1
what 1
what 1
what 1
what 1
what 1
what 1
what 1
what 1
what 1
what 1
what 1
what 1
what 1
what 1
what 1
what 1
what 1
what 1
what 1
what 1
what 1
what 1
what 1
what 1
what 1
what 1
what 1
what 1
what 1
what 1
what 1
what 1
what 1
what 1
what 1
what 1
what 1
what 1
what 1
what 1
what 1
what 1
what 1
what 1
what 1
what 1
what 1
what 1
what 1
what 1
what 1
what 1
what 1
what 1
what 1
what 1
what 1
what 1
what 1
what 1
what 1
what 1
what 1
what 1
what 1
what 1
what 1
what 1
what 1
what 1
what 1
what 1
what 1
what 1
what 1
what 1
what 1
what 1
what 1
what 1
what 1
what 1
what 1
what 1
what 1
what 1
what 1
what 1
what 1
what 1
what 1
what 1
what 1
what 1
what 1
what 1
what 1
what 1
what 1
what 1
what 1
what 1
what 1
what 1
what 1
what 1
what 1
what 1
what 1
what 1
what 1
what 1
what 1
what 1
what 1
what 1
what 1
what 1
what 1
what 1
what 1
what 1
what 1
what 1
what 1
what 1
what 1
what 1
what 1
what 1
what 1
what 1
what 1
what 1
what 1
what 1
what 1
what 1
what 1
what 1
what 1
what 1
what 1
what 1
what 1
what 1
what 1
what 1
what 1
what 1
what 1
what 1
whatsoever 1
whatsoever 1
whatsoever 1
whatsoever 1
whatsoever 1
whatsoever 1
whence 1
whence 1
whence 1
whence 1
whence 1
whirl 1
whirl 1
whirl 1
whistled 1
whistled 1
whistled 1
whistled 1
whistled 1
whistled 1
whistled 1
whistled 1
widest 1
widest 1
wild 1
wild 1
wild 1
wild 1
wild 1
wild 1
wild 1
wild 1
wild 1
wild 1
wild 1
wild 1
wild 1
wild 1
wild 1
wild 1
wild 1
wild 1
wild 1
wild 1
wild 1
wild 1
wild 1
wild 1
wild 1
wild 1
wild 1
wild 1
wild 1
wild 1
wild 1
wild 1
wild 1
wild 1
wild 1
willow 1
willow 1
willow 1
willow 1
willow 1
willow 1
willow 1
willow 1
willow 1
willow 1
wished 1
wished 1
wished 1
wished 1
wished 1
wished 1
wished 1
wished 1
wished 1
wished 1
wished 1
wished 1
wished 1
wished 1
wished 1
wished 1
wished 1
wished 1
wished 1
wished 1
wished 1
wished 1
wished 1
wished 1
wished 1
wished 1
wished 1
wished 1
wished 1
wished 1
wished 1
wished 1
wished 1
wished 1
wished 1
wished 1
wished 1
wished 1
wished 1
wished 1
wished 1
wished 1
wished 1
wished 1
wished 1
wished 1
wished 1
wished 1
wished 1
wished 1
with 1
with 1
with 1
with 1
with 1
with 1
with 1
with 1
with 1
with 1
with 1
with 1
with 1
with 1
with 1
with 1
with 1
with 1
with 1
with 1
with 1
with 1
with 1
with 1
with 1
with 1
with 1
with 1
with 1
with 1
with 1
with 1
with 1
with 1
with 1
with 1
with 1
with 1
with 1
with 1
with 1
with 1
with 1
with 1
with 1
with 1
with 1
with 1
with 1
with 1
with 1
with 1
with 1
with 1
with 1
with 1
with 1
with 1
with 1
with 1
with 1
with 1
with 1
with 1
with 1
with 1
with 1
with 1
with 1
with 1
with 1
with 1
with 1
with 1
with 1
with 1
with 1
with 1
with 1
with 1
with 1
with 1
with 1
with 1
with 1
with 1
with 1
with 1
with 1
with 1
with 1
with 1
with 1
with 1
with 1
with 1
with 1
with 1
with 1
with 1
with 1
with 1
with 1
with 1
with 1
with 1
with 1
with 1
with 1
with 1
with 1
with 1
with 1
with 1
with 1
with 1
with 1
with 1
with 1
with 1
with 1
with 1
with 1
with 1
with 1
with 1
with 1
with 1
with 1
with 1
with 1
with 1
with 1
with 1
with 1
with 1
with 1
with 1
with 1
with 1
with 1
with 1
with 1
with 1
with 1
with 1
with 1
with 1
with 1
with 1
with 1
with 1
with 1
with 1
with 1
with 1
with 1
with 1
with 1
with 1
with 1
with 1
with 1
with 1
with 1
with 1
with 1
with 1
with 1
with 1
with 1
with 1
with 1
with 1
with 1
with 1
with 1
with 1
with 1
with 1
with 1
with 1
with 1
with 1
with 1
with 1
with 1
with 1
with 1
with 1
with 1
with 1
with 1
with 1
with 1
with 1
with 1
with 1
with 1
with 1
with 1
with 1
with 1
with 1
with 1
with 1
with 1
with 1
with 1
with 1
with 1
with 1
with 1
with 1
with 1
with 1
with 1
with 1
with 1
with 1
with 1
with 1
with 1
with 1
with 1
with 1
with 1
with 1
with 1
with 1
with 1
with 1
with 1
with 1
with 1
with 1
with 1
with 1
with 1
with 1
with 1
with 1
with 1
with 1
with 1
with 1
with 1
with 1
with 1
with 1
with 1
with 1
with 1
with 1
with 1
with 1
with 1
with 1
with 1
with 1
with 1
with 1
with 1
with 1
with 1
with 1
with 1
with 1
with 1
with 1
with 1
with 1
with 1
with 1
with 1
with 1
with 1
with 1
with 1
with 1
with 1
with 1
with 1
with 1
with 1
with 1
with 1
with 1
with 1
with 1
with 1
with 1
with 1
with 1
with 1
with 1
with 1
with 1
with 1
with 1
with 1
with 1
with 1
with 1
with 1
with 1
with 1
with 1
with 1
with 1
with 1
with 1
with 1
with 1
with 1
with 1
with 1
with 1
with 1
with 1
with 1
with 1
with 1
with 1
with 1
with 1
with 1
with 1
with 1
with 1
with 1
with 1
with 1
with 1
with 1
with 1
with 1
with 1
with 1
with 1
with 1
with 1
with 1
with 1
with 1
with 1
with 1
with 1
with 1
with 1
with 1
with 1
with 1
with 1
with 1
with 1
with 1
with 1
with 1
with 1
with 1
with 1
with 1
with 1
with 1
with 1
with 1
with 1
with 1
with 1
with 1
with 1
with 1
with 1
with 1
with 1
with 1
with 1
with 1
with 1
with 1
with 1
with 1
with 1
with 1
with 1
with 1
with 1
with 1
with 1
with 1
with 1
with 1
with 1
with 1
with 1
with 1
with 1
with 1
with 1
with 1
with 1
with 1
with 1
with 1
with 1
with 1
with 1
with 1
with 1
with 1
with 1
with 1
with 1
with 1
with 1
with 1
with 1
with 1
with 1
with 1
with 1
with 1
with 1
with 1
with 1
with 1
with 1
with 1
with 1
with 1
with 1
with 1
with 1
with 1
with 1
with 1
with 1
with 1
with 1
with 1
with 1
with 1
with 1
with 1
with 1
with 1
with 1
with 1
with 1
with 1
with 1
with 1
with 1
with 1
with 1
with 1
with 1
with 1
with 1
with 1
with 1
with 1
with 1
with 1
with 1
with 1
with 1
with 1
with 1
with 1
with 1
with 1
with 1
with 1
with 1
with 1
with 1
with 1
with 1
with 1
with 1
with 1
with 1
with 1
with 1
with 1
with 1
with 1
with 1
with 1
with 1
with 1
with 1
with 1
with 1
with 1
with 1
with 1
with 1
with 1
with 1
with 1
with 1
with 1
with 1
with 1
with 1
with 1
with 1
with 1
with 1
with 1
with 1
with 1
with 1
with 1
with 1
with 1
with 1
with 1
with 1
with 1
with 1
with 1
with 1
with 1
with 1
with 1
with 1
with 1
with 1
with 1
with 1
with 1
with 1
with 1
with 1
with 1
with 1
with 1
with 1
with 1
with 1
with 1
with 1
with 1
with 1
with 1
with 1
with 1
with 1
with 1
with 1
with 1
with 1
with 1
with 1
with 1
with 1
with 1
with 1
with 1
with 1
with 1
with 1
with 1
with 1
with 1
with 1
with 1
with 1
with 1
with 1
with 1
with 1
with 1
with 1
with 1
with 1
with 1
with 1
with 1
with 1
with 1
with 1
with 1
with 1
with 1
with 1
with 1
with 1
with 1
with 1
with 1
with 1
with 1
with 1
with 1
with 1
with 1
with 1
with 1
with 1
with 1
with 1
with 1
with 1
with 1
with 1
with 1
with 1
with 1
with 1
with 1
with 1
with 1
with 1
with 1
with 1
with 1
with 1
with 1
with 1
with 1
with 1
with 1
with 1
with 1
with 1
with 1
with 1
with 1
with 1
with 1
with 1
with 1
with 1
with 1
with 1
with 1
with 1
with 1
with 1
with 1
with 1
with 1
with 1
with 1
with 1
with 1
with 1
with 1
with 1
with 1
with 1
with 1
with 1
with 1
with 1
with 1
with 1
with 1
with 1
with 1
with 1
with 1
with 1
with 1
with 1
with 1
with 1
with 1
with 1
with 1
with 1
with 1
with 1
with 1
with 1
with 1
with 1
with 1
with 1
with 1
with 1
with 1
with 1
with 1
with 1
with 1
with 1
with 1
with 1
with 1
with 1
with 1
with 1
with 1
with 1
with 1
with 1
with 1
with 1
with 1
with 1
with 1
with 1
with 1
with 1
with 1
with 1
with 1
with 1
with 1
with 1
with 1
with 1
with 1
with 1
with 1
with 1
with 1
with 1
with 1
with 1
with 1
withered 1
withered 1
won 1
won 1
won 1
won 1
won 1
won 1
won 1
won 1
won 1
won 1
won 1
won 1
wonderful 1
wonderful 1
wonderful 1
wonderful 1
wonderful 1
wonderful 1
wonderful 1
wonderful 1
wonderful 1
wonderful 1
wonderful 1
worked 1
worked 1
worked 1
worked 1
worked 1
worked 1
worked 1
worked 1
worked 1
yard 1
yard 1
yard 1
yard 1
yard 1
yard 1
yard 1
youngest 1
youngest 1
youngest 1
youngest 1
youngest 1
youngest 1
youngest 1
youngest 1
youngest 1
youngest 1
youngest 1
youngest 1
youngest 1
youngest 1
youngest 1
youngest 1
youngest 1
youngest 1
youngest 1
youngest 1
youngest 1
youngest 1
youngest 1
youngest 1
youngest 1
youngest 1
youngest 1
