AND 1
Admirably 1
Admirably 1
Ah 1
Ah 1
Ah 1
Ah 1
Ah 1
Ah 1
Ah 1
Ah 1
Ah 1
And 1
And 1
And 1
And 1
And 1
And 1
And 1
And 1
And 1
And 1
And 1
And 1
And 1
And 1
And 1
And 1
And 1
And 1
And 1
And 1
And 1
And 1
And 1
And 1
And 1
And 1
And 1
And 1
And 1
And 1
And 1
And 1
And 1
And 1
And 1
And 1
And 1
And 1
And 1
Astounded 1
At 1
At 1
At 1
At 1
At 1
At 1
At 1
Author 1
BEFORE 1
BUT 1
Brighton 1
Brighton 1
Church 1
Church 1
Church 1
Considering 1
Court 1
Court 1
Court 1
Cousin 1
Creating 1
DAMAGE 1
Didn 1
Donations 1
Donations 1
Draws 1
EXCEPT 1
Everything 1
FOR 1
FOR 1
FOR 1
Fairbanks 1
Fairfax 1
Fairfax 1
Fairfax 1
Fairfax 1
Fairfax 1
Fairfax 1
Fairfax 1
Fairfax 1
Fairfax 1
Fairfax 1
Fairfax 1
Fairfax 1
Fairfax 1
Fairfax 1
Fairfax 1
Fairfax 1
Fairfax 1
Fairfax 1
Fairfax 1
Fairfax 1
Fairfax 1
Fairfax 1
Fairfax 1
For 1
For 1
For 1
For 1
For 1
For 1
For 1
For 1
For 1
Gervase 1
Glibly 1
Guides 1
Gutenberg 1
Gutenberg 1
Gutenberg 1
Gutenberg 1
Gutenberg 1
Gutenberg 1
Gutenberg 1
Gutenberg 1
Gutenberg 1
Gutenberg 1
Gutenberg 1
Gutenberg 1
Gutenberg 1
Gutenberg 1
Gutenberg 1
Gutenberg 1
Gutenberg 1
Gutenberg 1
Gutenberg 1
Gutenberg 1
Gutenberg 1
Gutenberg 1
Gutenberg 1
Gutenberg 1
Gutenberg 1
Gutenberg 1
Gutenberg 1
Gutenberg 1
Gutenberg 1
Gutenberg 1
Gutenberg 1
Gutenberg 1
Gutenberg 1
Gutenberg 1
Gutenberg 1
Gutenberg 1
Gutenberg 1
Gutenberg 1
Gutenberg 1
Gutenberg 1
Gutenberg 1
Gutenberg 1
Gutenberg 1
Gutenberg 1
Gutenberg 1
Gutenberg 1
Gutenberg 1
Gutenberg 1
Gutenberg 1
Gutenberg 1
Gutenberg 1
Gutenberg 1
Gutenberg 1
Gutenberg 1
Gutenberg 1
Gutenberg 1
Gutenberg 1
Gutenberg 1
Gutenberg 1
Gutenberg 1
Gutenberg 1
Gutenberg 1
Gutenberg 1
Gutenberg 1
Gutenberg 1
Gutenberg 1
Gutenberg 1
Gutenberg 1
Gutenberg 1
Gutenberg 1
Gutenberg 1
Gutenberg 1
Gutenberg 1
Gutenberg 1
Gutenberg 1
Gutenberg 1
Gutenberg 1
Gutenberg 1
Gutenberg 1
Gutenberg 1
Gutenberg 1
Gutenberg 1
Harbury 1
Harbury 1
Heaven 1
Heaven 1
Her 1
Her 1
Hon 1
Hon 1
I 1
I 1
I 1
I 1
I 1
I 1
I 1
I 1
I 1
I 1
I 1
I 1
I 1
I 1
I 1
I 1
I 1
I 1
I 1
I 1
I 1
I 1
I 1
I 1
I 1
I 1
I 1
I 1
I 1
I 1
I 1
I 1
I 1
I 1
I 1
I 1
I 1
I 1
I 1
I 1
I 1
I 1
I 1
I 1
I 1
I 1
I 1
I 1
I 1
I 1
I 1
I 1
I 1
I 1
I 1
I 1
I 1
I 1
I 1
I 1
I 1
I 1
I 1
I 1
I 1
I 1
I 1
I 1
I 1
I 1
I 1
I 1
I 1
I 1
I 1
I 1
I 1
I 1
I 1
I 1
I 1
I 1
I 1
I 1
I 1
I 1
I 1
I 1
I 1
I 1
I 1
I 1
I 1
I 1
I 1
I 1
I 1
I 1
I 1
I 1
I 1
I 1
I 1
I 1
I 1
I 1
I 1
I 1
I 1
I 1
I 1
I 1
I 1
I 1
I 1
I 1
I 1
I 1
I 1
I 1
I 1
I 1
I 1
I 1
I 1
I 1
I 1
I 1
I 1
I 1
I 1
I 1
I 1
I 1
I 1
I 1
I 1
I 1
I 1
I 1
I 1
I 1
I 1
I 1
I 1
I 1
I 1
I 1
I 1
I 1
I 1
I 1
I 1
I 1
I 1
I 1
I 1
I 1
I 1
I 1
I 1
I 1
I 1
I 1
I 1
I 1
I 1
I 1
I 1
I 1
I 1
I 1
I 1
I 1
I 1
I 1
I 1
I 1
I 1
I 1
I 1
I 1
I 1
I 1
I 1
I 1
I 1
I 1
I 1
I 1
I 1
I 1
I 1
I 1
I 1
I 1
I 1
I 1
I 1
I 1
I 1
I 1
I 1
I 1
I 1
I 1
I 1
I 1
I 1
I 1
I 1
I 1
I 1
I 1
I 1
I 1
I 1
I 1
I 1
I 1
I 1
I 1
I 1
I 1
I 1
I 1
I 1
I 1
I 1
I 1
I 1
I 1
I 1
I 1
I 1
I 1
I 1
I 1
I 1
I 1
I 1
I 1
I 1
I 1
I 1
I 1
I 1
I 1
I 1
I 1
I 1
I 1
I 1
I 1
I 1
I 1
I 1
I 1
I 1
I 1
I 1
I 1
I 1
I 1
I 1
I 1
I 1
I 1
I 1
I 1
I 1
I 1
I 1
I 1
I 1
I 1
I 1
I 1
I 1
I 1
I 1
I 1
I 1
I 1
I 1
I 1
I 1
I 1
I 1
I 1
I 1
I 1
I 1
I 1
I 1
I 1
I 1
I 1
I 1
I 1
I 1
I 1
I 1
I 1
I 1
I 1
I 1
I 1
I 1
I 1
I 1
I 1
I 1
I 1
I 1
I 1
I 1
I 1
I 1
I 1
I 1
I 1
I 1
I 1
I 1
I 1
I 1
I 1
I 1
I 1
I 1
I 1
I 1
I 1
I 1
I 1
I 1
I 1
I 1
I 1
I 1
I 1
I 1
I 1
I 1
I 1
I 1
I 1
I 1
I 1
I 1
I 1
I 1
I 1
I 1
I 1
I 1
I 1
I 1
I 1
I 1
I 1
I 1
I 1
I 1
I 1
I 1
I 1
I 1
I 1
I 1
I 1
I 1
I 1
I 1
I 1
I 1
I 1
I 1
I 1
I 1
I 1
I 1
I 1
I 1
I 1
I 1
I 1
I 1
I 1
I 1
I 1
I 1
I 1
I 1
I 1
I 1
I 1
I 1
I 1
I 1
I 1
I 1
I 1
I 1
I 1
I 1
I 1
I 1
I 1
I 1
I 1
I 1
I 1
I 1
I 1
I 1
I 1
I 1
I 1
I 1
I 1
I 1
I 1
I 1
I 1
I 1
I 1
I 1
I 1
I 1
I 1
I 1
I 1
I 1
I 1
I 1
I 1
I 1
I 1
I 1
I 1
I 1
I 1
I 1
I 1
I 1
I 1
I 1
I 1
I 1
I 1
I 1
I 1
I 1
I 1
I 1
I 1
I 1
I 1
I 1
I 1
I 1
I 1
I 1
I 1
I 1
I 1
I 1
I 1
I 1
I 1
I 1
I 1
I 1
I 1
I 1
I 1
I 1
I 1
I 1
I 1
I 1
I 1
I 1
I 1
I 1
I 1
I 1
I 1
I 1
I 1
I 1
I 1
I 1
I 1
I 1
I 1
I 1
I 1
I 1
I 1
I 1
I 1
I 1
I 1
I 1
I 1
I 1
I 1
I 1
I 1
I 1
I 1
I 1
I 1
I 1
I 1
I 1
I 1
I 1
I 1
I 1
I 1
I 1
I 1
I 1
I 1
I 1
I 1
I 1
I 1
I 1
I 1
I 1
I 1
I 1
I 1
I 1
I 1
I 1
I 1
I 1
I 1
I 1
I 1
I 1
I 1
I 1
I 1
I 1
I 1
I 1
I 1
I 1
I 1
I 1
I 1
I 1
I 1
I 1
I 1
I 1
I 1
I 1
I 1
I 1
I 1
I 1
I 1
I 1
I 1
I 1
I 1
I 1
I 1
I 1
I 1
I 1
I 1
I 1
I 1
I 1
I 1
I 1
I 1
I 1
I 1
I 1
I 1
I 1
I 1
I 1
I 1
I 1
I 1
I 1
I 1
I 1
I 1
I 1
I 1
I 1
I 1
I 1
I 1
I 1
I 1
I 1
I 1
I 1
I 1
I 1
I 1
I 1
I 1
I 1
I 1
I 1
I 1
I 1
I 1
I 1
I 1
I 1
I 1
I 1
I 1
I 1
I 1
I 1
I 1
I 1
I 1
I 1
I 1
I 1
I 1
I 1
I 1
I 1
I 1
I 1
I 1
I 1
I 1
I 1
I 1
I 1
I 1
I 1
I 1
I 1
I 1
I 1
I 1
I 1
I 1
I 1
I 1
I 1
I 1
I 1
I 1
I 1
I 1
I 1
I 1
I 1
I 1
I 1
I 1
I 1
I 1
I 1
I 1
I 1
I 1
I 1
I 1
I 1
I 1
I 1
I 1
I 1
I 1
I 1
I 1
I 1
I 1
I 1
I 1
I 1
I 1
I 1
I 1
I 1
I 1
I 1
I 1
I 1
I 1
I 1
I 1
I 1
I 1
I 1
I 1
I 1
I 1
I 1
I 1
I 1
I 1
I 1
I 1
I 1
I 1
I 1
I 1
I 1
I 1
I 1
I 1
I 1
I 1
I 1
I 1
I 1
I 1
I 1
I 1
I 1
I 1
I 1
I 1
I 1
I 1
I 1
I 1
I 1
I 1
I 1
I 1
I 1
I 1
I 1
I 1
I 1
I 1
I 1
I 1
I 1
I 1
I 1
I 1
I 1
I 1
I 1
I 1
I 1
I 1
I 1
I 1
I 1
I 1
I 1
I 1
I 1
I 1
I 1
I 1
I 1
I 1
I 1
I 1
I 1
I 1
I 1
I 1
I 1
I 1
I 1
I 1
I 1
I 1
I 1
I 1
I 1
I 1
I 1
I 1
I 1
I 1
I 1
I 1
I 1
I 1
I 1
I 1
I 1
I 1
I 1
I 1
I 1
I 1
I 1
I 1
I 1
I 1
I 1
I 1
I 1
I 1
I 1
I 1
I 1
I 1
I 1
I 1
I 1
I 1
I 1
I 1
I 1
I 1
I 1
I 1
I 1
I 1
I 1
In 1
In 1
In 1
In 1
In 1
In 1
In 1
In 1
In 1
In 1
In 1
In 1
In 1
In 1
In 1
In 1
In 1
In 1
In 1
In 1
In 1
In 1
In 1
In 1
In 1
In 1
In 1
In 1
In 1
In 1
In 1
In 1
In 1
In 1
John 1
John 1
John 1
John 1
John 1
John 1
John 1
John 1
John 1
John 1
John 1
Jouet 1
Kinsey 1
LIABLE 1
Leclercq 1
Lives 1
Magley 1
Manager 1
Many 1
Messrs 1
Mr 1
Mr 1
Mr 1
Mr 1
Mr 1
Mr 1
Mr 1
Mr 1
Mr 1
Mr 1
Mr 1
Mr 1
Mr 1
Mr 1
Mr 1
Mr 1
Mr 1
Mr 1
Mr 1
Mr 1
Mr 1
Mr 1
Mr 1
Mr 1
Mr 1
Mr 1
Mr 1
Mr 1
Mr 1
Mr 1
Mr 1
Mr 1
Mr 1
Mr 1
Mr 1
Mr 1
Mr 1
Mr 1
Mr 1
Mr 1
Mr 1
Mr 1
Mr 1
Mr 1
Mr 1
Mr 1
Mr 1
Mr 1
Mr 1
Mr 1
Mr 1
Mr 1
Mr 1
Mr 1
Mr 1
Mr 1
Mr 1
Mr 1
Mr 1
Mr 1
Mr 1
Mr 1
Mr 1
Mr 1
Mr 1
Mr 1
Mr 1
Mr 1
Mr 1
Mr 1
Mr 1
Mr 1
Mr 1
Mr 1
Mr 1
Mr 1
Mr 1
Mr 1
Mr 1
Mr 1
Mr 1
Mr 1
Mr 1
Mr 1
Mr 1
Mr 1
Mr 1
Mr 1
Nature 1
Noises 1
Number 1
OF 1
OF 1
OF 1
OF 1
OF 1
OF 1
OF 1
OF 1
OF 1
OF 1
OF 1
OF 1
OF 1
OR 1
OR 1
OR 1
OR 1
OR 1
OR 1
Of 1
Of 1
Of 1
Of 1
Of 1
Of 1
Of 1
Of 1
Of 1
Of 1
Of 1
Of 1
Of 1
Of 1
Of 1
Opera 1
Peile 1
Pencil 1
Price 1
Project 1
Project 1
Project 1
Project 1
Project 1
Project 1
Project 1
Project 1
Project 1
Project 1
Project 1
Project 1
Project 1
Project 1
Project 1
Project 1
Project 1
Project 1
Project 1
Project 1
Project 1
Project 1
Project 1
Project 1
Project 1
Project 1
Project 1
Project 1
Project 1
Project 1
Project 1
Project 1
Project 1
Project 1
Project 1
Project 1
Project 1
Project 1
Project 1
Project 1
Project 1
Project 1
Project 1
Project 1
Project 1
Project 1
Project 1
Project 1
Project 1
Project 1
Project 1
Project 1
Project 1
Project 1
Project 1
Project 1
Project 1
Project 1
Project 1
Project 1
Project 1
Project 1
Project 1
Project 1
Project 1
Project 1
Project 1
Project 1
Project 1
Project 1
Project 1
Project 1
Project 1
Project 1
Project 1
Project 1
Project 1
Project 1
Project 1
Project 1
Project 1
Project 1
Redistribution 1
Revolution 1
S 1
S 1
S 1
S 1
S 1
S 1
S 1
Section 1
Section 1
Section 1
Section 1
Section 1
Section 1
Section 1
Seizes 1
Shakes 1
Shakes 1
Shakes 1
Shakes 1
Sits 1
Sprinkling 1
Style 1
Sweetly 1
Sweetly 1
THAT 1
THAT 1
THE 1
THE 1
THE 1
THE 1
THE 1
THE 1
THE 1
THE 1
THE 1
THE 1
THE 1
THE 1
TIME 1
TRADEMARK 1
That 1
That 1
That 1
That 1
That 1
That 1
That 1
That 1
That 1
That 1
That 1
That 1
That 1
That 1
That 1
That 1
That 1
That 1
That 1
That 1
That 1
That 1
That 1
That 1
That 1
That 1
That 1
That 1
That 1
That 1
That 1
That 1
That 1
That 1
That 1
That 1
That 1
That 1
That 1
That 1
That 1
That 1
That 1
That 1
That 1
That 1
The 1
The 1
The 1
The 1
The 1
The 1
The 1
The 1
The 1
The 1
The 1
The 1
The 1
The 1
The 1
The 1
The 1
The 1
The 1
The 1
The 1
The 1
The 1
The 1
The 1
The 1
The 1
The 1
The 1
The 1
The 1
The 1
The 1
The 1
The 1
The 1
The 1
The 1
The 1
The 1
The 1
The 1
The 1
The 1
The 1
The 1
The 1
The 1
The 1
The 1
The 1
The 1
The 1
The 1
The 1
The 1
The 1
The 1
The 1
The 1
The 1
The 1
The 1
The 1
The 1
The 1
The 1
The 1
The 1
The 1
The 1
The 1
The 1
The 1
The 1
The 1
The 1
The 1
The 1
The 1
The 1
The 1
The 1
The 1
The 1
The 1
The 1
The 1
The 1
These 1
These 1
UT 1
Uncle 1
Uncle 1
Uncle 1
Uncle 1
Uncle 1
Uncle 1
Uncle 1
Uncle 1
Uncle 1
Uncle 1
Uncle 1
Uncle 1
Uncle 1
Uncle 1
Uncle 1
Uncle 1
Uncle 1
Uncle 1
Uncle 1
Uncle 1
Use 1
Use 1
Vincent 1
WORK 1
Where 1
Where 1
Where 1
Where 1
Where 1
Where 1
Where 1
While 1
While 1
You 1
You 1
You 1
You 1
You 1
You 1
You 1
You 1
You 1
You 1
You 1
You 1
You 1
You 1
You 1
You 1
You 1
You 1
You 1
You 1
You 1
You 1
You 1
You 1
You 1
You 1
You 1
You 1
You 1
You 1
You 1
You 1
You 1
You 1
You 1
You 1
You 1
You 1
You 1
You 1
You 1
You 1
You 1
You 1
You 1
You 1
You 1
You 1
You 1
You 1
You 1
You 1
You 1
You 1
You 1
You 1
You 1
You 1
You 1
You 1
You 1
You 1
You 1
You 1
You 1
You 1
You 1
You 1
You 1
You 1
You 1
You 1
You 1
You 1
You 1
You 1
You 1
You 1
You 1
You 1
You 1
You 1
You 1
You 1
You 1
You 1
You 1
You 1
You 1
You 1
You 1
You 1
You 1
You 1
You 1
You 1
You 1
You 1
You 1
You 1
You 1
You 1
You 1
absence 1
absence 1
absence 1
absence 1
absurd 1
absurd 1
absurd 1
absurd 1
absurd 1
absurd 1
absurd 1
absurd 1
absurd 1
absurd 1
absurd 1
accompany 1
accordance 1
accordance 1
account 1
additions 1
afterwards 1
allow 1
allow 1
allow 1
allow 1
allow 1
allow 1
allow 1
allow 1
allow 1
allow 1
allowing 1
allowing 1
allusion 1
allusion 1
along 1
altered 1
altered 1
amuse 1
amuse 1
analogies 1
and 1
and 1
and 1
and 1
and 1
and 1
and 1
and 1
and 1
and 1
and 1
and 1
and 1
and 1
and 1
and 1
and 1
and 1
and 1
and 1
and 1
and 1
and 1
and 1
and 1
and 1
and 1
and 1
and 1
and 1
and 1
and 1
and 1
and 1
and 1
and 1
and 1
and 1
and 1
and 1
and 1
and 1
and 1
and 1
and 1
and 1
and 1
and 1
and 1
and 1
and 1
and 1
and 1
and 1
and 1
and 1
and 1
and 1
and 1
and 1
and 1
and 1
and 1
and 1
and 1
and 1
and 1
and 1
and 1
and 1
and 1
and 1
and 1
and 1
and 1
and 1
and 1
and 1
and 1
and 1
and 1
and 1
and 1
and 1
and 1
and 1
and 1
and 1
and 1
and 1
and 1
and 1
and 1
and 1
and 1
and 1
and 1
and 1
and 1
and 1
and 1
and 1
and 1
and 1
and 1
and 1
and 1
and 1
and 1
and 1
and 1
and 1
and 1
and 1
and 1
and 1
and 1
and 1
and 1
and 1
and 1
and 1
and 1
and 1
and 1
and 1
and 1
and 1
and 1
and 1
and 1
and 1
and 1
and 1
and 1
and 1
and 1
and 1
and 1
and 1
and 1
and 1
and 1
and 1
and 1
and 1
and 1
and 1
and 1
and 1
and 1
and 1
and 1
and 1
and 1
and 1
and 1
and 1
and 1
and 1
and 1
and 1
and 1
and 1
and 1
and 1
and 1
and 1
and 1
and 1
and 1
and 1
and 1
and 1
and 1
and 1
and 1
and 1
and 1
and 1
and 1
and 1
and 1
and 1
and 1
and 1
and 1
and 1
and 1
and 1
and 1
and 1
and 1
and 1
and 1
and 1
and 1
and 1
and 1
and 1
and 1
and 1
and 1
and 1
and 1
and 1
and 1
and 1
and 1
and 1
and 1
and 1
and 1
and 1
and 1
and 1
and 1
and 1
and 1
and 1
and 1
and 1
and 1
and 1
and 1
and 1
and 1
and 1
and 1
and 1
and 1
and 1
and 1
and 1
and 1
and 1
and 1
and 1
and 1
and 1
and 1
and 1
and 1
and 1
and 1
and 1
and 1
and 1
and 1
and 1
and 1
and 1
and 1
and 1
and 1
and 1
and 1
and 1
and 1
and 1
and 1
and 1
and 1
and 1
and 1
and 1
and 1
and 1
and 1
and 1
and 1
and 1
and 1
and 1
and 1
and 1
and 1
and 1
and 1
and 1
and 1
and 1
and 1
and 1
and 1
and 1
and 1
and 1
and 1
and 1
and 1
and 1
and 1
and 1
and 1
and 1
and 1
and 1
and 1
and 1
and 1
and 1
and 1
and 1
and 1
and 1
and 1
and 1
and 1
and 1
and 1
and 1
and 1
and 1
and 1
and 1
another 1
another 1
appear 1
appear 1
appear 1
appear 1
appear 1
arranging 1
arrive 1
arrived 1
arrived 1
artistically 1
astonishment 1
astounded 1
at 1
at 1
at 1
at 1
at 1
at 1
at 1
at 1
at 1
at 1
at 1
at 1
at 1
at 1
at 1
at 1
at 1
at 1
at 1
at 1
at 1
at 1
at 1
at 1
at 1
at 1
at 1
at 1
at 1
at 1
at 1
at 1
at 1
at 1
at 1
at 1
at 1
at 1
at 1
at 1
at 1
at 1
at 1
at 1
at 1
at 1
at 1
at 1
at 1
at 1
at 1
at 1
at 1
at 1
at 1
at 1
at 1
at 1
at 1
at 1
at 1
at 1
at 1
at 1
at 1
at 1
at 1
at 1
at 1
at 1
at 1
at 1
at 1
at 1
at 1
at 1
at 1
at 1
at 1
at 1
at 1
at 1
at 1
at 1
at 1
at 1
at 1
at 1
at 1
at 1
at 1
at 1
at 1
at 1
at 1
at 1
at 1
at 1
at 1
at 1
at 1
at 1
at 1
at 1
at 1
at 1
at 1
at 1
at 1
at 1
at 1
at 1
at 1
at 1
at 1
at 1
at 1
at 1
at 1
at 1
at 1
at 1
at 1
at 1
at 1
at 1
at 1
at 1
at 1
at 1
at 1
at 1
at 1
at 1
at 1
at 1
at 1
at 1
at 1
at 1
at 1
at 1
at 1
at 1
at 1
at 1
at 1
at 1
at 1
at 1
at 1
at 1
at 1
at 1
at 1
at 1
at 1
at 1
at 1
at 1
at 1
attempt 1
attractive 1
attractive 1
attractive 1
attractive 1
attractive 1
attractive 1
attractive 1
back 1
back 1
back 1
back 1
back 1
back 1
back 1
back 1
back 1
back 1
back 1
back 1
back 1
back 1
back 1
back 1
back 1
back 1
back 1
back 1
back 1
back 1
back 1
back 1
back 1
back 1
back 1
back 1
back 1
based 1
based 1
beats 1
beats 1
behave 1
behave 1
behave 1
behaved 1
behaved 1
binary 1
bloom 1
born 1
born 1
box 1
box 1
box 1
boxes 1
brings 1
brought 1
brought 1
brought 1
candid 1
cards 1
catch 1
catch 1
certainly 1
certainly 1
certainly 1
certainly 1
certainly 1
certainly 1
certainly 1
certainly 1
certainly 1
certainly 1
certainly 1
certainly 1
certainly 1
certainly 1
certainly 1
certainly 1
choice 1
church 1
clean 1
competition 1
complaining 1
conclusion 1
confirmation 1
confirmation 1
confirmed 1
confirmed 1
confirmed 1
consternation 1
copy 1
copy 1
copy 1
copy 1
copy 1
copy 1
copy 1
copy 1
copy 1
copy 1
copy 1
copy 1
copy 1
copy 1
could 1
could 1
could 1
could 1
could 1
could 1
could 1
could 1
could 1
could 1
could 1
could 1
could 1
could 1
could 1
could 1
could 1
could 1
could 1
could 1
could 1
could 1
crush 1
cynical 1
cynical 1
danger 1
days 1
days 1
days 1
days 1
days 1
days 1
days 1
days 1
defect 1
defect 1
delight 1
delight 1
demonstrative 1
derivative 1
derivative 1
derivative 1
determine 1
develop 1
did 1
did 1
did 1
did 1
did 1
did 1
did 1
did 1
did 1
did 1
did 1
did 1
did 1
did 1
did 1
did 1
did 1
did 1
difficulty 1
dining 1
dining 1
dining 1
dining 1
directory 1
disguise 1
disposition 1
disposition 1
distrusted 1
doesn 1
doesn 1
doesn 1
doubted 1
dressing 1
dressing 1
e 1
editions 1
editions 1
editions 1
editions 1
elaborate 1
elaborate 1
eldest 1
elect 1
endure 1
experiences 1
explanation 1
explanation 1
explanation 1
explanation 1
explanation 1
explanation 1
expressed 1
expressed 1
facility 1
far 1
far 1
far 1
far 1
far 1
far 1
far 1
far 1
far 1
far 1
fees 1
fees 1
fees 1
fees 1
fell 1
festal 1
fifteen 1
fifteen 1
files 1
files 1
financial 1
fireplace 1
flat 1
fondest 1
fondest 1
forget 1
forget 1
fortune 1
fortune 1
forward 1
forward 1
forward 1
forward 1
frankness 1
freely 1
freely 1
freely 1
freely 1
gentlemen 1
gets 1
gets 1
girls 1
girls 1
girls 1
girls 1
glare 1
glare 1
hard 1
hard 1
hard 1
hard 1
hard 1
hard 1
harvest 1
hereditary 1
hereditary 1
hereditary 1
holding 1
honour 1
hours 1
humble 1
hungry 1
hungry 1
hypertext 1
immersion 1
imposed 1
impossible 1
in 1
in 1
in 1
in 1
in 1
in 1
in 1
in 1
in 1
in 1
in 1
in 1
in 1
in 1
in 1
in 1
in 1
in 1
in 1
in 1
in 1
in 1
in 1
in 1
in 1
in 1
in 1
in 1
in 1
in 1
in 1
in 1
in 1
in 1
in 1
in 1
in 1
in 1
in 1
in 1
in 1
in 1
in 1
in 1
in 1
in 1
in 1
in 1
in 1
in 1
in 1
in 1
in 1
in 1
in 1
in 1
in 1
in 1
in 1
in 1
in 1
in 1
in 1
in 1
in 1
in 1
in 1
in 1
in 1
in 1
in 1
in 1
in 1
in 1
in 1
in 1
in 1
in 1
in 1
in 1
in 1
in 1
in 1
in 1
in 1
in 1
in 1
in 1
in 1
in 1
in 1
in 1
in 1
in 1
in 1
in 1
in 1
in 1
in 1
in 1
in 1
in 1
in 1
in 1
in 1
in 1
in 1
in 1
in 1
in 1
in 1
in 1
in 1
in 1
in 1
in 1
in 1
in 1
in 1
in 1
in 1
in 1
in 1
in 1
in 1
in 1
in 1
in 1
in 1
in 1
in 1
in 1
in 1
in 1
in 1
in 1
in 1
in 1
in 1
in 1
in 1
in 1
in 1
in 1
in 1
in 1
in 1
in 1
in 1
in 1
in 1
in 1
in 1
in 1
in 1
in 1
in 1
in 1
in 1
in 1
in 1
in 1
in 1
in 1
in 1
in 1
in 1
in 1
in 1
in 1
in 1
in 1
in 1
in 1
in 1
in 1
in 1
in 1
in 1
in 1
in 1
in 1
in 1
in 1
in 1
in 1
in 1
in 1
in 1
in 1
in 1
in 1
in 1
in 1
in 1
in 1
in 1
in 1
in 1
in 1
in 1
in 1
in 1
in 1
in 1
in 1
in 1
in 1
in 1
in 1
in 1
in 1
in 1
in 1
in 1
in 1
in 1
in 1
in 1
in 1
in 1
in 1
in 1
in 1
in 1
in 1
in 1
in 1
in 1
in 1
in 1
in 1
in 1
in 1
in 1
in 1
in 1
in 1
in 1
in 1
in 1
in 1
in 1
in 1
in 1
in 1
in 1
in 1
in 1
in 1
in 1
in 1
in 1
in 1
in 1
in 1
in 1
in 1
in 1
in 1
in 1
in 1
in 1
in 1
in 1
in 1
in 1
in 1
in 1
in 1
in 1
in 1
in 1
in 1
in 1
in 1
in 1
in 1
in 1
in 1
in 1
in 1
in 1
in 1
in 1
in 1
in 1
in 1
in 1
in 1
in 1
in 1
in 1
in 1
in 1
in 1
in 1
in 1
in 1
in 1
in 1
in 1
in 1
in 1
in 1
in 1
in 1
in 1
in 1
in 1
in 1
in 1
in 1
in 1
in 1
in 1
in 1
in 1
in 1
in 1
in 1
in 1
in 1
in 1
in 1
in 1
in 1
in 1
in 1
inaccurate 1
individual 1
individual 1
individual 1
individual 1
inexcusable 1
inexcusable 1
inquiries 1
instinctively 1
instinctively 1
introduce 1
introduced 1
introduced 1
judicial 1
killed 1
kneeling 1
kneeling 1
larger 1
larger 1
laws 1
laws 1
laws 1
laws 1
laws 1
laws 1
laws 1
laws 1
lax 1
lays 1
leads 1
leads 1
learned 1
learned 1
least 1
least 1
led 1
led 1
lengthy 1
less 1
library 1
library 1
liked 1
liked 1
liked 1
lining 1
lip 1
loathe 1
lose 1
lose 1
lose 1
luxury 1
machine 1
male 1
manager 1
marriages 1
matter 1
matter 1
matter 1
matter 1
matter 1
matter 1
matter 1
matter 1
matter 1
matter 1
matter 1
matter 1
matter 1
matter 1
matter 1
matter 1
meant 1
medium 1
medium 1
medium 1
medium 1
medium 1
meet 1
meet 1
meet 1
meet 1
meeting 1
meeting 1
might 1
might 1
might 1
might 1
might 1
might 1
might 1
might 1
might 1
might 1
might 1
might 1
might 1
might 1
might 1
might 1
misconception 1
modified 1
moments 1
moments 1
much 1
much 1
much 1
much 1
much 1
much 1
much 1
much 1
much 1
much 1
much 1
much 1
much 1
much 1
much 1
much 1
much 1
much 1
much 1
much 1
much 1
much 1
much 1
much 1
much 1
much 1
much 1
much 1
much 1
much 1
much 1
much 1
much 1
much 1
much 1
named 1
nearly 1
nearly 1
nearly 1
nearly 1
nearly 1
nearly 1
nearly 1
necessary 1
necessary 1
necessary 1
nephew 1
nephew 1
nephew 1
nephew 1
nephew 1
nephew 1
nephew 1
non 1
notifies 1
o 1
obtain 1
obtain 1
obtain 1
occasion 1
occasion 1
occupation 1
occupation 1
of 1
of 1
of 1
of 1
of 1
of 1
of 1
of 1
of 1
of 1
of 1
of 1
of 1
of 1
of 1
of 1
of 1
of 1
of 1
of 1
of 1
of 1
of 1
of 1
of 1
of 1
of 1
of 1
of 1
of 1
of 1
of 1
of 1
of 1
of 1
of 1
of 1
of 1
of 1
of 1
of 1
of 1
of 1
of 1
of 1
of 1
of 1
of 1
of 1
of 1
of 1
of 1
of 1
of 1
of 1
of 1
of 1
of 1
of 1
of 1
of 1
of 1
of 1
of 1
of 1
of 1
of 1
of 1
of 1
of 1
of 1
of 1
of 1
of 1
of 1
of 1
of 1
of 1
of 1
of 1
of 1
of 1
of 1
of 1
of 1
of 1
of 1
of 1
of 1
of 1
of 1
of 1
of 1
of 1
of 1
of 1
of 1
of 1
of 1
of 1
of 1
of 1
of 1
of 1
of 1
of 1
of 1
of 1
of 1
of 1
of 1
of 1
of 1
of 1
of 1
of 1
of 1
of 1
of 1
of 1
of 1
of 1
of 1
of 1
of 1
of 1
of 1
of 1
of 1
of 1
of 1
of 1
of 1
of 1
of 1
of 1
of 1
of 1
of 1
of 1
of 1
of 1
of 1
of 1
of 1
of 1
of 1
of 1
of 1
of 1
of 1
of 1
of 1
of 1
of 1
of 1
of 1
of 1
of 1
of 1
of 1
of 1
of 1
of 1
of 1
of 1
of 1
of 1
of 1
of 1
of 1
of 1
of 1
of 1
of 1
of 1
of 1
of 1
of 1
of 1
of 1
of 1
of 1
of 1
of 1
of 1
of 1
of 1
of 1
of 1
of 1
of 1
of 1
of 1
of 1
of 1
of 1
of 1
of 1
of 1
of 1
of 1
of 1
of 1
of 1
of 1
of 1
of 1
of 1
of 1
of 1
of 1
of 1
of 1
of 1
of 1
of 1
of 1
of 1
of 1
of 1
of 1
of 1
of 1
of 1
of 1
of 1
of 1
of 1
of 1
of 1
of 1
of 1
of 1
of 1
of 1
of 1
of 1
of 1
of 1
of 1
of 1
of 1
of 1
of 1
of 1
of 1
of 1
of 1
of 1
of 1
of 1
of 1
of 1
of 1
of 1
of 1
of 1
of 1
of 1
of 1
of 1
of 1
of 1
of 1
of 1
of 1
of 1
of 1
of 1
of 1
of 1
of 1
of 1
of 1
of 1
of 1
of 1
of 1
of 1
of 1
of 1
of 1
of 1
of 1
of 1
of 1
of 1
of 1
of 1
of 1
of 1
of 1
of 1
of 1
of 1
of 1
of 1
of 1
of 1
of 1
of 1
of 1
of 1
of 1
of 1
of 1
of 1
of 1
of 1
of 1
of 1
of 1
of 1
of 1
of 1
of 1
of 1
of 1
of 1
of 1
of 1
of 1
of 1
of 1
of 1
of 1
of 1
of 1
of 1
of 1
of 1
of 1
of 1
of 1
of 1
of 1
of 1
of 1
of 1
of 1
of 1
of 1
of 1
of 1
of 1
of 1
of 1
of 1
of 1
of 1
of 1
of 1
of 1
of 1
of 1
of 1
of 1
of 1
of 1
of 1
of 1
of 1
of 1
of 1
of 1
of 1
of 1
of 1
of 1
of 1
of 1
of 1
of 1
of 1
of 1
of 1
of 1
of 1
of 1
of 1
of 1
of 1
of 1
of 1
of 1
of 1
of 1
of 1
of 1
of 1
of 1
of 1
of 1
of 1
of 1
of 1
of 1
of 1
of 1
of 1
of 1
of 1
of 1
of 1
of 1
of 1
of 1
of 1
of 1
of 1
of 1
of 1
of 1
of 1
of 1
of 1
of 1
of 1
of 1
of 1
of 1
of 1
of 1
of 1
of 1
of 1
of 1
of 1
of 1
of 1
of 1
of 1
of 1
of 1
of 1
of 1
of 1
of 1
of 1
of 1
of 1
of 1
of 1
of 1
of 1
of 1
of 1
of 1
of 1
of 1
of 1
of 1
of 1
of 1
of 1
of 1
of 1
of 1
of 1
of 1
of 1
of 1
of 1
of 1
of 1
of 1
of 1
of 1
of 1
of 1
of 1
of 1
of 1
of 1
of 1
of 1
of 1
of 1
of 1
of 1
of 1
of 1
of 1
of 1
offers 1
official 1
official 1
official 1
oftener 1
omit 1
omnibus 1
online 1
online 1
online 1
online 1
ostentatiously 1
outside 1
outside 1
outside 1
overlook 1
owns 1
owns 1
papers 1
papers 1
parents 1
parents 1
parents 1
parents 1
parents 1
parents 1
parting 1
perfect 1
perfect 1
perfect 1
perfect 1
perfect 1
perfect 1
perfect 1
period 1
period 1
period 1
permission 1
permission 1
permission 1
permission 1
permission 1
permission 1
permission 1
personification 1
pint 1
pint 1
placed 1
placed 1
placed 1
placed 1
position 1
position 1
position 1
position 1
position 1
position 1
position 1
position 1
possible 1
possible 1
possible 1
possible 1
possible 1
possible 1
possible 1
postal 1
practised 1
practised 1
prepared 1
prepared 1
previous 1
principles 1
print 1
private 1
private 1
problem 1
profile 1
profile 1
profile 1
profile 1
prohibition 1
prominently 1
prominently 1
promise 1
promise 1
promised 1
promised 1
protect 1
protect 1
proudly 1
provide 1
provide 1
provide 1
provide 1
provide 1
provide 1
provide 1
purchased 1
quails 1
realise 1
realise 1
reclaim 1
reconciliation 1
reconciliation 1
reference 1
reform 1
refusing 1
relatives 1
remained 1
remains 1
remember 1
remember 1
remember 1
remember 1
remember 1
remind 1
remotely 1
rise 1
rise 1
rise 1
rules 1
rules 1
rules 1
sacrifice 1
sadly 1
sadly 1
scandalous 1
secrets 1
see 1
see 1
see 1
see 1
see 1
see 1
see 1
see 1
see 1
see 1
see 1
see 1
see 1
see 1
see 1
see 1
see 1
see 1
see 1
see 1
see 1
see 1
see 1
see 1
see 1
see 1
see 1
see 1
see 1
sentence 1
sentence 1
service 1
shallying 1
shouldn 1
shouldn 1
shouldn 1
shouldn 1
shudder 1
site 1
site 1
site 1
site 1
slight 1
slight 1
slight 1
slight 1
slight 1
slight 1
somewhere 1
soon 1
soon 1
soon 1
soon 1
soon 1
soon 1
speculating 1
sphere 1
statistics 1
stay 1
stay 1
steps 1
stops 1
story 1
struggle 1
subjects 1
such 1
such 1
such 1
such 1
such 1
such 1
such 1
such 1
such 1
such 1
such 1
such 1
such 1
such 1
such 1
such 1
such 1
such 1
such 1
such 1
such 1
such 1
suffer 1
superior 1
suppose 1
suppose 1
suppose 1
suppose 1
suppose 1
suppose 1
suppose 1
suppose 1
suppose 1
suppose 1
suppose 1
suppose 1
suppose 1
suppose 1
suppose 1
suppose 1
suppose 1
suppose 1
suppose 1
suppose 1
supposed 1
surprised 1
take 1
take 1
take 1
take 1
take 1
take 1
take 1
take 1
take 1
take 1
take 1
take 1
take 1
take 1
take 1
take 1
telegram 1
telegram 1
terms 1
terms 1
terms 1
terms 1
terms 1
terms 1
terms 1
terms 1
terms 1
terms 1
terms 1
terms 1
terms 1
terms 1
terms 1
terms 1
terms 1
terms 1
terms 1
terms 1
terms 1
terms 1
then 1
then 1
then 1
then 1
then 1
then 1
then 1
thrift 1
throughout 1
time 1
time 1
time 1
time 1
time 1
time 1
time 1
time 1
time 1
time 1
time 1
time 1
time 1
time 1
time 1
time 1
time 1
time 1
time 1
time 1
time 1
time 1
time 1
time 1
time 1
time 1
time 1
time 1
time 1
time 1
time 1
time 1
time 1
time 1
time 1
tm 1
tm 1
tm 1
tm 1
tm 1
tm 1
tm 1
tm 1
tm 1
tm 1
tm 1
tm 1
tm 1
tm 1
tm 1
tm 1
tm 1
tm 1
tm 1
tm 1
tm 1
tm 1
tm 1
tm 1
tm 1
tm 1
tm 1
tm 1
tm 1
tm 1
tm 1
tm 1
tm 1
tm 1
tm 1
tm 1
tm 1
tm 1
tm 1
tm 1
tm 1
tm 1
tm 1
tm 1
tm 1
tm 1
tm 1
tm 1
tm 1
tm 1
tm 1
tm 1
tm 1
tm 1
tm 1
tm 1
tm 1
toothache 1
trains 1
trusted 1
twenty 1
twenty 1
twenty 1
twenty 1
twopence 1
types 1
unenforceability 1
ungentlemanly 1
unkind 1
unmarried 1
unmarried 1
unpacked 1
unsatisfactory 1
unsolicited 1
vaguely 1
vicinity 1
viewing 1
vulgar 1
vulgar 1
vulgar 1
vulgar 1
waists 1
wait 1
wait 1
wait 1
wait 1
wait 1
wait 1
wait 1
wait 1
washing 1
watch 1
watch 1
watch 1
watch 1
water 1
water 1
wealth 1
were 1
were 1
were 1
were 1
were 1
were 1
were 1
were 1
were 1
were 1
were 1
were 1
were 1
were 1
were 1
were 1
were 1
were 1
were 1
were 1
were 1
were 1
were 1
were 1
where 1
where 1
where 1
where 1
where 1
where 1
where 1
where 1
where 1
within 1
within 1
within 1
within 1
woe 1
wonderfully 1
wonderfully 1
wonderfully 1
worst 1
worst 1
write 1
write 1
write 1
wrote 1
wrote 1
wrote 1
yourself 1
yourself 1
yourself 1
