ACTUAL 1
AGREEMENT 1
Again 1
Again 1
Again 1
Am 1
Any 1
Apple 1
Apple 1
Apple 1
As 1
As 1
As 1
As 1
As 1
As 1
As 1
As 1
As 1
As 1
As 1
As 1
As 1
As 1
As 1
As 1
As 1
As 1
As 1
As 1
As 1
As 1
As 1
As 1
As 1
As 1
As 1
As 1
As 1
As 1
As 1
As 1
As 1
As 1
As 1
As 1
As 1
As 1
As 1
As 1
As 1
As 1
As 1
As 1
As 1
As 1
As 1
As 1
As 1
As 1
As 1
As 1
As 1
As 1
As 1
As 1
As 1
As 1
As 1
As 1
Away 1
Away 1
Away 1
Away 1
Away 1
Away 1
Away 1
BEE 1
BEE 1
BRIDEGROOM 1
BRIDEGROOM 1
BUSH 1
BUSH 1
Bear 1
Bear 1
Bear 1
Because 1
Because 1
Because 1
Because 1
Blessed 1
CAP 1
CAP 1
Countryman 1
DAMAGES 1
DAMAGES 1
DOG 1
DOG 1
Dear 1
Dear 1
Dear 1
Dear 1
Dear 1
Dear 1
Dear 1
Dear 1
Dear 1
Dear 1
Dear 1
Dear 1
Dear 1
Dear 1
Dear 1
Dear 1
Defects 1
Despite 1
Domain 1
FEAR 1
FEAR 1
FIRST 1
FIRST 1
Feel 1
First 1
First 1
First 1
First 1
Five 1
Get 1
Get 1
Get 1
Get 1
God 1
God 1
God 1
God 1
God 1
God 1
God 1
God 1
God 1
God 1
God 1
God 1
God 1
God 1
God 1
God 1
Growler 1
Growler 1
Have 1
Have 1
Have 1
Have 1
Have 1
Have 1
Have 1
Have 1
Have 1
Have 1
Heinrich 1
Holle 1
Holle 1
Holle 1
Holle 1
Holle 1
Holle 1
Holle 1
Holle 1
Holle 1
Holle 1
INDIRECT 1
Ilsabill 1
Ilsabill 1
Ilsabill 1
Ilsabill 1
Ilsabill 1
Ilsabill 1
Ilsabill 1
Ilsabill 1
Ilsabill 1
Ilsabill 1
Ilsabill 1
Ilsabill 1
Iron 1
Iron 1
Iron 1
Iron 1
Iron 1
Iron 1
Iron 1
Iron 1
Iron 1
Iron 1
LIFE 1
LIFE 1
LION 1
LION 1
Lay 1
Lie 1
Lie 1
Lily 1
Lily 1
Lily 1
Lily 1
Lily 1
Lily 1
Lily 1
Lily 1
Lily 1
Long 1
Long 1
Long 1
Long 1
MOUNTAINS 1
MOUNTAINS 1
MUSICIANS 1
MUSICIANS 1
Master 1
Master 1
Master 1
Master 1
Merrily 1
Merrily 1
Never 1
Never 1
Never 1
Never 1
Never 1
Never 1
Never 1
Never 1
Never 1
Never 1
Never 1
Nevertheless 1
Nevertheless 1
Nevertheless 1
PUNITIVE 1
Please 1
Pray 1
Pray 1
Pray 1
Pray 1
Pray 1
Pray 1
Pray 1
Pray 1
Pray 1
Pray 1
Pray 1
Pray 1
Pray 1
Produced 1
Produced 1
ROLAND 1
ROLAND 1
Rest 1
Revenue 1
River 1
Roland 1
Roland 1
Roland 1
Roland 1
Roland 1
Roland 1
Roland 1
Roland 1
Roland 1
Roland 1
Roland 1
Roland 1
Roland 1
Roland 1
SECOND 1
SECOND 1
Sections 1
Seek 1
Standing 1
TRAVELLING 1
TRAVELLING 1
There 1
There 1
There 1
There 1
There 1
There 1
There 1
There 1
There 1
There 1
There 1
There 1
There 1
There 1
There 1
There 1
There 1
There 1
There 1
There 1
There 1
There 1
There 1
There 1
There 1
There 1
There 1
There 1
There 1
There 1
There 1
There 1
There 1
There 1
There 1
There 1
There 1
There 1
There 1
There 1
There 1
There 1
There 1
There 1
There 1
There 1
There 1
There 1
There 1
There 1
There 1
There 1
There 1
There 1
There 1
There 1
There 1
There 1
There 1
There 1
There 1
There 1
There 1
There 1
There 1
There 1
There 1
There 1
There 1
There 1
There 1
There 1
Thirdly 1
Truly 1
Turtle 1
Turtle 1
Two 1
Two 1
Two 1
Two 1
Two 1
UNDER 1
Unless 1
Upon 1
Upon 1
Very 1
Very 1
Very 1
Very 1
Very 1
Very 1
Very 1
WARRANTY 1
WARRANTY 1
WENT 1
WENT 1
WENT 1
WENT 1
WENT 1
WENT 1
WITH 1
Well 1
Well 1
Well 1
Well 1
Well 1
Well 1
Well 1
Well 1
Well 1
Well 1
Well 1
Well 1
Well 1
Well 1
Well 1
Well 1
Well 1
Well 1
Well 1
Well 1
Well 1
Well 1
Well 1
Well 1
Well 1
Well 1
Well 1
Well 1
Well 1
Well 1
Well 1
Well 1
Well 1
Well 1
Well 1
Well 1
Well 1
Whatever 1
Why 1
Why 1
Why 1
Why 1
Why 1
Why 1
Why 1
Why 1
Why 1
Why 1
Why 1
Why 1
Why 1
Why 1
Why 1
Why 1
Why 1
Why 1
Why 1
Why 1
Why 1
Why 1
Why 1
Why 1
Why 1
Will 1
Will 1
Will 1
Will 1
Will 1
Will 1
Will 1
Will 1
Will 1
Will 1
Will 1
Will 1
accomplished 1
accord 1
accord 1
added 1
added 1
address 1
adrift 1
adrift 1
adrift 1
adrift 1
advanced 1
afar 1
afar 1
afar 1
afar 1
afar 1
afar 1
affected 1
agree 1
agree 1
agree 1
agree 1
agree 1
agree 1
agree 1
agree 1
agree 1
agree 1
aid 1
aid 1
aid 1
aid 1
ale 1
ale 1
ale 1
ale 1
ale 1
ale 1
ale 1
ale 1
ale 1
ale 1
ale 1
ale 1
ale 1
ale 1
alike 1
alike 1
almost 1
almost 1
almost 1
almost 1
almost 1
almost 1
almost 1
almost 1
almost 1
almost 1
altar 1
am 1
am 1
am 1
am 1
am 1
am 1
am 1
am 1
am 1
am 1
am 1
am 1
am 1
am 1
am 1
am 1
am 1
am 1
am 1
am 1
am 1
am 1
am 1
am 1
am 1
am 1
am 1
am 1
am 1
am 1
am 1
am 1
am 1
am 1
am 1
am 1
am 1
am 1
am 1
am 1
am 1
am 1
am 1
am 1
am 1
am 1
am 1
am 1
am 1
am 1
am 1
am 1
am 1
am 1
am 1
am 1
am 1
am 1
am 1
am 1
am 1
am 1
am 1
am 1
am 1
am 1
am 1
am 1
am 1
am 1
am 1
am 1
am 1
am 1
am 1
am 1
am 1
am 1
am 1
am 1
am 1
am 1
am 1
am 1
am 1
am 1
am 1
am 1
am 1
am 1
am 1
am 1
am 1
am 1
am 1
am 1
am 1
am 1
am 1
am 1
am 1
am 1
am 1
am 1
am 1
am 1
am 1
am 1
am 1
am 1
am 1
am 1
am 1
am 1
am 1
am 1
am 1
am 1
am 1
am 1
am 1
am 1
am 1
am 1
am 1
am 1
am 1
am 1
am 1
am 1
am 1
am 1
am 1
am 1
am 1
am 1
am 1
am 1
am 1
am 1
am 1
am 1
am 1
am 1
am 1
am 1
am 1
am 1
am 1
am 1
amidst 1
animal 1
animal 1
animal 1
anyone 1
anyone 1
anyone 1
anyone 1
anyone 1
anyone 1
anyone 1
anyone 1
anyone 1
anyone 1
anyone 1
anyone 1
anyone 1
anyone 1
anyone 1
anyone 1
anyone 1
anyone 1
anyone 1
anyone 1
anyone 1
anyone 1
anyone 1
anyone 1
anyone 1
anyone 1
anyone 1
anyone 1
appeared 1
appeared 1
appeared 1
appeared 1
apprentices 1
approaching 1
approaching 1
are 1
are 1
are 1
are 1
are 1
are 1
are 1
are 1
are 1
are 1
are 1
are 1
are 1
are 1
are 1
are 1
are 1
are 1
are 1
are 1
are 1
are 1
are 1
are 1
are 1
are 1
are 1
are 1
are 1
are 1
are 1
are 1
are 1
are 1
are 1
are 1
are 1
are 1
are 1
are 1
are 1
are 1
are 1
are 1
are 1
are 1
are 1
are 1
are 1
are 1
are 1
are 1
are 1
are 1
are 1
are 1
are 1
are 1
are 1
are 1
are 1
are 1
are 1
are 1
are 1
are 1
are 1
are 1
are 1
are 1
are 1
are 1
are 1
are 1
are 1
are 1
are 1
are 1
are 1
are 1
are 1
are 1
are 1
are 1
are 1
are 1
are 1
are 1
are 1
are 1
are 1
are 1
are 1
are 1
are 1
are 1
are 1
are 1
are 1
are 1
are 1
are 1
are 1
are 1
are 1
are 1
are 1
are 1
are 1
are 1
are 1
are 1
are 1
are 1
are 1
are 1
are 1
are 1
are 1
are 1
are 1
are 1
are 1
are 1
are 1
are 1
are 1
are 1
are 1
are 1
are 1
are 1
are 1
are 1
are 1
are 1
are 1
are 1
are 1
are 1
are 1
are 1
are 1
are 1
are 1
are 1
are 1
are 1
are 1
are 1
are 1
are 1
are 1
are 1
are 1
are 1
are 1
are 1
are 1
are 1
are 1
are 1
are 1
are 1
are 1
are 1
are 1
are 1
are 1
are 1
are 1
are 1
are 1
are 1
are 1
are 1
are 1
are 1
are 1
are 1
are 1
are 1
are 1
are 1
are 1
are 1
are 1
are 1
are 1
are 1
are 1
are 1
are 1
are 1
are 1
are 1
are 1
are 1
are 1
are 1
are 1
are 1
are 1
are 1
are 1
are 1
are 1
are 1
are 1
are 1
are 1
are 1
are 1
are 1
are 1
are 1
are 1
are 1
are 1
are 1
are 1
are 1
are 1
are 1
are 1
are 1
are 1
are 1
are 1
are 1
are 1
arrogance 1
as 1
as 1
as 1
as 1
as 1
as 1
as 1
as 1
as 1
as 1
as 1
as 1
as 1
as 1
as 1
as 1
as 1
as 1
as 1
as 1
as 1
as 1
as 1
as 1
as 1
as 1
as 1
as 1
as 1
as 1
as 1
as 1
as 1
as 1
as 1
as 1
as 1
as 1
as 1
as 1
as 1
as 1
as 1
as 1
as 1
as 1
as 1
as 1
as 1
as 1
as 1
as 1
as 1
as 1
as 1
as 1
as 1
as 1
as 1
as 1
as 1
as 1
as 1
as 1
as 1
as 1
as 1
as 1
as 1
as 1
as 1
as 1
as 1
as 1
as 1
as 1
as 1
as 1
as 1
as 1
as 1
as 1
as 1
as 1
as 1
as 1
as 1
as 1
as 1
as 1
as 1
as 1
as 1
as 1
as 1
as 1
as 1
as 1
as 1
as 1
as 1
as 1
as 1
as 1
as 1
as 1
as 1
as 1
as 1
as 1
as 1
as 1
as 1
as 1
as 1
as 1
as 1
as 1
as 1
as 1
as 1
as 1
as 1
as 1
as 1
as 1
as 1
as 1
as 1
as 1
as 1
as 1
as 1
as 1
as 1
as 1
as 1
as 1
as 1
as 1
as 1
as 1
as 1
as 1
as 1
as 1
as 1
as 1
as 1
as 1
as 1
as 1
as 1
as 1
as 1
as 1
as 1
as 1
as 1
as 1
as 1
as 1
as 1
as 1
as 1
as 1
as 1
as 1
as 1
as 1
as 1
as 1
as 1
as 1
as 1
as 1
as 1
as 1
as 1
as 1
as 1
as 1
as 1
as 1
as 1
as 1
as 1
as 1
as 1
as 1
as 1
as 1
as 1
as 1
as 1
as 1
as 1
as 1
as 1
as 1
as 1
as 1
as 1
as 1
as 1
as 1
as 1
as 1
as 1
as 1
as 1
as 1
as 1
as 1
as 1
as 1
as 1
as 1
as 1
as 1
as 1
as 1
as 1
as 1
as 1
as 1
as 1
as 1
as 1
as 1
as 1
as 1
as 1
as 1
as 1
as 1
as 1
as 1
as 1
as 1
as 1
as 1
as 1
as 1
as 1
as 1
as 1
as 1
as 1
as 1
as 1
as 1
as 1
as 1
as 1
as 1
as 1
as 1
as 1
as 1
as 1
as 1
as 1
as 1
as 1
as 1
as 1
as 1
as 1
as 1
as 1
as 1
as 1
as 1
as 1
as 1
as 1
as 1
as 1
as 1
as 1
as 1
as 1
as 1
as 1
as 1
as 1
as 1
as 1
as 1
as 1
as 1
as 1
as 1
as 1
as 1
as 1
as 1
as 1
as 1
as 1
as 1
as 1
as 1
as 1
as 1
as 1
as 1
as 1
as 1
as 1
as 1
as 1
as 1
as 1
as 1
as 1
as 1
as 1
as 1
as 1
as 1
as 1
as 1
as 1
as 1
as 1
as 1
as 1
as 1
as 1
as 1
as 1
as 1
as 1
as 1
as 1
as 1
as 1
as 1
as 1
as 1
as 1
as 1
as 1
as 1
as 1
as 1
as 1
as 1
as 1
as 1
as 1
as 1
as 1
as 1
as 1
as 1
as 1
as 1
as 1
as 1
as 1
as 1
as 1
as 1
as 1
as 1
as 1
as 1
as 1
as 1
as 1
as 1
as 1
as 1
as 1
as 1
as 1
as 1
as 1
as 1
as 1
as 1
as 1
as 1
as 1
as 1
as 1
as 1
as 1
as 1
as 1
as 1
as 1
as 1
as 1
as 1
as 1
as 1
as 1
as 1
as 1
as 1
as 1
as 1
as 1
as 1
as 1
as 1
as 1
as 1
as 1
as 1
as 1
as 1
as 1
as 1
as 1
as 1
as 1
as 1
as 1
as 1
as 1
as 1
as 1
as 1
as 1
as 1
as 1
as 1
as 1
as 1
as 1
as 1
as 1
as 1
as 1
as 1
as 1
as 1
as 1
as 1
as 1
as 1
as 1
as 1
as 1
as 1
as 1
as 1
as 1
as 1
as 1
as 1
as 1
as 1
as 1
as 1
as 1
as 1
as 1
as 1
as 1
as 1
as 1
as 1
as 1
as 1
as 1
as 1
as 1
as 1
as 1
as 1
as 1
as 1
as 1
as 1
as 1
as 1
as 1
as 1
as 1
as 1
as 1
as 1
as 1
as 1
as 1
as 1
as 1
as 1
as 1
as 1
as 1
as 1
as 1
as 1
as 1
as 1
as 1
as 1
as 1
as 1
as 1
as 1
as 1
as 1
as 1
as 1
as 1
as 1
as 1
as 1
as 1
as 1
as 1
as 1
as 1
as 1
as 1
as 1
as 1
as 1
as 1
as 1
as 1
as 1
as 1
as 1
as 1
as 1
as 1
as 1
as 1
as 1
as 1
as 1
as 1
as 1
as 1
as 1
as 1
as 1
as 1
as 1
as 1
as 1
as 1
as 1
as 1
as 1
as 1
as 1
as 1
as 1
as 1
as 1
as 1
as 1
as 1
as 1
as 1
as 1
as 1
as 1
as 1
as 1
as 1
as 1
as 1
as 1
as 1
as 1
as 1
as 1
as 1
as 1
as 1
as 1
as 1
as 1
as 1
as 1
as 1
as 1
as 1
as 1
as 1
as 1
as 1
as 1
as 1
as 1
as 1
as 1
as 1
as 1
as 1
as 1
as 1
as 1
as 1
as 1
as 1
as 1
as 1
as 1
as 1
as 1
as 1
as 1
as 1
as 1
as 1
as 1
as 1
as 1
as 1
as 1
as 1
as 1
as 1
as 1
as 1
as 1
as 1
as 1
as 1
as 1
as 1
as 1
as 1
as 1
as 1
as 1
as 1
as 1
as 1
as 1
as 1
as 1
as 1
as 1
as 1
as 1
as 1
as 1
as 1
as 1
as 1
as 1
as 1
as 1
as 1
as 1
as 1
as 1
as 1
as 1
as 1
as 1
as 1
as 1
as 1
as 1
as 1
as 1
as 1
as 1
as 1
as 1
as 1
as 1
as 1
as 1
as 1
as 1
as 1
as 1
as 1
as 1
as 1
as 1
as 1
as 1
as 1
as 1
as 1
as 1
as 1
as 1
as 1
as 1
as 1
as 1
as 1
as 1
as 1
as 1
as 1
as 1
as 1
as 1
as 1
as 1
as 1
as 1
as 1
as 1
as 1
as 1
as 1
as 1
as 1
as 1
as 1
as 1
as 1
associated 1
associated 1
associated 1
associated 1
associated 1
associated 1
associated 1
associated 1
attached 1
attendants 1
attendants 1
attendants 1
aware 1
aware 1
aware 1
away 1
away 1
away 1
away 1
away 1
away 1
away 1
away 1
away 1
away 1
away 1
away 1
away 1
away 1
away 1
away 1
away 1
away 1
away 1
away 1
away 1
away 1
away 1
away 1
away 1
away 1
away 1
away 1
away 1
away 1
away 1
away 1
away 1
away 1
away 1
away 1
away 1
away 1
away 1
away 1
away 1
away 1
away 1
away 1
away 1
away 1
away 1
away 1
away 1
away 1
away 1
away 1
away 1
away 1
away 1
away 1
away 1
away 1
away 1
away 1
away 1
away 1
away 1
away 1
away 1
away 1
away 1
away 1
away 1
away 1
away 1
away 1
away 1
away 1
away 1
away 1
away 1
away 1
away 1
away 1
away 1
away 1
away 1
away 1
away 1
away 1
away 1
away 1
away 1
away 1
away 1
away 1
away 1
away 1
away 1
away 1
away 1
away 1
away 1
away 1
away 1
away 1
away 1
away 1
away 1
away 1
away 1
away 1
away 1
away 1
away 1
away 1
away 1
away 1
away 1
away 1
away 1
away 1
away 1
away 1
away 1
away 1
away 1
away 1
away 1
away 1
away 1
away 1
away 1
away 1
away 1
away 1
away 1
away 1
away 1
away 1
away 1
away 1
away 1
away 1
away 1
away 1
away 1
away 1
away 1
away 1
away 1
away 1
away 1
away 1
away 1
away 1
away 1
away 1
away 1
away 1
away 1
away 1
away 1
away 1
away 1
away 1
away 1
away 1
away 1
away 1
away 1
away 1
away 1
away 1
away 1
away 1
away 1
away 1
away 1
away 1
away 1
away 1
away 1
away 1
away 1
away 1
away 1
away 1
away 1
away 1
away 1
away 1
away 1
away 1
away 1
away 1
away 1
away 1
away 1
away 1
away 1
away 1
away 1
away 1
away 1
away 1
away 1
away 1
away 1
away 1
away 1
away 1
away 1
away 1
away 1
away 1
away 1
away 1
away 1
away 1
away 1
away 1
away 1
away 1
away 1
away 1
away 1
away 1
away 1
away 1
away 1
away 1
away 1
away 1
away 1
away 1
away 1
away 1
away 1
away 1
away 1
away 1
away 1
away 1
away 1
away 1
away 1
away 1
away 1
away 1
away 1
away 1
away 1
away 1
away 1
away 1
away 1
away 1
away 1
away 1
away 1
away 1
away 1
away 1
away 1
away 1
away 1
away 1
away 1
away 1
away 1
away 1
away 1
away 1
away 1
away 1
away 1
away 1
away 1
away 1
away 1
away 1
away 1
away 1
away 1
away 1
away 1
away 1
away 1
away 1
away 1
away 1
b 1
balls 1
bare 1
barking 1
basket 1
basket 1
basket 1
basket 1
basket 1
bawl 1
because 1
because 1
because 1
because 1
because 1
because 1
because 1
because 1
because 1
because 1
because 1
because 1
because 1
because 1
because 1
because 1
because 1
because 1
because 1
because 1
because 1
bedroom 1
bedroom 1
bedroom 1
bedtime 1
begone 1
beheld 1
beheld 1
beings 1
beings 1
berries 1
berries 1
berries 1
berries 1
bestow 1
bestow 1
bethought 1
bethought 1
bethought 1
binds 1
birches 1
blacken 1
blaze 1
blazed 1
blossoms 1
board 1
board 1
board 1
board 1
body 1
body 1
body 1
body 1
body 1
body 1
body 1
body 1
body 1
body 1
body 1
body 1
bonnet 1
bosom 1
bosom 1
bound 1
bound 1
bound 1
bound 1
bound 1
bound 1
bound 1
bound 1
bound 1
bound 1
bound 1
bound 1
bound 1
bound 1
bound 1
bound 1
bowl 1
bowl 1
bowl 1
bowl 1
bowl 1
bring 1
bring 1
bring 1
bring 1
bring 1
bring 1
bring 1
bring 1
bring 1
bring 1
bring 1
bring 1
bring 1
bring 1
bring 1
bring 1
bring 1
bring 1
bring 1
bring 1
bring 1
bring 1
bring 1
bring 1
bring 1
bring 1
bring 1
bring 1
bring 1
bring 1
bring 1
bring 1
bring 1
bring 1
bring 1
bring 1
bring 1
bring 1
bring 1
bring 1
bring 1
bring 1
bring 1
bring 1
bring 1
bring 1
bring 1
bring 1
bring 1
bring 1
bring 1
bring 1
bring 1
bring 1
bring 1
bring 1
bring 1
bring 1
bring 1
bring 1
bring 1
bring 1
bring 1
bring 1
bring 1
bring 1
bring 1
bring 1
bring 1
bring 1
bring 1
bring 1
bringing 1
bringing 1
brood 1
brood 1
brother 1
brother 1
brother 1
brother 1
brother 1
brother 1
brother 1
brother 1
brother 1
brother 1
brother 1
brother 1
brother 1
brother 1
brother 1
brother 1
brother 1
brother 1
brother 1
brother 1
brother 1
brother 1
brother 1
brother 1
brother 1
brother 1
brother 1
brother 1
brother 1
brother 1
brother 1
brother 1
brother 1
brother 1
brother 1
brother 1
brother 1
brother 1
brother 1
brother 1
brushes 1
brute 1
bundle 1
bundle 1
bung 1
bung 1
burden 1
burden 1
buyers 1
cake 1
cake 1
cake 1
cake 1
cake 1
cake 1
cake 1
cake 1
cake 1
cake 1
cake 1
cake 1
cake 1
cake 1
calculated 1
calendar 1
capered 1
captain 1
careful 1
careful 1
carried 1
carried 1
carried 1
carried 1
carried 1
carried 1
carried 1
carried 1
carried 1
carried 1
carried 1
carried 1
carried 1
carried 1
carried 1
carried 1
carried 1
carried 1
carried 1
carried 1
carried 1
carried 1
carried 1
carried 1
carried 1
carried 1
carried 1
carried 1
carried 1
carried 1
carried 1
carried 1
carried 1
carried 1
carried 1
carried 1
carried 1
carried 1
carried 1
carried 1
carried 1
carried 1
carried 1
chairs 1
chairs 1
chairs 1
charge 1
charge 1
charge 1
charge 1
charge 1
charge 1
charge 1
chase 1
chat 1
chat 1
cheeses 1
cheeses 1
choked 1
choked 1
choked 1
choked 1
choked 1
chop 1
chop 1
christening 1
christening 1
christening 1
christening 1
circled 1
clad 1
claws 1
clerks 1
cleverness 1
cleverness 1
clogs 1
clothes 1
clothes 1
clothes 1
clothes 1
clothes 1
clothes 1
clothes 1
clothes 1
clothes 1
clothes 1
clothes 1
clothes 1
clothes 1
clothes 1
clothes 1
clothes 1
clothes 1
clothes 1
clothes 1
clothes 1
clothes 1
clothes 1
clothes 1
clothes 1
clothes 1
clothes 1
clothes 1
clothes 1
clothes 1
clothes 1
clouds 1
clouds 1
clouds 1
club 1
clutched 1
clutched 1
colour 1
combs 1
commanded 1
commanded 1
commander 1
companion 1
companion 1
companion 1
companion 1
companion 1
complained 1
complained 1
complained 1
comrades 1
comrades 1
comrades 1
concerning 1
concerning 1
confidential 1
conquered 1
consumed 1
costs 1
costs 1
countries 1
countries 1
countryman 1
countryman 1
countryman 1
countryman 1
countryman 1
countryman 1
countryman 1
countryman 1
countryman 1
countryman 1
countryman 1
countryman 1
countryman 1
counts 1
counts 1
covered 1
covered 1
covered 1
covered 1
covered 1
covered 1
covered 1
covered 1
covered 1
covered 1
coward 1
craft 1
craft 1
craft 1
craft 1
craft 1
crawled 1
crawled 1
crawled 1
crawled 1
created 1
created 1
creatures 1
creatures 1
creatures 1
crosses 1
crows 1
crumbled 1
cupboard 1
cupboard 1
cupboard 1
curious 1
curious 1
curling 1
curling 1
curling 1
cut 1
cut 1
cut 1
cut 1
cut 1
cut 1
cut 1
cut 1
cut 1
cut 1
cut 1
cut 1
cut 1
cut 1
cut 1
cut 1
cut 1
cut 1
cut 1
cut 1
cut 1
cut 1
cut 1
cut 1
cut 1
cut 1
cut 1
cut 1
cut 1
cut 1
cut 1
cut 1
cut 1
cut 1
cut 1
cut 1
cut 1
cut 1
cut 1
cut 1
cut 1
cut 1
cut 1
cut 1
cut 1
cut 1
cut 1
cut 1
cut 1
cut 1
cut 1
cut 1
cut 1
cut 1
cut 1
cut 1
cut 1
cut 1
cut 1
cut 1
cut 1
cut 1
cut 1
cut 1
cut 1
cut 1
cut 1
cut 1
cut 1
cut 1
cut 1
cut 1
cut 1
cut 1
cut 1
cut 1
damages 1
damages 1
dancing 1
dancing 1
dancing 1
dancing 1
dancing 1
dancing 1
dancing 1
dancing 1
dancing 1
dancing 1
dancing 1
dancing 1
dancing 1
dancing 1
dancing 1
dancing 1
dangling 1
dangling 1
dash 1
decree 1
deed 1
deed 1
deep 1
deep 1
deep 1
deep 1
deep 1
deep 1
deep 1
deep 1
deep 1
deep 1
deep 1
deep 1
deep 1
deep 1
deep 1
deep 1
deep 1
deep 1
deepest 1
deepest 1
delightful 1
delightful 1
delightful 1
delivered 1
dirtiest 1
disclaimers 1
dismal 1
dog 1
dog 1
dog 1
dog 1
dog 1
dog 1
dog 1
dog 1
dog 1
dog 1
dog 1
dog 1
dog 1
dog 1
dog 1
dog 1
dog 1
dog 1
dog 1
dog 1
dog 1
dog 1
dog 1
dog 1
dog 1
dog 1
dog 1
dog 1
dog 1
dog 1
dog 1
dog 1
dog 1
dog 1
dog 1
dog 1
dog 1
dog 1
dog 1
dog 1
dolefully 1
downloading 1
drain 1
drain 1
dreams 1
drive 1
drive 1
drive 1
drive 1
drive 1
drive 1
drive 1
drown 1
drown 1
ducats 1
ducats 1
dumb 1
dungeon 1
dungeon 1
dusky 1
earn 1
earn 1
earn 1
earn 1
earn 1
earn 1
earn 1
earn 1
earn 1
earn 1
earn 1
effort 1
effort 1
eggshells 1
elbows 1
electronic 1
electronic 1
electronic 1
electronic 1
electronic 1
electronic 1
electronic 1
electronic 1
electronic 1
electronic 1
electronic 1
electronic 1
electronic 1
electronic 1
electronic 1
electronic 1
electronic 1
electronic 1
electronic 1
electronic 1
electronic 1
electronic 1
electronic 1
electronic 1
electronic 1
electronic 1
electronic 1
ells 1
ended 1
ended 1
endless 1
enemies 1
enemies 1
enemy 1
enemy 1
enemy 1
enemy 1
enemy 1
enemy 1
enemy 1
enemy 1
enemy 1
enter 1
enter 1
enter 1
enter 1
equipment 1
equipment 1
equipment 1
errand 1
exclaimed 1
exclusion 1
expense 1
fairest 1
fairest 1
fairest 1
fairest 1
fairest 1
fairest 1
fairest 1
faithfully 1
faithfully 1
faithfully 1
fallen 1
fallen 1
fallen 1
fallen 1
fallen 1
fallen 1
fallen 1
fallen 1
fallen 1
fallen 1
fallen 1
fallen 1
fallen 1
fallen 1
fallen 1
fallen 1
fallen 1
fanned 1
fastened 1
fastened 1
fastened 1
fastened 1
fastest 1
fatten 1
feet 1
feet 1
feet 1
feet 1
feet 1
feet 1
feet 1
feet 1
feet 1
feet 1
feet 1
feet 1
feet 1
feet 1
feet 1
feet 1
feet 1
feet 1
feet 1
feet 1
feet 1
feet 1
feet 1
felled 1
felled 1
felled 1
fetch 1
fetch 1
fetch 1
fetch 1
fetch 1
fetch 1
fetch 1
fetch 1
fetch 1
fetch 1
fetch 1
fetch 1
fetch 1
fetch 1
fetch 1
fetch 1
fetch 1
fetch 1
fetch 1
fetch 1
fetch 1
fetch 1
fetch 1
fetch 1
fetch 1
fetch 1
fetch 1
fetching 1
fetching 1
field 1
field 1
field 1
field 1
field 1
field 1
field 1
field 1
field 1
field 1
field 1
field 1
field 1
fight 1
fight 1
fight 1
fire 1
fire 1
fire 1
fire 1
fire 1
fire 1
fire 1
fire 1
fire 1
fire 1
fire 1
fire 1
fire 1
fire 1
fire 1
fire 1
fire 1
fire 1
fire 1
fire 1
fire 1
fire 1
fire 1
fire 1
fire 1
fire 1
fire 1
fire 1
fire 1
fire 1
fire 1
fire 1
fire 1
fire 1
fire 1
fire 1
fire 1
fire 1
fire 1
fire 1
fire 1
fire 1
fire 1
fire 1
fire 1
fire 1
fire 1
fire 1
fire 1
fire 1
fire 1
fire 1
fire 1
fire 1
fire 1
fire 1
fire 1
fire 1
fire 1
fire 1
fire 1
fire 1
fire 1
fire 1
fire 1
fire 1
fire 1
fire 1
fire 1
fire 1
flakes 1
fleecy 1
flew 1
flew 1
flew 1
flew 1
flew 1
flew 1
flew 1
flew 1
flew 1
flew 1
flew 1
flew 1
flew 1
flew 1
flew 1
flew 1
flew 1
flew 1
flew 1
flew 1
flew 1
flew 1
flew 1
flew 1
flew 1
flew 1
flew 1
flew 1
flew 1
flew 1
flew 1
flew 1
flew 1
flew 1
flew 1
flew 1
flew 1
flew 1
flew 1
flew 1
flew 1
flew 1
flew 1
flew 1
flew 1
flew 1
flew 1
flew 1
flew 1
flew 1
flew 1
flew 1
flew 1
flew 1
flew 1
flew 1
flew 1
flew 1
flew 1
flew 1
flew 1
flight 1
flight 1
flocks 1
followed 1
followed 1
followed 1
followed 1
followed 1
followed 1
followed 1
followed 1
followed 1
followed 1
followed 1
followed 1
followed 1
followed 1
followed 1
followed 1
followed 1
followed 1
followed 1
followed 1
followed 1
followed 1
followed 1
followed 1
followed 1
followed 1
fool 1
fool 1
fool 1
fool 1
fork 1
fork 1
fortress 1
foul 1
fountain 1
fountain 1
fountain 1
fowl 1
fowl 1
fowl 1
freed 1
freed 1
freed 1
fresh 1
fresh 1
fresh 1
fresh 1
fresh 1
fresh 1
friendship 1
fully 1
fully 1
fully 1
fundraising 1
gallery 1
gaping 1
gaping 1
gates 1
gates 1
gateway 1
gateway 1
gathered 1
gathered 1
gathered 1
gathered 1
gathered 1
gathered 1
gathered 1
gathered 1
gathered 1
gathered 1
gathered 1
gathered 1
gathered 1
gbnewby 1
glass 1
glass 1
glass 1
glass 1
glass 1
glass 1
glass 1
glass 1
glass 1
glass 1
glass 1
glass 1
glass 1
glass 1
glass 1
glass 1
glass 1
glass 1
glass 1
glass 1
glass 1
glass 1
glass 1
glass 1
glass 1
glass 1
glass 1
glass 1
glass 1
glass 1
glass 1
glass 1
glass 1
glass 1
glass 1
glass 1
glasses 1
glasses 1
glasses 1
glasses 1
glasses 1
glittered 1
glittered 1
glittered 1
glittered 1
glittered 1
glittered 1
gnat 1
gnat 1
got 1
got 1
got 1
got 1
got 1
got 1
got 1
got 1
got 1
got 1
got 1
got 1
got 1
got 1
got 1
got 1
got 1
got 1
got 1
got 1
got 1
got 1
got 1
got 1
got 1
got 1
got 1
got 1
got 1
got 1
got 1
got 1
got 1
got 1
got 1
got 1
got 1
got 1
got 1
got 1
got 1
got 1
got 1
got 1
got 1
got 1
got 1
got 1
got 1
got 1
got 1
got 1
got 1
got 1
got 1
got 1
got 1
got 1
got 1
got 1
got 1
got 1
got 1
got 1
got 1
got 1
got 1
got 1
got 1
got 1
got 1
got 1
got 1
got 1
got 1
got 1
got 1
got 1
got 1
got 1
got 1
got 1
got 1
got 1
got 1
got 1
got 1
got 1
got 1
got 1
got 1
got 1
got 1
got 1
got 1
got 1
got 1
got 1
got 1
got 1
got 1
got 1
got 1
got 1
got 1
got 1
got 1
got 1
got 1
grace 1
graciously 1
grandfather 1
grandfather 1
grandfather 1
grasped 1
grateful 1
gravely 1
greater 1
greater 1
greater 1
greater 1
greatly 1
greatly 1
greatly 1
greatly 1
greatly 1
greatly 1
greatly 1
greatly 1
greatly 1
growled 1
growled 1
grows 1
grows 1
grows 1
grows 1
guards 1
guards 1
guards 1
guards 1
guards 1
guards 1
guards 1
hair 1
hair 1
hair 1
hair 1
hair 1
hair 1
hair 1
hair 1
hair 1
hair 1
hair 1
hair 1
hair 1
hair 1
hair 1
hair 1
hair 1
hair 1
hair 1
hair 1
hair 1
hair 1
hair 1
hair 1
hair 1
hair 1
hair 1
hair 1
hair 1
hair 1
hair 1
hair 1
hair 1
hair 1
hair 1
hair 1
hair 1
hair 1
hair 1
hair 1
hair 1
hair 1
hair 1
hair 1
hair 1
hair 1
hair 1
hair 1
hair 1
hair 1
hair 1
hair 1
hair 1
hair 1
hair 1
hair 1
ham 1
hampered 1
hands 1
hands 1
hands 1
hands 1
hands 1
hands 1
hands 1
hands 1
hands 1
hands 1
hands 1
hands 1
hands 1
hands 1
hands 1
hands 1
hands 1
hands 1
hands 1
hands 1
hands 1
hands 1
hands 1
hands 1
hands 1
handsomely 1
happen 1
happen 1
happen 1
happen 1
happen 1
happen 1
happen 1
happiest 1
harness 1
harness 1
harness 1
health 1
health 1
health 1
health 1
heel 1
heel 1
hinges 1
his 1
his 1
his 1
his 1
his 1
his 1
his 1
his 1
his 1
his 1
his 1
his 1
his 1
his 1
his 1
his 1
his 1
his 1
his 1
his 1
his 1
his 1
his 1
his 1
his 1
his 1
his 1
his 1
his 1
his 1
his 1
his 1
his 1
his 1
his 1
his 1
his 1
his 1
his 1
his 1
his 1
his 1
his 1
his 1
his 1
his 1
his 1
his 1
his 1
his 1
his 1
his 1
his 1
his 1
his 1
his 1
his 1
his 1
his 1
his 1
his 1
his 1
his 1
his 1
his 1
his 1
his 1
his 1
his 1
his 1
his 1
his 1
his 1
his 1
his 1
his 1
his 1
his 1
his 1
his 1
his 1
his 1
his 1
his 1
his 1
his 1
his 1
his 1
his 1
his 1
his 1
his 1
his 1
his 1
his 1
his 1
his 1
his 1
his 1
his 1
his 1
his 1
his 1
his 1
his 1
his 1
his 1
his 1
his 1
his 1
his 1
his 1
his 1
his 1
his 1
his 1
his 1
his 1
his 1
his 1
his 1
his 1
his 1
his 1
his 1
his 1
his 1
his 1
his 1
his 1
his 1
his 1
his 1
his 1
his 1
his 1
his 1
his 1
his 1
his 1
his 1
his 1
his 1
his 1
his 1
his 1
his 1
his 1
his 1
his 1
his 1
his 1
his 1
his 1
his 1
his 1
his 1
his 1
his 1
his 1
his 1
his 1
his 1
his 1
his 1
his 1
his 1
his 1
his 1
his 1
his 1
his 1
his 1
his 1
his 1
his 1
his 1
his 1
his 1
his 1
his 1
his 1
his 1
his 1
his 1
his 1
his 1
his 1
his 1
his 1
his 1
his 1
his 1
his 1
his 1
his 1
his 1
his 1
his 1
his 1
his 1
his 1
his 1
his 1
his 1
his 1
his 1
his 1
his 1
his 1
his 1
his 1
his 1
his 1
his 1
his 1
his 1
his 1
his 1
his 1
his 1
his 1
his 1
his 1
his 1
his 1
his 1
his 1
his 1
his 1
his 1
his 1
his 1
his 1
his 1
his 1
his 1
his 1
his 1
his 1
his 1
his 1
his 1
his 1
his 1
his 1
his 1
his 1
his 1
his 1
his 1
his 1
his 1
his 1
his 1
his 1
his 1
his 1
his 1
his 1
his 1
his 1
his 1
his 1
his 1
his 1
his 1
his 1
his 1
his 1
his 1
his 1
his 1
his 1
his 1
his 1
his 1
his 1
his 1
his 1
his 1
his 1
his 1
his 1
his 1
his 1
his 1
his 1
his 1
his 1
his 1
his 1
his 1
his 1
his 1
his 1
his 1
his 1
his 1
his 1
his 1
his 1
his 1
his 1
his 1
his 1
his 1
his 1
his 1
his 1
his 1
his 1
his 1
his 1
his 1
his 1
his 1
his 1
his 1
his 1
his 1
his 1
his 1
his 1
his 1
his 1
his 1
his 1
his 1
his 1
his 1
his 1
his 1
his 1
his 1
his 1
his 1
his 1
his 1
his 1
his 1
his 1
his 1
his 1
his 1
his 1
his 1
his 1
his 1
his 1
his 1
his 1
his 1
his 1
his 1
his 1
his 1
his 1
his 1
his 1
his 1
his 1
his 1
his 1
his 1
his 1
his 1
his 1
his 1
his 1
his 1
his 1
his 1
his 1
his 1
his 1
his 1
his 1
his 1
his 1
his 1
his 1
his 1
his 1
his 1
his 1
his 1
his 1
his 1
his 1
his 1
his 1
his 1
his 1
his 1
his 1
his 1
his 1
his 1
his 1
his 1
his 1
his 1
his 1
his 1
his 1
his 1
his 1
his 1
his 1
his 1
his 1
his 1
his 1
his 1
his 1
his 1
his 1
his 1
his 1
his 1
his 1
his 1
his 1
his 1
his 1
his 1
his 1
his 1
his 1
his 1
his 1
his 1
his 1
his 1
his 1
his 1
his 1
his 1
his 1
his 1
his 1
his 1
his 1
his 1
his 1
his 1
his 1
his 1
his 1
his 1
his 1
his 1
his 1
his 1
his 1
his 1
his 1
his 1
his 1
his 1
his 1
his 1
his 1
his 1
his 1
his 1
his 1
his 1
his 1
his 1
his 1
his 1
his 1
his 1
his 1
his 1
his 1
his 1
his 1
his 1
his 1
his 1
his 1
his 1
his 1
his 1
his 1
his 1
his 1
his 1
his 1
his 1
his 1
his 1
his 1
his 1
his 1
his 1
his 1
his 1
his 1
his 1
his 1
his 1
his 1
his 1
his 1
his 1
his 1
his 1
his 1
his 1
his 1
his 1
his 1
his 1
his 1
his 1
his 1
his 1
his 1
his 1
his 1
his 1
his 1
his 1
his 1
his 1
his 1
his 1
his 1
his 1
his 1
his 1
his 1
his 1
his 1
his 1
his 1
his 1
his 1
his 1
his 1
his 1
his 1
his 1
his 1
his 1
his 1
his 1
his 1
his 1
his 1
his 1
his 1
his 1
his 1
his 1
his 1
his 1
his 1
his 1
his 1
his 1
his 1
his 1
his 1
his 1
his 1
his 1
his 1
his 1
his 1
his 1
his 1
his 1
his 1
his 1
his 1
his 1
his 1
his 1
his 1
his 1
his 1
his 1
his 1
his 1
his 1
his 1
his 1
his 1
his 1
his 1
his 1
his 1
his 1
his 1
his 1
his 1
his 1
his 1
his 1
his 1
his 1
his 1
his 1
his 1
his 1
his 1
his 1
his 1
his 1
his 1
his 1
his 1
his 1
his 1
his 1
his 1
his 1
his 1
his 1
his 1
his 1
his 1
his 1
his 1
his 1
his 1
his 1
his 1
his 1
his 1
his 1
his 1
his 1
his 1
his 1
his 1
his 1
his 1
his 1
his 1
his 1
his 1
his 1
his 1
his 1
his 1
his 1
his 1
his 1
his 1
his 1
his 1
his 1
his 1
his 1
his 1
his 1
his 1
his 1
his 1
his 1
his 1
his 1
his 1
his 1
his 1
his 1
his 1
his 1
his 1
his 1
his 1
his 1
his 1
his 1
his 1
his 1
his 1
his 1
his 1
his 1
his 1
his 1
his 1
his 1
his 1
his 1
his 1
his 1
his 1
his 1
his 1
his 1
his 1
his 1
his 1
his 1
his 1
his 1
his 1
his 1
his 1
his 1
his 1
his 1
his 1
his 1
his 1
his 1
his 1
his 1
his 1
his 1
his 1
his 1
his 1
his 1
his 1
his 1
his 1
his 1
his 1
his 1
his 1
his 1
his 1
his 1
his 1
his 1
his 1
his 1
his 1
his 1
his 1
his 1
his 1
his 1
his 1
his 1
his 1
his 1
his 1
his 1
his 1
his 1
his 1
his 1
his 1
his 1
his 1
his 1
his 1
his 1
his 1
his 1
his 1
his 1
his 1
his 1
his 1
his 1
his 1
his 1
his 1
his 1
his 1
his 1
his 1
his 1
his 1
his 1
his 1
his 1
his 1
his 1
his 1
his 1
his 1
his 1
his 1
his 1
his 1
his 1
his 1
his 1
his 1
his 1
his 1
his 1
his 1
his 1
his 1
his 1
his 1
his 1
his 1
his 1
his 1
his 1
his 1
his 1
his 1
his 1
his 1
his 1
his 1
his 1
his 1
his 1
his 1
his 1
his 1
his 1
his 1
his 1
his 1
his 1
his 1
his 1
his 1
his 1
his 1
his 1
his 1
his 1
his 1
his 1
his 1
his 1
his 1
his 1
his 1
his 1
his 1
his 1
his 1
his 1
his 1
his 1
his 1
his 1
his 1
his 1
his 1
his 1
his 1
his 1
his 1
his 1
his 1
his 1
his 1
his 1
his 1
his 1
his 1
his 1
his 1
his 1
his 1
his 1
his 1
his 1
his 1
his 1
his 1
his 1
his 1
his 1
his 1
his 1
his 1
his 1
his 1
his 1
his 1
his 1
his 1
his 1
his 1
his 1
his 1
his 1
his 1
his 1
his 1
his 1
his 1
his 1
his 1
his 1
his 1
his 1
his 1
his 1
his 1
his 1
his 1
his 1
his 1
his 1
his 1
his 1
his 1
his 1
his 1
his 1
his 1
his 1
his 1
his 1
his 1
his 1
his 1
his 1
his 1
his 1
his 1
his 1
his 1
his 1
his 1
his 1
his 1
his 1
his 1
his 1
his 1
his 1
his 1
his 1
his 1
his 1
his 1
his 1
his 1
his 1
his 1
his 1
his 1
his 1
his 1
his 1
his 1
his 1
his 1
his 1
his 1
his 1
his 1
his 1
his 1
his 1
his 1
his 1
his 1
his 1
his 1
his 1
his 1
his 1
his 1
his 1
his 1
his 1
his 1
his 1
his 1
his 1
his 1
his 1
his 1
his 1
his 1
his 1
his 1
his 1
his 1
his 1
his 1
his 1
his 1
his 1
his 1
his 1
his 1
his 1
his 1
his 1
his 1
his 1
his 1
his 1
his 1
his 1
his 1
his 1
his 1
his 1
his 1
his 1
his 1
his 1
his 1
his 1
his 1
his 1
his 1
his 1
his 1
his 1
his 1
his 1
his 1
history 1
hoarse 1
hole 1
hole 1
hole 1
hole 1
hole 1
hole 1
hole 1
hole 1
hole 1
hole 1
hole 1
hole 1
hole 1
hole 1
hole 1
hole 1
hole 1
homewards 1
homewards 1
homewards 1
homewards 1
homewards 1
homewards 1
homewards 1
horns 1
horrid 1
how 1
how 1
how 1
how 1
how 1
how 1
how 1
how 1
how 1
how 1
how 1
how 1
how 1
how 1
how 1
how 1
how 1
how 1
how 1
how 1
how 1
how 1
how 1
how 1
how 1
how 1
how 1
how 1
how 1
how 1
how 1
how 1
how 1
how 1
how 1
how 1
how 1
how 1
how 1
how 1
how 1
how 1
how 1
how 1
how 1
how 1
how 1
how 1
how 1
how 1
how 1
how 1
how 1
how 1
how 1
how 1
how 1
how 1
how 1
how 1
how 1
how 1
how 1
how 1
how 1
how 1
how 1
how 1
how 1
how 1
how 1
how 1
how 1
how 1
how 1
how 1
how 1
how 1
how 1
how 1
how 1
how 1
how 1
how 1
how 1
how 1
how 1
how 1
how 1
how 1
how 1
how 1
how 1
how 1
how 1
how 1
how 1
how 1
how 1
how 1
how 1
how 1
how 1
how 1
how 1
how 1
how 1
how 1
how 1
how 1
how 1
how 1
how 1
how 1
how 1
how 1
how 1
how 1
how 1
how 1
how 1
how 1
how 1
how 1
how 1
how 1
how 1
how 1
how 1
how 1
how 1
how 1
how 1
how 1
how 1
how 1
how 1
how 1
how 1
how 1
how 1
how 1
how 1
how 1
how 1
how 1
how 1
how 1
howsoever 1
hung 1
hung 1
hung 1
hung 1
hung 1
hung 1
hung 1
hung 1
hung 1
hung 1
hung 1
hung 1
hung 1
hung 1
included 1
included 1
included 1
informed 1
informed 1
informed 1
innocence 1
innocence 1
into 1
into 1
into 1
into 1
into 1
into 1
into 1
into 1
into 1
into 1
into 1
into 1
into 1
into 1
into 1
into 1
into 1
into 1
into 1
into 1
into 1
into 1
into 1
into 1
into 1
into 1
into 1
into 1
into 1
into 1
into 1
into 1
into 1
into 1
into 1
into 1
into 1
into 1
into 1
into 1
into 1
into 1
into 1
into 1
into 1
into 1
into 1
into 1
into 1
into 1
into 1
into 1
into 1
into 1
into 1
into 1
into 1
into 1
into 1
into 1
into 1
into 1
into 1
into 1
into 1
into 1
into 1
into 1
into 1
into 1
into 1
into 1
into 1
into 1
into 1
into 1
into 1
into 1
into 1
into 1
into 1
into 1
into 1
into 1
into 1
into 1
into 1
into 1
into 1
into 1
into 1
into 1
into 1
into 1
into 1
into 1
into 1
into 1
into 1
into 1
into 1
into 1
into 1
into 1
into 1
into 1
into 1
into 1
into 1
into 1
into 1
into 1
into 1
into 1
into 1
into 1
into 1
into 1
into 1
into 1
into 1
into 1
into 1
into 1
into 1
into 1
into 1
into 1
into 1
into 1
into 1
into 1
into 1
into 1
into 1
into 1
into 1
into 1
into 1
into 1
into 1
into 1
into 1
into 1
into 1
into 1
into 1
into 1
into 1
into 1
into 1
into 1
into 1
into 1
into 1
into 1
into 1
into 1
into 1
into 1
into 1
into 1
into 1
into 1
into 1
into 1
into 1
into 1
into 1
into 1
into 1
into 1
into 1
into 1
into 1
into 1
into 1
into 1
into 1
into 1
into 1
into 1
into 1
into 1
into 1
into 1
into 1
into 1
into 1
into 1
into 1
into 1
into 1
into 1
into 1
into 1
into 1
into 1
into 1
into 1
into 1
into 1
into 1
into 1
into 1
into 1
into 1
into 1
into 1
into 1
into 1
into 1
into 1
into 1
into 1
into 1
into 1
into 1
into 1
into 1
into 1
into 1
into 1
into 1
into 1
into 1
into 1
into 1
into 1
into 1
into 1
into 1
into 1
into 1
into 1
into 1
into 1
into 1
into 1
into 1
into 1
into 1
into 1
into 1
into 1
into 1
into 1
into 1
into 1
into 1
into 1
into 1
into 1
into 1
into 1
into 1
into 1
into 1
into 1
into 1
into 1
into 1
into 1
into 1
into 1
into 1
into 1
into 1
into 1
into 1
into 1
into 1
into 1
into 1
into 1
into 1
into 1
into 1
into 1
into 1
into 1
into 1
into 1
into 1
into 1
into 1
into 1
into 1
into 1
into 1
into 1
into 1
into 1
into 1
into 1
into 1
into 1
into 1
into 1
into 1
into 1
into 1
into 1
into 1
into 1
into 1
into 1
into 1
into 1
into 1
into 1
into 1
into 1
into 1
into 1
into 1
into 1
into 1
into 1
into 1
into 1
into 1
into 1
into 1
into 1
into 1
into 1
into 1
into 1
into 1
into 1
into 1
into 1
into 1
into 1
into 1
into 1
into 1
into 1
into 1
into 1
into 1
into 1
into 1
into 1
into 1
into 1
into 1
into 1
into 1
into 1
into 1
into 1
into 1
into 1
into 1
into 1
into 1
into 1
into 1
into 1
into 1
into 1
into 1
into 1
into 1
into 1
into 1
into 1
into 1
into 1
into 1
into 1
into 1
into 1
into 1
into 1
into 1
into 1
into 1
into 1
into 1
into 1
into 1
into 1
into 1
into 1
into 1
into 1
into 1
into 1
into 1
into 1
into 1
into 1
into 1
into 1
into 1
into 1
into 1
into 1
into 1
into 1
into 1
into 1
into 1
into 1
into 1
into 1
into 1
into 1
into 1
into 1
into 1
into 1
into 1
into 1
into 1
into 1
into 1
into 1
into 1
into 1
into 1
into 1
into 1
into 1
into 1
into 1
into 1
into 1
into 1
into 1
into 1
into 1
into 1
into 1
into 1
into 1
into 1
into 1
into 1
into 1
into 1
into 1
into 1
into 1
into 1
into 1
into 1
into 1
into 1
into 1
into 1
into 1
into 1
into 1
into 1
into 1
into 1
into 1
into 1
into 1
into 1
into 1
into 1
into 1
into 1
into 1
into 1
into 1
into 1
into 1
into 1
into 1
into 1
into 1
into 1
into 1
into 1
jewels 1
jewels 1
jewels 1
jewels 1
jewels 1
jewels 1
jewels 1
journey 1
journey 1
journey 1
journey 1
journey 1
journey 1
journey 1
journey 1
journey 1
journey 1
journey 1
journey 1
journey 1
journey 1
journey 1
journey 1
journey 1
journey 1
journey 1
joyously 1
joyously 1
jumping 1
jumping 1
jumping 1
jumping 1
jumping 1
kingdoms 1
knit 1
lads 1
laid 1
laid 1
laid 1
laid 1
laid 1
laid 1
laid 1
laid 1
laid 1
laid 1
laid 1
laid 1
laid 1
laid 1
laid 1
laid 1
laid 1
laid 1
laid 1
laid 1
laid 1
laid 1
laid 1
laid 1
laid 1
laid 1
laid 1
laid 1
laid 1
laid 1
laid 1
laid 1
laid 1
laid 1
laid 1
laid 1
laid 1
laid 1
laid 1
laid 1
laid 1
laid 1
laid 1
laid 1
laid 1
laid 1
laid 1
laid 1
laid 1
laid 1
laid 1
laid 1
laid 1
laid 1
laid 1
laid 1
laid 1
laid 1
laid 1
laid 1
laid 1
laid 1
laid 1
laid 1
laid 1
lain 1
lain 1
lair 1
lair 1
lair 1
lamb 1
lamb 1
lamb 1
lamb 1
lamented 1
later 1
later 1
later 1
latter 1
latter 1
latter 1
laying 1
laying 1
leant 1
leapt 1
leapt 1
leapt 1
leapt 1
leapt 1
leapt 1
leapt 1
lest 1
lest 1
lest 1
lest 1
likely 1
likely 1
likely 1
likely 1
likely 1
likes 1
likes 1
likes 1
likes 1
linen 1
lips 1
lips 1
lips 1
lips 1
lips 1
lips 1
lips 1
lips 1
lips 1
lips 1
lips 1
lips 1
little 1
little 1
little 1
little 1
little 1
little 1
little 1
little 1
little 1
little 1
little 1
little 1
little 1
little 1
little 1
little 1
little 1
little 1
little 1
little 1
little 1
little 1
little 1
little 1
little 1
little 1
little 1
little 1
little 1
little 1
little 1
little 1
little 1
little 1
little 1
little 1
little 1
little 1
little 1
little 1
little 1
little 1
little 1
little 1
little 1
little 1
little 1
little 1
little 1
little 1
little 1
little 1
little 1
little 1
little 1
little 1
little 1
little 1
little 1
little 1
little 1
little 1
little 1
little 1
little 1
little 1
little 1
little 1
little 1
little 1
little 1
little 1
little 1
little 1
little 1
little 1
little 1
little 1
little 1
little 1
little 1
little 1
little 1
little 1
little 1
little 1
little 1
little 1
little 1
little 1
little 1
little 1
little 1
little 1
little 1
little 1
little 1
little 1
little 1
little 1
little 1
little 1
little 1
little 1
little 1
little 1
little 1
little 1
little 1
little 1
little 1
little 1
little 1
little 1
little 1
little 1
little 1
little 1
little 1
little 1
little 1
little 1
little 1
little 1
little 1
little 1
little 1
little 1
little 1
little 1
little 1
little 1
little 1
little 1
little 1
little 1
little 1
little 1
little 1
little 1
little 1
little 1
little 1
little 1
little 1
little 1
little 1
little 1
little 1
little 1
little 1
little 1
little 1
little 1
little 1
little 1
little 1
little 1
little 1
little 1
little 1
little 1
little 1
little 1
little 1
little 1
little 1
little 1
little 1
little 1
little 1
little 1
little 1
little 1
little 1
little 1
little 1
little 1
little 1
little 1
little 1
little 1
little 1
little 1
little 1
little 1
little 1
little 1
little 1
little 1
little 1
little 1
little 1
little 1
little 1
little 1
little 1
little 1
little 1
little 1
little 1
little 1
little 1
little 1
little 1
little 1
little 1
little 1
little 1
little 1
little 1
little 1
little 1
little 1
little 1
little 1
little 1
little 1
little 1
little 1
little 1
little 1
little 1
little 1
little 1
little 1
little 1
little 1
little 1
little 1
little 1
little 1
little 1
little 1
little 1
little 1
little 1
little 1
little 1
little 1
little 1
little 1
little 1
little 1
little 1
little 1
little 1
little 1
little 1
little 1
little 1
little 1
little 1
little 1
little 1
little 1
little 1
little 1
little 1
little 1
little 1
little 1
little 1
little 1
little 1
little 1
little 1
little 1
little 1
little 1
little 1
little 1
little 1
little 1
little 1
little 1
little 1
little 1
little 1
little 1
little 1
little 1
little 1
little 1
little 1
little 1
little 1
little 1
little 1
little 1
little 1
little 1
little 1
little 1
little 1
little 1
little 1
little 1
little 1
little 1
little 1
little 1
little 1
little 1
little 1
little 1
little 1
little 1
little 1
little 1
little 1
little 1
little 1
little 1
little 1
little 1
little 1
little 1
little 1
little 1
little 1
little 1
little 1
little 1
little 1
little 1
little 1
little 1
little 1
little 1
little 1
little 1
little 1
little 1
little 1
little 1
little 1
little 1
little 1
little 1
little 1
little 1
little 1
little 1
little 1
little 1
little 1
little 1
little 1
little 1
little 1
little 1
little 1
little 1
little 1
little 1
little 1
little 1
little 1
little 1
little 1
little 1
little 1
little 1
little 1
little 1
little 1
little 1
little 1
little 1
little 1
lived 1
lived 1
lived 1
lived 1
lived 1
lived 1
lived 1
lived 1
lived 1
lived 1
lived 1
lived 1
lived 1
lived 1
lived 1
lived 1
lived 1
lived 1
lived 1
lived 1
lived 1
lived 1
lived 1
lived 1
lived 1
lived 1
lived 1
lived 1
lived 1
lived 1
lived 1
lived 1
lived 1
lived 1
lived 1
lived 1
lived 1
lived 1
lived 1
lived 1
lived 1
lived 1
lived 1
lived 1
lived 1
lived 1
lived 1
lived 1
lodging 1
lodging 1
lodging 1
lodging 1
lodging 1
lost 1
lost 1
lost 1
lost 1
lost 1
lost 1
lost 1
lost 1
lost 1
lost 1
lost 1
lost 1
lost 1
lost 1
lost 1
lost 1
lost 1
lost 1
lost 1
lost 1
lost 1
lost 1
lost 1
lost 1
lost 1
lost 1
lost 1
lost 1
lost 1
lost 1
lost 1
lots 1
love 1
love 1
love 1
love 1
love 1
love 1
love 1
love 1
love 1
love 1
love 1
love 1
love 1
love 1
love 1
love 1
love 1
magnificently 1
magnificently 1
managing 1
marked 1
marked 1
marked 1
marked 1
marked 1
marriage 1
marriage 1
marriage 1
marriage 1
marriage 1
marriage 1
marriage 1
marriage 1
marriage 1
mass 1
mass 1
mass 1
mat 1
matters 1
matters 1
mayor 1
mayor 1
mayor 1
mayor 1
mayor 1
mayor 1
mayor 1
mayor 1
mayor 1
mayor 1
mayor 1
me 1
me 1
me 1
me 1
me 1
me 1
me 1
me 1
me 1
me 1
me 1
me 1
me 1
me 1
me 1
me 1
me 1
me 1
me 1
me 1
me 1
me 1
me 1
me 1
me 1
me 1
me 1
me 1
me 1
me 1
me 1
me 1
me 1
me 1
me 1
me 1
me 1
me 1
me 1
me 1
me 1
me 1
me 1
me 1
me 1
me 1
me 1
me 1
me 1
me 1
me 1
me 1
me 1
me 1
me 1
me 1
me 1
me 1
me 1
me 1
me 1
me 1
me 1
me 1
me 1
me 1
me 1
me 1
me 1
me 1
me 1
me 1
me 1
me 1
me 1
me 1
me 1
me 1
me 1
me 1
me 1
me 1
me 1
me 1
me 1
me 1
me 1
me 1
me 1
me 1
me 1
me 1
me 1
me 1
me 1
me 1
me 1
me 1
me 1
me 1
me 1
me 1
me 1
me 1
me 1
me 1
me 1
me 1
me 1
me 1
me 1
me 1
me 1
me 1
me 1
me 1
me 1
me 1
me 1
me 1
me 1
me 1
me 1
me 1
me 1
me 1
me 1
me 1
me 1
me 1
me 1
me 1
me 1
me 1
me 1
me 1
me 1
me 1
me 1
me 1
me 1
me 1
me 1
me 1
me 1
me 1
me 1
me 1
me 1
me 1
me 1
me 1
me 1
me 1
me 1
me 1
me 1
me 1
me 1
me 1
me 1
me 1
me 1
me 1
me 1
me 1
me 1
me 1
me 1
me 1
me 1
me 1
me 1
me 1
me 1
me 1
me 1
me 1
me 1
me 1
me 1
me 1
me 1
me 1
me 1
me 1
me 1
me 1
me 1
me 1
me 1
me 1
me 1
me 1
me 1
me 1
me 1
me 1
me 1
me 1
me 1
me 1
me 1
me 1
me 1
me 1
me 1
me 1
me 1
me 1
me 1
me 1
me 1
me 1
me 1
me 1
me 1
me 1
me 1
me 1
me 1
me 1
me 1
me 1
me 1
me 1
me 1
me 1
me 1
me 1
me 1
me 1
me 1
me 1
me 1
me 1
me 1
me 1
me 1
me 1
me 1
me 1
me 1
me 1
me 1
me 1
me 1
me 1
me 1
me 1
me 1
me 1
me 1
me 1
me 1
me 1
me 1
me 1
me 1
me 1
me 1
me 1
me 1
me 1
me 1
me 1
me 1
me 1
me 1
me 1
me 1
me 1
me 1
me 1
me 1
me 1
me 1
me 1
me 1
me 1
me 1
me 1
me 1
me 1
me 1
me 1
me 1
me 1
me 1
me 1
me 1
me 1
me 1
me 1
me 1
me 1
me 1
me 1
me 1
me 1
me 1
me 1
me 1
me 1
me 1
me 1
me 1
me 1
me 1
me 1
me 1
me 1
me 1
me 1
me 1
me 1
me 1
me 1
me 1
me 1
me 1
me 1
me 1
me 1
me 1
me 1
me 1
me 1
me 1
me 1
me 1
me 1
me 1
me 1
me 1
me 1
me 1
me 1
me 1
me 1
me 1
me 1
me 1
me 1
me 1
me 1
me 1
me 1
me 1
me 1
me 1
me 1
me 1
me 1
me 1
me 1
me 1
me 1
me 1
me 1
me 1
me 1
me 1
me 1
me 1
me 1
me 1
me 1
me 1
me 1
me 1
me 1
me 1
me 1
me 1
me 1
me 1
me 1
me 1
me 1
me 1
me 1
me 1
me 1
me 1
me 1
me 1
me 1
me 1
me 1
me 1
me 1
me 1
me 1
me 1
me 1
me 1
me 1
me 1
me 1
me 1
me 1
me 1
me 1
me 1
me 1
me 1
me 1
me 1
me 1
me 1
me 1
me 1
me 1
me 1
me 1
me 1
me 1
me 1
me 1
me 1
me 1
me 1
me 1
me 1
me 1
me 1
me 1
me 1
me 1
me 1
me 1
me 1
me 1
me 1
me 1
me 1
me 1
me 1
me 1
me 1
me 1
me 1
me 1
me 1
me 1
me 1
me 1
me 1
me 1
me 1
me 1
me 1
me 1
me 1
means 1
means 1
means 1
means 1
means 1
means 1
means 1
means 1
meddling 1
meets 1
meets 1
melancholy 1
midnight 1
midnight 1
midnight 1
midnight 1
midnight 1
midnight 1
midnight 1
midnight 1
midnight 1
mill 1
mill 1
mill 1
mill 1
mill 1
mill 1
mill 1
mill 1
mill 1
mill 1
mill 1
miserably 1
miserably 1
miserably 1
monster 1
monster 1
monster 1
monster 1
month 1
month 1
month 1
month 1
month 1
moss 1
moss 1
moss 1
moss 1
mounts 1
mourned 1
mourned 1
mourned 1
muttered 1
muttered 1
near 1
near 1
near 1
near 1
near 1
near 1
near 1
near 1
near 1
near 1
near 1
near 1
near 1
near 1
near 1
near 1
near 1
near 1
near 1
near 1
near 1
near 1
near 1
near 1
near 1
near 1
near 1
near 1
near 1
near 1
near 1
near 1
near 1
near 1
near 1
near 1
near 1
near 1
near 1
need 1
need 1
need 1
need 1
need 1
need 1
need 1
need 1
need 1
need 1
need 1
need 1
need 1
need 1
need 1
need 1
nibble 1
nicely 1
nicely 1
nicely 1
note 1
note 1
nowhere 1
nowhere 1
nowhere 1
nowhere 1
nowhere 1
nowhere 1
nowhere 1
nowhere 1
numerous 1
nutshells 1
obliged 1
obliged 1
obliged 1
obliged 1
obliged 1
obliged 1
obliged 1
obliged 1
obliged 1
obliged 1
obliged 1
obliged 1
obliged 1
offer 1
offer 1
offer 1
offer 1
office 1
office 1
office 1
often 1
often 1
often 1
often 1
often 1
often 1
often 1
often 1
oneself 1
open 1
open 1
open 1
open 1
open 1
open 1
open 1
open 1
open 1
open 1
open 1
open 1
open 1
open 1
open 1
open 1
open 1
open 1
open 1
open 1
open 1
open 1
open 1
open 1
open 1
open 1
open 1
open 1
open 1
open 1
open 1
open 1
open 1
open 1
open 1
open 1
open 1
open 1
open 1
open 1
open 1
open 1
open 1
open 1
opinion 1
opposed 1
opposition 1
opposition 1
oven 1
oven 1
oven 1
oven 1
oven 1
oven 1
oven 1
own 1
own 1
own 1
own 1
own 1
own 1
own 1
own 1
own 1
own 1
own 1
own 1
own 1
own 1
own 1
own 1
own 1
own 1
own 1
own 1
own 1
own 1
own 1
own 1
own 1
own 1
own 1
own 1
own 1
own 1
own 1
own 1
own 1
own 1
own 1
own 1
own 1
own 1
own 1
own 1
own 1
own 1
own 1
own 1
own 1
own 1
own 1
own 1
own 1
own 1
own 1
own 1
own 1
own 1
own 1
own 1
own 1
own 1
pain 1
pain 1
pain 1
pain 1
paint 1
pair 1
pair 1
pair 1
pair 1
pair 1
pair 1
pair 1
pair 1
pair 1
pair 1
pale 1
pale 1
pale 1
pale 1
pale 1
pale 1
pale 1
pale 1
pancakes 1
pane 1
pane 1
pans 1
paragraph 1
paragraph 1
paragraph 1
paragraph 1
paragraph 1
paragraph 1
paragraph 1
paragraph 1
paragraph 1
paragraph 1
parted 1
parted 1
parted 1
parted 1
parted 1
party 1
party 1
party 1
past 1
pasture 1
paused 1
payment 1
pear 1
pear 1
pennies 1
penny 1
penny 1
penny 1
penny 1
performed 1
performed 1
peril 1
peril 1
pile 1
pile 1
pillows 1
pillows 1
pinch 1
pins 1
pins 1
plain 1
plane 1
plash 1
plash 1
plash 1
plash 1
play 1
play 1
play 1
play 1
play 1
play 1
play 1
play 1
play 1
play 1
play 1
play 1
play 1
pocketsful 1
politely 1
ponder 1
pope 1
pope 1
pope 1
pope 1
pope 1
pope 1
pope 1
pope 1
pope 1
pope 1
pope 1
pope 1
pope 1
pope 1
pound 1
pray 1
pray 1
pray 1
pray 1
pray 1
pray 1
pray 1
pray 1
pray 1
pray 1
pray 1
pray 1
pray 1
prayers 1
precious 1
precious 1
precious 1
precious 1
precious 1
precious 1
promising 1
prophesy 1
proved 1
published 1
published 1
pure 1
pure 1
pure 1
pure 1
pursued 1
pursued 1
pursued 1
push 1
push 1
push 1
push 1
quilts 1
quilts 1
rain 1
rain 1
rain 1
rain 1
rapid 1
rapidity 1
reached 1
reached 1
reached 1
reached 1
reached 1
reached 1
reached 1
reached 1
reached 1
reached 1
reached 1
reached 1
reached 1
reached 1
reached 1
reached 1
reached 1
reached 1
reached 1
reached 1
reached 1
reached 1
reached 1
readers 1
recital 1
reckoning 1
recognized 1
recognized 1
recognized 1
recognized 1
recognized 1
redistribute 1
reflected 1
refund 1
refund 1
refund 1
refund 1
refund 1
refund 1
refund 1
refund 1
refused 1
refused 1
refused 1
refused 1
refused 1
refused 1
refused 1
regarded 1
regulating 1
remaining 1
remaining 1
removed 1
removed 1
removed 1
renamed 1
renewed 1
reply 1
reply 1
report 1
representations 1
requirements 1
requirements 1
requirements 1
requirements 1
restore 1
return 1
return 1
return 1
return 1
return 1
return 1
return 1
return 1
return 1
return 1
return 1
return 1
return 1
return 1
return 1
return 1
return 1
return 1
return 1
return 1
return 1
return 1
return 1
return 1
return 1
returning 1
revealed 1
revealed 1
revealed 1
rich 1
rich 1
rich 1
rich 1
rich 1
rich 1
rich 1
rich 1
rich 1
rich 1
rich 1
rich 1
rich 1
rich 1
rich 1
rich 1
rich 1
rich 1
rich 1
rich 1
rich 1
riches 1
riches 1
riches 1
riches 1
ridden 1
ride 1
ride 1
ride 1
ride 1
ride 1
ride 1
ride 1
ride 1
ride 1
ride 1
roams 1
roasted 1
roasted 1
rods 1
roof 1
roof 1
roof 1
roof 1
roof 1
roof 1
roof 1
roof 1
roof 1
roof 1
roof 1
roof 1
roof 1
roof 1
roof 1
roof 1
rope 1
rope 1
rope 1
rope 1
rope 1
rope 1
rope 1
rope 1
rope 1
rope 1
rope 1
row 1
row 1
rushing 1
sack 1
sack 1
sack 1
sack 1
sack 1
sack 1
sack 1
sack 1
sack 1
sack 1
sack 1
sack 1
sack 1
sack 1
sad 1
sad 1
sad 1
sad 1
sad 1
sad 1
sad 1
sad 1
sad 1
sad 1
sad 1
sad 1
sad 1
safeguard 1
sake 1
sake 1
sake 1
sake 1
sake 1
sake 1
sake 1
sake 1
savagely 1
school 1
school 1
school 1
sealed 1
second 1
second 1
second 1
second 1
second 1
second 1
second 1
second 1
second 1
second 1
second 1
second 1
second 1
second 1
second 1
second 1
second 1
second 1
second 1
second 1
second 1
second 1
second 1
second 1
second 1
second 1
second 1
second 1
second 1
second 1
second 1
second 1
second 1
second 1
second 1
second 1
second 1
second 1
second 1
second 1
second 1
second 1
second 1
second 1
second 1
seeking 1
seeking 1
seeking 1
seeking 1
seeking 1
seeking 1
seeking 1
sees 1
sees 1
sees 1
sees 1
selecting 1
set 1
set 1
set 1
set 1
set 1
set 1
set 1
set 1
set 1
set 1
set 1
set 1
set 1
set 1
set 1
set 1
set 1
set 1
set 1
set 1
set 1
set 1
set 1
set 1
set 1
set 1
set 1
set 1
set 1
set 1
set 1
set 1
set 1
set 1
set 1
set 1
set 1
set 1
set 1
set 1
set 1
set 1
set 1
set 1
set 1
set 1
set 1
set 1
set 1
set 1
set 1
set 1
set 1
set 1
set 1
set 1
set 1
set 1
set 1
set 1
set 1
set 1
set 1
set 1
set 1
set 1
set 1
set 1
set 1
set 1
set 1
set 1
set 1
set 1
set 1
set 1
set 1
set 1
set 1
set 1
set 1
set 1
set 1
set 1
set 1
set 1
set 1
set 1
set 1
set 1
set 1
set 1
set 1
set 1
set 1
set 1
set 1
set 1
set 1
set 1
set 1
set 1
set 1
set 1
set 1
set 1
set 1
set 1
set 1
set 1
set 1
set 1
set 1
set 1
set 1
set 1
set 1
set 1
set 1
set 1
set 1
set 1
set 1
sharp 1
sharp 1
sharp 1
sharp 1
sharp 1
sharp 1
sharp 1
she 1
she 1
she 1
she 1
she 1
she 1
she 1
she 1
she 1
she 1
she 1
she 1
she 1
she 1
she 1
she 1
she 1
she 1
she 1
she 1
she 1
she 1
she 1
she 1
she 1
she 1
she 1
she 1
she 1
she 1
she 1
she 1
she 1
she 1
she 1
she 1
she 1
she 1
she 1
she 1
she 1
she 1
she 1
she 1
she 1
she 1
she 1
she 1
she 1
she 1
she 1
she 1
she 1
she 1
she 1
she 1
she 1
she 1
she 1
she 1
she 1
she 1
she 1
she 1
she 1
she 1
she 1
she 1
she 1
she 1
she 1
she 1
she 1
she 1
she 1
she 1
she 1
she 1
she 1
she 1
she 1
she 1
she 1
she 1
she 1
she 1
she 1
she 1
she 1
she 1
she 1
she 1
she 1
she 1
she 1
she 1
she 1
she 1
she 1
she 1
she 1
she 1
she 1
she 1
she 1
she 1
she 1
she 1
she 1
she 1
she 1
she 1
she 1
she 1
she 1
she 1
she 1
she 1
she 1
she 1
she 1
she 1
she 1
she 1
she 1
she 1
she 1
she 1
she 1
she 1
she 1
she 1
she 1
she 1
she 1
she 1
she 1
she 1
she 1
she 1
she 1
she 1
she 1
she 1
she 1
she 1
she 1
she 1
she 1
she 1
she 1
she 1
she 1
she 1
she 1
she 1
she 1
she 1
she 1
she 1
she 1
she 1
she 1
she 1
she 1
she 1
she 1
she 1
she 1
she 1
she 1
she 1
she 1
she 1
she 1
she 1
she 1
she 1
she 1
she 1
she 1
she 1
she 1
she 1
she 1
she 1
she 1
she 1
she 1
she 1
she 1
she 1
she 1
she 1
she 1
she 1
she 1
she 1
she 1
she 1
she 1
she 1
she 1
she 1
she 1
she 1
she 1
she 1
she 1
she 1
she 1
she 1
she 1
she 1
she 1
she 1
she 1
she 1
she 1
she 1
she 1
she 1
she 1
she 1
she 1
she 1
she 1
she 1
she 1
she 1
she 1
she 1
she 1
she 1
she 1
she 1
she 1
she 1
she 1
she 1
she 1
she 1
she 1
she 1
she 1
she 1
she 1
she 1
she 1
she 1
she 1
she 1
she 1
she 1
she 1
she 1
she 1
she 1
she 1
she 1
she 1
she 1
she 1
she 1
she 1
she 1
she 1
she 1
she 1
she 1
she 1
she 1
she 1
she 1
she 1
she 1
she 1
she 1
she 1
she 1
she 1
she 1
she 1
she 1
she 1
she 1
she 1
she 1
she 1
she 1
she 1
she 1
she 1
she 1
she 1
she 1
she 1
she 1
she 1
she 1
she 1
she 1
she 1
she 1
she 1
she 1
she 1
she 1
she 1
she 1
she 1
she 1
she 1
she 1
she 1
she 1
she 1
she 1
she 1
she 1
she 1
she 1
she 1
she 1
she 1
she 1
she 1
she 1
she 1
she 1
she 1
she 1
she 1
she 1
she 1
she 1
she 1
she 1
she 1
she 1
she 1
she 1
she 1
she 1
she 1
she 1
she 1
she 1
she 1
she 1
she 1
she 1
she 1
she 1
she 1
she 1
she 1
she 1
she 1
she 1
she 1
she 1
she 1
she 1
she 1
she 1
she 1
she 1
she 1
she 1
she 1
she 1
she 1
she 1
she 1
she 1
she 1
she 1
she 1
she 1
she 1
she 1
she 1
she 1
she 1
she 1
she 1
she 1
she 1
she 1
she 1
she 1
she 1
she 1
she 1
she 1
she 1
she 1
she 1
she 1
she 1
she 1
she 1
she 1
she 1
she 1
she 1
she 1
she 1
she 1
she 1
she 1
she 1
she 1
she 1
she 1
she 1
she 1
she 1
she 1
she 1
she 1
she 1
she 1
she 1
she 1
she 1
she 1
she 1
she 1
she 1
she 1
she 1
she 1
she 1
she 1
she 1
she 1
she 1
she 1
she 1
she 1
she 1
she 1
she 1
she 1
she 1
she 1
she 1
she 1
she 1
she 1
she 1
she 1
she 1
she 1
she 1
she 1
she 1
she 1
she 1
she 1
she 1
she 1
she 1
she 1
she 1
she 1
she 1
she 1
she 1
she 1
she 1
she 1
she 1
she 1
she 1
she 1
she 1
she 1
she 1
she 1
she 1
she 1
she 1
she 1
she 1
she 1
she 1
she 1
she 1
she 1
she 1
she 1
she 1
she 1
she 1
she 1
she 1
she 1
she 1
she 1
she 1
she 1
she 1
she 1
she 1
she 1
she 1
she 1
she 1
she 1
she 1
she 1
she 1
she 1
she 1
she 1
she 1
she 1
she 1
she 1
she 1
she 1
she 1
she 1
she 1
she 1
she 1
she 1
she 1
she 1
she 1
she 1
she 1
she 1
she 1
she 1
she 1
she 1
she 1
she 1
she 1
she 1
she 1
she 1
she 1
she 1
she 1
she 1
she 1
she 1
she 1
she 1
she 1
she 1
she 1
she 1
she 1
she 1
she 1
she 1
she 1
she 1
she 1
she 1
she 1
she 1
she 1
she 1
she 1
she 1
she 1
she 1
she 1
she 1
she 1
she 1
she 1
she 1
she 1
she 1
she 1
she 1
she 1
she 1
she 1
she 1
she 1
she 1
she 1
she 1
she 1
she 1
she 1
she 1
she 1
she 1
she 1
she 1
she 1
she 1
she 1
she 1
she 1
she 1
she 1
she 1
she 1
she 1
she 1
she 1
she 1
she 1
she 1
she 1
she 1
she 1
she 1
she 1
she 1
she 1
she 1
she 1
she 1
she 1
she 1
she 1
she 1
she 1
she 1
she 1
she 1
she 1
she 1
she 1
she 1
she 1
she 1
she 1
she 1
she 1
she 1
she 1
she 1
she 1
she 1
she 1
she 1
she 1
she 1
she 1
she 1
she 1
she 1
she 1
she 1
she 1
she 1
she 1
she 1
she 1
she 1
she 1
she 1
she 1
she 1
she 1
she 1
she 1
she 1
she 1
she 1
she 1
she 1
she 1
she 1
she 1
she 1
she 1
she 1
she 1
she 1
she 1
she 1
she 1
she 1
she 1
she 1
she 1
she 1
she 1
she 1
she 1
she 1
she 1
she 1
she 1
she 1
she 1
she 1
she 1
she 1
she 1
she 1
she 1
she 1
she 1
she 1
she 1
she 1
she 1
she 1
she 1
she 1
she 1
she 1
she 1
she 1
she 1
she 1
she 1
she 1
she 1
she 1
she 1
she 1
she 1
she 1
she 1
she 1
she 1
she 1
she 1
she 1
she 1
she 1
she 1
she 1
she 1
she 1
she 1
she 1
she 1
she 1
she 1
she 1
she 1
she 1
she 1
she 1
she 1
she 1
she 1
she 1
she 1
she 1
she 1
she 1
she 1
she 1
she 1
she 1
she 1
she 1
she 1
she 1
she 1
she 1
she 1
she 1
she 1
she 1
she 1
she 1
she 1
she 1
she 1
she 1
she 1
she 1
she 1
she 1
she 1
she 1
she 1
she 1
she 1
she 1
she 1
she 1
she 1
she 1
she 1
she 1
she 1
she 1
she 1
she 1
she 1
she 1
she 1
she 1
she 1
she 1
she 1
she 1
she 1
she 1
she 1
she 1
she 1
she 1
she 1
she 1
she 1
she 1
she 1
she 1
she 1
she 1
she 1
she 1
she 1
she 1
she 1
she 1
she 1
she 1
she 1
she 1
she 1
she 1
she 1
she 1
she 1
she 1
she 1
she 1
she 1
she 1
she 1
she 1
she 1
she 1
she 1
she 1
she 1
she 1
she 1
she 1
she 1
she 1
she 1
she 1
she 1
she 1
she 1
she 1
she 1
she 1
she 1
she 1
she 1
she 1
she 1
she 1
she 1
she 1
she 1
she 1
she 1
she 1
she 1
she 1
she 1
she 1
she 1
she 1
she 1
she 1
she 1
she 1
she 1
she 1
she 1
she 1
she 1
she 1
she 1
she 1
she 1
she 1
she 1
she 1
she 1
she 1
she 1
she 1
she 1
she 1
she 1
she 1
she 1
she 1
she 1
she 1
she 1
she 1
she 1
she 1
she 1
she 1
she 1
she 1
she 1
she 1
she 1
she 1
she 1
she 1
she 1
she 1
she 1
she 1
she 1
she 1
she 1
she 1
she 1
she 1
she 1
she 1
she 1
she 1
she 1
she 1
she 1
she 1
she 1
she 1
she 1
she 1
she 1
she 1
she 1
she 1
she 1
she 1
she 1
she 1
she 1
she 1
she 1
she 1
she 1
she 1
she 1
she 1
she 1
she 1
she 1
she 1
she 1
she 1
she 1
she 1
she 1
she 1
she 1
she 1
she 1
she 1
she 1
she 1
she 1
she 1
she 1
she 1
she 1
she 1
she 1
she 1
she 1
she 1
she 1
she 1
she 1
she 1
she 1
she 1
she 1
she 1
she 1
she 1
she 1
she 1
she 1
she 1
she 1
she 1
she 1
she 1
she 1
she 1
she 1
she 1
she 1
she 1
she 1
she 1
she 1
she 1
she 1
she 1
she 1
she 1
she 1
she 1
she 1
she 1
she 1
she 1
she 1
she 1
she 1
she 1
she 1
she 1
she 1
she 1
she 1
she 1
she 1
she 1
she 1
she 1
she 1
she 1
she 1
she 1
she 1
she 1
she 1
she 1
she 1
she 1
she 1
she 1
she 1
she 1
she 1
she 1
she 1
she 1
she 1
she 1
she 1
she 1
she 1
she 1
she 1
she 1
she 1
she 1
she 1
she 1
she 1
she 1
she 1
she 1
she 1
she 1
she 1
she 1
she 1
she 1
she 1
she 1
she 1
she 1
she 1
she 1
she 1
she 1
she 1
she 1
she 1
she 1
she 1
she 1
she 1
she 1
she 1
she 1
she 1
she 1
she 1
she 1
she 1
she 1
she 1
she 1
she 1
she 1
she 1
she 1
she 1
she 1
she 1
she 1
she 1
she 1
she 1
she 1
she 1
she 1
she 1
she 1
she 1
she 1
she 1
she 1
she 1
she 1
she 1
she 1
she 1
she 1
she 1
she 1
she 1
she 1
she 1
she 1
she 1
she 1
she 1
shop 1
shop 1
shop 1
shop 1
shoulder 1
shoulder 1
shoulder 1
shoulder 1
shoulder 1
shoulder 1
shoulder 1
shoulder 1
shoulder 1
shrill 1
shuddered 1
shutting 1
sides 1
sides 1
sides 1
sides 1
sides 1
sides 1
signal 1
signal 1
signal 1
signed 1
signs 1
simple 1
simple 1
simple 1
sit 1
sit 1
sit 1
sit 1
sit 1
sit 1
sit 1
sit 1
sit 1
sit 1
sit 1
sit 1
sit 1
sit 1
sit 1
sit 1
sit 1
sit 1
sit 1
sit 1
sit 1
sit 1
sit 1
sit 1
sit 1
sit 1
sit 1
sit 1
sit 1
skulls 1
skulls 1
sleeve 1
sleeve 1
sleeve 1
sleeve 1
sleeve 1
slopping 1
slowly 1
slowly 1
snake 1
snake 1
snake 1
snake 1
snake 1
snap 1
sneered 1
sneered 1
solicitation 1
spill 1
spinning 1
spinning 1
spinning 1
spinning 1
spinning 1
spinning 1
spinning 1
spinning 1
spoken 1
spoken 1
spoken 1
spoken 1
spoken 1
stab 1
starving 1
stayed 1
stayed 1
stayed 1
stayed 1
stayed 1
stayed 1
stayed 1
stayed 1
stayed 1
stayed 1
stayed 1
stayed 1
stealer 1
sticking 1
sticking 1
sticking 1
stir 1
stir 1
stir 1
stir 1
stir 1
stir 1
stir 1
stir 1
stirring 1
stirring 1
stones 1
stones 1
stones 1
stones 1
stones 1
stones 1
stones 1
stones 1
stones 1
stones 1
stones 1
stones 1
stones 1
stones 1
stones 1
stones 1
stones 1
stones 1
stones 1
stop 1
stop 1
stop 1
stop 1
stop 1
stop 1
stop 1
stop 1
stop 1
stop 1
stop 1
stop 1
stop 1
stormy 1
stroke 1
stroke 1
stroke 1
stroke 1
stroke 1
stroke 1
stronger 1
stronger 1
stronger 1
stronger 1
stronger 1
stronger 1
struggling 1
successor 1
suffocated 1
suited 1
suited 1
suited 1
suitor 1
suitor 1
suitor 1
sulky 1
sulky 1
sun 1
sun 1
sun 1
sun 1
sun 1
sun 1
sun 1
sun 1
sun 1
sun 1
sun 1
sun 1
sun 1
sun 1
sun 1
sun 1
sun 1
sun 1
sun 1
sun 1
sun 1
sun 1
sun 1
sun 1
sun 1
sun 1
sun 1
sun 1
sun 1
sun 1
sun 1
sun 1
sun 1
sun 1
sun 1
sun 1
sun 1
sun 1
sun 1
sun 1
sun 1
sun 1
sun 1
sun 1
sun 1
sun 1
sun 1
surely 1
surely 1
surely 1
surely 1
surely 1
surely 1
surely 1
swam 1
swam 1
swam 1
swamp 1
swarming 1
sweeping 1
sweetheart 1
sweetheart 1
sweetheart 1
sweetheart 1
sweetheart 1
sweetheart 1
sweetheart 1
swim 1
swim 1
swim 1
t 1
t 1
t 1
t 1
t 1
t 1
t 1
t 1
t 1
t 1
t 1
t 1
t 1
t 1
t 1
t 1
t 1
t 1
t 1
t 1
t 1
t 1
t 1
t 1
t 1
t 1
t 1
t 1
t 1
t 1
t 1
t 1
t 1
t 1
t 1
t 1
t 1
t 1
t 1
t 1
t 1
t 1
t 1
t 1
t 1
t 1
t 1
t 1
t 1
tail 1
tail 1
tail 1
tail 1
tail 1
tail 1
tail 1
tail 1
tail 1
tail 1
tail 1
tail 1
tail 1
tail 1
tail 1
tail 1
tail 1
tail 1
tail 1
talking 1
talking 1
talking 1
tender 1
tender 1
tender 1
tender 1
thee 1
thee 1
thee 1
thee 1
thee 1
thee 1
thee 1
thee 1
thee 1
thee 1
thee 1
thee 1
thee 1
thee 1
thee 1
thee 1
thee 1
thee 1
thee 1
thee 1
thee 1
thee 1
thee 1
thee 1
thee 1
thee 1
thee 1
thee 1
thee 1
thee 1
thee 1
thee 1
thee 1
thee 1
thee 1
thee 1
thee 1
they 1
they 1
they 1
they 1
they 1
they 1
they 1
they 1
they 1
they 1
they 1
they 1
they 1
they 1
they 1
they 1
they 1
they 1
they 1
they 1
they 1
they 1
they 1
they 1
they 1
they 1
they 1
they 1
they 1
they 1
they 1
they 1
they 1
they 1
they 1
they 1
they 1
they 1
they 1
they 1
they 1
they 1
they 1
they 1
they 1
they 1
they 1
they 1
they 1
they 1
they 1
they 1
they 1
they 1
they 1
they 1
they 1
they 1
they 1
they 1
they 1
they 1
they 1
they 1
they 1
they 1
they 1
they 1
they 1
they 1
they 1
they 1
they 1
they 1
they 1
they 1
they 1
they 1
they 1
they 1
they 1
they 1
they 1
they 1
they 1
they 1
they 1
they 1
they 1
they 1
they 1
they 1
they 1
they 1
they 1
they 1
they 1
they 1
they 1
they 1
they 1
they 1
they 1
they 1
they 1
they 1
they 1
they 1
they 1
they 1
they 1
they 1
they 1
they 1
they 1
they 1
they 1
they 1
they 1
they 1
they 1
they 1
they 1
they 1
they 1
they 1
they 1
they 1
they 1
they 1
they 1
they 1
they 1
they 1
they 1
they 1
they 1
they 1
they 1
they 1
they 1
they 1
they 1
they 1
they 1
they 1
they 1
they 1
they 1
they 1
they 1
they 1
they 1
they 1
they 1
they 1
they 1
they 1
they 1
they 1
they 1
they 1
they 1
they 1
they 1
they 1
they 1
they 1
they 1
they 1
they 1
they 1
they 1
they 1
they 1
they 1
they 1
they 1
they 1
they 1
they 1
they 1
they 1
they 1
they 1
they 1
they 1
they 1
they 1
they 1
they 1
they 1
they 1
they 1
they 1
they 1
they 1
they 1
they 1
they 1
they 1
they 1
they 1
they 1
they 1
they 1
they 1
they 1
they 1
they 1
they 1
they 1
they 1
they 1
they 1
they 1
they 1
they 1
they 1
they 1
they 1
they 1
they 1
they 1
they 1
they 1
they 1
they 1
they 1
they 1
they 1
they 1
they 1
they 1
they 1
they 1
they 1
they 1
they 1
they 1
they 1
they 1
they 1
they 1
they 1
they 1
they 1
they 1
they 1
they 1
they 1
they 1
they 1
they 1
they 1
they 1
they 1
they 1
they 1
they 1
they 1
they 1
they 1
they 1
they 1
they 1
they 1
they 1
they 1
they 1
they 1
they 1
they 1
they 1
they 1
they 1
they 1
they 1
they 1
they 1
they 1
they 1
they 1
they 1
they 1
they 1
they 1
they 1
they 1
they 1
they 1
they 1
they 1
they 1
they 1
they 1
they 1
they 1
they 1
they 1
they 1
they 1
they 1
they 1
they 1
they 1
they 1
they 1
they 1
they 1
they 1
they 1
they 1
they 1
they 1
they 1
they 1
they 1
they 1
they 1
they 1
they 1
they 1
they 1
they 1
they 1
they 1
they 1
they 1
they 1
they 1
they 1
they 1
they 1
they 1
they 1
they 1
they 1
they 1
they 1
they 1
they 1
they 1
they 1
they 1
they 1
they 1
they 1
they 1
they 1
they 1
they 1
they 1
they 1
they 1
they 1
they 1
they 1
they 1
they 1
they 1
they 1
they 1
they 1
they 1
they 1
they 1
they 1
they 1
they 1
they 1
they 1
they 1
they 1
they 1
they 1
they 1
they 1
they 1
they 1
they 1
they 1
they 1
they 1
they 1
they 1
they 1
they 1
they 1
they 1
they 1
they 1
they 1
they 1
they 1
they 1
they 1
they 1
they 1
they 1
they 1
they 1
they 1
they 1
they 1
they 1
they 1
they 1
they 1
they 1
they 1
they 1
they 1
they 1
they 1
they 1
they 1
they 1
they 1
they 1
they 1
they 1
they 1
they 1
they 1
they 1
they 1
they 1
they 1
they 1
they 1
they 1
they 1
they 1
they 1
they 1
they 1
they 1
they 1
they 1
they 1
they 1
they 1
they 1
they 1
they 1
they 1
they 1
they 1
they 1
they 1
they 1
they 1
they 1
they 1
they 1
they 1
they 1
they 1
they 1
they 1
they 1
they 1
they 1
they 1
they 1
they 1
they 1
they 1
they 1
they 1
they 1
they 1
they 1
they 1
they 1
they 1
they 1
they 1
they 1
they 1
they 1
they 1
they 1
they 1
they 1
they 1
they 1
they 1
they 1
they 1
they 1
they 1
they 1
they 1
they 1
they 1
they 1
they 1
they 1
they 1
they 1
they 1
they 1
they 1
they 1
they 1
they 1
they 1
they 1
they 1
they 1
they 1
they 1
they 1
they 1
they 1
they 1
they 1
they 1
they 1
they 1
they 1
they 1
they 1
they 1
they 1
they 1
they 1
they 1
they 1
they 1
they 1
they 1
they 1
they 1
they 1
they 1
they 1
they 1
they 1
they 1
they 1
they 1
they 1
they 1
they 1
they 1
they 1
they 1
they 1
they 1
they 1
they 1
they 1
they 1
they 1
they 1
they 1
they 1
they 1
they 1
they 1
they 1
they 1
they 1
they 1
they 1
they 1
they 1
they 1
they 1
they 1
they 1
they 1
they 1
they 1
they 1
they 1
they 1
they 1
they 1
they 1
they 1
they 1
they 1
they 1
they 1
they 1
they 1
they 1
they 1
they 1
they 1
they 1
they 1
they 1
they 1
they 1
they 1
they 1
they 1
they 1
they 1
they 1
they 1
they 1
they 1
they 1
they 1
they 1
they 1
they 1
they 1
they 1
they 1
they 1
they 1
they 1
they 1
they 1
they 1
they 1
they 1
they 1
they 1
they 1
they 1
they 1
they 1
they 1
they 1
they 1
they 1
they 1
they 1
they 1
they 1
they 1
they 1
they 1
they 1
they 1
they 1
they 1
they 1
they 1
they 1
they 1
they 1
they 1
they 1
they 1
they 1
they 1
they 1
they 1
they 1
they 1
they 1
they 1
they 1
they 1
they 1
they 1
they 1
they 1
they 1
they 1
they 1
they 1
they 1
they 1
they 1
they 1
they 1
they 1
they 1
they 1
they 1
they 1
they 1
they 1
they 1
they 1
they 1
they 1
they 1
they 1
they 1
they 1
they 1
they 1
they 1
they 1
they 1
they 1
they 1
they 1
they 1
they 1
they 1
they 1
they 1
they 1
they 1
they 1
they 1
they 1
they 1
they 1
they 1
they 1
they 1
they 1
they 1
they 1
they 1
they 1
they 1
they 1
they 1
they 1
they 1
they 1
they 1
they 1
they 1
they 1
they 1
they 1
they 1
they 1
they 1
they 1
they 1
they 1
they 1
they 1
they 1
they 1
they 1
they 1
they 1
they 1
they 1
they 1
they 1
they 1
they 1
they 1
they 1
they 1
they 1
they 1
they 1
they 1
they 1
they 1
they 1
they 1
they 1
they 1
they 1
they 1
they 1
they 1
they 1
they 1
they 1
thinking 1
thinking 1
thinking 1
thinking 1
thinking 1
thinking 1
thinking 1
thinking 1
thinking 1
thinking 1
thinking 1
thinking 1
thinking 1
thinking 1
thinking 1
thinking 1
thinking 1
thinking 1
thinking 1
thinking 1
thinking 1
thinking 1
thinking 1
thinking 1
thinking 1
thirty 1
thither 1
thither 1
thither 1
thither 1
thither 1
thither 1
thither 1
thither 1
thither 1
thither 1
thither 1
thither 1
thither 1
thither 1
thither 1
thither 1
thither 1
thither 1
thou 1
thou 1
thou 1
thou 1
thou 1
thou 1
thou 1
thou 1
thou 1
thou 1
thou 1
thou 1
thou 1
thou 1
thou 1
thou 1
thou 1
thou 1
thou 1
thou 1
thou 1
thou 1
thou 1
thou 1
thou 1
thou 1
thou 1
thou 1
thou 1
thou 1
thou 1
thou 1
thou 1
thou 1
thrush 1
thrush 1
thrush 1
thrush 1
tidings 1
tidings 1
tie 1
tie 1
tie 1
tie 1
toe 1
toe 1
together 1
together 1
together 1
together 1
together 1
together 1
together 1
together 1
together 1
together 1
together 1
together 1
together 1
together 1
together 1
together 1
together 1
together 1
together 1
together 1
together 1
together 1
together 1
together 1
together 1
together 1
together 1
together 1
together 1
together 1
together 1
together 1
together 1
together 1
together 1
together 1
together 1
together 1
together 1
together 1
together 1
together 1
together 1
together 1
together 1
together 1
together 1
together 1
together 1
together 1
together 1
together 1
together 1
together 1
together 1
together 1
together 1
together 1
together 1
together 1
together 1
together 1
together 1
together 1
together 1
together 1
together 1
together 1
together 1
together 1
together 1
together 1
together 1
together 1
together 1
together 1
together 1
together 1
together 1
together 1
together 1
together 1
together 1
together 1
together 1
together 1
together 1
together 1
together 1
together 1
together 1
together 1
together 1
together 1
together 1
together 1
together 1
too 1
too 1
too 1
too 1
too 1
too 1
too 1
too 1
too 1
too 1
too 1
too 1
too 1
too 1
too 1
too 1
too 1
too 1
too 1
too 1
too 1
too 1
too 1
too 1
too 1
too 1
too 1
too 1
too 1
too 1
too 1
too 1
too 1
too 1
too 1
too 1
too 1
too 1
too 1
too 1
too 1
too 1
too 1
too 1
too 1
too 1
too 1
too 1
too 1
too 1
too 1
too 1
too 1
too 1
too 1
too 1
too 1
too 1
too 1
too 1
too 1
too 1
too 1
too 1
too 1
too 1
too 1
too 1
too 1
too 1
too 1
too 1
too 1
too 1
too 1
too 1
too 1
too 1
too 1
too 1
too 1
too 1
too 1
too 1
too 1
too 1
too 1
too 1
too 1
too 1
too 1
too 1
too 1
too 1
too 1
too 1
too 1
too 1
too 1
too 1
too 1
too 1
too 1
too 1
too 1
too 1
topmost 1
town 1
town 1
town 1
town 1
town 1
town 1
town 1
town 1
town 1
town 1
town 1
town 1
town 1
town 1
town 1
town 1
town 1
town 1
town 1
town 1
town 1
town 1
town 1
trade 1
trade 1
trade 1
trade 1
trade 1
trade 1
traitors 1
tremendous 1
tricks 1
tricks 1
tricks 1
trotted 1
trotted 1
trotted 1
trustfully 1
turned 1
turned 1
turned 1
turned 1
turned 1
turned 1
turned 1
turned 1
turned 1
turned 1
turned 1
turned 1
turned 1
turned 1
turned 1
turned 1
turned 1
turned 1
turned 1
turned 1
turned 1
turned 1
turned 1
turned 1
turned 1
turned 1
turned 1
turned 1
turned 1
turned 1
turned 1
turned 1
turned 1
turned 1
turned 1
turned 1
turned 1
turned 1
turned 1
turned 1
turned 1
turned 1
turned 1
turned 1
tusks 1
unawares 1
unawares 1
unawares 1
uneasiness 1
unkindly 1
unkindly 1
unlock 1
unwillingly 1
unwillingly 1
us 1
us 1
us 1
us 1
us 1
us 1
us 1
us 1
us 1
us 1
us 1
us 1
us 1
us 1
us 1
us 1
us 1
us 1
us 1
us 1
us 1
us 1
us 1
us 1
us 1
us 1
us 1
us 1
us 1
us 1
us 1
us 1
us 1
us 1
us 1
us 1
us 1
us 1
us 1
us 1
us 1
us 1
us 1
us 1
us 1
us 1
us 1
us 1
us 1
us 1
us 1
us 1
us 1
us 1
us 1
us 1
us 1
us 1
us 1
us 1
us 1
us 1
us 1
us 1
us 1
us 1
us 1
us 1
us 1
us 1
us 1
us 1
us 1
us 1
us 1
us 1
us 1
us 1
us 1
useful 1
useful 1
vegetables 1
vegetables 1
vegetables 1
vexation 1
villains 1
vinegar 1
vinegar 1
vinegar 1
vinegar 1
wager 1
wake 1
wake 1
wake 1
walked 1
walked 1
walked 1
walked 1
walked 1
walked 1
walked 1
walked 1
walked 1
walked 1
walked 1
walked 1
walked 1
walked 1
walked 1
walked 1
walked 1
walked 1
walked 1
walked 1
walked 1
walked 1
walked 1
walked 1
walked 1
walked 1
walked 1
walked 1
walked 1
walked 1
want 1
want 1
want 1
want 1
want 1
want 1
want 1
want 1
want 1
want 1
want 1
want 1
want 1
want 1
want 1
want 1
want 1
want 1
want 1
want 1
want 1
want 1
want 1
want 1
want 1
want 1
want 1
want 1
want 1
want 1
want 1
want 1
want 1
want 1
want 1
want 1
want 1
want 1
want 1
want 1
want 1
want 1
want 1
want 1
want 1
want 1
want 1
want 1
want 1
want 1
want 1
want 1
wares 1
wares 1
wares 1
wares 1
wares 1
weak 1
weak 1
weak 1
weak 1
weak 1
weak 1
weigh 1
wept 1
wept 1
wept 1
wept 1
wept 1
wept 1
wept 1
wept 1
wept 1
wept 1
wept 1
wept 1
wept 1
wept 1
wept 1
wept 1
wept 1
wept 1
wept 1
wept 1
wept 1
wept 1
wept 1
wept 1
wept 1
wept 1
wert 1
wheelbarrow 1
when 1
when 1
when 1
when 1
when 1
when 1
when 1
when 1
when 1
when 1
when 1
when 1
when 1
when 1
when 1
when 1
when 1
when 1
when 1
when 1
when 1
when 1
when 1
when 1
when 1
when 1
when 1
when 1
when 1
when 1
when 1
when 1
when 1
when 1
when 1
when 1
when 1
when 1
when 1
when 1
when 1
when 1
when 1
when 1
when 1
when 1
when 1
when 1
when 1
when 1
when 1
when 1
when 1
when 1
when 1
when 1
when 1
when 1
when 1
when 1
when 1
when 1
when 1
when 1
when 1
when 1
when 1
when 1
when 1
when 1
when 1
when 1
when 1
when 1
when 1
when 1
when 1
when 1
when 1
when 1
when 1
when 1
when 1
when 1
when 1
when 1
when 1
when 1
when 1
when 1
when 1
when 1
when 1
when 1
when 1
when 1
when 1
when 1
when 1
when 1
when 1
when 1
when 1
when 1
when 1
when 1
when 1
when 1
when 1
when 1
when 1
when 1
when 1
when 1
when 1
when 1
when 1
when 1
when 1
when 1
when 1
when 1
when 1
when 1
when 1
when 1
when 1
when 1
when 1
when 1
when 1
when 1
when 1
when 1
when 1
when 1
when 1
when 1
when 1
when 1
when 1
when 1
when 1
when 1
when 1
when 1
when 1
when 1
when 1
when 1
when 1
when 1
when 1
when 1
when 1
when 1
when 1
when 1
when 1
when 1
when 1
when 1
when 1
when 1
when 1
when 1
when 1
when 1
when 1
when 1
when 1
when 1
when 1
when 1
when 1
when 1
when 1
when 1
when 1
when 1
when 1
when 1
when 1
when 1
when 1
when 1
when 1
when 1
when 1
when 1
when 1
when 1
when 1
when 1
when 1
when 1
when 1
when 1
when 1
when 1
when 1
when 1
when 1
when 1
when 1
when 1
when 1
when 1
when 1
when 1
when 1
when 1
when 1
when 1
when 1
when 1
when 1
when 1
when 1
when 1
when 1
when 1
when 1
when 1
when 1
when 1
when 1
when 1
when 1
when 1
when 1
when 1
when 1
when 1
when 1
when 1
when 1
when 1
when 1
when 1
when 1
when 1
when 1
when 1
when 1
when 1
when 1
when 1
when 1
when 1
when 1
when 1
when 1
when 1
when 1
when 1
when 1
when 1
when 1
when 1
when 1
when 1
when 1
when 1
when 1
when 1
when 1
when 1
when 1
when 1
when 1
when 1
when 1
when 1
when 1
when 1
when 1
when 1
when 1
when 1
when 1
when 1
when 1
when 1
when 1
when 1
when 1
when 1
when 1
when 1
when 1
when 1
when 1
when 1
when 1
when 1
when 1
when 1
when 1
when 1
when 1
when 1
when 1
when 1
when 1
when 1
when 1
when 1
when 1
when 1
when 1
when 1
when 1
when 1
when 1
when 1
when 1
when 1
when 1
when 1
when 1
when 1
when 1
when 1
when 1
when 1
when 1
when 1
when 1
when 1
when 1
when 1
when 1
when 1
when 1
when 1
when 1
when 1
when 1
when 1
when 1
when 1
when 1
when 1
when 1
when 1
when 1
when 1
when 1
when 1
when 1
when 1
when 1
when 1
when 1
when 1
when 1
when 1
when 1
when 1
when 1
when 1
when 1
when 1
when 1
when 1
when 1
when 1
when 1
when 1
when 1
when 1
when 1
when 1
when 1
when 1
when 1
when 1
when 1
when 1
when 1
when 1
when 1
when 1
when 1
when 1
when 1
when 1
when 1
when 1
when 1
when 1
when 1
when 1
when 1
when 1
when 1
when 1
when 1
when 1
when 1
when 1
when 1
when 1
when 1
when 1
when 1
when 1
when 1
when 1
when 1
when 1
when 1
when 1
when 1
when 1
when 1
when 1
when 1
when 1
when 1
when 1
when 1
when 1
when 1
when 1
when 1
when 1
when 1
when 1
when 1
when 1
when 1
when 1
when 1
when 1
when 1
why 1
why 1
why 1
why 1
why 1
why 1
why 1
why 1
why 1
why 1
why 1
why 1
why 1
why 1
why 1
why 1
why 1
why 1
why 1
why 1
why 1
why 1
why 1
why 1
why 1
why 1
why 1
why 1
why 1
why 1
why 1
why 1
why 1
widow 1
widow 1
widow 1
wilt 1
wilt 1
wiser 1
wiser 1
wiser 1
wiser 1
wiser 1
woes 1
woman 1
woman 1
woman 1
woman 1
woman 1
woman 1
woman 1
woman 1
woman 1
woman 1
woman 1
woman 1
woman 1
woman 1
woman 1
woman 1
woman 1
woman 1
woman 1
woman 1
woman 1
woman 1
woman 1
woman 1
woman 1
woman 1
woman 1
woman 1
woman 1
woman 1
woman 1
woman 1
woman 1
woman 1
woman 1
woman 1
woman 1
woman 1
woman 1
woman 1
woman 1
woman 1
woman 1
woman 1
woman 1
woman 1
woman 1
woman 1
woman 1
woman 1
woman 1
woman 1
woman 1
woman 1
woman 1
woman 1
woman 1
woman 1
woman 1
woman 1
woman 1
woman 1
woman 1
woman 1
woman 1
woman 1
woman 1
woman 1
woman 1
woman 1
woman 1
woman 1
woman 1
woman 1
woman 1
woman 1
woman 1
woman 1
woman 1
woman 1
woman 1
woman 1
woman 1
woman 1
woman 1
woman 1
woman 1
woman 1
woman 1
woman 1
woman 1
woman 1
woman 1
woman 1
woman 1
woman 1
woman 1
woman 1
woods 1
woods 1
woods 1
woods 1
woods 1
woods 1
word 1
word 1
word 1
word 1
word 1
word 1
word 1
word 1
word 1
word 1
word 1
word 1
word 1
word 1
word 1
word 1
word 1
word 1
word 1
word 1
word 1
word 1
word 1
word 1
word 1
word 1
word 1
word 1
word 1
word 1
worn 1
worn 1
worn 1
worn 1
worn 1
wounds 1
ye 1
ye 1
ye 1
ye 1
ye 1
ye 1
ye 1
yellow 1
yellow 1
yellow 1
yellow 1
yellow 1
yellow 1
yellow 1
yellow 1
yellow 1
yoked 1
