AS 1
Agnew 1
Alfonso 1
Anything 1
Anything 1
Appreciate 1
Are 1
Are 1
Are 1
Are 1
Are 1
Are 1
B 1
B 1
Barbi 1
Behind 1
Better 1
Borgia 1
Brazilian 1
Cardinal 1
Cloudless 1
Clovis 1
Cuzco 1
Dante 1
Dead 1
Debrett 1
Diplomatic 1
Director 1
EIN 1
Elizabeth 1
Elizabeth 1
Elizabeth 1
Email 1
Ere 1
Eve 1
Eve 1
Executive 1
Ferrol 1
Ferrol 1
Ferrol 1
Ferrol 1
Flemish 1
Flemish 1
Fonthill 1
Francis 1
Francis 1
Francis 1
Francis 1
Francis 1
Francis 1
Francis 1
Francis 1
Francis 1
French 1
French 1
French 1
French 1
French 1
French 1
French 1
French 1
General 1
General 1
General 1
Grace 1
Grace 1
Grace 1
Harden 1
Harden 1
Harden 1
Hardly 1
Hardy 1
Harry 1
Harry 1
Harry 1
Harry 1
Harry 1
Harry 1
Harry 1
Harry 1
Harry 1
Harry 1
Harry 1
Harry 1
Harry 1
Harry 1
Harry 1
Harry 1
Harry 1
Harry 1
Harry 1
Harry 1
Harry 1
Harry 1
Harry 1
Harry 1
Harry 1
Harry 1
Harry 1
Harry 1
Harry 1
Harry 1
Harry 1
Harry 1
Harry 1
Harry 1
Harry 1
Harry 1
Harry 1
Harry 1
Harry 1
Harry 1
Harry 1
Harry 1
Harry 1
Harry 1
Harry 1
Harry 1
Harry 1
Harry 1
Harry 1
Harry 1
Harry 1
Harry 1
Harry 1
Harry 1
Harry 1
Harry 1
Harry 1
Harry 1
Harry 1
Harry 1
Harry 1
Harry 1
Harry 1
Harry 1
Harry 1
Harry 1
Harry 1
Harry 1
Harry 1
Harry 1
Harry 1
Harry 1
Harry 1
Harry 1
Harry 1
Harry 1
Harry 1
Harry 1
Harry 1
Harry 1
Harry 1
Harry 1
Harry 1
Harry 1
Harry 1
Harry 1
Harry 1
Harry 1
Harry 1
Harry 1
Harry 1
Harry 1
Harry 1
Harry 1
Harry 1
Harry 1
Harry 1
Harry 1
Harry 1
Harry 1
Harry 1
Harry 1
Harry 1
Harry 1
Harry 1
Harry 1
Harry 1
Harry 1
Harry 1
Harry 1
Harry 1
Harry 1
Harry 1
Harry 1
Harry 1
Harry 1
Harry 1
Harry 1
Harry 1
Harry 1
Harry 1
Harry 1
Harry 1
Harry 1
Harry 1
Harry 1
Harry 1
Harry 1
Harry 1
Harry 1
Harry 1
Harry 1
Harry 1
Harry 1
Harry 1
Harry 1
Harry 1
Harry 1
Harry 1
Harry 1
Harry 1
Harry 1
Harry 1
Harry 1
Harry 1
Harry 1
Harry 1
Harry 1
Harry 1
Harry 1
Harry 1
Harry 1
Harry 1
Harry 1
Harry 1
Harry 1
Harry 1
Harry 1
Harry 1
Harry 1
Harry 1
Harry 1
Harry 1
Harry 1
Harry 1
Harry 1
Harry 1
Harry 1
Harry 1
Harry 1
Harry 1
Harry 1
Harry 1
Harry 1
Harry 1
Harry 1
Harry 1
Harry 1
Has 1
Has 1
Hellenic 1
Hellenic 1
Henry 1
Henry 1
Henry 1
Henry 1
Henry 1
Henry 1
Henry 1
Henry 1
Henry 1
Henry 1
Henry 1
Henry 1
Henry 1
Henry 1
Henry 1
Henry 1
Henry 1
Henry 1
Henry 1
Henry 1
Henry 1
Henry 1
Henry 1
Henry 1
Henry 1
Henry 1
Henry 1
Henry 1
Henry 1
Henry 1
Henry 1
Henry 1
Henry 1
Henry 1
Henry 1
Henry 1
Henry 1
Henry 1
Henry 1
Henry 1
Henry 1
Henry 1
Henry 1
Henry 1
Henry 1
Henry 1
Henry 1
Henry 1
Henry 1
Henry 1
Henry 1
Henry 1
Henry 1
Henry 1
Henry 1
Henry 1
Henry 1
Henry 1
Henry 1
Henry 1
Henry 1
Henry 1
Henry 1
Henry 1
Henry 1
Henry 1
Henry 1
Henry 1
Henry 1
Henry 1
Henry 1
Henry 1
Henry 1
Henry 1
Henry 1
Henry 1
Henry 1
Henry 1
Henry 1
Henry 1
Henry 1
Henry 1
Henry 1
Henry 1
Henry 1
Henry 1
Henry 1
Henry 1
Henry 1
Henry 1
Henry 1
Henry 1
Henry 1
Henry 1
Henry 1
Henry 1
Henry 1
Henry 1
Henry 1
Henry 1
Henry 1
Henry 1
Henry 1
Henry 1
Henry 1
Henry 1
Henry 1
Henry 1
Henry 1
Henry 1
Henry 1
Henry 1
Henry 1
Henry 1
Henry 1
Henry 1
Henry 1
Henry 1
Henry 1
Henry 1
Henry 1
Henry 1
Henry 1
Henry 1
Henry 1
Henry 1
Henry 1
Henry 1
Henry 1
Henry 1
Henry 1
Henry 1
Henry 1
Henry 1
Henry 1
Henry 1
Henry 1
Henry 1
Henry 1
Henry 1
Henry 1
Henry 1
Henry 1
Henry 1
Henry 1
Henry 1
Henry 1
Henry 1
Henry 1
Henry 1
Henry 1
Henry 1
Henry 1
Henry 1
Henry 1
Henry 1
Henry 1
Henry 1
Henry 1
Henry 1
Henry 1
Henry 1
Henry 1
Henry 1
Henry 1
Henry 1
Henry 1
Henry 1
Henry 1
Henry 1
Henry 1
Henry 1
Henry 1
Henry 1
Henry 1
Henry 1
Henry 1
Henry 1
Henry 1
Henry 1
Henry 1
Henry 1
Henry 1
Henry 1
Henry 1
Henry 1
Henry 1
Henry 1
Henry 1
Henry 1
Henry 1
Henry 1
Henry 1
Henry 1
Henry 1
Henry 1
Henry 1
Henry 1
Henry 1
Henry 1
Henry 1
Henry 1
Henry 1
Henry 1
Henry 1
Henry 1
Henry 1
Henry 1
Henry 1
Henry 1
Henry 1
Henry 1
Henry 1
Henry 1
Henry 1
Henry 1
Henry 1
Henry 1
Henry 1
Henry 1
Henry 1
Henry 1
Henry 1
Henry 1
Henry 1
Henry 1
Henry 1
Henry 1
Henry 1
Henry 1
Henry 1
Henry 1
Henry 1
Henry 1
Henry 1
Henry 1
Hermes 1
Holborn 1
Hour 1
How 1
How 1
How 1
How 1
How 1
How 1
How 1
How 1
How 1
How 1
How 1
How 1
How 1
How 1
How 1
How 1
How 1
How 1
How 1
How 1
How 1
How 1
How 1
How 1
How 1
How 1
How 1
How 1
How 1
How 1
How 1
How 1
How 1
How 1
How 1
How 1
How 1
How 1
How 1
How 1
How 1
How 1
How 1
How 1
How 1
How 1
How 1
How 1
How 1
How 1
How 1
How 1
How 1
How 1
How 1
How 1
How 1
How 1
How 1
How 1
How 1
How 1
How 1
How 1
How 1
How 1
How 1
How 1
How 1
How 1
How 1
How 1
How 1
How 1
How 1
How 1
How 1
How 1
How 1
How 1
How 1
Hubbard 1
Hubbard 1
Hubbard 1
Hubbard 1
Hubbard 1
Hubbard 1
Hubbard 1
Hubbard 1
Hungary 1
Huns 1
II 1
II 1
II 1
IMPLIED 1
IS 1
Indians 1
Indians 1
Information 1
Information 1
Information 1
Information 1
Information 1
International 1
Isn 1
Isn 1
Isn 1
Isn 1
Isotta 1
Italian 1
Italian 1
Italian 1
Italian 1
Italian 1
Jew 1
Jew 1
Jew 1
Jew 1
Jew 1
Jew 1
Jew 1
Jew 1
Joan 1
Just 1
Just 1
Just 1
Just 1
Just 1
Just 1
Kelso 1
Kelso 1
Kelso 1
Kelso 1
Kelso 1
Kelso 1
Kelso 1
Kelso 1
LIMITED 1
LIMITED 1
LIMITED 1
Liberals 1
Lido 1
Life 1
Life 1
Life 1
Life 1
Life 1
Life 1
Life 1
Life 1
Life 1
Life 1
Life 1
Lips 1
Literary 1
Literary 1
Literary 1
Literary 1
Literary 1
Literary 1
Literary 1
Literary 1
Literary 1
Literary 1
Literary 1
Literary 1
Literary 1
Little 1
Lohengrin 1
Lohengrin 1
Man 1
Margarite 1
Men 1
Men 1
Men 1
Men 1
Mentone 1
Mexicans 1
Mildew 1
Mind 1
Mind 1
Mind 1
Miranda 1
Mohammed 1
Nay 1
October 1
Only 1
Only 1
Only 1
Only 1
Only 1
Only 1
Only 1
PARAGRAPH 1
Paul 1
Pure 1
READ 1
REPLACEMENT 1
RIGHT 1
Rheims 1
Richmond 1
Richmond 1
Richmond 1
Romeo 1
Romeo 1
Romeo 1
Romeo 1
Romeo 1
Romeo 1
Romeo 1
Rosalind 1
Rosalind 1
Rosalind 1
Rosalind 1
Rosalind 1
Ruxton 1
Ruxton 1
Ruxton 1
Ruxton 1
Ruxton 1
SEND 1
Second 1
Since 1
Since 1
Sit 1
Sit 1
So 1
So 1
So 1
So 1
So 1
So 1
So 1
So 1
Sort 1
Spa 1
Stop 1
Stop 1
Stop 1
Stop 1
Stop 1
Stop 1
Stop 1
Stop 1
Suddenly 1
Suddenly 1
Suddenly 1
Suddenly 1
Suddenly 1
Suddenly 1
Suddenly 1
Suddenly 1
Suddenly 1
Suddenly 1
Suddenly 1
Suddenly 1
Suddenly 1
Suddenly 1
Suddenly 1
Suddenly 1
Suddenly 1
Suddenly 1
Suddenly 1
Taking 1
Tanagra 1
They 1
They 1
They 1
They 1
They 1
They 1
They 1
They 1
They 1
They 1
They 1
They 1
They 1
They 1
They 1
They 1
They 1
They 1
They 1
They 1
They 1
They 1
They 1
They 1
They 1
They 1
They 1
They 1
They 1
They 1
They 1
They 1
They 1
They 1
They 1
They 1
They 1
They 1
They 1
They 1
They 1
They 1
They 1
They 1
They 1
They 1
They 1
They 1
They 1
They 1
They 1
They 1
They 1
They 1
They 1
They 1
They 1
They 1
They 1
They 1
They 1
They 1
They 1
They 1
They 1
They 1
They 1
They 1
They 1
They 1
They 1
They 1
They 1
They 1
They 1
They 1
They 1
They 1
They 1
They 1
They 1
They 1
They 1
They 1
They 1
They 1
They 1
They 1
They 1
They 1
They 1
They 1
They 1
They 1
They 1
They 1
They 1
They 1
They 1
They 1
They 1
They 1
They 1
They 1
They 1
They 1
They 1
They 1
They 1
They 1
They 1
They 1
They 1
They 1
They 1
They 1
They 1
They 1
They 1
They 1
They 1
They 1
They 1
They 1
They 1
They 1
They 1
They 1
They 1
Thou 1
Titan 1
Titan 1
Tory 1
Tory 1
Unconsciously 1
Vane 1
Vane 1
Vane 1
Vane 1
Vane 1
Vane 1
Vane 1
Vane 1
Vane 1
Vane 1
Vane 1
Vane 1
Vane 1
Vane 1
Vane 1
Vane 1
Vane 1
Vane 1
Vane 1
Vane 1
Vane 1
Vane 1
Vane 1
Vane 1
Vane 1
Vane 1
Vane 1
Vane 1
Vane 1
Vane 1
Vane 1
Vane 1
Vane 1
Vane 1
Vane 1
Vane 1
Vane 1
Vane 1
Vane 1
Vane 1
Vane 1
Vane 1
Vane 1
Vane 1
Vane 1
Vane 1
Vane 1
Vane 1
Vane 1
Vane 1
Vane 1
Vane 1
Vane 1
Vane 1
Vane 1
Vane 1
Vane 1
Vane 1
WILL 1
Wardour 1
What 1
What 1
What 1
What 1
What 1
What 1
What 1
What 1
What 1
What 1
What 1
What 1
What 1
What 1
What 1
What 1
What 1
What 1
What 1
What 1
What 1
What 1
What 1
What 1
What 1
What 1
What 1
What 1
What 1
What 1
What 1
What 1
What 1
What 1
What 1
What 1
What 1
What 1
What 1
What 1
What 1
What 1
What 1
What 1
What 1
What 1
What 1
What 1
What 1
What 1
What 1
What 1
What 1
What 1
What 1
What 1
What 1
What 1
What 1
What 1
What 1
What 1
What 1
What 1
What 1
What 1
What 1
What 1
What 1
What 1
What 1
What 1
What 1
What 1
What 1
What 1
What 1
What 1
What 1
What 1
What 1
What 1
What 1
What 1
What 1
What 1
What 1
What 1
What 1
What 1
What 1
What 1
What 1
What 1
What 1
What 1
What 1
What 1
What 1
What 1
What 1
What 1
What 1
What 1
What 1
What 1
What 1
What 1
What 1
What 1
What 1
What 1
What 1
What 1
What 1
What 1
What 1
What 1
What 1
What 1
What 1
What 1
What 1
What 1
What 1
What 1
What 1
What 1
What 1
What 1
What 1
What 1
What 1
What 1
Whenever 1
Whenever 1
Women 1
Women 1
Women 1
Women 1
Women 1
Women 1
Women 1
Women 1
Women 1
Women 1
Women 1
Women 1
Women 1
Women 1
Women 1
Yesterday 1
Yesterday 1
Yesterday 1
Zipangu 1
absolution 1
acanthuslike 1
accept 1
accept 1
accept 1
accept 1
accept 1
accursed 1
active 1
active 1
active 1
actual 1
actual 1
actual 1
actual 1
admiration 1
admiration 1
admirer 1
adores 1
aging 1
agony 1
agony 1
agony 1
agony 1
agreed 1
alchemist 1
alder 1
although 1
ambassadors 1
ambitions 1
amour 1
analysing 1
angrily 1
angrily 1
angrily 1
ants 1
anxiety 1
appears 1
arabesques 1
arbitrary 1
archways 1
arranged 1
arranged 1
arrested 1
arrested 1
arrested 1
artists 1
artists 1
artists 1
artists 1
artists 1
artists 1
artists 1
ashes 1
ashes 1
ashes 1
ashes 1
assistance 1
assistance 1
assumed 1
assumed 1
atoms 1
atoms 1
attracted 1
audible 1
avenue 1
avenue 1
backwards 1
bag 1
bag 1
bag 1
bag 1
bag 1
bag 1
barges 1
barrel 1
barrel 1
bars 1
bars 1
bars 1
bathroom 1
bauderike 1
bear 1
bear 1
bear 1
bear 1
bear 1
bear 1
bear 1
bear 1
bear 1
bear 1
bear 1
bear 1
bear 1
bear 1
bear 1
bear 1
bear 1
bear 1
bear 1
bear 1
beauty 1
beauty 1
beauty 1
beauty 1
beauty 1
beauty 1
beauty 1
beauty 1
beauty 1
beauty 1
beauty 1
beauty 1
beauty 1
beauty 1
beauty 1
beauty 1
beauty 1
beauty 1
beauty 1
beauty 1
beauty 1
beauty 1
beauty 1
beauty 1
beauty 1
beauty 1
beauty 1
beauty 1
beauty 1
beauty 1
beauty 1
beauty 1
beauty 1
beauty 1
beauty 1
beauty 1
beauty 1
beauty 1
beauty 1
beauty 1
beauty 1
beauty 1
beauty 1
beauty 1
beauty 1
beauty 1
beauty 1
beauty 1
beauty 1
beauty 1
beauty 1
beauty 1
beauty 1
beauty 1
beauty 1
beggar 1
behind 1
behind 1
behind 1
behind 1
behind 1
behind 1
behind 1
behind 1
behind 1
behind 1
behind 1
behind 1
behind 1
behind 1
behind 1
behind 1
behind 1
behind 1
behind 1
behind 1
behind 1
behind 1
behind 1
behind 1
behind 1
behind 1
behind 1
behind 1
behind 1
behind 1
behind 1
behind 1
behind 1
behind 1
behind 1
bequeathed 1
bequeathed 1
bewilder 1
bewilder 1
blanc 1
blanc 1
blessed 1
blindly 1
bloomed 1
blooms 1
blushing 1
brain 1
brain 1
brain 1
brain 1
brain 1
brain 1
brain 1
brain 1
brain 1
brain 1
brain 1
brain 1
brain 1
brain 1
brain 1
brain 1
brain 1
brain 1
brain 1
brain 1
brain 1
brain 1
brain 1
brain 1
braved 1
breath 1
breath 1
breath 1
breath 1
breath 1
breath 1
breath 1
breath 1
breath 1
breath 1
breath 1
breath 1
breath 1
brief 1
brief 1
brocade 1
brocade 1
brocade 1
bruise 1
brutal 1
brutal 1
brutal 1
brutal 1
burns 1
burying 1
burying 1
burying 1
cabinet 1
cabinet 1
cabinet 1
calculate 1
can 1
can 1
can 1
can 1
can 1
can 1
can 1
can 1
can 1
can 1
can 1
can 1
can 1
can 1
can 1
can 1
can 1
can 1
can 1
can 1
can 1
can 1
can 1
can 1
can 1
can 1
can 1
can 1
can 1
can 1
can 1
can 1
can 1
can 1
can 1
can 1
can 1
can 1
can 1
can 1
can 1
can 1
can 1
can 1
can 1
can 1
can 1
can 1
can 1
can 1
can 1
can 1
can 1
can 1
can 1
can 1
can 1
can 1
can 1
can 1
can 1
can 1
can 1
can 1
can 1
can 1
can 1
can 1
can 1
can 1
can 1
can 1
can 1
can 1
can 1
can 1
can 1
can 1
can 1
can 1
can 1
can 1
can 1
can 1
can 1
can 1
can 1
can 1
can 1
can 1
can 1
can 1
can 1
can 1
can 1
can 1
can 1
can 1
can 1
can 1
can 1
can 1
can 1
can 1
can 1
can 1
can 1
can 1
can 1
can 1
can 1
can 1
can 1
can 1
can 1
can 1
can 1
can 1
can 1
can 1
can 1
can 1
can 1
can 1
can 1
can 1
can 1
can 1
can 1
can 1
can 1
can 1
can 1
can 1
can 1
can 1
can 1
can 1
can 1
can 1
can 1
can 1
can 1
can 1
can 1
can 1
can 1
can 1
can 1
can 1
candour 1
candour 1
capable 1
card 1
card 1
cares 1
caressed 1
cashmere 1
cat 1
cell 1
cell 1
cell 1
cell 1
change 1
change 1
change 1
change 1
change 1
change 1
change 1
change 1
change 1
change 1
change 1
change 1
change 1
change 1
change 1
change 1
change 1
change 1
change 1
change 1
change 1
characterizes 1
characters 1
characters 1
charmed 1
charmed 1
charmed 1
charmed 1
charmed 1
charmed 1
charmed 1
charmed 1
charmed 1
chased 1
chased 1
chased 1
child 1
child 1
child 1
child 1
child 1
child 1
child 1
child 1
child 1
child 1
child 1
child 1
child 1
child 1
child 1
child 1
child 1
chime 1
chime 1
chose 1
chromatique 1
civilizations 1
clamped 1
class 1
class 1
class 1
class 1
class 1
class 1
class 1
climax 1
cloak 1
cloak 1
close 1
close 1
close 1
close 1
close 1
close 1
close 1
close 1
close 1
close 1
close 1
close 1
close 1
close 1
close 1
close 1
close 1
coffee 1
coffee 1
coffee 1
coffee 1
coffee 1
coffee 1
coffee 1
coffee 1
come 1
come 1
come 1
come 1
come 1
come 1
come 1
come 1
come 1
come 1
come 1
come 1
come 1
come 1
come 1
come 1
come 1
come 1
come 1
come 1
come 1
come 1
come 1
come 1
come 1
come 1
come 1
come 1
come 1
come 1
come 1
come 1
come 1
come 1
come 1
come 1
come 1
come 1
come 1
come 1
come 1
come 1
come 1
come 1
come 1
come 1
come 1
come 1
come 1
come 1
come 1
come 1
come 1
come 1
come 1
come 1
come 1
come 1
come 1
come 1
come 1
come 1
come 1
come 1
come 1
come 1
come 1
come 1
come 1
come 1
come 1
come 1
come 1
come 1
come 1
come 1
come 1
come 1
come 1
come 1
come 1
come 1
come 1
come 1
come 1
come 1
come 1
come 1
come 1
come 1
come 1
come 1
come 1
come 1
come 1
come 1
come 1
come 1
come 1
come 1
come 1
come 1
come 1
come 1
come 1
come 1
come 1
commercial 1
complex 1
complex 1
complex 1
complex 1
complex 1
complex 1
complex 1
complying 1
complying 1
complying 1
compromised 1
conceals 1
concept 1
concept 1
conjecture 1
connection 1
connection 1
connection 1
consoles 1
contempt 1
contempt 1
contempt 1
contempt 1
contempt 1
contract 1
contract 1
converted 1
convolvulus 1
corpse 1
corpse 1
corpse 1
countrymen 1
courteously 1
courts 1
creator 1
crouch 1
crouching 1
crouching 1
crying 1
crying 1
curate 1
curtain 1
curtain 1
curtain 1
curtain 1
curtain 1
curtain 1
curtain 1
curtain 1
curtain 1
curtain 1
curtain 1
curtain 1
cushioned 1
dandy 1
daughter 1
daughter 1
daughter 1
daughter 1
daughter 1
deadens 1
deal 1
deal 1
deal 1
deal 1
deal 1
deal 1
deal 1
deal 1
deal 1
deal 1
deal 1
dear 1
dear 1
dear 1
dear 1
dear 1
dear 1
dear 1
dear 1
dear 1
dear 1
dear 1
dear 1
dear 1
dear 1
dear 1
dear 1
dear 1
dear 1
dear 1
dear 1
dear 1
dear 1
dear 1
dear 1
dear 1
dear 1
dear 1
dear 1
dear 1
dear 1
dear 1
dear 1
dear 1
dear 1
dear 1
dear 1
dear 1
dear 1
dear 1
dear 1
dear 1
dear 1
dear 1
dear 1
dear 1
dear 1
dear 1
dear 1
dear 1
dear 1
dear 1
dear 1
dear 1
dear 1
dear 1
dear 1
dear 1
dear 1
dear 1
dear 1
dear 1
dear 1
dear 1
dear 1
dear 1
dear 1
dear 1
dear 1
dear 1
dear 1
decay 1
deceiving 1
deceiving 1
decided 1
declaimed 1
defines 1
demeanour 1
denies 1
dens 1
dens 1
dens 1
des 1
des 1
des 1
design 1
design 1
despair 1
despair 1
despair 1
destroy 1
destroy 1
destroy 1
destroy 1
destroy 1
destroy 1
destroy 1
destroy 1
destroy 1
detested 1
detested 1
dipped 1
dipped 1
disappeared 1
disclosed 1
disclosed 1
discord 1
discovered 1
discovered 1
discovered 1
discovered 1
discovered 1
discovered 1
discovered 1
discovered 1
discovered 1
discovered 1
discovered 1
discovered 1
discovered 1
discussion 1
disgraced 1
disgraced 1
disobedience 1
disobedience 1
displaying 1
displaying 1
displaying 1
displaying 1
distorted 1
distorted 1
divan 1
divan 1
divan 1
divan 1
divan 1
divorce 1
divorce 1
docks 1
doctrinaire 1
donation 1
dotted 1
downright 1
draggled 1
drank 1
drinking 1
drinking 1
dripped 1
drove 1
drove 1
drove 1
drove 1
drove 1
drove 1
drove 1
drove 1
drove 1
drove 1
drowsy 1
drowsy 1
drummed 1
duty 1
duty 1
duty 1
duty 1
duty 1
earth 1
earth 1
earth 1
earth 1
earth 1
earth 1
earth 1
easel 1
echoed 1
echoed 1
echoed 1
echoed 1
echoed 1
echoed 1
echoed 1
edition 1
edition 1
edition 1
edition 1
edition 1
edition 1
edition 1
egotism 1
egotism 1
elapse 1
electronically 1
electronically 1
emigrated 1
emotional 1
emotional 1
emotional 1
emotional 1
endures 1
enough 1
enough 1
enough 1
enough 1
enough 1
enough 1
enough 1
enough 1
enough 1
enough 1
enough 1
enough 1
enough 1
enough 1
enough 1
enough 1
enough 1
enough 1
enough 1
enough 1
enraged 1
entertain 1
entertaining 1
enthrall 1
enthusiastic 1
entirely 1
entirely 1
entirely 1
entirely 1
entirely 1
entirely 1
entirely 1
entirely 1
entirely 1
entirely 1
entirely 1
entirely 1
entirely 1
entirely 1
entirely 1
entirely 1
entirely 1
entirely 1
entitles 1
equal 1
escalier 1
escalier 1
espial 1
established 1
estimate 1
eternity 1
eternity 1
eternity 1
excellent 1
excellent 1
excellent 1
excellent 1
excellent 1
excellent 1
exercise 1
exercise 1
exercise 1
exercise 1
exercise 1
exercise 1
exercised 1
exercised 1
exercised 1
expel 1
expel 1
expend 1
experiments 1
experiments 1
explosions 1
exquisitely 1
exquisitely 1
extending 1
extra 1
eyebrows 1
eyebrows 1
eyebrows 1
eyebrows 1
eyebrows 1
eyebrows 1
eyebrows 1
faces 1
faces 1
faces 1
faces 1
faces 1
faces 1
faces 1
faces 1
faces 1
faces 1
failure 1
failure 1
failure 1
failure 1
failure 1
failure 1
faint 1
faint 1
faint 1
faint 1
faint 1
faint 1
faint 1
faint 1
faint 1
family 1
family 1
family 1
fancied 1
fancied 1
fancied 1
fancied 1
fancied 1
fanciful 1
fanciful 1
fanciful 1
fanlike 1
fare 1
fare 1
fawn 1
fear 1
fear 1
fear 1
fear 1
fear 1
fear 1
fear 1
fear 1
fear 1
fear 1
fear 1
fear 1
fear 1
fear 1
fear 1
fee 1
fee 1
fee 1
fee 1
fee 1
fee 1
fee 1
fee 1
feigned 1
feigned 1
fever 1
finds 1
fingered 1
finished 1
finished 1
finished 1
finished 1
finished 1
finished 1
finished 1
finished 1
finished 1
finished 1
finished 1
fired 1
firm 1
fixed 1
fixed 1
fixed 1
fixed 1
fixed 1
flaccid 1
flared 1
flicker 1
flickering 1
flickering 1
flickering 1
flowered 1
fluid 1
flute 1
flute 1
flutter 1
folded 1
follies 1
follies 1
foolish 1
foolish 1
foolish 1
foolish 1
foolish 1
foolish 1
foolish 1
foolish 1
foolish 1
foolish 1
footmen 1
footmen 1
foreign 1
forgive 1
forgive 1
forgive 1
forgive 1
forgive 1
forgive 1
forgive 1
forgive 1
forgive 1
forgiven 1
fourth 1
fragile 1
free 1
free 1
free 1
free 1
free 1
free 1
free 1
free 1
free 1
free 1
free 1
free 1
free 1
from 1
from 1
from 1
from 1
from 1
from 1
from 1
from 1
from 1
from 1
from 1
from 1
from 1
from 1
from 1
from 1
from 1
from 1
from 1
from 1
from 1
from 1
from 1
from 1
from 1
from 1
from 1
from 1
from 1
from 1
from 1
from 1
from 1
from 1
from 1
from 1
from 1
from 1
from 1
from 1
from 1
from 1
from 1
from 1
from 1
from 1
from 1
from 1
from 1
from 1
from 1
from 1
from 1
from 1
from 1
from 1
from 1
from 1
from 1
from 1
from 1
from 1
from 1
from 1
from 1
from 1
from 1
from 1
from 1
from 1
from 1
from 1
from 1
from 1
from 1
from 1
from 1
from 1
from 1
from 1
from 1
from 1
from 1
from 1
from 1
from 1
from 1
from 1
from 1
from 1
from 1
from 1
from 1
from 1
from 1
from 1
from 1
from 1
from 1
from 1
from 1
from 1
from 1
from 1
from 1
from 1
from 1
from 1
from 1
from 1
from 1
from 1
from 1
from 1
from 1
from 1
from 1
from 1
from 1
from 1
from 1
from 1
from 1
from 1
from 1
from 1
from 1
from 1
from 1
from 1
from 1
from 1
from 1
from 1
from 1
from 1
from 1
from 1
from 1
from 1
from 1
from 1
from 1
from 1
from 1
from 1
from 1
from 1
from 1
from 1
from 1
from 1
from 1
from 1
from 1
from 1
from 1
from 1
from 1
from 1
from 1
from 1
from 1
from 1
from 1
from 1
from 1
from 1
from 1
from 1
from 1
from 1
from 1
from 1
from 1
from 1
from 1
from 1
from 1
from 1
from 1
from 1
from 1
from 1
from 1
from 1
from 1
from 1
from 1
from 1
from 1
from 1
from 1
from 1
from 1
from 1
from 1
from 1
from 1
from 1
from 1
from 1
from 1
from 1
from 1
from 1
from 1
from 1
from 1
from 1
from 1
from 1
from 1
from 1
from 1
from 1
from 1
from 1
from 1
from 1
from 1
from 1
from 1
from 1
from 1
from 1
from 1
from 1
from 1
from 1
from 1
from 1
from 1
from 1
from 1
from 1
from 1
from 1
from 1
from 1
from 1
from 1
from 1
from 1
from 1
from 1
from 1
from 1
from 1
from 1
from 1
from 1
from 1
from 1
from 1
frost 1
frost 1
game 1
gardener 1
gardener 1
gardener 1
garrulous 1
gaudy 1
gaudy 1
generous 1
generous 1
getting 1
getting 1
getting 1
getting 1
glad 1
glad 1
glad 1
glad 1
glad 1
glad 1
glad 1
glad 1
glad 1
glad 1
glad 1
glad 1
glad 1
glad 1
glad 1
glad 1
glad 1
glanced 1
glanced 1
glanced 1
glanced 1
glanced 1
glanced 1
glanced 1
glanced 1
glanced 1
glanced 1
glanced 1
glanced 1
glanced 1
glanced 1
glanced 1
glanced 1
glanced 1
glanced 1
glanced 1
gloves 1
gloves 1
gloves 1
gloves 1
goals 1
grapes 1
grapes 1
grasshopper 1
gratifying 1
gratifying 1
greene 1
grievance 1
grimy 1
groans 1
groom 1
gross 1
gross 1
gross 1
groups 1
groups 1
guarded 1
guest 1
gun 1
gun 1
gusty 1
habit 1
habit 1
habit 1
habit 1
habit 1
haggard 1
haggard 1
haggard 1
haggard 1
handed 1
handed 1
handed 1
handkerchief 1
handkerchief 1
handkerchief 1
handkerchief 1
handkerchief 1
handkerchief 1
handkerchief 1
handkerchief 1
harlot 1
harmonies 1
hasn 1
hasn 1
hast 1
hate 1
hate 1
hate 1
hate 1
hate 1
hate 1
hate 1
hate 1
hate 1
hate 1
hate 1
hats 1
hats 1
hats 1
hautboy 1
hearing 1
hearing 1
hearing 1
hearing 1
hearing 1
heat 1
hells 1
here 1
here 1
here 1
here 1
here 1
here 1
here 1
here 1
here 1
here 1
here 1
here 1
here 1
here 1
here 1
here 1
here 1
here 1
here 1
here 1
here 1
here 1
here 1
here 1
here 1
here 1
here 1
here 1
here 1
here 1
here 1
here 1
here 1
here 1
here 1
here 1
hideousness 1
hideousness 1
hills 1
hills 1
himself 1
himself 1
himself 1
himself 1
himself 1
himself 1
himself 1
himself 1
himself 1
himself 1
himself 1
himself 1
himself 1
himself 1
himself 1
himself 1
himself 1
himself 1
himself 1
himself 1
himself 1
himself 1
himself 1
himself 1
himself 1
himself 1
himself 1
himself 1
himself 1
himself 1
himself 1
himself 1
himself 1
himself 1
himself 1
himself 1
himself 1
himself 1
himself 1
himself 1
himself 1
himself 1
himself 1
himself 1
himself 1
himself 1
himself 1
himself 1
himself 1
himself 1
himself 1
himself 1
himself 1
himself 1
himself 1
himself 1
himself 1
himself 1
himself 1
himself 1
himself 1
himself 1
himself 1
himself 1
himself 1
himself 1
himself 1
himself 1
himself 1
himself 1
himself 1
himself 1
himself 1
himself 1
himself 1
himself 1
himself 1
himself 1
himself 1
himself 1
himself 1
himself 1
himself 1
himself 1
himself 1
himself 1
himself 1
himself 1
himself 1
himself 1
himself 1
himself 1
himself 1
himself 1
himself 1
himself 1
himself 1
himself 1
himself 1
himself 1
himself 1
himself 1
himself 1
himself 1
himself 1
himself 1
hinder 1
hissed 1
holder 1
holder 1
holder 1
holder 1
hooked 1
hoped 1
hoped 1
horror 1
horror 1
horror 1
horror 1
horror 1
horror 1
horror 1
horror 1
horror 1
horror 1
horror 1
horror 1
horror 1
horror 1
horror 1
horror 1
horror 1
horror 1
horror 1
horror 1
horror 1
hour 1
hour 1
hour 1
hour 1
hour 1
hour 1
hour 1
hour 1
hour 1
hour 1
hour 1
hour 1
hour 1
hour 1
hour 1
hour 1
hour 1
hour 1
hour 1
hour 1
hour 1
hugged 1
humbug 1
humbug 1
hump 1
hundred 1
hundred 1
hundred 1
hundred 1
hundred 1
hundred 1
hundred 1
hundred 1
hundred 1
hundred 1
husky 1
hydropicus 1
hysterical 1
identification 1
identify 1
idyll 1
impatiently 1
impatiently 1
important 1
important 1
important 1
important 1
important 1
important 1
inclined 1
inclined 1
include 1
incompetent 1
indignation 1
indignation 1
indignation 1
induce 1
induce 1
influences 1
influences 1
influences 1
influences 1
information 1
information 1
information 1
information 1
information 1
information 1
information 1
infringement 1
infused 1
inhales 1
inheritance 1
innocent 1
innocent 1
innocent 1
inquisitive 1
inquisitive 1
insist 1
insist 1
insist 1
insist 1
inspire 1
intend 1
intend 1
intention 1
interest 1
interest 1
interest 1
interest 1
interest 1
interest 1
interest 1
interest 1
interest 1
interest 1
interest 1
interest 1
interest 1
interest 1
interest 1
interest 1
interest 1
interest 1
interpreted 1
intervals 1
intimately 1
intruding 1
invent 1
invention 1
irrevocable 1
irrevocable 1
jesting 1
join 1
join 1
join 1
join 1
jovially 1
joyeux 1
juice 1
juice 1
keenness 1
kept 1
kept 1
kept 1
kept 1
kept 1
kept 1
kept 1
kept 1
kept 1
kept 1
kept 1
kept 1
kept 1
kept 1
kept 1
kept 1
kept 1
kept 1
kept 1
kill 1
kill 1
kill 1
kill 1
kill 1
kill 1
kill 1
kill 1
kill 1
kill 1
kill 1
kill 1
kill 1
kind 1
kind 1
kind 1
kind 1
kind 1
kind 1
kind 1
kind 1
kind 1
kind 1
kind 1
kind 1
kind 1
kind 1
kind 1
kind 1
kind 1
kind 1
kind 1
kind 1
kind 1
kind 1
kind 1
kind 1
kind 1
kind 1
kind 1
kings 1
knocking 1
lank 1
late 1
late 1
late 1
late 1
late 1
late 1
late 1
late 1
late 1
late 1
late 1
late 1
late 1
late 1
late 1
late 1
late 1
late 1
late 1
late 1
late 1
late 1
late 1
late 1
late 1
latten 1
leer 1
length 1
length 1
leper 1
leprosies 1
lethargy 1
life 1
life 1
life 1
life 1
life 1
life 1
life 1
life 1
life 1
life 1
life 1
life 1
life 1
life 1
life 1
life 1
life 1
life 1
life 1
life 1
life 1
life 1
life 1
life 1
life 1
life 1
life 1
life 1
life 1
life 1
life 1
life 1
life 1
life 1
life 1
life 1
life 1
life 1
life 1
life 1
life 1
life 1
life 1
life 1
life 1
life 1
life 1
life 1
life 1
life 1
life 1
life 1
life 1
life 1
life 1
life 1
life 1
life 1
life 1
life 1
life 1
life 1
life 1
life 1
life 1
life 1
life 1
life 1
life 1
life 1
life 1
life 1
life 1
life 1
life 1
life 1
life 1
life 1
life 1
life 1
life 1
life 1
life 1
life 1
life 1
life 1
life 1
life 1
life 1
life 1
life 1
life 1
life 1
life 1
life 1
life 1
life 1
life 1
life 1
life 1
life 1
life 1
life 1
life 1
life 1
life 1
life 1
life 1
life 1
life 1
life 1
life 1
life 1
life 1
life 1
life 1
life 1
life 1
life 1
life 1
life 1
life 1
life 1
life 1
life 1
life 1
life 1
life 1
life 1
life 1
life 1
life 1
life 1
life 1
life 1
life 1
life 1
life 1
life 1
life 1
life 1
life 1
life 1
life 1
life 1
life 1
life 1
life 1
life 1
life 1
life 1
life 1
life 1
life 1
life 1
life 1
life 1
life 1
life 1
life 1
life 1
life 1
life 1
life 1
life 1
life 1
life 1
life 1
life 1
life 1
life 1
life 1
life 1
life 1
life 1
life 1
life 1
life 1
life 1
life 1
life 1
life 1
life 1
life 1
life 1
life 1
life 1
life 1
life 1
life 1
life 1
life 1
life 1
life 1
life 1
life 1
life 1
life 1
life 1
life 1
life 1
life 1
life 1
life 1
life 1
life 1
life 1
life 1
life 1
life 1
life 1
life 1
life 1
life 1
life 1
life 1
life 1
life 1
life 1
life 1
life 1
lighting 1
lighting 1
lighting 1
lightning 1
lightning 1
liking 1
lilacs 1
limitation 1
limitation 1
limitation 1
lisp 1
load 1
load 1
locked 1
locked 1
locked 1
locked 1
locked 1
locked 1
locked 1
locked 1
locked 1
log 1
longing 1
longing 1
longing 1
losing 1
losing 1
loud 1
loud 1
lunch 1
lunch 1
lunch 1
lunch 1
lunch 1
lunch 1
lunch 1
lute 1
maiden 1
maim 1
mal 1
mandolin 1
mannered 1
mannerism 1
manners 1
manners 1
mask 1
mask 1
mask 1
mask 1
mask 1
mask 1
mask 1
mask 1
mask 1
mauve 1
mauve 1
meals 1
meaningless 1
meaningless 1
medallions 1
medallions 1
mellow 1
mellow 1
mellow 1
member 1
member 1
member 1
member 1
metaphysics 1
mind 1
mind 1
mind 1
mind 1
mind 1
mind 1
mind 1
mind 1
mind 1
mind 1
mind 1
mind 1
mind 1
mind 1
mind 1
mind 1
mind 1
mind 1
mind 1
mind 1
mind 1
mind 1
mind 1
mind 1
mind 1
mind 1
mind 1
mind 1
mind 1
mind 1
mind 1
mind 1
mirrored 1
mission 1
mission 1
mission 1
misunderstood 1
moist 1
mortem 1
motion 1
mouldings 1
moving 1
moving 1
moving 1
moving 1
moving 1
moving 1
moving 1
mufflers 1
murderous 1
murky 1
murmuring 1
musical 1
musical 1
musical 1
musical 1
musical 1
mutilation 1
mysterious 1
mysterious 1
mysterious 1
mysterious 1
mysterious 1
mysterious 1
mysterious 1
napkins 1
necessarily 1
necessarily 1
nine 1
nine 1
nine 1
nine 1
nine 1
nine 1
nine 1
nine 1
nodded 1
none 1
none 1
none 1
none 1
none 1
none 1
none 1
noon 1
observation 1
observation 1
offering 1
one 1
one 1
one 1
one 1
one 1
one 1
one 1
one 1
one 1
one 1
one 1
one 1
one 1
one 1
one 1
one 1
one 1
one 1
one 1
one 1
one 1
one 1
one 1
one 1
one 1
one 1
one 1
one 1
one 1
one 1
one 1
one 1
one 1
one 1
one 1
one 1
one 1
one 1
one 1
one 1
one 1
one 1
one 1
one 1
one 1
one 1
one 1
one 1
one 1
one 1
one 1
one 1
one 1
one 1
one 1
one 1
one 1
one 1
one 1
one 1
one 1
one 1
one 1
one 1
one 1
one 1
one 1
one 1
one 1
one 1
one 1
one 1
one 1
one 1
one 1
one 1
one 1
one 1
one 1
one 1
one 1
one 1
one 1
one 1
one 1
one 1
one 1
one 1
one 1
one 1
one 1
one 1
one 1
one 1
one 1
one 1
one 1
one 1
one 1
one 1
one 1
one 1
one 1
one 1
one 1
one 1
one 1
one 1
one 1
one 1
one 1
one 1
one 1
one 1
one 1
one 1
one 1
one 1
one 1
one 1
one 1
one 1
one 1
one 1
one 1
one 1
one 1
one 1
one 1
one 1
one 1
one 1
one 1
one 1
one 1
one 1
one 1
one 1
one 1
one 1
one 1
one 1
one 1
one 1
one 1
one 1
one 1
one 1
one 1
one 1
one 1
one 1
one 1
one 1
one 1
one 1
one 1
one 1
one 1
one 1
one 1
one 1
one 1
one 1
one 1
one 1
one 1
one 1
one 1
one 1
one 1
one 1
one 1
one 1
one 1
one 1
one 1
one 1
one 1
one 1
one 1
one 1
one 1
one 1
one 1
one 1
one 1
one 1
one 1
one 1
one 1
one 1
one 1
one 1
one 1
one 1
one 1
one 1
one 1
one 1
one 1
one 1
one 1
one 1
one 1
one 1
one 1
one 1
one 1
one 1
one 1
one 1
one 1
one 1
one 1
one 1
one 1
one 1
one 1
one 1
one 1
one 1
one 1
one 1
one 1
one 1
one 1
one 1
one 1
one 1
one 1
one 1
one 1
one 1
one 1
one 1
one 1
one 1
one 1
one 1
one 1
one 1
one 1
one 1
one 1
one 1
one 1
one 1
one 1
one 1
one 1
one 1
one 1
one 1
one 1
one 1
one 1
one 1
one 1
one 1
one 1
one 1
one 1
one 1
one 1
one 1
one 1
one 1
one 1
one 1
one 1
one 1
one 1
one 1
one 1
one 1
one 1
one 1
one 1
one 1
one 1
one 1
one 1
one 1
one 1
one 1
one 1
one 1
one 1
one 1
one 1
one 1
one 1
one 1
one 1
one 1
one 1
one 1
one 1
one 1
one 1
one 1
one 1
one 1
one 1
one 1
one 1
one 1
one 1
one 1
one 1
one 1
one 1
one 1
one 1
one 1
one 1
one 1
one 1
one 1
one 1
one 1
one 1
one 1
one 1
one 1
one 1
one 1
one 1
one 1
one 1
one 1
one 1
one 1
one 1
one 1
one 1
one 1
one 1
one 1
one 1
one 1
one 1
one 1
one 1
one 1
one 1
one 1
one 1
one 1
one 1
one 1
one 1
one 1
one 1
one 1
one 1
one 1
one 1
one 1
one 1
one 1
one 1
one 1
one 1
one 1
one 1
one 1
one 1
one 1
one 1
one 1
one 1
one 1
one 1
one 1
one 1
one 1
one 1
one 1
one 1
one 1
one 1
one 1
one 1
one 1
one 1
one 1
one 1
one 1
one 1
one 1
one 1
one 1
one 1
one 1
one 1
one 1
one 1
one 1
one 1
one 1
one 1
only 1
only 1
only 1
only 1
only 1
only 1
only 1
only 1
only 1
only 1
only 1
only 1
only 1
only 1
only 1
only 1
only 1
only 1
only 1
only 1
only 1
only 1
only 1
only 1
only 1
only 1
only 1
only 1
only 1
only 1
only 1
only 1
only 1
only 1
only 1
only 1
only 1
only 1
only 1
only 1
only 1
only 1
only 1
only 1
only 1
only 1
only 1
only 1
only 1
only 1
only 1
only 1
only 1
only 1
only 1
only 1
only 1
only 1
only 1
only 1
only 1
only 1
only 1
only 1
only 1
only 1
only 1
only 1
only 1
only 1
only 1
only 1
only 1
only 1
only 1
only 1
only 1
only 1
only 1
only 1
only 1
only 1
only 1
only 1
only 1
only 1
only 1
only 1
only 1
only 1
only 1
only 1
only 1
only 1
only 1
only 1
only 1
only 1
only 1
only 1
only 1
only 1
only 1
only 1
only 1
only 1
opal 1
opal 1
opal 1
order 1
order 1
order 1
order 1
order 1
org 1
org 1
org 1
org 1
org 1
org 1
org 1
org 1
originator 1
ourselves 1
ourselves 1
ourselves 1
ourselves 1
ourselves 1
ourselves 1
ourselves 1
ourselves 1
ourselves 1
ourselves 1
ourselves 1
outstretched 1
outstretched 1
overemphasized 1
overemphasized 1
overhead 1
overhead 1
overladen 1
painters 1
painters 1
painting 1
painting 1
painting 1
painting 1
painting 1
painting 1
painting 1
painting 1
painting 1
painting 1
painting 1
painting 1
painting 1
painting 1
painting 1
painting 1
painting 1
painting 1
palace 1
palace 1
pallor 1
palm 1
palm 1
particularly 1
particularly 1
patch 1
patron 1
pause 1
pause 1
pause 1
pause 1
pause 1
pause 1
pause 1
paying 1
paying 1
paying 1
paying 1
peace 1
peace 1
peace 1
peace 1
peace 1
peries 1
permitted 1
permitted 1
perplexity 1
personal 1
personal 1
personalities 1
personalities 1
petal 1
pglaf 1
pglaf 1
pglaf 1
pglaf 1
pglaf 1
pglaf 1
pglaf 1
pictured 1
pictured 1
pictured 1
plague 1
plans 1
platinum 1
pleased 1
pleased 1
pleased 1
pleased 1
pleasures 1
pleasures 1
pleasures 1
pleasures 1
pleasures 1
plenitude 1
plodded 1
plucked 1
plucked 1
plucked 1
point 1
point 1
point 1
point 1
point 1
point 1
point 1
point 1
point 1
point 1
point 1
point 1
point 1
point 1
point 1
point 1
point 1
point 1
pointing 1
pointing 1
policeman 1
policeman 1
policeman 1
policeman 1
policeman 1
policemen 1
pomander 1
pomp 1
pomp 1
post 1
post 1
post 1
post 1
post 1
practising 1
precis 1
prefer 1
prefix 1
prejudices 1
prejudices 1
prejudices 1
prejudices 1
prejudices 1
presentation 1
presided 1
pressed 1
pressed 1
primers 1
princes 1
prisoned 1
prolonged 1
prophet 1
providing 1
providing 1
providing 1
providing 1
pulses 1
punished 1
punished 1
punished 1
punished 1
punished 1
pushes 1
quarrelling 1
quarter 1
quarter 1
quarter 1
quarter 1
quarter 1
quarter 1
quarter 1
quarter 1
question 1
question 1
question 1
question 1
question 1
question 1
question 1
question 1
question 1
question 1
question 1
question 1
question 1
question 1
rainbow 1
rank 1
rank 1
rank 1
rate 1
rate 1
rate 1
rate 1
rate 1
rate 1
rate 1
rate 1
rate 1
rate 1
rate 1
rate 1
rate 1
rate 1
rate 1
rate 1
rate 1
rate 1
rate 1
read 1
read 1
read 1
read 1
read 1
read 1
read 1
read 1
read 1
read 1
read 1
read 1
read 1
read 1
read 1
read 1
read 1
read 1
read 1
read 1
read 1
read 1
read 1
read 1
read 1
read 1
read 1
read 1
read 1
read 1
read 1
read 1
reading 1
reading 1
reading 1
reading 1
reading 1
reality 1
reality 1
reality 1
reality 1
reality 1
reality 1
reality 1
reality 1
reality 1
reality 1
reality 1
reality 1
reality 1
rebuke 1
receipt 1
receipt 1
recite 1
reckless 1
reckless 1
reckless 1
refuge 1
registered 1
registered 1
regrets 1
regrets 1
regrets 1
regrets 1
regrets 1
rein 1
rejoinder 1
remembers 1
remote 1
remote 1
remote 1
remove 1
replace 1
replacement 1
replacement 1
replacement 1
reproaching 1
responsibilities 1
results 1
results 1
right 1
right 1
right 1
right 1
right 1
right 1
right 1
right 1
right 1
right 1
right 1
right 1
right 1
right 1
right 1
right 1
right 1
right 1
right 1
right 1
right 1
right 1
right 1
right 1
right 1
right 1
right 1
right 1
right 1
right 1
right 1
right 1
right 1
right 1
right 1
right 1
right 1
right 1
right 1
right 1
right 1
right 1
right 1
right 1
right 1
right 1
right 1
right 1
right 1
right 1
right 1
road 1
road 1
roar 1
robbed 1
robber 1
robed 1
rocks 1
romanticism 1
rue 1
sacking 1
sacred 1
sacred 1
saddened 1
sailor 1
sailor 1
sailor 1
sailor 1
sailor 1
sailor 1
sailor 1
sailor 1
sailor 1
sailor 1
sailor 1
saints 1
saints 1
sallow 1
saloon 1
sanguine 1
satinwood 1
satinwood 1
savages 1
scarcely 1
scarlet 1
scarlet 1
scarlet 1
scarlet 1
scarlet 1
scarlet 1
scarlet 1
scarlet 1
scarlet 1
scarlet 1
scarlet 1
scarlet 1
scarlet 1
scarlet 1
scarlet 1
scarlet 1
scarlet 1
scarlet 1
schoolbooks 1
schoolboy 1
schoolboy 1
schoolgirl 1
seeds 1
seeds 1
send 1
send 1
send 1
send 1
send 1
send 1
send 1
send 1
send 1
send 1
send 1
send 1
send 1
send 1
send 1
sentimental 1
sentimental 1
sentimental 1
separation 1
settles 1
shall 1
shall 1
shall 1
shall 1
shall 1
shall 1
shall 1
shall 1
shall 1
shall 1
shall 1
shall 1
shall 1
shall 1
shall 1
shall 1
shall 1
shall 1
shall 1
shall 1
shall 1
shall 1
shall 1
shall 1
shall 1
shall 1
shall 1
shall 1
shall 1
shall 1
shall 1
shall 1
shall 1
shall 1
shall 1
shall 1
shall 1
shall 1
shall 1
shall 1
shall 1
shall 1
shall 1
shall 1
shall 1
shall 1
shall 1
shall 1
shall 1
shall 1
shall 1
shall 1
shall 1
shall 1
shall 1
shall 1
shall 1
shall 1
shall 1
shall 1
shall 1
shall 1
shall 1
shall 1
shall 1
shall 1
shall 1
shall 1
shall 1
shall 1
shall 1
shall 1
shall 1
shall 1
shall 1
shall 1
shall 1
shall 1
shall 1
shallow 1
shallow 1
shallow 1
shallow 1
shallow 1
shallow 1
shallow 1
shallow 1
shallow 1
shallow 1
shallow 1
shallow 1
shallow 1
shallow 1
shallow 1
shame 1
shame 1
shame 1
shame 1
shame 1
shame 1
shame 1
shame 1
shame 1
shame 1
shame 1
shame 1
shame 1
shame 1
shame 1
shame 1
shame 1
shame 1
shan 1
shan 1
shan 1
shan 1
shan 1
shapes 1
shapes 1
shapes 1
shapes 1
shapes 1
shod 1
shook 1
shook 1
shook 1
shook 1
shook 1
shook 1
shook 1
shook 1
shook 1
shook 1
shook 1
shook 1
shook 1
shook 1
shook 1
shook 1
shook 1
shook 1
shook 1
shook 1
shook 1
shook 1
shook 1
shook 1
shook 1
shook 1
shook 1
shook 1
shut 1
shut 1
shut 1
shut 1
shut 1
shut 1
sickens 1
sighted 1
similarly 1
singed 1
sir 1
sir 1
sir 1
sir 1
sir 1
sir 1
sir 1
sir 1
sir 1
sir 1
sir 1
sir 1
sir 1
sir 1
sir 1
sir 1
sir 1
sir 1
sir 1
sir 1
sir 1
sir 1
sir 1
sir 1
sir 1
sir 1
sir 1
sir 1
sir 1
sir 1
sir 1
sir 1
sir 1
sir 1
sir 1
sir 1
sir 1
sir 1
slimy 1
slippers 1
sloping 1
sluggish 1
sluggish 1
smiled 1
smiled 1
smiled 1
smiled 1
smiled 1
smiled 1
smiled 1
smiled 1
smiled 1
smiled 1
smiled 1
smiled 1
smiled 1
smiled 1
smiled 1
smiled 1
smiled 1
smocked 1
snowed 1
so 1
so 1
so 1
so 1
so 1
so 1
so 1
so 1
so 1
so 1
so 1
so 1
so 1
so 1
so 1
so 1
so 1
so 1
so 1
so 1
so 1
so 1
so 1
so 1
so 1
so 1
so 1
so 1
so 1
so 1
so 1
so 1
so 1
so 1
so 1
so 1
so 1
so 1
so 1
so 1
so 1
so 1
so 1
so 1
so 1
so 1
so 1
so 1
so 1
so 1
so 1
so 1
so 1
so 1
so 1
so 1
so 1
so 1
so 1
so 1
so 1
so 1
so 1
so 1
so 1
so 1
so 1
so 1
so 1
so 1
so 1
so 1
so 1
so 1
so 1
so 1
so 1
so 1
so 1
so 1
so 1
so 1
so 1
so 1
so 1
so 1
so 1
so 1
so 1
so 1
so 1
so 1
so 1
so 1
so 1
so 1
so 1
so 1
so 1
so 1
so 1
so 1
so 1
so 1
so 1
so 1
so 1
so 1
so 1
so 1
so 1
so 1
so 1
so 1
so 1
so 1
so 1
so 1
so 1
so 1
so 1
so 1
so 1
so 1
so 1
so 1
so 1
so 1
so 1
so 1
so 1
so 1
so 1
so 1
so 1
so 1
so 1
so 1
so 1
so 1
so 1
so 1
so 1
so 1
so 1
so 1
so 1
so 1
so 1
so 1
so 1
so 1
so 1
so 1
so 1
so 1
so 1
so 1
so 1
so 1
so 1
so 1
so 1
so 1
so 1
so 1
so 1
so 1
so 1
so 1
so 1
so 1
so 1
so 1
so 1
so 1
so 1
so 1
so 1
so 1
so 1
so 1
so 1
so 1
so 1
so 1
so 1
so 1
so 1
so 1
so 1
so 1
so 1
so 1
so 1
so 1
so 1
so 1
so 1
so 1
so 1
so 1
so 1
so 1
so 1
so 1
so 1
so 1
so 1
so 1
so 1
so 1
so 1
so 1
so 1
so 1
so 1
so 1
so 1
so 1
so 1
so 1
so 1
so 1
so 1
so 1
so 1
so 1
so 1
so 1
so 1
so 1
so 1
so 1
so 1
so 1
so 1
so 1
so 1
so 1
so 1
soft 1
somebody 1
somebody 1
somebody 1
son 1
son 1
son 1
son 1
son 1
son 1
son 1
son 1
son 1
son 1
son 1
son 1
son 1
son 1
son 1
son 1
son 1
son 1
son 1
son 1
son 1
son 1
sooner 1
sooner 1
sooner 1
sooner 1
sooner 1
sorrow 1
sorrow 1
sorrow 1
sorrow 1
sorrow 1
sorrow 1
sorrow 1
sorrow 1
sorrow 1
sorrow 1
sort 1
sort 1
sort 1
sort 1
sort 1
sort 1
sort 1
sort 1
sort 1
sort 1
sort 1
sort 1
sort 1
sort 1
sort 1
sort 1
sort 1
sort 1
sort 1
sort 1
souls 1
souls 1
soupir 1
speak 1
speak 1
speak 1
speak 1
speak 1
speak 1
speak 1
speak 1
speak 1
speak 1
speak 1
speak 1
speak 1
speak 1
speak 1
speak 1
speak 1
speak 1
speak 1
specified 1
specified 1
spectacle 1
spectacle 1
speeches 1
spell 1
spend 1
spend 1
spirited 1
spiritualizes 1
splendour 1
splendour 1
spot 1
squat 1
stairs 1
stand 1
stand 1
stand 1
stand 1
stand 1
stand 1
stand 1
staring 1
staring 1
staring 1
start 1
start 1
statements 1
status 1
status 1
status 1
status 1
steady 1
sterile 1
sterile 1
stern 1
stern 1
stern 1
stern 1
stern 1
stern 1
stern 1
straightened 1
stretched 1
stretched 1
stretched 1
stretched 1
stretched 1
stretched 1
stretched 1
stretched 1
strike 1
strike 1
strike 1
strings 1
strongly 1
strongly 1
strongly 1
strongly 1
studio 1
studio 1
studio 1
studio 1
studio 1
studio 1
studio 1
studio 1
studio 1
studio 1
studio 1
studio 1
studio 1
studio 1
studio 1
studio 1
studio 1
studio 1
substance 1
suddenly 1
suddenly 1
suddenly 1
suddenly 1
suddenly 1
suddenly 1
suddenly 1
suddenly 1
suddenly 1
suddenly 1
suddenly 1
suddenly 1
suddenly 1
suddenly 1
suddenly 1
suddenly 1
suddenly 1
suddenly 1
suddenly 1
suddenly 1
suddenly 1
suddenly 1
suddenly 1
suddenly 1
suddenly 1
suddenly 1
suddenly 1
suddenly 1
suggestion 1
suggestion 1
suggestion 1
suis 1
suits 1
sunbeams 1
sup 1
sup 1
suspected 1
suspected 1
suspected 1
swarthy 1
sweet 1
sweet 1
sweet 1
sweet 1
sweet 1
sweet 1
symbol 1
symbol 1
symbol 1
symbol 1
taking 1
taking 1
taking 1
taking 1
taking 1
taking 1
taking 1
taking 1
taking 1
taking 1
taking 1
taking 1
taking 1
taking 1
taking 1
taking 1
talk 1
talk 1
talk 1
talk 1
talk 1
talk 1
talk 1
talk 1
talk 1
talk 1
talk 1
talk 1
talk 1
talk 1
talk 1
talk 1
talk 1
talk 1
talk 1
talk 1
talk 1
talk 1
talk 1
talk 1
talk 1
talk 1
talk 1
talk 1
talk 1
talk 1
talk 1
talk 1
talk 1
talk 1
talk 1
talk 1
talk 1
talk 1
talk 1
talk 1
talk 1
talk 1
talk 1
tarry 1
tasting 1
tavern 1
tawdrily 1
tear 1
tear 1
tear 1
tear 1
tearing 1
tearing 1
tearing 1
tearing 1
tempest 1
temptations 1
temptations 1
thank 1
thank 1
their 1
their 1
their 1
their 1
their 1
their 1
their 1
their 1
their 1
their 1
their 1
their 1
their 1
their 1
their 1
their 1
their 1
their 1
their 1
their 1
their 1
their 1
their 1
their 1
their 1
their 1
their 1
their 1
their 1
their 1
their 1
their 1
their 1
their 1
their 1
their 1
their 1
their 1
their 1
their 1
their 1
their 1
their 1
their 1
their 1
their 1
their 1
their 1
their 1
their 1
their 1
their 1
their 1
their 1
their 1
their 1
their 1
their 1
their 1
their 1
their 1
their 1
their 1
their 1
their 1
their 1
their 1
their 1
their 1
their 1
their 1
their 1
their 1
their 1
their 1
their 1
their 1
their 1
their 1
their 1
their 1
their 1
their 1
their 1
their 1
their 1
their 1
their 1
their 1
their 1
their 1
their 1
their 1
their 1
their 1
their 1
their 1
their 1
their 1
their 1
their 1
their 1
their 1
their 1
their 1
their 1
their 1
their 1
their 1
their 1
their 1
their 1
their 1
their 1
their 1
their 1
their 1
their 1
their 1
their 1
their 1
their 1
their 1
their 1
their 1
their 1
their 1
their 1
their 1
their 1
their 1
their 1
their 1
their 1
their 1
their 1
their 1
their 1
their 1
their 1
their 1
their 1
their 1
their 1
their 1
their 1
their 1
their 1
their 1
their 1
their 1
thieves 1
thieves 1
think 1
think 1
think 1
think 1
think 1
think 1
think 1
think 1
think 1
think 1
think 1
think 1
think 1
think 1
think 1
think 1
think 1
think 1
think 1
think 1
think 1
think 1
think 1
think 1
think 1
think 1
think 1
think 1
think 1
think 1
think 1
think 1
think 1
think 1
think 1
think 1
think 1
think 1
think 1
think 1
think 1
think 1
think 1
think 1
think 1
think 1
think 1
think 1
think 1
think 1
think 1
think 1
think 1
think 1
think 1
think 1
think 1
think 1
think 1
think 1
think 1
think 1
think 1
think 1
think 1
think 1
think 1
think 1
think 1
think 1
think 1
think 1
think 1
think 1
think 1
think 1
think 1
think 1
think 1
think 1
think 1
think 1
think 1
think 1
think 1
think 1
think 1
think 1
think 1
think 1
think 1
think 1
think 1
think 1
think 1
think 1
think 1
think 1
think 1
think 1
think 1
think 1
think 1
think 1
think 1
think 1
think 1
think 1
think 1
think 1
think 1
think 1
think 1
think 1
think 1
think 1
think 1
think 1
think 1
think 1
think 1
think 1
think 1
think 1
think 1
think 1
thoughtless 1
thoughtless 1
thousand 1
thousand 1
thousand 1
thousand 1
thousand 1
thread 1
thread 1
thread 1
thread 1
thread 1
thread 1
thread 1
throat 1
throat 1
throat 1
throat 1
throat 1
throat 1
throat 1
throat 1
throat 1
throat 1
tight 1
tight 1
tiled 1
times 1
times 1
times 1
times 1
times 1
times 1
times 1
times 1
times 1
times 1
times 1
times 1
times 1
times 1
times 1
times 1
times 1
times 1
times 1
times 1
times 1
times 1
times 1
times 1
toad 1
tongue 1
tongue 1
tongue 1
tore 1
tore 1
tore 1
tore 1
tore 1
toy 1
toying 1
tramping 1
tramping 1
trampling 1
trappings 1
travel 1
tread 1
trembles 1
truculent 1
true 1
true 1
true 1
true 1
true 1
true 1
true 1
true 1
true 1
true 1
true 1
true 1
true 1
true 1
true 1
true 1
true 1
true 1
true 1
true 1
true 1
true 1
true 1
true 1
true 1
true 1
true 1
true 1
true 1
true 1
true 1
true 1
true 1
true 1
true 1
true 1
true 1
true 1
true 1
true 1
true 1
true 1
true 1
true 1
true 1
true 1
true 1
true 1
true 1
twentieth 1
twilight 1
tyrannized 1
unadulterated 1
understand 1
understand 1
understand 1
understand 1
understand 1
understand 1
understand 1
understand 1
understand 1
understand 1
understand 1
understand 1
understand 1
understand 1
understand 1
understand 1
understand 1
understand 1
understand 1
understand 1
understand 1
understand 1
understand 1
understand 1
understand 1
uneducated 1
unromantic 1
unsympathetic 1
until 1
until 1
vague 1
vague 1
vengeance 1
vengeance 1
verses 1
verses 1
verses 1
vessel 1
victim 1
viewed 1
views 1
views 1
views 1
views 1
views 1
views 1
views 1
villa 1
villa 1
villa 1
vinaigrette 1
viol 1
violets 1
violets 1
violets 1
wandered 1
wandered 1
wandered 1
wandered 1
wanting 1
wanting 1
warning 1
warning 1
warning 1
warning 1
warning 1
warning 1
watery 1
waves 1
waves 1
waves 1
waves 1
wax 1
wears 1
wears 1
weather 1
wedding 1
weeds 1
week 1
week 1
week 1
week 1
week 1
week 1
week 1
week 1
week 1
week 1
weeps 1
wherever 1
wherever 1
wherever 1
wherever 1
whiskered 1
whiskered 1
whitewashing 1
who 1
who 1
who 1
who 1
who 1
who 1
who 1
who 1
who 1
who 1
who 1
who 1
who 1
who 1
who 1
who 1
who 1
who 1
who 1
who 1
who 1
who 1
who 1
who 1
who 1
who 1
who 1
who 1
who 1
who 1
who 1
who 1
who 1
who 1
who 1
who 1
who 1
who 1
who 1
who 1
who 1
who 1
who 1
who 1
who 1
who 1
who 1
who 1
who 1
who 1
who 1
who 1
who 1
who 1
who 1
who 1
who 1
who 1
who 1
who 1
who 1
who 1
who 1
who 1
who 1
who 1
who 1
who 1
who 1
who 1
who 1
who 1
who 1
who 1
who 1
who 1
who 1
who 1
who 1
who 1
who 1
who 1
who 1
who 1
who 1
who 1
who 1
who 1
who 1
who 1
who 1
who 1
who 1
who 1
who 1
who 1
who 1
who 1
who 1
who 1
who 1
who 1
who 1
who 1
who 1
who 1
who 1
who 1
who 1
who 1
who 1
who 1
who 1
who 1
who 1
who 1
who 1
who 1
who 1
who 1
who 1
who 1
who 1
who 1
who 1
who 1
who 1
who 1
who 1
who 1
who 1
who 1
who 1
who 1
who 1
who 1
who 1
who 1
who 1
who 1
who 1
who 1
who 1
who 1
who 1
who 1
who 1
who 1
who 1
who 1
who 1
who 1
who 1
who 1
who 1
who 1
who 1
who 1
who 1
who 1
who 1
who 1
who 1
who 1
who 1
who 1
who 1
who 1
who 1
who 1
who 1
who 1
who 1
who 1
who 1
who 1
who 1
who 1
who 1
who 1
who 1
who 1
who 1
who 1
who 1
who 1
who 1
who 1
who 1
who 1
who 1
who 1
who 1
who 1
who 1
who 1
who 1
who 1
who 1
who 1
who 1
who 1
who 1
who 1
who 1
who 1
who 1
who 1
who 1
who 1
who 1
who 1
who 1
who 1
window 1
window 1
window 1
window 1
window 1
window 1
window 1
window 1
window 1
window 1
window 1
window 1
window 1
window 1
window 1
window 1
window 1
window 1
window 1
window 1
window 1
without 1
without 1
without 1
without 1
without 1
without 1
without 1
without 1
without 1
without 1
without 1
without 1
without 1
without 1
without 1
without 1
without 1
without 1
without 1
without 1
without 1
without 1
without 1
without 1
without 1
without 1
without 1
without 1
without 1
without 1
without 1
without 1
without 1
without 1
without 1
woke 1
woke 1
woke 1
women 1
women 1
women 1
women 1
women 1
women 1
women 1
women 1
women 1
women 1
women 1
women 1
women 1
women 1
women 1
women 1
women 1
women 1
women 1
women 1
women 1
women 1
women 1
women 1
women 1
women 1
women 1
women 1
women 1
women 1
women 1
women 1
women 1
women 1
women 1
women 1
women 1
women 1
women 1
women 1
women 1
women 1
women 1
women 1
women 1
women 1
women 1
women 1
women 1
women 1
women 1
works 1
works 1
works 1
works 1
works 1
works 1
works 1
works 1
works 1
works 1
works 1
works 1
works 1
works 1
works 1
works 1
works 1
works 1
works 1
works 1
works 1
works 1
works 1
works 1
works 1
works 1
works 1
works 1
works 1
works 1
works 1
works 1
worse 1
worse 1
worse 1
worse 1
worse 1
worse 1
worse 1
worse 1
worse 1
worse 1
writing 1
writing 1
writing 1
writing 1
wrongs 1
wry 1
yours 1
yours 1
yours 1
yours 1
yours 1
yours 1
