AGREE 1
AGREE 1
ANY 1
ANY 1
ANY 1
Anna 1
Anna 1
Archive 1
Archive 1
Archive 1
Archive 1
Archive 1
Archive 1
Archive 1
Archive 1
Archive 1
Archive 1
Archive 1
Archive 1
Archive 1
D 1
Date 1
Dr 1
Dr 1
Drawn 1
EVEN 1
EXPRESS 1
English 1
FITNESS 1
From 1
From 1
From 1
Gregor 1
Gregor 1
Gregor 1
Gregor 1
Gregor 1
Gregor 1
Gregor 1
Gregor 1
Gregor 1
Gregor 1
Gregor 1
Gregor 1
Gregor 1
Gregor 1
Gregor 1
Gregor 1
Gregor 1
Gregor 1
Gregor 1
Gregor 1
Gregor 1
Gregor 1
Gregor 1
Gregor 1
Gregor 1
Gregor 1
Gregor 1
Gregor 1
Gregor 1
Gregor 1
Gregor 1
Gregor 1
Gregor 1
Gregor 1
Gregor 1
Gregor 1
Gregor 1
Gregor 1
Gregor 1
Gregor 1
Gregor 1
Gregor 1
Gregor 1
Gregor 1
Gregor 1
Gregor 1
Gregor 1
Gregor 1
Gregor 1
Gregor 1
Gregor 1
Gregor 1
Gregor 1
Gregor 1
Gregor 1
Gregor 1
Gregor 1
Gregor 1
Gregor 1
Gregor 1
Gregor 1
Gregor 1
Gregor 1
Gregor 1
Gregor 1
Gregor 1
Gregor 1
Gregor 1
Gregor 1
Gregor 1
Gregor 1
Gregor 1
Gregor 1
Gregor 1
Gregor 1
Gregor 1
Gregor 1
Gregor 1
Gregor 1
Gregor 1
Gregor 1
Gregor 1
Gregor 1
Gregor 1
Gregor 1
Gregor 1
Gregor 1
Gregor 1
Gregor 1
Gregor 1
Gregor 1
Gregor 1
Gregor 1
Gregor 1
Gregor 1
Gregor 1
Gregor 1
Gregor 1
Gregor 1
Gregor 1
Gregor 1
Gregor 1
Gregor 1
Gregor 1
Gregor 1
Gregor 1
Gregor 1
Gregor 1
Gregor 1
Gregor 1
Gregor 1
Gregor 1
Gregor 1
Gregor 1
Gregor 1
Gregor 1
Gregor 1
Gregor 1
Gregor 1
Gregor 1
Gregor 1
Gregor 1
Gregor 1
Gregor 1
Gregor 1
Gregor 1
Gregor 1
Gregor 1
Gregor 1
Gregor 1
Gregor 1
Gregor 1
Gregor 1
Gregor 1
Gregor 1
Gregor 1
Gregor 1
Gregor 1
Gregor 1
Gregor 1
Gregor 1
Gregor 1
Gregor 1
Gregor 1
Gregor 1
Gregor 1
Gregor 1
Gregor 1
Gregor 1
Gregor 1
Gregor 1
Gregor 1
Gregor 1
Gregor 1
Gregor 1
Gregor 1
Gregor 1
Gregor 1
Gregor 1
Gregor 1
Gregor 1
Gregor 1
Gregor 1
Gregor 1
Gregor 1
Gregor 1
Gregor 1
Gregor 1
Gregor 1
Gregor 1
Gregor 1
Gregor 1
Gregor 1
Gregor 1
Gregor 1
Gregor 1
Gregor 1
Gregor 1
Gregor 1
Gregor 1
Gregor 1
Gregor 1
Gregor 1
Gregor 1
Gregor 1
Gregor 1
Gregor 1
Gregor 1
Gregor 1
Gregor 1
Gregor 1
Gregor 1
Gregor 1
Gregor 1
Gregor 1
Gregor 1
Gregor 1
Gregor 1
Gregor 1
Gregor 1
Gregor 1
Gregor 1
Gregor 1
Gregor 1
Gregor 1
Gregor 1
Gregor 1
Gregor 1
Gregor 1
Gregor 1
Gregor 1
Gregor 1
Gregor 1
Gregor 1
Gregor 1
Gregor 1
Gregor 1
Gregor 1
Gregor 1
Gregor 1
Gregor 1
Gregor 1
Gregor 1
Gregor 1
Gregor 1
Gregor 1
Gregor 1
Gregor 1
Gregor 1
Gregor 1
Gregor 1
Gregor 1
Gregor 1
Gregor 1
Gregor 1
Gregor 1
Gregor 1
Gregor 1
Gregor 1
Gregor 1
Gregor 1
Gregor 1
Gregor 1
Gregor 1
Gregor 1
Gregor 1
Gregor 1
Gregor 1
Gregor 1
Gregor 1
Gregor 1
Gregor 1
Gregor 1
Gregor 1
Gregor 1
Gregor 1
Gregor 1
Gregor 1
Gregor 1
Gregor 1
Gregor 1
Gregor 1
Gregor 1
Gregor 1
Gregor 1
Gregor 1
Gregor 1
Gregor 1
Gregor 1
Gregor 1
Gregor 1
Gregor 1
Gregor 1
Gregor 1
Gregor 1
Gregor 1
Gregor 1
Gregor 1
Gregor 1
Gregor 1
Gregor 1
Gregor 1
Gregor 1
Gregor 1
Gregor 1
Gregor 1
Gregor 1
Gregor 1
Gregor 1
Gregor 1
Gregor 1
Gregor 1
Gregor 1
Gregor 1
Gregor 1
Gregor 1
Gregor 1
Gregor 1
Hearing 1
Instead 1
Last 1
Maybe 1
Maybe 1
Maybe 1
Meanwhile 1
Meanwhile 1
Meanwhile 1
Mission 1
Nonetheless 1
Plain 1
Plain 1
REMEDIES 1
Something 1
This 1
This 1
This 1
This 1
This 1
This 1
This 1
This 1
This 1
This 1
This 1
This 1
This 1
This 1
This 1
This 1
This 1
This 1
This 1
This 1
Under 1
Unlike 1
Until 1
WARRANTIES 1
WARRANTIES 1
We 1
We 1
We 1
We 1
We 1
We 1
We 1
We 1
Web 1
Web 1
Web 1
When 1
When 1
When 1
When 1
When 1
When 1
When 1
abandoned 1
abandoned 1
able 1
able 1
able 1
able 1
able 1
able 1
able 1
able 1
able 1
able 1
able 1
able 1
able 1
able 1
able 1
able 1
able 1
able 1
able 1
able 1
able 1
able 1
able 1
access 1
access 1
access 1
access 1
access 1
access 1
access 1
access 1
access 1
access 1
accessible 1
accused 1
act 1
addition 1
advice 1
again 1
again 1
again 1
again 1
again 1
again 1
again 1
again 1
again 1
again 1
again 1
again 1
again 1
again 1
again 1
again 1
again 1
again 1
again 1
again 1
again 1
again 1
again 1
again 1
again 1
again 1
again 1
again 1
again 1
again 1
again 1
again 1
again 1
again 1
again 1
again 1
again 1
again 1
again 1
alert 1
alternate 1
amazement 1
amazement 1
among 1
annoyed 1
annoyed 1
annoyed 1
annoyed 1
answering 1
antennae 1
any 1
any 1
any 1
any 1
any 1
any 1
any 1
any 1
any 1
any 1
any 1
any 1
any 1
any 1
any 1
any 1
any 1
any 1
any 1
any 1
any 1
any 1
any 1
any 1
any 1
any 1
any 1
any 1
any 1
any 1
any 1
any 1
any 1
any 1
any 1
any 1
any 1
any 1
any 1
any 1
any 1
any 1
any 1
any 1
any 1
any 1
any 1
any 1
any 1
any 1
any 1
any 1
any 1
any 1
any 1
any 1
any 1
any 1
any 1
any 1
any 1
any 1
any 1
any 1
any 1
any 1
any 1
any 1
any 1
any 1
any 1
any 1
any 1
any 1
any 1
any 1
any 1
any 1
any 1
any 1
apple 1
apple 1
apple 1
apple 1
apple 1
apply 1
arise 1
arm 1
arm 1
arm 1
arm 1
aside 1
aside 1
astonished 1
astonished 1
astonished 1
astonished 1
banging 1
beer 1
beg 1
beg 1
begged 1
best 1
best 1
best 1
best 1
between 1
between 1
between 1
between 1
between 1
between 1
between 1
bite 1
blouse 1
blown 1
breadth 1
butter 1
calling 1
calmed 1
calmed 1
calmly 1
calmly 1
calmly 1
came 1
came 1
came 1
came 1
came 1
came 1
came 1
came 1
came 1
came 1
came 1
came 1
came 1
came 1
came 1
came 1
came 1
came 1
came 1
came 1
came 1
came 1
came 1
came 1
came 1
came 1
came 1
came 1
came 1
came 1
came 1
case 1
caustic 1
chambermaids 1
chaos 1
chosen 1
chosen 1
claim 1
claim 1
cleared 1
cleared 1
clearly 1
clearly 1
clearly 1
clearly 1
clearly 1
clearly 1
clearly 1
clearly 1
clearly 1
clearly 1
clenched 1
closed 1
closed 1
closed 1
closed 1
closed 1
closed 1
closed 1
closed 1
closer 1
closer 1
closer 1
clumsily 1
collection 1
collection 1
collection 1
collection 1
collection 1
collection 1
concern 1
concern 1
concern 1
concern 1
confirm 1
confusion 1
confusion 1
consideration 1
consideration 1
consideration 1
consideration 1
consideration 1
constant 1
contain 1
contain 1
continuing 1
contrast 1
contrast 1
contrast 1
copied 1
copied 1
copious 1
coughing 1
countless 1
country 1
country 1
country 1
covers 1
covers 1
curse 1
curse 1
damp 1
dark 1
dark 1
dark 1
dark 1
date 1
date 1
death 1
death 1
death 1
declared 1
delighted 1
difficult 1
difficult 1
difficult 1
difficult 1
difficult 1
difficult 1
difficult 1
disclaim 1
dishes 1
display 1
domain 1
domain 1
domain 1
domain 1
domain 1
domain 1
domain 1
done 1
done 1
done 1
done 1
done 1
done 1
done 1
done 1
done 1
done 1
done 1
done 1
door 1
door 1
door 1
door 1
door 1
door 1
door 1
door 1
door 1
door 1
door 1
door 1
door 1
door 1
door 1
door 1
door 1
door 1
door 1
door 1
door 1
door 1
door 1
door 1
door 1
door 1
door 1
door 1
door 1
door 1
door 1
door 1
door 1
door 1
door 1
door 1
door 1
door 1
door 1
door 1
door 1
door 1
door 1
door 1
door 1
door 1
door 1
door 1
door 1
door 1
door 1
door 1
door 1
door 1
door 1
door 1
door 1
door 1
door 1
door 1
door 1
door 1
door 1
door 1
door 1
door 1
door 1
door 1
door 1
door 1
door 1
door 1
door 1
door 1
door 1
door 1
door 1
door 1
door 1
door 1
door 1
door 1
door 1
door 1
door 1
door 1
door 1
down 1
down 1
down 1
down 1
down 1
down 1
down 1
down 1
down 1
down 1
down 1
down 1
down 1
down 1
down 1
down 1
down 1
down 1
down 1
down 1
down 1
down 1
down 1
down 1
down 1
down 1
down 1
down 1
down 1
down 1
down 1
down 1
down 1
down 1
down 1
dragged 1
dragged 1
draw 1
draw 1
drops 1
dully 1
earlier 1
earlier 1
earlier 1
earlier 1
earlier 1
earlier 1
earlier 1
earnest 1
easy 1
easy 1
easy 1
easy 1
easy 1
easy 1
easy 1
easy 1
eat 1
eat 1
eat 1
eat 1
eat 1
eat 1
eat 1
eat 1
eat 1
eat 1
eat 1
email 1
email 1
entering 1
entering 1
entombed 1
enviable 1
everywhere 1
everywhere 1
expects 1
express 1
extent 1
eyes 1
eyes 1
eyes 1
eyes 1
eyes 1
eyes 1
eyes 1
eyes 1
eyes 1
eyes 1
eyes 1
eyes 1
eyes 1
eyes 1
eyes 1
eyes 1
eyes 1
eyes 1
eyes 1
facade 1
fail 1
fail 1
fast 1
fast 1
fast 1
father 1
father 1
father 1
father 1
father 1
father 1
father 1
father 1
father 1
father 1
father 1
father 1
father 1
father 1
father 1
father 1
father 1
father 1
father 1
father 1
father 1
father 1
father 1
father 1
father 1
father 1
father 1
father 1
father 1
father 1
father 1
father 1
father 1
father 1
father 1
father 1
father 1
father 1
father 1
father 1
father 1
father 1
father 1
father 1
father 1
father 1
father 1
father 1
father 1
father 1
father 1
father 1
father 1
father 1
father 1
father 1
father 1
father 1
father 1
father 1
father 1
father 1
father 1
father 1
father 1
father 1
father 1
father 1
father 1
father 1
father 1
father 1
father 1
father 1
father 1
father 1
father 1
father 1
father 1
father 1
father 1
father 1
father 1
father 1
father 1
father 1
father 1
father 1
father 1
father 1
father 1
father 1
father 1
father 1
father 1
father 1
father 1
father 1
father 1
feel 1
feel 1
feel 1
feel 1
feel 1
feel 1
feel 1
feel 1
feel 1
feel 1
feel 1
feel 1
feel 1
feel 1
feel 1
feel 1
feel 1
feel 1
feel 1
filled 1
filled 1
filled 1
filled 1
filled 1
final 1
first 1
first 1
first 1
first 1
first 1
first 1
first 1
first 1
first 1
first 1
first 1
first 1
first 1
first 1
first 1
first 1
first 1
first 1
first 1
first 1
first 1
first 1
first 1
first 1
first 1
first 1
first 1
first 1
first 1
first 1
first 1
first 1
first 1
first 1
first 1
first 1
first 1
first 1
first 1
first 1
first 1
first 1
fitted 1
fitted 1
five 1
five 1
five 1
five 1
five 1
five 1
flank 1
flow 1
food 1
food 1
food 1
food 1
food 1
food 1
food 1
food 1
food 1
food 1
food 1
food 1
food 1
food 1
form 1
form 1
form 1
form 1
form 1
formerly 1
found 1
found 1
found 1
found 1
found 1
found 1
found 1
found 1
found 1
found 1
found 1
found 1
found 1
found 1
found 1
found 1
four 1
four 1
four 1
four 1
frequent 1
frequent 1
furnishings 1
furniture 1
furniture 1
furniture 1
furniture 1
furniture 1
furniture 1
furniture 1
furniture 1
furniture 1
furniture 1
furniture 1
furniture 1
furniture 1
furniture 1
furniture 1
giving 1
giving 1
giving 1
go 1
go 1
go 1
go 1
go 1
go 1
go 1
go 1
go 1
go 1
go 1
go 1
go 1
go 1
go 1
go 1
go 1
go 1
go 1
go 1
go 1
go 1
go 1
go 1
go 1
go 1
go 1
go 1
go 1
go 1
go 1
go 1
go 1
go 1
go 1
go 1
go 1
go 1
go 1
go 1
gold 1
gold 1
gold 1
goodness 1
grand 1
handle 1
handle 1
hanging 1
hanging 1
happening 1
happening 1
happening 1
happening 1
harm 1
has 1
has 1
has 1
has 1
has 1
has 1
have 1
have 1
have 1
have 1
have 1
have 1
have 1
have 1
have 1
have 1
have 1
have 1
have 1
have 1
have 1
have 1
have 1
have 1
have 1
have 1
have 1
have 1
have 1
have 1
have 1
have 1
have 1
have 1
have 1
have 1
have 1
have 1
have 1
have 1
have 1
have 1
have 1
have 1
have 1
have 1
have 1
have 1
have 1
have 1
have 1
have 1
have 1
have 1
have 1
have 1
have 1
have 1
have 1
have 1
have 1
have 1
have 1
have 1
have 1
have 1
have 1
have 1
have 1
have 1
have 1
have 1
have 1
have 1
have 1
have 1
have 1
have 1
have 1
have 1
have 1
have 1
have 1
have 1
have 1
have 1
have 1
have 1
have 1
have 1
have 1
have 1
have 1
have 1
have 1
have 1
have 1
have 1
have 1
have 1
have 1
have 1
have 1
have 1
have 1
have 1
have 1
have 1
have 1
have 1
have 1
have 1
have 1
have 1
have 1
have 1
have 1
heard 1
heard 1
heard 1
heard 1
heard 1
heard 1
heard 1
heard 1
heard 1
heard 1
heard 1
heard 1
heard 1
heard 1
heard 1
heard 1
heard 1
heard 1
heard 1
him 1
him 1
him 1
him 1
him 1
him 1
him 1
him 1
him 1
him 1
him 1
him 1
him 1
him 1
him 1
him 1
him 1
him 1
him 1
him 1
him 1
him 1
him 1
him 1
him 1
him 1
him 1
him 1
him 1
him 1
him 1
him 1
him 1
him 1
him 1
him 1
him 1
him 1
him 1
him 1
him 1
him 1
him 1
him 1
him 1
him 1
him 1
him 1
him 1
him 1
him 1
him 1
him 1
him 1
him 1
him 1
him 1
him 1
him 1
him 1
him 1
him 1
him 1
him 1
him 1
him 1
him 1
him 1
him 1
him 1
him 1
him 1
him 1
him 1
him 1
him 1
him 1
him 1
him 1
him 1
him 1
him 1
him 1
him 1
him 1
him 1
him 1
him 1
him 1
him 1
him 1
him 1
him 1
him 1
him 1
him 1
him 1
him 1
him 1
him 1
him 1
him 1
him 1
him 1
him 1
him 1
him 1
him 1
him 1
him 1
him 1
him 1
him 1
him 1
him 1
him 1
him 1
him 1
him 1
him 1
him 1
him 1
him 1
him 1
him 1
him 1
him 1
him 1
him 1
him 1
him 1
him 1
him 1
him 1
him 1
him 1
him 1
him 1
him 1
him 1
him 1
him 1
him 1
him 1
him 1
him 1
him 1
him 1
him 1
him 1
him 1
him 1
him 1
him 1
him 1
him 1
him 1
him 1
him 1
him 1
him 1
him 1
him 1
him 1
him 1
him 1
him 1
him 1
him 1
him 1
him 1
him 1
him 1
him 1
him 1
him 1
him 1
him 1
him 1
him 1
him 1
him 1
him 1
him 1
him 1
him 1
him 1
him 1
hopefully 1
hurriedly 1
hurriedly 1
hurriedly 1
hurriedly 1
hurriedly 1
hurriedly 1
hurriedly 1
hurrying 1
hurrying 1
imagined 1
immediately 1
immediately 1
immediately 1
immediately 1
immediately 1
immediately 1
immediately 1
immediately 1
immediately 1
immediately 1
immediately 1
immediately 1
immediately 1
immediately 1
immediately 1
immediately 1
incomplete 1
inherited 1
insurance 1
intent 1
interrupted 1
interrupted 1
isn 1
isn 1
isn 1
isn 1
jaw 1
jaw 1
joy 1
jump 1
junk 1
lead 1
leading 1
leading 1
leaning 1
learn 1
learn 1
learn 1
learn 1
leg 1
lifelessly 1
light 1
light 1
light 1
light 1
light 1
light 1
light 1
limited 1
limited 1
ll 1
ll 1
ll 1
ll 1
ll 1
ll 1
ll 1
ll 1
ll 1
ll 1
ll 1
ll 1
ll 1
ll 1
ll 1
ll 1
ll 1
ll 1
merely 1
merely 1
merely 1
merely 1
methods 1
midday 1
midday 1
midday 1
mingled 1
miss 1
money 1
money 1
money 1
money 1
money 1
money 1
money 1
money 1
money 1
money 1
money 1
money 1
money 1
money 1
money 1
money 1
mothers 1
motors 1
movements 1
movements 1
movements 1
mumbled 1
my 1
my 1
my 1
my 1
my 1
my 1
my 1
my 1
my 1
my 1
my 1
my 1
my 1
my 1
my 1
my 1
my 1
my 1
my 1
my 1
network 1
nostrils 1
notice 1
notice 1
notice 1
notice 1
notice 1
notice 1
notice 1
notice 1
notice 1
notice 1
nourishment 1
obsessed 1
over 1
over 1
over 1
over 1
over 1
over 1
over 1
over 1
over 1
over 1
over 1
over 1
over 1
over 1
over 1
over 1
over 1
over 1
over 1
over 1
over 1
over 1
over 1
over 1
over 1
over 1
over 1
over 1
over 1
over 1
over 1
over 1
packed 1
painfully 1
painfully 1
painfully 1
painfully 1
painfully 1
painfully 1
pantry 1
partly 1
partly 1
partly 1
passed 1
passed 1
performance 1
piled 1
pleasant 1
plenty 1
politeness 1
poor 1
possession 1
principal 1
principal 1
printed 1
printed 1
propped 1
provisions 1
pulled 1
pulled 1
pulled 1
pulled 1
pulled 1
quaking 1
quiet 1
quiet 1
quiet 1
quiet 1
quiet 1
quiet 1
quiet 1
quiet 1
quiet 1
quiet 1
raised 1
raised 1
raised 1
raised 1
raised 1
rearranging 1
reason 1
reason 1
reason 1
reason 1
reason 1
reason 1
reason 1
reason 1
reason 1
reason 1
reason 1
reason 1
reasonable 1
recover 1
refrained 1
reproaches 1
rest 1
rest 1
rest 1
rest 1
rest 1
rest 1
rest 1
revolting 1
ridiculously 1
ring 1
risked 1
rocked 1
rolled 1
rolled 1
rolled 1
rooms 1
rooms 1
sales 1
same 1
same 1
same 1
same 1
same 1
same 1
same 1
same 1
same 1
same 1
same 1
same 1
same 1
same 1
same 1
same 1
same 1
satisfied 1
scraped 1
scratching 1
seats 1
seldom 1
self 1
self 1
self 1
self 1
sending 1
sending 1
sent 1
sent 1
sent 1
sent 1
serviettes 1
several 1
several 1
several 1
several 1
several 1
several 1
several 1
several 1
several 1
shaken 1
sharing 1
short 1
short 1
short 1
short 1
short 1
sill 1
situation 1
situation 1
situation 1
situation 1
sixteen 1
snuffling 1
sold 1
sold 1
somewhat 1
somewhat 1
soughing 1
spent 1
spent 1
spent 1
spent 1
splashed 1
splashed 1
squarely 1
staggered 1
stains 1
states 1
states 1
states 1
states 1
stick 1
stick 1
stick 1
stick 1
stick 1
straight 1
straight 1
straight 1
straight 1
straight 1
straight 1
straight 1
straight 1
straight 1
straight 1
straight 1
straight 1
straight 1
straight 1
straight 1
straight 1
straight 1
straight 1
subscribe 1
suffered 1
suffered 1
sufficient 1
swang 1
swang 1
sweetened 1
synonymous 1
takes 1
takes 1
teaboy 1
tearfully 1
temporarily 1
test 1
test 1
test 1
them 1
them 1
them 1
them 1
them 1
them 1
them 1
them 1
them 1
them 1
them 1
them 1
them 1
them 1
them 1
them 1
them 1
them 1
them 1
them 1
them 1
them 1
them 1
them 1
them 1
them 1
them 1
them 1
them 1
them 1
them 1
them 1
them 1
them 1
them 1
them 1
them 1
them 1
them 1
them 1
them 1
them 1
them 1
them 1
them 1
them 1
them 1
them 1
them 1
them 1
them 1
them 1
them 1
them 1
them 1
them 1
them 1
them 1
them 1
them 1
them 1
them 1
them 1
them 1
there 1
there 1
there 1
there 1
there 1
there 1
there 1
there 1
there 1
there 1
there 1
there 1
there 1
there 1
there 1
there 1
there 1
there 1
there 1
there 1
there 1
there 1
there 1
there 1
there 1
there 1
there 1
there 1
there 1
there 1
there 1
there 1
there 1
there 1
there 1
there 1
there 1
there 1
there 1
there 1
there 1
there 1
there 1
there 1
there 1
there 1
there 1
there 1
there 1
there 1
there 1
there 1
there 1
there 1
there 1
there 1
there 1
there 1
there 1
there 1
there 1
there 1
there 1
there 1
there 1
there 1
there 1
there 1
there 1
there 1
there 1
there 1
there 1
there 1
there 1
there 1
there 1
there 1
there 1
there 1
there 1
there 1
there 1
there 1
there 1
there 1
there 1
there 1
there 1
there 1
there 1
there 1
there 1
there 1
there 1
there 1
there 1
there 1
this 1
this 1
this 1
this 1
this 1
this 1
this 1
this 1
this 1
this 1
this 1
this 1
this 1
this 1
this 1
this 1
this 1
this 1
this 1
this 1
this 1
this 1
this 1
this 1
this 1
this 1
this 1
this 1
this 1
this 1
this 1
this 1
this 1
this 1
this 1
this 1
this 1
this 1
this 1
this 1
this 1
this 1
this 1
this 1
this 1
this 1
this 1
this 1
this 1
this 1
this 1
this 1
this 1
this 1
this 1
this 1
this 1
this 1
this 1
this 1
this 1
this 1
this 1
this 1
this 1
this 1
this 1
this 1
this 1
this 1
this 1
this 1
this 1
this 1
this 1
this 1
this 1
this 1
this 1
this 1
this 1
this 1
this 1
this 1
this 1
this 1
this 1
this 1
this 1
this 1
this 1
this 1
this 1
this 1
this 1
this 1
this 1
this 1
this 1
this 1
this 1
this 1
this 1
this 1
this 1
this 1
this 1
this 1
this 1
this 1
this 1
this 1
this 1
this 1
this 1
this 1
this 1
this 1
this 1
this 1
threw 1
threw 1
threw 1
threw 1
threw 1
throw 1
throw 1
throw 1
throw 1
throw 1
thrown 1
thrown 1
thrown 1
thump 1
thunder 1
tips 1
tired 1
tired 1
tired 1
tired 1
tired 1
tired 1
tired 1
tolerate 1
tone 1
tops 1
tossed 1
touchy 1
transcription 1
tugged 1
under 1
under 1
under 1
under 1
under 1
under 1
under 1
under 1
under 1
under 1
under 1
under 1
under 1
under 1
under 1
under 1
under 1
under 1
under 1
under 1
under 1
under 1
under 1
uniform 1
uniform 1
uniform 1
uniform 1
uniform 1
uniform 1
uniform 1
uniform 1
uniform 1
unkempt 1
upon 1
upon 1
usual 1
usual 1
usual 1
usual 1
usual 1
very 1
very 1
very 1
very 1
very 1
very 1
very 1
very 1
very 1
very 1
very 1
very 1
very 1
very 1
very 1
very 1
very 1
very 1
very 1
very 1
very 1
very 1
very 1
very 1
very 1
very 1
very 1
very 1
very 1
very 1
very 1
very 1
very 1
very 1
voice 1
voice 1
voice 1
voice 1
voice 1
voice 1
voice 1
voice 1
voice 1
voice 1
voice 1
voice 1
voice 1
voice 1
voice 1
voice 1
voice 1
void 1
waited 1
waited 1
waited 1
waited 1
warranties 1
wasted 1
watched 1
watched 1
watched 1
we 1
we 1
we 1
we 1
we 1
we 1
we 1
we 1
we 1
we 1
we 1
we 1
we 1
we 1
we 1
we 1
we 1
we 1
we 1
we 1
we 1
we 1
we 1
we 1
we 1
we 1
we 1
we 1
we 1
we 1
we 1
we 1
we 1
we 1
we 1
well 1
well 1
well 1
well 1
well 1
well 1
well 1
well 1
well 1
well 1
well 1
well 1
well 1
well 1
well 1
well 1
well 1
well 1
well 1
well 1
well 1
well 1
well 1
well 1
well 1
well 1
well 1
whenever 1
whenever 1
whenever 1
whenever 1
whenever 1
whenever 1
whispering 1
whispering 1
whose 1
will 1
will 1
will 1
will 1
will 1
will 1
will 1
will 1
will 1
will 1
will 1
will 1
will 1
will 1
willing 1
willing 1
wise 1
withdrew 1
world 1
worried 1
worried 1
yet 1
yet 1
young 1
young 1
young 1
