A 1
A 1
A 1
A 1
A 1
A 1
A 1
A 1
A 1
A 1
A 1
A 1
A 1
A 1
A 1
A 1
A 1
A 1
A 1
A 1
A 1
A 1
A 1
A 1
A 1
A 1
A 1
A 1
A 1
A 1
A 1
A 1
About 1
About 1
About 1
Alas 1
Albany 1
Albany 1
Albany 1
Albany 1
All 1
All 1
All 1
August 1
British 1
Canninge 1
Cannot 1
Catching 1
Chief 1
Christian 1
Christian 1
Christian 1
Christian 1
Christian 1
Christian 1
Christian 1
Christian 1
Contributions 1
DISTRIBUTOR 1
DONATIONS 1
DROP 1
DROP 1
Defect 1
Detestable 1
Discontent 1
Drama 1
Duchess 1
Egeria 1
Egeria 1
Eh 1
England 1
Ernest 1
Ernest 1
Ernest 1
Ernest 1
Ernest 1
Ernest 1
Ernest 1
Ernest 1
Ernest 1
Ernest 1
Ernest 1
Ernest 1
Ernest 1
Ernest 1
Ernest 1
Ernest 1
Ernest 1
Ernest 1
Ernest 1
Ernest 1
Ernest 1
Ernest 1
Ernest 1
Ernest 1
Ernest 1
Ernest 1
Ernest 1
Ernest 1
Ernest 1
Ernest 1
Ernest 1
Ernest 1
Ernest 1
Ernest 1
Ernest 1
Ernest 1
Ernest 1
Ernest 1
Ernest 1
Ernest 1
Ernest 1
Ernest 1
Ernest 1
Ernest 1
Ernest 1
Ernest 1
Ernest 1
Ernest 1
Ernest 1
Ernest 1
Ernest 1
Ernest 1
Ernest 1
Ernest 1
Ernest 1
Ernest 1
Ernest 1
Ernest 1
Ernest 1
Ernest 1
Ernest 1
Ernest 1
Ernest 1
Ernest 1
Ernest 1
Ernest 1
Ernest 1
Ernest 1
Ernest 1
Ernest 1
Ernest 1
Ernest 1
Ernest 1
Ernest 1
Ernest 1
Ernest 1
Ernest 1
Ernest 1
Ernest 1
Ernest 1
Ernest 1
Ernest 1
Evensong 1
Every 1
Every 1
Every 1
Every 1
Everybody 1
Exploded 1
Extension 1
Fall 1
Fortunately 1
Fortunately 1
Foundation 1
Foundation 1
Foundation 1
Foundation 1
Foundation 1
Foundation 1
Foundation 1
Foundation 1
Foundation 1
Foundation 1
Foundation 1
Foundation 1
Foundation 1
Foundation 1
Foundation 1
Foundation 1
Foundation 1
Foundation 1
Foundation 1
Foundation 1
Foundation 1
Foundation 1
Foundation 1
Foundation 1
Full 1
Gregory 1
Handing 1
Hart 1
Hart 1
He 1
He 1
He 1
He 1
He 1
He 1
He 1
He 1
He 1
He 1
He 1
He 1
He 1
He 1
He 1
He 1
He 1
He 1
He 1
He 1
He 1
He 1
He 1
He 1
He 1
He 1
He 1
He 1
He 1
He 1
IN 1
IN 1
If 1
If 1
If 1
If 1
If 1
If 1
If 1
If 1
If 1
If 1
If 1
If 1
If 1
If 1
If 1
If 1
If 1
If 1
If 1
If 1
If 1
If 1
If 1
If 1
If 1
If 1
If 1
If 1
If 1
If 1
If 1
If 1
If 1
Indeed 1
Indeed 1
Indeed 1
Indeed 1
Indeed 1
Indeed 1
Indeed 1
Indeed 1
Indeed 1
Indeed 1
Indian 1
Irene 1
Kindly 1
Lake 1
Let 1
Let 1
Let 1
Let 1
License 1
License 1
License 1
License 1
License 1
License 1
License 1
License 1
License 1
License 1
Lieutenant 1
Lieutenant 1
Mamma 1
Mamma 1
Mamma 1
Manor 1
Manor 1
Manor 1
Manor 1
Manor 1
Manservant 1
March 1
March 1
Millard 1
Modern 1
Modern 1
Moncrieff 1
Moncrieff 1
Moncrieff 1
Moncrieff 1
Moncrieff 1
Moncrieff 1
Moncrieff 1
Moncrieff 1
Moncrieff 1
Moncrieff 1
Moncrieff 1
Most 1
NEGLIGENCE 1
Nearly 1
Newby 1
Not 1
Not 1
Not 1
On 1
On 1
On 1
On 1
On 1
On 1
On 1
POSSIBILITY 1
Personally 1
Personally 1
Political 1
Political 1
Present 1
Pulling 1
Receding 1
Release 1
Replaces 1
Rev 1
Rev 1
Rose 1
STRICT 1
Service 1
Sporran 1
Stammering 1
Stiffly 1
Surprised 1
THEATRE 1
THIRD 1
THOSE 1
Thought 1
Transcribed 1
Twenty 1
Twenty 1
Unionist 1
Volunteers 1
Which 1
Which 1
about 1
about 1
about 1
about 1
about 1
about 1
about 1
about 1
about 1
about 1
about 1
about 1
about 1
about 1
about 1
about 1
about 1
about 1
about 1
about 1
about 1
about 1
about 1
about 1
about 1
about 1
about 1
about 1
about 1
about 1
about 1
about 1
about 1
about 1
about 1
about 1
about 1
about 1
about 1
about 1
about 1
about 1
about 1
about 1
about 1
about 1
about 1
about 1
about 1
about 1
about 1
about 1
about 1
about 1
about 1
about 1
about 1
about 1
about 1
about 1
about 1
about 1
about 1
about 1
about 1
about 1
about 1
about 1
about 1
about 1
about 1
about 1
about 1
above 1
abroad 1
accumulation 1
accurately 1
accurately 1
acts 1
admirable 1
admirable 1
admirable 1
advisable 1
advisable 1
affect 1
affectionate 1
against 1
against 1
against 1
alarm 1
alliance 1
alliance 1
allude 1
answers 1
applicable 1
applicable 1
applicable 1
apprehensions 1
array 1
assured 1
available 1
available 1
bad 1
bad 1
bad 1
bad 1
bad 1
bad 1
bad 1
bad 1
bad 1
bad 1
bad 1
bad 1
bad 1
barrier 1
bet 1
beverage 1
bewildered 1
bites 1
blessing 1
bookcase 1
bottles 1
bottles 1
brilliant 1
brothers 1
brothers 1
by 1
by 1
by 1
by 1
by 1
by 1
by 1
by 1
by 1
by 1
by 1
by 1
by 1
by 1
by 1
by 1
by 1
by 1
by 1
by 1
by 1
by 1
by 1
by 1
by 1
by 1
by 1
by 1
by 1
by 1
by 1
by 1
by 1
by 1
by 1
by 1
by 1
by 1
by 1
by 1
by 1
by 1
by 1
by 1
by 1
by 1
by 1
by 1
by 1
by 1
by 1
by 1
by 1
calculating 1
calls 1
calls 1
calls 1
calm 1
carelessness 1
carries 1
cease 1
cease 1
ceased 1
ceased 1
chaps 1
chapter 1
charges 1
charitable 1
charitable 1
charitable 1
chronicle 1
clear 1
clear 1
clear 1
clear 1
cloud 1
comment 1
compilation 1
complete 1
conceal 1
considerable 1
considerable 1
constantly 1
convulsively 1
copyright 1
copyright 1
copyright 1
copyright 1
copyright 1
copyright 1
copyright 1
copyright 1
copyright 1
copyright 1
copyright 1
copyright 1
copyright 1
count 1
crape 1
critical 1
criticism 1
crumpets 1
damaged 1
delicate 1
demand 1
depended 1
deposited 1
deposited 1
desperate 1
detach 1
diary 1
diary 1
diary 1
diary 1
diary 1
diary 1
diary 1
diary 1
diary 1
diary 1
diary 1
diary 1
diary 1
diary 1
dictation 1
direction 1
disclaimer 1
disclaimer 1
discover 1
distressing 1
distressing 1
donations 1
donations 1
donations 1
donations 1
donations 1
donations 1
donations 1
donations 1
donations 1
donations 1
donations 1
donations 1
donors 1
doubts 1
doubts 1
efforts 1
efforts 1
efforts 1
emigrating 1
emigrating 1
empty 1
enjoyment 1
entered 1
enters 1
enters 1
enters 1
enters 1
entity 1
entity 1
entity 1
entrapped 1
entrapped 1
equally 1
establishment 1
exception 1
excuse 1
excuse 1
exempt 1
exempt 1
exercises 1
exploded 1
exploded 1
explosion 1
fascination 1
fascination 1
fashioned 1
fashioned 1
fearful 1
fearful 1
federal 1
federal 1
find 1
find 1
find 1
find 1
find 1
finding 1
flirt 1
flirt 1
flirt 1
fluently 1
following 1
following 1
following 1
following 1
following 1
fools 1
fools 1
fools 1
format 1
format 1
format 1
format 1
forth 1
forth 1
forth 1
forth 1
forth 1
forth 1
forth 1
forth 1
garden 1
garden 1
garden 1
garden 1
garden 1
garden 1
garden 1
garden 1
garden 1
garden 1
garden 1
gave 1
give 1
give 1
give 1
give 1
give 1
give 1
give 1
give 1
give 1
give 1
give 1
give 1
give 1
give 1
give 1
give 1
give 1
given 1
given 1
given 1
given 1
given 1
given 1
given 1
gratefully 1
green 1
groan 1
growing 1
gutenberg 1
gutenberg 1
gutenberg 1
gutenberg 1
gutenberg 1
gutenberg 1
gutenberg 1
gutenberg 1
gutenberg 1
gutenberg 1
happened 1
happened 1
happened 1
happier 1
having 1
having 1
having 1
having 1
having 1
he 1
he 1
he 1
he 1
he 1
he 1
he 1
he 1
he 1
he 1
he 1
he 1
he 1
he 1
he 1
he 1
he 1
he 1
he 1
he 1
he 1
he 1
he 1
he 1
he 1
he 1
he 1
he 1
he 1
he 1
he 1
he 1
he 1
he 1
he 1
he 1
he 1
he 1
he 1
he 1
he 1
he 1
he 1
he 1
he 1
he 1
he 1
he 1
he 1
he 1
he 1
he 1
he 1
he 1
he 1
he 1
he 1
he 1
he 1
he 1
he 1
he 1
he 1
he 1
he 1
he 1
he 1
hourly 1
hurt 1
if 1
if 1
if 1
if 1
if 1
if 1
if 1
if 1
if 1
if 1
if 1
if 1
if 1
if 1
if 1
if 1
if 1
if 1
if 1
if 1
if 1
if 1
if 1
if 1
if 1
if 1
if 1
if 1
if 1
if 1
if 1
if 1
if 1
if 1
if 1
if 1
if 1
if 1
if 1
if 1
if 1
if 1
if 1
if 1
if 1
if 1
if 1
if 1
if 1
if 1
if 1
if 1
if 1
if 1
if 1
if 1
if 1
if 1
if 1
if 1
if 1
if 1
if 1
if 1
if 1
if 1
if 1
immediate 1
immediate 1
immediate 1
impetuous 1
income 1
income 1
income 1
incomprehensible 1
indeed 1
indeed 1
indeed 1
indeed 1
indeed 1
indeed 1
indeed 1
indeed 1
indeed 1
indeed 1
indeed 1
indeed 1
indiscretion 1
inexperienced 1
injury 1
involuntary 1
knowing 1
knowing 1
knowing 1
known 1
known 1
known 1
known 1
known 1
leather 1
leather 1
legal 1
legal 1
liability 1
liability 1
license 1
license 1
license 1
license 1
lieu 1
lieu 1
lifetime 1
links 1
links 1
links 1
listening 1
listening 1
listening 1
literature 1
locality 1
locality 1
longer 1
longer 1
loss 1
loss 1
loving 1
main 1
manage 1
manner 1
manner 1
manner 1
manner 1
manner 1
manner 1
manner 1
manner 1
manner 1
manner 1
medical 1
mental 1
mental 1
mental 1
middle 1
modern 1
modern 1
modern 1
modern 1
modern 1
modern 1
monthly 1
most 1
most 1
most 1
most 1
most 1
most 1
most 1
most 1
most 1
most 1
most 1
most 1
most 1
most 1
most 1
most 1
most 1
most 1
most 1
most 1
most 1
most 1
most 1
most 1
move 1
name 1
name 1
name 1
name 1
name 1
name 1
name 1
name 1
name 1
name 1
name 1
name 1
name 1
name 1
name 1
name 1
name 1
name 1
name 1
name 1
name 1
name 1
name 1
name 1
name 1
name 1
name 1
name 1
name 1
name 1
name 1
name 1
name 1
name 1
name 1
name 1
name 1
name 1
name 1
name 1
name 1
name 1
name 1
name 1
name 1
name 1
name 1
name 1
name 1
name 1
name 1
name 1
name 1
name 1
name 1
name 1
nature 1
nature 1
nature 1
nature 1
nature 1
nature 1
nature 1
nature 1
natured 1
nearer 1
neither 1
noblest 1
nonsense 1
nonsense 1
nonsense 1
nonsense 1
nonsense 1
nonsense 1
nonsense 1
nonsense 1
nonsense 1
nonsense 1
nothing 1
nothing 1
nothing 1
nothing 1
nothing 1
nothing 1
nothing 1
nothing 1
nothing 1
nothing 1
nothing 1
nothing 1
nothing 1
nothing 1
nothing 1
nothing 1
obvious 1
obvious 1
occasionally 1
occasionally 1
occurred 1
occurred 1
off 1
off 1
off 1
off 1
off 1
off 1
off 1
off 1
off 1
off 1
off 1
off 1
off 1
off 1
off 1
off 1
off 1
off 1
on 1
on 1
on 1
on 1
on 1
on 1
on 1
on 1
on 1
on 1
on 1
on 1
on 1
on 1
on 1
on 1
on 1
on 1
on 1
on 1
on 1
on 1
on 1
on 1
on 1
on 1
on 1
on 1
on 1
on 1
on 1
on 1
on 1
on 1
on 1
on 1
on 1
on 1
on 1
on 1
on 1
on 1
on 1
on 1
on 1
on 1
on 1
on 1
on 1
on 1
on 1
on 1
on 1
on 1
on 1
on 1
on 1
on 1
on 1
on 1
on 1
on 1
on 1
on 1
on 1
on 1
on 1
on 1
on 1
on 1
on 1
on 1
on 1
on 1
on 1
on 1
on 1
on 1
on 1
on 1
on 1
on 1
on 1
on 1
on 1
on 1
on 1
on 1
on 1
on 1
on 1
on 1
on 1
on 1
on 1
on 1
on 1
on 1
on 1
on 1
on 1
on 1
on 1
opener 1
opens 1
pains 1
parish 1
pass 1
pays 1
pencil 1
people 1
people 1
people 1
people 1
people 1
people 1
people 1
people 1
people 1
people 1
people 1
people 1
people 1
people 1
people 1
people 1
people 1
people 1
people 1
people 1
people 1
people 1
people 1
people 1
people 1
people 1
people 1
people 1
people 1
people 1
people 1
perhaps 1
permit 1
pessimist 1
physicians 1
platform 1
plays 1
plays 1
pleasanter 1
pleasure 1
pleasure 1
pleasure 1
pleasure 1
pleasure 1
pleasure 1
pleasure 1
pleasure 1
pleasure 1
pleasure 1
pleasure 1
pleasure 1
pleasure 1
pleasure 1
possibilities 1
possibilities 1
possibilities 1
posted 1
posted 1
posted 1
posted 1
presence 1
presence 1
pretended 1
prevents 1
probably 1
probably 1
probably 1
probably 1
probably 1
probably 1
probably 1
processing 1
profitless 1
questions 1
questions 1
radically 1
ranks 1
re 1
re 1
re 1
re 1
re 1
re 1
realised 1
recall 1
receive 1
receive 1
receive 1
recollect 1
record 1
redistributing 1
refuted 1
regret 1
regret 1
remotest 1
remotest 1
repeat 1
repellent 1
repentance 1
repentance 1
reports 1
request 1
rescue 1
resigned 1
resort 1
resort 1
result 1
result 1
result 1
reveal 1
s 1
s 1
s 1
s 1
s 1
s 1
s 1
s 1
s 1
s 1
s 1
s 1
s 1
s 1
s 1
s 1
s 1
s 1
s 1
s 1
s 1
s 1
s 1
s 1
s 1
s 1
s 1
s 1
s 1
s 1
s 1
s 1
s 1
s 1
s 1
s 1
s 1
s 1
s 1
s 1
s 1
s 1
s 1
s 1
s 1
s 1
s 1
s 1
s 1
s 1
s 1
s 1
s 1
s 1
s 1
s 1
s 1
s 1
s 1
s 1
s 1
s 1
s 1
s 1
s 1
s 1
s 1
s 1
s 1
s 1
s 1
s 1
s 1
s 1
s 1
s 1
s 1
s 1
s 1
s 1
s 1
s 1
s 1
s 1
s 1
s 1
s 1
s 1
s 1
s 1
s 1
s 1
s 1
s 1
s 1
s 1
said 1
said 1
said 1
said 1
said 1
said 1
said 1
said 1
said 1
said 1
said 1
said 1
said 1
said 1
satisfy 1
save 1
saw 1
saw 1
saw 1
saw 1
saw 1
saw 1
season 1
season 1
secular 1
seemed 1
seen 1
seen 1
seen 1
seen 1
seen 1
shared 1
sherry 1
sherry 1
shield 1
shilly 1
size 1
small 1
small 1
small 1
small 1
small 1
small 1
small 1
small 1
smallest 1
smallest 1
smallest 1
smallest 1
smiles 1
smiles 1
solicit 1
solicit 1
solid 1
sorry 1
sorry 1
sorry 1
sorry 1
sorry 1
sound 1
sound 1
spite 1
sprinkling 1
stamp 1
strikes 1
suffering 1
sure 1
sure 1
sure 1
sure 1
sure 1
sure 1
sure 1
sure 1
sure 1
sure 1
sure 1
sure 1
sure 1
sure 1
sure 1
sure 1
susceptible 1
susceptible 1
suspect 1
suspect 1
sweeps 1
sweetly 1
system 1
talked 1
tall 1
tall 1
tall 1
temporary 1
temporary 1
terrible 1
terrible 1
terrible 1
terrible 1
terrible 1
terrible 1
terrible 1
terrible 1
that 1
that 1
that 1
that 1
that 1
that 1
that 1
that 1
that 1
that 1
that 1
that 1
that 1
that 1
that 1
that 1
that 1
that 1
that 1
that 1
that 1
that 1
that 1
that 1
that 1
that 1
that 1
that 1
that 1
that 1
that 1
that 1
that 1
that 1
that 1
that 1
that 1
that 1
that 1
that 1
that 1
that 1
that 1
that 1
that 1
that 1
that 1
that 1
that 1
that 1
that 1
that 1
that 1
that 1
that 1
that 1
that 1
that 1
that 1
that 1
that 1
that 1
that 1
that 1
that 1
that 1
that 1
that 1
that 1
that 1
that 1
that 1
that 1
that 1
that 1
that 1
that 1
that 1
that 1
that 1
that 1
that 1
that 1
that 1
that 1
that 1
that 1
that 1
that 1
that 1
that 1
that 1
that 1
that 1
that 1
that 1
that 1
that 1
that 1
that 1
that 1
that 1
that 1
that 1
that 1
that 1
that 1
that 1
that 1
that 1
that 1
that 1
that 1
that 1
that 1
that 1
that 1
that 1
that 1
that 1
that 1
that 1
that 1
that 1
that 1
that 1
that 1
that 1
that 1
that 1
that 1
that 1
that 1
that 1
that 1
that 1
that 1
that 1
that 1
that 1
that 1
that 1
that 1
that 1
that 1
that 1
that 1
that 1
that 1
that 1
that 1
that 1
that 1
that 1
that 1
that 1
that 1
that 1
that 1
that 1
that 1
that 1
that 1
that 1
that 1
that 1
that 1
that 1
that 1
that 1
that 1
that 1
that 1
that 1
that 1
that 1
that 1
that 1
that 1
that 1
that 1
that 1
that 1
that 1
that 1
that 1
that 1
that 1
that 1
that 1
that 1
that 1
that 1
that 1
that 1
that 1
that 1
that 1
that 1
that 1
that 1
that 1
that 1
that 1
that 1
that 1
that 1
that 1
that 1
that 1
that 1
that 1
that 1
that 1
that 1
that 1
that 1
that 1
that 1
that 1
that 1
that 1
that 1
that 1
that 1
that 1
that 1
that 1
that 1
that 1
that 1
that 1
that 1
that 1
that 1
that 1
that 1
that 1
that 1
that 1
that 1
that 1
that 1
that 1
that 1
that 1
that 1
that 1
that 1
that 1
that 1
that 1
that 1
that 1
that 1
that 1
that 1
that 1
that 1
that 1
that 1
that 1
that 1
that 1
that 1
that 1
that 1
that 1
that 1
that 1
that 1
that 1
that 1
that 1
that 1
that 1
that 1
that 1
that 1
that 1
that 1
that 1
that 1
that 1
that 1
that 1
that 1
that 1
that 1
that 1
that 1
that 1
that 1
these 1
these 1
these 1
these 1
these 1
these 1
these 1
these 1
these 1
these 1
these 1
third 1
thought 1
thought 1
thought 1
thought 1
thought 1
thought 1
thrill 1
till 1
till 1
till 1
till 1
till 1
till 1
till 1
till 1
till 1
till 1
tongs 1
topic 1
trivial 1
turn 1
turn 1
turn 1
unalterable 1
uncle 1
uncle 1
uncle 1
uncle 1
uncle 1
uncle 1
unhappy 1
unhappy 1
unlink 1
unpleasant 1
unpleasant 1
unpleasant 1
unpleasant 1
uplifted 1
vaccination 1
valued 1
various 1
vestry 1
vestry 1
volunteers 1
volunteers 1
volunteers 1
volunteers 1
volunteers 1
wants 1
wants 1
wants 1
wants 1
whole 1
whole 1
whole 1
whole 1
whole 1
whole 1
whole 1
whole 1
whole 1
wine 1
wine 1
work 1
work 1
work 1
work 1
work 1
work 1
work 1
work 1
work 1
work 1
work 1
work 1
work 1
work 1
work 1
work 1
work 1
work 1
work 1
work 1
work 1
work 1
work 1
work 1
work 1
work 1
work 1
work 1
work 1
work 1
work 1
work 1
work 1
work 1
work 1
work 1
work 1
work 1
work 1
work 1
work 1
work 1
work 1
work 1
work 1
work 1
work 1
work 1
work 1
work 1
work 1
working 1
wrong 1
wrong 1
wrong 1
yes 1
yes 1
yes 1
yes 1
yes 1
