Additional 1
Afghan 1
Alicia 1
Altogether 1
Apaches 1
Architecture 1
Australians 1
BEECHES 1
BREACH 1
BREACH 1
Ballarat 1
Ballarat 1
Ballarat 1
Ballarat 1
Ballarat 1
Bar 1
Be 1
Be 1
Be 1
Beeches 1
Beeches 1
Beeches 1
Beeches 1
Beeches 1
Beeches 1
Beeches 1
Beeches 1
Before 1
Berkshire 1
Berkshire 1
Berkshire 1
Berkshire 1
Beyond 1
Beyond 1
Beyond 1
Beyond 1
Black 1
Black 1
Black 1
Bohemia 1
Bohemia 1
Bohemia 1
Bohemia 1
Bohemia 1
Bohemia 1
Bohemia 1
Bohemia 1
Bohemia 1
Bohemia 1
Bohemia 1
Boone 1
Boone 1
Boone 1
Boone 1
Boone 1
Boone 1
Boone 1
Boone 1
Bristol 1
Bristol 1
Bristol 1
Bristol 1
Bristol 1
Bristol 1
Carbuncle 1
Certainly 1
Certainly 1
Certainly 1
Certainly 1
Certainly 1
Certainly 1
Certainly 1
Certainly 1
Certainly 1
Certainly 1
Certainly 1
Certainly 1
Certainly 1
Charming 1
Christ 1
City 1
City 1
City 1
City 1
City 1
City 1
City 1
City 1
City 1
City 1
City 1
City 1
City 1
City 1
City 1
City 1
Civil 1
Clair 1
Clair 1
Clair 1
Clair 1
Clair 1
Clair 1
Clair 1
Clair 1
Clair 1
Clair 1
Clair 1
Clair 1
Clair 1
Clair 1
Clair 1
Clair 1
Clair 1
Clair 1
Clair 1
Clair 1
Clair 1
Clair 1
Clair 1
Clair 1
Clair 1
Clair 1
Clair 1
Compliance 1
Conan 1
Conan 1
Conan 1
Could 1
Could 1
Could 1
Could 1
Could 1
Count 1
Count 1
Count 1
Crane 1
DISTRIBUTE 1
DOYLE 1
Describe 1
Division 1
Do 1
Do 1
Do 1
Do 1
Do 1
Do 1
Do 1
Do 1
Do 1
Do 1
Do 1
Do 1
Do 1
Do 1
Do 1
Do 1
Do 1
Do 1
Do 1
Do 1
Do 1
Do 1
Do 1
Do 1
Do 1
Do 1
Do 1
Do 1
Do 1
Do 1
Do 1
Do 1
Do 1
Do 1
Do 1
Do 1
Does 1
Does 1
Does 1
Don 1
Don 1
Don 1
Don 1
Don 1
END 1
East 1
Echo 1
Eventually 1
Extremely 1
Ezekiah 1
Ezekiah 1
Fowler 1
Fowler 1
Fowler 1
Fowler 1
Fowler 1
France 1
France 1
France 1
France 1
France 1
France 1
France 1
Franco 1
Gang 1
Gesellschaft 1
Gone 1
Gone 1
Gone 1
Good 1
Good 1
Good 1
Good 1
Good 1
Good 1
Good 1
Good 1
Good 1
Good 1
Good 1
Good 1
Good 1
Good 1
Good 1
Good 1
Good 1
Good 1
Good 1
Good 1
Good 1
Good 1
Gravesend 1
Gravesend 1
Gravesend 1
Gravesend 1
HEADED 1
HEADED 1
HEADED 1
Ha 1
Ha 1
Ha 1
Ha 1
Ha 1
Ha 1
Ha 1
Ha 1
Ha 1
Ha 1
Ha 1
Ha 1
Ha 1
Ha 1
Ha 1
Ha 1
Ha 1
Ha 1
Harley 1
Heh 1
Hence 1
Hence 1
Hill 1
III 1
III 1
III 1
Inn 1
Inn 1
Inn 1
Inn 1
Inspector 1
Inspector 1
Inspector 1
Inspector 1
Inspector 1
Inspector 1
It 1
It 1
It 1
It 1
It 1
It 1
It 1
It 1
It 1
It 1
It 1
It 1
It 1
It 1
It 1
It 1
It 1
It 1
It 1
It 1
It 1
It 1
It 1
It 1
It 1
It 1
It 1
It 1
It 1
It 1
It 1
It 1
It 1
It 1
It 1
It 1
It 1
It 1
It 1
It 1
It 1
It 1
It 1
It 1
It 1
It 1
It 1
It 1
It 1
It 1
It 1
It 1
It 1
It 1
It 1
It 1
It 1
It 1
It 1
It 1
It 1
It 1
It 1
It 1
It 1
It 1
It 1
It 1
It 1
It 1
It 1
It 1
It 1
It 1
It 1
It 1
It 1
It 1
It 1
It 1
It 1
It 1
It 1
It 1
It 1
It 1
It 1
It 1
It 1
It 1
It 1
It 1
It 1
It 1
It 1
It 1
It 1
It 1
It 1
It 1
It 1
It 1
It 1
It 1
It 1
It 1
It 1
It 1
It 1
It 1
It 1
It 1
It 1
It 1
It 1
It 1
It 1
It 1
It 1
It 1
It 1
It 1
It 1
It 1
It 1
It 1
It 1
It 1
It 1
It 1
It 1
It 1
It 1
It 1
It 1
It 1
It 1
It 1
It 1
It 1
It 1
It 1
It 1
It 1
It 1
It 1
It 1
It 1
It 1
It 1
It 1
It 1
It 1
It 1
It 1
It 1
It 1
It 1
It 1
It 1
It 1
It 1
It 1
It 1
It 1
It 1
It 1
It 1
It 1
It 1
It 1
It 1
It 1
It 1
It 1
It 1
It 1
It 1
It 1
It 1
It 1
It 1
It 1
It 1
It 1
It 1
It 1
It 1
It 1
It 1
It 1
It 1
It 1
It 1
It 1
It 1
It 1
It 1
It 1
It 1
It 1
It 1
It 1
It 1
It 1
It 1
It 1
It 1
It 1
It 1
It 1
It 1
It 1
It 1
It 1
It 1
It 1
It 1
It 1
It 1
It 1
It 1
It 1
It 1
It 1
It 1
It 1
It 1
It 1
It 1
It 1
It 1
It 1
It 1
It 1
It 1
It 1
It 1
It 1
It 1
It 1
It 1
It 1
It 1
It 1
It 1
It 1
It 1
It 1
It 1
It 1
It 1
It 1
It 1
It 1
It 1
It 1
It 1
It 1
It 1
It 1
It 1
It 1
It 1
It 1
It 1
It 1
It 1
It 1
It 1
It 1
It 1
It 1
It 1
It 1
It 1
It 1
It 1
It 1
It 1
It 1
It 1
It 1
It 1
It 1
It 1
It 1
It 1
It 1
It 1
It 1
It 1
It 1
It 1
It 1
It 1
It 1
It 1
It 1
It 1
It 1
It 1
It 1
It 1
It 1
It 1
It 1
It 1
It 1
It 1
It 1
It 1
It 1
It 1
It 1
It 1
It 1
It 1
It 1
It 1
It 1
It 1
It 1
It 1
It 1
It 1
It 1
It 1
It 1
It 1
It 1
It 1
It 1
It 1
It 1
It 1
It 1
It 1
It 1
It 1
It 1
It 1
It 1
It 1
It 1
It 1
It 1
It 1
It 1
It 1
It 1
It 1
It 1
It 1
It 1
It 1
It 1
It 1
It 1
It 1
It 1
It 1
It 1
It 1
It 1
It 1
It 1
It 1
It 1
It 1
It 1
It 1
It 1
It 1
It 1
It 1
It 1
It 1
It 1
It 1
It 1
It 1
It 1
It 1
It 1
It 1
It 1
It 1
It 1
It 1
It 1
It 1
It 1
It 1
It 1
It 1
It 1
It 1
It 1
It 1
It 1
It 1
It 1
It 1
It 1
It 1
It 1
It 1
It 1
It 1
It 1
It 1
It 1
It 1
It 1
It 1
It 1
It 1
It 1
It 1
It 1
It 1
It 1
It 1
It 1
It 1
It 1
It 1
It 1
It 1
It 1
It 1
It 1
It 1
It 1
It 1
It 1
It 1
It 1
It 1
It 1
It 1
It 1
It 1
It 1
It 1
Jeremiah 1
Jewel 1
Kate 1
Kate 1
Kate 1
Kate 1
LIABILITY 1
Large 1
Large 1
League 1
League 1
League 1
League 1
League 1
League 1
League 1
League 1
League 1
League 1
League 1
League 1
League 1
Leave 1
Lip 1
Living 1
Louisiana 1
Lucy 1
Lucy 1
Lucy 1
M 1
Major 1
Major 1
Major 1
Major 1
Mauritius 1
May 1
May 1
May 1
May 1
May 1
May 1
May 1
May 1
Merryweather 1
Merryweather 1
Merryweather 1
Merryweather 1
Merryweather 1
Merryweather 1
Merryweather 1
Merryweather 1
Merryweather 1
Merryweather 1
Merryweather 1
Merryweather 1
Mexico 1
Michael 1
Michael 1
Middlesex 1
Millar 1
Millar 1
Millar 1
Millar 1
Millar 1
Mississippi 1
NO 1
NO 1
Name 1
Neville 1
Neville 1
Neville 1
Neville 1
Neville 1
Neville 1
Neville 1
Neville 1
Neville 1
Neville 1
Neville 1
Neville 1
Neville 1
Neville 1
Neville 1
Neville 1
Neville 1
Neville 1
Nights 1
Nor 1
Nor 1
North 1
North 1
Old 1
Old 1
Oxfordshire 1
PG 1
Pall 1
Palmer 1
Patersons 1
Patience 1
Photography 1
Pon 1
Pon 1
Pritchard 1
Probably 1
Public 1
Public 1
Really 1
Really 1
Really 1
Really 1
Red 1
Red 1
Red 1
Red 1
Red 1
Red 1
Redistributing 1
Regency 1
Restaurant 1
ST 1
Saxe 1
Saxe 1
Saxe 1
Saxe 1
Saxe 1
Saxe 1
Saxe 1
Scott 1
See 1
See 1
See 1
See 1
See 1
See 1
See 1
See 1
Sholto 1
Showing 1
Smart 1
Speckled 1
Square 1
Square 1
Square 1
Square 1
Square 1
Square 1
Square 1
Square 1
Square 1
Square 1
Square 1
Square 1
Square 1
Square 1
Square 1
Stoper 1
Stoper 1
Stoper 1
Stoper 1
Stoper 1
Stoper 1
TO 1
TO 1
TO 1
Take 1
Take 1
Terms 1
Terms 1
Texas 1
Third 1
Tollers 1
Trincomalee 1
Turn 1
Turning 1
Tut 1
Tut 1
Union 1
Union 1
Victor 1
Violence 1
Violence 1
Voila 1
Warm 1
Westbury 1
William 1
William 1
William 1
William 1
William 1
Willows 1
Windibank 1
Windibank 1
Windibank 1
Windibank 1
Windibank 1
Windibank 1
Windibank 1
Windibank 1
Windibank 1
Windibank 1
Windibank 1
Windibank 1
Windibank 1
Windibank 1
Windibank 1
Windibank 1
Windibank 1
Windibank 1
Windibank 1
Windibank 1
Witness 1
Witness 1
Witness 1
Witness 1
Witness 1
Witness 1
Witness 1
Witness 1
Witness 1
abhorrent 1
absent 1
absolute 1
absolute 1
absolute 1
absolute 1
absolute 1
absolute 1
absolute 1
absolute 1
absolute 1
absolute 1
absolute 1
absolute 1
absolute 1
absolute 1
absorb 1
accident 1
accident 1
accident 1
accident 1
accident 1
accompanying 1
acid 1
acid 1
acknowledges 1
across 1
across 1
across 1
across 1
across 1
across 1
across 1
across 1
across 1
across 1
across 1
across 1
across 1
across 1
across 1
across 1
across 1
across 1
across 1
across 1
across 1
across 1
across 1
across 1
across 1
across 1
across 1
across 1
across 1
across 1
across 1
across 1
across 1
across 1
across 1
across 1
actor 1
actor 1
add 1
add 1
add 1
advancing 1
advantage 1
advantage 1
advantage 1
advantage 1
advantage 1
advantage 1
affair 1
affair 1
affair 1
affair 1
affair 1
affair 1
affair 1
affair 1
affair 1
affair 1
affair 1
affair 1
affair 1
affair 1
affliction 1
aged 1
aged 1
aged 1
aged 1
aged 1
agency 1
agency 1
agency 1
agency 1
agitated 1
agitated 1
agricultural 1
agricultural 1
alleging 1
alteration 1
always 1
always 1
always 1
always 1
always 1
always 1
always 1
always 1
always 1
always 1
always 1
always 1
always 1
always 1
always 1
always 1
always 1
always 1
always 1
always 1
always 1
always 1
always 1
always 1
always 1
always 1
always 1
always 1
always 1
always 1
always 1
always 1
always 1
always 1
always 1
always 1
always 1
always 1
always 1
always 1
always 1
always 1
always 1
always 1
always 1
always 1
always 1
always 1
always 1
always 1
always 1
always 1
always 1
always 1
always 1
always 1
always 1
amiable 1
amiable 1
amiable 1
amiable 1
amiable 1
amiable 1
amiss 1
amiss 1
amused 1
amused 1
amusement 1
amusement 1
animated 1
animated 1
announcement 1
announcement 1
announcement 1
anonymous 1
anonymous 1
apiece 1
apiece 1
apiece 1
apiece 1
apparent 1
appeal 1
approached 1
approached 1
approached 1
approached 1
approached 1
approached 1
approached 1
arduous 1
arrangements 1
arrangements 1
arrangements 1
arresting 1
ascended 1
ascended 1
ascended 1
ashen 1
ashen 1
ask 1
ask 1
ask 1
ask 1
ask 1
ask 1
ask 1
ask 1
ask 1
ask 1
ask 1
ask 1
ask 1
ask 1
ask 1
ask 1
ask 1
ask 1
ask 1
ask 1
ask 1
ask 1
ask 1
ask 1
ask 1
ask 1
ask 1
ask 1
ask 1
ask 1
ask 1
ask 1
ask 1
ask 1
ask 1
assault 1
assistants 1
astir 1
attacked 1
attacked 1
attacked 1
attain 1
attain 1
attic 1
attic 1
attic 1
attic 1
attract 1
authorities 1
authorities 1
authorities 1
avail 1
average 1
average 1
average 1
avoiding 1
awaited 1
awake 1
awake 1
awake 1
awkward 1
awkward 1
awkward 1
awoke 1
bachelors 1
backward 1
backward 1
backward 1
backward 1
backward 1
backward 1
backward 1
base 1
bashful 1
bath 1
bath 1
beast 1
bed 1
bed 1
bed 1
bed 1
bed 1
bed 1
bed 1
bed 1
bed 1
bed 1
bed 1
bed 1
bed 1
bed 1
bed 1
bed 1
bed 1
bed 1
bed 1
bed 1
bed 1
bed 1
bed 1
bed 1
bed 1
bed 1
bed 1
bed 1
bed 1
bed 1
bed 1
bed 1
bed 1
bed 1
bed 1
bed 1
bed 1
bed 1
bed 1
bedrooms 1
bedrooms 1
bedrooms 1
begging 1
begging 1
begging 1
begging 1
begin 1
begin 1
begin 1
begin 1
begin 1
begin 1
begun 1
begun 1
begun 1
begun 1
bell 1
bell 1
bell 1
bell 1
bell 1
bell 1
bell 1
bell 1
bell 1
bell 1
bell 1
bell 1
bell 1
bell 1
bell 1
bell 1
bell 1
bell 1
bell 1
bell 1
bell 1
bell 1
bell 1
bell 1
bell 1
below 1
below 1
below 1
below 1
below 1
below 1
below 1
below 1
bending 1
bending 1
bending 1
besides 1
besides 1
besides 1
bind 1
blame 1
blame 1
blame 1
bland 1
blunt 1
blunt 1
blunt 1
blunt 1
bluster 1
boasting 1
boisterous 1
both 1
both 1
both 1
both 1
both 1
both 1
both 1
both 1
both 1
both 1
both 1
both 1
both 1
both 1
both 1
both 1
both 1
both 1
both 1
both 1
both 1
both 1
both 1
both 1
both 1
both 1
both 1
both 1
both 1
both 1
both 1
both 1
both 1
both 1
both 1
both 1
both 1
both 1
both 1
both 1
both 1
both 1
both 1
bounds 1
boys 1
braving 1
brazier 1
brazier 1
breaking 1
breaking 1
breaking 1
breaking 1
breaking 1
breaking 1
breaking 1
breaking 1
brickish 1
brightness 1
broken 1
broken 1
broken 1
broken 1
broken 1
broken 1
broken 1
broken 1
broken 1
broken 1
broken 1
broken 1
brushed 1
brushed 1
brushed 1
buffalo 1
bull 1
bundles 1
buried 1
buried 1
buried 1
buried 1
buried 1
buried 1
but 1
but 1
but 1
but 1
but 1
but 1
but 1
but 1
but 1
but 1
but 1
but 1
but 1
but 1
but 1
but 1
but 1
but 1
but 1
but 1
but 1
but 1
but 1
but 1
but 1
but 1
but 1
but 1
but 1
but 1
but 1
but 1
but 1
but 1
but 1
but 1
but 1
but 1
but 1
but 1
but 1
but 1
but 1
but 1
but 1
but 1
but 1
but 1
but 1
but 1
but 1
but 1
but 1
but 1
but 1
but 1
but 1
but 1
but 1
but 1
but 1
but 1
but 1
but 1
but 1
but 1
but 1
but 1
but 1
but 1
but 1
but 1
but 1
but 1
but 1
but 1
but 1
but 1
but 1
but 1
but 1
but 1
but 1
but 1
but 1
but 1
but 1
but 1
but 1
but 1
but 1
but 1
but 1
but 1
but 1
but 1
but 1
but 1
but 1
but 1
but 1
but 1
but 1
but 1
but 1
but 1
but 1
but 1
but 1
but 1
but 1
but 1
but 1
but 1
but 1
but 1
but 1
but 1
but 1
but 1
but 1
but 1
but 1
but 1
but 1
but 1
but 1
but 1
but 1
but 1
but 1
but 1
but 1
but 1
but 1
but 1
but 1
but 1
but 1
but 1
but 1
but 1
but 1
but 1
but 1
but 1
but 1
but 1
but 1
but 1
but 1
but 1
but 1
but 1
but 1
but 1
but 1
but 1
but 1
but 1
but 1
but 1
but 1
but 1
but 1
but 1
but 1
but 1
but 1
but 1
but 1
but 1
but 1
but 1
but 1
but 1
but 1
but 1
but 1
but 1
but 1
but 1
but 1
but 1
but 1
but 1
but 1
but 1
but 1
but 1
but 1
but 1
but 1
but 1
but 1
but 1
but 1
but 1
but 1
but 1
but 1
but 1
but 1
but 1
but 1
but 1
but 1
but 1
but 1
but 1
but 1
but 1
but 1
but 1
but 1
but 1
but 1
but 1
but 1
but 1
but 1
but 1
but 1
but 1
but 1
but 1
but 1
but 1
but 1
but 1
but 1
but 1
but 1
but 1
but 1
but 1
but 1
but 1
but 1
but 1
but 1
but 1
but 1
but 1
but 1
but 1
but 1
but 1
but 1
but 1
but 1
but 1
but 1
but 1
but 1
but 1
but 1
but 1
but 1
but 1
but 1
but 1
but 1
but 1
but 1
but 1
but 1
but 1
but 1
but 1
but 1
but 1
but 1
but 1
but 1
but 1
but 1
but 1
but 1
but 1
but 1
but 1
but 1
but 1
but 1
but 1
but 1
but 1
but 1
but 1
but 1
but 1
but 1
but 1
but 1
but 1
but 1
but 1
but 1
but 1
but 1
but 1
but 1
but 1
but 1
but 1
but 1
but 1
but 1
but 1
but 1
but 1
but 1
but 1
but 1
but 1
but 1
but 1
but 1
but 1
but 1
but 1
but 1
but 1
but 1
but 1
but 1
but 1
but 1
but 1
but 1
but 1
but 1
but 1
but 1
but 1
but 1
but 1
but 1
but 1
but 1
but 1
but 1
but 1
but 1
but 1
but 1
but 1
but 1
but 1
but 1
but 1
but 1
but 1
but 1
but 1
but 1
but 1
but 1
but 1
but 1
but 1
but 1
but 1
but 1
but 1
but 1
but 1
but 1
but 1
but 1
but 1
but 1
but 1
but 1
but 1
but 1
but 1
but 1
but 1
but 1
but 1
but 1
but 1
but 1
but 1
but 1
but 1
but 1
but 1
but 1
but 1
but 1
but 1
but 1
but 1
but 1
but 1
but 1
but 1
but 1
but 1
but 1
but 1
but 1
but 1
but 1
but 1
but 1
but 1
but 1
but 1
but 1
but 1
but 1
but 1
but 1
but 1
but 1
but 1
but 1
but 1
but 1
but 1
but 1
but 1
but 1
but 1
but 1
but 1
but 1
but 1
but 1
but 1
but 1
but 1
but 1
but 1
but 1
but 1
but 1
but 1
but 1
but 1
but 1
but 1
but 1
but 1
but 1
but 1
but 1
but 1
but 1
but 1
but 1
but 1
but 1
but 1
but 1
but 1
but 1
but 1
but 1
but 1
but 1
but 1
but 1
but 1
but 1
but 1
but 1
but 1
but 1
buzzing 1
c 1
c 1
c 1
c 1
c 1
called 1
called 1
called 1
called 1
called 1
called 1
called 1
called 1
called 1
called 1
called 1
called 1
called 1
called 1
called 1
called 1
called 1
called 1
called 1
called 1
called 1
called 1
called 1
called 1
called 1
called 1
camera 1
carefully 1
carefully 1
carefully 1
carefully 1
carefully 1
carefully 1
carefully 1
carefully 1
carefully 1
carts 1
caseful 1
cashier 1
cashier 1
catlike 1
centre 1
centre 1
centre 1
centre 1
centre 1
centre 1
centre 1
centre 1
centre 1
centre 1
centre 1
centre 1
centre 1
centre 1
centre 1
centre 1
centred 1
chaffed 1
chambers 1
chambers 1
chambers 1
chances 1
chances 1
charcoal 1
charcoal 1
chasing 1
chatted 1
cheap 1
checkmate 1
cheerily 1
cheerily 1
choose 1
choose 1
choose 1
choose 1
cigarettes 1
cigars 1
cigars 1
cigars 1
cigars 1
cigars 1
circulation 1
civil 1
civil 1
clang 1
clang 1
clang 1
clang 1
clapped 1
clapped 1
clapped 1
clapped 1
clay 1
clay 1
clay 1
clay 1
clay 1
clay 1
clay 1
clay 1
clerk 1
climate 1
climbing 1
closing 1
closing 1
closing 1
closing 1
closing 1
closing 1
coil 1
coil 1
coldly 1
coldly 1
coldly 1
coldness 1
collected 1
colourless 1
columns 1
columns 1
combination 1
command 1
command 1
command 1
command 1
commence 1
commence 1
commence 1
commence 1
community 1
commuting 1
companies 1
company 1
company 1
company 1
company 1
company 1
company 1
company 1
company 1
company 1
company 1
company 1
company 1
company 1
company 1
company 1
company 1
compared 1
compared 1
compensated 1
compositor 1
compressed 1
compressed 1
compressed 1
computer 1
computer 1
concealment 1
conceit 1
concerts 1
condition 1
condition 1
confectioner 1
consider 1
consider 1
consider 1
consider 1
consider 1
consider 1
considerably 1
considerably 1
considerably 1
considerably 1
considerably 1
considerably 1
considerably 1
considering 1
considering 1
considering 1
consuming 1
contemplation 1
contemplation 1
continued 1
continued 1
continued 1
continued 1
continued 1
continued 1
continued 1
continued 1
continued 1
continued 1
continued 1
continued 1
continued 1
continued 1
contributions 1
control 1
control 1
control 1
control 1
corridors 1
cotton 1
couldn 1
court 1
court 1
court 1
court 1
court 1
court 1
court 1
court 1
court 1
court 1
court 1
court 1
cousin 1
cousin 1
cousin 1
cover 1
cover 1
cover 1
cover 1
cover 1
craggy 1
crate 1
crate 1
crate 1
crawl 1
crawl 1
credit 1
credit 1
credit 1
credit 1
credit 1
credit 1
credit 1
creditable 1
cured 1
current 1
current 1
daily 1
daily 1
dangerously 1
daring 1
daring 1
daring 1
daring 1
daring 1
decorated 1
deeper 1
deeper 1
deeper 1
deeper 1
deficiencies 1
define 1
degrees 1
degrees 1
delusion 1
departed 1
departed 1
dependent 1
depends 1
depends 1
depends 1
deposes 1
depressed 1
deserting 1
desk 1
desk 1
desk 1
desk 1
detective 1
detective 1
detective 1
detective 1
detective 1
detective 1
detective 1
determination 1
devils 1
devoted 1
devoted 1
devoted 1
devoted 1
devouring 1
devouring 1
diabetes 1
difference 1
difference 1
difference 1
different 1
different 1
different 1
different 1
different 1
different 1
different 1
different 1
different 1
different 1
different 1
different 1
different 1
different 1
dilate 1
diligently 1
dint 1
disappointment 1
disappointment 1
disappointment 1
disappointment 1
disappointment 1
discontinue 1
discovering 1
discovering 1
discovering 1
disgraceful 1
disgraceful 1
dismay 1
distinctly 1
distinctly 1
distinctly 1
distinctly 1
distinctly 1
distinctly 1
double 1
double 1
double 1
double 1
double 1
double 1
double 1
double 1
double 1
double 1
double 1
double 1
double 1
double 1
double 1
double 1
doubly 1
doubtless 1
doubtless 1
doubtless 1
doubtless 1
dragging 1
draught 1
draught 1
draught 1
drawback 1
drawback 1
drenched 1
drenched 1
drifting 1
drifting 1
droning 1
drowned 1
drunkard 1
drunkard 1
dun 1
dustcoat 1
dusty 1
dusty 1
eBooks 1
eBooks 1
eBooks 1
eBooks 1
eBooks 1
eBooks 1
eBooks 1
eaten 1
eaten 1
ebbing 1
editor 1
effect 1
effect 1
effect 1
effect 1
effect 1
effect 1
effect 1
effect 1
effect 1
effect 1
effect 1
effect 1
effect 1
effect 1
effect 1
effect 1
effect 1
effect 1
effect 1
eighteen 1
elastic 1
elastic 1
elastic 1
elastic 1
elbow 1
elbow 1
elbow 1
elderly 1
elderly 1
elderly 1
elderly 1
electric 1
electric 1
electric 1
eligible 1
eligible 1
emerge 1
emerge 1
emerged 1
emerged 1
emerged 1
emerged 1
emerged 1
emerged 1
emerged 1
emerged 1
employe 1
employe 1
employer 1
employer 1
employer 1
en 1
end 1
end 1
end 1
end 1
end 1
end 1
end 1
end 1
end 1
end 1
end 1
end 1
end 1
end 1
end 1
end 1
end 1
end 1
end 1
end 1
end 1
end 1
end 1
end 1
end 1
end 1
end 1
end 1
end 1
end 1
end 1
end 1
end 1
end 1
end 1
end 1
end 1
end 1
end 1
end 1
end 1
end 1
end 1
end 1
end 1
end 1
end 1
end 1
end 1
end 1
end 1
end 1
end 1
end 1
end 1
endeavour 1
engaged 1
engaged 1
engaged 1
engaged 1
engaged 1
engaged 1
engaged 1
engaged 1
engaged 1
engaged 1
engaged 1
engaged 1
engaged 1
engaged 1
engaged 1
engagement 1
engagement 1
engagement 1
engagement 1
errors 1
escape 1
escape 1
escape 1
escape 1
escape 1
escape 1
everybody 1
everyday 1
evidence 1
evidence 1
evidence 1
evidence 1
evidence 1
evidence 1
evidence 1
evidence 1
evidence 1
evidence 1
evidence 1
evidence 1
evidence 1
evidence 1
evidence 1
evidence 1
evolve 1
evolved 1
ex 1
ex 1
examine 1
examine 1
examine 1
examine 1
examine 1
examine 1
exceeded 1
excessive 1
exciting 1
exercising 1
expect 1
expect 1
expect 1
expect 1
expect 1
expect 1
expect 1
expect 1
expired 1
explore 1
exquisite 1
facts 1
facts 1
facts 1
facts 1
facts 1
facts 1
facts 1
facts 1
facts 1
facts 1
facts 1
facts 1
facts 1
facts 1
facts 1
facts 1
facts 1
facts 1
facts 1
facts 1
facts 1
facts 1
facts 1
facts 1
facts 1
facts 1
facts 1
facts 1
facts 1
facts 1
facts 1
facts 1
facts 1
facts 1
facts 1
fad 1
failed 1
failed 1
failed 1
failed 1
failed 1
failed 1
fairly 1
fairly 1
fairly 1
fairly 1
fairly 1
fairly 1
fairly 1
familiar 1
familiar 1
familiar 1
familiar 1
familiar 1
familiar 1
familiar 1
familiar 1
familiar 1
fascinating 1
fascinating 1
fascinating 1
fasteners 1
favour 1
favour 1
favour 1
favour 1
favour 1
favour 1
favour 1
favour 1
favour 1
favourable 1
favourably 1
favourably 1
fields 1
fields 1
fields 1
fields 1
fields 1
fields 1
filial 1
filling 1
flap 1
flap 1
flap 1
flattened 1
flattened 1
flirting 1
fold 1
fold 1
follow 1
follow 1
follow 1
follow 1
follow 1
follow 1
follow 1
follow 1
follow 1
follow 1
follow 1
follow 1
follow 1
follow 1
follow 1
fond 1
fond 1
fond 1
fond 1
footsteps 1
footsteps 1
forefinger 1
forefinger 1
forefinger 1
forefinger 1
foreigner 1
forgetfulness 1
formalities 1
formed 1
formed 1
formed 1
formed 1
formed 1
formed 1
formed 1
formed 1
formed 1
formed 1
formed 1
frankly 1
freemasonry 1
fringed 1
frosty 1
fruitless 1
fruits 1
furnish 1
fuss 1
fuss 1
future 1
future 1
future 1
future 1
future 1
future 1
future 1
future 1
future 1
future 1
future 1
future 1
gaiters 1
gaiters 1
gaiters 1
gaiters 1
gaped 1
gaped 1
gasogene 1
gathering 1
gathering 1
gaunt 1
gaunt 1
gaze 1
gaze 1
gaze 1
gaze 1
gear 1
generations 1
generations 1
generations 1
generations 1
gentle 1
gentle 1
gentle 1
gentle 1
gentle 1
gentle 1
gesture 1
gesture 1
gesture 1
gesture 1
gesture 1
ghost 1
glade 1
glamour 1
glances 1
glances 1
glances 1
glances 1
glitter 1
glitter 1
gloomy 1
gong 1
gossiping 1
granted 1
granted 1
gras 1
grate 1
grate 1
great 1
great 1
great 1
great 1
great 1
great 1
great 1
great 1
great 1
great 1
great 1
great 1
great 1
great 1
great 1
great 1
great 1
great 1
great 1
great 1
great 1
great 1
great 1
great 1
great 1
great 1
great 1
great 1
great 1
great 1
great 1
great 1
great 1
great 1
great 1
great 1
great 1
great 1
great 1
great 1
great 1
great 1
great 1
great 1
great 1
great 1
great 1
great 1
great 1
great 1
great 1
great 1
great 1
great 1
great 1
great 1
grew 1
grew 1
grew 1
grew 1
grew 1
grew 1
grew 1
grew 1
grew 1
grew 1
grew 1
grew 1
grey 1
grey 1
grey 1
grey 1
grey 1
grey 1
grey 1
grey 1
grey 1
grey 1
grey 1
grey 1
grey 1
grey 1
grey 1
grey 1
grey 1
grey 1
grey 1
grey 1
grey 1
grey 1
grey 1
grey 1
group 1
group 1
group 1
group 1
grow 1
grow 1
ha 1
ha 1
ha 1
ha 1
half 1
half 1
half 1
half 1
half 1
half 1
half 1
half 1
half 1
half 1
half 1
half 1
half 1
half 1
half 1
half 1
half 1
half 1
half 1
half 1
half 1
half 1
half 1
half 1
half 1
half 1
half 1
half 1
half 1
half 1
half 1
half 1
half 1
half 1
half 1
half 1
half 1
half 1
half 1
half 1
half 1
half 1
half 1
half 1
half 1
half 1
half 1
half 1
half 1
half 1
half 1
half 1
half 1
half 1
half 1
half 1
half 1
half 1
half 1
hammered 1
handing 1
handling 1
handling 1
hansoms 1
happens 1
happens 1
happily 1
happily 1
harmless 1
headache 1
heaven 1
heaven 1
hellish 1
hellish 1
hence 1
hence 1
hence 1
herself 1
herself 1
herself 1
herself 1
herself 1
herself 1
herself 1
herself 1
herself 1
herself 1
hesitate 1
hid 1
highly 1
highly 1
highly 1
highly 1
hoarsely 1
hold 1
hold 1
hold 1
hold 1
hold 1
hold 1
hold 1
holes 1
holes 1
hollow 1
hollow 1
hollow 1
hollow 1
homeward 1
homeward 1
homeward 1
hoping 1
horrible 1
horrible 1
horrible 1
horrible 1
horrible 1
horrible 1
horrible 1
horrible 1
horrible 1
horrible 1
horrible 1
horrible 1
horrible 1
hot 1
hot 1
hot 1
hot 1
hot 1
hot 1
hot 1
hot 1
hot 1
hot 1
hot 1
household 1
household 1
household 1
household 1
household 1
household 1
household 1
household 1
huge 1
huge 1
huge 1
huge 1
huge 1
huge 1
huge 1
huge 1
huge 1
huge 1
huge 1
humoured 1
hurling 1
hurling 1
ignotum 1
illustrate 1
illustrious 1
imbecility 1
imminent 1
impassable 1
impatience 1
impatience 1
imply 1
improbable 1
improbable 1
improving 1
impulsively 1
impunity 1
impunity 1
impunity 1
incapable 1
incapable 1
indicate 1
indicate 1
indicate 1
indications 1
indications 1
indiscreetly 1
individuality 1
individuality 1
inexorable 1
inexorable 1
influence 1
influence 1
influence 1
influence 1
influence 1
influence 1
influence 1
influence 1
influence 1
influence 1
influence 1
initials 1
initials 1
initials 1
initials 1
initials 1
initials 1
initials 1
injunction 1
inquired 1
inquired 1
inquired 1
inquiry 1
inquiry 1
inquiry 1
inquiry 1
inquiry 1
inquiry 1
inquiry 1
inquiry 1
inquiry 1
inquiry 1
inquiry 1
inquiry 1
insists 1
inspector 1
inspector 1
inspector 1
inspector 1
inspector 1
inspector 1
inspector 1
inspector 1
inspector 1
inspector 1
inspector 1
inspector 1
inspector 1
inspector 1
inspector 1
inspector 1
inspector 1
inspector 1
inspector 1
inspector 1
inspector 1
inspector 1
inspector 1
instincts 1
instincts 1
instincts 1
instituted 1
instituted 1
intently 1
interposed 1
interrupt 1
introspect 1
invalidity 1
invariable 1
invited 1
invited 1
inward 1
inward 1
issue 1
issue 1
it 1
it 1
it 1
it 1
it 1
it 1
it 1
it 1
it 1
it 1
it 1
it 1
it 1
it 1
it 1
it 1
it 1
it 1
it 1
it 1
it 1
it 1
it 1
it 1
it 1
it 1
it 1
it 1
it 1
it 1
it 1
it 1
it 1
it 1
it 1
it 1
it 1
it 1
it 1
it 1
it 1
it 1
it 1
it 1
it 1
it 1
it 1
it 1
it 1
it 1
it 1
it 1
it 1
it 1
it 1
it 1
it 1
it 1
it 1
it 1
it 1
it 1
it 1
it 1
it 1
it 1
it 1
it 1
it 1
it 1
it 1
it 1
it 1
it 1
it 1
it 1
it 1
it 1
it 1
it 1
it 1
it 1
it 1
it 1
it 1
it 1
it 1
it 1
it 1
it 1
it 1
it 1
it 1
it 1
it 1
it 1
it 1
it 1
it 1
it 1
it 1
it 1
it 1
it 1
it 1
it 1
it 1
it 1
it 1
it 1
it 1
it 1
it 1
it 1
it 1
it 1
it 1
it 1
it 1
it 1
it 1
it 1
it 1
it 1
it 1
it 1
it 1
it 1
it 1
it 1
it 1
it 1
it 1
it 1
it 1
it 1
it 1
it 1
it 1
it 1
it 1
it 1
it 1
it 1
it 1
it 1
it 1
it 1
it 1
it 1
it 1
it 1
it 1
it 1
it 1
it 1
it 1
it 1
it 1
it 1
it 1
it 1
it 1
it 1
it 1
it 1
it 1
it 1
it 1
it 1
it 1
it 1
it 1
it 1
it 1
it 1
it 1
it 1
it 1
it 1
it 1
it 1
it 1
it 1
it 1
it 1
it 1
it 1
it 1
it 1
it 1
it 1
it 1
it 1
it 1
it 1
it 1
it 1
it 1
it 1
it 1
it 1
it 1
it 1
it 1
it 1
it 1
it 1
it 1
it 1
it 1
it 1
it 1
it 1
it 1
it 1
it 1
it 1
it 1
it 1
it 1
it 1
it 1
it 1
it 1
it 1
it 1
it 1
it 1
it 1
it 1
it 1
it 1
it 1
it 1
it 1
it 1
it 1
it 1
it 1
it 1
it 1
it 1
it 1
it 1
it 1
it 1
it 1
it 1
it 1
it 1
it 1
it 1
it 1
it 1
it 1
it 1
it 1
it 1
it 1
it 1
it 1
it 1
it 1
it 1
it 1
it 1
it 1
it 1
it 1
it 1
it 1
it 1
it 1
it 1
it 1
it 1
it 1
it 1
it 1
it 1
it 1
it 1
it 1
it 1
it 1
it 1
it 1
it 1
it 1
it 1
it 1
it 1
it 1
it 1
it 1
it 1
it 1
it 1
it 1
it 1
it 1
it 1
it 1
it 1
it 1
it 1
it 1
it 1
it 1
it 1
it 1
it 1
it 1
it 1
it 1
it 1
it 1
it 1
it 1
it 1
it 1
it 1
it 1
it 1
it 1
it 1
it 1
it 1
it 1
it 1
it 1
it 1
it 1
it 1
it 1
it 1
it 1
it 1
it 1
it 1
it 1
it 1
it 1
it 1
it 1
it 1
it 1
it 1
it 1
it 1
it 1
it 1
it 1
it 1
it 1
it 1
it 1
it 1
it 1
it 1
it 1
it 1
it 1
it 1
it 1
it 1
it 1
it 1
it 1
it 1
it 1
it 1
it 1
it 1
it 1
it 1
it 1
it 1
it 1
it 1
it 1
it 1
it 1
it 1
it 1
it 1
it 1
it 1
it 1
it 1
it 1
it 1
it 1
it 1
it 1
it 1
it 1
it 1
it 1
it 1
it 1
it 1
it 1
it 1
it 1
it 1
it 1
it 1
it 1
it 1
it 1
it 1
it 1
it 1
it 1
it 1
it 1
it 1
it 1
it 1
it 1
it 1
it 1
it 1
it 1
it 1
it 1
it 1
it 1
it 1
it 1
it 1
it 1
it 1
it 1
it 1
it 1
it 1
it 1
it 1
it 1
it 1
it 1
it 1
it 1
it 1
it 1
it 1
it 1
it 1
it 1
it 1
it 1
it 1
it 1
it 1
it 1
it 1
it 1
it 1
it 1
it 1
it 1
it 1
it 1
it 1
it 1
it 1
it 1
it 1
it 1
it 1
it 1
it 1
it 1
it 1
it 1
it 1
it 1
it 1
it 1
it 1
it 1
it 1
it 1
it 1
it 1
it 1
it 1
it 1
it 1
it 1
it 1
it 1
it 1
it 1
it 1
it 1
it 1
it 1
it 1
it 1
it 1
it 1
it 1
it 1
it 1
it 1
it 1
it 1
it 1
it 1
it 1
it 1
it 1
it 1
it 1
it 1
it 1
it 1
it 1
it 1
it 1
it 1
it 1
it 1
it 1
it 1
it 1
it 1
it 1
it 1
it 1
it 1
it 1
it 1
it 1
it 1
it 1
it 1
it 1
it 1
it 1
it 1
it 1
it 1
it 1
it 1
it 1
it 1
it 1
it 1
it 1
it 1
it 1
it 1
it 1
it 1
it 1
it 1
it 1
it 1
it 1
it 1
it 1
it 1
it 1
it 1
it 1
it 1
it 1
it 1
it 1
it 1
it 1
it 1
it 1
it 1
it 1
it 1
it 1
it 1
it 1
it 1
it 1
it 1
it 1
it 1
it 1
it 1
it 1
it 1
it 1
it 1
it 1
it 1
it 1
it 1
it 1
it 1
it 1
it 1
it 1
it 1
it 1
it 1
it 1
it 1
it 1
it 1
it 1
it 1
it 1
it 1
it 1
it 1
it 1
it 1
it 1
it 1
it 1
it 1
it 1
it 1
it 1
it 1
it 1
it 1
it 1
it 1
it 1
it 1
it 1
it 1
it 1
it 1
it 1
it 1
it 1
it 1
it 1
it 1
it 1
it 1
it 1
it 1
it 1
it 1
it 1
it 1
it 1
it 1
it 1
it 1
it 1
it 1
it 1
it 1
it 1
it 1
it 1
it 1
it 1
it 1
it 1
it 1
it 1
it 1
it 1
it 1
it 1
it 1
it 1
it 1
it 1
it 1
it 1
it 1
it 1
it 1
it 1
it 1
it 1
it 1
it 1
it 1
it 1
it 1
it 1
it 1
it 1
it 1
it 1
it 1
it 1
it 1
it 1
it 1
it 1
it 1
it 1
it 1
it 1
it 1
it 1
it 1
it 1
it 1
it 1
it 1
it 1
it 1
it 1
it 1
it 1
it 1
it 1
it 1
it 1
it 1
it 1
it 1
it 1
it 1
it 1
it 1
it 1
it 1
it 1
it 1
it 1
it 1
it 1
it 1
it 1
it 1
it 1
it 1
it 1
it 1
it 1
it 1
it 1
it 1
it 1
it 1
it 1
it 1
it 1
it 1
it 1
it 1
it 1
it 1
it 1
it 1
it 1
it 1
it 1
it 1
it 1
it 1
it 1
it 1
it 1
it 1
it 1
it 1
it 1
it 1
it 1
it 1
it 1
it 1
it 1
it 1
it 1
it 1
it 1
it 1
it 1
it 1
it 1
it 1
it 1
it 1
it 1
it 1
it 1
it 1
it 1
it 1
it 1
it 1
it 1
it 1
it 1
it 1
it 1
it 1
it 1
it 1
it 1
it 1
it 1
it 1
it 1
it 1
it 1
it 1
it 1
it 1
it 1
it 1
it 1
it 1
it 1
it 1
it 1
it 1
it 1
it 1
it 1
it 1
it 1
it 1
it 1
it 1
it 1
it 1
it 1
it 1
it 1
it 1
it 1
it 1
it 1
it 1
it 1
it 1
it 1
it 1
it 1
it 1
it 1
it 1
it 1
it 1
it 1
it 1
it 1
it 1
it 1
it 1
it 1
it 1
it 1
it 1
it 1
it 1
it 1
it 1
it 1
it 1
it 1
it 1
it 1
it 1
it 1
it 1
it 1
it 1
it 1
it 1
it 1
it 1
it 1
it 1
it 1
it 1
it 1
it 1
it 1
it 1
it 1
it 1
it 1
it 1
it 1
it 1
it 1
it 1
it 1
it 1
it 1
it 1
it 1
it 1
it 1
it 1
it 1
it 1
it 1
it 1
it 1
it 1
it 1
it 1
it 1
it 1
it 1
it 1
it 1
it 1
it 1
it 1
it 1
it 1
it 1
it 1
it 1
it 1
it 1
it 1
it 1
it 1
it 1
it 1
it 1
it 1
it 1
it 1
it 1
it 1
it 1
it 1
it 1
it 1
it 1
it 1
it 1
it 1
it 1
it 1
it 1
it 1
it 1
it 1
it 1
it 1
it 1
it 1
it 1
it 1
it 1
it 1
it 1
it 1
it 1
it 1
it 1
it 1
it 1
it 1
it 1
it 1
it 1
it 1
it 1
it 1
it 1
it 1
it 1
it 1
it 1
it 1
it 1
it 1
it 1
it 1
it 1
it 1
it 1
it 1
it 1
it 1
it 1
it 1
it 1
it 1
it 1
it 1
it 1
it 1
it 1
it 1
it 1
it 1
it 1
it 1
it 1
it 1
it 1
it 1
it 1
it 1
it 1
it 1
it 1
it 1
it 1
it 1
it 1
it 1
it 1
it 1
it 1
it 1
it 1
it 1
it 1
it 1
it 1
it 1
it 1
it 1
it 1
it 1
it 1
it 1
it 1
it 1
it 1
it 1
it 1
it 1
it 1
it 1
it 1
it 1
it 1
it 1
it 1
it 1
it 1
it 1
it 1
it 1
it 1
it 1
it 1
it 1
it 1
it 1
it 1
it 1
it 1
it 1
it 1
it 1
it 1
it 1
it 1
it 1
it 1
it 1
it 1
it 1
it 1
it 1
it 1
it 1
it 1
it 1
it 1
it 1
it 1
it 1
it 1
it 1
it 1
it 1
it 1
it 1
it 1
it 1
it 1
it 1
it 1
it 1
it 1
it 1
it 1
it 1
it 1
it 1
it 1
it 1
it 1
it 1
it 1
it 1
it 1
it 1
it 1
it 1
it 1
it 1
it 1
it 1
it 1
it 1
it 1
it 1
it 1
it 1
it 1
it 1
it 1
it 1
it 1
it 1
it 1
it 1
it 1
it 1
it 1
it 1
it 1
it 1
it 1
it 1
it 1
it 1
it 1
it 1
it 1
it 1
it 1
it 1
it 1
it 1
it 1
it 1
it 1
it 1
it 1
it 1
it 1
it 1
it 1
it 1
it 1
it 1
it 1
it 1
it 1
it 1
it 1
it 1
it 1
it 1
it 1
it 1
it 1
it 1
it 1
it 1
it 1
it 1
it 1
it 1
it 1
it 1
it 1
it 1
it 1
it 1
it 1
it 1
it 1
it 1
it 1
it 1
it 1
it 1
it 1
it 1
it 1
it 1
it 1
it 1
it 1
it 1
it 1
it 1
it 1
it 1
it 1
it 1
it 1
it 1
it 1
it 1
it 1
it 1
it 1
it 1
it 1
it 1
it 1
it 1
it 1
it 1
it 1
it 1
it 1
it 1
it 1
it 1
it 1
it 1
it 1
it 1
it 1
it 1
it 1
it 1
it 1
it 1
it 1
it 1
it 1
it 1
it 1
it 1
it 1
it 1
it 1
it 1
it 1
it 1
it 1
it 1
it 1
it 1
it 1
it 1
it 1
it 1
it 1
it 1
it 1
it 1
it 1
it 1
it 1
it 1
it 1
it 1
it 1
it 1
it 1
it 1
it 1
it 1
it 1
it 1
it 1
it 1
it 1
it 1
it 1
it 1
it 1
it 1
it 1
it 1
it 1
it 1
it 1
it 1
it 1
it 1
it 1
it 1
it 1
it 1
it 1
it 1
it 1
it 1
it 1
it 1
it 1
it 1
it 1
it 1
it 1
it 1
it 1
it 1
jerked 1
jerked 1
jot 1
kicks 1
king 1
king 1
kingdom 1
kingdom 1
kissed 1
knew 1
knew 1
knew 1
knew 1
knew 1
knew 1
knew 1
knew 1
knew 1
knew 1
knew 1
knew 1
knew 1
knew 1
knew 1
knew 1
knew 1
knew 1
knew 1
knew 1
knew 1
knew 1
knew 1
knew 1
knew 1
knew 1
knew 1
knew 1
knew 1
knew 1
knew 1
knew 1
knew 1
knew 1
knew 1
knew 1
knew 1
knew 1
knew 1
knew 1
knew 1
knew 1
knew 1
knew 1
knew 1
knew 1
knew 1
knew 1
knew 1
knew 1
knew 1
knew 1
knew 1
knew 1
knew 1
knew 1
knew 1
lateness 1
laudanum 1
laughing 1
laughing 1
laughing 1
laughing 1
laughing 1
laughing 1
laughing 1
laughing 1
laughing 1
laughing 1
laughing 1
laughing 1
laughing 1
laughing 1
laughing 1
laughing 1
laughing 1
laughing 1
lazily 1
lazily 1
leader 1
leaped 1
lectures 1
left 1
left 1
left 1
left 1
left 1
left 1
left 1
left 1
left 1
left 1
left 1
left 1
left 1
left 1
left 1
left 1
left 1
left 1
left 1
left 1
left 1
left 1
left 1
left 1
left 1
left 1
left 1
left 1
left 1
left 1
left 1
left 1
left 1
left 1
left 1
left 1
left 1
left 1
left 1
left 1
left 1
left 1
left 1
left 1
left 1
left 1
left 1
left 1
left 1
left 1
left 1
left 1
left 1
left 1
left 1
left 1
left 1
left 1
left 1
left 1
left 1
left 1
left 1
left 1
left 1
left 1
left 1
left 1
left 1
left 1
left 1
left 1
left 1
left 1
left 1
left 1
left 1
left 1
left 1
left 1
left 1
left 1
left 1
left 1
left 1
left 1
left 1
left 1
left 1
left 1
left 1
let 1
let 1
let 1
let 1
let 1
let 1
let 1
let 1
let 1
let 1
let 1
let 1
let 1
let 1
let 1
let 1
let 1
let 1
let 1
let 1
let 1
let 1
let 1
let 1
let 1
let 1
let 1
let 1
let 1
let 1
let 1
let 1
let 1
let 1
let 1
let 1
let 1
let 1
let 1
let 1
let 1
let 1
let 1
let 1
let 1
let 1
let 1
let 1
let 1
lighter 1
lights 1
lights 1
lights 1
lights 1
limbs 1
limbs 1
limbs 1
limbs 1
limbs 1
limbs 1
limbs 1
linked 1
linked 1
lit 1
lit 1
lit 1
lit 1
lit 1
lit 1
lit 1
lit 1
lit 1
lit 1
lit 1
lit 1
lit 1
lit 1
lit 1
lit 1
lock 1
lock 1
lock 1
lock 1
lock 1
lock 1
lock 1
lock 1
lock 1
lock 1
lock 1
lock 1
lock 1
lock 1
lock 1
lock 1
lodgings 1
lodgings 1
lodgings 1
lodgings 1
lodgings 1
lodgings 1
lodgings 1
lodgings 1
loftily 1
lookout 1
looming 1
loudly 1
loudly 1
loudly 1
loudly 1
loudly 1
loudly 1
loungers 1
loungers 1
lounging 1
lounging 1
lounging 1
lounging 1
lounging 1
lucid 1
made 1
made 1
made 1
made 1
made 1
made 1
made 1
made 1
made 1
made 1
made 1
made 1
made 1
made 1
made 1
made 1
made 1
made 1
made 1
made 1
made 1
made 1
made 1
made 1
made 1
made 1
made 1
made 1
made 1
made 1
made 1
made 1
made 1
made 1
made 1
made 1
made 1
made 1
made 1
made 1
made 1
made 1
made 1
made 1
made 1
made 1
made 1
made 1
made 1
made 1
made 1
made 1
made 1
made 1
made 1
made 1
made 1
made 1
made 1
made 1
made 1
made 1
made 1
made 1
made 1
made 1
made 1
made 1
made 1
made 1
made 1
made 1
made 1
made 1
made 1
made 1
made 1
made 1
made 1
made 1
made 1
made 1
made 1
made 1
made 1
made 1
made 1
made 1
made 1
made 1
made 1
made 1
made 1
made 1
made 1
made 1
made 1
made 1
made 1
made 1
made 1
made 1
made 1
made 1
made 1
made 1
made 1
made 1
made 1
madly 1
magnifying 1
magnifying 1
magnifying 1
maid 1
maid 1
maid 1
maid 1
maid 1
maid 1
maid 1
maid 1
maid 1
maid 1
maid 1
maid 1
maid 1
maid 1
maid 1
maid 1
maid 1
maid 1
maid 1
maid 1
maid 1
maid 1
maid 1
makes 1
makes 1
makes 1
makes 1
makes 1
makes 1
makes 1
makes 1
makes 1
makes 1
management 1
management 1
mansion 1
mantelpiece 1
mantelpiece 1
mantelpiece 1
mantelpiece 1
mantelpiece 1
mantelpiece 1
marm 1
masculine 1
match 1
match 1
match 1
match 1
match 1
match 1
match 1
meadow 1
meal 1
meal 1
meal 1
meddle 1
melon 1
messenger 1
mills 1
minds 1
minds 1
minds 1
minutely 1
minutely 1
minutely 1
months 1
months 1
months 1
months 1
months 1
months 1
months 1
months 1
months 1
months 1
months 1
months 1
months 1
motioned 1
motives 1
motives 1
motives 1
moustache 1
moustache 1
movement 1
movement 1
movement 1
murder 1
murder 1
murder 1
murder 1
murder 1
murder 1
murder 1
murder 1
muzzle 1
muzzle 1
naked 1
neighbourhood 1
neighbourhood 1
neighbourhood 1
neighbourhood 1
neighbourhood 1
neighbourhood 1
neighbourhood 1
neighbourhood 1
neighbourhood 1
neighbourhood 1
neighbourhood 1
nerves 1
nerves 1
nerves 1
nerves 1
nerves 1
nerves 1
newer 1
newsletter 1
nez 1
nez 1
nice 1
nice 1
nice 1
nice 1
nice 1
nice 1
nice 1
nip 1
north 1
north 1
north 1
north 1
north 1
north 1
nosed 1
nucleus 1
nurse 1
nutshell 1
oak 1
oak 1
oak 1
objection 1
objection 1
objection 1
obsolete 1
odd 1
odd 1
odd 1
offensive 1
once 1
once 1
once 1
once 1
once 1
once 1
once 1
once 1
once 1
once 1
once 1
once 1
once 1
once 1
once 1
once 1
once 1
once 1
once 1
once 1
once 1
once 1
once 1
once 1
once 1
once 1
once 1
once 1
once 1
once 1
once 1
once 1
once 1
once 1
once 1
once 1
once 1
once 1
once 1
once 1
once 1
once 1
once 1
once 1
once 1
once 1
once 1
once 1
once 1
once 1
once 1
once 1
once 1
once 1
once 1
once 1
once 1
once 1
once 1
once 1
once 1
once 1
once 1
once 1
once 1
once 1
once 1
once 1
once 1
once 1
once 1
once 1
once 1
once 1
once 1
once 1
once 1
once 1
once 1
once 1
once 1
once 1
once 1
once 1
openly 1
openly 1
operation 1
operation 1
operation 1
opponent 1
opponent 1
opulence 1
ordered 1
ordered 1
ordered 1
ordered 1
ordered 1
ordered 1
ordered 1
ordered 1
ordered 1
ordered 1
orders 1
orders 1
orders 1
orphanage 1
owe 1
owe 1
owe 1
owe 1
owe 1
owe 1
painful 1
painful 1
painful 1
painful 1
painful 1
painful 1
painful 1
paleness 1
passers 1
passers 1
passers 1
passing 1
passing 1
passing 1
passing 1
passing 1
passing 1
passing 1
passing 1
passing 1
passing 1
passing 1
passion 1
passion 1
passion 1
passion 1
passion 1
passion 1
passion 1
passion 1
passionate 1
path 1
path 1
path 1
path 1
path 1
path 1
path 1
path 1
path 1
path 1
patience 1
patience 1
pausing 1
payments 1
payments 1
payments 1
peculiar 1
peculiar 1
peculiar 1
peculiar 1
peculiar 1
peculiar 1
peculiar 1
peculiar 1
peculiar 1
peculiar 1
peculiar 1
peculiar 1
peculiar 1
peculiar 1
peculiar 1
peculiar 1
peculiar 1
peculiar 1
peculiar 1
peeress 1
penetrating 1
penetrating 1
penetrating 1
perceive 1
perceive 1
perceive 1
perceive 1
perched 1
perched 1
performances 1
periodic 1
persecution 1
person 1
person 1
person 1
person 1
person 1
person 1
person 1
person 1
person 1
person 1
person 1
person 1
person 1
person 1
person 1
person 1
person 1
person 1
person 1
person 1
person 1
person 1
person 1
person 1
person 1
person 1
personally 1
personally 1
personally 1
personally 1
perturbed 1
perturbed 1
pigments 1
pikestaff 1
pin 1
pinnacles 1
piston 1
pitiful 1
plan 1
plan 1
plan 1
planks 1
plausible 1
played 1
plentiful 1
pluck 1
pluck 1
plunged 1
plunged 1
points 1
points 1
points 1
points 1
points 1
points 1
points 1
points 1
points 1
points 1
points 1
points 1
points 1
points 1
points 1
points 1
points 1
points 1
points 1
points 1
points 1
political 1
political 1
poorer 1
popular 1
popular 1
port 1
port 1
positive 1
positive 1
positive 1
positive 1
positive 1
possessed 1
possessed 1
possessed 1
possessions 1
pounds 1
pounds 1
pounds 1
pounds 1
pounds 1
pounds 1
pounds 1
pounds 1
pounds 1
pounds 1
pounds 1
pounds 1
pounds 1
pounds 1
pounds 1
pounds 1
pounds 1
pounds 1
pounds 1
pounds 1
pounds 1
pounds 1
pounds 1
pounds 1
pounds 1
pounds 1
pounds 1
pounds 1
pounds 1
pounds 1
pounds 1
pounds 1
pounds 1
pounds 1
pounds 1
pounds 1
pounds 1
pounds 1
pounds 1
pounds 1
pounds 1
pounds 1
preach 1
premature 1
pressing 1
pressing 1
pressing 1
pressing 1
pressing 1
pressing 1
presume 1
presume 1
presume 1
presume 1
presume 1
presume 1
presume 1
presume 1
presume 1
presume 1
presume 1
price 1
price 1
price 1
price 1
price 1
prime 1
prison 1
prison 1
prison 1
prison 1
prison 1
process 1
process 1
process 1
process 1
process 1
producing 1
prosperity 1
proves 1
proves 1
provided 1
provided 1
provided 1
provided 1
provided 1
provided 1
provided 1
prying 1
public 1
public 1
public 1
public 1
public 1
public 1
public 1
public 1
public 1
public 1
public 1
public 1
public 1
public 1
public 1
public 1
public 1
public 1
public 1
public 1
public 1
public 1
public 1
public 1
public 1
public 1
public 1
public 1
puffing 1
puffing 1
puffing 1
puffing 1
pupils 1
purchase 1
purely 1
purely 1
purely 1
purely 1
purse 1
purse 1
pursuers 1
put 1
put 1
put 1
put 1
put 1
put 1
put 1
put 1
put 1
put 1
put 1
put 1
put 1
put 1
put 1
put 1
put 1
put 1
put 1
put 1
put 1
put 1
put 1
put 1
put 1
put 1
put 1
put 1
put 1
put 1
put 1
put 1
put 1
put 1
put 1
put 1
put 1
put 1
put 1
put 1
put 1
put 1
put 1
put 1
put 1
put 1
put 1
put 1
put 1
put 1
put 1
put 1
put 1
put 1
put 1
put 1
put 1
put 1
put 1
put 1
put 1
put 1
put 1
put 1
put 1
put 1
put 1
quill 1
quill 1
rabbits 1
radiance 1
radiance 1
rails 1
rashness 1
reaction 1
reaction 1
reaction 1
reaction 1
reasons 1
reasons 1
reasons 1
reasons 1
reasons 1
reasons 1
reasons 1
reasons 1
reconsidered 1
reconsidered 1
recovered 1
recovered 1
recovered 1
recovered 1
recovered 1
recovered 1
recovered 1
recovered 1
recovered 1
redistribution 1
refrain 1
regard 1
regard 1
relapsing 1
relentless 1
relentless 1
relish 1
removing 1
reopening 1
repay 1
repay 1
repented 1
require 1
required 1
required 1
required 1
resounded 1
respond 1
returns 1
returns 1
returns 1
returns 1
revolved 1
richer 1
richer 1
richer 1
richer 1
richness 1
riverside 1
riverside 1
room 1
room 1
room 1
room 1
room 1
room 1
room 1
room 1
room 1
room 1
room 1
room 1
room 1
room 1
room 1
room 1
room 1
room 1
room 1
room 1
room 1
room 1
room 1
room 1
room 1
room 1
room 1
room 1
room 1
room 1
room 1
room 1
room 1
room 1
room 1
room 1
room 1
room 1
room 1
room 1
room 1
room 1
room 1
room 1
room 1
room 1
room 1
room 1
room 1
room 1
room 1
room 1
room 1
room 1
room 1
room 1
room 1
room 1
room 1
room 1
room 1
room 1
room 1
room 1
room 1
room 1
room 1
room 1
room 1
room 1
room 1
room 1
room 1
room 1
room 1
room 1
room 1
room 1
room 1
room 1
room 1
room 1
room 1
room 1
room 1
room 1
room 1
room 1
room 1
room 1
room 1
room 1
room 1
room 1
room 1
room 1
room 1
room 1
room 1
room 1
room 1
room 1
room 1
room 1
room 1
room 1
room 1
room 1
room 1
room 1
room 1
room 1
room 1
room 1
room 1
room 1
room 1
room 1
room 1
room 1
room 1
room 1
room 1
room 1
room 1
room 1
room 1
room 1
room 1
room 1
room 1
room 1
room 1
room 1
room 1
room 1
room 1
room 1
room 1
room 1
room 1
room 1
room 1
room 1
room 1
room 1
room 1
room 1
room 1
room 1
room 1
room 1
room 1
room 1
room 1
room 1
room 1
room 1
room 1
room 1
room 1
room 1
room 1
room 1
room 1
room 1
room 1
room 1
room 1
room 1
room 1
running 1
running 1
running 1
running 1
running 1
running 1
running 1
running 1
running 1
running 1
running 1
running 1
safe 1
safe 1
safe 1
safe 1
safe 1
safe 1
safe 1
safe 1
safe 1
safe 1
safe 1
safe 1
safe 1
safe 1
safe 1
safe 1
safe 1
safe 1
safe 1
safe 1
sally 1
sandwich 1
saucer 1
saucer 1
saucer 1
saying 1
saying 1
saying 1
saying 1
saying 1
saying 1
saying 1
saying 1
saying 1
saying 1
scattered 1
scattered 1
scattered 1
scattered 1
scattered 1
scattered 1
scattered 1
scattered 1
scenes 1
scoundrel 1
scoundrel 1
scoundrel 1
scoundrel 1
scoundrel 1
seaman 1
seaports 1
seasonable 1
seat 1
seat 1
seat 1
seat 1
seat 1
seat 1
seat 1
seat 1
seat 1
seat 1
seat 1
secured 1
secured 1
secured 1
seeing 1
seeing 1
seeing 1
seeing 1
seeing 1
seeing 1
seeing 1
seeing 1
seeing 1
seeing 1
seeing 1
seeing 1
seeing 1
seeing 1
seeing 1
seeing 1
seeing 1
seeing 1
seeing 1
seeing 1
seems 1
seems 1
seems 1
seems 1
seems 1
seems 1
seems 1
seems 1
seems 1
seems 1
seems 1
seems 1
seems 1
seems 1
seems 1
seems 1
seems 1
seems 1
seems 1
seems 1
seems 1
seems 1
seems 1
seems 1
seems 1
seems 1
seems 1
seems 1
sends 1
senility 1
senses 1
senses 1
sequence 1
sequence 1
seriously 1
seriously 1
seriously 1
seriously 1
seriously 1
serve 1
serve 1
serve 1
settled 1
settled 1
settled 1
settled 1
settled 1
settled 1
settled 1
settled 1
seven 1
seven 1
seven 1
seven 1
seven 1
seven 1
seven 1
seven 1
seven 1
seven 1
seven 1
seven 1
seven 1
seven 1
seven 1
seven 1
seven 1
seven 1
seven 1
seven 1
seven 1
seven 1
seven 1
seven 1
seven 1
seven 1
seven 1
seven 1
seven 1
seven 1
seven 1
severely 1
severely 1
shabby 1
shabby 1
shaped 1
shaped 1
share 1
share 1
share 1
share 1
share 1
share 1
sheer 1
sheer 1
shiver 1
shocked 1
shocked 1
should 1
should 1
should 1
should 1
should 1
should 1
should 1
should 1
should 1
should 1
should 1
should 1
should 1
should 1
should 1
should 1
should 1
should 1
should 1
should 1
should 1
should 1
should 1
should 1
should 1
should 1
should 1
should 1
should 1
should 1
should 1
should 1
should 1
should 1
should 1
should 1
should 1
should 1
should 1
should 1
should 1
should 1
should 1
should 1
should 1
should 1
should 1
should 1
should 1
should 1
should 1
should 1
should 1
should 1
should 1
should 1
should 1
should 1
should 1
should 1
should 1
should 1
should 1
should 1
should 1
should 1
should 1
should 1
should 1
should 1
should 1
should 1
should 1
should 1
should 1
should 1
should 1
should 1
should 1
should 1
should 1
should 1
should 1
should 1
should 1
should 1
should 1
should 1
should 1
should 1
should 1
should 1
should 1
should 1
should 1
should 1
should 1
should 1
should 1
should 1
should 1
should 1
should 1
should 1
should 1
should 1
should 1
should 1
should 1
should 1
should 1
should 1
should 1
should 1
should 1
should 1
should 1
should 1
should 1
should 1
should 1
should 1
should 1
should 1
should 1
should 1
should 1
should 1
should 1
should 1
should 1
should 1
should 1
should 1
should 1
should 1
should 1
should 1
should 1
should 1
should 1
should 1
should 1
should 1
should 1
should 1
should 1
should 1
should 1
should 1
should 1
should 1
should 1
should 1
should 1
should 1
should 1
should 1
should 1
should 1
should 1
should 1
should 1
should 1
should 1
should 1
should 1
should 1
should 1
should 1
should 1
should 1
should 1
should 1
should 1
should 1
should 1
should 1
should 1
should 1
should 1
should 1
should 1
should 1
should 1
should 1
should 1
should 1
should 1
should 1
should 1
should 1
should 1
should 1
should 1
should 1
should 1
should 1
should 1
should 1
should 1
should 1
should 1
should 1
should 1
should 1
should 1
should 1
should 1
shouting 1
shouting 1
shouting 1
shrieked 1
shrieked 1
shrieked 1
shrieked 1
shrieked 1
shrieked 1
sigh 1
silence 1
silence 1
silence 1
silence 1
silence 1
silence 1
silence 1
silence 1
silence 1
silence 1
silence 1
silence 1
silence 1
silence 1
silence 1
silence 1
silence 1
silence 1
silence 1
silence 1
silence 1
silence 1
silence 1
silence 1
sinewy 1
sinking 1
sinking 1
sinking 1
sinned 1
sits 1
sits 1
skirt 1
skirt 1
slabs 1
slabs 1
slam 1
slam 1
slang 1
slang 1
sleeves 1
sleeves 1
sleeves 1
sleeves 1
sleeves 1
slipped 1
slipped 1
slipped 1
slipped 1
slipped 1
slipped 1
slipped 1
slipped 1
slipped 1
slipped 1
slipped 1
slipped 1
slipped 1
sluggishly 1
smack 1
smack 1
smell 1
smell 1
smell 1
smell 1
smell 1
smell 1
smell 1
smell 1
smelling 1
smelling 1
smoothed 1
smudge 1
snarled 1
snarled 1
snow 1
snow 1
snow 1
snow 1
snow 1
snow 1
snow 1
snow 1
snow 1
snow 1
snow 1
soaked 1
social 1
social 1
social 1
socket 1
solemnly 1
solemnly 1
solemnly 1
solemnly 1
solution 1
solution 1
solution 1
solution 1
solution 1
solution 1
solution 1
solution 1
solution 1
solution 1
solve 1
solve 1
solve 1
solve 1
solve 1
solve 1
sons 1
soul 1
soul 1
soul 1
soul 1
soul 1
soul 1
soul 1
soul 1
soul 1
soul 1
sour 1
south 1
south 1
south 1
south 1
south 1
sovereigns 1
spared 1
spared 1
specialist 1
speckled 1
speckled 1
speckled 1
splash 1
splash 1
splash 1
springing 1
springing 1
springing 1
stable 1
stable 1
stable 1
stable 1
stable 1
stable 1
stable 1
stable 1
stable 1
staggering 1
stain 1
stain 1
startled 1
startled 1
startled 1
startled 1
startled 1
startled 1
startled 1
startled 1
state 1
state 1
state 1
state 1
state 1
state 1
state 1
state 1
state 1
state 1
state 1
state 1
state 1
state 1
state 1
state 1
state 1
state 1
statement 1
statement 1
statement 1
statement 1
statement 1
statement 1
statement 1
statement 1
statement 1
statement 1
statement 1
statement 1
staying 1
staying 1
staying 1
staying 1
steamboats 1
steamed 1
stevedore 1
stirred 1
stolen 1
stolen 1
stone 1
stone 1
stone 1
stone 1
stone 1
stone 1
stone 1
stone 1
stone 1
stone 1
stone 1
stone 1
stone 1
stone 1
stone 1
stone 1
stone 1
stone 1
stone 1
stone 1
stone 1
stone 1
stone 1
stone 1
stone 1
stone 1
stone 1
stone 1
stone 1
stone 1
stone 1
stool 1
stoop 1
strain 1
strain 1
streamed 1
streamed 1
street 1
street 1
street 1
street 1
street 1
street 1
street 1
street 1
street 1
street 1
street 1
street 1
street 1
street 1
street 1
street 1
street 1
street 1
street 1
street 1
street 1
street 1
stretching 1
stretching 1
stretching 1
stricken 1
stricken 1
stricken 1
strict 1
strict 1
stripped 1
strolled 1
strolled 1
strolled 1
strong 1
strong 1
strong 1
strong 1
strong 1
strong 1
strong 1
strong 1
strong 1
strong 1
strong 1
strong 1
strong 1
strong 1
strong 1
strong 1
strong 1
strong 1
strong 1
strong 1
strong 1
strong 1
strong 1
strong 1
strong 1
strong 1
strong 1
strong 1
strong 1
strong 1
strong 1
strong 1
strong 1
strong 1
strong 1
struggled 1
struggled 1
struggled 1
studies 1
stuffed 1
substitution 1
success 1
success 1
success 1
success 1
success 1
success 1
success 1
success 1
success 1
success 1
successive 1
successive 1
successive 1
successors 1
sufficed 1
suggestiveness 1
suggests 1
sulking 1
sunbeam 1
superb 1
superscribed 1
supper 1
supper 1
supper 1
supper 1
supper 1
supper 1
supper 1
surgeon 1
surgeon 1
surgeon 1
surgeon 1
swayed 1
sympathetic 1
sympathetic 1
sympathy 1
sympathy 1
sympathy 1
sympathy 1
sympathy 1
sympathy 1
tails 1
tallow 1
tallow 1
tallow 1
tangled 1
tangled 1
tangled 1
tangled 1
tap 1
tap 1
tap 1
taxes 1
tempted 1
ten 1
ten 1
ten 1
ten 1
ten 1
ten 1
ten 1
ten 1
ten 1
ten 1
ten 1
ten 1
ten 1
ten 1
ten 1
ten 1
ten 1
ten 1
ten 1
ten 1
ten 1
ten 1
ten 1
ten 1
ten 1
ten 1
ten 1
ten 1
terminated 1
tested 1
thanks 1
thanks 1
thereby 1
thinker 1
thinker 1
thoroughly 1
thoroughly 1
thoroughly 1
thoroughly 1
thoroughly 1
thoroughly 1
thoroughly 1
thoroughly 1
thoroughly 1
those 1
those 1
those 1
those 1
those 1
those 1
those 1
those 1
those 1
those 1
those 1
those 1
those 1
those 1
those 1
those 1
those 1
those 1
those 1
those 1
those 1
those 1
those 1
those 1
those 1
those 1
those 1
those 1
those 1
those 1
those 1
those 1
those 1
those 1
those 1
those 1
those 1
those 1
those 1
those 1
those 1
those 1
those 1
those 1
those 1
those 1
those 1
those 1
those 1
those 1
those 1
those 1
those 1
those 1
those 1
those 1
those 1
those 1
those 1
those 1
those 1
threats 1
through 1
through 1
through 1
through 1
through 1
through 1
through 1
through 1
through 1
through 1
through 1
through 1
through 1
through 1
through 1
through 1
through 1
through 1
through 1
through 1
through 1
through 1
through 1
through 1
through 1
through 1
through 1
through 1
through 1
through 1
through 1
through 1
through 1
through 1
through 1
through 1
through 1
through 1
through 1
through 1
through 1
through 1
through 1
through 1
through 1
through 1
through 1
through 1
through 1
through 1
through 1
through 1
through 1
through 1
through 1
through 1
through 1
through 1
through 1
through 1
through 1
through 1
through 1
through 1
through 1
through 1
through 1
through 1
through 1
through 1
through 1
through 1
through 1
through 1
through 1
through 1
through 1
through 1
through 1
through 1
through 1
through 1
through 1
through 1
through 1
through 1
through 1
through 1
through 1
through 1
through 1
throws 1
throws 1
throws 1
thudding 1
tin 1
tissue 1
token 1
tools 1
top 1
top 1
top 1
top 1
top 1
top 1
top 1
top 1
top 1
top 1
top 1
top 1
top 1
top 1
touch 1
touch 1
touch 1
touch 1
touch 1
touch 1
touch 1
touch 1
touch 1
touching 1
towns 1
traced 1
traced 1
traced 1
traced 1
traced 1
traced 1
treachery 1
treachery 1
trials 1
trick 1
trick 1
trick 1
trick 1
trick 1
trip 1
troubled 1
troubled 1
troubled 1
trunks 1
trustees 1
trustees 1
truth 1
truth 1
truth 1
truth 1
truth 1
truth 1
truth 1
truth 1
truth 1
truth 1
truth 1
truth 1
truth 1
truth 1
truth 1
trying 1
trying 1
trying 1
trying 1
trying 1
trying 1
trying 1
trying 1
twins 1
twins 1
typewritten 1
typewritten 1
typewritten 1
typewritten 1
typewritten 1
typewritten 1
unavenged 1
unconscious 1
unconscious 1
unconscious 1
unconscious 1
undertake 1
unexpected 1
unexpected 1
unlikely 1
unlikely 1
unlikely 1
unlocked 1
unlocked 1
unlocked 1
unlocked 1
unlocked 1
unprofitable 1
unravel 1
unreasoning 1
unreasoning 1
upraised 1
uproar 1
usually 1
usually 1
usually 1
usually 1
usually 1
usually 1
usually 1
vacant 1
vanishing 1
vanishing 1
vanishing 1
vessels 1
vigil 1
villagers 1
virus 1
visiting 1
vitriol 1
voices 1
voices 1
voices 1
volley 1
wages 1
wages 1
wages 1
walk 1
walk 1
walk 1
walk 1
walk 1
walk 1
walk 1
walk 1
walk 1
walk 1
walk 1
walk 1
walk 1
walk 1
wash 1
wash 1
wash 1
waylaid 1
waylaid 1
weaken 1
weaker 1
wearing 1
wearing 1
wearing 1
weighted 1
weighted 1
which 1
which 1
which 1
which 1
which 1
which 1
which 1
which 1
which 1
which 1
which 1
which 1
which 1
which 1
which 1
which 1
which 1
which 1
which 1
which 1
which 1
which 1
which 1
which 1
which 1
which 1
which 1
which 1
which 1
which 1
which 1
which 1
which 1
which 1
which 1
which 1
which 1
which 1
which 1
which 1
which 1
which 1
which 1
which 1
which 1
which 1
which 1
which 1
which 1
which 1
which 1
which 1
which 1
which 1
which 1
which 1
which 1
which 1
which 1
which 1
which 1
which 1
which 1
which 1
which 1
which 1
which 1
which 1
which 1
which 1
which 1
which 1
which 1
which 1
which 1
which 1
which 1
which 1
which 1
which 1
which 1
which 1
which 1
which 1
which 1
which 1
which 1
which 1
which 1
which 1
which 1
which 1
which 1
which 1
which 1
which 1
which 1
which 1
which 1
which 1
which 1
which 1
which 1
which 1
which 1
which 1
which 1
which 1
which 1
which 1
which 1
which 1
which 1
which 1
which 1
which 1
which 1
which 1
which 1
which 1
which 1
which 1
which 1
which 1
which 1
which 1
which 1
which 1
which 1
which 1
which 1
which 1
which 1
which 1
which 1
which 1
which 1
which 1
which 1
which 1
which 1
which 1
which 1
which 1
which 1
which 1
which 1
which 1
which 1
which 1
which 1
which 1
which 1
which 1
which 1
which 1
which 1
which 1
which 1
which 1
which 1
which 1
which 1
which 1
which 1
which 1
which 1
which 1
which 1
which 1
which 1
which 1
which 1
which 1
which 1
which 1
which 1
which 1
which 1
which 1
which 1
which 1
which 1
which 1
which 1
which 1
which 1
which 1
which 1
which 1
which 1
which 1
which 1
which 1
which 1
which 1
which 1
which 1
which 1
which 1
which 1
which 1
which 1
which 1
which 1
which 1
which 1
which 1
which 1
which 1
which 1
which 1
which 1
which 1
which 1
which 1
which 1
which 1
which 1
which 1
which 1
which 1
which 1
which 1
which 1
which 1
which 1
which 1
which 1
which 1
which 1
which 1
which 1
which 1
which 1
which 1
which 1
which 1
which 1
which 1
which 1
which 1
which 1
which 1
which 1
which 1
which 1
which 1
which 1
which 1
which 1
which 1
which 1
which 1
which 1
which 1
which 1
which 1
which 1
which 1
which 1
which 1
which 1
which 1
which 1
which 1
which 1
which 1
which 1
which 1
which 1
which 1
which 1
which 1
which 1
which 1
which 1
which 1
which 1
which 1
which 1
which 1
which 1
which 1
which 1
which 1
which 1
which 1
which 1
which 1
which 1
which 1
which 1
which 1
which 1
which 1
which 1
which 1
which 1
which 1
which 1
which 1
which 1
which 1
which 1
which 1
which 1
which 1
which 1
which 1
which 1
which 1
which 1
which 1
which 1
which 1
which 1
which 1
which 1
which 1
which 1
which 1
which 1
which 1
which 1
which 1
which 1
which 1
which 1
which 1
which 1
which 1
which 1
which 1
which 1
which 1
which 1
which 1
which 1
which 1
which 1
which 1
which 1
which 1
which 1
which 1
which 1
which 1
which 1
which 1
which 1
which 1
which 1
which 1
which 1
which 1
which 1
which 1
which 1
which 1
which 1
which 1
which 1
which 1
which 1
which 1
which 1
which 1
which 1
which 1
which 1
which 1
which 1
which 1
which 1
which 1
which 1
which 1
which 1
which 1
which 1
which 1
which 1
which 1
which 1
which 1
which 1
which 1
which 1
which 1
which 1
which 1
which 1
which 1
which 1
which 1
which 1
which 1
which 1
which 1
which 1
which 1
which 1
which 1
which 1
which 1
which 1
which 1
which 1
which 1
which 1
which 1
which 1
which 1
which 1
which 1
which 1
which 1
which 1
which 1
which 1
which 1
which 1
which 1
which 1
which 1
which 1
which 1
which 1
which 1
which 1
which 1
which 1
which 1
which 1
which 1
which 1
which 1
which 1
which 1
which 1
which 1
which 1
which 1
which 1
which 1
which 1
which 1
which 1
which 1
which 1
which 1
which 1
which 1
which 1
which 1
which 1
which 1
which 1
which 1
which 1
which 1
which 1
which 1
which 1
which 1
which 1
which 1
which 1
which 1
which 1
which 1
which 1
which 1
which 1
which 1
which 1
which 1
which 1
which 1
which 1
which 1
which 1
which 1
which 1
which 1
which 1
which 1
which 1
which 1
which 1
which 1
which 1
which 1
which 1
which 1
which 1
which 1
which 1
which 1
which 1
which 1
which 1
which 1
which 1
which 1
which 1
which 1
which 1
which 1
which 1
which 1
which 1
which 1
which 1
which 1
which 1
which 1
which 1
which 1
which 1
which 1
which 1
which 1
which 1
which 1
which 1
which 1
which 1
which 1
which 1
which 1
which 1
which 1
which 1
which 1
which 1
which 1
which 1
which 1
which 1
which 1
which 1
which 1
which 1
which 1
which 1
which 1
which 1
which 1
which 1
which 1
which 1
which 1
which 1
which 1
which 1
which 1
which 1
which 1
which 1
which 1
which 1
which 1
which 1
which 1
which 1
which 1
which 1
which 1
which 1
which 1
which 1
which 1
which 1
which 1
which 1
which 1
which 1
which 1
which 1
which 1
which 1
which 1
which 1
which 1
which 1
which 1
which 1
which 1
which 1
which 1
which 1
which 1
which 1
which 1
which 1
which 1
which 1
which 1
which 1
which 1
which 1
which 1
which 1
which 1
which 1
which 1
which 1
which 1
which 1
which 1
which 1
which 1
which 1
which 1
which 1
which 1
which 1
which 1
which 1
which 1
which 1
which 1
which 1
which 1
which 1
which 1
which 1
which 1
which 1
which 1
which 1
which 1
which 1
which 1
which 1
which 1
which 1
which 1
which 1
which 1
which 1
which 1
which 1
which 1
which 1
which 1
which 1
which 1
which 1
which 1
which 1
which 1
which 1
which 1
which 1
which 1
which 1
which 1
which 1
which 1
which 1
which 1
which 1
which 1
which 1
which 1
which 1
which 1
which 1
which 1
which 1
which 1
which 1
which 1
which 1
which 1
which 1
which 1
which 1
which 1
which 1
which 1
which 1
which 1
which 1
which 1
which 1
which 1
which 1
which 1
which 1
which 1
which 1
which 1
which 1
which 1
which 1
which 1
which 1
which 1
which 1
which 1
which 1
which 1
which 1
which 1
which 1
which 1
which 1
which 1
which 1
which 1
which 1
which 1
which 1
which 1
which 1
which 1
which 1
which 1
which 1
which 1
which 1
which 1
which 1
which 1
which 1
which 1
which 1
which 1
which 1
which 1
which 1
which 1
which 1
which 1
which 1
which 1
which 1
which 1
which 1
which 1
which 1
which 1
which 1
which 1
which 1
which 1
which 1
which 1
which 1
which 1
which 1
which 1
which 1
which 1
which 1
which 1
which 1
which 1
which 1
which 1
which 1
which 1
which 1
which 1
which 1
which 1
whimsical 1
whimsical 1
whine 1
white 1
white 1
white 1
white 1
white 1
white 1
white 1
white 1
white 1
white 1
white 1
white 1
white 1
white 1
white 1
white 1
white 1
white 1
white 1
white 1
white 1
white 1
white 1
white 1
white 1
white 1
white 1
white 1
white 1
whitewashed 1
whitewashed 1
whitewashed 1
whitewashed 1
whither 1
whoa 1
wholesome 1
widower 1
widower 1
widower 1
willingly 1
wincing 1
winds 1
winds 1
winter 1
wired 1
wired 1
wired 1
wish 1
wish 1
wish 1
wish 1
wish 1
wish 1
wish 1
wish 1
wish 1
wish 1
wish 1
wish 1
wish 1
wish 1
wish 1
wish 1
wish 1
wish 1
wish 1
wish 1
wish 1
wish 1
wish 1
wish 1
wish 1
wish 1
wish 1
wish 1
wish 1
wish 1
wish 1
wish 1
wish 1
wish 1
wish 1
wish 1
wish 1
wish 1
wish 1
wish 1
wish 1
wish 1
wish 1
wish 1
wish 1
womanly 1
womanly 1
woodcock 1
woodcock 1
wore 1
wore 1
wore 1
wore 1
wore 1
wore 1
wore 1
wore 1
worrying 1
worrying 1
wouldn 1
wouldn 1
wouldn 1
wouldn 1
wouldn 1
wouldn 1
wouldn 1
wretch 1
wriggled 1
wrongfully 1
wrongfully 1
yards 1
yards 1
yards 1
yards 1
yards 1
yards 1
yards 1
yards 1
yards 1
yonder 1
your 1
your 1
your 1
your 1
your 1
your 1
your 1
your 1
your 1
your 1
your 1
your 1
your 1
your 1
your 1
your 1
your 1
your 1
your 1
your 1
your 1
your 1
your 1
your 1
your 1
your 1
your 1
your 1
your 1
your 1
your 1
your 1
your 1
your 1
your 1
your 1
your 1
your 1
your 1
your 1
your 1
your 1
your 1
your 1
your 1
your 1
your 1
your 1
your 1
your 1
your 1
your 1
your 1
your 1
your 1
your 1
your 1
your 1
your 1
your 1
your 1
your 1
your 1
your 1
your 1
your 1
your 1
your 1
your 1
your 1
your 1
your 1
your 1
your 1
your 1
your 1
your 1
your 1
your 1
your 1
your 1
your 1
your 1
your 1
your 1
your 1
your 1
your 1
your 1
your 1
your 1
your 1
your 1
your 1
your 1
your 1
your 1
your 1
your 1
your 1
your 1
your 1
your 1
your 1
your 1
your 1
your 1
your 1
your 1
your 1
your 1
your 1
your 1
your 1
your 1
your 1
your 1
your 1
your 1
your 1
your 1
your 1
your 1
your 1
your 1
your 1
your 1
your 1
your 1
your 1
your 1
your 1
your 1
your 1
your 1
your 1
your 1
your 1
your 1
your 1
your 1
your 1
your 1
your 1
your 1
your 1
your 1
your 1
your 1
your 1
your 1
your 1
your 1
your 1
your 1
your 1
your 1
your 1
your 1
your 1
your 1
your 1
your 1
your 1
your 1
your 1
your 1
your 1
your 1
your 1
your 1
your 1
your 1
your 1
your 1
your 1
your 1
your 1
your 1
your 1
your 1
your 1
your 1
your 1
your 1
your 1
your 1
your 1
your 1
your 1
your 1
your 1
your 1
your 1
your 1
your 1
your 1
your 1
your 1
your 1
your 1
your 1
your 1
your 1
your 1
your 1
your 1
your 1
your 1
your 1
your 1
your 1
your 1
your 1
your 1
your 1
your 1
your 1
your 1
your 1
your 1
your 1
your 1
your 1
your 1
your 1
your 1
your 1
your 1
your 1
your 1
your 1
your 1
your 1
your 1
your 1
your 1
your 1
your 1
your 1
your 1
your 1
your 1
your 1
your 1
your 1
your 1
your 1
your 1
your 1
your 1
your 1
your 1
your 1
your 1
your 1
your 1
your 1
your 1
your 1
your 1
your 1
your 1
your 1
your 1
your 1
your 1
your 1
your 1
your 1
your 1
your 1
your 1
your 1
your 1
your 1
your 1
your 1
your 1
your 1
your 1
your 1
your 1
your 1
your 1
your 1
your 1
your 1
your 1
your 1
your 1
your 1
your 1
your 1
your 1
your 1
your 1
your 1
your 1
your 1
your 1
your 1
your 1
your 1
your 1
your 1
your 1
your 1
your 1
your 1
your 1
your 1
your 1
your 1
your 1
your 1
your 1
your 1
your 1
your 1
your 1
your 1
your 1
your 1
your 1
your 1
your 1
your 1
your 1
your 1
your 1
your 1
your 1
your 1
your 1
your 1
your 1
your 1
your 1
your 1
your 1
your 1
your 1
your 1
your 1
your 1
your 1
your 1
your 1
your 1
your 1
your 1
your 1
your 1
your 1
your 1
your 1
your 1
your 1
your 1
your 1
your 1
