A 1
A 1
A 1
A 1
A 1
A 1
A 1
A 1
A 1
A 1
A 1
A 1
A 1
A 1
A 1
A 1
A 1
A 1
A 1
A 1
A 1
A 1
A 1
A 1
A 1
A 1
A 1
A 1
A 1
A 1
A 1
A 1
A 1
A 1
A 1
A 1
ADVENTURES 1
ADVENTURES 1
About 1
About 1
About 1
Alas 1
Alas 1
Alas 1
Alas 1
Alas 1
Alas 1
Alas 1
Alas 1
Alas 1
Alas 1
Alas 1
Alas 1
Alas 1
Alas 1
Alas 1
Alas 1
Alas 1
Alas 1
Alas 1
Alas 1
Alas 1
Alas 1
Alas 1
Alas 1
Alas 1
Alas 1
Alas 1
All 1
All 1
All 1
All 1
All 1
All 1
All 1
All 1
All 1
All 1
All 1
All 1
All 1
All 1
All 1
All 1
All 1
All 1
All 1
All 1
All 1
All 1
All 1
All 1
All 1
Back 1
Back 1
Bind 1
Bless 1
Bless 1
Bless 1
Bless 1
Cannot 1
Carter 1
Carter 1
Carter 1
Carter 1
Chief 1
Comrade 1
Contributions 1
Coxcomb 1
DISTRIBUTOR 1
DONATIONS 1
Dagny 1
Dagny 1
December 1
Defect 1
ELVES 1
ELVES 1
Edgar 1
Edgar 1
Edgar 1
Edwardes 1
Edwardes 1
Every 1
Every 1
Every 1
Falada 1
Falada 1
Falada 1
Falada 1
Falada 1
Falada 1
Falada 1
Falada 1
Falada 1
Falada 1
Falada 1
Falada 1
Falada 1
Falada 1
Falada 1
Falada 1
Falada 1
Falada 1
Finding 1
Foundation 1
Foundation 1
Foundation 1
Foundation 1
Foundation 1
Foundation 1
Foundation 1
Foundation 1
Foundation 1
Foundation 1
Foundation 1
Foundation 1
Foundation 1
Foundation 1
Foundation 1
Foundation 1
Foundation 1
Foundation 1
Foundation 1
Foundation 1
Foundation 1
Foundation 1
Foundation 1
Foundation 1
Frankfurt 1
Full 1
Full 1
Full 1
GOOSE 1
GOOSE 1
GOOSE 1
GOOSE 1
Gracious 1
Gregory 1
Hart 1
Hart 1
He 1
He 1
He 1
He 1
He 1
He 1
He 1
He 1
He 1
He 1
He 1
He 1
He 1
He 1
He 1
He 1
He 1
He 1
He 1
He 1
He 1
He 1
He 1
He 1
He 1
He 1
He 1
He 1
He 1
He 1
He 1
He 1
He 1
He 1
He 1
He 1
He 1
He 1
He 1
He 1
He 1
He 1
He 1
He 1
He 1
He 1
He 1
He 1
He 1
He 1
He 1
He 1
He 1
He 1
He 1
He 1
He 1
He 1
He 1
He 1
He 1
He 1
He 1
He 1
He 1
He 1
He 1
He 1
He 1
He 1
He 1
He 1
He 1
He 1
He 1
He 1
He 1
He 1
He 1
He 1
He 1
He 1
He 1
He 1
He 1
He 1
He 1
He 1
He 1
He 1
He 1
He 1
He 1
He 1
He 1
He 1
He 1
He 1
He 1
He 1
He 1
He 1
He 1
He 1
He 1
He 1
He 1
He 1
He 1
He 1
He 1
He 1
He 1
He 1
He 1
He 1
He 1
He 1
He 1
He 1
He 1
He 1
He 1
He 1
He 1
He 1
He 1
He 1
He 1
He 1
He 1
He 1
He 1
He 1
He 1
He 1
He 1
Heinel 1
Heinel 1
Heinel 1
Heinel 1
Heinel 1
Heinel 1
Heinel 1
Heinel 1
Heinel 1
Heinel 1
Heinel 1
Heinel 1
Heinel 1
Heinel 1
Heinel 1
Heinel 1
Heinel 1
Holiness 1
IN 1
IN 1
IN 1
IN 1
IN 1
IN 1
IN 1
If 1
If 1
If 1
If 1
If 1
If 1
If 1
If 1
If 1
If 1
If 1
If 1
If 1
If 1
If 1
If 1
If 1
If 1
If 1
If 1
If 1
If 1
If 1
If 1
If 1
If 1
If 1
If 1
If 1
If 1
If 1
If 1
If 1
If 1
If 1
If 1
If 1
If 1
If 1
If 1
If 1
If 1
If 1
If 1
If 1
If 1
If 1
If 1
If 1
If 1
If 1
If 1
If 1
If 1
If 1
If 1
If 1
If 1
If 1
If 1
If 1
If 1
If 1
If 1
If 1
If 1
If 1
If 1
If 1
If 1
If 1
If 1
If 1
If 1
If 1
If 1
If 1
If 1
If 1
If 1
If 1
If 1
If 1
If 1
If 1
If 1
If 1
If 1
If 1
If 1
If 1
Jacob 1
Jacob 1
KING 1
KING 1
KING 1
KING 1
LANGUAGES 1
LANGUAGES 1
LUCK 1
LUCK 1
Lake 1
Let 1
Let 1
Let 1
Let 1
Let 1
Let 1
Let 1
Let 1
Let 1
Let 1
Let 1
Let 1
Let 1
Let 1
Let 1
Let 1
Let 1
Let 1
Let 1
Let 1
Let 1
Let 1
Let 1
Let 1
Let 1
Let 1
License 1
License 1
License 1
License 1
License 1
License 1
License 1
License 1
License 1
License 1
Linger 1
Linger 1
Linger 1
MOUNTAIN 1
MOUNTAIN 1
Moaning 1
Mortal 1
Most 1
Most 1
NEGLIGENCE 1
Nearly 1
Newby 1
Next 1
Next 1
Next 1
Next 1
Next 1
Next 1
Next 1
Next 1
Next 1
Next 1
Next 1
Next 1
Not 1
Not 1
Not 1
Not 1
Not 1
Not 1
Not 1
Not 1
Not 1
Not 1
Not 1
Not 1
Not 1
Not 1
Not 1
On 1
On 1
On 1
On 1
On 1
On 1
On 1
On 1
On 1
On 1
On 1
On 1
On 1
On 1
On 1
On 1
On 1
On 1
On 1
On 1
POSSIBILITY 1
Prithee 1
RIDING 1
RIDING 1
Release 1
Rose 1
Rose 1
Rose 1
Rose 1
Rose 1
Rose 1
Rose 1
Rose 1
Rose 1
Rose 1
Rose 1
Rose 1
Rose 1
Rose 1
Rose 1
Rose 1
Rose 1
Rose 1
Rose 1
Rose 1
Rose 1
Rose 1
SKIN 1
SKIN 1
STRICT 1
Service 1
Straw 1
Straw 1
THOSE 1
TWELVE 1
TWELVE 1
TWELVE 1
TWELVE 1
Tales 1
Tales 1
Tales 1
Tales 1
Taylor 1
Taylor 1
Taylor 1
Those 1
Those 1
Though 1
Tomorrow 1
Tomorrow 1
Tomorrow 1
Top 1
Top 1
Top 1
Unlucky 1
Unlucky 1
Unlucky 1
Volunteers 1
Weeping 1
about 1
about 1
about 1
about 1
about 1
about 1
about 1
about 1
about 1
about 1
about 1
about 1
about 1
about 1
about 1
about 1
about 1
about 1
about 1
about 1
about 1
about 1
about 1
about 1
about 1
about 1
about 1
about 1
about 1
about 1
about 1
about 1
about 1
about 1
about 1
about 1
about 1
about 1
about 1
about 1
about 1
about 1
about 1
about 1
about 1
about 1
about 1
about 1
about 1
about 1
about 1
about 1
about 1
about 1
about 1
about 1
about 1
about 1
about 1
about 1
about 1
about 1
about 1
about 1
about 1
about 1
about 1
about 1
about 1
about 1
about 1
about 1
about 1
about 1
about 1
about 1
about 1
about 1
about 1
about 1
about 1
about 1
about 1
about 1
about 1
about 1
about 1
about 1
about 1
about 1
about 1
about 1
about 1
about 1
about 1
about 1
about 1
about 1
about 1
about 1
about 1
about 1
about 1
about 1
about 1
about 1
about 1
about 1
about 1
about 1
about 1
about 1
about 1
about 1
about 1
about 1
about 1
about 1
about 1
about 1
about 1
about 1
about 1
about 1
about 1
about 1
about 1
about 1
about 1
about 1
about 1
about 1
about 1
about 1
about 1
about 1
about 1
about 1
about 1
about 1
about 1
about 1
about 1
about 1
about 1
about 1
about 1
about 1
about 1
about 1
about 1
about 1
about 1
about 1
about 1
about 1
about 1
about 1
about 1
about 1
about 1
about 1
about 1
about 1
about 1
about 1
about 1
about 1
about 1
about 1
about 1
about 1
about 1
about 1
about 1
about 1
above 1
above 1
above 1
above 1
above 1
above 1
above 1
above 1
above 1
above 1
above 1
above 1
above 1
above 1
against 1
against 1
against 1
against 1
against 1
against 1
against 1
against 1
against 1
against 1
against 1
against 1
against 1
against 1
against 1
against 1
against 1
against 1
against 1
against 1
against 1
against 1
against 1
against 1
against 1
ailed 1
ails 1
ails 1
alarm 1
alas 1
alas 1
alas 1
alas 1
alas 1
alas 1
alas 1
alas 1
alas 1
alas 1
alas 1
amid 1
amid 1
announced 1
announced 1
announced 1
announced 1
announced 1
announced 1
announced 1
announced 1
answers 1
applicable 1
applicable 1
applicable 1
around 1
around 1
around 1
around 1
around 1
around 1
around 1
around 1
around 1
around 1
around 1
around 1
around 1
around 1
array 1
asses 1
asses 1
assured 1
assured 1
attended 1
available 1
available 1
bad 1
bad 1
bad 1
bad 1
bad 1
bad 1
bad 1
bad 1
bad 1
bad 1
bad 1
bad 1
bad 1
bad 1
bad 1
bad 1
bad 1
bad 1
bake 1
bake 1
bake 1
ball 1
ball 1
ball 1
ball 1
ball 1
ball 1
ball 1
ball 1
ball 1
ball 1
ball 1
ball 1
ball 1
ball 1
ball 1
ball 1
ball 1
ball 1
ball 1
ball 1
ball 1
ball 1
ball 1
bearded 1
bearer 1
bearer 1
beauteous 1
belong 1
belong 1
beloved 1
beloved 1
beloved 1
beloved 1
beloved 1
bird 1
bird 1
bird 1
bird 1
bird 1
bird 1
bird 1
bird 1
bird 1
bird 1
bird 1
bird 1
bird 1
bird 1
bird 1
bird 1
bird 1
bird 1
bird 1
bird 1
bird 1
bird 1
bird 1
bird 1
bird 1
bird 1
bird 1
bird 1
bird 1
bird 1
bird 1
bird 1
bird 1
bird 1
bird 1
bird 1
bird 1
bird 1
bird 1
bird 1
bird 1
bird 1
bird 1
bird 1
bird 1
bird 1
bird 1
bird 1
bird 1
bird 1
bird 1
bird 1
bird 1
bird 1
bird 1
bird 1
bird 1
bird 1
bird 1
bird 1
bird 1
bird 1
bird 1
bird 1
bird 1
bird 1
bird 1
bird 1
bird 1
bird 1
bird 1
bird 1
bird 1
bird 1
bird 1
bird 1
bird 1
bird 1
bird 1
bird 1
bird 1
bird 1
bird 1
bird 1
bird 1
bird 1
bird 1
bird 1
bird 1
bird 1
bird 1
bird 1
bird 1
bird 1
bird 1
bird 1
bird 1
bird 1
bird 1
bird 1
bird 1
bird 1
bird 1
bird 1
bird 1
bird 1
bird 1
bird 1
bird 1
bird 1
bird 1
bird 1
bird 1
bites 1
blessing 1
blessing 1
blind 1
blind 1
blooming 1
blows 1
blows 1
blows 1
boastfully 1
bobbins 1
bolt 1
bolt 1
bolt 1
bolt 1
bond 1
bond 1
bond 1
boots 1
boots 1
boots 1
boots 1
boots 1
boots 1
boots 1
bottom 1
bottom 1
bottom 1
bottom 1
bottom 1
bottom 1
bottom 1
bottom 1
bottom 1
bottom 1
bottom 1
bottom 1
bottom 1
bottom 1
bottom 1
bottom 1
bottom 1
bottom 1
bounded 1
bounded 1
brilliant 1
brilliant 1
brooch 1
brooch 1
brothers 1
brothers 1
brothers 1
brothers 1
brothers 1
brothers 1
brothers 1
brothers 1
brothers 1
brothers 1
brothers 1
brothers 1
brothers 1
brothers 1
brothers 1
brothers 1
brothers 1
brothers 1
brothers 1
brothers 1
brothers 1
brothers 1
brothers 1
brothers 1
brothers 1
brothers 1
brothers 1
brothers 1
brothers 1
brothers 1
brothers 1
brothers 1
brothers 1
brothers 1
buckets 1
buckets 1
butterflies 1
by 1
by 1
by 1
by 1
by 1
by 1
by 1
by 1
by 1
by 1
by 1
by 1
by 1
by 1
by 1
by 1
by 1
by 1
by 1
by 1
by 1
by 1
by 1
by 1
by 1
by 1
by 1
by 1
by 1
by 1
by 1
by 1
by 1
by 1
by 1
by 1
by 1
by 1
by 1
by 1
by 1
by 1
by 1
by 1
by 1
by 1
by 1
by 1
by 1
by 1
by 1
by 1
by 1
by 1
by 1
by 1
by 1
by 1
by 1
by 1
by 1
by 1
by 1
by 1
by 1
by 1
by 1
by 1
by 1
by 1
by 1
by 1
by 1
by 1
by 1
by 1
by 1
by 1
by 1
by 1
by 1
by 1
by 1
by 1
by 1
by 1
by 1
by 1
by 1
by 1
by 1
by 1
by 1
by 1
by 1
by 1
by 1
by 1
by 1
by 1
by 1
by 1
by 1
by 1
by 1
by 1
by 1
by 1
by 1
by 1
by 1
by 1
by 1
by 1
by 1
by 1
by 1
by 1
by 1
by 1
by 1
by 1
by 1
by 1
by 1
by 1
by 1
by 1
by 1
by 1
by 1
by 1
by 1
by 1
by 1
by 1
by 1
by 1
by 1
by 1
by 1
by 1
by 1
by 1
by 1
by 1
by 1
by 1
by 1
by 1
by 1
by 1
by 1
by 1
by 1
by 1
by 1
by 1
by 1
by 1
by 1
by 1
by 1
by 1
by 1
by 1
by 1
by 1
by 1
by 1
by 1
by 1
by 1
by 1
by 1
by 1
by 1
by 1
by 1
by 1
by 1
by 1
by 1
by 1
by 1
by 1
by 1
by 1
by 1
by 1
by 1
by 1
by 1
by 1
by 1
by 1
by 1
by 1
by 1
by 1
by 1
by 1
by 1
by 1
by 1
by 1
by 1
by 1
by 1
by 1
by 1
by 1
by 1
by 1
by 1
by 1
by 1
by 1
by 1
by 1
by 1
by 1
by 1
by 1
by 1
by 1
by 1
by 1
by 1
by 1
by 1
by 1
by 1
by 1
by 1
by 1
by 1
by 1
by 1
by 1
by 1
by 1
by 1
by 1
by 1
by 1
by 1
by 1
by 1
by 1
by 1
by 1
by 1
by 1
by 1
by 1
by 1
by 1
by 1
by 1
by 1
by 1
by 1
by 1
by 1
by 1
by 1
by 1
by 1
by 1
by 1
by 1
by 1
by 1
by 1
by 1
by 1
by 1
by 1
by 1
by 1
by 1
by 1
by 1
by 1
by 1
by 1
by 1
by 1
by 1
by 1
by 1
by 1
by 1
by 1
by 1
by 1
by 1
by 1
by 1
by 1
by 1
by 1
by 1
by 1
by 1
by 1
byways 1
calls 1
calm 1
candle 1
candle 1
cardinals 1
carelessness 1
carries 1
carve 1
catches 1
catches 1
cave 1
cave 1
cave 1
cave 1
cave 1
cease 1
cease 1
cease 1
ceased 1
celebrated 1
celebrated 1
celebrated 1
celebrated 1
celebrated 1
celebrated 1
chandelier 1
chandelier 1
chandelier 1
chandelier 1
charges 1
charitable 1
charm 1
charm 1
charm 1
charm 1
charm 1
chattering 1
chattering 1
cheating 1
chuckled 1
city 1
city 1
city 1
city 1
city 1
city 1
city 1
city 1
city 1
city 1
city 1
clambered 1
clambered 1
clear 1
clear 1
clear 1
clear 1
clear 1
clear 1
clear 1
clear 1
climb 1
climb 1
climb 1
cloud 1
cloud 1
clung 1
coarse 1
coat 1
coat 1
coat 1
coat 1
coat 1
coat 1
coat 1
coat 1
coat 1
coat 1
coat 1
coat 1
coat 1
coat 1
coat 1
coat 1
coat 1
coffin 1
coffin 1
coffin 1
coffin 1
coffin 1
coffin 1
comely 1
comforted 1
comforted 1
comforted 1
comforted 1
comforted 1
comforted 1
comforted 1
comforted 1
comforted 1
comforted 1
compilation 1
completed 1
considerable 1
considerable 1
constable 1
constantly 1
consulted 1
conveyed 1
cool 1
cool 1
cool 1
cool 1
cool 1
cool 1
cool 1
copyright 1
copyright 1
copyright 1
copyright 1
copyright 1
copyright 1
copyright 1
copyright 1
copyright 1
copyright 1
copyright 1
copyright 1
copyright 1
cords 1
count 1
count 1
count 1
crabs 1
crash 1
crash 1
critical 1
crouched 1
cuffings 1
cure 1
cure 1
cure 1
curled 1
curled 1
cutter 1
damaged 1
darting 1
darting 1
dazzling 1
dazzling 1
dazzling 1
dearly 1
dearly 1
dearly 1
dearly 1
dearly 1
dearly 1
deaths 1
deceive 1
deck 1
defended 1
delay 1
delay 1
delicate 1
delicate 1
delicate 1
delicious 1
demand 1
demand 1
depended 1
detach 1
detail 1
devour 1
devour 1
devour 1
devour 1
devour 1
devour 1
direction 1
direction 1
disclaimer 1
disclaimer 1
discover 1
discover 1
discover 1
discover 1
discover 1
dismissed 1
dismissed 1
dispatched 1
disturbing 1
divide 1
dogs 1
dogs 1
dogs 1
dogs 1
dogs 1
dogs 1
dogs 1
dogs 1
dogs 1
dogs 1
dogs 1
dogs 1
dogs 1
dogs 1
dogs 1
donations 1
donations 1
donations 1
donations 1
donations 1
donations 1
donations 1
donations 1
donations 1
donations 1
donations 1
donations 1
donors 1
doodle 1
doodle 1
doom 1
doom 1
dreaming 1
dreaming 1
dropping 1
dull 1
dwarfs 1
dwarfs 1
dwarfs 1
dwarfs 1
dwarfs 1
dwarfs 1
dwarfs 1
dwarfs 1
dwarfs 1
dwarfs 1
dwarfs 1
dwarfs 1
dwarfs 1
dwarfs 1
dwarfs 1
dwarfs 1
dwarfs 1
ecclesiastics 1
efforts 1
efforts 1
efforts 1
efforts 1
egg 1
egg 1
egg 1
egg 1
egg 1
egg 1
egg 1
egg 1
empty 1
empty 1
empty 1
empty 1
empty 1
empty 1
empty 1
empty 1
empty 1
empty 1
empty 1
empty 1
empty 1
endured 1
entered 1
entered 1
entered 1
entered 1
entered 1
entered 1
entered 1
entered 1
entered 1
entered 1
entered 1
entertained 1
entity 1
entity 1
entity 1
equally 1
equally 1
escaped 1
escaped 1
escaped 1
escaped 1
escaped 1
everyone 1
everyone 1
everyone 1
everyone 1
everyone 1
everyone 1
everyone 1
everyone 1
everyone 1
everyone 1
everyone 1
everyone 1
exception 1
excites 1
excuse 1
excuse 1
excuse 1
exempt 1
exempt 1
expatiated 1
explain 1
fat 1
fat 1
fat 1
fat 1
fat 1
fat 1
fat 1
fat 1
fat 1
fat 1
fat 1
fat 1
fat 1
fat 1
fat 1
fat 1
fat 1
fat 1
fat 1
fat 1
fat 1
fat 1
fat 1
fat 1
fat 1
favourite 1
feared 1
feared 1
fears 1
feather 1
feather 1
feather 1
feather 1
feather 1
feather 1
feather 1
feather 1
federal 1
federal 1
fewer 1
find 1
find 1
find 1
find 1
find 1
find 1
find 1
find 1
find 1
find 1
find 1
find 1
find 1
find 1
find 1
find 1
find 1
find 1
find 1
find 1
find 1
find 1
find 1
find 1
find 1
find 1
find 1
find 1
find 1
find 1
find 1
find 1
find 1
find 1
find 1
find 1
find 1
find 1
find 1
find 1
find 1
find 1
find 1
find 1
find 1
find 1
find 1
find 1
find 1
find 1
find 1
find 1
find 1
find 1
find 1
find 1
find 1
find 1
find 1
find 1
find 1
find 1
find 1
find 1
find 1
find 1
find 1
find 1
find 1
find 1
find 1
find 1
find 1
find 1
find 1
find 1
finding 1
finding 1
finding 1
finding 1
finding 1
finely 1
fir 1
fir 1
fireside 1
fireside 1
fisherman 1
fisherman 1
fisherman 1
fisherman 1
fisherman 1
fisherman 1
fisherman 1
fisherman 1
fisherman 1
fisherman 1
fisherman 1
fisherman 1
fisherman 1
fisherman 1
fisherman 1
fisherman 1
fisherman 1
fisherman 1
fisherman 1
fisherman 1
fisherman 1
fisherman 1
fisherman 1
fisherman 1
fisherman 1
fishpond 1
flashed 1
flashed 1
flowering 1
following 1
following 1
following 1
following 1
following 1
following 1
following 1
following 1
following 1
following 1
following 1
following 1
following 1
font 1
fools 1
fools 1
fools 1
foretell 1
foretell 1
foretold 1
foretold 1
forge 1
forgetting 1
forgetting 1
forgot 1
forgot 1
forgot 1
forgot 1
forgot 1
forgot 1
forgot 1
forgot 1
forgot 1
forgot 1
forgot 1
format 1
format 1
format 1
format 1
forsaken 1
forth 1
forth 1
forth 1
forth 1
forth 1
forth 1
forth 1
forth 1
forth 1
forth 1
forth 1
forth 1
forth 1
forth 1
forth 1
forth 1
forth 1
forth 1
forth 1
forth 1
forth 1
forth 1
forth 1
forth 1
forth 1
forth 1
forth 1
forth 1
forth 1
forth 1
forth 1
forth 1
forth 1
forth 1
forth 1
forth 1
forth 1
forth 1
forth 1
forth 1
forth 1
forth 1
fowler 1
frighten 1
frock 1
frock 1
frock 1
frock 1
frock 1
frock 1
fry 1
fry 1
fulfilled 1
fulfilled 1
fulfilled 1
fulfilled 1
fulfilled 1
fulfilled 1
fulfilled 1
fulfilled 1
gale 1
gallop 1
gallop 1
garden 1
garden 1
garden 1
garden 1
garden 1
garden 1
garden 1
garden 1
garden 1
garden 1
garden 1
garden 1
garden 1
garden 1
garden 1
garden 1
garden 1
garden 1
garden 1
garden 1
garden 1
garden 1
garden 1
garden 1
garden 1
garden 1
garden 1
garden 1
garden 1
garden 1
garden 1
garden 1
garden 1
garden 1
garden 1
garden 1
garden 1
garden 1
garden 1
garden 1
garden 1
garden 1
garden 1
garden 1
garden 1
garret 1
gave 1
gave 1
gave 1
gave 1
gave 1
gave 1
gave 1
gave 1
gave 1
gave 1
gave 1
gave 1
gave 1
gave 1
gave 1
gave 1
gave 1
gave 1
gave 1
gave 1
gave 1
gave 1
gave 1
gave 1
gave 1
gave 1
gave 1
gave 1
gave 1
gave 1
gave 1
gave 1
gave 1
gave 1
gave 1
gave 1
gave 1
gave 1
gave 1
gave 1
gave 1
gave 1
gave 1
gave 1
gave 1
gave 1
gave 1
gave 1
gave 1
gave 1
gave 1
gave 1
gave 1
gave 1
gave 1
gave 1
gave 1
gave 1
gave 1
gave 1
gave 1
gave 1
gave 1
gave 1
gave 1
gave 1
gave 1
gave 1
gave 1
gave 1
gave 1
gave 1
gave 1
gave 1
gave 1
gave 1
gave 1
gave 1
gave 1
gave 1
gave 1
gave 1
gave 1
gave 1
gave 1
gave 1
gave 1
gave 1
gave 1
gave 1
gave 1
gave 1
gave 1
gave 1
gave 1
gave 1
gave 1
gave 1
gave 1
gave 1
gave 1
gave 1
gave 1
gave 1
gave 1
gave 1
give 1
give 1
give 1
give 1
give 1
give 1
give 1
give 1
give 1
give 1
give 1
give 1
give 1
give 1
give 1
give 1
give 1
give 1
give 1
give 1
give 1
give 1
give 1
give 1
give 1
give 1
give 1
give 1
give 1
give 1
give 1
give 1
give 1
give 1
give 1
give 1
give 1
give 1
give 1
give 1
give 1
give 1
give 1
give 1
give 1
give 1
give 1
give 1
give 1
give 1
give 1
give 1
give 1
give 1
give 1
give 1
give 1
give 1
give 1
give 1
give 1
give 1
give 1
give 1
give 1
give 1
give 1
give 1
give 1
give 1
give 1
give 1
give 1
give 1
give 1
give 1
give 1
give 1
give 1
give 1
give 1
give 1
give 1
give 1
give 1
give 1
give 1
give 1
give 1
give 1
give 1
give 1
give 1
give 1
give 1
give 1
give 1
give 1
give 1
give 1
give 1
give 1
give 1
give 1
give 1
give 1
give 1
give 1
give 1
give 1
give 1
give 1
give 1
give 1
give 1
give 1
give 1
give 1
give 1
give 1
give 1
give 1
give 1
give 1
give 1
give 1
give 1
give 1
give 1
give 1
give 1
give 1
give 1
give 1
give 1
give 1
give 1
give 1
give 1
give 1
give 1
give 1
give 1
given 1
given 1
given 1
given 1
given 1
given 1
given 1
given 1
given 1
given 1
given 1
given 1
given 1
given 1
given 1
given 1
given 1
given 1
given 1
given 1
given 1
given 1
given 1
given 1
given 1
given 1
given 1
given 1
given 1
given 1
given 1
given 1
given 1
given 1
given 1
given 1
given 1
given 1
given 1
given 1
given 1
given 1
given 1
given 1
given 1
glove 1
golden 1
golden 1
golden 1
golden 1
golden 1
golden 1
golden 1
golden 1
golden 1
golden 1
golden 1
golden 1
golden 1
golden 1
golden 1
golden 1
golden 1
golden 1
golden 1
golden 1
golden 1
golden 1
golden 1
golden 1
golden 1
golden 1
golden 1
golden 1
golden 1
golden 1
golden 1
golden 1
golden 1
golden 1
golden 1
golden 1
golden 1
golden 1
golden 1
golden 1
golden 1
golden 1
golden 1
golden 1
golden 1
golden 1
golden 1
golden 1
golden 1
golden 1
golden 1
golden 1
golden 1
golden 1
golden 1
golden 1
golden 1
golden 1
golden 1
golden 1
golden 1
golden 1
golden 1
golden 1
golden 1
golden 1
golden 1
golden 1
golden 1
golden 1
golden 1
golden 1
golden 1
golden 1
golden 1
golden 1
golden 1
golden 1
golden 1
golden 1
golden 1
golden 1
golden 1
gossip 1
gossip 1
gradually 1
grain 1
grain 1
grain 1
grain 1
grandmother 1
grandmother 1
grandmother 1
grandmother 1
grandmother 1
grandmother 1
grandmother 1
grandmother 1
grandmother 1
grandmother 1
grandmother 1
grandmother 1
grandmother 1
grandmother 1
grandmother 1
grandmother 1
grandmother 1
grandmother 1
grandmother 1
grandmother 1
grandmother 1
grandmother 1
grandmother 1
grandmother 1
grandmother 1
grandmother 1
gratefully 1
grazed 1
green 1
green 1
green 1
green 1
green 1
green 1
green 1
green 1
green 1
green 1
green 1
green 1
green 1
green 1
greeting 1
groped 1
groped 1
ground 1
ground 1
ground 1
ground 1
ground 1
ground 1
ground 1
ground 1
ground 1
ground 1
ground 1
ground 1
ground 1
ground 1
ground 1
ground 1
ground 1
ground 1
ground 1
ground 1
ground 1
ground 1
ground 1
ground 1
ground 1
ground 1
ground 1
ground 1
ground 1
ground 1
ground 1
ground 1
ground 1
ground 1
ground 1
ground 1
ground 1
ground 1
growing 1
growing 1
growing 1
growing 1
guard 1
guard 1
guard 1
gutenberg 1
gutenberg 1
gutenberg 1
gutenberg 1
gutenberg 1
gutenberg 1
happened 1
happened 1
happened 1
happened 1
happened 1
happened 1
happened 1
happened 1
happened 1
happened 1
happened 1
happened 1
happened 1
happened 1
happened 1
happened 1
happened 1
happened 1
happened 1
happened 1
happened 1
happened 1
happened 1
happened 1
happened 1
happened 1
happened 1
happened 1
happened 1
happened 1
happened 1
happened 1
happened 1
happened 1
happened 1
happened 1
happened 1
happened 1
happened 1
happened 1
happened 1
happened 1
happened 1
happened 1
happened 1
happened 1
happened 1
happened 1
happened 1
happened 1
happened 1
hardest 1
hares 1
harshly 1
hatchet 1
hatchet 1
hatchet 1
hatchet 1
hatchet 1
hatchet 1
having 1
having 1
having 1
having 1
having 1
having 1
having 1
having 1
having 1
having 1
having 1
having 1
having 1
having 1
having 1
having 1
having 1
having 1
having 1
he 1
he 1
he 1
he 1
he 1
he 1
he 1
he 1
he 1
he 1
he 1
he 1
he 1
he 1
he 1
he 1
he 1
he 1
he 1
he 1
he 1
he 1
he 1
he 1
he 1
he 1
he 1
he 1
he 1
he 1
he 1
he 1
he 1
he 1
he 1
he 1
he 1
he 1
he 1
he 1
he 1
he 1
he 1
he 1
he 1
he 1
he 1
he 1
he 1
he 1
he 1
he 1
he 1
he 1
he 1
he 1
he 1
he 1
he 1
he 1
he 1
he 1
he 1
he 1
he 1
he 1
he 1
he 1
he 1
he 1
he 1
he 1
he 1
he 1
he 1
he 1
he 1
he 1
he 1
he 1
he 1
he 1
he 1
he 1
he 1
he 1
he 1
he 1
he 1
he 1
he 1
he 1
he 1
he 1
he 1
he 1
he 1
he 1
he 1
he 1
he 1
he 1
he 1
he 1
he 1
he 1
he 1
he 1
he 1
he 1
he 1
he 1
he 1
he 1
he 1
he 1
he 1
he 1
he 1
he 1
he 1
he 1
he 1
he 1
he 1
he 1
he 1
he 1
he 1
he 1
he 1
he 1
he 1
he 1
he 1
he 1
he 1
he 1
he 1
he 1
he 1
he 1
he 1
he 1
he 1
he 1
he 1
he 1
he 1
he 1
he 1
he 1
he 1
he 1
he 1
he 1
he 1
he 1
he 1
he 1
he 1
he 1
he 1
he 1
he 1
he 1
he 1
he 1
he 1
he 1
he 1
he 1
he 1
he 1
he 1
he 1
he 1
he 1
he 1
he 1
he 1
he 1
he 1
he 1
he 1
he 1
he 1
he 1
he 1
he 1
he 1
he 1
he 1
he 1
he 1
he 1
he 1
he 1
he 1
he 1
he 1
he 1
he 1
he 1
he 1
he 1
he 1
he 1
he 1
he 1
he 1
he 1
he 1
he 1
he 1
he 1
he 1
he 1
he 1
he 1
he 1
he 1
he 1
he 1
he 1
he 1
he 1
he 1
he 1
he 1
he 1
he 1
he 1
he 1
he 1
he 1
he 1
he 1
he 1
he 1
he 1
he 1
he 1
he 1
he 1
he 1
he 1
he 1
he 1
he 1
he 1
he 1
he 1
he 1
he 1
he 1
he 1
he 1
he 1
he 1
he 1
he 1
he 1
he 1
he 1
he 1
he 1
he 1
he 1
he 1
he 1
he 1
he 1
he 1
he 1
he 1
he 1
he 1
he 1
he 1
he 1
he 1
he 1
he 1
he 1
he 1
he 1
he 1
he 1
he 1
he 1
he 1
he 1
he 1
he 1
he 1
he 1
he 1
he 1
he 1
he 1
he 1
he 1
he 1
he 1
he 1
he 1
he 1
he 1
he 1
he 1
he 1
he 1
he 1
he 1
he 1
he 1
he 1
he 1
he 1
he 1
he 1
he 1
he 1
he 1
he 1
he 1
he 1
he 1
he 1
he 1
he 1
he 1
he 1
he 1
he 1
he 1
he 1
he 1
he 1
he 1
he 1
he 1
he 1
he 1
he 1
he 1
he 1
he 1
he 1
he 1
he 1
he 1
he 1
he 1
he 1
he 1
he 1
he 1
he 1
he 1
he 1
he 1
he 1
he 1
he 1
he 1
he 1
he 1
he 1
he 1
he 1
he 1
he 1
he 1
he 1
he 1
he 1
he 1
he 1
he 1
he 1
he 1
he 1
he 1
he 1
he 1
he 1
he 1
he 1
he 1
he 1
he 1
he 1
he 1
he 1
he 1
he 1
he 1
he 1
he 1
he 1
he 1
he 1
he 1
he 1
he 1
he 1
he 1
he 1
he 1
he 1
he 1
he 1
he 1
he 1
he 1
he 1
he 1
he 1
he 1
he 1
he 1
he 1
he 1
he 1
he 1
he 1
he 1
he 1
he 1
he 1
he 1
he 1
he 1
he 1
he 1
he 1
he 1
he 1
he 1
he 1
he 1
he 1
he 1
he 1
he 1
he 1
he 1
he 1
he 1
he 1
he 1
he 1
he 1
he 1
he 1
he 1
he 1
he 1
he 1
he 1
he 1
he 1
he 1
he 1
he 1
he 1
he 1
he 1
he 1
he 1
he 1
he 1
he 1
he 1
he 1
he 1
he 1
he 1
he 1
he 1
he 1
he 1
he 1
he 1
he 1
he 1
he 1
he 1
he 1
he 1
he 1
he 1
he 1
he 1
he 1
he 1
he 1
he 1
he 1
he 1
he 1
he 1
he 1
he 1
he 1
he 1
he 1
he 1
he 1
he 1
he 1
he 1
he 1
he 1
he 1
he 1
he 1
he 1
he 1
he 1
he 1
he 1
he 1
he 1
he 1
he 1
he 1
he 1
he 1
he 1
he 1
he 1
he 1
he 1
he 1
he 1
he 1
he 1
he 1
he 1
he 1
he 1
he 1
he 1
he 1
he 1
he 1
he 1
he 1
he 1
he 1
he 1
he 1
he 1
he 1
he 1
he 1
he 1
he 1
he 1
he 1
he 1
he 1
he 1
he 1
he 1
he 1
he 1
he 1
he 1
he 1
he 1
he 1
he 1
he 1
he 1
he 1
he 1
he 1
he 1
he 1
he 1
he 1
he 1
he 1
he 1
he 1
he 1
he 1
he 1
he 1
he 1
he 1
he 1
he 1
he 1
he 1
he 1
he 1
he 1
he 1
he 1
he 1
he 1
he 1
he 1
he 1
he 1
he 1
he 1
he 1
he 1
he 1
he 1
he 1
he 1
he 1
he 1
he 1
he 1
he 1
he 1
he 1
he 1
he 1
he 1
he 1
he 1
he 1
he 1
he 1
he 1
he 1
he 1
he 1
he 1
he 1
he 1
he 1
he 1
he 1
he 1
he 1
he 1
he 1
he 1
he 1
he 1
he 1
he 1
he 1
he 1
he 1
he 1
he 1
he 1
he 1
he 1
he 1
he 1
he 1
he 1
he 1
he 1
he 1
he 1
he 1
he 1
he 1
he 1
he 1
he 1
he 1
he 1
he 1
he 1
he 1
he 1
he 1
he 1
he 1
he 1
he 1
he 1
he 1
he 1
he 1
he 1
he 1
he 1
he 1
he 1
he 1
he 1
he 1
he 1
he 1
he 1
he 1
he 1
he 1
he 1
he 1
he 1
he 1
he 1
he 1
he 1
he 1
he 1
he 1
he 1
he 1
he 1
he 1
he 1
he 1
he 1
he 1
he 1
he 1
he 1
he 1
he 1
he 1
he 1
he 1
he 1
he 1
he 1
he 1
he 1
he 1
he 1
he 1
he 1
he 1
he 1
he 1
he 1
he 1
he 1
he 1
he 1
he 1
he 1
he 1
he 1
he 1
he 1
he 1
he 1
he 1
he 1
he 1
he 1
he 1
he 1
he 1
he 1
he 1
he 1
he 1
he 1
he 1
he 1
he 1
he 1
he 1
he 1
he 1
he 1
he 1
he 1
he 1
he 1
he 1
he 1
he 1
he 1
he 1
he 1
he 1
he 1
he 1
he 1
he 1
he 1
he 1
he 1
he 1
he 1
he 1
he 1
he 1
he 1
he 1
he 1
he 1
he 1
he 1
he 1
he 1
he 1
he 1
he 1
he 1
he 1
he 1
he 1
he 1
he 1
he 1
he 1
he 1
he 1
he 1
he 1
he 1
he 1
he 1
he 1
he 1
he 1
he 1
he 1
he 1
he 1
he 1
he 1
he 1
he 1
he 1
he 1
he 1
he 1
he 1
he 1
he 1
he 1
he 1
he 1
he 1
he 1
he 1
he 1
he 1
he 1
he 1
he 1
he 1
he 1
he 1
he 1
he 1
he 1
he 1
he 1
he 1
he 1
he 1
he 1
he 1
he 1
he 1
he 1
he 1
he 1
he 1
he 1
he 1
he 1
he 1
he 1
he 1
he 1
he 1
he 1
he 1
he 1
he 1
he 1
he 1
he 1
he 1
he 1
he 1
he 1
he 1
he 1
he 1
he 1
he 1
he 1
he 1
he 1
he 1
he 1
he 1
he 1
he 1
he 1
he 1
he 1
he 1
he 1
he 1
he 1
he 1
he 1
he 1
he 1
he 1
he 1
he 1
he 1
he 1
he 1
he 1
he 1
he 1
he 1
he 1
he 1
he 1
he 1
he 1
he 1
he 1
he 1
he 1
he 1
he 1
he 1
he 1
he 1
he 1
he 1
he 1
he 1
he 1
he 1
he 1
he 1
he 1
he 1
he 1
he 1
he 1
he 1
he 1
he 1
he 1
he 1
he 1
he 1
he 1
he 1
he 1
he 1
he 1
he 1
he 1
he 1
he 1
he 1
he 1
he 1
he 1
he 1
he 1
he 1
he 1
he 1
he 1
he 1
he 1
he 1
he 1
he 1
he 1
he 1
he 1
he 1
he 1
he 1
he 1
he 1
he 1
he 1
he 1
he 1
he 1
he 1
he 1
he 1
he 1
he 1
he 1
he 1
he 1
he 1
he 1
he 1
he 1
he 1
he 1
he 1
he 1
he 1
he 1
he 1
he 1
he 1
he 1
he 1
he 1
he 1
he 1
he 1
he 1
he 1
he 1
he 1
he 1
he 1
he 1
he 1
he 1
he 1
he 1
he 1
he 1
he 1
he 1
he 1
he 1
he 1
he 1
he 1
he 1
he 1
he 1
he 1
he 1
he 1
he 1
he 1
he 1
he 1
he 1
he 1
he 1
he 1
he 1
he 1
he 1
he 1
he 1
he 1
he 1
he 1
he 1
he 1
he 1
he 1
he 1
he 1
he 1
he 1
he 1
he 1
he 1
he 1
he 1
he 1
he 1
he 1
he 1
he 1
he 1
he 1
he 1
he 1
he 1
he 1
he 1
he 1
he 1
he 1
he 1
he 1
he 1
he 1
he 1
he 1
he 1
he 1
he 1
he 1
he 1
he 1
he 1
he 1
he 1
he 1
he 1
he 1
he 1
he 1
he 1
he 1
he 1
he 1
he 1
he 1
he 1
he 1
he 1
he 1
he 1
he 1
he 1
he 1
he 1
he 1
he 1
he 1
he 1
he 1
he 1
he 1
he 1
he 1
he 1
he 1
he 1
he 1
he 1
he 1
he 1
he 1
he 1
he 1
he 1
he 1
he 1
he 1
he 1
he 1
he 1
he 1
he 1
he 1
he 1
he 1
he 1
he 1
he 1
he 1
he 1
he 1
he 1
he 1
he 1
he 1
he 1
he 1
he 1
he 1
he 1
he 1
he 1
he 1
he 1
he 1
he 1
he 1
he 1
he 1
he 1
he 1
he 1
he 1
he 1
he 1
he 1
he 1
he 1
he 1
he 1
he 1
he 1
he 1
he 1
he 1
he 1
he 1
he 1
he 1
he 1
he 1
he 1
he 1
he 1
he 1
he 1
he 1
he 1
he 1
he 1
he 1
he 1
he 1
he 1
he 1
he 1
he 1
he 1
he 1
he 1
he 1
he 1
he 1
he 1
he 1
he 1
he 1
he 1
he 1
he 1
he 1
he 1
he 1
he 1
he 1
he 1
he 1
he 1
he 1
he 1
he 1
he 1
he 1
he 1
he 1
he 1
he 1
he 1
he 1
he 1
he 1
he 1
he 1
he 1
he 1
he 1
he 1
he 1
he 1
he 1
he 1
he 1
he 1
he 1
he 1
he 1
he 1
he 1
he 1
he 1
he 1
he 1
he 1
he 1
he 1
he 1
he 1
he 1
he 1
he 1
he 1
he 1
he 1
he 1
he 1
he 1
he 1
he 1
he 1
he 1
he 1
he 1
he 1
he 1
he 1
he 1
he 1
he 1
he 1
he 1
he 1
he 1
he 1
he 1
he 1
he 1
he 1
he 1
he 1
he 1
he 1
he 1
he 1
he 1
he 1
he 1
he 1
he 1
he 1
he 1
he 1
he 1
he 1
he 1
he 1
he 1
he 1
he 1
he 1
he 1
he 1
he 1
he 1
he 1
he 1
he 1
he 1
he 1
he 1
he 1
he 1
he 1
he 1
he 1
he 1
he 1
he 1
he 1
he 1
he 1
he 1
he 1
he 1
he 1
he 1
he 1
he 1
he 1
he 1
he 1
he 1
he 1
he 1
he 1
he 1
he 1
he 1
he 1
he 1
he 1
he 1
he 1
he 1
he 1
he 1
he 1
he 1
he 1
he 1
he 1
he 1
he 1
he 1
he 1
he 1
he 1
he 1
he 1
he 1
he 1
he 1
he 1
he 1
he 1
he 1
he 1
he 1
he 1
he 1
he 1
he 1
he 1
he 1
he 1
he 1
he 1
he 1
he 1
he 1
he 1
he 1
he 1
he 1
he 1
he 1
he 1
he 1
he 1
he 1
he 1
he 1
he 1
he 1
he 1
he 1
he 1
he 1
he 1
he 1
he 1
he 1
he 1
he 1
he 1
he 1
he 1
he 1
he 1
he 1
he 1
he 1
he 1
he 1
he 1
he 1
he 1
he 1
he 1
he 1
he 1
he 1
he 1
he 1
he 1
he 1
he 1
he 1
he 1
he 1
he 1
he 1
he 1
he 1
he 1
he 1
he 1
he 1
he 1
he 1
he 1
he 1
he 1
he 1
he 1
he 1
he 1
he 1
he 1
he 1
he 1
he 1
he 1
he 1
he 1
he 1
he 1
he 1
he 1
he 1
he 1
he 1
he 1
he 1
he 1
he 1
he 1
he 1
he 1
he 1
he 1
he 1
he 1
he 1
he 1
he 1
he 1
he 1
he 1
he 1
he 1
he 1
he 1
he 1
he 1
he 1
he 1
he 1
he 1
he 1
he 1
he 1
he 1
he 1
he 1
he 1
he 1
he 1
he 1
he 1
he 1
he 1
he 1
he 1
he 1
he 1
he 1
he 1
he 1
he 1
he 1
he 1
he 1
he 1
he 1
he 1
he 1
he 1
he 1
he 1
he 1
he 1
he 1
he 1
he 1
he 1
he 1
he 1
he 1
he 1
he 1
he 1
he 1
he 1
he 1
he 1
he 1
he 1
he 1
he 1
he 1
he 1
he 1
he 1
he 1
he 1
he 1
he 1
he 1
he 1
he 1
he 1
he 1
he 1
he 1
he 1
he 1
he 1
he 1
he 1
he 1
he 1
he 1
he 1
he 1
he 1
he 1
he 1
he 1
he 1
he 1
he 1
he 1
he 1
he 1
he 1
he 1
he 1
he 1
he 1
he 1
he 1
he 1
he 1
he 1
he 1
he 1
he 1
he 1
he 1
he 1
he 1
he 1
he 1
he 1
he 1
he 1
he 1
he 1
he 1
he 1
he 1
he 1
he 1
he 1
he 1
he 1
he 1
he 1
he 1
he 1
he 1
he 1
he 1
he 1
he 1
he 1
he 1
he 1
he 1
he 1
he 1
he 1
he 1
he 1
he 1
he 1
he 1
he 1
he 1
he 1
he 1
he 1
he 1
he 1
he 1
he 1
he 1
he 1
he 1
he 1
he 1
he 1
he 1
he 1
he 1
he 1
he 1
he 1
he 1
he 1
he 1
he 1
he 1
he 1
he 1
he 1
he 1
he 1
he 1
he 1
he 1
he 1
he 1
he 1
he 1
he 1
he 1
he 1
he 1
he 1
he 1
he 1
he 1
he 1
he 1
he 1
he 1
he 1
he 1
he 1
he 1
he 1
he 1
he 1
he 1
he 1
he 1
he 1
he 1
he 1
he 1
he 1
he 1
he 1
he 1
he 1
he 1
he 1
he 1
he 1
he 1
he 1
he 1
he 1
he 1
he 1
he 1
he 1
he 1
he 1
he 1
he 1
he 1
he 1
he 1
he 1
he 1
he 1
he 1
he 1
he 1
he 1
he 1
he 1
he 1
he 1
he 1
he 1
he 1
he 1
he 1
he 1
he 1
he 1
he 1
he 1
he 1
he 1
he 1
he 1
he 1
he 1
he 1
he 1
he 1
he 1
he 1
he 1
he 1
he 1
he 1
he 1
he 1
he 1
he 1
he 1
he 1
he 1
he 1
he 1
he 1
he 1
he 1
he 1
he 1
he 1
he 1
he 1
he 1
he 1
he 1
he 1
he 1
he 1
he 1
he 1
he 1
he 1
he 1
he 1
he 1
he 1
he 1
he 1
he 1
he 1
he 1
he 1
he 1
he 1
he 1
he 1
he 1
he 1
he 1
he 1
he 1
he 1
he 1
he 1
he 1
he 1
he 1
he 1
he 1
he 1
he 1
he 1
he 1
he 1
he 1
he 1
he 1
he 1
he 1
he 1
he 1
he 1
he 1
he 1
he 1
he 1
he 1
he 1
he 1
he 1
he 1
he 1
he 1
he 1
he 1
he 1
he 1
he 1
he 1
he 1
he 1
he 1
he 1
he 1
he 1
he 1
he 1
he 1
he 1
he 1
he 1
he 1
he 1
he 1
he 1
he 1
he 1
he 1
he 1
he 1
he 1
he 1
he 1
he 1
he 1
he 1
he 1
he 1
he 1
he 1
he 1
he 1
he 1
he 1
he 1
he 1
he 1
he 1
he 1
he 1
he 1
he 1
he 1
he 1
he 1
he 1
he 1
he 1
he 1
he 1
he 1
he 1
he 1
he 1
he 1
he 1
he 1
he 1
he 1
he 1
he 1
he 1
he 1
he 1
he 1
he 1
he 1
he 1
he 1
he 1
he 1
he 1
he 1
he 1
he 1
he 1
he 1
he 1
he 1
he 1
he 1
he 1
he 1
he 1
he 1
he 1
he 1
he 1
he 1
he 1
heads 1
heads 1
heads 1
heads 1
heads 1
heads 1
heads 1
heads 1
heads 1
heads 1
heads 1
hearted 1
hearted 1
heated 1
heated 1
heated 1
hen 1
hen 1
hideous 1
hideous 1
highway 1
hobblety 1
hobblety 1
hobblety 1
honest 1
honest 1
honest 1
honest 1
honest 1
honest 1
honest 1
honey 1
honey 1
honey 1
honey 1
honey 1
hoofs 1
hop 1
hop 1
hopping 1
hopping 1
hurt 1
hurt 1
hurt 1
hurt 1
hurt 1
hurt 1
hurt 1
hurt 1
hurt 1
hurt 1
hurt 1
hurt 1
ice 1
if 1
if 1
if 1
if 1
if 1
if 1
if 1
if 1
if 1
if 1
if 1
if 1
if 1
if 1
if 1
if 1
if 1
if 1
if 1
if 1
if 1
if 1
if 1
if 1
if 1
if 1
if 1
if 1
if 1
if 1
if 1
if 1
if 1
if 1
if 1
if 1
if 1
if 1
if 1
if 1
if 1
if 1
if 1
if 1
if 1
if 1
if 1
if 1
if 1
if 1
if 1
if 1
if 1
if 1
if 1
if 1
if 1
if 1
if 1
if 1
if 1
if 1
if 1
if 1
if 1
if 1
if 1
if 1
if 1
if 1
if 1
if 1
if 1
if 1
if 1
if 1
if 1
if 1
if 1
if 1
if 1
if 1
if 1
if 1
if 1
if 1
if 1
if 1
if 1
if 1
if 1
if 1
if 1
if 1
if 1
if 1
if 1
if 1
if 1
if 1
if 1
if 1
if 1
if 1
if 1
if 1
if 1
if 1
if 1
if 1
if 1
if 1
if 1
if 1
if 1
if 1
if 1
if 1
if 1
if 1
if 1
if 1
if 1
if 1
if 1
if 1
if 1
if 1
if 1
if 1
if 1
if 1
if 1
if 1
if 1
if 1
if 1
if 1
if 1
if 1
if 1
if 1
if 1
if 1
if 1
if 1
if 1
if 1
if 1
if 1
if 1
if 1
if 1
if 1
if 1
if 1
if 1
if 1
if 1
if 1
if 1
if 1
if 1
if 1
if 1
if 1
if 1
if 1
if 1
if 1
if 1
if 1
if 1
if 1
if 1
if 1
if 1
if 1
if 1
if 1
if 1
if 1
if 1
if 1
if 1
if 1
if 1
if 1
if 1
if 1
if 1
if 1
if 1
if 1
if 1
if 1
if 1
if 1
if 1
if 1
if 1
if 1
if 1
if 1
if 1
if 1
if 1
if 1
if 1
if 1
if 1
if 1
if 1
if 1
if 1
if 1
if 1
if 1
if 1
if 1
if 1
if 1
if 1
if 1
if 1
if 1
if 1
if 1
if 1
if 1
if 1
if 1
if 1
if 1
if 1
if 1
if 1
if 1
if 1
if 1
if 1
if 1
if 1
if 1
if 1
if 1
if 1
if 1
if 1
if 1
if 1
if 1
if 1
if 1
if 1
immediate 1
immediate 1
impetuous 1
indeed 1
indeed 1
indeed 1
indeed 1
indeed 1
indeed 1
indeed 1
indeed 1
indeed 1
indeed 1
indeed 1
indeed 1
indeed 1
indeed 1
indeed 1
indeed 1
indeed 1
indeed 1
indeed 1
indeed 1
injury 1
injury 1
injury 1
injury 1
joined 1
joined 1
justice 1
justice 1
justice 1
kinds 1
kinds 1
kinds 1
kinds 1
kinds 1
kinds 1
kinds 1
kinds 1
knee 1
knocked 1
knocked 1
knocked 1
knocked 1
knocked 1
knocked 1
knocked 1
knocked 1
knocked 1
knocked 1
knocked 1
knocked 1
knocked 1
knocked 1
knocked 1
knocked 1
knocked 1
knocked 1
knocked 1
knocked 1
knocked 1
knocked 1
knowing 1
knowing 1
knowing 1
knowing 1
knowing 1
knowing 1
knowing 1
knowing 1
knowing 1
knowing 1
knowing 1
knowing 1
known 1
known 1
known 1
known 1
known 1
known 1
known 1
known 1
known 1
labourers 1
lake 1
lake 1
lake 1
lake 1
lake 1
lake 1
lake 1
lake 1
lamentations 1
lamentations 1
lass 1
leather 1
leather 1
leather 1
leather 1
leather 1
leathern 1
leathern 1
leathern 1
legal 1
legal 1
liability 1
liability 1
license 1
license 1
license 1
license 1
lieu 1
lieu 1
lingering 1
links 1
links 1
links 1
listeners 1
listening 1
listening 1
listening 1
livelihood 1
livelihood 1
livelihood 1
loaded 1
loaded 1
logs 1
lonely 1
lonely 1
lonely 1
lonely 1
longer 1
longer 1
longer 1
longer 1
longer 1
longer 1
longer 1
longer 1
longer 1
longer 1
longer 1
longer 1
longer 1
longer 1
longer 1
longer 1
longer 1
longer 1
longer 1
longer 1
longer 1
longer 1
longer 1
longer 1
longer 1
longer 1
longer 1
longer 1
longer 1
longer 1
longer 1
longer 1
longer 1
longer 1
longer 1
longer 1
longer 1
longer 1
longer 1
longer 1
longer 1
longer 1
longer 1
longer 1
longer 1
longer 1
longer 1
longer 1
longer 1
loosened 1
loss 1
loss 1
loss 1
loss 1
loss 1
loss 1
loss 1
luck 1
luck 1
luck 1
luck 1
luck 1
luck 1
luck 1
luck 1
luck 1
luck 1
luck 1
luck 1
luck 1
luck 1
luck 1
luck 1
luck 1
luck 1
luck 1
luck 1
luck 1
luck 1
luck 1
luck 1
luck 1
main 1
main 1
malice 1
malice 1
manage 1
manage 1
manage 1
manage 1
manikin 1
manikin 1
manikin 1
manikin 1
manikin 1
manikin 1
manikin 1
manikin 1
manikin 1
manikin 1
manikin 1
manner 1
manner 1
manner 1
manner 1
manner 1
marsh 1
masters 1
masters 1
masters 1
masters 1
mate 1
material 1
meat 1
meat 1
meat 1
meat 1
meat 1
meat 1
meat 1
meat 1
meat 1
meat 1
meat 1
meat 1
meat 1
meat 1
middle 1
middle 1
middle 1
middle 1
middle 1
middle 1
middle 1
middle 1
middle 1
middle 1
middle 1
middle 1
middle 1
middle 1
middle 1
middle 1
middle 1
middle 1
middle 1
middle 1
midst 1
midst 1
midst 1
midst 1
midst 1
midst 1
midst 1
midst 1
milk 1
milk 1
milk 1
milk 1
milk 1
milk 1
milk 1
milk 1
milk 1
milk 1
milk 1
milk 1
millet 1
millet 1
mixed 1
modestly 1
most 1
most 1
most 1
most 1
most 1
most 1
most 1
most 1
most 1
most 1
most 1
most 1
most 1
most 1
most 1
most 1
most 1
most 1
most 1
most 1
most 1
most 1
most 1
most 1
most 1
most 1
most 1
most 1
most 1
most 1
most 1
most 1
mourn 1
mouse 1
mouse 1
mouse 1
mouse 1
mouse 1
mouse 1
mouse 1
mouse 1
mouse 1
mouse 1
mouse 1
mouse 1
mouse 1
mouse 1
mouse 1
mouse 1
mouse 1
mouse 1
mouse 1
mouse 1
mouse 1
mouse 1
mouse 1
mouse 1
mouse 1
mouse 1
mouse 1
mouse 1
mouse 1
mouse 1
mouse 1
mouse 1
mouse 1
mouse 1
move 1
move 1
move 1
move 1
move 1
move 1
move 1
move 1
move 1
move 1
move 1
move 1
move 1
move 1
move 1
moved 1
moved 1
moved 1
name 1
name 1
name 1
name 1
name 1
name 1
name 1
name 1
name 1
name 1
name 1
name 1
name 1
name 1
name 1
name 1
name 1
name 1
name 1
name 1
name 1
nearer 1
nearer 1
nearer 1
nearer 1
nearer 1
nearer 1
nearer 1
nearer 1
nearer 1
neglected 1
neigh 1
neighbour 1
neither 1
neither 1
neither 1
neither 1
neither 1
neither 1
neither 1
neither 1
neither 1
neither 1
neither 1
neither 1
nibbling 1
nights 1
nights 1
nights 1
nights 1
nobles 1
nonsense 1
nonsense 1
nothing 1
nothing 1
nothing 1
nothing 1
nothing 1
nothing 1
nothing 1
nothing 1
nothing 1
nothing 1
nothing 1
nothing 1
nothing 1
nothing 1
nothing 1
nothing 1
nothing 1
nothing 1
nothing 1
nothing 1
nothing 1
nothing 1
nothing 1
nothing 1
nothing 1
nothing 1
nothing 1
nothing 1
nothing 1
nothing 1
nothing 1
nothing 1
nothing 1
nothing 1
nothing 1
nothing 1
nothing 1
nothing 1
nothing 1
nothing 1
nothing 1
nothing 1
nothing 1
nothing 1
nothing 1
nothing 1
nothing 1
nothing 1
nothing 1
nothing 1
nothing 1
nothing 1
nothing 1
nothing 1
nothing 1
nothing 1
nothing 1
nothing 1
nothing 1
nothing 1
nothing 1
nothing 1
nothing 1
nothing 1
nothing 1
nothing 1
nothing 1
nothing 1
nothing 1
nothing 1
nothing 1
nothing 1
nothing 1
nothing 1
nothing 1
nothing 1
nothing 1
nothing 1
nothing 1
nothing 1
nothing 1
nothing 1
nothing 1
nothing 1
nothing 1
nothing 1
nothing 1
nothing 1
nothing 1
nothing 1
nothing 1
nothing 1
nothing 1
nothing 1
nothing 1
nothing 1
nothing 1
nothing 1
nothing 1
nothing 1
nothing 1
nothing 1
nothing 1
nothing 1
nothing 1
nothing 1
nothing 1
nothing 1
nothing 1
nothing 1
nothing 1
nothing 1
nothing 1
nothing 1
nothing 1
nothing 1
nothing 1
nothing 1
nothing 1
nothing 1
nothing 1
nothing 1
occurred 1
occurred 1
occurred 1
off 1
off 1
off 1
off 1
off 1
off 1
off 1
off 1
off 1
off 1
off 1
off 1
off 1
off 1
off 1
off 1
off 1
off 1
off 1
off 1
off 1
off 1
off 1
off 1
off 1
off 1
off 1
off 1
off 1
off 1
off 1
off 1
off 1
off 1
off 1
off 1
off 1
off 1
off 1
off 1
off 1
off 1
off 1
off 1
off 1
off 1
off 1
off 1
off 1
off 1
off 1
off 1
off 1
off 1
off 1
off 1
off 1
off 1
off 1
off 1
off 1
off 1
off 1
off 1
off 1
off 1
off 1
off 1
off 1
off 1
off 1
off 1
off 1
off 1
off 1
off 1
off 1
off 1
off 1
off 1
off 1
off 1
off 1
off 1
off 1
off 1
off 1
off 1
off 1
off 1
off 1
off 1
off 1
off 1
off 1
off 1
off 1
off 1
off 1
off 1
off 1
off 1
off 1
off 1
off 1
off 1
off 1
off 1
off 1
off 1
off 1
off 1
off 1
off 1
off 1
off 1
off 1
off 1
off 1
off 1
off 1
off 1
off 1
off 1
off 1
off 1
off 1
off 1
off 1
off 1
off 1
off 1
off 1
off 1
off 1
off 1
off 1
off 1
off 1
off 1
off 1
off 1
off 1
off 1
off 1
off 1
off 1
off 1
off 1
off 1
off 1
off 1
off 1
off 1
off 1
off 1
off 1
off 1
off 1
off 1
off 1
off 1
off 1
off 1
off 1
off 1
off 1
off 1
off 1
off 1
off 1
off 1
off 1
off 1
off 1
off 1
off 1
off 1
off 1
off 1
off 1
off 1
off 1
off 1
off 1
off 1
off 1
off 1
off 1
off 1
off 1
off 1
off 1
off 1
off 1
on 1
on 1
on 1
on 1
on 1
on 1
on 1
on 1
on 1
on 1
on 1
on 1
on 1
on 1
on 1
on 1
on 1
on 1
on 1
on 1
on 1
on 1
on 1
on 1
on 1
on 1
on 1
on 1
on 1
on 1
on 1
on 1
on 1
on 1
on 1
on 1
on 1
on 1
on 1
on 1
on 1
on 1
on 1
on 1
on 1
on 1
on 1
on 1
on 1
on 1
on 1
on 1
on 1
on 1
on 1
on 1
on 1
on 1
on 1
on 1
on 1
on 1
on 1
on 1
on 1
on 1
on 1
on 1
on 1
on 1
on 1
on 1
on 1
on 1
on 1
on 1
on 1
on 1
on 1
on 1
on 1
on 1
on 1
on 1
on 1
on 1
on 1
on 1
on 1
on 1
on 1
on 1
on 1
on 1
on 1
on 1
on 1
on 1
on 1
on 1
on 1
on 1
on 1
on 1
on 1
on 1
on 1
on 1
on 1
on 1
on 1
on 1
on 1
on 1
on 1
on 1
on 1
on 1
on 1
on 1
on 1
on 1
on 1
on 1
on 1
on 1
on 1
on 1
on 1
on 1
on 1
on 1
on 1
on 1
on 1
on 1
on 1
on 1
on 1
on 1
on 1
on 1
on 1
on 1
on 1
on 1
on 1
on 1
on 1
on 1
on 1
on 1
on 1
on 1
on 1
on 1
on 1
on 1
on 1
on 1
on 1
on 1
on 1
on 1
on 1
on 1
on 1
on 1
on 1
on 1
on 1
on 1
on 1
on 1
on 1
on 1
on 1
on 1
on 1
on 1
on 1
on 1
on 1
on 1
on 1
on 1
on 1
on 1
on 1
on 1
on 1
on 1
on 1
on 1
on 1
on 1
on 1
on 1
on 1
on 1
on 1
on 1
on 1
on 1
on 1
on 1
on 1
on 1
on 1
on 1
on 1
on 1
on 1
on 1
on 1
on 1
on 1
on 1
on 1
on 1
on 1
on 1
on 1
on 1
on 1
on 1
on 1
on 1
on 1
on 1
on 1
on 1
on 1
on 1
on 1
on 1
on 1
on 1
on 1
on 1
on 1
on 1
on 1
on 1
on 1
on 1
on 1
on 1
on 1
on 1
on 1
on 1
on 1
on 1
on 1
on 1
on 1
on 1
on 1
on 1
on 1
on 1
on 1
on 1
on 1
on 1
on 1
on 1
on 1
on 1
on 1
on 1
on 1
on 1
on 1
on 1
on 1
on 1
on 1
on 1
on 1
on 1
on 1
on 1
on 1
on 1
on 1
on 1
on 1
on 1
on 1
on 1
on 1
on 1
on 1
on 1
on 1
on 1
on 1
on 1
on 1
on 1
on 1
on 1
on 1
on 1
on 1
on 1
on 1
on 1
on 1
on 1
on 1
on 1
on 1
on 1
on 1
on 1
on 1
on 1
on 1
on 1
on 1
on 1
on 1
on 1
on 1
on 1
on 1
on 1
on 1
on 1
on 1
on 1
on 1
on 1
on 1
on 1
on 1
on 1
on 1
on 1
on 1
on 1
on 1
on 1
on 1
on 1
on 1
on 1
on 1
on 1
on 1
on 1
on 1
on 1
on 1
on 1
on 1
on 1
on 1
on 1
on 1
on 1
on 1
on 1
on 1
on 1
on 1
on 1
on 1
on 1
on 1
on 1
on 1
on 1
on 1
on 1
on 1
on 1
on 1
on 1
on 1
on 1
on 1
on 1
on 1
on 1
on 1
on 1
on 1
on 1
on 1
on 1
on 1
on 1
on 1
on 1
on 1
on 1
on 1
on 1
on 1
on 1
on 1
on 1
on 1
on 1
on 1
on 1
on 1
on 1
on 1
on 1
on 1
on 1
on 1
on 1
on 1
on 1
on 1
on 1
on 1
on 1
on 1
on 1
on 1
on 1
on 1
on 1
on 1
on 1
on 1
on 1
on 1
on 1
on 1
on 1
on 1
on 1
on 1
on 1
on 1
on 1
on 1
on 1
on 1
on 1
on 1
on 1
on 1
on 1
on 1
on 1
on 1
on 1
on 1
on 1
on 1
on 1
on 1
on 1
on 1
on 1
on 1
on 1
on 1
on 1
on 1
on 1
on 1
on 1
on 1
on 1
on 1
on 1
on 1
on 1
on 1
on 1
on 1
on 1
on 1
on 1
on 1
on 1
on 1
on 1
on 1
on 1
on 1
on 1
on 1
on 1
on 1
on 1
on 1
on 1
on 1
on 1
on 1
on 1
on 1
on 1
on 1
on 1
on 1
on 1
on 1
on 1
on 1
on 1
on 1
on 1
on 1
on 1
on 1
on 1
on 1
on 1
on 1
on 1
on 1
on 1
on 1
on 1
on 1
on 1
on 1
on 1
on 1
on 1
on 1
on 1
on 1
on 1
on 1
on 1
on 1
on 1
on 1
on 1
on 1
on 1
on 1
on 1
on 1
on 1
on 1
on 1
on 1
on 1
on 1
on 1
on 1
on 1
on 1
on 1
on 1
on 1
on 1
on 1
on 1
on 1
on 1
on 1
on 1
on 1
on 1
on 1
on 1
on 1
on 1
on 1
on 1
on 1
on 1
on 1
on 1
on 1
on 1
on 1
on 1
on 1
on 1
on 1
on 1
on 1
on 1
on 1
on 1
on 1
on 1
on 1
on 1
on 1
on 1
on 1
on 1
on 1
on 1
on 1
on 1
on 1
on 1
on 1
on 1
on 1
on 1
on 1
on 1
on 1
on 1
on 1
on 1
on 1
on 1
on 1
on 1
on 1
pains 1
pains 1
pains 1
pant 1
pass 1
pass 1
pass 1
pass 1
pass 1
pass 1
pass 1
pass 1
pass 1
pass 1
pass 1
pass 1
pass 1
pass 1
pass 1
pass 1
pass 1
pass 1
pass 1
pass 1
pass 1
pass 1
pass 1
pass 1
pass 1
pears 1
pedlars 1
pedlars 1
peeped 1
peeped 1
peeped 1
peeped 1
peeped 1
peeped 1
people 1
people 1
people 1
people 1
people 1
people 1
people 1
people 1
people 1
people 1
people 1
people 1
people 1
people 1
people 1
people 1
people 1
people 1
people 1
people 1
people 1
people 1
people 1
people 1
people 1
people 1
people 1
people 1
people 1
people 1
people 1
people 1
people 1
people 1
people 1
people 1
people 1
people 1
people 1
people 1
people 1
people 1
people 1
people 1
perhaps 1
perhaps 1
perhaps 1
perhaps 1
perhaps 1
perhaps 1
perhaps 1
perhaps 1
perhaps 1
perhaps 1
perhaps 1
perhaps 1
philology 1
pinched 1
pinched 1
pinched 1
pinched 1
pleasure 1
pleasure 1
pleasure 1
plume 1
posted 1
posted 1
posted 1
posted 1
posted 1
poured 1
poured 1
presence 1
presence 1
presence 1
pretended 1
pretended 1
pretended 1
prettily 1
prettily 1
prince 1
prince 1
prince 1
prince 1
prince 1
prince 1
prince 1
prince 1
prince 1
prince 1
prince 1
prince 1
prince 1
prince 1
prince 1
prince 1
prince 1
prince 1
prince 1
prince 1
prince 1
prince 1
prince 1
prince 1
prince 1
prince 1
prince 1
prince 1
prince 1
prince 1
prince 1
prince 1
prince 1
prince 1
prince 1
prince 1
prince 1
prince 1
prince 1
prince 1
prince 1
prince 1
prince 1
prince 1
prince 1
prince 1
prince 1
prince 1
prince 1
prince 1
prince 1
prince 1
prince 1
prince 1
prince 1
prince 1
prince 1
prince 1
prince 1
prince 1
princess 1
princess 1
princess 1
princess 1
princess 1
princess 1
princess 1
princess 1
princess 1
princess 1
princess 1
princess 1
princess 1
princess 1
princess 1
princess 1
princess 1
princess 1
princess 1
princess 1
princess 1
princess 1
princess 1
princess 1
princess 1
princess 1
princess 1
princess 1
princess 1
princess 1
princess 1
princess 1
princess 1
princess 1
princess 1
princess 1
princess 1
princess 1
princess 1
princess 1
princess 1
princess 1
princess 1
princess 1
princess 1
princess 1
princess 1
princess 1
princess 1
princess 1
princess 1
princess 1
princess 1
princess 1
princess 1
princess 1
princess 1
princess 1
princess 1
princess 1
princess 1
princess 1
princess 1
princess 1
princess 1
princess 1
princess 1
princess 1
princess 1
princess 1
princess 1
princess 1
princess 1
princess 1
princess 1
princess 1
princess 1
princess 1
princess 1
princess 1
princess 1
princess 1
princess 1
princess 1
princess 1
princess 1
princess 1
princess 1
princess 1
princess 1
princess 1
princess 1
princess 1
princess 1
princess 1
princess 1
princess 1
princess 1
princess 1
princess 1
princess 1
principally 1
processing 1
proclaim 1
pudding 1
pudding 1
pursues 1
puss 1
quacking 1
quick 1
quick 1
quick 1
quick 1
quick 1
rack 1
rack 1
rags 1
rags 1
rags 1
ran 1
ran 1
ran 1
ran 1
ran 1
ran 1
ran 1
ran 1
ran 1
ran 1
ran 1
ran 1
ran 1
ran 1
ran 1
ran 1
ran 1
ran 1
ran 1
ran 1
ran 1
ran 1
ran 1
ran 1
ran 1
ran 1
ran 1
ran 1
ran 1
ran 1
ran 1
ran 1
ran 1
ran 1
ran 1
ran 1
ran 1
ran 1
ran 1
ran 1
ran 1
ran 1
ran 1
ran 1
ran 1
ran 1
ran 1
ran 1
ran 1
ran 1
ran 1
ran 1
ran 1
ran 1
ran 1
ran 1
ran 1
ran 1
ran 1
ran 1
ran 1
ran 1
ran 1
ran 1
ran 1
ran 1
ran 1
ran 1
ran 1
ran 1
ran 1
ran 1
ran 1
ran 1
ran 1
ran 1
ran 1
ran 1
ran 1
ran 1
ran 1
ran 1
ran 1
ran 1
ran 1
ran 1
ran 1
ran 1
ran 1
ran 1
ran 1
ran 1
ran 1
ran 1
ran 1
ran 1
ran 1
ran 1
ran 1
ran 1
ran 1
ran 1
ran 1
ran 1
ran 1
ran 1
ran 1
ran 1
ran 1
ran 1
ran 1
ran 1
ran 1
ran 1
ran 1
ran 1
ran 1
ran 1
ran 1
rapping 1
ravaging 1
ravens 1
ravens 1
ravens 1
ravens 1
ravens 1
ravens 1
ravens 1
ravens 1
ravens 1
re 1
re 1
re 1
re 1
reach 1
reach 1
reach 1
reach 1
reach 1
reach 1
reach 1
reach 1
reach 1
reach 1
receive 1
receive 1
receive 1
receive 1
receive 1
reckoned 1
redistributing 1
rejoiced 1
rejoiced 1
rejoiced 1
rejoiced 1
rejoiced 1
rejoiced 1
rejoiced 1
rejoiced 1
remembrance 1
repair 1
repeat 1
repeat 1
replied 1
replied 1
replied 1
replied 1
replied 1
replied 1
replied 1
replied 1
replied 1
replied 1
replied 1
replied 1
replied 1
replied 1
replied 1
replied 1
replied 1
replied 1
replied 1
replied 1
replied 1
replied 1
replied 1
replied 1
replied 1
replied 1
replied 1
replied 1
replied 1
replied 1
replied 1
replied 1
replied 1
replied 1
replied 1
replied 1
replied 1
replied 1
replied 1
replied 1
replied 1
replied 1
replied 1
replied 1
reports 1
request 1
request 1
request 1
request 1
request 1
rested 1
rested 1
rested 1
rested 1
rip 1
roads 1
robbers 1
robbers 1
robbers 1
robbers 1
robbers 1
robbers 1
robbers 1
robbers 1
robbers 1
robbers 1
robbers 1
robbers 1
robbers 1
robbers 1
robbers 1
robes 1
robes 1
rock 1
rock 1
rock 1
rock 1
rock 1
rock 1
rock 1
rock 1
rod 1
rod 1
rogues 1
rogues 1
rosy 1
rosy 1
rosy 1
rosy 1
rowed 1
rub 1
rueful 1
s 1
s 1
s 1
s 1
s 1
s 1
s 1
s 1
s 1
s 1
s 1
s 1
s 1
s 1
s 1
s 1
s 1
s 1
s 1
s 1
s 1
s 1
s 1
s 1
s 1
s 1
s 1
s 1
s 1
s 1
s 1
s 1
s 1
s 1
s 1
s 1
s 1
s 1
s 1
s 1
s 1
s 1
s 1
s 1
s 1
s 1
s 1
s 1
s 1
s 1
s 1
s 1
s 1
s 1
s 1
s 1
s 1
s 1
s 1
s 1
s 1
s 1
s 1
s 1
s 1
s 1
s 1
s 1
s 1
s 1
s 1
s 1
s 1
s 1
s 1
s 1
s 1
s 1
s 1
s 1
s 1
s 1
s 1
s 1
s 1
s 1
s 1
s 1
s 1
s 1
s 1
s 1
s 1
s 1
s 1
s 1
s 1
s 1
s 1
s 1
s 1
s 1
s 1
s 1
s 1
s 1
s 1
s 1
s 1
s 1
s 1
s 1
s 1
s 1
s 1
s 1
s 1
s 1
s 1
s 1
s 1
s 1
s 1
s 1
s 1
s 1
s 1
s 1
s 1
s 1
s 1
s 1
s 1
s 1
s 1
s 1
s 1
s 1
s 1
s 1
s 1
s 1
s 1
s 1
s 1
s 1
s 1
s 1
s 1
s 1
s 1
s 1
s 1
s 1
s 1
s 1
s 1
s 1
s 1
s 1
s 1
s 1
s 1
s 1
s 1
s 1
s 1
s 1
s 1
s 1
s 1
s 1
s 1
s 1
s 1
s 1
s 1
s 1
s 1
s 1
s 1
s 1
s 1
s 1
s 1
s 1
s 1
s 1
s 1
s 1
s 1
s 1
s 1
s 1
s 1
s 1
s 1
s 1
s 1
s 1
s 1
s 1
s 1
s 1
s 1
s 1
s 1
s 1
s 1
s 1
s 1
s 1
s 1
s 1
s 1
s 1
s 1
s 1
s 1
s 1
s 1
s 1
s 1
s 1
s 1
s 1
s 1
s 1
s 1
s 1
s 1
s 1
s 1
s 1
s 1
s 1
s 1
s 1
s 1
s 1
s 1
s 1
s 1
s 1
s 1
s 1
s 1
s 1
s 1
s 1
s 1
s 1
s 1
s 1
s 1
s 1
s 1
s 1
s 1
s 1
s 1
s 1
s 1
s 1
s 1
s 1
s 1
s 1
s 1
s 1
s 1
s 1
s 1
s 1
s 1
s 1
s 1
s 1
s 1
s 1
s 1
s 1
s 1
s 1
s 1
s 1
s 1
s 1
s 1
s 1
s 1
s 1
s 1
s 1
s 1
s 1
s 1
s 1
s 1
s 1
s 1
s 1
s 1
s 1
s 1
s 1
s 1
s 1
s 1
s 1
s 1
s 1
s 1
s 1
s 1
s 1
s 1
s 1
s 1
s 1
s 1
s 1
s 1
s 1
s 1
s 1
s 1
s 1
s 1
s 1
s 1
s 1
s 1
s 1
s 1
s 1
s 1
s 1
s 1
s 1
s 1
s 1
s 1
s 1
s 1
s 1
s 1
s 1
s 1
s 1
s 1
s 1
s 1
s 1
s 1
s 1
s 1
s 1
s 1
s 1
s 1
s 1
s 1
s 1
s 1
s 1
s 1
s 1
s 1
s 1
sacks 1
sacks 1
said 1
said 1
said 1
said 1
said 1
said 1
said 1
said 1
said 1
said 1
said 1
said 1
said 1
said 1
said 1
said 1
said 1
said 1
said 1
said 1
said 1
said 1
said 1
said 1
said 1
said 1
said 1
said 1
said 1
said 1
said 1
said 1
said 1
said 1
said 1
said 1
said 1
said 1
said 1
said 1
said 1
said 1
said 1
said 1
said 1
said 1
said 1
said 1
said 1
said 1
said 1
said 1
said 1
said 1
said 1
said 1
said 1
said 1
said 1
said 1
said 1
said 1
said 1
said 1
said 1
said 1
said 1
said 1
said 1
said 1
said 1
said 1
said 1
said 1
said 1
said 1
said 1
said 1
said 1
said 1
said 1
said 1
said 1
said 1
said 1
said 1
said 1
said 1
said 1
said 1
said 1
said 1
said 1
said 1
said 1
said 1
said 1
said 1
said 1
said 1
said 1
said 1
said 1
said 1
said 1
said 1
said 1
said 1
said 1
said 1
said 1
said 1
said 1
said 1
said 1
said 1
said 1
said 1
said 1
said 1
said 1
said 1
said 1
said 1
said 1
said 1
said 1
said 1
said 1
said 1
said 1
said 1
said 1
said 1
said 1
said 1
said 1
said 1
said 1
said 1
said 1
said 1
said 1
said 1
said 1
said 1
said 1
said 1
said 1
said 1
said 1
said 1
said 1
said 1
said 1
said 1
said 1
said 1
said 1
said 1
said 1
said 1
said 1
said 1
said 1
said 1
said 1
said 1
said 1
said 1
said 1
said 1
said 1
said 1
said 1
said 1
said 1
said 1
said 1
said 1
said 1
said 1
said 1
said 1
said 1
said 1
said 1
said 1
said 1
said 1
said 1
said 1
said 1
said 1
said 1
said 1
said 1
said 1
said 1
said 1
said 1
said 1
said 1
said 1
said 1
said 1
said 1
said 1
said 1
said 1
said 1
said 1
said 1
said 1
said 1
said 1
said 1
said 1
said 1
said 1
said 1
said 1
said 1
said 1
said 1
said 1
said 1
said 1
said 1
said 1
said 1
said 1
said 1
said 1
said 1
said 1
said 1
said 1
said 1
said 1
said 1
said 1
said 1
said 1
said 1
said 1
said 1
said 1
said 1
said 1
said 1
said 1
said 1
said 1
said 1
said 1
said 1
said 1
said 1
said 1
said 1
said 1
said 1
said 1
said 1
said 1
said 1
said 1
said 1
said 1
said 1
said 1
said 1
said 1
said 1
said 1
said 1
said 1
said 1
said 1
said 1
said 1
said 1
said 1
said 1
said 1
said 1
said 1
said 1
said 1
said 1
said 1
said 1
said 1
said 1
said 1
said 1
said 1
said 1
said 1
said 1
said 1
said 1
said 1
said 1
said 1
said 1
said 1
said 1
said 1
said 1
said 1
said 1
said 1
said 1
said 1
said 1
said 1
said 1
said 1
said 1
said 1
said 1
said 1
said 1
said 1
said 1
said 1
said 1
said 1
said 1
said 1
said 1
said 1
said 1
said 1
said 1
said 1
said 1
said 1
said 1
said 1
said 1
said 1
said 1
said 1
said 1
said 1
said 1
said 1
said 1
said 1
said 1
said 1
said 1
said 1
said 1
said 1
said 1
said 1
said 1
said 1
said 1
said 1
said 1
said 1
said 1
said 1
said 1
said 1
said 1
said 1
said 1
said 1
said 1
said 1
said 1
said 1
said 1
said 1
said 1
said 1
said 1
said 1
said 1
said 1
said 1
said 1
said 1
said 1
said 1
said 1
said 1
said 1
said 1
said 1
said 1
said 1
said 1
said 1
said 1
said 1
said 1
said 1
said 1
said 1
said 1
said 1
said 1
said 1
said 1
said 1
said 1
said 1
said 1
said 1
said 1
said 1
said 1
said 1
said 1
said 1
said 1
said 1
said 1
said 1
said 1
said 1
said 1
said 1
said 1
said 1
said 1
said 1
said 1
said 1
said 1
said 1
said 1
said 1
said 1
said 1
said 1
said 1
said 1
said 1
said 1
said 1
said 1
said 1
said 1
said 1
said 1
said 1
said 1
said 1
said 1
said 1
said 1
said 1
said 1
said 1
said 1
said 1
said 1
said 1
said 1
said 1
said 1
said 1
said 1
said 1
said 1
said 1
said 1
said 1
said 1
said 1
said 1
said 1
said 1
said 1
said 1
said 1
said 1
said 1
said 1
said 1
said 1
said 1
said 1
said 1
said 1
said 1
said 1
said 1
said 1
said 1
said 1
said 1
said 1
said 1
said 1
said 1
said 1
said 1
said 1
said 1
said 1
said 1
said 1
said 1
said 1
said 1
said 1
said 1
said 1
said 1
said 1
said 1
said 1
said 1
said 1
said 1
said 1
said 1
said 1
said 1
said 1
said 1
said 1
said 1
said 1
said 1
said 1
said 1
said 1
said 1
said 1
said 1
said 1
said 1
said 1
said 1
said 1
said 1
said 1
said 1
said 1
said 1
said 1
said 1
said 1
said 1
said 1
said 1
said 1
said 1
said 1
said 1
said 1
said 1
said 1
said 1
said 1
said 1
said 1
said 1
said 1
said 1
said 1
said 1
said 1
said 1
said 1
said 1
said 1
said 1
said 1
said 1
said 1
said 1
said 1
said 1
said 1
said 1
said 1
said 1
said 1
said 1
said 1
said 1
said 1
said 1
said 1
said 1
said 1
said 1
said 1
said 1
said 1
said 1
said 1
said 1
said 1
said 1
said 1
said 1
said 1
said 1
said 1
said 1
said 1
said 1
said 1
said 1
said 1
said 1
said 1
said 1
said 1
said 1
said 1
said 1
said 1
said 1
said 1
said 1
said 1
said 1
said 1
said 1
said 1
said 1
said 1
said 1
said 1
said 1
said 1
said 1
said 1
said 1
said 1
said 1
said 1
said 1
said 1
said 1
said 1
said 1
said 1
said 1
said 1
said 1
said 1
said 1
said 1
said 1
said 1
said 1
said 1
said 1
said 1
said 1
said 1
said 1
said 1
said 1
said 1
said 1
said 1
said 1
said 1
said 1
said 1
said 1
said 1
said 1
said 1
said 1
said 1
said 1
said 1
said 1
said 1
said 1
said 1
said 1
said 1
said 1
said 1
said 1
said 1
said 1
said 1
said 1
said 1
said 1
said 1
said 1
said 1
said 1
said 1
said 1
said 1
said 1
said 1
said 1
said 1
said 1
said 1
said 1
said 1
said 1
said 1
said 1
said 1
said 1
said 1
said 1
said 1
said 1
said 1
said 1
said 1
said 1
said 1
said 1
said 1
said 1
said 1
said 1
said 1
said 1
said 1
said 1
said 1
said 1
said 1
said 1
said 1
said 1
said 1
said 1
said 1
said 1
said 1
said 1
said 1
said 1
said 1
said 1
said 1
said 1
said 1
said 1
said 1
said 1
said 1
said 1
said 1
said 1
said 1
said 1
said 1
said 1
said 1
said 1
said 1
said 1
said 1
said 1
said 1
said 1
said 1
said 1
said 1
said 1
said 1
said 1
said 1
said 1
said 1
said 1
said 1
said 1
said 1
said 1
said 1
said 1
said 1
said 1
said 1
said 1
said 1
said 1
said 1
said 1
said 1
said 1
said 1
said 1
said 1
said 1
said 1
said 1
said 1
said 1
said 1
said 1
said 1
said 1
said 1
said 1
said 1
said 1
said 1
said 1
said 1
said 1
said 1
said 1
said 1
said 1
said 1
said 1
said 1
said 1
said 1
said 1
said 1
said 1
said 1
said 1
said 1
said 1
said 1
said 1
said 1
said 1
said 1
said 1
said 1
said 1
said 1
said 1
said 1
said 1
said 1
said 1
said 1
said 1
said 1
said 1
said 1
said 1
said 1
said 1
said 1
said 1
said 1
said 1
said 1
said 1
said 1
said 1
said 1
said 1
said 1
said 1
said 1
said 1
said 1
said 1
said 1
said 1
said 1
said 1
said 1
said 1
said 1
said 1
said 1
said 1
said 1
said 1
said 1
said 1
said 1
said 1
said 1
said 1
said 1
said 1
said 1
said 1
said 1
said 1
said 1
said 1
said 1
said 1
said 1
said 1
said 1
said 1
said 1
said 1
said 1
said 1
said 1
said 1
said 1
said 1
said 1
said 1
said 1
said 1
said 1
said 1
said 1
said 1
said 1
said 1
said 1
said 1
said 1
said 1
said 1
said 1
said 1
said 1
said 1
said 1
said 1
said 1
said 1
said 1
said 1
said 1
said 1
said 1
said 1
said 1
said 1
said 1
said 1
said 1
said 1
said 1
said 1
said 1
said 1
said 1
said 1
said 1
said 1
said 1
said 1
said 1
said 1
said 1
said 1
said 1
said 1
said 1
said 1
said 1
said 1
said 1
said 1
said 1
said 1
said 1
said 1
said 1
said 1
said 1
said 1
said 1
said 1
said 1
said 1
said 1
said 1
said 1
said 1
said 1
said 1
said 1
said 1
said 1
said 1
said 1
said 1
said 1
said 1
said 1
said 1
said 1
said 1
said 1
said 1
said 1
said 1
said 1
said 1
said 1
said 1
said 1
said 1
said 1
said 1
said 1
said 1
said 1
said 1
said 1
said 1
said 1
said 1
said 1
said 1
said 1
said 1
said 1
said 1
said 1
said 1
said 1
said 1
said 1
said 1
said 1
said 1
said 1
said 1
said 1
said 1
said 1
said 1
said 1
said 1
said 1
said 1
said 1
said 1
said 1
said 1
said 1
said 1
said 1
said 1
said 1
said 1
said 1
said 1
said 1
said 1
said 1
said 1
said 1
said 1
said 1
said 1
said 1
said 1
said 1
said 1
said 1
said 1
said 1
said 1
said 1
said 1
said 1
said 1
said 1
said 1
said 1
said 1
said 1
said 1
said 1
said 1
said 1
said 1
said 1
said 1
said 1
said 1
said 1
said 1
said 1
said 1
said 1
said 1
said 1
said 1
said 1
said 1
said 1
said 1
said 1
said 1
said 1
said 1
said 1
said 1
said 1
said 1
said 1
said 1
said 1
said 1
said 1
said 1
said 1
said 1
said 1
said 1
said 1
said 1
said 1
said 1
said 1
said 1
said 1
said 1
said 1
said 1
said 1
said 1
said 1
said 1
said 1
said 1
said 1
said 1
said 1
said 1
said 1
said 1
said 1
said 1
said 1
said 1
said 1
said 1
said 1
said 1
said 1
said 1
said 1
said 1
said 1
said 1
said 1
sang 1
sang 1
sang 1
sang 1
sang 1
sang 1
sang 1
sang 1
sang 1
sang 1
sang 1
sang 1
sang 1
sang 1
sang 1
sashes 1
satisfy 1
save 1
save 1
save 1
save 1
save 1
save 1
save 1
save 1
save 1
save 1
save 1
save 1
save 1
save 1
save 1
saw 1
saw 1
saw 1
saw 1
saw 1
saw 1
saw 1
saw 1
saw 1
saw 1
saw 1
saw 1
saw 1
saw 1
saw 1
saw 1
saw 1
saw 1
saw 1
saw 1
saw 1
saw 1
saw 1
saw 1
saw 1
saw 1
saw 1
saw 1
saw 1
saw 1
saw 1
saw 1
saw 1
saw 1
saw 1
saw 1
saw 1
saw 1
saw 1
saw 1
saw 1
saw 1
saw 1
saw 1
saw 1
saw 1
saw 1
saw 1
saw 1
saw 1
saw 1
saw 1
saw 1
saw 1
saw 1
saw 1
saw 1
saw 1
saw 1
saw 1
saw 1
saw 1
saw 1
saw 1
saw 1
saw 1
saw 1
saw 1
saw 1
saw 1
saw 1
saw 1
saw 1
saw 1
saw 1
saw 1
saw 1
saw 1
saw 1
saw 1
saw 1
saw 1
saw 1
saw 1
saw 1
saw 1
saw 1
saw 1
saw 1
saw 1
saw 1
saw 1
saw 1
saw 1
saw 1
saw 1
saw 1
saw 1
saw 1
saw 1
saw 1
saw 1
saw 1
saw 1
saw 1
saw 1
saw 1
saw 1
saw 1
saw 1
saw 1
saw 1
saw 1
saw 1
saw 1
saw 1
saw 1
saw 1
saw 1
saw 1
saw 1
saw 1
saw 1
saw 1
saw 1
saw 1
saw 1
saw 1
saw 1
saw 1
saw 1
saw 1
saw 1
saw 1
saw 1
saw 1
saw 1
saw 1
saw 1
saw 1
saw 1
saw 1
saw 1
saw 1
saw 1
saw 1
saw 1
saw 1
saw 1
saw 1
saw 1
saw 1
saw 1
saw 1
saw 1
saw 1
saw 1
saw 1
saw 1
saw 1
saw 1
saw 1
saw 1
saw 1
saw 1
saw 1
saw 1
saw 1
saw 1
saw 1
saw 1
saw 1
saw 1
saw 1
saw 1
saw 1
saw 1
saw 1
saw 1
saw 1
saw 1
saw 1
saw 1
secretly 1
secretly 1
secretly 1
seed 1
seed 1
seed 1
seed 1
seemed 1
seemed 1
seemed 1
seemed 1
seemed 1
seemed 1
seemed 1
seemed 1
seemed 1
seemed 1
seemed 1
seemed 1
seemed 1
seemed 1
seemed 1
seemed 1
seemed 1
seemed 1
seemed 1
seemed 1
seemed 1
seemed 1
seemed 1
seemed 1
seen 1
seen 1
seen 1
seen 1
seen 1
seen 1
seen 1
seen 1
seen 1
seen 1
seen 1
seen 1
seen 1
seen 1
seen 1
seen 1
seen 1
seen 1
seen 1
seen 1
seen 1
seen 1
seen 1
seen 1
seen 1
seen 1
seen 1
seen 1
seen 1
seen 1
seen 1
seen 1
seen 1
seen 1
seen 1
seen 1
seen 1
seen 1
seen 1
seen 1
seen 1
seen 1
seen 1
seen 1
seen 1
seizing 1
senseless 1
senseless 1
senseless 1
sensibly 1
separated 1
sexton 1
sexton 1
sexton 1
sexton 1
sexton 1
sexton 1
sexton 1
sexton 1
sexton 1
sexton 1
shade 1
shade 1
shade 1
shade 1
shade 1
shade 1
shape 1
shape 1
shape 1
shape 1
shared 1
shared 1
shared 1
shepherd 1
shepherd 1
shepherd 1
shepherd 1
shepherd 1
shepherd 1
shepherd 1
shepherd 1
shepherd 1
shepherd 1
shepherd 1
shepherd 1
shepherd 1
shepherd 1
shepherd 1
shepherd 1
shepherd 1
shepherd 1
shepherd 1
shepherd 1
shepherd 1
shepherd 1
shepherd 1
shepherd 1
shepherd 1
shepherd 1
shepherd 1
shepherd 1
ships 1
ships 1
shone 1
shone 1
shone 1
shone 1
shone 1
shone 1
shone 1
shone 1
shone 1
shone 1
shone 1
shore 1
shore 1
shore 1
shore 1
shore 1
shore 1
shore 1
shore 1
shore 1
shore 1
shore 1
shore 1
shout 1
shrubs 1
sickness 1
sickness 1
sighing 1
sighing 1
sighing 1
simples 1
sisters 1
sisters 1
sisters 1
sisters 1
sisters 1
sisters 1
sisters 1
sisters 1
sisters 1
sisters 1
size 1
size 1
size 1
size 1
skip 1
skipping 1
slave 1
sleepers 1
sleepers 1
small 1
small 1
small 1
small 1
small 1
small 1
small 1
small 1
small 1
small 1
small 1
small 1
small 1
small 1
small 1
small 1
small 1
small 1
small 1
small 1
small 1
small 1
small 1
small 1
small 1
small 1
small 1
small 1
small 1
small 1
smiling 1
snail 1
snail 1
snored 1
snored 1
snored 1
snowing 1
softly 1
softly 1
softly 1
softly 1
softly 1
softly 1
softly 1
softly 1
softly 1
solicit 1
solicit 1
solid 1
soot 1
soot 1
soot 1
soot 1
sorry 1
sorry 1
sorry 1
sorry 1
sorry 1
sorry 1
sorry 1
sorry 1
sorry 1
sorry 1
sound 1
sound 1
sound 1
sound 1
sound 1
sound 1
sound 1
sound 1
sound 1
sound 1
sound 1
sound 1
sound 1
sound 1
special 1
spectacles 1
spite 1
spite 1
spite 1
spoilt 1
spoon 1
spoon 1
spots 1
sprawl 1
spring 1
spring 1
spring 1
spring 1
spring 1
spring 1
spring 1
spring 1
spring 1
spring 1
spring 1
spring 1
spring 1
spring 1
spring 1
spring 1
spring 1
squared 1
stars 1
stars 1
stars 1
stars 1
stars 1
stars 1
stars 1
stars 1
stars 1
stars 1
stars 1
steep 1
stillness 1
stipulated 1
stitches 1
stitches 1
stomach 1
stomach 1
stomach 1
stomach 1
stomach 1
stomach 1
stomach 1
stomach 1
stomach 1
stomach 1
stomach 1
storm 1
storm 1
storm 1
storm 1
storm 1
storm 1
stout 1
stove 1
stove 1
stove 1
stove 1
stove 1
stove 1
stretch 1
stretch 1
stretch 1
stretch 1
strew 1
strikes 1
strikes 1
summon 1
sure 1
sure 1
sure 1
sure 1
sure 1
sure 1
sure 1
sure 1
sure 1
sure 1
sure 1
sure 1
sure 1
sure 1
sure 1
sure 1
sure 1
sure 1
sure 1
sure 1
sure 1
sure 1
sure 1
sure 1
sure 1
sure 1
sure 1
sure 1
sweetly 1
swimming 1
swimming 1
swimming 1
swimming 1
swimming 1
swimming 1
swimming 1
swimming 1
sword 1
sword 1
sword 1
sword 1
sword 1
sword 1
sword 1
sword 1
sword 1
sword 1
sword 1
sword 1
tailor 1
tailor 1
tailor 1
tailor 1
tailor 1
tailor 1
tailor 1
tailor 1
tailor 1
tailor 1
tailor 1
tailor 1
tailor 1
tailor 1
tailor 1
tailor 1
tailor 1
tailor 1
tailor 1
tailor 1
tailor 1
tailor 1
tailor 1
tailor 1
tailor 1
tailor 1
tailor 1
tailor 1
tailor 1
tailor 1
tailor 1
tailor 1
tailor 1
tailor 1
tailor 1
tailor 1
tailor 1
tailor 1
tailor 1
tailor 1
tailor 1
tailor 1
tailor 1
tailor 1
tailor 1
tailor 1
tailor 1
tailor 1
tailor 1
tailor 1
tailor 1
tailor 1
tailor 1
tailor 1
tailor 1
tailor 1
tailor 1
tailor 1
tailor 1
tailor 1
tailor 1
tailor 1
tailor 1
tailor 1
tailor 1
tailor 1
tailor 1
tales 1
tales 1
tales 1
tales 1
talked 1
tall 1
tall 1
tall 1
tall 1
tan 1
tan 1
tan 1
tan 1
tan 1
tapping 1
tapping 1
terrible 1
terrible 1
terrible 1
terribly 1
terribly 1
terribly 1
terribly 1
terribly 1
terribly 1
that 1
that 1
that 1
that 1
that 1
that 1
that 1
that 1
that 1
that 1
that 1
that 1
that 1
that 1
that 1
that 1
that 1
that 1
that 1
that 1
that 1
that 1
that 1
that 1
that 1
that 1
that 1
that 1
that 1
that 1
that 1
that 1
that 1
that 1
that 1
that 1
that 1
that 1
that 1
that 1
that 1
that 1
that 1
that 1
that 1
that 1
that 1
that 1
that 1
that 1
that 1
that 1
that 1
that 1
that 1
that 1
that 1
that 1
that 1
that 1
that 1
that 1
that 1
that 1
that 1
that 1
that 1
that 1
that 1
that 1
that 1
that 1
that 1
that 1
that 1
that 1
that 1
that 1
that 1
that 1
that 1
that 1
that 1
that 1
that 1
that 1
that 1
that 1
that 1
that 1
that 1
that 1
that 1
that 1
that 1
that 1
that 1
that 1
that 1
that 1
that 1
that 1
that 1
that 1
that 1
that 1
that 1
that 1
that 1
that 1
that 1
that 1
that 1
that 1
that 1
that 1
that 1
that 1
that 1
that 1
that 1
that 1
that 1
that 1
that 1
that 1
that 1
that 1
that 1
that 1
that 1
that 1
that 1
that 1
that 1
that 1
that 1
that 1
that 1
that 1
that 1
that 1
that 1
that 1
that 1
that 1
that 1
that 1
that 1
that 1
that 1
that 1
that 1
that 1
that 1
that 1
that 1
that 1
that 1
that 1
that 1
that 1
that 1
that 1
that 1
that 1
that 1
that 1
that 1
that 1
that 1
that 1
that 1
that 1
that 1
that 1
that 1
that 1
that 1
that 1
that 1
that 1
that 1
that 1
that 1
that 1
that 1
that 1
that 1
that 1
that 1
that 1
that 1
that 1
that 1
that 1
that 1
that 1
that 1
that 1
that 1
that 1
that 1
that 1
that 1
that 1
that 1
that 1
that 1
that 1
that 1
that 1
that 1
that 1
that 1
that 1
that 1
that 1
that 1
that 1
that 1
that 1
that 1
that 1
that 1
that 1
that 1
that 1
that 1
that 1
that 1
that 1
that 1
that 1
that 1
that 1
that 1
that 1
that 1
that 1
that 1
that 1
that 1
that 1
that 1
that 1
that 1
that 1
that 1
that 1
that 1
that 1
that 1
that 1
that 1
that 1
that 1
that 1
that 1
that 1
that 1
that 1
that 1
that 1
that 1
that 1
that 1
that 1
that 1
that 1
that 1
that 1
that 1
that 1
that 1
that 1
that 1
that 1
that 1
that 1
that 1
that 1
that 1
that 1
that 1
that 1
that 1
that 1
that 1
that 1
that 1
that 1
that 1
that 1
that 1
that 1
that 1
that 1
that 1
that 1
that 1
that 1
that 1
that 1
that 1
that 1
that 1
that 1
that 1
that 1
that 1
that 1
that 1
that 1
that 1
that 1
that 1
that 1
that 1
that 1
that 1
that 1
that 1
that 1
that 1
that 1
that 1
that 1
that 1
that 1
that 1
that 1
that 1
that 1
that 1
that 1
that 1
that 1
that 1
that 1
that 1
that 1
that 1
that 1
that 1
that 1
that 1
that 1
that 1
that 1
that 1
that 1
that 1
that 1
that 1
that 1
that 1
that 1
that 1
that 1
that 1
that 1
that 1
that 1
that 1
that 1
that 1
that 1
that 1
that 1
that 1
that 1
that 1
that 1
that 1
that 1
that 1
that 1
that 1
that 1
that 1
that 1
that 1
that 1
that 1
that 1
that 1
that 1
that 1
that 1
that 1
that 1
that 1
that 1
that 1
that 1
that 1
that 1
that 1
that 1
that 1
that 1
that 1
that 1
that 1
that 1
that 1
that 1
that 1
that 1
that 1
that 1
that 1
that 1
that 1
that 1
that 1
that 1
that 1
that 1
that 1
that 1
that 1
that 1
that 1
that 1
that 1
that 1
that 1
that 1
that 1
that 1
that 1
that 1
that 1
that 1
that 1
that 1
that 1
that 1
that 1
that 1
that 1
that 1
that 1
that 1
that 1
that 1
that 1
that 1
that 1
that 1
that 1
that 1
that 1
that 1
that 1
that 1
that 1
that 1
that 1
that 1
that 1
that 1
that 1
that 1
that 1
that 1
that 1
that 1
that 1
that 1
that 1
that 1
that 1
that 1
that 1
that 1
that 1
that 1
that 1
that 1
that 1
that 1
that 1
that 1
that 1
that 1
that 1
that 1
that 1
that 1
that 1
that 1
that 1
that 1
that 1
that 1
that 1
that 1
that 1
that 1
that 1
that 1
that 1
that 1
that 1
that 1
that 1
that 1
that 1
that 1
that 1
that 1
that 1
that 1
that 1
that 1
that 1
that 1
that 1
that 1
that 1
that 1
that 1
that 1
that 1
that 1
that 1
that 1
that 1
that 1
that 1
that 1
that 1
that 1
that 1
that 1
that 1
that 1
that 1
that 1
that 1
that 1
that 1
that 1
that 1
that 1
that 1
that 1
that 1
that 1
that 1
that 1
that 1
that 1
that 1
that 1
that 1
that 1
that 1
that 1
that 1
that 1
that 1
that 1
that 1
that 1
that 1
that 1
that 1
that 1
that 1
that 1
that 1
that 1
that 1
that 1
that 1
that 1
that 1
that 1
that 1
that 1
that 1
that 1
that 1
that 1
that 1
that 1
that 1
that 1
that 1
that 1
that 1
that 1
that 1
that 1
that 1
that 1
that 1
that 1
that 1
that 1
that 1
that 1
that 1
that 1
that 1
that 1
that 1
that 1
that 1
that 1
that 1
that 1
that 1
that 1
that 1
that 1
that 1
that 1
that 1
that 1
that 1
that 1
that 1
that 1
that 1
that 1
that 1
that 1
that 1
that 1
that 1
that 1
that 1
that 1
that 1
that 1
that 1
that 1
that 1
that 1
that 1
that 1
that 1
that 1
that 1
that 1
that 1
that 1
that 1
that 1
that 1
that 1
that 1
that 1
that 1
that 1
that 1
that 1
that 1
that 1
that 1
that 1
that 1
that 1
that 1
that 1
that 1
that 1
that 1
that 1
that 1
that 1
that 1
that 1
that 1
that 1
that 1
that 1
that 1
that 1
that 1
that 1
that 1
that 1
that 1
that 1
that 1
that 1
that 1
that 1
that 1
that 1
that 1
that 1
that 1
that 1
that 1
that 1
that 1
that 1
that 1
that 1
that 1
that 1
that 1
that 1
that 1
that 1
that 1
that 1
that 1
that 1
that 1
that 1
that 1
that 1
that 1
that 1
that 1
that 1
that 1
that 1
that 1
that 1
that 1
that 1
that 1
that 1
that 1
that 1
that 1
that 1
that 1
that 1
that 1
that 1
that 1
that 1
that 1
that 1
that 1
that 1
that 1
that 1
that 1
that 1
that 1
that 1
that 1
that 1
that 1
that 1
that 1
that 1
that 1
that 1
that 1
that 1
that 1
that 1
that 1
that 1
that 1
that 1
that 1
that 1
that 1
that 1
that 1
that 1
that 1
that 1
that 1
that 1
that 1
that 1
that 1
that 1
that 1
that 1
that 1
that 1
that 1
that 1
that 1
that 1
that 1
that 1
that 1
that 1
that 1
that 1
that 1
that 1
that 1
that 1
that 1
that 1
that 1
that 1
that 1
that 1
that 1
that 1
that 1
that 1
that 1
that 1
that 1
that 1
that 1
that 1
that 1
that 1
that 1
that 1
that 1
that 1
that 1
that 1
that 1
that 1
that 1
that 1
that 1
that 1
that 1
that 1
that 1
that 1
that 1
that 1
that 1
that 1
that 1
that 1
that 1
that 1
that 1
that 1
that 1
that 1
that 1
that 1
that 1
that 1
that 1
that 1
that 1
that 1
that 1
that 1
that 1
that 1
that 1
that 1
that 1
that 1
that 1
that 1
that 1
that 1
that 1
that 1
that 1
that 1
that 1
that 1
that 1
that 1
that 1
that 1
that 1
that 1
that 1
that 1
that 1
that 1
that 1
that 1
that 1
that 1
that 1
that 1
that 1
that 1
that 1
that 1
that 1
that 1
that 1
that 1
that 1
that 1
that 1
that 1
that 1
that 1
that 1
that 1
that 1
that 1
that 1
that 1
that 1
that 1
that 1
that 1
that 1
that 1
that 1
that 1
that 1
that 1
that 1
that 1
that 1
that 1
that 1
that 1
that 1
that 1
that 1
that 1
that 1
that 1
that 1
that 1
that 1
that 1
that 1
that 1
that 1
that 1
that 1
that 1
that 1
that 1
that 1
that 1
that 1
that 1
that 1
that 1
that 1
that 1
that 1
that 1
that 1
that 1
that 1
that 1
that 1
that 1
that 1
that 1
that 1
that 1
that 1
that 1
that 1
that 1
that 1
that 1
that 1
that 1
that 1
that 1
that 1
that 1
that 1
that 1
that 1
that 1
that 1
that 1
that 1
that 1
that 1
that 1
that 1
that 1
that 1
that 1
that 1
that 1
that 1
that 1
that 1
that 1
that 1
that 1
that 1
that 1
that 1
that 1
that 1
that 1
that 1
that 1
that 1
that 1
that 1
that 1
that 1
that 1
that 1
that 1
that 1
that 1
that 1
that 1
that 1
that 1
that 1
that 1
that 1
that 1
that 1
that 1
that 1
that 1
that 1
that 1
that 1
that 1
that 1
that 1
that 1
that 1
that 1
that 1
that 1
that 1
that 1
that 1
that 1
that 1
that 1
that 1
that 1
that 1
that 1
that 1
that 1
that 1
that 1
that 1
that 1
that 1
that 1
that 1
that 1
that 1
that 1
that 1
that 1
that 1
that 1
that 1
that 1
that 1
that 1
that 1
that 1
that 1
that 1
that 1
that 1
that 1
that 1
that 1
that 1
that 1
that 1
that 1
that 1
that 1
that 1
that 1
that 1
that 1
that 1
that 1
that 1
that 1
that 1
that 1
that 1
that 1
that 1
that 1
that 1
that 1
that 1
that 1
that 1
that 1
that 1
that 1
that 1
that 1
that 1
that 1
that 1
that 1
that 1
that 1
that 1
that 1
that 1
that 1
these 1
these 1
these 1
these 1
these 1
these 1
these 1
these 1
these 1
these 1
these 1
these 1
these 1
these 1
these 1
these 1
these 1
these 1
these 1
these 1
these 1
these 1
these 1
these 1
these 1
these 1
these 1
these 1
these 1
these 1
these 1
these 1
these 1
these 1
these 1
these 1
these 1
these 1
these 1
these 1
thick 1
thick 1
thick 1
thickest 1
third 1
third 1
third 1
third 1
third 1
third 1
third 1
third 1
third 1
third 1
third 1
third 1
third 1
third 1
third 1
third 1
third 1
third 1
third 1
third 1
third 1
third 1
third 1
third 1
third 1
third 1
third 1
third 1
third 1
third 1
third 1
third 1
third 1
third 1
third 1
third 1
third 1
third 1
third 1
third 1
third 1
third 1
third 1
third 1
third 1
third 1
third 1
third 1
third 1
third 1
thirsty 1
thirsty 1
thirsty 1
thirsty 1
thirsty 1
thirsty 1
thirsty 1
thirsty 1
thirsty 1
thirsty 1
thirsty 1
thirsty 1
thirsty 1
thirteenth 1
thought 1
thought 1
thought 1
thought 1
thought 1
thought 1
thought 1
thought 1
thought 1
thought 1
thought 1
thought 1
thought 1
thought 1
thought 1
thought 1
thought 1
thought 1
thought 1
thought 1
thought 1
thought 1
thought 1
thought 1
thought 1
thought 1
thought 1
thought 1
thought 1
thought 1
thought 1
thought 1
thought 1
thought 1
thought 1
thought 1
thought 1
thought 1
thought 1
thought 1
thought 1
thought 1
thought 1
thought 1
thought 1
thought 1
thought 1
thought 1
thought 1
thought 1
thought 1
thought 1
thought 1
thought 1
thought 1
thought 1
thought 1
thought 1
thought 1
thought 1
thought 1
thought 1
thought 1
thought 1
thought 1
thought 1
thought 1
thought 1
thought 1
thought 1
thought 1
thought 1
thought 1
thought 1
thought 1
thought 1
thought 1
thought 1
thought 1
thought 1
thought 1
thought 1
thought 1
thought 1
thought 1
thought 1
thought 1
thought 1
thought 1
thought 1
thought 1
thought 1
thought 1
thought 1
thought 1
thought 1
thought 1
thought 1
thought 1
thought 1
thought 1
thought 1
thought 1
thought 1
thought 1
thought 1
thought 1
thought 1
thought 1
thought 1
thought 1
thought 1
thought 1
thought 1
thought 1
thought 1
thought 1
thought 1
thought 1
thought 1
thought 1
thought 1
thought 1
thought 1
thought 1
thought 1
thought 1
thought 1
thought 1
thought 1
thought 1
thought 1
thought 1
thought 1
thought 1
thought 1
thought 1
thought 1
thought 1
thought 1
thought 1
thought 1
thought 1
thought 1
thought 1
thought 1
thought 1
thought 1
thought 1
thought 1
thought 1
thought 1
thought 1
thought 1
thought 1
thought 1
thought 1
thought 1
thought 1
thought 1
thought 1
thought 1
thought 1
thought 1
thought 1
thought 1
thoughtfully 1
thousands 1
thousands 1
thousands 1
thousands 1
threepence 1
threepence 1
thrice 1
thy 1
thy 1
thy 1
thy 1
thy 1
thy 1
thy 1
thy 1
thy 1
thy 1
thy 1
thy 1
thy 1
thy 1
thy 1
thy 1
thy 1
thy 1
thy 1
thy 1
thy 1
thy 1
thy 1
thy 1
thy 1
thy 1
thy 1
thy 1
thy 1
ties 1
ties 1
ties 1
till 1
till 1
till 1
till 1
till 1
till 1
till 1
till 1
till 1
till 1
till 1
till 1
till 1
till 1
till 1
till 1
till 1
till 1
till 1
till 1
till 1
till 1
till 1
till 1
till 1
till 1
till 1
till 1
till 1
till 1
till 1
till 1
till 1
till 1
till 1
till 1
till 1
till 1
till 1
till 1
till 1
till 1
till 1
till 1
till 1
till 1
till 1
till 1
till 1
till 1
till 1
till 1
till 1
till 1
till 1
till 1
till 1
till 1
till 1
till 1
till 1
till 1
till 1
till 1
till 1
till 1
till 1
till 1
till 1
till 1
till 1
till 1
till 1
till 1
till 1
till 1
till 1
till 1
till 1
till 1
till 1
till 1
till 1
till 1
till 1
till 1
till 1
till 1
till 1
till 1
till 1
till 1
till 1
till 1
till 1
till 1
till 1
till 1
till 1
till 1
till 1
till 1
till 1
till 1
till 1
till 1
till 1
till 1
till 1
till 1
till 1
till 1
till 1
till 1
till 1
till 1
till 1
till 1
till 1
till 1
till 1
toadstool 1
tomorrow 1
tomorrow 1
tomorrow 1
tomorrow 1
tomorrow 1
tomorrow 1
tomorrow 1
tomorrow 1
tomorrow 1
tomorrow 1
tomorrow 1
tomorrow 1
tomorrow 1
tonight 1
tonight 1
tonight 1
took 1
took 1
took 1
took 1
took 1
took 1
took 1
took 1
took 1
took 1
took 1
took 1
took 1
took 1
took 1
took 1
took 1
took 1
took 1
took 1
took 1
took 1
took 1
took 1
took 1
took 1
took 1
took 1
took 1
took 1
took 1
took 1
took 1
took 1
took 1
took 1
took 1
took 1
took 1
took 1
took 1
took 1
took 1
took 1
took 1
took 1
took 1
took 1
took 1
took 1
took 1
took 1
took 1
took 1
took 1
took 1
took 1
took 1
took 1
took 1
took 1
took 1
took 1
took 1
took 1
took 1
took 1
took 1
took 1
took 1
took 1
took 1
took 1
took 1
took 1
took 1
took 1
took 1
took 1
took 1
took 1
took 1
took 1
took 1
took 1
took 1
took 1
took 1
took 1
took 1
took 1
took 1
took 1
took 1
took 1
took 1
took 1
took 1
took 1
took 1
took 1
took 1
took 1
took 1
took 1
took 1
took 1
took 1
took 1
took 1
took 1
took 1
took 1
took 1
took 1
took 1
took 1
took 1
took 1
took 1
took 1
took 1
took 1
took 1
took 1
took 1
took 1
took 1
took 1
took 1
took 1
took 1
took 1
took 1
took 1
took 1
took 1
took 1
took 1
took 1
took 1
took 1
took 1
took 1
took 1
took 1
took 1
took 1
took 1
took 1
took 1
took 1
took 1
took 1
took 1
took 1
took 1
took 1
took 1
took 1
took 1
took 1
took 1
took 1
took 1
took 1
took 1
took 1
took 1
took 1
took 1
took 1
took 1
took 1
took 1
took 1
took 1
took 1
took 1
took 1
took 1
took 1
took 1
took 1
took 1
took 1
took 1
took 1
took 1
took 1
took 1
took 1
took 1
took 1
took 1
took 1
took 1
took 1
took 1
took 1
took 1
took 1
took 1
took 1
took 1
took 1
took 1
took 1
took 1
took 1
took 1
took 1
took 1
took 1
took 1
took 1
took 1
took 1
took 1
took 1
took 1
took 1
took 1
took 1
took 1
took 1
took 1
took 1
took 1
took 1
took 1
took 1
took 1
took 1
took 1
took 1
took 1
took 1
took 1
took 1
took 1
took 1
took 1
took 1
tower 1
tower 1
tower 1
tower 1
tower 1
tower 1
tower 1
tower 1
tower 1
tower 1
tower 1
tower 1
tower 1
tower 1
tower 1
tower 1
tower 1
tower 1
tower 1
tower 1
tower 1
trample 1
trance 1
travels 1
treasure 1
treasure 1
treasure 1
treasure 1
treasure 1
tremble 1
trough 1
trough 1
trough 1
trough 1
trough 1
turn 1
turn 1
turn 1
turn 1
turn 1
turn 1
turn 1
turn 1
turn 1
turn 1
turn 1
turn 1
turn 1
turn 1
turn 1
turn 1
turn 1
turn 1
turn 1
turn 1
turn 1
turn 1
turn 1
turn 1
turn 1
tying 1
ugly 1
ugly 1
ugly 1
ugly 1
ugly 1
ugly 1
ugly 1
ugly 1
ugly 1
unable 1
unable 1
unable 1
unable 1
unable 1
unable 1
unable 1
unable 1
unable 1
uncle 1
underground 1
undressed 1
uneasy 1
uneasy 1
uneasy 1
uneasy 1
uneasy 1
uneasy 1
uneasy 1
uneasy 1
uneasy 1
uneasy 1
uneasy 1
unhappy 1
unhappy 1
unhappy 1
unhappy 1
unlink 1
unlucky 1
unlucky 1
unlucky 1
upset 1
upset 1
vagabonds 1
vagabonds 1
vagabonds 1
valiant 1
valour 1
various 1
villages 1
volunteers 1
volunteers 1
volunteers 1
volunteers 1
volunteers 1
voyage 1
voyage 1
wakened 1
wakened 1
wants 1
wants 1
wants 1
wants 1
wants 1
wants 1
wants 1
wants 1
wants 1
wants 1
wants 1
wants 1
wants 1
wants 1
wants 1
wants 1
warm 1
warm 1
warm 1
warm 1
warm 1
warm 1
warm 1
warm 1
warm 1
warm 1
warm 1
warm 1
warm 1
warm 1
warm 1
warming 1
warned 1
warned 1
warriors 1
wheresoever 1
whilst 1
whilst 1
whilst 1
whilst 1
whilst 1
whilst 1
whole 1
whole 1
whole 1
whole 1
whole 1
whole 1
whole 1
whole 1
whole 1
whole 1
whole 1
whole 1
whole 1
whole 1
whole 1
whole 1
whole 1
whole 1
whole 1
whole 1
whole 1
whole 1
whole 1
whole 1
whole 1
whole 1
whole 1
whole 1
whole 1
whole 1
whole 1
whole 1
whole 1
whole 1
whole 1
whole 1
whole 1
whole 1
whole 1
whole 1
whole 1
whole 1
whole 1
whole 1
whole 1
whole 1
whole 1
whole 1
whole 1
whole 1
wine 1
wine 1
wine 1
wine 1
wine 1
wine 1
wine 1
wine 1
wine 1
wine 1
wine 1
wine 1
wine 1
wine 1
wine 1
wine 1
wine 1
wine 1
wine 1
wine 1
wine 1
wine 1
wine 1
wine 1
wine 1
wine 1
wine 1
wine 1
wine 1
wine 1
wine 1
wine 1
wine 1
wine 1
wine 1
wine 1
wine 1
wine 1
wine 1
wine 1
wine 1
wine 1
wisest 1
wishing 1
wishing 1
wishing 1
wishing 1
wishing 1
wishing 1
wishing 1
wishing 1
wishing 1
work 1
work 1
work 1
work 1
work 1
work 1
work 1
work 1
work 1
work 1
work 1
work 1
work 1
work 1
work 1
work 1
work 1
work 1
work 1
work 1
work 1
work 1
work 1
work 1
work 1
work 1
work 1
work 1
work 1
work 1
work 1
work 1
work 1
work 1
work 1
work 1
work 1
work 1
work 1
work 1
work 1
work 1
work 1
work 1
work 1
work 1
work 1
work 1
work 1
work 1
work 1
work 1
work 1
work 1
work 1
work 1
work 1
work 1
work 1
work 1
work 1
work 1
work 1
work 1
work 1
work 1
work 1
work 1
work 1
work 1
work 1
work 1
work 1
work 1
work 1
work 1
work 1
work 1
work 1
work 1
work 1
work 1
work 1
work 1
work 1
work 1
work 1
work 1
work 1
work 1
work 1
work 1
work 1
work 1
work 1
work 1
work 1
work 1
work 1
work 1
work 1
work 1
work 1
work 1
work 1
work 1
work 1
work 1
work 1
work 1
working 1
working 1
working 1
working 1
workmanship 1
workmen 1
worthy 1
worthy 1
wrapped 1
wrapped 1
wrapped 1
wrapped 1
wreath 1
wreath 1
wreath 1
wrens 1
wrens 1
wrens 1
wrens 1
wretchedly 1
wretchedly 1
wrong 1
wrong 1
wrong 1
yelled 1
yes 1
yes 1
yes 1
yes 1
yes 1
yes 1
yes 1
yes 1
yes 1
yes 1
yes 1
