ANYTHING 1
According 1
After 1
After 1
After 1
After 1
After 1
After 1
After 1
After 1
After 1
After 1
After 1
After 1
Ain 1
Ain 1
Ain 1
Ain 1
Ain 1
Ain 1
Ain 1
Anyhow 1
Archibald 1
Archibald 1
Arkansaw 1
Arkansaw 1
Arkansaw 1
Arkansaw 1
Arkansaw 1
Arkansaw 1
Ash 1
Astronomical 1
BOTS 1
Balcony 1
Begone 1
Benvenuto 1
Beware 1
Bout 1
Boy 1
Boy 1
CONTRACT 1
Cairo 1
Cairo 1
Cairo 1
Cairo 1
Cairo 1
Cairo 1
Cairo 1
Cairo 1
Cairo 1
Cairo 1
Cairo 1
Cairo 1
Cairo 1
Campaign 1
Charles 1
Collins 1
Come 1
Come 1
Come 1
Come 1
Come 1
Come 1
Come 1
Come 1
Come 1
Come 1
Come 1
Come 1
Come 1
Come 1
Come 1
Come 1
Come 1
Come 1
Come 1
Come 1
Come 1
Comparisons 1
DEC 1
David 1
David 1
David 1
Day 1
Day 1
Dis 1
Doan 1
Doan 1
Doan 1
Doan 1
Doan 1
Doan 1
Doan 1
Dunlap 1
Dunlap 1
EBOOK 1
EBOOK 1
Effusions 1
Elexander 1
Elexander 1
Elexander 1
Elexander 1
Elexander 1
Elexander 1
Escaping 1
Escaping 1
Evening 1
Exercise 1
Fair 1
Fair 1
Fair 1
Farm 1
Finds 1
Fishing 1
Fishing 1
GIT 1
Getting 1
Getting 1
Getting 1
Got 1
Greek 1
Greek 1
Haymarket 1
Hello 1
Hello 1
Hello 1
Hello 1
Hello 1
Hello 1
Hello 1
Here 1
Here 1
Here 1
Here 1
Here 1
Here 1
Here 1
Here 1
Here 1
Here 1
Here 1
Here 1
Here 1
Here 1
Here 1
Here 1
Here 1
Here 1
Here 1
Here 1
Here 1
Here 1
Here 1
Here 1
Here 1
Here 1
Here 1
Here 1
His 1
His 1
His 1
His 1
His 1
His 1
His 1
His 1
His 1
His 1
His 1
His 1
His 1
His 1
Hooker 1
Hooker 1
Hooker 1
Hooker 1
Hooker 1
Hooker 1
Hornback 1
Hornback 1
Hornback 1
Hornback 1
Identity 1
Injun 1
Injun 1
Injun 1
Injun 1
Injun 1
Interior 1
Is 1
Is 1
Is 1
Is 1
Is 1
Is 1
Is 1
Is 1
Is 1
Is 1
Is 1
Is 1
Is 1
Is 1
Is 1
Is 1
Is 1
Is 1
Is 1
Is 1
Is 1
Is 1
Is 1
Is 1
Is 1
Is 1
J 1
James 1
Jefferson 1
Jist 1
Jist 1
Judith 1
Knives 1
Knock 1
LAST 1
LAST 1
Lafayettes 1
Lafe 1
Lally 1
Late 1
Lecture 1
Lecture 1
Lemme 1
Lifted 1
Line 1
Link 1
Link 1
Lize 1
Lize 1
Lize 1
Locked 1
Lothrop 1
Lothrop 1
Lothrop 1
Lothrop 1
Lothrop 1
Lothrop 1
Louis 1
Louis 1
Louis 1
Louis 1
Louis 1
Louis 1
Louis 1
Louis 1
Louis 1
Louis 1
Louis 1
Louis 1
Louis 1
Louis 1
Louis 1
Make 1
Make 1
Marples 1
Marys 1
Meddling 1
Medicine 1
Mercy 1
Mighty 1
Mighty 1
Minore 1
Misfortune 1
Mistaken 1
Mortification 1
Mumps 1
Mumps 1
Mumps 1
Mumps 1
NOW 1
Newr 1
Nine 1
ODE 1
PGLAF 1
PLEASE 1
POW 1
PURPOSE 1
Pardon 1
Parent 1
Pig 1
Pile 1
Question 1
REFUND 1
Robinson 1
Robinson 1
Robinson 1
Robinson 1
Robinson 1
Robinson 1
Rouse 1
Row 1
Royalty 1
Royalty 1
Royalty 1
Royalty 1
Rucker 1
Rucker 1
Sales 1
Salt 1
Search 1
Seein 1
Sell 1
Set 1
Set 1
Set 1
Set 1
Set 1
Shall 1
Shall 1
Shall 1
She 1
She 1
She 1
She 1
She 1
She 1
She 1
She 1
She 1
She 1
She 1
She 1
She 1
She 1
She 1
She 1
She 1
She 1
She 1
She 1
She 1
She 1
She 1
She 1
She 1
She 1
She 1
She 1
She 1
She 1
She 1
She 1
She 1
She 1
She 1
She 1
She 1
She 1
She 1
She 1
She 1
She 1
She 1
She 1
She 1
She 1
She 1
She 1
She 1
She 1
She 1
She 1
She 1
She 1
She 1
She 1
She 1
She 1
She 1
She 1
She 1
She 1
She 1
She 1
She 1
She 1
She 1
She 1
She 1
She 1
She 1
She 1
She 1
She 1
She 1
She 1
She 1
She 1
She 1
She 1
Sheffield 1
Sheffield 1
Sheffield 1
Sheffield 1
Sheffield 1
Sheffield 1
Shepherdsons 1
Shepherdsons 1
Shepherdsons 1
Shepherdsons 1
Shepherdsons 1
Shepherdsons 1
Shepherdsons 1
Shepherdsons 1
Shepherdsons 1
Shepherdsons 1
Shut 1
Shut 1
Snack 1
Snake 1
Snake 1
Speeches 1
Spidery 1
Starchy 1
Still 1
Still 1
Strike 1
Subject 1
THEY 1
THEY 1
THEY 1
THIS 1
THIS 1
THIS 1
THIS 1
THIS 1
Tear 1
Their 1
Times 1
Tired 1
Tom 1
Tom 1
Tom 1
Tom 1
Tom 1
Tom 1
Tom 1
Tom 1
Tom 1
Tom 1
Tom 1
Tom 1
Tom 1
Tom 1
Tom 1
Tom 1
Tom 1
Tom 1
Tom 1
Tom 1
Tom 1
Tom 1
Tom 1
Tom 1
Tom 1
Tom 1
Tom 1
Tom 1
Tom 1
Tom 1
Tom 1
Tom 1
Tom 1
Tom 1
Tom 1
Tom 1
Tom 1
Tom 1
Tom 1
Tom 1
Tom 1
Tom 1
Tom 1
Tom 1
Tom 1
Tom 1
Tom 1
Tom 1
Tom 1
Tom 1
Tom 1
Tom 1
Tom 1
Tom 1
Tom 1
Tom 1
Tom 1
Tom 1
Tom 1
Tom 1
Tom 1
Tom 1
Tom 1
Tom 1
Tom 1
Tom 1
Tom 1
Tom 1
Tom 1
Tom 1
Tom 1
Tom 1
Tom 1
Tom 1
Tom 1
Tom 1
Tom 1
Tom 1
Tom 1
Tom 1
Tom 1
Tom 1
Tom 1
Tom 1
Tom 1
Tom 1
Tom 1
Tom 1
Tom 1
Tom 1
Tom 1
Tom 1
Tom 1
Tom 1
Tom 1
Tom 1
Tom 1
Tom 1
Tom 1
Tom 1
Tom 1
Tom 1
Tom 1
Tom 1
Tom 1
Tom 1
Tom 1
Tom 1
Tom 1
Tom 1
Tom 1
Tom 1
Tom 1
Tom 1
Tom 1
Tom 1
Tom 1
Tom 1
Tom 1
Tom 1
Tom 1
Tom 1
Tom 1
Tom 1
Tom 1
Tom 1
Tom 1
Tom 1
Tom 1
Tom 1
Tom 1
Tom 1
Tom 1
Tom 1
Tom 1
Tom 1
Tom 1
Tom 1
Tom 1
Tom 1
Tom 1
Tom 1
Tom 1
Tom 1
Tom 1
Tom 1
Tom 1
Tom 1
Tom 1
Tom 1
Tom 1
Tom 1
Tom 1
Tom 1
Tom 1
Tom 1
Tom 1
Tom 1
Tom 1
Tom 1
Tom 1
Tom 1
Tom 1
Tom 1
Tom 1
Tom 1
Tom 1
Tom 1
Tom 1
Tom 1
Tom 1
Tom 1
Tom 1
Tom 1
Tom 1
Tom 1
Tom 1
Tom 1
Tom 1
Tom 1
Tom 1
Tom 1
Tom 1
Tom 1
Tom 1
Tom 1
Tom 1
Tom 1
Tom 1
Tom 1
Tom 1
Tom 1
Tom 1
Tom 1
Tom 1
Tom 1
Tom 1
Tom 1
Tom 1
Tom 1
Tom 1
Tom 1
Tom 1
Tom 1
Tom 1
Tom 1
Tom 1
Tom 1
Tom 1
Tom 1
Tom 1
Tom 1
Tom 1
Tom 1
Tom 1
Tom 1
Tom 1
Tom 1
Tom 1
Tom 1
Tom 1
Tom 1
Tom 1
Tom 1
Tom 1
Tom 1
Tom 1
Tom 1
Tom 1
Tom 1
Tom 1
Tom 1
Tom 1
Tom 1
Tom 1
Tom 1
Tom 1
Tom 1
Tom 1
Tom 1
Tom 1
Tom 1
Tom 1
Tom 1
Too 1
Too 1
Too 1
Tooleries 1
Towards 1
Towards 1
Towards 1
True 1
True 1
Tryin 1
Watson 1
Watson 1
Watson 1
Watson 1
Watson 1
Watson 1
Watson 1
Watson 1
Watson 1
Watson 1
Watson 1
Watson 1
Watson 1
Watson 1
Watson 1
Watson 1
Watson 1
Watson 1
Watson 1
Watson 1
Watson 1
Watson 1
Watson 1
Watson 1
Watson 1
Watson 1
Watson 1
Watson 1
Watson 1
Watson 1
Wednesday 1
Whar 1
Whar 1
Whar 1
Whistler 1
Who 1
Who 1
Who 1
Who 1
Who 1
Who 1
Who 1
Who 1
Who 1
Who 1
Who 1
Who 1
Who 1
Who 1
Who 1
Who 1
Who 1
Who 1
Who 1
Who 1
Who 1
Who 1
Who 1
Who 1
Who 1
Who 1
Whoever 1
Whoever 1
Woman 1
XV 1
XV 1
XVII 1
XVII 1
XXV 1
XXV 1
XXVII 1
XXVII 1
XXXII 1
XXXII 1
YOURS 1
Young 1
Young 1
Young 1
Young 1
abreast 1
abreast 1
abreast 1
abreast 1
abreast 1
abused 1
accepting 1
according 1
according 1
according 1
according 1
according 1
addresses 1
advance 1
advance 1
affront 1
after 1
after 1
after 1
after 1
after 1
after 1
after 1
after 1
after 1
after 1
after 1
after 1
after 1
after 1
after 1
after 1
after 1
after 1
after 1
after 1
after 1
after 1
after 1
after 1
after 1
after 1
after 1
after 1
after 1
after 1
after 1
after 1
after 1
after 1
after 1
after 1
after 1
after 1
after 1
after 1
after 1
after 1
after 1
after 1
after 1
after 1
after 1
after 1
after 1
after 1
after 1
after 1
after 1
after 1
after 1
after 1
after 1
after 1
after 1
after 1
after 1
after 1
after 1
after 1
after 1
after 1
after 1
after 1
after 1
after 1
after 1
after 1
after 1
after 1
after 1
after 1
after 1
after 1
after 1
after 1
after 1
after 1
after 1
after 1
after 1
after 1
after 1
after 1
after 1
after 1
after 1
after 1
after 1
after 1
after 1
after 1
after 1
after 1
after 1
after 1
after 1
after 1
after 1
after 1
after 1
after 1
after 1
after 1
after 1
after 1
after 1
after 1
after 1
after 1
after 1
after 1
after 1
after 1
after 1
after 1
after 1
after 1
after 1
after 1
after 1
after 1
after 1
after 1
after 1
agreement 1
agreement 1
agreement 1
agreement 1
agreement 1
agreement 1
agreement 1
agreement 1
agreement 1
agreement 1
agreement 1
agreement 1
agreement 1
agreement 1
agreement 1
agreement 1
agreement 1
agreement 1
air 1
air 1
air 1
air 1
air 1
air 1
air 1
air 1
air 1
air 1
air 1
air 1
air 1
air 1
air 1
air 1
air 1
aloft 1
already 1
already 1
already 1
already 1
already 1
already 1
already 1
already 1
already 1
alter 1
ambush 1
angels 1
anything 1
anything 1
anything 1
anything 1
anything 1
anything 1
anything 1
anything 1
anything 1
anything 1
anything 1
anything 1
anything 1
anything 1
anything 1
anything 1
anything 1
anything 1
anything 1
anything 1
anything 1
anything 1
anything 1
anything 1
anything 1
anything 1
anything 1
anything 1
anything 1
anything 1
anything 1
anything 1
anything 1
anything 1
anything 1
anything 1
anything 1
anything 1
anything 1
anything 1
anything 1
anything 1
anything 1
anything 1
anything 1
anything 1
anything 1
anything 1
anything 1
anything 1
anything 1
anything 1
anything 1
anything 1
anything 1
anything 1
anything 1
anything 1
anything 1
anything 1
anything 1
anything 1
anything 1
anything 1
anything 1
anything 1
anything 1
anything 1
anything 1
anything 1
anything 1
anything 1
anything 1
anything 1
anything 1
anything 1
anything 1
anything 1
anything 1
anything 1
anything 1
anything 1
anything 1
anything 1
anything 1
anything 1
anyways 1
anyways 1
ards 1
aristocracy 1
aristocracy 1
ark 1
arrangement 1
arrows 1
article 1
asked 1
asked 1
asked 1
asked 1
asked 1
asked 1
asked 1
asked 1
asked 1
asked 1
asked 1
asked 1
asked 1
asked 1
asked 1
asked 1
asked 1
asked 1
asked 1
asked 1
asked 1
asked 1
asked 1
asked 1
asked 1
asked 1
asked 1
asked 1
asked 1
asked 1
asked 1
asleep 1
asleep 1
asleep 1
asleep 1
asleep 1
asleep 1
asleep 1
asleep 1
asleep 1
asleep 1
asleep 1
asleep 1
asleep 1
asleep 1
asleep 1
asleep 1
asleep 1
asleep 1
asleep 1
asleep 1
asleep 1
asleep 1
asleep 1
asleep 1
asleep 1
asleep 1
asleep 1
asleep 1
asleep 1
asleep 1
asleep 1
asleep 1
baby 1
baby 1
baby 1
baby 1
backed 1
backs 1
backs 1
backs 1
backs 1
backs 1
backs 1
baggage 1
baggage 1
baggage 1
baggage 1
baggage 1
baggage 1
baggage 1
baggage 1
bark 1
bark 1
bark 1
beds 1
beds 1
beds 1
beehive 1
been 1
been 1
been 1
been 1
been 1
been 1
been 1
been 1
been 1
been 1
been 1
been 1
been 1
been 1
been 1
been 1
been 1
been 1
been 1
been 1
been 1
been 1
been 1
been 1
been 1
been 1
been 1
been 1
been 1
been 1
been 1
been 1
been 1
been 1
been 1
been 1
been 1
been 1
been 1
been 1
been 1
been 1
been 1
been 1
been 1
been 1
been 1
been 1
been 1
been 1
been 1
been 1
been 1
been 1
been 1
been 1
been 1
been 1
been 1
been 1
been 1
been 1
been 1
been 1
been 1
been 1
been 1
been 1
been 1
been 1
been 1
been 1
been 1
been 1
been 1
been 1
been 1
been 1
been 1
been 1
been 1
been 1
been 1
been 1
been 1
been 1
been 1
been 1
been 1
been 1
been 1
been 1
been 1
been 1
been 1
been 1
been 1
been 1
been 1
been 1
been 1
been 1
been 1
been 1
been 1
been 1
been 1
been 1
been 1
been 1
been 1
been 1
been 1
been 1
been 1
been 1
been 1
been 1
been 1
been 1
been 1
been 1
been 1
been 1
been 1
been 1
been 1
been 1
been 1
been 1
been 1
been 1
been 1
been 1
been 1
bein 1
bein 1
bein 1
bein 1
bein 1
bein 1
bein 1
bells 1
belly 1
belonged 1
belonged 1
belonged 1
belonged 1
belongs 1
belongs 1
bench 1
bench 1
bench 1
bench 1
benches 1
benches 1
benches 1
better 1
better 1
better 1
better 1
better 1
better 1
better 1
better 1
better 1
better 1
better 1
better 1
better 1
better 1
better 1
better 1
better 1
better 1
better 1
better 1
better 1
better 1
better 1
better 1
better 1
better 1
better 1
better 1
better 1
better 1
better 1
better 1
better 1
better 1
better 1
better 1
better 1
better 1
better 1
better 1
better 1
better 1
better 1
better 1
better 1
better 1
better 1
better 1
better 1
better 1
better 1
better 1
better 1
better 1
better 1
better 1
better 1
better 1
better 1
better 1
better 1
better 1
better 1
better 1
better 1
better 1
better 1
better 1
better 1
better 1
better 1
better 1
better 1
better 1
better 1
better 1
better 1
better 1
better 1
better 1
better 1
better 1
better 1
better 1
better 1
better 1
better 1
better 1
better 1
better 1
better 1
better 1
better 1
better 1
better 1
better 1
better 1
bigger 1
bigger 1
bigger 1
bigger 1
bigger 1
bigger 1
bile 1
bile 1
biler 1
biler 1
bitter 1
bitter 1
bitts 1
blackguarding 1
blank 1
blank 1
bleed 1
bleeding 1
blubber 1
blue 1
blue 1
blue 1
blue 1
blue 1
blue 1
blue 1
blue 1
blue 1
blue 1
blue 1
blue 1
blue 1
blue 1
blue 1
blue 1
bodies 1
bolted 1
bone 1
bone 1
border 1
border 1
bother 1
bother 1
bother 1
bother 1
bother 1
bother 1
bother 1
bother 1
bother 1
bother 1
bother 1
bother 1
bother 1
bottoms 1
bounce 1
bout 1
bout 1
bout 1
bout 1
bout 1
bout 1
bout 1
bout 1
bout 1
bout 1
bout 1
bout 1
bout 1
bout 1
bout 1
bout 1
bout 1
bout 1
bout 1
bout 1
bout 1
bout 1
bout 1
bout 1
bout 1
bout 1
bout 1
bout 1
bout 1
bout 1
bout 1
bout 1
bout 1
bout 1
bout 1
bout 1
bout 1
bout 1
bout 1
bout 1
bout 1
bout 1
bout 1
bout 1
bout 1
bow 1
bow 1
bow 1
bow 1
bow 1
bow 1
bow 1
bow 1
brazen 1
bread 1
bread 1
bread 1
bread 1
bread 1
bread 1
bread 1
bread 1
bread 1
bread 1
bread 1
bread 1
bread 1
bread 1
bread 1
bread 1
bricks 1
bright 1
bright 1
bright 1
bright 1
bright 1
bright 1
bright 1
bright 1
bristles 1
broad 1
broad 1
broad 1
broad 1
broad 1
broad 1
broad 1
broomsticks 1
bucket 1
bucket 1
bugged 1
bugged 1
built 1
built 1
built 1
built 1
built 1
built 1
bushes 1
bushes 1
bushes 1
bushes 1
bushes 1
bushes 1
bushes 1
bushes 1
bushes 1
business 1
business 1
business 1
business 1
business 1
business 1
business 1
business 1
business 1
business 1
business 1
business 1
business 1
business 1
business 1
business 1
business 1
business 1
business 1
business 1
business 1
business 1
business 1
business 1
business 1
business 1
business 1
business 1
business 1
business 1
business 1
business 1
business 1
business 1
business 1
business 1
business 1
call 1
call 1
call 1
call 1
call 1
call 1
call 1
call 1
call 1
call 1
call 1
call 1
call 1
call 1
call 1
call 1
call 1
call 1
call 1
call 1
call 1
call 1
call 1
call 1
call 1
call 1
call 1
carpenter 1
carpenter 1
castle 1
catched 1
catched 1
catched 1
catched 1
catched 1
catched 1
catched 1
catched 1
catched 1
catched 1
catched 1
catched 1
catched 1
catched 1
catched 1
catched 1
catched 1
catched 1
catched 1
catfish 1
catfish 1
catfish 1
catfish 1
caught 1
caught 1
century 1
cert 1
cert 1
certain 1
certain 1
certain 1
certain 1
certain 1
certain 1
certain 1
certain 1
certain 1
certain 1
chance 1
chance 1
chance 1
chance 1
chance 1
chance 1
chance 1
chance 1
chance 1
chance 1
chance 1
chance 1
chance 1
chance 1
chance 1
chance 1
chance 1
chance 1
chance 1
chance 1
chance 1
chance 1
chance 1
chance 1
chance 1
chance 1
chance 1
chance 1
chance 1
chance 1
chance 1
chance 1
chance 1
chance 1
chance 1
chance 1
chance 1
chance 1
chance 1
chance 1
changed 1
changed 1
changed 1
changed 1
changed 1
changed 1
charities 1
chawed 1
chawed 1
chawed 1
chaws 1
chaws 1
chaws 1
check 1
check 1
cheek 1
cheek 1
cheek 1
cheered 1
cheered 1
chickens 1
chickens 1
chimbly 1
chimbly 1
chin 1
chin 1
chin 1
chin 1
chin 1
chin 1
chin 1
chip 1
chip 1
chisel 1
chisel 1
chisel 1
ciphered 1
ciphered 1
ciphered 1
cle 1
clews 1
clip 1
clip 1
clip 1
clip 1
clo 1
clo 1
clock 1
clock 1
clock 1
clock 1
clock 1
clock 1
clock 1
clock 1
clock 1
clock 1
clock 1
clock 1
clock 1
clock 1
clock 1
clock 1
clock 1
clock 1
cloth 1
cloth 1
cloth 1
coats 1
coats 1
codes 1
collared 1
colors 1
comfortable 1
comfortable 1
comfortable 1
comfortable 1
comfortable 1
comfortable 1
comfortable 1
comfortable 1
comfortable 1
comfortable 1
comfortable 1
comfortable 1
comfortable 1
comfortable 1
comfortable 1
comfortable 1
comfortable 1
comfortable 1
comfortable 1
comfortable 1
comfortable 1
comfortable 1
comfortable 1
comfortable 1
comfortable 1
comfortable 1
comfortable 1
comfortable 1
comfortable 1
comfortable 1
comin 1
comin 1
comin 1
comin 1
comin 1
comin 1
committed 1
companionship 1
complexion 1
complexion 1
computers 1
computers 1
conscience 1
conscience 1
conscience 1
conscience 1
conscience 1
conscience 1
consequences 1
considable 1
considable 1
considable 1
considable 1
considable 1
considable 1
considered 1
contented 1
corn 1
corn 1
corn 1
corn 1
corn 1
corn 1
corn 1
corn 1
corn 1
corn 1
corn 1
corn 1
corn 1
corn 1
corn 1
corn 1
corn 1
corporation 1
correct 1
correct 1
correct 1
cough 1
cough 1
cough 1
counterfeit 1
counterfeit 1
couple 1
couple 1
couple 1
couple 1
couple 1
couple 1
couple 1
couple 1
couple 1
couple 1
couple 1
couple 1
couple 1
couple 1
couple 1
couple 1
couple 1
couple 1
couple 1
couple 1
couple 1
couple 1
couple 1
couple 1
couple 1
couple 1
couple 1
couple 1
couple 1
couple 1
couple 1
couple 1
couple 1
couple 1
couple 1
couple 1
couple 1
couple 1
courage 1
courage 1
creepy 1
creturs 1
crime 1
crowded 1
crowded 1
crowded 1
crowded 1
crowded 1
cry 1
cry 1
cry 1
cry 1
cry 1
cry 1
cry 1
cry 1
cry 1
cry 1
cry 1
cry 1
cry 1
cry 1
darkish 1
dasn 1
dasn 1
dasn 1
dasn 1
dasn 1
dasn 1
dasn 1
dasn 1
dasn 1
dasn 1
dasn 1
dasn 1
dasn 1
data 1
dead 1
dead 1
dead 1
dead 1
dead 1
dead 1
dead 1
dead 1
dead 1
dead 1
dead 1
dead 1
dead 1
dead 1
dead 1
dead 1
dead 1
dead 1
dead 1
dead 1
dead 1
dead 1
dead 1
dead 1
dead 1
dead 1
dead 1
dead 1
dead 1
dead 1
dead 1
dead 1
dead 1
dead 1
dead 1
dead 1
dead 1
dead 1
dead 1
dead 1
dead 1
dead 1
dead 1
dead 1
dead 1
dead 1
dead 1
dead 1
dead 1
dead 1
dead 1
dead 1
dead 1
dead 1
dead 1
dead 1
dead 1
dead 1
dead 1
dead 1
dead 1
dead 1
dead 1
dead 1
dead 1
dead 1
dead 1
dead 1
dead 1
dead 1
dead 1
dead 1
declaration 1
declare 1
declare 1
deffersit 1
dem 1
dem 1
dem 1
dem 1
dem 1
dem 1
dem 1
dem 1
deserve 1
deserve 1
deserve 1
despises 1
devilment 1
devoutly 1
dexter 1
dim 1
dim 1
dim 1
dim 1
dim 1
dim 1
dim 1
dim 1
ding 1
disappears 1
disappointed 1
disappointed 1
disappointed 1
disappointed 1
discuss 1
distinct 1
distressed 1
distressed 1
distressed 1
distribution 1
distribution 1
distribution 1
distribution 1
distribution 1
distribution 1
disturbed 1
disturbed 1
dive 1
doan 1
doan 1
doan 1
doan 1
doan 1
doan 1
doan 1
doan 1
doan 1
doan 1
doan 1
doan 1
doan 1
doan 1
doan 1
doan 1
doan 1
doan 1
doan 1
doan 1
doan 1
doan 1
doan 1
doan 1
doan 1
doan 1
doan 1
doan 1
doubt 1
drawers 1
drawing 1
dressed 1
dressed 1
dressed 1
dressed 1
dressed 1
dressed 1
dressed 1
dressed 1
dressed 1
dressed 1
dressed 1
dressed 1
driver 1
driver 1
driver 1
dropped 1
dropped 1
dropped 1
dropped 1
dropped 1
dropped 1
dropped 1
dropped 1
dropped 1
dropped 1
dropped 1
dropped 1
dropped 1
dropped 1
dropped 1
dropped 1
dropped 1
dropped 1
dropped 1
dropped 1
dropped 1
dropped 1
dropped 1
dropped 1
dropped 1
dropped 1
dropped 1
drug 1
drugged 1
dwelling 1
eBook 1
eBook 1
eBook 1
eBook 1
eBook 1
eBook 1
ear 1
ear 1
ear 1
ear 1
ear 1
eased 1
eating 1
eating 1
eating 1
eating 1
eating 1
eggs 1
eggs 1
eighty 1
eighty 1
emptied 1
emptied 1
emptied 1
emptied 1
erysiplas 1
ever 1
ever 1
ever 1
ever 1
ever 1
ever 1
ever 1
ever 1
ever 1
ever 1
ever 1
ever 1
ever 1
ever 1
ever 1
ever 1
ever 1
ever 1
ever 1
ever 1
ever 1
ever 1
ever 1
ever 1
ever 1
ever 1
ever 1
ever 1
ever 1
ever 1
ever 1
ever 1
ever 1
ever 1
ever 1
ever 1
ever 1
ever 1
ever 1
ever 1
ever 1
ever 1
ever 1
ever 1
ever 1
ever 1
ever 1
ever 1
ever 1
ever 1
ever 1
ever 1
ever 1
ever 1
ever 1
ever 1
ever 1
ever 1
ever 1
ever 1
ever 1
ever 1
ever 1
ever 1
ever 1
ever 1
ever 1
ever 1
ever 1
ever 1
ever 1
ever 1
ever 1
ever 1
ever 1
ever 1
ever 1
ever 1
ever 1
ever 1
ever 1
ever 1
ever 1
ever 1
ever 1
ever 1
ever 1
ever 1
ever 1
ever 1
ever 1
ever 1
ever 1
ever 1
ever 1
ever 1
ever 1
ever 1
ever 1
ever 1
ever 1
ever 1
ever 1
ever 1
ever 1
ever 1
ever 1
ever 1
ever 1
ever 1
ever 1
ever 1
ever 1
ever 1
ever 1
ever 1
ever 1
ever 1
ever 1
ever 1
ever 1
ever 1
ever 1
ever 1
ever 1
ever 1
ever 1
ever 1
ever 1
ever 1
ever 1
ever 1
ever 1
ever 1
ever 1
ever 1
ever 1
ever 1
ever 1
ever 1
ever 1
ever 1
ever 1
ever 1
ever 1
ever 1
ever 1
ever 1
ever 1
ever 1
ever 1
ever 1
ever 1
ever 1
ever 1
ever 1
ever 1
ever 1
ever 1
ever 1
ever 1
ever 1
ever 1
ever 1
ever 1
ever 1
ever 1
ever 1
ever 1
ever 1
ever 1
ever 1
ever 1
ever 1
ever 1
ever 1
ever 1
ever 1
ever 1
ever 1
ever 1
ever 1
ever 1
ever 1
ever 1
ever 1
ever 1
ever 1
ever 1
ever 1
ever 1
ever 1
ever 1
ever 1
ever 1
ever 1
ever 1
ever 1
ever 1
ever 1
ever 1
ever 1
ever 1
ever 1
ever 1
ever 1
ever 1
ever 1
ever 1
ever 1
ever 1
ever 1
everlasting 1
everytime 1
exactly 1
exactly 1
exactly 1
exactly 1
excited 1
excited 1
excited 1
excited 1
excited 1
excited 1
excited 1
excited 1
exists 1
expected 1
expected 1
expected 1
expected 1
expected 1
expected 1
experience 1
experience 1
exporting 1
f 1
f 1
f 1
f 1
f 1
f 1
f 1
f 1
f 1
f 1
f 1
f 1
f 1
f 1
fact 1
fault 1
fault 1
fault 1
fault 1
fault 1
fault 1
fault 1
fault 1
fault 1
fault 1
fault 1
fault 1
fault 1
fault 1
feathers 1
fellows 1
fellows 1
fellows 1
fellows 1
fellows 1
fellows 1
fellows 1
fellows 1
fellows 1
fellows 1
fellows 1
fences 1
fences 1
fences 1
ferryboat 1
ferryboat 1
ferryboat 1
ferryboat 1
ferryboat 1
ferryboat 1
ferryboat 1
ferryboat 1
ferryboat 1
ferryboat 1
fine 1
fine 1
fine 1
fine 1
fine 1
fine 1
fine 1
fine 1
fine 1
fine 1
fine 1
fine 1
fine 1
fingers 1
fingers 1
fingers 1
fingers 1
fishes 1
flag 1
flashes 1
flattering 1
flesh 1
flipped 1
floating 1
floating 1
floating 1
floating 1
floating 1
floating 1
floating 1
floating 1
floating 1
floating 1
floating 1
flocked 1
floor 1
floor 1
floor 1
floor 1
floor 1
floor 1
floor 1
floor 1
floor 1
floor 1
floor 1
floor 1
floor 1
floor 1
floor 1
floor 1
floor 1
floor 1
floor 1
floor 1
floor 1
floor 1
floor 1
floor 1
floor 1
floor 1
floor 1
floor 1
floor 1
fluttering 1
fog 1
fog 1
fog 1
fog 1
fog 1
fog 1
fog 1
fog 1
fog 1
fog 1
fog 1
fog 1
fog 1
fog 1
fog 1
fog 1
fog 1
fog 1
fog 1
fogive 1
fogive 1
folds 1
foot 1
foot 1
foot 1
foot 1
foot 1
foot 1
foot 1
foot 1
foot 1
foot 1
foot 1
foot 1
foot 1
foot 1
foot 1
foot 1
foot 1
foot 1
foot 1
foot 1
foot 1
foot 1
foot 1
foot 1
foot 1
foot 1
foot 1
foot 1
foot 1
foot 1
foot 1
foot 1
foot 1
foot 1
foot 1
foot 1
foot 1
foot 1
foot 1
foot 1
foot 1
foot 1
foot 1
foot 1
foot 1
foot 1
foot 1
foot 1
foot 1
foot 1
foot 1
foot 1
foot 1
foot 1
foot 1
foot 1
foot 1
forehead 1
forehead 1
forehead 1
forehead 1
forehead 1
freedom 1
freedom 1
freedom 1
freedom 1
freedom 1
freedom 1
fretted 1
fretted 1
frum 1
funny 1
funny 1
funny 1
furnished 1
fury 1
gaudiest 1
generly 1
generly 1
generly 1
generly 1
generly 1
generly 1
generly 1
generly 1
generly 1
generly 1
generly 1
glance 1
glaring 1
glimpses 1
goes 1
goes 1
goes 1
goes 1
goes 1
goes 1
goes 1
goes 1
goes 1
goes 1
goes 1
goes 1
goes 1
goes 1
goes 1
goes 1
goes 1
goes 1
goes 1
goes 1
goes 1
goes 1
goes 1
goes 1
goes 1
goes 1
goes 1
goes 1
goes 1
going 1
going 1
going 1
going 1
going 1
going 1
going 1
going 1
going 1
going 1
going 1
going 1
going 1
going 1
going 1
going 1
going 1
going 1
going 1
going 1
going 1
going 1
going 1
going 1
going 1
going 1
going 1
going 1
going 1
going 1
going 1
going 1
going 1
going 1
going 1
going 1
going 1
going 1
going 1
going 1
going 1
going 1
going 1
going 1
going 1
going 1
going 1
going 1
going 1
going 1
going 1
going 1
going 1
going 1
going 1
going 1
going 1
going 1
going 1
going 1
going 1
going 1
going 1
going 1
going 1
going 1
going 1
going 1
going 1
going 1
going 1
going 1
going 1
going 1
going 1
going 1
going 1
going 1
going 1
going 1
going 1
going 1
going 1
going 1
going 1
going 1
going 1
going 1
going 1
going 1
going 1
going 1
going 1
going 1
going 1
going 1
going 1
going 1
going 1
going 1
going 1
going 1
going 1
going 1
going 1
going 1
going 1
going 1
going 1
going 1
going 1
going 1
going 1
going 1
going 1
going 1
going 1
going 1
going 1
going 1
going 1
going 1
going 1
going 1
going 1
going 1
going 1
going 1
going 1
going 1
going 1
going 1
going 1
going 1
going 1
going 1
going 1
going 1
going 1
going 1
going 1
going 1
going 1
going 1
going 1
going 1
going 1
going 1
going 1
going 1
going 1
going 1
going 1
going 1
going 1
going 1
going 1
going 1
going 1
going 1
going 1
going 1
going 1
going 1
going 1
going 1
going 1
going 1
going 1
going 1
going 1
going 1
going 1
going 1
going 1
going 1
going 1
going 1
going 1
going 1
going 1
going 1
going 1
going 1
going 1
going 1
going 1
going 1
going 1
going 1
going 1
going 1
going 1
going 1
going 1
going 1
going 1
going 1
going 1
going 1
going 1
going 1
going 1
going 1
googling 1
grass 1
grass 1
grass 1
grass 1
grass 1
grass 1
grass 1
grass 1
grass 1
grieve 1
growin 1
grub 1
guidance 1
gywne 1
h 1
h 1
h 1
h 1
hail 1
hail 1
hail 1
handy 1
handy 1
handy 1
handy 1
handy 1
handy 1
handy 1
handy 1
handy 1
handy 1
handy 1
handy 1
handy 1
handy 1
handy 1
hank 1
hank 1
hank 1
happy 1
happy 1
happy 1
happy 1
happy 1
happy 1
happy 1
happy 1
harden 1
hardly 1
hardly 1
hardly 1
hardly 1
hardly 1
hardly 1
hardly 1
hardly 1
hardly 1
hardly 1
hardly 1
hardly 1
hardly 1
hardly 1
hardly 1
hardly 1
hardly 1
hardly 1
hardly 1
hardly 1
hardly 1
hardly 1
hardly 1
hardly 1
hardly 1
hardness 1
hash 1
hated 1
haughty 1
haven 1
haven 1
haven 1
haven 1
haven 1
haven 1
haven 1
havin 1
havin 1
haw 1
headline 1
heah 1
heah 1
heah 1
heah 1
heah 1
heah 1
heah 1
heah 1
heah 1
heah 1
heah 1
heah 1
heah 1
heah 1
heah 1
heart 1
heart 1
heart 1
heart 1
heart 1
heart 1
heart 1
heart 1
heart 1
heart 1
heart 1
heart 1
heart 1
heart 1
heart 1
heart 1
heart 1
heart 1
heart 1
heart 1
heart 1
heart 1
heart 1
heart 1
heart 1
heart 1
heart 1
heart 1
heaving 1
heaving 1
heeling 1
heptarchies 1
hickry 1
hickry 1
hickry 1
hillside 1
hillside 1
hillside 1
hisself 1
histrionic 1
histrionic 1
hog 1
hog 1
hog 1
hog 1
hog 1
hog 1
hog 1
homeless 1
homely 1
hooky 1
hope 1
hope 1
hope 1
hope 1
hope 1
hope 1
hope 1
hope 1
hope 1
hope 1
hope 1
horseback 1
horseback 1
horseback 1
horses 1
horses 1
horses 1
horses 1
horses 1
horses 1
horses 1
horses 1
horses 1
horses 1
horses 1
horses 1
horses 1
horses 1
horses 1
horses 1
horses 1
horses 1
hospitality 1
hotel 1
hotel 1
houn 1
house 1
house 1
house 1
house 1
house 1
house 1
house 1
house 1
house 1
house 1
house 1
house 1
house 1
house 1
house 1
house 1
house 1
house 1
house 1
house 1
house 1
house 1
house 1
house 1
house 1
house 1
house 1
house 1
house 1
house 1
house 1
house 1
house 1
house 1
house 1
house 1
house 1
house 1
house 1
house 1
house 1
house 1
house 1
house 1
house 1
house 1
house 1
house 1
house 1
house 1
house 1
house 1
house 1
house 1
house 1
house 1
house 1
house 1
house 1
house 1
house 1
house 1
house 1
house 1
house 1
house 1
house 1
house 1
house 1
house 1
house 1
house 1
house 1
house 1
house 1
house 1
house 1
house 1
house 1
house 1
house 1
house 1
house 1
house 1
house 1
house 1
house 1
house 1
house 1
house 1
howl 1
howl 1
howl 1
howl 1
howl 1
hue 1
humans 1
hummin 1
hunted 1
hunted 1
hunted 1
hunted 1
hunted 1
hunted 1
hunted 1
hunted 1
hunted 1
hunted 1
hunted 1
hunted 1
hunted 1
imagine 1
imitation 1
imitation 1
inch 1
inch 1
inch 1
inch 1
indicating 1
ink 1
ink 1
ink 1
instead 1
instead 1
instead 1
instructing 1
intellectual 1
intellectual 1
intending 1
intending 1
interfere 1
interfere 1
interruptions 1
invected 1
investigation 1
investigation 1
is 1
is 1
is 1
is 1
is 1
is 1
is 1
is 1
is 1
is 1
is 1
is 1
is 1
is 1
is 1
is 1
is 1
is 1
is 1
is 1
is 1
is 1
is 1
is 1
is 1
is 1
is 1
is 1
is 1
is 1
is 1
is 1
is 1
is 1
is 1
is 1
is 1
is 1
is 1
is 1
is 1
is 1
is 1
is 1
is 1
is 1
is 1
is 1
is 1
is 1
is 1
is 1
is 1
is 1
is 1
is 1
is 1
is 1
is 1
is 1
is 1
is 1
is 1
is 1
is 1
is 1
is 1
is 1
is 1
is 1
is 1
is 1
is 1
is 1
is 1
is 1
is 1
is 1
is 1
is 1
is 1
is 1
is 1
is 1
is 1
is 1
is 1
is 1
is 1
is 1
is 1
is 1
is 1
is 1
is 1
is 1
is 1
is 1
is 1
is 1
is 1
is 1
is 1
is 1
is 1
is 1
is 1
is 1
is 1
is 1
is 1
is 1
is 1
is 1
is 1
is 1
is 1
is 1
is 1
is 1
is 1
is 1
is 1
is 1
is 1
is 1
is 1
is 1
is 1
is 1
is 1
is 1
is 1
is 1
is 1
is 1
is 1
is 1
is 1
is 1
is 1
is 1
is 1
is 1
is 1
is 1
is 1
is 1
is 1
is 1
is 1
is 1
is 1
is 1
is 1
is 1
is 1
is 1
is 1
is 1
is 1
is 1
is 1
is 1
is 1
is 1
is 1
is 1
is 1
is 1
is 1
is 1
is 1
is 1
is 1
is 1
is 1
is 1
is 1
is 1
is 1
is 1
is 1
is 1
is 1
is 1
is 1
is 1
is 1
is 1
is 1
is 1
is 1
is 1
is 1
is 1
is 1
is 1
is 1
is 1
is 1
is 1
is 1
is 1
is 1
is 1
is 1
is 1
is 1
is 1
is 1
is 1
is 1
is 1
is 1
is 1
is 1
is 1
is 1
is 1
is 1
is 1
is 1
is 1
is 1
is 1
is 1
is 1
is 1
is 1
is 1
is 1
is 1
is 1
is 1
is 1
is 1
is 1
is 1
is 1
is 1
is 1
is 1
is 1
is 1
is 1
is 1
is 1
is 1
is 1
is 1
is 1
is 1
is 1
is 1
is 1
is 1
is 1
is 1
is 1
is 1
is 1
is 1
is 1
is 1
is 1
is 1
is 1
is 1
is 1
is 1
is 1
is 1
is 1
is 1
is 1
is 1
is 1
is 1
is 1
is 1
is 1
is 1
is 1
is 1
is 1
is 1
is 1
is 1
is 1
is 1
is 1
is 1
is 1
is 1
is 1
is 1
is 1
is 1
is 1
is 1
is 1
is 1
is 1
is 1
is 1
is 1
is 1
is 1
is 1
is 1
is 1
is 1
is 1
is 1
is 1
is 1
is 1
is 1
is 1
is 1
islands 1
islands 1
islands 1
islands 1
islands 1
islands 1
islands 1
its 1
its 1
its 1
its 1
its 1
its 1
its 1
its 1
its 1
its 1
its 1
its 1
its 1
its 1
its 1
its 1
its 1
its 1
its 1
its 1
its 1
jacket 1
jacket 1
jacket 1
jail 1
jobs 1
joking 1
joking 1
joking 1
joking 1
kase 1
kase 1
kase 1
kase 1
kase 1
kase 1
kase 1
kase 1
kase 1
ketched 1
ketched 1
ketched 1
kick 1
kick 1
kisses 1
knees 1
knees 1
knees 1
knees 1
knees 1
knees 1
knees 1
knees 1
knees 1
knees 1
knees 1
knees 1
knees 1
knees 1
knot 1
lackin 1
ladies 1
ladies 1
ladies 1
landed 1
landed 1
landed 1
landed 1
landed 1
landed 1
landed 1
landed 1
languishy 1
law 1
law 1
law 1
law 1
law 1
law 1
law 1
law 1
law 1
law 1
law 1
law 1
law 1
law 1
lawsy 1
learnt 1
learnt 1
learnt 1
learnt 1
leaves 1
leaves 1
leaves 1
leaves 1
leaves 1
leaves 1
leaves 1
leaves 1
leaves 1
leaves 1
leaves 1
leaves 1
leaves 1
leaves 1
leaves 1
leaving 1
leaving 1
leaving 1
leaving 1
leaving 1
legged 1
lemme 1
lemme 1
lemme 1
lemme 1
lemme 1
lemme 1
lifted 1
limb 1
limb 1
limb 1
line 1
line 1
line 1
line 1
line 1
line 1
line 1
line 1
line 1
line 1
line 1
line 1
line 1
line 1
line 1
line 1
line 1
line 1
line 1
line 1
line 1
line 1
line 1
line 1
line 1
line 1
liquor 1
loaf 1
loafers 1
loafers 1
loafers 1
loafers 1
loafers 1
loafers 1
loafers 1
loafing 1
loafing 1
located 1
located 1
located 1
located 1
lolled 1
lonesome 1
lonesome 1
lonesome 1
lonesome 1
lonesome 1
lonesome 1
lonesome 1
lonesome 1
lonesome 1
lonesome 1
lonesome 1
lonesome 1
lonesome 1
lonesome 1
lonesome 1
long 1
long 1
long 1
long 1
long 1
long 1
long 1
long 1
long 1
long 1
long 1
long 1
long 1
long 1
long 1
long 1
long 1
long 1
long 1
long 1
long 1
long 1
long 1
long 1
long 1
long 1
long 1
long 1
long 1
long 1
long 1
long 1
long 1
long 1
long 1
long 1
long 1
long 1
long 1
long 1
long 1
long 1
long 1
long 1
long 1
long 1
long 1
long 1
long 1
long 1
long 1
long 1
long 1
long 1
long 1
long 1
long 1
long 1
long 1
long 1
long 1
long 1
long 1
long 1
long 1
long 1
long 1
long 1
long 1
long 1
long 1
long 1
long 1
long 1
long 1
long 1
long 1
long 1
long 1
long 1
long 1
long 1
long 1
long 1
long 1
long 1
long 1
long 1
long 1
long 1
long 1
long 1
long 1
long 1
long 1
long 1
long 1
long 1
long 1
long 1
long 1
long 1
long 1
long 1
long 1
long 1
long 1
long 1
long 1
long 1
long 1
long 1
long 1
long 1
long 1
long 1
long 1
long 1
long 1
long 1
long 1
long 1
long 1
long 1
long 1
long 1
long 1
long 1
long 1
long 1
long 1
long 1
long 1
long 1
long 1
long 1
long 1
long 1
long 1
long 1
long 1
long 1
long 1
long 1
long 1
long 1
long 1
long 1
long 1
long 1
long 1
long 1
long 1
long 1
long 1
long 1
long 1
long 1
long 1
long 1
long 1
long 1
longest 1
loose 1
loose 1
loose 1
loose 1
loose 1
loose 1
loose 1
loose 1
loose 1
loose 1
loose 1
loose 1
loose 1
loose 1
loose 1
loose 1
loose 1
loose 1
loose 1
loose 1
loose 1
loose 1
loose 1
loose 1
loose 1
lynches 1
ma 1
ma 1
ma 1
ma 1
mad 1
mad 1
mad 1
mad 1
mad 1
mad 1
mad 1
mad 1
mad 1
mad 1
mad 1
mad 1
mad 1
make 1
make 1
make 1
make 1
make 1
make 1
make 1
make 1
make 1
make 1
make 1
make 1
make 1
make 1
make 1
make 1
make 1
make 1
make 1
make 1
make 1
make 1
make 1
make 1
make 1
make 1
make 1
make 1
make 1
make 1
make 1
make 1
make 1
make 1
make 1
make 1
make 1
make 1
make 1
make 1
make 1
make 1
make 1
make 1
make 1
make 1
make 1
make 1
make 1
make 1
make 1
make 1
make 1
make 1
make 1
make 1
make 1
make 1
make 1
make 1
make 1
make 1
make 1
make 1
make 1
make 1
make 1
make 1
make 1
make 1
make 1
make 1
make 1
make 1
make 1
make 1
make 1
make 1
make 1
make 1
make 1
make 1
make 1
make 1
make 1
make 1
make 1
make 1
make 1
make 1
make 1
make 1
make 1
make 1
make 1
make 1
make 1
make 1
make 1
make 1
make 1
make 1
make 1
make 1
make 1
make 1
make 1
make 1
make 1
make 1
make 1
make 1
make 1
make 1
make 1
make 1
make 1
make 1
make 1
make 1
make 1
make 1
make 1
make 1
make 1
make 1
make 1
make 1
make 1
make 1
make 1
make 1
make 1
make 1
make 1
make 1
make 1
make 1
make 1
make 1
make 1
make 1
make 1
make 1
make 1
make 1
make 1
make 1
make 1
make 1
make 1
make 1
make 1
make 1
make 1
make 1
make 1
make 1
make 1
make 1
make 1
make 1
make 1
make 1
make 1
make 1
make 1
make 1
make 1
make 1
man 1
man 1
man 1
man 1
man 1
man 1
man 1
man 1
man 1
man 1
man 1
man 1
man 1
man 1
man 1
man 1
man 1
man 1
man 1
man 1
man 1
man 1
man 1
man 1
man 1
man 1
man 1
man 1
man 1
man 1
man 1
man 1
man 1
man 1
man 1
man 1
man 1
man 1
man 1
man 1
man 1
man 1
man 1
man 1
man 1
man 1
man 1
man 1
man 1
man 1
man 1
man 1
man 1
man 1
man 1
man 1
man 1
man 1
man 1
man 1
man 1
man 1
man 1
man 1
man 1
man 1
man 1
man 1
man 1
man 1
man 1
man 1
man 1
man 1
man 1
man 1
man 1
man 1
man 1
man 1
man 1
man 1
man 1
man 1
man 1
man 1
man 1
man 1
man 1
man 1
man 1
man 1
man 1
man 1
man 1
man 1
man 1
man 1
man 1
man 1
man 1
man 1
man 1
man 1
man 1
man 1
man 1
man 1
man 1
man 1
man 1
man 1
man 1
man 1
man 1
man 1
man 1
man 1
man 1
man 1
man 1
man 1
man 1
man 1
man 1
man 1
man 1
man 1
man 1
man 1
man 1
man 1
man 1
man 1
man 1
man 1
man 1
man 1
man 1
man 1
man 1
man 1
man 1
man 1
man 1
man 1
man 1
man 1
man 1
man 1
man 1
man 1
man 1
man 1
man 1
man 1
man 1
man 1
man 1
man 1
man 1
man 1
man 1
man 1
man 1
man 1
man 1
man 1
man 1
man 1
man 1
man 1
man 1
man 1
man 1
man 1
man 1
man 1
man 1
man 1
man 1
man 1
man 1
man 1
man 1
man 1
man 1
man 1
man 1
man 1
man 1
man 1
man 1
man 1
man 1
man 1
man 1
man 1
man 1
man 1
man 1
man 1
man 1
man 1
man 1
man 1
man 1
man 1
man 1
man 1
man 1
man 1
man 1
man 1
man 1
man 1
man 1
man 1
man 1
man 1
man 1
married 1
married 1
married 1
married 1
maximum 1
medicine 1
meetin 1
men 1
men 1
men 1
men 1
men 1
men 1
men 1
men 1
men 1
men 1
men 1
men 1
men 1
men 1
men 1
men 1
men 1
men 1
men 1
men 1
men 1
men 1
men 1
men 1
men 1
men 1
men 1
men 1
men 1
men 1
men 1
men 1
men 1
men 1
men 1
men 1
men 1
men 1
men 1
men 1
men 1
men 1
men 1
men 1
men 1
men 1
men 1
men 1
men 1
men 1
men 1
men 1
men 1
men 1
men 1
men 1
men 1
men 1
men 1
men 1
men 1
men 1
men 1
men 1
men 1
men 1
men 1
men 1
men 1
men 1
men 1
men 1
met 1
met 1
met 1
met 1
mistake 1
mistake 1
mistake 1
mistake 1
mistake 1
mistake 1
mistake 1
mistake 1
mistake 1
mix 1
mix 1
mix 1
moaned 1
moccasins 1
moccasins 1
moccasins 1
monstrous 1
monstrous 1
monstrous 1
monstrous 1
monstrous 1
monstrous 1
monstrous 1
monstrous 1
monstrous 1
morning 1
morning 1
morning 1
morning 1
morning 1
morning 1
morning 1
morning 1
morning 1
morning 1
morning 1
morning 1
morning 1
morning 1
morning 1
morning 1
morning 1
morning 1
morning 1
morning 1
morning 1
morning 1
morning 1
morning 1
morning 1
morning 1
morning 1
morning 1
morning 1
morning 1
morning 1
morning 1
morning 1
morning 1
morning 1
morning 1
morning 1
morning 1
morning 1
morning 1
morning 1
morning 1
morning 1
morning 1
morning 1
morning 1
morning 1
morning 1
morning 1
morning 1
morrow 1
morrow 1
morrow 1
morrow 1
mud 1
mud 1
mud 1
mud 1
mud 1
mud 1
mud 1
mud 1
mud 1
mulatter 1
muleheaded 1
mumps 1
mumps 1
mumps 1
mumps 1
mumps 1
mumps 1
mumps 1
mumps 1
murdered 1
murdered 1
murdered 1
murdered 1
murdered 1
mysef 1
mysef 1
mysef 1
nest 1
nest 1
nest 1
nest 1
never 1
never 1
never 1
never 1
never 1
never 1
never 1
never 1
never 1
never 1
never 1
never 1
never 1
never 1
never 1
never 1
never 1
never 1
never 1
never 1
never 1
never 1
never 1
never 1
never 1
never 1
never 1
never 1
never 1
never 1
never 1
never 1
never 1
never 1
never 1
never 1
never 1
never 1
never 1
never 1
never 1
never 1
never 1
never 1
never 1
never 1
never 1
never 1
never 1
never 1
never 1
never 1
never 1
never 1
never 1
never 1
never 1
never 1
never 1
never 1
never 1
never 1
never 1
never 1
never 1
never 1
never 1
never 1
never 1
never 1
never 1
never 1
never 1
never 1
never 1
never 1
never 1
never 1
never 1
never 1
never 1
never 1
never 1
never 1
never 1
never 1
never 1
never 1
never 1
never 1
never 1
never 1
never 1
never 1
never 1
never 1
never 1
never 1
never 1
never 1
never 1
never 1
never 1
never 1
never 1
never 1
never 1
never 1
never 1
never 1
never 1
never 1
never 1
never 1
never 1
never 1
never 1
never 1
never 1
never 1
never 1
never 1
never 1
never 1
never 1
never 1
never 1
never 1
never 1
never 1
never 1
never 1
never 1
never 1
never 1
never 1
never 1
never 1
never 1
never 1
never 1
never 1
never 1
never 1
never 1
never 1
never 1
never 1
never 1
never 1
never 1
never 1
never 1
never 1
never 1
never 1
never 1
never 1
never 1
never 1
never 1
never 1
never 1
never 1
never 1
never 1
never 1
never 1
never 1
never 1
never 1
never 1
never 1
never 1
never 1
never 1
never 1
never 1
never 1
never 1
never 1
never 1
never 1
never 1
never 1
never 1
never 1
never 1
never 1
never 1
nonproprietary 1
noticed 1
noticed 1
noticed 1
noticed 1
noticed 1
noticed 1
noticed 1
noticed 1
noticed 1
noticed 1
noticed 1
noticed 1
noticed 1
noticed 1
noticed 1
noticed 1
noticed 1
noticed 1
noticed 1
now 1
now 1
now 1
now 1
now 1
now 1
now 1
now 1
now 1
now 1
now 1
now 1
now 1
now 1
now 1
now 1
now 1
now 1
now 1
now 1
now 1
now 1
now 1
now 1
now 1
now 1
now 1
now 1
now 1
now 1
now 1
now 1
now 1
now 1
now 1
now 1
now 1
now 1
now 1
now 1
now 1
now 1
now 1
now 1
now 1
now 1
now 1
now 1
now 1
now 1
now 1
now 1
now 1
now 1
now 1
now 1
now 1
now 1
now 1
now 1
now 1
now 1
now 1
now 1
now 1
now 1
now 1
now 1
now 1
now 1
now 1
now 1
now 1
now 1
now 1
now 1
now 1
now 1
now 1
now 1
now 1
now 1
now 1
now 1
now 1
now 1
now 1
now 1
now 1
now 1
now 1
now 1
now 1
now 1
now 1
now 1
now 1
now 1
now 1
now 1
now 1
now 1
now 1
now 1
now 1
now 1
now 1
now 1
now 1
now 1
now 1
now 1
now 1
now 1
now 1
now 1
now 1
now 1
now 1
now 1
now 1
now 1
now 1
now 1
now 1
now 1
now 1
now 1
now 1
now 1
now 1
now 1
now 1
now 1
now 1
now 1
now 1
now 1
now 1
now 1
now 1
now 1
now 1
now 1
now 1
now 1
now 1
now 1
now 1
now 1
now 1
now 1
now 1
now 1
now 1
now 1
now 1
now 1
now 1
now 1
now 1
now 1
now 1
now 1
now 1
now 1
now 1
now 1
now 1
now 1
now 1
now 1
now 1
now 1
now 1
now 1
now 1
now 1
now 1
now 1
now 1
now 1
now 1
now 1
now 1
now 1
now 1
now 1
now 1
now 1
now 1
now 1
now 1
now 1
now 1
now 1
now 1
now 1
now 1
now 1
now 1
now 1
now 1
now 1
now 1
now 1
now 1
now 1
now 1
now 1
now 1
now 1
noway 1
noway 1
noway 1
nt 1
nt 1
nt 1
nting 1
nuts 1
nuts 1
nuts 1
oath 1
oath 1
oath 1
obeyed 1
oozing 1
opening 1
oppression 1
ordering 1
ordinary 1
ordinary 1
ostrich 1
other 1
other 1
other 1
other 1
other 1
other 1
other 1
other 1
other 1
other 1
other 1
other 1
other 1
other 1
other 1
other 1
other 1
other 1
other 1
other 1
other 1
other 1
other 1
other 1
other 1
other 1
other 1
other 1
other 1
other 1
other 1
other 1
other 1
other 1
other 1
other 1
other 1
other 1
other 1
other 1
other 1
other 1
other 1
other 1
other 1
other 1
other 1
other 1
other 1
other 1
other 1
other 1
other 1
other 1
other 1
other 1
other 1
other 1
other 1
other 1
other 1
other 1
other 1
other 1
other 1
other 1
other 1
other 1
other 1
other 1
other 1
other 1
other 1
other 1
other 1
other 1
other 1
other 1
other 1
other 1
other 1
other 1
other 1
other 1
other 1
other 1
other 1
other 1
other 1
other 1
other 1
other 1
other 1
other 1
other 1
other 1
other 1
other 1
other 1
other 1
other 1
other 1
other 1
other 1
other 1
other 1
other 1
other 1
other 1
other 1
other 1
other 1
other 1
other 1
other 1
other 1
other 1
other 1
other 1
other 1
other 1
other 1
other 1
other 1
other 1
other 1
other 1
other 1
other 1
other 1
other 1
other 1
other 1
other 1
other 1
other 1
other 1
other 1
other 1
other 1
other 1
other 1
other 1
other 1
other 1
other 1
other 1
other 1
other 1
other 1
other 1
other 1
other 1
other 1
other 1
other 1
other 1
other 1
other 1
other 1
other 1
oughter 1
out 1
out 1
out 1
out 1
out 1
out 1
out 1
out 1
out 1
out 1
out 1
out 1
out 1
out 1
out 1
out 1
out 1
out 1
out 1
out 1
out 1
out 1
out 1
out 1
out 1
out 1
out 1
out 1
out 1
out 1
out 1
out 1
out 1
out 1
out 1
out 1
out 1
out 1
out 1
out 1
out 1
out 1
out 1
out 1
out 1
out 1
out 1
out 1
out 1
out 1
out 1
out 1
out 1
out 1
out 1
out 1
out 1
out 1
out 1
out 1
out 1
out 1
out 1
out 1
out 1
out 1
out 1
out 1
out 1
out 1
out 1
out 1
out 1
out 1
out 1
out 1
out 1
out 1
out 1
out 1
out 1
out 1
out 1
out 1
out 1
out 1
out 1
out 1
out 1
out 1
out 1
out 1
out 1
out 1
out 1
out 1
out 1
out 1
out 1
out 1
out 1
out 1
out 1
out 1
out 1
out 1
out 1
out 1
out 1
out 1
out 1
out 1
out 1
out 1
out 1
out 1
out 1
out 1
out 1
out 1
out 1
out 1
out 1
out 1
out 1
out 1
out 1
out 1
out 1
out 1
out 1
out 1
out 1
out 1
out 1
out 1
out 1
out 1
out 1
out 1
out 1
out 1
out 1
out 1
out 1
out 1
out 1
out 1
out 1
out 1
out 1
out 1
out 1
out 1
out 1
out 1
out 1
out 1
out 1
out 1
out 1
out 1
out 1
out 1
out 1
out 1
out 1
out 1
out 1
out 1
out 1
out 1
out 1
out 1
out 1
out 1
out 1
out 1
out 1
out 1
out 1
out 1
out 1
out 1
out 1
out 1
out 1
out 1
out 1
out 1
out 1
out 1
out 1
out 1
out 1
out 1
out 1
out 1
out 1
out 1
out 1
out 1
out 1
out 1
out 1
out 1
out 1
out 1
out 1
out 1
out 1
out 1
out 1
out 1
out 1
out 1
out 1
out 1
out 1
out 1
out 1
out 1
out 1
out 1
out 1
out 1
out 1
out 1
out 1
out 1
out 1
out 1
out 1
out 1
out 1
out 1
out 1
out 1
out 1
out 1
out 1
out 1
out 1
out 1
out 1
out 1
out 1
out 1
out 1
out 1
out 1
out 1
out 1
out 1
out 1
out 1
out 1
out 1
out 1
out 1
out 1
out 1
out 1
out 1
out 1
out 1
out 1
out 1
out 1
out 1
out 1
out 1
out 1
out 1
out 1
out 1
out 1
out 1
out 1
out 1
out 1
out 1
out 1
out 1
out 1
out 1
out 1
out 1
out 1
out 1
out 1
out 1
out 1
out 1
out 1
out 1
out 1
out 1
out 1
out 1
out 1
out 1
out 1
out 1
out 1
out 1
out 1
out 1
out 1
out 1
out 1
out 1
out 1
out 1
out 1
out 1
out 1
out 1
out 1
out 1
out 1
out 1
out 1
out 1
out 1
out 1
out 1
out 1
out 1
out 1
out 1
out 1
out 1
out 1
out 1
out 1
out 1
out 1
out 1
out 1
out 1
out 1
out 1
out 1
out 1
out 1
out 1
out 1
out 1
out 1
out 1
out 1
out 1
out 1
out 1
out 1
out 1
out 1
out 1
out 1
out 1
out 1
out 1
out 1
out 1
out 1
out 1
out 1
out 1
out 1
out 1
out 1
out 1
out 1
out 1
out 1
out 1
out 1
out 1
out 1
out 1
out 1
out 1
out 1
out 1
out 1
out 1
out 1
out 1
out 1
out 1
out 1
out 1
out 1
out 1
out 1
out 1
out 1
out 1
out 1
out 1
out 1
out 1
out 1
out 1
out 1
out 1
out 1
out 1
out 1
out 1
out 1
out 1
out 1
out 1
out 1
out 1
out 1
out 1
out 1
out 1
out 1
out 1
out 1
out 1
out 1
out 1
out 1
out 1
out 1
out 1
out 1
out 1
out 1
out 1
out 1
out 1
out 1
out 1
out 1
out 1
out 1
out 1
out 1
out 1
out 1
out 1
out 1
out 1
out 1
out 1
out 1
out 1
out 1
out 1
out 1
out 1
out 1
out 1
out 1
out 1
out 1
out 1
out 1
out 1
out 1
out 1
out 1
out 1
out 1
out 1
out 1
out 1
out 1
out 1
out 1
out 1
out 1
out 1
out 1
out 1
out 1
out 1
out 1
out 1
out 1
out 1
out 1
out 1
out 1
out 1
out 1
out 1
out 1
out 1
out 1
out 1
out 1
out 1
out 1
out 1
out 1
out 1
out 1
out 1
out 1
out 1
out 1
out 1
out 1
out 1
out 1
out 1
out 1
out 1
out 1
out 1
out 1
out 1
out 1
out 1
out 1
out 1
out 1
out 1
out 1
out 1
out 1
out 1
out 1
out 1
out 1
out 1
out 1
out 1
out 1
out 1
out 1
out 1
out 1
out 1
out 1
out 1
out 1
out 1
out 1
out 1
out 1
out 1
out 1
out 1
out 1
out 1
out 1
out 1
out 1
out 1
out 1
out 1
out 1
out 1
out 1
out 1
out 1
out 1
out 1
out 1
out 1
out 1
out 1
out 1
out 1
out 1
out 1
out 1
out 1
out 1
out 1
out 1
out 1
out 1
out 1
out 1
out 1
out 1
out 1
out 1
out 1
out 1
out 1
out 1
out 1
out 1
out 1
out 1
out 1
out 1
out 1
out 1
out 1
out 1
out 1
out 1
out 1
out 1
out 1
out 1
out 1
out 1
out 1
out 1
out 1
out 1
out 1
out 1
out 1
out 1
out 1
out 1
out 1
out 1
out 1
out 1
out 1
out 1
out 1
out 1
out 1
out 1
out 1
out 1
out 1
out 1
out 1
out 1
out 1
out 1
out 1
out 1
out 1
out 1
out 1
out 1
out 1
out 1
out 1
out 1
out 1
out 1
out 1
out 1
out 1
out 1
out 1
out 1
out 1
out 1
out 1
out 1
out 1
out 1
out 1
out 1
out 1
out 1
out 1
out 1
out 1
out 1
out 1
out 1
out 1
out 1
out 1
out 1
out 1
out 1
out 1
out 1
out 1
out 1
out 1
out 1
out 1
out 1
out 1
out 1
out 1
out 1
out 1
out 1
out 1
out 1
out 1
out 1
out 1
out 1
out 1
out 1
out 1
out 1
out 1
out 1
out 1
out 1
out 1
out 1
out 1
out 1
out 1
out 1
out 1
out 1
out 1
out 1
out 1
out 1
out 1
out 1
out 1
out 1
out 1
out 1
out 1
out 1
out 1
out 1
out 1
out 1
out 1
out 1
out 1
out 1
out 1
out 1
out 1
out 1
out 1
out 1
out 1
out 1
out 1
out 1
out 1
out 1
out 1
out 1
out 1
out 1
out 1
out 1
out 1
out 1
out 1
out 1
out 1
out 1
out 1
out 1
out 1
out 1
out 1
out 1
out 1
out 1
out 1
out 1
out 1
out 1
out 1
out 1
out 1
out 1
out 1
out 1
out 1
out 1
out 1
out 1
out 1
out 1
out 1
out 1
out 1
out 1
out 1
out 1
out 1
out 1
out 1
out 1
out 1
out 1
out 1
out 1
out 1
out 1
out 1
out 1
out 1
out 1
out 1
out 1
out 1
out 1
out 1
out 1
out 1
out 1
out 1
out 1
out 1
out 1
out 1
out 1
out 1
out 1
out 1
out 1
out 1
out 1
out 1
out 1
out 1
out 1
out 1
out 1
out 1
out 1
out 1
outdated 1
overslept 1
paid 1
paid 1
paid 1
paid 1
paid 1
paid 1
paid 1
paid 1
paid 1
paid 1
pallet 1
pallet 1
pallet 1
paper 1
paper 1
paper 1
paper 1
paper 1
paper 1
paper 1
paper 1
paper 1
paper 1
paper 1
paper 1
paper 1
paper 1
paper 1
paper 1
paper 1
paper 1
paper 1
paper 1
paper 1
paper 1
paper 1
paper 1
paper 1
paper 1
pardon 1
parlor 1
parlor 1
parlor 1
parlor 1
parlor 1
parlor 1
parlor 1
parlor 1
passageways 1
patent 1
paw 1
paw 1
pawing 1
pay 1
pay 1
pay 1
pay 1
pay 1
pay 1
pay 1
pay 1
pay 1
pay 1
pay 1
pay 1
pay 1
pay 1
pay 1
pay 1
permanent 1
persons 1
pets 1
pets 1
piece 1
piece 1
piece 1
piece 1
piece 1
piece 1
piece 1
piece 1
piece 1
piece 1
piece 1
piece 1
piece 1
piece 1
piece 1
piece 1
piece 1
piece 1
piece 1
piece 1
piece 1
piece 1
piece 1
piece 1
piece 1
piece 1
piece 1
piece 1
piece 1
piece 1
piece 1
piece 1
piece 1
piece 1
piece 1
piece 1
piece 1
piece 1
piece 1
piece 1
piece 1
piece 1
piece 1
piece 1
pilot 1
pilot 1
pilot 1
pilot 1
pipe 1
pipe 1
pipe 1
pipe 1
pipe 1
pipe 1
pipe 1
pipe 1
pipe 1
plantation 1
plantation 1
plantation 1
plantation 1
plantation 1
plantation 1
planted 1
plastered 1
platforms 1
playing 1
playing 1
playing 1
plow 1
plumes 1
plunk 1
plunk 1
polished 1
pow 1
pow 1
practically 1
prettiest 1
prettiest 1
pretty 1
pretty 1
pretty 1
pretty 1
pretty 1
pretty 1
pretty 1
pretty 1
pretty 1
pretty 1
pretty 1
pretty 1
pretty 1
pretty 1
pretty 1
pretty 1
pretty 1
pretty 1
pretty 1
pretty 1
pretty 1
pretty 1
pretty 1
pretty 1
pretty 1
pretty 1
pretty 1
pretty 1
pretty 1
pretty 1
pretty 1
pretty 1
pretty 1
pretty 1
pretty 1
pretty 1
pretty 1
pretty 1
pretty 1
pretty 1
pretty 1
pretty 1
pretty 1
pretty 1
pretty 1
pretty 1
pretty 1
pretty 1
pretty 1
pretty 1
pretty 1
pretty 1
pretty 1
pretty 1
pretty 1
pretty 1
pretty 1
pretty 1
pretty 1
pretty 1
pretty 1
pretty 1
pretty 1
pretty 1
pretty 1
pretty 1
pretty 1
pretty 1
pretty 1
pretty 1
pretty 1
pretty 1
pretty 1
pretty 1
pretty 1
pretty 1
pretty 1
pretty 1
pretty 1
pretty 1
pretty 1
pretty 1
pretty 1
pretty 1
pretty 1
pretty 1
pretty 1
pretty 1
pretty 1
pretty 1
pretty 1
pretty 1
pretty 1
pretty 1
pretty 1
pretty 1
pretty 1
pretty 1
pretty 1
pretty 1
pretty 1
pretty 1
pretty 1
pretty 1
pretty 1
pretty 1
pretty 1
pretty 1
pretty 1
pretty 1
pretty 1
pretty 1
pretty 1
pretty 1
pretty 1
pretty 1
pretty 1
pretty 1
pretty 1
pretty 1
pretty 1
pretty 1
pretty 1
pretty 1
pretty 1
pretty 1
pretty 1
pretty 1
pretty 1
pretty 1
pretty 1
pretty 1
pretty 1
pretty 1
pretty 1
pretty 1
pretty 1
pretty 1
pretty 1
pretty 1
pretty 1
pretty 1
prevent 1
prowling 1
prowling 1
prowling 1
prowling 1
puddle 1
purpose 1
purpose 1
pushing 1
puttin 1
quarrel 1
queen 1
quicksilver 1
quicksilver 1
quietus 1
r 1
r 1
r 1
r 1
r 1
r 1
r 1
r 1
r 1
r 1
r 1
r 1
rabs 1
rabs 1
rabs 1
rabs 1
rabs 1
raffs 1
ragged 1
ragged 1
ragged 1
raging 1
raging 1
raging 1
raging 1
raging 1
readable 1
readable 1
real 1
real 1
real 1
real 1
real 1
real 1
real 1
real 1
real 1
real 1
real 1
real 1
real 1
real 1
real 1
real 1
real 1
receiving 1
recommend 1
regardless 1
region 1
regular 1
regular 1
regular 1
regular 1
regular 1
regular 1
regular 1
regular 1
regular 1
regular 1
regular 1
regular 1
regular 1
regular 1
regular 1
regular 1
regular 1
regular 1
regular 1
regular 1
remembered 1
remembered 1
representing 1
representing 1
representing 1
rers 1
res 1
res 1
res 1
res 1
respectable 1
respectable 1
river 1
river 1
river 1
river 1
river 1
river 1
river 1
river 1
river 1
river 1
river 1
river 1
river 1
river 1
river 1
river 1
river 1
river 1
river 1
river 1
river 1
river 1
river 1
river 1
river 1
river 1
river 1
river 1
river 1
river 1
river 1
river 1
river 1
river 1
river 1
river 1
river 1
river 1
river 1
river 1
river 1
river 1
river 1
river 1
river 1
river 1
river 1
river 1
river 1
river 1
river 1
river 1
river 1
river 1
river 1
river 1
river 1
river 1
river 1
river 1
river 1
river 1
river 1
river 1
river 1
river 1
river 1
river 1
river 1
river 1
river 1
river 1
river 1
river 1
river 1
river 1
river 1
river 1
river 1
river 1
river 1
river 1
river 1
river 1
river 1
river 1
river 1
river 1
river 1
river 1
river 1
river 1
river 1
river 1
river 1
river 1
river 1
river 1
river 1
river 1
river 1
river 1
river 1
river 1
river 1
river 1
river 1
river 1
river 1
river 1
river 1
river 1
river 1
river 1
river 1
river 1
river 1
river 1
river 1
river 1
river 1
river 1
river 1
river 1
river 1
river 1
river 1
river 1
river 1
river 1
river 1
river 1
river 1
river 1
river 1
river 1
river 1
river 1
river 1
river 1
romantical 1
root 1
roped 1
roped 1
roused 1
royalties 1
royalties 1
royalty 1
rubbage 1
rubbage 1
rubbage 1
rubbage 1
rubbage 1
rubbage 1
rubbage 1
rubbage 1
rummies 1
rustling 1
sailed 1
sailed 1
salt 1
salt 1
satisfaction 1
satisfaction 1
satisfaction 1
sawed 1
sawed 1
sawed 1
sawed 1
sawed 1
sawed 1
sawed 1
sawed 1
sawed 1
sawlogs 1
scene 1
schoolhouse 1
scrape 1
scrape 1
scrape 1
scrape 1
scratch 1
scratch 1
scratch 1
scratch 1
scratch 1
scratch 1
scratch 1
scratch 1
screw 1
screw 1
scutcheon 1
secret 1
secret 1
secret 1
secret 1
secret 1
secret 1
secret 1
secret 1
sef 1
seized 1
sell 1
sell 1
sell 1
sell 1
sell 1
sell 1
sell 1
sell 1
sell 1
sell 1
sell 1
sell 1
sell 1
sell 1
sell 1
sell 1
sell 1
sell 1
seneskal 1
seneskal 1
seventy 1
seventy 1
shake 1
shake 1
shake 1
shake 1
shake 1
shake 1
shake 1
shake 1
shake 1
shed 1
shed 1
shed 1
shed 1
shed 1
shed 1
shed 1
shed 1
shed 1
shed 1
shed 1
shingle 1
shingle 1
shingle 1
shingle 1
shingle 1
ship 1
ship 1
ship 1
shipping 1
shirt 1
shirt 1
shirt 1
shirt 1
shirt 1
shirt 1
shirt 1
shirt 1
shirt 1
shirt 1
shirt 1
shirt 1
shirt 1
shirt 1
shirt 1
shirt 1
shirt 1
shirt 1
shirt 1
shirt 1
shirt 1
shirt 1
shoes 1
shoes 1
shoes 1
shotgun 1
shouldering 1
shouted 1
shouted 1
shouted 1
shouts 1
shouts 1
shovels 1
shovels 1
shovels 1
shovels 1
sick 1
sick 1
sick 1
sick 1
sick 1
sick 1
sick 1
sick 1
sick 1
sick 1
sick 1
sick 1
sick 1
sick 1
sick 1
sick 1
sick 1
sick 1
sick 1
sick 1
sick 1
sick 1
sick 1
sick 1
sick 1
sick 1
sick 1
sick 1
sick 1
sick 1
sick 1
sick 1
sick 1
sick 1
simmons 1
simmons 1
sin 1
sin 1
sin 1
sin 1
sin 1
since 1
since 1
since 1
since 1
since 1
since 1
since 1
since 1
since 1
since 1
since 1
since 1
since 1
sister 1
sister 1
sister 1
sister 1
sizes 1
slept 1
slept 1
slept 1
slept 1
slept 1
slept 1
slept 1
slept 1
slept 1
slept 1
slept 1
slick 1
slick 1
slick 1
slick 1
slick 1
slobbers 1
smells 1
smooth 1
smooth 1
snaked 1
snaked 1
snaked 1
snatched 1
snatched 1
sobbing 1
sobbing 1
sobbing 1
sobbing 1
sockdolager 1
softened 1
softened 1
softened 1
soiled 1
some 1
some 1
some 1
some 1
some 1
some 1
some 1
some 1
some 1
some 1
some 1
some 1
some 1
some 1
some 1
some 1
some 1
some 1
some 1
some 1
some 1
some 1
some 1
some 1
some 1
some 1
some 1
some 1
some 1
some 1
some 1
some 1
some 1
some 1
some 1
some 1
some 1
some 1
some 1
some 1
some 1
some 1
some 1
some 1
some 1
some 1
some 1
some 1
some 1
some 1
some 1
some 1
some 1
some 1
some 1
some 1
some 1
some 1
some 1
some 1
some 1
some 1
some 1
some 1
some 1
some 1
some 1
some 1
some 1
some 1
some 1
some 1
some 1
some 1
some 1
some 1
some 1
some 1
some 1
some 1
some 1
some 1
some 1
some 1
some 1
some 1
some 1
some 1
some 1
some 1
some 1
some 1
some 1
some 1
some 1
some 1
some 1
some 1
some 1
some 1
some 1
some 1
some 1
some 1
some 1
some 1
some 1
some 1
some 1
some 1
some 1
some 1
some 1
some 1
some 1
some 1
some 1
some 1
some 1
some 1
some 1
some 1
some 1
some 1
some 1
some 1
some 1
some 1
some 1
some 1
some 1
some 1
some 1
some 1
some 1
some 1
some 1
some 1
some 1
some 1
some 1
some 1
some 1
some 1
some 1
some 1
some 1
some 1
some 1
some 1
some 1
some 1
some 1
some 1
some 1
some 1
some 1
some 1
some 1
some 1
some 1
some 1
some 1
some 1
some 1
some 1
some 1
some 1
some 1
some 1
some 1
some 1
some 1
some 1
some 1
some 1
some 1
some 1
some 1
some 1
some 1
some 1
some 1
some 1
some 1
some 1
some 1
some 1
something 1
something 1
something 1
something 1
something 1
something 1
something 1
something 1
something 1
something 1
something 1
something 1
something 1
something 1
something 1
something 1
something 1
something 1
something 1
something 1
something 1
something 1
something 1
something 1
something 1
something 1
something 1
something 1
something 1
something 1
something 1
something 1
something 1
something 1
something 1
something 1
something 1
something 1
something 1
something 1
something 1
something 1
something 1
something 1
something 1
something 1
something 1
something 1
something 1
something 1
something 1
something 1
something 1
something 1
something 1
something 1
something 1
something 1
something 1
something 1
something 1
something 1
something 1
something 1
something 1
something 1
something 1
something 1
something 1
something 1
something 1
something 1
something 1
something 1
something 1
something 1
something 1
something 1
something 1
something 1
something 1
something 1
something 1
something 1
something 1
something 1
something 1
something 1
something 1
something 1
something 1
something 1
sot 1
sot 1
sot 1
sot 1
sot 1
speaking 1
speck 1
speck 1
speck 1
speculate 1
speculate 1
spilt 1
split 1
split 1
split 1
split 1
split 1
spoke 1
spoke 1
spoke 1
spoke 1
spoke 1
spoke 1
spoke 1
squeezed 1
squeezed 1
squirting 1
stack 1
stack 1
stack 1
stack 1
staff 1
stan 1
stan 1
stan 1
stan 1
standing 1
standing 1
standing 1
standing 1
standing 1
standing 1
standing 1
standing 1
standing 1
standing 1
standing 1
standing 1
standing 1
standing 1
standing 1
standing 1
standing 1
standing 1
standing 1
starting 1
starting 1
starting 1
starting 1
starting 1
starting 1
starting 1
stealthiest 1
stiff 1
stiff 1
stiff 1
still 1
still 1
still 1
still 1
still 1
still 1
still 1
still 1
still 1
still 1
still 1
still 1
still 1
still 1
still 1
still 1
still 1
still 1
still 1
still 1
still 1
still 1
still 1
still 1
still 1
still 1
still 1
still 1
still 1
still 1
still 1
still 1
still 1
still 1
still 1
still 1
still 1
still 1
still 1
still 1
still 1
still 1
still 1
still 1
still 1
still 1
still 1
still 1
still 1
still 1
still 1
still 1
still 1
still 1
still 1
still 1
still 1
still 1
still 1
still 1
still 1
still 1
still 1
still 1
still 1
still 1
still 1
still 1
still 1
still 1
still 1
still 1
still 1
still 1
still 1
still 1
still 1
still 1
stock 1
stock 1
stock 1
stock 1
stock 1
stock 1
stock 1
stock 1
stock 1
stock 1
stock 1
stock 1
stomped 1
stopping 1
stopping 1
stopping 1
stopping 1
stragglers 1
streets 1
streets 1
streets 1
streets 1
streets 1
struck 1
struck 1
struck 1
struck 1
struck 1
struck 1
struck 1
struck 1
struck 1
struck 1
struck 1
struck 1
struck 1
struck 1
struck 1
struck 1
struck 1
struck 1
struck 1
struck 1
struck 1
struck 1
struck 1
struck 1
struck 1
struck 1
struck 1
struck 1
struck 1
struck 1
struck 1
struck 1
struck 1
struck 1
struck 1
struck 1
struck 1
struck 1
struck 1
struck 1
struck 1
struck 1
struck 1
struck 1
struck 1
struck 1
struck 1
struck 1
struck 1
struck 1
stuck 1
stuck 1
stuck 1
stuck 1
stuck 1
stuck 1
stuck 1
stuck 1
stuck 1
stuck 1
stuck 1
stuck 1
stuck 1
stuck 1
stuck 1
stuck 1
stuck 1
studied 1
studied 1
studied 1
studied 1
studied 1
studied 1
submit 1
succeeding 1
sucking 1
sugar 1
sugar 1
sugar 1
sugar 1
sugar 1
sunset 1
surge 1
surprising 1
suspicioned 1
suspicioned 1
suspicioned 1
swapped 1
swapped 1
sweetest 1
sweetest 1
swelled 1
swelled 1
swelled 1
swords 1
swords 1
swords 1
swore 1
swore 1
swore 1
sympathized 1
table 1
table 1
table 1
table 1
table 1
table 1
table 1
table 1
table 1
table 1
table 1
table 1
table 1
table 1
table 1
table 1
table 1
table 1
table 1
table 1
table 1
table 1
table 1
taller 1
tarred 1
tattooed 1
tattooed 1
tattooed 1
teeth 1
teeth 1
teeth 1
teeth 1
teeth 1
teeth 1
teeth 1
teeth 1
teeth 1
themselves 1
themselves 1
themselves 1
themselves 1
themselves 1
themselves 1
thoo 1
thoo 1
tis 1
tis 1
tis 1
tis 1
tis 1
tooth 1
tooth 1
tooth 1
torches 1
towards 1
towards 1
towards 1
towards 1
towards 1
towards 1
towards 1
towards 1
towards 1
towards 1
towards 1
towards 1
towards 1
towards 1
towards 1
towards 1
towards 1
towards 1
towards 1
towards 1
towards 1
towards 1
towards 1
towards 1
towards 1
towards 1
towards 1
towards 1
towards 1
towards 1
towards 1
towards 1
towards 1
towards 1
towards 1
towards 1
towards 1
towards 1
towards 1
towards 1
towards 1
towards 1
towards 1
towards 1
towards 1
towards 1
towards 1
towards 1
towards 1
towards 1
towards 1
tracks 1
tracks 1
tracks 1
tracks 1
tracks 1
tracks 1
tracks 1
tracks 1
tracks 1
tracks 1
tracks 1
tragedy 1
tragedy 1
tragedy 1
tragedy 1
tragedy 1
train 1
tramp 1
tramp 1
tramp 1
tramp 1
tramp 1
tramp 1
tramp 1
tramp 1
tramp 1
traps 1
traps 1
traps 1
traps 1
traps 1
traps 1
traps 1
traps 1
treatment 1
treatment 1
tree 1
tree 1
tree 1
tree 1
tree 1
tree 1
tree 1
tree 1
tree 1
tree 1
tree 1
tree 1
tree 1
tree 1
tree 1
tree 1
tree 1
tree 1
tree 1
tree 1
tree 1
tremens 1
trust 1
trust 1
trust 1
trust 1
trust 1
trust 1
trust 1
twisted 1
twisted 1
twisted 1
twisted 1
um 1
um 1
um 1
um 1
um 1
um 1
um 1
um 1
um 1
um 1
um 1
um 1
um 1
um 1
um 1
um 1
um 1
um 1
um 1
um 1
uncommon 1
uncommon 1
uncommon 1
uncommon 1
uncommon 1
uncommon 1
unless 1
unless 1
unless 1
unless 1
unless 1
using 1
using 1
using 1
using 1
using 1
vale 1
valid 1
varieties 1
version 1
volume 1
vote 1
vote 1
vote 1
vote 1
vote 1
waistcoats 1
wall 1
wall 1
wall 1
wall 1
wall 1
wall 1
wall 1
wall 1
wall 1
wall 1
wall 1
wall 1
wall 1
wall 1
wall 1
wall 1
wall 1
wanderin 1
weight 1
whatever 1
whatever 1
whatever 1
whatever 1
whatever 1
whatever 1
whatever 1
whatever 1
whatever 1
whatever 1
wher 1
wher 1
wher 1
whitest 1
whoops 1
whoops 1
whoops 1
whoops 1
wickedness 1
wickedness 1
wigwam 1
wigwam 1
wigwam 1
wigwam 1
wigwam 1
wigwam 1
wigwam 1
wigwam 1
wigwam 1
wigwam 1
wigwam 1
wigwam 1
wigwam 1
wigwam 1
wigwam 1
wigwam 1
wigwam 1
wigwam 1
wigwam 1
wigwam 1
wind 1
wind 1
wind 1
wind 1
wind 1
wind 1
wind 1
wind 1
wind 1
wind 1
wind 1
wind 1
wind 1
winding 1
wit 1
wit 1
wit 1
witched 1
witched 1
wolves 1
wondered 1
wondered 1
wondered 1
woodboats 1
wooden 1
wooden 1
wooden 1
workin 1
woundin 1
wrenched 1
wuth 1
wuth 1
wuz 1
wuz 1
wuz 1
wuz 1
wuz 1
wuz 1
wuz 1
wuz 1
wuz 1
wuz 1
wuz 1
wuz 1
wuz 1
wuz 1
wuz 1
wuz 1
wuz 1
wuz 1
wuz 1
wuz 1
wuz 1
wuz 1
wuz 1
wuz 1
wuz 1
wuz 1
wuz 1
wuz 1
wuz 1
wuz 1
wuz 1
wuz 1
wuz 1
wuz 1
years 1
years 1
years 1
years 1
years 1
years 1
years 1
years 1
years 1
years 1
years 1
years 1
years 1
years 1
years 1
years 1
years 1
years 1
years 1
years 1
years 1
yelling 1
yelling 1
yelling 1
yelling 1
yelling 1
yelling 1
yelling 1
yelling 1
yelling 1
yer 1
yer 1
yer 1
yer 1
yer 1
yer 1
yer 1
yer 1
yer 1
yer 1
yer 1
yer 1
yer 1
yesterday 1
yesterday 1
yesterday 1
yesterday 1
yesterday 1
yesterday 1
yesterday 1
yesterday 1
yesterday 1
yesterday 1
yesterday 1
yit 1
yit 1
yit 1
yit 1
yit 1
yit 1
yit 1
yit 1
