A 1
A 1
A 1
A 1
A 1
A 1
A 1
A 1
A 1
A 1
A 1
A 1
A 1
A 1
A 1
A 1
A 1
A 1
A 1
A 1
A 1
A 1
A 1
A 1
A 1
A 1
A 1
A 1
A 1
A 1
A 1
A 1
A 1
A 1
A 1
A 1
A 1
A 1
A 1
A 1
A 1
A 1
A 1
A 1
A 1
A 1
A 1
A 1
A 1
A 1
A 1
A 1
A 1
A 1
A 1
A 1
A 1
A 1
A 1
A 1
A 1
A 1
A 1
A 1
A 1
A 1
A 1
A 1
A 1
A 1
A 1
A 1
A 1
A 1
A 1
A 1
A 1
A 1
A 1
A 1
A 1
A 1
A 1
ADVENTURES 1
AUTHOR 1
Abolitionist 1
About 1
About 1
About 1
About 1
About 1
About 1
About 1
About 1
About 1
About 1
About 1
Abram 1
Abram 1
Alas 1
Alas 1
Alas 1
Alas 1
Alas 1
Alas 1
Alas 1
Alas 1
All 1
All 1
All 1
All 1
All 1
All 1
All 1
All 1
All 1
All 1
All 1
All 1
All 1
All 1
All 1
All 1
All 1
All 1
All 1
All 1
All 1
All 1
All 1
All 1
All 1
All 1
All 1
All 1
All 1
All 1
All 1
All 1
All 1
All 1
All 1
All 1
All 1
All 1
All 1
All 1
All 1
All 1
All 1
All 1
All 1
All 1
Also 1
Apthorps 1
Apthorps 1
Apthorps 1
Araminta 1
Arms 1
Arms 1
August 1
BY 1
BY 1
Back 1
Back 1
Bessie 1
Bless 1
Bless 1
Bless 1
Bless 1
Brer 1
Brer 1
Brer 1
Brer 1
Brought 1
Bulrushers 1
Bulrushers 1
Bulrushers 1
Chief 1
Clumbus 1
Comrade 1
Contributions 1
Course 1
DISTRIBUTOR 1
DONATIONS 1
Defect 1
Den 1
Den 1
Den 1
Den 1
Den 1
Den 1
Den 1
Dick 1
Digging 1
Dogs 1
Doxologer 1
England 1
England 1
England 1
England 1
England 1
England 1
England 1
England 1
England 1
England 1
England 1
England 1
England 1
England 1
England 1
Escape 1
Escape 1
European 1
Every 1
Every 1
Every 1
Every 1
Every 1
Every 1
Every 1
Every 1
Every 1
Every 1
Every 1
Every 1
Everybody 1
Everybody 1
Everybody 1
Everybody 1
Everybody 1
Everybody 1
Everybody 1
Everybody 1
Everybody 1
Everybody 1
Everybody 1
Everybody 1
Everybody 1
Everybody 1
Everybody 1
Everybody 1
Everybody 1
Everybody 1
Everybody 1
Finding 1
Folks 1
Foundation 1
Foundation 1
Foundation 1
Foundation 1
Foundation 1
Foundation 1
Foundation 1
Foundation 1
Foundation 1
Foundation 1
Foundation 1
Foundation 1
Foundation 1
Foundation 1
Foundation 1
Foundation 1
Foundation 1
Foundation 1
Foundation 1
Foundation 1
Foundation 1
Foundation 1
Foundation 1
Foundation 1
Full 1
Full 1
Funeral 1
Funeral 1
Funeral 1
Garrick 1
Garrick 1
Garrick 1
Garrick 1
Ghost 1
Glory 1
Glory 1
Glory 1
Glory 1
Glory 1
Gregory 1
Harkness 1
Harkness 1
Harkness 1
Harmless 1
Hart 1
Hart 1
Harvey 1
Harvey 1
Harvey 1
Harvey 1
Harvey 1
Harvey 1
Harvey 1
Harvey 1
Harvey 1
Harvey 1
Harvey 1
Harvey 1
Harvey 1
Harvey 1
Harvey 1
Harvey 1
Harvey 1
Harvey 1
Harvey 1
Harvey 1
Harvey 1
Harvey 1
He 1
He 1
He 1
He 1
He 1
He 1
He 1
He 1
He 1
He 1
He 1
He 1
He 1
He 1
He 1
He 1
He 1
He 1
He 1
He 1
He 1
He 1
He 1
He 1
He 1
He 1
He 1
He 1
He 1
He 1
He 1
He 1
He 1
He 1
He 1
He 1
He 1
He 1
He 1
He 1
He 1
He 1
He 1
He 1
He 1
He 1
He 1
He 1
He 1
He 1
He 1
He 1
He 1
He 1
He 1
He 1
He 1
He 1
He 1
He 1
He 1
He 1
He 1
He 1
He 1
He 1
He 1
He 1
He 1
He 1
He 1
He 1
He 1
He 1
He 1
He 1
He 1
He 1
He 1
He 1
He 1
He 1
He 1
He 1
He 1
He 1
He 1
He 1
He 1
He 1
He 1
He 1
He 1
He 1
He 1
He 1
He 1
He 1
He 1
He 1
He 1
He 1
He 1
He 1
He 1
He 1
He 1
He 1
He 1
He 1
He 1
He 1
He 1
He 1
He 1
He 1
He 1
He 1
He 1
He 1
He 1
He 1
He 1
He 1
He 1
He 1
He 1
He 1
He 1
He 1
He 1
He 1
He 1
He 1
He 1
He 1
He 1
He 1
He 1
He 1
He 1
He 1
He 1
He 1
He 1
He 1
He 1
He 1
He 1
He 1
He 1
He 1
He 1
He 1
He 1
He 1
He 1
He 1
He 1
He 1
He 1
He 1
He 1
He 1
He 1
He 1
He 1
He 1
He 1
He 1
He 1
He 1
He 1
He 1
He 1
He 1
He 1
He 1
He 1
He 1
He 1
He 1
He 1
He 1
He 1
He 1
He 1
He 1
He 1
He 1
He 1
He 1
He 1
He 1
He 1
He 1
He 1
He 1
He 1
He 1
He 1
He 1
He 1
He 1
He 1
He 1
He 1
He 1
He 1
He 1
He 1
He 1
He 1
He 1
He 1
He 1
He 1
He 1
He 1
He 1
He 1
He 1
He 1
He 1
He 1
He 1
He 1
He 1
He 1
He 1
He 1
He 1
He 1
He 1
He 1
He 1
He 1
He 1
He 1
He 1
He 1
He 1
He 1
He 1
He 1
He 1
He 1
He 1
He 1
He 1
He 1
He 1
He 1
He 1
He 1
He 1
He 1
He 1
He 1
He 1
He 1
He 1
He 1
He 1
He 1
He 1
He 1
He 1
He 1
He 1
He 1
He 1
He 1
He 1
He 1
He 1
He 1
He 1
He 1
He 1
He 1
He 1
He 1
He 1
He 1
He 1
He 1
He 1
He 1
He 1
He 1
Hebrew 1
Hebrew 1
Hel 1
Hel 1
Honey 1
IN 1
IN 1
IN 1
IN 1
If 1
If 1
If 1
If 1
If 1
If 1
If 1
If 1
If 1
If 1
If 1
If 1
If 1
If 1
If 1
If 1
If 1
If 1
If 1
If 1
If 1
If 1
If 1
If 1
If 1
If 1
If 1
If 1
If 1
If 1
If 1
If 1
If 1
If 1
If 1
If 1
If 1
If 1
If 1
If 1
If 1
If 1
If 1
If 1
If 1
If 1
If 1
If 1
If 1
If 1
If 1
If 1
If 1
If 1
If 1
If 1
If 1
If 1
If 1
If 1
If 1
If 1
If 1
If 1
If 1
If 1
If 1
If 1
If 1
If 1
If 1
If 1
If 1
If 1
Indeed 1
Indian 1
Indian 1
Indian 1
Indian 1
Jimminy 1
Keeping 1
Lake 1
Layin 1
Let 1
Let 1
Let 1
Let 1
Let 1
Let 1
Letters 1
Letters 1
Liberality 1
License 1
License 1
License 1
License 1
License 1
License 1
License 1
License 1
License 1
License 1
Lit 1
Loftus 1
Loll 1
Lordship 1
March 1
Marry 1
Methusalem 1
Mooning 1
Most 1
Most 1
Most 1
Most 1
Muddy 1
NEGLIGENCE 1
Nearly 1
Nemmine 1
Newby 1
Newrleans 1
News 1
Next 1
Next 1
Next 1
Next 1
Next 1
Next 1
Next 1
Next 1
Next 1
Next 1
Next 1
Next 1
Next 1
Next 1
Next 1
Next 1
Next 1
Next 1
Not 1
Not 1
Not 1
Not 1
Not 1
Not 1
Not 1
Not 1
Not 1
Not 1
Odd 1
On 1
On 1
On 1
On 1
On 1
On 1
On 1
On 1
On 1
On 1
POSSIBILITY 1
Pap 1
Pap 1
Pap 1
Pap 1
Pap 1
Pap 1
Pap 1
Pap 1
Pap 1
Pap 1
Pap 1
Pap 1
Pap 1
Philadelphia 1
Pitchiola 1
Plotters 1
Poetical 1
Political 1
Practizing 1
Prisoners 1
Prisoners 1
Properly 1
Rachel 1
Reforming 1
Reforming 1
Release 1
Rev 1
Rev 1
Reverend 1
Reverend 1
Revival 1
Revival 1
STRICT 1
Sawdust 1
Sawyer 1
Sawyer 1
Sawyer 1
Sawyer 1
Sawyer 1
Sawyer 1
Sawyer 1
Sawyer 1
Sawyer 1
Sawyer 1
Sawyer 1
Sawyer 1
Sawyer 1
Sawyer 1
Sawyer 1
Sawyer 1
Sawyer 1
Sawyer 1
Sawyer 1
Sawyer 1
Sawyer 1
Sawyer 1
Sawyer 1
Sawyer 1
Sawyer 1
Sawyer 1
Sawyer 1
Sawyer 1
Sawyer 1
Sawyer 1
Sawyer 1
Sawyer 1
Sawyer 1
Sawyer 1
Sawyer 1
Sawyer 1
Sawyer 1
Sawyer 1
Sawyer 1
Sawyer 1
Sawyer 1
Sawyer 1
Sawyer 1
Sawyer 1
Sawyer 1
Sawyer 1
Sawyer 1
Sawyer 1
Sawyer 1
Sawyer 1
Sawyer 1
Sawyer 1
Sawyer 1
Sawyer 1
Saxon 1
Seemed 1
Service 1
Sh 1
Sh 1
Sh 1
Sh 1
Shooting 1
Shooting 1
Sis 1
Sis 1
Sis 1
Sis 1
Sis 1
Smouching 1
State 1
State 1
State 1
State 1
State 1
State 1
State 1
State 1
Stephen 1
Stephen 1
Stephen 1
Stephen 1
Stephen 1
Stephen 1
Stephen 1
Straw 1
Strawberries 1
Striking 1
Stump 1
Suspicious 1
THOSE 1
Tar 1
Tearful 1
Ten 1
Though 1
Tip 1
Tip 1
Tools 1
Tools 1
Tough 1
Truck 1
Twain 1
Twain 1
Twain 1
Twain 1
Twain 1
Twenty 1
Undertaker 1
Volunteers 1
Wants 1
Watchman 1
Watchman 1
Which 1
Which 1
Which 1
Which 1
Which 1
Which 1
White 1
White 1
Wonder 1
XIV 1
XIV 1
XIV 1
XIX 1
XIX 1
XVI 1
XVI 1
XVI 1
XVI 1
XXIII 1
XXIII 1
XXIX 1
XXIX 1
about 1
about 1
about 1
about 1
about 1
about 1
about 1
about 1
about 1
about 1
about 1
about 1
about 1
about 1
about 1
about 1
about 1
about 1
about 1
about 1
about 1
about 1
about 1
about 1
about 1
about 1
about 1
about 1
about 1
about 1
about 1
about 1
about 1
about 1
about 1
about 1
about 1
about 1
about 1
about 1
about 1
about 1
about 1
about 1
about 1
about 1
about 1
about 1
about 1
about 1
about 1
about 1
about 1
about 1
about 1
about 1
about 1
about 1
about 1
about 1
about 1
about 1
about 1
about 1
about 1
about 1
about 1
about 1
about 1
about 1
about 1
about 1
about 1
about 1
about 1
about 1
about 1
about 1
about 1
about 1
about 1
about 1
about 1
about 1
about 1
about 1
about 1
about 1
about 1
about 1
about 1
about 1
about 1
about 1
about 1
about 1
about 1
about 1
about 1
about 1
about 1
about 1
about 1
about 1
about 1
about 1
about 1
about 1
about 1
about 1
about 1
about 1
about 1
about 1
about 1
about 1
about 1
about 1
about 1
about 1
about 1
about 1
about 1
about 1
about 1
about 1
about 1
about 1
about 1
about 1
about 1
about 1
about 1
about 1
about 1
about 1
about 1
about 1
about 1
about 1
about 1
about 1
about 1
about 1
about 1
about 1
about 1
about 1
about 1
about 1
about 1
about 1
about 1
about 1
about 1
about 1
about 1
about 1
about 1
about 1
about 1
about 1
about 1
about 1
about 1
about 1
about 1
about 1
about 1
about 1
about 1
about 1
about 1
about 1
about 1
about 1
about 1
about 1
about 1
about 1
about 1
about 1
about 1
about 1
about 1
about 1
about 1
about 1
about 1
about 1
about 1
about 1
about 1
about 1
about 1
about 1
about 1
about 1
about 1
about 1
about 1
about 1
about 1
about 1
about 1
about 1
about 1
about 1
about 1
about 1
about 1
about 1
about 1
about 1
about 1
about 1
about 1
about 1
about 1
about 1
about 1
about 1
about 1
about 1
about 1
about 1
about 1
about 1
about 1
about 1
about 1
about 1
about 1
about 1
about 1
about 1
about 1
about 1
about 1
about 1
about 1
about 1
about 1
about 1
about 1
about 1
about 1
about 1
about 1
about 1
about 1
about 1
about 1
about 1
about 1
about 1
about 1
about 1
about 1
about 1
about 1
about 1
about 1
about 1
about 1
about 1
about 1
about 1
about 1
about 1
about 1
about 1
about 1
about 1
about 1
about 1
about 1
about 1
about 1
about 1
about 1
about 1
about 1
about 1
about 1
about 1
about 1
about 1
about 1
about 1
about 1
about 1
about 1
about 1
about 1
about 1
about 1
about 1
about 1
about 1
about 1
about 1
about 1
about 1
about 1
about 1
about 1
about 1
about 1
about 1
about 1
about 1
about 1
about 1
about 1
about 1
about 1
about 1
about 1
about 1
about 1
about 1
about 1
about 1
about 1
about 1
about 1
about 1
about 1
about 1
about 1
about 1
about 1
about 1
about 1
about 1
about 1
about 1
about 1
about 1
about 1
about 1
about 1
about 1
about 1
about 1
about 1
about 1
about 1
about 1
about 1
about 1
about 1
about 1
about 1
about 1
about 1
about 1
about 1
about 1
about 1
about 1
about 1
about 1
about 1
about 1
about 1
about 1
about 1
about 1
about 1
about 1
about 1
about 1
about 1
about 1
about 1
about 1
about 1
about 1
about 1
about 1
about 1
about 1
about 1
about 1
about 1
about 1
about 1
about 1
about 1
about 1
about 1
about 1
about 1
about 1
about 1
about 1
about 1
about 1
about 1
about 1
about 1
about 1
about 1
about 1
about 1
about 1
about 1
about 1
about 1
about 1
about 1
about 1
about 1
about 1
about 1
about 1
above 1
above 1
above 1
above 1
above 1
above 1
above 1
above 1
above 1
above 1
above 1
above 1
above 1
above 1
above 1
above 1
above 1
above 1
above 1
abroad 1
actions 1
acts 1
addling 1
admirable 1
adventures 1
adventures 1
adventures 1
adventures 1
adventures 1
afforded 1
against 1
against 1
against 1
against 1
against 1
against 1
against 1
against 1
against 1
against 1
against 1
against 1
against 1
against 1
against 1
against 1
against 1
against 1
against 1
against 1
against 1
against 1
against 1
against 1
against 1
aggravating 1
agwyne 1
agwyne 1
airy 1
alarm 1
alarm 1
alarm 1
alas 1
alas 1
allowances 1
allowances 1
allycumpain 1
amazing 1
amazing 1
amen 1
anear 1
ankle 1
ankle 1
ankle 1
answers 1
anyway 1
anyway 1
anyway 1
anyway 1
anyway 1
anyway 1
anyway 1
anyway 1
anyway 1
anyway 1
anyway 1
anyway 1
anyway 1
anyway 1
anyway 1
anyway 1
anyway 1
anyway 1
anyway 1
anyway 1
anyway 1
anyway 1
anyway 1
anyway 1
anyway 1
anyway 1
anyway 1
anyway 1
anyway 1
anyway 1
anyway 1
anyway 1
anyway 1
anyway 1
anyway 1
anyway 1
anyway 1
anyway 1
anyway 1
anyway 1
anyway 1
anyway 1
anyway 1
anyway 1
anyway 1
anyway 1
anyway 1
anyway 1
apologizing 1
applicable 1
applicable 1
applicable 1
around 1
around 1
around 1
around 1
around 1
around 1
around 1
around 1
around 1
around 1
around 1
around 1
around 1
around 1
around 1
around 1
around 1
around 1
around 1
around 1
around 1
around 1
around 1
around 1
around 1
around 1
around 1
around 1
around 1
around 1
around 1
around 1
around 1
around 1
around 1
around 1
around 1
around 1
around 1
around 1
around 1
around 1
around 1
around 1
around 1
around 1
around 1
around 1
around 1
around 1
around 1
around 1
around 1
around 1
around 1
around 1
around 1
around 1
around 1
around 1
around 1
around 1
around 1
around 1
around 1
around 1
around 1
around 1
around 1
around 1
around 1
around 1
around 1
around 1
around 1
around 1
around 1
around 1
around 1
around 1
around 1
around 1
around 1
around 1
around 1
around 1
around 1
around 1
around 1
around 1
around 1
around 1
around 1
around 1
around 1
around 1
around 1
around 1
around 1
around 1
around 1
around 1
around 1
around 1
around 1
around 1
around 1
around 1
around 1
around 1
around 1
around 1
around 1
around 1
around 1
around 1
around 1
around 1
around 1
around 1
around 1
around 1
around 1
around 1
around 1
around 1
around 1
around 1
around 1
around 1
around 1
around 1
around 1
around 1
around 1
around 1
around 1
around 1
around 1
around 1
around 1
around 1
around 1
around 1
around 1
around 1
around 1
around 1
around 1
around 1
around 1
around 1
around 1
around 1
around 1
around 1
around 1
around 1
around 1
around 1
around 1
around 1
around 1
around 1
around 1
around 1
around 1
around 1
around 1
around 1
around 1
around 1
around 1
around 1
around 1
around 1
around 1
around 1
around 1
around 1
around 1
around 1
around 1
around 1
around 1
around 1
around 1
around 1
around 1
around 1
around 1
around 1
around 1
around 1
around 1
around 1
around 1
around 1
around 1
around 1
around 1
around 1
around 1
around 1
around 1
around 1
around 1
around 1
around 1
around 1
around 1
around 1
around 1
around 1
around 1
around 1
around 1
around 1
around 1
around 1
around 1
around 1
around 1
around 1
around 1
around 1
around 1
around 1
around 1
around 1
around 1
around 1
around 1
around 1
around 1
around 1
around 1
around 1
around 1
around 1
around 1
around 1
around 1
around 1
around 1
around 1
around 1
around 1
around 1
around 1
around 1
around 1
around 1
around 1
around 1
around 1
around 1
around 1
around 1
around 1
around 1
array 1
astonishing 1
astonishing 1
astonishing 1
auctioneer 1
available 1
available 1
awluz 1
awluz 1
awluz 1
awluz 1
awluz 1
awnings 1
awnings 1
awready 1
bad 1
bad 1
bad 1
bad 1
bad 1
bad 1
bad 1
bad 1
bad 1
bad 1
bad 1
bad 1
bad 1
bad 1
bad 1
bad 1
bad 1
bad 1
bad 1
bad 1
bad 1
bad 1
bad 1
bad 1
bad 1
bad 1
bad 1
bad 1
bad 1
bad 1
bad 1
bad 1
bad 1
bad 1
bad 1
bad 1
bad 1
bad 1
bad 1
bad 1
bake 1
ball 1
ball 1
ball 1
ball 1
ball 1
ball 1
ball 1
ball 1
ball 1
ball 1
ball 1
banged 1
banged 1
bangs 1
beaver 1
belong 1
belong 1
belong 1
belong 1
belong 1
berth 1
berth 1
bet 1
bet 1
bet 1
bet 1
bet 1
bet 1
bet 1
bet 1
bet 1
bet 1
bet 1
bet 1
bet 1
bet 1
bet 1
bet 1
bet 1
bet 1
bet 1
bet 1
bet 1
bet 1
bet 1
bet 1
bet 1
bet 1
bet 1
bet 1
bet 1
bet 1
bet 1
bet 1
betwixt 1
betwixt 1
betwixt 1
betwixt 1
betwixt 1
betwixt 1
betwixt 1
betwixt 1
bird 1
bird 1
bird 1
bites 1
bitterer 1
blessing 1
blessing 1
blessing 1
blind 1
blind 1
blind 1
blind 1
blinked 1
blister 1
blows 1
blows 1
bluest 1
bluff 1
bluff 1
bluff 1
bobbing 1
bobbing 1
bobbing 1
bolt 1
bolt 1
boots 1
boots 1
boots 1
boots 1
boots 1
boots 1
boots 1
bothered 1
bothered 1
bothered 1
bothered 1
bottles 1
bottles 1
bottles 1
bottles 1
bottom 1
bottom 1
bottom 1
bottom 1
bottom 1
bottom 1
bottom 1
bottom 1
bottom 1
bottom 1
bottom 1
bottom 1
bottom 1
bottom 1
bottom 1
bottom 1
bottom 1
bottom 1
bottom 1
bottom 1
bottom 1
bounded 1
bounden 1
breas 1
breas 1
brisk 1
brisk 1
brisk 1
brothers 1
brothers 1
brothers 1
brothers 1
brothers 1
brothers 1
brothers 1
bugs 1
bugs 1
bugs 1
bullier 1
bullinesses 1
butt 1
butterflies 1
by 1
by 1
by 1
by 1
by 1
by 1
by 1
by 1
by 1
by 1
by 1
by 1
by 1
by 1
by 1
by 1
by 1
by 1
by 1
by 1
by 1
by 1
by 1
by 1
by 1
by 1
by 1
by 1
by 1
by 1
by 1
by 1
by 1
by 1
by 1
by 1
by 1
by 1
by 1
by 1
by 1
by 1
by 1
by 1
by 1
by 1
by 1
by 1
by 1
by 1
by 1
by 1
by 1
by 1
by 1
by 1
by 1
by 1
by 1
by 1
by 1
by 1
by 1
by 1
by 1
by 1
by 1
by 1
by 1
by 1
by 1
by 1
by 1
by 1
by 1
by 1
by 1
by 1
by 1
by 1
by 1
by 1
by 1
by 1
by 1
by 1
by 1
by 1
by 1
by 1
by 1
by 1
by 1
by 1
by 1
by 1
by 1
by 1
by 1
by 1
by 1
by 1
by 1
by 1
by 1
by 1
by 1
by 1
by 1
by 1
by 1
by 1
by 1
by 1
by 1
by 1
by 1
by 1
by 1
by 1
by 1
by 1
by 1
by 1
by 1
by 1
by 1
by 1
by 1
by 1
by 1
by 1
by 1
by 1
by 1
by 1
by 1
by 1
by 1
by 1
by 1
by 1
by 1
by 1
by 1
by 1
by 1
by 1
by 1
by 1
by 1
by 1
by 1
by 1
by 1
by 1
by 1
by 1
by 1
by 1
by 1
by 1
by 1
by 1
by 1
by 1
by 1
by 1
by 1
by 1
by 1
by 1
by 1
by 1
by 1
by 1
by 1
by 1
by 1
by 1
by 1
by 1
by 1
by 1
by 1
by 1
by 1
by 1
by 1
by 1
by 1
by 1
by 1
by 1
by 1
by 1
by 1
by 1
by 1
by 1
by 1
by 1
by 1
by 1
by 1
by 1
by 1
by 1
by 1
by 1
by 1
by 1
by 1
by 1
by 1
by 1
by 1
by 1
by 1
by 1
by 1
by 1
by 1
by 1
by 1
by 1
by 1
by 1
by 1
by 1
by 1
by 1
by 1
by 1
by 1
by 1
by 1
by 1
by 1
by 1
by 1
by 1
by 1
by 1
by 1
by 1
by 1
by 1
by 1
by 1
by 1
by 1
by 1
by 1
by 1
by 1
by 1
by 1
by 1
by 1
by 1
by 1
by 1
by 1
by 1
by 1
by 1
by 1
by 1
by 1
by 1
by 1
by 1
by 1
by 1
by 1
by 1
by 1
by 1
by 1
by 1
by 1
by 1
by 1
by 1
by 1
by 1
by 1
by 1
by 1
by 1
by 1
by 1
by 1
by 1
by 1
by 1
by 1
by 1
by 1
by 1
by 1
by 1
by 1
by 1
by 1
by 1
by 1
by 1
by 1
by 1
by 1
by 1
by 1
by 1
by 1
by 1
by 1
by 1
by 1
by 1
by 1
by 1
by 1
by 1
by 1
by 1
by 1
by 1
by 1
by 1
by 1
by 1
by 1
by 1
by 1
by 1
by 1
by 1
by 1
by 1
by 1
by 1
by 1
by 1
by 1
by 1
by 1
by 1
by 1
by 1
by 1
by 1
by 1
by 1
by 1
by 1
by 1
by 1
by 1
by 1
by 1
by 1
by 1
by 1
by 1
by 1
by 1
by 1
by 1
by 1
by 1
by 1
by 1
by 1
by 1
by 1
by 1
calculating 1
callin 1
calls 1
calls 1
calls 1
calls 1
candle 1
candle 1
candle 1
candle 1
candle 1
candle 1
candle 1
candle 1
candle 1
candle 1
candle 1
candle 1
candle 1
candle 1
candle 1
candle 1
candle 1
candle 1
candle 1
candle 1
candle 1
candle 1
candle 1
candle 1
candle 1
candle 1
candle 1
careened 1
carries 1
carve 1
cave 1
cave 1
cave 1
cave 1
cave 1
cave 1
cave 1
cave 1
cave 1
cave 1
caved 1
caved 1
cease 1
celebrated 1
celebrated 1
celebrated 1
chaps 1
chaps 1
charges 1
charitable 1
charm 1
chipped 1
chipped 1
chipped 1
cipher 1
cipher 1
claims 1
cleanse 1
clear 1
clear 1
clear 1
clear 1
clear 1
clear 1
clear 1
clear 1
clear 1
clear 1
clear 1
clear 1
clear 1
clear 1
clear 1
clear 1
clear 1
clearing 1
clearing 1
climb 1
climb 1
climb 1
climb 1
cloud 1
cloud 1
clown 1
clown 1
clown 1
coarse 1
coarse 1
coarse 1
coarse 1
coarse 1
coat 1
coat 1
coat 1
coat 1
coat 1
coat 1
coat 1
coat 1
coat 1
coat 1
coat 1
coat 1
coat 1
coat 1
coat 1
coat 1
coat 1
coat 1
coat 1
coffin 1
coffin 1
coffin 1
coffin 1
coffin 1
coffin 1
coffin 1
coffin 1
coffin 1
coffin 1
coffin 1
coffin 1
coffin 1
coffin 1
coffin 1
coffin 1
coffin 1
coffin 1
comers 1
comers 1
comforted 1
compilation 1
complaint 1
compliments 1
concluded 1
considerable 1
considerable 1
considerable 1
considerable 1
considerable 1
considerable 1
considerable 1
considerable 1
considerable 1
considerable 1
considerable 1
considerable 1
considerable 1
considerable 1
considerable 1
considerable 1
considerable 1
considerable 1
considerable 1
considerable 1
considerable 1
considerable 1
considerable 1
considerable 1
considerable 1
considerable 1
considerable 1
considerable 1
considerable 1
considerable 1
considerable 1
considerable 1
considerable 1
considerable 1
considerable 1
considerable 1
contracted 1
cool 1
cool 1
cool 1
cool 1
cool 1
cool 1
cool 1
cool 1
cool 1
cool 1
cool 1
cool 1
copyright 1
copyright 1
copyright 1
copyright 1
copyright 1
copyright 1
copyright 1
copyright 1
copyright 1
copyright 1
copyright 1
copyright 1
copyright 1
cornfields 1
costumes 1
costumes 1
cottonwoods 1
cottonwoods 1
cottonwoods 1
count 1
count 1
count 1
count 1
count 1
count 1
count 1
count 1
count 1
count 1
count 1
count 1
count 1
count 1
count 1
count 1
counting 1
counting 1
counting 1
courting 1
cowards 1
cowards 1
cowards 1
cowards 1
crammed 1
crammed 1
crash 1
crease 1
cribs 1
critical 1
crooked 1
crope 1
crope 1
cruised 1
crust 1
crust 1
cure 1
cure 1
curled 1
curled 1
curled 1
curled 1
currant 1
damaged 1
dazzling 1
deceive 1
deceive 1
deck 1
deck 1
deck 1
deck 1
deck 1
deck 1
deck 1
deck 1
delay 1
demand 1
descendant 1
desperate 1
detach 1
di 1
di 1
di 1
direction 1
disclaimer 1
disclaimer 1
discover 1
distinctions 1
distracted 1
dogs 1
dogs 1
dogs 1
dogs 1
dogs 1
dogs 1
dogs 1
dogs 1
dogs 1
dogs 1
dogs 1
dogs 1
dogs 1
dogs 1
dogs 1
dogs 1
dogs 1
dogs 1
dogs 1
dogs 1
dogs 1
dogs 1
dogs 1
dogs 1
dogs 1
dogs 1
dogs 1
dogs 1
dogs 1
donations 1
donations 1
donations 1
donations 1
donations 1
donations 1
donations 1
donations 1
donations 1
donations 1
donations 1
donations 1
donors 1
dooryards 1
doubts 1
draft 1
draws 1
dreaming 1
dreaming 1
drooped 1
dropping 1
dropping 1
dropping 1
dull 1
dull 1
dull 1
dull 1
dull 1
dull 1
dull 1
dull 1
easier 1
easier 1
easier 1
edgeways 1
efforts 1
efforts 1
efforts 1
ell 1
empty 1
empty 1
empty 1
empty 1
encores 1
enjoyment 1
entity 1
entity 1
entity 1
et 1
et 1
et 1
evenin 1
evenin 1
evenin 1
excuse 1
exempt 1
exempt 1
exiled 1
explain 1
explain 1
explain 1
explain 1
explain 1
explain 1
fashioned 1
fashioned 1
fat 1
fat 1
feather 1
feather 1
feather 1
feather 1
feather 1
feather 1
feather 1
feather 1
federal 1
federal 1
fend 1
find 1
find 1
find 1
find 1
find 1
find 1
find 1
find 1
find 1
find 1
find 1
find 1
find 1
find 1
find 1
find 1
find 1
find 1
find 1
find 1
find 1
find 1
find 1
find 1
find 1
find 1
find 1
find 1
find 1
find 1
find 1
find 1
find 1
find 1
find 1
find 1
find 1
find 1
find 1
find 1
find 1
find 1
find 1
find 1
find 1
find 1
find 1
find 1
find 1
find 1
find 1
find 1
find 1
find 1
find 1
find 1
find 1
finding 1
finding 1
finding 1
finding 1
finding 1
flattery 1
flattery 1
floored 1
following 1
following 1
following 1
following 1
following 1
following 1
following 1
fools 1
fools 1
fools 1
fools 1
fools 1
fools 1
fools 1
forgit 1
forgit 1
forgit 1
forgit 1
forgot 1
forgot 1
forgot 1
forgot 1
forgot 1
forgot 1
forgot 1
forgot 1
forgot 1
forgot 1
forgot 1
forgot 1
forgot 1
forgot 1
forgot 1
forgot 1
forgot 1
forgot 1
forgot 1
forgot 1
forgot 1
forgot 1
forgot 1
format 1
format 1
format 1
format 1
forsook 1
forth 1
forth 1
forth 1
forth 1
forth 1
forth 1
forth 1
forth 1
forth 1
forth 1
fought 1
freight 1
freight 1
frock 1
frock 1
fry 1
fumbled 1
g 1
g 1
g 1
g 1
gallop 1
galloping 1
gals 1
garden 1
garden 1
garden 1
garden 1
garden 1
garden 1
garden 1
garret 1
garret 1
garret 1
gaudier 1
gave 1
gave 1
gave 1
gave 1
gave 1
gave 1
gave 1
give 1
give 1
give 1
give 1
give 1
give 1
give 1
give 1
give 1
give 1
give 1
give 1
give 1
give 1
give 1
give 1
give 1
give 1
give 1
give 1
give 1
give 1
give 1
give 1
give 1
give 1
give 1
give 1
give 1
give 1
give 1
give 1
give 1
give 1
give 1
give 1
give 1
give 1
give 1
give 1
give 1
give 1
give 1
give 1
give 1
give 1
give 1
give 1
give 1
give 1
give 1
give 1
give 1
give 1
give 1
give 1
give 1
give 1
give 1
give 1
give 1
give 1
give 1
give 1
give 1
give 1
give 1
give 1
give 1
give 1
give 1
give 1
give 1
give 1
give 1
give 1
give 1
give 1
give 1
give 1
give 1
give 1
give 1
give 1
give 1
give 1
give 1
give 1
give 1
give 1
give 1
give 1
give 1
give 1
give 1
give 1
give 1
give 1
give 1
give 1
give 1
give 1
give 1
give 1
give 1
give 1
give 1
give 1
give 1
give 1
give 1
give 1
give 1
give 1
give 1
give 1
give 1
give 1
give 1
give 1
give 1
give 1
give 1
give 1
give 1
give 1
give 1
give 1
give 1
give 1
give 1
give 1
give 1
give 1
give 1
give 1
give 1
give 1
give 1
give 1
given 1
given 1
given 1
glimpse 1
glimpse 1
glimpse 1
glimpse 1
glimpsed 1
glow 1
glow 1
gnawing 1
goin 1
goin 1
goin 1
goin 1
goin 1
goin 1
goin 1
goin 1
goin 1
goin 1
goin 1
gooing 1
gooing 1
gooing 1
gooing 1
gradually 1
grain 1
grandmother 1
grandmother 1
gratefully 1
greasy 1
greasy 1
greasy 1
greasy 1
greasy 1
green 1
green 1
green 1
green 1
green 1
gripped 1
gripped 1
groan 1
groan 1
groped 1
ground 1
ground 1
ground 1
ground 1
ground 1
ground 1
ground 1
ground 1
ground 1
ground 1
ground 1
ground 1
ground 1
ground 1
ground 1
ground 1
ground 1
ground 1
ground 1
ground 1
ground 1
ground 1
ground 1
growing 1
guard 1
guard 1
guard 1
guard 1
gum 1
gust 1
gutenberg 1
gutenberg 1
gutenberg 1
gutenberg 1
gutenberg 1
gutenberg 1
hanker 1
happened 1
happened 1
happened 1
happened 1
happened 1
happened 1
happened 1
happened 1
happened 1
happened 1
happened 1
happened 1
happened 1
happened 1
happened 1
happened 1
happened 1
happened 1
happened 1
happened 1
happened 1
happened 1
hardest 1
hatchet 1
hatchet 1
hatchet 1
having 1
having 1
having 1
having 1
having 1
having 1
having 1
having 1
having 1
having 1
having 1
having 1
having 1
having 1
having 1
he 1
he 1
he 1
he 1
he 1
he 1
he 1
he 1
he 1
he 1
he 1
he 1
he 1
he 1
he 1
he 1
he 1
he 1
he 1
he 1
he 1
he 1
he 1
he 1
he 1
he 1
he 1
he 1
he 1
he 1
he 1
he 1
he 1
he 1
he 1
he 1
he 1
he 1
he 1
he 1
he 1
he 1
he 1
he 1
he 1
he 1
he 1
he 1
he 1
he 1
he 1
he 1
he 1
he 1
he 1
he 1
he 1
he 1
he 1
he 1
he 1
he 1
he 1
he 1
he 1
he 1
he 1
he 1
he 1
he 1
he 1
he 1
he 1
he 1
he 1
he 1
he 1
he 1
he 1
he 1
he 1
he 1
he 1
he 1
he 1
he 1
he 1
he 1
he 1
he 1
he 1
he 1
he 1
he 1
he 1
he 1
he 1
he 1
he 1
he 1
he 1
he 1
he 1
he 1
he 1
he 1
he 1
he 1
he 1
he 1
he 1
he 1
he 1
he 1
he 1
he 1
he 1
he 1
he 1
he 1
he 1
he 1
he 1
he 1
he 1
he 1
he 1
he 1
he 1
he 1
he 1
he 1
he 1
he 1
he 1
he 1
he 1
he 1
he 1
he 1
he 1
he 1
he 1
he 1
he 1
he 1
he 1
he 1
he 1
he 1
he 1
he 1
he 1
he 1
he 1
he 1
he 1
he 1
he 1
he 1
he 1
he 1
he 1
he 1
he 1
he 1
he 1
he 1
he 1
he 1
he 1
he 1
he 1
he 1
he 1
he 1
he 1
he 1
he 1
he 1
he 1
he 1
he 1
he 1
he 1
he 1
he 1
he 1
he 1
he 1
he 1
he 1
he 1
he 1
he 1
he 1
he 1
he 1
he 1
he 1
he 1
he 1
he 1
he 1
he 1
he 1
he 1
he 1
he 1
he 1
he 1
he 1
he 1
he 1
he 1
he 1
he 1
he 1
he 1
he 1
he 1
he 1
he 1
he 1
he 1
he 1
he 1
he 1
he 1
he 1
he 1
he 1
he 1
he 1
he 1
he 1
he 1
he 1
he 1
he 1
he 1
he 1
he 1
he 1
he 1
he 1
he 1
he 1
he 1
he 1
he 1
he 1
he 1
he 1
he 1
he 1
he 1
he 1
he 1
he 1
he 1
he 1
he 1
he 1
he 1
he 1
he 1
he 1
he 1
he 1
he 1
he 1
he 1
he 1
he 1
he 1
he 1
he 1
he 1
he 1
he 1
he 1
he 1
he 1
he 1
he 1
he 1
he 1
he 1
he 1
he 1
he 1
he 1
he 1
he 1
he 1
he 1
he 1
he 1
he 1
he 1
he 1
he 1
he 1
he 1
he 1
he 1
he 1
he 1
he 1
he 1
he 1
he 1
he 1
he 1
he 1
he 1
he 1
he 1
he 1
he 1
he 1
he 1
he 1
he 1
he 1
he 1
he 1
he 1
he 1
he 1
he 1
he 1
he 1
he 1
he 1
he 1
he 1
he 1
he 1
he 1
he 1
he 1
he 1
he 1
he 1
he 1
he 1
he 1
he 1
he 1
he 1
he 1
he 1
he 1
he 1
he 1
he 1
he 1
he 1
he 1
he 1
he 1
he 1
he 1
he 1
he 1
he 1
he 1
he 1
he 1
he 1
he 1
he 1
he 1
he 1
he 1
he 1
he 1
he 1
he 1
he 1
he 1
he 1
he 1
he 1
he 1
he 1
he 1
he 1
he 1
he 1
he 1
he 1
he 1
he 1
he 1
he 1
he 1
he 1
he 1
he 1
he 1
he 1
he 1
he 1
he 1
he 1
he 1
he 1
he 1
he 1
he 1
he 1
he 1
he 1
he 1
he 1
he 1
he 1
he 1
he 1
he 1
he 1
he 1
he 1
he 1
he 1
he 1
he 1
he 1
he 1
he 1
he 1
he 1
he 1
he 1
he 1
he 1
he 1
he 1
he 1
he 1
he 1
he 1
he 1
he 1
he 1
he 1
he 1
he 1
he 1
he 1
he 1
he 1
he 1
he 1
he 1
he 1
he 1
he 1
he 1
he 1
he 1
he 1
he 1
he 1
he 1
he 1
he 1
he 1
he 1
he 1
he 1
he 1
he 1
he 1
he 1
he 1
he 1
he 1
he 1
he 1
he 1
he 1
he 1
he 1
he 1
he 1
he 1
he 1
he 1
he 1
he 1
he 1
he 1
he 1
he 1
he 1
he 1
he 1
he 1
he 1
he 1
he 1
he 1
he 1
he 1
he 1
he 1
he 1
he 1
he 1
he 1
he 1
he 1
he 1
he 1
he 1
he 1
he 1
he 1
he 1
he 1
he 1
he 1
he 1
he 1
he 1
he 1
he 1
he 1
he 1
he 1
he 1
he 1
he 1
he 1
he 1
he 1
he 1
he 1
he 1
he 1
he 1
he 1
he 1
he 1
he 1
he 1
he 1
he 1
he 1
he 1
he 1
he 1
he 1
he 1
he 1
he 1
he 1
he 1
he 1
he 1
he 1
he 1
he 1
he 1
he 1
he 1
he 1
he 1
he 1
he 1
he 1
he 1
he 1
he 1
he 1
he 1
he 1
he 1
he 1
he 1
he 1
he 1
he 1
he 1
he 1
he 1
he 1
he 1
he 1
he 1
he 1
he 1
he 1
he 1
he 1
he 1
he 1
he 1
he 1
he 1
he 1
he 1
he 1
he 1
he 1
he 1
he 1
he 1
he 1
he 1
he 1
he 1
he 1
he 1
he 1
he 1
he 1
he 1
he 1
he 1
he 1
he 1
he 1
he 1
he 1
he 1
he 1
he 1
he 1
he 1
he 1
he 1
he 1
he 1
he 1
he 1
he 1
he 1
he 1
he 1
he 1
he 1
he 1
he 1
he 1
he 1
he 1
he 1
he 1
he 1
he 1
he 1
he 1
he 1
he 1
he 1
he 1
he 1
he 1
he 1
he 1
he 1
he 1
he 1
he 1
he 1
he 1
he 1
he 1
he 1
he 1
he 1
he 1
he 1
he 1
he 1
he 1
he 1
he 1
he 1
he 1
he 1
he 1
he 1
he 1
he 1
he 1
he 1
he 1
he 1
he 1
he 1
he 1
he 1
he 1
he 1
he 1
he 1
he 1
he 1
he 1
he 1
he 1
he 1
he 1
he 1
he 1
he 1
he 1
he 1
he 1
he 1
he 1
he 1
he 1
he 1
he 1
he 1
he 1
he 1
he 1
he 1
he 1
he 1
he 1
he 1
he 1
he 1
he 1
he 1
he 1
he 1
he 1
he 1
he 1
he 1
he 1
he 1
he 1
he 1
he 1
he 1
he 1
he 1
he 1
he 1
he 1
he 1
he 1
he 1
he 1
he 1
he 1
he 1
he 1
he 1
he 1
he 1
he 1
he 1
he 1
he 1
he 1
he 1
he 1
he 1
he 1
he 1
he 1
he 1
he 1
he 1
he 1
he 1
he 1
he 1
he 1
he 1
he 1
he 1
he 1
he 1
he 1
he 1
he 1
he 1
he 1
he 1
he 1
he 1
he 1
he 1
he 1
he 1
he 1
he 1
he 1
he 1
he 1
he 1
he 1
he 1
he 1
he 1
he 1
he 1
he 1
he 1
he 1
he 1
he 1
he 1
he 1
he 1
he 1
he 1
he 1
he 1
he 1
he 1
he 1
he 1
he 1
he 1
he 1
he 1
he 1
he 1
he 1
he 1
he 1
he 1
he 1
he 1
he 1
he 1
he 1
he 1
he 1
he 1
he 1
he 1
he 1
he 1
he 1
he 1
he 1
he 1
he 1
he 1
he 1
he 1
he 1
he 1
he 1
he 1
he 1
he 1
he 1
he 1
he 1
he 1
he 1
he 1
he 1
he 1
he 1
he 1
he 1
he 1
he 1
he 1
he 1
he 1
he 1
he 1
he 1
he 1
he 1
he 1
he 1
he 1
he 1
he 1
he 1
he 1
he 1
he 1
he 1
he 1
he 1
he 1
he 1
he 1
he 1
he 1
he 1
he 1
he 1
he 1
he 1
he 1
he 1
he 1
he 1
he 1
he 1
he 1
he 1
he 1
he 1
he 1
he 1
he 1
he 1
he 1
he 1
he 1
he 1
he 1
he 1
he 1
he 1
he 1
he 1
he 1
he 1
he 1
he 1
he 1
he 1
he 1
he 1
he 1
he 1
he 1
he 1
he 1
he 1
he 1
he 1
he 1
he 1
he 1
he 1
he 1
he 1
he 1
he 1
he 1
he 1
he 1
he 1
he 1
he 1
he 1
he 1
he 1
he 1
he 1
he 1
he 1
he 1
he 1
he 1
he 1
he 1
he 1
he 1
he 1
he 1
he 1
he 1
he 1
he 1
he 1
he 1
he 1
he 1
he 1
he 1
he 1
he 1
he 1
he 1
he 1
he 1
he 1
he 1
he 1
he 1
he 1
he 1
he 1
he 1
he 1
he 1
he 1
he 1
he 1
he 1
he 1
he 1
he 1
he 1
he 1
he 1
he 1
he 1
he 1
he 1
he 1
he 1
he 1
he 1
he 1
he 1
he 1
he 1
he 1
he 1
he 1
he 1
he 1
he 1
he 1
he 1
he 1
he 1
he 1
he 1
he 1
he 1
he 1
he 1
he 1
he 1
he 1
he 1
he 1
he 1
he 1
he 1
he 1
he 1
he 1
he 1
he 1
he 1
he 1
he 1
he 1
he 1
he 1
he 1
he 1
he 1
he 1
he 1
he 1
he 1
he 1
he 1
he 1
he 1
he 1
he 1
he 1
he 1
he 1
he 1
he 1
he 1
he 1
he 1
he 1
he 1
he 1
he 1
he 1
he 1
he 1
he 1
he 1
he 1
he 1
he 1
he 1
he 1
he 1
he 1
he 1
he 1
he 1
he 1
he 1
he 1
he 1
he 1
he 1
he 1
he 1
he 1
he 1
he 1
he 1
he 1
he 1
he 1
he 1
he 1
he 1
he 1
he 1
he 1
he 1
he 1
he 1
he 1
he 1
he 1
he 1
he 1
he 1
he 1
he 1
he 1
he 1
he 1
he 1
he 1
he 1
he 1
he 1
he 1
he 1
he 1
he 1
he 1
he 1
he 1
he 1
he 1
he 1
he 1
he 1
he 1
he 1
he 1
he 1
he 1
he 1
he 1
he 1
he 1
he 1
he 1
he 1
he 1
he 1
he 1
he 1
he 1
he 1
he 1
he 1
he 1
he 1
he 1
he 1
he 1
he 1
he 1
he 1
he 1
he 1
he 1
he 1
he 1
he 1
he 1
he 1
he 1
he 1
he 1
he 1
he 1
he 1
he 1
he 1
he 1
he 1
he 1
he 1
he 1
he 1
he 1
he 1
he 1
he 1
he 1
he 1
he 1
he 1
he 1
he 1
he 1
he 1
he 1
he 1
he 1
he 1
he 1
he 1
he 1
he 1
he 1
he 1
he 1
he 1
he 1
he 1
he 1
he 1
he 1
he 1
he 1
he 1
he 1
he 1
he 1
he 1
he 1
he 1
he 1
he 1
he 1
he 1
he 1
he 1
he 1
he 1
he 1
he 1
he 1
he 1
he 1
he 1
he 1
he 1
he 1
he 1
he 1
he 1
he 1
he 1
he 1
he 1
he 1
he 1
he 1
he 1
he 1
he 1
he 1
he 1
he 1
he 1
he 1
he 1
he 1
he 1
he 1
he 1
he 1
he 1
he 1
he 1
he 1
he 1
he 1
he 1
he 1
he 1
he 1
he 1
he 1
he 1
he 1
he 1
he 1
he 1
he 1
he 1
he 1
he 1
he 1
he 1
he 1
he 1
he 1
he 1
he 1
he 1
he 1
he 1
he 1
he 1
he 1
he 1
he 1
he 1
he 1
he 1
he 1
he 1
he 1
he 1
he 1
he 1
he 1
he 1
he 1
he 1
he 1
he 1
he 1
he 1
he 1
he 1
he 1
he 1
he 1
he 1
he 1
he 1
he 1
he 1
he 1
he 1
he 1
he 1
he 1
he 1
he 1
he 1
he 1
he 1
he 1
he 1
he 1
he 1
he 1
he 1
he 1
he 1
he 1
he 1
he 1
he 1
he 1
he 1
he 1
he 1
he 1
he 1
he 1
he 1
he 1
he 1
he 1
he 1
he 1
he 1
he 1
he 1
he 1
he 1
he 1
he 1
he 1
he 1
he 1
he 1
he 1
he 1
he 1
he 1
he 1
he 1
he 1
he 1
he 1
he 1
he 1
he 1
he 1
he 1
he 1
he 1
he 1
he 1
he 1
he 1
he 1
he 1
he 1
he 1
he 1
he 1
he 1
he 1
he 1
he 1
he 1
he 1
he 1
he 1
he 1
he 1
he 1
he 1
he 1
he 1
he 1
he 1
he 1
he 1
he 1
he 1
he 1
he 1
he 1
he 1
he 1
he 1
he 1
he 1
he 1
he 1
he 1
he 1
he 1
he 1
he 1
he 1
he 1
he 1
he 1
he 1
he 1
he 1
he 1
he 1
he 1
he 1
he 1
he 1
he 1
he 1
he 1
he 1
he 1
he 1
he 1
he 1
he 1
he 1
he 1
he 1
he 1
he 1
he 1
he 1
he 1
he 1
he 1
he 1
he 1
he 1
he 1
he 1
he 1
he 1
he 1
he 1
he 1
he 1
he 1
he 1
he 1
he 1
he 1
he 1
he 1
he 1
he 1
he 1
he 1
he 1
he 1
he 1
he 1
he 1
he 1
he 1
he 1
he 1
he 1
he 1
he 1
he 1
he 1
he 1
he 1
he 1
he 1
he 1
he 1
he 1
he 1
he 1
he 1
he 1
he 1
he 1
he 1
he 1
he 1
he 1
he 1
he 1
he 1
he 1
he 1
he 1
he 1
he 1
he 1
he 1
he 1
he 1
he 1
he 1
he 1
he 1
he 1
he 1
he 1
he 1
he 1
he 1
he 1
he 1
he 1
he 1
he 1
he 1
he 1
he 1
he 1
he 1
he 1
he 1
he 1
he 1
he 1
he 1
he 1
he 1
he 1
he 1
he 1
he 1
he 1
heads 1
heads 1
heads 1
heads 1
heads 1
heads 1
heads 1
heads 1
heads 1
heads 1
heads 1
heads 1
heads 1
heads 1
heads 1
heads 1
heads 1
heads 1
heads 1
heads 1
heads 1
heads 1
heaps 1
heaps 1
heaps 1
hearted 1
hearted 1
heave 1
heave 1
heave 1
heirs 1
heirs 1
hogshead 1
hogshead 1
holt 1
holt 1
holt 1
holt 1
holt 1
holt 1
holt 1
holt 1
honest 1
honest 1
honest 1
honest 1
honest 1
honest 1
honest 1
honest 1
honest 1
honest 1
honest 1
honest 1
honey 1
honey 1
honey 1
honey 1
honey 1
honey 1
honey 1
honey 1
honey 1
honey 1
honey 1
honey 1
hop 1
hop 1
hop 1
htm 1
hugging 1
hurryin 1
hurt 1
hurt 1
hurt 1
hurt 1
hurt 1
hurt 1
hurt 1
hurt 1
hurt 1
hurt 1
hurt 1
hurt 1
hurt 1
hurt 1
hurt 1
hurt 1
hurt 1
hurt 1
hurt 1
hurt 1
hurt 1
hurt 1
i 1
ice 1
ice 1
if 1
if 1
if 1
if 1
if 1
if 1
if 1
if 1
if 1
if 1
if 1
if 1
if 1
if 1
if 1
if 1
if 1
if 1
if 1
if 1
if 1
if 1
if 1
if 1
if 1
if 1
if 1
if 1
if 1
if 1
if 1
if 1
if 1
if 1
if 1
if 1
if 1
if 1
if 1
if 1
if 1
if 1
if 1
if 1
if 1
if 1
if 1
if 1
if 1
if 1
if 1
if 1
if 1
if 1
if 1
if 1
if 1
if 1
if 1
if 1
if 1
if 1
if 1
if 1
if 1
if 1
if 1
if 1
if 1
if 1
if 1
if 1
if 1
if 1
if 1
if 1
if 1
if 1
if 1
if 1
if 1
if 1
if 1
if 1
if 1
if 1
if 1
if 1
if 1
if 1
if 1
if 1
if 1
if 1
if 1
if 1
if 1
if 1
if 1
if 1
if 1
if 1
if 1
if 1
if 1
if 1
if 1
if 1
if 1
if 1
if 1
if 1
if 1
if 1
if 1
if 1
if 1
if 1
if 1
if 1
if 1
if 1
if 1
if 1
if 1
if 1
if 1
if 1
if 1
if 1
if 1
if 1
if 1
if 1
if 1
if 1
if 1
if 1
if 1
if 1
if 1
if 1
if 1
if 1
if 1
if 1
if 1
if 1
if 1
if 1
if 1
if 1
if 1
if 1
if 1
if 1
if 1
if 1
if 1
if 1
if 1
if 1
if 1
if 1
if 1
if 1
if 1
if 1
if 1
if 1
if 1
if 1
if 1
if 1
if 1
if 1
if 1
if 1
if 1
if 1
if 1
if 1
if 1
if 1
if 1
if 1
if 1
if 1
if 1
if 1
if 1
if 1
if 1
if 1
if 1
if 1
if 1
if 1
if 1
if 1
if 1
if 1
if 1
if 1
if 1
if 1
if 1
if 1
if 1
if 1
if 1
if 1
if 1
if 1
if 1
if 1
if 1
if 1
if 1
if 1
if 1
if 1
if 1
if 1
if 1
if 1
if 1
if 1
if 1
if 1
if 1
if 1
if 1
if 1
if 1
if 1
if 1
if 1
if 1
if 1
if 1
if 1
if 1
if 1
if 1
if 1
if 1
if 1
if 1
if 1
if 1
if 1
if 1
if 1
if 1
if 1
if 1
if 1
if 1
if 1
if 1
if 1
if 1
if 1
if 1
if 1
if 1
if 1
if 1
if 1
if 1
if 1
if 1
if 1
if 1
if 1
if 1
if 1
if 1
if 1
if 1
if 1
if 1
if 1
if 1
if 1
if 1
if 1
if 1
if 1
if 1
if 1
if 1
if 1
if 1
if 1
if 1
if 1
if 1
if 1
if 1
if 1
if 1
if 1
if 1
if 1
if 1
if 1
if 1
if 1
if 1
if 1
if 1
if 1
if 1
if 1
if 1
if 1
if 1
if 1
if 1
if 1
if 1
if 1
if 1
if 1
if 1
if 1
if 1
if 1
if 1
if 1
if 1
if 1
if 1
if 1
if 1
if 1
if 1
if 1
if 1
if 1
if 1
if 1
if 1
if 1
if 1
if 1
if 1
if 1
if 1
immediate 1
immediate 1
indeed 1
indented 1
inning 1
inscriptions 1
inscriptions 1
inscriptions 1
inscriptions 1
inscriptions 1
insurrection 1
int 1
itched 1
jaws 1
jaws 1
jings 1
jings 1
jings 1
jings 1
joined 1
joined 1
joined 1
joined 1
jolt 1
jolt 1
julery 1
jumps 1
jumps 1
jumps 1
jumps 1
jumps 1
jumps 1
jumps 1
kag 1
kinds 1
kinds 1
kinds 1
kinds 1
kinds 1
kinds 1
kinds 1
kinds 1
kinds 1
kinds 1
kinds 1
kinds 1
kinds 1
kinds 1
knee 1
knee 1
knee 1
knocked 1
knocked 1
knocked 1
knocked 1
knocked 1
knocked 1
knowing 1
knowing 1
knowing 1
knowing 1
lake 1
lake 1
lake 1
lath 1
lath 1
lath 1
lazied 1
leans 1
leather 1
leather 1
leather 1
leather 1
leather 1
ledge 1
legal 1
legal 1
liability 1
liability 1
license 1
license 1
license 1
license 1
lieu 1
lieu 1
limber 1
linkin 1
links 1
links 1
links 1
listening 1
listening 1
listening 1
listening 1
listening 1
listening 1
listening 1
listening 1
listening 1
littered 1
littered 1
littered 1
loaded 1
loaded 1
loaded 1
loaded 1
loaded 1
loaded 1
loaded 1
loaded 1
loaded 1
loads 1
locking 1
logs 1
logs 1
logs 1
logs 1
logs 1
logs 1
logs 1
logs 1
logs 1
logs 1
logs 1
logs 1
logs 1
lonely 1
lonesomeness 1
lonesomeness 1
longer 1
longer 1
longer 1
longer 1
longer 1
longer 1
longer 1
longer 1
longer 1
longer 1
longer 1
longer 1
longer 1
longer 1
longer 1
longer 1
longer 1
looard 1
loosing 1
loss 1
lowed 1
lowed 1
lowed 1
lowed 1
lowed 1
luck 1
luck 1
luck 1
luck 1
luck 1
luck 1
luck 1
luck 1
luck 1
luck 1
luck 1
luck 1
luck 1
luck 1
luck 1
luck 1
luck 1
luck 1
luck 1
luck 1
luck 1
luck 1
luck 1
luck 1
luck 1
luck 1
luck 1
luck 1
luck 1
luck 1
luck 1
luck 1
main 1
main 1
main 1
main 1
main 1
main 1
main 1
main 1
main 1
majestying 1
majority 1
manage 1
manage 1
manage 1
manage 1
manage 1
manned 1
manned 1
manner 1
mantel 1
masterly 1
matches 1
matches 1
mate 1
mate 1
mate 1
mate 1
meat 1
meat 1
meat 1
meat 1
meat 1
meat 1
meat 1
meo 1
mere 1
message 1
message 1
middle 1
middle 1
middle 1
middle 1
middle 1
middle 1
middle 1
middle 1
middle 1
middle 1
middle 1
middle 1
middle 1
middle 1
middle 1
middle 1
middle 1
middle 1
middle 1
middle 1
middle 1
middle 1
middle 1
middle 1
middle 1
middle 1
middle 1
middle 1
middle 1
middle 1
middle 1
middle 1
middle 1
middle 1
middle 1
middle 1
middle 1
middle 1
middle 1
middle 1
milk 1
milk 1
minister 1
misable 1
mixed 1
mixed 1
mixed 1
mixed 1
mixed 1
mixed 1
mixed 1
mixed 1
mixed 1
mixed 1
mixed 1
mixed 1
mixed 1
modern 1
monthly 1
morality 1
mos 1
mos 1
mos 1
mos 1
mos 1
mos 1
mos 1
mos 1
mos 1
mos 1
mos 1
mos 1
mos 1
mos 1
mos 1
mos 1
mosquitoes 1
most 1
most 1
most 1
most 1
most 1
most 1
most 1
most 1
most 1
most 1
most 1
most 1
most 1
most 1
most 1
most 1
most 1
most 1
most 1
most 1
most 1
most 1
most 1
most 1
most 1
most 1
most 1
most 1
most 1
most 1
most 1
most 1
most 1
most 1
most 1
most 1
most 1
most 1
most 1
most 1
most 1
most 1
most 1
most 1
most 1
most 1
most 1
most 1
most 1
most 1
most 1
most 1
most 1
most 1
most 1
most 1
most 1
most 1
most 1
most 1
most 1
most 1
most 1
most 1
most 1
most 1
most 1
most 1
most 1
most 1
most 1
most 1
most 1
most 1
most 1
most 1
most 1
most 1
most 1
most 1
most 1
most 1
most 1
most 1
most 1
most 1
most 1
most 1
most 1
most 1
most 1
most 1
most 1
most 1
most 1
most 1
most 1
most 1
most 1
most 1
most 1
most 1
most 1
most 1
most 1
most 1
most 1
most 1
most 1
most 1
most 1
most 1
most 1
most 1
most 1
most 1
most 1
most 1
most 1
most 1
most 1
most 1
most 1
most 1
most 1
most 1
most 1
most 1
most 1
most 1
most 1
most 1
most 1
most 1
mouf 1
mouf 1
mouse 1
move 1
move 1
move 1
move 1
move 1
move 1
moved 1
moved 1
musn 1
mystery 1
name 1
name 1
name 1
name 1
name 1
name 1
name 1
name 1
name 1
name 1
name 1
name 1
name 1
name 1
name 1
name 1
name 1
name 1
name 1
name 1
name 1
name 1
name 1
name 1
name 1
name 1
name 1
name 1
name 1
name 1
name 1
name 1
name 1
name 1
name 1
name 1
name 1
name 1
name 1
name 1
name 1
name 1
name 1
name 1
name 1
name 1
native 1
native 1
nature 1
natured 1
nearer 1
nearer 1
needs 1
neither 1
neither 1
neither 1
neither 1
neither 1
neither 1
neither 1
neither 1
nights 1
nights 1
nights 1
nights 1
nights 1
nights 1
nights 1
nights 1
nights 1
nights 1
nights 1
nights 1
nights 1
nights 1
nights 1
nights 1
nights 1
nights 1
nights 1
nights 1
nights 1
nights 1
nights 1
nights 1
nights 1
nights 1
nombril 1
nonsense 1
nothing 1
nothing 1
nothing 1
nothing 1
nothing 1
nothing 1
nothing 1
nothing 1
nothing 1
nothing 1
nothing 1
nothing 1
nothing 1
nothing 1
nothing 1
nothing 1
nothing 1
nothing 1
nothing 1
nothing 1
nothing 1
nothing 1
nothing 1
nothing 1
nothing 1
nothing 1
nothing 1
nothing 1
nothing 1
nothing 1
nothing 1
nothing 1
nothing 1
nothing 1
nothing 1
nothing 1
nothing 1
nothing 1
nothing 1
nothing 1
nothing 1
nothing 1
nothing 1
nothing 1
nothing 1
nothing 1
nothing 1
nothing 1
nothing 1
nothing 1
nothing 1
nothing 1
nothing 1
nothing 1
nothing 1
nothing 1
nothing 1
nothing 1
nothing 1
nothing 1
nothing 1
nothing 1
nothing 1
nothing 1
nothing 1
nothing 1
nothing 1
nothing 1
nothing 1
nothing 1
nothing 1
nothing 1
nothing 1
nothing 1
nothing 1
nothing 1
nothing 1
nothing 1
nothing 1
nothing 1
nothing 1
nothing 1
nothing 1
nothing 1
nothing 1
nothing 1
nothing 1
nothing 1
nothing 1
nothing 1
nothing 1
nothing 1
nothing 1
nothing 1
nothing 1
nothing 1
nothing 1
nothing 1
nothing 1
nothing 1
nothing 1
nothing 1
nothing 1
nothing 1
nothing 1
nothing 1
nothing 1
nothing 1
nothing 1
nothing 1
nothing 1
nothing 1
nothing 1
nothing 1
nothing 1
nothing 1
nothing 1
nothing 1
nothing 1
nothing 1
nothing 1
nothing 1
nothing 1
nothing 1
nothing 1
nothing 1
nothing 1
nothing 1
nothing 1
nothing 1
nothing 1
nothing 1
nothing 1
nothing 1
nothing 1
nothing 1
nothing 1
nothing 1
nothing 1
nothing 1
nothing 1
nothing 1
nothing 1
nothing 1
nothing 1
nothing 1
nothing 1
nothing 1
nothing 1
nothing 1
nothing 1
nothing 1
nothing 1
nothing 1
nothing 1
nothing 1
nothing 1
nothing 1
nothing 1
nothing 1
nothing 1
nothing 1
nothing 1
nothing 1
nothing 1
nothing 1
nothing 1
nothing 1
nothing 1
nothing 1
nothing 1
nothing 1
nothing 1
nothing 1
nothing 1
nothing 1
nothing 1
nothing 1
nunnery 1
nussery 1
oars 1
oars 1
oars 1
oars 1
oars 1
oars 1
oars 1
oars 1
oars 1
oars 1
off 1
off 1
off 1
off 1
off 1
off 1
off 1
off 1
off 1
off 1
off 1
off 1
off 1
off 1
off 1
off 1
off 1
off 1
off 1
off 1
off 1
off 1
off 1
off 1
off 1
off 1
off 1
off 1
off 1
off 1
off 1
off 1
off 1
off 1
off 1
off 1
off 1
off 1
off 1
off 1
off 1
off 1
off 1
off 1
off 1
off 1
off 1
off 1
off 1
off 1
off 1
off 1
off 1
off 1
off 1
off 1
off 1
off 1
off 1
off 1
off 1
off 1
off 1
off 1
off 1
off 1
off 1
off 1
off 1
off 1
off 1
off 1
off 1
off 1
off 1
off 1
off 1
off 1
off 1
off 1
off 1
off 1
off 1
off 1
off 1
off 1
off 1
off 1
off 1
off 1
off 1
off 1
off 1
off 1
off 1
off 1
off 1
off 1
off 1
off 1
off 1
off 1
off 1
off 1
off 1
off 1
off 1
off 1
off 1
off 1
off 1
off 1
off 1
off 1
off 1
off 1
off 1
off 1
off 1
off 1
off 1
off 1
off 1
off 1
off 1
off 1
off 1
off 1
off 1
off 1
off 1
off 1
off 1
off 1
off 1
off 1
off 1
off 1
off 1
off 1
off 1
off 1
off 1
off 1
off 1
off 1
off 1
off 1
off 1
off 1
off 1
off 1
off 1
off 1
off 1
off 1
off 1
off 1
off 1
off 1
off 1
off 1
off 1
off 1
off 1
off 1
off 1
off 1
off 1
off 1
off 1
off 1
off 1
off 1
off 1
off 1
off 1
off 1
off 1
off 1
off 1
off 1
off 1
off 1
off 1
off 1
off 1
off 1
off 1
off 1
off 1
off 1
off 1
off 1
off 1
off 1
off 1
off 1
off 1
off 1
off 1
off 1
off 1
off 1
off 1
off 1
off 1
off 1
off 1
off 1
off 1
off 1
off 1
off 1
off 1
off 1
off 1
off 1
off 1
off 1
off 1
off 1
off 1
off 1
off 1
off 1
off 1
off 1
off 1
off 1
off 1
off 1
off 1
off 1
off 1
off 1
off 1
off 1
off 1
off 1
off 1
off 1
off 1
off 1
off 1
off 1
off 1
off 1
off 1
off 1
off 1
off 1
off 1
off 1
off 1
off 1
off 1
off 1
off 1
off 1
off 1
off 1
off 1
off 1
off 1
off 1
off 1
off 1
off 1
off 1
off 1
off 1
off 1
off 1
off 1
off 1
off 1
off 1
off 1
off 1
off 1
off 1
off 1
off 1
off 1
off 1
off 1
off 1
off 1
off 1
oldish 1
on 1
on 1
on 1
on 1
on 1
on 1
on 1
on 1
on 1
on 1
on 1
on 1
on 1
on 1
on 1
on 1
on 1
on 1
on 1
on 1
on 1
on 1
on 1
on 1
on 1
on 1
on 1
on 1
on 1
on 1
on 1
on 1
on 1
on 1
on 1
on 1
on 1
on 1
on 1
on 1
on 1
on 1
on 1
on 1
on 1
on 1
on 1
on 1
on 1
on 1
on 1
on 1
on 1
on 1
on 1
on 1
on 1
on 1
on 1
on 1
on 1
on 1
on 1
on 1
on 1
on 1
on 1
on 1
on 1
on 1
on 1
on 1
on 1
on 1
on 1
on 1
on 1
on 1
on 1
on 1
on 1
on 1
on 1
on 1
on 1
on 1
on 1
on 1
on 1
on 1
on 1
on 1
on 1
on 1
on 1
on 1
on 1
on 1
on 1
on 1
on 1
on 1
on 1
on 1
on 1
on 1
on 1
on 1
on 1
on 1
on 1
on 1
on 1
on 1
on 1
on 1
on 1
on 1
on 1
on 1
on 1
on 1
on 1
on 1
on 1
on 1
on 1
on 1
on 1
on 1
on 1
on 1
on 1
on 1
on 1
on 1
on 1
on 1
on 1
on 1
on 1
on 1
on 1
on 1
on 1
on 1
on 1
on 1
on 1
on 1
on 1
on 1
on 1
on 1
on 1
on 1
on 1
on 1
on 1
on 1
on 1
on 1
on 1
on 1
on 1
on 1
on 1
on 1
on 1
on 1
on 1
on 1
on 1
on 1
on 1
on 1
on 1
on 1
on 1
on 1
on 1
on 1
on 1
on 1
on 1
on 1
on 1
on 1
on 1
on 1
on 1
on 1
on 1
on 1
on 1
on 1
on 1
on 1
on 1
on 1
on 1
on 1
on 1
on 1
on 1
on 1
on 1
on 1
on 1
on 1
on 1
on 1
on 1
on 1
on 1
on 1
on 1
on 1
on 1
on 1
on 1
on 1
on 1
on 1
on 1
on 1
on 1
on 1
on 1
on 1
on 1
on 1
on 1
on 1
on 1
on 1
on 1
on 1
on 1
on 1
on 1
on 1
on 1
on 1
on 1
on 1
on 1
on 1
on 1
on 1
on 1
on 1
on 1
on 1
on 1
on 1
on 1
on 1
on 1
on 1
on 1
on 1
on 1
on 1
on 1
on 1
on 1
on 1
on 1
on 1
on 1
on 1
on 1
on 1
on 1
on 1
on 1
on 1
on 1
on 1
on 1
on 1
on 1
on 1
on 1
on 1
on 1
on 1
on 1
on 1
on 1
on 1
on 1
on 1
on 1
on 1
on 1
on 1
on 1
on 1
on 1
on 1
on 1
on 1
on 1
on 1
on 1
on 1
on 1
on 1
on 1
on 1
on 1
on 1
on 1
on 1
on 1
on 1
on 1
on 1
on 1
on 1
on 1
on 1
on 1
on 1
on 1
on 1
on 1
on 1
on 1
on 1
on 1
on 1
on 1
on 1
on 1
on 1
on 1
on 1
on 1
on 1
on 1
on 1
on 1
on 1
on 1
on 1
on 1
on 1
on 1
on 1
on 1
on 1
on 1
on 1
on 1
on 1
on 1
on 1
on 1
on 1
on 1
on 1
on 1
on 1
on 1
on 1
on 1
on 1
on 1
on 1
on 1
on 1
on 1
on 1
on 1
on 1
on 1
on 1
on 1
on 1
on 1
on 1
on 1
on 1
on 1
on 1
on 1
on 1
on 1
on 1
on 1
on 1
on 1
on 1
on 1
on 1
on 1
on 1
on 1
on 1
on 1
on 1
on 1
on 1
on 1
on 1
on 1
on 1
on 1
on 1
on 1
on 1
on 1
on 1
on 1
on 1
on 1
on 1
on 1
on 1
on 1
on 1
on 1
on 1
on 1
on 1
on 1
on 1
on 1
on 1
on 1
on 1
on 1
on 1
on 1
on 1
on 1
on 1
on 1
on 1
on 1
on 1
on 1
on 1
on 1
on 1
on 1
on 1
on 1
on 1
on 1
on 1
on 1
on 1
on 1
on 1
on 1
on 1
on 1
on 1
on 1
on 1
on 1
on 1
on 1
on 1
on 1
on 1
on 1
on 1
on 1
on 1
on 1
on 1
on 1
on 1
on 1
on 1
on 1
on 1
on 1
on 1
on 1
on 1
on 1
on 1
on 1
on 1
on 1
on 1
on 1
on 1
on 1
on 1
on 1
on 1
on 1
on 1
on 1
on 1
on 1
on 1
on 1
on 1
on 1
on 1
on 1
on 1
on 1
on 1
on 1
on 1
on 1
on 1
on 1
on 1
on 1
on 1
on 1
on 1
on 1
on 1
on 1
on 1
on 1
on 1
on 1
on 1
on 1
on 1
on 1
on 1
on 1
on 1
on 1
on 1
on 1
on 1
on 1
on 1
on 1
on 1
on 1
on 1
on 1
on 1
on 1
on 1
on 1
on 1
on 1
on 1
on 1
on 1
on 1
on 1
on 1
on 1
on 1
on 1
on 1
on 1
on 1
on 1
on 1
on 1
on 1
on 1
on 1
on 1
on 1
on 1
on 1
on 1
on 1
on 1
on 1
on 1
on 1
on 1
on 1
on 1
on 1
on 1
on 1
on 1
on 1
on 1
on 1
on 1
on 1
on 1
on 1
on 1
on 1
on 1
on 1
on 1
on 1
on 1
on 1
on 1
on 1
on 1
on 1
on 1
on 1
on 1
on 1
on 1
on 1
on 1
on 1
on 1
on 1
on 1
on 1
on 1
on 1
on 1
on 1
on 1
on 1
on 1
on 1
on 1
on 1
on 1
on 1
on 1
on 1
on 1
on 1
on 1
on 1
on 1
on 1
on 1
on 1
on 1
on 1
on 1
on 1
on 1
on 1
on 1
on 1
on 1
on 1
on 1
on 1
on 1
on 1
on 1
on 1
on 1
on 1
on 1
on 1
on 1
on 1
on 1
on 1
on 1
on 1
on 1
on 1
on 1
on 1
on 1
on 1
on 1
on 1
on 1
on 1
on 1
on 1
on 1
on 1
on 1
on 1
on 1
on 1
on 1
on 1
on 1
on 1
on 1
on 1
on 1
on 1
on 1
on 1
on 1
on 1
on 1
on 1
on 1
on 1
on 1
on 1
on 1
on 1
on 1
on 1
on 1
on 1
on 1
on 1
on 1
on 1
on 1
on 1
on 1
on 1
on 1
on 1
on 1
on 1
on 1
on 1
on 1
on 1
on 1
on 1
on 1
on 1
on 1
on 1
on 1
on 1
on 1
on 1
on 1
on 1
on 1
on 1
on 1
on 1
on 1
on 1
on 1
on 1
on 1
on 1
on 1
on 1
on 1
on 1
on 1
on 1
on 1
on 1
on 1
on 1
on 1
on 1
on 1
on 1
on 1
on 1
on 1
on 1
on 1
on 1
on 1
on 1
on 1
on 1
on 1
on 1
on 1
on 1
on 1
on 1
on 1
on 1
on 1
on 1
on 1
on 1
on 1
on 1
on 1
on 1
on 1
on 1
on 1
on 1
on 1
on 1
on 1
on 1
on 1
on 1
on 1
on 1
on 1
on 1
on 1
on 1
on 1
on 1
on 1
on 1
on 1
on 1
on 1
on 1
on 1
on 1
on 1
on 1
on 1
on 1
on 1
on 1
on 1
on 1
on 1
on 1
on 1
on 1
on 1
on 1
on 1
on 1
on 1
on 1
on 1
on 1
on 1
on 1
on 1
on 1
on 1
on 1
on 1
on 1
on 1
on 1
on 1
on 1
on 1
on 1
on 1
on 1
on 1
on 1
on 1
on 1
on 1
on 1
on 1
on 1
on 1
on 1
on 1
on 1
on 1
on 1
on 1
on 1
on 1
on 1
on 1
on 1
on 1
on 1
on 1
on 1
on 1
on 1
on 1
on 1
on 1
on 1
on 1
on 1
on 1
on 1
on 1
on 1
on 1
on 1
on 1
on 1
on 1
on 1
on 1
on 1
on 1
oppressor 1
ouch 1
ouch 1
ouch 1
ox 1
pa 1
pa 1
pa 1
pa 1
pa 1
packing 1
padlocked 1
paints 1
pangs 1
pard 1
parrots 1
pass 1
pass 1
pass 1
pass 1
pass 1
pass 1
pass 1
pass 1
pays 1
peeped 1
peeped 1
peeped 1
peeped 1
peeped 1
peeped 1
pencil 1
pencil 1
pencil 1
pencil 1
people 1
people 1
people 1
people 1
people 1
people 1
people 1
people 1
people 1
people 1
people 1
people 1
people 1
people 1
people 1
people 1
people 1
people 1
people 1
people 1
people 1
people 1
people 1
people 1
people 1
people 1
people 1
people 1
people 1
people 1
people 1
people 1
people 1
people 1
people 1
people 1
people 1
people 1
people 1
people 1
people 1
people 1
people 1
people 1
people 1
people 1
people 1
people 1
people 1
people 1
people 1
people 1
people 1
people 1
people 1
people 1
people 1
people 1
people 1
people 1
people 1
people 1
people 1
people 1
people 1
people 1
people 1
people 1
people 1
people 1
people 1
people 1
people 1
people 1
people 1
people 1
people 1
people 1
people 1
people 1
people 1
people 1
people 1
people 1
people 1
people 1
people 1
people 1
people 1
people 1
people 1
people 1
people 1
people 1
people 1
people 1
people 1
people 1
people 1
people 1
people 1
people 1
people 1
people 1
people 1
people 1
people 1
people 1
people 1
people 1
people 1
people 1
people 1
people 1
people 1
people 1
people 1
people 1
people 1
people 1
people 1
people 1
people 1
people 1
people 1
people 1
people 1
people 1
persuade 1
pert 1
pet 1
pet 1
pet 1
pet 1
pet 1
pet 1
pettish 1
picnics 1
pinched 1
pinting 1
pirate 1
pirate 1
pirate 1
pirate 1
pirate 1
pirate 1
plantations 1
platform 1
platform 1
pleasanter 1
pleasure 1
pleasure 1
poetry 1
poetry 1
poetry 1
poetry 1
poetry 1
poetry 1
poetry 1
poetry 1
posted 1
posted 1
posted 1
posted 1
posted 1
poured 1
poured 1
poured 1
prayer 1
prayer 1
presence 1
preserves 1
pretended 1
pretended 1
printers 1
printing 1
printing 1
printing 1
prise 1
processing 1
quarrels 1
quarrels 1
questions 1
questions 1
questions 1
questions 1
questions 1
questions 1
questions 1
questions 1
questions 1
questions 1
questions 1
quick 1
quick 1
quick 1
quick 1
quick 1
quick 1
quick 1
quick 1
quick 1
quick 1
quick 1
quick 1
quick 1
quick 1
quick 1
quick 1
quick 1
quick 1
quick 1
quick 1
quick 1
quivers 1
rack 1
rackety 1
rags 1
rags 1
rags 1
rags 1
rags 1
rags 1
rags 1
rags 1
rags 1
raked 1
raked 1
ran 1
range 1
rat 1
rat 1
rat 1
rat 1
rat 1
rat 1
rat 1
rat 1
rat 1
rat 1
rat 1
rat 1
rat 1
rat 1
re 1
re 1
re 1
re 1
re 1
re 1
re 1
re 1
re 1
re 1
re 1
re 1
re 1
re 1
re 1
re 1
re 1
re 1
re 1
re 1
re 1
re 1
re 1
re 1
re 1
re 1
re 1
re 1
re 1
re 1
re 1
re 1
re 1
re 1
re 1
re 1
re 1
re 1
re 1
re 1
re 1
re 1
re 1
re 1
re 1
re 1
re 1
re 1
re 1
re 1
re 1
re 1
re 1
re 1
re 1
re 1
re 1
re 1
re 1
re 1
re 1
re 1
re 1
re 1
re 1
re 1
re 1
re 1
re 1
re 1
re 1
re 1
re 1
re 1
re 1
re 1
re 1
re 1
re 1
re 1
re 1
re 1
re 1
re 1
re 1
re 1
re 1
re 1
re 1
re 1
re 1
re 1
re 1
re 1
re 1
re 1
re 1
re 1
re 1
re 1
re 1
re 1
re 1
re 1
reach 1
reach 1
reach 1
reach 1
reach 1
reach 1
reach 1
reach 1
receive 1
receive 1
receive 1
reckoned 1
reckoned 1
reckoned 1
reckoned 1
reckoned 1
reckoned 1
reckoned 1
reckoned 1
reckoned 1
reckoned 1
reckoned 1
reckoned 1
reckoned 1
reckoned 1
reckoned 1
reckoned 1
reckoned 1
reckoned 1
reckoned 1
reckoned 1
reckoned 1
reckoned 1
reckoned 1
reckoned 1
reckoned 1
reckoned 1
reckoned 1
reckoned 1
reckoned 1
reckoned 1
reckoned 1
reckoned 1
reckoned 1
reckoned 1
reckoned 1
reckoned 1
reckoned 1
reckoned 1
reckoned 1
reckoned 1
reckoned 1
reckoned 1
reckoned 1
reckoned 1
reckoned 1
reckoned 1
reckoned 1
reckoned 1
reckoned 1
reckoned 1
reckoned 1
reckoned 1
reckoned 1
reckoned 1
reckoned 1
reckoned 1
reckoned 1
reckoned 1
reckoned 1
reckoned 1
reckoned 1
reckoned 1
reckoned 1
reckoned 1
reckoned 1
reckoned 1
reckoned 1
reckoned 1
reckoned 1
reckoned 1
reckoned 1
reckoned 1
reckoned 1
reckoned 1
reckoned 1
record 1
record 1
record 1
redistributing 1
reports 1
request 1
request 1
resigned 1
rested 1
rested 1
rested 1
rests 1
reveal 1
rightful 1
rightful 1
rightful 1
rip 1
rip 1
rip 1
rip 1
rip 1
rip 1
rip 1
rip 1
rip 1
rip 1
rip 1
rivers 1
roads 1
roads 1
robbers 1
robbers 1
robbers 1
robbers 1
robbers 1
robbers 1
robbers 1
robbers 1
robbers 1
rock 1
rock 1
rock 1
rock 1
rock 1
rock 1
rock 1
rock 1
rock 1
rock 1
rock 1
rock 1
rod 1
rod 1
rod 1
rod 1
rod 1
rod 1
rod 1
rod 1
rod 1
rod 1
rod 1
rod 1
rod 1
rod 1
rod 1
roosting 1
roosting 1
roosting 1
roundabout 1
roundabout 1
rub 1
ruputation 1
ruputation 1
s 1
s 1
s 1
s 1
s 1
s 1
s 1
s 1
s 1
s 1
s 1
s 1
s 1
s 1
s 1
s 1
s 1
s 1
s 1
s 1
s 1
s 1
s 1
s 1
s 1
s 1
s 1
s 1
s 1
s 1
s 1
s 1
s 1
s 1
s 1
s 1
s 1
s 1
s 1
s 1
s 1
s 1
s 1
s 1
s 1
s 1
s 1
s 1
s 1
s 1
s 1
s 1
s 1
s 1
s 1
s 1
s 1
s 1
s 1
s 1
s 1
s 1
s 1
s 1
s 1
s 1
s 1
s 1
s 1
s 1
s 1
s 1
s 1
s 1
s 1
s 1
s 1
s 1
s 1
s 1
s 1
s 1
s 1
s 1
s 1
s 1
s 1
s 1
s 1
s 1
s 1
s 1
s 1
s 1
s 1
s 1
s 1
s 1
s 1
s 1
s 1
s 1
s 1
s 1
s 1
s 1
s 1
s 1
s 1
s 1
s 1
s 1
s 1
s 1
s 1
s 1
s 1
s 1
s 1
s 1
s 1
s 1
s 1
s 1
s 1
s 1
s 1
s 1
s 1
s 1
s 1
s 1
s 1
s 1
s 1
s 1
s 1
s 1
s 1
s 1
s 1
s 1
s 1
s 1
s 1
s 1
s 1
s 1
s 1
s 1
s 1
s 1
s 1
s 1
s 1
s 1
s 1
s 1
s 1
s 1
s 1
s 1
s 1
s 1
s 1
s 1
s 1
s 1
s 1
s 1
s 1
s 1
s 1
s 1
s 1
s 1
s 1
s 1
s 1
s 1
s 1
s 1
s 1
s 1
s 1
s 1
s 1
s 1
s 1
s 1
s 1
s 1
s 1
s 1
s 1
s 1
s 1
s 1
s 1
s 1
s 1
s 1
s 1
s 1
s 1
s 1
s 1
s 1
s 1
s 1
s 1
s 1
s 1
s 1
s 1
s 1
s 1
s 1
s 1
s 1
s 1
s 1
s 1
s 1
s 1
s 1
s 1
s 1
s 1
s 1
s 1
s 1
s 1
s 1
s 1
s 1
s 1
s 1
s 1
s 1
s 1
s 1
s 1
s 1
s 1
s 1
s 1
s 1
s 1
s 1
s 1
s 1
s 1
s 1
s 1
s 1
s 1
s 1
s 1
s 1
s 1
s 1
s 1
s 1
s 1
s 1
s 1
s 1
s 1
s 1
s 1
s 1
s 1
s 1
s 1
s 1
s 1
s 1
s 1
s 1
s 1
s 1
s 1
s 1
s 1
s 1
s 1
s 1
s 1
s 1
s 1
s 1
s 1
s 1
s 1
s 1
s 1
s 1
s 1
s 1
s 1
s 1
s 1
s 1
s 1
s 1
s 1
s 1
s 1
s 1
s 1
s 1
s 1
s 1
s 1
s 1
s 1
s 1
s 1
s 1
s 1
s 1
s 1
s 1
s 1
s 1
s 1
s 1
s 1
s 1
s 1
s 1
s 1
s 1
s 1
s 1
s 1
s 1
s 1
s 1
s 1
s 1
s 1
s 1
s 1
s 1
s 1
s 1
s 1
s 1
s 1
s 1
s 1
s 1
s 1
s 1
s 1
s 1
s 1
s 1
s 1
s 1
s 1
s 1
s 1
s 1
s 1
s 1
s 1
s 1
s 1
s 1
s 1
s 1
s 1
s 1
s 1
s 1
s 1
s 1
s 1
s 1
s 1
s 1
s 1
s 1
s 1
s 1
s 1
s 1
s 1
s 1
s 1
s 1
s 1
s 1
s 1
s 1
s 1
s 1
s 1
s 1
s 1
s 1
s 1
s 1
s 1
s 1
s 1
s 1
s 1
s 1
s 1
s 1
s 1
s 1
s 1
s 1
s 1
s 1
s 1
s 1
s 1
s 1
s 1
s 1
s 1
s 1
s 1
s 1
s 1
s 1
s 1
s 1
s 1
s 1
s 1
s 1
s 1
s 1
s 1
s 1
s 1
s 1
s 1
s 1
s 1
s 1
s 1
s 1
s 1
s 1
s 1
s 1
s 1
s 1
s 1
s 1
s 1
s 1
s 1
s 1
s 1
s 1
s 1
s 1
s 1
s 1
s 1
s 1
s 1
s 1
s 1
s 1
s 1
s 1
s 1
s 1
s 1
s 1
s 1
s 1
s 1
s 1
s 1
s 1
s 1
s 1
s 1
s 1
s 1
s 1
s 1
s 1
s 1
s 1
s 1
s 1
s 1
s 1
s 1
s 1
s 1
s 1
s 1
s 1
s 1
s 1
s 1
s 1
s 1
s 1
s 1
s 1
s 1
s 1
s 1
s 1
s 1
s 1
s 1
s 1
s 1
s 1
s 1
s 1
s 1
s 1
s 1
s 1
s 1
s 1
s 1
s 1
s 1
s 1
s 1
s 1
s 1
s 1
s 1
s 1
s 1
s 1
s 1
s 1
s 1
s 1
s 1
s 1
s 1
s 1
s 1
s 1
s 1
s 1
s 1
s 1
s 1
s 1
s 1
s 1
s 1
s 1
s 1
s 1
s 1
s 1
s 1
s 1
s 1
s 1
s 1
s 1
s 1
s 1
s 1
s 1
s 1
s 1
s 1
s 1
s 1
s 1
s 1
s 1
s 1
s 1
s 1
s 1
s 1
s 1
s 1
s 1
s 1
s 1
s 1
s 1
s 1
s 1
s 1
s 1
s 1
s 1
s 1
s 1
s 1
s 1
s 1
s 1
s 1
s 1
s 1
s 1
s 1
s 1
s 1
s 1
s 1
s 1
s 1
s 1
s 1
s 1
s 1
s 1
s 1
s 1
s 1
s 1
s 1
s 1
s 1
s 1
s 1
s 1
s 1
s 1
s 1
s 1
s 1
s 1
s 1
s 1
s 1
s 1
s 1
s 1
s 1
s 1
s 1
s 1
s 1
s 1
s 1
s 1
s 1
s 1
s 1
s 1
s 1
s 1
s 1
s 1
s 1
s 1
s 1
s 1
s 1
s 1
s 1
s 1
s 1
s 1
s 1
s 1
s 1
s 1
s 1
s 1
s 1
s 1
s 1
s 1
s 1
s 1
s 1
s 1
s 1
s 1
s 1
s 1
s 1
s 1
s 1
s 1
s 1
s 1
s 1
s 1
s 1
s 1
s 1
s 1
s 1
s 1
s 1
s 1
s 1
s 1
s 1
s 1
s 1
s 1
s 1
s 1
s 1
s 1
s 1
s 1
s 1
s 1
s 1
s 1
s 1
s 1
s 1
s 1
s 1
s 1
s 1
s 1
s 1
s 1
s 1
s 1
s 1
s 1
s 1
s 1
s 1
s 1
s 1
s 1
s 1
s 1
s 1
s 1
s 1
s 1
s 1
s 1
s 1
s 1
s 1
s 1
s 1
s 1
s 1
s 1
s 1
s 1
s 1
s 1
s 1
s 1
s 1
s 1
s 1
s 1
s 1
s 1
s 1
s 1
s 1
s 1
s 1
s 1
s 1
s 1
s 1
s 1
s 1
s 1
s 1
s 1
s 1
s 1
s 1
s 1
s 1
s 1
s 1
s 1
s 1
s 1
s 1
s 1
s 1
s 1
s 1
s 1
s 1
s 1
s 1
s 1
s 1
s 1
s 1
s 1
s 1
s 1
s 1
s 1
s 1
s 1
s 1
s 1
s 1
s 1
s 1
s 1
s 1
s 1
s 1
s 1
s 1
s 1
s 1
s 1
s 1
s 1
s 1
s 1
s 1
s 1
s 1
s 1
s 1
s 1
s 1
s 1
s 1
s 1
s 1
s 1
s 1
s 1
s 1
s 1
s 1
s 1
s 1
s 1
s 1
s 1
s 1
s 1
s 1
s 1
s 1
s 1
s 1
s 1
s 1
s 1
s 1
s 1
s 1
s 1
s 1
s 1
s 1
s 1
s 1
s 1
s 1
s 1
s 1
s 1
s 1
s 1
s 1
s 1
s 1
s 1
s 1
s 1
s 1
s 1
s 1
s 1
s 1
s 1
s 1
s 1
s 1
s 1
s 1
s 1
s 1
s 1
s 1
s 1
s 1
s 1
s 1
s 1
s 1
s 1
s 1
s 1
s 1
s 1
s 1
s 1
s 1
s 1
s 1
s 1
s 1
s 1
s 1
s 1
s 1
s 1
s 1
s 1
s 1
s 1
s 1
s 1
s 1
s 1
s 1
s 1
s 1
s 1
s 1
s 1
s 1
s 1
s 1
s 1
s 1
s 1
s 1
s 1
s 1
s 1
s 1
s 1
s 1
s 1
s 1
s 1
s 1
s 1
s 1
s 1
s 1
s 1
s 1
s 1
s 1
s 1
s 1
s 1
s 1
s 1
s 1
s 1
s 1
s 1
s 1
s 1
s 1
s 1
s 1
s 1
s 1
s 1
s 1
s 1
s 1
s 1
s 1
s 1
s 1
s 1
s 1
s 1
s 1
s 1
s 1
s 1
s 1
s 1
s 1
s 1
s 1
s 1
s 1
s 1
s 1
s 1
s 1
s 1
s 1
s 1
s 1
s 1
s 1
s 1
s 1
s 1
s 1
s 1
s 1
s 1
s 1
s 1
s 1
s 1
s 1
s 1
s 1
s 1
s 1
s 1
s 1
s 1
s 1
s 1
s 1
s 1
s 1
s 1
s 1
s 1
s 1
s 1
s 1
s 1
s 1
s 1
s 1
s 1
s 1
s 1
s 1
s 1
s 1
s 1
s 1
s 1
s 1
s 1
s 1
s 1
s 1
s 1
s 1
s 1
s 1
s 1
s 1
s 1
s 1
s 1
s 1
s 1
s 1
s 1
s 1
s 1
s 1
s 1
s 1
s 1
s 1
s 1
s 1
s 1
s 1
s 1
s 1
s 1
s 1
s 1
s 1
s 1
s 1
s 1
s 1
s 1
s 1
s 1
s 1
s 1
s 1
s 1
s 1
s 1
s 1
s 1
s 1
s 1
s 1
s 1
s 1
s 1
s 1
s 1
s 1
s 1
s 1
s 1
s 1
s 1
s 1
s 1
s 1
s 1
s 1
s 1
s 1
s 1
s 1
s 1
s 1
s 1
s 1
s 1
saddled 1
said 1
said 1
said 1
said 1
said 1
said 1
said 1
said 1
said 1
said 1
said 1
said 1
said 1
said 1
said 1
said 1
said 1
said 1
said 1
said 1
said 1
said 1
said 1
said 1
said 1
said 1
said 1
said 1
said 1
said 1
said 1
said 1
said 1
said 1
said 1
said 1
said 1
said 1
said 1
said 1
said 1
said 1
said 1
said 1
said 1
said 1
said 1
said 1
said 1
said 1
said 1
said 1
said 1
said 1
said 1
said 1
said 1
said 1
said 1
said 1
said 1
said 1
said 1
said 1
said 1
said 1
said 1
said 1
said 1
said 1
said 1
said 1
said 1
said 1
said 1
said 1
said 1
said 1
said 1
said 1
said 1
said 1
said 1
said 1
said 1
said 1
said 1
said 1
said 1
said 1
said 1
said 1
said 1
said 1
said 1
said 1
said 1
said 1
said 1
said 1
said 1
said 1
said 1
said 1
said 1
said 1
said 1
said 1
said 1
said 1
said 1
said 1
said 1
said 1
said 1
said 1
said 1
said 1
said 1
said 1
said 1
said 1
said 1
said 1
said 1
said 1
said 1
said 1
said 1
said 1
said 1
said 1
said 1
said 1
said 1
said 1
said 1
said 1
said 1
said 1
said 1
said 1
said 1
said 1
said 1
said 1
said 1
said 1
said 1
said 1
said 1
said 1
said 1
said 1
said 1
said 1
said 1
said 1
said 1
said 1
said 1
said 1
said 1
said 1
said 1
said 1
said 1
said 1
said 1
said 1
said 1
said 1
said 1
said 1
said 1
said 1
said 1
said 1
said 1
said 1
said 1
said 1
said 1
said 1
said 1
said 1
said 1
said 1
said 1
said 1
said 1
said 1
said 1
said 1
said 1
said 1
said 1
said 1
said 1
said 1
said 1
said 1
said 1
said 1
said 1
said 1
said 1
said 1
said 1
said 1
said 1
said 1
said 1
said 1
said 1
said 1
said 1
said 1
said 1
said 1
said 1
said 1
said 1
said 1
said 1
said 1
said 1
said 1
said 1
said 1
said 1
said 1
said 1
said 1
said 1
said 1
said 1
said 1
said 1
said 1
said 1
said 1
said 1
said 1
said 1
said 1
said 1
said 1
said 1
said 1
said 1
said 1
said 1
said 1
said 1
said 1
said 1
said 1
said 1
said 1
said 1
said 1
said 1
said 1
said 1
said 1
said 1
said 1
said 1
said 1
said 1
said 1
said 1
said 1
said 1
said 1
said 1
said 1
said 1
said 1
said 1
said 1
said 1
said 1
said 1
said 1
said 1
said 1
said 1
said 1
said 1
said 1
said 1
said 1
said 1
said 1
said 1
said 1
said 1
said 1
said 1
said 1
said 1
said 1
said 1
said 1
said 1
said 1
said 1
said 1
said 1
said 1
said 1
said 1
said 1
said 1
said 1
said 1
said 1
said 1
said 1
said 1
said 1
said 1
said 1
said 1
said 1
said 1
said 1
said 1
said 1
said 1
said 1
said 1
said 1
said 1
said 1
said 1
said 1
said 1
said 1
said 1
said 1
said 1
said 1
said 1
said 1
said 1
said 1
said 1
said 1
said 1
said 1
said 1
said 1
said 1
said 1
said 1
said 1
said 1
said 1
said 1
said 1
said 1
said 1
said 1
said 1
said 1
said 1
said 1
said 1
said 1
said 1
said 1
said 1
said 1
said 1
said 1
said 1
said 1
said 1
said 1
said 1
said 1
said 1
said 1
said 1
said 1
said 1
said 1
said 1
said 1
said 1
said 1
said 1
said 1
said 1
said 1
said 1
said 1
said 1
said 1
said 1
said 1
said 1
said 1
said 1
said 1
said 1
said 1
said 1
said 1
said 1
said 1
said 1
said 1
said 1
said 1
said 1
said 1
said 1
said 1
said 1
said 1
said 1
said 1
said 1
said 1
said 1
said 1
said 1
said 1
said 1
said 1
said 1
said 1
said 1
said 1
said 1
said 1
said 1
said 1
said 1
said 1
said 1
said 1
said 1
said 1
said 1
said 1
said 1
said 1
said 1
said 1
said 1
said 1
said 1
said 1
said 1
said 1
said 1
said 1
said 1
said 1
said 1
said 1
said 1
said 1
said 1
said 1
said 1
said 1
said 1
said 1
said 1
said 1
said 1
said 1
said 1
said 1
said 1
said 1
said 1
said 1
said 1
sakes 1
sakes 1
sakes 1
sakes 1
sakes 1
sakes 1
sandbar 1
sarcastic 1
sarcastic 1
sarcastic 1
save 1
save 1
save 1
save 1
save 1
save 1
save 1
save 1
save 1
save 1
save 1
save 1
save 1
saw 1
saw 1
saw 1
saw 1
saw 1
saw 1
saw 1
saw 1
saw 1
saw 1
saw 1
saw 1
saw 1
saw 1
saw 1
saw 1
saw 1
saw 1
saw 1
saw 1
saw 1
saw 1
saw 1
saw 1
saw 1
saw 1
saw 1
saw 1
sawdust 1
sawdust 1
sawdust 1
sawdust 1
schooliest 1
scorched 1
scraping 1
scraping 1
scrawled 1
scrouging 1
season 1
seed 1
seed 1
seed 1
seemed 1
seemed 1
seemed 1
seemed 1
seemed 1
seemed 1
seemed 1
seemed 1
seemed 1
seemed 1
seemed 1
seemed 1
seemed 1
seemed 1
seemed 1
seemed 1
seemed 1
seemed 1
seen 1
seen 1
seen 1
seen 1
seen 1
seen 1
seen 1
seen 1
seen 1
seen 1
seen 1
seen 1
seen 1
seen 1
seen 1
seen 1
seen 1
seen 1
seen 1
seen 1
seen 1
seen 1
seen 1
seen 1
seen 1
seen 1
seen 1
seen 1
seen 1
seen 1
seen 1
seen 1
seen 1
seen 1
seen 1
seen 1
seen 1
seen 1
seen 1
seen 1
seen 1
seen 1
seen 1
seen 1
seen 1
seen 1
seen 1
separated 1
sh 1
sh 1
sh 1
sh 1
shade 1
shade 1
shade 1
shade 1
shadows 1
shadows 1
shadows 1
shape 1
shape 1
shape 1
shape 1
shared 1
sheds 1
sheds 1
sheds 1
shine 1
shiny 1
shiny 1
shiny 1
ships 1
shore 1
shore 1
shore 1
shore 1
shore 1
shore 1
shore 1
shore 1
shore 1
shore 1
shore 1
shore 1
shore 1
shore 1
shore 1
shore 1
shore 1
shore 1
shore 1
shore 1
shore 1
shore 1
shore 1
shore 1
shore 1
shore 1
shore 1
shore 1
shore 1
shore 1
shore 1
shore 1
shore 1
shore 1
shore 1
shore 1
shore 1
shout 1
shout 1
shout 1
shout 1
shout 1
sickness 1
sifted 1
sifted 1
sifted 1
sinister 1
sinister 1
sisters 1
sisters 1
sisters 1
sisters 1
sivilize 1
sivilize 1
size 1
size 1
size 1
size 1
sized 1
skip 1
skip 1
skip 1
skipping 1
skull 1
slave 1
slave 1
slave 1
slave 1
slave 1
slave 1
slim 1
slim 1
slim 1
slim 1
slim 1
slim 1
slopped 1
slopped 1
sluice 1
slush 1
small 1
small 1
small 1
small 1
small 1
small 1
small 1
small 1
small 1
small 1
small 1
small 1
small 1
small 1
smashed 1
smashed 1
smashed 1
smashed 1
smiling 1
smiling 1
smiling 1
smiling 1
smiling 1
smiling 1
smiling 1
smoky 1
smothery 1
snarls 1
snatch 1
snored 1
socks 1
solicit 1
solicit 1
solid 1
solid 1
solid 1
solid 1
solid 1
solid 1
solid 1
solid 1
solid 1
solid 1
solid 1
solid 1
solid 1
solid 1
solid 1
solid 1
solid 1
solid 1
soliloquy 1
soliloquy 1
sorry 1
sorry 1
sorry 1
sorry 1
sorry 1
sorry 1
sorry 1
sorry 1
sorry 1
sorry 1
sorry 1
sorry 1
sorry 1
sorry 1
sorry 1
sorry 1
sorry 1
sorry 1
sorry 1
sorry 1
sorry 1
sorry 1
sorry 1
sorry 1
sorry 1
sorry 1
sorted 1
sorter 1
sorter 1
sound 1
sound 1
sound 1
sound 1
sound 1
sound 1
sound 1
sound 1
sound 1
sound 1
sound 1
sound 1
sound 1
sound 1
sound 1
sound 1
sound 1
sound 1
sound 1
sound 1
sound 1
sound 1
sound 1
sound 1
sound 1
sound 1
sound 1
sound 1
sound 1
sound 1
sound 1
sound 1
sound 1
sound 1
sound 1
sound 1
spark 1
spark 1
spark 1
specalat 1
special 1
spectacles 1
spiritual 1
spite 1
spite 1
spite 1
spokes 1
spoon 1
spoon 1
spoon 1
spoon 1
spoon 1
spoon 1
spoon 1
spoon 1
spoon 1
spoon 1
spoon 1
spoon 1
spoon 1
spoon 1
spoon 1
spoon 1
spoon 1
spoon 1
spoon 1
spots 1
spots 1
spots 1
spring 1
spring 1
spring 1
spring 1
spring 1
spring 1
sprinkling 1
squared 1
squeaked 1
squeaked 1
squirming 1
stacked 1
stars 1
stars 1
stars 1
stars 1
stars 1
stars 1
stars 1
stars 1
stars 1
stated 1
steep 1
steep 1
steep 1
steering 1
steering 1
steering 1
stillness 1
stillness 1
stirs 1
stomach 1
stomach 1
stomach 1
stomach 1
stomach 1
stomach 1
stomach 1
stomach 1
stooping 1
stooping 1
storm 1
storm 1
storm 1
storm 1
storm 1
storm 1
storm 1
stout 1
stove 1
stove 1
straps 1
stretch 1
stretch 1
stretch 1
stretch 1
stretch 1
strikes 1
sued 1
suffering 1
suffering 1
suffering 1
sure 1
sure 1
sure 1
sure 1
sure 1
sure 1
sure 1
sure 1
sure 1
sure 1
sure 1
sure 1
sure 1
sure 1
sure 1
sure 1
sure 1
sure 1
sure 1
sure 1
sure 1
sure 1
sure 1
sure 1
sure 1
sure 1
sure 1
sure 1
sure 1
sure 1
sure 1
sure 1
sure 1
sure 1
sure 1
sure 1
swabbing 1
swabbing 1
swabbing 1
sweeps 1
sweeps 1
sweeps 1
sweeps 1
swell 1
swell 1
sword 1
sword 1
sword 1
sword 1
takin 1
tales 1
talked 1
talked 1
talked 1
talked 1
talked 1
talked 1
talked 1
talked 1
talked 1
talked 1
talked 1
talked 1
talked 1
talked 1
talked 1
talked 1
talked 1
talked 1
talked 1
talked 1
talked 1
talked 1
talked 1
talked 1
talked 1
talked 1
talked 1
talked 1
talked 1
talked 1
tall 1
tall 1
tall 1
tall 1
tall 1
tall 1
tan 1
tan 1
tat 1
team 1
tend 1
terrible 1
terrible 1
terrible 1
terrible 1
texas 1
texas 1
texas 1
texas 1
texas 1
texas 1
texas 1
texas 1
texas 1
that 1
that 1
that 1
that 1
that 1
that 1
that 1
that 1
that 1
that 1
that 1
that 1
that 1
that 1
that 1
that 1
that 1
that 1
that 1
that 1
that 1
that 1
that 1
that 1
that 1
that 1
that 1
that 1
that 1
that 1
that 1
that 1
that 1
that 1
that 1
that 1
that 1
that 1
that 1
that 1
that 1
that 1
that 1
that 1
that 1
that 1
that 1
that 1
that 1
that 1
that 1
that 1
that 1
that 1
that 1
that 1
that 1
that 1
that 1
that 1
that 1
that 1
that 1
that 1
that 1
that 1
that 1
that 1
that 1
that 1
that 1
that 1
that 1
that 1
that 1
that 1
that 1
that 1
that 1
that 1
that 1
that 1
that 1
that 1
that 1
that 1
that 1
that 1
that 1
that 1
that 1
that 1
that 1
that 1
that 1
that 1
that 1
that 1
that 1
that 1
that 1
that 1
that 1
that 1
that 1
that 1
that 1
that 1
that 1
that 1
that 1
that 1
that 1
that 1
that 1
that 1
that 1
that 1
that 1
that 1
that 1
that 1
that 1
that 1
that 1
that 1
that 1
that 1
that 1
that 1
that 1
that 1
that 1
that 1
that 1
that 1
that 1
that 1
that 1
that 1
that 1
that 1
that 1
that 1
that 1
that 1
that 1
that 1
that 1
that 1
that 1
that 1
that 1
that 1
that 1
that 1
that 1
that 1
that 1
that 1
that 1
that 1
that 1
that 1
that 1
that 1
that 1
that 1
that 1
that 1
that 1
that 1
that 1
that 1
that 1
that 1
that 1
that 1
that 1
that 1
that 1
that 1
that 1
that 1
that 1
that 1
that 1
that 1
that 1
that 1
that 1
that 1
that 1
that 1
that 1
that 1
that 1
that 1
that 1
that 1
that 1
that 1
that 1
that 1
that 1
that 1
that 1
that 1
that 1
that 1
that 1
that 1
that 1
that 1
that 1
that 1
that 1
that 1
that 1
that 1
that 1
that 1
that 1
that 1
that 1
that 1
that 1
that 1
that 1
that 1
that 1
that 1
that 1
that 1
that 1
that 1
that 1
that 1
that 1
that 1
that 1
that 1
that 1
that 1
that 1
that 1
that 1
that 1
that 1
that 1
that 1
that 1
that 1
that 1
that 1
that 1
that 1
that 1
that 1
that 1
that 1
that 1
that 1
that 1
that 1
that 1
that 1
that 1
that 1
that 1
that 1
that 1
that 1
that 1
that 1
that 1
that 1
that 1
that 1
that 1
that 1
that 1
that 1
that 1
that 1
that 1
that 1
that 1
that 1
that 1
that 1
that 1
that 1
that 1
that 1
that 1
that 1
that 1
that 1
that 1
that 1
that 1
that 1
that 1
that 1
that 1
that 1
that 1
that 1
that 1
that 1
that 1
that 1
that 1
that 1
that 1
that 1
that 1
that 1
that 1
that 1
that 1
that 1
that 1
that 1
that 1
that 1
that 1
that 1
that 1
that 1
that 1
that 1
that 1
that 1
that 1
that 1
that 1
that 1
that 1
that 1
that 1
that 1
that 1
that 1
that 1
that 1
that 1
that 1
that 1
that 1
that 1
that 1
that 1
that 1
that 1
that 1
that 1
that 1
that 1
that 1
that 1
that 1
that 1
that 1
that 1
that 1
that 1
that 1
that 1
that 1
that 1
that 1
that 1
that 1
that 1
that 1
that 1
that 1
that 1
that 1
that 1
that 1
that 1
that 1
that 1
that 1
that 1
that 1
that 1
that 1
that 1
that 1
that 1
that 1
that 1
that 1
that 1
that 1
that 1
that 1
that 1
that 1
that 1
that 1
that 1
that 1
that 1
that 1
that 1
that 1
that 1
that 1
that 1
that 1
that 1
that 1
that 1
that 1
that 1
that 1
that 1
that 1
that 1
that 1
that 1
that 1
that 1
that 1
that 1
that 1
that 1
that 1
that 1
that 1
that 1
that 1
that 1
that 1
that 1
that 1
that 1
that 1
that 1
that 1
that 1
that 1
that 1
that 1
that 1
that 1
that 1
that 1
that 1
that 1
that 1
that 1
that 1
that 1
that 1
that 1
that 1
that 1
that 1
that 1
that 1
that 1
that 1
that 1
that 1
that 1
that 1
that 1
that 1
that 1
that 1
that 1
that 1
that 1
that 1
that 1
that 1
that 1
that 1
that 1
that 1
that 1
that 1
that 1
that 1
that 1
that 1
that 1
that 1
that 1
that 1
that 1
that 1
that 1
that 1
that 1
that 1
that 1
that 1
that 1
that 1
that 1
that 1
that 1
that 1
that 1
that 1
that 1
that 1
that 1
that 1
that 1
that 1
that 1
that 1
that 1
that 1
that 1
that 1
that 1
that 1
that 1
that 1
that 1
that 1
that 1
that 1
that 1
that 1
that 1
that 1
that 1
that 1
that 1
that 1
that 1
that 1
that 1
that 1
that 1
that 1
that 1
that 1
that 1
that 1
that 1
that 1
that 1
that 1
that 1
that 1
that 1
that 1
that 1
that 1
that 1
that 1
that 1
that 1
that 1
that 1
that 1
that 1
that 1
that 1
that 1
that 1
that 1
that 1
that 1
that 1
that 1
that 1
that 1
that 1
that 1
that 1
that 1
that 1
that 1
that 1
that 1
that 1
that 1
that 1
that 1
that 1
that 1
that 1
that 1
that 1
that 1
that 1
that 1
that 1
that 1
that 1
that 1
that 1
that 1
that 1
that 1
that 1
that 1
that 1
that 1
that 1
that 1
that 1
that 1
that 1
that 1
that 1
that 1
that 1
that 1
that 1
that 1
that 1
that 1
that 1
that 1
that 1
that 1
that 1
that 1
that 1
that 1
that 1
that 1
that 1
that 1
that 1
that 1
that 1
that 1
that 1
that 1
that 1
that 1
that 1
that 1
that 1
that 1
that 1
that 1
that 1
that 1
that 1
that 1
that 1
that 1
that 1
that 1
that 1
that 1
that 1
that 1
that 1
that 1
that 1
that 1
that 1
that 1
that 1
that 1
that 1
that 1
that 1
that 1
that 1
that 1
that 1
that 1
that 1
that 1
that 1
that 1
that 1
that 1
that 1
that 1
that 1
that 1
that 1
that 1
that 1
that 1
that 1
that 1
that 1
that 1
that 1
that 1
that 1
that 1
that 1
that 1
that 1
that 1
that 1
that 1
that 1
that 1
that 1
that 1
that 1
that 1
that 1
that 1
that 1
that 1
that 1
that 1
that 1
that 1
that 1
that 1
that 1
that 1
that 1
that 1
that 1
that 1
that 1
that 1
that 1
that 1
that 1
that 1
that 1
that 1
that 1
that 1
that 1
that 1
that 1
that 1
that 1
that 1
that 1
that 1
that 1
that 1
that 1
that 1
that 1
that 1
that 1
that 1
that 1
that 1
that 1
that 1
that 1
that 1
that 1
that 1
that 1
that 1
that 1
that 1
that 1
that 1
that 1
that 1
that 1
that 1
that 1
that 1
that 1
that 1
that 1
that 1
that 1
that 1
that 1
that 1
that 1
that 1
that 1
that 1
that 1
that 1
that 1
that 1
that 1
that 1
that 1
that 1
that 1
that 1
that 1
that 1
that 1
that 1
that 1
that 1
that 1
that 1
that 1
that 1
that 1
that 1
that 1
that 1
that 1
that 1
that 1
that 1
that 1
that 1
that 1
that 1
that 1
that 1
that 1
that 1
that 1
that 1
that 1
that 1
that 1
that 1
that 1
that 1
that 1
that 1
that 1
that 1
that 1
that 1
that 1
that 1
that 1
that 1
that 1
that 1
that 1
that 1
that 1
that 1
that 1
that 1
that 1
that 1
that 1
that 1
that 1
that 1
that 1
that 1
that 1
that 1
that 1
that 1
that 1
that 1
that 1
that 1
that 1
that 1
that 1
that 1
that 1
that 1
that 1
that 1
that 1
that 1
that 1
that 1
that 1
that 1
that 1
that 1
that 1
that 1
that 1
that 1
that 1
that 1
that 1
that 1
that 1
that 1
that 1
that 1
that 1
that 1
that 1
that 1
that 1
that 1
that 1
that 1
that 1
that 1
that 1
that 1
that 1
that 1
that 1
that 1
that 1
that 1
that 1
that 1
that 1
that 1
that 1
that 1
that 1
that 1
that 1
that 1
that 1
that 1
that 1
that 1
that 1
that 1
that 1
that 1
that 1
that 1
that 1
that 1
that 1
that 1
that 1
that 1
that 1
that 1
that 1
that 1
that 1
that 1
that 1
that 1
that 1
that 1
that 1
that 1
that 1
that 1
that 1
that 1
that 1
that 1
that 1
that 1
that 1
that 1
that 1
that 1
that 1
that 1
that 1
that 1
that 1
that 1
that 1
that 1
that 1
that 1
that 1
that 1
that 1
that 1
that 1
that 1
that 1
that 1
that 1
that 1
that 1
that 1
that 1
that 1
that 1
that 1
that 1
that 1
that 1
that 1
that 1
that 1
that 1
that 1
that 1
that 1
that 1
that 1
that 1
that 1
that 1
that 1
that 1
that 1
that 1
that 1
that 1
that 1
that 1
that 1
that 1
that 1
that 1
that 1
that 1
that 1
that 1
that 1
that 1
that 1
that 1
that 1
that 1
that 1
that 1
that 1
that 1
that 1
that 1
that 1
that 1
that 1
that 1
that 1
that 1
that 1
that 1
that 1
that 1
that 1
that 1
that 1
that 1
that 1
that 1
that 1
that 1
that 1
that 1
that 1
that 1
that 1
that 1
that 1
that 1
that 1
that 1
that 1
that 1
that 1
that 1
that 1
that 1
that 1
that 1
that 1
that 1
that 1
that 1
that 1
that 1
that 1
that 1
that 1
that 1
that 1
that 1
that 1
that 1
that 1
that 1
that 1
that 1
that 1
that 1
that 1
that 1
that 1
that 1
that 1
that 1
that 1
that 1
that 1
that 1
that 1
that 1
that 1
that 1
that 1
that 1
that 1
that 1
that 1
that 1
that 1
that 1
that 1
that 1
that 1
that 1
that 1
that 1
that 1
that 1
that 1
that 1
that 1
that 1
that 1
that 1
that 1
that 1
that 1
that 1
that 1
that 1
that 1
that 1
that 1
that 1
that 1
that 1
that 1
that 1
that 1
that 1
that 1
that 1
that 1
that 1
that 1
that 1
that 1
that 1
that 1
that 1
that 1
that 1
that 1
that 1
that 1
that 1
that 1
that 1
that 1
that 1
that 1
that 1
that 1
that 1
that 1
that 1
these 1
these 1
these 1
these 1
these 1
these 1
these 1
these 1
these 1
these 1
these 1
these 1
these 1
these 1
these 1
these 1
these 1
these 1
these 1
these 1
these 1
these 1
these 1
these 1
these 1
these 1
these 1
these 1
these 1
these 1
these 1
these 1
these 1
these 1
these 1
these 1
these 1
these 1
these 1
these 1
these 1
these 1
these 1
these 1
these 1
these 1
these 1
these 1
these 1
these 1
these 1
these 1
these 1
these 1
these 1
these 1
these 1
these 1
these 1
these 1
these 1
these 1
these 1
these 1
these 1
these 1
these 1
thick 1
thick 1
thick 1
thick 1
thick 1
thick 1
thick 1
thick 1
thick 1
thick 1
thick 1
thick 1
thick 1
thick 1
thick 1
thick 1
thick 1
thick 1
thick 1
thickest 1
thickest 1
thickest 1
thinkin 1
thinkin 1
third 1
third 1
third 1
third 1
third 1
third 1
thirsty 1
thought 1
thought 1
thought 1
thought 1
thought 1
thought 1
thought 1
thought 1
thought 1
thought 1
thought 1
thought 1
thought 1
thought 1
thought 1
thought 1
thought 1
thought 1
thought 1
thought 1
thought 1
thought 1
thought 1
thought 1
thought 1
thought 1
thought 1
thought 1
thought 1
thought 1
thought 1
thought 1
thought 1
thought 1
thought 1
thought 1
thought 1
thought 1
thought 1
thought 1
thought 1
thought 1
thought 1
thought 1
thought 1
thought 1
thought 1
thought 1
thought 1
thought 1
thought 1
thought 1
thought 1
thought 1
thought 1
thought 1
thought 1
thought 1
thought 1
thought 1
thought 1
thought 1
thought 1
thought 1
thought 1
thought 1
thought 1
thought 1
thous 1
thous 1
thous 1
thous 1
thous 1
thrilling 1
thy 1
thy 1
tick 1
tick 1
tick 1
tick 1
tick 1
tick 1
tick 1
tick 1
tick 1
tick 1
till 1
till 1
till 1
till 1
till 1
till 1
till 1
till 1
till 1
till 1
till 1
till 1
till 1
till 1
till 1
till 1
till 1
till 1
till 1
till 1
till 1
till 1
till 1
till 1
till 1
till 1
till 1
till 1
till 1
till 1
till 1
till 1
till 1
till 1
till 1
till 1
till 1
till 1
till 1
till 1
till 1
till 1
till 1
till 1
till 1
till 1
till 1
till 1
till 1
till 1
till 1
till 1
till 1
till 1
till 1
till 1
till 1
till 1
till 1
till 1
till 1
till 1
till 1
till 1
till 1
till 1
till 1
till 1
till 1
till 1
till 1
till 1
till 1
till 1
till 1
till 1
till 1
till 1
till 1
till 1
till 1
till 1
till 1
till 1
till 1
till 1
till 1
till 1
till 1
till 1
till 1
till 1
till 1
till 1
till 1
till 1
till 1
till 1
till 1
till 1
till 1
till 1
till 1
till 1
till 1
till 1
till 1
till 1
till 1
till 1
till 1
till 1
till 1
till 1
till 1
till 1
till 1
till 1
till 1
till 1
till 1
till 1
till 1
till 1
till 1
till 1
till 1
till 1
till 1
till 1
till 1
till 1
timed 1
tomorrow 1
tongs 1
tonight 1
took 1
took 1
took 1
took 1
took 1
took 1
took 1
took 1
took 1
took 1
took 1
took 1
took 1
took 1
took 1
took 1
took 1
took 1
took 1
took 1
took 1
took 1
took 1
took 1
took 1
took 1
took 1
took 1
took 1
took 1
took 1
took 1
took 1
took 1
took 1
took 1
took 1
took 1
took 1
took 1
took 1
took 1
took 1
took 1
took 1
took 1
took 1
took 1
took 1
took 1
took 1
took 1
took 1
took 1
took 1
took 1
took 1
took 1
took 1
took 1
took 1
took 1
took 1
took 1
took 1
took 1
took 1
took 1
took 1
took 1
took 1
took 1
took 1
took 1
took 1
took 1
took 1
took 1
took 1
took 1
took 1
took 1
took 1
took 1
took 1
took 1
took 1
took 1
took 1
took 1
took 1
took 1
took 1
took 1
took 1
took 1
took 1
took 1
took 1
took 1
took 1
took 1
took 1
took 1
took 1
took 1
took 1
took 1
took 1
took 1
took 1
took 1
took 1
took 1
took 1
took 1
took 1
took 1
took 1
took 1
took 1
took 1
took 1
took 1
took 1
took 1
took 1
took 1
took 1
took 1
took 1
took 1
took 1
took 1
took 1
took 1
took 1
took 1
took 1
took 1
took 1
took 1
took 1
took 1
took 1
took 1
took 1
took 1
took 1
took 1
took 1
took 1
took 1
took 1
took 1
took 1
took 1
took 1
took 1
took 1
took 1
took 1
took 1
took 1
took 1
took 1
took 1
took 1
took 1
toting 1
tower 1
tower 1
tragedian 1
tramped 1
tramped 1
trampled 1
trance 1
treasure 1
tremble 1
trusts 1
tuckered 1
turn 1
turn 1
turn 1
turn 1
turn 1
turn 1
turn 1
turn 1
turn 1
turn 1
turn 1
turn 1
turn 1
turn 1
turn 1
turn 1
turn 1
turn 1
turn 1
turn 1
turn 1
turn 1
turn 1
turn 1
turn 1
turn 1
turn 1
turn 1
turn 1
turn 1
turn 1
turn 1
turn 1
turn 1
turn 1
turn 1
turn 1
turn 1
turn 1
turn 1
turn 1
turtles 1
tying 1
ugly 1
ugly 1
uncle 1
uncle 1
uncle 1
uncle 1
uncle 1
uncle 1
uncle 1
uncle 1
uncle 1
uncle 1
uncle 1
uncle 1
uncle 1
uncle 1
uncle 1
uncle 1
uncle 1
uncle 1
uncle 1
uncomfortable 1
uncomfortable 1
uncomfortable 1
uneasy 1
uneasy 1
uneasy 1
uneasy 1
uneasy 1
uneasy 1
uneasy 1
uneasy 1
uneasy 1
uneasy 1
uneasy 1
uneasy 1
uneasy 1
uneasy 1
uneasy 1
unhitch 1
unlink 1
untie 1
various 1
various 1
villages 1
volunteers 1
volunteers 1
volunteers 1
volunteers 1
volunteers 1
voyage 1
wade 1
wade 1
wants 1
wants 1
wants 1
wants 1
wants 1
wants 1
wants 1
wants 1
wants 1
wants 1
wants 1
wants 1
wants 1
warm 1
warm 1
warm 1
warm 1
warm 1
warm 1
warm 1
warm 1
warming 1
warming 1
warming 1
warnings 1
warwhoop 1
watchman 1
watchman 1
watchman 1
watchman 1
watchman 1
watchman 1
watchman 1
wavy 1
waylay 1
weaves 1
weaving 1
weaving 1
weaving 1
wee 1
wench 1
wench 1
whacks 1
whacks 1
whichever 1
whichever 1
whilst 1
whilst 1
whilst 1
whilst 1
whilst 1
whilst 1
whilst 1
whilst 1
whilst 1
whilst 1
whilst 1
whilst 1
whilst 1
whilst 1
whilst 1
whilst 1
whilst 1
whilst 1
whilst 1
whilst 1
whilst 1
whippowill 1
whirled 1
whirled 1
whole 1
whole 1
whole 1
whole 1
whole 1
whole 1
whole 1
whole 1
whole 1
whole 1
whole 1
whole 1
whole 1
whole 1
whole 1
whole 1
whole 1
whole 1
whole 1
whole 1
whole 1
whole 1
whole 1
whole 1
whole 1
whole 1
whole 1
whole 1
whole 1
whole 1
whole 1
whole 1
whole 1
whole 1
whole 1
whole 1
whole 1
whole 1
whole 1
whole 1
whole 1
whole 1
whole 1
whole 1
whole 1
whole 1
whole 1
whole 1
whollop 1
whooing 1
widder 1
widder 1
widder 1
widder 1
wigwams 1
willin 1
winded 1
wink 1
wink 1
wink 1
wink 1
wink 1
wink 1
winking 1
wisest 1
wishing 1
work 1
work 1
work 1
work 1
work 1
work 1
work 1
work 1
work 1
work 1
work 1
work 1
work 1
work 1
work 1
work 1
work 1
work 1
work 1
work 1
work 1
work 1
work 1
work 1
work 1
work 1
work 1
work 1
work 1
work 1
work 1
work 1
work 1
work 1
work 1
work 1
work 1
work 1
work 1
work 1
work 1
work 1
work 1
work 1
work 1
work 1
work 1
work 1
work 1
work 1
work 1
work 1
work 1
work 1
work 1
work 1
work 1
work 1
work 1
work 1
work 1
work 1
work 1
work 1
work 1
work 1
work 1
work 1
work 1
work 1
work 1
work 1
work 1
work 1
work 1
work 1
work 1
work 1
work 1
work 1
work 1
work 1
work 1
work 1
work 1
work 1
work 1
work 1
work 1
work 1
work 1
work 1
work 1
work 1
work 1
work 1
work 1
work 1
work 1
work 1
work 1
work 1
work 1
work 1
work 1
work 1
work 1
work 1
work 1
work 1
working 1
working 1
working 1
working 1
working 1
wrong 1
wrong 1
wrong 1
wrong 1
wrong 1
wrong 1
wrong 1
wrong 1
wrong 1
wrong 1
wrong 1
wrong 1
wrong 1
wusshup 1
yarter 1
yawning 1
yelled 1
yelled 1
yelled 1
yelled 1
yells 1
yells 1
yes 1
yes 1
yes 1
yes 1
yes 1
yes 1
yes 1
yes 1
yes 1
yes 1
yes 1
yes 1
yes 1
yes 1
yes 1
yes 1
yes 1
yes 1
yes 1
yes 1
yes 1
yes 1
yes 1
yes 1
yes 1
yield 1
yirls 1
yirls 1
