A 1
A 1
A 1
A 1
A 1
A 1
A 1
A 1
A 1
A 1
A 1
A 1
A 1
A 1
A 1
A 1
A 1
A 1
A 1
A 1
A 1
A 1
A 1
A 1
A 1
A 1
A 1
A 1
A 1
A 1
A 1
A 1
A 1
A 1
A 1
A 1
A 1
A 1
A 1
A 1
A 1
A 1
A 1
A 1
A 1
A 1
A 1
A 1
A 1
A 1
A 1
A 1
A 1
A 1
A 1
A 1
A 1
A 1
A 1
A 1
A 1
A 1
A 1
A 1
A 1
A 1
A 1
A 1
A 1
A 1
A 1
A 1
A 1
A 1
A 1
A 1
A 1
A 1
A 1
A 1
A 1
A 1
A 1
A 1
A 1
A 1
A 1
A 1
A 1
A 1
A 1
A 1
A 1
A 1
ADVENTURES 1
AUTHOR 1
About 1
About 1
About 1
About 1
About 1
About 1
About 1
About 1
Afeard 1
All 1
All 1
All 1
All 1
All 1
All 1
All 1
All 1
All 1
All 1
All 1
All 1
All 1
All 1
All 1
All 1
All 1
All 1
All 1
All 1
All 1
All 1
All 1
All 1
All 1
All 1
All 1
All 1
All 1
All 1
All 1
All 1
All 1
All 1
All 1
All 1
All 1
All 1
All 1
All 1
All 1
Also 1
Amy 1
Amy 1
Amy 1
Amy 1
Amy 1
Amy 1
Amy 1
Amy 1
Amy 1
Amy 1
Amy 1
Amy 1
Amy 1
Amy 1
Amy 1
Anatomy 1
August 1
Box 1
British 1
Cautious 1
Challenge 1
Cheer 1
Chief 1
Choir 1
Consound 1
Contributions 1
Course 1
Course 1
Crash 1
DISTRIBUTOR 1
DONATIONS 1
Darkness 1
Days 1
Days 1
Days 1
December 1
Deck 1
Defect 1
Disturbing 1
Doodle 1
Doodle 1
Drowned 1
Egress 1
England 1
England 1
England 1
Escape 1
Escape 1
European 1
Every 1
Every 1
Every 1
Every 1
Every 1
Every 1
Every 1
Every 1
Every 1
Every 1
Every 1
Every 1
Every 1
Every 1
Every 1
Every 1
Everybody 1
Everybody 1
Everybody 1
Everybody 1
Expedition 1
Expedition 1
Fall 1
Forms 1
Foundation 1
Foundation 1
Foundation 1
Foundation 1
Foundation 1
Foundation 1
Foundation 1
Foundation 1
Foundation 1
Foundation 1
Foundation 1
Foundation 1
Foundation 1
Foundation 1
Foundation 1
Foundation 1
Foundation 1
Foundation 1
Foundation 1
Foundation 1
Foundation 1
Foundation 1
Foundation 1
Foundation 1
Full 1
Gals 1
Generosity 1
Ghost 1
Glory 1
Grave 1
Grave 1
Gregory 1
Guard 1
Harpers 1
Harpers 1
Harpers 1
Hart 1
Hart 1
Haunted 1
Haunted 1
Having 1
He 1
He 1
He 1
He 1
He 1
He 1
He 1
He 1
He 1
He 1
He 1
He 1
He 1
He 1
He 1
He 1
He 1
He 1
He 1
He 1
He 1
He 1
He 1
He 1
He 1
He 1
He 1
He 1
He 1
He 1
He 1
He 1
He 1
He 1
He 1
He 1
He 1
He 1
He 1
He 1
He 1
He 1
He 1
He 1
He 1
He 1
He 1
He 1
He 1
He 1
He 1
He 1
He 1
He 1
He 1
He 1
He 1
He 1
He 1
He 1
He 1
He 1
He 1
He 1
He 1
He 1
He 1
He 1
He 1
He 1
He 1
He 1
He 1
He 1
He 1
He 1
He 1
He 1
He 1
He 1
He 1
He 1
He 1
He 1
He 1
He 1
He 1
He 1
He 1
He 1
He 1
He 1
He 1
He 1
He 1
He 1
He 1
He 1
He 1
He 1
He 1
He 1
He 1
He 1
He 1
He 1
He 1
He 1
He 1
He 1
He 1
He 1
He 1
He 1
He 1
He 1
He 1
He 1
He 1
He 1
He 1
He 1
He 1
He 1
He 1
He 1
He 1
He 1
He 1
He 1
He 1
He 1
He 1
He 1
He 1
He 1
He 1
He 1
He 1
He 1
He 1
He 1
He 1
He 1
He 1
He 1
He 1
He 1
He 1
He 1
He 1
He 1
He 1
He 1
He 1
He 1
He 1
He 1
He 1
He 1
He 1
He 1
He 1
He 1
He 1
He 1
He 1
He 1
He 1
He 1
He 1
He 1
He 1
He 1
He 1
He 1
He 1
He 1
He 1
He 1
He 1
He 1
He 1
He 1
He 1
He 1
He 1
He 1
He 1
He 1
He 1
He 1
He 1
He 1
He 1
He 1
He 1
He 1
He 1
He 1
He 1
He 1
He 1
He 1
He 1
He 1
He 1
He 1
He 1
He 1
He 1
He 1
He 1
He 1
He 1
He 1
He 1
He 1
He 1
He 1
He 1
He 1
He 1
He 1
He 1
He 1
He 1
He 1
He 1
He 1
He 1
He 1
He 1
He 1
He 1
He 1
He 1
He 1
He 1
He 1
He 1
He 1
He 1
He 1
He 1
He 1
He 1
He 1
He 1
He 1
He 1
He 1
He 1
He 1
He 1
He 1
He 1
He 1
He 1
He 1
He 1
He 1
He 1
He 1
He 1
He 1
He 1
He 1
He 1
He 1
He 1
He 1
He 1
He 1
He 1
He 1
He 1
He 1
He 1
He 1
He 1
He 1
He 1
He 1
He 1
He 1
He 1
He 1
He 1
He 1
He 1
He 1
He 1
He 1
He 1
He 1
He 1
He 1
He 1
He 1
He 1
He 1
He 1
He 1
He 1
He 1
He 1
He 1
He 1
He 1
He 1
He 1
He 1
He 1
He 1
He 1
He 1
He 1
He 1
He 1
He 1
He 1
He 1
He 1
He 1
He 1
He 1
Hellum 1
Hollis 1
Hollis 1
Hollis 1
Horsemen 1
Hot 1
IN 1
If 1
If 1
If 1
If 1
If 1
If 1
If 1
If 1
If 1
If 1
If 1
If 1
If 1
If 1
If 1
If 1
If 1
If 1
If 1
If 1
If 1
If 1
If 1
If 1
If 1
If 1
If 1
If 1
If 1
If 1
If 1
If 1
If 1
If 1
If 1
If 1
If 1
If 1
If 1
If 1
If 1
If 1
If 1
If 1
If 1
If 1
If 1
If 1
If 1
If 1
If 1
If 1
If 1
Indeed 1
Indian 1
Indian 1
Jones 1
Jones 1
Jones 1
Jones 1
Jones 1
Jones 1
Jones 1
Jones 1
Jones 1
Jones 1
Lake 1
Lessons 1
Lessons 1
Let 1
Let 1
Let 1
Let 1
Let 1
Let 1
Let 1
Let 1
Let 1
Let 1
Let 1
Let 1
Let 1
Let 1
Let 1
License 1
License 1
License 1
License 1
License 1
License 1
License 1
License 1
License 1
License 1
Luff 1
MISSOURI 1
Main 1
Main 1
Main 1
Main 1
Memories 1
Memories 1
Minister 1
Moreover 1
Most 1
Most 1
Most 1
Most 1
Most 1
Most 1
Most 1
Murrel 1
NEGLIGENCE 1
Nearly 1
Nearly 1
Newby 1
News 1
Next 1
Next 1
Next 1
Next 1
Next 1
Next 1
Next 1
Next 1
Not 1
Not 1
Not 1
Not 1
Not 1
Not 1
Not 1
Not 1
Not 1
Not 1
On 1
On 1
On 1
POSSIBILITY 1
Pap 1
Pap 1
Pap 1
Pap 1
Place 1
Political 1
Prayer 1
Prayer 1
Presbyterians 1
Punishment 1
Punishment 1
Pyramids 1
Re 1
Receive 1
Release 1
Rev 1
STRICT 1
Save 1
Saved 1
Saved 1
Sawyer 1
Sawyer 1
Sawyer 1
Sawyer 1
Sawyer 1
Sawyer 1
Sawyer 1
Sawyer 1
Sawyer 1
Sawyer 1
Sawyer 1
Sawyer 1
Sawyer 1
Sawyer 1
Sawyer 1
Sawyer 1
Sawyer 1
Sawyer 1
Sawyer 1
Sawyer 1
Sawyer 1
Sawyer 1
Sawyer 1
Sawyer 1
Sawyer 1
Sawyer 1
Sawyer 1
Sawyer 1
Sawyer 1
Sawyer 1
Sawyer 1
Sawyer 1
Sawyer 1
Sawyer 1
Sawyer 1
Sawyer 1
Sawyer 1
Sawyer 1
Scriptural 1
Scriptural 1
Scriptural 1
Scriptural 1
Service 1
Sh 1
Sh 1
Sh 1
Sh 1
Sh 1
Sh 1
Sh 1
Sighing 1
Sometime 1
State 1
State 1
State 1
Stolen 1
Stood 1
Strong 1
Sure 1
Surprise 1
Surprise 1
Suspicious 1
THOSE 1
Taylor 1
Temple 1
Temple 1
Temple 1
Temple 1
Ten 1
Ten 1
Those 1
Those 1
Thought 1
Twain 1
Twain 1
Twain 1
Twain 1
Twould 1
Unbutton 1
Victims 1
Volunteers 1
WITHIN 1
Waylay 1
Which 1
Which 1
White 1
White 1
XIV 1
XIV 1
XIX 1
XIX 1
XVI 1
XVI 1
XVI 1
XXIII 1
XXIII 1
XXIX 1
XXIX 1
abash 1
about 1
about 1
about 1
about 1
about 1
about 1
about 1
about 1
about 1
about 1
about 1
about 1
about 1
about 1
about 1
about 1
about 1
about 1
about 1
about 1
about 1
about 1
about 1
about 1
about 1
about 1
about 1
about 1
about 1
about 1
about 1
about 1
about 1
about 1
about 1
about 1
about 1
about 1
about 1
about 1
about 1
about 1
about 1
about 1
about 1
about 1
about 1
about 1
about 1
about 1
about 1
about 1
about 1
about 1
about 1
about 1
about 1
about 1
about 1
about 1
about 1
about 1
about 1
about 1
about 1
about 1
about 1
about 1
about 1
about 1
about 1
about 1
about 1
about 1
about 1
about 1
about 1
about 1
about 1
about 1
about 1
about 1
about 1
about 1
about 1
about 1
about 1
about 1
about 1
about 1
about 1
about 1
about 1
about 1
about 1
about 1
about 1
about 1
about 1
about 1
about 1
about 1
about 1
about 1
about 1
about 1
about 1
about 1
about 1
about 1
about 1
about 1
about 1
about 1
about 1
about 1
about 1
about 1
about 1
about 1
about 1
about 1
about 1
about 1
about 1
about 1
about 1
about 1
about 1
about 1
about 1
about 1
about 1
about 1
about 1
about 1
about 1
about 1
about 1
about 1
about 1
about 1
about 1
about 1
about 1
about 1
about 1
about 1
about 1
about 1
about 1
about 1
about 1
about 1
about 1
about 1
about 1
about 1
about 1
about 1
about 1
about 1
about 1
about 1
about 1
above 1
above 1
above 1
above 1
above 1
above 1
above 1
above 1
above 1
above 1
above 1
above 1
above 1
above 1
abroad 1
abroad 1
abroad 1
abroad 1
abroad 1
abroad 1
abroad 1
abundant 1
admirable 1
admirable 1
adventures 1
adventures 1
adventures 1
adventures 1
adventures 1
adventures 1
adventures 1
afforded 1
against 1
against 1
against 1
against 1
against 1
against 1
against 1
against 1
against 1
against 1
against 1
against 1
against 1
against 1
against 1
against 1
against 1
against 1
against 1
against 1
against 1
against 1
against 1
against 1
ails 1
ails 1
alarm 1
alley 1
alley 1
alley 1
alley 1
alley 1
alley 1
alley 1
alley 1
alley 1
alley 1
alley 1
alley 1
alley 1
alloy 1
alloy 1
amid 1
amid 1
ample 1
ankle 1
announced 1
anyway 1
anyway 1
anyway 1
anyway 1
anyway 1
anyway 1
anyway 1
anyway 1
anyway 1
anyway 1
anyway 1
anyway 1
anyway 1
anyway 1
anyway 1
anyway 1
anyway 1
anyway 1
anyway 1
anyway 1
anyway 1
anyway 1
applicable 1
applicable 1
applicable 1
around 1
around 1
around 1
around 1
around 1
around 1
around 1
around 1
around 1
around 1
around 1
around 1
around 1
around 1
around 1
around 1
around 1
around 1
around 1
around 1
around 1
around 1
around 1
around 1
around 1
around 1
around 1
around 1
around 1
around 1
around 1
around 1
around 1
around 1
around 1
around 1
around 1
around 1
around 1
around 1
around 1
around 1
around 1
around 1
around 1
around 1
around 1
around 1
around 1
around 1
around 1
around 1
around 1
around 1
around 1
around 1
around 1
around 1
around 1
around 1
around 1
around 1
around 1
around 1
around 1
around 1
around 1
around 1
around 1
around 1
around 1
around 1
around 1
around 1
around 1
around 1
around 1
around 1
around 1
around 1
around 1
around 1
around 1
around 1
around 1
around 1
around 1
array 1
assented 1
attraction 1
aunty 1
authority 1
authority 1
authority 1
available 1
available 1
aversion 1
bad 1
bad 1
bad 1
bad 1
bad 1
bad 1
bad 1
bad 1
bad 1
bad 1
bad 1
bad 1
bad 1
bad 1
bad 1
bad 1
bad 1
bad 1
balancing 1
ball 1
ball 1
ball 1
ball 1
balmy 1
banged 1
banishment 1
barley 1
beaded 1
beauteous 1
belong 1
belong 1
belong 1
benefit 1
berth 1
beseeching 1
bet 1
bet 1
bet 1
bet 1
bet 1
bet 1
bet 1
bet 1
bet 1
bet 1
bet 1
bet 1
bet 1
bet 1
bet 1
bet 1
bet 1
bet 1
bet 1
bet 1
bet 1
bet 1
bet 1
bet 1
bet 1
bet 1
bird 1
bird 1
bird 1
bleeds 1
blessing 1
blighted 1
blighted 1
blighted 1
blind 1
bliss 1
bliss 1
bliss 1
blister 1
bluff 1
bluff 1
bluff 1
bluff 1
bluff 1
blur 1
blushed 1
blushed 1
boots 1
borders 1
bothered 1
bottles 1
bottom 1
bottom 1
bottom 1
bottom 1
bottom 1
bounded 1
breach 1
brimstone 1
brothers 1
brothers 1
bulletin 1
bullier 1
burglar 1
burglar 1
bushel 1
bustlings 1
butterflies 1
buttoned 1
buttoned 1
by 1
by 1
by 1
by 1
by 1
by 1
by 1
by 1
by 1
by 1
by 1
by 1
by 1
by 1
by 1
by 1
by 1
by 1
by 1
by 1
by 1
by 1
by 1
by 1
by 1
by 1
by 1
by 1
by 1
by 1
by 1
by 1
by 1
by 1
by 1
by 1
by 1
by 1
by 1
by 1
by 1
by 1
by 1
by 1
by 1
by 1
by 1
by 1
by 1
by 1
by 1
by 1
by 1
by 1
by 1
by 1
by 1
by 1
by 1
by 1
by 1
by 1
by 1
by 1
by 1
by 1
by 1
by 1
by 1
by 1
by 1
by 1
by 1
by 1
by 1
by 1
by 1
by 1
by 1
by 1
by 1
by 1
by 1
by 1
by 1
by 1
by 1
by 1
by 1
by 1
by 1
by 1
by 1
by 1
by 1
by 1
by 1
by 1
by 1
by 1
by 1
by 1
by 1
by 1
by 1
by 1
by 1
by 1
by 1
by 1
by 1
by 1
by 1
by 1
by 1
by 1
by 1
by 1
by 1
by 1
by 1
by 1
by 1
by 1
by 1
by 1
by 1
by 1
by 1
by 1
by 1
by 1
by 1
by 1
by 1
by 1
by 1
by 1
by 1
by 1
by 1
by 1
by 1
by 1
by 1
by 1
by 1
by 1
by 1
by 1
by 1
by 1
by 1
by 1
by 1
by 1
by 1
by 1
by 1
by 1
by 1
by 1
by 1
by 1
by 1
by 1
by 1
by 1
by 1
by 1
by 1
by 1
by 1
by 1
by 1
by 1
by 1
by 1
by 1
by 1
by 1
by 1
by 1
by 1
by 1
by 1
by 1
by 1
by 1
by 1
by 1
by 1
by 1
by 1
by 1
by 1
by 1
by 1
by 1
by 1
by 1
by 1
by 1
by 1
by 1
by 1
by 1
by 1
by 1
by 1
by 1
by 1
by 1
by 1
by 1
by 1
by 1
by 1
by 1
by 1
by 1
by 1
by 1
by 1
by 1
by 1
by 1
by 1
by 1
by 1
by 1
by 1
by 1
by 1
by 1
by 1
by 1
by 1
by 1
by 1
by 1
by 1
by 1
by 1
by 1
by 1
by 1
by 1
by 1
by 1
by 1
by 1
by 1
by 1
by 1
by 1
by 1
by 1
by 1
by 1
by 1
by 1
by 1
by 1
by 1
calls 1
calm 1
calm 1
candle 1
candle 1
candle 1
candle 1
candle 1
candle 1
candle 1
candle 1
candle 1
candle 1
candle 1
candle 1
candle 1
candle 1
candle 1
candle 1
candle 1
candle 1
candle 1
candle 1
candle 1
candle 1
candle 1
candle 1
candle 1
catches 1
cave 1
cave 1
cave 1
cave 1
cave 1
cave 1
cave 1
cave 1
cave 1
cave 1
cave 1
cave 1
cave 1
cave 1
cave 1
cave 1
cave 1
cave 1
cave 1
cave 1
cave 1
cave 1
cave 1
cave 1
cave 1
cave 1
cave 1
cave 1
cave 1
cave 1
cave 1
cave 1
cave 1
cave 1
cave 1
cave 1
cave 1
cave 1
cave 1
cave 1
caved 1
cease 1
ceased 1
ceased 1
ceased 1
ceased 1
ceased 1
ceased 1
ceased 1
ceased 1
ceased 1
ceased 1
ceased 1
chafings 1
changes 1
chaps 1
chapter 1
chapter 1
charges 1
charitable 1
charm 1
charm 1
charm 1
charm 1
charm 1
charm 1
charm 1
chattering 1
chattering 1
cheapened 1
chew 1
chipped 1
chronicle 1
chuckled 1
circumference 1
circumstantial 1
citizens 1
citizens 1
citizens 1
citizens 1
citizens 1
citizens 1
citizens 1
claims 1
clamorous 1
claps 1
cleancut 1
clear 1
clear 1
clear 1
clear 1
clear 1
clear 1
clear 1
climb 1
climb 1
climb 1
climb 1
cloud 1
cloud 1
cloud 1
clown 1
clown 1
clung 1
clung 1
clung 1
clung 1
clung 1
coat 1
coat 1
cobwebs 1
coffin 1
coffin 1
coffin 1
coffin 1
comforted 1
comforter 1
committee 1
companionless 1
compensations 1
compilation 1
complete 1
complete 1
complete 1
complete 1
complete 1
complete 1
complete 1
completed 1
completed 1
completed 1
compliments 1
concluded 1
concluded 1
concluded 1
confidentially 1
considerable 1
considerable 1
considerable 1
considerable 1
considerable 1
considerable 1
considerable 1
considerable 1
considerable 1
considerable 1
consist 1
constantly 1
constantly 1
convenience 1
conveyed 1
cool 1
cool 1
copyright 1
copyright 1
copyright 1
copyright 1
copyright 1
copyright 1
copyright 1
copyright 1
copyright 1
copyright 1
copyright 1
copyright 1
copyright 1
cordially 1
core 1
count 1
count 1
count 1
counterfeited 1
countersign 1
counting 1
covet 1
crash 1
crash 1
crash 1
crashing 1
cricket 1
critical 1
critical 1
criticised 1
crooked 1
crystals 1
cure 1
cure 1
cure 1
curled 1
curved 1
curved 1
curved 1
curved 1
damaged 1
damaged 1
darting 1
dates 1
dazzling 1
dazzling 1
deathbed 1
decisively 1
deck 1
deck 1
delicious 1
delicious 1
delicious 1
delicious 1
deliver 1
deliver 1
deliver 1
demand 1
depended 1
deposited 1
derision 1
derision 1
describe 1
describe 1
desperate 1
desperate 1
desperate 1
desperate 1
detach 1
detail 1
dewy 1
dewy 1
di 1
di 1
di 1
di 1
diary 1
dies 1
diluted 1
direction 1
direction 1
direction 1
direction 1
direction 1
direction 1
direction 1
direction 1
direction 1
direction 1
direction 1
direction 1
disaster 1
disclaimer 1
disclaimer 1
discomforted 1
discouraging 1
discouraging 1
discover 1
disgust 1
dismissed 1
dispatched 1
displays 1
distressing 1
divide 1
divide 1
dogs 1
donations 1
donations 1
donations 1
donations 1
donations 1
donations 1
donations 1
donations 1
donations 1
donations 1
donations 1
donations 1
donors 1
doodle 1
doodle 1
doom 1
doom 1
doom 1
doom 1
doom 1
dramatic 1
dramatic 1
draws 1
dreaming 1
dreampt 1
drooped 1
drooped 1
dropping 1
dropping 1
dull 1
dull 1
dull 1
dull 1
dull 1
dumbness 1
echoes 1
echoes 1
echoes 1
economize 1
edged 1
edification 1
edifice 1
efforts 1
efforts 1
efforts 1
efforts 1
efforts 1
egg 1
egg 1
ell 1
ell 1
elms 1
elms 1
empty 1
empty 1
empty 1
empty 1
empty 1
empty 1
empty 1
empty 1
empty 1
endurance 1
endured 1
enjoyment 1
enjoyment 1
entered 1
entered 1
entered 1
entered 1
entered 1
entered 1
entered 1
entered 1
entered 1
entered 1
entered 1
entered 1
entered 1
entered 1
entered 1
entered 1
entered 1
entered 1
entered 1
entity 1
entity 1
entity 1
equally 1
escaped 1
escaped 1
escaped 1
escaped 1
escaped 1
escaped 1
escaped 1
escaped 1
eventually 1
eventually 1
excess 1
excuse 1
excuse 1
exempt 1
exempt 1
exercises 1
exercises 1
exercises 1
expedition 1
expedition 1
explain 1
explosion 1
explosion 1
fainter 1
famished 1
famished 1
fascination 1
fascination 1
fascination 1
fashioned 1
fashioned 1
feared 1
feared 1
fearful 1
fearful 1
fearful 1
fears 1
fears 1
fears 1
fears 1
fears 1
feather 1
feather 1
feather 1
features 1
federal 1
federal 1
festivities 1
find 1
find 1
find 1
find 1
find 1
find 1
find 1
find 1
find 1
find 1
find 1
find 1
find 1
find 1
find 1
find 1
find 1
find 1
find 1
find 1
find 1
find 1
find 1
find 1
find 1
find 1
find 1
find 1
find 1
find 1
find 1
find 1
find 1
find 1
find 1
find 1
find 1
find 1
find 1
find 1
find 1
find 1
find 1
find 1
find 1
find 1
find 1
find 1
find 1
find 1
finding 1
finding 1
finding 1
finding 1
firmness 1
fishin 1
flaky 1
flashed 1
flattery 1
flirt 1
flit 1
flocking 1
flogging 1
flogging 1
following 1
following 1
following 1
following 1
following 1
following 1
fools 1
fools 1
fools 1
fools 1
foreshadowed 1
forestalled 1
forgetting 1
forgot 1
forgot 1
forgot 1
forgot 1
forgot 1
forgot 1
forgot 1
format 1
format 1
format 1
format 1
forsaken 1
forsook 1
forsook 1
forth 1
forth 1
forth 1
forth 1
forth 1
forth 1
forth 1
forth 1
forth 1
forth 1
forth 1
forth 1
forth 1
forth 1
forth 1
forth 1
forth 1
forth 1
forth 1
fought 1
fought 1
fountains 1
fourths 1
fragrant 1
framed 1
freight 1
freight 1
freight 1
frighten 1
frock 1
frock 1
frock 1
frostwork 1
fry 1
fulfilled 1
fullest 1
fullest 1
gable 1
gals 1
gantlet 1
garden 1
garden 1
garden 1
garret 1
garret 1
gaudier 1
gave 1
gave 1
gave 1
gave 1
gave 1
gave 1
gave 1
gave 1
gave 1
gave 1
gave 1
gave 1
gave 1
gave 1
gave 1
gave 1
gave 1
gave 1
gave 1
gave 1
gave 1
gave 1
gave 1
gave 1
gave 1
gave 1
gave 1
gave 1
gave 1
gave 1
gave 1
gave 1
gave 1
gave 1
gave 1
gave 1
gave 1
gingerly 1
gingerly 1
give 1
give 1
give 1
give 1
give 1
give 1
give 1
give 1
give 1
give 1
give 1
give 1
give 1
give 1
give 1
give 1
give 1
give 1
give 1
give 1
give 1
give 1
give 1
give 1
give 1
give 1
give 1
give 1
give 1
give 1
give 1
give 1
give 1
give 1
give 1
give 1
give 1
give 1
give 1
give 1
give 1
give 1
give 1
give 1
give 1
given 1
given 1
given 1
given 1
given 1
given 1
given 1
given 1
given 1
given 1
given 1
given 1
given 1
given 1
glimmering 1
glimpse 1
glimpse 1
glimpse 1
glimpsed 1
glimpsed 1
glow 1
glow 1
glow 1
gnawing 1
gossip 1
gradually 1
gradually 1
gradually 1
gradually 1
gradually 1
gradually 1
gradually 1
gradually 1
grain 1
gratefully 1
gratefully 1
gratefully 1
gratified 1
gratified 1
gratified 1
gratified 1
green 1
green 1
green 1
green 1
green 1
green 1
gripped 1
groan 1
groan 1
groan 1
groan 1
groan 1
groped 1
groped 1
groped 1
groped 1
ground 1
ground 1
ground 1
ground 1
ground 1
ground 1
ground 1
ground 1
ground 1
ground 1
ground 1
ground 1
ground 1
ground 1
ground 1
ground 1
ground 1
ground 1
ground 1
ground 1
ground 1
ground 1
ground 1
ground 1
ground 1
ground 1
ground 1
ground 1
ground 1
ground 1
growing 1
growing 1
growing 1
growing 1
growth 1
growth 1
guard 1
guard 1
guilt 1
gum 1
gush 1
gush 1
gutenberg 1
gutenberg 1
gutenberg 1
gutenberg 1
gutenberg 1
gutenberg 1
gymnastic 1
hams 1
happened 1
happened 1
happened 1
happened 1
happened 1
happened 1
happened 1
happened 1
happened 1
happened 1
happened 1
happened 1
happened 1
happier 1
happier 1
happier 1
harassed 1
harassed 1
harassed 1
hardest 1
harshly 1
hatchet 1
hating 1
hating 1
hating 1
hating 1
hating 1
having 1
having 1
having 1
having 1
having 1
having 1
having 1
having 1
having 1
having 1
he 1
he 1
he 1
he 1
he 1
he 1
he 1
he 1
he 1
he 1
he 1
he 1
he 1
he 1
he 1
he 1
he 1
he 1
he 1
he 1
he 1
he 1
he 1
he 1
he 1
he 1
he 1
he 1
he 1
he 1
he 1
he 1
he 1
he 1
he 1
he 1
he 1
he 1
he 1
he 1
he 1
he 1
he 1
he 1
he 1
he 1
he 1
he 1
he 1
he 1
he 1
he 1
he 1
he 1
he 1
he 1
he 1
he 1
he 1
he 1
he 1
he 1
he 1
he 1
he 1
he 1
he 1
he 1
he 1
he 1
he 1
he 1
he 1
he 1
he 1
he 1
he 1
he 1
he 1
he 1
he 1
he 1
he 1
he 1
he 1
he 1
he 1
he 1
he 1
he 1
he 1
he 1
he 1
he 1
he 1
he 1
he 1
he 1
he 1
he 1
he 1
he 1
he 1
he 1
he 1
he 1
he 1
he 1
he 1
he 1
he 1
he 1
he 1
he 1
he 1
he 1
he 1
he 1
he 1
he 1
he 1
he 1
he 1
he 1
he 1
he 1
he 1
he 1
he 1
he 1
he 1
he 1
he 1
he 1
he 1
he 1
he 1
he 1
he 1
he 1
he 1
he 1
he 1
he 1
he 1
he 1
he 1
he 1
he 1
he 1
he 1
he 1
he 1
he 1
he 1
he 1
he 1
he 1
he 1
he 1
he 1
he 1
he 1
he 1
he 1
he 1
he 1
he 1
he 1
he 1
he 1
he 1
he 1
he 1
he 1
he 1
he 1
he 1
he 1
he 1
he 1
he 1
he 1
he 1
he 1
he 1
he 1
he 1
he 1
he 1
he 1
he 1
he 1
he 1
he 1
he 1
he 1
he 1
he 1
he 1
he 1
he 1
he 1
he 1
he 1
he 1
he 1
he 1
he 1
he 1
he 1
he 1
he 1
he 1
he 1
he 1
he 1
he 1
he 1
he 1
he 1
he 1
he 1
he 1
he 1
he 1
he 1
he 1
he 1
he 1
he 1
he 1
he 1
he 1
he 1
he 1
he 1
he 1
he 1
he 1
he 1
he 1
he 1
he 1
he 1
he 1
he 1
he 1
he 1
he 1
he 1
he 1
he 1
he 1
he 1
he 1
he 1
he 1
he 1
he 1
he 1
he 1
he 1
he 1
he 1
he 1
he 1
he 1
he 1
he 1
he 1
he 1
he 1
he 1
he 1
he 1
he 1
he 1
he 1
he 1
he 1
he 1
he 1
he 1
he 1
he 1
he 1
he 1
he 1
he 1
he 1
he 1
he 1
he 1
he 1
he 1
he 1
he 1
he 1
he 1
he 1
he 1
he 1
he 1
he 1
he 1
he 1
he 1
he 1
he 1
he 1
he 1
he 1
he 1
he 1
he 1
he 1
he 1
he 1
he 1
he 1
he 1
he 1
he 1
he 1
he 1
he 1
he 1
he 1
he 1
he 1
he 1
he 1
he 1
he 1
he 1
he 1
he 1
he 1
he 1
he 1
he 1
he 1
he 1
he 1
he 1
he 1
he 1
he 1
he 1
he 1
he 1
he 1
he 1
he 1
he 1
he 1
he 1
he 1
he 1
he 1
he 1
he 1
he 1
he 1
he 1
he 1
he 1
he 1
he 1
he 1
he 1
he 1
he 1
he 1
he 1
he 1
he 1
he 1
he 1
he 1
he 1
he 1
he 1
he 1
he 1
he 1
he 1
he 1
he 1
he 1
he 1
he 1
he 1
he 1
he 1
he 1
he 1
he 1
he 1
he 1
he 1
he 1
he 1
he 1
he 1
he 1
he 1
he 1
he 1
he 1
he 1
he 1
he 1
he 1
he 1
he 1
he 1
he 1
he 1
he 1
he 1
he 1
he 1
he 1
he 1
he 1
he 1
he 1
he 1
he 1
he 1
he 1
he 1
he 1
he 1
he 1
he 1
he 1
he 1
he 1
he 1
he 1
he 1
he 1
he 1
he 1
he 1
he 1
he 1
he 1
he 1
he 1
he 1
he 1
he 1
he 1
he 1
he 1
he 1
he 1
he 1
he 1
he 1
he 1
he 1
he 1
he 1
he 1
he 1
he 1
he 1
he 1
he 1
he 1
he 1
he 1
he 1
he 1
he 1
he 1
he 1
he 1
he 1
he 1
he 1
he 1
he 1
he 1
he 1
he 1
he 1
he 1
he 1
he 1
he 1
he 1
he 1
he 1
he 1
he 1
he 1
he 1
he 1
he 1
he 1
he 1
he 1
he 1
he 1
he 1
he 1
he 1
he 1
he 1
he 1
he 1
he 1
he 1
he 1
he 1
he 1
he 1
he 1
he 1
he 1
he 1
he 1
he 1
he 1
he 1
he 1
he 1
he 1
he 1
he 1
he 1
he 1
he 1
he 1
he 1
he 1
he 1
he 1
he 1
he 1
he 1
he 1
he 1
he 1
he 1
he 1
he 1
he 1
he 1
he 1
he 1
he 1
he 1
he 1
he 1
he 1
he 1
he 1
he 1
he 1
he 1
he 1
he 1
he 1
he 1
he 1
he 1
he 1
he 1
he 1
he 1
he 1
he 1
he 1
he 1
he 1
he 1
he 1
he 1
he 1
he 1
he 1
he 1
he 1
he 1
he 1
he 1
he 1
he 1
he 1
he 1
he 1
he 1
he 1
he 1
he 1
he 1
he 1
he 1
he 1
he 1
he 1
he 1
he 1
he 1
he 1
he 1
he 1
he 1
he 1
he 1
he 1
he 1
he 1
he 1
he 1
he 1
he 1
he 1
he 1
he 1
he 1
he 1
he 1
he 1
he 1
he 1
he 1
he 1
he 1
he 1
he 1
he 1
he 1
he 1
he 1
he 1
he 1
he 1
he 1
he 1
he 1
he 1
he 1
he 1
he 1
he 1
he 1
he 1
he 1
he 1
he 1
he 1
he 1
he 1
he 1
he 1
he 1
he 1
he 1
he 1
he 1
he 1
he 1
he 1
he 1
he 1
he 1
he 1
he 1
he 1
he 1
he 1
he 1
he 1
he 1
he 1
he 1
he 1
he 1
he 1
he 1
he 1
he 1
he 1
he 1
he 1
he 1
he 1
he 1
he 1
he 1
he 1
he 1
he 1
he 1
he 1
he 1
he 1
he 1
he 1
he 1
he 1
he 1
he 1
he 1
he 1
he 1
he 1
he 1
he 1
he 1
he 1
he 1
he 1
he 1
he 1
he 1
he 1
he 1
he 1
he 1
he 1
he 1
he 1
he 1
he 1
he 1
he 1
he 1
he 1
he 1
he 1
he 1
he 1
he 1
he 1
he 1
he 1
he 1
he 1
he 1
he 1
he 1
he 1
he 1
he 1
he 1
he 1
he 1
he 1
he 1
he 1
he 1
he 1
he 1
he 1
he 1
he 1
he 1
he 1
he 1
he 1
he 1
he 1
he 1
he 1
he 1
he 1
he 1
he 1
he 1
he 1
he 1
he 1
he 1
he 1
he 1
he 1
he 1
he 1
he 1
he 1
he 1
he 1
he 1
he 1
he 1
he 1
he 1
he 1
he 1
he 1
he 1
he 1
he 1
he 1
he 1
he 1
he 1
he 1
he 1
he 1
he 1
he 1
he 1
he 1
he 1
he 1
he 1
he 1
he 1
he 1
he 1
he 1
he 1
he 1
he 1
he 1
he 1
he 1
he 1
he 1
he 1
he 1
he 1
he 1
he 1
he 1
he 1
he 1
he 1
he 1
he 1
he 1
he 1
he 1
he 1
he 1
he 1
he 1
he 1
he 1
he 1
he 1
he 1
he 1
he 1
he 1
he 1
he 1
he 1
he 1
he 1
he 1
he 1
he 1
he 1
he 1
he 1
he 1
he 1
he 1
he 1
he 1
he 1
he 1
he 1
he 1
he 1
he 1
he 1
he 1
he 1
he 1
he 1
he 1
he 1
he 1
he 1
he 1
he 1
he 1
he 1
he 1
he 1
he 1
he 1
he 1
he 1
he 1
he 1
he 1
he 1
he 1
he 1
he 1
he 1
he 1
he 1
he 1
he 1
he 1
he 1
he 1
he 1
he 1
he 1
he 1
he 1
he 1
he 1
he 1
he 1
he 1
he 1
he 1
he 1
he 1
he 1
he 1
he 1
he 1
headquarters 1
headquarters 1
heads 1
heads 1
heads 1
heads 1
heads 1
heads 1
heads 1
heads 1
heads 1
heads 1
heads 1
heaps 1
heaps 1
hearted 1
hearted 1
hearted 1
hearted 1
hearted 1
hearted 1
hearted 1
hearted 1
hearted 1
hearted 1
hearted 1
heave 1
heave 1
heedless 1
hideous 1
hideous 1
hogshead 1
hogshead 1
hogshead 1
holt 1
honest 1
honest 1
honest 1
honest 1
honest 1
honest 1
honest 1
honest 1
honest 1
honest 1
hop 1
hop 1
hop 1
hopeful 1
hopping 1
hopping 1
hovered 1
hovered 1
htm 1
hurt 1
hurt 1
hurt 1
hurt 1
hurt 1
hurt 1
hurt 1
hurt 1
hurt 1
hurt 1
ice 1
idlers 1
if 1
if 1
if 1
if 1
if 1
if 1
if 1
if 1
if 1
if 1
if 1
if 1
if 1
if 1
if 1
if 1
if 1
if 1
if 1
if 1
if 1
if 1
if 1
if 1
if 1
if 1
if 1
if 1
if 1
if 1
if 1
if 1
if 1
if 1
if 1
if 1
if 1
if 1
if 1
if 1
if 1
if 1
if 1
if 1
if 1
if 1
if 1
if 1
if 1
if 1
if 1
if 1
if 1
if 1
if 1
if 1
if 1
if 1
if 1
if 1
if 1
if 1
if 1
if 1
if 1
if 1
if 1
if 1
if 1
if 1
if 1
if 1
if 1
if 1
if 1
if 1
if 1
if 1
if 1
if 1
if 1
if 1
if 1
if 1
if 1
if 1
if 1
if 1
if 1
if 1
if 1
if 1
if 1
if 1
if 1
if 1
if 1
if 1
if 1
if 1
if 1
if 1
if 1
if 1
if 1
if 1
if 1
if 1
if 1
if 1
if 1
if 1
if 1
if 1
if 1
if 1
if 1
if 1
if 1
if 1
if 1
if 1
if 1
if 1
if 1
if 1
if 1
if 1
if 1
if 1
if 1
if 1
if 1
if 1
if 1
if 1
if 1
if 1
if 1
if 1
if 1
if 1
if 1
if 1
if 1
if 1
if 1
if 1
if 1
if 1
if 1
if 1
if 1
if 1
if 1
if 1
if 1
if 1
if 1
if 1
if 1
if 1
if 1
if 1
if 1
if 1
if 1
if 1
if 1
if 1
if 1
if 1
if 1
if 1
if 1
if 1
if 1
if 1
if 1
if 1
if 1
if 1
if 1
if 1
if 1
if 1
if 1
if 1
if 1
if 1
if 1
if 1
if 1
if 1
if 1
if 1
if 1
if 1
if 1
if 1
if 1
if 1
if 1
imitations 1
imitations 1
immediate 1
immediate 1
immediate 1
imperfect 1
income 1
indeed 1
indeed 1
indeed 1
indeed 1
indeed 1
indeed 1
indeed 1
indeed 1
indeed 1
indeed 1
indeed 1
indeed 1
indestructible 1
injury 1
injury 1
injury 1
inquest 1
inquest 1
inquiringly 1
inspections 1
intrepid 1
intricate 1
inundation 1
itched 1
jaws 1
jaws 1
jaws 1
jaws 1
jaws 1
jeers 1
jewel 1
jingled 1
jings 1
jings 1
jings 1
jings 1
joined 1
joined 1
joined 1
joined 1
joined 1
joined 1
joined 1
joined 1
joined 1
joyous 1
justice 1
justice 1
justice 1
kitten 1
knitted 1
knocked 1
knocked 1
knowing 1
knowing 1
knowing 1
knowing 1
knowing 1
knowing 1
knowing 1
known 1
known 1
known 1
known 1
known 1
known 1
known 1
lake 1
lath 1
lath 1
lavish 1
leather 1
leather 1
leather 1
ledge 1
legal 1
legal 1
liability 1
liability 1
license 1
license 1
license 1
license 1
lieu 1
lieu 1
lingering 1
lingering 1
lingering 1
links 1
links 1
links 1
lisped 1
listeners 1
listeners 1
listening 1
listening 1
listening 1
listening 1
listening 1
listening 1
listening 1
listening 1
literature 1
loaded 1
loads 1
loads 1
loads 1
logs 1
logs 1
logs 1
lonely 1
lonely 1
lonely 1
lonely 1
lonely 1
longer 1
longer 1
longer 1
longer 1
longer 1
longer 1
longer 1
longer 1
longer 1
longings 1
loss 1
loss 1
loving 1
loving 1
loving 1
loving 1
loving 1
loving 1
lowed 1
lowed 1
luck 1
luck 1
luck 1
luck 1
luck 1
luck 1
luck 1
luck 1
luck 1
luck 1
main 1
main 1
main 1
main 1
main 1
main 1
main 1
main 1
main 1
main 1
main 1
majority 1
manage 1
manage 1
manned 1
manner 1
manner 1
manner 1
manner 1
manner 1
manner 1
manner 1
manufactured 1
marsh 1
matches 1
matches 1
matches 1
material 1
material 1
material 1
material 1
material 1
measuring 1
meat 1
meat 1
melodious 1
members 1
mental 1
mental 1
mental 1
mental 1
mere 1
mere 1
mere 1
mere 1
middle 1
middle 1
middle 1
middle 1
middle 1
middle 1
middle 1
middle 1
middle 1
middle 1
middle 1
middle 1
middle 1
middle 1
middle 1
middle 1
midst 1
midst 1
midst 1
midst 1
midst 1
minister 1
minister 1
minister 1
minister 1
minister 1
minister 1
minister 1
minister 1
minister 1
minister 1
minister 1
minister 1
minister 1
mixed 1
mixed 1
model 1
model 1
modern 1
moiety 1
momently 1
moped 1
moped 1
mortified 1
mortified 1
most 1
most 1
most 1
most 1
most 1
most 1
most 1
most 1
most 1
most 1
most 1
most 1
most 1
most 1
most 1
most 1
most 1
most 1
most 1
most 1
most 1
most 1
most 1
most 1
most 1
most 1
most 1
most 1
most 1
most 1
most 1
most 1
most 1
most 1
most 1
most 1
most 1
most 1
most 1
mourn 1
mourn 1
mourn 1
move 1
move 1
move 1
move 1
move 1
move 1
move 1
moved 1
moved 1
moved 1
moved 1
moved 1
moved 1
moved 1
moved 1
moved 1
moved 1
moved 1
moved 1
moved 1
moved 1
moved 1
moved 1
moved 1
moved 1
moved 1
moved 1
moved 1
moved 1
moved 1
moved 1
moved 1
moved 1
moved 1
moved 1
moved 1
mystery 1
mystery 1
mystery 1
mystery 1
mystery 1
mystery 1
name 1
name 1
name 1
name 1
name 1
name 1
name 1
name 1
name 1
name 1
name 1
name 1
name 1
name 1
name 1
name 1
name 1
name 1
name 1
name 1
name 1
name 1
native 1
nature 1
nature 1
nature 1
nature 1
nature 1
nature 1
nature 1
nature 1
nearer 1
nearer 1
nearer 1
neglected 1
neglected 1
neither 1
neither 1
neither 1
neither 1
neither 1
neither 1
neither 1
neither 1
nibbling 1
nights 1
nights 1
nights 1
nights 1
nights 1
nights 1
nights 1
noblest 1
nonsense 1
noteworthy 1
nothing 1
nothing 1
nothing 1
nothing 1
nothing 1
nothing 1
nothing 1
nothing 1
nothing 1
nothing 1
nothing 1
nothing 1
nothing 1
nothing 1
nothing 1
nothing 1
nothing 1
nothing 1
nothing 1
nothing 1
nothing 1
nothing 1
nothing 1
nothing 1
nothing 1
nothing 1
nothing 1
nothing 1
nothing 1
nothing 1
nothing 1
nothing 1
nothing 1
nothing 1
nothing 1
nothing 1
nothing 1
nothing 1
nothing 1
nothing 1
nothing 1
nothing 1
nothing 1
nothing 1
nothing 1
novices 1
nun 1
oars 1
oaths 1
oaths 1
occasionally 1
occurred 1
occurred 1
occurred 1
occurred 1
occurred 1
occurred 1
occurred 1
occurred 1
occurred 1
occurred 1
occurred 1
occurred 1
occurred 1
occurred 1
occurred 1
occurred 1
occurred 1
off 1
off 1
off 1
off 1
off 1
off 1
off 1
off 1
off 1
off 1
off 1
off 1
off 1
off 1
off 1
off 1
off 1
off 1
off 1
off 1
off 1
off 1
off 1
off 1
off 1
off 1
off 1
off 1
off 1
off 1
off 1
off 1
off 1
off 1
off 1
off 1
off 1
off 1
off 1
off 1
off 1
off 1
off 1
off 1
off 1
off 1
off 1
off 1
off 1
off 1
off 1
off 1
off 1
off 1
off 1
off 1
off 1
off 1
off 1
off 1
off 1
off 1
off 1
off 1
off 1
off 1
off 1
off 1
off 1
off 1
off 1
off 1
off 1
off 1
off 1
off 1
off 1
off 1
off 1
off 1
off 1
off 1
off 1
off 1
off 1
off 1
off 1
off 1
off 1
off 1
off 1
off 1
off 1
off 1
off 1
off 1
off 1
off 1
off 1
off 1
off 1
off 1
off 1
off 1
off 1
offerings 1
omission 1
on 1
on 1
on 1
on 1
on 1
on 1
on 1
on 1
on 1
on 1
on 1
on 1
on 1
on 1
on 1
on 1
on 1
on 1
on 1
on 1
on 1
on 1
on 1
on 1
on 1
on 1
on 1
on 1
on 1
on 1
on 1
on 1
on 1
on 1
on 1
on 1
on 1
on 1
on 1
on 1
on 1
on 1
on 1
on 1
on 1
on 1
on 1
on 1
on 1
on 1
on 1
on 1
on 1
on 1
on 1
on 1
on 1
on 1
on 1
on 1
on 1
on 1
on 1
on 1
on 1
on 1
on 1
on 1
on 1
on 1
on 1
on 1
on 1
on 1
on 1
on 1
on 1
on 1
on 1
on 1
on 1
on 1
on 1
on 1
on 1
on 1
on 1
on 1
on 1
on 1
on 1
on 1
on 1
on 1
on 1
on 1
on 1
on 1
on 1
on 1
on 1
on 1
on 1
on 1
on 1
on 1
on 1
on 1
on 1
on 1
on 1
on 1
on 1
on 1
on 1
on 1
on 1
on 1
on 1
on 1
on 1
on 1
on 1
on 1
on 1
on 1
on 1
on 1
on 1
on 1
on 1
on 1
on 1
on 1
on 1
on 1
on 1
on 1
on 1
on 1
on 1
on 1
on 1
on 1
on 1
on 1
on 1
on 1
on 1
on 1
on 1
on 1
on 1
on 1
on 1
on 1
on 1
on 1
on 1
on 1
on 1
on 1
on 1
on 1
on 1
on 1
on 1
on 1
on 1
on 1
on 1
on 1
on 1
on 1
on 1
on 1
on 1
on 1
on 1
on 1
on 1
on 1
on 1
on 1
on 1
on 1
on 1
on 1
on 1
on 1
on 1
on 1
on 1
on 1
on 1
on 1
on 1
on 1
on 1
on 1
on 1
on 1
on 1
on 1
on 1
on 1
on 1
on 1
on 1
on 1
on 1
on 1
on 1
on 1
on 1
on 1
on 1
on 1
on 1
on 1
on 1
on 1
on 1
on 1
on 1
on 1
on 1
on 1
on 1
on 1
on 1
on 1
on 1
on 1
on 1
on 1
on 1
on 1
on 1
on 1
on 1
on 1
on 1
on 1
on 1
on 1
on 1
on 1
on 1
on 1
on 1
on 1
on 1
on 1
on 1
on 1
on 1
on 1
on 1
on 1
on 1
on 1
on 1
on 1
on 1
on 1
on 1
on 1
on 1
on 1
on 1
on 1
on 1
on 1
on 1
on 1
on 1
on 1
on 1
on 1
on 1
on 1
on 1
on 1
on 1
on 1
on 1
on 1
on 1
on 1
on 1
on 1
on 1
on 1
on 1
on 1
on 1
on 1
on 1
on 1
on 1
on 1
on 1
on 1
on 1
on 1
on 1
on 1
on 1
on 1
on 1
on 1
on 1
on 1
on 1
on 1
on 1
on 1
on 1
on 1
on 1
on 1
on 1
on 1
on 1
on 1
on 1
on 1
on 1
on 1
on 1
on 1
on 1
on 1
on 1
on 1
on 1
on 1
on 1
on 1
on 1
on 1
on 1
on 1
on 1
on 1
on 1
on 1
on 1
on 1
on 1
on 1
on 1
on 1
on 1
on 1
on 1
on 1
on 1
on 1
on 1
on 1
on 1
on 1
on 1
on 1
on 1
on 1
on 1
on 1
on 1
on 1
on 1
on 1
on 1
on 1
on 1
on 1
on 1
on 1
on 1
on 1
on 1
on 1
on 1
on 1
opposers 1
oppressed 1
oppressed 1
oppressed 1
outlines 1
outweighed 1
pa 1
palms 1
pangs 1
pansy 1
pansy 1
pard 1
pard 1
partic 1
pass 1
pass 1
pass 1
pass 1
pathos 1
pathos 1
pathos 1
patting 1
peach 1
pears 1
pears 1
peculiarity 1
peered 1
pencil 1
pent 1
people 1
people 1
people 1
people 1
people 1
people 1
people 1
people 1
people 1
people 1
people 1
people 1
people 1
people 1
people 1
people 1
people 1
people 1
people 1
people 1
people 1
people 1
people 1
people 1
people 1
people 1
people 1
people 1
people 1
people 1
people 1
people 1
percussion 1
percussion 1
percussion 1
perhaps 1
perhaps 1
perhaps 1
perhaps 1
perhaps 1
perhaps 1
perhaps 1
perilous 1
periodicals 1
periodicals 1
permit 1
persuade 1
pet 1
pet 1
pet 1
phase 1
phase 1
physicians 1
picnickers 1
picnics 1
pillars 1
pinched 1
pirate 1
pirate 1
pirate 1
pirate 1
pirate 1
pirate 1
pirate 1
pirate 1
pirate 1
pirate 1
pirate 1
pirate 1
pirate 1
pirate 1
pirate 1
piratical 1
plains 1
planning 1
platform 1
platform 1
platform 1
platform 1
plays 1
pleaded 1
pleaded 1
pleaded 1
pleaded 1
pleaded 1
pleasanter 1
pleasure 1
pleasure 1
pleasure 1
poetry 1
pores 1
portentous 1
possibilities 1
possibilities 1
posted 1
posted 1
posted 1
posted 1
posted 1
posted 1
poured 1
poured 1
poured 1
poured 1
poured 1
poured 1
poured 1
poured 1
prayer 1
prayer 1
prayer 1
prayer 1
prayer 1
prayer 1
prayer 1
prayer 1
prayer 1
precarious 1
predestined 1
pregnant 1
presence 1
presence 1
presence 1
presence 1
presence 1
presence 1
pretended 1
pretended 1
pretended 1
pretended 1
prevailing 1
probably 1
probably 1
probably 1
probably 1
processing 1
profaned 1
prompted 1
promptly 1
promptly 1
prospects 1
pumped 1
punishing 1
quaked 1
quaked 1
quaked 1
quenched 1
questioned 1
questioned 1
questions 1
questions 1
questions 1
quick 1
quick 1
quick 1
quick 1
quick 1
quick 1
quick 1
quick 1
quick 1
quivered 1
rags 1
rags 1
rags 1
rags 1
rags 1
rags 1
raked 1
raked 1
ran 1
ran 1
ran 1
ran 1
ran 1
ran 1
ran 1
ran 1
ran 1
ran 1
ran 1
ran 1
ran 1
ran 1
ran 1
ran 1
random 1
random 1
range 1
ranks 1
ranks 1
rapture 1
rat 1
re 1
re 1
re 1
re 1
re 1
re 1
re 1
re 1
re 1
re 1
re 1
re 1
re 1
re 1
re 1
re 1
re 1
re 1
re 1
re 1
re 1
re 1
re 1
re 1
re 1
re 1
re 1
re 1
re 1
re 1
re 1
re 1
re 1
re 1
re 1
re 1
re 1
re 1
re 1
re 1
re 1
re 1
re 1
re 1
re 1
re 1
re 1
re 1
re 1
re 1
re 1
re 1
re 1
re 1
re 1
re 1
re 1
re 1
re 1
re 1
re 1
re 1
re 1
re 1
re 1
re 1
re 1
re 1
re 1
re 1
re 1
re 1
re 1
re 1
re 1
re 1
re 1
re 1
re 1
re 1
re 1
re 1
reach 1
reach 1
reach 1
reach 1
reach 1
reach 1
realism 1
receive 1
receive 1
receive 1
receive 1
reciting 1
reckoned 1
reckoned 1
reckoned 1
recollect 1
recollect 1
recollect 1
record 1
record 1
redistributing 1
refugee 1
regarding 1
regret 1
remembrance 1
repair 1
repentance 1
replied 1
replied 1
reports 1
request 1
request 1
request 1
rescue 1
rescue 1
rested 1
rested 1
rested 1
rested 1
rested 1
rested 1
rested 1
result 1
result 1
result 1
result 1
result 1
result 1
result 1
result 1
result 1
result 1
result 1
reveal 1
revealing 1
revealing 1
reverberations 1
rip 1
rip 1
rivers 1
rivers 1
roads 1
robbers 1
robbers 1
robbers 1
robbers 1
robbers 1
robbers 1
robbers 1
robbers 1
robes 1
rock 1
rock 1
rock 1
rock 1
rock 1
rock 1
rock 1
rock 1
rock 1
rock 1
rock 1
rock 1
rock 1
rock 1
rod 1
rod 1
roundabout 1
roundabout 1
roundabout 1
roundabout 1
rowed 1
ruination 1
rumpled 1
s 1
s 1
s 1
s 1
s 1
s 1
s 1
s 1
s 1
s 1
s 1
s 1
s 1
s 1
s 1
s 1
s 1
s 1
s 1
s 1
s 1
s 1
s 1
s 1
s 1
s 1
s 1
s 1
s 1
s 1
s 1
s 1
s 1
s 1
s 1
s 1
s 1
s 1
s 1
s 1
s 1
s 1
s 1
s 1
s 1
s 1
s 1
s 1
s 1
s 1
s 1
s 1
s 1
s 1
s 1
s 1
s 1
s 1
s 1
s 1
s 1
s 1
s 1
s 1
s 1
s 1
s 1
s 1
s 1
s 1
s 1
s 1
s 1
s 1
s 1
s 1
s 1
s 1
s 1
s 1
s 1
s 1
s 1
s 1
s 1
s 1
s 1
s 1
s 1
s 1
s 1
s 1
s 1
s 1
s 1
s 1
s 1
s 1
s 1
s 1
s 1
s 1
s 1
s 1
s 1
s 1
s 1
s 1
s 1
s 1
s 1
s 1
s 1
s 1
s 1
s 1
s 1
s 1
s 1
s 1
s 1
s 1
s 1
s 1
s 1
s 1
s 1
s 1
s 1
s 1
s 1
s 1
s 1
s 1
s 1
s 1
s 1
s 1
s 1
s 1
s 1
s 1
s 1
s 1
s 1
s 1
s 1
s 1
s 1
s 1
s 1
s 1
s 1
s 1
s 1
s 1
s 1
s 1
s 1
s 1
s 1
s 1
s 1
s 1
s 1
s 1
s 1
s 1
s 1
s 1
s 1
s 1
s 1
s 1
s 1
s 1
s 1
s 1
s 1
s 1
s 1
s 1
s 1
s 1
s 1
s 1
s 1
s 1
s 1
s 1
s 1
s 1
s 1
s 1
s 1
s 1
s 1
s 1
s 1
s 1
s 1
s 1
s 1
s 1
s 1
s 1
s 1
s 1
s 1
s 1
s 1
s 1
s 1
s 1
s 1
s 1
s 1
s 1
s 1
s 1
s 1
s 1
s 1
s 1
s 1
s 1
s 1
s 1
s 1
s 1
s 1
s 1
s 1
s 1
s 1
s 1
s 1
s 1
s 1
s 1
s 1
s 1
s 1
s 1
s 1
s 1
s 1
s 1
s 1
s 1
s 1
s 1
s 1
s 1
s 1
s 1
s 1
s 1
s 1
s 1
s 1
s 1
s 1
s 1
s 1
s 1
s 1
s 1
s 1
s 1
s 1
s 1
s 1
s 1
s 1
s 1
s 1
s 1
s 1
s 1
s 1
s 1
s 1
s 1
s 1
s 1
s 1
s 1
s 1
s 1
s 1
s 1
s 1
s 1
s 1
s 1
s 1
s 1
s 1
s 1
s 1
s 1
s 1
s 1
s 1
s 1
s 1
s 1
s 1
s 1
s 1
s 1
s 1
s 1
s 1
s 1
s 1
s 1
s 1
s 1
s 1
s 1
s 1
s 1
s 1
s 1
s 1
s 1
s 1
s 1
s 1
s 1
s 1
s 1
s 1
s 1
s 1
s 1
s 1
s 1
s 1
s 1
s 1
s 1
s 1
s 1
s 1
s 1
s 1
s 1
s 1
s 1
s 1
s 1
s 1
s 1
s 1
s 1
s 1
s 1
s 1
s 1
s 1
s 1
s 1
s 1
s 1
s 1
s 1
s 1
s 1
s 1
s 1
s 1
s 1
s 1
s 1
s 1
s 1
s 1
s 1
s 1
s 1
s 1
s 1
s 1
s 1
s 1
s 1
s 1
s 1
s 1
s 1
s 1
s 1
s 1
s 1
s 1
s 1
s 1
s 1
s 1
s 1
s 1
s 1
s 1
s 1
s 1
s 1
s 1
s 1
s 1
s 1
s 1
s 1
s 1
s 1
s 1
s 1
s 1
s 1
s 1
s 1
s 1
s 1
s 1
s 1
s 1
s 1
s 1
s 1
s 1
s 1
s 1
s 1
s 1
s 1
s 1
s 1
s 1
s 1
s 1
s 1
s 1
s 1
s 1
s 1
s 1
s 1
s 1
s 1
s 1
s 1
s 1
s 1
s 1
s 1
s 1
s 1
s 1
s 1
s 1
s 1
s 1
s 1
s 1
s 1
s 1
s 1
s 1
s 1
s 1
s 1
s 1
s 1
s 1
s 1
s 1
s 1
s 1
s 1
s 1
s 1
s 1
s 1
s 1
s 1
s 1
s 1
s 1
s 1
s 1
s 1
s 1
s 1
s 1
s 1
s 1
s 1
s 1
s 1
s 1
s 1
s 1
s 1
s 1
s 1
s 1
s 1
s 1
s 1
s 1
s 1
s 1
s 1
s 1
s 1
s 1
s 1
s 1
s 1
s 1
s 1
s 1
s 1
s 1
s 1
s 1
s 1
s 1
s 1
s 1
s 1
s 1
s 1
s 1
s 1
s 1
s 1
s 1
s 1
s 1
s 1
s 1
s 1
s 1
s 1
s 1
s 1
s 1
s 1
s 1
s 1
s 1
s 1
s 1
s 1
s 1
s 1
s 1
s 1
s 1
s 1
s 1
s 1
s 1
s 1
s 1
s 1
s 1
s 1
s 1
s 1
s 1
s 1
s 1
s 1
s 1
s 1
s 1
s 1
s 1
s 1
s 1
s 1
s 1
s 1
s 1
s 1
s 1
s 1
s 1
s 1
s 1
s 1
s 1
s 1
s 1
s 1
s 1
s 1
s 1
s 1
s 1
s 1
s 1
s 1
s 1
s 1
s 1
s 1
s 1
s 1
s 1
s 1
s 1
s 1
s 1
s 1
s 1
s 1
s 1
s 1
s 1
s 1
s 1
s 1
s 1
s 1
s 1
s 1
s 1
s 1
s 1
s 1
s 1
s 1
s 1
s 1
s 1
s 1
s 1
s 1
s 1
s 1
s 1
s 1
s 1
s 1
s 1
s 1
s 1
s 1
s 1
s 1
s 1
s 1
s 1
s 1
s 1
s 1
s 1
s 1
s 1
s 1
s 1
s 1
s 1
s 1
s 1
s 1
s 1
s 1
s 1
s 1
s 1
s 1
s 1
s 1
s 1
s 1
s 1
s 1
s 1
s 1
s 1
s 1
s 1
s 1
s 1
s 1
s 1
s 1
s 1
s 1
s 1
s 1
s 1
s 1
s 1
s 1
s 1
s 1
s 1
s 1
s 1
s 1
s 1
s 1
s 1
s 1
s 1
s 1
s 1
s 1
s 1
s 1
s 1
s 1
s 1
s 1
s 1
s 1
s 1
s 1
s 1
s 1
s 1
s 1
s 1
s 1
s 1
s 1
s 1
s 1
s 1
s 1
s 1
s 1
s 1
s 1
s 1
s 1
s 1
s 1
s 1
s 1
s 1
s 1
s 1
s 1
s 1
s 1
s 1
s 1
s 1
s 1
s 1
s 1
s 1
s 1
s 1
s 1
s 1
s 1
s 1
s 1
s 1
s 1
s 1
s 1
s 1
s 1
s 1
s 1
s 1
s 1
s 1
s 1
s 1
s 1
s 1
s 1
s 1
s 1
s 1
s 1
s 1
s 1
s 1
s 1
s 1
s 1
s 1
s 1
s 1
s 1
s 1
s 1
s 1
s 1
s 1
s 1
s 1
s 1
s 1
s 1
s 1
s 1
s 1
s 1
s 1
s 1
s 1
s 1
s 1
s 1
s 1
s 1
s 1
s 1
s 1
s 1
s 1
s 1
s 1
s 1
s 1
s 1
s 1
s 1
s 1
s 1
s 1
s 1
s 1
s 1
s 1
s 1
s 1
s 1
s 1
s 1
s 1
s 1
s 1
s 1
s 1
s 1
s 1
s 1
s 1
s 1
s 1
s 1
s 1
s 1
s 1
s 1
s 1
s 1
s 1
s 1
s 1
s 1
s 1
s 1
s 1
s 1
sacks 1
sacks 1
saddled 1
said 1
said 1
said 1
said 1
said 1
said 1
said 1
said 1
said 1
said 1
said 1
said 1
said 1
said 1
said 1
said 1
said 1
said 1
said 1
said 1
said 1
said 1
said 1
said 1
said 1
said 1
said 1
said 1
said 1
said 1
said 1
said 1
said 1
said 1
said 1
said 1
said 1
said 1
said 1
said 1
said 1
said 1
said 1
said 1
said 1
said 1
said 1
said 1
said 1
said 1
said 1
said 1
said 1
said 1
said 1
said 1
said 1
said 1
said 1
said 1
said 1
said 1
said 1
said 1
said 1
said 1
said 1
said 1
said 1
said 1
said 1
said 1
said 1
said 1
said 1
said 1
said 1
said 1
said 1
said 1
said 1
said 1
said 1
said 1
said 1
said 1
said 1
said 1
said 1
said 1
said 1
said 1
said 1
said 1
said 1
said 1
said 1
said 1
said 1
said 1
said 1
said 1
said 1
said 1
said 1
said 1
said 1
said 1
said 1
said 1
said 1
said 1
said 1
said 1
said 1
said 1
said 1
said 1
said 1
said 1
said 1
said 1
said 1
said 1
said 1
said 1
said 1
said 1
said 1
said 1
said 1
said 1
said 1
said 1
said 1
said 1
said 1
said 1
said 1
said 1
said 1
said 1
said 1
said 1
said 1
said 1
said 1
said 1
said 1
said 1
said 1
said 1
said 1
said 1
said 1
said 1
said 1
said 1
said 1
said 1
said 1
said 1
said 1
said 1
said 1
said 1
said 1
said 1
said 1
said 1
said 1
said 1
said 1
said 1
said 1
said 1
said 1
said 1
said 1
said 1
said 1
said 1
said 1
said 1
said 1
said 1
said 1
said 1
said 1
said 1
said 1
said 1
said 1
said 1
said 1
said 1
said 1
said 1
said 1
said 1
said 1
said 1
said 1
said 1
said 1
said 1
said 1
said 1
said 1
said 1
said 1
said 1
said 1
said 1
said 1
said 1
said 1
said 1
said 1
said 1
said 1
said 1
said 1
said 1
said 1
said 1
said 1
said 1
said 1
said 1
said 1
said 1
said 1
said 1
said 1
said 1
said 1
said 1
said 1
said 1
said 1
said 1
said 1
said 1
said 1
said 1
said 1
said 1
said 1
said 1
said 1
said 1
said 1
said 1
said 1
said 1
said 1
said 1
said 1
said 1
said 1
said 1
said 1
said 1
said 1
said 1
said 1
said 1
said 1
said 1
said 1
said 1
said 1
said 1
said 1
said 1
said 1
said 1
said 1
said 1
said 1
said 1
said 1
said 1
said 1
said 1
said 1
said 1
said 1
said 1
said 1
said 1
said 1
said 1
said 1
said 1
said 1
said 1
said 1
said 1
said 1
said 1
said 1
said 1
said 1
said 1
said 1
said 1
said 1
said 1
said 1
said 1
said 1
said 1
said 1
said 1
said 1
said 1
said 1
said 1
said 1
said 1
said 1
said 1
said 1
said 1
said 1
said 1
said 1
said 1
said 1
said 1
said 1
said 1
said 1
said 1
said 1
said 1
said 1
said 1
said 1
said 1
said 1
said 1
said 1
said 1
said 1
said 1
said 1
said 1
said 1
said 1
said 1
sandbar 1
sandbar 1
sandbar 1
sashes 1
satisfy 1
satisfy 1
sauntered 1
save 1
save 1
save 1
save 1
save 1
save 1
saw 1
saw 1
saw 1
saw 1
saw 1
saw 1
saw 1
saw 1
saw 1
saw 1
saw 1
saw 1
saw 1
saw 1
saw 1
saw 1
saw 1
saw 1
saw 1
saw 1
saw 1
saw 1
saw 1
saw 1
saw 1
saw 1
saw 1
saw 1
saw 1
saw 1
saw 1
saw 1
saw 1
saw 1
saw 1
saw 1
saw 1
saw 1
saw 1
scarify 1
scorched 1
scores 1
scraping 1
scrawled 1
scrawled 1
scroll 1
sear 1
sear 1
season 1
season 1
season 1
season 1
secretly 1
sediment 1
seductions 1
seed 1
seemed 1
seemed 1
seemed 1
seemed 1
seemed 1
seemed 1
seemed 1
seemed 1
seemed 1
seemed 1
seemed 1
seemed 1
seemed 1
seemed 1
seemed 1
seemed 1
seemed 1
seemed 1
seemed 1
seemed 1
seemed 1
seemed 1
seemed 1
seemed 1
seemed 1
seemed 1
seemed 1
seemed 1
seemed 1
seemed 1
seemed 1
seemed 1
seemed 1
seemed 1
seemed 1
seemed 1
seemed 1
seemed 1
seemed 1
seemed 1
seemed 1
seemed 1
seemed 1
seemed 1
seemed 1
seemed 1
seemed 1
seemed 1
seemed 1
seemed 1
seemed 1
seemed 1
seemed 1
seemed 1
seemed 1
seemed 1
seemed 1
seemed 1
seemed 1
seemed 1
seemed 1
seemed 1
seemed 1
seemed 1
seen 1
seen 1
seen 1
seen 1
seen 1
seen 1
seen 1
seen 1
seen 1
seen 1
seen 1
seen 1
seen 1
seen 1
seen 1
seen 1
seen 1
seen 1
seen 1
seen 1
seen 1
seen 1
seen 1
seen 1
seen 1
seen 1
seen 1
senseless 1
sensibly 1
separated 1
separated 1
separated 1
separated 1
separated 1
separated 1
separated 1
separated 1
sepulchral 1
serenely 1
shade 1
shade 1
shade 1
shade 1
shade 1
shade 1
shade 1
shadows 1
shadows 1
shadows 1
shadows 1
sham 1
shape 1
shape 1
shape 1
shared 1
shiny 1
ships 1
ships 1
shone 1
shore 1
shore 1
shore 1
shore 1
shore 1
shore 1
shore 1
shore 1
shore 1
shore 1
shore 1
shore 1
shore 1
shorts 1
shout 1
shout 1
shout 1
shout 1
shout 1
sickness 1
sickness 1
sighing 1
sighing 1
sighing 1
sighing 1
simplest 1
sinful 1
size 1
size 1
skip 1
skip 1
skip 1
skipping 1
skipping 1
skull 1
skull 1
slate 1
slate 1
slate 1
slate 1
slate 1
slate 1
slate 1
slave 1
slim 1
slim 1
slim 1
small 1
small 1
small 1
small 1
small 1
small 1
small 1
small 1
small 1
small 1
small 1
small 1
small 1
small 1
small 1
small 1
small 1
small 1
small 1
small 1
small 1
small 1
small 1
small 1
small 1
small 1
small 1
small 1
small 1
small 1
small 1
small 1
small 1
small 1
small 1
small 1
small 1
small 1
smothers 1
smothery 1
smouldering 1
snatch 1
snatch 1
snatch 1
snatch 1
snored 1
snorer 1
snowing 1
snuffle 1
snuffle 1
snuffled 1
snuffled 1
sobs 1
sobs 1
sobs 1
sobs 1
sobs 1
socks 1
softly 1
softly 1
softly 1
softly 1
softly 1
softly 1
softly 1
solicit 1
solicit 1
solid 1
solid 1
solid 1
sorry 1
sorry 1
sorry 1
sorry 1
sorry 1
sorry 1
sorry 1
sorry 1
sorry 1
sorry 1
sound 1
sound 1
sound 1
sound 1
sound 1
sound 1
sound 1
sound 1
sound 1
sound 1
sound 1
sound 1
sound 1
sound 1
sound 1
sound 1
sound 1
sound 1
sound 1
sound 1
sound 1
sound 1
sound 1
sound 1
sound 1
sound 1
sound 1
speaker 1
speaker 1
special 1
special 1
spectacles 1
spectacles 1
spectacles 1
speechless 1
sperrit 1
sperrit 1
spite 1
spite 1
spite 1
spite 1
spite 1
spoon 1
spots 1
sprawl 1
spree 1
spring 1
spring 1
spring 1
spring 1
spring 1
spring 1
spring 1
spring 1
spring 1
spring 1
spring 1
spring 1
spring 1
spring 1
spring 1
spring 1
spring 1
spring 1
stale 1
stammer 1
stars 1
steep 1
steep 1
steep 1
stillness 1
stillness 1
stillness 1
stillness 1
stillness 1
stillness 1
stillness 1
stillness 1
stillness 1
stomach 1
stomach 1
stomach 1
stooping 1
storm 1
storm 1
storm 1
storm 1
storm 1
storm 1
stove 1
stove 1
stretch 1
stretch 1
stretch 1
stretch 1
stretch 1
stretch 1
stretch 1
stubborn 1
stubborn 1
studiously 1
subsidence 1
subtracted 1
suffering 1
suffering 1
suffering 1
suffering 1
suffering 1
suffering 1
suffering 1
suffering 1
suffering 1
suffering 1
suffering 1
suffering 1
suffering 1
suggested 1
suggested 1
sumptuous 1
superstition 1
superstition 1
superstition 1
supplication 1
sure 1
sure 1
sure 1
sure 1
sure 1
sure 1
sure 1
sure 1
sure 1
sure 1
sure 1
sure 1
sure 1
sure 1
sure 1
sure 1
sure 1
sure 1
sure 1
sure 1
sure 1
sure 1
sure 1
sure 1
sure 1
surer 1
suspect 1
sweetly 1
swell 1
swell 1
swimming 1
swimming 1
swimming 1
swimming 1
swimming 1
swimming 1
swimming 1
swimming 1
swimming 1
swooned 1
sword 1
sword 1
system 1
system 1
tales 1
talked 1
talked 1
talked 1
talked 1
talked 1
talked 1
talked 1
talked 1
talked 1
talked 1
talked 1
tall 1
tall 1
tall 1
tall 1
tan 1
tannery 1
target 1
target 1
telltale 1
temporary 1
tend 1
tend 1
tend 1
tenderness 1
tense 1
terrible 1
terrible 1
terrible 1
that 1
that 1
that 1
that 1
that 1
that 1
that 1
that 1
that 1
that 1
that 1
that 1
that 1
that 1
that 1
that 1
that 1
that 1
that 1
that 1
that 1
that 1
that 1
that 1
that 1
that 1
that 1
that 1
that 1
that 1
that 1
that 1
that 1
that 1
that 1
that 1
that 1
that 1
that 1
that 1
that 1
that 1
that 1
that 1
that 1
that 1
that 1
that 1
that 1
that 1
that 1
that 1
that 1
that 1
that 1
that 1
that 1
that 1
that 1
that 1
that 1
that 1
that 1
that 1
that 1
that 1
that 1
that 1
that 1
that 1
that 1
that 1
that 1
that 1
that 1
that 1
that 1
that 1
that 1
that 1
that 1
that 1
that 1
that 1
that 1
that 1
that 1
that 1
that 1
that 1
that 1
that 1
that 1
that 1
that 1
that 1
that 1
that 1
that 1
that 1
that 1
that 1
that 1
that 1
that 1
that 1
that 1
that 1
that 1
that 1
that 1
that 1
that 1
that 1
that 1
that 1
that 1
that 1
that 1
that 1
that 1
that 1
that 1
that 1
that 1
that 1
that 1
that 1
that 1
that 1
that 1
that 1
that 1
that 1
that 1
that 1
that 1
that 1
that 1
that 1
that 1
that 1
that 1
that 1
that 1
that 1
that 1
that 1
that 1
that 1
that 1
that 1
that 1
that 1
that 1
that 1
that 1
that 1
that 1
that 1
that 1
that 1
that 1
that 1
that 1
that 1
that 1
that 1
that 1
that 1
that 1
that 1
that 1
that 1
that 1
that 1
that 1
that 1
that 1
that 1
that 1
that 1
that 1
that 1
that 1
that 1
that 1
that 1
that 1
that 1
that 1
that 1
that 1
that 1
that 1
that 1
that 1
that 1
that 1
that 1
that 1
that 1
that 1
that 1
that 1
that 1
that 1
that 1
that 1
that 1
that 1
that 1
that 1
that 1
that 1
that 1
that 1
that 1
that 1
that 1
that 1
that 1
that 1
that 1
that 1
that 1
that 1
that 1
that 1
that 1
that 1
that 1
that 1
that 1
that 1
that 1
that 1
that 1
that 1
that 1
that 1
that 1
that 1
that 1
that 1
that 1
that 1
that 1
that 1
that 1
that 1
that 1
that 1
that 1
that 1
that 1
that 1
that 1
that 1
that 1
that 1
that 1
that 1
that 1
that 1
that 1
that 1
that 1
that 1
that 1
that 1
that 1
that 1
that 1
that 1
that 1
that 1
that 1
that 1
that 1
that 1
that 1
that 1
that 1
that 1
that 1
that 1
that 1
that 1
that 1
that 1
that 1
that 1
that 1
that 1
that 1
that 1
that 1
that 1
that 1
that 1
that 1
that 1
that 1
that 1
that 1
that 1
that 1
that 1
that 1
that 1
that 1
that 1
that 1
that 1
that 1
that 1
that 1
that 1
that 1
that 1
that 1
that 1
that 1
that 1
that 1
that 1
that 1
that 1
that 1
that 1
that 1
that 1
that 1
that 1
that 1
that 1
that 1
that 1
that 1
that 1
that 1
that 1
that 1
that 1
that 1
that 1
that 1
that 1
that 1
that 1
that 1
that 1
that 1
that 1
that 1
that 1
that 1
that 1
that 1
that 1
that 1
that 1
that 1
that 1
that 1
that 1
that 1
that 1
that 1
that 1
that 1
that 1
that 1
that 1
that 1
that 1
that 1
that 1
that 1
that 1
that 1
that 1
that 1
that 1
that 1
that 1
that 1
that 1
that 1
that 1
that 1
that 1
that 1
that 1
that 1
that 1
that 1
that 1
that 1
that 1
that 1
that 1
that 1
that 1
that 1
that 1
that 1
that 1
that 1
that 1
that 1
that 1
that 1
that 1
that 1
that 1
that 1
that 1
that 1
that 1
that 1
that 1
that 1
that 1
that 1
that 1
that 1
that 1
that 1
that 1
that 1
that 1
that 1
that 1
that 1
that 1
that 1
that 1
that 1
that 1
that 1
that 1
that 1
that 1
that 1
that 1
that 1
that 1
that 1
that 1
that 1
that 1
that 1
that 1
that 1
that 1
that 1
that 1
that 1
that 1
that 1
that 1
that 1
that 1
that 1
that 1
that 1
that 1
that 1
that 1
that 1
that 1
that 1
that 1
that 1
that 1
that 1
that 1
that 1
that 1
that 1
that 1
that 1
that 1
that 1
that 1
that 1
that 1
that 1
that 1
that 1
that 1
that 1
that 1
that 1
that 1
that 1
that 1
that 1
that 1
that 1
that 1
that 1
that 1
that 1
that 1
that 1
that 1
that 1
that 1
that 1
that 1
that 1
that 1
that 1
that 1
that 1
that 1
that 1
that 1
that 1
that 1
that 1
that 1
that 1
that 1
that 1
that 1
that 1
that 1
that 1
that 1
that 1
that 1
that 1
that 1
that 1
that 1
that 1
that 1
that 1
that 1
that 1
that 1
that 1
that 1
that 1
that 1
that 1
that 1
that 1
that 1
that 1
that 1
that 1
that 1
that 1
that 1
that 1
that 1
that 1
that 1
that 1
that 1
that 1
that 1
that 1
that 1
that 1
that 1
that 1
that 1
that 1
that 1
that 1
that 1
that 1
that 1
that 1
that 1
that 1
that 1
that 1
that 1
that 1
that 1
that 1
that 1
that 1
that 1
that 1
that 1
that 1
that 1
that 1
that 1
that 1
that 1
that 1
that 1
that 1
that 1
that 1
that 1
that 1
that 1
that 1
that 1
that 1
that 1
that 1
that 1
that 1
that 1
that 1
that 1
that 1
that 1
that 1
that 1
that 1
that 1
that 1
that 1
that 1
that 1
that 1
that 1
that 1
that 1
that 1
that 1
that 1
that 1
that 1
that 1
that 1
that 1
that 1
that 1
that 1
that 1
that 1
that 1
that 1
that 1
that 1
that 1
that 1
that 1
that 1
that 1
that 1
that 1
that 1
that 1
that 1
that 1
that 1
that 1
that 1
that 1
that 1
that 1
that 1
that 1
that 1
that 1
that 1
that 1
that 1
that 1
that 1
that 1
that 1
that 1
that 1
that 1
that 1
that 1
that 1
that 1
that 1
that 1
that 1
that 1
that 1
that 1
that 1
that 1
that 1
that 1
that 1
that 1
that 1
that 1
that 1
that 1
that 1
that 1
that 1
that 1
that 1
that 1
that 1
that 1
that 1
that 1
that 1
that 1
that 1
that 1
that 1
that 1
that 1
that 1
that 1
that 1
that 1
that 1
that 1
that 1
that 1
that 1
that 1
that 1
that 1
that 1
that 1
that 1
that 1
that 1
that 1
that 1
that 1
that 1
that 1
that 1
that 1
that 1
that 1
that 1
that 1
that 1
that 1
that 1
that 1
that 1
that 1
that 1
that 1
that 1
that 1
that 1
that 1
that 1
that 1
that 1
that 1
that 1
that 1
that 1
that 1
that 1
that 1
that 1
that 1
that 1
that 1
that 1
that 1
that 1
that 1
that 1
that 1
that 1
that 1
that 1
that 1
that 1
that 1
that 1
that 1
that 1
that 1
that 1
that 1
that 1
that 1
that 1
that 1
that 1
that 1
that 1
that 1
that 1
that 1
that 1
that 1
that 1
that 1
that 1
that 1
that 1
that 1
that 1
that 1
that 1
that 1
that 1
that 1
that 1
that 1
that 1
that 1
that 1
that 1
that 1
that 1
that 1
that 1
that 1
that 1
that 1
that 1
that 1
that 1
that 1
that 1
that 1
that 1
that 1
that 1
that 1
that 1
that 1
that 1
that 1
that 1
that 1
that 1
that 1
that 1
that 1
that 1
that 1
that 1
that 1
that 1
that 1
that 1
that 1
that 1
that 1
that 1
that 1
that 1
that 1
that 1
that 1
that 1
that 1
that 1
that 1
that 1
that 1
that 1
that 1
that 1
that 1
that 1
that 1
that 1
that 1
that 1
that 1
that 1
that 1
that 1
that 1
that 1
that 1
that 1
that 1
that 1
that 1
that 1
that 1
that 1
that 1
that 1
that 1
that 1
that 1
that 1
that 1
that 1
that 1
that 1
that 1
that 1
that 1
that 1
that 1
that 1
that 1
that 1
that 1
that 1
that 1
that 1
that 1
that 1
that 1
that 1
that 1
that 1
that 1
that 1
that 1
that 1
that 1
that 1
that 1
that 1
that 1
that 1
that 1
that 1
that 1
that 1
that 1
that 1
that 1
that 1
that 1
that 1
that 1
that 1
that 1
that 1
that 1
that 1
that 1
that 1
that 1
that 1
that 1
that 1
that 1
that 1
that 1
that 1
that 1
that 1
that 1
that 1
that 1
that 1
that 1
that 1
that 1
that 1
that 1
that 1
that 1
that 1
that 1
that 1
that 1
that 1
that 1
that 1
that 1
thereof 1
these 1
these 1
these 1
these 1
these 1
these 1
these 1
these 1
these 1
these 1
these 1
these 1
these 1
these 1
these 1
these 1
these 1
these 1
these 1
these 1
these 1
these 1
these 1
these 1
these 1
these 1
these 1
these 1
these 1
these 1
these 1
these 1
these 1
these 1
these 1
these 1
these 1
these 1
these 1
these 1
these 1
these 1
these 1
these 1
these 1
thick 1
thick 1
thick 1
thick 1
thick 1
thick 1
third 1
third 1
third 1
third 1
third 1
thought 1
thought 1
thought 1
thought 1
thought 1
thought 1
thought 1
thought 1
thought 1
thought 1
thought 1
thought 1
thought 1
thought 1
thought 1
thought 1
thought 1
thought 1
thought 1
thought 1
thought 1
thought 1
thought 1
thought 1
thought 1
thought 1
thought 1
thought 1
thought 1
thought 1
thought 1
thought 1
thought 1
thought 1
thought 1
thought 1
thought 1
thought 1
thought 1
thought 1
thought 1
thought 1
thought 1
thought 1
thought 1
thought 1
thought 1
thought 1
thought 1
thought 1
thought 1
thought 1
thought 1
thought 1
thought 1
thought 1
thought 1
thought 1
thought 1
thought 1
thought 1
thought 1
thought 1
thought 1
thought 1
thought 1
thought 1
thought 1
thought 1
thought 1
thought 1
thought 1
thought 1
thought 1
thought 1
thought 1
thought 1
thought 1
thought 1
thought 1
thought 1
thought 1
thought 1
thousands 1
thousands 1
thousands 1
thousands 1
thousands 1
threaded 1
threaded 1
thrill 1
thunderpeals 1
thy 1
thy 1
tick 1
tick 1
tick 1
tick 1
tick 1
tick 1
tick 1
tick 1
tick 1
tick 1
tick 1
tick 1
tick 1
tick 1
tick 1
ticking 1
ticking 1
ticking 1
till 1
till 1
till 1
till 1
till 1
till 1
till 1
till 1
till 1
till 1
till 1
till 1
till 1
till 1
till 1
till 1
till 1
till 1
till 1
till 1
till 1
till 1
till 1
till 1
till 1
till 1
till 1
till 1
till 1
till 1
till 1
till 1
till 1
till 1
till 1
till 1
till 1
till 1
till 1
till 1
till 1
till 1
till 1
till 1
till 1
till 1
till 1
till 1
till 1
till 1
till 1
till 1
till 1
till 1
till 1
tittered 1
toils 1
tomorrow 1
tomorrow 1
tomorrow 1
tongues 1
tongues 1
tonight 1
tonight 1
tonight 1
tonight 1
tonight 1
took 1
took 1
took 1
took 1
took 1
took 1
took 1
took 1
took 1
took 1
took 1
took 1
took 1
took 1
took 1
took 1
took 1
took 1
took 1
took 1
took 1
took 1
took 1
took 1
took 1
took 1
took 1
took 1
took 1
took 1
took 1
took 1
took 1
took 1
took 1
took 1
took 1
took 1
took 1
took 1
took 1
took 1
took 1
took 1
took 1
took 1
took 1
took 1
took 1
took 1
took 1
took 1
took 1
took 1
took 1
took 1
took 1
took 1
took 1
took 1
took 1
took 1
took 1
took 1
took 1
took 1
took 1
took 1
took 1
took 1
took 1
took 1
took 1
took 1
took 1
took 1
took 1
took 1
took 1
took 1
took 1
took 1
topic 1
topic 1
toppling 1
tracts 1
traditional 1
traditions 1
trained 1
tramped 1
trample 1
trance 1
traversing 1
treasure 1
treasure 1
treasure 1
treasure 1
treasure 1
treasure 1
treasure 1
treasure 1
treasure 1
treasure 1
treasure 1
treasure 1
treasure 1
treasure 1
treasure 1
treasure 1
treasure 1
treasure 1
treasure 1
treasure 1
treasure 1
treasure 1
treasure 1
treasure 1
trousers 1
trousers 1
trousers 1
trousers 1
truce 1
turn 1
turn 1
turn 1
turn 1
turn 1
turn 1
turn 1
turn 1
turn 1
turn 1
turn 1
turn 1
turn 1
turn 1
turn 1
turn 1
turn 1
turn 1
turn 1
turn 1
turn 1
turn 1
turn 1
turn 1
turn 1
turn 1
turn 1
turn 1
turn 1
turn 1
turn 1
turn 1
turn 1
turn 1
turn 1
unable 1
unanimous 1
unappeasable 1
unappeasable 1
uncomfortable 1
uncomfortable 1
uncomfortable 1
uncomfortable 1
uncomfortable 1
uncomfortable 1
uncomfortable 1
uncomfortable 1
uncommitted 1
undergrowth 1
undressed 1
undressed 1
uneasy 1
uneasy 1
uneasy 1
uneasy 1
uneasy 1
unfolded 1
unhappy 1
unhappy 1
uninhabited 1
unknowingly 1
unlink 1
unpleasant 1
unpromising 1
unrolled 1
unrolled 1
unspeakable 1
unspeakably 1
uplifted 1
upset 1
upset 1
upward 1
upward 1
upward 1
vales 1
valued 1
valued 1
various 1
various 1
various 1
various 1
vigorously 1
vigorously 1
villages 1
volunteers 1
volunteers 1
volunteers 1
volunteers 1
volunteers 1
voyage 1
wade 1
wane 1
wants 1
wants 1
wants 1
wants 1
wants 1
wants 1
wants 1
warm 1
warm 1
warm 1
warm 1
warned 1
warpath 1
warwhoop 1
wary 1
watchman 1
watchman 1
whacks 1
whichever 1
whilst 1
whirled 1
whole 1
whole 1
whole 1
whole 1
whole 1
whole 1
whole 1
whole 1
whole 1
whole 1
whole 1
whole 1
whole 1
whole 1
whole 1
whole 1
whole 1
whole 1
whole 1
whole 1
whole 1
whole 1
whole 1
whole 1
whole 1
whole 1
whole 1
whole 1
whole 1
whole 1
whole 1
whole 1
whole 1
whole 1
whole 1
whole 1
whole 1
widder 1
widder 1
widder 1
widder 1
widder 1
widder 1
widder 1
widder 1
widder 1
wildeyed 1
wink 1
wisest 1
wisest 1
wishing 1
wishing 1
wishing 1
wishing 1
wishing 1
witching 1
witching 1
witching 1
withal 1
withal 1
work 1
work 1
work 1
work 1
work 1
work 1
work 1
work 1
work 1
work 1
work 1
work 1
work 1
work 1
work 1
work 1
work 1
work 1
work 1
work 1
work 1
work 1
work 1
work 1
work 1
work 1
work 1
work 1
work 1
work 1
work 1
work 1
work 1
work 1
work 1
work 1
work 1
work 1
work 1
work 1
work 1
work 1
work 1
work 1
work 1
work 1
work 1
work 1
work 1
work 1
work 1
work 1
work 1
work 1
work 1
work 1
work 1
work 1
work 1
work 1
work 1
work 1
work 1
work 1
work 1
work 1
work 1
work 1
work 1
work 1
work 1
work 1
work 1
work 1
work 1
work 1
work 1
work 1
work 1
work 1
work 1
work 1
work 1
work 1
work 1
work 1
work 1
work 1
working 1
working 1
worthy 1
worthy 1
worthy 1
wow 1
wrapped 1
wrapped 1
wring 1
wrong 1
wrong 1
wrong 1
wrong 1
wrong 1
wrong 1
wrong 1
yawning 1
yes 1
yes 1
yes 1
yes 1
yes 1
yes 1
yes 1
yes 1
yes 1
yes 1
yes 1
yes 1
yes 1
yes 1
yes 1
yes 1
yield 1
yield 1
yield 1
yield 1
