ACTUAL 1
AGREEMENT 1
Alexander 1
Alexander 1
Am 1
Am 1
Am 1
Any 1
Any 1
As 1
As 1
As 1
As 1
As 1
As 1
As 1
As 1
As 1
As 1
As 1
As 1
As 1
As 1
As 1
As 1
As 1
As 1
As 1
As 1
As 1
As 1
As 1
As 1
As 1
As 1
As 1
As 1
As 1
As 1
As 1
As 1
As 1
As 1
As 1
As 1
As 1
As 1
As 1
As 1
As 1
As 1
As 1
As 1
As 1
As 1
As 1
As 1
As 1
As 1
As 1
As 1
As 1
As 1
As 1
As 1
As 1
As 1
As 1
As 1
As 1
As 1
As 1
As 1
As 1
As 1
As 1
As 1
As 1
As 1
As 1
As 1
As 1
As 1
As 1
As 1
As 1
As 1
As 1
As 1
Athenaeum 1
Aunt 1
Aunt 1
Aunt 1
Aztecs 1
Because 1
Because 1
Because 1
Because 1
Because 1
Because 1
Because 1
Because 1
Beckenham 1
Bible 1
Blue 1
Blue 1
Blue 1
Blue 1
Came 1
Came 1
Capulet 1
Capulet 1
Ceilan 1
Cent 1
Chapman 1
Chapman 1
Chapman 1
Chapman 1
Clodion 1
DAMAGES 1
DAMAGES 1
Dacca 1
Dear 1
Dear 1
Dear 1
Decay 1
Defects 1
Despite 1
Devant 1
Devant 1
Diaz 1
Dim 1
Disciplina 1
Discord 1
Domain 1
Emaux 1
Europe 1
Europe 1
Few 1
Fiend 1
First 1
Form 1
Form 1
Forty 1
Foukousas 1
Four 1
Francisco 1
Francisco 1
Gazette 1
Georgian 1
Georgian 1
God 1
God 1
God 1
God 1
God 1
God 1
God 1
God 1
God 1
God 1
God 1
God 1
God 1
God 1
God 1
God 1
God 1
God 1
God 1
God 1
God 1
God 1
God 1
God 1
God 1
God 1
God 1
Grotrian 1
Guards 1
Hamilton 1
Have 1
Have 1
Have 1
Have 1
Have 1
Have 1
Have 1
Have 1
Hetty 1
Hetty 1
Hetty 1
Hetty 1
Hetty 1
Hetty 1
Hilstone 1
Host 1
Hoxton 1
Humph 1
INDIRECT 1
Intellect 1
Java 1
Java 1
Knowledge 1
L 1
Lead 1
Les 1
Les 1
London 1
London 1
London 1
London 1
London 1
London 1
London 1
London 1
London 1
London 1
London 1
London 1
London 1
London 1
London 1
London 1
London 1
London 1
London 1
Malay 1
Michelangelo 1
Moralists 1
Never 1
Never 1
Never 1
Never 1
Never 1
Never 1
Never 1
Never 1
Never 1
Never 1
Never 1
Never 1
Never 1
Night 1
OSCAR 1
Ordinary 1
Ordinary 1
Ordinary 1
Osborne 1
Oxford 1
Oxford 1
Oxford 1
Oxford 1
Oxford 1
PUNITIVE 1
Patti 1
Patti 1
Patti 1
Patti 1
Persian 1
Persian 1
Persian 1
Philip 1
Piccadilly 1
Play 1
Play 1
Please 1
Polo 1
Post 1
Pray 1
Pray 1
Pray 1
Prim 1
Produced 1
Produced 1
Quite 1
Quite 1
Quite 1
Quite 1
Quite 1
Quite 1
Rash 1
Reigns 1
Remembered 1
Revenue 1
Rimini 1
San 1
San 1
Sections 1
Shallow 1
Simonetto 1
Smite 1
Somebody 1
Sometimes 1
Sometimes 1
Sometimes 1
Talking 1
There 1
There 1
There 1
There 1
There 1
There 1
There 1
There 1
There 1
There 1
There 1
There 1
There 1
There 1
There 1
There 1
There 1
There 1
There 1
There 1
There 1
There 1
There 1
There 1
There 1
There 1
There 1
There 1
There 1
There 1
There 1
There 1
There 1
There 1
There 1
There 1
There 1
There 1
There 1
There 1
There 1
There 1
There 1
There 1
There 1
There 1
There 1
There 1
There 1
There 1
There 1
There 1
There 1
There 1
There 1
There 1
There 1
There 1
There 1
There 1
There 1
There 1
There 1
There 1
There 1
There 1
There 1
There 1
There 1
There 1
There 1
There 1
There 1
There 1
There 1
There 1
There 1
There 1
There 1
There 1
There 1
There 1
There 1
There 1
There 1
There 1
There 1
There 1
There 1
There 1
There 1
There 1
There 1
There 1
There 1
There 1
There 1
There 1
There 1
There 1
There 1
There 1
There 1
There 1
There 1
There 1
There 1
There 1
There 1
There 1
There 1
There 1
There 1
There 1
There 1
There 1
There 1
There 1
There 1
There 1
There 1
There 1
There 1
There 1
There 1
There 1
There 1
There 1
There 1
There 1
There 1
There 1
There 1
There 1
There 1
There 1
There 1
There 1
There 1
There 1
There 1
There 1
There 1
There 1
There 1
There 1
There 1
Thornton 1
Turkish 1
Two 1
Two 1
Two 1
Two 1
Two 1
Two 1
Two 1
Two 1
UNDER 1
Ultimately 1
Unless 1
Upon 1
Upon 1
Upon 1
Upon 1
Veil 1
Very 1
Very 1
Very 1
Very 1
WARRANTY 1
WARRANTY 1
WITH 1
Webster 1
Well 1
Well 1
Well 1
Well 1
Well 1
Well 1
Well 1
Well 1
Well 1
Well 1
Well 1
Well 1
Well 1
Well 1
Well 1
Well 1
Well 1
Well 1
Well 1
Well 1
Well 1
Well 1
Well 1
Well 1
Well 1
Well 1
Well 1
Well 1
Well 1
Whatever 1
Whatever 1
Why 1
Why 1
Why 1
Why 1
Why 1
Why 1
Why 1
Why 1
Why 1
Why 1
Why 1
Why 1
Why 1
Why 1
Why 1
Why 1
Why 1
Why 1
Why 1
Why 1
Why 1
Why 1
Why 1
Why 1
Why 1
Why 1
Why 1
Why 1
Why 1
Why 1
Why 1
Why 1
Why 1
Why 1
Why 1
Why 1
Why 1
Why 1
Why 1
Why 1
Why 1
Why 1
Why 1
Why 1
Why 1
Why 1
Why 1
Why 1
Why 1
Why 1
Why 1
Why 1
Why 1
Why 1
Why 1
Why 1
Why 1
Why 1
Why 1
Why 1
Why 1
Will 1
Will 1
Without 1
Without 1
XII 1
Years 1
Years 1
Yours 1
accord 1
accord 1
accumulate 1
accurate 1
accustomed 1
accustomed 1
acquaintances 1
action 1
action 1
action 1
action 1
action 1
added 1
added 1
added 1
added 1
added 1
added 1
added 1
added 1
adder 1
address 1
address 1
address 1
address 1
address 1
address 1
advanced 1
affected 1
affected 1
affected 1
affects 1
ages 1
ages 1
ages 1
ages 1
agree 1
agree 1
agree 1
agree 1
agree 1
agree 1
agree 1
agree 1
agree 1
aid 1
ain 1
ain 1
ain 1
ain 1
almost 1
almost 1
almost 1
almost 1
almost 1
almost 1
almost 1
almost 1
almost 1
almost 1
almost 1
almost 1
almost 1
almost 1
almost 1
almost 1
almost 1
almost 1
almost 1
almost 1
almost 1
almost 1
almost 1
almost 1
almost 1
almost 1
almost 1
almost 1
almost 1
almost 1
almost 1
almost 1
almost 1
almost 1
almost 1
aloes 1
altar 1
altar 1
am 1
am 1
am 1
am 1
am 1
am 1
am 1
am 1
am 1
am 1
am 1
am 1
am 1
am 1
am 1
am 1
am 1
am 1
am 1
am 1
am 1
am 1
am 1
am 1
am 1
am 1
am 1
am 1
am 1
am 1
am 1
am 1
am 1
am 1
am 1
am 1
am 1
am 1
am 1
am 1
am 1
am 1
am 1
am 1
am 1
am 1
am 1
am 1
am 1
am 1
am 1
am 1
am 1
am 1
am 1
am 1
am 1
am 1
am 1
am 1
am 1
am 1
am 1
am 1
am 1
am 1
am 1
am 1
am 1
am 1
am 1
am 1
am 1
am 1
am 1
am 1
am 1
am 1
am 1
am 1
am 1
am 1
am 1
am 1
am 1
am 1
am 1
am 1
am 1
am 1
am 1
am 1
am 1
am 1
am 1
am 1
am 1
am 1
am 1
am 1
am 1
am 1
am 1
am 1
am 1
am 1
am 1
am 1
am 1
am 1
am 1
am 1
am 1
am 1
am 1
am 1
am 1
am 1
am 1
am 1
am 1
am 1
am 1
am 1
am 1
am 1
am 1
am 1
am 1
am 1
am 1
am 1
am 1
am 1
am 1
am 1
am 1
am 1
am 1
am 1
am 1
am 1
am 1
am 1
am 1
am 1
am 1
am 1
am 1
am 1
am 1
am 1
am 1
am 1
am 1
am 1
am 1
am 1
am 1
am 1
am 1
am 1
am 1
am 1
am 1
am 1
am 1
am 1
am 1
am 1
am 1
am 1
am 1
am 1
am 1
am 1
am 1
am 1
am 1
am 1
am 1
am 1
am 1
am 1
am 1
am 1
am 1
am 1
am 1
am 1
am 1
am 1
am 1
am 1
am 1
am 1
am 1
am 1
am 1
am 1
am 1
am 1
am 1
am 1
am 1
am 1
am 1
am 1
am 1
am 1
am 1
am 1
am 1
am 1
am 1
am 1
am 1
am 1
am 1
am 1
am 1
am 1
am 1
am 1
am 1
am 1
am 1
am 1
am 1
ambergris 1
amidst 1
amidst 1
amidst 1
amusing 1
animal 1
animal 1
animal 1
animal 1
animal 1
antidote 1
anyone 1
anyone 1
anyone 1
anyone 1
anyone 1
apartment 1
appeals 1
appeals 1
appearance 1
appearance 1
appearance 1
appearance 1
appearance 1
appearance 1
appearance 1
appearance 1
appeared 1
appeared 1
appeared 1
appeared 1
appeared 1
appeared 1
appeared 1
appeared 1
appeared 1
appeared 1
appeared 1
appeared 1
appeared 1
appeared 1
approaching 1
are 1
are 1
are 1
are 1
are 1
are 1
are 1
are 1
are 1
are 1
are 1
are 1
are 1
are 1
are 1
are 1
are 1
are 1
are 1
are 1
are 1
are 1
are 1
are 1
are 1
are 1
are 1
are 1
are 1
are 1
are 1
are 1
are 1
are 1
are 1
are 1
are 1
are 1
are 1
are 1
are 1
are 1
are 1
are 1
are 1
are 1
are 1
are 1
are 1
are 1
are 1
are 1
are 1
are 1
are 1
are 1
are 1
are 1
are 1
are 1
are 1
are 1
are 1
are 1
are 1
are 1
are 1
are 1
are 1
are 1
are 1
are 1
are 1
are 1
are 1
are 1
are 1
are 1
are 1
are 1
are 1
are 1
are 1
are 1
are 1
are 1
are 1
are 1
are 1
are 1
are 1
are 1
are 1
are 1
are 1
are 1
are 1
are 1
are 1
are 1
are 1
are 1
are 1
are 1
are 1
are 1
are 1
are 1
are 1
are 1
are 1
are 1
are 1
are 1
are 1
are 1
are 1
are 1
are 1
are 1
are 1
are 1
are 1
are 1
are 1
are 1
are 1
are 1
are 1
are 1
are 1
are 1
are 1
are 1
are 1
are 1
are 1
are 1
are 1
are 1
are 1
are 1
are 1
are 1
are 1
are 1
are 1
are 1
are 1
are 1
are 1
are 1
are 1
are 1
are 1
are 1
are 1
are 1
are 1
are 1
are 1
are 1
are 1
are 1
are 1
are 1
are 1
are 1
are 1
are 1
are 1
are 1
are 1
are 1
are 1
are 1
are 1
are 1
are 1
are 1
are 1
are 1
are 1
are 1
are 1
are 1
are 1
are 1
are 1
are 1
are 1
are 1
are 1
are 1
are 1
are 1
are 1
are 1
are 1
are 1
are 1
are 1
are 1
are 1
are 1
are 1
are 1
are 1
are 1
are 1
are 1
are 1
are 1
are 1
are 1
are 1
are 1
are 1
are 1
are 1
are 1
are 1
are 1
are 1
are 1
are 1
are 1
are 1
are 1
are 1
are 1
are 1
are 1
are 1
are 1
are 1
are 1
are 1
are 1
are 1
are 1
are 1
are 1
are 1
are 1
are 1
are 1
are 1
are 1
are 1
are 1
are 1
are 1
are 1
are 1
are 1
are 1
are 1
are 1
are 1
are 1
are 1
are 1
are 1
are 1
are 1
are 1
are 1
are 1
are 1
are 1
are 1
are 1
are 1
are 1
are 1
are 1
are 1
are 1
are 1
are 1
are 1
are 1
are 1
are 1
are 1
are 1
are 1
are 1
are 1
are 1
are 1
are 1
are 1
are 1
are 1
are 1
are 1
are 1
are 1
are 1
are 1
are 1
are 1
are 1
are 1
are 1
are 1
are 1
are 1
are 1
are 1
are 1
are 1
are 1
are 1
are 1
are 1
are 1
are 1
are 1
are 1
are 1
are 1
are 1
are 1
are 1
are 1
are 1
are 1
are 1
are 1
are 1
are 1
are 1
are 1
are 1
are 1
are 1
are 1
are 1
are 1
are 1
are 1
are 1
are 1
are 1
are 1
are 1
are 1
are 1
are 1
are 1
are 1
are 1
are 1
are 1
are 1
are 1
are 1
are 1
are 1
are 1
are 1
are 1
are 1
are 1
are 1
are 1
are 1
are 1
are 1
are 1
are 1
are 1
are 1
are 1
are 1
are 1
are 1
are 1
are 1
are 1
are 1
are 1
are 1
aristocratic 1
artificiality 1
as 1
as 1
as 1
as 1
as 1
as 1
as 1
as 1
as 1
as 1
as 1
as 1
as 1
as 1
as 1
as 1
as 1
as 1
as 1
as 1
as 1
as 1
as 1
as 1
as 1
as 1
as 1
as 1
as 1
as 1
as 1
as 1
as 1
as 1
as 1
as 1
as 1
as 1
as 1
as 1
as 1
as 1
as 1
as 1
as 1
as 1
as 1
as 1
as 1
as 1
as 1
as 1
as 1
as 1
as 1
as 1
as 1
as 1
as 1
as 1
as 1
as 1
as 1
as 1
as 1
as 1
as 1
as 1
as 1
as 1
as 1
as 1
as 1
as 1
as 1
as 1
as 1
as 1
as 1
as 1
as 1
as 1
as 1
as 1
as 1
as 1
as 1
as 1
as 1
as 1
as 1
as 1
as 1
as 1
as 1
as 1
as 1
as 1
as 1
as 1
as 1
as 1
as 1
as 1
as 1
as 1
as 1
as 1
as 1
as 1
as 1
as 1
as 1
as 1
as 1
as 1
as 1
as 1
as 1
as 1
as 1
as 1
as 1
as 1
as 1
as 1
as 1
as 1
as 1
as 1
as 1
as 1
as 1
as 1
as 1
as 1
as 1
as 1
as 1
as 1
as 1
as 1
as 1
as 1
as 1
as 1
as 1
as 1
as 1
as 1
as 1
as 1
as 1
as 1
as 1
as 1
as 1
as 1
as 1
as 1
as 1
as 1
as 1
as 1
as 1
as 1
as 1
as 1
as 1
as 1
as 1
as 1
as 1
as 1
as 1
as 1
as 1
as 1
as 1
as 1
as 1
as 1
as 1
as 1
as 1
as 1
as 1
as 1
as 1
as 1
as 1
as 1
as 1
as 1
as 1
as 1
as 1
as 1
as 1
as 1
as 1
as 1
as 1
as 1
as 1
as 1
as 1
as 1
as 1
as 1
as 1
as 1
as 1
as 1
as 1
as 1
as 1
as 1
as 1
as 1
as 1
as 1
as 1
as 1
as 1
as 1
as 1
as 1
as 1
as 1
as 1
as 1
as 1
as 1
as 1
as 1
as 1
as 1
as 1
as 1
as 1
as 1
as 1
as 1
as 1
as 1
as 1
as 1
as 1
as 1
as 1
as 1
as 1
as 1
as 1
as 1
as 1
as 1
as 1
as 1
as 1
as 1
as 1
as 1
as 1
as 1
as 1
as 1
as 1
as 1
as 1
as 1
as 1
as 1
as 1
as 1
as 1
as 1
as 1
as 1
as 1
as 1
as 1
as 1
as 1
as 1
as 1
as 1
as 1
as 1
as 1
as 1
as 1
as 1
as 1
as 1
as 1
as 1
as 1
as 1
as 1
as 1
as 1
as 1
as 1
as 1
as 1
as 1
as 1
as 1
as 1
as 1
as 1
as 1
as 1
as 1
as 1
as 1
as 1
as 1
as 1
as 1
as 1
as 1
as 1
as 1
as 1
as 1
as 1
as 1
as 1
as 1
as 1
as 1
as 1
as 1
as 1
as 1
as 1
as 1
as 1
as 1
as 1
as 1
as 1
as 1
as 1
as 1
as 1
as 1
as 1
as 1
as 1
as 1
as 1
as 1
as 1
as 1
as 1
as 1
as 1
as 1
as 1
as 1
as 1
as 1
as 1
as 1
as 1
as 1
as 1
as 1
as 1
as 1
as 1
as 1
as 1
as 1
as 1
as 1
as 1
as 1
as 1
as 1
as 1
as 1
as 1
as 1
as 1
as 1
as 1
as 1
as 1
as 1
as 1
as 1
as 1
as 1
as 1
as 1
as 1
as 1
as 1
as 1
as 1
as 1
as 1
as 1
as 1
as 1
as 1
as 1
as 1
as 1
as 1
as 1
as 1
as 1
as 1
as 1
as 1
as 1
as 1
as 1
as 1
as 1
as 1
as 1
as 1
as 1
as 1
as 1
as 1
as 1
as 1
as 1
as 1
as 1
as 1
as 1
as 1
as 1
as 1
as 1
as 1
as 1
as 1
as 1
as 1
as 1
as 1
as 1
as 1
as 1
as 1
as 1
as 1
as 1
as 1
as 1
as 1
as 1
as 1
as 1
as 1
as 1
as 1
as 1
as 1
as 1
as 1
as 1
as 1
as 1
as 1
as 1
as 1
as 1
as 1
as 1
as 1
as 1
as 1
as 1
as 1
as 1
as 1
as 1
as 1
as 1
as 1
as 1
as 1
as 1
as 1
as 1
as 1
as 1
as 1
as 1
as 1
as 1
aspilates 1
assistant 1
assistant 1
assistant 1
assistant 1
assisted 1
associated 1
associated 1
associated 1
associated 1
associated 1
associated 1
associated 1
associated 1
assures 1
attached 1
autobiography 1
autobiography 1
away 1
away 1
away 1
away 1
away 1
away 1
away 1
away 1
away 1
away 1
away 1
away 1
away 1
away 1
away 1
away 1
away 1
away 1
away 1
away 1
away 1
away 1
away 1
away 1
away 1
away 1
away 1
away 1
away 1
away 1
away 1
away 1
away 1
away 1
away 1
away 1
away 1
away 1
away 1
away 1
away 1
away 1
away 1
away 1
away 1
away 1
away 1
away 1
away 1
away 1
away 1
away 1
away 1
away 1
away 1
away 1
away 1
away 1
away 1
away 1
away 1
away 1
away 1
away 1
away 1
away 1
away 1
away 1
away 1
away 1
away 1
away 1
away 1
away 1
away 1
away 1
away 1
away 1
away 1
away 1
away 1
away 1
away 1
away 1
away 1
away 1
away 1
away 1
away 1
away 1
away 1
away 1
away 1
away 1
away 1
away 1
away 1
away 1
away 1
away 1
away 1
away 1
b 1
bachelor 1
background 1
background 1
background 1
background 1
balance 1
balls 1
bare 1
bare 1
because 1
because 1
because 1
because 1
because 1
because 1
because 1
because 1
because 1
because 1
because 1
because 1
because 1
because 1
because 1
because 1
because 1
because 1
because 1
because 1
because 1
because 1
because 1
because 1
because 1
because 1
because 1
because 1
because 1
because 1
because 1
because 1
bedroom 1
bedroom 1
bedroom 1
bedside 1
bee 1
bee 1
bee 1
behaves 1
beheld 1
beryl 1
bestial 1
bestial 1
blade 1
blazed 1
bleached 1
blinds 1
blinds 1
blinds 1
blinking 1
blinking 1
blossoms 1
blossoms 1
blossoms 1
blossoms 1
blossoms 1
blossoms 1
blossoms 1
blossoms 1
blossoms 1
blossoms 1
blurred 1
blurred 1
blush 1
blush 1
blush 1
blush 1
blush 1
board 1
body 1
body 1
body 1
body 1
body 1
body 1
body 1
body 1
body 1
body 1
body 1
body 1
body 1
body 1
body 1
body 1
body 1
body 1
body 1
body 1
body 1
body 1
body 1
body 1
body 1
body 1
body 1
body 1
boldness 1
bonnet 1
bonnet 1
bound 1
bound 1
bound 1
bound 1
bound 1
bound 1
bound 1
bound 1
bound 1
bound 1
bound 1
bowing 1
bowing 1
bowl 1
bowl 1
boyhood 1
boyhood 1
boyhood 1
boyhood 1
boyhood 1
boyhood 1
boyhood 1
boyhood 1
boyhood 1
boyhood 1
boyhood 1
boyhood 1
brilliantly 1
bring 1
bring 1
bring 1
bring 1
bring 1
bring 1
bring 1
bring 1
bring 1
bring 1
bring 1
bring 1
bring 1
bring 1
bring 1
bring 1
bringing 1
bringing 1
broidery 1
bronze 1
bronze 1
brood 1
brood 1
brood 1
brother 1
brother 1
brother 1
brother 1
brother 1
brother 1
brother 1
brother 1
brother 1
brushes 1
brushes 1
brushes 1
brute 1
brute 1
brute 1
brute 1
brute 1
bulwark 1
burden 1
burden 1
burden 1
burden 1
burden 1
burden 1
burden 1
burden 1
burden 1
button 1
button 1
button 1
button 1
button 1
bye 1
bye 1
bye 1
bye 1
bye 1
bye 1
bye 1
bye 1
bye 1
bye 1
bye 1
bye 1
bye 1
bye 1
bye 1
bye 1
bye 1
bye 1
bye 1
bye 1
cake 1
calculated 1
capacity 1
captain 1
capture 1
cardinal 1
career 1
careful 1
careful 1
carried 1
carried 1
carried 1
carried 1
carried 1
carried 1
cartridges 1
centuries 1
chairs 1
chairs 1
champagne 1
champagne 1
champagne 1
champagne 1
charge 1
charge 1
charge 1
charge 1
charge 1
charge 1
charge 1
charms 1
charms 1
chase 1
chase 1
chaste 1
chaste 1
chat 1
chat 1
chemistry 1
chemistry 1
chequebook 1
chiefly 1
chiefly 1
chill 1
chill 1
choked 1
chop 1
chord 1
christening 1
chrysoberyl 1
cigar 1
citizen 1
clad 1
claws 1
clerks 1
clothes 1
clothes 1
clothes 1
clothes 1
clothes 1
clouds 1
club 1
club 1
club 1
club 1
club 1
club 1
club 1
club 1
club 1
club 1
club 1
club 1
club 1
club 1
club 1
club 1
club 1
club 1
club 1
club 1
clutched 1
clutched 1
collars 1
colour 1
colour 1
colour 1
colour 1
colour 1
colour 1
colour 1
colour 1
colour 1
colour 1
colour 1
colour 1
colour 1
colour 1
colour 1
colour 1
colour 1
colour 1
colour 1
colour 1
colour 1
comedian 1
comforting 1
companion 1
companion 1
companion 1
companion 1
companion 1
companion 1
companion 1
compares 1
concerning 1
concerning 1
confessions 1
contents 1
contralto 1
conversing 1
cores 1
corks 1
coronation 1
coronation 1
coronation 1
costs 1
costs 1
costs 1
countries 1
covered 1
covered 1
covered 1
covered 1
covered 1
covered 1
covered 1
covered 1
covered 1
covered 1
covered 1
covered 1
covered 1
craft 1
craft 1
craving 1
crawled 1
crawled 1
crawled 1
crawled 1
created 1
created 1
created 1
created 1
creatures 1
creatures 1
creatures 1
crosses 1
cruelly 1
culture 1
culture 1
culture 1
curious 1
curious 1
curious 1
curious 1
curious 1
curious 1
curious 1
curious 1
curious 1
curious 1
curious 1
curious 1
curious 1
curious 1
curious 1
curious 1
curious 1
curious 1
curious 1
curious 1
curious 1
curious 1
curious 1
curious 1
curious 1
curious 1
curious 1
curious 1
curious 1
curious 1
curious 1
curious 1
curious 1
curious 1
curious 1
curious 1
curious 1
curious 1
curious 1
curious 1
curious 1
curious 1
curious 1
curious 1
curious 1
curious 1
curious 1
cut 1
cut 1
cut 1
cut 1
cut 1
cut 1
cut 1
cut 1
cut 1
cut 1
cut 1
damages 1
damages 1
dancing 1
dank 1
dank 1
dash 1
deed 1
deep 1
deep 1
deep 1
deep 1
deep 1
deep 1
deep 1
deep 1
deep 1
deep 1
deepened 1
defects 1
defects 1
defend 1
defend 1
defend 1
degenerate 1
deliberation 1
delicacy 1
delightful 1
delightful 1
delightful 1
delightful 1
delightful 1
delightful 1
delightful 1
delightful 1
delightful 1
delightful 1
delightful 1
delightful 1
delightful 1
delightful 1
delightful 1
delightful 1
delightful 1
delightful 1
delightful 1
delightful 1
delightful 1
delightful 1
delightful 1
delightful 1
delightful 1
delightful 1
delightful 1
delightful 1
delightful 1
depose 1
depresses 1
depressing 1
depressing 1
detected 1
developed 1
developed 1
dialogue 1
disclaimers 1
disdain 1
disdain 1
disease 1
disgracefully 1
diver 1
dividing 1
divinely 1
divinely 1
dog 1
dog 1
dog 1
dog 1
dog 1
dog 1
dog 1
dogma 1
dominant 1
dominant 1
dominant 1
dominant 1
downloading 1
draped 1
draped 1
draped 1
dreamed 1
dreamed 1
dreamed 1
dreamed 1
dreamed 1
dreamed 1
dreams 1
dreams 1
dreams 1
dreams 1
dreams 1
dreams 1
dreams 1
dreams 1
dreamy 1
dreamy 1
drive 1
drive 1
drive 1
drive 1
drive 1
drive 1
drive 1
droop 1
droop 1
drown 1
drunkards 1
dulled 1
dumb 1
dumb 1
dumb 1
dusky 1
dusky 1
dusky 1
dusky 1
dusky 1
dusky 1
dust 1
dust 1
dust 1
dust 1
dust 1
dust 1
dust 1
dust 1
ecstasies 1
effort 1
effort 1
effort 1
effort 1
effort 1
egotists 1
electronic 1
electronic 1
electronic 1
electronic 1
electronic 1
electronic 1
electronic 1
electronic 1
electronic 1
electronic 1
electronic 1
electronic 1
electronic 1
electronic 1
electronic 1
electronic 1
electronic 1
electronic 1
electronic 1
electronic 1
electronic 1
electronic 1
electronic 1
electronic 1
electronic 1
electronic 1
electronic 1
elegantiarum 1
emotions 1
emotions 1
emotions 1
emotions 1
emotions 1
emotions 1
emotions 1
emotions 1
ended 1
ended 1
endless 1
enemies 1
enemies 1
enemies 1
enemies 1
enemy 1
enemy 1
energy 1
ensconced 1
enter 1
enter 1
enter 1
enter 1
enter 1
enthralling 1
entrees 1
enviously 1
equipment 1
equipment 1
equipment 1
errand 1
error 1
error 1
error 1
error 1
error 1
etching 1
exaggeration 1
exaggeration 1
excitement 1
excitement 1
excitement 1
exclaimed 1
exclaimed 1
exclaimed 1
exclaimed 1
exclaimed 1
exclaimed 1
exclaimed 1
exclaimed 1
exclaimed 1
exclaimed 1
exclaimed 1
exclaimed 1
exclaimed 1
exclaimed 1
exclaimed 1
exclaimed 1
exclaimed 1
exclaimed 1
exclaimed 1
exclaimed 1
exclaimed 1
exclaimed 1
exclusion 1
expense 1
expense 1
experienced 1
experimental 1
explained 1
explained 1
explained 1
explained 1
explained 1
explained 1
explained 1
extraordinary 1
extraordinary 1
extraordinary 1
extraordinary 1
extraordinary 1
extraordinary 1
extraordinary 1
extraordinary 1
extraordinary 1
extraordinary 1
extraordinary 1
extraordinary 1
extraordinary 1
extraordinary 1
extraordinary 1
extraordinary 1
extraordinary 1
extraordinary 1
extraordinary 1
facing 1
facing 1
faded 1
faded 1
faded 1
faded 1
faded 1
faded 1
fain 1
fairest 1
faithfully 1
fallen 1
fallen 1
fallen 1
fallen 1
fallen 1
fascinate 1
fascinate 1
feet 1
feet 1
feet 1
feet 1
feet 1
feet 1
feet 1
feet 1
feet 1
feet 1
feet 1
feet 1
feet 1
feet 1
feet 1
feet 1
feet 1
feet 1
feet 1
feet 1
feet 1
feet 1
feet 1
feet 1
feet 1
feet 1
feet 1
feet 1
feet 1
feet 1
feet 1
fidelity 1
fidelity 1
field 1
field 1
fight 1
fire 1
fire 1
fire 1
fire 1
fire 1
fire 1
fire 1
fire 1
fire 1
fire 1
fire 1
fire 1
fire 1
fire 1
fire 1
fire 1
fire 1
fire 1
fire 1
flash 1
flash 1
flash 1
flew 1
flew 1
flew 1
flight 1
flight 1
flight 1
flirtation 1
flirtation 1
flush 1
flushing 1
foggy 1
followed 1
followed 1
followed 1
followed 1
followed 1
followed 1
followed 1
followed 1
followed 1
followed 1
followed 1
followed 1
followed 1
followed 1
followed 1
followed 1
fool 1
fool 1
fool 1
forgave 1
forty 1
forty 1
forty 1
foul 1
foul 1
freed 1
fresh 1
fresh 1
fresh 1
fresh 1
fresh 1
fresh 1
fresh 1
friendship 1
friendship 1
friendship 1
friendship 1
friendship 1
friendship 1
friendship 1
friendship 1
friendship 1
frowning 1
frowning 1
frowning 1
frowning 1
frowning 1
fully 1
fully 1
fully 1
fully 1
fuming 1
fundraising 1
furry 1
gags 1
gallery 1
gallery 1
gallery 1
gallery 1
gallery 1
gallery 1
gallery 1
gamekeeper 1
gaping 1
gartered 1
garters 1
gates 1
gauze 1
gauze 1
gauze 1
gbnewby 1
gigantic 1
gipsies 1
glass 1
glass 1
glass 1
glass 1
glass 1
glass 1
glass 1
glass 1
glass 1
glass 1
glass 1
glass 1
glass 1
glass 1
glass 1
glasses 1
glistening 1
glistening 1
glittered 1
glowed 1
got 1
got 1
got 1
got 1
got 1
got 1
got 1
got 1
got 1
got 1
got 1
got 1
got 1
got 1
got 1
got 1
got 1
got 1
got 1
got 1
got 1
got 1
got 1
got 1
got 1
got 1
got 1
got 1
got 1
got 1
got 1
got 1
got 1
got 1
got 1
got 1
got 1
got 1
got 1
got 1
got 1
got 1
got 1
got 1
got 1
got 1
got 1
got 1
got 1
got 1
got 1
got 1
got 1
got 1
grace 1
grace 1
grace 1
grace 1
grace 1
grace 1
grace 1
grace 1
grace 1
grace 1
grace 1
grandfather 1
grandfather 1
grandfather 1
grandfather 1
grandfather 1
gravely 1
gravely 1
gravely 1
gravely 1
gravely 1
gravely 1
gravely 1
greater 1
greatly 1
greatly 1
grinning 1
grinning 1
grinning 1
grinning 1
grinning 1
grotesques 1
growled 1
growled 1
grows 1
gums 1
hair 1
hair 1
hair 1
hair 1
hair 1
hair 1
hair 1
hair 1
hair 1
hair 1
hair 1
hair 1
hair 1
hair 1
hair 1
hair 1
hair 1
hair 1
hair 1
hair 1
hair 1
hair 1
hair 1
hair 1
hair 1
hair 1
hair 1
hair 1
hair 1
hands 1
hands 1
hands 1
hands 1
hands 1
hands 1
hands 1
hands 1
hands 1
hands 1
hands 1
hands 1
hands 1
hands 1
hands 1
hands 1
hands 1
hands 1
hands 1
hands 1
hands 1
hands 1
hands 1
hands 1
hands 1
hands 1
hands 1
hands 1
hands 1
hands 1
hands 1
hands 1
hands 1
hands 1
hands 1
hands 1
hands 1
hands 1
hands 1
hands 1
hands 1
hands 1
hands 1
hands 1
hands 1
hands 1
hands 1
hands 1
hands 1
hands 1
hands 1
hands 1
happen 1
happen 1
happen 1
happen 1
harsh 1
harsh 1
harsh 1
harsh 1
harsh 1
harsh 1
harsh 1
heel 1
heel 1
heel 1
heel 1
heroes 1
heroine 1
hers 1
hers 1
hers 1
hers 1
hers 1
hesitation 1
his 1
his 1
his 1
his 1
his 1
his 1
his 1
his 1
his 1
his 1
his 1
his 1
his 1
his 1
his 1
his 1
his 1
his 1
his 1
his 1
his 1
his 1
his 1
his 1
his 1
his 1
his 1
his 1
his 1
his 1
his 1
his 1
his 1
his 1
his 1
his 1
his 1
his 1
his 1
his 1
his 1
his 1
his 1
his 1
his 1
his 1
his 1
his 1
his 1
his 1
his 1
his 1
his 1
his 1
his 1
his 1
his 1
his 1
his 1
his 1
his 1
his 1
his 1
his 1
his 1
his 1
his 1
his 1
his 1
his 1
his 1
his 1
his 1
his 1
his 1
his 1
his 1
his 1
his 1
his 1
his 1
his 1
his 1
his 1
his 1
his 1
his 1
his 1
his 1
his 1
his 1
his 1
his 1
his 1
his 1
his 1
his 1
his 1
his 1
his 1
his 1
his 1
his 1
his 1
his 1
his 1
his 1
his 1
his 1
his 1
his 1
his 1
his 1
his 1
his 1
his 1
his 1
his 1
his 1
his 1
his 1
his 1
his 1
his 1
his 1
his 1
his 1
his 1
his 1
his 1
his 1
his 1
his 1
his 1
his 1
his 1
his 1
his 1
his 1
his 1
his 1
his 1
his 1
his 1
his 1
his 1
his 1
his 1
his 1
his 1
his 1
his 1
his 1
his 1
his 1
his 1
his 1
his 1
his 1
his 1
his 1
his 1
his 1
his 1
his 1
his 1
his 1
his 1
his 1
his 1
his 1
his 1
his 1
his 1
his 1
his 1
his 1
his 1
his 1
his 1
his 1
his 1
his 1
his 1
his 1
his 1
his 1
his 1
his 1
his 1
his 1
his 1
his 1
his 1
his 1
his 1
his 1
his 1
his 1
his 1
his 1
his 1
his 1
his 1
his 1
his 1
his 1
his 1
his 1
his 1
his 1
his 1
his 1
his 1
his 1
his 1
his 1
his 1
his 1
his 1
his 1
his 1
his 1
his 1
his 1
his 1
his 1
his 1
his 1
his 1
his 1
his 1
his 1
his 1
his 1
his 1
his 1
his 1
his 1
his 1
his 1
his 1
his 1
his 1
his 1
his 1
his 1
his 1
his 1
his 1
his 1
his 1
his 1
his 1
his 1
his 1
his 1
his 1
his 1
his 1
his 1
his 1
his 1
his 1
his 1
his 1
his 1
his 1
his 1
his 1
his 1
his 1
his 1
his 1
his 1
his 1
his 1
his 1
his 1
his 1
his 1
his 1
his 1
his 1
his 1
his 1
his 1
his 1
his 1
his 1
his 1
his 1
his 1
his 1
his 1
his 1
his 1
his 1
his 1
his 1
his 1
his 1
his 1
his 1
his 1
his 1
his 1
his 1
his 1
his 1
his 1
his 1
his 1
his 1
his 1
his 1
his 1
his 1
his 1
his 1
his 1
his 1
his 1
his 1
his 1
his 1
his 1
his 1
his 1
his 1
his 1
his 1
his 1
his 1
his 1
his 1
his 1
his 1
his 1
his 1
his 1
his 1
his 1
his 1
his 1
his 1
his 1
his 1
his 1
his 1
his 1
his 1
his 1
his 1
his 1
his 1
his 1
his 1
his 1
his 1
his 1
his 1
his 1
his 1
his 1
his 1
his 1
his 1
his 1
his 1
his 1
his 1
his 1
his 1
his 1
his 1
his 1
his 1
his 1
his 1
his 1
his 1
his 1
his 1
his 1
his 1
his 1
his 1
his 1
his 1
his 1
his 1
his 1
his 1
his 1
his 1
his 1
his 1
his 1
his 1
his 1
his 1
his 1
his 1
his 1
his 1
his 1
his 1
his 1
his 1
his 1
his 1
his 1
his 1
his 1
his 1
his 1
his 1
his 1
his 1
his 1
his 1
his 1
his 1
his 1
his 1
his 1
his 1
his 1
his 1
his 1
his 1
his 1
his 1
his 1
his 1
his 1
his 1
his 1
his 1
his 1
his 1
his 1
his 1
his 1
his 1
his 1
his 1
his 1
his 1
his 1
his 1
his 1
his 1
his 1
his 1
his 1
his 1
his 1
his 1
his 1
his 1
his 1
his 1
his 1
his 1
his 1
his 1
his 1
his 1
his 1
his 1
his 1
his 1
his 1
his 1
his 1
his 1
his 1
his 1
his 1
his 1
his 1
his 1
his 1
his 1
his 1
his 1
his 1
his 1
his 1
his 1
his 1
his 1
his 1
his 1
his 1
his 1
his 1
his 1
his 1
his 1
his 1
his 1
his 1
his 1
his 1
his 1
his 1
his 1
his 1
his 1
his 1
his 1
his 1
his 1
his 1
his 1
his 1
his 1
his 1
his 1
his 1
his 1
his 1
his 1
his 1
his 1
his 1
his 1
his 1
his 1
his 1
his 1
his 1
his 1
his 1
his 1
his 1
his 1
his 1
his 1
his 1
his 1
his 1
his 1
his 1
his 1
his 1
his 1
his 1
his 1
his 1
his 1
his 1
his 1
his 1
his 1
his 1
his 1
his 1
his 1
his 1
his 1
his 1
his 1
his 1
his 1
his 1
his 1
his 1
his 1
his 1
his 1
his 1
his 1
his 1
his 1
his 1
his 1
his 1
his 1
his 1
his 1
his 1
his 1
his 1
his 1
his 1
his 1
his 1
his 1
his 1
his 1
his 1
his 1
his 1
his 1
his 1
his 1
his 1
his 1
his 1
his 1
his 1
his 1
his 1
his 1
his 1
his 1
his 1
his 1
his 1
his 1
his 1
his 1
his 1
his 1
his 1
his 1
his 1
his 1
his 1
his 1
his 1
his 1
his 1
his 1
his 1
his 1
his 1
his 1
his 1
his 1
his 1
his 1
his 1
his 1
his 1
his 1
his 1
his 1
his 1
his 1
his 1
his 1
his 1
his 1
his 1
his 1
his 1
his 1
his 1
his 1
his 1
his 1
his 1
his 1
his 1
his 1
his 1
his 1
his 1
his 1
his 1
his 1
his 1
his 1
his 1
his 1
his 1
his 1
his 1
his 1
his 1
his 1
his 1
his 1
his 1
his 1
his 1
his 1
his 1
his 1
his 1
his 1
his 1
his 1
his 1
his 1
his 1
his 1
his 1
his 1
his 1
his 1
his 1
his 1
his 1
his 1
his 1
his 1
his 1
his 1
his 1
his 1
his 1
his 1
his 1
his 1
his 1
his 1
his 1
his 1
his 1
his 1
his 1
his 1
his 1
his 1
his 1
his 1
his 1
his 1
his 1
his 1
his 1
his 1
his 1
his 1
his 1
his 1
his 1
his 1
his 1
his 1
his 1
his 1
his 1
his 1
his 1
his 1
his 1
his 1
his 1
his 1
his 1
his 1
his 1
his 1
his 1
his 1
his 1
his 1
his 1
his 1
his 1
his 1
his 1
his 1
his 1
his 1
his 1
his 1
his 1
his 1
his 1
his 1
his 1
his 1
his 1
his 1
his 1
his 1
his 1
his 1
his 1
his 1
his 1
his 1
his 1
his 1
his 1
his 1
his 1
his 1
his 1
his 1
his 1
his 1
his 1
his 1
his 1
his 1
his 1
his 1
his 1
his 1
his 1
his 1
his 1
his 1
his 1
his 1
his 1
his 1
his 1
his 1
his 1
his 1
his 1
his 1
his 1
his 1
his 1
his 1
his 1
his 1
his 1
his 1
his 1
his 1
his 1
his 1
his 1
his 1
his 1
his 1
his 1
his 1
his 1
his 1
his 1
his 1
his 1
his 1
his 1
his 1
his 1
his 1
his 1
his 1
his 1
his 1
his 1
his 1
his 1
his 1
his 1
his 1
his 1
his 1
his 1
his 1
his 1
his 1
his 1
his 1
his 1
his 1
his 1
his 1
his 1
his 1
his 1
his 1
his 1
his 1
his 1
his 1
his 1
his 1
his 1
his 1
his 1
his 1
his 1
his 1
his 1
his 1
his 1
his 1
his 1
his 1
his 1
his 1
his 1
his 1
his 1
his 1
his 1
his 1
his 1
his 1
his 1
his 1
his 1
his 1
his 1
his 1
his 1
his 1
his 1
his 1
his 1
his 1
his 1
his 1
his 1
his 1
his 1
his 1
his 1
his 1
his 1
his 1
his 1
his 1
his 1
his 1
his 1
his 1
his 1
his 1
his 1
his 1
his 1
his 1
his 1
his 1
his 1
his 1
his 1
his 1
his 1
history 1
history 1
history 1
history 1
history 1
history 1
history 1
history 1
history 1
history 1
hoarse 1
hoarse 1
hoarse 1
hoarse 1
hoarse 1
hoarse 1
hole 1
hole 1
hole 1
hole 1
hole 1
hollowness 1
hood 1
hood 1
horns 1
horrid 1
horrid 1
horrid 1
horrid 1
horrid 1
horrid 1
horrid 1
horrid 1
horrid 1
horrid 1
horrid 1
horrid 1
horrid 1
horrid 1
horrid 1
horrid 1
how 1
how 1
how 1
how 1
how 1
how 1
how 1
how 1
how 1
how 1
how 1
how 1
how 1
how 1
how 1
how 1
how 1
how 1
how 1
how 1
how 1
how 1
how 1
how 1
how 1
how 1
how 1
how 1
how 1
how 1
how 1
how 1
how 1
how 1
how 1
how 1
how 1
how 1
how 1
how 1
how 1
how 1
how 1
how 1
how 1
how 1
how 1
how 1
how 1
how 1
how 1
how 1
how 1
how 1
how 1
how 1
how 1
how 1
how 1
how 1
how 1
how 1
how 1
how 1
how 1
how 1
how 1
how 1
how 1
how 1
how 1
how 1
huddled 1
hung 1
hung 1
hung 1
hung 1
hung 1
hung 1
hung 1
hung 1
hung 1
hung 1
hung 1
hung 1
hung 1
hung 1
hung 1
hung 1
hyacinth 1
ideals 1
idolatrous 1
ignoble 1
ignorant 1
illusions 1
imitative 1
improvisation 1
included 1
included 1
included 1
inconvenient 1
indifferent 1
indifferent 1
indifferent 1
indifferent 1
indifferent 1
indifferent 1
indifferent 1
indifferent 1
indifferent 1
indifferent 1
infamy 1
inflicted 1
informed 1
informed 1
informed 1
inmost 1
innocence 1
innocence 1
inorganic 1
insane 1
instruments 1
instruments 1
instruments 1
intense 1
interesting 1
interesting 1
interesting 1
interesting 1
interesting 1
interesting 1
interesting 1
interesting 1
interesting 1
interesting 1
interesting 1
interesting 1
into 1
into 1
into 1
into 1
into 1
into 1
into 1
into 1
into 1
into 1
into 1
into 1
into 1
into 1
into 1
into 1
into 1
into 1
into 1
into 1
into 1
into 1
into 1
into 1
into 1
into 1
into 1
into 1
into 1
into 1
into 1
into 1
into 1
into 1
into 1
into 1
into 1
into 1
into 1
into 1
into 1
into 1
into 1
into 1
into 1
into 1
into 1
into 1
into 1
into 1
into 1
into 1
into 1
into 1
into 1
into 1
into 1
into 1
into 1
into 1
into 1
into 1
into 1
into 1
into 1
into 1
into 1
into 1
into 1
into 1
into 1
into 1
into 1
into 1
into 1
into 1
into 1
into 1
into 1
into 1
into 1
into 1
into 1
into 1
into 1
into 1
into 1
into 1
into 1
into 1
into 1
into 1
into 1
into 1
into 1
into 1
into 1
into 1
into 1
into 1
into 1
into 1
into 1
into 1
into 1
into 1
into 1
into 1
into 1
into 1
into 1
into 1
into 1
into 1
into 1
into 1
into 1
into 1
into 1
into 1
into 1
into 1
into 1
into 1
into 1
into 1
into 1
into 1
into 1
into 1
into 1
into 1
into 1
into 1
into 1
into 1
into 1
into 1
into 1
into 1
into 1
into 1
into 1
into 1
into 1
into 1
into 1
into 1
into 1
into 1
into 1
into 1
into 1
into 1
into 1
into 1
into 1
into 1
into 1
investigating 1
jarred 1
jewels 1
jewels 1
jewels 1
journey 1
justification 1
keeper 1
keeper 1
keeper 1
keeper 1
keeper 1
knit 1
lads 1
laid 1
laid 1
laid 1
laid 1
laid 1
laid 1
laid 1
laid 1
laid 1
laid 1
laid 1
lantern 1
lantern 1
lantern 1
lantern 1
largest 1
lashes 1
later 1
later 1
later 1
later 1
later 1
later 1
latter 1
laying 1
lest 1
lest 1
lest 1
likely 1
likely 1
likely 1
likely 1
likes 1
likes 1
likes 1
likes 1
likes 1
linen 1
linen 1
lingered 1
lingered 1
lips 1
lips 1
lips 1
lips 1
lips 1
lips 1
lips 1
lips 1
lips 1
lips 1
lips 1
lips 1
lips 1
lips 1
lips 1
lips 1
lips 1
lips 1
lips 1
lips 1
lips 1
lips 1
lips 1
lips 1
lips 1
lips 1
lips 1
lips 1
lips 1
lips 1
lips 1
lips 1
lips 1
lips 1
lips 1
lips 1
lips 1
lips 1
lips 1
lips 1
lips 1
lips 1
lips 1
lips 1
lips 1
lips 1
lips 1
lips 1
lips 1
lips 1
lips 1
lips 1
lips 1
lips 1
lips 1
lips 1
little 1
little 1
little 1
little 1
little 1
little 1
little 1
little 1
little 1
little 1
little 1
little 1
little 1
little 1
little 1
little 1
little 1
little 1
little 1
little 1
little 1
little 1
little 1
little 1
little 1
little 1
little 1
little 1
little 1
little 1
little 1
little 1
little 1
little 1
little 1
little 1
little 1
little 1
little 1
little 1
little 1
little 1
little 1
little 1
little 1
little 1
little 1
little 1
little 1
little 1
little 1
little 1
little 1
little 1
little 1
little 1
little 1
little 1
little 1
little 1
little 1
little 1
little 1
little 1
little 1
little 1
little 1
little 1
little 1
little 1
little 1
little 1
little 1
little 1
little 1
little 1
little 1
little 1
little 1
little 1
little 1
little 1
little 1
little 1
little 1
little 1
lived 1
lived 1
lived 1
lived 1
lived 1
lived 1
lived 1
lived 1
lived 1
lived 1
lived 1
lived 1
liveried 1
lodging 1
lodging 1
lodging 1
lodging 1
lost 1
lost 1
lost 1
lost 1
lost 1
lost 1
lost 1
lost 1
lost 1
lost 1
lost 1
lost 1
lost 1
lost 1
lost 1
lost 1
lost 1
lots 1
lounged 1
love 1
love 1
love 1
love 1
love 1
love 1
love 1
love 1
love 1
love 1
love 1
love 1
love 1
love 1
love 1
love 1
love 1
love 1
love 1
love 1
love 1
love 1
love 1
love 1
love 1
love 1
love 1
love 1
love 1
love 1
love 1
love 1
love 1
love 1
love 1
love 1
love 1
love 1
love 1
love 1
love 1
love 1
love 1
love 1
love 1
love 1
love 1
love 1
love 1
love 1
love 1
love 1
love 1
love 1
love 1
love 1
love 1
love 1
love 1
love 1
love 1
love 1
love 1
love 1
love 1
love 1
love 1
love 1
love 1
love 1
love 1
love 1
love 1
love 1
love 1
love 1
love 1
love 1
love 1
love 1
love 1
love 1
love 1
love 1
love 1
love 1
love 1
love 1
love 1
love 1
love 1
love 1
love 1
love 1
love 1
love 1
love 1
love 1
love 1
love 1
love 1
love 1
love 1
love 1
love 1
love 1
love 1
love 1
loveliness 1
loveliness 1
loveliness 1
loveliness 1
loveliness 1
loyalty 1
luggage 1
luxe 1
maker 1
maker 1
maker 1
maker 1
mannerly 1
marked 1
marked 1
marked 1
marked 1
marked 1
marked 1
marks 1
marks 1
marriage 1
marriage 1
marriage 1
marriage 1
marriage 1
marriage 1
marriage 1
marriage 1
marriage 1
marriage 1
marriage 1
marriage 1
marriage 1
marriage 1
marriage 1
marriage 1
marriage 1
martyrs 1
matters 1
matters 1
matters 1
matters 1
me 1
me 1
me 1
me 1
me 1
me 1
me 1
me 1
me 1
me 1
me 1
me 1
me 1
me 1
me 1
me 1
me 1
me 1
me 1
me 1
me 1
me 1
me 1
me 1
me 1
me 1
me 1
me 1
me 1
me 1
me 1
me 1
me 1
me 1
me 1
me 1
me 1
me 1
me 1
me 1
me 1
me 1
me 1
me 1
me 1
me 1
me 1
me 1
me 1
me 1
me 1
me 1
me 1
me 1
me 1
me 1
me 1
me 1
me 1
me 1
me 1
me 1
me 1
me 1
me 1
me 1
me 1
me 1
me 1
me 1
me 1
me 1
me 1
me 1
me 1
me 1
me 1
me 1
me 1
me 1
me 1
me 1
me 1
me 1
me 1
me 1
me 1
me 1
me 1
me 1
me 1
me 1
me 1
me 1
me 1
me 1
me 1
me 1
me 1
me 1
me 1
me 1
me 1
me 1
me 1
me 1
me 1
me 1
me 1
me 1
me 1
me 1
me 1
me 1
me 1
me 1
me 1
me 1
me 1
me 1
me 1
me 1
me 1
me 1
me 1
me 1
me 1
me 1
me 1
me 1
me 1
me 1
me 1
me 1
me 1
me 1
me 1
me 1
me 1
me 1
me 1
me 1
me 1
me 1
me 1
me 1
me 1
me 1
me 1
me 1
me 1
me 1
me 1
me 1
me 1
me 1
me 1
me 1
me 1
me 1
me 1
me 1
me 1
me 1
me 1
me 1
me 1
me 1
me 1
me 1
me 1
me 1
me 1
me 1
me 1
me 1
me 1
me 1
me 1
me 1
me 1
me 1
me 1
me 1
me 1
me 1
me 1
me 1
me 1
me 1
me 1
me 1
me 1
me 1
me 1
me 1
me 1
me 1
me 1
me 1
me 1
me 1
me 1
me 1
me 1
me 1
me 1
me 1
me 1
me 1
me 1
me 1
me 1
me 1
me 1
me 1
me 1
me 1
me 1
me 1
me 1
me 1
me 1
me 1
me 1
me 1
me 1
me 1
me 1
me 1
me 1
me 1
me 1
me 1
me 1
me 1
me 1
me 1
me 1
me 1
me 1
me 1
me 1
me 1
me 1
me 1
me 1
me 1
me 1
me 1
me 1
me 1
me 1
me 1
me 1
me 1
me 1
me 1
me 1
me 1
me 1
me 1
me 1
me 1
me 1
me 1
me 1
me 1
me 1
me 1
me 1
me 1
me 1
me 1
me 1
me 1
me 1
me 1
me 1
me 1
me 1
me 1
me 1
me 1
me 1
me 1
me 1
me 1
me 1
me 1
me 1
me 1
me 1
me 1
me 1
me 1
me 1
me 1
me 1
me 1
me 1
me 1
me 1
me 1
me 1
me 1
me 1
me 1
me 1
me 1
me 1
me 1
me 1
me 1
me 1
me 1
me 1
me 1
me 1
me 1
me 1
me 1
me 1
me 1
me 1
me 1
me 1
me 1
me 1
me 1
me 1
me 1
me 1
me 1
me 1
me 1
me 1
me 1
me 1
me 1
me 1
me 1
me 1
me 1
me 1
me 1
me 1
me 1
me 1
me 1
me 1
me 1
me 1
me 1
me 1
me 1
me 1
me 1
me 1
me 1
me 1
me 1
me 1
me 1
me 1
me 1
me 1
me 1
me 1
me 1
me 1
me 1
me 1
me 1
me 1
me 1
me 1
me 1
me 1
me 1
me 1
me 1
me 1
me 1
me 1
me 1
me 1
me 1
me 1
me 1
me 1
me 1
me 1
me 1
me 1
me 1
me 1
me 1
me 1
me 1
me 1
me 1
me 1
me 1
me 1
me 1
me 1
me 1
me 1
me 1
me 1
me 1
me 1
me 1
me 1
me 1
me 1
me 1
me 1
me 1
me 1
me 1
me 1
me 1
me 1
me 1
me 1
me 1
me 1
me 1
me 1
me 1
me 1
me 1
me 1
me 1
me 1
me 1
me 1
me 1
me 1
me 1
me 1
me 1
me 1
me 1
me 1
me 1
me 1
me 1
me 1
me 1
me 1
me 1
me 1
me 1
me 1
me 1
me 1
me 1
me 1
me 1
me 1
me 1
me 1
me 1
me 1
me 1
me 1
me 1
me 1
me 1
me 1
me 1
me 1
me 1
me 1
me 1
me 1
me 1
me 1
me 1
me 1
me 1
me 1
me 1
me 1
me 1
me 1
me 1
me 1
me 1
me 1
me 1
me 1
me 1
me 1
me 1
me 1
me 1
me 1
me 1
me 1
me 1
me 1
me 1
me 1
me 1
me 1
me 1
me 1
me 1
me 1
me 1
me 1
me 1
me 1
me 1
me 1
me 1
me 1
me 1
me 1
means 1
means 1
means 1
means 1
means 1
means 1
means 1
means 1
means 1
means 1
means 1
means 1
means 1
means 1
means 1
means 1
mediocre 1
meets 1
meets 1
meets 1
melancholy 1
melancholy 1
melancholy 1
melancholy 1
melancholy 1
melody 1
mentally 1
midnight 1
midnight 1
midnight 1
midnight 1
midnight 1
mill 1
minion 1
mirrors 1
mirrors 1
mirrors 1
mirrors 1
mirrors 1
mirrors 1
mixture 1
mockery 1
mockery 1
mockery 1
mockery 1
monster 1
monster 1
monster 1
month 1
month 1
month 1
month 1
month 1
month 1
month 1
month 1
month 1
month 1
moods 1
moods 1
moods 1
moods 1
moods 1
moods 1
moods 1
moods 1
morals 1
morals 1
morals 1
morals 1
moss 1
mourned 1
musk 1
musk 1
muttered 1
muttered 1
muttered 1
muttered 1
muttered 1
muttered 1
muttered 1
muttered 1
muttered 1
muttered 1
muttered 1
muttered 1
muttered 1
muttered 1
muttered 1
muttered 1
muttered 1
mystical 1
mystical 1
near 1
near 1
near 1
near 1
neckties 1
need 1
need 1
need 1
need 1
need 1
need 1
newspapers 1
newspapers 1
newspapers 1
northern 1
noses 1
note 1
note 1
note 1
note 1
note 1
note 1
note 1
note 1
note 1
note 1
note 1
note 1
note 1
notepaper 1
nowadays 1
nowadays 1
nowadays 1
nowadays 1
nowadays 1
nowadays 1
nowadays 1
nowadays 1
numerous 1
obligation 1
oblige 1
oblige 1
obliged 1
obliged 1
obliged 1
obliged 1
oblivion 1
occasioned 1
occupied 1
occupied 1
offer 1
offer 1
office 1
office 1
office 1
office 1
office 1
office 1
often 1
often 1
often 1
often 1
often 1
often 1
often 1
often 1
often 1
often 1
often 1
often 1
often 1
often 1
often 1
often 1
often 1
often 1
often 1
often 1
often 1
often 1
often 1
often 1
often 1
often 1
often 1
often 1
often 1
often 1
often 1
often 1
often 1
often 1
often 1
often 1
often 1
oneself 1
open 1
open 1
open 1
open 1
open 1
open 1
open 1
open 1
open 1
open 1
open 1
open 1
open 1
open 1
open 1
open 1
open 1
open 1
opinion 1
opinion 1
opinion 1
opinion 1
opinion 1
orange 1
orange 1
orange 1
orange 1
orchids 1
orchids 1
orchids 1
orchids 1
orchids 1
origin 1
origin 1
origin 1
origin 1
ornament 1
ornament 1
outward 1
own 1
own 1
own 1
own 1
own 1
own 1
own 1
own 1
own 1
own 1
own 1
own 1
own 1
own 1
own 1
own 1
own 1
own 1
own 1
own 1
own 1
own 1
own 1
own 1
own 1
own 1
own 1
own 1
own 1
own 1
own 1
own 1
own 1
own 1
own 1
own 1
own 1
own 1
own 1
own 1
own 1
own 1
own 1
own 1
own 1
own 1
own 1
own 1
own 1
own 1
own 1
own 1
own 1
own 1
own 1
own 1
own 1
own 1
own 1
own 1
own 1
own 1
own 1
own 1
own 1
own 1
own 1
own 1
own 1
own 1
own 1
own 1
own 1
own 1
own 1
own 1
own 1
own 1
own 1
own 1
own 1
own 1
own 1
own 1
own 1
own 1
own 1
own 1
own 1
own 1
own 1
own 1
own 1
own 1
own 1
own 1
own 1
own 1
own 1
own 1
own 1
own 1
own 1
own 1
own 1
own 1
own 1
own 1
own 1
own 1
own 1
own 1
own 1
own 1
own 1
own 1
own 1
own 1
own 1
own 1
own 1
own 1
own 1
own 1
own 1
own 1
own 1
own 1
own 1
own 1
pageant 1
pageant 1
pain 1
pain 1
pain 1
pain 1
pain 1
pain 1
pain 1
pain 1
pain 1
pain 1
pain 1
pain 1
pain 1
pain 1
pain 1
pain 1
pain 1
pain 1
pain 1
pain 1
pain 1
pain 1
pain 1
pain 1
pain 1
pain 1
pain 1
pain 1
pain 1
pain 1
paint 1
paint 1
paint 1
paint 1
paint 1
paint 1
paint 1
paint 1
pair 1
pale 1
pale 1
pale 1
pale 1
pale 1
pale 1
pale 1
pale 1
pale 1
pale 1
pale 1
pale 1
pale 1
pale 1
pale 1
pane 1
paragraph 1
paragraph 1
paragraph 1
paragraph 1
paragraph 1
paragraph 1
paragraph 1
paragraph 1
paragraph 1
paragraph 1
paragraph 1
parted 1
parted 1
parted 1
parted 1
parted 1
parted 1
parted 1
parties 1
parties 1
parties 1
party 1
party 1
party 1
party 1
party 1
party 1
party 1
party 1
passersby 1
past 1
past 1
past 1
past 1
past 1
past 1
past 1
past 1
past 1
past 1
past 1
past 1
past 1
past 1
past 1
past 1
past 1
past 1
past 1
past 1
past 1
past 1
past 1
past 1
past 1
past 1
past 1
past 1
past 1
past 1
past 1
past 1
past 1
past 1
past 1
past 1
past 1
patches 1
paused 1
paused 1
paused 1
paused 1
pavement 1
pavement 1
pavement 1
pavement 1
pavement 1
paven 1
peacock 1
peacock 1
pear 1
pear 1
peculiarly 1
penny 1
performed 1
performed 1
performer 1
perfume 1
perfume 1
perfume 1
perfume 1
perfume 1
perfume 1
peril 1
peril 1
peril 1
peril 1
peril 1
peril 1
peril 1
peril 1
personality 1
personality 1
personality 1
personality 1
personality 1
personality 1
personality 1
personality 1
personality 1
personality 1
personality 1
personality 1
personality 1
personality 1
personality 1
personality 1
perspiration 1
petulantly 1
picture 1
picture 1
picture 1
picture 1
picture 1
picture 1
picture 1
picture 1
picture 1
picture 1
picture 1
picture 1
picture 1
picture 1
picture 1
picture 1
picture 1
picture 1
picture 1
picture 1
picture 1
picture 1
picture 1
picture 1
picture 1
picture 1
picture 1
picture 1
picture 1
picture 1
picture 1
picture 1
picture 1
picture 1
picture 1
picture 1
picture 1
picture 1
picture 1
picture 1
picture 1
picture 1
picture 1
picture 1
picture 1
picture 1
picture 1
picture 1
picture 1
picture 1
picture 1
picture 1
picture 1
picture 1
picture 1
picture 1
picture 1
picture 1
picture 1
picture 1
picture 1
picture 1
picture 1
picture 1
picture 1
picture 1
picture 1
picture 1
picture 1
pile 1
pile 1
pine 1
pine 1
pine 1
pins 1
placing 1
plain 1
plain 1
plain 1
plain 1
plain 1
play 1
play 1
play 1
play 1
play 1
play 1
play 1
play 1
play 1
play 1
play 1
play 1
play 1
play 1
play 1
play 1
play 1
play 1
play 1
play 1
play 1
play 1
play 1
play 1
play 1
play 1
play 1
play 1
play 1
play 1
play 1
play 1
play 1
play 1
play 1
play 1
play 1
play 1
pomegranates 1
pomegranates 1
poppies 1
poppies 1
poppies 1
portraits 1
pray 1
pray 1
prayers 1
precious 1
precision 1
prefiguring 1
presentiment 1
principle 1
principle 1
principle 1
proved 1
proved 1
prow 1
prow 1
psychical 1
publication 1
published 1
puffs 1
punctuality 1
puppet 1
pure 1
pure 1
pure 1
pure 1
pure 1
pure 1
pure 1
pure 1
pure 1
pyramid 1
quotation 1
raiment 1
raiment 1
rain 1
rain 1
rain 1
rapid 1
reached 1
reached 1
reached 1
reached 1
reached 1
reached 1
reached 1
reached 1
reached 1
reached 1
reached 1
reached 1
reached 1
reached 1
realization 1
realization 1
realized 1
realized 1
realized 1
realized 1
reappear 1
rechristened 1
recognized 1
recognized 1
recognized 1
recognized 1
redistribute 1
reflected 1
refund 1
refund 1
refund 1
refund 1
refund 1
refund 1
refund 1
refund 1
refused 1
refused 1
regarded 1
regarded 1
regulating 1
relationship 1
reliable 1
remaining 1
remaining 1
remaining 1
removed 1
removed 1
renamed 1
renewed 1
reply 1
reply 1
report 1
represent 1
represent 1
represent 1
represent 1
representations 1
representations 1
requirements 1
requirements 1
requirements 1
requirements 1
return 1
return 1
return 1
return 1
return 1
return 1
return 1
return 1
return 1
returning 1
revealed 1
revealed 1
revealed 1
revealed 1
revealed 1
revealed 1
revealed 1
revealed 1
revealed 1
revealed 1
revealed 1
revealed 1
rewrite 1
ribbed 1
rich 1
rich 1
rich 1
rich 1
rich 1
rich 1
rich 1
rich 1
rich 1
rich 1
rich 1
rich 1
rich 1
rich 1
ridden 1
ride 1
ride 1
ripening 1
ripple 1
romanticists 1
roof 1
roof 1
rope 1
row 1
ruby 1
ruby 1
rugged 1
rushing 1
rushing 1
sacrifices 1
sad 1
sad 1
sad 1
sad 1
sad 1
sad 1
sad 1
sad 1
sad 1
sad 1
sails 1
sails 1
sake 1
sake 1
sake 1
sake 1
sake 1
sake 1
sake 1
satins 1
scale 1
scandal 1
scandal 1
scandal 1
scandal 1
scandal 1
scandal 1
scandal 1
scandal 1
scented 1
scented 1
scented 1
scented 1
scented 1
school 1
school 1
school 1
second 1
second 1
second 1
second 1
second 1
second 1
second 1
second 1
second 1
second 1
second 1
second 1
seeking 1
seeking 1
seeking 1
sees 1
sees 1
sees 1
sees 1
sensitive 1
sentences 1
serpents 1
set 1
set 1
set 1
set 1
set 1
set 1
set 1
set 1
set 1
set 1
set 1
set 1
set 1
set 1
set 1
set 1
set 1
set 1
set 1
set 1
set 1
set 1
set 1
set 1
set 1
set 1
set 1
set 1
set 1
set 1
set 1
shadow 1
shadow 1
shadow 1
shadow 1
shadow 1
shadow 1
shadow 1
shadow 1
shadow 1
shadow 1
sharp 1
sharp 1
she 1
she 1
she 1
she 1
she 1
she 1
she 1
she 1
she 1
she 1
she 1
she 1
she 1
she 1
she 1
she 1
she 1
she 1
she 1
she 1
she 1
she 1
she 1
she 1
she 1
she 1
she 1
she 1
she 1
she 1
she 1
she 1
she 1
she 1
she 1
she 1
she 1
she 1
she 1
she 1
she 1
she 1
she 1
she 1
she 1
she 1
she 1
she 1
she 1
she 1
she 1
she 1
she 1
she 1
she 1
she 1
she 1
she 1
she 1
she 1
she 1
she 1
she 1
she 1
she 1
she 1
she 1
she 1
she 1
she 1
she 1
she 1
she 1
she 1
she 1
she 1
she 1
she 1
she 1
she 1
she 1
she 1
she 1
she 1
she 1
she 1
she 1
she 1
she 1
she 1
she 1
she 1
she 1
she 1
she 1
she 1
she 1
she 1
she 1
she 1
she 1
she 1
she 1
she 1
she 1
she 1
she 1
she 1
she 1
she 1
she 1
she 1
she 1
she 1
she 1
she 1
she 1
she 1
she 1
she 1
she 1
she 1
she 1
she 1
she 1
she 1
she 1
she 1
she 1
she 1
she 1
she 1
she 1
she 1
she 1
she 1
she 1
she 1
she 1
she 1
she 1
she 1
she 1
she 1
she 1
she 1
she 1
she 1
she 1
she 1
she 1
she 1
she 1
she 1
she 1
she 1
she 1
she 1
she 1
she 1
she 1
she 1
she 1
she 1
she 1
she 1
she 1
she 1
she 1
she 1
she 1
she 1
she 1
she 1
she 1
she 1
she 1
she 1
she 1
she 1
she 1
she 1
she 1
she 1
she 1
she 1
she 1
she 1
she 1
she 1
she 1
she 1
she 1
she 1
she 1
she 1
she 1
she 1
she 1
she 1
she 1
she 1
she 1
she 1
she 1
she 1
she 1
she 1
she 1
she 1
she 1
she 1
she 1
she 1
she 1
she 1
she 1
she 1
she 1
she 1
she 1
she 1
she 1
she 1
she 1
she 1
she 1
she 1
she 1
she 1
she 1
she 1
she 1
she 1
she 1
she 1
she 1
she 1
she 1
she 1
she 1
she 1
she 1
she 1
she 1
she 1
she 1
she 1
she 1
she 1
she 1
she 1
she 1
she 1
she 1
she 1
she 1
she 1
she 1
she 1
she 1
she 1
she 1
she 1
she 1
she 1
she 1
she 1
she 1
she 1
she 1
she 1
she 1
shelves 1
shelves 1
shoots 1
shop 1
shop 1
shop 1
shoulder 1
shoulder 1
shoulder 1
shoulder 1
shoulder 1
shoulder 1
shoulder 1
shoulder 1
shrill 1
shrill 1
shrill 1
shrill 1
shrill 1
shrill 1
shrill 1
shrill 1
shuddered 1
shuddered 1
shuddered 1
shuddered 1
shuddered 1
shuddered 1
shutting 1
shutting 1
shutting 1
shutting 1
shutting 1
shy 1
shy 1
shy 1
shy 1
shy 1
shy 1
sides 1
sides 1
signed 1
signs 1
signs 1
signs 1
signs 1
signs 1
silhouetted 1
simple 1
simple 1
simple 1
simple 1
simple 1
simple 1
simple 1
simple 1
simply 1
simply 1
simply 1
simply 1
simply 1
simply 1
simply 1
simply 1
simply 1
simply 1
simply 1
simply 1
simply 1
simply 1
simply 1
simply 1
simply 1
simply 1
simply 1
simply 1
simply 1
simply 1
simply 1
simply 1
simply 1
simply 1
simply 1
simply 1
simply 1
simply 1
simply 1
simply 1
simply 1
simply 1
simply 1
simply 1
simply 1
simply 1
simply 1
simply 1
singly 1
sipping 1
sipping 1
sipping 1
sipping 1
sit 1
sit 1
sit 1
sit 1
sit 1
sit 1
sit 1
sit 1
sit 1
sit 1
sit 1
sit 1
sit 1
sit 1
sit 1
sit 1
sit 1
sit 1
sit 1
sit 1
sit 1
sit 1
sit 1
sit 1
slaves 1
slaves 1
sleeve 1
slights 1
slowly 1
slowly 1
slowly 1
slowly 1
slowly 1
slowly 1
slowly 1
slowly 1
slowly 1
slowly 1
slowly 1
slowly 1
slowly 1
slowly 1
slowly 1
slowly 1
slowly 1
slowly 1
smile 1
smile 1
smile 1
smile 1
smile 1
smile 1
smile 1
smile 1
smile 1
smile 1
smile 1
smile 1
smile 1
smile 1
smile 1
smile 1
smile 1
smile 1
smile 1
smile 1
smile 1
smile 1
smile 1
smile 1
snake 1
snap 1
sneered 1
sneered 1
sneered 1
society 1
society 1
society 1
society 1
society 1
society 1
society 1
society 1
society 1
society 1
society 1
society 1
society 1
society 1
sojourn 1
solicitation 1
somehow 1
somehow 1
sores 1
sounds 1
sounds 1
spasm 1
splinters 1
spoken 1
spoken 1
spoken 1
spoken 1
spoken 1
spoken 1
spoken 1
stamped 1
stamped 1
stamped 1
stamped 1
statue 1
statue 1
stayed 1
stayed 1
steals 1
stealthy 1
stealthy 1
steaming 1
steeplechase 1
stir 1
stir 1
stir 1
stir 1
stir 1
stir 1
stir 1
stir 1
stir 1
stirring 1
stirring 1
stirring 1
stirring 1
stones 1
stones 1
stones 1
stones 1
stones 1
stones 1
stop 1
stop 1
stop 1
stop 1
strides 1
stroke 1
stronger 1
stronger 1
struggling 1
styles 1
subtleties 1
suggest 1
suggest 1
suggest 1
suicide 1
suicide 1
suicide 1
suicide 1
suited 1
suited 1
sulky 1
sulky 1
sulky 1
sun 1
sun 1
sun 1
supports 1
sur 1
surely 1
surely 1
surely 1
surely 1
surrender 1
surrender 1
survival 1
survival 1
survived 1
swamp 1
swear 1
swear 1
swear 1
symbolize 1
t 1
t 1
t 1
t 1
t 1
t 1
t 1
t 1
t 1
t 1
t 1
t 1
t 1
t 1
t 1
t 1
t 1
t 1
t 1
t 1
t 1
t 1
t 1
t 1
t 1
t 1
t 1
t 1
t 1
t 1
t 1
t 1
t 1
t 1
t 1
t 1
t 1
t 1
t 1
t 1
t 1
t 1
t 1
t 1
t 1
t 1
t 1
t 1
t 1
t 1
t 1
t 1
t 1
t 1
t 1
t 1
t 1
t 1
t 1
t 1
t 1
t 1
t 1
t 1
t 1
t 1
t 1
t 1
t 1
t 1
t 1
t 1
t 1
t 1
t 1
t 1
t 1
t 1
t 1
t 1
t 1
t 1
t 1
t 1
t 1
t 1
t 1
t 1
t 1
t 1
t 1
t 1
t 1
t 1
t 1
t 1
t 1
t 1
t 1
t 1
t 1
t 1
t 1
t 1
t 1
t 1
t 1
t 1
t 1
t 1
t 1
t 1
t 1
t 1
t 1
t 1
t 1
t 1
t 1
t 1
t 1
t 1
t 1
t 1
t 1
t 1
t 1
t 1
t 1
t 1
t 1
t 1
t 1
t 1
t 1
t 1
t 1
t 1
t 1
t 1
t 1
t 1
t 1
t 1
t 1
t 1
t 1
t 1
t 1
t 1
t 1
t 1
t 1
t 1
t 1
t 1
t 1
t 1
t 1
t 1
t 1
t 1
t 1
t 1
t 1
t 1
t 1
t 1
t 1
t 1
t 1
t 1
t 1
t 1
t 1
t 1
t 1
t 1
t 1
t 1
t 1
t 1
t 1
t 1
t 1
t 1
t 1
t 1
t 1
t 1
t 1
t 1
t 1
t 1
t 1
t 1
t 1
t 1
t 1
t 1
t 1
t 1
t 1
t 1
t 1
t 1
t 1
t 1
t 1
t 1
t 1
t 1
t 1
t 1
t 1
t 1
t 1
t 1
t 1
t 1
t 1
t 1
t 1
t 1
t 1
t 1
t 1
t 1
t 1
t 1
t 1
t 1
t 1
t 1
t 1
t 1
t 1
t 1
t 1
t 1
t 1
t 1
t 1
t 1
t 1
t 1
t 1
t 1
t 1
t 1
t 1
t 1
t 1
t 1
t 1
t 1
t 1
t 1
t 1
t 1
t 1
t 1
t 1
t 1
t 1
t 1
t 1
t 1
t 1
t 1
t 1
t 1
t 1
t 1
t 1
t 1
t 1
t 1
t 1
t 1
t 1
t 1
t 1
t 1
t 1
t 1
t 1
t 1
t 1
t 1
t 1
t 1
t 1
t 1
t 1
t 1
t 1
t 1
t 1
t 1
t 1
t 1
t 1
t 1
t 1
t 1
t 1
t 1
t 1
t 1
t 1
t 1
t 1
t 1
t 1
t 1
t 1
t 1
t 1
t 1
t 1
t 1
t 1
t 1
t 1
t 1
t 1
t 1
t 1
t 1
t 1
t 1
t 1
t 1
t 1
t 1
t 1
t 1
t 1
t 1
t 1
t 1
t 1
t 1
t 1
t 1
t 1
t 1
t 1
t 1
t 1
t 1
t 1
t 1
t 1
t 1
t 1
t 1
t 1
t 1
t 1
t 1
t 1
t 1
t 1
t 1
t 1
t 1
t 1
t 1
t 1
t 1
t 1
t 1
t 1
t 1
t 1
t 1
t 1
t 1
t 1
t 1
t 1
t 1
t 1
t 1
t 1
t 1
t 1
t 1
t 1
t 1
t 1
t 1
t 1
t 1
t 1
t 1
t 1
t 1
t 1
t 1
t 1
t 1
t 1
t 1
t 1
t 1
t 1
t 1
t 1
t 1
t 1
t 1
t 1
t 1
t 1
t 1
tabooed 1
tail 1
tail 1
taint 1
talking 1
talking 1
talking 1
talking 1
talking 1
talking 1
talking 1
talking 1
talking 1
talking 1
talking 1
talking 1
talking 1
talking 1
talking 1
talking 1
tampered 1
taper 1
tapestry 1
tapestry 1
tapestry 1
tastes 1
tea 1
tea 1
tea 1
tea 1
tea 1
tea 1
tea 1
tea 1
tea 1
tea 1
tea 1
tea 1
tea 1
tea 1
tea 1
tea 1
tea 1
tea 1
tediously 1
thee 1
they 1
they 1
they 1
they 1
they 1
they 1
they 1
they 1
they 1
they 1
they 1
they 1
they 1
they 1
they 1
they 1
they 1
they 1
they 1
they 1
they 1
they 1
they 1
they 1
they 1
they 1
they 1
they 1
they 1
they 1
they 1
they 1
they 1
they 1
they 1
they 1
they 1
they 1
they 1
they 1
they 1
they 1
they 1
they 1
they 1
they 1
they 1
they 1
they 1
they 1
they 1
they 1
they 1
they 1
they 1
they 1
they 1
they 1
they 1
they 1
they 1
they 1
they 1
they 1
they 1
they 1
they 1
they 1
they 1
they 1
they 1
they 1
they 1
they 1
they 1
they 1
they 1
they 1
they 1
they 1
they 1
they 1
they 1
they 1
they 1
they 1
they 1
they 1
they 1
they 1
they 1
they 1
they 1
they 1
they 1
they 1
they 1
they 1
they 1
they 1
they 1
they 1
they 1
they 1
they 1
they 1
they 1
they 1
they 1
they 1
they 1
they 1
they 1
they 1
they 1
they 1
they 1
they 1
they 1
they 1
they 1
they 1
they 1
they 1
they 1
they 1
they 1
they 1
they 1
they 1
they 1
they 1
they 1
they 1
they 1
they 1
they 1
they 1
they 1
they 1
they 1
they 1
they 1
they 1
they 1
they 1
they 1
they 1
they 1
they 1
they 1
they 1
they 1
they 1
they 1
they 1
they 1
they 1
they 1
they 1
they 1
they 1
they 1
they 1
they 1
they 1
they 1
they 1
they 1
they 1
they 1
they 1
they 1
they 1
they 1
they 1
they 1
they 1
they 1
they 1
they 1
they 1
they 1
they 1
they 1
they 1
they 1
they 1
they 1
they 1
they 1
they 1
thinking 1
thinking 1
thinking 1
thinking 1
thinking 1
thinking 1
thinking 1
thinking 1
thinking 1
thinking 1
thirty 1
thirty 1
thirty 1
thirty 1
thirty 1
thirty 1
thirty 1
thirty 1
thirty 1
thou 1
thrush 1
thrush 1
tiaras 1
tie 1
tightened 1
tire 1
tire 1
tire 1
toe 1
together 1
together 1
together 1
together 1
together 1
together 1
together 1
together 1
together 1
together 1
together 1
together 1
together 1
together 1
together 1
together 1
together 1
together 1
together 1
together 1
together 1
together 1
together 1
together 1
tomb 1
tomb 1
toned 1
toned 1
too 1
too 1
too 1
too 1
too 1
too 1
too 1
too 1
too 1
too 1
too 1
too 1
too 1
too 1
too 1
too 1
too 1
too 1
too 1
too 1
too 1
too 1
too 1
too 1
too 1
too 1
too 1
too 1
too 1
too 1
too 1
too 1
too 1
too 1
too 1
too 1
too 1
too 1
too 1
too 1
too 1
too 1
too 1
too 1
too 1
too 1
too 1
too 1
too 1
too 1
too 1
too 1
too 1
too 1
too 1
too 1
too 1
too 1
too 1
too 1
too 1
too 1
too 1
too 1
too 1
too 1
too 1
too 1
too 1
too 1
too 1
too 1
too 1
too 1
too 1
too 1
too 1
too 1
too 1
too 1
too 1
too 1
too 1
too 1
too 1
too 1
too 1
too 1
too 1
too 1
too 1
too 1
too 1
too 1
too 1
too 1
too 1
too 1
too 1
too 1
too 1
tout 1
town 1
town 1
town 1
town 1
town 1
town 1
town 1
town 1
town 1
town 1
town 1
trade 1
trade 1
translate 1
tray 1
tray 1
tray 1
tray 1
tray 1
tremulous 1
tremulous 1
tremulous 1
tremulous 1
tremulous 1
tremulous 1
tremulous 1
tremulous 1
triumphs 1
triumphs 1
triumphs 1
turned 1
turned 1
turned 1
turned 1
turned 1
turned 1
turned 1
turned 1
turned 1
turned 1
turned 1
turned 1
turned 1
turned 1
turned 1
turned 1
turned 1
turned 1
turned 1
turned 1
turned 1
turned 1
turned 1
turned 1
turned 1
turned 1
turned 1
turned 1
turned 1
turned 1
turned 1
turned 1
turned 1
turned 1
turned 1
turned 1
turned 1
turned 1
turned 1
turned 1
turned 1
turned 1
turned 1
turned 1
turned 1
turned 1
turned 1
turned 1
turned 1
turned 1
turned 1
turned 1
turned 1
turned 1
tussock 1
ugliness 1
ugliness 1
ugliness 1
ultimately 1
ultimately 1
uncertainty 1
underrate 1
unheeded 1
us 1
us 1
us 1
us 1
us 1
us 1
us 1
us 1
us 1
us 1
us 1
us 1
us 1
us 1
us 1
us 1
us 1
us 1
us 1
us 1
us 1
us 1
us 1
us 1
us 1
us 1
us 1
us 1
us 1
us 1
us 1
us 1
us 1
us 1
us 1
us 1
us 1
us 1
us 1
us 1
us 1
us 1
us 1
us 1
us 1
us 1
us 1
us 1
us 1
us 1
us 1
us 1
us 1
us 1
us 1
us 1
us 1
us 1
us 1
us 1
us 1
us 1
us 1
us 1
us 1
us 1
us 1
us 1
us 1
us 1
us 1
us 1
us 1
us 1
us 1
us 1
us 1
us 1
us 1
us 1
us 1
us 1
us 1
us 1
us 1
us 1
us 1
us 1
us 1
us 1
us 1
us 1
us 1
us 1
us 1
us 1
us 1
us 1
us 1
us 1
us 1
us 1
us 1
us 1
us 1
us 1
us 1
us 1
us 1
us 1
us 1
us 1
us 1
us 1
us 1
us 1
us 1
us 1
us 1
us 1
us 1
us 1
useful 1
useful 1
useful 1
useful 1
useful 1
ushered 1
utter 1
vegetables 1
vein 1
vermouth 1
vicious 1
victories 1
vile 1
vile 1
vile 1
vile 1
vinegar 1
visited 1
vivid 1
vivid 1
vivid 1
vivid 1
vivid 1
vivid 1
vivid 1
waggons 1
wainscoting 1
wainscoting 1
wainscoting 1
waiter 1
waiter 1
wake 1
wake 1
wake 1
wake 1
wake 1
wake 1
wakening 1
walked 1
walked 1
walked 1
walked 1
walked 1
walked 1
walked 1
walked 1
walked 1
walked 1
walked 1
walked 1
walked 1
walked 1
walked 1
walked 1
walked 1
walked 1
walked 1
walked 1
walked 1
walked 1
walked 1
walked 1
waning 1
want 1
want 1
want 1
want 1
want 1
want 1
want 1
want 1
want 1
want 1
want 1
want 1
want 1
want 1
want 1
want 1
want 1
want 1
want 1
want 1
want 1
want 1
want 1
want 1
want 1
want 1
want 1
want 1
want 1
want 1
want 1
want 1
want 1
want 1
want 1
want 1
want 1
want 1
want 1
want 1
want 1
want 1
want 1
want 1
want 1
want 1
want 1
want 1
want 1
want 1
want 1
want 1
want 1
want 1
want 1
want 1
want 1
want 1
want 1
want 1
want 1
want 1
want 1
want 1
want 1
want 1
want 1
want 1
want 1
want 1
want 1
want 1
want 1
want 1
want 1
want 1
want 1
want 1
want 1
want 1
want 1
want 1
want 1
want 1
want 1
want 1
want 1
want 1
want 1
want 1
want 1
want 1
want 1
want 1
want 1
want 1
want 1
want 1
want 1
want 1
want 1
want 1
want 1
want 1
want 1
wardrobe 1
warmly 1
weak 1
weak 1
wearisome 1
wearisome 1
wedged 1
wept 1
wept 1
when 1
when 1
when 1
when 1
when 1
when 1
when 1
when 1
when 1
when 1
when 1
when 1
when 1
when 1
when 1
when 1
when 1
when 1
when 1
when 1
when 1
when 1
when 1
when 1
when 1
when 1
when 1
when 1
when 1
when 1
when 1
when 1
when 1
when 1
when 1
when 1
when 1
when 1
when 1
when 1
when 1
when 1
when 1
when 1
when 1
when 1
when 1
when 1
when 1
when 1
when 1
when 1
when 1
when 1
when 1
when 1
when 1
when 1
when 1
when 1
when 1
when 1
when 1
when 1
when 1
when 1
when 1
when 1
when 1
when 1
when 1
when 1
when 1
when 1
when 1
when 1
when 1
when 1
when 1
when 1
when 1
when 1
when 1
when 1
when 1
when 1
when 1
when 1
when 1
when 1
when 1
when 1
when 1
when 1
when 1
when 1
when 1
when 1
when 1
when 1
when 1
when 1
when 1
when 1
when 1
when 1
when 1
when 1
when 1
when 1
when 1
when 1
when 1
when 1
when 1
when 1
when 1
when 1
when 1
when 1
when 1
when 1
when 1
when 1
when 1
when 1
when 1
when 1
when 1
when 1
when 1
when 1
when 1
when 1
when 1
when 1
when 1
when 1
when 1
when 1
whimper 1
whims 1
whisper 1
whisper 1
whisper 1
whisper 1
whisper 1
whiteness 1
why 1
why 1
why 1
why 1
why 1
why 1
why 1
why 1
why 1
why 1
why 1
why 1
why 1
why 1
why 1
why 1
why 1
why 1
why 1
why 1
why 1
why 1
why 1
why 1
why 1
why 1
why 1
why 1
why 1
why 1
why 1
winced 1
winced 1
winced 1
winced 1
winced 1
winced 1
winsome 1
wirelike 1
wives 1
woman 1
woman 1
woman 1
woman 1
woman 1
woman 1
woman 1
woman 1
woman 1
woman 1
woman 1
woman 1
woman 1
woman 1
woman 1
woman 1
woman 1
woman 1
woman 1
woman 1
woman 1
woman 1
woman 1
woman 1
woman 1
woman 1
woman 1
woman 1
woman 1
woman 1
woman 1
woman 1
woman 1
woman 1
woman 1
woman 1
woman 1
woman 1
woman 1
woman 1
woman 1
woman 1
woman 1
woods 1
word 1
word 1
word 1
word 1
word 1
word 1
word 1
word 1
word 1
word 1
word 1
word 1
word 1
word 1
word 1
word 1
word 1
word 1
word 1
word 1
word 1
word 1
word 1
word 1
word 1
worn 1
worn 1
worn 1
worn 1
worn 1
worn 1
worn 1
worn 1
wounds 1
wreck 1
yellow 1
yellow 1
yellow 1
yellow 1
yellow 1
yellow 1
yellow 1
yellow 1
yellow 1
yellow 1
yellow 1
yellow 1
yellow 1
yellow 1
yellow 1
yellow 1
yellow 1
yellow 1
yellow 1
yellow 1
yellow 1
zele 1
