Adam 1
Adam 1
Adam 1
Anguish 1
Asiatics 1
Austria 1
Austrian 1
BE 1
BE 1
BE 1
BE 1
BE 1
Blasted 1
By 1
By 1
By 1
By 1
By 1
By 1
By 1
By 1
By 1
By 1
By 1
By 1
By 1
By 1
By 1
By 1
By 1
C 1
C 1
Christianity 1
Clerval 1
Clerval 1
Clerval 1
Clerval 1
Clerval 1
Clerval 1
Clerval 1
Clerval 1
Clerval 1
Clerval 1
Clerval 1
Clerval 1
Clerval 1
Clerval 1
Clerval 1
Clerval 1
Clerval 1
Clerval 1
Clerval 1
Clerval 1
Clerval 1
Clerval 1
Clerval 1
Clerval 1
Clerval 1
Clerval 1
Clerval 1
Clerval 1
Clerval 1
Clerval 1
Clerval 1
Clerval 1
Clerval 1
Clerval 1
Clerval 1
Clerval 1
Clerval 1
Clerval 1
Clerval 1
Clerval 1
Clerval 1
Clerval 1
Clerval 1
Clerval 1
Clerval 1
Clerval 1
Clerval 1
Clerval 1
Clerval 1
Clerval 1
Clerval 1
Clerval 1
Clerval 1
Clerval 1
Clerval 1
Clerval 1
Clerval 1
Clerval 1
Clerval 1
Copyright 1
Cumberland 1
Cumberland 1
Cumberland 1
Curiosity 1
Daniel 1
Daniel 1
Daniel 1
Deprived 1
Did 1
Did 1
Did 1
Did 1
Esq 1
Except 1
Except 1
FOUNDATION 1
FULL 1
FULL 1
Follow 1
GIVE 1
Germans 1
Germany 1
Germany 1
Germany 1
HE 1
HE 1
HTML 1
HTML 1
Had 1
Had 1
Half 1
Hampden 1
Hanninen 1
Hanninen 1
Homer 1
Hypocritical 1
IF 1
INCIDENTAL 1
INDEMNITY 1
Idleness 1
Inspirited 1
Irish 1
Irish 1
Isaac 1
Juras 1
Know 1
Liberty 1
Mannheim 1
Mansfield 1
Melan 1
Mine 1
Mole 1
NOT 1
NOT 1
Neither 1
Newton 1
OWNER 1
Omnipotence 1
Once 1
Once 1
Once 1
Once 1
Once 1
PROVIDED 1
Pacific 1
Perhaps 1
Polluted 1
Professor 1
Professor 1
Pursuing 1
Remorse 1
Ruins 1
SUCH 1
Seat 1
Solon 1
South 1
Special 1
St 1
St 1
St 1
St 1
St 1
Summer 1
Tell 1
Tell 1
Through 1
Through 1
Through 1
U 1
U 1
U 1
Unable 1
United 1
United 1
United 1
United 1
United 1
United 1
United 1
United 1
United 1
United 1
Urged 1
Urged 1
Urged 1
Vanilla 1
Vanilla 1
Vicar 1
Villain 1
Volney 1
Walton 1
Walton 1
Walton 1
Walton 1
Walton 1
Walton 1
Walton 1
Walton 1
Wealth 1
Werter 1
Werter 1
Werter 1
Werter 1
Werter 1
Wollstonecraft 1
Wollstonecraft 1
Wollstonecraft 1
Wollstonecraft 1
Would 1
Write 1
Yes 1
Yes 1
Yes 1
Yes 1
Yes 1
a 1
a 1
a 1
a 1
a 1
a 1
a 1
a 1
a 1
a 1
a 1
a 1
a 1
a 1
a 1
a 1
a 1
a 1
a 1
a 1
a 1
a 1
a 1
a 1
a 1
a 1
a 1
a 1
a 1
a 1
a 1
a 1
a 1
a 1
a 1
a 1
a 1
a 1
a 1
a 1
a 1
a 1
a 1
a 1
a 1
a 1
a 1
a 1
a 1
a 1
a 1
a 1
a 1
a 1
a 1
a 1
a 1
a 1
a 1
a 1
a 1
a 1
a 1
a 1
a 1
a 1
a 1
a 1
a 1
a 1
a 1
a 1
a 1
a 1
a 1
a 1
a 1
a 1
a 1
a 1
a 1
a 1
a 1
a 1
a 1
a 1
a 1
a 1
a 1
a 1
a 1
a 1
a 1
a 1
a 1
a 1
a 1
a 1
a 1
a 1
a 1
a 1
a 1
a 1
a 1
a 1
a 1
a 1
a 1
a 1
a 1
a 1
a 1
a 1
a 1
a 1
a 1
a 1
a 1
a 1
a 1
a 1
a 1
a 1
a 1
a 1
a 1
a 1
a 1
a 1
a 1
a 1
a 1
a 1
a 1
a 1
a 1
a 1
a 1
a 1
a 1
a 1
a 1
a 1
a 1
a 1
a 1
a 1
a 1
a 1
a 1
a 1
a 1
a 1
a 1
a 1
a 1
a 1
a 1
a 1
a 1
a 1
a 1
a 1
a 1
a 1
a 1
a 1
a 1
a 1
a 1
a 1
a 1
a 1
a 1
a 1
a 1
a 1
a 1
a 1
a 1
a 1
a 1
a 1
a 1
a 1
a 1
a 1
a 1
a 1
a 1
a 1
a 1
a 1
a 1
a 1
a 1
a 1
a 1
a 1
a 1
a 1
a 1
a 1
a 1
a 1
a 1
a 1
a 1
a 1
a 1
a 1
a 1
a 1
a 1
a 1
a 1
a 1
a 1
a 1
a 1
a 1
a 1
a 1
a 1
a 1
a 1
a 1
a 1
a 1
a 1
a 1
a 1
a 1
a 1
a 1
a 1
a 1
a 1
a 1
a 1
a 1
a 1
a 1
a 1
a 1
a 1
a 1
a 1
a 1
a 1
a 1
a 1
a 1
a 1
a 1
a 1
a 1
a 1
a 1
a 1
a 1
a 1
a 1
a 1
a 1
a 1
a 1
a 1
a 1
a 1
a 1
a 1
a 1
a 1
a 1
a 1
a 1
a 1
a 1
a 1
a 1
a 1
a 1
a 1
a 1
a 1
a 1
a 1
a 1
a 1
a 1
a 1
a 1
a 1
a 1
a 1
a 1
a 1
a 1
a 1
a 1
a 1
a 1
a 1
a 1
a 1
a 1
a 1
a 1
a 1
a 1
a 1
a 1
a 1
a 1
a 1
a 1
a 1
a 1
a 1
a 1
a 1
a 1
a 1
a 1
a 1
a 1
a 1
a 1
a 1
a 1
a 1
a 1
a 1
a 1
a 1
a 1
a 1
a 1
a 1
a 1
a 1
a 1
a 1
a 1
a 1
a 1
a 1
a 1
a 1
a 1
a 1
a 1
a 1
a 1
a 1
a 1
a 1
a 1
a 1
a 1
a 1
a 1
a 1
a 1
a 1
a 1
a 1
a 1
a 1
a 1
a 1
a 1
a 1
a 1
a 1
a 1
a 1
a 1
a 1
a 1
a 1
a 1
a 1
a 1
a 1
a 1
a 1
a 1
a 1
a 1
a 1
a 1
a 1
a 1
a 1
a 1
a 1
a 1
a 1
a 1
a 1
a 1
a 1
a 1
a 1
a 1
a 1
a 1
a 1
a 1
a 1
a 1
a 1
a 1
a 1
a 1
a 1
a 1
a 1
a 1
a 1
a 1
a 1
a 1
a 1
a 1
a 1
a 1
a 1
a 1
a 1
a 1
a 1
a 1
a 1
a 1
a 1
a 1
a 1
a 1
a 1
a 1
a 1
a 1
a 1
a 1
a 1
a 1
a 1
a 1
a 1
a 1
a 1
a 1
a 1
a 1
a 1
a 1
a 1
a 1
a 1
a 1
a 1
a 1
a 1
a 1
a 1
a 1
a 1
a 1
a 1
a 1
a 1
a 1
a 1
a 1
a 1
a 1
a 1
a 1
a 1
a 1
a 1
a 1
a 1
a 1
a 1
a 1
a 1
a 1
a 1
a 1
a 1
a 1
a 1
a 1
a 1
a 1
a 1
a 1
a 1
a 1
a 1
a 1
a 1
a 1
a 1
a 1
a 1
a 1
a 1
a 1
a 1
a 1
a 1
a 1
a 1
a 1
a 1
a 1
a 1
a 1
a 1
a 1
a 1
a 1
a 1
a 1
a 1
a 1
a 1
a 1
a 1
a 1
a 1
a 1
a 1
a 1
a 1
a 1
a 1
a 1
a 1
a 1
a 1
a 1
a 1
a 1
a 1
a 1
a 1
a 1
a 1
a 1
a 1
a 1
a 1
a 1
a 1
a 1
a 1
a 1
a 1
a 1
a 1
a 1
a 1
a 1
a 1
a 1
a 1
a 1
a 1
a 1
a 1
a 1
a 1
a 1
a 1
a 1
a 1
a 1
a 1
a 1
a 1
a 1
a 1
a 1
a 1
a 1
a 1
a 1
a 1
a 1
a 1
a 1
a 1
a 1
a 1
a 1
a 1
a 1
a 1
a 1
a 1
a 1
a 1
a 1
a 1
a 1
a 1
a 1
a 1
a 1
a 1
a 1
a 1
a 1
a 1
a 1
a 1
a 1
a 1
a 1
a 1
a 1
a 1
a 1
a 1
a 1
a 1
a 1
a 1
a 1
a 1
a 1
a 1
a 1
a 1
a 1
a 1
a 1
a 1
a 1
a 1
a 1
a 1
a 1
a 1
a 1
a 1
a 1
a 1
a 1
a 1
a 1
a 1
a 1
a 1
a 1
a 1
a 1
a 1
a 1
a 1
a 1
a 1
a 1
a 1
a 1
a 1
a 1
a 1
a 1
a 1
a 1
a 1
a 1
a 1
a 1
a 1
a 1
a 1
a 1
a 1
a 1
a 1
a 1
a 1
a 1
a 1
a 1
a 1
a 1
a 1
a 1
a 1
a 1
a 1
a 1
a 1
a 1
a 1
a 1
a 1
a 1
a 1
a 1
a 1
a 1
a 1
a 1
a 1
a 1
a 1
a 1
a 1
a 1
a 1
a 1
a 1
a 1
a 1
a 1
a 1
a 1
a 1
a 1
a 1
a 1
a 1
a 1
a 1
a 1
a 1
a 1
a 1
a 1
a 1
a 1
a 1
a 1
a 1
a 1
a 1
a 1
a 1
a 1
a 1
a 1
a 1
a 1
a 1
a 1
a 1
a 1
a 1
a 1
a 1
a 1
a 1
a 1
a 1
a 1
a 1
a 1
a 1
a 1
a 1
a 1
a 1
a 1
a 1
a 1
a 1
a 1
a 1
a 1
a 1
a 1
a 1
a 1
a 1
a 1
a 1
a 1
a 1
a 1
a 1
a 1
a 1
a 1
a 1
a 1
a 1
a 1
a 1
a 1
a 1
a 1
a 1
a 1
a 1
a 1
a 1
a 1
a 1
a 1
a 1
a 1
a 1
a 1
a 1
a 1
a 1
a 1
a 1
a 1
a 1
a 1
a 1
a 1
a 1
a 1
a 1
a 1
a 1
a 1
a 1
a 1
a 1
a 1
a 1
a 1
a 1
a 1
a 1
a 1
a 1
a 1
a 1
a 1
a 1
a 1
a 1
a 1
a 1
a 1
a 1
a 1
a 1
a 1
a 1
a 1
a 1
a 1
a 1
a 1
a 1
a 1
a 1
a 1
a 1
a 1
a 1
a 1
a 1
a 1
a 1
a 1
a 1
a 1
a 1
a 1
a 1
a 1
a 1
a 1
a 1
a 1
a 1
a 1
a 1
a 1
a 1
a 1
a 1
a 1
a 1
a 1
a 1
a 1
a 1
a 1
a 1
a 1
a 1
a 1
a 1
a 1
a 1
a 1
a 1
a 1
a 1
a 1
a 1
a 1
a 1
a 1
a 1
a 1
a 1
a 1
a 1
a 1
a 1
a 1
a 1
a 1
a 1
a 1
a 1
a 1
a 1
a 1
a 1
a 1
a 1
a 1
a 1
a 1
a 1
a 1
a 1
a 1
a 1
a 1
a 1
a 1
a 1
a 1
a 1
a 1
a 1
a 1
a 1
a 1
a 1
a 1
a 1
a 1
a 1
a 1
a 1
a 1
a 1
a 1
a 1
a 1
a 1
a 1
a 1
a 1
a 1
a 1
a 1
a 1
a 1
a 1
a 1
a 1
a 1
a 1
a 1
a 1
a 1
a 1
a 1
a 1
a 1
a 1
a 1
a 1
a 1
a 1
a 1
a 1
a 1
a 1
a 1
a 1
a 1
a 1
a 1
a 1
a 1
a 1
a 1
a 1
a 1
a 1
a 1
a 1
a 1
a 1
a 1
a 1
a 1
a 1
a 1
a 1
a 1
a 1
a 1
a 1
a 1
a 1
a 1
a 1
a 1
a 1
a 1
a 1
a 1
a 1
a 1
a 1
a 1
a 1
a 1
a 1
a 1
a 1
a 1
a 1
a 1
a 1
a 1
a 1
a 1
a 1
a 1
a 1
a 1
a 1
a 1
a 1
a 1
a 1
a 1
a 1
a 1
a 1
a 1
a 1
a 1
a 1
a 1
a 1
a 1
a 1
a 1
a 1
a 1
a 1
a 1
a 1
a 1
a 1
a 1
a 1
a 1
a 1
a 1
a 1
a 1
a 1
a 1
a 1
a 1
a 1
a 1
a 1
a 1
a 1
a 1
a 1
a 1
a 1
a 1
a 1
a 1
a 1
a 1
a 1
a 1
a 1
a 1
a 1
a 1
a 1
a 1
a 1
a 1
a 1
a 1
a 1
a 1
a 1
a 1
a 1
a 1
a 1
a 1
a 1
a 1
a 1
a 1
a 1
a 1
a 1
a 1
a 1
a 1
a 1
a 1
a 1
a 1
a 1
a 1
a 1
a 1
a 1
a 1
a 1
a 1
a 1
a 1
a 1
a 1
a 1
a 1
a 1
a 1
a 1
a 1
a 1
a 1
a 1
a 1
a 1
a 1
a 1
a 1
a 1
a 1
a 1
a 1
a 1
a 1
a 1
a 1
a 1
a 1
a 1
a 1
a 1
a 1
a 1
a 1
a 1
a 1
a 1
a 1
a 1
a 1
a 1
a 1
a 1
a 1
a 1
a 1
a 1
a 1
a 1
a 1
a 1
a 1
a 1
a 1
a 1
a 1
a 1
a 1
a 1
a 1
a 1
a 1
a 1
a 1
a 1
a 1
a 1
a 1
a 1
a 1
a 1
a 1
a 1
a 1
a 1
a 1
a 1
a 1
a 1
a 1
a 1
a 1
a 1
a 1
a 1
a 1
a 1
a 1
a 1
a 1
a 1
a 1
a 1
a 1
a 1
a 1
a 1
a 1
a 1
a 1
a 1
a 1
a 1
a 1
a 1
a 1
a 1
a 1
a 1
a 1
a 1
a 1
a 1
a 1
a 1
a 1
a 1
a 1
a 1
a 1
a 1
a 1
a 1
a 1
a 1
a 1
a 1
a 1
a 1
a 1
a 1
a 1
a 1
a 1
a 1
a 1
a 1
a 1
a 1
a 1
a 1
a 1
a 1
a 1
a 1
a 1
a 1
a 1
a 1
a 1
a 1
a 1
a 1
a 1
a 1
a 1
a 1
a 1
a 1
a 1
a 1
a 1
a 1
a 1
a 1
a 1
a 1
a 1
a 1
a 1
a 1
a 1
a 1
a 1
a 1
a 1
a 1
a 1
a 1
a 1
a 1
a 1
a 1
a 1
a 1
a 1
a 1
a 1
a 1
a 1
a 1
a 1
a 1
a 1
a 1
a 1
a 1
a 1
a 1
a 1
a 1
a 1
a 1
a 1
a 1
a 1
a 1
a 1
a 1
a 1
a 1
a 1
a 1
a 1
a 1
a 1
a 1
a 1
a 1
a 1
a 1
a 1
a 1
a 1
a 1
a 1
a 1
a 1
a 1
a 1
a 1
a 1
a 1
a 1
a 1
a 1
a 1
a 1
a 1
a 1
a 1
a 1
a 1
a 1
a 1
a 1
a 1
a 1
a 1
a 1
a 1
a 1
a 1
a 1
a 1
a 1
a 1
a 1
a 1
a 1
a 1
a 1
a 1
abject 1
abject 1
aboard 1
absorbing 1
acceptance 1
accepted 1
accepted 1
accessed 1
accidentally 1
accomplish 1
accomplish 1
achieve 1
acquaintance 1
acted 1
acted 1
acted 1
acted 1
admission 1
adorns 1
affright 1
affright 1
afraid 1
agent 1
aggravation 1
agonized 1
airs 1
airs 1
airs 1
alive 1
alive 1
alive 1
alive 1
alive 1
alive 1
alive 1
alive 1
alive 1
all 1
all 1
all 1
all 1
all 1
all 1
all 1
all 1
all 1
all 1
all 1
all 1
all 1
all 1
all 1
all 1
all 1
all 1
all 1
all 1
all 1
all 1
all 1
all 1
all 1
all 1
all 1
all 1
all 1
all 1
all 1
all 1
all 1
all 1
all 1
all 1
all 1
all 1
all 1
all 1
all 1
all 1
all 1
all 1
all 1
all 1
all 1
all 1
all 1
all 1
all 1
all 1
all 1
all 1
all 1
all 1
all 1
all 1
all 1
all 1
all 1
all 1
all 1
all 1
all 1
all 1
all 1
all 1
all 1
all 1
all 1
all 1
all 1
all 1
all 1
all 1
all 1
all 1
all 1
all 1
all 1
all 1
all 1
all 1
all 1
all 1
all 1
all 1
all 1
all 1
all 1
all 1
all 1
all 1
all 1
all 1
all 1
all 1
all 1
all 1
all 1
all 1
all 1
all 1
all 1
all 1
all 1
all 1
all 1
all 1
all 1
all 1
all 1
all 1
all 1
all 1
all 1
all 1
all 1
all 1
all 1
all 1
all 1
all 1
all 1
all 1
all 1
all 1
all 1
all 1
all 1
all 1
all 1
all 1
all 1
all 1
all 1
all 1
all 1
all 1
all 1
all 1
all 1
all 1
all 1
all 1
all 1
all 1
all 1
all 1
all 1
all 1
all 1
all 1
all 1
all 1
all 1
all 1
all 1
all 1
all 1
all 1
all 1
all 1
all 1
all 1
all 1
all 1
all 1
all 1
all 1
all 1
all 1
all 1
all 1
all 1
all 1
all 1
all 1
all 1
all 1
all 1
all 1
all 1
all 1
all 1
all 1
all 1
all 1
all 1
all 1
all 1
all 1
all 1
all 1
all 1
all 1
all 1
all 1
all 1
all 1
all 1
all 1
all 1
all 1
all 1
all 1
also 1
also 1
also 1
also 1
also 1
also 1
also 1
also 1
also 1
also 1
also 1
also 1
also 1
also 1
also 1
also 1
also 1
also 1
also 1
also 1
also 1
also 1
also 1
also 1
also 1
also 1
also 1
also 1
also 1
also 1
also 1
also 1
also 1
also 1
also 1
also 1
also 1
also 1
also 1
also 1
also 1
also 1
also 1
also 1
also 1
also 1
also 1
also 1
also 1
also 1
also 1
also 1
also 1
also 1
also 1
also 1
also 1
also 1
also 1
also 1
also 1
also 1
also 1
also 1
also 1
also 1
also 1
also 1
ameliorate 1
anatomy 1
angelic 1
angelic 1
angelic 1
animate 1
animate 1
announce 1
announce 1
annoying 1
antique 1
anywhere 1
anywhere 1
apartments 1
apathy 1
apparition 1
apparition 1
apparition 1
apparition 1
apparition 1
approbation 1
approbation 1
archangel 1
ardently 1
ardently 1
ardently 1
ardently 1
ardently 1
ardently 1
ardently 1
ardently 1
ardently 1
ardently 1
argument 1
argument 1
aright 1
armed 1
aroused 1
asseverations 1
assist 1
assist 1
assist 1
assist 1
assist 1
assist 1
assuage 1
assure 1
assure 1
assure 1
assure 1
assure 1
asylum 1
asylum 1
asylum 1
asylum 1
atone 1
attainment 1
attentions 1
attentions 1
attentions 1
attentions 1
attentively 1
attentively 1
attentively 1
awaken 1
awaken 1
awful 1
awful 1
awful 1
ballots 1
banks 1
banks 1
banks 1
banks 1
banks 1
banks 1
banks 1
banks 1
be 1
be 1
be 1
be 1
be 1
be 1
be 1
be 1
be 1
be 1
be 1
be 1
be 1
be 1
be 1
be 1
be 1
be 1
be 1
be 1
be 1
be 1
be 1
be 1
be 1
be 1
be 1
be 1
be 1
be 1
be 1
be 1
be 1
be 1
be 1
be 1
be 1
be 1
be 1
be 1
be 1
be 1
be 1
be 1
be 1
be 1
be 1
be 1
be 1
be 1
be 1
be 1
be 1
be 1
be 1
be 1
be 1
be 1
be 1
be 1
be 1
be 1
be 1
be 1
be 1
be 1
be 1
be 1
be 1
be 1
be 1
be 1
be 1
be 1
be 1
be 1
be 1
be 1
be 1
be 1
be 1
be 1
be 1
be 1
be 1
be 1
be 1
be 1
be 1
be 1
be 1
be 1
be 1
be 1
be 1
be 1
be 1
be 1
be 1
be 1
be 1
be 1
be 1
be 1
be 1
be 1
be 1
be 1
be 1
be 1
be 1
be 1
be 1
be 1
be 1
be 1
be 1
be 1
be 1
be 1
be 1
be 1
be 1
be 1
be 1
be 1
be 1
be 1
be 1
be 1
be 1
be 1
be 1
be 1
be 1
be 1
be 1
be 1
be 1
be 1
be 1
be 1
be 1
be 1
be 1
be 1
be 1
be 1
be 1
be 1
be 1
be 1
be 1
be 1
be 1
be 1
be 1
be 1
be 1
be 1
be 1
be 1
be 1
be 1
be 1
be 1
be 1
be 1
be 1
be 1
be 1
be 1
be 1
be 1
be 1
be 1
be 1
be 1
be 1
be 1
be 1
be 1
be 1
be 1
be 1
be 1
be 1
be 1
be 1
be 1
be 1
be 1
be 1
be 1
be 1
be 1
be 1
be 1
be 1
be 1
be 1
be 1
be 1
be 1
be 1
be 1
be 1
be 1
be 1
be 1
be 1
be 1
be 1
be 1
be 1
be 1
be 1
be 1
be 1
be 1
be 1
be 1
be 1
be 1
be 1
be 1
be 1
be 1
be 1
be 1
be 1
be 1
be 1
be 1
be 1
be 1
be 1
be 1
be 1
be 1
be 1
be 1
be 1
be 1
be 1
be 1
be 1
be 1
be 1
be 1
be 1
be 1
be 1
be 1
be 1
be 1
be 1
be 1
be 1
be 1
be 1
be 1
be 1
be 1
be 1
be 1
be 1
be 1
be 1
be 1
be 1
be 1
be 1
be 1
be 1
be 1
be 1
be 1
be 1
be 1
be 1
be 1
be 1
be 1
be 1
be 1
be 1
be 1
be 1
be 1
be 1
be 1
be 1
be 1
be 1
be 1
be 1
be 1
be 1
be 1
be 1
be 1
be 1
be 1
be 1
be 1
be 1
be 1
be 1
be 1
be 1
be 1
be 1
be 1
be 1
be 1
be 1
be 1
be 1
be 1
be 1
be 1
be 1
be 1
be 1
be 1
be 1
be 1
be 1
be 1
be 1
be 1
be 1
be 1
be 1
be 1
be 1
be 1
be 1
be 1
be 1
be 1
be 1
be 1
be 1
be 1
be 1
be 1
be 1
be 1
be 1
be 1
be 1
be 1
be 1
be 1
be 1
be 1
be 1
be 1
be 1
be 1
be 1
be 1
be 1
be 1
be 1
beam 1
became 1
became 1
became 1
became 1
became 1
became 1
became 1
became 1
became 1
became 1
became 1
became 1
became 1
became 1
became 1
became 1
became 1
became 1
became 1
became 1
became 1
became 1
became 1
became 1
became 1
became 1
became 1
became 1
became 1
became 1
became 1
became 1
became 1
became 1
became 1
became 1
became 1
became 1
became 1
became 1
became 1
became 1
became 1
became 1
became 1
became 1
became 1
became 1
became 1
became 1
became 1
became 1
became 1
became 1
became 1
became 1
became 1
became 1
became 1
became 1
became 1
before 1
before 1
before 1
before 1
before 1
before 1
before 1
before 1
before 1
before 1
before 1
before 1
before 1
before 1
before 1
before 1
before 1
before 1
before 1
before 1
before 1
before 1
before 1
before 1
before 1
before 1
before 1
before 1
before 1
before 1
before 1
before 1
before 1
before 1
before 1
before 1
before 1
before 1
before 1
before 1
before 1
before 1
before 1
before 1
before 1
before 1
before 1
before 1
before 1
before 1
before 1
before 1
before 1
before 1
before 1
before 1
before 1
before 1
before 1
before 1
before 1
before 1
before 1
before 1
before 1
before 1
before 1
before 1
before 1
before 1
before 1
before 1
before 1
before 1
before 1
before 1
before 1
before 1
before 1
before 1
before 1
before 1
before 1
before 1
before 1
before 1
before 1
before 1
before 1
before 1
before 1
before 1
before 1
before 1
before 1
before 1
before 1
before 1
before 1
before 1
before 1
before 1
before 1
before 1
before 1
before 1
before 1
before 1
before 1
before 1
before 1
before 1
before 1
before 1
before 1
before 1
before 1
before 1
before 1
before 1
before 1
before 1
before 1
before 1
before 1
before 1
before 1
before 1
before 1
before 1
before 1
before 1
before 1
before 1
before 1
before 1
before 1
before 1
before 1
began 1
began 1
began 1
began 1
began 1
began 1
began 1
began 1
began 1
began 1
began 1
began 1
began 1
began 1
began 1
began 1
began 1
began 1
began 1
began 1
began 1
began 1
began 1
began 1
began 1
began 1
began 1
began 1
beggars 1
being 1
being 1
being 1
being 1
being 1
being 1
being 1
being 1
being 1
being 1
being 1
being 1
being 1
being 1
being 1
being 1
being 1
being 1
being 1
being 1
being 1
being 1
being 1
being 1
being 1
being 1
being 1
being 1
being 1
being 1
being 1
being 1
being 1
being 1
being 1
being 1
being 1
being 1
being 1
being 1
being 1
being 1
being 1
being 1
being 1
being 1
being 1
being 1
being 1
being 1
being 1
being 1
being 1
being 1
being 1
being 1
being 1
being 1
being 1
being 1
being 1
being 1
being 1
being 1
being 1
being 1
being 1
being 1
being 1
being 1
being 1
being 1
being 1
being 1
being 1
being 1
being 1
being 1
being 1
being 1
being 1
being 1
being 1
being 1
being 1
being 1
being 1
being 1
being 1
being 1
being 1
being 1
being 1
being 1
being 1
being 1
beneath 1
beneath 1
beneath 1
beneath 1
beneath 1
beneath 1
beneath 1
beneath 1
beneath 1
beneath 1
beneath 1
benefactor 1
benefactor 1
benefactor 1
beneficence 1
bent 1
bent 1
bent 1
bent 1
bent 1
bent 1
bent 1
bent 1
bent 1
bespoke 1
bidding 1
bill 1
bitterly 1
bitterly 1
bitterly 1
bitterly 1
bitterly 1
bitterly 1
bitterly 1
bitterly 1
bitterly 1
bitterly 1
blackest 1
blasted 1
blasted 1
blasted 1
blasted 1
blasted 1
blasted 1
blasted 1
boils 1
book 1
book 1
book 1
book 1
book 1
book 1
bounty 1
brand 1
break 1
break 1
break 1
break 1
breakers 1
breathed 1
breathed 1
breathed 1
breathed 1
bridge 1
broke 1
broke 1
broke 1
broke 1
broke 1
budding 1
bustle 1
busy 1
busy 1
busy 1
busy 1
busy 1
busy 1
busy 1
canst 1
care 1
care 1
care 1
care 1
care 1
care 1
care 1
care 1
care 1
care 1
care 1
care 1
care 1
care 1
care 1
care 1
care 1
care 1
care 1
care 1
care 1
care 1
carrying 1
cast 1
cast 1
cast 1
cast 1
cast 1
cast 1
cast 1
cast 1
cast 1
cast 1
cast 1
cast 1
catalogue 1
chair 1
chair 1
chair 1
chair 1
chair 1
character 1
character 1
character 1
character 1
character 1
character 1
character 1
characterize 1
chastened 1
cheese 1
cheese 1
cheese 1
chemist 1
cherub 1
childless 1
chimerical 1
circumstance 1
circumstance 1
circumstance 1
circumstance 1
circumstance 1
circumstance 1
circumstance 1
circumstance 1
circumstance 1
circumstance 1
clasping 1
clasping 1
cleaning 1
closely 1
closely 1
code 1
comes 1
commerce 1
commission 1
commission 1
companions 1
companions 1
companions 1
companions 1
companions 1
companions 1
companions 1
companions 1
companions 1
companions 1
companions 1
companions 1
complain 1
compliance 1
compliance 1
compliance 1
compliance 1
complied 1
composes 1
concerned 1
condemnation 1
condemned 1
condemned 1
condemned 1
condemned 1
condemned 1
condemned 1
condemned 1
condemned 1
condemned 1
condemned 1
condemned 1
conducted 1
conducted 1
conducted 1
conducted 1
conducted 1
conducted 1
confession 1
connected 1
connected 1
connected 1
connected 1
connected 1
connected 1
connected 1
consented 1
consented 1
consented 1
consented 1
consented 1
consequence 1
consoled 1
consumption 1
consumption 1
contained 1
contained 1
contained 1
contained 1
continue 1
continue 1
continue 1
continue 1
continue 1
continue 1
continue 1
contributed 1
contributed 1
convert 1
convicted 1
convulsed 1
cope 1
cope 1
copying 1
copying 1
copying 1
copying 1
corrupt 1
countenance 1
countenance 1
countenance 1
countenance 1
countenance 1
countenance 1
countenance 1
countenance 1
countenance 1
countenance 1
countenance 1
countenance 1
countenance 1
countenance 1
countenance 1
countenance 1
countenance 1
countenance 1
countenance 1
countenance 1
countenance 1
countenance 1
countenance 1
countenance 1
countenance 1
countenance 1
countenance 1
countenance 1
countenance 1
countenance 1
countenance 1
countenance 1
countenance 1
countenance 1
countenance 1
countenance 1
countenance 1
countenance 1
countenance 1
crawling 1
creating 1
creating 1
creating 1
creating 1
creating 1
creation 1
creation 1
creation 1
creation 1
creation 1
creation 1
creation 1
creation 1
creation 1
creation 1
creation 1
creation 1
creation 1
creation 1
creation 1
creation 1
creation 1
creation 1
creation 1
creation 1
crew 1
crowding 1
cruel 1
cruel 1
cruel 1
cursory 1
cursory 1
cursory 1
custom 1
custom 1
custom 1
custom 1
cypress 1
damage 1
damps 1
damps 1
darkness 1
darkness 1
darkness 1
darkness 1
darkness 1
darkness 1
darkness 1
darkness 1
darkness 1
darkness 1
darkness 1
darkness 1
darkness 1
darkness 1
darling 1
darling 1
darling 1
darling 1
darling 1
daybreak 1
debarred 1
decayed 1
decayed 1
decidedly 1
decorations 1
deem 1
deeply 1
deeply 1
deeply 1
deeply 1
deeply 1
deeply 1
deeply 1
deeply 1
deeply 1
deeply 1
deeply 1
deeply 1
deeply 1
deeply 1
deeply 1
deeply 1
deeply 1
deeply 1
deeply 1
deeply 1
delineate 1
demoniacal 1
demoniacal 1
demoniacal 1
denial 1
deplored 1
deplored 1
desert 1
desert 1
desert 1
desert 1
desert 1
desert 1
desert 1
desert 1
desert 1
desert 1
designs 1
despaired 1
despond 1
destroyer 1
destroyer 1
destroyer 1
destroyer 1
destroyer 1
destroyer 1
detain 1
dilatoriness 1
dirt 1
discourse 1
discourse 1
discourse 1
dispelling 1
dissipates 1
distaste 1
distress 1
distress 1
distress 1
distribute 1
distribute 1
distribute 1
distribute 1
distribute 1
disturb 1
disturb 1
disturb 1
disturb 1
disturb 1
disturb 1
diversity 1
do 1
do 1
do 1
do 1
do 1
do 1
do 1
do 1
do 1
do 1
do 1
do 1
do 1
do 1
do 1
do 1
do 1
do 1
do 1
do 1
do 1
do 1
do 1
do 1
do 1
do 1
do 1
do 1
do 1
do 1
do 1
do 1
do 1
do 1
do 1
do 1
do 1
do 1
do 1
do 1
do 1
do 1
do 1
do 1
do 1
do 1
do 1
do 1
do 1
do 1
do 1
do 1
do 1
do 1
do 1
do 1
do 1
do 1
do 1
do 1
do 1
do 1
do 1
do 1
do 1
do 1
do 1
do 1
do 1
do 1
do 1
do 1
do 1
do 1
do 1
do 1
do 1
do 1
do 1
do 1
do 1
do 1
do 1
do 1
do 1
do 1
do 1
do 1
do 1
do 1
do 1
do 1
do 1
do 1
do 1
do 1
do 1
do 1
do 1
do 1
do 1
do 1
do 1
do 1
do 1
do 1
do 1
do 1
do 1
does 1
does 1
does 1
does 1
does 1
does 1
does 1
does 1
does 1
does 1
does 1
does 1
does 1
does 1
does 1
does 1
doing 1
doing 1
doing 1
doing 1
doing 1
doing 1
doing 1
doing 1
dome 1
dome 1
doors 1
doting 1
doting 1
downcast 1
dreadful 1
dreadful 1
dreadful 1
dreadful 1
dreadful 1
dreadful 1
dreadful 1
dreadful 1
dreadful 1
dreadful 1
dreadful 1
dreadful 1
dream 1
dream 1
dream 1
dream 1
dream 1
dream 1
dream 1
dream 1
dream 1
dream 1
dream 1
dream 1
dream 1
dream 1
dream 1
dream 1
dream 1
dream 1
dress 1
dress 1
dress 1
dress 1
dress 1
dress 1
drop 1
drop 1
drop 1
dry 1
dry 1
dry 1
dry 1
dry 1
dry 1
dry 1
dry 1
during 1
during 1
during 1
during 1
during 1
during 1
during 1
during 1
during 1
during 1
during 1
during 1
during 1
during 1
during 1
during 1
during 1
during 1
during 1
during 1
during 1
during 1
during 1
during 1
during 1
during 1
during 1
during 1
during 1
during 1
during 1
during 1
during 1
during 1
during 1
during 1
during 1
during 1
during 1
during 1
during 1
during 1
during 1
during 1
during 1
during 1
during 1
during 1
during 1
dusk 1
easily 1
easily 1
easily 1
easily 1
easily 1
easily 1
easily 1
easily 1
easily 1
easily 1
easily 1
easily 1
easily 1
easily 1
easily 1
easily 1
easily 1
easily 1
easily 1
east 1
educational 1
either 1
either 1
either 1
either 1
either 1
either 1
either 1
either 1
eleven 1
embarked 1
emigration 1
eminently 1
emotion 1
emotion 1
emotion 1
enabled 1
enabled 1
enabled 1
enabled 1
enabled 1
encounter 1
encounter 1
encounter 1
encounter 1
encounter 1
ending 1
enlightened 1
enlightened 1
enlightened 1
ennui 1
enounced 1
enthusiasm 1
enthusiasm 1
enthusiasm 1
enthusiasm 1
enthusiasm 1
enthusiasm 1
enthusiasm 1
enthusiasm 1
enthusiasm 1
enthusiasm 1
enthusiasm 1
entitled 1
equalled 1
equalled 1
eulogy 1
evaded 1
everything 1
everything 1
everything 1
except 1
except 1
except 1
except 1
except 1
except 1
except 1
except 1
except 1
except 1
except 1
exclamation 1
exclamation 1
exclamation 1
exerted 1
exerted 1
exertions 1
exertions 1
exertions 1
exertions 1
exertions 1
exhibit 1
exhibit 1
exhibit 1
exist 1
exist 1
exist 1
exist 1
exist 1
exist 1
expanded 1
expanded 1
expenses 1
expenses 1
experiment 1
extinct 1
extinct 1
extract 1
extremities 1
extricate 1
eye 1
eye 1
eye 1
eye 1
eye 1
eye 1
eye 1
eye 1
eye 1
eye 1
eye 1
eye 1
eye 1
eye 1
eye 1
eye 1
eye 1
eye 1
fairer 1
fairer 1
falling 1
falling 1
fangs 1
fastidious 1
fatigued 1
fatigued 1
faults 1
feeble 1
feeble 1
feeble 1
feelings 1
feelings 1
feelings 1
feelings 1
feelings 1
feelings 1
feelings 1
feelings 1
feelings 1
feelings 1
feelings 1
feelings 1
feelings 1
feelings 1
feelings 1
feelings 1
feelings 1
feelings 1
feelings 1
feelings 1
feelings 1
feelings 1
feelings 1
feelings 1
feelings 1
feelings 1
feelings 1
feelings 1
feelings 1
feelings 1
feelings 1
feelings 1
feelings 1
feelings 1
feelings 1
feelings 1
feelings 1
feelings 1
feelings 1
feelings 1
feelings 1
feelings 1
feelings 1
feelings 1
feelings 1
feelings 1
feelings 1
feelings 1
feelings 1
feelings 1
feelings 1
feelings 1
feelings 1
feelings 1
feelings 1
feelings 1
feelings 1
feelings 1
feelings 1
feelings 1
feelings 1
feelings 1
feelings 1
feelings 1
feelings 1
feelings 1
feelings 1
feelings 1
feelings 1
feelings 1
feelings 1
feelings 1
feelings 1
feelings 1
feelings 1
feelings 1
feels 1
feels 1
felt 1
felt 1
felt 1
felt 1
felt 1
felt 1
felt 1
felt 1
felt 1
felt 1
felt 1
felt 1
felt 1
felt 1
felt 1
felt 1
felt 1
felt 1
felt 1
felt 1
felt 1
felt 1
felt 1
felt 1
felt 1
felt 1
felt 1
felt 1
felt 1
felt 1
felt 1
felt 1
felt 1
felt 1
felt 1
felt 1
felt 1
felt 1
felt 1
felt 1
felt 1
felt 1
felt 1
felt 1
felt 1
felt 1
felt 1
felt 1
felt 1
felt 1
felt 1
felt 1
felt 1
felt 1
felt 1
felt 1
felt 1
felt 1
felt 1
felt 1
felt 1
felt 1
felt 1
felt 1
felt 1
felt 1
felt 1
felt 1
felt 1
felt 1
felt 1
felt 1
felt 1
felt 1
felt 1
felt 1
felt 1
felt 1
felt 1
felt 1
females 1
fifth 1
figures 1
finally 1
finally 1
finest 1
firing 1
firing 1
firmly 1
firmly 1
firmly 1
fit 1
fit 1
fit 1
fit 1
fit 1
fit 1
fixing 1
fixing 1
fixing 1
fled 1
fled 1
fled 1
fled 1
fled 1
fled 1
fled 1
fled 1
fled 1
fled 1
fled 1
fled 1
florins 1
flourished 1
flushed 1
flushed 1
foliage 1
foliage 1
for 1
for 1
for 1
for 1
for 1
for 1
for 1
for 1
for 1
for 1
for 1
for 1
for 1
for 1
for 1
for 1
for 1
for 1
for 1
for 1
for 1
for 1
for 1
for 1
for 1
for 1
for 1
for 1
for 1
for 1
for 1
for 1
for 1
for 1
for 1
for 1
for 1
for 1
for 1
for 1
for 1
for 1
for 1
for 1
for 1
for 1
for 1
for 1
for 1
for 1
for 1
for 1
for 1
for 1
for 1
for 1
for 1
for 1
for 1
for 1
for 1
for 1
for 1
for 1
for 1
for 1
for 1
for 1
for 1
for 1
for 1
for 1
for 1
for 1
for 1
for 1
for 1
for 1
for 1
for 1
for 1
for 1
for 1
for 1
for 1
for 1
for 1
for 1
for 1
for 1
for 1
for 1
for 1
for 1
for 1
for 1
for 1
for 1
for 1
for 1
for 1
for 1
for 1
for 1
for 1
for 1
for 1
for 1
for 1
for 1
for 1
for 1
for 1
for 1
for 1
for 1
for 1
for 1
for 1
for 1
for 1
for 1
for 1
for 1
for 1
for 1
for 1
for 1
for 1
for 1
for 1
for 1
for 1
for 1
for 1
for 1
for 1
for 1
for 1
for 1
for 1
for 1
for 1
for 1
for 1
for 1
for 1
for 1
for 1
for 1
for 1
for 1
for 1
for 1
for 1
for 1
for 1
for 1
for 1
for 1
for 1
for 1
for 1
for 1
for 1
for 1
for 1
for 1
for 1
for 1
for 1
for 1
for 1
for 1
for 1
for 1
for 1
for 1
for 1
for 1
for 1
for 1
for 1
for 1
for 1
for 1
for 1
for 1
for 1
for 1
for 1
for 1
for 1
for 1
for 1
for 1
for 1
for 1
for 1
for 1
for 1
for 1
for 1
for 1
for 1
for 1
for 1
for 1
for 1
for 1
for 1
for 1
for 1
for 1
for 1
for 1
for 1
for 1
for 1
for 1
for 1
for 1
for 1
for 1
for 1
for 1
for 1
for 1
for 1
for 1
for 1
for 1
for 1
for 1
for 1
for 1
for 1
for 1
for 1
for 1
for 1
for 1
for 1
for 1
for 1
for 1
for 1
for 1
for 1
for 1
for 1
for 1
for 1
for 1
for 1
for 1
for 1
for 1
for 1
for 1
for 1
for 1
for 1
for 1
for 1
for 1
for 1
for 1
for 1
for 1
for 1
for 1
for 1
for 1
for 1
for 1
for 1
for 1
for 1
for 1
for 1
for 1
for 1
for 1
for 1
for 1
for 1
for 1
for 1
for 1
for 1
for 1
for 1
for 1
for 1
for 1
for 1
for 1
for 1
for 1
for 1
for 1
for 1
for 1
for 1
for 1
for 1
for 1
for 1
for 1
for 1
for 1
for 1
for 1
for 1
for 1
for 1
for 1
for 1
for 1
for 1
for 1
for 1
for 1
for 1
for 1
for 1
for 1
for 1
for 1
for 1
for 1
for 1
for 1
for 1
for 1
for 1
for 1
for 1
for 1
for 1
for 1
for 1
for 1
for 1
for 1
for 1
for 1
for 1
for 1
for 1
for 1
for 1
for 1
for 1
for 1
for 1
for 1
for 1
for 1
for 1
for 1
for 1
for 1
for 1
for 1
for 1
for 1
for 1
for 1
for 1
for 1
for 1
for 1
for 1
for 1
for 1
for 1
for 1
for 1
for 1
for 1
for 1
for 1
for 1
for 1
for 1
for 1
for 1
for 1
for 1
for 1
for 1
for 1
for 1
for 1
for 1
for 1
for 1
for 1
for 1
for 1
for 1
for 1
for 1
for 1
for 1
for 1
for 1
for 1
for 1
for 1
for 1
for 1
for 1
for 1
for 1
for 1
for 1
for 1
for 1
for 1
for 1
for 1
for 1
for 1
for 1
for 1
for 1
for 1
for 1
for 1
for 1
for 1
for 1
for 1
for 1
for 1
for 1
for 1
for 1
for 1
for 1
for 1
for 1
for 1
for 1
for 1
for 1
for 1
for 1
for 1
for 1
for 1
for 1
for 1
for 1
for 1
for 1
forbidden 1
forbidden 1
forbidden 1
forced 1
forced 1
forced 1
forced 1
forced 1
forced 1
forced 1
forced 1
forced 1
forked 1
former 1
former 1
former 1
former 1
former 1
former 1
former 1
former 1
former 1
former 1
former 1
former 1
former 1
former 1
formidable 1
frantic 1
fretting 1
friendless 1
friendless 1
frightful 1
frightful 1
frightful 1
frightful 1
frightful 1
frightful 1
frightful 1
frightful 1
frightful 1
frightful 1
frightful 1
frightful 1
frightful 1
full 1
full 1
full 1
full 1
full 1
full 1
full 1
full 1
full 1
full 1
full 1
full 1
full 1
full 1
full 1
full 1
full 1
full 1
full 1
full 1
full 1
full 1
full 1
full 1
full 1
full 1
full 1
full 1
fund 1
funeral 1
funeral 1
funeral 1
funeral 1
furious 1
furious 1
futile 1
gait 1
generally 1
generally 1
generally 1
generally 1
generally 1
generally 1
giant 1
gladly 1
glimmer 1
glimmer 1
glittering 1
glittering 1
glittering 1
godlike 1
godlike 1
godlike 1
government 1
government 1
government 1
government 1
graceful 1
grasping 1
grated 1
gratitude 1
gratitude 1
gratitude 1
gratitude 1
gratitude 1
gratitude 1
gratitude 1
gratitude 1
grave 1
grave 1
grave 1
grave 1
grave 1
grave 1
grave 1
greatest 1
greatest 1
greatest 1
greatest 1
greatest 1
greatest 1
greatest 1
greatest 1
greatest 1
greatest 1
greatest 1
greatest 1
greatest 1
greatest 1
greatest 1
greatest 1
greatest 1
greatest 1
greatest 1
greatest 1
greatest 1
greatest 1
greatest 1
greatest 1
greatest 1
greatest 1
greatest 1
grief 1
grief 1
grief 1
grief 1
grief 1
grief 1
grief 1
grief 1
grief 1
grief 1
grief 1
grief 1
grief 1
grief 1
grief 1
grief 1
grief 1
grief 1
grief 1
grief 1
grief 1
grief 1
grief 1
grief 1
grief 1
grief 1
grief 1
grief 1
gurgling 1
habitation 1
habitation 1
habitation 1
habitation 1
habitation 1
hardened 1
healed 1
heartfelt 1
heartfelt 1
heartless 1
heartless 1
heavy 1
heavy 1
heavy 1
heavy 1
height 1
height 1
height 1
height 1
held 1
held 1
held 1
held 1
held 1
held 1
held 1
held 1
help 1
help 1
help 1
help 1
help 1
help 1
help 1
help 1
her 1
her 1
her 1
her 1
her 1
her 1
her 1
her 1
her 1
her 1
her 1
her 1
her 1
her 1
her 1
her 1
her 1
her 1
her 1
her 1
her 1
her 1
her 1
her 1
her 1
her 1
her 1
her 1
her 1
her 1
her 1
her 1
her 1
her 1
her 1
her 1
her 1
her 1
her 1
her 1
her 1
her 1
her 1
her 1
her 1
her 1
her 1
her 1
her 1
her 1
her 1
her 1
her 1
her 1
her 1
her 1
her 1
her 1
her 1
her 1
her 1
her 1
her 1
her 1
her 1
her 1
her 1
her 1
her 1
her 1
her 1
her 1
her 1
her 1
her 1
her 1
her 1
her 1
her 1
her 1
her 1
her 1
her 1
her 1
her 1
her 1
her 1
her 1
her 1
her 1
her 1
her 1
her 1
her 1
her 1
her 1
her 1
her 1
her 1
her 1
her 1
her 1
her 1
her 1
her 1
her 1
her 1
her 1
her 1
her 1
her 1
her 1
her 1
her 1
her 1
her 1
her 1
her 1
her 1
her 1
her 1
her 1
her 1
her 1
her 1
her 1
her 1
her 1
her 1
her 1
her 1
her 1
her 1
her 1
her 1
her 1
her 1
her 1
her 1
her 1
her 1
her 1
her 1
her 1
her 1
her 1
her 1
her 1
her 1
her 1
her 1
her 1
her 1
her 1
her 1
her 1
her 1
her 1
her 1
her 1
her 1
her 1
her 1
her 1
her 1
her 1
her 1
her 1
her 1
her 1
her 1
her 1
her 1
her 1
her 1
her 1
her 1
her 1
her 1
her 1
her 1
her 1
her 1
her 1
her 1
her 1
her 1
her 1
her 1
her 1
her 1
her 1
her 1
her 1
her 1
her 1
her 1
her 1
her 1
her 1
her 1
her 1
her 1
her 1
her 1
her 1
her 1
her 1
her 1
her 1
her 1
her 1
her 1
her 1
her 1
her 1
her 1
her 1
her 1
her 1
her 1
her 1
her 1
her 1
her 1
her 1
her 1
her 1
her 1
her 1
her 1
her 1
her 1
her 1
her 1
her 1
her 1
her 1
her 1
her 1
her 1
her 1
her 1
her 1
her 1
her 1
her 1
her 1
her 1
her 1
her 1
her 1
her 1
her 1
her 1
her 1
her 1
her 1
her 1
her 1
her 1
her 1
her 1
her 1
her 1
her 1
her 1
her 1
her 1
her 1
her 1
her 1
her 1
her 1
her 1
her 1
her 1
her 1
her 1
her 1
her 1
her 1
her 1
her 1
her 1
her 1
her 1
her 1
her 1
her 1
her 1
her 1
her 1
her 1
her 1
her 1
her 1
her 1
her 1
her 1
her 1
her 1
her 1
her 1
her 1
her 1
her 1
her 1
her 1
her 1
her 1
her 1
her 1
her 1
her 1
her 1
her 1
her 1
her 1
her 1
her 1
her 1
her 1
her 1
her 1
her 1
her 1
her 1
her 1
her 1
her 1
her 1
her 1
her 1
her 1
her 1
her 1
her 1
her 1
her 1
her 1
her 1
her 1
her 1
her 1
her 1
her 1
her 1
her 1
her 1
her 1
her 1
her 1
her 1
her 1
her 1
her 1
her 1
herd 1
heroical 1
hiding 1
hiding 1
hiding 1
hiding 1
hiding 1
hiding 1
hiding 1
hiding 1
horizon 1
horizon 1
horizon 1
horizon 1
horizon 1
horizon 1
horrors 1
horrors 1
horrors 1
horrors 1
horrors 1
horrors 1
hovels 1
human 1
human 1
human 1
human 1
human 1
human 1
human 1
human 1
human 1
human 1
human 1
human 1
human 1
human 1
human 1
human 1
human 1
human 1
human 1
human 1
human 1
human 1
human 1
human 1
human 1
human 1
human 1
human 1
human 1
human 1
human 1
human 1
human 1
human 1
human 1
human 1
human 1
human 1
human 1
human 1
human 1
human 1
human 1
human 1
human 1
human 1
human 1
human 1
human 1
human 1
human 1
human 1
human 1
human 1
human 1
human 1
human 1
hurricane 1
hurried 1
hurried 1
hurried 1
hurried 1
hurried 1
hurried 1
hurried 1
ideal 1
idleness 1
idleness 1
ill 1
ill 1
ill 1
ill 1
ill 1
ill 1
ill 1
ill 1
ill 1
ill 1
ill 1
ill 1
ill 1
ill 1
ill 1
ill 1
ill 1
ill 1
ill 1
ill 1
illiterate 1
illuminating 1
imaginary 1
imaginary 1
imaginations 1
imaginations 1
imaginations 1
imitate 1
imitate 1
imitate 1
impediments 1
imperatively 1
imperial 1
imperious 1
impervious 1
impression 1
impression 1
impression 1
impressive 1
impulse 1
impulse 1
impulse 1
impulse 1
impulse 1
inaccessible 1
inaccessible 1
inaccessible 1
inaccessible 1
incalculable 1
includes 1
includes 1
incoherent 1
incoherent 1
inconstant 1
inconstant 1
incredulous 1
incredulous 1
indecision 1
indemnify 1
indispensable 1
indolence 1
inexhaustible 1
inexhaustible 1
inferiors 1
infliction 1
inhabitants 1
inhabitants 1
inhabitants 1
inhabitants 1
inhabitants 1
inhabitants 1
inhabitants 1
inhabitants 1
inhabitants 1
inhabitants 1
inhabitants 1
injured 1
inmates 1
inquirer 1
insisted 1
insisted 1
inspiring 1
instructed 1
instructed 1
instructions 1
instructions 1
instructions 1
intended 1
intended 1
intended 1
intended 1
intended 1
intended 1
interested 1
interested 1
interested 1
interested 1
interested 1
interval 1
interval 1
interval 1
interval 1
intervening 1
intolerable 1
intolerable 1
intolerable 1
intrusion 1
intrusion 1
invader 1
invisible 1
invisible 1
invisible 1
invitation 1
irresistible 1
irresistible 1
irresistible 1
joints 1
joints 1
justified 1
justified 1
kinsman 1
know 1
know 1
know 1
know 1
know 1
know 1
know 1
know 1
know 1
know 1
know 1
know 1
know 1
know 1
know 1
know 1
know 1
know 1
know 1
know 1
know 1
know 1
know 1
know 1
know 1
know 1
know 1
know 1
know 1
know 1
know 1
know 1
know 1
know 1
know 1
know 1
know 1
know 1
know 1
know 1
know 1
know 1
know 1
know 1
know 1
know 1
know 1
know 1
know 1
landing 1
landing 1
languages 1
languages 1
languages 1
languages 1
languages 1
lately 1
lately 1
lately 1
latterly 1
laugh 1
laugh 1
laugh 1
laugh 1
league 1
league 1
league 1
league 1
league 1
leak 1
leisure 1
leisure 1
leisure 1
leisure 1
leisure 1
lend 1
letting 1
lieutenant 1
lieutenant 1
limit 1
limit 1
listen 1
listen 1
listen 1
listen 1
listen 1
listen 1
listen 1
listen 1
listen 1
listen 1
lively 1
lively 1
lively 1
lively 1
lively 1
lively 1
lively 1
lively 1
lives 1
lives 1
lives 1
lives 1
lives 1
lives 1
lives 1
loathed 1
loathed 1
loathed 1
longed 1
longed 1
longed 1
longed 1
longed 1
longed 1
longed 1
longed 1
longed 1
longed 1
longed 1
look 1
look 1
look 1
look 1
look 1
look 1
look 1
look 1
look 1
look 1
look 1
look 1
look 1
look 1
look 1
look 1
look 1
look 1
looking 1
looking 1
looking 1
looking 1
looking 1
looking 1
looking 1
looking 1
looking 1
looking 1
lower 1
lower 1
lower 1
lower 1
lower 1
lower 1
lustrous 1
lustrous 1
magic 1
magic 1
magnificence 1
magnificence 1
magnificent 1
magnificent 1
magnificent 1
magnificent 1
magnificent 1
magnificent 1
magnificent 1
magnificent 1
mail 1
marrying 1
marrying 1
marrying 1
maw 1
may 1
may 1
may 1
may 1
may 1
may 1
may 1
may 1
may 1
may 1
may 1
may 1
may 1
may 1
may 1
may 1
may 1
may 1
may 1
may 1
may 1
may 1
may 1
may 1
may 1
may 1
may 1
may 1
may 1
may 1
may 1
may 1
may 1
may 1
may 1
may 1
may 1
may 1
may 1
may 1
may 1
may 1
may 1
may 1
may 1
may 1
may 1
may 1
may 1
may 1
may 1
may 1
may 1
may 1
may 1
may 1
may 1
may 1
may 1
may 1
may 1
may 1
may 1
may 1
may 1
may 1
may 1
may 1
may 1
may 1
may 1
may 1
may 1
may 1
may 1
may 1
may 1
may 1
may 1
may 1
may 1
may 1
may 1
may 1
may 1
may 1
may 1
may 1
may 1
may 1
may 1
may 1
may 1
may 1
may 1
may 1
may 1
may 1
may 1
may 1
may 1
may 1
may 1
may 1
may 1
may 1
may 1
may 1
mean 1
mean 1
mean 1
mean 1
mean 1
mean 1
mean 1
mean 1
mean 1
mean 1
mean 1
meanest 1
meaning 1
meaning 1
meaning 1
memory 1
memory 1
memory 1
memory 1
memory 1
memory 1
memory 1
memory 1
memory 1
memory 1
memory 1
memory 1
memory 1
memory 1
memory 1
memory 1
memory 1
merciless 1
method 1
method 1
method 1
method 1
mile 1
mile 1
military 1
mine 1
mine 1
mine 1
mine 1
mine 1
mine 1
mine 1
mine 1
mine 1
mine 1
mine 1
mine 1
mine 1
mine 1
mine 1
mine 1
mine 1
mine 1
mine 1
mine 1
mine 1
mine 1
mine 1
mine 1
mine 1
mine 1
mine 1
mine 1
mingling 1
mirror 1
misdeed 1
misfortunes 1
misfortunes 1
misfortunes 1
misfortunes 1
misfortunes 1
misfortunes 1
misfortunes 1
misfortunes 1
misfortunes 1
misfortunes 1
misfortunes 1
misfortunes 1
misfortunes 1
misfortunes 1
misfortunes 1
misfortunes 1
misfortunes 1
mole 1
mole 1
monsters 1
monsters 1
moonlight 1
mountain 1
mountain 1
mountain 1
mountain 1
mountain 1
mountain 1
mountain 1
mountain 1
mountain 1
mountain 1
mountain 1
mountain 1
mountain 1
mountain 1
mountain 1
mountain 1
mountain 1
mountain 1
mountain 1
mournfully 1
mournfully 1
mourning 1
mourning 1
mourning 1
mourning 1
murdering 1
murmured 1
must 1
must 1
must 1
must 1
must 1
must 1
must 1
must 1
must 1
must 1
must 1
must 1
must 1
must 1
must 1
must 1
must 1
must 1
must 1
must 1
must 1
must 1
must 1
must 1
must 1
must 1
must 1
must 1
must 1
must 1
must 1
must 1
must 1
must 1
must 1
must 1
must 1
must 1
must 1
must 1
must 1
must 1
must 1
must 1
must 1
must 1
must 1
must 1
must 1
must 1
must 1
must 1
must 1
must 1
must 1
must 1
must 1
must 1
must 1
must 1
must 1
must 1
must 1
must 1
must 1
must 1
must 1
must 1
must 1
must 1
must 1
must 1
must 1
mutilated 1
natural 1
natural 1
natural 1
natural 1
natural 1
natural 1
natural 1
natural 1
natural 1
natural 1
natural 1
natural 1
natural 1
natural 1
natural 1
natural 1
natural 1
natural 1
natural 1
natural 1
natural 1
natural 1
natural 1
news 1
news 1
news 1
news 1
news 1
next 1
next 1
next 1
next 1
next 1
next 1
next 1
next 1
next 1
next 1
next 1
next 1
next 1
not 1
not 1
not 1
not 1
not 1
not 1
not 1
not 1
not 1
not 1
not 1
not 1
not 1
not 1
not 1
not 1
not 1
not 1
not 1
not 1
not 1
not 1
not 1
not 1
not 1
not 1
not 1
not 1
not 1
not 1
not 1
not 1
not 1
not 1
not 1
not 1
not 1
not 1
not 1
not 1
not 1
not 1
not 1
not 1
not 1
not 1
not 1
not 1
not 1
not 1
not 1
not 1
not 1
not 1
not 1
not 1
not 1
not 1
not 1
not 1
not 1
not 1
not 1
not 1
not 1
not 1
not 1
not 1
not 1
not 1
not 1
not 1
not 1
not 1
not 1
not 1
not 1
not 1
not 1
not 1
not 1
not 1
not 1
not 1
not 1
not 1
not 1
not 1
not 1
not 1
not 1
not 1
not 1
not 1
not 1
not 1
not 1
not 1
not 1
not 1
not 1
not 1
not 1
not 1
not 1
not 1
not 1
not 1
not 1
not 1
not 1
not 1
not 1
not 1
not 1
not 1
not 1
not 1
not 1
not 1
not 1
not 1
not 1
not 1
not 1
not 1
not 1
not 1
not 1
not 1
not 1
not 1
not 1
not 1
not 1
not 1
not 1
not 1
not 1
not 1
not 1
not 1
not 1
not 1
not 1
not 1
not 1
not 1
not 1
not 1
not 1
not 1
not 1
not 1
not 1
not 1
not 1
not 1
not 1
not 1
not 1
not 1
not 1
not 1
not 1
not 1
not 1
not 1
not 1
not 1
not 1
not 1
not 1
not 1
not 1
not 1
not 1
not 1
not 1
not 1
not 1
not 1
not 1
not 1
not 1
not 1
not 1
not 1
not 1
not 1
not 1
not 1
not 1
not 1
not 1
not 1
not 1
not 1
not 1
not 1
not 1
not 1
not 1
not 1
not 1
not 1
not 1
not 1
not 1
not 1
not 1
not 1
not 1
not 1
not 1
not 1
not 1
not 1
not 1
not 1
not 1
not 1
not 1
not 1
not 1
not 1
not 1
not 1
not 1
not 1
not 1
not 1
not 1
not 1
not 1
not 1
not 1
not 1
not 1
not 1
not 1
not 1
not 1
not 1
not 1
not 1
not 1
not 1
not 1
not 1
not 1
not 1
not 1
not 1
not 1
not 1
not 1
not 1
not 1
not 1
not 1
not 1
not 1
not 1
not 1
not 1
not 1
not 1
not 1
not 1
not 1
not 1
not 1
not 1
not 1
not 1
not 1
not 1
not 1
not 1
not 1
not 1
not 1
not 1
not 1
not 1
not 1
not 1
not 1
not 1
not 1
not 1
not 1
not 1
not 1
not 1
not 1
not 1
not 1
not 1
not 1
not 1
not 1
not 1
not 1
not 1
not 1
not 1
not 1
not 1
not 1
not 1
not 1
not 1
not 1
not 1
not 1
not 1
not 1
not 1
not 1
not 1
not 1
not 1
not 1
not 1
not 1
not 1
not 1
not 1
not 1
not 1
not 1
not 1
not 1
not 1
not 1
not 1
not 1
not 1
not 1
not 1
not 1
not 1
not 1
not 1
not 1
not 1
not 1
not 1
not 1
not 1
not 1
not 1
not 1
not 1
not 1
not 1
not 1
not 1
not 1
not 1
not 1
not 1
not 1
not 1
not 1
not 1
not 1
not 1
not 1
not 1
not 1
not 1
not 1
not 1
not 1
not 1
not 1
not 1
not 1
not 1
not 1
not 1
not 1
not 1
not 1
not 1
not 1
not 1
not 1
not 1
not 1
not 1
not 1
not 1
not 1
not 1
not 1
not 1
not 1
not 1
not 1
not 1
not 1
not 1
not 1
not 1
not 1
not 1
not 1
not 1
not 1
not 1
not 1
not 1
not 1
not 1
not 1
not 1
not 1
not 1
not 1
not 1
not 1
not 1
not 1
not 1
not 1
not 1
not 1
not 1
not 1
not 1
not 1
not 1
not 1
not 1
not 1
not 1
not 1
not 1
not 1
not 1
not 1
not 1
not 1
not 1
not 1
not 1
not 1
not 1
not 1
not 1
not 1
not 1
not 1
not 1
not 1
not 1
not 1
not 1
not 1
not 1
not 1
not 1
not 1
not 1
not 1
not 1
not 1
not 1
not 1
not 1
not 1
not 1
not 1
not 1
not 1
not 1
not 1
not 1
not 1
not 1
not 1
not 1
not 1
not 1
not 1
not 1
not 1
not 1
not 1
not 1
not 1
not 1
not 1
not 1
not 1
not 1
not 1
not 1
not 1
not 1
not 1
not 1
not 1
not 1
not 1
not 1
not 1
not 1
not 1
not 1
not 1
not 1
not 1
not 1
not 1
not 1
not 1
not 1
not 1
not 1
not 1
not 1
nought 1
nought 1
novelty 1
object 1
object 1
object 1
object 1
object 1
object 1
object 1
object 1
object 1
object 1
object 1
object 1
object 1
object 1
object 1
object 1
object 1
object 1
object 1
object 1
object 1
obscured 1
obscured 1
observing 1
observing 1
observing 1
obstinate 1
obtaining 1
obtaining 1
obtaining 1
obtaining 1
obtaining 1
odious 1
odious 1
odious 1
odious 1
offices 1
ognor 1
omnipotent 1
omnipotent 1
omnipotent 1
opportunities 1
opportunity 1
opportunity 1
opportunity 1
opportunity 1
opportunity 1
opportunity 1
opposing 1
original 1
original 1
original 1
ought 1
ought 1
ought 1
ought 1
ought 1
ought 1
ought 1
ought 1
ought 1
ought 1
ought 1
ought 1
ought 1
outraged 1
overflowed 1
overflowed 1
overflowed 1
overjoyed 1
overwhelming 1
overwhelming 1
overwhelming 1
overwhelming 1
pack 1
page 1
page 1
page 1
page 1
painted 1
painted 1
painted 1
painted 1
paperwork 1
paragraphs 1
paragraphs 1
paragraphs 1
partiality 1
partiality 1
particular 1
particular 1
passports 1
patriot 1
peaceful 1
peaceful 1
peaceful 1
peaceful 1
peaceful 1
peaceful 1
peaceful 1
penalty 1
penury 1
penury 1
perceived 1
perceived 1
perceived 1
perceived 1
perceived 1
perceived 1
perceived 1
perceived 1
perceived 1
perceived 1
perceived 1
perceived 1
perceived 1
perceived 1
perceived 1
perceived 1
perceived 1
perceived 1
perceived 1
perceived 1
perceived 1
perceived 1
perceived 1
perceived 1
perceived 1
perceived 1
perform 1
perform 1
perform 1
perform 1
perform 1
perform 1
perform 1
performing 1
performing 1
performing 1
perpendicularly 1
persevere 1
persuasive 1
phenomena 1
phenomena 1
philosophical 1
philosophy 1
philosophy 1
philosophy 1
philosophy 1
philosophy 1
philosophy 1
philosophy 1
philosophy 1
philosophy 1
philosophy 1
philosophy 1
philosophy 1
philosophy 1
philosophy 1
philosophy 1
physical 1
physical 1
physical 1
physical 1
physical 1
pieces 1
pieces 1
pieces 1
piercing 1
piercing 1
pines 1
pines 1
pines 1
pitied 1
plaited 1
plaited 1
pleases 1
plot 1
plunge 1
plunge 1
plunge 1
poignantly 1
politics 1
populous 1
portion 1
portion 1
portion 1
portion 1
portion 1
portion 1
portion 1
possibly 1
possibly 1
possibly 1
posterity 1
practice 1
practice 1
praises 1
preceding 1
preceding 1
preceding 1
preceding 1
preceding 1
preceding 1
prepare 1
prepare 1
prepare 1
prepare 1
prepare 1
prepare 1
present 1
present 1
present 1
present 1
present 1
present 1
present 1
present 1
present 1
present 1
present 1
present 1
present 1
present 1
present 1
present 1
present 1
present 1
present 1
present 1
present 1
present 1
present 1
present 1
present 1
present 1
present 1
present 1
present 1
present 1
press 1
prevail 1
prevail 1
prevented 1
prevented 1
preyed 1
preyed 1
preyed 1
preyed 1
probable 1
probable 1
probable 1
probable 1
proceedings 1
production 1
production 1
pronounce 1
properties 1
property 1
property 1
property 1
property 1
property 1
property 1
protraction 1
provision 1
provision 1
quality 1
quality 1
quelling 1
quietly 1
quietly 1
race 1
race 1
race 1
race 1
race 1
race 1
radiant 1
radiant 1
radiant 1
rarely 1
rashly 1
rashly 1
rashly 1
ravish 1
rawness 1
reaching 1
ready 1
ready 1
ready 1
really 1
really 1
really 1
really 1
really 1
really 1
really 1
really 1
really 1
really 1
received 1
received 1
received 1
received 1
received 1
received 1
received 1
received 1
received 1
received 1
received 1
received 1
received 1
received 1
received 1
received 1
received 1
received 1
received 1
received 1
received 1
reception 1
reception 1
reception 1
recovery 1
recovery 1
recovery 1
referred 1
refined 1
refined 1
refined 1
reflect 1
reflect 1
reflect 1
reflect 1
reflect 1
reflect 1
reflect 1
reflect 1
reflect 1
reflect 1
reflect 1
reflect 1
reflect 1
reflect 1
reflect 1
reflect 1
reflect 1
reign 1
relate 1
relate 1
relate 1
relate 1
relate 1
relate 1
relate 1
relate 1
relate 1
relations 1
relations 1
relations 1
relations 1
religion 1
religion 1
religion 1
relinquished 1
remainder 1
remainder 1
remainder 1
remainder 1
remainder 1
remarked 1
remarked 1
renders 1
renders 1
renders 1
renders 1
rent 1
rent 1
rent 1
rent 1
repaid 1
repaid 1
repetition 1
replenished 1
replete 1
replete 1
replete 1
reported 1
reported 1
repulses 1
research 1
research 1
research 1
research 1
resembled 1
resembled 1
respected 1
respected 1
respected 1
respected 1
resumed 1
resumed 1
retain 1
retire 1
retire 1
retire 1
reverberated 1
reward 1
reward 1
reward 1
reward 1
reward 1
ribbons 1
risen 1
risen 1
risen 1
rob 1
rob 1
rob 1
romance 1
rooted 1
rose 1
rose 1
rose 1
rose 1
rose 1
rose 1
rose 1
rose 1
rose 1
rose 1
rose 1
rose 1
rose 1
rose 1
rose 1
rose 1
rough 1
rough 1
route 1
route 1
rubbing 1
run 1
run 1
salutations 1
salvation 1
sands 1
sandy 1
sank 1
sank 1
sank 1
sank 1
sank 1
sank 1
sank 1
sank 1
sank 1
sank 1
sank 1
sank 1
sank 1
sank 1
sank 1
sank 1
sank 1
sank 1
sank 1
satisfying 1
scenery 1
scenery 1
scenery 1
scenery 1
schiavi 1
schoolboys 1
scientific 1
scientific 1
scientific 1
scorn 1
scorn 1
scorn 1
sea 1
sea 1
sea 1
sea 1
sea 1
sea 1
sea 1
sea 1
sea 1
sea 1
sea 1
sea 1
sea 1
sea 1
sea 1
sea 1
sea 1
sea 1
sea 1
sea 1
sea 1
sea 1
sea 1
sea 1
sea 1
sea 1
sea 1
sea 1
sea 1
sea 1
sea 1
sea 1
seamen 1
seating 1
selected 1
selected 1
selected 1
sentiment 1
sentiment 1
sentiment 1
sentiment 1
shells 1
shoulders 1
shown 1
shown 1
shown 1
shown 1
side 1
side 1
side 1
side 1
side 1
side 1
side 1
side 1
similar 1
similarity 1
sins 1
sins 1
skies 1
skies 1
skill 1
sky 1
sky 1
sky 1
sky 1
sky 1
sky 1
sky 1
sky 1
sky 1
sky 1
sky 1
sky 1
sky 1
sky 1
slightest 1
slightest 1
slightest 1
slothful 1
smoke 1
snatches 1
soar 1
soaring 1
soaring 1
soil 1
solitary 1
solitary 1
solitary 1
solitary 1
solitary 1
solitary 1
solitary 1
solitary 1
solitary 1
solitary 1
solitude 1
solitude 1
solitude 1
solitude 1
solitude 1
solitude 1
solitude 1
solitude 1
solitude 1
solitude 1
solitude 1
solitude 1
solitude 1
solitude 1
solitude 1
song 1
speaks 1
speaks 1
spout 1
spreading 1
st 1
staircase 1
stared 1
steeples 1
stole 1
stole 1
stole 1
stole 1
stood 1
stood 1
stood 1
stood 1
stood 1
stood 1
stood 1
stood 1
stood 1
stood 1
stopped 1
stopped 1
stopped 1
strangest 1
straw 1
straw 1
straw 1
straw 1
straw 1
straw 1
straw 1
straw 1
strenuously 1
strove 1
strove 1
strove 1
study 1
study 1
study 1
study 1
study 1
study 1
study 1
study 1
study 1
study 1
study 1
study 1
study 1
study 1
study 1
study 1
study 1
study 1
studying 1
studying 1
stump 1
style 1
subsist 1
succeeded 1
succeeded 1
succeeded 1
succeeded 1
succeeded 1
succeeded 1
succeeded 1
succeeded 1
sudden 1
sudden 1
sudden 1
sudden 1
sudden 1
sudden 1
sudden 1
sudden 1
sum 1
sum 1
sum 1
sum 1
sum 1
summer 1
summer 1
summer 1
summer 1
summer 1
summer 1
summer 1
summit 1
summit 1
summit 1
summit 1
summit 1
summit 1
summit 1
summit 1
sunk 1
sunk 1
sunk 1
sunk 1
sunk 1
sunk 1
sunk 1
sunk 1
sunk 1
sunrise 1
superfluous 1
supple 1
supple 1
supply 1
supply 1
supply 1
support 1
support 1
support 1
support 1
support 1
support 1
support 1
support 1
support 1
support 1
support 1
support 1
support 1
support 1
support 1
support 1
support 1
supreme 1
supreme 1
surface 1
surface 1
survivors 1
survivors 1
sweetness 1
sweetness 1
sweetness 1
swept 1
swept 1
swept 1
sympathise 1
sympathised 1
talents 1
talks 1
tardily 1
task 1
task 1
task 1
task 1
task 1
task 1
task 1
task 1
task 1
task 1
task 1
task 1
task 1
task 1
task 1
task 1
task 1
task 1
task 1
tasted 1
tasted 1
tax 1
tax 1
tax 1
tax 1
tax 1
tax 1
teach 1
tears 1
tears 1
tears 1
tears 1
tears 1
tears 1
tears 1
tears 1
tears 1
tears 1
tears 1
tears 1
tears 1
tears 1
tears 1
tears 1
tears 1
tears 1
tears 1
tears 1
tears 1
tears 1
tears 1
tears 1
tears 1
tears 1
tears 1
tears 1
tears 1
tell 1
tell 1
tell 1
tell 1
tell 1
tell 1
tell 1
tell 1
tell 1
temper 1
temper 1
temper 1
temper 1
temper 1
temper 1
temptation 1
temptation 1
temptation 1
the 1
the 1
the 1
the 1
the 1
the 1
the 1
the 1
the 1
the 1
the 1
the 1
the 1
the 1
the 1
the 1
the 1
the 1
the 1
the 1
the 1
the 1
the 1
the 1
the 1
the 1
the 1
the 1
the 1
the 1
the 1
the 1
the 1
the 1
the 1
the 1
the 1
the 1
the 1
the 1
the 1
the 1
the 1
the 1
the 1
the 1
the 1
the 1
the 1
the 1
the 1
the 1
the 1
the 1
the 1
the 1
the 1
the 1
the 1
the 1
the 1
the 1
the 1
the 1
the 1
the 1
the 1
the 1
the 1
the 1
the 1
the 1
the 1
the 1
the 1
the 1
the 1
the 1
the 1
the 1
the 1
the 1
the 1
the 1
the 1
the 1
the 1
the 1
the 1
the 1
the 1
the 1
the 1
the 1
the 1
the 1
the 1
the 1
the 1
the 1
the 1
the 1
the 1
the 1
the 1
the 1
the 1
the 1
the 1
the 1
the 1
the 1
the 1
the 1
the 1
the 1
the 1
the 1
the 1
the 1
the 1
the 1
the 1
the 1
the 1
the 1
the 1
the 1
the 1
the 1
the 1
the 1
the 1
the 1
the 1
the 1
the 1
the 1
the 1
the 1
the 1
the 1
the 1
the 1
the 1
the 1
the 1
the 1
the 1
the 1
the 1
the 1
the 1
the 1
the 1
the 1
the 1
the 1
the 1
the 1
the 1
the 1
the 1
the 1
the 1
the 1
the 1
the 1
the 1
the 1
the 1
the 1
the 1
the 1
the 1
the 1
the 1
the 1
the 1
the 1
the 1
the 1
the 1
the 1
the 1
the 1
the 1
the 1
the 1
the 1
the 1
the 1
the 1
the 1
the 1
the 1
the 1
the 1
the 1
the 1
the 1
the 1
the 1
the 1
the 1
the 1
the 1
the 1
the 1
the 1
the 1
the 1
the 1
the 1
the 1
the 1
the 1
the 1
the 1
the 1
the 1
the 1
the 1
the 1
the 1
the 1
the 1
the 1
the 1
the 1
the 1
the 1
the 1
the 1
the 1
the 1
the 1
the 1
the 1
the 1
the 1
the 1
the 1
the 1
the 1
the 1
the 1
the 1
the 1
the 1
the 1
the 1
the 1
the 1
the 1
the 1
the 1
the 1
the 1
the 1
the 1
the 1
the 1
the 1
the 1
the 1
the 1
the 1
the 1
the 1
the 1
the 1
the 1
the 1
the 1
the 1
the 1
the 1
the 1
the 1
the 1
the 1
the 1
the 1
the 1
the 1
the 1
the 1
the 1
the 1
the 1
the 1
the 1
the 1
the 1
the 1
the 1
the 1
the 1
the 1
the 1
the 1
the 1
the 1
the 1
the 1
the 1
the 1
the 1
the 1
the 1
the 1
the 1
the 1
the 1
the 1
the 1
the 1
the 1
the 1
the 1
the 1
the 1
the 1
the 1
the 1
the 1
the 1
the 1
the 1
the 1
the 1
the 1
the 1
the 1
the 1
the 1
the 1
the 1
the 1
the 1
the 1
the 1
the 1
the 1
the 1
the 1
the 1
the 1
the 1
the 1
the 1
the 1
the 1
the 1
the 1
the 1
the 1
the 1
the 1
the 1
the 1
the 1
the 1
the 1
the 1
the 1
the 1
the 1
the 1
the 1
the 1
the 1
the 1
the 1
the 1
the 1
the 1
the 1
the 1
the 1
the 1
the 1
the 1
the 1
the 1
the 1
the 1
the 1
the 1
the 1
the 1
the 1
the 1
the 1
the 1
the 1
the 1
the 1
the 1
the 1
the 1
the 1
the 1
the 1
the 1
the 1
the 1
the 1
the 1
the 1
the 1
the 1
the 1
the 1
the 1
the 1
the 1
the 1
the 1
the 1
the 1
the 1
the 1
the 1
the 1
the 1
the 1
the 1
the 1
the 1
the 1
the 1
the 1
the 1
the 1
the 1
the 1
the 1
the 1
the 1
the 1
the 1
the 1
the 1
the 1
the 1
the 1
the 1
the 1
the 1
the 1
the 1
the 1
the 1
the 1
the 1
the 1
the 1
the 1
the 1
the 1
the 1
the 1
the 1
the 1
the 1
the 1
the 1
the 1
the 1
the 1
the 1
the 1
the 1
the 1
the 1
the 1
the 1
the 1
the 1
the 1
the 1
the 1
the 1
the 1
the 1
the 1
the 1
the 1
the 1
the 1
the 1
the 1
the 1
the 1
the 1
the 1
the 1
the 1
the 1
the 1
the 1
the 1
the 1
the 1
the 1
the 1
the 1
the 1
the 1
the 1
the 1
the 1
the 1
the 1
the 1
the 1
the 1
the 1
the 1
the 1
the 1
the 1
the 1
the 1
the 1
the 1
the 1
the 1
the 1
the 1
the 1
the 1
the 1
the 1
the 1
the 1
the 1
the 1
the 1
the 1
the 1
the 1
the 1
the 1
the 1
the 1
the 1
the 1
the 1
the 1
the 1
the 1
the 1
the 1
the 1
the 1
the 1
the 1
the 1
the 1
the 1
the 1
the 1
the 1
the 1
the 1
the 1
the 1
the 1
the 1
the 1
the 1
the 1
the 1
the 1
the 1
the 1
the 1
the 1
the 1
the 1
the 1
the 1
the 1
the 1
the 1
the 1
the 1
the 1
the 1
the 1
the 1
the 1
the 1
the 1
the 1
the 1
the 1
the 1
the 1
the 1
the 1
the 1
the 1
the 1
the 1
the 1
the 1
the 1
the 1
the 1
the 1
the 1
the 1
the 1
the 1
the 1
the 1
the 1
the 1
the 1
the 1
the 1
the 1
the 1
the 1
the 1
the 1
the 1
the 1
the 1
the 1
the 1
the 1
the 1
the 1
the 1
the 1
the 1
the 1
the 1
the 1
the 1
the 1
the 1
the 1
the 1
the 1
the 1
the 1
the 1
the 1
the 1
the 1
the 1
the 1
the 1
the 1
the 1
the 1
the 1
the 1
the 1
the 1
the 1
the 1
the 1
the 1
the 1
the 1
the 1
the 1
the 1
the 1
the 1
the 1
the 1
the 1
the 1
the 1
the 1
the 1
the 1
the 1
the 1
the 1
the 1
the 1
the 1
the 1
the 1
the 1
the 1
the 1
the 1
the 1
the 1
the 1
the 1
the 1
the 1
the 1
the 1
the 1
the 1
the 1
the 1
the 1
the 1
the 1
the 1
the 1
the 1
the 1
the 1
the 1
the 1
the 1
the 1
the 1
the 1
the 1
the 1
the 1
the 1
the 1
the 1
the 1
the 1
the 1
the 1
the 1
the 1
the 1
the 1
the 1
the 1
the 1
the 1
the 1
the 1
the 1
the 1
the 1
the 1
the 1
the 1
the 1
the 1
the 1
the 1
the 1
the 1
the 1
the 1
the 1
the 1
the 1
the 1
the 1
the 1
the 1
the 1
the 1
the 1
the 1
the 1
the 1
the 1
the 1
the 1
the 1
the 1
the 1
the 1
the 1
the 1
the 1
the 1
the 1
the 1
the 1
the 1
the 1
the 1
the 1
the 1
the 1
the 1
the 1
the 1
the 1
the 1
the 1
the 1
the 1
the 1
the 1
the 1
the 1
the 1
the 1
the 1
the 1
the 1
the 1
the 1
the 1
the 1
the 1
the 1
the 1
the 1
the 1
the 1
the 1
the 1
the 1
the 1
the 1
the 1
the 1
the 1
the 1
the 1
the 1
the 1
the 1
the 1
the 1
the 1
the 1
the 1
the 1
the 1
the 1
the 1
the 1
the 1
the 1
the 1
the 1
the 1
the 1
the 1
the 1
the 1
the 1
the 1
the 1
the 1
the 1
the 1
the 1
the 1
the 1
the 1
the 1
the 1
the 1
the 1
the 1
the 1
the 1
the 1
the 1
the 1
the 1
the 1
the 1
the 1
the 1
the 1
the 1
the 1
the 1
the 1
the 1
the 1
the 1
the 1
the 1
the 1
the 1
the 1
the 1
the 1
the 1
the 1
the 1
the 1
the 1
the 1
the 1
the 1
the 1
the 1
the 1
the 1
the 1
the 1
the 1
the 1
the 1
the 1
the 1
the 1
the 1
the 1
the 1
the 1
the 1
the 1
the 1
the 1
the 1
the 1
the 1
the 1
the 1
the 1
the 1
the 1
the 1
the 1
the 1
the 1
the 1
the 1
the 1
the 1
the 1
the 1
the 1
the 1
the 1
the 1
the 1
the 1
the 1
the 1
the 1
the 1
the 1
the 1
the 1
the 1
the 1
the 1
the 1
the 1
the 1
the 1
the 1
the 1
the 1
the 1
the 1
the 1
the 1
the 1
the 1
the 1
the 1
the 1
the 1
the 1
the 1
the 1
the 1
the 1
the 1
the 1
the 1
the 1
the 1
the 1
the 1
the 1
the 1
the 1
the 1
the 1
the 1
the 1
the 1
the 1
the 1
the 1
the 1
the 1
the 1
the 1
the 1
the 1
the 1
the 1
the 1
the 1
the 1
the 1
the 1
the 1
the 1
the 1
the 1
the 1
the 1
the 1
the 1
the 1
the 1
the 1
the 1
the 1
the 1
the 1
the 1
the 1
the 1
the 1
the 1
the 1
the 1
the 1
the 1
the 1
the 1
the 1
the 1
the 1
the 1
the 1
the 1
the 1
the 1
the 1
the 1
the 1
the 1
the 1
the 1
the 1
the 1
the 1
the 1
the 1
the 1
the 1
the 1
the 1
the 1
the 1
the 1
the 1
the 1
the 1
the 1
the 1
the 1
the 1
the 1
the 1
the 1
the 1
the 1
the 1
the 1
the 1
the 1
the 1
the 1
the 1
the 1
the 1
the 1
the 1
the 1
the 1
the 1
the 1
the 1
the 1
the 1
the 1
the 1
the 1
the 1
the 1
the 1
the 1
the 1
the 1
the 1
the 1
the 1
the 1
the 1
the 1
the 1
the 1
the 1
the 1
the 1
the 1
the 1
the 1
the 1
the 1
the 1
the 1
the 1
the 1
the 1
the 1
the 1
the 1
the 1
the 1
the 1
the 1
the 1
the 1
the 1
the 1
the 1
the 1
the 1
the 1
the 1
the 1
the 1
the 1
the 1
the 1
the 1
the 1
the 1
the 1
the 1
the 1
the 1
the 1
the 1
the 1
the 1
the 1
the 1
the 1
the 1
the 1
the 1
the 1
the 1
the 1
the 1
the 1
the 1
the 1
the 1
the 1
the 1
the 1
the 1
the 1
the 1
the 1
the 1
the 1
the 1
the 1
the 1
the 1
the 1
the 1
the 1
the 1
the 1
the 1
the 1
the 1
the 1
the 1
the 1
the 1
the 1
the 1
the 1
the 1
the 1
the 1
the 1
the 1
the 1
the 1
the 1
the 1
the 1
the 1
the 1
the 1
the 1
the 1
the 1
the 1
the 1
the 1
the 1
the 1
the 1
the 1
the 1
the 1
the 1
the 1
the 1
the 1
the 1
the 1
the 1
the 1
the 1
the 1
the 1
the 1
the 1
the 1
the 1
the 1
the 1
the 1
the 1
the 1
the 1
the 1
the 1
the 1
the 1
the 1
the 1
the 1
the 1
the 1
the 1
the 1
the 1
the 1
the 1
the 1
the 1
the 1
the 1
the 1
the 1
the 1
the 1
the 1
the 1
the 1
the 1
the 1
the 1
the 1
the 1
the 1
the 1
the 1
the 1
the 1
the 1
the 1
the 1
the 1
the 1
the 1
the 1
the 1
the 1
the 1
the 1
the 1
the 1
the 1
the 1
the 1
the 1
the 1
the 1
the 1
the 1
the 1
the 1
the 1
the 1
the 1
the 1
the 1
the 1
the 1
the 1
the 1
the 1
the 1
the 1
the 1
the 1
the 1
the 1
the 1
the 1
the 1
the 1
the 1
the 1
the 1
the 1
the 1
the 1
the 1
the 1
the 1
the 1
the 1
the 1
the 1
the 1
the 1
the 1
the 1
the 1
the 1
the 1
the 1
the 1
the 1
the 1
the 1
the 1
the 1
the 1
the 1
the 1
the 1
the 1
the 1
the 1
the 1
the 1
the 1
the 1
the 1
the 1
the 1
the 1
the 1
the 1
the 1
the 1
the 1
the 1
the 1
the 1
the 1
the 1
the 1
the 1
the 1
the 1
the 1
the 1
the 1
the 1
the 1
the 1
the 1
the 1
the 1
the 1
the 1
the 1
the 1
the 1
the 1
the 1
the 1
the 1
the 1
the 1
the 1
the 1
the 1
the 1
the 1
the 1
the 1
the 1
the 1
the 1
the 1
the 1
the 1
the 1
the 1
the 1
the 1
the 1
the 1
the 1
the 1
the 1
the 1
the 1
the 1
the 1
the 1
the 1
the 1
the 1
the 1
the 1
the 1
the 1
the 1
the 1
the 1
the 1
the 1
the 1
the 1
the 1
the 1
the 1
the 1
the 1
the 1
the 1
the 1
the 1
the 1
the 1
the 1
the 1
the 1
the 1
the 1
the 1
the 1
the 1
the 1
the 1
the 1
the 1
the 1
the 1
the 1
the 1
the 1
the 1
the 1
the 1
the 1
the 1
the 1
the 1
the 1
the 1
the 1
the 1
the 1
the 1
the 1
the 1
the 1
the 1
the 1
the 1
the 1
the 1
the 1
the 1
the 1
the 1
the 1
the 1
the 1
the 1
the 1
the 1
the 1
the 1
the 1
the 1
the 1
the 1
the 1
the 1
the 1
the 1
the 1
the 1
the 1
the 1
the 1
the 1
the 1
the 1
the 1
the 1
the 1
the 1
the 1
the 1
the 1
the 1
the 1
the 1
the 1
the 1
the 1
the 1
the 1
the 1
the 1
the 1
the 1
the 1
the 1
the 1
the 1
the 1
the 1
the 1
the 1
the 1
the 1
the 1
the 1
the 1
the 1
the 1
the 1
the 1
the 1
the 1
the 1
the 1
the 1
the 1
the 1
the 1
the 1
the 1
the 1
the 1
the 1
the 1
the 1
the 1
the 1
the 1
the 1
the 1
the 1
the 1
the 1
the 1
the 1
the 1
the 1
the 1
the 1
the 1
the 1
the 1
the 1
the 1
the 1
the 1
the 1
the 1
the 1
the 1
the 1
the 1
the 1
the 1
the 1
the 1
the 1
the 1
the 1
the 1
the 1
the 1
the 1
the 1
the 1
the 1
the 1
the 1
the 1
the 1
the 1
the 1
the 1
the 1
the 1
the 1
the 1
the 1
the 1
the 1
the 1
the 1
the 1
the 1
the 1
the 1
the 1
the 1
the 1
the 1
the 1
the 1
the 1
the 1
the 1
the 1
the 1
the 1
the 1
the 1
the 1
the 1
the 1
the 1
the 1
the 1
the 1
the 1
the 1
the 1
the 1
the 1
the 1
the 1
the 1
the 1
the 1
the 1
the 1
the 1
the 1
the 1
the 1
the 1
the 1
the 1
the 1
the 1
the 1
the 1
the 1
the 1
the 1
the 1
the 1
the 1
the 1
the 1
the 1
the 1
the 1
the 1
the 1
the 1
the 1
the 1
the 1
the 1
the 1
the 1
the 1
the 1
the 1
the 1
the 1
the 1
the 1
the 1
the 1
the 1
the 1
the 1
the 1
the 1
the 1
the 1
the 1
the 1
the 1
the 1
the 1
the 1
the 1
the 1
the 1
the 1
the 1
the 1
the 1
the 1
the 1
the 1
the 1
the 1
the 1
the 1
the 1
the 1
the 1
the 1
the 1
the 1
the 1
the 1
the 1
the 1
the 1
the 1
the 1
the 1
the 1
the 1
the 1
the 1
the 1
the 1
the 1
the 1
the 1
the 1
the 1
the 1
the 1
the 1
the 1
the 1
the 1
the 1
the 1
the 1
the 1
the 1
the 1
the 1
the 1
the 1
the 1
the 1
the 1
the 1
the 1
the 1
the 1
the 1
the 1
the 1
the 1
the 1
the 1
the 1
the 1
the 1
the 1
the 1
the 1
the 1
the 1
the 1
the 1
the 1
the 1
the 1
the 1
the 1
the 1
the 1
the 1
the 1
the 1
the 1
the 1
the 1
the 1
the 1
the 1
the 1
the 1
the 1
the 1
the 1
the 1
the 1
the 1
the 1
the 1
the 1
the 1
the 1
the 1
the 1
the 1
the 1
the 1
the 1
the 1
the 1
the 1
the 1
the 1
the 1
the 1
the 1
the 1
the 1
the 1
the 1
the 1
the 1
the 1
the 1
the 1
the 1
the 1
the 1
the 1
the 1
the 1
the 1
the 1
the 1
the 1
the 1
the 1
the 1
the 1
the 1
the 1
the 1
the 1
the 1
the 1
the 1
the 1
the 1
the 1
the 1
the 1
the 1
the 1
the 1
the 1
the 1
the 1
the 1
the 1
the 1
the 1
the 1
the 1
the 1
the 1
the 1
the 1
the 1
the 1
the 1
the 1
the 1
the 1
the 1
the 1
the 1
the 1
the 1
the 1
the 1
the 1
the 1
the 1
the 1
the 1
the 1
the 1
the 1
the 1
the 1
the 1
the 1
the 1
the 1
the 1
the 1
the 1
the 1
the 1
the 1
the 1
the 1
the 1
the 1
the 1
the 1
the 1
the 1
the 1
the 1
the 1
the 1
the 1
the 1
the 1
the 1
the 1
the 1
the 1
the 1
the 1
the 1
the 1
the 1
the 1
the 1
the 1
the 1
the 1
the 1
the 1
the 1
the 1
the 1
the 1
the 1
the 1
the 1
the 1
the 1
the 1
the 1
the 1
the 1
the 1
the 1
the 1
the 1
the 1
the 1
the 1
the 1
the 1
the 1
the 1
the 1
the 1
the 1
the 1
the 1
the 1
the 1
the 1
the 1
the 1
the 1
the 1
the 1
the 1
the 1
the 1
the 1
the 1
the 1
the 1
the 1
the 1
the 1
the 1
the 1
the 1
the 1
the 1
the 1
the 1
the 1
the 1
the 1
the 1
the 1
the 1
the 1
the 1
the 1
the 1
the 1
the 1
the 1
the 1
the 1
the 1
the 1
the 1
the 1
the 1
the 1
the 1
the 1
the 1
the 1
the 1
the 1
the 1
the 1
the 1
the 1
the 1
the 1
the 1
the 1
the 1
the 1
the 1
the 1
the 1
the 1
the 1
the 1
the 1
the 1
the 1
the 1
the 1
the 1
the 1
the 1
the 1
the 1
the 1
the 1
the 1
the 1
the 1
the 1
the 1
the 1
the 1
the 1
the 1
the 1
the 1
the 1
the 1
the 1
the 1
the 1
the 1
the 1
the 1
the 1
the 1
the 1
the 1
the 1
the 1
the 1
the 1
the 1
the 1
the 1
the 1
the 1
the 1
the 1
the 1
the 1
the 1
the 1
the 1
the 1
the 1
the 1
the 1
the 1
the 1
the 1
the 1
the 1
the 1
the 1
the 1
the 1
the 1
the 1
the 1
the 1
the 1
the 1
the 1
the 1
the 1
the 1
the 1
the 1
the 1
the 1
the 1
the 1
the 1
the 1
the 1
the 1
the 1
the 1
the 1
the 1
the 1
the 1
the 1
the 1
the 1
the 1
the 1
the 1
the 1
the 1
the 1
the 1
the 1
the 1
the 1
the 1
the 1
the 1
the 1
the 1
the 1
the 1
the 1
the 1
the 1
the 1
the 1
the 1
the 1
the 1
the 1
the 1
the 1
the 1
the 1
the 1
the 1
the 1
the 1
the 1
the 1
the 1
the 1
the 1
the 1
the 1
the 1
the 1
the 1
the 1
the 1
the 1
the 1
the 1
the 1
the 1
the 1
the 1
the 1
the 1
the 1
the 1
the 1
the 1
the 1
the 1
the 1
the 1
the 1
the 1
the 1
the 1
the 1
the 1
the 1
the 1
the 1
the 1
the 1
the 1
the 1
the 1
the 1
the 1
the 1
the 1
the 1
the 1
the 1
the 1
the 1
the 1
the 1
the 1
the 1
the 1
the 1
the 1
the 1
the 1
the 1
the 1
the 1
the 1
the 1
the 1
the 1
the 1
the 1
the 1
the 1
the 1
the 1
the 1
the 1
the 1
the 1
the 1
the 1
the 1
the 1
the 1
the 1
the 1
the 1
the 1
the 1
the 1
the 1
the 1
the 1
the 1
the 1
the 1
the 1
the 1
the 1
the 1
the 1
the 1
the 1
the 1
the 1
the 1
the 1
the 1
the 1
the 1
the 1
the 1
the 1
the 1
the 1
the 1
the 1
the 1
the 1
the 1
the 1
the 1
the 1
the 1
the 1
the 1
the 1
the 1
the 1
the 1
the 1
the 1
the 1
the 1
the 1
the 1
the 1
the 1
the 1
the 1
the 1
the 1
the 1
the 1
the 1
the 1
the 1
the 1
the 1
the 1
the 1
the 1
the 1
the 1
the 1
the 1
the 1
the 1
the 1
the 1
the 1
the 1
the 1
the 1
the 1
the 1
the 1
the 1
the 1
the 1
the 1
the 1
the 1
the 1
the 1
the 1
the 1
the 1
the 1
the 1
the 1
the 1
the 1
the 1
the 1
the 1
the 1
the 1
the 1
the 1
the 1
the 1
the 1
the 1
the 1
the 1
the 1
the 1
the 1
the 1
the 1
the 1
the 1
the 1
the 1
the 1
the 1
the 1
the 1
the 1
the 1
the 1
the 1
the 1
the 1
the 1
the 1
the 1
the 1
the 1
the 1
the 1
the 1
the 1
the 1
the 1
the 1
the 1
the 1
the 1
the 1
the 1
the 1
the 1
the 1
the 1
the 1
the 1
the 1
the 1
the 1
the 1
the 1
the 1
the 1
the 1
the 1
the 1
the 1
the 1
the 1
the 1
the 1
the 1
the 1
the 1
the 1
the 1
the 1
the 1
the 1
the 1
the 1
the 1
the 1
the 1
the 1
the 1
the 1
the 1
the 1
the 1
the 1
the 1
the 1
the 1
the 1
the 1
the 1
the 1
the 1
the 1
the 1
the 1
the 1
the 1
the 1
the 1
the 1
the 1
the 1
the 1
the 1
the 1
the 1
the 1
the 1
the 1
the 1
the 1
the 1
the 1
the 1
the 1
the 1
the 1
the 1
the 1
the 1
the 1
the 1
the 1
the 1
the 1
the 1
the 1
the 1
the 1
the 1
the 1
the 1
the 1
the 1
the 1
the 1
the 1
the 1
the 1
the 1
the 1
the 1
the 1
the 1
the 1
the 1
the 1
the 1
the 1
the 1
the 1
the 1
the 1
the 1
the 1
the 1
the 1
the 1
the 1
the 1
the 1
the 1
the 1
the 1
the 1
the 1
the 1
the 1
the 1
the 1
the 1
the 1
the 1
the 1
the 1
the 1
the 1
the 1
the 1
the 1
the 1
the 1
the 1
the 1
the 1
the 1
the 1
the 1
the 1
the 1
the 1
the 1
the 1
the 1
the 1
the 1
the 1
the 1
the 1
the 1
the 1
the 1
the 1
the 1
the 1
the 1
the 1
the 1
the 1
the 1
the 1
the 1
the 1
the 1
the 1
the 1
the 1
the 1
the 1
the 1
the 1
the 1
the 1
the 1
the 1
the 1
the 1
the 1
the 1
the 1
the 1
the 1
the 1
the 1
the 1
the 1
the 1
the 1
the 1
the 1
the 1
the 1
the 1
the 1
the 1
the 1
the 1
the 1
the 1
the 1
the 1
the 1
the 1
the 1
the 1
the 1
the 1
the 1
the 1
the 1
the 1
the 1
the 1
the 1
the 1
the 1
the 1
the 1
the 1
the 1
the 1
the 1
the 1
the 1
the 1
the 1
the 1
the 1
the 1
the 1
the 1
the 1
the 1
the 1
the 1
the 1
the 1
the 1
the 1
the 1
the 1
the 1
the 1
the 1
the 1
the 1
the 1
the 1
the 1
the 1
the 1
the 1
the 1
the 1
the 1
the 1
the 1
the 1
the 1
the 1
the 1
the 1
the 1
the 1
the 1
the 1
the 1
the 1
the 1
the 1
the 1
the 1
the 1
the 1
the 1
the 1
the 1
the 1
the 1
the 1
the 1
the 1
the 1
the 1
the 1
the 1
the 1
the 1
the 1
the 1
the 1
the 1
the 1
the 1
the 1
the 1
the 1
the 1
the 1
the 1
the 1
the 1
the 1
the 1
the 1
the 1
the 1
the 1
the 1
the 1
the 1
the 1
the 1
the 1
the 1
the 1
the 1
the 1
the 1
the 1
the 1
the 1
the 1
the 1
the 1
the 1
the 1
the 1
the 1
the 1
the 1
the 1
the 1
the 1
the 1
the 1
the 1
the 1
the 1
the 1
the 1
the 1
the 1
the 1
the 1
the 1
the 1
the 1
the 1
the 1
the 1
the 1
the 1
the 1
the 1
the 1
the 1
the 1
the 1
the 1
the 1
the 1
the 1
the 1
the 1
the 1
the 1
the 1
the 1
the 1
the 1
the 1
the 1
the 1
the 1
the 1
the 1
the 1
the 1
the 1
the 1
the 1
the 1
the 1
the 1
the 1
the 1
the 1
the 1
the 1
the 1
the 1
the 1
the 1
the 1
the 1
the 1
the 1
the 1
the 1
the 1
the 1
the 1
the 1
the 1
the 1
the 1
the 1
the 1
the 1
the 1
the 1
the 1
the 1
the 1
the 1
the 1
the 1
the 1
the 1
the 1
the 1
the 1
the 1
the 1
the 1
the 1
the 1
the 1
the 1
the 1
the 1
the 1
the 1
the 1
the 1
the 1
the 1
the 1
the 1
the 1
the 1
the 1
the 1
the 1
the 1
the 1
the 1
the 1
the 1
the 1
the 1
the 1
the 1
the 1
the 1
the 1
the 1
the 1
the 1
the 1
the 1
the 1
the 1
the 1
the 1
the 1
the 1
the 1
the 1
the 1
the 1
the 1
the 1
the 1
the 1
the 1
the 1
the 1
the 1
the 1
the 1
the 1
the 1
the 1
the 1
the 1
the 1
the 1
the 1
the 1
the 1
the 1
the 1
the 1
the 1
the 1
the 1
the 1
the 1
the 1
the 1
the 1
the 1
the 1
the 1
the 1
the 1
the 1
the 1
the 1
the 1
the 1
the 1
the 1
the 1
the 1
the 1
the 1
the 1
the 1
the 1
the 1
the 1
the 1
the 1
the 1
the 1
the 1
the 1
the 1
the 1
the 1
the 1
the 1
the 1
the 1
the 1
the 1
the 1
the 1
the 1
the 1
the 1
the 1
the 1
the 1
the 1
the 1
the 1
the 1
the 1
the 1
the 1
the 1
the 1
the 1
the 1
the 1
the 1
the 1
the 1
the 1
the 1
the 1
the 1
the 1
the 1
the 1
the 1
the 1
the 1
the 1
the 1
the 1
the 1
the 1
the 1
the 1
the 1
the 1
the 1
the 1
the 1
the 1
the 1
the 1
the 1
the 1
the 1
the 1
the 1
the 1
the 1
the 1
the 1
the 1
the 1
the 1
the 1
the 1
the 1
the 1
the 1
the 1
the 1
the 1
the 1
the 1
the 1
the 1
the 1
the 1
the 1
the 1
the 1
the 1
the 1
the 1
the 1
the 1
the 1
the 1
the 1
the 1
the 1
the 1
the 1
the 1
the 1
the 1
the 1
the 1
the 1
the 1
the 1
the 1
the 1
the 1
the 1
the 1
the 1
the 1
the 1
the 1
the 1
the 1
the 1
the 1
the 1
the 1
the 1
the 1
the 1
the 1
the 1
the 1
the 1
the 1
the 1
the 1
the 1
the 1
the 1
the 1
the 1
the 1
the 1
the 1
the 1
the 1
the 1
the 1
the 1
the 1
the 1
the 1
the 1
the 1
the 1
the 1
the 1
the 1
the 1
the 1
the 1
the 1
the 1
the 1
the 1
the 1
the 1
the 1
the 1
the 1
the 1
the 1
the 1
the 1
the 1
the 1
the 1
the 1
the 1
the 1
the 1
the 1
the 1
the 1
the 1
the 1
the 1
the 1
the 1
the 1
the 1
the 1
the 1
the 1
the 1
the 1
the 1
the 1
the 1
the 1
the 1
the 1
the 1
the 1
the 1
the 1
the 1
the 1
the 1
the 1
the 1
the 1
the 1
the 1
the 1
the 1
the 1
the 1
the 1
the 1
the 1
the 1
the 1
the 1
the 1
the 1
the 1
the 1
the 1
the 1
the 1
the 1
the 1
the 1
the 1
the 1
the 1
the 1
the 1
the 1
the 1
the 1
the 1
the 1
the 1
the 1
the 1
the 1
the 1
the 1
the 1
the 1
the 1
the 1
the 1
the 1
the 1
the 1
the 1
the 1
the 1
the 1
the 1
the 1
the 1
the 1
the 1
the 1
the 1
the 1
the 1
the 1
the 1
the 1
the 1
the 1
the 1
the 1
the 1
the 1
the 1
the 1
the 1
the 1
the 1
the 1
the 1
the 1
the 1
the 1
the 1
the 1
the 1
the 1
the 1
the 1
the 1
the 1
the 1
the 1
the 1
the 1
the 1
the 1
the 1
the 1
the 1
the 1
the 1
the 1
the 1
the 1
the 1
the 1
the 1
the 1
the 1
the 1
the 1
the 1
the 1
the 1
the 1
the 1
the 1
the 1
the 1
the 1
the 1
the 1
the 1
the 1
the 1
the 1
the 1
the 1
the 1
the 1
the 1
the 1
the 1
the 1
the 1
the 1
the 1
the 1
the 1
the 1
the 1
the 1
the 1
the 1
the 1
the 1
the 1
the 1
the 1
the 1
the 1
the 1
the 1
the 1
the 1
the 1
the 1
the 1
the 1
the 1
the 1
the 1
the 1
the 1
the 1
the 1
the 1
the 1
the 1
the 1
the 1
the 1
the 1
the 1
the 1
the 1
the 1
the 1
the 1
the 1
the 1
the 1
the 1
the 1
the 1
the 1
the 1
the 1
the 1
the 1
the 1
the 1
the 1
the 1
the 1
the 1
the 1
the 1
the 1
the 1
the 1
the 1
the 1
the 1
the 1
the 1
the 1
the 1
the 1
the 1
the 1
the 1
the 1
the 1
the 1
the 1
the 1
the 1
the 1
the 1
the 1
the 1
the 1
the 1
the 1
the 1
the 1
the 1
the 1
the 1
the 1
the 1
the 1
the 1
the 1
the 1
the 1
the 1
the 1
the 1
the 1
the 1
the 1
the 1
the 1
the 1
the 1
the 1
the 1
the 1
the 1
the 1
the 1
the 1
the 1
the 1
the 1
the 1
the 1
the 1
the 1
the 1
the 1
the 1
the 1
the 1
the 1
the 1
the 1
the 1
the 1
the 1
the 1
the 1
the 1
the 1
the 1
the 1
the 1
the 1
the 1
the 1
the 1
the 1
the 1
the 1
the 1
the 1
the 1
the 1
the 1
the 1
the 1
the 1
the 1
the 1
the 1
the 1
the 1
the 1
the 1
the 1
the 1
the 1
the 1
the 1
the 1
the 1
the 1
the 1
the 1
the 1
the 1
the 1
the 1
the 1
the 1
the 1
the 1
the 1
the 1
the 1
the 1
the 1
the 1
the 1
the 1
the 1
the 1
the 1
the 1
the 1
the 1
the 1
the 1
the 1
the 1
the 1
the 1
the 1
the 1
the 1
the 1
the 1
the 1
the 1
the 1
the 1
the 1
the 1
the 1
the 1
the 1
the 1
the 1
the 1
the 1
the 1
the 1
the 1
the 1
the 1
the 1
the 1
the 1
the 1
the 1
the 1
the 1
the 1
the 1
the 1
the 1
the 1
the 1
the 1
the 1
the 1
the 1
the 1
the 1
the 1
the 1
the 1
the 1
the 1
the 1
the 1
the 1
the 1
the 1
the 1
the 1
the 1
the 1
the 1
the 1
the 1
the 1
the 1
the 1
the 1
the 1
the 1
the 1
the 1
the 1
the 1
the 1
the 1
the 1
the 1
the 1
the 1
the 1
the 1
the 1
the 1
the 1
the 1
the 1
the 1
the 1
the 1
the 1
the 1
the 1
the 1
the 1
the 1
the 1
the 1
the 1
the 1
the 1
the 1
the 1
the 1
the 1
the 1
the 1
the 1
the 1
the 1
the 1
the 1
the 1
the 1
the 1
the 1
the 1
the 1
the 1
the 1
the 1
the 1
the 1
the 1
the 1
the 1
the 1
the 1
the 1
the 1
the 1
the 1
the 1
the 1
the 1
the 1
the 1
the 1
the 1
the 1
the 1
the 1
the 1
the 1
the 1
the 1
the 1
the 1
the 1
the 1
the 1
the 1
the 1
the 1
the 1
the 1
the 1
the 1
the 1
the 1
the 1
the 1
the 1
the 1
the 1
the 1
the 1
the 1
the 1
the 1
the 1
the 1
the 1
the 1
the 1
the 1
the 1
the 1
the 1
the 1
the 1
the 1
the 1
the 1
the 1
the 1
the 1
the 1
the 1
the 1
the 1
the 1
the 1
the 1
the 1
the 1
the 1
the 1
the 1
the 1
the 1
the 1
the 1
the 1
the 1
the 1
the 1
the 1
the 1
the 1
the 1
the 1
the 1
the 1
the 1
the 1
the 1
the 1
the 1
the 1
the 1
the 1
the 1
the 1
the 1
the 1
the 1
the 1
the 1
the 1
the 1
the 1
the 1
the 1
the 1
the 1
the 1
the 1
the 1
the 1
the 1
the 1
the 1
the 1
the 1
the 1
the 1
the 1
the 1
the 1
the 1
the 1
the 1
the 1
the 1
the 1
the 1
the 1
the 1
the 1
the 1
the 1
the 1
the 1
the 1
the 1
the 1
the 1
the 1
the 1
the 1
the 1
the 1
the 1
the 1
the 1
the 1
the 1
the 1
the 1
the 1
the 1
the 1
the 1
the 1
the 1
the 1
the 1
the 1
the 1
the 1
the 1
the 1
the 1
the 1
the 1
the 1
the 1
the 1
the 1
the 1
the 1
the 1
the 1
the 1
the 1
the 1
the 1
the 1
the 1
the 1
the 1
the 1
the 1
the 1
the 1
the 1
the 1
the 1
the 1
the 1
the 1
the 1
the 1
the 1
the 1
the 1
the 1
the 1
the 1
the 1
the 1
the 1
the 1
the 1
the 1
the 1
the 1
the 1
the 1
the 1
the 1
the 1
the 1
the 1
the 1
the 1
the 1
the 1
the 1
the 1
the 1
the 1
the 1
the 1
the 1
the 1
the 1
the 1
the 1
the 1
the 1
the 1
the 1
the 1
the 1
the 1
the 1
the 1
the 1
the 1
the 1
the 1
the 1
the 1
the 1
the 1
the 1
the 1
the 1
the 1
the 1
the 1
the 1
the 1
the 1
the 1
the 1
the 1
the 1
the 1
the 1
the 1
the 1
the 1
the 1
the 1
the 1
the 1
the 1
the 1
the 1
the 1
the 1
the 1
the 1
the 1
the 1
the 1
the 1
the 1
the 1
the 1
the 1
the 1
the 1
the 1
the 1
the 1
the 1
the 1
the 1
the 1
the 1
the 1
the 1
the 1
the 1
the 1
the 1
the 1
the 1
the 1
the 1
the 1
the 1
the 1
the 1
the 1
the 1
the 1
the 1
the 1
the 1
the 1
the 1
the 1
the 1
the 1
the 1
the 1
the 1
the 1
the 1
the 1
the 1
the 1
the 1
the 1
the 1
the 1
the 1
the 1
the 1
the 1
the 1
the 1
the 1
the 1
the 1
the 1
the 1
the 1
the 1
the 1
the 1
the 1
the 1
the 1
the 1
the 1
the 1
the 1
the 1
the 1
the 1
the 1
the 1
the 1
the 1
the 1
the 1
the 1
the 1
the 1
the 1
the 1
the 1
the 1
the 1
the 1
the 1
the 1
the 1
the 1
the 1
the 1
the 1
the 1
the 1
the 1
the 1
the 1
the 1
the 1
the 1
the 1
the 1
the 1
the 1
the 1
the 1
the 1
the 1
the 1
the 1
the 1
the 1
the 1
the 1
the 1
the 1
the 1
the 1
the 1
the 1
the 1
the 1
the 1
the 1
the 1
the 1
the 1
the 1
the 1
the 1
the 1
the 1
the 1
the 1
the 1
the 1
the 1
the 1
the 1
the 1
the 1
the 1
the 1
the 1
the 1
the 1
the 1
the 1
the 1
the 1
the 1
the 1
the 1
the 1
the 1
the 1
the 1
the 1
the 1
the 1
the 1
the 1
the 1
the 1
the 1
the 1
the 1
the 1
the 1
the 1
the 1
the 1
the 1
the 1
the 1
the 1
the 1
the 1
the 1
the 1
the 1
the 1
the 1
the 1
theirs 1
theirs 1
theirs 1
theirs 1
theories 1
thirteen 1
throats 1
thunders 1
tinged 1
tinged 1
told 1
told 1
told 1
told 1
told 1
told 1
told 1
told 1
told 1
told 1
told 1
told 1
told 1
told 1
tormenting 1
tormenting 1
torturer 1
track 1
track 1
track 1
transfer 1
transitory 1
transitory 1
transitory 1
transitory 1
transport 1
traveller 1
traveller 1
traveller 1
traveller 1
traveller 1
treacherous 1
trouble 1
trouble 1
trouble 1
tumult 1
tumult 1
tumult 1
tumult 1
tumultuous 1
tumultuous 1
tumultuous 1
twinkling 1
tyrannical 1
uncovered 1
underwood 1
undisturbed 1
undisturbed 1
undisturbed 1
undoubtedly 1
uneven 1
unfailing 1
unfinished 1
unfinished 1
unfitted 1
unheard 1
united 1
united 1
united 1
united 1
united 1
united 1
unlimited 1
unmingled 1
unmingled 1
unmingled 1
unsupported 1
untimely 1
untimely 1
untrodden 1
unutterable 1
unvisited 1
up 1
up 1
up 1
up 1
up 1
up 1
up 1
up 1
up 1
up 1
up 1
up 1
up 1
up 1
up 1
up 1
up 1
up 1
up 1
up 1
up 1
up 1
up 1
up 1
up 1
up 1
up 1
up 1
up 1
up 1
up 1
up 1
up 1
up 1
up 1
up 1
up 1
up 1
up 1
up 1
up 1
up 1
up 1
up 1
up 1
up 1
up 1
up 1
up 1
up 1
up 1
up 1
up 1
up 1
up 1
up 1
up 1
up 1
up 1
up 1
up 1
up 1
up 1
up 1
up 1
up 1
up 1
up 1
up 1
up 1
up 1
up 1
up 1
use 1
use 1
use 1
use 1
use 1
use 1
use 1
use 1
use 1
use 1
use 1
use 1
use 1
use 1
use 1
use 1
use 1
use 1
use 1
used 1
used 1
used 1
used 1
used 1
used 1
user 1
user 1
user 1
uttered 1
uttered 1
uttered 1
uttered 1
uttered 1
uttered 1
uttered 1
uttered 1
uttered 1
vacancy 1
vacancy 1
varied 1
varied 1
varied 1
venting 1
view 1
view 1
view 1
view 1
view 1
view 1
view 1
view 1
view 1
view 1
view 1
view 1
view 1
view 1
view 1
villain 1
violates 1
violent 1
violent 1
violent 1
violent 1
violent 1
violent 1
violent 1
violent 1
visions 1
visions 1
visions 1
visions 1
visions 1
vowed 1
vowed 1
wail 1
waiting 1
waiting 1
walking 1
walking 1
walking 1
walking 1
walking 1
walking 1
walking 1
walls 1
walls 1
walls 1
walls 1
watching 1
watching 1
watching 1
watching 1
watching 1
watching 1
watching 1
watching 1
watching 1
watching 1
watching 1
watching 1
watching 1
waved 1
waved 1
way 1
way 1
way 1
way 1
way 1
way 1
way 1
way 1
way 1
way 1
way 1
way 1
way 1
way 1
way 1
way 1
way 1
way 1
way 1
way 1
weakness 1
weakness 1
weakness 1
weapons 1
weighs 1
while 1
while 1
while 1
while 1
while 1
while 1
while 1
while 1
while 1
while 1
while 1
while 1
while 1
while 1
while 1
while 1
while 1
while 1
while 1
while 1
while 1
while 1
while 1
while 1
while 1
while 1
while 1
while 1
while 1
while 1
while 1
while 1
while 1
while 1
while 1
while 1
while 1
while 1
while 1
while 1
while 1
while 1
while 1
while 1
while 1
while 1
while 1
while 1
while 1
while 1
while 1
while 1
while 1
while 1
while 1
while 1
while 1
while 1
while 1
whispered 1
whispered 1
whispered 1
whispered 1
wholly 1
wholly 1
wholly 1
whom 1
whom 1
whom 1
whom 1
whom 1
whom 1
whom 1
whom 1
whom 1
whom 1
whom 1
whom 1
whom 1
whom 1
whom 1
whom 1
whom 1
whom 1
whom 1
whom 1
whom 1
whom 1
whom 1
whom 1
whom 1
whom 1
whom 1
whom 1
whom 1
whom 1
whom 1
whom 1
whom 1
whom 1
whom 1
whom 1
whom 1
whom 1
whom 1
whom 1
whom 1
whom 1
whom 1
whom 1
whom 1
whom 1
whom 1
whom 1
whom 1
whom 1
whom 1
whom 1
whom 1
whom 1
whom 1
whom 1
whom 1
whom 1
whom 1
whom 1
whom 1
whom 1
whom 1
whom 1
whom 1
whom 1
whom 1
whom 1
whom 1
whom 1
whom 1
whom 1
whom 1
whom 1
whom 1
whom 1
whom 1
whom 1
whom 1
whom 1
whom 1
wicked 1
wicked 1
wider 1
wishes 1
wishes 1
wishes 1
wishes 1
wishes 1
wishes 1
wishes 1
wreaked 1
