AK 1
Acting 1
Agatha 1
Agatha 1
Agatha 1
Agatha 1
Agatha 1
Agatha 1
Agatha 1
Agatha 1
Agatha 1
Agatha 1
Agatha 1
Agatha 1
Agatha 1
Agatha 1
Agatha 1
Alan 1
Alan 1
Alan 1
Alan 1
Alan 1
Alan 1
Alan 1
Alan 1
Alan 1
Alan 1
Alan 1
Alan 1
Alan 1
Alan 1
Alan 1
Alan 1
Alan 1
Alan 1
Alan 1
Alan 1
Alan 1
Alan 1
Alan 1
Alan 1
Alan 1
Alan 1
Alan 1
Alan 1
Alan 1
Alan 1
Alan 1
Alan 1
Alan 1
Although 1
Amsterdam 1
Anastasius 1
Arabian 1
Arabian 1
Arch 1
Arch 1
Atalanta 1
Beer 1
Bernal 1
Beside 1
Bride 1
Burdon 1
Burdon 1
Burlington 1
Can 1
Can 1
Can 1
Can 1
Can 1
Can 1
Can 1
Colosseum 1
Contact 1
Country 1
Crowned 1
Cruelty 1
Cry 1
Cupids 1
Cupids 1
Cupids 1
Danby 1
Darlington 1
Dartmoor 1
Dartmoor 1
Dartmoor 1
Dartmoor 1
Dartmoor 1
Darwinismus 1
Deny 1
Destiny 1
District 1
Draw 1
EBook 1
EBook 1
Englishman 1
Eton 1
Eton 1
Even 1
Even 1
Even 1
Even 1
Even 1
Even 1
Even 1
Even 1
Even 1
Even 1
Even 1
Even 1
Even 1
Experience 1
F 1
F 1
F 1
F 1
F 1
F 1
F 1
F 1
F 1
F 1
F 1
Florence 1
Formosus 1
Ginevra 1
Gladys 1
Gladys 1
Gladys 1
Gladys 1
Gladys 1
Gladys 1
Gladys 1
Gladys 1
Gladys 1
Gladys 1
Gothic 1
HAVE 1
Homburg 1
However 1
However 1
However 1
However 1
However 1
However 1
However 1
Hush 1
Hush 1
IRS 1
Innocent 1
Innocent 1
Innocent 1
Inside 1
Inside 1
Its 1
Its 1
Its 1
Its 1
Its 1
Its 1
Its 1
Its 1
Its 1
Its 1
Its 1
Its 1
Its 1
Jetant 1
Jim 1
Jim 1
Jim 1
Jim 1
Jim 1
Jim 1
Jim 1
Jim 1
Jim 1
Jim 1
Jim 1
Jim 1
Jim 1
Jim 1
Jim 1
Joyeuse 1
July 1
July 1
KIND 1
Language 1
Laughter 1
Leaning 1
MERCHANTIBILITY 1
Malabar 1
Moderation 1
Money 1
Money 1
Money 1
Mrs 1
Mrs 1
Mrs 1
Mrs 1
Mrs 1
Mrs 1
Mrs 1
Mrs 1
Mrs 1
Mrs 1
Mrs 1
My 1
My 1
My 1
My 1
My 1
My 1
My 1
My 1
My 1
My 1
My 1
My 1
My 1
My 1
My 1
My 1
My 1
My 1
My 1
My 1
My 1
My 1
My 1
My 1
My 1
My 1
My 1
My 1
My 1
My 1
My 1
My 1
My 1
My 1
My 1
My 1
My 1
My 1
My 1
My 1
My 1
My 1
My 1
My 1
My 1
My 1
My 1
My 1
My 1
My 1
My 1
My 1
My 1
My 1
My 1
My 1
My 1
My 1
My 1
My 1
My 1
My 1
My 1
NOTICE 1
Names 1
Neronian 1
Noiselessly 1
None 1
Now 1
Now 1
Now 1
Now 1
Now 1
Now 1
Now 1
Now 1
Now 1
Now 1
Now 1
Now 1
Now 1
Now 1
Now 1
Now 1
OTHER 1
One 1
One 1
One 1
One 1
One 1
One 1
One 1
One 1
One 1
One 1
One 1
One 1
One 1
One 1
One 1
One 1
One 1
One 1
One 1
One 1
One 1
One 1
One 1
One 1
One 1
One 1
One 1
One 1
One 1
One 1
One 1
One 1
One 1
One 1
One 1
Orleans 1
Orleans 1
Orleans 1
Out 1
Out 1
Out 1
PREFACE 1
Plate 1
Plato 1
Polyssena 1
Poor 1
Poor 1
Poor 1
Poor 1
Poor 1
Poor 1
Poor 1
Poor 1
Poor 1
Poor 1
Poor 1
Queen 1
Queen 1
Queen 1
Queen 1
Queen 1
Radical 1
Radical 1
Refund 1
Replacement 1
Right 1
Rio 1
Romanticists 1
Rue 1
START 1
START 1
Satyricon 1
Sebastian 1
Seine 1
Shakespeare 1
Shakespeare 1
Shakespeare 1
Shakespeare 1
Shakespeare 1
Shakespeare 1
Shakespeare 1
Shrill 1
Sin 1
Sin 1
Sitting 1
Some 1
Some 1
Some 1
Some 1
Some 1
Some 1
Some 1
Some 1
Some 1
Some 1
Some 1
Some 1
Some 1
Some 1
Some 1
Some 1
Some 1
Some 1
Some 1
Some 1
Sphinxes 1
Sphinxes 1
States 1
States 1
States 1
States 1
States 1
States 1
States 1
States 1
States 1
States 1
Stock 1
Sunday 1
Sunday 1
Surely 1
Surely 1
Surely 1
Surely 1
Surely 1
Surely 1
Surely 1
Surely 1
Surely 1
Tavern 1
Three 1
Three 1
Three 1
Three 1
Thus 1
Title 1
Tories 1
Tories 1
Valentinois 1
Valois 1
Venetian 1
Venetian 1
Venetian 1
Venetian 1
Venetian 1
Venetian 1
Venice 1
Venice 1
Venice 1
Willoughby 1
With 1
With 1
With 1
With 1
With 1
With 1
With 1
With 1
With 1
With 1
Yard 1
Yellow 1
Yet 1
Yet 1
Yet 1
Yet 1
Yet 1
Yet 1
Yet 1
Yet 1
Yet 1
Yet 1
Yet 1
Yet 1
Yet 1
Yet 1
Yet 1
Yet 1
Yet 1
Yet 1
Yet 1
Yet 1
Yet 1
absorbed 1
absorbed 1
absorbed 1
absorbed 1
absorbed 1
abstract 1
abstract 1
absurdly 1
absurdly 1
absurdly 1
academicians 1
accidental 1
accounts 1
accounts 1
acknowledge 1
acknowledge 1
actors 1
actors 1
actuality 1
adopt 1
agate 1
agate 1
allowed 1
allowed 1
allowed 1
allowed 1
allowed 1
allowed 1
allowed 1
allowed 1
allowed 1
amazed 1
amazed 1
anodyne 1
answer 1
answer 1
answer 1
answer 1
answer 1
answer 1
answer 1
answer 1
answer 1
answer 1
answer 1
answer 1
answer 1
answer 1
answer 1
answer 1
answer 1
answer 1
answer 1
answer 1
answer 1
answer 1
answer 1
answer 1
answer 1
answer 1
answer 1
answer 1
answer 1
answer 1
answer 1
answer 1
approach 1
arcade 1
argue 1
argue 1
argue 1
aromatic 1
aromatic 1
arrange 1
artificial 1
artificial 1
artificial 1
ascent 1
ascent 1
associate 1
associate 1
assuring 1
ate 1
ate 1
atmosphere 1
atmosphere 1
atones 1
attack 1
attack 1
attempted 1
attention 1
attention 1
attention 1
attention 1
attention 1
attention 1
attention 1
attitude 1
au 1
au 1
audacious 1
audience 1
audience 1
audience 1
audience 1
audience 1
audience 1
autumn 1
autumn 1
awfully 1
awfully 1
awfully 1
awfully 1
awfully 1
awfully 1
awfully 1
awfully 1
badly 1
badly 1
badly 1
badly 1
badly 1
badly 1
bank 1
barbaric 1
bargain 1
bargain 1
bargaining 1
basis 1
basis 1
basis 1
basis 1
basis 1
beasts 1
beat 1
beat 1
beat 1
beaters 1
beaters 1
beating 1
beating 1
beating 1
beating 1
beautifully 1
becomes 1
becomes 1
becomes 1
becomes 1
becomes 1
becomes 1
becomes 1
begins 1
begins 1
begins 1
believe 1
believe 1
believe 1
believe 1
believe 1
believe 1
believe 1
believe 1
believe 1
believe 1
believe 1
believe 1
believe 1
believe 1
believe 1
believe 1
believe 1
believe 1
believe 1
believe 1
believe 1
believe 1
believe 1
believe 1
believe 1
believe 1
believe 1
believe 1
believe 1
believe 1
believe 1
believe 1
believe 1
believe 1
believe 1
believe 1
believe 1
believe 1
believe 1
believe 1
believe 1
believe 1
believe 1
believe 1
believe 1
believe 1
believe 1
believe 1
believed 1
believed 1
believed 1
believed 1
beside 1
beside 1
beside 1
beside 1
beside 1
beside 1
beside 1
beside 1
beside 1
beside 1
bills 1
bills 1
birds 1
birds 1
birds 1
birds 1
birds 1
birds 1
birds 1
birds 1
birds 1
birds 1
birds 1
bismuth 1
bits 1
bits 1
blended 1
blow 1
blow 1
blowing 1
boar 1
bonds 1
bore 1
bore 1
bore 1
bore 1
bore 1
bored 1
bored 1
bored 1
bored 1
bored 1
bored 1
bored 1
bored 1
bottle 1
bottle 1
bottle 1
bottle 1
boughs 1
boy 1
boy 1
boy 1
boy 1
boy 1
boy 1
boy 1
boy 1
boy 1
boy 1
boy 1
boy 1
boy 1
boy 1
boy 1
boy 1
boy 1
boy 1
boy 1
boy 1
boy 1
boy 1
boy 1
boy 1
boy 1
boy 1
boy 1
boy 1
boy 1
boy 1
boy 1
boy 1
boy 1
boy 1
boy 1
bracken 1
branches 1
branches 1
branches 1
brawling 1
breasted 1
breathing 1
breathing 1
breed 1
broideries 1
brown 1
brown 1
brown 1
brown 1
brown 1
brown 1
brown 1
brown 1
brush 1
bunch 1
bunch 1
bush 1
buy 1
buy 1
callousness 1
cap 1
cap 1
cap 1
cap 1
cap 1
cap 1
capital 1
capital 1
capital 1
capricious 1
cart 1
cart 1
caste 1
category 1
censer 1
chamber 1
chamber 1
chamber 1
chamber 1
chap 1
chap 1
cheques 1
cheques 1
chests 1
childhood 1
chocolate 1
chocolate 1
chuck 1
classes 1
classes 1
classes 1
classes 1
cleaned 1
coils 1
cold 1
cold 1
cold 1
cold 1
cold 1
cold 1
cold 1
cold 1
cold 1
cold 1
cold 1
cold 1
cold 1
cold 1
cold 1
cold 1
cold 1
cold 1
cold 1
comply 1
comply 1
comply 1
comply 1
comply 1
comply 1
conception 1
conception 1
conditions 1
conditions 1
considers 1
consistency 1
contact 1
contact 1
contact 1
contact 1
containing 1
contrary 1
corked 1
costume 1
costume 1
costume 1
costume 1
costume 1
couches 1
crept 1
crept 1
crept 1
crept 1
crept 1
crept 1
crept 1
crept 1
crept 1
crept 1
crept 1
crept 1
crept 1
crept 1
crept 1
crept 1
crept 1
crinkled 1
crop 1
crop 1
cross 1
crushed 1
crushed 1
crushed 1
crushed 1
culminated 1
cultured 1
cup 1
cup 1
cup 1
cup 1
cup 1
cup 1
cup 1
cup 1
cup 1
curl 1
cursed 1
cursed 1
cushions 1
cylindrical 1
cymophane 1
d 1
d 1
d 1
d 1
d 1
daintily 1
daisies 1
daisies 1
dalmatics 1
dangerous 1
dangerous 1
dangerous 1
dangerous 1
dangerous 1
dangerous 1
dangerous 1
dangerous 1
dare 1
dare 1
dare 1
dare 1
dare 1
dare 1
dare 1
dare 1
dare 1
dare 1
dare 1
dared 1
dared 1
dared 1
dared 1
daren 1
dashing 1
dawn 1
dawn 1
dawn 1
dawn 1
dawn 1
dawn 1
dawn 1
dawn 1
day 1
day 1
day 1
day 1
day 1
day 1
day 1
day 1
day 1
day 1
day 1
day 1
day 1
day 1
day 1
day 1
day 1
day 1
day 1
day 1
day 1
day 1
day 1
day 1
day 1
day 1
day 1
day 1
day 1
day 1
day 1
day 1
day 1
day 1
day 1
day 1
day 1
day 1
day 1
day 1
day 1
day 1
day 1
day 1
day 1
day 1
day 1
day 1
day 1
day 1
day 1
day 1
day 1
day 1
day 1
day 1
day 1
day 1
day 1
day 1
day 1
day 1
day 1
day 1
day 1
day 1
day 1
day 1
day 1
day 1
day 1
day 1
day 1
day 1
day 1
day 1
day 1
dazed 1
dazed 1
deadlier 1
dealt 1
dealt 1
dealt 1
debauchery 1
debauchery 1
debonair 1
decide 1
decide 1
decline 1
declined 1
decoration 1
decoration 1
decoration 1
definitions 1
deformed 1
degrade 1
degrade 1
degraded 1
degree 1
delicately 1
deny 1
depend 1
desired 1
desired 1
desired 1
destiny 1
details 1
details 1
details 1
details 1
dictate 1
dictate 1
die 1
die 1
die 1
die 1
die 1
die 1
die 1
die 1
die 1
die 1
die 1
die 1
die 1
die 1
died 1
died 1
died 1
died 1
died 1
died 1
died 1
died 1
died 1
died 1
died 1
died 1
died 1
died 1
died 1
died 1
died 1
died 1
died 1
died 1
dine 1
dine 1
dine 1
dine 1
dine 1
dine 1
dine 1
dine 1
dine 1
dine 1
dine 1
dinner 1
dinner 1
dinner 1
dinner 1
dinner 1
dinner 1
dinner 1
dinner 1
dinner 1
dinner 1
dinner 1
dinner 1
dinner 1
dinner 1
dinner 1
dinner 1
dinner 1
dinner 1
dinner 1
dinner 1
directly 1
directly 1
directness 1
disagree 1
disarm 1
diseased 1
disguises 1
disquiet 1
dissatisfied 1
distributing 1
distributing 1
distributing 1
distributing 1
distributing 1
distributing 1
distributing 1
divinest 1
domes 1
doorstep 1
drawn 1
drawn 1
drawn 1
drawn 1
drawn 1
drawn 1
dreadfully 1
dreadfully 1
dreadfully 1
dreadfully 1
dreadfully 1
dreadfully 1
dreadfully 1
dreadfully 1
dreadfully 1
dreadfully 1
drew 1
drew 1
drew 1
drew 1
drew 1
drew 1
drew 1
drew 1
drew 1
drew 1
drew 1
drew 1
drew 1
drew 1
drew 1
drew 1
drew 1
drew 1
drew 1
drew 1
drew 1
drew 1
drew 1
drink 1
drink 1
drink 1
due 1
due 1
due 1
due 1
due 1
duties 1
dyed 1
dyed 1
ease 1
ease 1
ease 1
egos 1
elder 1
elder 1
elder 1
elder 1
elder 1
elder 1
elder 1
elevated 1
elevated 1
embroidered 1
embroidered 1
embroidered 1
embroidered 1
embroidered 1
embroidered 1
embroidered 1
embroidered 1
embroidered 1
embroidered 1
embroidered 1
embroidered 1
embroideries 1
emeraults 1
employee 1
enamoured 1
enamoured 1
enamoured 1
enamoured 1
enormous 1
enormous 1
entrance 1
entrance 1
envelope 1
envelope 1
envy 1
epigrams 1
especial 1
even 1
even 1
even 1
even 1
even 1
even 1
even 1
even 1
even 1
even 1
even 1
even 1
even 1
even 1
even 1
even 1
even 1
even 1
even 1
even 1
even 1
even 1
even 1
even 1
even 1
even 1
even 1
even 1
even 1
even 1
even 1
even 1
even 1
even 1
even 1
even 1
even 1
evening 1
evening 1
evening 1
evening 1
evening 1
evening 1
evening 1
evening 1
evening 1
evening 1
evening 1
evening 1
evening 1
evening 1
evening 1
evening 1
evening 1
evening 1
evening 1
evening 1
evening 1
evening 1
evening 1
evening 1
evening 1
evening 1
evil 1
evil 1
evil 1
evil 1
evil 1
evil 1
evil 1
evil 1
evil 1
evil 1
evil 1
evil 1
evil 1
evil 1
evil 1
evil 1
exceed 1
excessively 1
excuses 1
excuses 1
excusing 1
exhibited 1
explains 1
expression 1
expression 1
expression 1
expression 1
expression 1
expression 1
expression 1
expression 1
expression 1
expression 1
expression 1
expression 1
expression 1
expression 1
expression 1
expression 1
expression 1
expression 1
expression 1
expression 1
expression 1
expression 1
expression 1
expression 1
expression 1
expression 1
exquisites 1
facile 1
failing 1
faith 1
faith 1
falls 1
families 1
fashion 1
fashionable 1
fashionable 1
fashionable 1
fashionable 1
fashionable 1
fashionable 1
fashionable 1
fashionable 1
fashionable 1
feed 1
feed 1
feeding 1
feeling 1
feeling 1
feeling 1
feeling 1
feeling 1
feeling 1
feeling 1
feeling 1
feeling 1
feeling 1
feeling 1
feeling 1
feeling 1
feeling 1
feeling 1
feeling 1
feeling 1
feeling 1
feeling 1
feeling 1
few 1
few 1
few 1
few 1
few 1
few 1
few 1
few 1
few 1
few 1
few 1
few 1
few 1
few 1
few 1
few 1
few 1
few 1
few 1
few 1
few 1
few 1
few 1
few 1
few 1
few 1
few 1
few 1
few 1
few 1
few 1
few 1
few 1
few 1
few 1
few 1
few 1
few 1
few 1
few 1
few 1
fibre 1
fibre 1
fibre 1
fibre 1
fierce 1
fifty 1
fifty 1
fifty 1
figure 1
figure 1
figure 1
figure 1
figure 1
figure 1
figure 1
figure 1
figure 1
figured 1
figured 1
figured 1
figured 1
figured 1
figured 1
file 1
file 1
file 1
file 1
fist 1
fits 1
flamelike 1
flaunt 1
flaunt 1
flitted 1
flitted 1
flitted 1
flitted 1
flowers 1
flowers 1
flowers 1
flowers 1
flowers 1
flowers 1
flowers 1
flowers 1
flowers 1
flowers 1
flowers 1
flowers 1
flowers 1
flowers 1
fluted 1
follows 1
foreigners 1
foreigners 1
foreigners 1
forests 1
forgotten 1
forgotten 1
forgotten 1
forgotten 1
forgotten 1
forgotten 1
forgotten 1
forgotten 1
forgotten 1
forgotten 1
forgotten 1
forgotten 1
formats 1
formats 1
fortunate 1
fortunate 1
fortunate 1
fortunate 1
fortunate 1
forwards 1
freckled 1
freckled 1
friend 1
friend 1
friend 1
friend 1
friend 1
friend 1
friend 1
friend 1
friend 1
friend 1
friend 1
friend 1
friend 1
friend 1
friend 1
friend 1
friend 1
friend 1
friend 1
friend 1
friend 1
friend 1
friend 1
friend 1
friend 1
friend 1
friend 1
friend 1
friend 1
friend 1
frocks 1
frocks 1
further 1
further 1
further 1
gained 1
gasped 1
gasped 1
gazing 1
gazing 1
gazing 1
gazing 1
gazing 1
gazing 1
gazing 1
gazing 1
gazing 1
gazing 1
gazing 1
generation 1
gestures 1
gestures 1
gestures 1
gestures 1
get 1
get 1
get 1
get 1
get 1
get 1
get 1
get 1
get 1
get 1
get 1
get 1
get 1
get 1
get 1
get 1
get 1
get 1
get 1
get 1
get 1
get 1
get 1
get 1
get 1
get 1
get 1
get 1
get 1
get 1
get 1
get 1
get 1
get 1
get 1
get 1
get 1
get 1
get 1
get 1
get 1
get 1
get 1
get 1
get 1
ginger 1
girl 1
girl 1
girl 1
girl 1
girl 1
girl 1
girl 1
girl 1
girl 1
girl 1
girl 1
girl 1
girl 1
girl 1
girl 1
girl 1
girl 1
girl 1
girl 1
girl 1
girl 1
girl 1
girl 1
girl 1
girl 1
girl 1
girl 1
girl 1
girl 1
girl 1
girl 1
girl 1
girl 1
girl 1
girl 1
girl 1
girl 1
girl 1
girl 1
girl 1
girl 1
gleam 1
gleam 1
gleam 1
gleam 1
gleam 1
god 1
god 1
grandson 1
grandson 1
grandson 1
grandson 1
grandson 1
gratification 1
grotesqueness 1
grumbled 1
grumbled 1
guessed 1
guide 1
hang 1
hang 1
hansom 1
hansom 1
hansom 1
hansom 1
hansom 1
hansom 1
hansom 1
hansom 1
hansom 1
hare 1
hare 1
hare 1
hare 1
hastened 1
hatred 1
hatred 1
hazard 1
head 1
head 1
head 1
head 1
head 1
head 1
head 1
head 1
head 1
head 1
head 1
head 1
head 1
head 1
head 1
head 1
head 1
head 1
head 1
head 1
head 1
head 1
head 1
head 1
head 1
head 1
head 1
head 1
head 1
head 1
head 1
head 1
head 1
head 1
head 1
head 1
head 1
head 1
head 1
head 1
head 1
head 1
head 1
head 1
head 1
head 1
head 1
head 1
head 1
head 1
head 1
head 1
head 1
hear 1
hear 1
hear 1
hear 1
hear 1
hear 1
hear 1
hear 1
hear 1
hear 1
hear 1
hear 1
hear 1
hear 1
hear 1
hear 1
hear 1
hear 1
hear 1
hear 1
hear 1
heavily 1
heavily 1
heavily 1
helped 1
helped 1
helped 1
helped 1
herbs 1
hidden 1
hidden 1
hidden 1
hidden 1
hidden 1
hidden 1
hidden 1
hidden 1
hidden 1
hidden 1
hidden 1
hidden 1
hidden 1
hide 1
hide 1
hide 1
hide 1
hide 1
hide 1
hide 1
high 1
high 1
high 1
high 1
high 1
high 1
high 1
high 1
high 1
historians 1
hoisted 1
holds 1
horned 1
horned 1
however 1
however 1
however 1
however 1
however 1
however 1
however 1
however 1
however 1
however 1
however 1
however 1
however 1
however 1
however 1
however 1
however 1
http 1
http 1
http 1
http 1
http 1
http 1
http 1
http 1
hurry 1
hurry 1
hymn 1
ideas 1
ideas 1
ideas 1
ideas 1
ideas 1
imagination 1
imagination 1
imagination 1
imagination 1
imagination 1
imagination 1
imagination 1
imagination 1
imagination 1
imagination 1
imagination 1
imagination 1
imagination 1
imagination 1
imagination 1
imagination 1
immense 1
immense 1
implied 1
importance 1
importance 1
importance 1
importance 1
importance 1
importance 1
importance 1
increased 1
increased 1
individualism 1
individualism 1
industry 1
inferior 1
iniquities 1
iniquities 1
inner 1
inseparable 1
inseparable 1
inseparable 1
inseparable 1
insincere 1
insincere 1
insincere 1
instinct 1
instinct 1
instinct 1
instinct 1
instinct 1
instinct 1
instinct 1
invested 1
invitations 1
irretrievable 1
ivy 1
ivy 1
jacinths 1
jest 1
jest 1
jets 1
jets 1
jets 1
jockeys 1
just 1
just 1
just 1
just 1
just 1
just 1
just 1
just 1
just 1
just 1
just 1
just 1
just 1
just 1
just 1
just 1
just 1
just 1
just 1
just 1
just 1
just 1
just 1
just 1
just 1
just 1
just 1
just 1
just 1
just 1
just 1
just 1
just 1
just 1
just 1
just 1
just 1
just 1
keeps 1
keeps 1
kiss 1
kiss 1
kiss 1
kiss 1
knitting 1
knock 1
knock 1
knock 1
knock 1
knock 1
knock 1
knock 1
knock 1
knows 1
knows 1
knows 1
knows 1
knows 1
knows 1
knows 1
knows 1
knows 1
knows 1
knows 1
knows 1
label 1
laburnum 1
laburnum 1
lacis 1
lady 1
lady 1
lady 1
lady 1
lady 1
lady 1
lady 1
lady 1
lady 1
lamp 1
lamp 1
lamp 1
lamp 1
lamp 1
lamp 1
lamp 1
lamp 1
lamp 1
lamp 1
lamp 1
language 1
language 1
language 1
last 1
last 1
last 1
last 1
last 1
last 1
last 1
last 1
last 1
last 1
last 1
last 1
last 1
last 1
last 1
last 1
last 1
last 1
last 1
last 1
last 1
last 1
last 1
last 1
last 1
last 1
last 1
last 1
last 1
last 1
last 1
last 1
last 1
last 1
last 1
last 1
last 1
last 1
last 1
last 1
last 1
last 1
last 1
last 1
last 1
last 1
last 1
last 1
last 1
latticed 1
laughed 1
laughed 1
laughed 1
laughed 1
laughed 1
laughed 1
laughed 1
laughed 1
laughed 1
laughed 1
laughed 1
laughed 1
laughed 1
laughed 1
laughed 1
laughed 1
laughed 1
laughed 1
laughed 1
laughed 1
laughed 1
laughed 1
laughed 1
laughed 1
laughed 1
laughed 1
laughed 1
laughed 1
laughed 1
laughed 1
laughed 1
laughed 1
laughed 1
laughed 1
laughed 1
laughed 1
laughed 1
laughed 1
laughed 1
laughed 1
laughed 1
lay 1
lay 1
lay 1
lay 1
lay 1
lay 1
lay 1
lay 1
lay 1
lay 1
lay 1
lay 1
leagues 1
legally 1
les 1
lesson 1
lesson 1
lesson 1
letter 1
letter 1
letter 1
letter 1
letter 1
letter 1
letter 1
letter 1
letter 1
letter 1
letter 1
letter 1
letter 1
letter 1
letter 1
lidded 1
lie 1
lie 1
lie 1
lie 1
likeness 1
likeness 1
likeness 1
likeness 1
lined 1
lined 1
lined 1
lined 1
list 1
listened 1
listened 1
listened 1
listened 1
listened 1
literary 1
literary 1
litter 1
litter 1
live 1
live 1
live 1
live 1
live 1
live 1
live 1
live 1
live 1
live 1
live 1
live 1
live 1
live 1
live 1
live 1
live 1
live 1
live 1
live 1
live 1
live 1
live 1
live 1
live 1
live 1
locations 1
locations 1
looked 1
looked 1
looked 1
looked 1
looked 1
looked 1
looked 1
looked 1
looked 1
looked 1
looked 1
looked 1
looked 1
looked 1
looked 1
looked 1
looked 1
looked 1
looked 1
looked 1
looked 1
looked 1
looked 1
looked 1
looked 1
looked 1
looked 1
looked 1
looked 1
looked 1
looked 1
looked 1
looked 1
looked 1
looked 1
looked 1
looked 1
looked 1
looked 1
looked 1
looked 1
looked 1
looked 1
looked 1
looked 1
looked 1
looked 1
looked 1
looked 1
looked 1
looked 1
looked 1
looked 1
looked 1
looked 1
looked 1
looked 1
looked 1
looked 1
looked 1
looked 1
looked 1
looked 1
looked 1
looked 1
looked 1
looked 1
looked 1
looked 1
looked 1
looked 1
looked 1
looked 1
looked 1
looked 1
looked 1
looked 1
looked 1
looked 1
looked 1
looked 1
looked 1
looked 1
looked 1
looked 1
looked 1
looked 1
looked 1
looked 1
looked 1
looked 1
looked 1
looked 1
looked 1
lover 1
lover 1
lover 1
lover 1
lover 1
low 1
low 1
low 1
low 1
low 1
low 1
low 1
low 1
low 1
low 1
low 1
low 1
low 1
low 1
low 1
low 1
low 1
lowest 1
lucky 1
lunching 1
lustreless 1
luxurious 1
luxurious 1
maladies 1
maladies 1
maladies 1
mania 1
mar 1
mar 1
mar 1
mar 1
mar 1
mar 1
market 1
marring 1
meanings 1
meanings 1
mediaeval 1
mediaeval 1
mediaeval 1
melodramatic 1
melodramatic 1
mention 1
mention 1
mention 1
mention 1
mention 1
mention 1
mighty 1
mildew 1
miserable 1
miserable 1
misfortune 1
modification 1
moment 1
moment 1
moment 1
moment 1
moment 1
moment 1
moment 1
moment 1
moment 1
moment 1
moment 1
moment 1
moment 1
moment 1
moment 1
moment 1
moment 1
moment 1
moment 1
moment 1
moment 1
moment 1
moment 1
moment 1
moment 1
moment 1
moment 1
moment 1
moment 1
moment 1
moment 1
moment 1
moment 1
moment 1
moment 1
moment 1
moment 1
moment 1
moment 1
moment 1
moment 1
moment 1
moment 1
moment 1
moment 1
moment 1
moment 1
moment 1
moment 1
moment 1
moment 1
moment 1
moment 1
moment 1
moment 1
moment 1
moment 1
moment 1
moment 1
moment 1
moment 1
moment 1
moment 1
moment 1
moment 1
moment 1
moment 1
moment 1
moons 1
morse 1
motive 1
motive 1
motive 1
motive 1
moue 1
mouths 1
mouths 1
mouths 1
mules 1
multiply 1
musicians 1
myself 1
myself 1
myself 1
myself 1
myself 1
myself 1
myself 1
myself 1
myself 1
myself 1
myself 1
myself 1
myself 1
myself 1
myself 1
myself 1
myself 1
myself 1
myself 1
myself 1
myself 1
myself 1
myself 1
myself 1
myself 1
myself 1
myself 1
myself 1
myself 1
myself 1
myself 1
myself 1
myself 1
myself 1
myself 1
myself 1
myself 1
myself 1
myself 1
myself 1
myself 1
myself 1
myself 1
myself 1
myself 1
myself 1
myself 1
nameless 1
narrowed 1
necked 1
nerve 1
nerve 1
nerve 1
nerve 1
nerve 1
new 1
new 1
new 1
new 1
new 1
new 1
new 1
new 1
new 1
new 1
new 1
new 1
new 1
new 1
new 1
new 1
new 1
new 1
new 1
new 1
new 1
new 1
new 1
new 1
new 1
new 1
new 1
new 1
new 1
new 1
new 1
new 1
new 1
new 1
new 1
new 1
new 1
new 1
new 1
new 1
nigh 1
nigh 1
night 1
night 1
night 1
night 1
night 1
night 1
night 1
night 1
night 1
night 1
night 1
night 1
night 1
night 1
night 1
night 1
night 1
night 1
night 1
night 1
night 1
night 1
night 1
night 1
night 1
night 1
night 1
night 1
night 1
night 1
night 1
night 1
night 1
night 1
night 1
night 1
night 1
night 1
night 1
night 1
night 1
night 1
night 1
night 1
night 1
night 1
night 1
night 1
night 1
night 1
night 1
night 1
night 1
night 1
night 1
night 1
night 1
night 1
night 1
night 1
night 1
night 1
night 1
night 1
night 1
night 1
night 1
night 1
night 1
night 1
night 1
night 1
night 1
night 1
night 1
night 1
night 1
night 1
night 1
night 1
night 1
night 1
night 1
night 1
night 1
night 1
night 1
night 1
night 1
night 1
night 1
night 1
night 1
night 1
night 1
night 1
night 1
noble 1
noble 1
noble 1
noble 1
noble 1
noise 1
novel 1
novel 1
novel 1
novel 1
novel 1
novel 1
novel 1
nugget 1
nugget 1
observe 1
occupants 1
occur 1
occur 1
occur 1
oil 1
oratory 1
our 1
our 1
our 1
our 1
our 1
our 1
our 1
our 1
our 1
our 1
our 1
our 1
our 1
our 1
our 1
our 1
our 1
our 1
our 1
our 1
our 1
our 1
our 1
our 1
our 1
our 1
our 1
our 1
our 1
our 1
our 1
our 1
our 1
our 1
our 1
our 1
our 1
our 1
our 1
our 1
our 1
our 1
our 1
our 1
our 1
our 1
our 1
our 1
our 1
our 1
our 1
our 1
our 1
our 1
our 1
our 1
our 1
our 1
our 1
our 1
our 1
our 1
our 1
our 1
our 1
our 1
our 1
oval 1
oval 1
oval 1
overdraw 1
overheard 1
overtired 1
pages 1
pages 1
pages 1
pages 1
pages 1
palmers 1
panegyric 1
parts 1
parts 1
passage 1
passage 1
passage 1
passions 1
passions 1
passions 1
passions 1
passions 1
passions 1
passions 1
passions 1
passions 1
passions 1
passions 1
passions 1
passions 1
passions 1
passions 1
passions 1
passions 1
passions 1
passions 1
passions 1
passions 1
passions 1
passions 1
pattern 1
pattern 1
pattern 1
pattern 1
pattern 1
peacefully 1
peasant 1
peer 1
peering 1
peering 1
peering 1
pheasant 1
philanthropy 1
philanthropy 1
picked 1
picked 1
picked 1
picturesque 1
picturesque 1
picturesque 1
pigeon 1
pink 1
pink 1
pink 1
pink 1
pink 1
pink 1
pink 1
pink 1
pink 1
pity 1
pity 1
pity 1
pity 1
pity 1
pity 1
pity 1
pity 1
pity 1
pity 1
pity 1
pity 1
pity 1
pity 1
pity 1
pity 1
pity 1
places 1
places 1
places 1
places 1
places 1
places 1
places 1
places 1
plants 1
please 1
please 1
please 1
please 1
please 1
pocket 1
pocket 1
pocket 1
pocket 1
pocket 1
poisoning 1
poisoning 1
pool 1
pool 1
pork 1
pork 1
pork 1
pouring 1
pouring 1
powdered 1
powdered 1
powdered 1
praised 1
preacher 1
preserve 1
preserved 1
pretending 1
pretending 1
pride 1
pride 1
pride 1
pride 1
pride 1
pride 1
pride 1
produce 1
produce 1
produced 1
produced 1
produced 1
produced 1
produced 1
produced 1
produced 1
profit 1
profit 1
profligacies 1
promises 1
proofread 1
proud 1
proud 1
proud 1
proud 1
proud 1
proud 1
proud 1
prove 1
prove 1
prudence 1
puritanism 1
pursuit 1
puts 1
puts 1
quay 1
quay 1
quicken 1
quickly 1
quickly 1
quickly 1
quickly 1
quickly 1
quickly 1
quite 1
quite 1
quite 1
quite 1
quite 1
quite 1
quite 1
quite 1
quite 1
quite 1
quite 1
quite 1
quite 1
quite 1
quite 1
quite 1
quite 1
quite 1
quite 1
quite 1
quite 1
quite 1
quite 1
quite 1
quite 1
quite 1
quite 1
quite 1
quite 1
quite 1
quite 1
quite 1
quite 1
quite 1
quite 1
quite 1
quite 1
quite 1
quite 1
quite 1
quite 1
quite 1
quite 1
quite 1
quite 1
quite 1
quite 1
quite 1
quite 1
quite 1
quite 1
quite 1
quite 1
quite 1
quite 1
quite 1
quite 1
quite 1
quite 1
quite 1
quite 1
quite 1
quite 1
quite 1
quite 1
quite 1
quite 1
quite 1
quite 1
quite 1
quite 1
quite 1
quite 1
quite 1
quite 1
quite 1
quite 1
quite 1
quite 1
quite 1
quite 1
quite 1
quite 1
quite 1
quite 1
quite 1
quite 1
quite 1
quite 1
quite 1
quite 1
quite 1
quite 1
quite 1
quite 1
quite 1
quite 1
quite 1
quite 1
quite 1
quite 1
quivering 1
quivering 1
raise 1
raise 1
raise 1
rather 1
rather 1
rather 1
rather 1
rather 1
rather 1
rather 1
rather 1
rather 1
rather 1
rather 1
rather 1
rather 1
rather 1
rather 1
rather 1
rather 1
rather 1
rather 1
rather 1
rather 1
rather 1
rather 1
rather 1
rather 1
rather 1
rather 1
rather 1
rather 1
rather 1
rather 1
rather 1
rather 1
rather 1
rather 1
rather 1
rather 1
rather 1
rather 1
rather 1
rather 1
rather 1
rather 1
rather 1
rather 1
rather 1
rather 1
rational 1
rational 1
rattle 1
rattle 1
rattled 1
rattled 1
realize 1
realize 1
realize 1
realize 1
realize 1
realize 1
realize 1
realize 1
realize 1
realize 1
rebel 1
rebellious 1
reed 1
reed 1
reed 1
references 1
references 1
reformation 1
refuse 1
refuse 1
refuse 1
refuse 1
refuse 1
refuse 1
refuse 1
refuse 1
rejoined 1
rejoined 1
rejoined 1
rejoined 1
rejoined 1
rejoined 1
rejoined 1
remain 1
remain 1
remain 1
remain 1
remain 1
remain 1
remain 1
remain 1
remain 1
remarkable 1
remarkable 1
remarkable 1
reminds 1
repeated 1
repeated 1
repeated 1
repeated 1
repeated 1
repeated 1
repeated 1
repeated 1
reproach 1
reproach 1
reserved 1
reshaped 1
respect 1
respect 1
responsible 1
restored 1
riband 1
riposte 1
robe 1
robe 1
robe 1
rode 1
rode 1
rode 1
rode 1
rosary 1
roses 1
roses 1
roses 1
roses 1
roses 1
roses 1
roses 1
roses 1
roses 1
roses 1
roses 1
round 1
round 1
round 1
round 1
round 1
round 1
round 1
round 1
round 1
round 1
round 1
round 1
round 1
round 1
round 1
round 1
round 1
round 1
round 1
round 1
round 1
round 1
round 1
round 1
round 1
round 1
round 1
round 1
round 1
round 1
round 1
round 1
round 1
round 1
round 1
round 1
round 1
round 1
round 1
round 1
round 1
round 1
round 1
round 1
round 1
round 1
round 1
round 1
round 1
round 1
round 1
round 1
round 1
round 1
round 1
round 1
round 1
round 1
round 1
round 1
round 1
round 1
round 1
round 1
round 1
round 1
round 1
round 1
round 1
round 1
round 1
round 1
round 1
round 1
round 1
round 1
round 1
round 1
round 1
round 1
rubbed 1
ruisselant 1
rule 1
rule 1
rule 1
rule 1
rule 1
rule 1
rush 1
rush 1
sat 1
sat 1
sat 1
sat 1
sat 1
sat 1
sat 1
sat 1
sat 1
sat 1
sat 1
sat 1
sat 1
sat 1
sat 1
sat 1
sat 1
sat 1
sat 1
sat 1
sat 1
sat 1
sat 1
sat 1
sat 1
sat 1
sat 1
sat 1
sat 1
sat 1
sat 1
saucers 1
scatter 1
screamed 1
screamed 1
screamed 1
screen 1
screen 1
screen 1
screen 1
screen 1
screen 1
screen 1
screen 1
screen 1
screen 1
screen 1
screen 1
screen 1
screen 1
screen 1
screen 1
screen 1
screen 1
search 1
search 1
search 1
search 1
search 1
search 1
search 1
searching 1
searching 1
searching 1
searching 1
searching 1
seared 1
seared 1
seared 1
secretary 1
security 1
seem 1
seem 1
seem 1
seem 1
seem 1
seem 1
seem 1
seem 1
seem 1
seem 1
seem 1
seem 1
sense 1
sense 1
sense 1
sense 1
sense 1
sense 1
sense 1
sense 1
sense 1
sense 1
sense 1
sense 1
sense 1
sense 1
sense 1
sense 1
sense 1
sense 1
sense 1
sense 1
sense 1
sense 1
sense 1
sense 1
sense 1
sense 1
sense 1
sense 1
sense 1
sense 1
sense 1
sense 1
sense 1
sense 1
serious 1
serious 1
serious 1
serious 1
serious 1
serious 1
serious 1
serious 1
serious 1
serious 1
serious 1
serious 1
serious 1
serious 1
serious 1
serious 1
serious 1
serious 1
serious 1
servants 1
servants 1
servants 1
servants 1
servants 1
servants 1
servants 1
shell 1
shell 1
shell 1
shell 1
shot 1
shot 1
shot 1
shot 1
shot 1
shot 1
shot 1
shot 1
shot 1
shot 1
shot 1
showed 1
showed 1
showed 1
showed 1
showed 1
showed 1
showed 1
showed 1
showed 1
shows 1
shows 1
shows 1
shun 1
sidewindows 1
silently 1
silently 1
silken 1
silks 1
silks 1
single 1
single 1
single 1
single 1
single 1
single 1
single 1
sitting 1
sitting 1
sitting 1
sitting 1
sitting 1
sitting 1
sitting 1
sitting 1
sitting 1
sitting 1
sitting 1
sitting 1
sitting 1
sitting 1
sitting 1
six 1
six 1
six 1
six 1
six 1
six 1
six 1
six 1
six 1
six 1
six 1
sketching 1
skins 1
slashed 1
sleepless 1
slightly 1
slightly 1
slightly 1
slightly 1
sly 1
smoking 1
smoking 1
smoking 1
smoking 1
smoking 1
smoking 1
smoking 1
sob 1
sob 1
sociology 1
sometimes 1
sometimes 1
sometimes 1
sometimes 1
sometimes 1
sometimes 1
sometimes 1
sometimes 1
sometimes 1
sometimes 1
sometimes 1
sometimes 1
sometimes 1
sometimes 1
sometimes 1
sometimes 1
sometimes 1
sometimes 1
sometimes 1
sometimes 1
sonnets 1
sonnets 1
sorrier 1
sounded 1
sounded 1
sounded 1
sounded 1
sounded 1
space 1
space 1
specific 1
specimen 1
specimen 1
spinels 1
splendidly 1
splintered 1
sport 1
sprawled 1
sprawled 1
squares 1
stables 1
stables 1
stammered 1
stammered 1
star 1
star 1
star 1
star 1
stately 1
steadfastly 1
steadfastly 1
steeds 1
stellated 1
step 1
step 1
step 1
step 1
stepping 1
stepping 1
stepping 1
stirrups 1
straggling 1
strange 1
strange 1
strange 1
strange 1
strange 1
strange 1
strange 1
strange 1
strange 1
strange 1
strange 1
strange 1
strange 1
strange 1
strange 1
strange 1
strange 1
strange 1
strange 1
strange 1
strange 1
strange 1
strange 1
strange 1
strange 1
strange 1
strange 1
strange 1
strange 1
strange 1
strange 1
strange 1
strange 1
strange 1
strange 1
strange 1
strange 1
strange 1
strange 1
strange 1
strange 1
strange 1
strange 1
strange 1
strange 1
stranger 1
stranger 1
stranger 1
stranger 1
strangle 1
strangle 1
strangled 1
strangled 1
strangled 1
strangled 1
strangled 1
strayed 1
strip 1
stroked 1
stroked 1
stroll 1
stuff 1
stuff 1
subaltern 1
subject 1
subject 1
subject 1
subject 1
subject 1
subject 1
subject 1
subject 1
subject 1
subject 1
subject 1
subject 1
subject 1
subject 1
subject 1
subtlety 1
subtlety 1
sulks 1
sullenly 1
summers 1
survive 1
survive 1
survive 1
suspicions 1
swallowed 1
sweat 1
sweep 1
sweep 1
sweep 1
swinging 1
swinging 1
swinging 1
sympathize 1
sympathize 1
sympathize 1
sympathize 1
tableau 1
tale 1
tapped 1
tells 1
tells 1
tells 1
tells 1
tells 1
tells 1
tells 1
thicket 1
thicket 1
thicket 1
thicket 1
thicket 1
thing 1
thing 1
thing 1
thing 1
thing 1
thing 1
thing 1
thing 1
thing 1
thing 1
thing 1
thing 1
thing 1
thing 1
thing 1
thing 1
thing 1
thing 1
thing 1
thing 1
thing 1
thing 1
thing 1
thing 1
thing 1
thing 1
thing 1
thing 1
thing 1
thing 1
thing 1
thing 1
thing 1
thing 1
thing 1
thing 1
thing 1
thing 1
thing 1
thing 1
thing 1
thing 1
thing 1
thing 1
thing 1
thing 1
thing 1
thing 1
thing 1
thing 1
thing 1
thing 1
thing 1
thing 1
thing 1
thing 1
thing 1
thing 1
thing 1
thing 1
thing 1
thing 1
thing 1
thing 1
thing 1
thing 1
thing 1
thing 1
thing 1
thing 1
thing 1
thing 1
thing 1
thing 1
thing 1
thing 1
thing 1
thing 1
thing 1
thing 1
thing 1
thing 1
thing 1
thing 1
thing 1
thing 1
thing 1
thing 1
thing 1
thing 1
thing 1
thing 1
thing 1
thing 1
thing 1
thing 1
thing 1
thing 1
thing 1
thing 1
thing 1
thing 1
thing 1
thing 1
thing 1
thing 1
thing 1
thing 1
thing 1
thing 1
thing 1
thing 1
thing 1
thing 1
thing 1
thing 1
thing 1
thing 1
thing 1
thing 1
thoughts 1
thoughts 1
thoughts 1
thoughts 1
thoughts 1
thoughts 1
thoughts 1
thousandth 1
threat 1
threat 1
threatened 1
three 1
three 1
three 1
three 1
three 1
three 1
three 1
three 1
three 1
three 1
three 1
three 1
three 1
three 1
three 1
three 1
three 1
three 1
three 1
three 1
three 1
three 1
three 1
throne 1
throwing 1
throwing 1
throwing 1
throwing 1
thus 1
tipped 1
tipped 1
tithe 1
title 1
title 1
title 1
title 1
titter 1
topped 1
torch 1
torpid 1
touched 1
touched 1
touched 1
touched 1
touched 1
touched 1
touched 1
touched 1
touched 1
touched 1
touched 1
touched 1
touched 1
touched 1
touched 1
tragic 1
tragic 1
tragic 1
tragic 1
tragic 1
tragic 1
tragic 1
tragic 1
tragic 1
tragic 1
tragic 1
trailing 1
treasures 1
treat 1
treat 1
treat 1
treat 1
trembling 1
trembling 1
trembling 1
trembling 1
trembling 1
trembling 1
trembling 1
trickle 1
tried 1
tried 1
tried 1
tried 1
tried 1
tried 1
tried 1
tried 1
troubling 1
tumblers 1
tumblers 1
tumbling 1
turns 1
turquoises 1
turquoises 1
twice 1
twice 1
twice 1
twice 1
twice 1
twice 1
twice 1
twice 1
two 1
two 1
two 1
two 1
two 1
two 1
two 1
two 1
two 1
two 1
two 1
two 1
two 1
two 1
two 1
two 1
two 1
two 1
two 1
two 1
two 1
two 1
two 1
two 1
two 1
two 1
two 1
two 1
two 1
two 1
two 1
two 1
two 1
two 1
two 1
two 1
two 1
two 1
two 1
two 1
two 1
two 1
two 1
two 1
two 1
two 1
two 1
two 1
two 1
two 1
two 1
two 1
two 1
two 1
two 1
two 1
uncivilized 1
uncivilized 1
unclean 1
uncontrollable 1
uncouth 1
uncouth 1
underneath 1
une 1
une 1
une 1
unhook 1
unlike 1
unlike 1
unmown 1
unpoetical 1
unseen 1
unseen 1
unworthy 1
useless 1
useless 1
useless 1
useless 1
useless 1
useless 1
vain 1
vain 1
vain 1
vain 1
vain 1
vain 1
vain 1
variety 1
vexed 1
vision 1
vital 1
vital 1
volunteer 1
walks 1
wanes 1
warmed 1
waste 1
waste 1
ways 1
ways 1
ways 1
ways 1
ways 1
ways 1
ways 1
wearer 1
weary 1
web 1
web 1
web 1
web 1
went 1
went 1
went 1
went 1
went 1
went 1
went 1
went 1
went 1
went 1
went 1
went 1
went 1
went 1
went 1
went 1
went 1
went 1
went 1
went 1
went 1
went 1
went 1
went 1
went 1
went 1
went 1
went 1
went 1
went 1
went 1
went 1
went 1
went 1
went 1
went 1
went 1
went 1
went 1
went 1
went 1
went 1
went 1
went 1
went 1
went 1
went 1
went 1
went 1
went 1
went 1
went 1
went 1
went 1
went 1
went 1
went 1
went 1
went 1
went 1
went 1
went 1
went 1
wharf 1
what 1
what 1
what 1
what 1
what 1
what 1
what 1
what 1
what 1
what 1
what 1
what 1
what 1
what 1
what 1
what 1
what 1
what 1
what 1
what 1
what 1
what 1
what 1
what 1
what 1
what 1
what 1
what 1
what 1
what 1
what 1
what 1
what 1
what 1
what 1
what 1
what 1
what 1
what 1
what 1
what 1
what 1
what 1
what 1
what 1
what 1
what 1
what 1
what 1
what 1
what 1
what 1
what 1
what 1
what 1
what 1
what 1
what 1
what 1
what 1
what 1
what 1
what 1
what 1
what 1
what 1
what 1
what 1
what 1
what 1
what 1
what 1
what 1
what 1
what 1
what 1
what 1
what 1
what 1
what 1
what 1
what 1
what 1
what 1
what 1
what 1
what 1
what 1
what 1
what 1
what 1
what 1
what 1
what 1
what 1
what 1
what 1
what 1
what 1
what 1
what 1
what 1
what 1
what 1
what 1
what 1
what 1
what 1
what 1
what 1
what 1
what 1
what 1
what 1
what 1
what 1
what 1
what 1
what 1
what 1
what 1
what 1
what 1
what 1
what 1
what 1
what 1
what 1
what 1
what 1
what 1
what 1
what 1
what 1
what 1
what 1
what 1
what 1
what 1
what 1
what 1
what 1
what 1
what 1
what 1
what 1
what 1
what 1
what 1
what 1
what 1
what 1
what 1
what 1
what 1
what 1
what 1
what 1
what 1
what 1
what 1
what 1
what 1
what 1
what 1
what 1
what 1
what 1
what 1
what 1
what 1
what 1
what 1
what 1
what 1
what 1
what 1
what 1
what 1
what 1
what 1
what 1
what 1
what 1
what 1
what 1
what 1
what 1
what 1
what 1
what 1
what 1
what 1
what 1
what 1
what 1
what 1
what 1
what 1
what 1
what 1
what 1
what 1
what 1
what 1
what 1
what 1
what 1
what 1
what 1
what 1
what 1
what 1
what 1
what 1
what 1
what 1
what 1
what 1
what 1
what 1
what 1
what 1
what 1
what 1
what 1
what 1
what 1
what 1
what 1
what 1
what 1
what 1
what 1
what 1
what 1
what 1
what 1
what 1
what 1
what 1
what 1
what 1
what 1
what 1
what 1
what 1
what 1
what 1
what 1
what 1
what 1
what 1
what 1
what 1
what 1
what 1
what 1
what 1
what 1
what 1
what 1
what 1
what 1
what 1
what 1
whatsoever 1
whatsoever 1
whatsoever 1
whistle 1
whitened 1
whitewashes 1
widest 1
widest 1
wild 1
wild 1
wild 1
wild 1
wild 1
wild 1
wild 1
wild 1
wild 1
wild 1
wild 1
wild 1
wild 1
wild 1
wild 1
wild 1
wild 1
wild 1
wild 1
wild 1
wild 1
wild 1
wild 1
wild 1
wild 1
wild 1
wild 1
wild 1
win 1
wished 1
wished 1
wished 1
wished 1
with 1
with 1
with 1
with 1
with 1
with 1
with 1
with 1
with 1
with 1
with 1
with 1
with 1
with 1
with 1
with 1
with 1
with 1
with 1
with 1
with 1
with 1
with 1
with 1
with 1
with 1
with 1
with 1
with 1
with 1
with 1
with 1
with 1
with 1
with 1
with 1
with 1
with 1
with 1
with 1
with 1
with 1
with 1
with 1
with 1
with 1
with 1
with 1
with 1
with 1
with 1
with 1
with 1
with 1
with 1
with 1
with 1
with 1
with 1
with 1
with 1
with 1
with 1
with 1
with 1
with 1
with 1
with 1
with 1
with 1
with 1
with 1
with 1
with 1
with 1
with 1
with 1
with 1
with 1
with 1
with 1
with 1
with 1
with 1
with 1
with 1
with 1
with 1
with 1
with 1
with 1
with 1
with 1
with 1
with 1
with 1
with 1
with 1
with 1
with 1
with 1
with 1
with 1
with 1
with 1
with 1
with 1
with 1
with 1
with 1
with 1
with 1
with 1
with 1
with 1
with 1
with 1
with 1
with 1
with 1
with 1
with 1
with 1
with 1
with 1
with 1
with 1
with 1
with 1
with 1
with 1
with 1
with 1
with 1
with 1
with 1
with 1
with 1
with 1
with 1
with 1
with 1
with 1
with 1
with 1
with 1
with 1
with 1
with 1
with 1
with 1
with 1
with 1
with 1
with 1
with 1
with 1
with 1
with 1
with 1
with 1
with 1
with 1
with 1
with 1
with 1
with 1
with 1
with 1
with 1
with 1
with 1
with 1
with 1
with 1
with 1
with 1
with 1
with 1
with 1
with 1
with 1
with 1
with 1
with 1
with 1
with 1
with 1
with 1
with 1
with 1
with 1
with 1
with 1
with 1
with 1
with 1
with 1
with 1
with 1
with 1
with 1
with 1
with 1
with 1
with 1
with 1
with 1
with 1
with 1
with 1
with 1
with 1
with 1
with 1
with 1
with 1
with 1
with 1
with 1
with 1
with 1
with 1
with 1
with 1
with 1
with 1
with 1
with 1
with 1
with 1
with 1
with 1
with 1
with 1
with 1
with 1
with 1
with 1
with 1
with 1
with 1
with 1
with 1
with 1
with 1
with 1
with 1
with 1
with 1
with 1
with 1
with 1
with 1
with 1
with 1
with 1
with 1
with 1
with 1
with 1
with 1
with 1
with 1
with 1
with 1
with 1
with 1
with 1
with 1
with 1
with 1
with 1
with 1
with 1
with 1
with 1
with 1
with 1
with 1
with 1
with 1
with 1
with 1
with 1
with 1
with 1
with 1
with 1
with 1
with 1
with 1
with 1
with 1
with 1
with 1
with 1
with 1
with 1
with 1
with 1
with 1
with 1
with 1
with 1
with 1
with 1
with 1
with 1
with 1
with 1
with 1
with 1
with 1
with 1
with 1
with 1
with 1
with 1
with 1
with 1
with 1
with 1
with 1
with 1
with 1
with 1
with 1
with 1
with 1
with 1
with 1
with 1
with 1
with 1
with 1
with 1
with 1
with 1
with 1
with 1
with 1
with 1
with 1
with 1
with 1
with 1
with 1
with 1
with 1
with 1
with 1
with 1
with 1
with 1
with 1
with 1
with 1
with 1
with 1
with 1
with 1
with 1
with 1
with 1
with 1
with 1
with 1
with 1
with 1
with 1
with 1
with 1
with 1
with 1
with 1
with 1
with 1
with 1
with 1
with 1
with 1
with 1
with 1
with 1
with 1
with 1
with 1
with 1
with 1
with 1
with 1
with 1
with 1
with 1
with 1
with 1
with 1
with 1
with 1
with 1
with 1
with 1
with 1
with 1
with 1
with 1
with 1
with 1
with 1
with 1
with 1
with 1
with 1
with 1
with 1
with 1
with 1
with 1
with 1
with 1
with 1
with 1
with 1
with 1
with 1
with 1
with 1
with 1
with 1
with 1
with 1
with 1
with 1
with 1
with 1
with 1
with 1
with 1
with 1
with 1
with 1
with 1
with 1
with 1
with 1
with 1
with 1
with 1
with 1
with 1
with 1
with 1
with 1
with 1
with 1
with 1
with 1
with 1
with 1
with 1
with 1
with 1
with 1
with 1
with 1
with 1
with 1
with 1
with 1
with 1
with 1
with 1
with 1
with 1
with 1
with 1
with 1
with 1
with 1
with 1
with 1
with 1
with 1
with 1
with 1
with 1
with 1
with 1
with 1
with 1
with 1
with 1
with 1
with 1
with 1
with 1
with 1
with 1
with 1
with 1
with 1
with 1
with 1
with 1
with 1
with 1
with 1
with 1
with 1
with 1
with 1
with 1
with 1
with 1
with 1
with 1
with 1
with 1
with 1
with 1
with 1
with 1
with 1
with 1
with 1
with 1
with 1
with 1
with 1
with 1
with 1
with 1
with 1
with 1
with 1
with 1
with 1
with 1
with 1
with 1
with 1
with 1
with 1
with 1
with 1
with 1
with 1
with 1
with 1
with 1
with 1
with 1
with 1
with 1
with 1
with 1
with 1
with 1
with 1
with 1
with 1
with 1
with 1
with 1
with 1
with 1
with 1
with 1
with 1
with 1
with 1
with 1
with 1
with 1
with 1
with 1
with 1
with 1
with 1
with 1
with 1
with 1
with 1
with 1
with 1
with 1
with 1
with 1
with 1
with 1
with 1
with 1
with 1
with 1
with 1
with 1
with 1
with 1
with 1
with 1
with 1
with 1
with 1
with 1
with 1
with 1
with 1
with 1
with 1
with 1
with 1
with 1
with 1
with 1
with 1
with 1
with 1
with 1
with 1
with 1
with 1
with 1
with 1
with 1
with 1
with 1
with 1
with 1
with 1
with 1
with 1
with 1
with 1
with 1
with 1
with 1
with 1
with 1
with 1
with 1
with 1
with 1
with 1
with 1
with 1
with 1
with 1
with 1
with 1
with 1
with 1
with 1
with 1
with 1
with 1
with 1
with 1
with 1
with 1
with 1
with 1
with 1
with 1
with 1
with 1
with 1
with 1
with 1
with 1
with 1
with 1
with 1
with 1
with 1
with 1
with 1
with 1
with 1
with 1
with 1
with 1
with 1
with 1
with 1
with 1
with 1
with 1
with 1
with 1
with 1
with 1
with 1
with 1
with 1
withered 1
withered 1
withered 1
withered 1
withered 1
won 1
won 1
won 1
won 1
won 1
won 1
won 1
won 1
won 1
won 1
won 1
won 1
won 1
won 1
won 1
won 1
won 1
won 1
won 1
won 1
won 1
won 1
won 1
won 1
won 1
won 1
won 1
won 1
won 1
won 1
won 1
won 1
wonderful 1
wonderful 1
wonderful 1
wonderful 1
wonderful 1
wonderful 1
wonderful 1
wonderful 1
wonderful 1
wonderful 1
wonderful 1
wonderful 1
wonderful 1
wonderful 1
wonderful 1
wonderful 1
wonderful 1
wonderful 1
wonderful 1
wonderful 1
wonderful 1
wonderful 1
wonderful 1
wonderful 1
wonderful 1
wonderful 1
wonderful 1
wonderful 1
wonderful 1
wonderful 1
wonderful 1
wonderful 1
wonderful 1
wonderful 1
wonderful 1
wonderful 1
wonderful 1
wonderful 1
wonderful 1
wonderful 1
wonderful 1
wonderful 1
wonderful 1
wonderful 1
wonderful 1
wonderful 1
wonderful 1
wonderful 1
wonderful 1
wonderful 1
wonderful 1
wonderful 1
wonderful 1
wonderful 1
wonderful 1
wonderful 1
wonderful 1
wonderful 1
woodland 1
woodland 1
woodland 1
worked 1
worked 1
worked 1
worked 1
workings 1
worship 1
worship 1
worship 1
worship 1
worship 1
worship 1
worship 1
worship 1
worship 1
worship 1
worship 1
worship 1
wrap 1
wrinkled 1
wrinkled 1
wrinkled 1
wrinkled 1
wrinkled 1
wrinkled 1
wrinkled 1
wrinkled 1
wrought 1
wrought 1
wrought 1
wrought 1
wrought 1
wrought 1
wrought 1
wrought 1
wrought 1
wrought 1
wrought 1
yard 1
yawned 1
youths 1
youths 1
