Acrobatics 1
Afraid 1
Against 1
Amiss 1
Amusement 1
Artist 1
Astonishes 1
Aye 1
Aye 1
Aye 1
BE 1
Barley 1
Beguiled 1
Beguiled 1
Bibles 1
Bob 1
Bob 1
Bob 1
Bob 1
Book 1
Breakfast 1
Buffalo 1
By 1
By 1
By 1
By 1
By 1
By 1
By 1
By 1
By 1
By 1
By 1
By 1
By 1
By 1
By 1
By 1
By 1
By 1
By 1
By 1
By 1
By 1
By 1
By 1
By 1
By 1
By 1
By 1
By 1
By 1
By 1
By 1
By 1
By 1
By 1
By 1
C 1
C 1
CONCLUSION 1
Cardiff 1
Cardiff 1
Cardiff 1
Cardiff 1
Cardiff 1
Cardiff 1
Cardiff 1
Cardiff 1
Cardiff 1
Charm 1
Comes 1
Contemplating 1
Copyright 1
Daniel 1
Dares 1
Diamonds 1
Did 1
Did 1
Did 1
Did 1
Did 1
Did 1
Did 1
Did 1
Did 1
Did 1
Did 1
Did 1
Did 1
Did 1
Dilemma 1
Dilemma 1
Doctor 1
Doctor 1
Doubts 1
Drop 1
Drop 1
Drop 1
Egg 1
Elysian 1
Entered 1
Examination 1
Examination 1
Examination 1
Examination 1
Examination 1
Except 1
Except 1
FOUNDATION 1
FULL 1
FULL 1
Feelings 1
Finally 1
Finally 1
Finally 1
Finally 1
Finally 1
Finally 1
Finally 1
Follow 1
GIVE 1
George 1
George 1
Half 1
Half 1
Half 1
Half 1
Happened 1
Hi 1
Hold 1
Hold 1
Hold 1
Hold 1
Hoss 1
Hoss 1
Hoss 1
Hours 1
Hours 1
IF 1
INCIDENTAL 1
INDEMNITY 1
Innocents 1
Itself 1
Jackson 1
Jackson 1
Jackson 1
Jackson 1
Jeff 1
Jeff 1
Jeff 1
Jeff 1
Jeff 1
Jeff 1
Jeff 1
Jeff 1
Jeff 1
Jeff 1
Judge 1
Judge 1
Judge 1
Judge 1
Judge 1
Judge 1
Judge 1
Judge 1
Judge 1
Judge 1
Judge 1
Judge 1
Judge 1
Judge 1
Judge 1
Judge 1
Judge 1
Judge 1
Judge 1
Judge 1
Judge 1
Judge 1
Judge 1
Judge 1
Judge 1
Judge 1
Lawrence 1
Lawrence 1
Lawrence 1
Lawrence 1
Lawrence 1
Lawrence 1
Lawrence 1
Lawrence 1
Lord 1
Lord 1
Lord 1
Lord 1
Lord 1
Lord 1
Lord 1
Lord 1
Lord 1
Lord 1
Lord 1
Lord 1
Lord 1
Lord 1
Lord 1
Mars 1
Mars 1
Mars 1
Mars 1
Meadow 1
Meadow 1
Melan 1
Mental 1
Mental 1
Might 1
Might 1
Military 1
Mis 1
Missouri 1
Missouri 1
Missouri 1
Missouri 1
Model 1
Model 1
Model 1
Mother 1
Mother 1
Music 1
NOT 1
NOT 1
Nance 1
Necessities 1
Neither 1
Neither 1
OWNER 1
Once 1
Once 1
Once 1
Ordinarily 1
Outwitted 1
PROVIDED 1
Pard 1
People 1
People 1
People 1
Perhaps 1
Perhaps 1
Private 1
Private 1
Professor 1
Professor 1
Ravishing 1
Rebecca 1
Reception 1
Religion 1
Result 1
Result 1
Result 1
Room 1
Room 1
Room 1
Room 1
Rot 1
SATURDAY 1
SH 1
SH 1
SH 1
SUCH 1
Sabbath 1
Sabbath 1
Sabbath 1
Sabbath 1
Safe 1
Saturday 1
Saturday 1
Saturday 1
Saturday 1
Saturday 1
Saturday 1
Saturday 1
Saturday 1
Saturday 1
Saturday 1
Saturday 1
Saturday 1
Saturday 1
Say 1
Say 1
Say 1
Say 1
Say 1
Say 1
Say 1
Say 1
Say 1
Say 1
Say 1
Say 1
Say 1
Say 1
Say 1
Say 1
Say 1
Say 1
Say 1
Say 1
Say 1
Say 1
Say 1
Say 1
Say 1
Say 1
Say 1
Say 1
Say 1
Say 1
Scat 1
Scenes 1
Snug 1
Sour 1
Special 1
Spirit 1
Spirit 1
St 1
St 1
St 1
St 1
St 1
St 1
St 1
St 1
Statement 1
Stopped 1
Subjects 1
Swears 1
Swims 1
TUESDAY 1
Tell 1
Tell 1
Tell 1
Tell 1
Tell 1
Tell 1
Tell 1
Tin 1
Trip 1
Truth 1
Truth 1
Truthfulness 1
Try 1
Tuck 1
Tuesday 1
Tuesday 1
Tuesday 1
U 1
U 1
U 1
United 1
United 1
United 1
United 1
United 1
United 1
United 1
United 1
United 1
United 1
United 1
United 1
United 1
United 1
Up 1
VI 1
VI 1
Vampires 1
Vanilla 1
Vanilla 1
Wait 1
Wait 1
Wait 1
Wait 1
Wait 1
Way 1
Welshman 1
Welshman 1
Welshman 1
Welshman 1
Welshman 1
Welshman 1
Welshman 1
Welshman 1
Welshman 1
Welshman 1
Welshman 1
Welshman 1
Welshman 1
Welshman 1
Welshman 1
Welshman 1
Welshman 1
Welshman 1
Welshman 1
Welshman 1
Would 1
Would 1
Would 1
Would 1
XXVIII 1
XXVIII 1
Yes 1
Yes 1
Yes 1
Yes 1
Yes 1
Yes 1
Yes 1
Yes 1
Yes 1
Yes 1
Yes 1
Yes 1
Yes 1
Yes 1
Yes 1
Yes 1
Yes 1
Yes 1
Yes 1
Yes 1
Yes 1
Yes 1
Yes 1
Yes 1
Yes 1
Yes 1
Yes 1
Yes 1
Yes 1
Yes 1
Yes 1
Yes 1
Yes 1
Yes 1
Yes 1
Yes 1
Yes 1
Yes 1
Yes 1
Yes 1
Yes 1
Yes 1
Yes 1
Yes 1
Yes 1
Yes 1
Yes 1
Yes 1
Yes 1
Yes 1
Yes 1
Yes 1
Yes 1
Yes 1
Yes 1
Yes 1
Yes 1
Yes 1
Yes 1
Yes 1
Yes 1
Yes 1
Yes 1
a 1
a 1
a 1
a 1
a 1
a 1
a 1
a 1
a 1
a 1
a 1
a 1
a 1
a 1
a 1
a 1
a 1
a 1
a 1
a 1
a 1
a 1
a 1
a 1
a 1
a 1
a 1
a 1
a 1
a 1
a 1
a 1
a 1
a 1
a 1
a 1
a 1
a 1
a 1
a 1
a 1
a 1
a 1
a 1
a 1
a 1
a 1
a 1
a 1
a 1
a 1
a 1
a 1
a 1
a 1
a 1
a 1
a 1
a 1
a 1
a 1
a 1
a 1
a 1
a 1
a 1
a 1
a 1
a 1
a 1
a 1
a 1
a 1
a 1
a 1
a 1
a 1
a 1
a 1
a 1
a 1
a 1
a 1
a 1
a 1
a 1
a 1
a 1
a 1
a 1
a 1
a 1
a 1
a 1
a 1
a 1
a 1
a 1
a 1
a 1
a 1
a 1
a 1
a 1
a 1
a 1
a 1
a 1
a 1
a 1
a 1
a 1
a 1
a 1
a 1
a 1
a 1
a 1
a 1
a 1
a 1
a 1
a 1
a 1
a 1
a 1
a 1
a 1
a 1
a 1
a 1
a 1
a 1
a 1
a 1
a 1
a 1
a 1
a 1
a 1
a 1
a 1
a 1
a 1
a 1
a 1
a 1
a 1
a 1
a 1
a 1
a 1
a 1
a 1
a 1
a 1
a 1
a 1
a 1
a 1
a 1
a 1
a 1
a 1
a 1
a 1
a 1
a 1
a 1
a 1
a 1
a 1
a 1
a 1
a 1
a 1
a 1
a 1
a 1
a 1
a 1
a 1
a 1
a 1
a 1
a 1
a 1
a 1
a 1
a 1
a 1
a 1
a 1
a 1
a 1
a 1
a 1
a 1
a 1
a 1
a 1
a 1
a 1
a 1
a 1
a 1
a 1
a 1
a 1
a 1
a 1
a 1
a 1
a 1
a 1
a 1
a 1
a 1
a 1
a 1
a 1
a 1
a 1
a 1
a 1
a 1
a 1
a 1
a 1
a 1
a 1
a 1
a 1
a 1
a 1
a 1
a 1
a 1
a 1
a 1
a 1
a 1
a 1
a 1
a 1
a 1
a 1
a 1
a 1
a 1
a 1
a 1
a 1
a 1
a 1
a 1
a 1
a 1
a 1
a 1
a 1
a 1
a 1
a 1
a 1
a 1
a 1
a 1
a 1
a 1
a 1
a 1
a 1
a 1
a 1
a 1
a 1
a 1
a 1
a 1
a 1
a 1
a 1
a 1
a 1
a 1
a 1
a 1
a 1
a 1
a 1
a 1
a 1
a 1
a 1
a 1
a 1
a 1
a 1
a 1
a 1
a 1
a 1
a 1
a 1
a 1
a 1
a 1
a 1
a 1
a 1
a 1
a 1
a 1
a 1
a 1
a 1
a 1
a 1
a 1
a 1
a 1
a 1
a 1
a 1
a 1
a 1
a 1
a 1
a 1
a 1
a 1
a 1
a 1
a 1
a 1
a 1
a 1
a 1
a 1
a 1
a 1
a 1
a 1
a 1
a 1
a 1
a 1
a 1
a 1
a 1
a 1
a 1
a 1
a 1
a 1
a 1
a 1
a 1
a 1
a 1
a 1
a 1
a 1
a 1
a 1
a 1
a 1
a 1
a 1
a 1
a 1
a 1
a 1
a 1
a 1
a 1
a 1
a 1
a 1
a 1
a 1
a 1
a 1
a 1
a 1
a 1
a 1
a 1
a 1
a 1
a 1
a 1
a 1
a 1
a 1
a 1
a 1
a 1
a 1
a 1
a 1
a 1
a 1
a 1
a 1
a 1
a 1
a 1
a 1
a 1
a 1
a 1
a 1
a 1
a 1
a 1
a 1
a 1
a 1
a 1
a 1
a 1
a 1
a 1
a 1
a 1
a 1
a 1
a 1
a 1
a 1
a 1
a 1
a 1
a 1
a 1
a 1
a 1
a 1
a 1
a 1
a 1
a 1
a 1
a 1
a 1
a 1
a 1
a 1
a 1
a 1
a 1
a 1
a 1
a 1
a 1
a 1
a 1
a 1
a 1
a 1
a 1
a 1
a 1
a 1
a 1
a 1
a 1
a 1
a 1
a 1
a 1
a 1
a 1
a 1
a 1
a 1
a 1
a 1
a 1
a 1
a 1
a 1
a 1
a 1
a 1
a 1
a 1
a 1
a 1
a 1
a 1
a 1
a 1
a 1
a 1
a 1
a 1
a 1
a 1
a 1
a 1
a 1
a 1
a 1
a 1
a 1
a 1
a 1
a 1
a 1
a 1
a 1
a 1
a 1
a 1
a 1
a 1
a 1
a 1
a 1
a 1
a 1
a 1
a 1
a 1
a 1
a 1
a 1
a 1
a 1
a 1
a 1
a 1
a 1
a 1
a 1
a 1
a 1
a 1
a 1
a 1
a 1
a 1
a 1
a 1
a 1
a 1
a 1
a 1
a 1
a 1
a 1
a 1
a 1
a 1
a 1
a 1
a 1
a 1
a 1
a 1
a 1
a 1
a 1
a 1
a 1
a 1
a 1
a 1
a 1
a 1
a 1
a 1
a 1
a 1
a 1
a 1
a 1
a 1
a 1
a 1
a 1
a 1
a 1
a 1
a 1
a 1
a 1
a 1
a 1
a 1
a 1
a 1
a 1
a 1
a 1
a 1
a 1
a 1
a 1
a 1
a 1
a 1
a 1
a 1
a 1
a 1
a 1
a 1
a 1
a 1
a 1
a 1
a 1
a 1
a 1
a 1
a 1
a 1
a 1
a 1
a 1
a 1
a 1
a 1
a 1
a 1
a 1
a 1
a 1
a 1
a 1
a 1
a 1
a 1
a 1
a 1
a 1
a 1
a 1
a 1
a 1
a 1
a 1
a 1
a 1
a 1
a 1
a 1
a 1
a 1
a 1
a 1
a 1
a 1
a 1
a 1
a 1
a 1
a 1
a 1
a 1
a 1
a 1
a 1
a 1
a 1
a 1
a 1
a 1
a 1
a 1
a 1
a 1
a 1
a 1
a 1
a 1
a 1
a 1
a 1
a 1
a 1
a 1
a 1
a 1
a 1
a 1
a 1
a 1
a 1
a 1
a 1
a 1
a 1
a 1
a 1
a 1
a 1
a 1
a 1
a 1
a 1
a 1
a 1
a 1
a 1
a 1
a 1
a 1
a 1
a 1
a 1
a 1
a 1
a 1
a 1
a 1
a 1
a 1
a 1
a 1
a 1
a 1
a 1
a 1
a 1
a 1
a 1
a 1
a 1
a 1
a 1
a 1
a 1
a 1
a 1
a 1
a 1
a 1
a 1
a 1
a 1
a 1
a 1
a 1
a 1
a 1
a 1
a 1
a 1
a 1
a 1
a 1
a 1
a 1
a 1
a 1
a 1
a 1
a 1
a 1
a 1
a 1
a 1
a 1
a 1
a 1
a 1
a 1
a 1
a 1
a 1
a 1
a 1
a 1
a 1
a 1
a 1
a 1
a 1
a 1
a 1
a 1
a 1
a 1
a 1
a 1
a 1
a 1
a 1
a 1
a 1
a 1
a 1
a 1
a 1
a 1
a 1
a 1
a 1
a 1
a 1
a 1
a 1
a 1
a 1
a 1
a 1
a 1
a 1
a 1
a 1
a 1
a 1
a 1
a 1
a 1
a 1
a 1
a 1
a 1
a 1
a 1
a 1
a 1
a 1
a 1
a 1
a 1
a 1
a 1
a 1
a 1
a 1
a 1
a 1
a 1
a 1
a 1
a 1
a 1
a 1
a 1
a 1
a 1
a 1
a 1
a 1
a 1
a 1
a 1
a 1
a 1
a 1
a 1
a 1
a 1
a 1
a 1
a 1
a 1
a 1
a 1
a 1
a 1
a 1
a 1
a 1
a 1
a 1
a 1
a 1
a 1
a 1
a 1
a 1
a 1
a 1
a 1
a 1
a 1
a 1
a 1
a 1
a 1
a 1
a 1
a 1
a 1
a 1
a 1
a 1
a 1
a 1
a 1
a 1
a 1
a 1
a 1
a 1
a 1
a 1
a 1
a 1
a 1
a 1
a 1
a 1
a 1
a 1
a 1
a 1
a 1
a 1
a 1
a 1
a 1
a 1
a 1
a 1
a 1
a 1
a 1
a 1
a 1
a 1
a 1
a 1
a 1
a 1
a 1
a 1
a 1
a 1
a 1
a 1
a 1
a 1
a 1
a 1
a 1
a 1
a 1
a 1
a 1
a 1
a 1
a 1
a 1
a 1
a 1
a 1
a 1
a 1
a 1
a 1
a 1
a 1
a 1
a 1
a 1
a 1
a 1
a 1
a 1
a 1
a 1
a 1
a 1
a 1
a 1
a 1
a 1
a 1
a 1
a 1
a 1
a 1
a 1
a 1
a 1
a 1
a 1
a 1
a 1
a 1
a 1
a 1
a 1
a 1
a 1
a 1
a 1
a 1
a 1
a 1
a 1
a 1
a 1
a 1
a 1
a 1
a 1
a 1
a 1
a 1
a 1
a 1
a 1
a 1
a 1
a 1
a 1
a 1
a 1
a 1
a 1
a 1
a 1
a 1
a 1
a 1
a 1
a 1
a 1
a 1
a 1
a 1
a 1
a 1
a 1
a 1
a 1
a 1
a 1
a 1
a 1
a 1
a 1
a 1
a 1
a 1
a 1
a 1
a 1
a 1
a 1
a 1
a 1
a 1
a 1
a 1
a 1
a 1
a 1
a 1
a 1
a 1
a 1
a 1
a 1
a 1
a 1
a 1
a 1
a 1
a 1
a 1
a 1
a 1
a 1
a 1
a 1
a 1
a 1
a 1
a 1
a 1
a 1
a 1
a 1
a 1
a 1
a 1
a 1
a 1
a 1
a 1
a 1
a 1
a 1
a 1
a 1
a 1
a 1
a 1
a 1
a 1
a 1
a 1
a 1
a 1
a 1
a 1
a 1
a 1
a 1
a 1
a 1
a 1
a 1
a 1
a 1
a 1
a 1
a 1
a 1
a 1
a 1
a 1
a 1
a 1
a 1
a 1
a 1
a 1
a 1
a 1
a 1
a 1
a 1
a 1
a 1
a 1
a 1
a 1
a 1
a 1
a 1
a 1
a 1
a 1
a 1
a 1
a 1
a 1
a 1
a 1
a 1
a 1
a 1
a 1
a 1
a 1
a 1
a 1
a 1
a 1
a 1
a 1
a 1
a 1
a 1
a 1
a 1
a 1
a 1
a 1
a 1
a 1
a 1
a 1
a 1
a 1
a 1
a 1
a 1
a 1
a 1
a 1
a 1
a 1
a 1
a 1
a 1
a 1
a 1
a 1
a 1
a 1
a 1
a 1
a 1
a 1
a 1
a 1
a 1
a 1
a 1
a 1
a 1
a 1
a 1
a 1
a 1
a 1
a 1
a 1
a 1
a 1
a 1
a 1
a 1
a 1
a 1
a 1
a 1
a 1
a 1
a 1
a 1
a 1
a 1
a 1
a 1
a 1
a 1
a 1
a 1
a 1
a 1
a 1
a 1
a 1
a 1
a 1
a 1
a 1
a 1
a 1
a 1
a 1
a 1
a 1
a 1
a 1
a 1
a 1
a 1
a 1
a 1
a 1
a 1
a 1
a 1
a 1
a 1
a 1
a 1
a 1
a 1
a 1
a 1
a 1
a 1
a 1
a 1
a 1
a 1
a 1
a 1
a 1
a 1
a 1
a 1
a 1
a 1
a 1
a 1
a 1
a 1
a 1
a 1
a 1
a 1
a 1
a 1
a 1
a 1
a 1
a 1
a 1
a 1
a 1
a 1
a 1
a 1
a 1
a 1
a 1
a 1
a 1
a 1
a 1
a 1
a 1
a 1
a 1
a 1
a 1
a 1
a 1
a 1
a 1
a 1
a 1
a 1
a 1
a 1
a 1
a 1
a 1
a 1
a 1
a 1
a 1
a 1
a 1
a 1
a 1
a 1
a 1
a 1
a 1
a 1
a 1
a 1
a 1
a 1
a 1
a 1
a 1
a 1
a 1
a 1
a 1
a 1
a 1
a 1
a 1
a 1
a 1
a 1
a 1
a 1
a 1
a 1
a 1
a 1
a 1
a 1
a 1
a 1
a 1
a 1
a 1
a 1
a 1
a 1
a 1
a 1
a 1
a 1
a 1
a 1
a 1
a 1
a 1
a 1
a 1
a 1
a 1
a 1
a 1
a 1
a 1
a 1
a 1
a 1
a 1
a 1
a 1
a 1
a 1
a 1
a 1
a 1
a 1
a 1
a 1
a 1
a 1
a 1
a 1
a 1
a 1
a 1
a 1
a 1
a 1
a 1
a 1
a 1
a 1
a 1
a 1
a 1
a 1
a 1
a 1
a 1
a 1
a 1
a 1
a 1
a 1
a 1
a 1
a 1
a 1
a 1
a 1
a 1
a 1
a 1
a 1
a 1
a 1
a 1
a 1
a 1
a 1
a 1
a 1
a 1
a 1
a 1
a 1
a 1
a 1
a 1
a 1
a 1
a 1
a 1
a 1
a 1
a 1
a 1
a 1
a 1
a 1
a 1
a 1
a 1
a 1
a 1
a 1
a 1
a 1
a 1
a 1
a 1
a 1
a 1
a 1
a 1
a 1
a 1
a 1
a 1
a 1
a 1
a 1
a 1
a 1
a 1
a 1
a 1
a 1
a 1
a 1
a 1
a 1
a 1
a 1
a 1
a 1
a 1
a 1
a 1
a 1
a 1
a 1
a 1
a 1
a 1
a 1
a 1
a 1
a 1
a 1
a 1
a 1
a 1
a 1
a 1
a 1
a 1
a 1
a 1
a 1
a 1
a 1
a 1
a 1
a 1
a 1
a 1
a 1
a 1
a 1
a 1
a 1
a 1
a 1
a 1
a 1
a 1
a 1
a 1
a 1
a 1
a 1
a 1
a 1
a 1
a 1
a 1
a 1
a 1
a 1
a 1
a 1
a 1
a 1
a 1
a 1
a 1
a 1
a 1
a 1
a 1
a 1
a 1
a 1
a 1
a 1
a 1
a 1
a 1
a 1
a 1
a 1
a 1
a 1
a 1
a 1
a 1
a 1
a 1
a 1
a 1
a 1
a 1
a 1
a 1
a 1
a 1
a 1
a 1
a 1
a 1
a 1
a 1
a 1
a 1
a 1
a 1
a 1
a 1
a 1
a 1
a 1
a 1
a 1
a 1
a 1
a 1
a 1
a 1
a 1
a 1
a 1
a 1
a 1
a 1
a 1
a 1
a 1
a 1
a 1
a 1
a 1
a 1
a 1
a 1
a 1
a 1
a 1
a 1
a 1
a 1
a 1
a 1
a 1
a 1
a 1
a 1
a 1
a 1
a 1
a 1
a 1
a 1
a 1
a 1
a 1
a 1
a 1
a 1
a 1
a 1
a 1
a 1
a 1
a 1
a 1
a 1
a 1
a 1
a 1
a 1
a 1
a 1
a 1
a 1
a 1
a 1
a 1
a 1
a 1
a 1
a 1
a 1
a 1
a 1
a 1
a 1
a 1
a 1
a 1
a 1
a 1
a 1
a 1
a 1
a 1
a 1
a 1
a 1
a 1
a 1
a 1
a 1
a 1
a 1
a 1
a 1
a 1
a 1
a 1
a 1
a 1
a 1
a 1
a 1
a 1
a 1
a 1
a 1
a 1
a 1
a 1
a 1
a 1
a 1
a 1
a 1
a 1
a 1
a 1
a 1
a 1
a 1
a 1
a 1
a 1
a 1
a 1
a 1
a 1
a 1
a 1
a 1
a 1
a 1
a 1
a 1
a 1
a 1
a 1
a 1
a 1
a 1
a 1
a 1
a 1
a 1
a 1
a 1
a 1
a 1
a 1
a 1
a 1
a 1
a 1
a 1
a 1
a 1
a 1
a 1
a 1
a 1
a 1
a 1
a 1
a 1
a 1
a 1
a 1
a 1
a 1
a 1
a 1
a 1
a 1
a 1
a 1
a 1
a 1
a 1
a 1
a 1
a 1
a 1
a 1
a 1
a 1
a 1
a 1
a 1
a 1
a 1
a 1
a 1
a 1
a 1
a 1
a 1
a 1
a 1
a 1
a 1
a 1
a 1
a 1
a 1
a 1
a 1
a 1
a 1
a 1
a 1
a 1
a 1
a 1
a 1
a 1
a 1
a 1
a 1
a 1
a 1
a 1
a 1
a 1
a 1
a 1
a 1
a 1
a 1
a 1
a 1
a 1
a 1
a 1
a 1
a 1
a 1
a 1
a 1
a 1
a 1
a 1
a 1
a 1
a 1
a 1
a 1
a 1
a 1
a 1
a 1
a 1
a 1
a 1
aboard 1
absorbing 1
absorbing 1
absorbing 1
accepted 1
accepted 1
accessed 1
accidentally 1
accomplish 1
accoutrements 1
ache 1
achieve 1
acted 1
acted 1
acted 1
acted 1
adding 1
admirers 1
admission 1
adventurers 1
afraid 1
afraid 1
afraid 1
afraid 1
afraid 1
afraid 1
afraid 1
afraid 1
afraid 1
afraid 1
afraid 1
afraid 1
afraid 1
afraid 1
afraid 1
afraid 1
afraid 1
afraid 1
afraid 1
agent 1
aimlessly 1
alacrity 1
alacrity 1
alive 1
alive 1
alive 1
alive 1
alive 1
alive 1
all 1
all 1
all 1
all 1
all 1
all 1
all 1
all 1
all 1
all 1
all 1
all 1
all 1
all 1
all 1
all 1
all 1
all 1
all 1
all 1
all 1
all 1
all 1
all 1
all 1
all 1
all 1
all 1
all 1
all 1
all 1
all 1
all 1
all 1
all 1
all 1
all 1
all 1
all 1
all 1
all 1
all 1
all 1
all 1
all 1
all 1
all 1
all 1
all 1
all 1
all 1
all 1
all 1
all 1
all 1
all 1
all 1
all 1
all 1
all 1
all 1
all 1
all 1
all 1
all 1
all 1
all 1
all 1
all 1
all 1
all 1
all 1
all 1
all 1
all 1
all 1
all 1
all 1
all 1
all 1
all 1
all 1
all 1
all 1
all 1
all 1
all 1
all 1
all 1
all 1
all 1
all 1
all 1
all 1
all 1
all 1
all 1
all 1
all 1
all 1
all 1
all 1
all 1
all 1
all 1
all 1
all 1
all 1
all 1
all 1
all 1
all 1
all 1
all 1
all 1
all 1
all 1
all 1
all 1
all 1
all 1
all 1
all 1
all 1
all 1
all 1
all 1
all 1
all 1
all 1
all 1
all 1
all 1
all 1
all 1
all 1
all 1
all 1
all 1
all 1
all 1
all 1
all 1
all 1
all 1
all 1
all 1
all 1
all 1
all 1
all 1
all 1
all 1
all 1
all 1
all 1
all 1
all 1
all 1
all 1
all 1
all 1
all 1
all 1
all 1
all 1
all 1
all 1
all 1
all 1
all 1
all 1
all 1
all 1
all 1
all 1
all 1
all 1
all 1
all 1
all 1
all 1
all 1
all 1
all 1
all 1
all 1
all 1
all 1
all 1
all 1
all 1
all 1
all 1
all 1
all 1
all 1
all 1
all 1
all 1
all 1
all 1
all 1
all 1
all 1
all 1
all 1
all 1
all 1
all 1
all 1
all 1
all 1
all 1
all 1
all 1
all 1
all 1
all 1
all 1
all 1
all 1
all 1
all 1
all 1
all 1
all 1
all 1
all 1
all 1
all 1
all 1
all 1
all 1
all 1
all 1
all 1
all 1
all 1
all 1
all 1
all 1
all 1
all 1
all 1
all 1
all 1
all 1
all 1
all 1
all 1
all 1
all 1
all 1
all 1
all 1
all 1
all 1
all 1
all 1
all 1
all 1
all 1
all 1
all 1
all 1
all 1
all 1
all 1
all 1
all 1
all 1
all 1
all 1
all 1
all 1
all 1
all 1
all 1
all 1
all 1
all 1
all 1
all 1
all 1
all 1
all 1
all 1
all 1
all 1
all 1
all 1
all 1
all 1
all 1
all 1
all 1
all 1
all 1
all 1
all 1
all 1
all 1
all 1
all 1
all 1
also 1
also 1
also 1
also 1
also 1
also 1
also 1
also 1
also 1
also 1
also 1
also 1
also 1
also 1
also 1
anatomy 1
anatomy 1
andiron 1
andiron 1
andiron 1
anywhere 1
anywhere 1
anywhere 1
anywhere 1
anywhere 1
anywhere 1
anywhere 1
anywhere 1
anywhere 1
anywhere 1
apathy 1
appealing 1
applause 1
applause 1
applause 1
applause 1
applause 1
applause 1
apples 1
appoint 1
argument 1
argument 1
argument 1
argument 1
argument 1
armed 1
armed 1
armed 1
armed 1
armies 1
armies 1
army 1
aroused 1
assist 1
assist 1
assure 1
athwart 1
attentions 1
attentions 1
auditory 1
avariciously 1
awed 1
awed 1
awed 1
awful 1
awful 1
awful 1
awful 1
awful 1
awful 1
awful 1
awful 1
awful 1
awful 1
awful 1
awful 1
awful 1
awful 1
awful 1
awful 1
awful 1
awful 1
awful 1
awful 1
awful 1
awful 1
awful 1
awful 1
awful 1
awful 1
awful 1
awful 1
awful 1
awful 1
awful 1
awful 1
awful 1
awful 1
awful 1
awful 1
awful 1
awful 1
awful 1
awful 1
bald 1
bald 1
banisters 1
bar 1
bar 1
bar 1
bar 1
bar 1
bar 1
bar 1
bar 1
bar 1
basin 1
basin 1
basin 1
basin 1
be 1
be 1
be 1
be 1
be 1
be 1
be 1
be 1
be 1
be 1
be 1
be 1
be 1
be 1
be 1
be 1
be 1
be 1
be 1
be 1
be 1
be 1
be 1
be 1
be 1
be 1
be 1
be 1
be 1
be 1
be 1
be 1
be 1
be 1
be 1
be 1
be 1
be 1
be 1
be 1
be 1
be 1
be 1
be 1
be 1
be 1
be 1
be 1
be 1
be 1
be 1
be 1
be 1
be 1
be 1
be 1
be 1
be 1
be 1
be 1
be 1
be 1
be 1
be 1
be 1
be 1
be 1
be 1
be 1
be 1
be 1
be 1
be 1
be 1
be 1
be 1
be 1
be 1
be 1
be 1
be 1
be 1
be 1
be 1
be 1
be 1
be 1
be 1
be 1
be 1
be 1
be 1
be 1
be 1
be 1
be 1
be 1
be 1
be 1
be 1
be 1
be 1
be 1
be 1
be 1
be 1
be 1
be 1
be 1
be 1
be 1
be 1
be 1
be 1
be 1
be 1
be 1
be 1
be 1
be 1
be 1
be 1
be 1
be 1
be 1
be 1
be 1
be 1
be 1
be 1
be 1
be 1
be 1
be 1
be 1
be 1
be 1
be 1
be 1
be 1
be 1
be 1
be 1
be 1
be 1
be 1
be 1
be 1
be 1
be 1
be 1
be 1
be 1
be 1
be 1
be 1
be 1
be 1
be 1
be 1
be 1
be 1
be 1
be 1
be 1
be 1
be 1
be 1
be 1
be 1
be 1
be 1
be 1
be 1
be 1
be 1
be 1
be 1
be 1
be 1
be 1
be 1
be 1
be 1
be 1
be 1
be 1
be 1
be 1
be 1
be 1
be 1
be 1
be 1
be 1
be 1
be 1
be 1
be 1
be 1
be 1
be 1
be 1
be 1
be 1
be 1
be 1
be 1
be 1
be 1
be 1
be 1
be 1
be 1
be 1
be 1
be 1
be 1
be 1
be 1
be 1
be 1
be 1
be 1
be 1
be 1
be 1
be 1
be 1
be 1
be 1
be 1
be 1
be 1
be 1
be 1
be 1
be 1
be 1
be 1
be 1
be 1
be 1
be 1
be 1
be 1
be 1
be 1
be 1
be 1
be 1
be 1
be 1
be 1
be 1
be 1
be 1
be 1
be 1
be 1
be 1
be 1
be 1
be 1
be 1
be 1
be 1
be 1
be 1
be 1
be 1
be 1
be 1
be 1
be 1
be 1
be 1
be 1
be 1
be 1
be 1
be 1
be 1
be 1
be 1
be 1
be 1
be 1
be 1
be 1
be 1
be 1
be 1
be 1
be 1
be 1
be 1
be 1
be 1
be 1
be 1
be 1
be 1
be 1
be 1
be 1
be 1
be 1
be 1
be 1
be 1
be 1
be 1
beam 1
beam 1
beam 1
became 1
became 1
became 1
became 1
became 1
became 1
became 1
became 1
became 1
became 1
became 1
became 1
became 1
became 1
bedpost 1
bedpost 1
before 1
before 1
before 1
before 1
before 1
before 1
before 1
before 1
before 1
before 1
before 1
before 1
before 1
before 1
before 1
before 1
before 1
before 1
before 1
before 1
before 1
before 1
before 1
before 1
before 1
before 1
before 1
before 1
before 1
before 1
before 1
before 1
before 1
before 1
before 1
before 1
before 1
before 1
before 1
before 1
before 1
before 1
before 1
before 1
before 1
before 1
before 1
before 1
before 1
before 1
before 1
before 1
before 1
before 1
before 1
before 1
before 1
before 1
before 1
before 1
before 1
before 1
before 1
before 1
before 1
before 1
before 1
before 1
before 1
before 1
before 1
before 1
before 1
before 1
before 1
before 1
before 1
before 1
before 1
before 1
before 1
before 1
before 1
before 1
before 1
before 1
before 1
before 1
before 1
before 1
before 1
before 1
before 1
before 1
before 1
before 1
before 1
before 1
before 1
began 1
began 1
began 1
began 1
began 1
began 1
began 1
began 1
began 1
began 1
began 1
began 1
began 1
began 1
began 1
began 1
began 1
began 1
began 1
began 1
began 1
began 1
began 1
began 1
began 1
began 1
began 1
began 1
began 1
began 1
began 1
began 1
began 1
began 1
began 1
began 1
began 1
began 1
began 1
began 1
began 1
began 1
began 1
began 1
began 1
began 1
began 1
began 1
began 1
began 1
began 1
began 1
began 1
began 1
began 1
began 1
began 1
began 1
began 1
began 1
began 1
began 1
began 1
began 1
began 1
began 1
began 1
began 1
began 1
began 1
began 1
began 1
began 1
began 1
began 1
began 1
began 1
began 1
began 1
began 1
began 1
began 1
began 1
began 1
began 1
began 1
began 1
began 1
began 1
began 1
began 1
began 1
began 1
began 1
began 1
began 1
began 1
began 1
began 1
began 1
began 1
began 1
began 1
began 1
began 1
began 1
began 1
began 1
began 1
began 1
being 1
being 1
being 1
being 1
being 1
being 1
being 1
being 1
being 1
being 1
being 1
being 1
being 1
being 1
being 1
being 1
being 1
being 1
being 1
being 1
being 1
being 1
being 1
being 1
being 1
being 1
being 1
being 1
being 1
being 1
being 1
being 1
being 1
being 1
being 1
being 1
being 1
being 1
belated 1
belt 1
belt 1
belt 1
belt 1
beneath 1
bent 1
bent 1
bent 1
bent 1
bent 1
bent 1
bent 1
bent 1
bent 1
bent 1
bill 1
bit 1
bit 1
bit 1
bit 1
bit 1
bit 1
bit 1
bit 1
bit 1
bit 1
bit 1
bit 1
bit 1
bit 1
bit 1
bit 1
bit 1
blackboard 1
blackboard 1
blanched 1
blanched 1
blanket 1
blasted 1
blazing 1
bloodiest 1
boards 1
boards 1
book 1
book 1
book 1
book 1
book 1
book 1
book 1
book 1
book 1
book 1
book 1
book 1
book 1
book 1
book 1
book 1
book 1
book 1
book 1
book 1
book 1
book 1
book 1
book 1
book 1
book 1
book 1
book 1
book 1
book 1
book 1
book 1
book 1
book 1
book 1
book 1
book 1
book 1
brace 1
brace 1
brand 1
break 1
break 1
break 1
break 1
break 1
break 1
break 1
break 1
break 1
breakers 1
breathed 1
breathed 1
bridge 1
brimful 1
brimful 1
brimming 1
broadcast 1
broke 1
broke 1
broke 1
broke 1
broke 1
broke 1
broke 1
broke 1
broke 1
broke 1
broke 1
broke 1
broke 1
broke 1
broke 1
broke 1
broke 1
broke 1
broke 1
broke 1
broke 1
broke 1
broom 1
budding 1
bulky 1
bursts 1
busy 1
busy 1
busy 1
busy 1
busy 1
buttons 1
cannon 1
cannon 1
captives 1
care 1
care 1
care 1
care 1
care 1
care 1
care 1
care 1
care 1
care 1
care 1
care 1
care 1
care 1
care 1
cared 1
cared 1
cared 1
cared 1
carrying 1
carrying 1
carrying 1
carrying 1
cash 1
cast 1
cast 1
cast 1
cast 1
cast 1
cast 1
cavern 1
cavern 1
cavern 1
cavern 1
cavern 1
cavern 1
cavern 1
cellar 1
cellar 1
chair 1
chair 1
chair 1
chair 1
chair 1
chair 1
chair 1
character 1
character 1
character 1
cheer 1
cheer 1
cheer 1
cheer 1
chewing 1
chewing 1
chopped 1
churches 1
churches 1
circumstance 1
circumstance 1
circumstance 1
citified 1
civilization 1
civilization 1
civilization 1
civilization 1
civilization 1
clamping 1
client 1
client 1
closely 1
cobs 1
cocked 1
coin 1
coin 1
collar 1
collar 1
collar 1
collar 1
collar 1
collar 1
comes 1
comes 1
comes 1
comes 1
comes 1
comes 1
comes 1
comes 1
comes 1
comes 1
comes 1
comes 1
comes 1
comes 1
comes 1
comes 1
communing 1
communing 1
companions 1
companions 1
complain 1
complexioned 1
compliance 1
compliance 1
compliance 1
compliance 1
comrade 1
comrade 1
comrade 1
comrade 1
comrade 1
comrade 1
comrade 1
comrade 1
comrade 1
comrade 1
conceded 1
concerned 1
concerned 1
concerned 1
concerned 1
concerned 1
conducted 1
conducted 1
confession 1
confession 1
confidently 1
connected 1
consented 1
consented 1
consequence 1
consequence 1
consequence 1
consound 1
conspicuous 1
conspicuous 1
conspicuous 1
conspicuous 1
conspicuous 1
constructing 1
contained 1
contained 1
contributed 1
contributed 1
convert 1
copying 1
copying 1
copying 1
copying 1
corrupt 1
countenance 1
couples 1
courthouse 1
cowardly 1
cowhide 1
crawling 1
creaked 1
creaked 1
creaked 1
creating 1
creating 1
creating 1
creation 1
creation 1
crimson 1
crimson 1
crippled 1
crippled 1
crossstreet 1
cuffs 1
curls 1
curls 1
curls 1
curls 1
curls 1
cursing 1
curve 1
curve 1
custom 1
custom 1
custom 1
custom 1
custom 1
dad 1
damage 1
damage 1
damps 1
dance 1
dangled 1
dangled 1
daresay 1
darkness 1
darkness 1
darkness 1
darkness 1
darkness 1
darkness 1
darkness 1
darkness 1
darkness 1
darling 1
daubed 1
debris 1
deeply 1
deeply 1
deeply 1
denial 1
denial 1
denial 1
denial 1
dern 1
dern 1
dern 1
dern 1
dern 1
dern 1
desert 1
dickens 1
didn 1
didn 1
didn 1
didn 1
didn 1
didn 1
didn 1
didn 1
didn 1
didn 1
didn 1
didn 1
didn 1
didn 1
didn 1
didn 1
didn 1
didn 1
didn 1
didn 1
didn 1
didn 1
didn 1
didn 1
didn 1
didn 1
didn 1
didn 1
didn 1
didn 1
didn 1
didn 1
didn 1
didn 1
didn 1
didn 1
didn 1
didn 1
didn 1
didn 1
didn 1
didn 1
didn 1
didn 1
dignified 1
dignified 1
dime 1
dimly 1
dimly 1
dirt 1
dirt 1
dirt 1
disappearing 1
discourse 1
discourse 1
discreet 1
dismantled 1
dismantled 1
dismembered 1
distress 1
distress 1
distress 1
distress 1
distress 1
distress 1
distress 1
distress 1
distress 1
distress 1
distribute 1
distribute 1
distribute 1
distribute 1
distribute 1
do 1
do 1
do 1
do 1
do 1
do 1
do 1
do 1
do 1
do 1
do 1
do 1
do 1
do 1
do 1
do 1
do 1
do 1
do 1
do 1
do 1
do 1
do 1
do 1
do 1
do 1
do 1
do 1
do 1
do 1
do 1
do 1
do 1
do 1
do 1
do 1
do 1
do 1
do 1
do 1
do 1
do 1
do 1
do 1
do 1
do 1
do 1
do 1
do 1
do 1
do 1
do 1
do 1
do 1
do 1
do 1
do 1
do 1
do 1
do 1
do 1
do 1
do 1
do 1
do 1
do 1
do 1
do 1
do 1
do 1
do 1
do 1
do 1
do 1
do 1
do 1
do 1
do 1
do 1
do 1
do 1
do 1
do 1
do 1
do 1
do 1
do 1
do 1
do 1
do 1
do 1
do 1
do 1
do 1
do 1
do 1
do 1
do 1
do 1
do 1
do 1
do 1
do 1
do 1
do 1
do 1
do 1
do 1
do 1
do 1
do 1
do 1
do 1
do 1
do 1
do 1
do 1
do 1
do 1
do 1
do 1
do 1
do 1
do 1
do 1
do 1
do 1
do 1
do 1
do 1
do 1
do 1
do 1
do 1
do 1
do 1
do 1
do 1
do 1
do 1
do 1
do 1
do 1
do 1
do 1
do 1
do 1
do 1
do 1
do 1
do 1
do 1
do 1
do 1
do 1
do 1
do 1
do 1
do 1
do 1
do 1
do 1
do 1
do 1
do 1
do 1
do 1
do 1
do 1
do 1
do 1
do 1
do 1
do 1
do 1
do 1
do 1
do 1
do 1
do 1
do 1
do 1
do 1
do 1
does 1
does 1
does 1
does 1
does 1
does 1
does 1
does 1
does 1
does 1
does 1
does 1
does 1
does 1
does 1
does 1
does 1
does 1
does 1
does 1
does 1
does 1
does 1
does 1
does 1
does 1
does 1
doing 1
doing 1
doing 1
doing 1
doing 1
doing 1
doing 1
doing 1
doing 1
doing 1
doing 1
doing 1
doing 1
doing 1
doing 1
doing 1
doing 1
dollars 1
dollars 1
dollars 1
dollars 1
dollars 1
dollars 1
dollars 1
dollars 1
dollars 1
dollars 1
don 1
don 1
don 1
don 1
don 1
don 1
don 1
don 1
don 1
don 1
don 1
don 1
don 1
don 1
don 1
don 1
don 1
don 1
don 1
don 1
don 1
don 1
don 1
don 1
don 1
don 1
don 1
don 1
don 1
don 1
don 1
don 1
don 1
don 1
don 1
don 1
don 1
don 1
don 1
don 1
don 1
don 1
don 1
don 1
don 1
don 1
don 1
don 1
don 1
don 1
don 1
don 1
don 1
don 1
don 1
don 1
don 1
don 1
don 1
don 1
don 1
don 1
don 1
don 1
don 1
don 1
don 1
don 1
don 1
don 1
don 1
don 1
don 1
don 1
don 1
don 1
don 1
don 1
don 1
don 1
don 1
don 1
don 1
don 1
don 1
don 1
don 1
don 1
don 1
don 1
don 1
don 1
don 1
don 1
don 1
don 1
don 1
don 1
don 1
don 1
don 1
don 1
don 1
don 1
don 1
don 1
don 1
don 1
don 1
don 1
don 1
don 1
don 1
don 1
don 1
don 1
don 1
don 1
don 1
don 1
don 1
don 1
don 1
don 1
don 1
don 1
don 1
don 1
don 1
don 1
don 1
don 1
don 1
don 1
don 1
don 1
don 1
don 1
don 1
don 1
don 1
don 1
don 1
don 1
don 1
don 1
don 1
don 1
don 1
don 1
don 1
don 1
don 1
don 1
don 1
don 1
don 1
don 1
don 1
don 1
don 1
don 1
don 1
don 1
don 1
don 1
don 1
don 1
don 1
don 1
don 1
don 1
don 1
don 1
don 1
don 1
don 1
don 1
don 1
don 1
don 1
don 1
don 1
don 1
don 1
don 1
don 1
don 1
don 1
don 1
don 1
don 1
don 1
doors 1
doors 1
doors 1
doth 1
dreadful 1
dreadful 1
dreadful 1
dreadful 1
dreadful 1
dreadful 1
dreadful 1
dreadful 1
dreadful 1
dream 1
dream 1
dream 1
dream 1
dream 1
dream 1
dream 1
dream 1
dream 1
dream 1
dream 1
dream 1
dream 1
dream 1
dream 1
dream 1
dream 1
dream 1
dream 1
dream 1
dream 1
dress 1
dress 1
dress 1
drip 1
drip 1
drip 1
drip 1
driving 1
driving 1
driving 1
driving 1
drop 1
drop 1
drop 1
drop 1
drop 1
drop 1
drop 1
drop 1
drop 1
drop 1
drop 1
drownded 1
drownded 1
drownded 1
drownded 1
drownded 1
dry 1
dry 1
dry 1
dry 1
duplicate 1
during 1
during 1
during 1
during 1
during 1
during 1
during 1
during 1
during 1
dusk 1
dusk 1
easily 1
easily 1
easily 1
easily 1
easily 1
easily 1
east 1
economized 1
educational 1
effusion 1
effusive 1
either 1
either 1
either 1
either 1
either 1
either 1
either 1
either 1
either 1
either 1
either 1
either 1
elephant 1
eleven 1
eleven 1
eleven 1
emotion 1
emotion 1
enabled 1
enabled 1
enclosed 1
enclosed 1
enthusiasm 1
enthusiasm 1
entitled 1
entitled 1
episode 1
episode 1
episode 1
equalled 1
equalled 1
everything 1
everything 1
everything 1
everything 1
everything 1
everything 1
everything 1
everything 1
everything 1
everything 1
everything 1
everything 1
everything 1
everything 1
everything 1
everything 1
everything 1
everything 1
everything 1
everything 1
everything 1
everything 1
everything 1
everything 1
everything 1
everything 1
everything 1
exact 1
exact 1
exacting 1
except 1
except 1
except 1
excepting 1
exclaiming 1
exerted 1
exertions 1
exhibit 1
expanded 1
expanded 1
expecting 1
expecting 1
expecting 1
expecting 1
expecting 1
expecting 1
expenses 1
expenses 1
expensive 1
extract 1
eye 1
eye 1
eye 1
eye 1
eye 1
eye 1
eye 1
eye 1
eye 1
eye 1
eye 1
eye 1
eye 1
eye 1
eye 1
eye 1
eye 1
eye 1
eye 1
eye 1
eye 1
eye 1
eye 1
eye 1
eye 1
eye 1
eye 1
eye 1
eye 1
faced 1
faced 1
faced 1
faintly 1
faintly 1
faintly 1
fairies 1
falling 1
falling 1
falling 1
falling 1
falling 1
fasten 1
fasten 1
faults 1
feasting 1
feeble 1
feeble 1
feeble 1
feeble 1
feeble 1
feeble 1
feelings 1
feelings 1
feelings 1
feels 1
felt 1
felt 1
felt 1
felt 1
felt 1
felt 1
felt 1
felt 1
felt 1
felt 1
felt 1
felt 1
felt 1
felt 1
felt 1
felt 1
felt 1
felt 1
felt 1
felt 1
felt 1
felt 1
felt 1
felt 1
felt 1
felt 1
felt 1
felt 1
felt 1
felt 1
felt 1
felt 1
felt 1
felt 1
felt 1
felt 1
felt 1
fiercely 1
figures 1
finally 1
finally 1
finally 1
finally 1
finally 1
finally 1
finally 1
finally 1
finally 1
finally 1
finally 1
finally 1
finery 1
finest 1
finest 1
firing 1
firmly 1
fists 1
fit 1
fled 1
fled 1
fled 1
fled 1
flitting 1
flitting 1
flushed 1
flushed 1
flushed 1
fluttered 1
foliage 1
foliage 1
foliage 1
foliage 1
follered 1
follered 1
for 1
for 1
for 1
for 1
for 1
for 1
for 1
for 1
for 1
for 1
for 1
for 1
for 1
for 1
for 1
for 1
for 1
for 1
for 1
for 1
for 1
for 1
for 1
for 1
for 1
for 1
for 1
for 1
for 1
for 1
for 1
for 1
for 1
for 1
for 1
for 1
for 1
for 1
for 1
for 1
for 1
for 1
for 1
for 1
for 1
for 1
for 1
for 1
for 1
for 1
for 1
for 1
for 1
for 1
for 1
for 1
for 1
for 1
for 1
for 1
for 1
for 1
for 1
for 1
for 1
for 1
for 1
for 1
for 1
for 1
for 1
for 1
for 1
for 1
for 1
for 1
for 1
for 1
for 1
for 1
for 1
for 1
for 1
for 1
for 1
for 1
for 1
for 1
for 1
for 1
for 1
for 1
for 1
for 1
for 1
for 1
for 1
for 1
for 1
for 1
for 1
for 1
for 1
for 1
for 1
for 1
for 1
for 1
for 1
for 1
for 1
for 1
for 1
for 1
for 1
for 1
for 1
for 1
for 1
for 1
for 1
for 1
for 1
for 1
for 1
for 1
for 1
for 1
for 1
for 1
for 1
for 1
for 1
for 1
for 1
for 1
for 1
for 1
for 1
for 1
for 1
for 1
for 1
for 1
for 1
for 1
for 1
for 1
for 1
for 1
for 1
for 1
for 1
for 1
for 1
for 1
for 1
for 1
for 1
for 1
for 1
for 1
for 1
for 1
for 1
for 1
for 1
for 1
for 1
for 1
for 1
for 1
for 1
for 1
for 1
for 1
for 1
for 1
for 1
for 1
for 1
for 1
for 1
for 1
for 1
for 1
for 1
for 1
for 1
for 1
for 1
for 1
for 1
for 1
for 1
for 1
for 1
for 1
for 1
for 1
for 1
for 1
for 1
for 1
for 1
for 1
for 1
for 1
for 1
for 1
for 1
for 1
for 1
for 1
for 1
for 1
for 1
for 1
for 1
for 1
for 1
for 1
for 1
for 1
for 1
for 1
for 1
for 1
for 1
for 1
for 1
for 1
for 1
for 1
for 1
for 1
for 1
for 1
for 1
for 1
for 1
for 1
for 1
for 1
for 1
for 1
for 1
for 1
for 1
for 1
for 1
for 1
for 1
for 1
for 1
for 1
for 1
for 1
for 1
for 1
for 1
for 1
for 1
for 1
for 1
for 1
for 1
for 1
for 1
for 1
for 1
for 1
for 1
for 1
for 1
for 1
for 1
for 1
for 1
for 1
for 1
for 1
for 1
for 1
for 1
for 1
for 1
for 1
for 1
for 1
for 1
for 1
for 1
for 1
for 1
for 1
for 1
for 1
for 1
for 1
for 1
for 1
for 1
for 1
for 1
for 1
for 1
for 1
for 1
for 1
for 1
for 1
for 1
for 1
for 1
for 1
for 1
for 1
for 1
for 1
for 1
for 1
for 1
for 1
for 1
for 1
for 1
for 1
for 1
for 1
for 1
for 1
for 1
for 1
for 1
for 1
for 1
for 1
for 1
for 1
for 1
for 1
for 1
for 1
for 1
for 1
for 1
for 1
for 1
for 1
for 1
for 1
for 1
for 1
for 1
for 1
for 1
for 1
for 1
for 1
for 1
for 1
for 1
for 1
for 1
for 1
for 1
for 1
for 1
for 1
for 1
for 1
for 1
for 1
for 1
for 1
for 1
for 1
for 1
for 1
for 1
for 1
for 1
for 1
for 1
for 1
for 1
for 1
for 1
for 1
for 1
for 1
for 1
for 1
for 1
for 1
for 1
for 1
for 1
for 1
for 1
for 1
for 1
for 1
for 1
for 1
for 1
for 1
for 1
for 1
for 1
for 1
for 1
for 1
for 1
for 1
for 1
for 1
for 1
for 1
for 1
for 1
for 1
for 1
for 1
for 1
for 1
for 1
for 1
for 1
for 1
for 1
for 1
for 1
for 1
for 1
for 1
for 1
for 1
for 1
for 1
for 1
for 1
for 1
for 1
for 1
for 1
for 1
for 1
for 1
for 1
for 1
for 1
for 1
for 1
for 1
for 1
for 1
for 1
for 1
for 1
for 1
for 1
for 1
for 1
for 1
for 1
for 1
for 1
for 1
for 1
for 1
for 1
for 1
for 1
for 1
for 1
for 1
for 1
for 1
for 1
for 1
for 1
for 1
for 1
for 1
for 1
for 1
for 1
for 1
for 1
for 1
for 1
for 1
for 1
for 1
for 1
for 1
for 1
for 1
for 1
for 1
for 1
for 1
for 1
for 1
for 1
for 1
for 1
for 1
for 1
for 1
for 1
for 1
for 1
for 1
for 1
for 1
for 1
for 1
for 1
for 1
for 1
for 1
for 1
for 1
for 1
for 1
for 1
for 1
for 1
for 1
for 1
for 1
for 1
for 1
for 1
for 1
for 1
for 1
for 1
for 1
for 1
forbidden 1
forced 1
forced 1
forced 1
forced 1
forced 1
foretopmaststuns 1
former 1
formidable 1
formidable 1
formidable 1
foundry 1
fours 1
fox 1
frantic 1
frantic 1
frantic 1
frauds 1
fretting 1
friendless 1
friendless 1
fro 1
frying 1
full 1
full 1
full 1
full 1
full 1
full 1
full 1
full 1
full 1
full 1
full 1
full 1
full 1
full 1
full 1
full 1
full 1
full 1
full 1
full 1
full 1
full 1
full 1
full 1
full 1
full 1
full 1
full 1
full 1
full 1
full 1
full 1
full 1
full 1
funeral 1
funeral 1
funeral 1
funeral 1
funeral 1
funeral 1
funeral 1
funeral 1
funeral 1
furious 1
furtive 1
furtive 1
furtive 1
furtive 1
gait 1
gayety 1
generally 1
generally 1
generally 1
generally 1
generally 1
generally 1
gesticulation 1
giant 1
giddy 1
giddy 1
giddy 1
giddy 1
girded 1
gladly 1
glimmer 1
glittering 1
glittering 1
glittering 1
gloriously 1
goner 1
goner 1
goner 1
goner 1
goodbye 1
graceful 1
gracious 1
grape 1
grated 1
gratitude 1
gratitude 1
gratitude 1
gratitude 1
gratitude 1
gratitude 1
gratitude 1
gratitude 1
gratitude 1
gratitude 1
gratitude 1
grave 1
grave 1
grave 1
grave 1
grave 1
grave 1
grave 1
grave 1
grave 1
grave 1
grave 1
grave 1
grave 1
grave 1
grave 1
grave 1
graveyard 1
graveyard 1
graveyard 1
graveyard 1
graveyard 1
graveyard 1
graveyard 1
grease 1
grease 1
grease 1
grease 1
grease 1
greatest 1
greatest 1
greatest 1
grief 1
grief 1
grief 1
grief 1
grief 1
grief 1
grim 1
grim 1
grotesque 1
guileful 1
haired 1
halting 1
halting 1
halting 1
happenings 1
harum 1
harum 1
hat 1
hat 1
hat 1
hat 1
hat 1
hat 1
hat 1
hat 1
hat 1
hates 1
hates 1
hayloft 1
headed 1
healed 1
heartbreaking 1
hearties 1
heathen 1
heavy 1
heavy 1
heavy 1
heavy 1
heavy 1
heavy 1
heavy 1
heedful 1
heels 1
heels 1
heels 1
heels 1
heels 1
heels 1
heels 1
heels 1
height 1
held 1
held 1
held 1
held 1
held 1
held 1
held 1
held 1
held 1
held 1
held 1
held 1
held 1
held 1
held 1
held 1
help 1
help 1
help 1
help 1
help 1
help 1
help 1
help 1
help 1
help 1
help 1
help 1
help 1
help 1
help 1
help 1
help 1
help 1
help 1
help 1
help 1
her 1
her 1
her 1
her 1
her 1
her 1
her 1
her 1
her 1
her 1
her 1
her 1
her 1
her 1
her 1
her 1
her 1
her 1
her 1
her 1
her 1
her 1
her 1
her 1
her 1
her 1
her 1
her 1
her 1
her 1
her 1
her 1
her 1
her 1
her 1
her 1
her 1
her 1
her 1
her 1
her 1
her 1
her 1
her 1
her 1
her 1
her 1
her 1
her 1
her 1
her 1
her 1
her 1
her 1
her 1
her 1
her 1
her 1
her 1
her 1
her 1
her 1
her 1
her 1
her 1
her 1
her 1
her 1
her 1
her 1
her 1
her 1
her 1
her 1
her 1
her 1
her 1
her 1
her 1
her 1
her 1
her 1
her 1
her 1
her 1
her 1
her 1
her 1
her 1
her 1
her 1
her 1
her 1
her 1
her 1
her 1
her 1
her 1
her 1
her 1
her 1
her 1
her 1
her 1
her 1
her 1
her 1
her 1
her 1
her 1
her 1
her 1
her 1
her 1
her 1
her 1
her 1
her 1
her 1
her 1
her 1
her 1
her 1
her 1
her 1
her 1
her 1
her 1
her 1
her 1
her 1
her 1
her 1
her 1
her 1
her 1
her 1
her 1
her 1
her 1
her 1
her 1
her 1
her 1
her 1
her 1
her 1
her 1
her 1
her 1
her 1
her 1
her 1
her 1
her 1
her 1
her 1
her 1
her 1
her 1
her 1
her 1
her 1
her 1
her 1
her 1
her 1
her 1
her 1
her 1
her 1
her 1
her 1
her 1
her 1
her 1
her 1
her 1
her 1
her 1
her 1
her 1
her 1
her 1
her 1
her 1
her 1
her 1
her 1
her 1
her 1
her 1
her 1
her 1
her 1
her 1
her 1
her 1
her 1
her 1
her 1
her 1
her 1
her 1
her 1
her 1
her 1
her 1
her 1
her 1
her 1
her 1
her 1
her 1
her 1
her 1
her 1
her 1
her 1
her 1
her 1
her 1
her 1
her 1
her 1
her 1
her 1
her 1
her 1
her 1
her 1
her 1
her 1
her 1
her 1
her 1
her 1
her 1
her 1
her 1
her 1
her 1
her 1
her 1
her 1
her 1
her 1
her 1
her 1
her 1
her 1
her 1
her 1
her 1
her 1
her 1
her 1
her 1
her 1
her 1
her 1
her 1
her 1
her 1
her 1
her 1
her 1
her 1
her 1
her 1
her 1
her 1
her 1
her 1
her 1
her 1
her 1
her 1
her 1
her 1
hickory 1
hiding 1
hiding 1
hiding 1
hiding 1
hiding 1
hiding 1
hind 1
hind 1
hookey 1
hookey 1
hookey 1
hookey 1
hookey 1
hooking 1
horizon 1
horrors 1
hosts 1
human 1
human 1
human 1
human 1
human 1
human 1
human 1
human 1
human 1
human 1
human 1
human 1
human 1
human 1
hurricane 1
hurricane 1
hurried 1
hurried 1
hurried 1
hurried 1
hurried 1
hurried 1
idleness 1
ill 1
ill 1
ill 1
ill 1
ill 1
ill 1
ill 1
imaginary 1
imaginary 1
imaginary 1
imaginary 1
imaginary 1
imaginations 1
imminence 1
impression 1
impressive 1
impressive 1
impressive 1
impulse 1
impulse 1
impulse 1
impulse 1
impulse 1
impulse 1
impulse 1
includes 1
inconsistent 1
indecision 1
indemnify 1
indigestion 1
injured 1
injured 1
inmates 1
inspiring 1
intangible 1
intended 1
intended 1
interested 1
interested 1
interested 1
interested 1
interested 1
interested 1
interested 1
interested 1
interval 1
intervening 1
intolerable 1
intolerable 1
intolerable 1
intolerable 1
intolerable 1
intolerable 1
intruder 1
investigated 1
invisible 1
irresistible 1
irritation 1
irritation 1
isolated 1
isolated 1
isolated 1
isolated 1
jack 1
jailed 1
jailed 1
jews 1
job 1
job 1
job 1
job 1
job 1
job 1
job 1
job 1
justified 1
juveniles 1
juveniles 1
know 1
know 1
know 1
know 1
know 1
know 1
know 1
know 1
know 1
know 1
know 1
know 1
know 1
know 1
know 1
know 1
know 1
know 1
know 1
know 1
know 1
know 1
know 1
know 1
know 1
know 1
know 1
know 1
know 1
know 1
know 1
know 1
know 1
know 1
know 1
know 1
know 1
know 1
know 1
know 1
know 1
know 1
know 1
know 1
know 1
know 1
know 1
know 1
know 1
know 1
know 1
know 1
know 1
know 1
know 1
know 1
know 1
know 1
know 1
know 1
know 1
know 1
know 1
know 1
know 1
know 1
know 1
know 1
know 1
know 1
know 1
know 1
know 1
know 1
know 1
know 1
know 1
know 1
know 1
know 1
know 1
know 1
know 1
know 1
know 1
know 1
know 1
know 1
know 1
know 1
know 1
know 1
know 1
know 1
know 1
know 1
know 1
know 1
know 1
know 1
know 1
know 1
know 1
know 1
know 1
know 1
know 1
know 1
know 1
know 1
know 1
know 1
know 1
know 1
know 1
know 1
know 1
know 1
know 1
know 1
know 1
know 1
know 1
know 1
know 1
know 1
know 1
know 1
know 1
know 1
know 1
know 1
landing 1
landing 1
landing 1
landing 1
landing 1
landing 1
lately 1
lately 1
lately 1
lately 1
latterly 1
laugh 1
laugh 1
laugh 1
laugh 1
laugh 1
laugh 1
laugh 1
leak 1
lengths 1
letting 1
letting 1
letting 1
limit 1
listen 1
listen 1
lively 1
lively 1
lively 1
lives 1
lives 1
loathed 1
lonesomest 1
longed 1
longed 1
longingly 1
look 1
look 1
look 1
look 1
look 1
look 1
look 1
look 1
look 1
look 1
look 1
look 1
look 1
look 1
look 1
look 1
look 1
look 1
look 1
look 1
look 1
look 1
look 1
look 1
look 1
look 1
look 1
look 1
look 1
look 1
look 1
look 1
look 1
look 1
look 1
look 1
look 1
look 1
look 1
look 1
look 1
look 1
look 1
look 1
look 1
look 1
looking 1
looking 1
looking 1
looking 1
looking 1
looking 1
looking 1
looking 1
looking 1
looking 1
looking 1
looking 1
looking 1
looking 1
looking 1
looking 1
looking 1
looking 1
looking 1
looking 1
looking 1
looking 1
looking 1
looking 1
looking 1
looking 1
looking 1
looking 1
looking 1
lower 1
lower 1
lower 1
lower 1
lugubrious 1
lugubrious 1
magnificent 1
mail 1
managed 1
managed 1
managed 1
managed 1
managed 1
managed 1
manifest 1
manifest 1
manifest 1
marble 1
marble 1
marble 1
marble 1
marble 1
marble 1
martyr 1
may 1
may 1
may 1
may 1
may 1
may 1
may 1
may 1
may 1
may 1
may 1
may 1
may 1
may 1
may 1
may 1
may 1
may 1
may 1
may 1
may 1
may 1
may 1
may 1
may 1
mean 1
mean 1
mean 1
mean 1
mean 1
mean 1
mean 1
mean 1
mean 1
mean 1
mean 1
mean 1
mean 1
mean 1
mean 1
mean 1
mean 1
mean 1
mean 1
mean 1
mean 1
mean 1
mean 1
mean 1
mean 1
mean 1
mean 1
mean 1
mean 1
mean 1
mean 1
mean 1
mean 1
meanest 1
meaning 1
meaning 1
measurably 1
memory 1
memory 1
memory 1
memory 1
memory 1
merciless 1
merry 1
merry 1
metal 1
metal 1
method 1
mile 1
mile 1
mile 1
mile 1
mile 1
mile 1
mile 1
mile 1
mile 1
mile 1
mile 1
mile 1
mile 1
military 1
mine 1
mine 1
mine 1
mine 1
mine 1
mine 1
mine 1
mingling 1
misfortunes 1
moaning 1
moaning 1
monds 1
monds 1
monds 1
monds 1
moodily 1
moodily 1
moonlight 1
mountain 1
mountain 1
mourning 1
mourning 1
mouth 1
mouth 1
mouth 1
mouth 1
mouth 1
mouth 1
mouth 1
mouth 1
mouth 1
mouth 1
mouth 1
mouth 1
mouth 1
mouth 1
mouth 1
mouth 1
mouth 1
mouth 1
mouth 1
murmured 1
must 1
must 1
must 1
must 1
must 1
must 1
must 1
must 1
must 1
must 1
must 1
must 1
must 1
must 1
must 1
must 1
must 1
must 1
must 1
must 1
must 1
must 1
must 1
must 1
must 1
must 1
must 1
must 1
must 1
must 1
must 1
must 1
must 1
must 1
must 1
must 1
must 1
must 1
must 1
must 1
must 1
must 1
must 1
must 1
must 1
must 1
must 1
must 1
must 1
must 1
must 1
must 1
mystic 1
mystic 1
napkin 1
natural 1
natural 1
natural 1
natural 1
necktie 1
necktie 1
needy 1
nerveless 1
nerveless 1
news 1
news 1
news 1
news 1
news 1
news 1
news 1
news 1
news 1
news 1
news 1
news 1
news 1
news 1
next 1
next 1
next 1
next 1
next 1
next 1
next 1
next 1
next 1
next 1
next 1
next 1
next 1
next 1
next 1
next 1
next 1
next 1
next 1
next 1
next 1
next 1
next 1
next 1
next 1
next 1
next 1
next 1
next 1
next 1
next 1
next 1
next 1
next 1
next 1
next 1
next 1
next 1
next 1
next 1
next 1
next 1
next 1
next 1
next 1
niggers 1
nobody 1
nobody 1
nobody 1
nobody 1
nobody 1
nobody 1
nobody 1
nobody 1
nobody 1
nobody 1
nobody 1
nobody 1
nobody 1
nobody 1
nobody 1
not 1
not 1
not 1
not 1
not 1
not 1
not 1
not 1
not 1
not 1
not 1
not 1
not 1
not 1
not 1
not 1
not 1
not 1
not 1
not 1
not 1
not 1
not 1
not 1
not 1
not 1
not 1
not 1
not 1
not 1
not 1
not 1
not 1
not 1
not 1
not 1
not 1
not 1
not 1
not 1
not 1
not 1
not 1
not 1
not 1
not 1
not 1
not 1
not 1
not 1
not 1
not 1
not 1
not 1
not 1
not 1
not 1
not 1
not 1
not 1
not 1
not 1
not 1
not 1
not 1
not 1
not 1
not 1
not 1
not 1
not 1
not 1
not 1
not 1
not 1
not 1
not 1
not 1
not 1
not 1
not 1
not 1
not 1
not 1
not 1
not 1
not 1
not 1
not 1
not 1
not 1
not 1
not 1
not 1
not 1
not 1
not 1
not 1
not 1
not 1
not 1
not 1
not 1
not 1
not 1
not 1
not 1
not 1
not 1
not 1
not 1
not 1
not 1
not 1
not 1
not 1
not 1
not 1
not 1
not 1
not 1
not 1
not 1
not 1
not 1
not 1
not 1
not 1
not 1
not 1
not 1
not 1
not 1
not 1
not 1
not 1
not 1
not 1
not 1
not 1
not 1
not 1
not 1
not 1
not 1
not 1
not 1
not 1
not 1
not 1
not 1
not 1
not 1
not 1
not 1
not 1
not 1
not 1
not 1
not 1
not 1
not 1
not 1
not 1
not 1
not 1
not 1
not 1
not 1
not 1
not 1
not 1
not 1
not 1
not 1
not 1
not 1
not 1
not 1
not 1
not 1
not 1
not 1
not 1
not 1
not 1
not 1
not 1
not 1
not 1
not 1
not 1
not 1
not 1
not 1
not 1
not 1
not 1
not 1
not 1
not 1
not 1
not 1
not 1
not 1
not 1
not 1
not 1
not 1
not 1
not 1
not 1
not 1
not 1
not 1
not 1
not 1
not 1
not 1
not 1
not 1
not 1
not 1
not 1
not 1
not 1
not 1
not 1
not 1
not 1
not 1
not 1
not 1
not 1
not 1
not 1
not 1
not 1
not 1
not 1
not 1
not 1
not 1
not 1
not 1
not 1
not 1
not 1
not 1
not 1
not 1
not 1
not 1
not 1
not 1
not 1
not 1
not 1
not 1
not 1
not 1
not 1
not 1
not 1
not 1
not 1
not 1
not 1
not 1
not 1
not 1
not 1
not 1
not 1
not 1
not 1
not 1
not 1
not 1
not 1
not 1
not 1
not 1
not 1
not 1
not 1
not 1
not 1
not 1
not 1
not 1
not 1
not 1
not 1
not 1
not 1
not 1
notices 1
novelty 1
object 1
object 1
object 1
object 1
obleeged 1
obtaining 1
obtaining 1
odious 1
officers 1
officers 1
opportunities 1
opportunities 1
opportunity 1
opportunity 1
opportunity 1
opportunity 1
opportunity 1
opportunity 1
opportunity 1
opportunity 1
opportunity 1
opulent 1
ordinarily 1
orgies 1
orgies 1
orgies 1
orgies 1
original 1
original 1
original 1
originality 1
originality 1
ought 1
ought 1
ought 1
ought 1
overflowed 1
overwhelming 1
overwhelming 1
page 1
page 1
page 1
page 1
page 1
page 1
page 1
painted 1
panting 1
panting 1
panting 1
panting 1
panting 1
panting 1
paperwork 1
paragraphs 1
paragraphs 1
paragraphs 1
parcel 1
parson 1
partiality 1
particular 1
particular 1
particular 1
particular 1
particular 1
particular 1
particular 1
particular 1
peaceful 1
peaceful 1
peaceful 1
per 1
per 1
per 1
perceived 1
perform 1
perform 1
performing 1
performing 1
performing 1
performing 1
perishing 1
perishing 1
physical 1
physical 1
pick 1
pick 1
pick 1
pick 1
pick 1
pick 1
pick 1
pick 1
pick 1
pick 1
pieces 1
pieces 1
pieces 1
pillared 1
pipes 1
pipes 1
pipes 1
pipes 1
pipes 1
piping 1
plaited 1
plaited 1
plausibilities 1
pockets 1
polishing 1
pon 1
pon 1
portion 1
portion 1
portion 1
possibly 1
possibly 1
possibly 1
powwow 1
pranced 1
prepare 1
prepare 1
prepare 1
preposterous 1
present 1
present 1
present 1
present 1
present 1
present 1
present 1
present 1
press 1
pressive 1
pressure 1
pressure 1
prick 1
proceedings 1
proceedings 1
procession 1
procession 1
procession 1
procession 1
procession 1
procession 1
procession 1
proclaiming 1
production 1
projection 1
property 1
property 1
property 1
property 1
property 1
provision 1
provision 1
provision 1
provision 1
quack 1
quack 1
quack 1
race 1
racer 1
rapt 1
rarely 1
reaching 1
reaching 1
ready 1
ready 1
ready 1
ready 1
ready 1
ready 1
ready 1
ready 1
ready 1
ready 1
ready 1
ready 1
ready 1
ready 1
ready 1
ready 1
ready 1
ready 1
ready 1
ready 1
really 1
really 1
really 1
really 1
really 1
really 1
really 1
really 1
really 1
really 1
received 1
received 1
received 1
received 1
received 1
received 1
received 1
received 1
received 1
received 1
received 1
received 1
recollecting 1
recounted 1
recreations 1
recreations 1
reddened 1
referred 1
referred 1
reflect 1
relic 1
relieving 1
religion 1
remarked 1
remarked 1
remarks 1
remarks 1
remarks 1
remarks 1
remarks 1
repetition 1
repetition 1
reported 1
reproof 1
research 1
research 1
resembled 1
resembled 1
respected 1
response 1
response 1
response 1
response 1
restful 1
resumed 1
resumed 1
resumed 1
resumed 1
resumed 1
resumed 1
resurrection 1
reward 1
reward 1
ri 1
rid 1
rid 1
rid 1
rid 1
rid 1
risk 1
risk 1
risk 1
risk 1
rob 1
rob 1
rob 1
rolling 1
rolling 1
rolling 1
rolling 1
rolling 1
rolling 1
rose 1
rose 1
rose 1
rose 1
rose 1
rose 1
rose 1
rose 1
rose 1
rose 1
rose 1
rose 1
rose 1
rose 1
rose 1
rose 1
rose 1
rose 1
rose 1
rose 1
rose 1
rose 1
rough 1
rough 1
rough 1
route 1
rovers 1
rubbing 1
rubbish 1
ruinous 1
run 1
run 1
run 1
run 1
run 1
run 1
run 1
run 1
run 1
run 1
run 1
run 1
run 1
run 1
run 1
run 1
run 1
run 1
run 1
run 1
run 1
run 1
run 1
sandy 1
sandy 1
sandy 1
sank 1
sank 1
sank 1
sank 1
sank 1
sank 1
sank 1
sank 1
sank 1
sank 1
sarcasms 1
saturated 1
scalping 1
scorn 1
scratched 1
scratched 1
scratched 1
scuffling 1
sea 1
sea 1
searched 1
searched 1
searched 1
searched 1
searched 1
searched 1
searched 1
searched 1
searched 1
searched 1
selected 1
sentiment 1
seventeenth 1
shaking 1
shaking 1
shaking 1
shaking 1
sharply 1
sheep 1
shimmering 1
shoulders 1
shoulders 1
shoulders 1
shoulders 1
shoulders 1
shoulders 1
shoved 1
showing 1
showing 1
showing 1
showing 1
showing 1
showing 1
shown 1
side 1
side 1
side 1
side 1
side 1
side 1
side 1
side 1
side 1
side 1
side 1
side 1
side 1
side 1
side 1
side 1
side 1
side 1
side 1
side 1
side 1
side 1
side 1
side 1
side 1
side 1
side 1
side 1
side 1
similar 1
sing 1
sing 1
sing 1
sins 1
sins 1
skies 1
skies 1
sky 1
sky 1
slicked 1
slightest 1
slightest 1
smoke 1
smoke 1
smoke 1
smoke 1
smoke 1
smoke 1
smoke 1
smoke 1
smoke 1
smoke 1
smoke 1
smoke 1
smoke 1
smoke 1
smoke 1
smoke 1
smoke 1
smoke 1
smoke 1
smoke 1
smoke 1
smoke 1
snapped 1
snatches 1
snug 1
snug 1
snug 1
sofa 1
soil 1
solitary 1
song 1
song 1
sorts 1
sorts 1
sorts 1
sorts 1
sorts 1
sown 1
spider 1
splendor 1
splendor 1
splendor 1
splendor 1
splendor 1
splendor 1
splendor 1
splutter 1
spoil 1
spray 1
spreading 1
spreading 1
spreading 1
spreading 1
spreading 1
spreading 1
square 1
square 1
square 1
staircase 1
stared 1
stared 1
stared 1
stared 1
stared 1
stared 1
stared 1
stared 1
stared 1
stared 1
stared 1
stared 1
starved 1
stealthily 1
stealthily 1
stealthily 1
steamer 1
stile 1
stile 1
stile 1
stile 1
stile 1
stilled 1
stinging 1
stole 1
stole 1
stole 1
stood 1
stood 1
stood 1
stood 1
stood 1
stood 1
stood 1
stood 1
stood 1
stood 1
stood 1
stood 1
stood 1
stood 1
stood 1
stood 1
stood 1
stood 1
stood 1
stood 1
stood 1
stood 1
stood 1
stood 1
stood 1
stood 1
stood 1
stood 1
stood 1
stood 1
stood 1
stood 1
stood 1
stood 1
stood 1
stood 1
stood 1
stood 1
stood 1
stood 1
stood 1
stood 1
stood 1
stood 1
stood 1
stood 1
stood 1
stood 1
stood 1
stood 1
stood 1
stood 1
stopped 1
stopped 1
stopped 1
stopped 1
stopped 1
stopped 1
stopped 1
stopped 1
stopped 1
stopped 1
stopped 1
stopped 1
stopped 1
stopped 1
stopped 1
stopped 1
stopped 1
stopped 1
stopped 1
stopped 1
stopped 1
stopped 1
stopped 1
stopped 1
stopped 1
stopped 1
stopped 1
stopped 1
stopped 1
straggled 1
straggled 1
straw 1
straw 1
straw 1
strongest 1
study 1
study 1
study 1
study 1
study 1
study 1
studying 1
studying 1
stump 1
stump 1
stump 1
stump 1
stump 1
stump 1
stump 1
stump 1
stupor 1
stupor 1
style 1
style 1
style 1
style 1
style 1
sudden 1
sudden 1
sudden 1
sudden 1
sudden 1
sudden 1
sudden 1
sum 1
sum 1
sum 1
summer 1
summer 1
summer 1
summer 1
summer 1
summer 1
summer 1
summer 1
summer 1
summer 1
summer 1
summit 1
summit 1
summit 1
summit 1
sunk 1
sunk 1
sunk 1
support 1
support 1
support 1
support 1
support 1
surface 1
surface 1
swept 1
swept 1
swept 1
swept 1
swept 1
swept 1
swept 1
swept 1
talkative 1
talks 1
talks 1
tar 1
tar 1
tasted 1
tasted 1
tax 1
tax 1
tax 1
tax 1
tax 1
tax 1
tears 1
tears 1
tears 1
tears 1
tears 1
tears 1
tears 1
tears 1
tears 1
tears 1
tears 1
tears 1
tears 1
tears 1
tears 1
tears 1
tears 1
tears 1
tell 1
tell 1
tell 1
tell 1
tell 1
tell 1
tell 1
tell 1
tell 1
tell 1
tell 1
tell 1
tell 1
tell 1
tell 1
tell 1
tell 1
tell 1
tell 1
tell 1
tell 1
tell 1
tell 1
tell 1
tell 1
tell 1
tell 1
tell 1
tell 1
tell 1
tell 1
tell 1
tell 1
tell 1
tell 1
tell 1
tell 1
tell 1
tell 1
tell 1
tell 1
tell 1
tell 1
tell 1
tell 1
tell 1
tell 1
tell 1
tell 1
tell 1
tell 1
tell 1
tell 1
tell 1
tell 1
tell 1
tell 1
tell 1
tell 1
tell 1
tell 1
tell 1
tell 1
tell 1
tell 1
tell 1
tell 1
tell 1
tell 1
tell 1
tell 1
tell 1
tell 1
tell 1
tell 1
tell 1
tell 1
tell 1
tell 1
tell 1
tell 1
tell 1
tell 1
tell 1
tell 1
tell 1
tell 1
tell 1
tell 1
tell 1
tell 1
tell 1
tell 1
tell 1
telling 1
telling 1
telling 1
telling 1
telling 1
temper 1
temptation 1
temptation 1
temptation 1
temptation 1
temptation 1
tenantless 1
the 1
the 1
the 1
the 1
the 1
the 1
the 1
the 1
the 1
the 1
the 1
the 1
the 1
the 1
the 1
the 1
the 1
the 1
the 1
the 1
the 1
the 1
the 1
the 1
the 1
the 1
the 1
the 1
the 1
the 1
the 1
the 1
the 1
the 1
the 1
the 1
the 1
the 1
the 1
the 1
the 1
the 1
the 1
the 1
the 1
the 1
the 1
the 1
the 1
the 1
the 1
the 1
the 1
the 1
the 1
the 1
the 1
the 1
the 1
the 1
the 1
the 1
the 1
the 1
the 1
the 1
the 1
the 1
the 1
the 1
the 1
the 1
the 1
the 1
the 1
the 1
the 1
the 1
the 1
the 1
the 1
the 1
the 1
the 1
the 1
the 1
the 1
the 1
the 1
the 1
the 1
the 1
the 1
the 1
the 1
the 1
the 1
the 1
the 1
the 1
the 1
the 1
the 1
the 1
the 1
the 1
the 1
the 1
the 1
the 1
the 1
the 1
the 1
the 1
the 1
the 1
the 1
the 1
the 1
the 1
the 1
the 1
the 1
the 1
the 1
the 1
the 1
the 1
the 1
the 1
the 1
the 1
the 1
the 1
the 1
the 1
the 1
the 1
the 1
the 1
the 1
the 1
the 1
the 1
the 1
the 1
the 1
the 1
the 1
the 1
the 1
the 1
the 1
the 1
the 1
the 1
the 1
the 1
the 1
the 1
the 1
the 1
the 1
the 1
the 1
the 1
the 1
the 1
the 1
the 1
the 1
the 1
the 1
the 1
the 1
the 1
the 1
the 1
the 1
the 1
the 1
the 1
the 1
the 1
the 1
the 1
the 1
the 1
the 1
the 1
the 1
the 1
the 1
the 1
the 1
the 1
the 1
the 1
the 1
the 1
the 1
the 1
the 1
the 1
the 1
the 1
the 1
the 1
the 1
the 1
the 1
the 1
the 1
the 1
the 1
the 1
the 1
the 1
the 1
the 1
the 1
the 1
the 1
the 1
the 1
the 1
the 1
the 1
the 1
the 1
the 1
the 1
the 1
the 1
the 1
the 1
the 1
the 1
the 1
the 1
the 1
the 1
the 1
the 1
the 1
the 1
the 1
the 1
the 1
the 1
the 1
the 1
the 1
the 1
the 1
the 1
the 1
the 1
the 1
the 1
the 1
the 1
the 1
the 1
the 1
the 1
the 1
the 1
the 1
the 1
the 1
the 1
the 1
the 1
the 1
the 1
the 1
the 1
the 1
the 1
the 1
the 1
the 1
the 1
the 1
the 1
the 1
the 1
the 1
the 1
the 1
the 1
the 1
the 1
the 1
the 1
the 1
the 1
the 1
the 1
the 1
the 1
the 1
the 1
the 1
the 1
the 1
the 1
the 1
the 1
the 1
the 1
the 1
the 1
the 1
the 1
the 1
the 1
the 1
the 1
the 1
the 1
the 1
the 1
the 1
the 1
the 1
the 1
the 1
the 1
the 1
the 1
the 1
the 1
the 1
the 1
the 1
the 1
the 1
the 1
the 1
the 1
the 1
the 1
the 1
the 1
the 1
the 1
the 1
the 1
the 1
the 1
the 1
the 1
the 1
the 1
the 1
the 1
the 1
the 1
the 1
the 1
the 1
the 1
the 1
the 1
the 1
the 1
the 1
the 1
the 1
the 1
the 1
the 1
the 1
the 1
the 1
the 1
the 1
the 1
the 1
the 1
the 1
the 1
the 1
the 1
the 1
the 1
the 1
the 1
the 1
the 1
the 1
the 1
the 1
the 1
the 1
the 1
the 1
the 1
the 1
the 1
the 1
the 1
the 1
the 1
the 1
the 1
the 1
the 1
the 1
the 1
the 1
the 1
the 1
the 1
the 1
the 1
the 1
the 1
the 1
the 1
the 1
the 1
the 1
the 1
the 1
the 1
the 1
the 1
the 1
the 1
the 1
the 1
the 1
the 1
the 1
the 1
the 1
the 1
the 1
the 1
the 1
the 1
the 1
the 1
the 1
the 1
the 1
the 1
the 1
the 1
the 1
the 1
the 1
the 1
the 1
the 1
the 1
the 1
the 1
the 1
the 1
the 1
the 1
the 1
the 1
the 1
the 1
the 1
the 1
the 1
the 1
the 1
the 1
the 1
the 1
the 1
the 1
the 1
the 1
the 1
the 1
the 1
the 1
the 1
the 1
the 1
the 1
the 1
the 1
the 1
the 1
the 1
the 1
the 1
the 1
the 1
the 1
the 1
the 1
the 1
the 1
the 1
the 1
the 1
the 1
the 1
the 1
the 1
the 1
the 1
the 1
the 1
the 1
the 1
the 1
the 1
the 1
the 1
the 1
the 1
the 1
the 1
the 1
the 1
the 1
the 1
the 1
the 1
the 1
the 1
the 1
the 1
the 1
the 1
the 1
the 1
the 1
the 1
the 1
the 1
the 1
the 1
the 1
the 1
the 1
the 1
the 1
the 1
the 1
the 1
the 1
the 1
the 1
the 1
the 1
the 1
the 1
the 1
the 1
the 1
the 1
the 1
the 1
the 1
the 1
the 1
the 1
the 1
the 1
the 1
the 1
the 1
the 1
the 1
the 1
the 1
the 1
the 1
the 1
the 1
the 1
the 1
the 1
the 1
the 1
the 1
the 1
the 1
the 1
the 1
the 1
the 1
the 1
the 1
the 1
the 1
the 1
the 1
the 1
the 1
the 1
the 1
the 1
the 1
the 1
the 1
the 1
the 1
the 1
the 1
the 1
the 1
the 1
the 1
the 1
the 1
the 1
the 1
the 1
the 1
the 1
the 1
the 1
the 1
the 1
the 1
the 1
the 1
the 1
the 1
the 1
the 1
the 1
the 1
the 1
the 1
the 1
the 1
the 1
the 1
the 1
the 1
the 1
the 1
the 1
the 1
the 1
the 1
the 1
the 1
the 1
the 1
the 1
the 1
the 1
the 1
the 1
the 1
the 1
the 1
the 1
the 1
the 1
the 1
the 1
the 1
the 1
the 1
the 1
the 1
the 1
the 1
the 1
the 1
the 1
the 1
the 1
the 1
the 1
the 1
the 1
the 1
the 1
the 1
the 1
the 1
the 1
the 1
the 1
the 1
the 1
the 1
the 1
the 1
the 1
the 1
the 1
the 1
the 1
the 1
the 1
the 1
the 1
the 1
the 1
the 1
the 1
the 1
the 1
the 1
the 1
the 1
the 1
the 1
the 1
the 1
the 1
the 1
the 1
the 1
the 1
the 1
the 1
the 1
the 1
the 1
the 1
the 1
the 1
the 1
the 1
the 1
the 1
the 1
the 1
the 1
the 1
the 1
the 1
the 1
the 1
the 1
the 1
the 1
the 1
the 1
the 1
the 1
the 1
the 1
the 1
the 1
the 1
the 1
the 1
the 1
the 1
the 1
the 1
the 1
the 1
the 1
the 1
the 1
the 1
the 1
the 1
the 1
the 1
the 1
the 1
the 1
the 1
the 1
the 1
the 1
the 1
the 1
the 1
the 1
the 1
the 1
the 1
the 1
the 1
the 1
the 1
the 1
the 1
the 1
the 1
the 1
the 1
the 1
the 1
the 1
the 1
the 1
the 1
the 1
the 1
the 1
the 1
the 1
the 1
the 1
the 1
the 1
the 1
the 1
the 1
the 1
the 1
the 1
the 1
the 1
the 1
the 1
the 1
the 1
the 1
the 1
the 1
the 1
the 1
the 1
the 1
the 1
the 1
the 1
the 1
the 1
the 1
the 1
the 1
the 1
the 1
the 1
the 1
the 1
the 1
the 1
the 1
the 1
the 1
the 1
the 1
the 1
the 1
the 1
the 1
the 1
the 1
the 1
the 1
the 1
the 1
the 1
the 1
the 1
the 1
the 1
the 1
the 1
the 1
the 1
the 1
the 1
the 1
the 1
the 1
the 1
the 1
the 1
the 1
the 1
the 1
the 1
the 1
the 1
the 1
the 1
the 1
the 1
the 1
the 1
the 1
the 1
the 1
the 1
the 1
the 1
the 1
the 1
the 1
the 1
the 1
the 1
the 1
the 1
the 1
the 1
the 1
the 1
the 1
the 1
the 1
the 1
the 1
the 1
the 1
the 1
the 1
the 1
the 1
the 1
the 1
the 1
the 1
the 1
the 1
the 1
the 1
the 1
the 1
the 1
the 1
the 1
the 1
the 1
the 1
the 1
the 1
the 1
the 1
the 1
the 1
the 1
the 1
the 1
the 1
the 1
the 1
the 1
the 1
the 1
the 1
the 1
the 1
the 1
the 1
the 1
the 1
the 1
the 1
the 1
the 1
the 1
the 1
the 1
the 1
the 1
the 1
the 1
the 1
the 1
the 1
the 1
the 1
the 1
the 1
the 1
the 1
the 1
the 1
the 1
the 1
the 1
the 1
the 1
the 1
the 1
the 1
the 1
the 1
the 1
the 1
the 1
the 1
the 1
the 1
the 1
the 1
the 1
the 1
the 1
the 1
the 1
the 1
the 1
the 1
the 1
the 1
the 1
the 1
the 1
the 1
the 1
the 1
the 1
the 1
the 1
the 1
the 1
the 1
the 1
the 1
the 1
the 1
the 1
the 1
the 1
the 1
the 1
the 1
the 1
the 1
the 1
the 1
the 1
the 1
the 1
the 1
the 1
the 1
the 1
the 1
the 1
the 1
the 1
the 1
the 1
the 1
the 1
the 1
the 1
the 1
the 1
the 1
the 1
the 1
the 1
the 1
the 1
the 1
the 1
the 1
the 1
the 1
the 1
the 1
the 1
the 1
the 1
the 1
the 1
the 1
the 1
the 1
the 1
the 1
the 1
the 1
the 1
the 1
the 1
the 1
the 1
the 1
the 1
the 1
the 1
the 1
the 1
the 1
the 1
the 1
the 1
the 1
the 1
the 1
the 1
the 1
the 1
the 1
the 1
the 1
the 1
the 1
the 1
the 1
the 1
the 1
the 1
the 1
the 1
the 1
the 1
the 1
the 1
the 1
the 1
the 1
the 1
the 1
the 1
the 1
the 1
the 1
the 1
the 1
the 1
the 1
the 1
the 1
the 1
the 1
the 1
the 1
the 1
the 1
the 1
the 1
the 1
the 1
the 1
the 1
the 1
the 1
the 1
the 1
the 1
the 1
the 1
the 1
the 1
the 1
the 1
the 1
the 1
the 1
the 1
the 1
the 1
the 1
the 1
the 1
the 1
the 1
the 1
the 1
the 1
the 1
the 1
the 1
the 1
the 1
the 1
the 1
the 1
the 1
the 1
the 1
the 1
the 1
the 1
the 1
the 1
the 1
the 1
the 1
the 1
the 1
the 1
the 1
the 1
the 1
the 1
the 1
the 1
the 1
the 1
the 1
the 1
the 1
the 1
the 1
the 1
the 1
the 1
the 1
the 1
the 1
the 1
the 1
the 1
the 1
the 1
the 1
the 1
the 1
the 1
the 1
the 1
the 1
the 1
the 1
the 1
the 1
the 1
the 1
the 1
the 1
the 1
the 1
the 1
the 1
the 1
the 1
the 1
the 1
the 1
the 1
the 1
the 1
the 1
the 1
the 1
the 1
the 1
the 1
the 1
the 1
the 1
the 1
the 1
the 1
the 1
the 1
the 1
the 1
the 1
the 1
the 1
the 1
the 1
the 1
the 1
the 1
the 1
the 1
the 1
the 1
the 1
the 1
the 1
the 1
the 1
the 1
the 1
the 1
the 1
the 1
the 1
the 1
the 1
the 1
the 1
the 1
the 1
the 1
the 1
the 1
the 1
the 1
the 1
the 1
the 1
the 1
the 1
the 1
the 1
the 1
the 1
the 1
the 1
the 1
the 1
the 1
the 1
the 1
the 1
the 1
the 1
the 1
the 1
the 1
the 1
the 1
the 1
the 1
the 1
the 1
the 1
the 1
the 1
the 1
the 1
the 1
the 1
the 1
the 1
the 1
the 1
the 1
the 1
the 1
the 1
the 1
the 1
the 1
the 1
the 1
the 1
the 1
the 1
the 1
the 1
the 1
the 1
the 1
the 1
the 1
the 1
the 1
the 1
the 1
the 1
the 1
the 1
the 1
the 1
the 1
the 1
the 1
the 1
the 1
the 1
the 1
the 1
the 1
the 1
the 1
the 1
the 1
the 1
the 1
the 1
the 1
the 1
the 1
the 1
the 1
the 1
the 1
the 1
the 1
the 1
the 1
the 1
the 1
the 1
the 1
the 1
the 1
the 1
the 1
the 1
the 1
the 1
the 1
the 1
the 1
the 1
the 1
the 1
the 1
the 1
the 1
the 1
the 1
the 1
the 1
the 1
the 1
the 1
the 1
the 1
the 1
the 1
the 1
the 1
the 1
the 1
the 1
the 1
the 1
the 1
the 1
the 1
the 1
the 1
the 1
the 1
the 1
the 1
the 1
the 1
the 1
the 1
the 1
the 1
the 1
the 1
the 1
the 1
the 1
the 1
the 1
the 1
the 1
the 1
the 1
the 1
the 1
the 1
the 1
the 1
the 1
the 1
the 1
the 1
the 1
the 1
the 1
the 1
the 1
the 1
the 1
the 1
the 1
the 1
the 1
the 1
the 1
the 1
the 1
the 1
the 1
the 1
the 1
the 1
the 1
the 1
the 1
the 1
the 1
the 1
the 1
the 1
the 1
the 1
the 1
the 1
the 1
the 1
the 1
the 1
the 1
the 1
the 1
the 1
the 1
the 1
the 1
the 1
the 1
the 1
the 1
the 1
the 1
the 1
the 1
the 1
the 1
the 1
the 1
the 1
the 1
the 1
the 1
the 1
the 1
the 1
the 1
the 1
the 1
the 1
the 1
the 1
the 1
the 1
the 1
the 1
the 1
the 1
the 1
the 1
the 1
the 1
the 1
the 1
the 1
the 1
the 1
the 1
the 1
the 1
the 1
the 1
the 1
the 1
the 1
the 1
the 1
the 1
the 1
the 1
the 1
the 1
the 1
the 1
the 1
the 1
the 1
the 1
the 1
the 1
the 1
the 1
the 1
the 1
the 1
the 1
the 1
the 1
the 1
the 1
the 1
the 1
the 1
the 1
the 1
the 1
the 1
the 1
the 1
the 1
the 1
the 1
the 1
the 1
the 1
the 1
the 1
the 1
the 1
the 1
the 1
the 1
the 1
the 1
the 1
the 1
the 1
the 1
the 1
the 1
the 1
the 1
the 1
the 1
the 1
the 1
the 1
the 1
the 1
the 1
the 1
the 1
the 1
the 1
the 1
the 1
the 1
the 1
the 1
the 1
the 1
the 1
the 1
the 1
the 1
the 1
the 1
the 1
the 1
the 1
the 1
the 1
the 1
the 1
the 1
the 1
the 1
the 1
the 1
the 1
the 1
the 1
the 1
the 1
the 1
the 1
the 1
the 1
the 1
the 1
the 1
the 1
the 1
the 1
the 1
the 1
the 1
the 1
the 1
the 1
the 1
the 1
the 1
the 1
the 1
the 1
the 1
the 1
the 1
the 1
the 1
the 1
the 1
the 1
the 1
the 1
the 1
the 1
the 1
the 1
the 1
the 1
the 1
the 1
the 1
the 1
the 1
the 1
the 1
the 1
the 1
the 1
the 1
the 1
the 1
the 1
the 1
the 1
the 1
the 1
the 1
the 1
the 1
the 1
the 1
the 1
the 1
the 1
the 1
the 1
the 1
the 1
the 1
the 1
the 1
the 1
the 1
the 1
the 1
the 1
the 1
the 1
the 1
the 1
the 1
the 1
the 1
the 1
the 1
the 1
the 1
the 1
the 1
the 1
the 1
the 1
the 1
the 1
the 1
the 1
the 1
the 1
the 1
the 1
the 1
the 1
the 1
the 1
the 1
the 1
the 1
the 1
the 1
the 1
the 1
the 1
the 1
the 1
the 1
the 1
the 1
the 1
the 1
the 1
the 1
the 1
the 1
the 1
the 1
the 1
the 1
the 1
the 1
the 1
the 1
the 1
the 1
the 1
the 1
the 1
the 1
the 1
the 1
the 1
the 1
the 1
the 1
the 1
the 1
the 1
the 1
the 1
the 1
the 1
the 1
the 1
the 1
the 1
the 1
the 1
the 1
the 1
the 1
the 1
the 1
the 1
the 1
the 1
the 1
the 1
the 1
the 1
the 1
the 1
the 1
the 1
the 1
the 1
the 1
the 1
the 1
the 1
the 1
the 1
the 1
the 1
the 1
the 1
the 1
the 1
the 1
the 1
the 1
the 1
the 1
the 1
the 1
the 1
the 1
the 1
the 1
the 1
the 1
the 1
the 1
the 1
the 1
the 1
the 1
the 1
the 1
the 1
the 1
the 1
the 1
the 1
the 1
the 1
the 1
the 1
the 1
the 1
the 1
the 1
the 1
the 1
the 1
the 1
the 1
the 1
the 1
the 1
the 1
the 1
the 1
the 1
the 1
the 1
the 1
the 1
the 1
the 1
the 1
the 1
the 1
the 1
the 1
the 1
the 1
the 1
the 1
the 1
the 1
the 1
the 1
the 1
the 1
the 1
the 1
the 1
the 1
the 1
the 1
the 1
the 1
the 1
the 1
the 1
the 1
the 1
the 1
the 1
the 1
the 1
the 1
the 1
the 1
the 1
the 1
the 1
the 1
the 1
the 1
the 1
the 1
the 1
the 1
the 1
the 1
the 1
the 1
the 1
the 1
the 1
the 1
the 1
the 1
the 1
the 1
the 1
the 1
the 1
the 1
the 1
the 1
the 1
the 1
the 1
the 1
the 1
the 1
the 1
the 1
the 1
the 1
the 1
the 1
the 1
the 1
the 1
the 1
the 1
the 1
the 1
the 1
the 1
the 1
the 1
the 1
the 1
the 1
the 1
the 1
the 1
the 1
the 1
the 1
the 1
the 1
the 1
the 1
the 1
the 1
the 1
the 1
the 1
the 1
the 1
the 1
the 1
the 1
the 1
the 1
the 1
the 1
the 1
the 1
the 1
the 1
the 1
the 1
the 1
the 1
the 1
the 1
the 1
the 1
the 1
the 1
the 1
the 1
the 1
the 1
the 1
the 1
the 1
the 1
the 1
the 1
the 1
the 1
the 1
the 1
the 1
the 1
the 1
the 1
the 1
the 1
the 1
the 1
the 1
the 1
the 1
the 1
the 1
the 1
the 1
the 1
the 1
the 1
the 1
the 1
the 1
the 1
the 1
the 1
the 1
the 1
the 1
the 1
the 1
the 1
the 1
the 1
the 1
the 1
the 1
the 1
the 1
the 1
the 1
the 1
the 1
the 1
the 1
the 1
the 1
the 1
the 1
the 1
the 1
the 1
the 1
the 1
the 1
the 1
the 1
the 1
the 1
the 1
the 1
the 1
the 1
the 1
the 1
the 1
the 1
the 1
the 1
the 1
the 1
the 1
the 1
the 1
the 1
the 1
the 1
the 1
the 1
the 1
the 1
the 1
the 1
the 1
the 1
the 1
the 1
the 1
the 1
the 1
the 1
the 1
the 1
the 1
the 1
the 1
the 1
the 1
the 1
the 1
the 1
the 1
the 1
the 1
the 1
the 1
the 1
the 1
the 1
the 1
the 1
the 1
the 1
the 1
the 1
the 1
the 1
the 1
the 1
the 1
the 1
the 1
the 1
the 1
the 1
the 1
the 1
the 1
the 1
the 1
the 1
the 1
the 1
the 1
the 1
the 1
the 1
the 1
the 1
the 1
the 1
the 1
the 1
the 1
the 1
the 1
the 1
the 1
the 1
the 1
the 1
the 1
the 1
the 1
the 1
the 1
the 1
the 1
the 1
the 1
the 1
the 1
the 1
the 1
the 1
the 1
the 1
the 1
the 1
the 1
the 1
the 1
the 1
the 1
the 1
the 1
the 1
the 1
the 1
the 1
the 1
the 1
the 1
the 1
the 1
the 1
the 1
the 1
the 1
the 1
the 1
the 1
the 1
the 1
the 1
the 1
the 1
the 1
the 1
the 1
the 1
the 1
the 1
the 1
the 1
the 1
the 1
the 1
the 1
the 1
the 1
the 1
the 1
the 1
the 1
the 1
the 1
the 1
the 1
the 1
the 1
the 1
the 1
the 1
the 1
the 1
the 1
the 1
the 1
the 1
the 1
the 1
the 1
the 1
the 1
the 1
the 1
the 1
the 1
the 1
the 1
the 1
the 1
the 1
the 1
the 1
the 1
the 1
the 1
the 1
the 1
the 1
the 1
the 1
the 1
the 1
the 1
the 1
the 1
the 1
the 1
the 1
the 1
the 1
the 1
the 1
the 1
the 1
the 1
the 1
the 1
the 1
the 1
the 1
the 1
the 1
the 1
the 1
the 1
the 1
the 1
the 1
the 1
the 1
the 1
the 1
the 1
the 1
the 1
the 1
the 1
the 1
the 1
the 1
the 1
the 1
the 1
the 1
the 1
the 1
the 1
the 1
the 1
the 1
the 1
the 1
the 1
the 1
the 1
the 1
the 1
the 1
the 1
the 1
the 1
the 1
the 1
the 1
the 1
the 1
the 1
the 1
the 1
the 1
the 1
the 1
the 1
the 1
the 1
the 1
the 1
the 1
the 1
the 1
the 1
the 1
the 1
the 1
the 1
the 1
the 1
the 1
the 1
the 1
the 1
the 1
the 1
the 1
the 1
the 1
the 1
the 1
the 1
the 1
the 1
the 1
the 1
the 1
the 1
the 1
the 1
the 1
the 1
the 1
the 1
the 1
the 1
the 1
the 1
the 1
the 1
the 1
the 1
the 1
the 1
the 1
the 1
the 1
the 1
the 1
the 1
the 1
the 1
the 1
the 1
the 1
the 1
the 1
the 1
the 1
the 1
the 1
the 1
the 1
the 1
the 1
the 1
the 1
the 1
the 1
the 1
the 1
the 1
the 1
the 1
the 1
the 1
the 1
the 1
the 1
the 1
the 1
the 1
the 1
the 1
the 1
the 1
the 1
the 1
the 1
the 1
the 1
the 1
the 1
the 1
the 1
the 1
the 1
the 1
the 1
the 1
the 1
the 1
the 1
the 1
the 1
the 1
the 1
the 1
the 1
the 1
the 1
the 1
the 1
the 1
the 1
the 1
the 1
the 1
the 1
the 1
the 1
the 1
the 1
the 1
the 1
the 1
the 1
the 1
the 1
the 1
the 1
the 1
the 1
the 1
the 1
the 1
the 1
the 1
the 1
the 1
the 1
the 1
the 1
the 1
the 1
the 1
the 1
the 1
the 1
the 1
the 1
the 1
the 1
the 1
the 1
the 1
the 1
the 1
the 1
the 1
the 1
the 1
the 1
the 1
the 1
the 1
the 1
the 1
the 1
the 1
the 1
the 1
the 1
the 1
the 1
the 1
the 1
the 1
the 1
the 1
the 1
the 1
the 1
the 1
the 1
the 1
the 1
the 1
the 1
the 1
the 1
the 1
the 1
the 1
the 1
the 1
the 1
the 1
the 1
the 1
the 1
the 1
the 1
the 1
the 1
the 1
the 1
the 1
the 1
the 1
the 1
the 1
the 1
the 1
the 1
the 1
the 1
the 1
the 1
the 1
the 1
the 1
the 1
the 1
the 1
the 1
the 1
the 1
the 1
the 1
the 1
the 1
the 1
the 1
the 1
the 1
the 1
the 1
the 1
the 1
the 1
the 1
the 1
the 1
the 1
the 1
the 1
the 1
the 1
the 1
the 1
the 1
the 1
the 1
the 1
the 1
the 1
the 1
the 1
the 1
the 1
the 1
the 1
the 1
the 1
the 1
the 1
the 1
the 1
the 1
the 1
the 1
the 1
the 1
the 1
the 1
the 1
the 1
the 1
the 1
the 1
the 1
the 1
the 1
the 1
the 1
the 1
the 1
the 1
the 1
the 1
the 1
the 1
the 1
the 1
the 1
the 1
the 1
the 1
the 1
the 1
the 1
the 1
the 1
the 1
the 1
the 1
the 1
the 1
the 1
the 1
the 1
the 1
the 1
the 1
the 1
the 1
the 1
the 1
the 1
the 1
the 1
the 1
the 1
the 1
the 1
the 1
the 1
the 1
the 1
the 1
the 1
the 1
the 1
the 1
the 1
the 1
the 1
the 1
the 1
the 1
the 1
the 1
the 1
the 1
the 1
the 1
the 1
the 1
the 1
the 1
the 1
the 1
the 1
the 1
the 1
the 1
the 1
the 1
the 1
the 1
the 1
the 1
the 1
the 1
the 1
the 1
the 1
the 1
the 1
the 1
the 1
the 1
the 1
the 1
the 1
the 1
the 1
the 1
the 1
the 1
the 1
the 1
the 1
the 1
the 1
the 1
the 1
the 1
the 1
the 1
the 1
the 1
the 1
the 1
the 1
the 1
the 1
the 1
the 1
the 1
the 1
the 1
the 1
the 1
the 1
the 1
the 1
the 1
the 1
the 1
the 1
the 1
the 1
the 1
the 1
the 1
the 1
the 1
the 1
the 1
the 1
the 1
the 1
the 1
the 1
the 1
the 1
the 1
the 1
the 1
the 1
the 1
the 1
the 1
the 1
the 1
the 1
the 1
the 1
the 1
the 1
the 1
the 1
the 1
the 1
the 1
the 1
the 1
the 1
the 1
the 1
the 1
the 1
the 1
the 1
the 1
the 1
the 1
the 1
the 1
the 1
the 1
the 1
the 1
the 1
the 1
the 1
the 1
the 1
the 1
the 1
the 1
the 1
the 1
the 1
the 1
the 1
the 1
the 1
the 1
the 1
the 1
the 1
the 1
the 1
the 1
the 1
the 1
the 1
the 1
the 1
the 1
the 1
the 1
the 1
the 1
the 1
the 1
the 1
the 1
the 1
the 1
the 1
the 1
the 1
the 1
the 1
the 1
the 1
the 1
the 1
the 1
the 1
the 1
the 1
the 1
the 1
the 1
the 1
the 1
the 1
the 1
the 1
the 1
the 1
the 1
the 1
the 1
the 1
the 1
the 1
the 1
the 1
the 1
the 1
the 1
the 1
the 1
the 1
the 1
the 1
the 1
the 1
the 1
the 1
the 1
the 1
the 1
the 1
the 1
the 1
the 1
the 1
the 1
the 1
the 1
the 1
the 1
the 1
the 1
the 1
the 1
the 1
the 1
the 1
the 1
the 1
the 1
the 1
the 1
the 1
the 1
the 1
the 1
the 1
the 1
the 1
the 1
the 1
the 1
the 1
the 1
the 1
the 1
the 1
the 1
the 1
the 1
the 1
the 1
the 1
the 1
the 1
the 1
the 1
the 1
the 1
the 1
the 1
the 1
the 1
the 1
the 1
the 1
the 1
the 1
the 1
the 1
the 1
the 1
the 1
the 1
the 1
the 1
the 1
the 1
the 1
the 1
the 1
the 1
the 1
the 1
the 1
the 1
the 1
the 1
the 1
the 1
the 1
the 1
the 1
the 1
the 1
the 1
the 1
the 1
the 1
the 1
the 1
the 1
the 1
the 1
the 1
the 1
the 1
the 1
the 1
the 1
the 1
the 1
the 1
the 1
the 1
the 1
the 1
the 1
the 1
the 1
the 1
the 1
the 1
the 1
the 1
the 1
the 1
the 1
the 1
the 1
the 1
the 1
the 1
the 1
the 1
the 1
the 1
the 1
the 1
the 1
the 1
the 1
the 1
the 1
the 1
the 1
the 1
the 1
the 1
the 1
the 1
the 1
the 1
the 1
the 1
the 1
the 1
the 1
the 1
the 1
the 1
the 1
the 1
the 1
the 1
the 1
the 1
the 1
the 1
the 1
the 1
the 1
the 1
the 1
the 1
the 1
the 1
the 1
the 1
the 1
the 1
the 1
the 1
the 1
the 1
the 1
the 1
the 1
the 1
the 1
the 1
the 1
the 1
the 1
the 1
the 1
the 1
the 1
the 1
the 1
the 1
the 1
the 1
the 1
the 1
the 1
the 1
the 1
the 1
the 1
the 1
the 1
the 1
the 1
the 1
the 1
the 1
the 1
the 1
the 1
the 1
the 1
the 1
the 1
the 1
the 1
the 1
the 1
the 1
the 1
the 1
the 1
the 1
the 1
the 1
the 1
the 1
the 1
the 1
the 1
the 1
the 1
the 1
the 1
the 1
the 1
the 1
the 1
the 1
the 1
the 1
the 1
the 1
the 1
the 1
the 1
the 1
the 1
the 1
the 1
the 1
the 1
the 1
the 1
the 1
the 1
the 1
the 1
the 1
the 1
the 1
the 1
the 1
the 1
the 1
the 1
the 1
the 1
the 1
the 1
the 1
the 1
the 1
the 1
the 1
the 1
the 1
the 1
the 1
the 1
the 1
the 1
the 1
the 1
the 1
the 1
the 1
the 1
the 1
the 1
the 1
the 1
the 1
the 1
the 1
the 1
the 1
the 1
the 1
the 1
the 1
the 1
the 1
the 1
the 1
the 1
the 1
the 1
the 1
the 1
the 1
the 1
the 1
the 1
the 1
the 1
the 1
the 1
the 1
the 1
the 1
the 1
the 1
the 1
the 1
the 1
the 1
the 1
the 1
the 1
the 1
the 1
the 1
the 1
the 1
the 1
the 1
the 1
the 1
the 1
the 1
the 1
the 1
the 1
the 1
the 1
the 1
the 1
the 1
the 1
the 1
the 1
the 1
the 1
the 1
the 1
the 1
the 1
the 1
the 1
the 1
the 1
the 1
the 1
the 1
the 1
the 1
the 1
the 1
the 1
the 1
the 1
the 1
the 1
the 1
the 1
the 1
the 1
the 1
the 1
the 1
the 1
the 1
the 1
the 1
the 1
the 1
the 1
the 1
the 1
the 1
the 1
the 1
the 1
the 1
the 1
the 1
the 1
the 1
the 1
the 1
the 1
the 1
the 1
the 1
the 1
the 1
the 1
the 1
the 1
the 1
the 1
the 1
the 1
the 1
the 1
the 1
the 1
the 1
the 1
the 1
the 1
the 1
the 1
the 1
the 1
the 1
the 1
the 1
the 1
the 1
the 1
the 1
the 1
the 1
the 1
the 1
the 1
the 1
the 1
the 1
the 1
the 1
the 1
the 1
the 1
the 1
the 1
the 1
the 1
the 1
the 1
the 1
the 1
the 1
the 1
the 1
the 1
the 1
the 1
the 1
the 1
the 1
the 1
the 1
the 1
the 1
the 1
the 1
the 1
the 1
the 1
the 1
the 1
the 1
the 1
the 1
the 1
the 1
the 1
the 1
the 1
the 1
the 1
the 1
the 1
the 1
the 1
the 1
the 1
the 1
the 1
the 1
the 1
the 1
the 1
the 1
the 1
the 1
the 1
the 1
the 1
the 1
the 1
the 1
the 1
the 1
the 1
the 1
the 1
the 1
the 1
the 1
the 1
the 1
the 1
the 1
the 1
the 1
the 1
the 1
the 1
the 1
the 1
the 1
the 1
the 1
the 1
the 1
the 1
the 1
the 1
the 1
the 1
the 1
the 1
the 1
the 1
the 1
the 1
the 1
the 1
the 1
the 1
the 1
the 1
the 1
the 1
the 1
the 1
the 1
the 1
the 1
the 1
the 1
the 1
the 1
the 1
the 1
the 1
the 1
the 1
the 1
the 1
the 1
the 1
the 1
the 1
the 1
the 1
the 1
the 1
the 1
the 1
the 1
the 1
the 1
the 1
the 1
the 1
the 1
the 1
the 1
the 1
the 1
the 1
the 1
the 1
the 1
the 1
the 1
the 1
the 1
the 1
the 1
the 1
the 1
the 1
the 1
the 1
the 1
the 1
the 1
the 1
the 1
the 1
the 1
the 1
the 1
the 1
the 1
the 1
the 1
the 1
the 1
the 1
the 1
the 1
the 1
the 1
the 1
the 1
theirs 1
theirs 1
theirs 1
theirs 1
theories 1
though 1
though 1
though 1
though 1
though 1
though 1
though 1
though 1
though 1
though 1
though 1
though 1
though 1
though 1
though 1
though 1
though 1
though 1
though 1
throats 1
thronged 1
thunderblasts 1
thunderbolt 1
thunderbolt 1
tickets 1
tickets 1
tickets 1
tickets 1
tickets 1
tickets 1
tickets 1
tickets 1
tickets 1
tickets 1
tickets 1
tights 1
tights 1
tip 1
tiptoed 1
tiptoeing 1
tiptoeing 1
tobacker 1
toes 1
toes 1
toes 1
toilet 1
told 1
told 1
told 1
told 1
told 1
told 1
told 1
told 1
told 1
told 1
told 1
told 1
told 1
told 1
told 1
told 1
told 1
told 1
told 1
told 1
told 1
told 1
told 1
told 1
told 1
told 1
told 1
told 1
told 1
told 1
told 1
told 1
told 1
told 1
told 1
told 1
told 1
told 1
told 1
told 1
told 1
told 1
told 1
told 1
told 1
told 1
told 1
told 1
tollable 1
tourists 1
tourists 1
track 1
track 1
track 1
track 1
track 1
track 1
tracking 1
treacherous 1
treacherous 1
treacherous 1
tries 1
tries 1
trifles 1
trifles 1
trooped 1
trot 1
trot 1
trot 1
trouble 1
trouble 1
trouble 1
trouble 1
trouble 1
trouble 1
trouble 1
trouble 1
trouble 1
trouble 1
trouble 1
trouble 1
trouble 1
trouble 1
trouble 1
trouble 1
trouble 1
trouble 1
trouble 1
trouble 1
trouble 1
trouble 1
trouble 1
trouble 1
trouble 1
trouble 1
trouble 1
trouble 1
trouble 1
trouble 1
trouble 1
truck 1
tumbled 1
turf 1
twinkling 1
twitching 1
un 1
un 1
unbarred 1
unbearable 1
uncovered 1
uncovered 1
uncovered 1
undecided 1
undecided 1
unpalatable 1
untimely 1
unutterably 1
up 1
up 1
up 1
up 1
up 1
up 1
up 1
up 1
up 1
up 1
up 1
up 1
up 1
up 1
up 1
up 1
up 1
up 1
up 1
up 1
up 1
up 1
up 1
up 1
up 1
up 1
up 1
up 1
up 1
up 1
up 1
up 1
up 1
up 1
up 1
up 1
up 1
up 1
up 1
up 1
up 1
up 1
up 1
up 1
up 1
up 1
up 1
up 1
up 1
up 1
up 1
up 1
up 1
up 1
up 1
up 1
up 1
up 1
up 1
up 1
up 1
up 1
up 1
up 1
up 1
up 1
up 1
up 1
up 1
up 1
up 1
up 1
up 1
up 1
up 1
up 1
up 1
up 1
up 1
up 1
up 1
up 1
up 1
up 1
up 1
up 1
up 1
up 1
up 1
up 1
up 1
up 1
up 1
up 1
up 1
up 1
up 1
up 1
up 1
up 1
up 1
up 1
up 1
up 1
up 1
up 1
up 1
up 1
up 1
up 1
up 1
up 1
up 1
up 1
up 1
up 1
up 1
up 1
up 1
up 1
up 1
up 1
up 1
up 1
up 1
up 1
up 1
up 1
up 1
up 1
up 1
up 1
up 1
up 1
up 1
up 1
up 1
up 1
up 1
up 1
up 1
up 1
up 1
up 1
up 1
up 1
up 1
up 1
up 1
up 1
up 1
up 1
up 1
up 1
up 1
up 1
up 1
up 1
up 1
up 1
up 1
up 1
up 1
up 1
up 1
up 1
up 1
up 1
up 1
up 1
up 1
up 1
up 1
up 1
up 1
up 1
up 1
up 1
up 1
up 1
up 1
up 1
up 1
up 1
up 1
up 1
up 1
up 1
up 1
up 1
up 1
up 1
up 1
up 1
up 1
up 1
up 1
up 1
up 1
up 1
up 1
up 1
up 1
up 1
up 1
up 1
up 1
up 1
up 1
up 1
up 1
up 1
up 1
up 1
up 1
up 1
up 1
up 1
up 1
up 1
up 1
up 1
up 1
up 1
up 1
up 1
up 1
up 1
up 1
up 1
up 1
up 1
up 1
up 1
up 1
up 1
up 1
up 1
up 1
up 1
up 1
up 1
up 1
up 1
up 1
up 1
up 1
up 1
up 1
up 1
up 1
up 1
up 1
up 1
up 1
up 1
up 1
up 1
up 1
up 1
up 1
up 1
up 1
up 1
up 1
up 1
up 1
up 1
up 1
up 1
up 1
up 1
up 1
up 1
up 1
up 1
up 1
up 1
up 1
up 1
up 1
up 1
up 1
up 1
up 1
up 1
up 1
up 1
up 1
up 1
up 1
up 1
up 1
up 1
up 1
up 1
up 1
up 1
up 1
up 1
up 1
up 1
up 1
upbraid 1
upsetting 1
upsetting 1
use 1
use 1
use 1
use 1
use 1
use 1
use 1
use 1
use 1
use 1
use 1
use 1
use 1
use 1
use 1
use 1
use 1
use 1
use 1
use 1
use 1
use 1
use 1
use 1
use 1
use 1
use 1
use 1
use 1
used 1
used 1
used 1
used 1
used 1
used 1
used 1
used 1
used 1
used 1
used 1
used 1
used 1
used 1
used 1
used 1
used 1
user 1
user 1
user 1
uttered 1
uttered 1
uttered 1
vacancy 1
valuables 1
varied 1
vastly 1
vastly 1
ve 1
ve 1
ve 1
ve 1
ve 1
ve 1
ve 1
ve 1
ve 1
ve 1
ve 1
ve 1
ve 1
ve 1
ve 1
ve 1
ve 1
ve 1
ve 1
ve 1
ve 1
ve 1
ve 1
ve 1
ve 1
ve 1
ve 1
ve 1
ve 1
ve 1
ve 1
ve 1
ve 1
ve 1
ve 1
ve 1
ve 1
ve 1
ve 1
ve 1
ve 1
ve 1
ve 1
ve 1
ve 1
ve 1
ve 1
ve 1
ve 1
ve 1
ve 1
ve 1
ve 1
ve 1
ve 1
ve 1
ve 1
ve 1
ve 1
ve 1
ve 1
ve 1
ve 1
ve 1
ve 1
ve 1
ve 1
ve 1
ve 1
ve 1
ve 1
ve 1
ve 1
ve 1
ve 1
ve 1
ve 1
ve 1
verdigrease 1
verdigrease 1
vibrated 1
view 1
view 1
view 1
view 1
vigor 1
villain 1
violates 1
virgin 1
visions 1
vous 1
wagons 1
wail 1
waiting 1
waiting 1
waiting 1
waiting 1
waiting 1
waiting 1
waiting 1
waiting 1
waiting 1
waiting 1
waiting 1
walled 1
walls 1
walls 1
walls 1
walls 1
walls 1
walls 1
watches 1
watching 1
watching 1
watching 1
watching 1
watching 1
watching 1
watching 1
watching 1
waved 1
waver 1
way 1
way 1
way 1
way 1
way 1
way 1
way 1
way 1
way 1
way 1
way 1
way 1
way 1
way 1
way 1
way 1
way 1
way 1
way 1
way 1
way 1
way 1
way 1
way 1
way 1
way 1
way 1
way 1
way 1
way 1
way 1
way 1
way 1
way 1
way 1
way 1
way 1
way 1
way 1
way 1
way 1
way 1
way 1
way 1
way 1
way 1
way 1
way 1
way 1
way 1
way 1
way 1
way 1
way 1
way 1
way 1
way 1
way 1
way 1
way 1
way 1
way 1
way 1
way 1
way 1
way 1
way 1
way 1
way 1
way 1
way 1
way 1
way 1
way 1
way 1
way 1
way 1
way 1
way 1
way 1
way 1
way 1
way 1
way 1
way 1
way 1
way 1
way 1
way 1
way 1
way 1
way 1
way 1
way 1
way 1
way 1
way 1
way 1
way 1
way 1
way 1
way 1
way 1
way 1
way 1
way 1
weakness 1
weakness 1
wealthier 1
weapons 1
weighty 1
while 1
while 1
while 1
while 1
while 1
while 1
while 1
while 1
while 1
while 1
while 1
while 1
while 1
while 1
while 1
while 1
while 1
while 1
while 1
while 1
while 1
while 1
while 1
while 1
while 1
while 1
while 1
while 1
while 1
while 1
while 1
while 1
while 1
while 1
while 1
while 1
while 1
while 1
while 1
while 1
while 1
while 1
while 1
while 1
while 1
while 1
while 1
while 1
while 1
while 1
while 1
while 1
while 1
while 1
while 1
while 1
while 1
whipped 1
whipped 1
whipped 1
whipped 1
whipped 1
whipped 1
whispered 1
whispered 1
whispered 1
whispered 1
whispered 1
whispered 1
whispered 1
whispered 1
whispered 1
whispered 1
whispered 1
whispered 1
whispered 1
whispered 1
whispered 1
whispered 1
whispered 1
whispered 1
whispered 1
whispered 1
whispered 1
whispered 1
whispered 1
whispered 1
whispered 1
whispered 1
whispered 1
whithersoever 1
wholly 1
wholly 1
wholly 1
wholly 1
wholly 1
wholly 1
whom 1
whom 1
whom 1
whooping 1
whooping 1
wicked 1
wicked 1
wicked 1
wing 1
wing 1
wing 1
woodshed 1
woodshed 1
woodshed 1
woodshed 1
wringing 1
yourn 1
yourn 1
yourn 1
zebras 1
