AND 1
Ah 1
Ah 1
Ah 1
Ah 1
Ah 1
Ah 1
Ah 1
And 1
And 1
And 1
And 1
And 1
And 1
And 1
And 1
And 1
And 1
And 1
And 1
And 1
And 1
And 1
And 1
And 1
And 1
And 1
And 1
And 1
And 1
And 1
And 1
And 1
And 1
And 1
And 1
And 1
And 1
And 1
And 1
And 1
And 1
And 1
And 1
And 1
And 1
And 1
Andes 1
Andrew 1
At 1
At 1
At 1
At 1
At 1
At 1
At 1
At 1
At 1
At 1
At 1
At 1
At 1
At 1
At 1
At 1
At 1
At 1
At 1
At 1
At 1
At 1
At 1
At 1
At 1
At 1
At 1
Author 1
Awake 1
BEFORE 1
BUT 1
Beautiful 1
Cease 1
Chapter 1
Chapter 1
Chapter 1
Chapter 1
Chapter 1
Chapter 1
Chapter 1
Chapter 1
Chapter 1
Chapter 1
Chapter 1
Chapter 1
Chapter 1
Chapter 1
Chapter 1
Chapter 1
Chapter 1
Chapter 1
Chapter 1
Chapter 1
Chapter 1
Chapter 1
Chapter 1
Chapter 1
Chene 1
Cousin 1
Creating 1
DAMAGE 1
De 1
De 1
De 1
De 1
De 1
De 1
De 1
De 1
De 1
Donations 1
Donations 1
Drance 1
EXCEPT 1
Early 1
Empires 1
Everything 1
Everything 1
Everything 1
FOR 1
FOR 1
FOR 1
Fairbanks 1
Fit 1
For 1
For 1
For 1
For 1
For 1
For 1
For 1
For 1
For 1
For 1
For 1
For 1
For 1
For 1
For 1
For 1
For 1
For 1
For 1
For 1
For 1
For 1
For 1
For 1
For 1
For 1
For 1
Great 1
Great 1
Great 1
Great 1
Great 1
Greece 1
Greece 1
Greeks 1
Gutenberg 1
Gutenberg 1
Gutenberg 1
Gutenberg 1
Gutenberg 1
Gutenberg 1
Gutenberg 1
Gutenberg 1
Gutenberg 1
Gutenberg 1
Gutenberg 1
Gutenberg 1
Gutenberg 1
Gutenberg 1
Gutenberg 1
Gutenberg 1
Gutenberg 1
Gutenberg 1
Gutenberg 1
Gutenberg 1
Gutenberg 1
Gutenberg 1
Gutenberg 1
Gutenberg 1
Gutenberg 1
Gutenberg 1
Gutenberg 1
Gutenberg 1
Gutenberg 1
Gutenberg 1
Gutenberg 1
Gutenberg 1
Gutenberg 1
Gutenberg 1
Gutenberg 1
Gutenberg 1
Gutenberg 1
Gutenberg 1
Gutenberg 1
Gutenberg 1
Gutenberg 1
Gutenberg 1
Gutenberg 1
Gutenberg 1
Gutenberg 1
Gutenberg 1
Gutenberg 1
Gutenberg 1
Gutenberg 1
Gutenberg 1
Gutenberg 1
Gutenberg 1
Gutenberg 1
Gutenberg 1
Gutenberg 1
Gutenberg 1
Gutenberg 1
Gutenberg 1
Gutenberg 1
Gutenberg 1
Gutenberg 1
Gutenberg 1
Gutenberg 1
Gutenberg 1
Gutenberg 1
Gutenberg 1
Gutenberg 1
Gutenberg 1
Gutenberg 1
Gutenberg 1
Gutenberg 1
Gutenberg 1
Gutenberg 1
Gutenberg 1
Gutenberg 1
Gutenberg 1
Gutenberg 1
Gutenberg 1
Gutenberg 1
Gutenberg 1
Gutenberg 1
Gutenberg 1
Gutenberg 1
Heaven 1
Heaven 1
Heaven 1
Heaven 1
Her 1
Her 1
Her 1
Her 1
Her 1
Her 1
Her 1
Her 1
Her 1
Her 1
Her 1
Her 1
Her 1
Her 1
Her 1
I 1
I 1
I 1
I 1
I 1
I 1
I 1
I 1
I 1
I 1
I 1
I 1
I 1
I 1
I 1
I 1
I 1
I 1
I 1
I 1
I 1
I 1
I 1
I 1
I 1
I 1
I 1
I 1
I 1
I 1
I 1
I 1
I 1
I 1
I 1
I 1
I 1
I 1
I 1
I 1
I 1
I 1
I 1
I 1
I 1
I 1
I 1
I 1
I 1
I 1
I 1
I 1
I 1
I 1
I 1
I 1
I 1
I 1
I 1
I 1
I 1
I 1
I 1
I 1
I 1
I 1
I 1
I 1
I 1
I 1
I 1
I 1
I 1
I 1
I 1
I 1
I 1
I 1
I 1
I 1
I 1
I 1
I 1
I 1
I 1
I 1
I 1
I 1
I 1
I 1
I 1
I 1
I 1
I 1
I 1
I 1
I 1
I 1
I 1
I 1
I 1
I 1
I 1
I 1
I 1
I 1
I 1
I 1
I 1
I 1
I 1
I 1
I 1
I 1
I 1
I 1
I 1
I 1
I 1
I 1
I 1
I 1
I 1
I 1
I 1
I 1
I 1
I 1
I 1
I 1
I 1
I 1
I 1
I 1
I 1
I 1
I 1
I 1
I 1
I 1
I 1
I 1
I 1
I 1
I 1
I 1
I 1
I 1
I 1
I 1
I 1
I 1
I 1
I 1
I 1
I 1
I 1
I 1
I 1
I 1
I 1
I 1
I 1
I 1
I 1
I 1
I 1
I 1
I 1
I 1
I 1
I 1
I 1
I 1
I 1
I 1
I 1
I 1
I 1
I 1
I 1
I 1
I 1
I 1
I 1
I 1
I 1
I 1
I 1
I 1
I 1
I 1
I 1
I 1
I 1
I 1
I 1
I 1
I 1
I 1
I 1
I 1
I 1
I 1
I 1
I 1
I 1
I 1
I 1
I 1
I 1
I 1
I 1
I 1
I 1
I 1
I 1
I 1
I 1
I 1
I 1
I 1
I 1
I 1
I 1
I 1
I 1
I 1
I 1
I 1
I 1
I 1
I 1
I 1
I 1
I 1
I 1
I 1
I 1
I 1
I 1
I 1
I 1
I 1
I 1
I 1
I 1
I 1
I 1
I 1
I 1
I 1
I 1
I 1
I 1
I 1
I 1
I 1
I 1
I 1
I 1
I 1
I 1
I 1
I 1
I 1
I 1
I 1
I 1
I 1
I 1
I 1
I 1
I 1
I 1
I 1
I 1
I 1
I 1
I 1
I 1
I 1
I 1
I 1
I 1
I 1
I 1
I 1
I 1
I 1
I 1
I 1
I 1
I 1
I 1
I 1
I 1
I 1
I 1
I 1
I 1
I 1
I 1
I 1
I 1
I 1
I 1
I 1
I 1
I 1
I 1
I 1
I 1
I 1
I 1
I 1
I 1
I 1
I 1
I 1
I 1
I 1
I 1
I 1
I 1
I 1
I 1
I 1
I 1
I 1
I 1
I 1
I 1
I 1
I 1
I 1
I 1
I 1
I 1
I 1
I 1
I 1
I 1
I 1
I 1
I 1
I 1
I 1
I 1
I 1
I 1
I 1
I 1
I 1
I 1
I 1
I 1
I 1
I 1
I 1
I 1
I 1
I 1
I 1
I 1
I 1
I 1
I 1
I 1
I 1
I 1
I 1
I 1
I 1
I 1
I 1
I 1
I 1
I 1
I 1
I 1
I 1
I 1
I 1
I 1
I 1
I 1
I 1
I 1
I 1
I 1
I 1
I 1
I 1
I 1
I 1
I 1
I 1
I 1
I 1
I 1
I 1
I 1
I 1
I 1
I 1
I 1
I 1
I 1
I 1
I 1
I 1
I 1
I 1
I 1
I 1
I 1
I 1
I 1
I 1
I 1
I 1
I 1
I 1
I 1
I 1
I 1
I 1
I 1
I 1
I 1
I 1
I 1
I 1
I 1
I 1
I 1
I 1
I 1
I 1
I 1
I 1
I 1
I 1
I 1
I 1
I 1
I 1
I 1
I 1
I 1
I 1
I 1
I 1
I 1
I 1
I 1
I 1
I 1
I 1
I 1
I 1
I 1
I 1
I 1
I 1
I 1
I 1
I 1
I 1
I 1
I 1
I 1
I 1
I 1
I 1
I 1
I 1
I 1
I 1
I 1
I 1
I 1
I 1
I 1
I 1
I 1
I 1
I 1
I 1
I 1
I 1
I 1
I 1
I 1
I 1
I 1
I 1
I 1
I 1
I 1
I 1
I 1
I 1
I 1
I 1
I 1
I 1
I 1
I 1
I 1
I 1
I 1
I 1
I 1
I 1
I 1
I 1
I 1
I 1
I 1
I 1
I 1
I 1
I 1
I 1
I 1
I 1
I 1
I 1
I 1
I 1
I 1
I 1
I 1
I 1
I 1
I 1
I 1
I 1
I 1
I 1
I 1
I 1
I 1
I 1
I 1
I 1
I 1
I 1
I 1
I 1
I 1
I 1
I 1
I 1
I 1
I 1
I 1
I 1
I 1
I 1
I 1
I 1
I 1
I 1
I 1
I 1
I 1
I 1
I 1
I 1
I 1
I 1
I 1
I 1
I 1
I 1
I 1
I 1
I 1
I 1
I 1
I 1
I 1
I 1
I 1
I 1
I 1
I 1
I 1
I 1
I 1
I 1
I 1
I 1
I 1
I 1
I 1
I 1
I 1
I 1
I 1
I 1
I 1
I 1
I 1
I 1
I 1
I 1
I 1
I 1
I 1
I 1
I 1
I 1
I 1
I 1
I 1
I 1
I 1
I 1
I 1
I 1
I 1
I 1
I 1
I 1
I 1
I 1
I 1
I 1
I 1
I 1
I 1
I 1
I 1
I 1
I 1
I 1
I 1
I 1
I 1
I 1
I 1
I 1
I 1
I 1
I 1
I 1
I 1
I 1
I 1
I 1
I 1
I 1
I 1
I 1
I 1
I 1
I 1
I 1
I 1
I 1
I 1
I 1
I 1
I 1
I 1
I 1
I 1
I 1
I 1
I 1
I 1
I 1
I 1
I 1
I 1
I 1
I 1
I 1
I 1
I 1
I 1
I 1
I 1
I 1
I 1
I 1
I 1
I 1
I 1
I 1
I 1
I 1
I 1
I 1
I 1
I 1
I 1
I 1
I 1
I 1
I 1
I 1
I 1
I 1
I 1
I 1
I 1
I 1
I 1
I 1
I 1
I 1
I 1
I 1
I 1
I 1
I 1
I 1
I 1
I 1
I 1
I 1
I 1
I 1
I 1
I 1
I 1
I 1
I 1
I 1
I 1
I 1
I 1
I 1
I 1
I 1
I 1
I 1
I 1
I 1
I 1
I 1
I 1
I 1
I 1
I 1
I 1
I 1
I 1
I 1
I 1
I 1
I 1
I 1
I 1
I 1
I 1
I 1
I 1
I 1
I 1
I 1
I 1
I 1
I 1
I 1
I 1
I 1
I 1
I 1
I 1
I 1
I 1
I 1
I 1
I 1
I 1
I 1
I 1
I 1
I 1
I 1
I 1
I 1
I 1
I 1
I 1
I 1
I 1
I 1
I 1
I 1
I 1
I 1
I 1
I 1
I 1
I 1
I 1
I 1
I 1
I 1
I 1
I 1
I 1
I 1
I 1
I 1
I 1
I 1
I 1
I 1
I 1
I 1
I 1
I 1
I 1
I 1
I 1
I 1
I 1
I 1
I 1
I 1
I 1
I 1
I 1
I 1
I 1
I 1
I 1
I 1
I 1
I 1
I 1
I 1
I 1
I 1
I 1
I 1
I 1
I 1
I 1
I 1
I 1
I 1
I 1
I 1
I 1
I 1
I 1
I 1
I 1
I 1
I 1
I 1
I 1
I 1
I 1
I 1
I 1
I 1
I 1
I 1
I 1
I 1
I 1
I 1
I 1
I 1
I 1
I 1
I 1
I 1
I 1
I 1
I 1
I 1
I 1
I 1
I 1
I 1
I 1
I 1
I 1
I 1
I 1
I 1
I 1
I 1
I 1
I 1
I 1
I 1
I 1
I 1
I 1
I 1
I 1
I 1
I 1
I 1
I 1
I 1
I 1
I 1
I 1
I 1
I 1
I 1
I 1
I 1
I 1
I 1
I 1
I 1
I 1
I 1
I 1
I 1
I 1
I 1
I 1
I 1
I 1
I 1
I 1
I 1
I 1
I 1
I 1
I 1
I 1
I 1
I 1
I 1
I 1
I 1
I 1
I 1
I 1
I 1
I 1
I 1
I 1
I 1
I 1
I 1
I 1
I 1
I 1
I 1
I 1
I 1
I 1
I 1
I 1
I 1
I 1
I 1
I 1
I 1
I 1
I 1
I 1
I 1
I 1
I 1
I 1
I 1
I 1
I 1
I 1
I 1
I 1
I 1
I 1
I 1
I 1
I 1
I 1
I 1
I 1
I 1
I 1
I 1
I 1
I 1
I 1
I 1
I 1
I 1
I 1
I 1
I 1
I 1
I 1
I 1
I 1
I 1
I 1
I 1
I 1
I 1
I 1
I 1
I 1
I 1
I 1
I 1
I 1
I 1
I 1
I 1
I 1
I 1
I 1
I 1
I 1
I 1
I 1
I 1
I 1
I 1
I 1
I 1
I 1
I 1
I 1
I 1
I 1
I 1
I 1
I 1
I 1
I 1
I 1
I 1
I 1
I 1
I 1
I 1
I 1
I 1
I 1
I 1
I 1
I 1
I 1
I 1
I 1
I 1
I 1
I 1
I 1
I 1
I 1
I 1
I 1
I 1
I 1
I 1
I 1
I 1
I 1
I 1
I 1
I 1
I 1
I 1
I 1
I 1
I 1
I 1
I 1
I 1
I 1
I 1
I 1
I 1
I 1
I 1
I 1
I 1
I 1
I 1
I 1
I 1
I 1
I 1
I 1
I 1
I 1
I 1
I 1
I 1
I 1
I 1
I 1
I 1
I 1
I 1
I 1
I 1
I 1
I 1
I 1
I 1
I 1
I 1
I 1
I 1
I 1
I 1
I 1
I 1
I 1
I 1
I 1
I 1
I 1
I 1
I 1
I 1
I 1
I 1
I 1
I 1
I 1
I 1
I 1
I 1
I 1
I 1
I 1
I 1
I 1
I 1
I 1
I 1
I 1
I 1
I 1
I 1
I 1
I 1
I 1
I 1
I 1
I 1
I 1
I 1
I 1
I 1
I 1
I 1
I 1
I 1
I 1
I 1
I 1
I 1
I 1
I 1
I 1
I 1
I 1
I 1
I 1
I 1
I 1
I 1
I 1
I 1
I 1
I 1
I 1
I 1
I 1
I 1
I 1
I 1
I 1
I 1
I 1
I 1
I 1
I 1
I 1
I 1
I 1
I 1
I 1
I 1
I 1
I 1
I 1
I 1
I 1
I 1
I 1
I 1
I 1
I 1
I 1
I 1
I 1
I 1
I 1
I 1
I 1
I 1
I 1
I 1
I 1
I 1
I 1
I 1
I 1
I 1
I 1
I 1
I 1
I 1
I 1
I 1
I 1
I 1
I 1
I 1
I 1
I 1
I 1
I 1
I 1
I 1
I 1
I 1
I 1
I 1
I 1
I 1
I 1
I 1
I 1
I 1
I 1
I 1
I 1
I 1
I 1
I 1
I 1
I 1
I 1
I 1
I 1
I 1
I 1
I 1
I 1
I 1
I 1
I 1
I 1
I 1
I 1
I 1
I 1
I 1
I 1
I 1
I 1
I 1
I 1
I 1
I 1
I 1
I 1
I 1
I 1
I 1
I 1
I 1
I 1
I 1
I 1
I 1
I 1
I 1
I 1
I 1
I 1
I 1
I 1
I 1
I 1
I 1
I 1
I 1
I 1
I 1
I 1
I 1
I 1
I 1
I 1
I 1
I 1
I 1
I 1
I 1
I 1
I 1
I 1
I 1
I 1
I 1
I 1
I 1
I 1
I 1
I 1
I 1
I 1
I 1
I 1
I 1
I 1
I 1
I 1
I 1
I 1
I 1
I 1
I 1
I 1
I 1
I 1
I 1
I 1
I 1
I 1
I 1
I 1
I 1
I 1
I 1
I 1
I 1
I 1
I 1
I 1
I 1
I 1
I 1
I 1
I 1
I 1
I 1
I 1
I 1
I 1
I 1
I 1
I 1
I 1
I 1
I 1
I 1
I 1
I 1
I 1
I 1
I 1
I 1
I 1
I 1
I 1
I 1
I 1
I 1
I 1
I 1
I 1
I 1
I 1
I 1
I 1
I 1
I 1
I 1
I 1
I 1
I 1
I 1
I 1
I 1
I 1
I 1
I 1
I 1
I 1
I 1
I 1
I 1
I 1
I 1
I 1
I 1
I 1
I 1
I 1
I 1
I 1
I 1
I 1
I 1
I 1
I 1
I 1
I 1
I 1
I 1
I 1
I 1
I 1
I 1
I 1
I 1
I 1
I 1
I 1
I 1
I 1
I 1
I 1
I 1
I 1
I 1
I 1
I 1
I 1
I 1
I 1
I 1
I 1
I 1
I 1
I 1
I 1
I 1
I 1
I 1
I 1
I 1
I 1
I 1
I 1
I 1
I 1
I 1
I 1
I 1
I 1
I 1
I 1
I 1
I 1
I 1
I 1
I 1
I 1
I 1
I 1
I 1
I 1
I 1
I 1
I 1
I 1
I 1
I 1
I 1
I 1
I 1
I 1
I 1
I 1
I 1
I 1
I 1
I 1
I 1
I 1
I 1
I 1
I 1
I 1
I 1
I 1
I 1
I 1
I 1
I 1
I 1
I 1
I 1
I 1
I 1
I 1
I 1
I 1
I 1
I 1
I 1
I 1
I 1
I 1
I 1
I 1
I 1
I 1
I 1
I 1
I 1
I 1
I 1
I 1
I 1
I 1
I 1
I 1
I 1
I 1
I 1
I 1
I 1
I 1
I 1
I 1
I 1
I 1
I 1
I 1
I 1
I 1
I 1
I 1
I 1
I 1
I 1
I 1
I 1
I 1
I 1
I 1
I 1
I 1
I 1
I 1
I 1
I 1
I 1
I 1
I 1
I 1
I 1
I 1
I 1
I 1
I 1
I 1
I 1
I 1
I 1
I 1
I 1
I 1
I 1
I 1
I 1
I 1
I 1
I 1
I 1
I 1
I 1
I 1
I 1
I 1
I 1
I 1
I 1
I 1
I 1
I 1
I 1
I 1
I 1
I 1
I 1
I 1
I 1
I 1
I 1
I 1
I 1
I 1
I 1
I 1
I 1
I 1
I 1
I 1
I 1
I 1
I 1
I 1
I 1
I 1
I 1
I 1
I 1
I 1
I 1
I 1
I 1
I 1
I 1
I 1
I 1
I 1
I 1
I 1
I 1
I 1
I 1
I 1
I 1
I 1
I 1
I 1
I 1
I 1
I 1
I 1
I 1
I 1
I 1
I 1
I 1
I 1
I 1
I 1
I 1
I 1
I 1
I 1
I 1
I 1
I 1
I 1
I 1
I 1
I 1
I 1
I 1
I 1
I 1
I 1
I 1
I 1
I 1
I 1
I 1
I 1
I 1
I 1
I 1
I 1
I 1
I 1
I 1
I 1
I 1
I 1
I 1
I 1
I 1
I 1
I 1
I 1
I 1
I 1
I 1
I 1
I 1
I 1
I 1
I 1
I 1
I 1
I 1
I 1
I 1
I 1
I 1
I 1
I 1
I 1
I 1
I 1
I 1
I 1
I 1
I 1
I 1
I 1
I 1
I 1
I 1
I 1
I 1
I 1
I 1
I 1
I 1
I 1
I 1
I 1
I 1
I 1
I 1
I 1
I 1
I 1
I 1
I 1
I 1
I 1
I 1
I 1
I 1
I 1
I 1
I 1
I 1
I 1
I 1
I 1
I 1
I 1
I 1
I 1
I 1
I 1
I 1
I 1
I 1
I 1
I 1
I 1
I 1
I 1
I 1
I 1
I 1
I 1
I 1
I 1
I 1
I 1
I 1
I 1
I 1
I 1
I 1
I 1
I 1
I 1
I 1
I 1
I 1
I 1
I 1
I 1
I 1
I 1
I 1
I 1
I 1
I 1
I 1
I 1
I 1
I 1
I 1
I 1
I 1
I 1
I 1
I 1
I 1
I 1
I 1
I 1
I 1
I 1
I 1
I 1
I 1
I 1
I 1
I 1
I 1
I 1
I 1
I 1
I 1
I 1
I 1
I 1
I 1
I 1
I 1
I 1
I 1
I 1
I 1
I 1
I 1
I 1
I 1
I 1
I 1
I 1
I 1
I 1
I 1
I 1
I 1
I 1
I 1
I 1
I 1
I 1
I 1
I 1
I 1
I 1
I 1
I 1
I 1
I 1
I 1
I 1
I 1
I 1
I 1
I 1
I 1
I 1
I 1
I 1
I 1
I 1
I 1
I 1
I 1
I 1
I 1
I 1
I 1
I 1
I 1
I 1
I 1
I 1
I 1
I 1
I 1
I 1
I 1
I 1
I 1
I 1
I 1
I 1
I 1
I 1
I 1
I 1
I 1
I 1
I 1
I 1
I 1
I 1
I 1
I 1
I 1
I 1
I 1
I 1
I 1
I 1
I 1
I 1
I 1
I 1
I 1
I 1
I 1
I 1
I 1
I 1
I 1
I 1
I 1
I 1
I 1
I 1
I 1
I 1
I 1
I 1
I 1
I 1
I 1
I 1
I 1
I 1
I 1
I 1
I 1
I 1
I 1
I 1
I 1
I 1
I 1
I 1
I 1
I 1
I 1
I 1
I 1
I 1
I 1
I 1
I 1
I 1
I 1
I 1
I 1
I 1
I 1
I 1
I 1
I 1
I 1
I 1
I 1
I 1
I 1
I 1
I 1
I 1
I 1
I 1
I 1
I 1
I 1
I 1
I 1
I 1
I 1
I 1
I 1
I 1
I 1
I 1
I 1
I 1
I 1
I 1
I 1
I 1
I 1
I 1
I 1
I 1
I 1
I 1
I 1
I 1
I 1
I 1
I 1
I 1
I 1
I 1
I 1
I 1
I 1
I 1
I 1
I 1
I 1
I 1
I 1
I 1
I 1
I 1
I 1
I 1
I 1
I 1
I 1
I 1
I 1
I 1
I 1
I 1
I 1
I 1
I 1
I 1
I 1
I 1
I 1
I 1
I 1
I 1
I 1
I 1
I 1
I 1
I 1
I 1
I 1
I 1
I 1
I 1
I 1
I 1
I 1
I 1
I 1
I 1
I 1
I 1
I 1
I 1
I 1
I 1
I 1
I 1
I 1
I 1
I 1
I 1
I 1
I 1
I 1
I 1
I 1
I 1
I 1
I 1
I 1
I 1
I 1
I 1
I 1
I 1
I 1
I 1
I 1
I 1
I 1
I 1
I 1
I 1
I 1
I 1
I 1
I 1
I 1
I 1
I 1
I 1
I 1
I 1
I 1
I 1
I 1
I 1
I 1
I 1
I 1
I 1
I 1
I 1
I 1
I 1
I 1
I 1
I 1
I 1
I 1
I 1
I 1
I 1
I 1
I 1
I 1
I 1
I 1
I 1
I 1
I 1
I 1
I 1
I 1
I 1
I 1
I 1
I 1
I 1
I 1
I 1
I 1
I 1
I 1
I 1
I 1
I 1
I 1
I 1
I 1
I 1
I 1
I 1
I 1
I 1
I 1
I 1
I 1
I 1
I 1
I 1
I 1
I 1
I 1
I 1
I 1
I 1
I 1
I 1
I 1
I 1
I 1
I 1
I 1
I 1
I 1
I 1
I 1
I 1
I 1
I 1
I 1
I 1
I 1
I 1
I 1
I 1
I 1
I 1
I 1
I 1
I 1
I 1
I 1
I 1
I 1
I 1
I 1
I 1
I 1
I 1
I 1
I 1
I 1
I 1
I 1
I 1
I 1
I 1
I 1
I 1
I 1
I 1
I 1
I 1
I 1
I 1
I 1
I 1
I 1
I 1
I 1
I 1
I 1
I 1
I 1
I 1
I 1
I 1
I 1
I 1
I 1
I 1
I 1
I 1
I 1
I 1
I 1
I 1
I 1
I 1
I 1
I 1
I 1
I 1
I 1
I 1
I 1
I 1
I 1
I 1
I 1
I 1
I 1
I 1
I 1
I 1
I 1
I 1
I 1
I 1
I 1
I 1
I 1
I 1
I 1
I 1
I 1
I 1
I 1
I 1
I 1
I 1
I 1
I 1
I 1
I 1
I 1
I 1
I 1
I 1
I 1
I 1
I 1
I 1
I 1
I 1
I 1
I 1
I 1
I 1
I 1
I 1
I 1
I 1
I 1
I 1
I 1
I 1
I 1
I 1
I 1
I 1
I 1
I 1
I 1
I 1
I 1
I 1
I 1
I 1
I 1
I 1
I 1
I 1
I 1
I 1
I 1
I 1
I 1
I 1
I 1
I 1
I 1
I 1
I 1
I 1
I 1
I 1
I 1
I 1
I 1
I 1
I 1
I 1
I 1
I 1
I 1
I 1
I 1
I 1
I 1
I 1
I 1
I 1
I 1
I 1
I 1
I 1
I 1
I 1
I 1
I 1
I 1
I 1
I 1
I 1
I 1
I 1
I 1
I 1
I 1
I 1
I 1
I 1
I 1
I 1
I 1
I 1
I 1
I 1
I 1
I 1
I 1
I 1
I 1
I 1
I 1
I 1
I 1
I 1
I 1
I 1
I 1
I 1
I 1
I 1
I 1
I 1
I 1
I 1
I 1
I 1
I 1
I 1
I 1
I 1
I 1
I 1
I 1
I 1
I 1
I 1
I 1
I 1
I 1
I 1
I 1
I 1
I 1
I 1
I 1
I 1
I 1
I 1
I 1
I 1
I 1
I 1
I 1
I 1
I 1
I 1
I 1
I 1
I 1
I 1
I 1
I 1
I 1
I 1
I 1
I 1
I 1
I 1
I 1
I 1
I 1
I 1
I 1
I 1
I 1
I 1
I 1
I 1
I 1
I 1
I 1
I 1
I 1
I 1
I 1
I 1
I 1
I 1
I 1
I 1
I 1
I 1
I 1
I 1
I 1
I 1
I 1
I 1
I 1
I 1
I 1
I 1
I 1
I 1
I 1
I 1
I 1
I 1
I 1
I 1
I 1
I 1
I 1
I 1
I 1
I 1
I 1
I 1
I 1
I 1
I 1
I 1
I 1
I 1
I 1
I 1
I 1
I 1
I 1
I 1
I 1
I 1
I 1
I 1
I 1
I 1
I 1
I 1
I 1
I 1
I 1
I 1
I 1
I 1
I 1
I 1
I 1
I 1
I 1
I 1
I 1
I 1
I 1
I 1
I 1
I 1
I 1
I 1
I 1
I 1
I 1
I 1
I 1
I 1
I 1
I 1
I 1
I 1
I 1
I 1
I 1
I 1
I 1
I 1
I 1
I 1
I 1
I 1
I 1
I 1
I 1
I 1
I 1
I 1
I 1
I 1
I 1
I 1
I 1
I 1
I 1
I 1
I 1
I 1
I 1
I 1
I 1
I 1
I 1
I 1
I 1
I 1
I 1
I 1
I 1
I 1
I 1
I 1
I 1
I 1
I 1
I 1
I 1
I 1
I 1
I 1
I 1
I 1
I 1
I 1
I 1
I 1
I 1
I 1
I 1
I 1
I 1
I 1
I 1
I 1
I 1
I 1
I 1
I 1
I 1
I 1
I 1
I 1
I 1
I 1
I 1
I 1
I 1
I 1
I 1
I 1
I 1
I 1
I 1
I 1
I 1
I 1
I 1
I 1
I 1
I 1
I 1
I 1
I 1
I 1
I 1
I 1
I 1
I 1
I 1
I 1
I 1
I 1
I 1
I 1
I 1
I 1
I 1
I 1
I 1
I 1
I 1
I 1
I 1
I 1
I 1
I 1
I 1
I 1
I 1
I 1
I 1
I 1
I 1
I 1
I 1
I 1
I 1
I 1
I 1
I 1
I 1
I 1
I 1
I 1
I 1
I 1
I 1
I 1
I 1
I 1
I 1
I 1
I 1
I 1
I 1
I 1
I 1
I 1
I 1
I 1
I 1
I 1
I 1
I 1
I 1
I 1
I 1
I 1
I 1
I 1
I 1
I 1
I 1
I 1
I 1
I 1
I 1
I 1
I 1
I 1
I 1
I 1
I 1
I 1
I 1
I 1
I 1
I 1
I 1
I 1
I 1
I 1
I 1
I 1
I 1
I 1
I 1
I 1
I 1
I 1
I 1
I 1
I 1
I 1
I 1
I 1
I 1
I 1
I 1
I 1
I 1
I 1
I 1
I 1
I 1
I 1
I 1
I 1
I 1
I 1
I 1
I 1
I 1
I 1
I 1
I 1
I 1
I 1
I 1
I 1
I 1
I 1
I 1
I 1
I 1
I 1
I 1
I 1
I 1
I 1
I 1
I 1
I 1
I 1
I 1
I 1
I 1
I 1
I 1
I 1
I 1
I 1
I 1
I 1
I 1
I 1
I 1
I 1
I 1
I 1
I 1
I 1
I 1
I 1
I 1
I 1
I 1
I 1
I 1
I 1
I 1
I 1
I 1
I 1
I 1
I 1
I 1
I 1
I 1
I 1
I 1
I 1
I 1
I 1
I 1
I 1
I 1
I 1
I 1
I 1
I 1
I 1
I 1
I 1
I 1
I 1
I 1
I 1
I 1
I 1
I 1
I 1
I 1
I 1
I 1
I 1
I 1
I 1
I 1
I 1
I 1
I 1
I 1
I 1
I 1
I 1
I 1
I 1
I 1
I 1
I 1
I 1
I 1
I 1
I 1
I 1
I 1
I 1
I 1
I 1
I 1
In 1
In 1
In 1
In 1
In 1
In 1
In 1
In 1
In 1
In 1
In 1
In 1
In 1
In 1
In 1
In 1
In 1
In 1
In 1
In 1
In 1
In 1
In 1
In 1
In 1
In 1
In 1
In 1
In 1
In 1
In 1
In 1
In 1
In 1
In 1
In 1
In 1
In 1
In 1
In 1
In 1
In 1
In 1
In 1
In 1
In 1
In 1
In 1
In 1
John 1
LIABLE 1
Lausanne 1
Listen 1
Listen 1
Lives 1
Lives 1
Louisa 1
Magnus 1
Magnus 1
Magnus 1
Many 1
Many 1
Many 1
Milan 1
Milan 1
Mr 1
Mr 1
Mr 1
Mr 1
Mr 1
Mr 1
Mr 1
Mr 1
Mr 1
Mr 1
Mr 1
Mr 1
Mr 1
Muhammadan 1
Must 1
Nature 1
Nature 1
Nature 1
Nature 1
OF 1
OF 1
OF 1
OF 1
OF 1
OF 1
OF 1
OF 1
OF 1
OF 1
OR 1
OR 1
OR 1
OR 1
OR 1
OR 1
Of 1
Of 1
Of 1
Of 1
Orkneys 1
Project 1
Project 1
Project 1
Project 1
Project 1
Project 1
Project 1
Project 1
Project 1
Project 1
Project 1
Project 1
Project 1
Project 1
Project 1
Project 1
Project 1
Project 1
Project 1
Project 1
Project 1
Project 1
Project 1
Project 1
Project 1
Project 1
Project 1
Project 1
Project 1
Project 1
Project 1
Project 1
Project 1
Project 1
Project 1
Project 1
Project 1
Project 1
Project 1
Project 1
Project 1
Project 1
Project 1
Project 1
Project 1
Project 1
Project 1
Project 1
Project 1
Project 1
Project 1
Project 1
Project 1
Project 1
Project 1
Project 1
Project 1
Project 1
Project 1
Project 1
Project 1
Project 1
Project 1
Project 1
Project 1
Project 1
Project 1
Project 1
Project 1
Project 1
Project 1
Project 1
Project 1
Project 1
Project 1
Project 1
Project 1
Project 1
Project 1
Project 1
Project 1
Project 1
Project 1
Providence 1
Redistribution 1
Roman 1
Russia 1
Russia 1
S 1
S 1
S 1
S 1
S 1
Scoffing 1
Sea 1
Sea 1
Secheron 1
Section 1
Section 1
Section 1
Section 1
Section 1
Section 1
Section 1
September 1
September 1
September 1
September 1
September 1
September 1
Servox 1
Servox 1
Slave 1
Soon 1
Soon 1
Soon 1
Soon 1
Soon 1
Soon 1
Soon 1
Soon 1
Soon 1
Soon 1
Soon 1
Stars 1
Swiss 1
Swiss 1
Swiss 1
Swiss 1
THAT 1
THAT 1
THE 1
THE 1
THE 1
THE 1
TRADEMARK 1
Tartary 1
Tears 1
Tears 1
Tears 1
That 1
That 1
That 1
That 1
That 1
That 1
That 1
That 1
That 1
That 1
That 1
That 1
The 1
The 1
The 1
The 1
The 1
The 1
The 1
The 1
The 1
The 1
The 1
The 1
The 1
The 1
The 1
The 1
The 1
The 1
The 1
The 1
The 1
The 1
The 1
The 1
The 1
The 1
The 1
The 1
The 1
The 1
The 1
The 1
The 1
The 1
The 1
The 1
The 1
The 1
The 1
The 1
The 1
The 1
The 1
The 1
The 1
The 1
The 1
The 1
The 1
The 1
The 1
The 1
The 1
The 1
The 1
The 1
The 1
The 1
The 1
The 1
The 1
The 1
The 1
The 1
The 1
The 1
The 1
The 1
The 1
The 1
The 1
The 1
The 1
The 1
The 1
The 1
The 1
The 1
The 1
The 1
The 1
The 1
The 1
The 1
The 1
The 1
The 1
The 1
The 1
The 1
The 1
The 1
The 1
The 1
The 1
The 1
The 1
The 1
The 1
The 1
The 1
The 1
The 1
The 1
The 1
The 1
The 1
The 1
The 1
The 1
The 1
The 1
The 1
The 1
The 1
The 1
The 1
The 1
The 1
The 1
The 1
The 1
The 1
The 1
The 1
The 1
The 1
The 1
The 1
The 1
The 1
The 1
The 1
The 1
The 1
The 1
The 1
The 1
The 1
The 1
The 1
The 1
The 1
The 1
The 1
The 1
The 1
The 1
The 1
The 1
The 1
The 1
The 1
The 1
The 1
The 1
The 1
The 1
The 1
The 1
The 1
The 1
The 1
The 1
The 1
The 1
The 1
The 1
The 1
The 1
The 1
The 1
The 1
The 1
The 1
The 1
The 1
The 1
The 1
The 1
The 1
The 1
The 1
The 1
The 1
The 1
The 1
The 1
The 1
The 1
The 1
The 1
The 1
The 1
The 1
The 1
The 1
The 1
The 1
The 1
The 1
The 1
The 1
The 1
The 1
The 1
The 1
The 1
The 1
The 1
The 1
The 1
The 1
The 1
The 1
The 1
The 1
The 1
The 1
The 1
The 1
The 1
The 1
The 1
The 1
The 1
The 1
The 1
The 1
The 1
The 1
The 1
The 1
The 1
The 1
The 1
The 1
The 1
The 1
The 1
The 1
The 1
The 1
The 1
The 1
The 1
The 1
The 1
The 1
The 1
The 1
The 1
The 1
The 1
The 1
The 1
The 1
The 1
The 1
The 1
The 1
The 1
The 1
The 1
The 1
The 1
The 1
The 1
The 1
The 1
The 1
The 1
The 1
The 1
The 1
The 1
The 1
The 1
The 1
The 1
The 1
The 1
The 1
The 1
The 1
The 1
The 1
The 1
The 1
The 1
The 1
The 1
The 1
The 1
The 1
The 1
The 1
These 1
These 1
These 1
These 1
These 1
These 1
These 1
These 1
These 1
These 1
These 1
These 1
These 1
These 1
These 1
These 1
These 1
These 1
These 1
These 1
These 1
These 1
Theseus 1
Tower 1
Turks 1
UT 1
Ugly 1
Uncle 1
Uncle 1
Unfeeling 1
Use 1
Use 1
WORK 1
Where 1
Where 1
Wherefore 1
While 1
While 1
While 1
While 1
While 1
While 1
While 1
While 1
While 1
While 1
You 1
You 1
You 1
You 1
You 1
You 1
You 1
You 1
You 1
You 1
You 1
You 1
You 1
You 1
You 1
You 1
You 1
You 1
You 1
You 1
You 1
You 1
You 1
You 1
You 1
You 1
You 1
You 1
You 1
You 1
You 1
You 1
You 1
You 1
You 1
You 1
You 1
You 1
You 1
You 1
You 1
You 1
You 1
You 1
You 1
You 1
You 1
You 1
You 1
You 1
You 1
You 1
You 1
You 1
You 1
You 1
You 1
You 1
You 1
You 1
You 1
You 1
You 1
You 1
You 1
You 1
You 1
You 1
You 1
You 1
You 1
You 1
You 1
You 1
You 1
You 1
You 1
You 1
You 1
You 1
You 1
You 1
You 1
You 1
You 1
You 1
You 1
absence 1
absence 1
absence 1
absence 1
absence 1
absence 1
absence 1
accompany 1
accompany 1
accompany 1
accompany 1
accompany 1
accompany 1
accordance 1
accordance 1
account 1
account 1
account 1
account 1
account 1
account 1
account 1
account 1
account 1
account 1
account 1
account 1
account 1
account 1
account 1
account 1
account 1
account 1
account 1
account 1
account 1
achieved 1
activity 1
activity 1
activity 1
actuated 1
acuteness 1
additions 1
adoration 1
adored 1
adored 1
adored 1
adversary 1
adversary 1
adversary 1
adversary 1
adversary 1
adversary 1
adversary 1
affecting 1
affecting 1
affection 1
affection 1
affection 1
affection 1
affection 1
affection 1
affection 1
affection 1
affection 1
affection 1
affection 1
affection 1
affection 1
affection 1
affection 1
affection 1
affection 1
affection 1
affection 1
affection 1
affection 1
affection 1
affection 1
affection 1
affection 1
affection 1
affection 1
affection 1
affection 1
affection 1
affection 1
affection 1
affection 1
affection 1
affection 1
affection 1
affection 1
affection 1
affection 1
affection 1
affords 1
afterwards 1
afterwards 1
afterwards 1
afterwards 1
afterwards 1
afterwards 1
afterwards 1
afterwards 1
afterwards 1
afterwards 1
afterwards 1
afterwards 1
afterwards 1
afterwards 1
afterwards 1
afterwards 1
afterwards 1
akin 1
akin 1
alarming 1
albatross 1
alighting 1
alleviate 1
allotted 1
allow 1
allow 1
allow 1
allow 1
allow 1
allow 1
allow 1
allow 1
allow 1
allow 1
allow 1
allow 1
allow 1
allow 1
allowing 1
alluded 1
allusion 1
allusion 1
along 1
along 1
along 1
along 1
along 1
along 1
along 1
along 1
along 1
along 1
along 1
along 1
along 1
aloud 1
aloud 1
aloud 1
aloud 1
aloud 1
aloud 1
altered 1
altered 1
altered 1
altered 1
altered 1
altered 1
ambition 1
ambition 1
ambition 1
ambition 1
ambition 1
ambition 1
ambition 1
ambition 1
amounted 1
amounted 1
amuse 1
amuse 1
and 1
and 1
and 1
and 1
and 1
and 1
and 1
and 1
and 1
and 1
and 1
and 1
and 1
and 1
and 1
and 1
and 1
and 1
and 1
and 1
and 1
and 1
and 1
and 1
and 1
and 1
and 1
and 1
and 1
and 1
and 1
and 1
and 1
and 1
and 1
and 1
and 1
and 1
and 1
and 1
and 1
and 1
and 1
and 1
and 1
and 1
and 1
and 1
and 1
and 1
and 1
and 1
and 1
and 1
and 1
and 1
and 1
and 1
and 1
and 1
and 1
and 1
and 1
and 1
and 1
and 1
and 1
and 1
and 1
and 1
and 1
and 1
and 1
and 1
and 1
and 1
and 1
and 1
and 1
and 1
and 1
and 1
and 1
and 1
and 1
and 1
and 1
and 1
and 1
and 1
and 1
and 1
and 1
and 1
and 1
and 1
and 1
and 1
and 1
and 1
and 1
and 1
and 1
and 1
and 1
and 1
and 1
and 1
and 1
and 1
and 1
and 1
and 1
and 1
and 1
and 1
and 1
and 1
and 1
and 1
and 1
and 1
and 1
and 1
and 1
and 1
and 1
and 1
and 1
and 1
and 1
and 1
and 1
and 1
and 1
and 1
and 1
and 1
and 1
and 1
and 1
and 1
and 1
and 1
and 1
and 1
and 1
and 1
and 1
and 1
and 1
and 1
and 1
and 1
and 1
and 1
and 1
and 1
and 1
and 1
and 1
and 1
and 1
and 1
and 1
and 1
and 1
and 1
and 1
and 1
and 1
and 1
and 1
and 1
and 1
and 1
and 1
and 1
and 1
and 1
and 1
and 1
and 1
and 1
and 1
and 1
and 1
and 1
and 1
and 1
and 1
and 1
and 1
and 1
and 1
and 1
and 1
and 1
and 1
and 1
and 1
and 1
and 1
and 1
and 1
and 1
and 1
and 1
and 1
and 1
and 1
and 1
and 1
and 1
and 1
and 1
and 1
and 1
and 1
and 1
and 1
and 1
and 1
and 1
and 1
and 1
and 1
and 1
and 1
and 1
and 1
and 1
and 1
and 1
and 1
and 1
and 1
and 1
and 1
and 1
and 1
and 1
and 1
and 1
and 1
and 1
and 1
and 1
and 1
and 1
and 1
and 1
and 1
and 1
and 1
and 1
and 1
and 1
and 1
and 1
and 1
and 1
and 1
and 1
and 1
and 1
and 1
and 1
and 1
and 1
and 1
and 1
and 1
and 1
and 1
and 1
and 1
and 1
and 1
and 1
and 1
and 1
and 1
and 1
and 1
and 1
and 1
and 1
and 1
and 1
and 1
and 1
and 1
and 1
and 1
and 1
and 1
and 1
and 1
and 1
and 1
and 1
and 1
and 1
and 1
and 1
and 1
and 1
and 1
and 1
and 1
and 1
and 1
and 1
and 1
and 1
and 1
and 1
and 1
and 1
and 1
and 1
and 1
and 1
and 1
and 1
and 1
and 1
and 1
and 1
and 1
and 1
and 1
and 1
and 1
and 1
and 1
and 1
and 1
and 1
and 1
and 1
and 1
and 1
and 1
and 1
and 1
and 1
and 1
and 1
and 1
and 1
and 1
and 1
and 1
and 1
and 1
and 1
and 1
and 1
and 1
and 1
and 1
and 1
and 1
and 1
and 1
and 1
and 1
and 1
and 1
and 1
and 1
and 1
and 1
and 1
and 1
and 1
and 1
and 1
and 1
and 1
and 1
and 1
and 1
and 1
and 1
and 1
and 1
and 1
and 1
and 1
and 1
and 1
and 1
and 1
and 1
and 1
and 1
and 1
and 1
and 1
and 1
and 1
and 1
and 1
and 1
and 1
and 1
and 1
and 1
and 1
and 1
and 1
and 1
and 1
and 1
and 1
and 1
and 1
and 1
and 1
and 1
and 1
and 1
and 1
and 1
and 1
and 1
and 1
and 1
and 1
and 1
and 1
and 1
and 1
and 1
and 1
and 1
and 1
and 1
and 1
and 1
and 1
and 1
and 1
and 1
and 1
and 1
and 1
and 1
and 1
and 1
and 1
and 1
and 1
and 1
and 1
and 1
and 1
and 1
and 1
and 1
and 1
and 1
and 1
and 1
and 1
and 1
and 1
and 1
and 1
and 1
and 1
and 1
and 1
and 1
and 1
and 1
and 1
and 1
and 1
and 1
and 1
and 1
and 1
and 1
and 1
and 1
and 1
and 1
and 1
and 1
and 1
and 1
and 1
and 1
and 1
and 1
and 1
and 1
and 1
and 1
and 1
and 1
and 1
and 1
and 1
and 1
and 1
and 1
and 1
and 1
and 1
and 1
and 1
and 1
and 1
and 1
and 1
and 1
and 1
and 1
and 1
and 1
and 1
and 1
and 1
and 1
and 1
and 1
and 1
and 1
and 1
and 1
and 1
and 1
and 1
and 1
and 1
and 1
and 1
and 1
and 1
and 1
and 1
and 1
and 1
and 1
and 1
and 1
and 1
and 1
and 1
and 1
and 1
and 1
and 1
and 1
and 1
and 1
and 1
and 1
and 1
and 1
and 1
and 1
and 1
and 1
and 1
and 1
and 1
and 1
and 1
and 1
and 1
and 1
and 1
and 1
and 1
and 1
and 1
and 1
and 1
and 1
and 1
and 1
and 1
and 1
and 1
and 1
and 1
and 1
and 1
and 1
and 1
and 1
and 1
and 1
and 1
and 1
and 1
and 1
and 1
and 1
and 1
and 1
and 1
and 1
and 1
and 1
and 1
and 1
and 1
and 1
and 1
and 1
and 1
and 1
and 1
and 1
and 1
and 1
and 1
and 1
and 1
and 1
and 1
and 1
and 1
and 1
and 1
and 1
and 1
and 1
and 1
and 1
and 1
and 1
and 1
and 1
and 1
and 1
and 1
and 1
and 1
and 1
and 1
and 1
and 1
and 1
and 1
and 1
and 1
and 1
and 1
and 1
and 1
and 1
and 1
and 1
and 1
and 1
and 1
and 1
and 1
and 1
and 1
and 1
and 1
and 1
and 1
and 1
and 1
and 1
and 1
and 1
and 1
and 1
and 1
and 1
and 1
and 1
and 1
and 1
and 1
and 1
and 1
and 1
and 1
and 1
and 1
and 1
and 1
and 1
and 1
and 1
and 1
and 1
and 1
and 1
and 1
and 1
and 1
and 1
and 1
and 1
and 1
and 1
and 1
and 1
and 1
and 1
and 1
and 1
and 1
and 1
and 1
and 1
and 1
and 1
and 1
and 1
and 1
and 1
and 1
and 1
and 1
and 1
and 1
and 1
and 1
and 1
and 1
and 1
and 1
and 1
and 1
and 1
and 1
and 1
and 1
and 1
and 1
and 1
and 1
and 1
and 1
and 1
and 1
and 1
and 1
and 1
and 1
and 1
and 1
and 1
and 1
and 1
and 1
and 1
and 1
and 1
and 1
and 1
and 1
and 1
and 1
and 1
and 1
and 1
and 1
and 1
and 1
and 1
and 1
and 1
and 1
and 1
and 1
and 1
and 1
and 1
and 1
and 1
and 1
and 1
and 1
and 1
and 1
and 1
and 1
and 1
and 1
and 1
and 1
and 1
and 1
and 1
and 1
and 1
and 1
and 1
and 1
and 1
and 1
and 1
and 1
and 1
and 1
and 1
and 1
and 1
and 1
and 1
and 1
and 1
and 1
and 1
and 1
and 1
and 1
and 1
and 1
and 1
and 1
and 1
and 1
and 1
and 1
and 1
and 1
and 1
and 1
and 1
and 1
and 1
and 1
and 1
and 1
and 1
and 1
and 1
and 1
and 1
and 1
and 1
and 1
and 1
and 1
and 1
and 1
and 1
and 1
and 1
and 1
and 1
and 1
and 1
and 1
and 1
and 1
and 1
and 1
and 1
and 1
and 1
and 1
and 1
and 1
and 1
and 1
and 1
and 1
and 1
and 1
and 1
and 1
and 1
and 1
and 1
and 1
and 1
and 1
and 1
and 1
and 1
and 1
and 1
and 1
and 1
and 1
and 1
and 1
and 1
and 1
and 1
and 1
and 1
and 1
and 1
and 1
and 1
and 1
and 1
and 1
and 1
and 1
and 1
and 1
and 1
and 1
and 1
and 1
and 1
and 1
and 1
and 1
and 1
and 1
and 1
and 1
and 1
and 1
and 1
and 1
and 1
and 1
and 1
and 1
and 1
and 1
and 1
and 1
and 1
and 1
and 1
and 1
and 1
and 1
and 1
and 1
and 1
and 1
and 1
and 1
and 1
and 1
and 1
and 1
and 1
and 1
and 1
and 1
and 1
and 1
and 1
and 1
and 1
and 1
and 1
and 1
and 1
and 1
and 1
and 1
and 1
and 1
and 1
and 1
and 1
and 1
and 1
and 1
and 1
and 1
and 1
and 1
and 1
and 1
and 1
and 1
and 1
and 1
and 1
and 1
and 1
and 1
and 1
and 1
and 1
and 1
and 1
and 1
and 1
and 1
and 1
and 1
and 1
and 1
and 1
and 1
and 1
and 1
and 1
and 1
and 1
and 1
and 1
and 1
and 1
and 1
and 1
and 1
and 1
and 1
and 1
and 1
and 1
and 1
and 1
and 1
and 1
and 1
and 1
and 1
and 1
and 1
and 1
and 1
and 1
and 1
and 1
and 1
and 1
and 1
and 1
and 1
and 1
and 1
and 1
and 1
and 1
and 1
and 1
and 1
and 1
and 1
and 1
and 1
and 1
and 1
and 1
and 1
and 1
and 1
and 1
and 1
and 1
and 1
and 1
and 1
and 1
and 1
and 1
and 1
and 1
and 1
and 1
and 1
and 1
and 1
and 1
and 1
and 1
and 1
and 1
and 1
and 1
and 1
and 1
and 1
and 1
and 1
and 1
and 1
and 1
and 1
and 1
and 1
and 1
and 1
and 1
and 1
and 1
and 1
and 1
and 1
and 1
and 1
and 1
and 1
and 1
and 1
and 1
and 1
and 1
and 1
and 1
and 1
and 1
and 1
and 1
and 1
and 1
and 1
and 1
and 1
and 1
and 1
and 1
and 1
and 1
and 1
and 1
and 1
and 1
and 1
and 1
and 1
and 1
and 1
and 1
and 1
and 1
and 1
and 1
and 1
and 1
and 1
and 1
and 1
and 1
and 1
and 1
and 1
and 1
and 1
and 1
and 1
and 1
and 1
and 1
and 1
and 1
and 1
and 1
and 1
and 1
and 1
and 1
and 1
and 1
and 1
and 1
and 1
and 1
and 1
and 1
and 1
and 1
and 1
and 1
and 1
and 1
and 1
and 1
and 1
and 1
and 1
and 1
and 1
and 1
and 1
and 1
and 1
and 1
and 1
and 1
and 1
and 1
and 1
and 1
and 1
and 1
and 1
and 1
and 1
and 1
and 1
and 1
and 1
and 1
and 1
and 1
and 1
and 1
and 1
and 1
and 1
and 1
and 1
and 1
and 1
and 1
and 1
and 1
and 1
and 1
and 1
and 1
and 1
and 1
and 1
and 1
and 1
and 1
and 1
and 1
and 1
and 1
and 1
and 1
and 1
and 1
and 1
and 1
and 1
and 1
and 1
and 1
and 1
and 1
and 1
and 1
and 1
and 1
and 1
and 1
and 1
and 1
and 1
and 1
and 1
and 1
and 1
and 1
and 1
and 1
and 1
and 1
and 1
and 1
and 1
and 1
and 1
and 1
and 1
and 1
and 1
and 1
and 1
and 1
and 1
and 1
and 1
and 1
and 1
and 1
and 1
and 1
and 1
and 1
and 1
and 1
and 1
and 1
and 1
and 1
and 1
and 1
and 1
and 1
and 1
and 1
and 1
and 1
and 1
and 1
and 1
and 1
and 1
and 1
and 1
and 1
and 1
and 1
and 1
and 1
and 1
and 1
and 1
and 1
and 1
and 1
and 1
and 1
and 1
and 1
and 1
and 1
and 1
and 1
and 1
and 1
and 1
and 1
and 1
and 1
and 1
and 1
and 1
and 1
and 1
and 1
and 1
and 1
and 1
and 1
and 1
and 1
and 1
and 1
and 1
and 1
and 1
and 1
and 1
and 1
and 1
and 1
and 1
and 1
and 1
and 1
and 1
and 1
and 1
and 1
and 1
and 1
and 1
and 1
and 1
and 1
and 1
and 1
and 1
and 1
and 1
and 1
and 1
and 1
and 1
and 1
and 1
and 1
and 1
and 1
and 1
and 1
and 1
and 1
and 1
and 1
and 1
and 1
and 1
and 1
and 1
and 1
and 1
and 1
and 1
and 1
and 1
and 1
and 1
and 1
and 1
and 1
and 1
and 1
and 1
and 1
and 1
and 1
and 1
and 1
and 1
and 1
and 1
and 1
and 1
and 1
and 1
and 1
and 1
and 1
and 1
and 1
and 1
and 1
and 1
and 1
and 1
and 1
and 1
and 1
and 1
and 1
and 1
and 1
and 1
and 1
and 1
and 1
and 1
and 1
and 1
and 1
and 1
and 1
and 1
and 1
and 1
and 1
and 1
and 1
and 1
and 1
and 1
and 1
and 1
and 1
and 1
and 1
and 1
and 1
and 1
and 1
and 1
and 1
and 1
and 1
and 1
and 1
and 1
and 1
and 1
and 1
and 1
and 1
and 1
and 1
and 1
and 1
and 1
and 1
and 1
and 1
and 1
and 1
and 1
and 1
and 1
and 1
and 1
and 1
and 1
and 1
and 1
and 1
and 1
and 1
and 1
and 1
and 1
and 1
and 1
and 1
and 1
and 1
and 1
and 1
and 1
and 1
and 1
and 1
and 1
and 1
and 1
and 1
and 1
and 1
and 1
and 1
and 1
and 1
and 1
and 1
and 1
and 1
and 1
and 1
and 1
and 1
and 1
and 1
and 1
and 1
and 1
and 1
and 1
and 1
and 1
and 1
and 1
and 1
and 1
and 1
and 1
and 1
and 1
and 1
and 1
and 1
and 1
and 1
and 1
and 1
and 1
and 1
and 1
and 1
and 1
and 1
and 1
and 1
and 1
and 1
and 1
and 1
and 1
and 1
and 1
and 1
and 1
and 1
and 1
and 1
and 1
and 1
and 1
and 1
and 1
and 1
and 1
and 1
and 1
and 1
and 1
and 1
and 1
and 1
and 1
and 1
and 1
and 1
and 1
and 1
and 1
and 1
and 1
and 1
and 1
and 1
and 1
and 1
and 1
and 1
and 1
and 1
and 1
and 1
and 1
and 1
and 1
and 1
and 1
and 1
and 1
and 1
and 1
and 1
and 1
and 1
and 1
and 1
and 1
and 1
and 1
and 1
and 1
and 1
and 1
and 1
and 1
and 1
and 1
and 1
and 1
and 1
and 1
and 1
and 1
and 1
and 1
and 1
and 1
and 1
and 1
and 1
and 1
and 1
and 1
and 1
and 1
and 1
and 1
and 1
and 1
and 1
and 1
and 1
and 1
and 1
and 1
and 1
and 1
and 1
and 1
and 1
and 1
and 1
and 1
and 1
and 1
and 1
and 1
and 1
and 1
and 1
and 1
and 1
and 1
and 1
and 1
and 1
and 1
and 1
and 1
and 1
and 1
and 1
and 1
and 1
and 1
and 1
and 1
and 1
and 1
and 1
and 1
and 1
and 1
and 1
and 1
and 1
and 1
and 1
and 1
and 1
and 1
and 1
and 1
and 1
and 1
and 1
and 1
and 1
and 1
and 1
and 1
and 1
and 1
and 1
and 1
and 1
and 1
and 1
and 1
and 1
and 1
and 1
and 1
and 1
and 1
and 1
and 1
and 1
and 1
and 1
and 1
and 1
and 1
and 1
and 1
and 1
and 1
and 1
and 1
and 1
and 1
and 1
and 1
and 1
and 1
and 1
and 1
and 1
and 1
and 1
and 1
and 1
and 1
and 1
and 1
and 1
and 1
and 1
and 1
and 1
and 1
and 1
and 1
and 1
and 1
and 1
and 1
and 1
and 1
and 1
and 1
and 1
and 1
and 1
and 1
and 1
and 1
and 1
and 1
and 1
and 1
and 1
and 1
and 1
and 1
and 1
and 1
and 1
and 1
and 1
and 1
and 1
and 1
and 1
and 1
and 1
and 1
and 1
and 1
and 1
and 1
and 1
and 1
and 1
and 1
and 1
and 1
and 1
and 1
and 1
and 1
and 1
and 1
and 1
and 1
and 1
and 1
and 1
and 1
and 1
and 1
and 1
and 1
and 1
and 1
and 1
and 1
and 1
and 1
and 1
and 1
and 1
and 1
and 1
and 1
and 1
and 1
and 1
and 1
and 1
and 1
and 1
and 1
and 1
and 1
and 1
and 1
and 1
and 1
and 1
and 1
and 1
and 1
and 1
and 1
and 1
and 1
and 1
and 1
and 1
and 1
and 1
and 1
and 1
and 1
and 1
and 1
and 1
and 1
and 1
and 1
and 1
and 1
and 1
and 1
and 1
and 1
and 1
and 1
and 1
and 1
and 1
and 1
and 1
and 1
and 1
and 1
and 1
and 1
and 1
and 1
and 1
and 1
and 1
and 1
and 1
and 1
and 1
and 1
and 1
and 1
and 1
and 1
and 1
and 1
and 1
and 1
and 1
and 1
and 1
and 1
and 1
and 1
and 1
and 1
and 1
and 1
and 1
and 1
and 1
and 1
and 1
and 1
and 1
and 1
and 1
and 1
and 1
and 1
and 1
and 1
and 1
and 1
and 1
and 1
and 1
and 1
and 1
and 1
and 1
and 1
and 1
and 1
and 1
and 1
and 1
and 1
and 1
and 1
and 1
and 1
and 1
and 1
and 1
and 1
and 1
and 1
and 1
and 1
and 1
and 1
and 1
and 1
and 1
and 1
and 1
and 1
and 1
and 1
and 1
and 1
and 1
and 1
and 1
and 1
and 1
and 1
and 1
and 1
and 1
and 1
and 1
and 1
and 1
and 1
and 1
and 1
and 1
and 1
and 1
and 1
and 1
and 1
and 1
and 1
and 1
and 1
and 1
and 1
and 1
and 1
and 1
and 1
and 1
and 1
and 1
and 1
and 1
and 1
and 1
and 1
and 1
and 1
and 1
and 1
and 1
and 1
and 1
and 1
and 1
and 1
and 1
and 1
and 1
and 1
and 1
and 1
and 1
and 1
and 1
and 1
and 1
and 1
and 1
and 1
and 1
and 1
and 1
and 1
and 1
and 1
and 1
and 1
and 1
and 1
and 1
and 1
and 1
and 1
and 1
and 1
and 1
and 1
and 1
and 1
and 1
and 1
and 1
and 1
and 1
and 1
and 1
and 1
and 1
and 1
and 1
and 1
and 1
and 1
and 1
and 1
and 1
and 1
and 1
and 1
and 1
and 1
and 1
and 1
and 1
and 1
and 1
and 1
and 1
and 1
and 1
and 1
and 1
and 1
and 1
and 1
and 1
and 1
and 1
and 1
and 1
and 1
and 1
and 1
and 1
and 1
and 1
and 1
and 1
and 1
and 1
and 1
and 1
and 1
and 1
and 1
and 1
and 1
and 1
and 1
and 1
and 1
and 1
and 1
and 1
and 1
and 1
and 1
and 1
and 1
and 1
and 1
and 1
and 1
and 1
and 1
and 1
and 1
and 1
and 1
and 1
and 1
and 1
and 1
and 1
and 1
and 1
and 1
and 1
and 1
and 1
and 1
and 1
and 1
and 1
and 1
and 1
and 1
and 1
and 1
and 1
and 1
and 1
and 1
and 1
and 1
and 1
and 1
and 1
and 1
and 1
and 1
and 1
and 1
and 1
and 1
and 1
and 1
and 1
and 1
and 1
and 1
and 1
and 1
and 1
and 1
and 1
and 1
and 1
and 1
and 1
and 1
and 1
and 1
and 1
and 1
and 1
and 1
and 1
and 1
and 1
and 1
and 1
and 1
and 1
and 1
and 1
and 1
and 1
and 1
and 1
and 1
and 1
and 1
and 1
and 1
and 1
and 1
and 1
and 1
and 1
and 1
and 1
and 1
and 1
and 1
and 1
and 1
and 1
and 1
and 1
and 1
and 1
and 1
and 1
and 1
and 1
and 1
and 1
and 1
and 1
and 1
and 1
and 1
and 1
and 1
and 1
and 1
and 1
and 1
and 1
and 1
and 1
and 1
and 1
and 1
and 1
and 1
and 1
and 1
and 1
and 1
and 1
and 1
and 1
and 1
and 1
and 1
and 1
and 1
and 1
and 1
and 1
and 1
and 1
and 1
and 1
and 1
and 1
and 1
and 1
and 1
and 1
and 1
and 1
and 1
and 1
and 1
and 1
and 1
and 1
and 1
and 1
and 1
and 1
and 1
and 1
and 1
and 1
and 1
and 1
and 1
and 1
and 1
and 1
and 1
and 1
and 1
and 1
and 1
and 1
and 1
and 1
and 1
and 1
and 1
and 1
and 1
and 1
and 1
and 1
and 1
and 1
and 1
and 1
and 1
and 1
and 1
and 1
and 1
and 1
and 1
and 1
and 1
and 1
and 1
and 1
and 1
and 1
and 1
and 1
and 1
and 1
and 1
and 1
and 1
and 1
and 1
and 1
and 1
and 1
and 1
and 1
and 1
and 1
and 1
and 1
and 1
and 1
and 1
and 1
and 1
and 1
and 1
and 1
and 1
and 1
and 1
and 1
and 1
and 1
and 1
and 1
and 1
and 1
and 1
and 1
and 1
and 1
and 1
and 1
and 1
and 1
and 1
and 1
and 1
and 1
and 1
and 1
and 1
and 1
and 1
and 1
and 1
and 1
and 1
and 1
and 1
and 1
and 1
and 1
and 1
and 1
and 1
and 1
and 1
and 1
and 1
and 1
and 1
and 1
and 1
and 1
and 1
and 1
and 1
and 1
and 1
and 1
and 1
and 1
and 1
and 1
and 1
and 1
and 1
and 1
and 1
and 1
and 1
and 1
and 1
and 1
and 1
and 1
and 1
and 1
and 1
and 1
and 1
and 1
and 1
and 1
and 1
and 1
and 1
and 1
and 1
and 1
and 1
and 1
and 1
and 1
and 1
and 1
and 1
and 1
and 1
and 1
and 1
and 1
and 1
and 1
and 1
and 1
and 1
and 1
and 1
and 1
and 1
and 1
and 1
and 1
and 1
and 1
and 1
and 1
and 1
and 1
and 1
and 1
and 1
and 1
and 1
and 1
and 1
and 1
and 1
and 1
and 1
and 1
and 1
and 1
and 1
and 1
and 1
and 1
and 1
and 1
and 1
and 1
and 1
and 1
and 1
and 1
and 1
and 1
and 1
and 1
and 1
and 1
and 1
and 1
and 1
and 1
and 1
and 1
and 1
and 1
and 1
and 1
and 1
and 1
and 1
and 1
and 1
and 1
and 1
and 1
and 1
and 1
and 1
and 1
and 1
and 1
and 1
and 1
and 1
and 1
and 1
and 1
and 1
and 1
and 1
and 1
and 1
and 1
and 1
and 1
and 1
and 1
and 1
and 1
and 1
and 1
and 1
and 1
and 1
and 1
and 1
and 1
and 1
and 1
and 1
and 1
and 1
and 1
and 1
and 1
and 1
and 1
and 1
and 1
and 1
and 1
and 1
and 1
and 1
and 1
and 1
and 1
and 1
and 1
and 1
and 1
and 1
and 1
and 1
and 1
and 1
and 1
and 1
and 1
and 1
and 1
and 1
and 1
and 1
and 1
and 1
and 1
and 1
and 1
and 1
and 1
and 1
and 1
and 1
and 1
and 1
and 1
and 1
and 1
and 1
and 1
and 1
and 1
and 1
and 1
and 1
and 1
and 1
and 1
and 1
and 1
and 1
and 1
and 1
and 1
and 1
and 1
and 1
and 1
and 1
and 1
and 1
and 1
and 1
and 1
and 1
and 1
and 1
and 1
and 1
and 1
and 1
and 1
and 1
and 1
and 1
and 1
and 1
and 1
and 1
and 1
and 1
and 1
and 1
and 1
and 1
and 1
and 1
and 1
and 1
and 1
and 1
and 1
and 1
and 1
and 1
and 1
and 1
and 1
and 1
and 1
and 1
and 1
and 1
and 1
and 1
and 1
and 1
and 1
and 1
and 1
and 1
and 1
and 1
and 1
and 1
and 1
and 1
and 1
and 1
and 1
and 1
and 1
and 1
and 1
and 1
and 1
and 1
and 1
and 1
and 1
and 1
and 1
and 1
and 1
and 1
and 1
and 1
and 1
and 1
and 1
and 1
and 1
and 1
and 1
and 1
and 1
and 1
and 1
and 1
and 1
and 1
and 1
and 1
and 1
and 1
and 1
and 1
and 1
and 1
and 1
and 1
and 1
and 1
and 1
and 1
and 1
and 1
and 1
and 1
and 1
and 1
and 1
and 1
and 1
and 1
and 1
and 1
and 1
and 1
and 1
and 1
and 1
and 1
and 1
and 1
and 1
and 1
and 1
and 1
and 1
and 1
and 1
and 1
and 1
and 1
and 1
and 1
and 1
and 1
and 1
and 1
and 1
and 1
and 1
and 1
and 1
and 1
and 1
and 1
and 1
and 1
and 1
and 1
and 1
and 1
and 1
and 1
and 1
and 1
and 1
and 1
and 1
and 1
and 1
and 1
and 1
and 1
and 1
and 1
and 1
and 1
and 1
and 1
and 1
and 1
and 1
and 1
and 1
and 1
and 1
and 1
and 1
and 1
and 1
and 1
and 1
and 1
and 1
and 1
and 1
and 1
and 1
and 1
and 1
and 1
and 1
and 1
and 1
and 1
and 1
and 1
and 1
and 1
and 1
and 1
and 1
and 1
and 1
and 1
and 1
and 1
and 1
and 1
and 1
and 1
and 1
and 1
and 1
and 1
and 1
and 1
and 1
and 1
and 1
and 1
and 1
and 1
and 1
and 1
and 1
and 1
and 1
and 1
and 1
and 1
and 1
and 1
and 1
and 1
and 1
and 1
and 1
and 1
and 1
and 1
and 1
and 1
and 1
and 1
and 1
and 1
and 1
and 1
and 1
and 1
and 1
and 1
and 1
and 1
and 1
and 1
and 1
and 1
and 1
and 1
and 1
and 1
and 1
and 1
and 1
and 1
and 1
and 1
and 1
and 1
and 1
and 1
and 1
and 1
and 1
and 1
and 1
and 1
and 1
and 1
and 1
and 1
and 1
and 1
and 1
and 1
and 1
and 1
and 1
and 1
and 1
and 1
and 1
and 1
and 1
and 1
and 1
and 1
and 1
and 1
and 1
and 1
and 1
and 1
and 1
and 1
and 1
and 1
and 1
and 1
and 1
and 1
and 1
and 1
and 1
and 1
and 1
and 1
and 1
and 1
and 1
and 1
and 1
and 1
and 1
and 1
and 1
and 1
and 1
and 1
and 1
and 1
and 1
and 1
and 1
and 1
and 1
and 1
and 1
and 1
and 1
and 1
and 1
and 1
and 1
and 1
and 1
and 1
and 1
and 1
and 1
and 1
and 1
and 1
and 1
and 1
and 1
and 1
and 1
and 1
and 1
and 1
and 1
and 1
and 1
and 1
and 1
and 1
anger 1
anger 1
anger 1
anger 1
anger 1
angry 1
angry 1
another 1
another 1
another 1
another 1
another 1
another 1
another 1
another 1
another 1
another 1
another 1
another 1
another 1
another 1
another 1
another 1
another 1
another 1
another 1
another 1
another 1
another 1
another 1
another 1
another 1
another 1
another 1
another 1
another 1
another 1
another 1
another 1
another 1
another 1
another 1
another 1
another 1
another 1
another 1
another 1
another 1
another 1
another 1
another 1
answered 1
answered 1
answered 1
answered 1
answered 1
answered 1
answered 1
apparatus 1
apparatus 1
apparatus 1
appear 1
appear 1
appear 1
appear 1
appear 1
appear 1
appear 1
appear 1
appear 1
appear 1
appear 1
appear 1
appear 1
appear 1
appear 1
appear 1
appear 1
appear 1
appear 1
appear 1
appear 1
appear 1
appear 1
appearances 1
appearances 1
appearances 1
appearances 1
applied 1
applied 1
applied 1
applied 1
applied 1
apprehending 1
apt 1
arranging 1
arranging 1
arranging 1
arranging 1
arranging 1
arranging 1
arrive 1
arrive 1
arrive 1
arrive 1
arrive 1
arrive 1
arrive 1
arrive 1
arrive 1
arrive 1
arrive 1
arrive 1
arrived 1
arrived 1
arrived 1
arrived 1
arrived 1
arrived 1
arrived 1
arrived 1
arrived 1
arrived 1
arrived 1
arrived 1
arrived 1
arrived 1
arrived 1
arrived 1
arrived 1
arrived 1
arrived 1
arrived 1
arrived 1
arrived 1
arrived 1
arrived 1
arrived 1
arrived 1
arrived 1
arrived 1
arrived 1
art 1
art 1
art 1
art 1
art 1
art 1
art 1
artery 1
ass 1
ass 1
assisting 1
association 1
assurance 1
astonishment 1
astonishment 1
astonishment 1
astonishment 1
astonishment 1
astonishment 1
astounded 1
at 1
at 1
at 1
at 1
at 1
at 1
at 1
at 1
at 1
at 1
at 1
at 1
at 1
at 1
at 1
at 1
at 1
at 1
at 1
at 1
at 1
at 1
at 1
at 1
at 1
at 1
at 1
at 1
at 1
at 1
at 1
at 1
at 1
at 1
at 1
at 1
at 1
at 1
at 1
at 1
at 1
at 1
at 1
at 1
at 1
at 1
at 1
at 1
at 1
at 1
at 1
at 1
at 1
at 1
at 1
at 1
at 1
at 1
at 1
at 1
at 1
at 1
at 1
at 1
at 1
at 1
at 1
at 1
at 1
at 1
at 1
at 1
at 1
at 1
at 1
at 1
at 1
at 1
at 1
at 1
at 1
at 1
at 1
at 1
at 1
at 1
at 1
at 1
at 1
at 1
at 1
at 1
at 1
at 1
at 1
at 1
at 1
at 1
at 1
at 1
at 1
at 1
at 1
at 1
at 1
at 1
at 1
at 1
at 1
at 1
at 1
at 1
at 1
at 1
at 1
at 1
at 1
at 1
at 1
at 1
at 1
at 1
at 1
at 1
at 1
at 1
at 1
at 1
at 1
at 1
at 1
at 1
at 1
at 1
at 1
at 1
at 1
at 1
at 1
at 1
at 1
at 1
at 1
at 1
at 1
at 1
at 1
at 1
at 1
at 1
at 1
at 1
at 1
at 1
at 1
at 1
at 1
at 1
at 1
at 1
at 1
at 1
at 1
at 1
at 1
at 1
at 1
at 1
at 1
at 1
at 1
at 1
at 1
at 1
at 1
at 1
at 1
at 1
at 1
at 1
at 1
at 1
at 1
at 1
at 1
at 1
at 1
at 1
at 1
at 1
at 1
at 1
at 1
at 1
at 1
at 1
at 1
at 1
at 1
at 1
at 1
at 1
at 1
at 1
at 1
at 1
at 1
at 1
at 1
at 1
at 1
at 1
at 1
at 1
at 1
at 1
at 1
at 1
at 1
at 1
at 1
at 1
at 1
at 1
at 1
at 1
at 1
at 1
at 1
at 1
at 1
at 1
at 1
at 1
at 1
at 1
at 1
at 1
at 1
at 1
at 1
at 1
at 1
at 1
at 1
at 1
at 1
at 1
at 1
at 1
at 1
at 1
at 1
at 1
at 1
at 1
at 1
at 1
at 1
at 1
at 1
at 1
at 1
at 1
at 1
at 1
at 1
at 1
at 1
at 1
at 1
at 1
at 1
at 1
at 1
at 1
at 1
at 1
at 1
at 1
at 1
at 1
at 1
at 1
at 1
at 1
at 1
at 1
at 1
at 1
at 1
at 1
at 1
at 1
at 1
at 1
at 1
at 1
at 1
at 1
at 1
at 1
at 1
at 1
at 1
attempt 1
attempt 1
attempt 1
attempt 1
attempt 1
attempt 1
attempt 1
attempt 1
attempt 1
attempt 1
attractive 1
attractive 1
avoid 1
avoid 1
avoid 1
avoid 1
avoid 1
avoid 1
awe 1
awe 1
back 1
back 1
back 1
back 1
back 1
back 1
back 1
back 1
back 1
back 1
back 1
back 1
back 1
back 1
back 1
barricade 1
based 1
based 1
beach 1
beach 1
beach 1
beach 1
beach 1
bears 1
bears 1
beaten 1
beaten 1
befallen 1
befallen 1
befallen 1
believing 1
believing 1
belonging 1
belonging 1
belonging 1
belonging 1
benignity 1
benignity 1
besought 1
binary 1
binding 1
bitterness 1
bitterness 1
bitterness 1
bitterness 1
bitterness 1
bitterness 1
bitterness 1
bitterness 1
bloom 1
bloom 1
bloom 1
blossom 1
born 1
born 1
born 1
born 1
breakfast 1
breakfast 1
breakfast 1
breakfast 1
breakfast 1
brides 1
brotherly 1
brought 1
brought 1
brought 1
brought 1
brought 1
brought 1
brought 1
brought 1
brought 1
brought 1
brought 1
brought 1
brought 1
brought 1
brought 1
brought 1
brought 1
brought 1
brought 1
brought 1
brought 1
brought 1
brought 1
brought 1
brought 1
brought 1
brought 1
brought 1
buffeted 1
burdened 1
burning 1
burning 1
burning 1
burning 1
burning 1
burning 1
burning 1
burning 1
burning 1
burning 1
cabin 1
cabin 1
cabin 1
cabin 1
cabin 1
cabin 1
cabin 1
cabin 1
cabin 1
cabinets 1
cadence 1
caprice 1
carelessly 1
carelessly 1
carriages 1
cataract 1
certainly 1
certainly 1
certainly 1
certainly 1
certainly 1
certainly 1
certainly 1
certainly 1
certainly 1
certainly 1
certainly 1
chaise 1
changing 1
characteristically 1
charging 1
charnel 1
charnel 1
cheat 1
cheat 1
checked 1
checked 1
checked 1
cheeks 1
cheeks 1
cheeks 1
cheeks 1
cheeks 1
cheeks 1
cheeks 1
choice 1
choice 1
choice 1
church 1
churchyard 1
civilized 1
classifications 1
clean 1
clean 1
cling 1
cling 1
cling 1
clue 1
clue 1
clue 1
coarser 1
collections 1
commiserate 1
commit 1
commit 1
commit 1
competent 1
comprehend 1
comprehend 1
comprehend 1
comprehend 1
concede 1
conclusion 1
conclusion 1
conclusion 1
conclusion 1
conclusion 1
confessing 1
confirmation 1
confirmation 1
confirmed 1
confirmed 1
confirmed 1
confirmed 1
confirmed 1
confirmed 1
confirmed 1
confirmed 1
conquer 1
consciousness 1
consciousness 1
consciousness 1
consternation 1
consternation 1
consumes 1
consummation 1
consummation 1
consummation 1
consummation 1
contentment 1
contentment 1
continuation 1
convent 1
conveys 1
convinced 1
convinced 1
convinced 1
convinced 1
convinced 1
convinced 1
convinced 1
convinced 1
convinced 1
copy 1
copy 1
copy 1
copy 1
copy 1
copy 1
copy 1
copy 1
copy 1
copy 1
copy 1
copy 1
corrected 1
cottage 1
cottage 1
cottage 1
cottage 1
cottage 1
cottage 1
cottage 1
cottage 1
cottage 1
cottage 1
cottage 1
cottage 1
cottage 1
cottage 1
cottage 1
cottage 1
cottage 1
cottage 1
cottage 1
cottage 1
cottage 1
cottage 1
cottage 1
cottage 1
cottage 1
cottage 1
cottage 1
cottage 1
cottage 1
cottage 1
cottage 1
cottage 1
cottage 1
cottage 1
cottage 1
cottage 1
cottage 1
cottage 1
cottage 1
cottage 1
cottage 1
cottage 1
cottage 1
cottage 1
cottage 1
cottage 1
cottage 1
cottage 1
cottage 1
cottage 1
cottage 1
could 1
could 1
could 1
could 1
could 1
could 1
could 1
could 1
could 1
could 1
could 1
could 1
could 1
could 1
could 1
could 1
could 1
could 1
could 1
could 1
could 1
could 1
could 1
could 1
could 1
could 1
could 1
could 1
could 1
could 1
could 1
could 1
could 1
could 1
could 1
could 1
could 1
could 1
could 1
could 1
could 1
could 1
could 1
could 1
could 1
could 1
could 1
could 1
could 1
could 1
could 1
could 1
could 1
could 1
could 1
could 1
could 1
could 1
could 1
could 1
could 1
could 1
could 1
could 1
could 1
could 1
could 1
could 1
could 1
could 1
could 1
could 1
could 1
could 1
could 1
could 1
could 1
could 1
could 1
could 1
could 1
could 1
could 1
could 1
could 1
could 1
could 1
could 1
could 1
could 1
could 1
could 1
could 1
could 1
could 1
could 1
could 1
could 1
could 1
could 1
could 1
could 1
could 1
could 1
could 1
could 1
could 1
could 1
could 1
could 1
could 1
could 1
could 1
could 1
could 1
could 1
could 1
could 1
could 1
could 1
could 1
could 1
could 1
could 1
could 1
could 1
could 1
could 1
could 1
could 1
could 1
could 1
could 1
could 1
could 1
could 1
could 1
could 1
could 1
could 1
could 1
could 1
could 1
could 1
could 1
could 1
could 1
could 1
could 1
could 1
could 1
could 1
could 1
could 1
could 1
could 1
could 1
could 1
could 1
could 1
could 1
could 1
could 1
could 1
could 1
could 1
could 1
could 1
could 1
could 1
could 1
could 1
could 1
could 1
could 1
could 1
could 1
could 1
could 1
could 1
could 1
could 1
could 1
could 1
could 1
could 1
could 1
could 1
could 1
could 1
could 1
could 1
counsel 1
courtyard 1
creators 1
creature 1
creature 1
creature 1
creature 1
creature 1
creature 1
creature 1
creature 1
creature 1
creature 1
creature 1
creature 1
creature 1
creature 1
creature 1
creature 1
creature 1
creature 1
creature 1
creature 1
creature 1
creature 1
creature 1
creature 1
creature 1
creature 1
creature 1
creature 1
creature 1
creature 1
creature 1
creature 1
creature 1
creature 1
creature 1
creature 1
creature 1
creature 1
creature 1
creature 1
creature 1
creature 1
creature 1
creature 1
crevice 1
crevice 1
crimes 1
crimes 1
crimes 1
crimes 1
crimes 1
crimes 1
crimes 1
crimes 1
crimes 1
crimes 1
crimes 1
crimes 1
crimes 1
crowd 1
crowd 1
crowd 1
crowd 1
crowd 1
crown 1
crown 1
crown 1
crush 1
crush 1
crush 1
crush 1
curiosities 1
curiosity 1
curiosity 1
curiosity 1
curiosity 1
curiosity 1
curiosity 1
curiosity 1
curiosity 1
curiosity 1
curiosity 1
curiosity 1
curiosity 1
curiosity 1
curses 1
danger 1
danger 1
danger 1
danger 1
danger 1
danger 1
danger 1
danger 1
danger 1
danger 1
danger 1
danger 1
dawned 1
dawned 1
dawned 1
dawned 1
days 1
days 1
days 1
days 1
days 1
days 1
days 1
days 1
days 1
days 1
days 1
days 1
days 1
days 1
days 1
days 1
days 1
days 1
days 1
days 1
days 1
days 1
days 1
days 1
days 1
days 1
days 1
days 1
days 1
days 1
days 1
days 1
days 1
days 1
days 1
days 1
days 1
days 1
days 1
days 1
days 1
days 1
days 1
days 1
days 1
days 1
days 1
days 1
days 1
days 1
days 1
deadly 1
deadly 1
deadly 1
deadly 1
deadly 1
deadly 1
debasing 1
declamatory 1
defect 1
defect 1
deferred 1
delight 1
delight 1
delight 1
delight 1
delight 1
delight 1
delight 1
delight 1
delight 1
delight 1
delight 1
delight 1
delight 1
delight 1
delight 1
delight 1
delight 1
delight 1
delight 1
delight 1
delight 1
delight 1
delight 1
delight 1
delight 1
delight 1
delight 1
delight 1
delight 1
delight 1
delight 1
delight 1
dense 1
deprived 1
deprived 1
deprived 1
deprived 1
deprived 1
deprived 1
deprived 1
deprived 1
deprived 1
deprived 1
derivative 1
derivative 1
derivative 1
descended 1
descended 1
descended 1
descended 1
descended 1
descended 1
descended 1
descended 1
desolated 1
desolated 1
despise 1
despise 1
despised 1
despised 1
destroyed 1
destroyed 1
destroyed 1
destroyed 1
destroyed 1
destroyed 1
destroyed 1
destroyed 1
destroyed 1
destroyed 1
destroyed 1
destroyed 1
destroyed 1
destroyed 1
destroyed 1
destroyed 1
destroyed 1
destroyed 1
destroyed 1
destroyed 1
destroyed 1
destroyed 1
destroyed 1
determine 1
detest 1
development 1
did 1
did 1
did 1
did 1
did 1
did 1
did 1
did 1
did 1
did 1
did 1
did 1
did 1
did 1
did 1
did 1
did 1
did 1
did 1
did 1
did 1
did 1
did 1
did 1
did 1
did 1
did 1
did 1
did 1
did 1
did 1
did 1
did 1
did 1
did 1
did 1
did 1
did 1
did 1
did 1
did 1
did 1
did 1
did 1
did 1
did 1
did 1
did 1
did 1
did 1
did 1
did 1
did 1
did 1
did 1
did 1
did 1
did 1
did 1
did 1
did 1
did 1
did 1
did 1
did 1
did 1
did 1
did 1
did 1
did 1
did 1
did 1
did 1
did 1
did 1
did 1
did 1
did 1
did 1
did 1
did 1
did 1
did 1
did 1
did 1
did 1
did 1
did 1
did 1
did 1
did 1
did 1
did 1
did 1
did 1
did 1
did 1
did 1
did 1
did 1
did 1
did 1
did 1
did 1
did 1
did 1
did 1
did 1
did 1
did 1
did 1
did 1
did 1
did 1
did 1
difficulties 1
difficulties 1
difficulty 1
difficulty 1
difficulty 1
difficulty 1
difficulty 1
difficulty 1
difficulty 1
difficulty 1
difficulty 1
difficulty 1
difficulty 1
diffusing 1
digging 1
direct 1
direct 1
direct 1
direct 1
direct 1
direct 1
direct 1
discerned 1
discontent 1
disguise 1
disobey 1
disowned 1
disposed 1
disposed 1
disposition 1
disposition 1
disposition 1
disposition 1
disposition 1
disposition 1
dissect 1
dissecting 1
distant 1
distant 1
distant 1
distant 1
distant 1
distant 1
distant 1
distant 1
distant 1
distant 1
distemper 1
distinguishing 1
distrusted 1
disunion 1
diverted 1
diverted 1
division 1
dogmatism 1
doubted 1
doubted 1
doubted 1
doubtful 1
dozing 1
dreamt 1
dreary 1
dreary 1
dreary 1
dross 1
e 1
earnestly 1
earnestly 1
earnestly 1
earnestly 1
earnestly 1
earnestly 1
ears 1
ears 1
ears 1
ears 1
ears 1
ears 1
ears 1
ears 1
editions 1
editions 1
editions 1
editions 1
educate 1
eldest 1
eldest 1
elect 1
electricity 1
electricity 1
elevates 1
elevates 1
eloquence 1
eloquence 1
eloquence 1
eloquence 1
eloquence 1
elude 1
employed 1
employed 1
employed 1
employed 1
employed 1
employed 1
employed 1
employed 1
employed 1
employed 1
employed 1
employed 1
employed 1
enable 1
enable 1
enable 1
endow 1
endued 1
endued 1
endued 1
endued 1
endued 1
endure 1
endure 1
endure 1
endure 1
endure 1
endure 1
endure 1
endure 1
endure 1
endure 1
endure 1
endure 1
endure 1
endure 1
endure 1
endure 1
endure 1
endure 1
enormity 1
enormity 1
ensuing 1
ensuing 1
ensuing 1
ensuing 1
enterprise 1
enterprise 1
enterprise 1
enterprise 1
enterprise 1
enterprise 1
enterprise 1
enterprise 1
enterprise 1
enterprise 1
er 1
erect 1
evils 1
evils 1
evils 1
evils 1
exalted 1
examined 1
examined 1
examined 1
examined 1
examined 1
examined 1
exchanged 1
exchanged 1
exchanged 1
exchanged 1
exculpated 1
exhilarated 1
existing 1
existing 1
expectations 1
explanation 1
explanation 1
explanation 1
explanation 1
explanation 1
explanation 1
explanation 1
explanation 1
explanation 1
expressed 1
expressed 1
expressed 1
expressed 1
expressed 1
expressed 1
expressed 1
expressed 1
expressed 1
expressed 1
expressed 1
expressed 1
expressed 1
expressed 1
expressed 1
expressed 1
expressed 1
expressed 1
expressed 1
expressed 1
expressed 1
expressed 1
expressed 1
expressed 1
expressed 1
expressed 1
extended 1
extended 1
extinction 1
extinction 1
extinction 1
extinction 1
eyed 1
facility 1
facility 1
fainted 1
fainted 1
fainted 1
fainted 1
fainted 1
fainted 1
fairy 1
faithful 1
fan 1
fancying 1
far 1
far 1
far 1
far 1
far 1
far 1
far 1
far 1
far 1
far 1
far 1
far 1
far 1
far 1
far 1
far 1
far 1
far 1
far 1
far 1
far 1
far 1
far 1
far 1
far 1
far 1
far 1
far 1
far 1
far 1
far 1
far 1
far 1
far 1
far 1
far 1
far 1
far 1
far 1
fatigue 1
fatigue 1
fatigue 1
fatigue 1
fatigue 1
fatigue 1
fatigue 1
fatigue 1
fatigue 1
fatigue 1
fatigue 1
fatigue 1
fees 1
fees 1
fees 1
fees 1
fell 1
fell 1
fell 1
fell 1
fell 1
fell 1
fell 1
fell 1
fell 1
fell 1
fell 1
fell 1
fell 1
fell 1
fell 1
fell 1
fell 1
fell 1
festering 1
fifteen 1
fifteen 1
files 1
files 1
financial 1
flame 1
flat 1
flows 1
followers 1
footed 1
forget 1
forget 1
forget 1
forget 1
forget 1
forget 1
forget 1
forget 1
forget 1
forget 1
fortnight 1
fortnight 1
fortnight 1
fortnight 1
fortnight 1
fortune 1
fortune 1
fortune 1
fortune 1
fortune 1
fortune 1
fortune 1
fortune 1
fortune 1
forward 1
forward 1
forward 1
forward 1
forward 1
forward 1
forward 1
forward 1
forward 1
forward 1
forward 1
forward 1
forward 1
forward 1
founded 1
founded 1
frame 1
frame 1
frame 1
frame 1
frame 1
frame 1
frame 1
frame 1
frame 1
frame 1
frame 1
frame 1
frame 1
frame 1
frankness 1
fraught 1
freely 1
freely 1
freely 1
freely 1
freely 1
functions 1
functions 1
furtherance 1
glens 1
globe 1
globe 1
gnashes 1
gnashing 1
grasp 1
grasp 1
grasp 1
grasp 1
grasp 1
grasp 1
grasp 1
grasp 1
grasp 1
grievously 1
guess 1
guess 1
guess 1
guessing 1
guiding 1
guiding 1
guiltlessness 1
guise 1
guise 1
hailed 1
hailed 1
hailed 1
hailed 1
hairs 1
hairs 1
hairs 1
hall 1
hard 1
hard 1
hard 1
hard 1
hard 1
hard 1
hard 1
hard 1
hard 1
hard 1
harvest 1
haste 1
hasten 1
hasten 1
hasten 1
hasten 1
hasten 1
hasten 1
hasten 1
hasten 1
haunted 1
haunted 1
haunted 1
haunted 1
haunted 1
heaths 1
heaths 1
herb 1
herb 1
hides 1
holding 1
honour 1
honour 1
honour 1
honour 1
honour 1
honour 1
honour 1
honour 1
honour 1
honour 1
honour 1
hopeless 1
hopeless 1
hopeless 1
hopes 1
hopes 1
hopes 1
hopes 1
hopes 1
hopes 1
hopes 1
hopes 1
hopes 1
hopes 1
hopes 1
hopes 1
hopes 1
hopes 1
hopes 1
hopes 1
hopes 1
hopes 1
hopes 1
hopes 1
hopes 1
hopes 1
hopes 1
hours 1
hours 1
hours 1
hours 1
hours 1
hours 1
hours 1
hours 1
hours 1
hours 1
hours 1
hours 1
hours 1
hours 1
hours 1
hours 1
hours 1
hours 1
hours 1
hours 1
hours 1
hours 1
hours 1
hours 1
hours 1
hours 1
hours 1
hours 1
hours 1
hours 1
hours 1
hours 1
hours 1
hours 1
humid 1
hunger 1
hunger 1
hunger 1
hunger 1
hunger 1
hunger 1
hunger 1
hunger 1
hunger 1
hunger 1
hunger 1
hunger 1
hungry 1
hungry 1
hushed 1
hushed 1
hypertext 1
imaged 1
immeasurable 1
immeasurably 1
impend 1
impertinent 1
imposed 1
imposed 1
impossible 1
impossible 1
impossible 1
impossible 1
impossible 1
impossible 1
impossible 1
impossible 1
imprudently 1
in 1
in 1
in 1
in 1
in 1
in 1
in 1
in 1
in 1
in 1
in 1
in 1
in 1
in 1
in 1
in 1
in 1
in 1
in 1
in 1
in 1
in 1
in 1
in 1
in 1
in 1
in 1
in 1
in 1
in 1
in 1
in 1
in 1
in 1
in 1
in 1
in 1
in 1
in 1
in 1
in 1
in 1
in 1
in 1
in 1
in 1
in 1
in 1
in 1
in 1
in 1
in 1
in 1
in 1
in 1
in 1
in 1
in 1
in 1
in 1
in 1
in 1
in 1
in 1
in 1
in 1
in 1
in 1
in 1
in 1
in 1
in 1
in 1
in 1
in 1
in 1
in 1
in 1
in 1
in 1
in 1
in 1
in 1
in 1
in 1
in 1
in 1
in 1
in 1
in 1
in 1
in 1
in 1
in 1
in 1
in 1
in 1
in 1
in 1
in 1
in 1
in 1
in 1
in 1
in 1
in 1
in 1
in 1
in 1
in 1
in 1
in 1
in 1
in 1
in 1
in 1
in 1
in 1
in 1
in 1
in 1
in 1
in 1
in 1
in 1
in 1
in 1
in 1
in 1
in 1
in 1
in 1
in 1
in 1
in 1
in 1
in 1
in 1
in 1
in 1
in 1
in 1
in 1
in 1
in 1
in 1
in 1
in 1
in 1
in 1
in 1
in 1
in 1
in 1
in 1
in 1
in 1
in 1
in 1
in 1
in 1
in 1
in 1
in 1
in 1
in 1
in 1
in 1
in 1
in 1
in 1
in 1
in 1
in 1
in 1
in 1
in 1
in 1
in 1
in 1
in 1
in 1
in 1
in 1
in 1
in 1
in 1
in 1
in 1
in 1
in 1
in 1
in 1
in 1
in 1
in 1
in 1
in 1
in 1
in 1
in 1
in 1
in 1
in 1
in 1
in 1
in 1
in 1
in 1
in 1
in 1
in 1
in 1
in 1
in 1
in 1
in 1
in 1
in 1
in 1
in 1
in 1
in 1
in 1
in 1
in 1
in 1
in 1
in 1
in 1
in 1
in 1
in 1
in 1
in 1
in 1
in 1
in 1
in 1
in 1
in 1
in 1
in 1
in 1
in 1
in 1
in 1
in 1
in 1
in 1
in 1
in 1
in 1
in 1
in 1
in 1
in 1
in 1
in 1
in 1
in 1
in 1
in 1
in 1
in 1
in 1
in 1
in 1
in 1
in 1
in 1
in 1
in 1
in 1
in 1
in 1
in 1
in 1
in 1
in 1
in 1
in 1
in 1
in 1
in 1
in 1
in 1
in 1
in 1
in 1
in 1
in 1
in 1
in 1
in 1
in 1
in 1
in 1
in 1
in 1
in 1
in 1
in 1
in 1
in 1
in 1
in 1
in 1
in 1
in 1
in 1
in 1
in 1
in 1
in 1
in 1
in 1
in 1
in 1
in 1
in 1
in 1
in 1
in 1
in 1
in 1
in 1
in 1
in 1
in 1
in 1
in 1
in 1
in 1
in 1
in 1
in 1
in 1
in 1
in 1
in 1
in 1
in 1
in 1
in 1
in 1
in 1
in 1
in 1
in 1
in 1
in 1
in 1
in 1
in 1
in 1
in 1
in 1
in 1
in 1
in 1
in 1
in 1
in 1
in 1
in 1
in 1
in 1
in 1
in 1
in 1
in 1
in 1
in 1
in 1
in 1
in 1
in 1
in 1
in 1
in 1
in 1
in 1
in 1
in 1
in 1
in 1
in 1
in 1
in 1
in 1
in 1
in 1
in 1
in 1
in 1
in 1
in 1
in 1
in 1
in 1
in 1
in 1
in 1
in 1
in 1
in 1
in 1
in 1
in 1
in 1
in 1
in 1
in 1
in 1
in 1
in 1
in 1
in 1
in 1
in 1
in 1
in 1
in 1
in 1
in 1
in 1
in 1
in 1
in 1
in 1
in 1
in 1
in 1
in 1
in 1
in 1
in 1
in 1
in 1
in 1
in 1
in 1
in 1
in 1
in 1
in 1
in 1
in 1
in 1
in 1
in 1
in 1
in 1
in 1
in 1
in 1
in 1
in 1
in 1
in 1
in 1
in 1
in 1
in 1
in 1
in 1
in 1
in 1
in 1
in 1
in 1
in 1
in 1
in 1
in 1
in 1
in 1
in 1
in 1
in 1
in 1
in 1
in 1
in 1
in 1
in 1
in 1
in 1
in 1
in 1
in 1
in 1
in 1
in 1
in 1
in 1
in 1
in 1
in 1
in 1
in 1
in 1
in 1
in 1
in 1
in 1
in 1
in 1
in 1
in 1
in 1
in 1
in 1
in 1
in 1
in 1
in 1
in 1
in 1
in 1
in 1
in 1
in 1
in 1
in 1
in 1
in 1
in 1
in 1
in 1
in 1
in 1
in 1
in 1
in 1
in 1
in 1
in 1
in 1
in 1
in 1
in 1
in 1
in 1
in 1
in 1
in 1
in 1
in 1
in 1
in 1
in 1
in 1
in 1
in 1
in 1
in 1
in 1
in 1
in 1
in 1
in 1
in 1
in 1
in 1
in 1
in 1
in 1
in 1
in 1
in 1
in 1
in 1
in 1
in 1
in 1
in 1
in 1
in 1
in 1
in 1
in 1
in 1
in 1
in 1
in 1
in 1
in 1
in 1
in 1
in 1
in 1
in 1
in 1
in 1
in 1
in 1
in 1
in 1
in 1
in 1
in 1
in 1
in 1
in 1
in 1
in 1
in 1
in 1
in 1
in 1
in 1
in 1
in 1
in 1
in 1
in 1
in 1
in 1
in 1
in 1
in 1
in 1
in 1
in 1
in 1
in 1
in 1
in 1
in 1
in 1
in 1
in 1
in 1
in 1
in 1
in 1
in 1
in 1
in 1
in 1
in 1
in 1
in 1
in 1
in 1
in 1
in 1
in 1
in 1
in 1
in 1
in 1
in 1
in 1
in 1
in 1
in 1
in 1
in 1
in 1
in 1
in 1
in 1
in 1
in 1
in 1
in 1
in 1
in 1
in 1
in 1
in 1
in 1
in 1
in 1
in 1
in 1
in 1
in 1
in 1
in 1
in 1
in 1
in 1
in 1
in 1
in 1
in 1
in 1
in 1
in 1
in 1
in 1
in 1
in 1
in 1
in 1
in 1
in 1
in 1
in 1
in 1
in 1
in 1
in 1
in 1
in 1
in 1
in 1
in 1
in 1
in 1
in 1
in 1
in 1
in 1
in 1
in 1
in 1
in 1
in 1
in 1
in 1
in 1
in 1
in 1
in 1
in 1
in 1
in 1
in 1
in 1
in 1
in 1
in 1
in 1
in 1
in 1
in 1
in 1
in 1
in 1
in 1
in 1
in 1
in 1
in 1
in 1
in 1
in 1
in 1
in 1
in 1
in 1
in 1
in 1
in 1
in 1
in 1
in 1
in 1
in 1
in 1
in 1
in 1
in 1
in 1
in 1
in 1
in 1
in 1
in 1
in 1
in 1
in 1
in 1
in 1
in 1
in 1
in 1
in 1
in 1
in 1
in 1
in 1
in 1
in 1
in 1
in 1
in 1
in 1
in 1
in 1
in 1
in 1
in 1
in 1
in 1
in 1
in 1
in 1
in 1
in 1
in 1
in 1
in 1
in 1
in 1
in 1
in 1
in 1
in 1
in 1
in 1
in 1
in 1
in 1
in 1
in 1
in 1
in 1
in 1
in 1
in 1
in 1
in 1
in 1
in 1
in 1
in 1
in 1
in 1
in 1
in 1
in 1
in 1
in 1
in 1
in 1
in 1
in 1
in 1
in 1
in 1
in 1
in 1
in 1
in 1
in 1
in 1
in 1
in 1
in 1
in 1
in 1
in 1
in 1
in 1
in 1
in 1
in 1
in 1
in 1
in 1
in 1
in 1
in 1
in 1
in 1
in 1
in 1
in 1
in 1
in 1
in 1
in 1
in 1
in 1
in 1
in 1
in 1
in 1
in 1
in 1
in 1
in 1
in 1
in 1
in 1
in 1
in 1
in 1
in 1
in 1
in 1
in 1
in 1
in 1
in 1
in 1
in 1
in 1
in 1
in 1
in 1
in 1
in 1
in 1
in 1
in 1
in 1
in 1
in 1
in 1
in 1
in 1
in 1
in 1
in 1
in 1
in 1
in 1
in 1
in 1
in 1
in 1
in 1
in 1
in 1
in 1
in 1
in 1
in 1
in 1
in 1
in 1
in 1
in 1
in 1
in 1
in 1
in 1
in 1
in 1
in 1
in 1
in 1
in 1
in 1
in 1
in 1
in 1
in 1
in 1
in 1
in 1
in 1
in 1
in 1
in 1
in 1
in 1
in 1
in 1
in 1
in 1
in 1
in 1
in 1
in 1
in 1
in 1
in 1
in 1
in 1
in 1
in 1
in 1
in 1
in 1
in 1
in 1
in 1
in 1
in 1
in 1
in 1
in 1
in 1
in 1
in 1
in 1
in 1
in 1
in 1
in 1
in 1
in 1
in 1
in 1
in 1
in 1
in 1
in 1
in 1
in 1
in 1
in 1
in 1
in 1
in 1
in 1
in 1
in 1
in 1
in 1
in 1
in 1
in 1
in 1
in 1
in 1
in 1
in 1
in 1
in 1
in 1
in 1
in 1
in 1
in 1
in 1
in 1
in 1
in 1
in 1
in 1
in 1
in 1
in 1
in 1
in 1
in 1
in 1
in 1
in 1
in 1
in 1
in 1
in 1
in 1
in 1
in 1
in 1
in 1
in 1
in 1
in 1
in 1
in 1
in 1
in 1
in 1
in 1
in 1
in 1
in 1
in 1
in 1
in 1
in 1
in 1
in 1
in 1
in 1
in 1
in 1
in 1
in 1
in 1
in 1
in 1
in 1
in 1
in 1
in 1
in 1
in 1
in 1
in 1
in 1
in 1
in 1
in 1
in 1
in 1
in 1
in 1
in 1
in 1
in 1
in 1
in 1
in 1
in 1
in 1
in 1
in 1
in 1
in 1
in 1
in 1
in 1
in 1
in 1
in 1
in 1
in 1
in 1
in 1
in 1
in 1
in 1
in 1
in 1
in 1
in 1
in 1
in 1
in 1
in 1
in 1
in 1
in 1
inaccurate 1
inarticulate 1
inarticulate 1
indicated 1
individual 1
individual 1
individual 1
individual 1
industrious 1
inequalities 1
inequalities 1
inestimable 1
inexperience 1
inexperience 1
inexpressible 1
inexpressible 1
inglorious 1
inhabit 1
inhabit 1
inhabit 1
inhabit 1
inhabit 1
inhabit 1
inhabit 1
inhabit 1
injure 1
injure 1
injuries 1
injuries 1
inquietude 1
inquiries 1
inquiries 1
inquiries 1
inquiries 1
inquiries 1
inspirited 1
inspirited 1
instant 1
instant 1
instant 1
instant 1
instant 1
instant 1
instant 1
instant 1
instant 1
instant 1
instant 1
instant 1
instant 1
instinctively 1
insufficient 1
integrity 1
integrity 1
integrity 1
intentions 1
intentions 1
intentions 1
intentions 1
intentions 1
intercepted 1
interchanging 1
interests 1
interests 1
internal 1
internal 1
interruption 1
introduce 1
introduced 1
introduced 1
introduced 1
intuitive 1
invade 1
invulnerable 1
invulnerable 1
irresolution 1
island 1
island 1
island 1
island 1
island 1
judge 1
judge 1
judge 1
judge 1
judge 1
judge 1
judge 1
judge 1
judged 1
judged 1
judged 1
jumped 1
keen 1
keen 1
kicked 1
killed 1
kindness 1
kindness 1
kindness 1
kindness 1
kindness 1
kindness 1
kindness 1
kindness 1
kindness 1
kindness 1
kindness 1
kindness 1
kindness 1
kindness 1
kindness 1
kindness 1
kindness 1
kindness 1
kindness 1
kindness 1
kindness 1
kindness 1
kindness 1
kindness 1
kindness 1
kindness 1
kindness 1
kneeling 1
laboratory 1
laboratory 1
laboratory 1
laboratory 1
laboratory 1
laboratory 1
laboratory 1
labour 1
labour 1
labour 1
labour 1
labour 1
labour 1
labour 1
labour 1
labour 1
labour 1
labour 1
labour 1
labour 1
labour 1
labour 1
laws 1
laws 1
laws 1
laws 1
laws 1
laws 1
laws 1
laws 1
laws 1
laws 1
laws 1
laws 1
laws 1
laws 1
laws 1
laws 1
laws 1
learned 1
learned 1
learned 1
learned 1
learned 1
learned 1
learned 1
learned 1
learned 1
learned 1
learned 1
learned 1
learned 1
learned 1
learned 1
learned 1
learned 1
learned 1
learned 1
least 1
least 1
least 1
least 1
least 1
least 1
least 1
least 1
least 1
least 1
least 1
least 1
lecturing 1
led 1
led 1
led 1
led 1
led 1
led 1
led 1
led 1
led 1
led 1
led 1
led 1
led 1
led 1
led 1
led 1
led 1
led 1
less 1
less 1
less 1
less 1
less 1
less 1
less 1
less 1
less 1
less 1
less 1
less 1
less 1
liberty 1
liberty 1
liberty 1
liberty 1
liberty 1
library 1
library 1
library 1
lies 1
lies 1
lies 1
lies 1
lighted 1
lighted 1
lighted 1
lighted 1
lighted 1
lightnings 1
localities 1
lord 1
lose 1
lose 1
lose 1
lose 1
lose 1
lose 1
lose 1
lose 1
loudness 1
lulling 1
luxuries 1
luxury 1
luxury 1
luxury 1
luxury 1
lying 1
lying 1
lying 1
machine 1
madness 1
madness 1
madness 1
madness 1
madness 1
madness 1
madness 1
madness 1
madness 1
magistrate 1
magistrate 1
magistrate 1
magistrate 1
magistrate 1
magistrate 1
magistrate 1
magistrate 1
magistrate 1
magistrate 1
magistrate 1
magistrate 1
magistrate 1
maladie 1
malignant 1
malignant 1
march 1
mark 1
mark 1
mark 1
mark 1
mark 1
mark 1
matter 1
matter 1
matter 1
matter 1
meant 1
mechanism 1
mechanism 1
mechanism 1
medicines 1
medium 1
medium 1
medium 1
medium 1
medium 1
medium 1
meet 1
meet 1
meet 1
meet 1
meet 1
meet 1
meet 1
meet 1
meet 1
meet 1
meet 1
meet 1
meet 1
meeting 1
meeting 1
meeting 1
meeting 1
meeting 1
menaced 1
menaced 1
mien 1
mien 1
might 1
might 1
might 1
might 1
might 1
might 1
might 1
might 1
might 1
might 1
might 1
might 1
might 1
might 1
might 1
might 1
might 1
might 1
might 1
might 1
might 1
might 1
might 1
might 1
might 1
might 1
might 1
might 1
might 1
might 1
might 1
might 1
might 1
might 1
might 1
might 1
might 1
might 1
might 1
might 1
might 1
might 1
might 1
might 1
might 1
might 1
might 1
might 1
might 1
might 1
might 1
might 1
might 1
might 1
might 1
might 1
might 1
might 1
might 1
might 1
might 1
might 1
might 1
might 1
might 1
might 1
might 1
might 1
might 1
might 1
might 1
might 1
might 1
might 1
might 1
might 1
might 1
might 1
might 1
might 1
might 1
might 1
might 1
might 1
might 1
might 1
might 1
might 1
might 1
might 1
might 1
might 1
might 1
might 1
might 1
might 1
might 1
might 1
might 1
might 1
might 1
might 1
might 1
might 1
might 1
might 1
might 1
might 1
minuteness 1
minutest 1
misery 1
misery 1
misery 1
misery 1
misery 1
misery 1
misery 1
misery 1
misery 1
misery 1
misery 1
misery 1
misery 1
misery 1
misery 1
misery 1
misery 1
misery 1
misery 1
misery 1
misery 1
misery 1
misery 1
misery 1
misery 1
misery 1
misery 1
misery 1
misery 1
misery 1
misery 1
misery 1
misery 1
misery 1
misery 1
misery 1
misery 1
misery 1
misery 1
misery 1
misery 1
misery 1
misery 1
misery 1
misery 1
misery 1
misery 1
misery 1
misery 1
misery 1
misery 1
misery 1
misery 1
misery 1
mist 1
mist 1
mist 1
mist 1
mist 1
modified 1
modified 1
moments 1
moments 1
moments 1
moments 1
moments 1
moments 1
moments 1
moments 1
moments 1
moments 1
moments 1
moments 1
moments 1
moments 1
moments 1
moments 1
moments 1
monotonous 1
monotonous 1
monument 1
mortal 1
mortal 1
mortal 1
mortal 1
mortal 1
mortal 1
mortal 1
much 1
much 1
much 1
much 1
much 1
much 1
much 1
much 1
much 1
much 1
much 1
much 1
much 1
much 1
much 1
much 1
much 1
much 1
much 1
much 1
much 1
much 1
much 1
much 1
much 1
much 1
much 1
much 1
much 1
much 1
much 1
much 1
much 1
much 1
much 1
much 1
much 1
much 1
much 1
much 1
much 1
much 1
much 1
much 1
multiplied 1
mummy 1
mummy 1
muscle 1
muscle 1
named 1
named 1
narrations 1
narrow 1
narrow 1
narrow 1
nation 1
nearly 1
nearly 1
nearly 1
nearly 1
nearly 1
nearly 1
nearly 1
nearly 1
nearly 1
nearly 1
nearly 1
nearly 1
nearly 1
nearly 1
nearly 1
nearly 1
nearly 1
nearly 1
nearly 1
nearly 1
nearly 1
nearly 1
nearly 1
nearly 1
nearly 1
nearly 1
nearly 1
nearly 1
nearly 1
nearly 1
necessary 1
necessary 1
necessary 1
necessary 1
necessary 1
necessary 1
necessary 1
necessary 1
necessary 1
necessary 1
necessary 1
necessary 1
necessary 1
necessary 1
necessary 1
necessary 1
necessary 1
necessary 1
necessity 1
necessity 1
necessity 1
necessity 1
necessity 1
neck 1
neck 1
neck 1
neck 1
neck 1
neck 1
neck 1
neck 1
neck 1
needle 1
negotiation 1
neighbouring 1
neighbouring 1
neighbouring 1
neighbouring 1
niche 1
nightmare 1
non 1
notifies 1
o 1
o 1
o 1
o 1
o 1
o 1
o 1
obeying 1
obliterated 1
obliterated 1
obliterated 1
obscure 1
obscure 1
obscure 1
obscure 1
obscure 1
obscure 1
obscure 1
obscure 1
obstacle 1
obstructed 1
obstructed 1
obtain 1
obtain 1
obtain 1
obtain 1
obtain 1
obtain 1
obtain 1
obtain 1
obtain 1
obtain 1
occasion 1
occasion 1
occasion 1
occasion 1
occasion 1
occasion 1
occasion 1
occasion 1
occasion 1
occasion 1
occupation 1
occupation 1
occupation 1
occupation 1
occupation 1
occupation 1
occupation 1
of 1
of 1
of 1
of 1
of 1
of 1
of 1
of 1
of 1
of 1
of 1
of 1
of 1
of 1
of 1
of 1
of 1
of 1
of 1
of 1
of 1
of 1
of 1
of 1
of 1
of 1
of 1
of 1
of 1
of 1
of 1
of 1
of 1
of 1
of 1
of 1
of 1
of 1
of 1
of 1
of 1
of 1
of 1
of 1
of 1
of 1
of 1
of 1
of 1
of 1
of 1
of 1
of 1
of 1
of 1
of 1
of 1
of 1
of 1
of 1
of 1
of 1
of 1
of 1
of 1
of 1
of 1
of 1
of 1
of 1
of 1
of 1
of 1
of 1
of 1
of 1
of 1
of 1
of 1
of 1
of 1
of 1
of 1
of 1
of 1
of 1
of 1
of 1
of 1
of 1
of 1
of 1
of 1
of 1
of 1
of 1
of 1
of 1
of 1
of 1
of 1
of 1
of 1
of 1
of 1
of 1
of 1
of 1
of 1
of 1
of 1
of 1
of 1
of 1
of 1
of 1
of 1
of 1
of 1
of 1
of 1
of 1
of 1
of 1
of 1
of 1
of 1
of 1
of 1
of 1
of 1
of 1
of 1
of 1
of 1
of 1
of 1
of 1
of 1
of 1
of 1
of 1
of 1
of 1
of 1
of 1
of 1
of 1
of 1
of 1
of 1
of 1
of 1
of 1
of 1
of 1
of 1
of 1
of 1
of 1
of 1
of 1
of 1
of 1
of 1
of 1
of 1
of 1
of 1
of 1
of 1
of 1
of 1
of 1
of 1
of 1
of 1
of 1
of 1
of 1
of 1
of 1
of 1
of 1
of 1
of 1
of 1
of 1
of 1
of 1
of 1
of 1
of 1
of 1
of 1
of 1
of 1
of 1
of 1
of 1
of 1
of 1
of 1
of 1
of 1
of 1
of 1
of 1
of 1
of 1
of 1
of 1
of 1
of 1
of 1
of 1
of 1
of 1
of 1
of 1
of 1
of 1
of 1
of 1
of 1
of 1
of 1
of 1
of 1
of 1
of 1
of 1
of 1
of 1
of 1
of 1
of 1
of 1
of 1
of 1
of 1
of 1
of 1
of 1
of 1
of 1
of 1
of 1
of 1
of 1
of 1
of 1
of 1
of 1
of 1
of 1
of 1
of 1
of 1
of 1
of 1
of 1
of 1
of 1
of 1
of 1
of 1
of 1
of 1
of 1
of 1
of 1
of 1
of 1
of 1
of 1
of 1
of 1
of 1
of 1
of 1
of 1
of 1
of 1
of 1
of 1
of 1
of 1
of 1
of 1
of 1
of 1
of 1
of 1
of 1
of 1
of 1
of 1
of 1
of 1
of 1
of 1
of 1
of 1
of 1
of 1
of 1
of 1
of 1
of 1
of 1
of 1
of 1
of 1
of 1
of 1
of 1
of 1
of 1
of 1
of 1
of 1
of 1
of 1
of 1
of 1
of 1
of 1
of 1
of 1
of 1
of 1
of 1
of 1
of 1
of 1
of 1
of 1
of 1
of 1
of 1
of 1
of 1
of 1
of 1
of 1
of 1
of 1
of 1
of 1
of 1
of 1
of 1
of 1
of 1
of 1
of 1
of 1
of 1
of 1
of 1
of 1
of 1
of 1
of 1
of 1
of 1
of 1
of 1
of 1
of 1
of 1
of 1
of 1
of 1
of 1
of 1
of 1
of 1
of 1
of 1
of 1
of 1
of 1
of 1
of 1
of 1
of 1
of 1
of 1
of 1
of 1
of 1
of 1
of 1
of 1
of 1
of 1
of 1
of 1
of 1
of 1
of 1
of 1
of 1
of 1
of 1
of 1
of 1
of 1
of 1
of 1
of 1
of 1
of 1
of 1
of 1
of 1
of 1
of 1
of 1
of 1
of 1
of 1
of 1
of 1
of 1
of 1
of 1
of 1
of 1
of 1
of 1
of 1
of 1
of 1
of 1
of 1
of 1
of 1
of 1
of 1
of 1
of 1
of 1
of 1
of 1
of 1
of 1
of 1
of 1
of 1
of 1
of 1
of 1
of 1
of 1
of 1
of 1
of 1
of 1
of 1
of 1
of 1
of 1
of 1
of 1
of 1
of 1
of 1
of 1
of 1
of 1
of 1
of 1
of 1
of 1
of 1
of 1
of 1
of 1
of 1
of 1
of 1
of 1
of 1
of 1
of 1
of 1
of 1
of 1
of 1
of 1
of 1
of 1
of 1
of 1
of 1
of 1
of 1
of 1
of 1
of 1
of 1
of 1
of 1
of 1
of 1
of 1
of 1
of 1
of 1
of 1
of 1
of 1
of 1
of 1
of 1
of 1
of 1
of 1
of 1
of 1
of 1
of 1
of 1
of 1
of 1
of 1
of 1
of 1
of 1
of 1
of 1
of 1
of 1
of 1
of 1
of 1
of 1
of 1
of 1
of 1
of 1
of 1
of 1
of 1
of 1
of 1
of 1
of 1
of 1
of 1
of 1
of 1
of 1
of 1
of 1
of 1
of 1
of 1
of 1
of 1
of 1
of 1
of 1
of 1
of 1
of 1
of 1
of 1
of 1
of 1
of 1
of 1
of 1
of 1
of 1
of 1
of 1
of 1
of 1
of 1
of 1
of 1
of 1
of 1
of 1
of 1
of 1
of 1
of 1
of 1
of 1
of 1
of 1
of 1
of 1
of 1
of 1
of 1
of 1
of 1
of 1
of 1
of 1
of 1
of 1
of 1
of 1
of 1
of 1
of 1
of 1
of 1
of 1
of 1
of 1
of 1
of 1
of 1
of 1
of 1
of 1
of 1
of 1
of 1
of 1
of 1
of 1
of 1
of 1
of 1
of 1
of 1
of 1
of 1
of 1
of 1
of 1
of 1
of 1
of 1
of 1
of 1
of 1
of 1
of 1
of 1
of 1
of 1
of 1
of 1
of 1
of 1
of 1
of 1
of 1
of 1
of 1
of 1
of 1
of 1
of 1
of 1
of 1
of 1
of 1
of 1
of 1
of 1
of 1
of 1
of 1
of 1
of 1
of 1
of 1
of 1
of 1
of 1
of 1
of 1
of 1
of 1
of 1
of 1
of 1
of 1
of 1
of 1
of 1
of 1
of 1
of 1
of 1
of 1
of 1
of 1
of 1
of 1
of 1
of 1
of 1
of 1
of 1
of 1
of 1
of 1
of 1
of 1
of 1
of 1
of 1
of 1
of 1
of 1
of 1
of 1
of 1
of 1
of 1
of 1
of 1
of 1
of 1
of 1
of 1
of 1
of 1
of 1
of 1
of 1
of 1
of 1
of 1
of 1
of 1
of 1
of 1
of 1
of 1
of 1
of 1
of 1
of 1
of 1
of 1
of 1
of 1
of 1
of 1
of 1
of 1
of 1
of 1
of 1
of 1
of 1
of 1
of 1
of 1
of 1
of 1
of 1
of 1
of 1
of 1
of 1
of 1
of 1
of 1
of 1
of 1
of 1
of 1
of 1
of 1
of 1
of 1
of 1
of 1
of 1
of 1
of 1
of 1
of 1
of 1
of 1
of 1
of 1
of 1
of 1
of 1
of 1
of 1
of 1
of 1
of 1
of 1
of 1
of 1
of 1
of 1
of 1
of 1
of 1
of 1
of 1
of 1
of 1
of 1
of 1
of 1
of 1
of 1
of 1
of 1
of 1
of 1
of 1
of 1
of 1
of 1
of 1
of 1
of 1
of 1
of 1
of 1
of 1
of 1
of 1
of 1
of 1
of 1
of 1
of 1
of 1
of 1
of 1
of 1
of 1
of 1
of 1
of 1
of 1
of 1
of 1
of 1
of 1
of 1
of 1
of 1
of 1
of 1
of 1
of 1
of 1
of 1
of 1
of 1
of 1
of 1
of 1
of 1
of 1
of 1
of 1
of 1
of 1
of 1
of 1
of 1
of 1
of 1
of 1
of 1
of 1
of 1
of 1
of 1
of 1
of 1
of 1
of 1
of 1
of 1
of 1
of 1
of 1
of 1
of 1
of 1
of 1
of 1
of 1
of 1
of 1
of 1
of 1
of 1
of 1
of 1
of 1
of 1
of 1
of 1
of 1
of 1
of 1
of 1
of 1
of 1
of 1
of 1
of 1
of 1
of 1
of 1
of 1
of 1
of 1
of 1
of 1
of 1
of 1
of 1
of 1
of 1
of 1
of 1
of 1
of 1
of 1
of 1
of 1
of 1
of 1
of 1
of 1
of 1
of 1
of 1
of 1
of 1
of 1
of 1
of 1
of 1
of 1
of 1
of 1
of 1
of 1
of 1
of 1
of 1
of 1
of 1
of 1
of 1
of 1
of 1
of 1
of 1
of 1
of 1
of 1
of 1
of 1
of 1
of 1
of 1
of 1
of 1
of 1
of 1
of 1
of 1
of 1
of 1
of 1
of 1
of 1
of 1
of 1
of 1
of 1
of 1
of 1
of 1
of 1
of 1
of 1
of 1
of 1
of 1
of 1
of 1
of 1
of 1
of 1
of 1
of 1
of 1
of 1
of 1
of 1
of 1
of 1
of 1
of 1
of 1
of 1
of 1
of 1
of 1
of 1
of 1
of 1
of 1
of 1
of 1
of 1
of 1
of 1
of 1
of 1
of 1
of 1
of 1
of 1
of 1
of 1
of 1
of 1
of 1
of 1
of 1
of 1
of 1
of 1
of 1
of 1
of 1
of 1
of 1
of 1
of 1
of 1
of 1
of 1
of 1
of 1
of 1
of 1
of 1
of 1
of 1
of 1
of 1
of 1
of 1
of 1
of 1
of 1
of 1
of 1
of 1
of 1
of 1
of 1
of 1
of 1
of 1
of 1
of 1
of 1
of 1
of 1
of 1
of 1
of 1
of 1
of 1
of 1
of 1
of 1
of 1
of 1
of 1
of 1
of 1
of 1
of 1
of 1
of 1
of 1
of 1
of 1
of 1
of 1
of 1
of 1
of 1
of 1
of 1
of 1
of 1
of 1
of 1
of 1
of 1
of 1
of 1
of 1
of 1
of 1
of 1
of 1
of 1
of 1
of 1
of 1
of 1
of 1
of 1
of 1
of 1
of 1
of 1
of 1
of 1
of 1
of 1
of 1
of 1
of 1
of 1
of 1
of 1
of 1
of 1
of 1
of 1
of 1
of 1
of 1
of 1
of 1
of 1
of 1
of 1
of 1
of 1
of 1
of 1
of 1
of 1
of 1
of 1
of 1
of 1
of 1
of 1
of 1
of 1
of 1
of 1
of 1
of 1
of 1
of 1
of 1
of 1
of 1
of 1
of 1
of 1
of 1
of 1
of 1
of 1
of 1
of 1
of 1
of 1
of 1
of 1
of 1
of 1
of 1
of 1
of 1
of 1
of 1
of 1
of 1
of 1
of 1
of 1
of 1
of 1
of 1
of 1
of 1
of 1
of 1
of 1
of 1
of 1
of 1
of 1
of 1
of 1
of 1
of 1
of 1
of 1
of 1
of 1
of 1
of 1
of 1
of 1
of 1
of 1
of 1
of 1
of 1
of 1
of 1
of 1
of 1
of 1
of 1
of 1
of 1
of 1
of 1
of 1
of 1
of 1
of 1
of 1
of 1
of 1
of 1
of 1
of 1
of 1
of 1
of 1
of 1
of 1
of 1
of 1
of 1
of 1
of 1
of 1
of 1
of 1
of 1
of 1
of 1
of 1
of 1
of 1
of 1
of 1
of 1
of 1
of 1
of 1
of 1
of 1
of 1
of 1
of 1
of 1
of 1
of 1
of 1
of 1
of 1
of 1
of 1
of 1
of 1
of 1
of 1
of 1
of 1
of 1
of 1
of 1
of 1
of 1
of 1
of 1
of 1
of 1
of 1
of 1
of 1
of 1
of 1
of 1
of 1
of 1
of 1
of 1
of 1
of 1
of 1
of 1
of 1
of 1
of 1
of 1
of 1
of 1
of 1
of 1
of 1
of 1
of 1
of 1
of 1
of 1
of 1
of 1
of 1
of 1
of 1
of 1
of 1
of 1
of 1
of 1
of 1
of 1
of 1
of 1
of 1
of 1
of 1
of 1
of 1
of 1
of 1
of 1
of 1
of 1
of 1
of 1
of 1
of 1
of 1
of 1
of 1
of 1
of 1
of 1
of 1
of 1
of 1
of 1
of 1
of 1
of 1
of 1
of 1
of 1
of 1
of 1
of 1
of 1
of 1
of 1
of 1
of 1
of 1
of 1
of 1
of 1
of 1
of 1
of 1
of 1
of 1
of 1
of 1
of 1
of 1
of 1
of 1
of 1
of 1
of 1
of 1
of 1
of 1
of 1
of 1
of 1
of 1
of 1
of 1
of 1
of 1
of 1
of 1
of 1
of 1
of 1
of 1
of 1
of 1
of 1
of 1
of 1
of 1
of 1
of 1
of 1
of 1
of 1
of 1
of 1
of 1
of 1
of 1
of 1
of 1
of 1
of 1
of 1
of 1
of 1
of 1
of 1
of 1
of 1
of 1
of 1
of 1
of 1
of 1
of 1
of 1
of 1
of 1
of 1
of 1
of 1
of 1
of 1
of 1
of 1
of 1
of 1
of 1
of 1
of 1
of 1
of 1
of 1
of 1
of 1
of 1
of 1
of 1
of 1
of 1
of 1
of 1
of 1
of 1
of 1
of 1
of 1
of 1
of 1
of 1
of 1
of 1
of 1
of 1
of 1
of 1
of 1
of 1
of 1
of 1
of 1
of 1
of 1
of 1
of 1
of 1
of 1
of 1
of 1
of 1
of 1
of 1
of 1
of 1
of 1
of 1
of 1
of 1
of 1
of 1
of 1
of 1
of 1
of 1
of 1
of 1
of 1
of 1
of 1
of 1
of 1
of 1
of 1
of 1
of 1
of 1
of 1
of 1
of 1
of 1
of 1
of 1
of 1
of 1
of 1
of 1
of 1
of 1
of 1
of 1
of 1
of 1
of 1
of 1
of 1
of 1
of 1
of 1
of 1
of 1
of 1
of 1
of 1
of 1
of 1
of 1
of 1
of 1
of 1
of 1
of 1
of 1
of 1
of 1
of 1
of 1
of 1
of 1
of 1
of 1
of 1
of 1
of 1
of 1
of 1
of 1
of 1
of 1
of 1
of 1
of 1
of 1
of 1
of 1
of 1
of 1
of 1
of 1
of 1
of 1
of 1
of 1
of 1
of 1
of 1
of 1
of 1
of 1
of 1
of 1
of 1
of 1
of 1
of 1
of 1
of 1
of 1
of 1
of 1
of 1
of 1
of 1
of 1
of 1
of 1
of 1
of 1
of 1
of 1
of 1
of 1
of 1
of 1
of 1
of 1
of 1
of 1
of 1
of 1
of 1
of 1
of 1
of 1
of 1
of 1
of 1
of 1
of 1
of 1
of 1
of 1
of 1
of 1
of 1
of 1
of 1
of 1
of 1
of 1
of 1
of 1
of 1
of 1
of 1
of 1
of 1
of 1
of 1
of 1
of 1
of 1
of 1
of 1
of 1
of 1
of 1
of 1
of 1
of 1
of 1
of 1
of 1
of 1
of 1
of 1
of 1
of 1
of 1
of 1
of 1
of 1
of 1
of 1
of 1
of 1
of 1
of 1
of 1
of 1
of 1
of 1
of 1
of 1
of 1
of 1
of 1
of 1
of 1
of 1
of 1
of 1
of 1
of 1
of 1
of 1
of 1
of 1
of 1
of 1
of 1
of 1
of 1
of 1
of 1
of 1
of 1
of 1
of 1
of 1
of 1
of 1
of 1
of 1
of 1
of 1
of 1
of 1
of 1
of 1
of 1
of 1
of 1
of 1
of 1
of 1
of 1
of 1
of 1
of 1
of 1
of 1
of 1
of 1
of 1
of 1
of 1
of 1
of 1
of 1
of 1
of 1
of 1
of 1
of 1
of 1
of 1
of 1
of 1
of 1
of 1
of 1
of 1
of 1
of 1
of 1
of 1
of 1
of 1
of 1
of 1
of 1
of 1
of 1
of 1
of 1
of 1
of 1
of 1
of 1
of 1
of 1
of 1
of 1
of 1
of 1
of 1
of 1
of 1
of 1
of 1
of 1
of 1
of 1
of 1
of 1
of 1
of 1
of 1
of 1
of 1
of 1
of 1
of 1
of 1
of 1
of 1
of 1
of 1
of 1
of 1
of 1
of 1
of 1
of 1
of 1
of 1
of 1
of 1
of 1
of 1
of 1
of 1
of 1
of 1
of 1
of 1
of 1
of 1
of 1
of 1
of 1
of 1
of 1
of 1
of 1
of 1
of 1
of 1
of 1
of 1
of 1
of 1
of 1
of 1
of 1
of 1
of 1
of 1
of 1
of 1
of 1
of 1
of 1
of 1
of 1
of 1
of 1
of 1
of 1
of 1
of 1
of 1
of 1
of 1
of 1
of 1
of 1
of 1
of 1
of 1
of 1
of 1
of 1
of 1
of 1
of 1
of 1
of 1
of 1
of 1
of 1
of 1
of 1
of 1
of 1
of 1
of 1
of 1
of 1
of 1
of 1
of 1
of 1
of 1
of 1
of 1
of 1
of 1
of 1
of 1
of 1
of 1
of 1
of 1
of 1
of 1
of 1
of 1
of 1
of 1
of 1
of 1
of 1
of 1
of 1
of 1
of 1
of 1
of 1
of 1
of 1
of 1
of 1
of 1
of 1
of 1
of 1
of 1
of 1
of 1
of 1
of 1
of 1
of 1
of 1
of 1
of 1
of 1
of 1
of 1
of 1
of 1
of 1
of 1
of 1
of 1
of 1
of 1
of 1
of 1
of 1
of 1
of 1
of 1
of 1
of 1
of 1
of 1
of 1
of 1
of 1
of 1
of 1
of 1
of 1
of 1
of 1
of 1
of 1
of 1
of 1
of 1
of 1
of 1
of 1
of 1
of 1
of 1
of 1
of 1
of 1
of 1
of 1
of 1
of 1
of 1
of 1
of 1
of 1
of 1
of 1
of 1
of 1
of 1
of 1
of 1
of 1
of 1
of 1
of 1
of 1
of 1
of 1
of 1
of 1
of 1
of 1
of 1
of 1
of 1
of 1
of 1
of 1
of 1
of 1
of 1
of 1
of 1
of 1
of 1
of 1
of 1
of 1
of 1
of 1
of 1
of 1
of 1
of 1
of 1
of 1
of 1
of 1
of 1
of 1
of 1
of 1
of 1
of 1
of 1
of 1
of 1
of 1
of 1
of 1
of 1
of 1
of 1
of 1
of 1
of 1
of 1
of 1
of 1
of 1
of 1
of 1
of 1
of 1
of 1
of 1
of 1
of 1
of 1
of 1
of 1
of 1
of 1
of 1
of 1
of 1
of 1
of 1
of 1
of 1
of 1
of 1
of 1
of 1
of 1
of 1
of 1
of 1
of 1
of 1
of 1
of 1
of 1
of 1
of 1
of 1
of 1
of 1
of 1
of 1
of 1
of 1
of 1
of 1
of 1
of 1
of 1
of 1
of 1
of 1
of 1
of 1
of 1
of 1
of 1
of 1
of 1
of 1
of 1
of 1
of 1
of 1
of 1
of 1
of 1
of 1
of 1
of 1
of 1
of 1
of 1
of 1
of 1
of 1
of 1
of 1
of 1
of 1
of 1
of 1
of 1
of 1
of 1
of 1
of 1
of 1
of 1
of 1
of 1
of 1
of 1
of 1
of 1
of 1
of 1
of 1
of 1
of 1
of 1
of 1
of 1
of 1
of 1
of 1
of 1
of 1
of 1
of 1
of 1
of 1
of 1
of 1
of 1
of 1
of 1
of 1
of 1
of 1
of 1
of 1
of 1
of 1
of 1
of 1
of 1
of 1
of 1
of 1
of 1
of 1
of 1
of 1
of 1
of 1
of 1
of 1
of 1
of 1
of 1
of 1
of 1
of 1
of 1
of 1
of 1
of 1
of 1
of 1
of 1
of 1
of 1
of 1
of 1
of 1
of 1
of 1
of 1
of 1
of 1
of 1
of 1
of 1
of 1
of 1
of 1
of 1
of 1
of 1
of 1
of 1
of 1
of 1
of 1
of 1
of 1
of 1
of 1
of 1
of 1
of 1
of 1
of 1
of 1
of 1
of 1
of 1
of 1
of 1
of 1
of 1
of 1
of 1
of 1
of 1
of 1
of 1
of 1
of 1
of 1
of 1
of 1
of 1
of 1
of 1
of 1
of 1
of 1
of 1
of 1
of 1
of 1
of 1
of 1
of 1
of 1
of 1
of 1
of 1
of 1
of 1
of 1
of 1
of 1
of 1
of 1
of 1
of 1
of 1
of 1
of 1
of 1
of 1
of 1
of 1
of 1
of 1
of 1
of 1
of 1
of 1
of 1
of 1
of 1
of 1
of 1
of 1
of 1
of 1
of 1
of 1
of 1
of 1
of 1
of 1
of 1
of 1
of 1
of 1
of 1
of 1
of 1
of 1
of 1
of 1
of 1
of 1
of 1
of 1
of 1
of 1
of 1
of 1
of 1
of 1
of 1
of 1
of 1
of 1
of 1
of 1
of 1
of 1
of 1
of 1
of 1
of 1
of 1
of 1
of 1
of 1
of 1
of 1
of 1
of 1
of 1
of 1
of 1
of 1
of 1
of 1
of 1
of 1
of 1
of 1
of 1
of 1
of 1
of 1
of 1
of 1
of 1
of 1
of 1
of 1
of 1
of 1
of 1
of 1
of 1
of 1
of 1
of 1
of 1
of 1
of 1
of 1
of 1
of 1
of 1
of 1
of 1
of 1
of 1
of 1
of 1
of 1
of 1
of 1
of 1
of 1
of 1
of 1
of 1
of 1
of 1
of 1
of 1
of 1
of 1
of 1
of 1
of 1
of 1
of 1
of 1
of 1
of 1
of 1
of 1
of 1
of 1
of 1
of 1
of 1
of 1
of 1
of 1
of 1
of 1
of 1
of 1
of 1
of 1
of 1
of 1
of 1
of 1
of 1
of 1
of 1
of 1
of 1
of 1
of 1
of 1
of 1
of 1
of 1
of 1
of 1
of 1
of 1
of 1
of 1
of 1
of 1
of 1
of 1
of 1
of 1
of 1
of 1
of 1
of 1
of 1
of 1
of 1
of 1
of 1
of 1
of 1
of 1
of 1
of 1
of 1
of 1
of 1
of 1
of 1
of 1
of 1
of 1
of 1
of 1
of 1
of 1
of 1
of 1
of 1
of 1
of 1
of 1
of 1
of 1
of 1
of 1
of 1
of 1
of 1
of 1
of 1
of 1
of 1
of 1
of 1
of 1
of 1
of 1
of 1
of 1
of 1
of 1
of 1
of 1
of 1
of 1
of 1
of 1
of 1
of 1
of 1
of 1
of 1
of 1
of 1
of 1
of 1
of 1
of 1
of 1
of 1
of 1
of 1
of 1
of 1
of 1
of 1
of 1
of 1
of 1
of 1
of 1
of 1
of 1
of 1
of 1
of 1
of 1
of 1
of 1
of 1
of 1
of 1
of 1
of 1
of 1
of 1
of 1
of 1
of 1
of 1
of 1
of 1
of 1
of 1
of 1
of 1
of 1
of 1
of 1
of 1
of 1
of 1
of 1
of 1
of 1
of 1
of 1
of 1
of 1
of 1
of 1
of 1
of 1
of 1
of 1
of 1
of 1
of 1
of 1
of 1
of 1
of 1
of 1
of 1
of 1
of 1
of 1
of 1
of 1
of 1
of 1
of 1
of 1
of 1
of 1
of 1
of 1
of 1
of 1
of 1
of 1
of 1
of 1
of 1
of 1
of 1
of 1
of 1
of 1
of 1
of 1
of 1
of 1
of 1
of 1
of 1
of 1
of 1
of 1
of 1
of 1
of 1
of 1
of 1
of 1
of 1
of 1
of 1
of 1
of 1
of 1
of 1
of 1
of 1
of 1
of 1
of 1
of 1
of 1
of 1
of 1
of 1
of 1
of 1
of 1
of 1
of 1
of 1
of 1
of 1
of 1
of 1
of 1
of 1
of 1
of 1
of 1
of 1
of 1
of 1
of 1
of 1
of 1
of 1
of 1
of 1
of 1
of 1
of 1
of 1
of 1
of 1
of 1
of 1
of 1
of 1
of 1
of 1
of 1
of 1
of 1
of 1
of 1
of 1
of 1
of 1
of 1
of 1
of 1
of 1
of 1
of 1
of 1
of 1
of 1
of 1
of 1
of 1
of 1
of 1
of 1
of 1
of 1
of 1
of 1
of 1
of 1
of 1
of 1
of 1
of 1
of 1
of 1
of 1
of 1
of 1
of 1
of 1
of 1
of 1
of 1
of 1
of 1
of 1
of 1
of 1
of 1
of 1
of 1
of 1
of 1
of 1
of 1
offers 1
offers 1
official 1
official 1
official 1
oftener 1
omit 1
online 1
online 1
online 1
online 1
opened 1
opened 1
opened 1
opened 1
opened 1
opened 1
opened 1
opened 1
opened 1
opened 1
opened 1
opened 1
opened 1
opened 1
opened 1
opened 1
opened 1
opened 1
opposite 1
opposite 1
opposite 1
opposite 1
opposite 1
opposite 1
opposite 1
outside 1
outside 1
outside 1
outside 1
overcast 1
overlook 1
overlook 1
overspread 1
overtake 1
overwhelm 1
overwhelm 1
owns 1
owns 1
palpable 1
palpitation 1
panic 1
papers 1
papers 1
papers 1
papers 1
papers 1
papers 1
papers 1
papers 1
parched 1
parched 1
parched 1
parched 1
parents 1
parents 1
parents 1
parents 1
parents 1
parents 1
parents 1
parents 1
parents 1
parents 1
parents 1
patient 1
patient 1
pattered 1
perfect 1
perfect 1
perfect 1
perfect 1
perfect 1
period 1
period 1
period 1
period 1
period 1
period 1
period 1
period 1
period 1
period 1
period 1
period 1
period 1
period 1
period 1
period 1
periodically 1
perish 1
perish 1
perish 1
perish 1
perish 1
perish 1
permission 1
permission 1
permission 1
permission 1
permission 1
permission 1
permission 1
permission 1
permission 1
permission 1
permission 1
persuaded 1
persuaded 1
persuaded 1
persuaded 1
persuaded 1
persuaded 1
persuaded 1
phraseology 1
picking 1
pilgrimage 1
pilgrimage 1
pilgrimage 1
pilgrimage 1
placed 1
placed 1
placed 1
placed 1
placed 1
placed 1
placed 1
placed 1
placed 1
placed 1
placed 1
placed 1
placed 1
placed 1
placed 1
placed 1
placed 1
placed 1
placed 1
placed 1
placed 1
placed 1
placed 1
placed 1
placed 1
placed 1
placed 1
placed 1
placid 1
placid 1
placid 1
placid 1
placid 1
placid 1
plainly 1
plainly 1
plainly 1
plainly 1
pledge 1
population 1
portrait 1
portrait 1
portrait 1
position 1
possible 1
possible 1
possible 1
possible 1
possible 1
possible 1
possible 1
possible 1
possible 1
possible 1
possible 1
pours 1
poverty 1
poverty 1
poverty 1
poverty 1
poverty 1
poverty 1
poverty 1
poverty 1
poverty 1
poverty 1
power 1
power 1
power 1
power 1
power 1
power 1
power 1
power 1
power 1
power 1
power 1
power 1
power 1
power 1
power 1
power 1
power 1
power 1
power 1
power 1
power 1
power 1
power 1
power 1
power 1
power 1
power 1
power 1
power 1
power 1
power 1
power 1
power 1
power 1
power 1
power 1
power 1
power 1
power 1
prayed 1
prayed 1
precipitation 1
preference 1
prejudiced 1
prejudiced 1
prepared 1
prepared 1
prepared 1
prepared 1
prepared 1
prepared 1
prepared 1
prepared 1
previous 1
previous 1
previous 1
previous 1
previous 1
priest 1
priest 1
principles 1
print 1
print 1
print 1
private 1
probabilities 1
probability 1
probability 1
probability 1
problem 1
proceeded 1
proceeded 1
proceeded 1
proceeded 1
proceeded 1
proceeded 1
proceeded 1
proceeded 1
proceeded 1
proceeded 1
proceeded 1
proceeded 1
proceeded 1
proceeded 1
proceeded 1
proceeded 1
proceeded 1
proceeded 1
professions 1
proficiency 1
proficiency 1
profited 1
profited 1
profound 1
profound 1
profound 1
profound 1
progress 1
progress 1
progress 1
progress 1
progress 1
progress 1
progress 1
progress 1
progress 1
progress 1
progress 1
progress 1
progress 1
progress 1
progress 1
progress 1
progress 1
progress 1
progress 1
prohibition 1
prominently 1
prominently 1
promise 1
promise 1
promise 1
promise 1
promise 1
promise 1
promise 1
promise 1
promise 1
promise 1
promise 1
promise 1
promise 1
promise 1
promise 1
promise 1
promise 1
promise 1
promise 1
promise 1
promise 1
promise 1
promised 1
promised 1
promised 1
promised 1
promised 1
promised 1
promised 1
promised 1
promised 1
promised 1
promised 1
promised 1
promised 1
pronunciation 1
prophesied 1
proportions 1
proportions 1
protect 1
protect 1
protect 1
protect 1
protect 1
protectors 1
protectors 1
protectors 1
protectors 1
protectors 1
protectors 1
protectors 1
protectors 1
protectors 1
protectors 1
protectors 1
protectors 1
protectors 1
provide 1
provide 1
provide 1
provide 1
provide 1
provide 1
provide 1
provide 1
provide 1
punish 1
punish 1
putting 1
putting 1
putting 1
putting 1
pyramids 1
quieted 1
rage 1
rage 1
rage 1
rage 1
rage 1
rage 1
rage 1
rage 1
rage 1
rage 1
rage 1
rage 1
rage 1
rage 1
rage 1
rage 1
rage 1
rage 1
rage 1
rage 1
rage 1
rage 1
rage 1
rage 1
rage 1
rambled 1
ranged 1
ranked 1
ravenous 1
recess 1
recess 1
recess 1
recommencing 1
red 1
reference 1
reference 1
refusing 1
regulate 1
regulate 1
relatives 1
relatives 1
relaxed 1
relaxed 1
relied 1
relied 1
relied 1
remained 1
remained 1
remained 1
remained 1
remained 1
remained 1
remained 1
remained 1
remained 1
remained 1
remained 1
remained 1
remained 1
remained 1
remained 1
remained 1
remained 1
remained 1
remained 1
remained 1
remained 1
remained 1
remained 1
remained 1
remained 1
remained 1
remained 1
remained 1
remained 1
remained 1
remained 1
remained 1
remains 1
remains 1
remains 1
remains 1
remains 1
remains 1
remains 1
remains 1
remains 1
remains 1
remains 1
remains 1
remains 1
remember 1
remember 1
remember 1
remember 1
remember 1
remember 1
remember 1
remember 1
remember 1
remember 1
remember 1
remember 1
remember 1
remember 1
remember 1
remind 1
remind 1
remind 1
renewing 1
repeating 1
repulsive 1
repulsive 1
repulsive 1
reputation 1
requisite 1
requited 1
reread 1
rescued 1
resemblance 1
resemblance 1
residing 1
resignation 1
resignation 1
resolutions 1
resolutions 1
restless 1
restless 1
restless 1
restless 1
restrained 1
restrained 1
restrained 1
restrained 1
retired 1
retired 1
retired 1
retired 1
retired 1
retired 1
retired 1
retired 1
retired 1
retired 1
retired 1
retired 1
retired 1
retired 1
retired 1
retired 1
retired 1
retreat 1
retreat 1
retreat 1
retreat 1
retreat 1
retreat 1
retreat 1
retreat 1
reverted 1
revive 1
revive 1
revive 1
revive 1
revived 1
revived 1
revived 1
revolution 1
revolution 1
riding 1
rise 1
rise 1
rise 1
rise 1
rise 1
rise 1
rise 1
rise 1
rise 1
roared 1
roared 1
roared 1
roots 1
roots 1
roots 1
roots 1
ruggedness 1
rules 1
rules 1
rushed 1
rushed 1
rushed 1
rushed 1
rushed 1
rushed 1
rushed 1
rushed 1
rushed 1
rushed 1
sacrifice 1
sacrifice 1
sacrifice 1
sacrifice 1
sacrifice 1
sacrificed 1
sacrificed 1
sagacity 1
sagacity 1
sail 1
sail 1
sail 1
sail 1
sail 1
sailing 1
sailors 1
sailors 1
sailors 1
sailors 1
sailors 1
sailors 1
sailors 1
sailors 1
sailors 1
sailors 1
sanguinary 1
sanguinary 1
satiated 1
satiated 1
satiated 1
saved 1
saved 1
saved 1
saved 1
saved 1
saved 1
saved 1
savoury 1
scaling 1
scarce 1
sciences 1
secrets 1
secrets 1
secrets 1
secrets 1
secrets 1
see 1
see 1
see 1
see 1
see 1
see 1
see 1
see 1
see 1
see 1
see 1
see 1
see 1
see 1
see 1
see 1
see 1
see 1
see 1
see 1
see 1
see 1
see 1
see 1
see 1
see 1
see 1
see 1
see 1
see 1
see 1
see 1
see 1
see 1
see 1
see 1
see 1
see 1
see 1
see 1
see 1
see 1
see 1
see 1
see 1
see 1
see 1
see 1
see 1
see 1
see 1
selfishness 1
selfishness 1
selfishness 1
selfishness 1
sensibilities 1
sensitiveness 1
sensitiveness 1
sentence 1
sentence 1
sentence 1
sentence 1
sentence 1
sentence 1
sentence 1
sepulchre 1
service 1
service 1
service 1
seventeen 1
sheet 1
shelter 1
shelter 1
shelter 1
shelter 1
shocks 1
shooting 1
showers 1
shrine 1
shudder 1
shudder 1
shudder 1
shudder 1
shuddering 1
shuddering 1
shuddering 1
silent 1
silent 1
silent 1
silent 1
silent 1
silent 1
silent 1
silent 1
silent 1
silent 1
silent 1
silent 1
silent 1
silent 1
silent 1
singular 1
singular 1
singular 1
sink 1
sink 1
sink 1
sink 1
sink 1
sink 1
sink 1
site 1
site 1
site 1
site 1
situated 1
situated 1
situated 1
situated 1
situated 1
skeleton 1
skiff 1
skiff 1
skims 1
skirting 1
sledges 1
sleeping 1
sleeping 1
sleeping 1
slight 1
slight 1
slight 1
slight 1
slight 1
slight 1
slight 1
slight 1
slight 1
smothered 1
sobbed 1
sobbed 1
soften 1
soon 1
soon 1
soon 1
soon 1
soon 1
soon 1
soon 1
soon 1
soon 1
soon 1
soon 1
soon 1
soon 1
soon 1
soon 1
soon 1
soon 1
soon 1
soon 1
soon 1
soon 1
soon 1
soon 1
soon 1
soon 1
soon 1
soon 1
soon 1
soon 1
soon 1
soon 1
soon 1
soon 1
soon 1
soon 1
soon 1
soon 1
soon 1
soon 1
soon 1
soon 1
soon 1
soon 1
soon 1
soon 1
soon 1
soon 1
soon 1
soon 1
soon 1
soon 1
soon 1
soon 1
soon 1
soon 1
soon 1
soon 1
soon 1
soon 1
soon 1
sorrowful 1
sorrowful 1
sorrowful 1
sorrowful 1
sorrowful 1
sorrowful 1
sorrowful 1
sounding 1
source 1
source 1
source 1
source 1
source 1
sphere 1
stag 1
stages 1
stare 1
stay 1
stay 1
stay 1
stay 1
stay 1
steadily 1
stealth 1
steps 1
steps 1
steps 1
steps 1
steps 1
steps 1
steps 1
steps 1
steps 1
steps 1
steps 1
steps 1
steps 1
steps 1
steps 1
steps 1
steps 1
steps 1
steps 1
stifle 1
stifle 1
sting 1
sting 1
sting 1
sting 1
store 1
store 1
store 1
story 1
story 1
story 1
story 1
story 1
story 1
story 1
story 1
story 1
story 1
story 1
story 1
story 1
structure 1
structure 1
structure 1
structure 1
struggle 1
struggle 1
struggle 1
struggle 1
subjects 1
subjects 1
subjects 1
subjects 1
subjects 1
such 1
such 1
such 1
such 1
such 1
such 1
such 1
such 1
such 1
such 1
such 1
such 1
such 1
such 1
such 1
such 1
such 1
such 1
such 1
such 1
such 1
such 1
such 1
such 1
such 1
such 1
such 1
such 1
such 1
such 1
such 1
such 1
such 1
such 1
such 1
such 1
such 1
such 1
such 1
such 1
such 1
such 1
such 1
such 1
such 1
such 1
such 1
such 1
such 1
such 1
such 1
such 1
such 1
such 1
such 1
such 1
such 1
such 1
such 1
such 1
such 1
such 1
such 1
such 1
such 1
such 1
such 1
such 1
such 1
such 1
such 1
such 1
such 1
such 1
such 1
such 1
such 1
such 1
suffer 1
suffer 1
suffer 1
suffer 1
suffer 1
suffer 1
suffer 1
suffer 1
suffer 1
suffer 1
suffer 1
suffice 1
sullen 1
sullen 1
superior 1
superior 1
superior 1
superior 1
superior 1
superior 1
superior 1
superior 1
superior 1
superior 1
suppose 1
suppose 1
suppose 1
suppose 1
suppose 1
suppose 1
suppose 1
supposed 1
supposed 1
supposed 1
supposed 1
supposed 1
supposed 1
supposed 1
supposed 1
supposed 1
supposed 1
supposition 1
supposition 1
surmount 1
surmount 1
surpassing 1
surpassing 1
surprised 1
surprised 1
surprised 1
surprised 1
surprised 1
surprised 1
surprised 1
surprised 1
surprised 1
surprised 1
surprised 1
surprised 1
surprised 1
suspicion 1
suspicion 1
suspicion 1
suspicion 1
suspicious 1
swallow 1
swelling 1
swelling 1
swelling 1
take 1
take 1
take 1
take 1
take 1
take 1
take 1
take 1
take 1
take 1
take 1
take 1
take 1
take 1
take 1
take 1
take 1
take 1
take 1
take 1
tamer 1
temple 1
terms 1
terms 1
terms 1
terms 1
terms 1
terms 1
terms 1
terms 1
terms 1
terms 1
terms 1
terms 1
terms 1
terms 1
terms 1
terms 1
terms 1
terms 1
terms 1
terms 1
terms 1
terms 1
terms 1
terms 1
terms 1
terms 1
terms 1
terrors 1
then 1
then 1
then 1
then 1
then 1
then 1
then 1
then 1
then 1
then 1
then 1
then 1
then 1
then 1
then 1
then 1
then 1
then 1
then 1
then 1
then 1
then 1
then 1
then 1
then 1
then 1
then 1
then 1
then 1
then 1
then 1
then 1
then 1
then 1
then 1
then 1
then 1
then 1
then 1
then 1
then 1
then 1
then 1
then 1
then 1
then 1
then 1
then 1
then 1
then 1
then 1
then 1
then 1
then 1
then 1
then 1
then 1
then 1
then 1
then 1
then 1
then 1
then 1
then 1
then 1
then 1
then 1
then 1
then 1
then 1
then 1
then 1
then 1
then 1
then 1
then 1
then 1
then 1
then 1
then 1
then 1
then 1
then 1
then 1
then 1
then 1
then 1
then 1
then 1
then 1
then 1
then 1
then 1
then 1
then 1
then 1
then 1
then 1
then 1
then 1
then 1
then 1
then 1
then 1
thinks 1
thoughtfulness 1
threaten 1
threshold 1
throughout 1
time 1
time 1
time 1
time 1
time 1
time 1
time 1
time 1
time 1
time 1
time 1
time 1
time 1
time 1
time 1
time 1
time 1
time 1
time 1
time 1
time 1
time 1
time 1
time 1
time 1
time 1
time 1
time 1
time 1
time 1
time 1
time 1
time 1
time 1
time 1
time 1
time 1
time 1
time 1
time 1
time 1
time 1
time 1
time 1
time 1
time 1
time 1
time 1
time 1
time 1
time 1
time 1
time 1
time 1
time 1
time 1
time 1
time 1
time 1
time 1
time 1
time 1
time 1
time 1
time 1
time 1
time 1
time 1
time 1
time 1
time 1
time 1
time 1
time 1
time 1
time 1
time 1
time 1
time 1
time 1
time 1
time 1
time 1
time 1
time 1
time 1
time 1
time 1
time 1
time 1
time 1
time 1
time 1
time 1
time 1
time 1
time 1
timid 1
tm 1
tm 1
tm 1
tm 1
tm 1
tm 1
tm 1
tm 1
tm 1
tm 1
tm 1
tm 1
tm 1
tm 1
tm 1
tm 1
tm 1
tm 1
tm 1
tm 1
tm 1
tm 1
tm 1
tm 1
tm 1
tm 1
tm 1
tm 1
tm 1
tm 1
tm 1
tm 1
tm 1
tm 1
tm 1
tm 1
tm 1
tm 1
tm 1
tm 1
tm 1
tm 1
tm 1
tm 1
tm 1
tm 1
tm 1
tm 1
tm 1
tm 1
tm 1
tm 1
tm 1
tm 1
tm 1
tm 1
tm 1
tones 1
tones 1
tones 1
torn 1
torn 1
torn 1
torn 1
torn 1
tortured 1
tortured 1
tortured 1
tortured 1
toward 1
toward 1
toward 1
trains 1
transcendent 1
trees 1
trees 1
trees 1
trees 1
trees 1
trees 1
trees 1
trees 1
trees 1
trees 1
trees 1
trees 1
trees 1
trees 1
trees 1
trees 1
trees 1
trees 1
trees 1
trees 1
tribute 1
tribute 1
trickling 1
trifling 1
trifling 1
triumph 1
triumph 1
triumph 1
triumph 1
triumph 1
triumph 1
turbulence 1
twenty 1
twenty 1
twenty 1
twenty 1
twenty 1
types 1
unbridled 1
uncommonly 1
undiscovered 1
undiscovered 1
unenforceability 1
unfeeling 1
unfeeling 1
unguarded 1
unguarded 1
uninterrupted 1
union 1
union 1
union 1
union 1
union 1
union 1
union 1
union 1
union 1
union 1
union 1
union 1
union 1
union 1
union 1
union 1
unjust 1
unjust 1
unsatisfactory 1
unsolicited 1
unsullied 1
unsympathized 1
urged 1
urged 1
urged 1
urged 1
urged 1
urged 1
urged 1
urged 1
urged 1
usefulness 1
usefulness 1
vicinity 1
viewing 1
virtuous 1
virtuous 1
virtuous 1
virtuous 1
volumes 1
volumes 1
voluntarily 1
vows 1
vulgar 1
wafted 1
wafted 1
wafted 1
wafted 1
wait 1
wait 1
wait 1
wait 1
wander 1
wander 1
wander 1
wander 1
wasting 1
watch 1
watch 1
watch 1
watch 1
watch 1
watch 1
watch 1
watch 1
water 1
water 1
water 1
water 1
water 1
water 1
water 1
water 1
water 1
water 1
water 1
water 1
water 1
water 1
water 1
water 1
water 1
waterfalls 1
wealth 1
wealth 1
wealth 1
wealth 1
wealth 1
wealth 1
wean 1
weep 1
weep 1
weep 1
weep 1
weep 1
weep 1
weep 1
weep 1
weep 1
weep 1
weep 1
weeping 1
weeping 1
weeping 1
weeping 1
were 1
were 1
were 1
were 1
were 1
were 1
were 1
were 1
were 1
were 1
were 1
were 1
were 1
were 1
were 1
were 1
were 1
were 1
were 1
were 1
were 1
were 1
were 1
were 1
were 1
were 1
were 1
were 1
were 1
were 1
were 1
were 1
were 1
were 1
were 1
were 1
were 1
were 1
were 1
were 1
were 1
were 1
were 1
were 1
were 1
were 1
were 1
were 1
were 1
were 1
were 1
were 1
were 1
were 1
were 1
were 1
were 1
were 1
were 1
were 1
were 1
were 1
were 1
were 1
were 1
were 1
were 1
were 1
were 1
were 1
were 1
were 1
were 1
were 1
were 1
were 1
were 1
were 1
were 1
were 1
were 1
were 1
were 1
were 1
were 1
were 1
were 1
were 1
were 1
were 1
were 1
were 1
were 1
were 1
were 1
were 1
were 1
were 1
were 1
were 1
were 1
were 1
were 1
were 1
were 1
were 1
were 1
were 1
were 1
were 1
were 1
were 1
were 1
were 1
were 1
were 1
were 1
were 1
were 1
were 1
were 1
were 1
were 1
were 1
were 1
were 1
were 1
were 1
were 1
were 1
were 1
were 1
were 1
were 1
were 1
were 1
were 1
were 1
were 1
were 1
were 1
were 1
were 1
were 1
were 1
were 1
were 1
were 1
were 1
were 1
were 1
were 1
were 1
were 1
were 1
were 1
were 1
were 1
were 1
were 1
were 1
were 1
were 1
were 1
were 1
were 1
were 1
were 1
were 1
were 1
were 1
were 1
were 1
were 1
were 1
were 1
were 1
were 1
were 1
were 1
were 1
were 1
were 1
were 1
were 1
were 1
were 1
were 1
were 1
were 1
were 1
were 1
were 1
were 1
were 1
were 1
were 1
were 1
were 1
were 1
were 1
were 1
were 1
were 1
were 1
were 1
were 1
were 1
were 1
were 1
were 1
were 1
were 1
were 1
were 1
were 1
were 1
were 1
were 1
were 1
were 1
were 1
were 1
were 1
were 1
were 1
were 1
were 1
were 1
were 1
were 1
were 1
were 1
were 1
were 1
were 1
were 1
were 1
were 1
were 1
were 1
were 1
were 1
were 1
were 1
were 1
were 1
were 1
were 1
were 1
were 1
were 1
were 1
were 1
were 1
were 1
were 1
were 1
were 1
were 1
were 1
were 1
were 1
were 1
were 1
were 1
were 1
were 1
were 1
were 1
were 1
were 1
were 1
were 1
were 1
were 1
were 1
were 1
were 1
were 1
were 1
were 1
were 1
were 1
were 1
were 1
were 1
were 1
were 1
were 1
were 1
were 1
were 1
were 1
were 1
were 1
were 1
were 1
were 1
were 1
were 1
were 1
were 1
were 1
were 1
were 1
were 1
west 1
west 1
wheel 1
where 1
where 1
where 1
where 1
where 1
where 1
where 1
where 1
where 1
where 1
where 1
where 1
where 1
where 1
where 1
where 1
where 1
where 1
where 1
where 1
where 1
where 1
where 1
where 1
where 1
where 1
where 1
where 1
where 1
where 1
where 1
where 1
where 1
where 1
where 1
where 1
where 1
where 1
where 1
where 1
where 1
where 1
where 1
where 1
where 1
where 1
where 1
where 1
where 1
where 1
where 1
where 1
where 1
where 1
where 1
where 1
where 1
where 1
where 1
where 1
where 1
where 1
where 1
where 1
where 1
where 1
where 1
where 1
where 1
where 1
where 1
where 1
where 1
where 1
where 1
where 1
where 1
where 1
wherefore 1
wherefore 1
whirlwinds 1
whirlwinds 1
whispers 1
wisdom 1
wisdom 1
wisdom 1
within 1
within 1
within 1
within 1
within 1
within 1
within 1
within 1
within 1
within 1
within 1
within 1
within 1
within 1
within 1
within 1
within 1
within 1
within 1
within 1
within 1
within 1
within 1
within 1
within 1
within 1
within 1
within 1
within 1
within 1
within 1
within 1
within 1
within 1
within 1
witness 1
witness 1
witness 1
witnesses 1
witnesses 1
witnesses 1
witnesses 1
witnesses 1
witnesses 1
witnesses 1
witnesses 1
witnesses 1
woe 1
woe 1
woe 1
woe 1
woe 1
woe 1
wonder 1
wonder 1
wonder 1
wonder 1
wonder 1
wonder 1
wonder 1
wonder 1
wonder 1
wonder 1
wonder 1
wonder 1
wonder 1
wonder 1
wonder 1
wonder 1
wonder 1
wonder 1
wonder 1
wonder 1
wonder 1
wonderfully 1
wondrous 1
wondrous 1
wondrous 1
wondrous 1
wondrous 1
wondrous 1
wondrous 1
wood 1
wood 1
wood 1
wood 1
wood 1
wood 1
wood 1
wood 1
wood 1
wood 1
wood 1
wood 1
wood 1
wood 1
wood 1
wood 1
wood 1
wood 1
wood 1
wood 1
wood 1
wood 1
wood 1
wood 1
wood 1
wood 1
worst 1
worst 1
worst 1
wrecked 1
wrecked 1
write 1
write 1
write 1
write 1
write 1
write 1
write 1
write 1
write 1
write 1
writhed 1
writhed 1
writings 1
wrote 1
wrote 1
wrote 1
wrote 1
wrung 1
yourself 1
yourself 1
yourself 1
yourself 1
yourself 1
yourself 1
yourself 1
yourself 1
yourself 1
yourself 1
yourself 1
yourself 1
yourself 1
yourself 1
yourself 1
yourself 1
yourself 1
yourself 1
yourself 1
yourself 1
yourself 1
yourself 1
yourself 1
yourself 1
yourself 1
yourself 1
yourself 1
