ACTUAL 1
AGREEMENT 1
Am 1
Any 1
As 1
As 1
As 1
As 1
As 1
As 1
As 1
As 1
As 1
Because 1
Because 1
DAMAGES 1
DAMAGES 1
Defects 1
Despite 1
Despite 1
Domain 1
First 1
First 1
First 1
God 1
God 1
God 1
God 1
God 1
God 1
God 1
INDIRECT 1
Long 1
PUNITIVE 1
Please 1
Please 1
Please 1
Please 1
Please 1
Revenue 1
Sections 1
Sometimes 1
Sometimes 1
There 1
There 1
There 1
There 1
There 1
There 1
There 1
There 1
There 1
There 1
Two 1
UNDER 1
Unless 1
Very 1
WARRANTY 1
WARRANTY 1
WITH 1
Well 1
Well 1
Well 1
Well 1
Well 1
Whatever 1
Whatever 1
Why 1
Why 1
Will 1
Will 1
accumulated 1
action 1
action 1
added 1
address 1
address 1
agree 1
agree 1
agree 1
agree 1
agree 1
agree 1
agree 1
agree 1
almonds 1
almost 1
almost 1
almost 1
almost 1
almost 1
almost 1
almost 1
almost 1
almost 1
almost 1
almost 1
almost 1
almost 1
almost 1
almost 1
almost 1
almost 1
almost 1
almost 1
almost 1
am 1
am 1
animal 1
animal 1
animal 1
animal 1
anyone 1
anyone 1
anyone 1
anyone 1
anyone 1
anyone 1
anyone 1
anyone 1
anyone 1
anyone 1
anyone 1
anyone 1
anyone 1
appeals 1
appeals 1
appeals 1
appearance 1
appearance 1
appearance 1
appearance 1
appeared 1
appeared 1
appeared 1
appeared 1
appeared 1
appreciated 1
appreciated 1
apprentices 1
arches 1
are 1
are 1
are 1
are 1
are 1
are 1
are 1
are 1
are 1
are 1
are 1
are 1
are 1
are 1
are 1
are 1
are 1
are 1
are 1
are 1
are 1
are 1
are 1
are 1
are 1
are 1
as 1
as 1
as 1
as 1
as 1
as 1
as 1
as 1
as 1
as 1
as 1
as 1
as 1
as 1
as 1
as 1
as 1
as 1
as 1
as 1
as 1
as 1
as 1
as 1
as 1
as 1
as 1
as 1
as 1
as 1
as 1
as 1
as 1
as 1
as 1
as 1
as 1
as 1
as 1
as 1
as 1
as 1
as 1
as 1
as 1
as 1
as 1
as 1
as 1
as 1
as 1
as 1
as 1
as 1
as 1
as 1
as 1
as 1
as 1
as 1
as 1
as 1
as 1
as 1
as 1
as 1
as 1
as 1
as 1
as 1
as 1
as 1
as 1
as 1
as 1
as 1
as 1
as 1
as 1
as 1
as 1
as 1
as 1
as 1
as 1
as 1
as 1
as 1
as 1
as 1
as 1
as 1
as 1
as 1
as 1
as 1
as 1
as 1
as 1
as 1
as 1
as 1
as 1
as 1
as 1
as 1
as 1
as 1
as 1
as 1
as 1
as 1
as 1
as 1
as 1
as 1
as 1
as 1
as 1
as 1
as 1
as 1
as 1
as 1
as 1
as 1
as 1
as 1
as 1
as 1
as 1
as 1
as 1
as 1
as 1
as 1
as 1
as 1
as 1
as 1
as 1
as 1
as 1
as 1
as 1
as 1
as 1
as 1
as 1
as 1
as 1
as 1
as 1
as 1
as 1
as 1
as 1
as 1
as 1
as 1
as 1
as 1
as 1
as 1
as 1
as 1
as 1
as 1
as 1
as 1
as 1
as 1
as 1
as 1
as 1
as 1
as 1
as 1
as 1
as 1
as 1
as 1
as 1
as 1
as 1
as 1
as 1
as 1
as 1
as 1
as 1
as 1
as 1
as 1
as 1
as 1
as 1
as 1
as 1
as 1
as 1
as 1
as 1
as 1
as 1
as 1
as 1
as 1
as 1
as 1
as 1
as 1
as 1
as 1
as 1
as 1
as 1
as 1
as 1
as 1
as 1
as 1
as 1
as 1
as 1
as 1
as 1
as 1
as 1
as 1
as 1
as 1
as 1
as 1
as 1
as 1
as 1
as 1
as 1
as 1
as 1
as 1
as 1
assistant 1
assistant 1
associated 1
associated 1
associated 1
associated 1
associated 1
associated 1
associated 1
associated 1
asthma 1
attached 1
aware 1
aware 1
aware 1
aware 1
aware 1
aware 1
away 1
away 1
away 1
away 1
away 1
away 1
away 1
away 1
away 1
away 1
away 1
away 1
away 1
away 1
away 1
away 1
away 1
away 1
away 1
away 1
away 1
away 1
away 1
away 1
away 1
away 1
away 1
away 1
away 1
away 1
away 1
away 1
away 1
away 1
away 1
b 1
balance 1
balls 1
banking 1
bare 1
bare 1
bare 1
bearing 1
because 1
because 1
because 1
because 1
because 1
because 1
because 1
because 1
because 1
because 1
because 1
because 1
because 1
because 1
because 1
because 1
because 1
because 1
because 1
because 1
because 1
because 1
bedroom 1
bedroom 1
bedroom 1
bedroom 1
bedsheet 1
beings 1
body 1
body 1
body 1
body 1
body 1
body 1
body 1
body 1
body 1
body 1
body 1
body 1
body 1
body 1
body 1
body 1
body 1
body 1
body 1
body 1
body 1
body 1
body 1
body 1
bound 1
bound 1
bound 1
bowl 1
bring 1
bring 1
bring 1
bring 1
bring 1
bring 1
bring 1
bring 1
bringing 1
bringing 1
bringing 1
brother 1
brother 1
building 1
burdensome 1
burdensome 1
businesses 1
calculated 1
career 1
careful 1
careful 1
careful 1
careful 1
carried 1
carried 1
carried 1
carried 1
carried 1
chairs 1
chairs 1
chairs 1
charge 1
charge 1
charge 1
charge 1
charge 1
charge 1
chase 1
chase 1
chase 1
cheaper 1
checking 1
circumstances 1
circumstances 1
clothes 1
clothes 1
clothes 1
coma 1
complaints 1
concerning 1
concerning 1
consumed 1
contents 1
copyrighted 1
costs 1
costs 1
costs 1
countries 1
courtesy 1
covered 1
covered 1
covered 1
covered 1
covered 1
covered 1
covered 1
covered 1
covered 1
crawled 1
crawled 1
crawled 1
crawled 1
created 1
created 1
curious 1
curious 1
cut 1
cut 1
cut 1
cut 1
cut 1
damages 1
damages 1
damages 1
deep 1
deep 1
deep 1
defend 1
directions 1
directions 1
directions 1
disclaimers 1
dissuade 1
dissuade 1
downloading 1
dreams 1
dreams 1
drive 1
drive 1
drive 1
drive 1
dust 1
dust 1
dust 1
dustbins 1
earn 1
earn 1
earn 1
earn 1
earn 1
earn 1
effort 1
effort 1
effort 1
effort 1
effort 1
effort 1
effort 1
effort 1
effort 1
effort 1
effort 1
effort 1
electronic 1
electronic 1
electronic 1
electronic 1
electronic 1
electronic 1
electronic 1
electronic 1
electronic 1
electronic 1
electronic 1
electronic 1
electronic 1
electronic 1
electronic 1
electronic 1
electronic 1
electronic 1
electronic 1
electronic 1
electronic 1
electronic 1
electronic 1
electronic 1
electronic 1
electronic 1
electronic 1
employers 1
ended 1
endless 1
enemy 1
engrossed 1
enter 1
enter 1
enter 1
entrusted 1
enveloped 1
equipment 1
equipment 1
equipment 1
equipment 1
errand 1
excitement 1
exclusion 1
expense 1
expense 1
experienced 1
experienced 1
experienced 1
explained 1
extreme 1
fallen 1
fallen 1
fallen 1
fallen 1
feet 1
feet 1
feet 1
feet 1
fetch 1
fetch 1
fetch 1
fetch 1
flew 1
flew 1
flew 1
flew 1
flew 1
flew 1
flight 1
followed 1
followed 1
followed 1
followed 1
followed 1
freed 1
frenzy 1
fresh 1
fresh 1
fresh 1
fresh 1
fresh 1
fresh 1
fully 1
fully 1
fully 1
fully 1
fully 1
fully 1
fully 1
fundraising 1
gbnewby 1
glass 1
glass 1
gleeful 1
glowering 1
got 1
got 1
got 1
got 1
got 1
got 1
got 1
got 1
got 1
got 1
got 1
got 1
got 1
got 1
got 1
got 1
got 1
got 1
got 1
got 1
got 1
greatly 1
hair 1
hair 1
hair 1
hallway 1
hallway 1
hallway 1
hands 1
hands 1
hands 1
hands 1
hands 1
hands 1
hands 1
hands 1
hands 1
hands 1
hands 1
hands 1
hands 1
hands 1
hands 1
hands 1
hands 1
hands 1
hands 1
happen 1
happen 1
happen 1
happen 1
happen 1
his 1
his 1
his 1
his 1
his 1
his 1
his 1
his 1
his 1
his 1
his 1
his 1
his 1
his 1
his 1
his 1
his 1
his 1
his 1
his 1
his 1
his 1
his 1
his 1
his 1
his 1
his 1
his 1
his 1
his 1
his 1
his 1
his 1
his 1
his 1
his 1
his 1
his 1
his 1
his 1
his 1
his 1
his 1
his 1
his 1
his 1
his 1
his 1
his 1
his 1
his 1
his 1
his 1
his 1
his 1
his 1
his 1
his 1
his 1
his 1
his 1
his 1
his 1
his 1
his 1
his 1
his 1
his 1
his 1
his 1
his 1
his 1
his 1
his 1
his 1
his 1
his 1
his 1
his 1
his 1
his 1
his 1
his 1
his 1
his 1
his 1
his 1
his 1
his 1
his 1
his 1
his 1
his 1
his 1
his 1
his 1
his 1
his 1
his 1
his 1
his 1
his 1
his 1
his 1
his 1
his 1
his 1
his 1
his 1
his 1
his 1
his 1
his 1
his 1
his 1
his 1
his 1
his 1
his 1
his 1
his 1
his 1
his 1
his 1
his 1
his 1
his 1
his 1
his 1
his 1
his 1
his 1
his 1
his 1
his 1
his 1
his 1
his 1
his 1
his 1
his 1
his 1
his 1
his 1
his 1
his 1
his 1
his 1
his 1
his 1
his 1
his 1
his 1
his 1
his 1
his 1
his 1
his 1
his 1
his 1
his 1
his 1
his 1
his 1
his 1
his 1
his 1
his 1
his 1
his 1
his 1
his 1
his 1
his 1
his 1
his 1
his 1
his 1
his 1
his 1
his 1
his 1
his 1
his 1
his 1
his 1
his 1
his 1
his 1
his 1
his 1
his 1
his 1
his 1
his 1
his 1
his 1
his 1
his 1
his 1
his 1
his 1
his 1
his 1
his 1
his 1
his 1
his 1
his 1
his 1
his 1
his 1
his 1
his 1
his 1
his 1
his 1
his 1
his 1
his 1
his 1
his 1
his 1
his 1
his 1
his 1
his 1
his 1
his 1
his 1
his 1
his 1
his 1
his 1
his 1
his 1
his 1
his 1
his 1
his 1
his 1
his 1
his 1
his 1
his 1
his 1
his 1
his 1
his 1
his 1
his 1
his 1
his 1
his 1
his 1
his 1
his 1
his 1
his 1
his 1
his 1
his 1
his 1
his 1
his 1
his 1
his 1
his 1
his 1
his 1
his 1
his 1
his 1
his 1
his 1
his 1
his 1
his 1
his 1
his 1
his 1
his 1
his 1
his 1
his 1
his 1
his 1
his 1
his 1
his 1
his 1
his 1
his 1
his 1
his 1
his 1
his 1
his 1
his 1
his 1
his 1
his 1
his 1
his 1
his 1
his 1
his 1
his 1
his 1
his 1
his 1
his 1
his 1
his 1
his 1
his 1
his 1
his 1
his 1
his 1
his 1
his 1
his 1
his 1
his 1
his 1
his 1
his 1
his 1
his 1
his 1
his 1
his 1
his 1
his 1
his 1
his 1
his 1
his 1
his 1
his 1
his 1
his 1
his 1
his 1
his 1
his 1
his 1
his 1
his 1
his 1
his 1
his 1
his 1
his 1
his 1
his 1
his 1
his 1
his 1
his 1
his 1
his 1
his 1
his 1
his 1
his 1
his 1
his 1
his 1
his 1
his 1
his 1
his 1
his 1
his 1
his 1
his 1
his 1
his 1
his 1
his 1
his 1
his 1
his 1
his 1
his 1
his 1
his 1
his 1
his 1
his 1
his 1
his 1
his 1
his 1
his 1
his 1
his 1
his 1
his 1
his 1
his 1
his 1
his 1
his 1
his 1
his 1
his 1
his 1
his 1
his 1
his 1
his 1
his 1
his 1
his 1
his 1
his 1
his 1
his 1
his 1
his 1
his 1
his 1
his 1
his 1
his 1
his 1
his 1
his 1
his 1
his 1
his 1
his 1
his 1
his 1
his 1
his 1
his 1
his 1
his 1
his 1
his 1
his 1
his 1
his 1
his 1
his 1
his 1
his 1
his 1
his 1
his 1
his 1
his 1
his 1
his 1
his 1
his 1
his 1
his 1
his 1
his 1
his 1
his 1
his 1
his 1
his 1
his 1
his 1
his 1
his 1
his 1
his 1
his 1
his 1
his 1
his 1
his 1
his 1
his 1
his 1
his 1
his 1
his 1
his 1
his 1
his 1
his 1
his 1
his 1
his 1
his 1
his 1
his 1
his 1
his 1
his 1
his 1
his 1
his 1
his 1
his 1
his 1
his 1
his 1
his 1
his 1
his 1
his 1
his 1
his 1
his 1
his 1
his 1
his 1
his 1
his 1
his 1
his 1
his 1
his 1
his 1
homes 1
homework 1
hospital 1
hospital 1
how 1
how 1
how 1
how 1
how 1
how 1
how 1
how 1
how 1
how 1
how 1
how 1
how 1
how 1
how 1
how 1
how 1
how 1
how 1
how 1
how 1
how 1
how 1
how 1
how 1
how 1
how 1
how 1
how 1
how 1
hung 1
hung 1
hung 1
hung 1
included 1
included 1
included 1
included 1
indifferent 1
indifferent 1
into 1
into 1
into 1
into 1
into 1
into 1
into 1
into 1
into 1
into 1
into 1
into 1
into 1
into 1
into 1
into 1
into 1
into 1
into 1
into 1
into 1
into 1
into 1
into 1
into 1
into 1
into 1
into 1
into 1
into 1
into 1
into 1
into 1
into 1
into 1
into 1
into 1
into 1
into 1
into 1
into 1
into 1
into 1
into 1
into 1
into 1
into 1
into 1
into 1
into 1
into 1
into 1
into 1
into 1
into 1
into 1
into 1
into 1
into 1
into 1
into 1
into 1
into 1
into 1
into 1
into 1
into 1
into 1
into 1
into 1
into 1
into 1
into 1
into 1
into 1
into 1
into 1
into 1
irritably 1
joining 1
lain 1
lain 1
later 1
later 1
later 1
later 1
later 1
later 1
later 1
later 1
later 1
later 1
later 1
laying 1
laying 1
leant 1
leant 1
leant 1
leant 1
leant 1
leant 1
leant 1
leapt 1
lethal 1
likely 1
likes 1
lips 1
lips 1
little 1
little 1
little 1
little 1
little 1
little 1
little 1
little 1
little 1
little 1
little 1
little 1
little 1
little 1
little 1
little 1
little 1
little 1
little 1
little 1
little 1
little 1
little 1
little 1
little 1
little 1
little 1
little 1
little 1
little 1
little 1
little 1
little 1
little 1
little 1
little 1
little 1
little 1
little 1
little 1
little 1
little 1
little 1
little 1
little 1
little 1
little 1
little 1
little 1
lived 1
lived 1
livelier 1
lost 1
lost 1
lost 1
lost 1
lost 1
lost 1
lots 1
love 1
love 1
magazine 1
marked 1
marked 1
marriage 1
matters 1
me 1
me 1
me 1
me 1
me 1
me 1
me 1
me 1
me 1
me 1
me 1
me 1
me 1
me 1
me 1
me 1
me 1
means 1
means 1
means 1
melancholy 1
meters 1
mindlessly 1
mingle 1
modest 1
monster 1
month 1
month 1
month 1
month 1
naturally 1
near 1
near 1
near 1
near 1
near 1
near 1
near 1
need 1
need 1
need 1
need 1
need 1
need 1
need 1
need 1
needn 1
newspapers 1
newspapers 1
nonetheless 1
nonetheless 1
nonetheless 1
normally 1
normally 1
normally 1
noses 1
noticeably 1
nowadays 1
numerous 1
numerous 1
occupied 1
occupied 1
occupied 1
offer 1
office 1
office 1
office 1
office 1
office 1
office 1
office 1
office 1
often 1
often 1
often 1
often 1
often 1
often 1
often 1
often 1
often 1
often 1
often 1
often 1
often 1
often 1
often 1
often 1
open 1
open 1
open 1
open 1
open 1
open 1
open 1
open 1
open 1
open 1
open 1
open 1
open 1
open 1
open 1
open 1
open 1
open 1
open 1
open 1
open 1
open 1
open 1
open 1
open 1
open 1
open 1
open 1
open 1
open 1
open 1
open 1
open 1
open 1
open 1
opinion 1
own 1
own 1
own 1
own 1
own 1
own 1
own 1
own 1
own 1
own 1
pain 1
pain 1
pain 1
pain 1
pain 1
pain 1
pain 1
pain 1
pain 1
pain 1
pain 1
pair 1
pale 1
pane 1
pane 1
paragraph 1
paragraph 1
paragraph 1
paragraph 1
paragraph 1
paragraph 1
paragraph 1
paragraph 1
paragraph 1
paragraph 1
party 1
past 1
past 1
past 1
past 1
past 1
past 1
peg 1
performed 1
picture 1
picture 1
picture 1
picture 1
picture 1
picture 1
pillows 1
play 1
play 1
play 1
positions 1
precaution 1
pure 1
push 1
push 1
push 1
push 1
rain 1
rain 1
rain 1
reached 1
reached 1
reached 1
reached 1
reached 1
reached 1
reached 1
reappear 1
redistribute 1
refund 1
refund 1
refund 1
refund 1
refund 1
refund 1
refund 1
refund 1
refused 1
refused 1
regulating 1
reliable 1
remaining 1
reminder 1
removed 1
removed 1
removed 1
removed 1
renamed 1
rented 1
rented 1
rented 1
rented 1
reply 1
reply 1
report 1
report 1
report 1
representations 1
requirements 1
requirements 1
requirements 1
requirements 1
resentful 1
resounding 1
return 1
return 1
return 1
return 1
rotten 1
rung 1
rung 1
rushing 1
sad 1
sad 1
sad 1
sake 1
sake 1
sake 1
salesman 1
salesman 1
salesmen 1
salesmen 1
salesmen 1
school 1
school 1
second 1
second 1
second 1
sensitive 1
sensitive 1
set 1
set 1
set 1
set 1
set 1
set 1
set 1
set 1
set 1
set 1
set 1
set 1
set 1
set 1
set 1
set 1
set 1
set 1
set 1
set 1
she 1
she 1
she 1
she 1
she 1
she 1
she 1
she 1
she 1
she 1
she 1
she 1
she 1
she 1
she 1
she 1
she 1
she 1
she 1
she 1
she 1
she 1
she 1
she 1
she 1
she 1
she 1
she 1
she 1
she 1
she 1
she 1
she 1
she 1
she 1
she 1
she 1
she 1
she 1
she 1
she 1
she 1
she 1
she 1
she 1
she 1
she 1
she 1
she 1
she 1
she 1
she 1
she 1
she 1
she 1
she 1
she 1
she 1
she 1
she 1
she 1
she 1
she 1
she 1
she 1
she 1
she 1
she 1
she 1
she 1
she 1
she 1
she 1
she 1
she 1
she 1
she 1
she 1
she 1
she 1
she 1
she 1
she 1
she 1
she 1
she 1
she 1
she 1
she 1
she 1
she 1
she 1
she 1
she 1
she 1
she 1
she 1
she 1
she 1
she 1
she 1
she 1
she 1
she 1
she 1
she 1
she 1
she 1
she 1
she 1
she 1
she 1
she 1
she 1
she 1
she 1
she 1
she 1
she 1
she 1
she 1
she 1
she 1
she 1
she 1
she 1
she 1
she 1
she 1
she 1
she 1
she 1
she 1
she 1
she 1
she 1
she 1
she 1
she 1
she 1
she 1
she 1
she 1
she 1
she 1
she 1
she 1
she 1
she 1
she 1
she 1
she 1
she 1
she 1
she 1
she 1
she 1
she 1
she 1
she 1
she 1
she 1
she 1
she 1
she 1
she 1
she 1
she 1
she 1
she 1
she 1
she 1
she 1
she 1
she 1
shop 1
shop 1
shoulder 1
shy 1
sides 1
sides 1
sides 1
sides 1
sides 1
simple 1
simple 1
simple 1
simply 1
simply 1
simply 1
simply 1
simply 1
simply 1
simply 1
sit 1
sit 1
sit 1
sit 1
sit 1
skirts 1
skirts 1
skirts 1
skirts 1
sleeve 1
slowly 1
slowly 1
slowly 1
slowly 1
slowly 1
slowly 1
slowly 1
slowly 1
slowly 1
slowly 1
slowly 1
slowly 1
slowly 1
slowly 1
slowly 1
slowly 1
slowly 1
slowly 1
slowly 1
slowly 1
slowly 1
slowly 1
smile 1
smile 1
smile 1
smile 1
solicitation 1
spoken 1
spoken 1
spying 1
stairway 1
stairway 1
stamped 1
stamped 1
station 1
stayed 1
stayed 1
stayed 1
stayed 1
stayed 1
steaming 1
sticking 1
stop 1
stop 1
stop 1
stop 1
stop 1
strides 1
struggling 1
struggling 1
subtleties 1
suggest 1
surely 1
surely 1
surplus 1
swamp 1
t 1
t 1
t 1
t 1
t 1
t 1
t 1
t 1
t 1
t 1
t 1
t 1
t 1
t 1
t 1
t 1
t 1
t 1
t 1
t 1
t 1
t 1
t 1
t 1
t 1
t 1
t 1
t 1
t 1
t 1
t 1
t 1
t 1
t 1
t 1
t 1
t 1
t 1
t 1
t 1
t 1
t 1
t 1
t 1
t 1
t 1
t 1
t 1
t 1
t 1
t 1
t 1
t 1
t 1
t 1
t 1
t 1
t 1
t 1
t 1
t 1
t 1
talking 1
talking 1
talking 1
talking 1
tender 1
tender 1
thanking 1
they 1
they 1
they 1
they 1
they 1
they 1
they 1
they 1
they 1
they 1
they 1
they 1
they 1
they 1
they 1
they 1
they 1
they 1
they 1
they 1
they 1
they 1
they 1
they 1
they 1
they 1
they 1
they 1
they 1
they 1
they 1
they 1
they 1
they 1
they 1
they 1
they 1
they 1
they 1
they 1
they 1
they 1
they 1
they 1
they 1
they 1
they 1
they 1
they 1
they 1
they 1
they 1
they 1
they 1
they 1
they 1
they 1
they 1
they 1
they 1
they 1
they 1
they 1
they 1
they 1
they 1
they 1
they 1
they 1
they 1
they 1
they 1
they 1
they 1
they 1
they 1
they 1
they 1
they 1
they 1
they 1
they 1
they 1
they 1
they 1
they 1
they 1
they 1
they 1
they 1
they 1
they 1
they 1
they 1
they 1
they 1
they 1
they 1
they 1
they 1
they 1
they 1
they 1
they 1
they 1
they 1
they 1
they 1
they 1
they 1
they 1
they 1
they 1
they 1
they 1
they 1
they 1
they 1
they 1
they 1
they 1
they 1
they 1
they 1
they 1
they 1
they 1
they 1
they 1
they 1
they 1
they 1
they 1
they 1
they 1
they 1
they 1
they 1
they 1
they 1
thinking 1
thirty 1
timorous 1
toe 1
toe 1
toe 1
together 1
together 1
together 1
together 1
together 1
together 1
together 1
together 1
together 1
too 1
too 1
too 1
too 1
too 1
too 1
too 1
too 1
too 1
too 1
too 1
too 1
too 1
too 1
too 1
too 1
too 1
too 1
too 1
too 1
too 1
too 1
too 1
too 1
too 1
too 1
too 1
too 1
too 1
too 1
town 1
town 1
town 1
tram 1
tram 1
transform 1
tray 1
tremendous 1
turned 1
turned 1
turned 1
turned 1
turned 1
turned 1
turned 1
turned 1
turned 1
turned 1
turned 1
turned 1
turned 1
turned 1
turned 1
turned 1
turned 1
turned 1
turned 1
unfortunately 1
unfortunately 1
unfortunately 1
unfortunately 1
unfortunately 1
unfortunately 1
unused 1
unusually 1
us 1
us 1
us 1
us 1
us 1
us 1
us 1
us 1
us 1
us 1
us 1
us 1
vegetables 1
vegetables 1
vile 1
wage 1
wake 1
wake 1
walked 1
want 1
want 1
want 1
want 1
want 1
want 1
want 1
want 1
want 1
want 1
want 1
weak 1
weak 1
wept 1
when 1
when 1
when 1
when 1
when 1
when 1
when 1
when 1
when 1
when 1
when 1
when 1
when 1
when 1
when 1
when 1
when 1
when 1
when 1
when 1
when 1
when 1
when 1
when 1
when 1
when 1
when 1
when 1
when 1
when 1
when 1
when 1
when 1
when 1
when 1
when 1
when 1
when 1
when 1
when 1
when 1
when 1
when 1
when 1
when 1
when 1
when 1
when 1
when 1
when 1
when 1
when 1
when 1
when 1
when 1
when 1
when 1
when 1
when 1
when 1
when 1
when 1
whims 1
whisper 1
why 1
why 1
why 1
why 1
why 1
why 1
why 1
widow 1
woken 1
woken 1
woman 1
word 1
word 1
word 1
word 1
word 1
word 1
word 1
word 1
word 1
worn 1
worn 1
worn 1
