ANYTHING 1
Academy 1
After 1
After 1
After 1
After 1
After 1
After 1
After 1
After 1
After 1
After 1
After 1
After 1
After 1
After 1
After 1
After 1
Aid 1
Ain 1
Ain 1
Ain 1
Ain 1
Aurora 1
Authors 1
Aw 1
Becomes 1
Blanc 1
Bout 1
Boy 1
Boy 1
Boy 1
Boy 1
Boy 1
Boy 1
Business 1
Business 1
Business 1
CONTRACT 1
Cat 1
Columbus 1
Come 1
Come 1
Come 1
Come 1
Come 1
Come 1
Come 1
Come 1
Come 1
Come 1
Come 1
Come 1
Commences 1
Consequently 1
Culture 1
Curious 1
David 1
David 1
David 1
Day 1
Day 1
Discoveries 1
Discovery 1
Douglass 1
Duty 1
Duty 1
EBOOK 1
EBOOK 1
Earnest 1
Entrance 1
Evening 1
Evening 1
Ever 1
Fate 1
Fate 1
Got 1
Got 1
Got 1
Guisborne 1
Guisborne 1
Harbison 1
Harbison 1
Harbison 1
Harbison 1
Harbison 1
Hello 1
Hello 1
Hello 1
Hello 1
Hello 1
Hello 1
Here 1
Here 1
Here 1
Here 1
Here 1
Here 1
Here 1
Here 1
Here 1
Here 1
Here 1
Here 1
Here 1
Here 1
Here 1
Here 1
Here 1
Here 1
Here 1
Hermits 1
Hidden 1
His 1
His 1
His 1
His 1
His 1
His 1
His 1
His 1
His 1
His 1
His 1
His 1
His 1
His 1
His 1
His 1
His 1
His 1
His 1
His 1
His 1
His 1
His 1
His 1
His 1
His 1
His 1
His 1
His 1
His 1
His 1
His 1
His 1
His 1
His 1
His 1
His 1
His 1
His 1
His 1
His 1
His 1
His 1
Hist 1
Hive 1
Hopkins 1
Hopkins 1
Hundred 1
Hundred 1
Hyro 1
Injun 1
Injun 1
Injun 1
Injun 1
Injun 1
Injun 1
Injun 1
Injun 1
Injun 1
Injun 1
Injun 1
Injun 1
Injun 1
Injun 1
Injun 1
Injun 1
Injun 1
Injun 1
Injun 1
Injun 1
Injun 1
Injun 1
Injun 1
Injun 1
Injun 1
Injun 1
Injun 1
Injun 1
Injun 1
Injun 1
Injun 1
Injun 1
Injun 1
Injun 1
Injun 1
Injun 1
Injun 1
Injun 1
Injun 1
Injun 1
Injun 1
Injun 1
Injun 1
Injun 1
Injun 1
Injun 1
Injun 1
Injun 1
Injun 1
Injun 1
Injun 1
Injun 1
Injun 1
Injun 1
Injun 1
Injun 1
Injun 1
Injun 1
Injun 1
Injun 1
Injun 1
Injun 1
Injun 1
Injun 1
Injun 1
Injun 1
Injun 1
Injun 1
Injun 1
Injun 1
Injun 1
Injun 1
Instantly 1
Instantly 1
Is 1
Is 1
Is 1
Is 1
Is 1
Is 1
Is 1
Is 1
Kings 1
Kings 1
Kiss 1
Kiss 1
Late 1
Lemme 1
Lemme 1
Lemme 1
Lemme 1
Lemme 1
Lexington 1
Lionized 1
Liquor 1
Louis 1
Louis 1
Love 1
MAIDEN 1
McDougal 1
McDougal 1
McDougal 1
McDougal 1
Mercy 1
Milum 1
Mistake 1
Morning 1
Mounts 1
Movements 1
NOW 1
National 1
Nudges 1
PGLAF 1
PLEASE 1
PURPOSE 1
Pinch 1
Planned 1
Pleasant 1
Praise 1
REFUND 1
Revenge 1
Revenge 1
Revenge 1
Robinson 1
Robinson 1
Royalty 1
Royalty 1
Sacred 1
Sad 1
Salt 1
Sawbones 1
Search 1
Search 1
Secret 1
Secret 1
Secret 1
Secret 1
Senator 1
Send 1
Send 1
Set 1
Shall 1
Shall 1
Shall 1
She 1
She 1
She 1
She 1
She 1
She 1
She 1
She 1
She 1
She 1
She 1
She 1
She 1
She 1
She 1
She 1
She 1
She 1
She 1
She 1
She 1
She 1
She 1
She 1
She 1
She 1
She 1
She 1
She 1
She 1
She 1
She 1
She 1
She 1
She 1
She 1
She 1
She 1
She 1
She 1
She 1
She 1
She 1
She 1
She 1
She 1
She 1
She 1
She 1
She 1
She 1
She 1
She 1
She 1
She 1
She 1
She 1
She 1
She 1
She 1
She 1
She 1
She 1
She 1
She 1
She 1
She 1
She 1
She 1
She 1
She 1
She 1
She 1
She 1
She 1
She 1
She 1
She 1
She 1
She 1
She 1
She 1
She 1
She 1
She 1
She 1
She 1
Sho 1
Sho 1
Shut 1
Shut 1
Signal 1
Sir 1
Situation 1
Situation 1
Society 1
Steals 1
Still 1
Still 1
Still 1
Still 1
Still 1
Still 1
Strategic 1
THERE 1
THERE 1
THIS 1
THIS 1
THIS 1
THIS 1
THIS 1
TOM 1
TOM 1
TOM 1
TOM 1
TOM 1
TOM 1
TOM 1
TOM 1
TOM 1
TOM 1
TOM 1
TOM 1
TOM 1
TOM 1
TOM 1
Tain 1
Tain 1
Tain 1
Tain 1
Tain 1
Tain 1
Tendin 1
Terror 1
Terror 1
Terror 1
Terror 1
Terror 1
Their 1
Their 1
Their 1
Their 1
Their 1
Their 1
Tom 1
Tom 1
Tom 1
Tom 1
Tom 1
Tom 1
Tom 1
Tom 1
Tom 1
Tom 1
Tom 1
Tom 1
Tom 1
Tom 1
Tom 1
Tom 1
Tom 1
Tom 1
Tom 1
Tom 1
Tom 1
Tom 1
Tom 1
Tom 1
Tom 1
Tom 1
Tom 1
Tom 1
Tom 1
Tom 1
Tom 1
Tom 1
Tom 1
Tom 1
Tom 1
Tom 1
Tom 1
Tom 1
Tom 1
Tom 1
Tom 1
Tom 1
Tom 1
Tom 1
Tom 1
Tom 1
Tom 1
Tom 1
Tom 1
Tom 1
Tom 1
Tom 1
Tom 1
Tom 1
Tom 1
Tom 1
Tom 1
Tom 1
Tom 1
Tom 1
Tom 1
Tom 1
Tom 1
Tom 1
Tom 1
Tom 1
Tom 1
Tom 1
Tom 1
Tom 1
Tom 1
Tom 1
Tom 1
Tom 1
Tom 1
Tom 1
Tom 1
Tom 1
Tom 1
Tom 1
Tom 1
Tom 1
Tom 1
Tom 1
Tom 1
Tom 1
Tom 1
Tom 1
Tom 1
Tom 1
Tom 1
Tom 1
Tom 1
Tom 1
Tom 1
Tom 1
Tom 1
Tom 1
Tom 1
Tom 1
Tom 1
Tom 1
Tom 1
Tom 1
Tom 1
Tom 1
Tom 1
Tom 1
Tom 1
Tom 1
Tom 1
Tom 1
Tom 1
Tom 1
Tom 1
Tom 1
Tom 1
Tom 1
Tom 1
Tom 1
Tom 1
Tom 1
Tom 1
Tom 1
Tom 1
Tom 1
Tom 1
Tom 1
Tom 1
Tom 1
Tom 1
Tom 1
Tom 1
Tom 1
Tom 1
Tom 1
Tom 1
Tom 1
Tom 1
Tom 1
Tom 1
Tom 1
Tom 1
Tom 1
Tom 1
Tom 1
Tom 1
Tom 1
Tom 1
Tom 1
Tom 1
Tom 1
Tom 1
Tom 1
Tom 1
Tom 1
Tom 1
Tom 1
Tom 1
Tom 1
Tom 1
Tom 1
Tom 1
Tom 1
Tom 1
Tom 1
Tom 1
Tom 1
Tom 1
Tom 1
Tom 1
Tom 1
Tom 1
Tom 1
Tom 1
Tom 1
Tom 1
Tom 1
Tom 1
Tom 1
Tom 1
Tom 1
Tom 1
Tom 1
Tom 1
Tom 1
Tom 1
Tom 1
Tom 1
Tom 1
Tom 1
Tom 1
Tom 1
Tom 1
Tom 1
Tom 1
Tom 1
Tom 1
Tom 1
Tom 1
Tom 1
Tom 1
Tom 1
Tom 1
Tom 1
Tom 1
Tom 1
Tom 1
Tom 1
Tom 1
Tom 1
Tom 1
Tom 1
Tom 1
Tom 1
Tom 1
Tom 1
Tom 1
Tom 1
Tom 1
Tom 1
Tom 1
Tom 1
Tom 1
Tom 1
Tom 1
Tom 1
Tom 1
Tom 1
Tom 1
Tom 1
Tom 1
Tom 1
Tom 1
Tom 1
Tom 1
Tom 1
Tom 1
Tom 1
Tom 1
Tom 1
Tom 1
Tom 1
Tom 1
Tom 1
Tom 1
Tom 1
Tom 1
Tom 1
Tom 1
Tom 1
Tom 1
Tom 1
Tom 1
Tom 1
Tom 1
Tom 1
Tom 1
Tom 1
Tom 1
Tom 1
Tom 1
Tom 1
Tom 1
Tom 1
Tom 1
Tom 1
Tom 1
Tom 1
Tom 1
Tom 1
Tom 1
Tom 1
Tom 1
Tom 1
Tom 1
Tom 1
Tom 1
Tom 1
Tom 1
Tom 1
Tom 1
Tom 1
Tom 1
Tom 1
Tom 1
Tom 1
Tom 1
Tom 1
Tom 1
Tom 1
Tom 1
Tom 1
Tom 1
Tom 1
Tom 1
Tom 1
Tom 1
Tom 1
Tom 1
Tom 1
Tom 1
Tom 1
Tom 1
Tom 1
Tom 1
Tom 1
Tom 1
Tom 1
Tom 1
Tom 1
Tom 1
Tom 1
Tom 1
Tom 1
Tom 1
Tom 1
Tom 1
Tom 1
Tom 1
Tom 1
Tom 1
Tom 1
Tom 1
Tom 1
Tom 1
Tom 1
Tom 1
Tom 1
Tom 1
Tom 1
Tom 1
Tom 1
Tom 1
Tom 1
Tom 1
Tom 1
Tom 1
Tom 1
Tom 1
Tom 1
Tom 1
Tom 1
Tom 1
Tom 1
Tom 1
Tom 1
Tom 1
Tom 1
Tom 1
Tom 1
Tom 1
Tom 1
Tom 1
Tom 1
Tom 1
Tom 1
Tom 1
Tom 1
Tom 1
Tom 1
Tom 1
Tom 1
Tom 1
Tom 1
Tom 1
Tom 1
Tom 1
Tom 1
Tom 1
Tom 1
Tom 1
Tom 1
Tom 1
Tom 1
Tom 1
Tom 1
Tom 1
Tom 1
Tom 1
Tom 1
Tom 1
Tom 1
Tom 1
Tom 1
Tom 1
Tom 1
Tom 1
Tom 1
Tom 1
Tom 1
Tom 1
Tom 1
Tom 1
Tom 1
Tom 1
Tom 1
Tom 1
Tom 1
Tom 1
Tom 1
Tom 1
Tom 1
Tom 1
Tom 1
Tom 1
Tom 1
Tom 1
Tom 1
Tom 1
Tom 1
Tom 1
Tom 1
Tom 1
Tom 1
Tom 1
Tom 1
Tom 1
Tom 1
Tom 1
Tom 1
Tom 1
Tom 1
Tom 1
Tom 1
Tom 1
Tom 1
Tom 1
Tom 1
Tom 1
Tom 1
Tom 1
Tom 1
Tom 1
Tom 1
Tom 1
Tom 1
Tom 1
Tom 1
Tom 1
Tom 1
Tom 1
Tom 1
Tom 1
Tom 1
Tom 1
Tom 1
Tom 1
Tom 1
Tom 1
Tom 1
Tom 1
Tom 1
Tom 1
Tom 1
Tom 1
Tom 1
Tom 1
Tom 1
Tom 1
Tom 1
Tom 1
Tom 1
Tom 1
Tom 1
Tom 1
Tom 1
Tom 1
Tom 1
Tom 1
Tom 1
Tom 1
Tom 1
Tom 1
Tom 1
Tom 1
Tom 1
Tom 1
Tom 1
Tom 1
Tom 1
Tom 1
Tom 1
Tom 1
Tom 1
Tom 1
Tom 1
Tom 1
Tom 1
Tom 1
Tom 1
Tom 1
Tom 1
Tom 1
Tom 1
Tom 1
Tom 1
Tom 1
Tom 1
Tom 1
Tom 1
Tom 1
Tom 1
Tom 1
Tom 1
Tom 1
Tom 1
Tom 1
Tom 1
Tom 1
Tom 1
Tom 1
Tom 1
Tom 1
Tom 1
Tom 1
Tom 1
Tom 1
Tom 1
Tom 1
Tom 1
Tom 1
Tom 1
Tom 1
Tom 1
Tom 1
Tom 1
Tom 1
Tom 1
Tom 1
Tom 1
Tom 1
Tom 1
Tom 1
Tom 1
Tom 1
Tom 1
Tom 1
Tom 1
Tom 1
Tom 1
Tom 1
Tom 1
Tom 1
Tom 1
Tom 1
Tom 1
Tom 1
Tom 1
Tom 1
Tom 1
Tom 1
Tom 1
Tom 1
Tom 1
Tom 1
Tom 1
Tom 1
Tom 1
Tom 1
Tom 1
Tom 1
Tom 1
Tom 1
Tom 1
Tom 1
Tom 1
Tom 1
Tom 1
Tom 1
Tom 1
Tom 1
Tom 1
Tom 1
Tom 1
Tom 1
Tom 1
Tom 1
Tom 1
Tom 1
Tom 1
Tom 1
Tom 1
Tom 1
Tom 1
Tom 1
Tom 1
Tom 1
Tom 1
Tom 1
Tom 1
Tom 1
Tom 1
Tom 1
Tom 1
Tom 1
Tom 1
Tom 1
Tom 1
Tom 1
Tom 1
Tom 1
Tom 1
Tom 1
Tom 1
Tom 1
Tom 1
Tom 1
Tom 1
Tom 1
Tom 1
Tom 1
Tom 1
Tom 1
Tom 1
Tom 1
Tom 1
Tom 1
Tom 1
Tom 1
Tom 1
Tom 1
Tom 1
Tom 1
Tom 1
Tom 1
Tom 1
Tom 1
Tom 1
Tom 1
Tom 1
Tom 1
Tom 1
Tom 1
Tom 1
Tom 1
Tom 1
Tom 1
Tom 1
Tom 1
Tom 1
Tom 1
Tom 1
Tom 1
Tom 1
Tom 1
Tom 1
Tom 1
Tom 1
Tom 1
Tom 1
Tom 1
Tom 1
Tom 1
Tom 1
Tom 1
Tom 1
Tom 1
Tom 1
Tom 1
Tom 1
Tom 1
Tom 1
Tom 1
Tom 1
Tom 1
Tom 1
Tom 1
Tom 1
Tom 1
Tom 1
Tom 1
Tom 1
Tom 1
Tom 1
Tom 1
Tom 1
Tom 1
Tom 1
Tom 1
Tom 1
Tom 1
Tom 1
Tom 1
Tom 1
Tom 1
Tom 1
Tom 1
Tom 1
Tom 1
Tom 1
Tom 1
Tom 1
Tom 1
Tom 1
Tom 1
Tom 1
Tom 1
Tom 1
Tom 1
Tom 1
Tom 1
Tom 1
Tom 1
Tom 1
Tom 1
Tom 1
Tom 1
Tom 1
Tom 1
Tom 1
Tom 1
Tom 1
Tom 1
Tom 1
Tom 1
Tom 1
Tom 1
Tom 1
Tom 1
Tom 1
Tom 1
Tom 1
Tom 1
Tom 1
Tom 1
Tom 1
Tom 1
Tom 1
Tom 1
Tom 1
Tom 1
Tom 1
Tom 1
Tom 1
Tom 1
Tom 1
Tom 1
Tom 1
Tom 1
Tom 1
Tom 1
Tom 1
Tom 1
Tom 1
Tom 1
Tom 1
Tom 1
Tom 1
Tom 1
Tom 1
Tom 1
Tom 1
Tom 1
Tom 1
Tom 1
Tom 1
Tom 1
Tom 1
Tom 1
Tom 1
Tom 1
Tom 1
Tom 1
Tom 1
Tom 1
Tom 1
Tom 1
Tom 1
Tom 1
Tom 1
Tom 1
Tom 1
Tom 1
Tom 1
Tom 1
Tom 1
Tom 1
Tom 1
Tom 1
Tom 1
Tom 1
Tom 1
Tom 1
Tom 1
Tom 1
Tom 1
Tom 1
Tom 1
Tom 1
Tom 1
Tom 1
Tom 1
Tom 1
Tom 1
Tom 1
Tom 1
Tom 1
Tom 1
Tom 1
Tom 1
Tom 1
Tom 1
Tom 1
Tom 1
Tom 1
Tom 1
Tom 1
Tom 1
Too 1
Too 1
Tracks 1
True 1
True 1
Umf 1
VISION 1
Wednesday 1
Wednesday 1
Wednesday 1
Wednesday 1
Wednesday 1
Western 1
Western 1
Western 1
Who 1
Who 1
Who 1
Who 1
Who 1
Who 1
Who 1
Who 1
Who 1
Who 1
Who 1
Who 1
Who 1
Who 1
Who 1
Who 1
Who 1
Who 1
Who 1
Who 1
Who 1
Who 1
Who 1
Who 1
Who 1
Who 1
Who 1
Whoever 1
XV 1
XV 1
XVII 1
XVII 1
XXV 1
XXV 1
XXVII 1
XXVII 1
XXXII 1
XXXII 1
Young 1
Young 1
Young 1
abreast 1
abreast 1
abreast 1
abused 1
abused 1
accepting 1
accompanied 1
accompanied 1
accompanied 1
according 1
according 1
aching 1
aching 1
acquired 1
acquired 1
acquired 1
addresses 1
addresses 1
admitted 1
admitted 1
admitted 1
admitted 1
advance 1
after 1
after 1
after 1
after 1
after 1
after 1
after 1
after 1
after 1
after 1
after 1
after 1
after 1
after 1
after 1
after 1
after 1
after 1
after 1
after 1
after 1
after 1
after 1
after 1
after 1
after 1
after 1
after 1
after 1
after 1
after 1
after 1
after 1
after 1
after 1
after 1
after 1
after 1
after 1
after 1
after 1
after 1
after 1
after 1
after 1
after 1
after 1
after 1
after 1
after 1
after 1
after 1
after 1
after 1
after 1
after 1
after 1
after 1
after 1
after 1
after 1
after 1
after 1
after 1
after 1
after 1
after 1
after 1
after 1
after 1
after 1
after 1
after 1
after 1
after 1
after 1
after 1
after 1
after 1
agreement 1
agreement 1
agreement 1
agreement 1
agreement 1
agreement 1
agreement 1
agreement 1
agreement 1
agreement 1
agreement 1
agreement 1
agreement 1
agreement 1
agreement 1
agreement 1
agreement 1
aides 1
air 1
air 1
air 1
air 1
air 1
air 1
air 1
air 1
air 1
air 1
air 1
air 1
air 1
air 1
air 1
air 1
air 1
air 1
air 1
air 1
air 1
air 1
air 1
air 1
air 1
air 1
air 1
air 1
air 1
air 1
aisle 1
aisle 1
aisle 1
aisle 1
aisle 1
aisle 1
aisle 1
aloft 1
aloft 1
aloft 1
already 1
already 1
already 1
already 1
ambush 1
ancestors 1
ancient 1
ancient 1
angels 1
annoyance 1
anticipated 1
anticipations 1
anticipations 1
anything 1
anything 1
anything 1
anything 1
anything 1
anything 1
anything 1
anything 1
anything 1
anything 1
anything 1
anything 1
anything 1
anything 1
anything 1
anything 1
anything 1
anything 1
anything 1
anything 1
anything 1
anything 1
anything 1
anything 1
anything 1
anything 1
anything 1
anything 1
anything 1
anything 1
anything 1
anything 1
anything 1
anything 1
anything 1
anything 1
anything 1
anything 1
anything 1
anything 1
anything 1
anything 1
anything 1
anything 1
anything 1
anything 1
anything 1
anything 1
anything 1
anything 1
anything 1
anything 1
anything 1
anything 1
anything 1
anything 1
anything 1
anyways 1
anyways 1
anyways 1
appetite 1
application 1
application 1
appointed 1
appointed 1
appointed 1
appointed 1
apprehension 1
apprehension 1
apprehensive 1
apprehensive 1
aristocracy 1
arose 1
arose 1
asked 1
asked 1
asked 1
asked 1
asked 1
asked 1
asked 1
asked 1
asked 1
asked 1
asleep 1
asleep 1
asleep 1
asleep 1
asleep 1
asleep 1
asleep 1
asleep 1
asleep 1
asleep 1
asleep 1
asleep 1
asleep 1
assembled 1
assembled 1
assembled 1
assembly 1
assent 1
assert 1
astounding 1
astounding 1
astounding 1
avoided 1
avoided 1
awakened 1
aweinspiring 1
baby 1
baby 1
backed 1
backed 1
backs 1
backs 1
bailing 1
balefully 1
balm 1
bark 1
bark 1
bark 1
bark 1
bark 1
bark 1
bark 1
bark 1
bark 1
bases 1
bated 1
bats 1
bats 1
bats 1
bats 1
bats 1
bean 1
bean 1
bean 1
bean 1
bean 1
bean 1
becoming 1
becoming 1
beds 1
beds 1
beds 1
been 1
been 1
been 1
been 1
been 1
been 1
been 1
been 1
been 1
been 1
been 1
been 1
been 1
been 1
been 1
been 1
been 1
been 1
been 1
been 1
been 1
been 1
been 1
been 1
been 1
been 1
been 1
been 1
been 1
been 1
been 1
been 1
been 1
been 1
been 1
been 1
been 1
been 1
been 1
been 1
been 1
been 1
been 1
been 1
been 1
been 1
been 1
been 1
been 1
been 1
been 1
been 1
been 1
been 1
been 1
been 1
been 1
been 1
been 1
been 1
been 1
been 1
been 1
been 1
been 1
been 1
been 1
been 1
been 1
been 1
been 1
been 1
been 1
been 1
been 1
been 1
been 1
been 1
been 1
been 1
been 1
been 1
been 1
been 1
been 1
been 1
been 1
been 1
been 1
been 1
been 1
been 1
been 1
been 1
been 1
been 1
been 1
been 1
been 1
been 1
been 1
been 1
been 1
been 1
been 1
been 1
been 1
been 1
been 1
been 1
been 1
been 1
been 1
been 1
been 1
been 1
been 1
been 1
been 1
been 1
been 1
been 1
been 1
been 1
been 1
been 1
been 1
been 1
been 1
been 1
been 1
been 1
been 1
been 1
been 1
been 1
been 1
been 1
been 1
been 1
been 1
been 1
been 1
been 1
been 1
been 1
been 1
been 1
been 1
been 1
bells 1
bells 1
bells 1
belonged 1
belongs 1
belongs 1
bench 1
bench 1
bench 1
bench 1
bench 1
bench 1
benches 1
benches 1
benches 1
better 1
better 1
better 1
better 1
better 1
better 1
better 1
better 1
better 1
better 1
better 1
better 1
better 1
better 1
better 1
better 1
better 1
better 1
better 1
better 1
better 1
better 1
better 1
better 1
better 1
better 1
better 1
better 1
better 1
better 1
better 1
better 1
better 1
better 1
better 1
better 1
better 1
better 1
better 1
better 1
better 1
bigger 1
billowy 1
bitter 1
bitter 1
bleed 1
blew 1
blew 1
blinded 1
blubber 1
blue 1
blue 1
blue 1
blue 1
blue 1
blue 1
blue 1
blue 1
blue 1
blue 1
blue 1
blue 1
blue 1
blue 1
blue 1
blue 1
blue 1
blue 1
blustered 1
bodies 1
bodies 1
borne 1
borne 1
bother 1
bother 1
bother 1
bother 1
bother 1
bother 1
bother 1
bounce 1
bout 1
bout 1
bout 1
bout 1
bout 1
bout 1
bout 1
bout 1
bout 1
bout 1
bout 1
bout 1
bout 1
bout 1
bout 1
bout 1
bout 1
bow 1
bow 1
bow 1
bow 1
bow 1
bow 1
boyish 1
bread 1
bread 1
bread 1
bread 1
bread 1
bread 1
bricks 1
bright 1
bright 1
bright 1
bright 1
bright 1
bright 1
bright 1
bright 1
brightened 1
broad 1
broad 1
broad 1
broad 1
broad 1
broad 1
brushing 1
bucket 1
bucket 1
bucket 1
built 1
built 1
built 1
built 1
built 1
bushes 1
bushes 1
bushes 1
bushes 1
bushes 1
bushes 1
bushes 1
bushes 1
business 1
business 1
business 1
business 1
business 1
business 1
business 1
business 1
business 1
business 1
business 1
business 1
business 1
business 1
business 1
business 1
business 1
business 1
business 1
business 1
business 1
business 1
call 1
call 1
call 1
call 1
call 1
call 1
call 1
call 1
call 1
call 1
call 1
call 1
call 1
call 1
call 1
canvassed 1
canvassed 1
canvassed 1
car 1
carriage 1
catfish 1
caught 1
caught 1
caught 1
caught 1
caught 1
caught 1
caught 1
causing 1
cautioned 1
ceremonies 1
certain 1
certain 1
certain 1
certain 1
certain 1
certain 1
certain 1
certain 1
certain 1
certain 1
certain 1
certain 1
certain 1
certain 1
certain 1
chance 1
chance 1
chance 1
chance 1
chance 1
chance 1
chance 1
chance 1
chance 1
chance 1
chance 1
chance 1
chance 1
chance 1
chance 1
chance 1
chance 1
chance 1
chance 1
changed 1
changed 1
changed 1
changed 1
charities 1
charity 1
check 1
check 1
chewed 1
chewed 1
chin 1
chin 1
chin 1
chin 1
chin 1
chirping 1
ciphered 1
clattered 1
clews 1
clip 1
clock 1
clock 1
clock 1
clock 1
clock 1
clock 1
clock 1
clock 1
clock 1
clock 1
clock 1
clock 1
cloth 1
coaches 1
coast 1
coats 1
codes 1
coins 1
coins 1
colors 1
combat 1
comfortable 1
comfortable 1
comfortable 1
comfortable 1
comfortable 1
comfortable 1
committed 1
committed 1
commonplace 1
commonplace 1
companionship 1
computers 1
computers 1
concealed 1
conceive 1
conduct 1
conduct 1
conduct 1
conscience 1
conscience 1
conscience 1
conscience 1
conscience 1
conscience 1
conscience 1
conscience 1
conscience 1
conscience 1
conscience 1
conscience 1
conscience 1
conscience 1
conscience 1
conscious 1
conscious 1
conscious 1
conscious 1
consequences 1
considered 1
considered 1
considered 1
considered 1
considered 1
considered 1
considered 1
considered 1
considered 1
considered 1
considered 1
consisted 1
consisted 1
constables 1
contented 1
convulsion 1
coppers 1
corn 1
corn 1
corn 1
corn 1
corn 1
corporation 1
counsellor 1
counterfeit 1
county 1
county 1
county 1
couple 1
couple 1
couple 1
couple 1
couple 1
couple 1
couple 1
couple 1
couple 1
couple 1
couple 1
couple 1
courage 1
courses 1
courted 1
creaking 1
cream 1
cream 1
cream 1
cream 1
crevices 1
crevices 1
crime 1
crime 1
crime 1
crime 1
crime 1
crowded 1
crowded 1
crowned 1
crowned 1
crowned 1
cry 1
cry 1
cry 1
cry 1
cry 1
cry 1
cry 1
cry 1
cry 1
cry 1
cry 1
cry 1
cry 1
cry 1
cry 1
cry 1
cry 1
dasn 1
dasn 1
dasn 1
data 1
dead 1
dead 1
dead 1
dead 1
dead 1
dead 1
dead 1
dead 1
dead 1
dead 1
dead 1
dead 1
dead 1
dead 1
dead 1
dead 1
dead 1
dead 1
dead 1
dead 1
dead 1
dead 1
dead 1
dead 1
dead 1
dead 1
dead 1
dead 1
dead 1
dead 1
dead 1
dead 1
dead 1
dead 1
dead 1
dead 1
dead 1
dead 1
dead 1
dead 1
dead 1
dead 1
dead 1
dead 1
dead 1
dead 1
dead 1
dead 1
dead 1
dead 1
dead 1
dead 1
dead 1
dead 1
dead 1
dead 1
dead 1
dead 1
dead 1
dead 1
dead 1
dead 1
dead 1
dead 1
dead 1
dead 1
dearest 1
defeated 1
defence 1
defence 1
delayed 1
delayed 1
demanded 1
demanded 1
depths 1
depths 1
depths 1
describing 1
desire 1
desire 1
desire 1
desire 1
desire 1
desire 1
desire 1
desire 1
dessertspoonful 1
device 1
devilment 1
dim 1
dim 1
dim 1
dim 1
dim 1
dim 1
dim 1
dim 1
dim 1
dimes 1
ding 1
ding 1
disappointed 1
disappointed 1
discipline 1
discipline 1
discovery 1
discovery 1
discovery 1
dissatisfaction 1
distinct 1
distinct 1
distinct 1
distinct 1
distinction 1
distinction 1
distinction 1
distressed 1
distressed 1
distribution 1
distribution 1
distribution 1
distribution 1
distribution 1
distribution 1
disturbed 1
disturbed 1
disturbed 1
disturbed 1
disturbed 1
disturbed 1
disturbed 1
disturbed 1
disturbed 1
dizzy 1
dosing 1
doubt 1
doubt 1
doubt 1
doubt 1
doubt 1
doubt 1
doubt 1
doubt 1
doubt 1
drawing 1
drawing 1
drawing 1
drawing 1
drawing 1
dread 1
dread 1
dread 1
dread 1
dread 1
dread 1
dressed 1
dressed 1
dressed 1
dressed 1
dressed 1
dressed 1
dressed 1
dressed 1
dressed 1
dressed 1
dressed 1
dressed 1
dressed 1
driven 1
driven 1
driven 1
driven 1
driven 1
dropped 1
dropped 1
dropped 1
dropped 1
dropped 1
dropped 1
dropped 1
dropped 1
dropped 1
dropped 1
dropped 1
dropped 1
dropped 1
dropped 1
dropped 1
dropped 1
dropped 1
dropped 1
dropped 1
dropped 1
dropped 1
drum 1
drum 1
duly 1
eBook 1
eBook 1
eBook 1
eBook 1
eBook 1
eBook 1
ear 1
ear 1
ear 1
ear 1
ear 1
ear 1
ear 1
ear 1
ear 1
ear 1
ear 1
ear 1
ear 1
ear 1
ear 1
ear 1
eased 1
eating 1
eating 1
eating 1
ecstasy 1
ecstasy 1
eggs 1
eggs 1
eggs 1
elaborately 1
elaborately 1
elapsed 1
electrified 1
elm 1
elm 1
elm 1
emphasize 1
enchanted 1
envying 1
erased 1
erected 1
evanescent 1
ever 1
ever 1
ever 1
ever 1
ever 1
ever 1
ever 1
ever 1
ever 1
ever 1
ever 1
ever 1
ever 1
ever 1
ever 1
ever 1
ever 1
ever 1
ever 1
ever 1
ever 1
ever 1
ever 1
ever 1
ever 1
ever 1
ever 1
ever 1
ever 1
ever 1
ever 1
ever 1
ever 1
ever 1
ever 1
ever 1
ever 1
ever 1
ever 1
ever 1
ever 1
ever 1
ever 1
ever 1
ever 1
ever 1
ever 1
ever 1
ever 1
ever 1
ever 1
ever 1
ever 1
ever 1
ever 1
ever 1
ever 1
ever 1
ever 1
ever 1
ever 1
ever 1
ever 1
ever 1
ever 1
ever 1
ever 1
ever 1
ever 1
ever 1
ever 1
ever 1
ever 1
ever 1
ever 1
ever 1
ever 1
ever 1
ever 1
ever 1
ever 1
ever 1
ever 1
ever 1
ever 1
ever 1
ever 1
ever 1
ever 1
ever 1
ever 1
ever 1
ever 1
ever 1
ever 1
ever 1
ever 1
ever 1
ever 1
exactly 1
exactly 1
exactly 1
exactly 1
exactly 1
exactly 1
exactly 1
excited 1
excited 1
excited 1
executing 1
exists 1
exit 1
expected 1
expected 1
expected 1
experience 1
experience 1
experience 1
experimenter 1
expiring 1
exporting 1
eying 1
eying 1
fact 1
fact 1
fact 1
fact 1
fact 1
fact 1
fact 1
fact 1
fact 1
fade 1
fascinated 1
fault 1
fault 1
favorite 1
favorite 1
fearing 1
fearing 1
feathers 1
feebleness 1
fellows 1
fellows 1
fences 1
ferryboat 1
ferryboat 1
ferryboat 1
ferryboat 1
ferryboat 1
ferryboat 1
ferryboat 1
ferryboat 1
ferryboat 1
ferryboat 1
fidgetings 1
fine 1
fine 1
fine 1
fine 1
fine 1
fine 1
fine 1
fine 1
fine 1
fine 1
fine 1
fine 1
fine 1
fine 1
fine 1
fine 1
fingers 1
fingers 1
fingers 1
fingers 1
fingers 1
fingers 1
fingers 1
fingers 1
fishes 1
flag 1
flag 1
flag 1
flapped 1
flapped 1
flesh 1
flesh 1
flesh 1
floating 1
floating 1
flocked 1
flocked 1
flocked 1
flogged 1
flogged 1
flooding 1
floor 1
floor 1
floor 1
floor 1
floor 1
floor 1
floor 1
floor 1
floor 1
floor 1
floor 1
floor 1
floor 1
fluctuating 1
fluttering 1
fluttering 1
fluttering 1
fluttering 1
fog 1
fog 1
folly 1
foot 1
foot 1
foot 1
foot 1
foot 1
foot 1
foot 1
foot 1
foot 1
foot 1
foot 1
foot 1
foot 1
foot 1
foot 1
foot 1
foot 1
foot 1
foot 1
foot 1
foot 1
forehead 1
freedom 1
fruit 1
fugitives 1
function 1
funereal 1
funny 1
funny 1
furnished 1
fury 1
gaily 1
gayly 1
gayly 1
gayly 1
genial 1
ghastly 1
ghastly 1
ghastly 1
ghastly 1
ghastly 1
gilding 1
glance 1
glance 1
glance 1
glance 1
glance 1
glaring 1
gloom 1
gloom 1
gloom 1
gloom 1
gloom 1
gloom 1
gloom 1
gloom 1
gnawed 1
goes 1
goes 1
goes 1
going 1
going 1
going 1
going 1
going 1
going 1
going 1
going 1
going 1
going 1
going 1
going 1
going 1
going 1
going 1
going 1
going 1
going 1
going 1
going 1
going 1
going 1
going 1
going 1
going 1
going 1
going 1
going 1
going 1
going 1
going 1
going 1
going 1
going 1
going 1
going 1
going 1
going 1
going 1
going 1
going 1
going 1
going 1
going 1
going 1
going 1
going 1
going 1
going 1
going 1
going 1
going 1
going 1
going 1
going 1
going 1
going 1
going 1
going 1
going 1
going 1
going 1
going 1
going 1
going 1
going 1
going 1
going 1
going 1
going 1
going 1
going 1
going 1
going 1
goodly 1
grandmothers 1
grandmothers 1
grass 1
grass 1
grass 1
grass 1
grass 1
grass 1
grass 1
grass 1
grieve 1
grieve 1
grip 1
grub 1
guidance 1
guiltiest 1
guilty 1
h 1
h 1
hail 1
handy 1
handy 1
handy 1
handy 1
happy 1
happy 1
happy 1
happy 1
happy 1
happy 1
happy 1
happy 1
happy 1
happy 1
happy 1
happy 1
happy 1
happy 1
happy 1
hardly 1
hardly 1
hardly 1
hardly 1
hardly 1
hardly 1
hardly 1
hardly 1
hardly 1
hardly 1
hardly 1
hardly 1
hardly 1
hardly 1
hardly 1
hardly 1
hardly 1
harmony 1
harmony 1
hated 1
hated 1
hated 1
hated 1
hated 1
haven 1
haven 1
haven 1
haven 1
haven 1
haven 1
headboard 1
headboard 1
heart 1
heart 1
heart 1
heart 1
heart 1
heart 1
heart 1
heart 1
heart 1
heart 1
heart 1
heart 1
heart 1
heart 1
heart 1
heart 1
heart 1
heart 1
heart 1
heart 1
heart 1
heart 1
heart 1
heart 1
heart 1
heart 1
heart 1
heart 1
heart 1
heart 1
heart 1
heart 1
heart 1
heart 1
heart 1
heart 1
heart 1
heart 1
heart 1
heart 1
heart 1
heart 1
heart 1
heart 1
heart 1
heart 1
heart 1
heart 1
heart 1
heart 1
heart 1
heart 1
heart 1
heart 1
heart 1
heart 1
heart 1
heart 1
heart 1
heart 1
heart 1
heart 1
heart 1
heart 1
heart 1
heart 1
heart 1
heart 1
heart 1
hearth 1
heavens 1
heaving 1
hendering 1
hermits 1
heroic 1
hilarity 1
hillside 1
hilts 1
hogsheads 1
hogsheads 1
hogsheads 1
hogsheads 1
holi 1
homeless 1
homeless 1
hope 1
hope 1
hope 1
hope 1
hope 1
hope 1
hope 1
hope 1
hope 1
hope 1
hope 1
hope 1
hope 1
hope 1
hope 1
hope 1
hope 1
hope 1
hope 1
hope 1
hope 1
hope 1
hope 1
hope 1
hope 1
hope 1
hope 1
hope 1
hope 1
hope 1
hope 1
hope 1
hopelessness 1
hopelessness 1
horses 1
hospitality 1
hospitality 1
house 1
house 1
house 1
house 1
house 1
house 1
house 1
house 1
house 1
house 1
house 1
house 1
house 1
house 1
house 1
house 1
house 1
house 1
house 1
house 1
house 1
house 1
house 1
house 1
house 1
house 1
house 1
house 1
house 1
house 1
house 1
house 1
house 1
house 1
house 1
house 1
house 1
house 1
house 1
house 1
house 1
house 1
house 1
house 1
house 1
house 1
house 1
house 1
house 1
house 1
house 1
house 1
house 1
house 1
house 1
house 1
house 1
house 1
house 1
house 1
house 1
house 1
house 1
house 1
house 1
howl 1
howl 1
howl 1
howl 1
hulled 1
humans 1
hungered 1
hungrier 1
hunted 1
hunted 1
hunted 1
hunted 1
hush 1
hush 1
hush 1
hush 1
hush 1
hush 1
hush 1
hush 1
ignorance 1
imagine 1
implore 1
inarticulately 1
inch 1
inch 1
indicating 1
indifference 1
indifference 1
indifference 1
indulged 1
infested 1
ingenuity 1
ink 1
ink 1
ink 1
inquests 1
inquests 1
inquests 1
inquiring 1
inquiring 1
inquiring 1
inquiring 1
inspection 1
inspection 1
instead 1
instead 1
instead 1
instead 1
instead 1
inted 1
intellectual 1
intellectual 1
intending 1
intending 1
interfere 1
interfere 1
interfered 1
interfered 1
inwardly 1
inwardly 1
inwardly 1
inwardly 1
is 1
is 1
is 1
is 1
is 1
is 1
is 1
is 1
is 1
is 1
is 1
is 1
is 1
is 1
is 1
is 1
is 1
is 1
is 1
is 1
is 1
is 1
is 1
is 1
is 1
is 1
is 1
is 1
is 1
is 1
is 1
is 1
is 1
is 1
is 1
is 1
is 1
is 1
is 1
is 1
is 1
is 1
is 1
is 1
is 1
is 1
is 1
is 1
is 1
is 1
is 1
is 1
is 1
is 1
is 1
is 1
is 1
is 1
is 1
is 1
is 1
is 1
is 1
is 1
is 1
is 1
is 1
is 1
is 1
is 1
is 1
is 1
is 1
is 1
is 1
is 1
is 1
is 1
is 1
is 1
is 1
is 1
is 1
is 1
is 1
is 1
is 1
is 1
is 1
is 1
is 1
is 1
is 1
is 1
is 1
is 1
is 1
is 1
is 1
is 1
is 1
is 1
is 1
is 1
is 1
is 1
is 1
is 1
is 1
is 1
is 1
is 1
is 1
is 1
is 1
is 1
is 1
is 1
is 1
is 1
is 1
is 1
is 1
is 1
is 1
is 1
is 1
is 1
is 1
is 1
is 1
is 1
is 1
is 1
is 1
is 1
is 1
is 1
is 1
is 1
is 1
is 1
is 1
is 1
is 1
is 1
is 1
is 1
is 1
is 1
is 1
is 1
is 1
is 1
is 1
is 1
is 1
is 1
is 1
is 1
is 1
is 1
is 1
is 1
is 1
is 1
is 1
is 1
is 1
is 1
is 1
is 1
is 1
is 1
is 1
is 1
is 1
is 1
is 1
is 1
is 1
is 1
is 1
is 1
is 1
is 1
is 1
is 1
is 1
is 1
is 1
is 1
is 1
is 1
is 1
is 1
is 1
is 1
is 1
islands 1
islands 1
its 1
its 1
its 1
its 1
its 1
its 1
its 1
its 1
its 1
its 1
its 1
its 1
its 1
its 1
its 1
its 1
its 1
its 1
its 1
its 1
its 1
its 1
its 1
its 1
its 1
its 1
its 1
its 1
its 1
its 1
its 1
its 1
its 1
its 1
its 1
its 1
its 1
its 1
its 1
its 1
its 1
its 1
its 1
its 1
its 1
its 1
its 1
its 1
its 1
its 1
its 1
its 1
its 1
its 1
its 1
its 1
its 1
its 1
its 1
its 1
its 1
its 1
its 1
its 1
its 1
its 1
its 1
its 1
its 1
its 1
its 1
its 1
its 1
its 1
its 1
its 1
its 1
its 1
its 1
its 1
jacket 1
jacket 1
jacket 1
jacket 1
jacket 1
jacket 1
jacket 1
jacket 1
jacket 1
jacket 1
jacket 1
jail 1
jail 1
jail 1
jail 1
jealousy 1
jeer 1
jeweled 1
juncture 1
keenly 1
keys 1
keys 1
keys 1
kisses 1
kisses 1
kites 1
kites 1
knees 1
knees 1
knees 1
knees 1
knees 1
knees 1
knees 1
knees 1
knees 1
knees 1
knelt 1
knelt 1
knelt 1
lacked 1
lacked 1
laden 1
ladies 1
ladies 1
ladies 1
ladies 1
ladies 1
ladies 1
ladies 1
lakes 1
lam 1
lam 1
lances 1
landed 1
landed 1
landed 1
landed 1
laughter 1
laughter 1
laughter 1
laughter 1
laughter 1
laughter 1
laughter 1
laughter 1
law 1
law 1
law 1
law 1
learnt 1
leaves 1
leaves 1
leaves 1
leaves 1
leaves 1
leaves 1
leaves 1
leaving 1
leaving 1
leaving 1
leaving 1
legged 1
lemme 1
lemme 1
lidless 1
lifted 1
lifted 1
lifted 1
lifted 1
lifted 1
lifted 1
lifted 1
lifted 1
lifted 1
lifted 1
lightened 1
lightest 1
limb 1
limb 1
limb 1
limb 1
limb 1
limb 1
limestone 1
limestone 1
line 1
line 1
line 1
line 1
line 1
line 1
line 1
line 1
line 1
line 1
line 1
line 1
line 1
line 1
line 1
line 1
line 1
line 1
line 1
liquid 1
liquid 1
liquor 1
liquor 1
liquor 1
listlessly 1
listlessly 1
literally 1
located 1
located 1
located 1
located 1
loitered 1
lonesome 1
lonesome 1
lonesome 1
long 1
long 1
long 1
long 1
long 1
long 1
long 1
long 1
long 1
long 1
long 1
long 1
long 1
long 1
long 1
long 1
long 1
long 1
long 1
long 1
long 1
long 1
long 1
long 1
long 1
long 1
long 1
long 1
long 1
long 1
long 1
long 1
long 1
long 1
long 1
long 1
long 1
long 1
long 1
long 1
long 1
long 1
long 1
long 1
long 1
long 1
long 1
long 1
long 1
long 1
long 1
long 1
long 1
long 1
long 1
long 1
long 1
long 1
long 1
long 1
long 1
long 1
long 1
long 1
long 1
long 1
long 1
long 1
long 1
long 1
long 1
long 1
long 1
long 1
long 1
long 1
long 1
long 1
long 1
long 1
long 1
long 1
long 1
long 1
long 1
long 1
long 1
long 1
long 1
long 1
long 1
long 1
long 1
long 1
long 1
long 1
long 1
long 1
long 1
long 1
long 1
long 1
long 1
long 1
long 1
long 1
long 1
long 1
longest 1
longest 1
longest 1
loose 1
loose 1
loose 1
loose 1
loose 1
loose 1
lovingly 1
lulled 1
ma 1
magical 1
majestic 1
majestic 1
majestic 1
majestic 1
make 1
make 1
make 1
make 1
make 1
make 1
make 1
make 1
make 1
make 1
make 1
make 1
make 1
make 1
make 1
make 1
make 1
make 1
make 1
make 1
make 1
make 1
make 1
make 1
make 1
make 1
make 1
make 1
make 1
make 1
make 1
make 1
make 1
make 1
make 1
make 1
make 1
make 1
make 1
make 1
make 1
make 1
make 1
make 1
make 1
make 1
make 1
make 1
make 1
make 1
make 1
make 1
make 1
make 1
make 1
make 1
make 1
make 1
man 1
man 1
man 1
man 1
man 1
man 1
man 1
man 1
man 1
man 1
man 1
man 1
man 1
man 1
man 1
man 1
man 1
man 1
man 1
man 1
man 1
man 1
man 1
man 1
man 1
man 1
man 1
man 1
man 1
man 1
man 1
man 1
man 1
man 1
man 1
man 1
man 1
man 1
man 1
man 1
man 1
man 1
man 1
man 1
man 1
man 1
man 1
man 1
man 1
man 1
man 1
man 1
man 1
man 1
man 1
man 1
man 1
man 1
man 1
map 1
marbles 1
marbles 1
marbles 1
marbles 1
marbles 1
marbles 1
marbles 1
married 1
married 1
married 1
marvelled 1
marvellous 1
maximum 1
meantime 1
meantime 1
measured 1
measured 1
medicine 1
medicine 1
meditating 1
memorial 1
men 1
men 1
men 1
men 1
men 1
men 1
men 1
men 1
men 1
men 1
men 1
men 1
men 1
men 1
men 1
men 1
men 1
men 1
men 1
men 1
men 1
men 1
men 1
men 1
men 1
men 1
men 1
men 1
men 1
men 1
men 1
men 1
men 1
men 1
men 1
men 1
men 1
men 1
men 1
men 1
men 1
men 1
men 1
meowing 1
met 1
met 1
met 1
met 1
met 1
met 1
met 1
met 1
mid 1
mid 1
millionth 1
miscreant 1
mistake 1
mistake 1
moaned 1
moaned 1
moaned 1
moaned 1
moccasins 1
morning 1
morning 1
morning 1
morning 1
morning 1
morning 1
morning 1
morning 1
morning 1
morning 1
morning 1
morning 1
morning 1
morning 1
morning 1
morning 1
morning 1
morning 1
morning 1
morning 1
morning 1
morning 1
morning 1
morning 1
morning 1
morning 1
morning 1
morning 1
morning 1
morning 1
morning 1
morning 1
morning 1
morning 1
morrow 1
morrow 1
muck 1
mud 1
munched 1
murdered 1
murdered 1
murdered 1
murdered 1
murdered 1
murmur 1
murmur 1
murmur 1
murmur 1
murmur 1
murmur 1
muster 1
narrower 1
nations 1
natures 1
never 1
never 1
never 1
never 1
never 1
never 1
never 1
never 1
never 1
never 1
never 1
never 1
never 1
never 1
never 1
never 1
never 1
never 1
never 1
never 1
never 1
never 1
never 1
never 1
never 1
never 1
never 1
never 1
never 1
never 1
never 1
never 1
never 1
never 1
never 1
never 1
never 1
never 1
never 1
never 1
never 1
never 1
never 1
never 1
never 1
never 1
never 1
never 1
never 1
never 1
never 1
never 1
never 1
never 1
never 1
never 1
never 1
never 1
never 1
never 1
never 1
never 1
never 1
never 1
never 1
never 1
never 1
never 1
never 1
never 1
never 1
never 1
never 1
never 1
never 1
never 1
never 1
never 1
never 1
never 1
never 1
never 1
never 1
never 1
never 1
never 1
never 1
never 1
never 1
never 1
never 1
never 1
never 1
never 1
never 1
never 1
never 1
never 1
never 1
never 1
never 1
never 1
never 1
never 1
never 1
never 1
never 1
never 1
never 1
never 1
never 1
never 1
never 1
never 1
never 1
never 1
never 1
never 1
never 1
never 1
never 1
never 1
never 1
never 1
nic 1
nipped 1
nipped 1
nobler 1
noisy 1
noisy 1
nonproprietary 1
noticed 1
noticed 1
noticed 1
noticed 1
noticed 1
noticed 1
noticed 1
noticed 1
noticed 1
noticed 1
noticed 1
noticed 1
noticed 1
noticed 1
now 1
now 1
now 1
now 1
now 1
now 1
now 1
now 1
now 1
now 1
now 1
now 1
now 1
now 1
now 1
now 1
now 1
now 1
now 1
now 1
now 1
now 1
now 1
now 1
now 1
now 1
now 1
now 1
now 1
now 1
now 1
now 1
now 1
now 1
now 1
now 1
now 1
now 1
now 1
now 1
now 1
now 1
now 1
now 1
now 1
now 1
now 1
now 1
now 1
now 1
now 1
now 1
now 1
now 1
now 1
now 1
now 1
now 1
now 1
now 1
now 1
now 1
now 1
now 1
now 1
now 1
now 1
now 1
now 1
now 1
now 1
now 1
now 1
now 1
now 1
now 1
now 1
now 1
now 1
now 1
now 1
now 1
now 1
now 1
now 1
now 1
now 1
now 1
now 1
now 1
now 1
now 1
now 1
now 1
now 1
now 1
now 1
now 1
now 1
now 1
now 1
now 1
now 1
now 1
now 1
now 1
now 1
now 1
now 1
now 1
now 1
now 1
now 1
now 1
now 1
now 1
now 1
now 1
now 1
now 1
now 1
now 1
now 1
now 1
now 1
now 1
now 1
now 1
now 1
now 1
now 1
now 1
now 1
now 1
now 1
now 1
now 1
now 1
now 1
now 1
now 1
now 1
now 1
now 1
now 1
now 1
now 1
now 1
now 1
now 1
now 1
now 1
now 1
now 1
now 1
now 1
now 1
now 1
now 1
now 1
now 1
now 1
now 1
now 1
now 1
now 1
now 1
now 1
now 1
now 1
now 1
now 1
now 1
now 1
now 1
now 1
now 1
now 1
now 1
now 1
now 1
now 1
now 1
now 1
now 1
now 1
now 1
now 1
now 1
now 1
now 1
now 1
now 1
nt 1
nt 1
nuisance 1
nuts 1
oath 1
oath 1
oath 1
oath 1
obedient 1
obeyed 1
opening 1
opening 1
opening 1
opening 1
oppressive 1
oppressive 1
other 1
other 1
other 1
other 1
other 1
other 1
other 1
other 1
other 1
other 1
other 1
other 1
other 1
other 1
other 1
other 1
other 1
other 1
other 1
other 1
other 1
other 1
other 1
other 1
other 1
other 1
other 1
other 1
other 1
other 1
other 1
other 1
other 1
other 1
other 1
other 1
other 1
other 1
other 1
other 1
other 1
other 1
other 1
other 1
other 1
other 1
other 1
other 1
other 1
other 1
other 1
other 1
other 1
other 1
other 1
other 1
other 1
other 1
other 1
other 1
other 1
other 1
other 1
other 1
other 1
other 1
other 1
other 1
other 1
other 1
other 1
other 1
other 1
other 1
other 1
other 1
other 1
other 1
other 1
other 1
other 1
other 1
other 1
other 1
other 1
other 1
other 1
other 1
other 1
other 1
other 1
other 1
other 1
other 1
other 1
other 1
other 1
other 1
other 1
other 1
other 1
other 1
other 1
other 1
other 1
other 1
other 1
other 1
other 1
other 1
other 1
other 1
other 1
other 1
other 1
other 1
other 1
other 1
other 1
other 1
otherwise 1
otherwise 1
out 1
out 1
out 1
out 1
out 1
out 1
out 1
out 1
out 1
out 1
out 1
out 1
out 1
out 1
out 1
out 1
out 1
out 1
out 1
out 1
out 1
out 1
out 1
out 1
out 1
out 1
out 1
out 1
out 1
out 1
out 1
out 1
out 1
out 1
out 1
out 1
out 1
out 1
out 1
out 1
out 1
out 1
out 1
out 1
out 1
out 1
out 1
out 1
out 1
out 1
out 1
out 1
out 1
out 1
out 1
out 1
out 1
out 1
out 1
out 1
out 1
out 1
out 1
out 1
out 1
out 1
out 1
out 1
out 1
out 1
out 1
out 1
out 1
out 1
out 1
out 1
out 1
out 1
out 1
out 1
out 1
out 1
out 1
out 1
out 1
out 1
out 1
out 1
out 1
out 1
out 1
out 1
out 1
out 1
out 1
out 1
out 1
out 1
out 1
out 1
out 1
out 1
out 1
out 1
out 1
out 1
out 1
out 1
out 1
out 1
out 1
out 1
out 1
out 1
out 1
out 1
out 1
out 1
out 1
out 1
out 1
out 1
out 1
out 1
out 1
out 1
out 1
out 1
out 1
out 1
out 1
out 1
out 1
out 1
out 1
out 1
out 1
out 1
out 1
out 1
out 1
out 1
out 1
out 1
out 1
out 1
out 1
out 1
out 1
out 1
out 1
out 1
out 1
out 1
out 1
out 1
out 1
out 1
out 1
out 1
out 1
out 1
out 1
out 1
out 1
out 1
out 1
out 1
out 1
out 1
out 1
out 1
out 1
out 1
out 1
out 1
out 1
out 1
out 1
out 1
out 1
out 1
out 1
out 1
out 1
out 1
out 1
out 1
out 1
out 1
out 1
out 1
out 1
out 1
out 1
out 1
out 1
out 1
out 1
out 1
out 1
out 1
out 1
out 1
out 1
out 1
out 1
out 1
out 1
out 1
out 1
out 1
out 1
out 1
out 1
out 1
out 1
out 1
out 1
out 1
out 1
out 1
out 1
out 1
out 1
out 1
out 1
out 1
out 1
out 1
out 1
out 1
out 1
out 1
out 1
out 1
out 1
out 1
out 1
out 1
out 1
out 1
out 1
out 1
out 1
out 1
out 1
out 1
out 1
out 1
out 1
out 1
out 1
out 1
out 1
out 1
out 1
out 1
out 1
out 1
out 1
out 1
out 1
out 1
out 1
out 1
out 1
out 1
out 1
out 1
out 1
out 1
out 1
out 1
out 1
out 1
outdated 1
outspoken 1
paid 1
paid 1
paid 1
paid 1
paid 1
paid 1
paid 1
paid 1
pallet 1
pallid 1
paper 1
paper 1
paper 1
paper 1
paper 1
paper 1
paper 1
paper 1
pardon 1
pardon 1
passenger 1
patent 1
pay 1
pay 1
pay 1
pay 1
pay 1
peppering 1
perch 1
perennial 1
permanent 1
persecuted 1
persons 1
persons 1
persons 1
persuasively 1
petrified 1
piece 1
piece 1
piece 1
piece 1
piece 1
piece 1
piece 1
piece 1
piece 1
piece 1
piece 1
piece 1
pinchbug 1
pinchbug 1
pinchbug 1
pipe 1
pipe 1
pipe 1
pipe 1
pipe 1
pipe 1
pipe 1
pipe 1
pipe 1
pirating 1
pirating 1
pirating 1
pirating 1
planet 1
planking 1
planted 1
plastered 1
playing 1
playing 1
playing 1
playing 1
playing 1
plea 1
pleasantest 1
pleasurable 1
pleasurable 1
plumes 1
powers 1
practically 1
precisely 1
pretend 1
pretty 1
pretty 1
pretty 1
pretty 1
pretty 1
pretty 1
pretty 1
pretty 1
pretty 1
pretty 1
pretty 1
pretty 1
pretty 1
pretty 1
pretty 1
pretty 1
prevent 1
prevent 1
prey 1
priceless 1
pricked 1
pricked 1
pricked 1
proceed 1
proceed 1
proclaimed 1
procured 1
profanity 1
professing 1
proof 1
proper 1
proper 1
proper 1
proper 1
proper 1
prophecy 1
proposed 1
proposed 1
punctuation 1
pupil 1
pupil 1
purple 1
purpose 1
purpose 1
purpose 1
purpose 1
purpose 1
pushing 1
pushing 1
quarrel 1
quarrel 1
queen 1
questioning 1
quicksilver 1
quoted 1
r 1
ragged 1
ragged 1
ragged 1
ragged 1
ragged 1
ragged 1
raging 1
raging 1
raindrops 1
rang 1
rang 1
readable 1
readable 1
real 1
real 1
real 1
real 1
real 1
real 1
real 1
real 1
rearward 1
rearward 1
rearward 1
rearward 1
receiving 1
recorded 1
reel 1
refreshed 1
reg 1
reg 1
regular 1
regular 1
regular 1
remark 1
remark 1
remark 1
remark 1
remark 1
remark 1
remembered 1
remembered 1
remembered 1
remembered 1
remembered 1
remembered 1
remembered 1
representing 1
representing 1
researched 1
resolved 1
resolved 1
resolved 1
resolved 1
resolved 1
resolved 1
respectable 1
respectable 1
respectable 1
respectable 1
resumption 1
retiring 1
revealments 1
revelations 1
revenge 1
revenge 1
revenge 1
revenge 1
revenge 1
revenge 1
revenge 1
revenge 1
revenge 1
reverently 1
rival 1
river 1
river 1
river 1
river 1
river 1
river 1
river 1
river 1
river 1
river 1
river 1
river 1
river 1
river 1
river 1
river 1
river 1
river 1
river 1
river 1
river 1
river 1
river 1
riverbank 1
roglyphics 1
roglyphics 1
romping 1
roused 1
roused 1
roused 1
roused 1
roused 1
roused 1
rowing 1
rowing 1
royalties 1
royalties 1
royalty 1
rubbage 1
rubbage 1
rude 1
rude 1
ruin 1
ruin 1
ruin 1
ruin 1
ruin 1
ruin 1
ruin 1
rum 1
rustling 1
rustling 1
rustling 1
rustling 1
rustling 1
rustling 1
sackcloth 1
sackcloth 1
safest 1
sailed 1
satisfaction 1
satisfaction 1
satisfaction 1
scene 1
scene 1
scene 1
scene 1
scene 1
scene 1
scene 1
scholar 1
schoolhouse 1
schoolhouse 1
schoolhouse 1
schoolhouse 1
schoolhouse 1
schoolhouse 1
schoolhouse 1
schoolmates 1
schoolmates 1
schoolmates 1
schoolmates 1
schoolyard 1
schoolyard 1
scoldings 1
scrape 1
scrape 1
scrape 1
scrape 1
scratch 1
scratch 1
scrubbed 1
scuffle 1
scuttle 1
scuttle 1
searchers 1
searchers 1
searchers 1
searchers 1
seas 1
seas 1
seas 1
seas 1
seated 1
seated 1
seated 1
seated 1
seated 1
secrecy 1
secrecy 1
secret 1
secret 1
secret 1
secret 1
secret 1
secret 1
secret 1
secret 1
secret 1
secret 1
secret 1
secret 1
secret 1
secret 1
securely 1
seized 1
seized 1
seized 1
seized 1
seized 1
seized 1
seized 1
seized 1
seized 1
seized 1
seized 1
seized 1
sell 1
sell 1
sensation 1
sensation 1
sensation 1
severer 1
shake 1
shake 1
shake 1
shake 1
shake 1
shed 1
shed 1
shed 1
shed 1
sheepishly 1
sheepishly 1
sheriffs 1
shift 1
shift 1
shingle 1
shingle 1
shingle 1
ship 1
ship 1
shirt 1
shirt 1
shirt 1
shirt 1
shirt 1
shirt 1
shivered 1
shoes 1
shoes 1
shoes 1
shoes 1
shouted 1
shouted 1
shouted 1
shouted 1
shouted 1
shouted 1
shouted 1
shouted 1
shouted 1
shouted 1
shouted 1
shovels 1
shovels 1
sick 1
sick 1
sick 1
sick 1
sick 1
sick 1
sick 1
sick 1
sick 1
sick 1
sidling 1
sin 1
sin 1
since 1
since 1
since 1
since 1
since 1
since 1
since 1
since 1
since 1
since 1
since 1
since 1
since 1
since 1
since 1
since 1
since 1
sister 1
skirted 1
slept 1
slept 1
slept 1
slept 1
slept 1
slept 1
slept 1
slept 1
slept 1
slept 1
smitten 1
smooth 1
smoothing 1
smothering 1
snaked 1
snatched 1
snatched 1
snatched 1
snatched 1
snatched 1
snatched 1
snatched 1
snatched 1
sneeze 1
sneeze 1
snores 1
snuggest 1
sobbing 1
sobbing 1
sobbing 1
sobbing 1
societies 1
soiled 1
solemnity 1
solemnity 1
solemnity 1
sombre 1
sombre 1
some 1
some 1
some 1
some 1
some 1
some 1
some 1
some 1
some 1
some 1
some 1
some 1
some 1
some 1
some 1
some 1
some 1
some 1
some 1
some 1
some 1
some 1
some 1
some 1
some 1
some 1
some 1
some 1
some 1
some 1
some 1
some 1
some 1
some 1
some 1
some 1
some 1
some 1
some 1
some 1
some 1
some 1
some 1
some 1
some 1
some 1
some 1
some 1
some 1
some 1
some 1
some 1
some 1
some 1
some 1
some 1
some 1
some 1
some 1
some 1
some 1
some 1
some 1
some 1
some 1
some 1
some 1
some 1
some 1
some 1
some 1
some 1
some 1
some 1
some 1
some 1
some 1
some 1
some 1
some 1
some 1
some 1
some 1
some 1
some 1
some 1
some 1
some 1
some 1
some 1
some 1
some 1
some 1
some 1
some 1
some 1
some 1
some 1
some 1
some 1
some 1
some 1
some 1
some 1
some 1
some 1
some 1
some 1
some 1
some 1
something 1
something 1
something 1
something 1
something 1
something 1
something 1
something 1
something 1
something 1
something 1
something 1
something 1
something 1
something 1
something 1
something 1
something 1
something 1
something 1
something 1
something 1
something 1
something 1
something 1
something 1
something 1
something 1
something 1
something 1
something 1
something 1
something 1
something 1
something 1
something 1
something 1
something 1
something 1
something 1
something 1
something 1
something 1
something 1
something 1
something 1
something 1
something 1
something 1
something 1
something 1
something 1
something 1
something 1
something 1
something 1
something 1
something 1
something 1
something 1
something 1
something 1
something 1
something 1
something 1
songs 1
sorely 1
sorrowfully 1
sorrowfully 1
sought 1
sought 1
sought 1
sought 1
sought 1
soundly 1
speaking 1
speaking 1
specially 1
speck 1
speck 1
speck 1
speck 1
sped 1
sped 1
sped 1
spilt 1
spit 1
splint 1
split 1
split 1
spoke 1
spoke 1
spoke 1
sponged 1
spumeflakes 1
squeezed 1
squeezed 1
squeezed 1
squeezed 1
staff 1
staff 1
stalagmites 1
standing 1
standing 1
standing 1
standing 1
standing 1
standing 1
standing 1
standing 1
standing 1
standing 1
standing 1
standing 1
standing 1
starting 1
steeped 1
stiff 1
stiff 1
stiff 1
stiff 1
stiffened 1
still 1
still 1
still 1
still 1
still 1
still 1
still 1
still 1
still 1
still 1
still 1
still 1
still 1
still 1
still 1
still 1
still 1
still 1
still 1
still 1
still 1
still 1
still 1
still 1
still 1
still 1
still 1
still 1
still 1
still 1
still 1
still 1
still 1
still 1
still 1
still 1
still 1
still 1
still 1
still 1
still 1
still 1
still 1
still 1
still 1
still 1
still 1
still 1
still 1
still 1
still 1
still 1
still 1
still 1
still 1
still 1
still 1
still 1
still 1
still 1
still 1
still 1
stock 1
stock 1
stopping 1
stragglers 1
stragglers 1
streets 1
struck 1
struck 1
struck 1
struck 1
struck 1
struck 1
struck 1
struck 1
struck 1
struck 1
struck 1
struck 1
struck 1
struck 1
struck 1
stuck 1
stuck 1
stuck 1
stuck 1
stuck 1
stuck 1
stumbled 1
stumbled 1
stumbled 1
sturdily 1
subdued 1
subdued 1
subdued 1
submit 1
substantial 1
substitute 1
succeeding 1
succeeding 1
sucking 1
sufferings 1
sufferings 1
sugar 1
sugar 1
sugar 1
sugar 1
sugar 1
sugar 1
sulked 1
sullied 1
sums 1
sunlight 1
sunset 1
surprising 1
suspense 1
swag 1
swag 1
swag 1
sweetmeats 1
sweetmeats 1
swelled 1
swelled 1
swords 1
swore 1
swore 1
swore 1
swore 1
symmetrical 1
table 1
table 1
table 1
table 1
tally 1
tarnished 1
teeth 1
teeth 1
teeth 1
teeth 1
teeth 1
teeth 1
tempt 1
terror 1
terror 1
terror 1
terror 1
terror 1
terror 1
terror 1
testimony 1
themselves 1
themselves 1
themselves 1
themselves 1
themselves 1
themselves 1
themselves 1
themselves 1
themselves 1
themselves 1
themselves 1
themselves 1
themselves 1
themselves 1
themselves 1
themselves 1
themselves 1
themselves 1
themselves 1
themselves 1
themselves 1
themselves 1
themselves 1
themselves 1
themselves 1
themselves 1
themselves 1
themselves 1
themselves 1
themselves 1
themselves 1
threatenings 1
throng 1
throng 1
throng 1
thumb 1
ticks 1
timidly 1
timidly 1
tis 1
tis 1
tooth 1
tooth 1
tooth 1
tooth 1
tooth 1
tooth 1
tooth 1
tooth 1
townward 1
tracked 1
trackless 1
tracks 1
tracks 1
tracks 1
tramp 1
traps 1
treatment 1
treatment 1
treatment 1
treatment 1
tree 1
tree 1
tree 1
tree 1
tree 1
tree 1
tree 1
tree 1
tree 1
tree 1
tree 1
tree 1
tree 1
tree 1
tree 1
tree 1
trilled 1
trust 1
trust 1
trust 1
trust 1
trust 1
unanimously 1
understanding 1
understanding 1
unearthed 1
unimaginable 1
uninstructed 1
uninterested 1
unknown 1
unknown 1
unless 1
unless 1
unless 1
unless 1
unnecessary 1
unobtrusive 1
unpeopled 1
unto 1
unwhitewashed 1
using 1
using 1
using 1
using 1
using 1
using 1
valance 1
varnished 1
vengeful 1
version 1
villager 1
visible 1
visible 1
visibly 1
volume 1
volume 1
volume 1
wailings 1
wall 1
wall 1
wall 1
wall 1
wall 1
wall 1
wall 1
wall 1
wall 1
wall 1
wall 1
wall 1
wall 1
wall 1
weight 1
weight 1
weight 1
weight 1
weight 1
wellnigh 1
wellnigh 1
whatever 1
whatever 1
wher 1
whippoorwill 1
whiskey 1
whiskey 1
whiskey 1
whiskey 1
whiskey 1
whit 1
whiz 1
whiz 1
whiz 1
widened 1
wind 1
wind 1
wind 1
wind 1
wind 1
wind 1
wind 1
wind 1
wind 1
wind 1
winding 1
winged 1
witched 1
wondered 1
wondered 1
wondered 1
wondered 1
wondered 1
wondered 1
wondered 1
wondered 1
wondered 1
wondered 1
wondered 1
wondered 1
wreaths 1
years 1
years 1
years 1
years 1
years 1
years 1
years 1
years 1
years 1
years 1
years 1
years 1
years 1
yelling 1
yelling 1
yer 1
yer 1
yesterday 1
yesterday 1
yesterday 1
yielded 1
yielded 1
yielded 1
yielded 1
youthful 1
