AS 1
Allegro 1
Allegro 1
Already 1
Among 1
Among 1
Anything 1
April 1
April 1
April 1
Archery 1
Are 1
Are 1
Are 1
Are 1
Are 1
Are 1
Arthur 1
Arthur 1
Arthur 1
Arthur 1
Arthur 1
Arthur 1
Arthur 1
Arthur 1
Arthur 1
Arthur 1
Arthur 1
Arthur 1
Arthur 1
Arthur 1
Arthur 1
Arthur 1
Arthur 1
Arthur 1
Arthur 1
Arthur 1
Arthur 1
Arthur 1
Arthur 1
Assizes 1
Assizes 1
Assizes 1
Assizes 1
Assizes 1
Assizes 1
Assizes 1
Atlantic 1
Atlantic 1
B 1
B 1
B 1
B 1
B 1
B 1
B 1
B 1
B 1
Bachelor 1
Backwater 1
Backwater 1
Backwater 1
Bakers 1
Bakers 1
Bankers 1
Behind 1
Beryl 1
Beryl 1
Better 1
Better 1
Boswell 1
Bow 1
Bow 1
Bradstreet 1
Bradstreet 1
Bradstreet 1
Bradstreet 1
Bradstreet 1
Bradstreet 1
Bradstreet 1
Bradstreet 1
Bradstreet 1
Bradstreet 1
Bradstreet 1
Bradstreet 1
Calhoun 1
Calhoun 1
California 1
California 1
California 1
Californian 1
Castle 1
Chamber 1
Charing 1
Charing 1
Clearly 1
Club 1
Continent 1
Contralto 1
Countess 1
Countess 1
Countess 1
Countess 1
Countess 1
Countess 1
Countess 1
Countess 1
Crowder 1
Crowder 1
Crowder 1
Cuvier 1
Director 1
Doran 1
Doran 1
Doran 1
Doran 1
Doran 1
Doran 1
Doran 1
Doran 1
Doran 1
Doran 1
Doran 1
Doran 1
Drink 1
EIN 1
Elise 1
Email 1
Endell 1
Eustace 1
Exactly 1
Excellent 1
Excellent 1
Excellent 1
Excellent 1
Executive 1
Faces 1
Fairbank 1
Fairbank 1
Father 1
Fire 1
Fire 1
Found 1
Francis 1
Francis 1
Francis 1
French 1
French 1
French 1
French 1
French 1
General 1
General 1
General 1
General 1
Grice 1
Hankey 1
Hardy 1
Hardy 1
Has 1
Has 1
Has 1
Has 1
Hatty 1
Hatty 1
Hatty 1
Hay 1
Henry 1
Henry 1
Henry 1
Henry 1
Henry 1
Henry 1
Henry 1
Henry 1
Henry 1
Henry 1
Hers 1
Holborn 1
Holborn 1
Hood 1
How 1
How 1
How 1
How 1
How 1
How 1
How 1
How 1
How 1
How 1
How 1
How 1
How 1
How 1
How 1
How 1
How 1
How 1
How 1
How 1
How 1
How 1
How 1
How 1
How 1
How 1
How 1
How 1
How 1
How 1
How 1
How 1
How 1
How 1
How 1
How 1
How 1
How 1
How 1
How 1
How 1
How 1
How 1
How 1
IDENTITY 1
II 1
II 1
II 1
IMPLIED 1
IS 1
IS 1
Imagine 1
Indians 1
Information 1
Information 1
Information 1
Information 1
Information 1
International 1
Italian 1
Just 1
Just 1
Just 1
Just 1
Just 1
Just 1
Just 1
Just 1
Just 1
Just 1
Just 1
Just 1
Just 1
Just 1
Kill 1
Kramm 1
Kramm 1
LIMITED 1
LIMITED 1
LIMITED 1
Lestrade 1
Lestrade 1
Lestrade 1
Lestrade 1
Lestrade 1
Lestrade 1
Lestrade 1
Lestrade 1
Lestrade 1
Lestrade 1
Lestrade 1
Lestrade 1
Lestrade 1
Lestrade 1
Lestrade 1
Lestrade 1
Lestrade 1
Lestrade 1
Lestrade 1
Lestrade 1
Lestrade 1
Lestrade 1
Lestrade 1
Lestrade 1
Lestrade 1
Lestrade 1
Lestrade 1
Lestrade 1
Lestrade 1
Lestrade 1
Lestrade 1
Lestrade 1
Lestrade 1
Lestrade 1
Lestrade 1
Lestrade 1
Lestrade 1
Lestrade 1
Literary 1
Literary 1
Literary 1
Literary 1
Literary 1
Literary 1
Literary 1
Literary 1
Literary 1
Literary 1
Literary 1
Literary 1
Literary 1
Lloyd 1
MAN 1
Man 1
Man 1
Marbank 1
Marbank 1
Men 1
Men 1
Men 1
Men 1
Meredith 1
Metropolitan 1
NOBLE 1
Nay 1
Norton 1
Norton 1
Norton 1
Norton 1
Norton 1
Norton 1
Nova 1
October 1
Only 1
Only 1
Only 1
Only 1
Only 1
Only 1
Only 1
PARAGRAPH 1
Paddington 1
Paddington 1
Paddington 1
Paddington 1
Paddington 1
Paddington 1
Paddington 1
Park 1
Park 1
Park 1
Park 1
Paul 1
Paul 1
Portsdown 1
Presently 1
Presently 1
Presently 1
Principal 1
Quincey 1
READ 1
REPLACEMENT 1
RIGHT 1
Reading 1
Reading 1
Reading 1
Reading 1
Reading 1
Reading 1
Reading 1
Reading 1
Reading 1
Reading 1
Roylotts 1
Roylotts 1
Ryder 1
Ryder 1
Ryder 1
Ryder 1
Ryder 1
Ryder 1
Ryder 1
Ryder 1
Ryder 1
Ryder 1
Ryder 1
Ryder 1
SEND 1
Scandal 1
Scotch 1
Scotch 1
Seldom 1
Several 1
Since 1
Sit 1
Sit 1
So 1
So 1
So 1
So 1
So 1
So 1
So 1
So 1
So 1
So 1
So 1
So 1
So 1
So 1
So 1
So 1
So 1
So 1
So 1
So 1
So 1
So 1
So 1
So 1
So 1
So 1
So 1
So 1
So 1
So 1
So 1
So 1
So 1
So 1
So 1
Stop 1
Strand 1
Striding 1
Suburban 1
Suburban 1
Suddenly 1
Suddenly 1
Suddenly 1
Suddenly 1
Suddenly 1
Suddenly 1
Suddenly 1
Suddenly 1
Suddenly 1
Suddenly 1
Telegraph 1
Tennessee 1
Therefore 1
Therefore 1
They 1
They 1
They 1
They 1
They 1
They 1
They 1
They 1
They 1
They 1
They 1
They 1
They 1
They 1
They 1
They 1
They 1
They 1
They 1
They 1
They 1
They 1
They 1
They 1
They 1
They 1
They 1
They 1
They 1
They 1
They 1
They 1
They 1
They 1
They 1
They 1
They 1
They 1
They 1
They 1
They 1
They 1
They 1
They 1
They 1
They 1
They 1
They 1
They 1
They 1
They 1
They 1
They 1
They 1
They 1
They 1
They 1
They 1
Thumb 1
Together 1
Toller 1
Toller 1
Toller 1
Toller 1
Toller 1
Toller 1
Toller 1
Toller 1
Toller 1
Toller 1
Toller 1
Toller 1
Toller 1
Toller 1
Toller 1
Tottering 1
Tragedy 1
WILL 1
Warburton 1
What 1
What 1
What 1
What 1
What 1
What 1
What 1
What 1
What 1
What 1
What 1
What 1
What 1
What 1
What 1
What 1
What 1
What 1
What 1
What 1
What 1
What 1
What 1
What 1
What 1
What 1
What 1
What 1
What 1
What 1
What 1
What 1
What 1
What 1
What 1
What 1
What 1
What 1
What 1
What 1
What 1
What 1
What 1
What 1
What 1
What 1
What 1
What 1
What 1
What 1
What 1
What 1
What 1
What 1
What 1
What 1
What 1
What 1
What 1
What 1
What 1
What 1
What 1
What 1
What 1
What 1
What 1
What 1
What 1
What 1
What 1
What 1
What 1
What 1
What 1
What 1
What 1
What 1
What 1
What 1
What 1
What 1
What 1
What 1
What 1
What 1
What 1
What 1
What 1
What 1
What 1
What 1
What 1
What 1
What 1
What 1
What 1
What 1
What 1
What 1
What 1
What 1
What 1
What 1
What 1
What 1
What 1
What 1
What 1
What 1
What 1
What 1
What 1
What 1
What 1
What 1
What 1
What 1
Women 1
Yesterday 1
Yesterday 1
Yesterday 1
absolved 1
accept 1
accept 1
accept 1
accept 1
accept 1
acetones 1
active 1
active 1
active 1
active 1
actual 1
acute 1
acute 1
acute 1
adjusted 1
adjusted 1
admiration 1
admiration 1
advantages 1
advantages 1
advantages 1
advantages 1
advise 1
advise 1
advise 1
advise 1
advise 1
advise 1
advise 1
agony 1
agony 1
agony 1
agreed 1
alleys 1
ally 1
although 1
although 1
although 1
although 1
although 1
although 1
although 1
although 1
although 1
although 1
amount 1
amount 1
amount 1
amount 1
amount 1
amount 1
anxiety 1
anxiety 1
anxiety 1
anxiety 1
anxiety 1
anxiously 1
anyhow 1
appears 1
appears 1
appears 1
appears 1
appears 1
appears 1
appears 1
appears 1
appears 1
appears 1
appears 1
appears 1
appears 1
appears 1
appears 1
appears 1
appears 1
appears 1
applicant 1
arguments 1
armchairs 1
arranged 1
arranged 1
arranged 1
arranged 1
arranged 1
arrested 1
arrested 1
arrested 1
arrested 1
arrested 1
arrested 1
arrested 1
arrested 1
arrested 1
ascend 1
ascend 1
ascertaining 1
ascertaining 1
ascertaining 1
ash 1
ash 1
ashes 1
ashes 1
ashes 1
ashes 1
assistance 1
assistance 1
assistance 1
assistance 1
assistance 1
assistance 1
assistance 1
assistance 1
assistance 1
assistance 1
assistance 1
assumed 1
assumed 1
attained 1
attracted 1
attracted 1
attracted 1
attracted 1
attracted 1
audible 1
avenue 1
avenue 1
bade 1
bade 1
bag 1
bag 1
bag 1
bag 1
bag 1
bag 1
bag 1
bag 1
bag 1
bag 1
bands 1
bands 1
bandy 1
barber 1
barmaid 1
barmaid 1
barmaid 1
barque 1
barque 1
barrel 1
bars 1
bars 1
bars 1
bars 1
bathroom 1
bear 1
bear 1
bear 1
bear 1
bear 1
bear 1
bear 1
beauty 1
beauty 1
beauty 1
beauty 1
beauty 1
beauty 1
beauty 1
beauty 1
bedded 1
bedded 1
beggar 1
beggar 1
beggar 1
beggar 1
beggar 1
beggar 1
behind 1
behind 1
behind 1
behind 1
behind 1
behind 1
behind 1
behind 1
behind 1
behind 1
behind 1
behind 1
behind 1
behind 1
behind 1
behind 1
behind 1
behind 1
behind 1
behind 1
behind 1
behind 1
behind 1
behind 1
behind 1
behind 1
behind 1
behind 1
behind 1
behind 1
behind 1
behind 1
behind 1
behind 1
behind 1
behind 1
behind 1
behind 1
behind 1
behind 1
behind 1
behind 1
behind 1
behind 1
behind 1
behind 1
behind 1
behind 1
behind 1
bequeathed 1
berths 1
berths 1
betrayed 1
blonde 1
blundering 1
boat 1
boat 1
boat 1
boat 1
brain 1
brain 1
brain 1
brain 1
braved 1
braved 1
breastpin 1
breath 1
breath 1
breath 1
breath 1
breath 1
breath 1
breath 1
brief 1
broadened 1
broadened 1
broadened 1
brow 1
brow 1
brow 1
brow 1
brow 1
brow 1
bruise 1
bullet 1
bumping 1
bustling 1
cabinet 1
cabinet 1
cage 1
calculate 1
can 1
can 1
can 1
can 1
can 1
can 1
can 1
can 1
can 1
can 1
can 1
can 1
can 1
can 1
can 1
can 1
can 1
can 1
can 1
can 1
can 1
can 1
can 1
can 1
can 1
can 1
can 1
can 1
can 1
can 1
can 1
can 1
can 1
can 1
can 1
can 1
can 1
can 1
can 1
can 1
can 1
can 1
can 1
can 1
can 1
can 1
can 1
can 1
can 1
can 1
can 1
can 1
can 1
can 1
can 1
can 1
can 1
can 1
can 1
can 1
can 1
can 1
can 1
can 1
can 1
can 1
can 1
can 1
can 1
can 1
can 1
can 1
can 1
can 1
can 1
can 1
can 1
can 1
can 1
can 1
can 1
can 1
can 1
can 1
can 1
can 1
can 1
can 1
can 1
can 1
can 1
can 1
can 1
can 1
can 1
can 1
can 1
can 1
can 1
can 1
can 1
can 1
can 1
can 1
can 1
can 1
can 1
can 1
can 1
can 1
can 1
can 1
can 1
can 1
can 1
can 1
can 1
can 1
can 1
can 1
can 1
can 1
can 1
can 1
can 1
can 1
can 1
can 1
can 1
can 1
can 1
can 1
can 1
can 1
can 1
can 1
can 1
can 1
can 1
can 1
can 1
can 1
can 1
can 1
can 1
can 1
can 1
can 1
can 1
can 1
can 1
can 1
can 1
can 1
can 1
can 1
can 1
can 1
can 1
can 1
can 1
can 1
can 1
can 1
can 1
can 1
can 1
can 1
can 1
can 1
can 1
can 1
can 1
can 1
can 1
can 1
can 1
can 1
can 1
can 1
can 1
can 1
can 1
can 1
can 1
capable 1
capable 1
capable 1
capable 1
capable 1
card 1
card 1
card 1
card 1
card 1
card 1
card 1
card 1
card 1
cares 1
cat 1
cat 1
cat 1
catastrophe 1
catastrophe 1
cell 1
cell 1
certificates 1
chagrin 1
chagrin 1
change 1
change 1
change 1
change 1
change 1
change 1
change 1
change 1
change 1
change 1
change 1
change 1
change 1
change 1
change 1
change 1
change 1
characters 1
chased 1
cheerful 1
cheerful 1
cheery 1
cheery 1
child 1
child 1
child 1
child 1
child 1
child 1
child 1
child 1
child 1
child 1
child 1
child 1
child 1
child 1
child 1
child 1
child 1
child 1
child 1
child 1
child 1
chivalrous 1
chose 1
chronic 1
clamped 1
clamped 1
class 1
class 1
cleanly 1
clears 1
cleaver 1
cleaver 1
cloak 1
cloak 1
cloak 1
cloak 1
cloak 1
cloak 1
cloak 1
cloak 1
close 1
close 1
close 1
close 1
close 1
close 1
close 1
close 1
close 1
close 1
close 1
close 1
close 1
close 1
close 1
close 1
close 1
close 1
close 1
coach 1
cock 1
cocking 1
cocktail 1
coffee 1
coffee 1
coffee 1
coffee 1
coffee 1
coffee 1
coffee 1
coffee 1
coincidence 1
collecting 1
colonies 1
colonies 1
colony 1
come 1
come 1
come 1
come 1
come 1
come 1
come 1
come 1
come 1
come 1
come 1
come 1
come 1
come 1
come 1
come 1
come 1
come 1
come 1
come 1
come 1
come 1
come 1
come 1
come 1
come 1
come 1
come 1
come 1
come 1
come 1
come 1
come 1
come 1
come 1
come 1
come 1
come 1
come 1
come 1
come 1
come 1
come 1
come 1
come 1
come 1
come 1
come 1
come 1
come 1
come 1
come 1
come 1
come 1
come 1
come 1
come 1
come 1
come 1
come 1
come 1
come 1
come 1
come 1
come 1
come 1
come 1
come 1
come 1
come 1
come 1
come 1
come 1
come 1
come 1
come 1
come 1
come 1
come 1
come 1
come 1
come 1
come 1
come 1
come 1
come 1
come 1
come 1
come 1
come 1
come 1
come 1
come 1
come 1
come 1
come 1
come 1
come 1
come 1
come 1
come 1
come 1
come 1
come 1
come 1
come 1
come 1
come 1
come 1
come 1
come 1
come 1
come 1
come 1
come 1
come 1
come 1
come 1
come 1
come 1
come 1
come 1
come 1
come 1
come 1
come 1
come 1
come 1
come 1
come 1
come 1
come 1
come 1
come 1
come 1
come 1
come 1
come 1
come 1
come 1
come 1
come 1
come 1
come 1
come 1
come 1
come 1
comical 1
comical 1
comical 1
commercial 1
communicative 1
complex 1
complex 1
complicates 1
complying 1
complying 1
complying 1
compose 1
composer 1
compromised 1
concept 1
concept 1
concert 1
conducting 1
confronted 1
conjecture 1
conjecture 1
conjecture 1
conjecture 1
conjecture 1
connection 1
connection 1
connection 1
connection 1
connection 1
connection 1
connection 1
connection 1
connection 1
connection 1
connection 1
connivance 1
conspiring 1
continually 1
continually 1
continually 1
continually 1
continually 1
conveniently 1
conviction 1
conviction 1
conviction 1
conviction 1
conviction 1
cosy 1
creases 1
creases 1
creases 1
crying 1
cuff 1
cuff 1
curtain 1
curtain 1
curtain 1
cushioned 1
daughter 1
daughter 1
daughter 1
daughter 1
daughter 1
daughter 1
daughter 1
daughter 1
daughter 1
daughter 1
daughter 1
daughter 1
daughter 1
daughter 1
daughter 1
daughter 1
daughter 1
daughter 1
daughter 1
daughter 1
daughter 1
daughter 1
daughter 1
daylight 1
daylight 1
deal 1
deal 1
deal 1
deal 1
deal 1
deal 1
deal 1
deal 1
deal 1
deal 1
deal 1
deal 1
deal 1
deal 1
deal 1
dear 1
dear 1
dear 1
dear 1
dear 1
dear 1
dear 1
dear 1
dear 1
dear 1
dear 1
dear 1
dear 1
dear 1
dear 1
dear 1
dear 1
dear 1
dear 1
dear 1
dear 1
dear 1
dear 1
dear 1
dear 1
dear 1
dear 1
dear 1
dear 1
dear 1
dear 1
dear 1
dear 1
dear 1
dear 1
dear 1
dear 1
dear 1
dear 1
dear 1
dear 1
dear 1
dear 1
dear 1
dear 1
dear 1
dear 1
dear 1
dear 1
dear 1
decided 1
decrepit 1
decrepitude 1
defiantly 1
delirious 1
delirious 1
demeanour 1
denouement 1
departure 1
departure 1
despair 1
despair 1
despair 1
despair 1
despair 1
despair 1
despair 1
desperation 1
destroy 1
destroy 1
destroy 1
devilish 1
dipped 1
disadvantages 1
disagreeable 1
disagreeable 1
disappeared 1
disappeared 1
disappeared 1
disappeared 1
disappeared 1
disappeared 1
disappeared 1
disappeared 1
disappeared 1
discovered 1
discovered 1
discovered 1
discovered 1
discovered 1
discovered 1
discovered 1
discovered 1
discovered 1
disentangled 1
disfigured 1
displaying 1
displaying 1
displaying 1
displaying 1
disputatious 1
disreputable 1
disreputable 1
disreputable 1
distorted 1
disturbance 1
disturbance 1
disturbance 1
disturbance 1
divan 1
docks 1
donation 1
downward 1
downward 1
drank 1
drank 1
dried 1
dried 1
dried 1
dried 1
dried 1
dried 1
dried 1
drinking 1
drove 1
drove 1
drove 1
drove 1
drove 1
drove 1
drove 1
drove 1
drove 1
drove 1
drove 1
drove 1
drove 1
drove 1
drove 1
drove 1
drove 1
drove 1
drove 1
drove 1
drove 1
drove 1
drove 1
drove 1
drove 1
drove 1
duty 1
duty 1
duty 1
duty 1
duty 1
duty 1
duty 1
duty 1
duty 1
duty 1
eager 1
eager 1
eager 1
eager 1
eager 1
eager 1
earth 1
earth 1
earth 1
earth 1
earth 1
earth 1
earth 1
earth 1
earth 1
earth 1
earth 1
earth 1
earth 1
earth 1
earth 1
earth 1
earth 1
earth 1
earth 1
earth 1
edition 1
egotism 1
electronically 1
electronically 1
eliminated 1
elsewhere 1
emigrated 1
employing 1
employing 1
enough 1
enough 1
enough 1
enough 1
enough 1
enough 1
enough 1
enough 1
enough 1
enough 1
enough 1
enough 1
enough 1
enough 1
enough 1
enough 1
enough 1
enough 1
enough 1
enough 1
enough 1
enough 1
enough 1
enough 1
enough 1
enough 1
enough 1
enough 1
enough 1
enough 1
enough 1
enough 1
enough 1
enough 1
enough 1
enough 1
enough 1
enough 1
enough 1
enough 1
enough 1
enough 1
enough 1
enough 1
enough 1
enough 1
enough 1
enough 1
enough 1
enough 1
enough 1
enough 1
enough 1
enough 1
enough 1
enough 1
enough 1
enough 1
ensued 1
entertaining 1
entertaining 1
enthusiastic 1
enthusiastic 1
entirely 1
entirely 1
entirely 1
entirely 1
entirely 1
entirely 1
entirely 1
entirely 1
entirely 1
entirely 1
entirely 1
entirely 1
entirely 1
entirely 1
entirely 1
entirely 1
entitles 1
entry 1
epistle 1
epistle 1
epistle 1
equal 1
equal 1
equal 1
est 1
est 1
established 1
established 1
estimate 1
event 1
event 1
event 1
event 1
example 1
example 1
example 1
example 1
example 1
example 1
example 1
example 1
example 1
example 1
example 1
example 1
example 1
exceeding 1
excellent 1
excellent 1
excellent 1
excellent 1
excellent 1
excellent 1
excellent 1
excellent 1
excellent 1
excellent 1
excellent 1
excellent 1
excellent 1
excellent 1
excellent 1
exclude 1
exercise 1
exercise 1
exert 1
exhilarating 1
expend 1
explanations 1
explanations 1
exposed 1
exposed 1
exposed 1
extend 1
extending 1
extending 1
extinguishes 1
extra 1
extra 1
extracts 1
eyebrows 1
eyebrows 1
eyebrows 1
faces 1
faint 1
faint 1
faint 1
fait 1
family 1
family 1
family 1
family 1
family 1
family 1
family 1
family 1
family 1
family 1
family 1
family 1
family 1
family 1
family 1
family 1
family 1
family 1
family 1
family 1
family 1
family 1
family 1
family 1
family 1
family 1
family 1
family 1
family 1
family 1
fanciful 1
fare 1
fare 1
fare 1
farther 1
farther 1
farther 1
farther 1
farther 1
farther 1
farther 1
farther 1
farther 1
farther 1
fear 1
fear 1
fear 1
fear 1
fear 1
fear 1
fear 1
fear 1
fear 1
fear 1
fear 1
fear 1
fear 1
fear 1
fear 1
fear 1
fear 1
fear 1
fear 1
fear 1
fear 1
fear 1
fear 1
fear 1
fear 1
fear 1
fear 1
fear 1
fee 1
fee 1
fee 1
fee 1
fee 1
fee 1
fee 1
fee 1
fee 1
fee 1
fee 1
fee 1
fee 1
feigned 1
fever 1
fighting 1
filthy 1
finds 1
finds 1
finds 1
finds 1
finished 1
finished 1
finished 1
finished 1
finished 1
finished 1
finished 1
finished 1
finished 1
firemen 1
firm 1
firm 1
firm 1
firm 1
firm 1
firm 1
firm 1
firm 1
firm 1
firm 1
firm 1
firm 1
fish 1
fish 1
fixed 1
fixed 1
fixed 1
fixed 1
fixed 1
fixed 1
fixed 1
fixed 1
fixed 1
fixed 1
fixed 1
fleeting 1
flickering 1
folded 1
folded 1
folded 1
folded 1
folded 1
fonder 1
foolish 1
foolish 1
foolish 1
foolish 1
footman 1
footmarks 1
footmarks 1
footmarks 1
footmen 1
forearm 1
foreign 1
foreign 1
foreman 1
foreman 1
forgery 1
forgive 1
forgive 1
forgive 1
forgiven 1
fortunes 1
fortunes 1
fortunes 1
fourteen 1
fourteen 1
fourteen 1
fourteen 1
fourth 1
fourth 1
fourth 1
fourth 1
fourth 1
free 1
free 1
free 1
free 1
free 1
free 1
free 1
free 1
free 1
free 1
free 1
free 1
free 1
free 1
free 1
free 1
from 1
from 1
from 1
from 1
from 1
from 1
from 1
from 1
from 1
from 1
from 1
from 1
from 1
from 1
from 1
from 1
from 1
from 1
from 1
from 1
from 1
from 1
from 1
from 1
from 1
from 1
from 1
from 1
from 1
from 1
from 1
from 1
from 1
from 1
from 1
from 1
from 1
from 1
from 1
from 1
from 1
from 1
from 1
from 1
from 1
from 1
from 1
from 1
from 1
from 1
from 1
from 1
from 1
from 1
from 1
from 1
from 1
from 1
from 1
from 1
from 1
from 1
from 1
from 1
from 1
from 1
from 1
from 1
from 1
from 1
from 1
from 1
from 1
from 1
from 1
from 1
from 1
from 1
from 1
from 1
from 1
from 1
from 1
from 1
from 1
from 1
from 1
from 1
from 1
from 1
from 1
from 1
from 1
from 1
from 1
from 1
from 1
from 1
from 1
from 1
from 1
from 1
from 1
from 1
from 1
from 1
from 1
from 1
from 1
from 1
from 1
from 1
from 1
from 1
from 1
from 1
from 1
from 1
from 1
from 1
from 1
from 1
from 1
from 1
from 1
from 1
from 1
from 1
from 1
from 1
from 1
from 1
from 1
from 1
from 1
from 1
from 1
from 1
from 1
from 1
from 1
from 1
from 1
from 1
from 1
from 1
from 1
from 1
from 1
from 1
from 1
from 1
from 1
from 1
from 1
from 1
from 1
from 1
from 1
from 1
from 1
from 1
from 1
from 1
from 1
from 1
from 1
from 1
from 1
from 1
from 1
from 1
from 1
from 1
from 1
from 1
from 1
from 1
from 1
from 1
from 1
from 1
from 1
from 1
from 1
from 1
from 1
from 1
from 1
from 1
from 1
from 1
from 1
from 1
from 1
from 1
from 1
from 1
from 1
from 1
from 1
from 1
from 1
from 1
from 1
from 1
from 1
from 1
from 1
from 1
from 1
from 1
from 1
from 1
from 1
from 1
from 1
from 1
from 1
from 1
from 1
from 1
from 1
from 1
from 1
from 1
from 1
from 1
from 1
from 1
from 1
from 1
from 1
from 1
from 1
from 1
from 1
from 1
from 1
from 1
from 1
from 1
from 1
from 1
from 1
from 1
from 1
from 1
from 1
from 1
from 1
from 1
from 1
from 1
from 1
from 1
from 1
from 1
from 1
from 1
from 1
from 1
from 1
from 1
from 1
from 1
from 1
from 1
from 1
from 1
from 1
from 1
from 1
from 1
from 1
from 1
from 1
from 1
from 1
from 1
from 1
from 1
from 1
from 1
from 1
from 1
from 1
from 1
from 1
from 1
from 1
from 1
from 1
from 1
from 1
from 1
from 1
from 1
from 1
from 1
from 1
from 1
from 1
from 1
from 1
from 1
from 1
from 1
from 1
from 1
from 1
from 1
from 1
from 1
from 1
from 1
from 1
from 1
from 1
from 1
from 1
from 1
from 1
from 1
from 1
from 1
from 1
from 1
from 1
from 1
from 1
from 1
from 1
from 1
from 1
from 1
from 1
from 1
from 1
from 1
from 1
from 1
from 1
from 1
from 1
from 1
from 1
from 1
from 1
from 1
from 1
from 1
from 1
from 1
from 1
from 1
from 1
from 1
from 1
from 1
from 1
from 1
from 1
from 1
from 1
from 1
from 1
from 1
from 1
from 1
from 1
from 1
from 1
from 1
from 1
from 1
from 1
from 1
from 1
from 1
from 1
from 1
from 1
from 1
from 1
from 1
from 1
from 1
from 1
from 1
from 1
from 1
from 1
from 1
from 1
from 1
from 1
from 1
from 1
from 1
from 1
from 1
from 1
from 1
from 1
from 1
from 1
from 1
from 1
from 1
from 1
from 1
from 1
from 1
from 1
from 1
from 1
from 1
from 1
from 1
from 1
from 1
from 1
from 1
from 1
from 1
from 1
from 1
from 1
from 1
from 1
from 1
from 1
from 1
from 1
from 1
from 1
from 1
from 1
from 1
from 1
from 1
from 1
from 1
from 1
from 1
from 1
from 1
from 1
from 1
from 1
from 1
from 1
from 1
from 1
from 1
from 1
from 1
from 1
from 1
from 1
from 1
from 1
from 1
from 1
from 1
from 1
from 1
from 1
from 1
from 1
from 1
from 1
from 1
from 1
from 1
from 1
from 1
from 1
from 1
from 1
from 1
from 1
from 1
from 1
from 1
from 1
from 1
from 1
from 1
from 1
from 1
fronts 1
frost 1
frost 1
frost 1
funniest 1
gainer 1
galvanised 1
game 1
game 1
game 1
game 1
game 1
game 1
game 1
game 1
general 1
general 1
general 1
general 1
general 1
general 1
general 1
general 1
generous 1
genii 1
getting 1
getting 1
getting 1
getting 1
getting 1
getting 1
getting 1
gin 1
glad 1
glad 1
glad 1
glad 1
glad 1
glad 1
glad 1
glad 1
glad 1
glad 1
glad 1
glad 1
glad 1
glad 1
glad 1
glad 1
glad 1
glad 1
glanced 1
glanced 1
glanced 1
glanced 1
glanced 1
glanced 1
glanced 1
glanced 1
glanced 1
glanced 1
glanced 1
glanced 1
glanced 1
glanced 1
glanced 1
glanced 1
glanced 1
glanced 1
glanced 1
glanced 1
glanced 1
glanced 1
gleaming 1
gloves 1
gloves 1
gloves 1
goals 1
gossips 1
grievance 1
grind 1
groom 1
groom 1
groom 1
groom 1
groom 1
gross 1
gross 1
grounds 1
grounds 1
grounds 1
grounds 1
grounds 1
grounds 1
grounds 1
grounds 1
grounds 1
grounds 1
gulp 1
gun 1
gun 1
gun 1
gun 1
gun 1
gun 1
habit 1
habit 1
habit 1
habit 1
habit 1
habit 1
habit 1
habit 1
haggard 1
haggard 1
halfway 1
halfway 1
handed 1
handed 1
handed 1
handed 1
handed 1
handed 1
handed 1
handed 1
handed 1
handed 1
handed 1
handkerchief 1
handkerchief 1
handkerchief 1
handkerchief 1
handkerchief 1
handkerchief 1
handkerchief 1
handkerchief 1
handkerchief 1
hate 1
hats 1
hearing 1
hearing 1
hearing 1
heartily 1
heartily 1
heartily 1
heartily 1
heartily 1
heartily 1
heartily 1
heavier 1
heavier 1
heed 1
helpless 1
helpless 1
helpless 1
here 1
here 1
here 1
here 1
here 1
here 1
here 1
here 1
here 1
here 1
here 1
here 1
here 1
here 1
here 1
here 1
here 1
here 1
here 1
here 1
here 1
here 1
here 1
here 1
here 1
here 1
here 1
here 1
here 1
here 1
here 1
here 1
here 1
here 1
here 1
here 1
here 1
here 1
here 1
here 1
here 1
here 1
here 1
here 1
here 1
here 1
here 1
here 1
here 1
here 1
here 1
here 1
here 1
here 1
here 1
here 1
here 1
here 1
here 1
here 1
here 1
here 1
here 1
here 1
here 1
here 1
here 1
here 1
here 1
here 1
here 1
here 1
here 1
here 1
here 1
here 1
here 1
here 1
here 1
here 1
here 1
here 1
here 1
here 1
here 1
here 1
here 1
here 1
here 1
here 1
here 1
here 1
here 1
here 1
here 1
here 1
here 1
here 1
here 1
here 1
here 1
here 1
here 1
here 1
here 1
hills 1
hills 1
himself 1
himself 1
himself 1
himself 1
himself 1
himself 1
himself 1
himself 1
himself 1
himself 1
himself 1
himself 1
himself 1
himself 1
himself 1
himself 1
himself 1
himself 1
himself 1
himself 1
himself 1
himself 1
himself 1
himself 1
himself 1
himself 1
himself 1
himself 1
himself 1
himself 1
himself 1
himself 1
himself 1
himself 1
himself 1
himself 1
himself 1
himself 1
himself 1
himself 1
himself 1
himself 1
himself 1
himself 1
himself 1
himself 1
himself 1
himself 1
himself 1
himself 1
himself 1
himself 1
himself 1
himself 1
himself 1
himself 1
himself 1
himself 1
himself 1
himself 1
himself 1
himself 1
himself 1
himself 1
himself 1
himself 1
himself 1
himself 1
himself 1
himself 1
himself 1
himself 1
himself 1
hindrance 1
hoard 1
holder 1
holder 1
holder 1
holder 1
holder 1
holder 1
holder 1
holder 1
holder 1
hoped 1
hoped 1
hoped 1
hoped 1
horror 1
horror 1
horror 1
horror 1
horror 1
horror 1
horror 1
horror 1
horror 1
horror 1
horror 1
horror 1
hour 1
hour 1
hour 1
hour 1
hour 1
hour 1
hour 1
hour 1
hour 1
hour 1
hour 1
hour 1
hour 1
hour 1
hour 1
hour 1
hour 1
hour 1
hour 1
hour 1
hour 1
hour 1
hour 1
hour 1
hour 1
hour 1
hour 1
hour 1
hour 1
hour 1
hour 1
hour 1
hour 1
hour 1
hour 1
housekeeper 1
housekeeper 1
housekeeper 1
hugged 1
humdrum 1
hundred 1
hundred 1
hundred 1
hundred 1
hundred 1
hundred 1
hundred 1
hundred 1
hundred 1
hundred 1
hundred 1
hundred 1
hundred 1
hundred 1
hundred 1
hundred 1
hundred 1
hundred 1
hundred 1
hungrily 1
hurts 1
hurts 1
hydraulics 1
hysterical 1
hysterical 1
identification 1
identify 1
identify 1
illness 1
impatiently 1
impatiently 1
impatiently 1
implored 1
implored 1
important 1
important 1
important 1
important 1
important 1
important 1
important 1
important 1
important 1
important 1
important 1
important 1
important 1
important 1
important 1
important 1
important 1
important 1
important 1
important 1
important 1
important 1
improved 1
improved 1
imprudence 1
imprudence 1
inclined 1
inclined 1
inclined 1
inclined 1
inclined 1
inclined 1
include 1
indignation 1
indignation 1
indistinguishable 1
induce 1
induce 1
indulge 1
indulge 1
information 1
information 1
information 1
information 1
information 1
information 1
information 1
information 1
information 1
information 1
information 1
infringement 1
inheritance 1
innocent 1
innocent 1
innocent 1
innocent 1
innocent 1
innocent 1
innocent 1
innocent 1
innocent 1
innocent 1
innocent 1
innocent 1
innocent 1
innocent 1
innocent 1
innocent 1
innocent 1
inscrutable 1
insist 1
insist 1
insolence 1
instantly 1
instantly 1
instantly 1
instantly 1
instantly 1
instantly 1
instantly 1
instantly 1
instantly 1
instantly 1
instantly 1
instantly 1
instantly 1
instantly 1
instantly 1
instantly 1
instantly 1
intend 1
intention 1
intention 1
intention 1
intention 1
intention 1
intention 1
intention 1
intention 1
intention 1
intention 1
interest 1
interest 1
interest 1
interest 1
interest 1
interest 1
interest 1
interest 1
interest 1
interest 1
interest 1
interest 1
interest 1
interest 1
interest 1
interest 1
interest 1
interest 1
interest 1
interest 1
interest 1
interest 1
interest 1
interest 1
interest 1
interest 1
interest 1
interest 1
interest 1
interest 1
interest 1
interest 1
interest 1
interest 1
interest 1
interest 1
interest 1
interest 1
interpreted 1
intervals 1
intervals 1
intruding 1
intrusions 1
intrusted 1
intrusted 1
invent 1
invent 1
invent 1
invent 1
invention 1
jesting 1
join 1
join 1
join 1
jug 1
keener 1
kept 1
kept 1
kept 1
kept 1
kept 1
kept 1
kept 1
kept 1
kept 1
kept 1
kept 1
kept 1
kind 1
kind 1
kind 1
kind 1
kind 1
kind 1
kind 1
kind 1
kind 1
kind 1
kind 1
kind 1
kind 1
kind 1
kind 1
kind 1
kind 1
kind 1
kind 1
kind 1
kind 1
kindliness 1
kings 1
lank 1
late 1
late 1
late 1
late 1
late 1
late 1
late 1
late 1
late 1
late 1
late 1
late 1
late 1
late 1
late 1
late 1
late 1
late 1
late 1
late 1
late 1
late 1
late 1
late 1
late 1
late 1
late 1
late 1
length 1
length 1
length 1
length 1
lenses 1
lethargy 1
lets 1
liar 1
life 1
life 1
life 1
life 1
life 1
life 1
life 1
life 1
life 1
life 1
life 1
life 1
life 1
life 1
life 1
life 1
life 1
life 1
life 1
life 1
life 1
life 1
life 1
life 1
life 1
life 1
life 1
life 1
life 1
life 1
life 1
life 1
life 1
life 1
life 1
life 1
life 1
life 1
life 1
life 1
life 1
life 1
life 1
life 1
life 1
life 1
life 1
life 1
life 1
lighting 1
lighting 1
lighting 1
lightning 1
liking 1
limitation 1
limitation 1
limitation 1
liver 1
locked 1
locked 1
locked 1
locked 1
locked 1
locked 1
locked 1
locked 1
locked 1
locked 1
locked 1
locked 1
locked 1
locked 1
locked 1
locked 1
locked 1
locked 1
locus 1
loop 1
loop 1
loop 1
loosed 1
losing 1
losing 1
losing 1
loud 1
loud 1
loud 1
lunch 1
lunch 1
lunch 1
lunch 1
lunch 1
lunch 1
maiden 1
maiden 1
maiden 1
maiden 1
makings 1
manifested 1
manners 1
manners 1
manual 1
manual 1
mask 1
mask 1
mask 1
mask 1
mask 1
massive 1
massive 1
massive 1
massive 1
massive 1
massive 1
mates 1
maxim 1
maybe 1
maybe 1
member 1
member 1
member 1
member 1
member 1
membra 1
memoranda 1
mess 1
mind 1
mind 1
mind 1
mind 1
mind 1
mind 1
mind 1
mind 1
mind 1
mind 1
mind 1
mind 1
mind 1
mind 1
mind 1
mind 1
mind 1
mind 1
mind 1
mind 1
mind 1
mind 1
mind 1
mind 1
mind 1
mind 1
mind 1
mind 1
mind 1
mind 1
mind 1
mind 1
mind 1
mind 1
mind 1
mind 1
mind 1
mind 1
mind 1
mind 1
mind 1
mind 1
mind 1
mind 1
mind 1
mind 1
mind 1
mind 1
mind 1
mind 1
mind 1
mind 1
mind 1
mind 1
mind 1
mind 1
mind 1
mind 1
mines 1
mines 1
misjudged 1
mission 1
mission 1
mission 1
mission 1
mission 1
mission 1
mistaken 1
mistaken 1
mistaken 1
mistaken 1
mistaken 1
mistaken 1
mistaken 1
mistaken 1
moist 1
moist 1
moist 1
monogram 1
monogram 1
mopping 1
motion 1
motion 1
motion 1
motion 1
moving 1
moving 1
moving 1
moving 1
muff 1
murderer 1
murderer 1
murderer 1
murderer 1
murderer 1
murderous 1
murderous 1
murderous 1
murky 1
mysterious 1
mysterious 1
mysterious 1
mysterious 1
mysterious 1
myth 1
nearest 1
nearest 1
neat 1
neat 1
neat 1
neat 1
neat 1
necessarily 1
nee 1
newcomer 1
newcomer 1
nine 1
nine 1
nine 1
nine 1
nine 1
nine 1
nine 1
nine 1
nine 1
nine 1
nine 1
nine 1
nine 1
nine 1
nobleman 1
nobleman 1
nocturnal 1
nocturnal 1
nodded 1
nodded 1
nodded 1
nodded 1
noised 1
noiselessly 1
noiselessly 1
none 1
none 1
none 1
none 1
none 1
none 1
none 1
none 1
none 1
none 1
none 1
none 1
none 1
none 1
none 1
none 1
none 1
none 1
none 1
none 1
none 1
none 1
none 1
none 1
none 1
numbers 1
numbers 1
obese 1
objections 1
objections 1
objections 1
observant 1
observant 1
observation 1
observation 1
observation 1
observation 1
observation 1
observation 1
octavo 1
oeuvre 1
offence 1
offering 1
one 1
one 1
one 1
one 1
one 1
one 1
one 1
one 1
one 1
one 1
one 1
one 1
one 1
one 1
one 1
one 1
one 1
one 1
one 1
one 1
one 1
one 1
one 1
one 1
one 1
one 1
one 1
one 1
one 1
one 1
one 1
one 1
one 1
one 1
one 1
one 1
one 1
one 1
one 1
one 1
one 1
one 1
one 1
one 1
one 1
one 1
one 1
one 1
one 1
one 1
one 1
one 1
one 1
one 1
one 1
one 1
one 1
one 1
one 1
one 1
one 1
one 1
one 1
one 1
one 1
one 1
one 1
one 1
one 1
one 1
one 1
one 1
one 1
one 1
one 1
one 1
one 1
one 1
one 1
one 1
one 1
one 1
one 1
one 1
one 1
one 1
one 1
one 1
one 1
one 1
one 1
one 1
one 1
one 1
one 1
one 1
one 1
one 1
one 1
one 1
one 1
one 1
one 1
one 1
one 1
one 1
one 1
one 1
one 1
one 1
one 1
one 1
one 1
one 1
one 1
one 1
one 1
one 1
one 1
one 1
one 1
one 1
one 1
one 1
one 1
one 1
one 1
one 1
one 1
one 1
one 1
one 1
one 1
one 1
one 1
one 1
one 1
one 1
one 1
one 1
one 1
one 1
one 1
one 1
one 1
one 1
one 1
one 1
one 1
one 1
one 1
one 1
one 1
one 1
one 1
one 1
one 1
one 1
one 1
one 1
one 1
one 1
one 1
one 1
one 1
one 1
one 1
one 1
one 1
one 1
one 1
one 1
one 1
one 1
one 1
one 1
one 1
one 1
one 1
one 1
one 1
one 1
one 1
one 1
one 1
one 1
one 1
one 1
one 1
one 1
one 1
one 1
one 1
one 1
one 1
one 1
one 1
one 1
one 1
one 1
one 1
one 1
one 1
one 1
one 1
one 1
one 1
one 1
one 1
one 1
one 1
one 1
one 1
one 1
one 1
one 1
one 1
one 1
one 1
one 1
one 1
one 1
one 1
one 1
one 1
one 1
one 1
one 1
one 1
one 1
one 1
one 1
one 1
one 1
one 1
one 1
one 1
one 1
one 1
one 1
one 1
one 1
one 1
one 1
one 1
one 1
one 1
one 1
one 1
one 1
one 1
one 1
one 1
one 1
one 1
one 1
one 1
one 1
one 1
one 1
one 1
one 1
one 1
one 1
one 1
one 1
one 1
one 1
one 1
one 1
one 1
one 1
one 1
one 1
one 1
one 1
one 1
one 1
one 1
one 1
one 1
one 1
one 1
one 1
one 1
one 1
one 1
one 1
one 1
one 1
one 1
one 1
one 1
one 1
one 1
one 1
one 1
one 1
one 1
one 1
one 1
one 1
one 1
one 1
one 1
one 1
one 1
one 1
one 1
one 1
one 1
one 1
one 1
one 1
one 1
one 1
one 1
one 1
one 1
one 1
one 1
one 1
one 1
one 1
one 1
one 1
one 1
one 1
one 1
one 1
one 1
one 1
one 1
one 1
one 1
one 1
one 1
one 1
one 1
one 1
only 1
only 1
only 1
only 1
only 1
only 1
only 1
only 1
only 1
only 1
only 1
only 1
only 1
only 1
only 1
only 1
only 1
only 1
only 1
only 1
only 1
only 1
only 1
only 1
only 1
only 1
only 1
only 1
only 1
only 1
only 1
only 1
only 1
only 1
only 1
only 1
only 1
only 1
only 1
only 1
only 1
only 1
only 1
only 1
only 1
only 1
only 1
only 1
only 1
only 1
only 1
only 1
only 1
only 1
only 1
only 1
only 1
only 1
only 1
only 1
only 1
only 1
only 1
only 1
only 1
only 1
only 1
only 1
only 1
only 1
only 1
only 1
only 1
only 1
only 1
only 1
only 1
only 1
only 1
only 1
only 1
only 1
only 1
only 1
only 1
only 1
only 1
only 1
only 1
only 1
only 1
only 1
only 1
only 1
only 1
only 1
only 1
only 1
only 1
only 1
only 1
only 1
only 1
only 1
only 1
only 1
only 1
only 1
only 1
only 1
only 1
only 1
only 1
only 1
only 1
only 1
only 1
only 1
only 1
only 1
only 1
only 1
only 1
only 1
only 1
only 1
only 1
only 1
only 1
only 1
only 1
only 1
only 1
only 1
only 1
only 1
only 1
only 1
only 1
only 1
only 1
only 1
only 1
only 1
only 1
only 1
only 1
only 1
only 1
only 1
only 1
only 1
only 1
only 1
only 1
only 1
opal 1
operations 1
order 1
order 1
order 1
order 1
order 1
order 1
order 1
order 1
order 1
order 1
order 1
order 1
order 1
order 1
order 1
order 1
order 1
order 1
order 1
order 1
order 1
org 1
org 1
org 1
org 1
org 1
org 1
org 1
org 1
originator 1
ourselves 1
ourselves 1
ourselves 1
ourselves 1
ourselves 1
ourselves 1
ourselves 1
ourselves 1
ourselves 1
ourselves 1
ourselves 1
ourselves 1
ourselves 1
ourselves 1
ourselves 1
ourselves 1
ourselves 1
ourselves 1
ourselves 1
ourselves 1
outcry 1
outstanding 1
outstanding 1
outstretched 1
outstretched 1
outweigh 1
overcome 1
overhead 1
pallor 1
palm 1
palm 1
palm 1
palm 1
palm 1
panelling 1
panted 1
parlance 1
particularly 1
particularly 1
particularly 1
particularly 1
particularly 1
particularly 1
particularly 1
patch 1
pathway 1
patron 1
pause 1
pause 1
paying 1
paying 1
paying 1
paying 1
paying 1
paying 1
peace 1
peace 1
peace 1
peace 1
peace 1
permitted 1
permitted 1
perpetual 1
perpetual 1
perplexity 1
perplexity 1
perplexity 1
personal 1
personal 1
personal 1
personal 1
personal 1
persuasions 1
pglaf 1
pglaf 1
pglaf 1
pglaf 1
pglaf 1
pglaf 1
pglaf 1
pictured 1
plans 1
plans 1
plans 1
plans 1
plans 1
plans 1
plans 1
planter 1
pleased 1
pleased 1
pleased 1
plucked 1
plucked 1
point 1
point 1
point 1
point 1
point 1
point 1
point 1
point 1
point 1
point 1
point 1
point 1
point 1
point 1
point 1
point 1
point 1
point 1
point 1
point 1
point 1
point 1
point 1
point 1
point 1
point 1
point 1
point 1
point 1
point 1
point 1
point 1
point 1
point 1
point 1
point 1
point 1
point 1
point 1
point 1
point 1
point 1
point 1
point 1
point 1
pointing 1
pointing 1
pointing 1
pointing 1
pointing 1
pointing 1
pointing 1
policeman 1
policeman 1
policeman 1
policeman 1
pooh 1
post 1
post 1
post 1
post 1
post 1
post 1
post 1
post 1
postpone 1
postpone 1
powerful 1
powerful 1
powerful 1
prank 1
prank 1
preceded 1
prefer 1
prefer 1
prefer 1
prefer 1
prefer 1
prefer 1
prefer 1
premises 1
premises 1
premises 1
premises 1
premises 1
premises 1
pressed 1
pressed 1
pressed 1
presumably 1
presumably 1
presumably 1
prints 1
prize 1
professionally 1
prolonged 1
prolonged 1
proposition 1
protestation 1
protested 1
protested 1
protruding 1
protruding 1
protruding 1
protruding 1
protruding 1
providing 1
providing 1
providing 1
providing 1
providing 1
purport 1
purport 1
putty 1
putty 1
quarrelling 1
quarrelling 1
quarter 1
quarter 1
quarter 1
quarter 1
quarter 1
quarter 1
quarter 1
quarter 1
quarter 1
quarter 1
quarter 1
quench 1
question 1
question 1
question 1
question 1
question 1
question 1
question 1
question 1
question 1
question 1
question 1
question 1
question 1
question 1
question 1
question 1
question 1
question 1
question 1
question 1
question 1
question 1
question 1
question 1
question 1
question 1
question 1
question 1
question 1
question 1
question 1
question 1
question 1
question 1
question 1
questionable 1
questionable 1
quitted 1
rank 1
ransacked 1
ransacked 1
rate 1
rate 1
rate 1
rate 1
rate 1
rate 1
read 1
read 1
read 1
read 1
read 1
read 1
read 1
read 1
read 1
read 1
read 1
read 1
read 1
read 1
read 1
read 1
read 1
read 1
read 1
read 1
read 1
read 1
read 1
read 1
read 1
read 1
read 1
read 1
read 1
read 1
read 1
read 1
read 1
read 1
read 1
read 1
reading 1
reading 1
reading 1
reading 1
reading 1
reasoning 1
reasoning 1
reasoning 1
reasoning 1
reasoning 1
reasoning 1
reasoning 1
reasoning 1
reasoning 1
reasoning 1
reasoning 1
receipt 1
receipt 1
receipt 1
reckless 1
reckless 1
recoil 1
recommence 1
recovering 1
recovering 1
reduced 1
refreshingly 1
regain 1
registered 1
registered 1
relapsed 1
rely 1
rely 1
rely 1
rely 1
rely 1
remove 1
remove 1
remove 1
remove 1
remove 1
remove 1
replace 1
replace 1
replace 1
replace 1
replaced 1
replacement 1
replacement 1
replacement 1
repugnant 1
requests 1
resolve 1
resolve 1
resource 1
resource 1
responses 1
resting 1
restive 1
results 1
results 1
results 1
results 1
results 1
results 1
results 1
results 1
results 1
results 1
results 1
results 1
retained 1
retained 1
retained 1
retained 1
retained 1
retained 1
retained 1
retrogression 1
retrogression 1
reverse 1
rien 1
right 1
right 1
right 1
right 1
right 1
right 1
right 1
right 1
right 1
right 1
right 1
right 1
right 1
right 1
right 1
right 1
right 1
right 1
right 1
right 1
right 1
right 1
right 1
right 1
right 1
right 1
right 1
right 1
right 1
right 1
right 1
right 1
right 1
right 1
right 1
right 1
right 1
right 1
right 1
right 1
right 1
right 1
right 1
right 1
right 1
right 1
right 1
right 1
right 1
right 1
right 1
right 1
right 1
right 1
right 1
right 1
right 1
right 1
right 1
right 1
right 1
right 1
right 1
right 1
right 1
right 1
right 1
right 1
right 1
right 1
right 1
right 1
right 1
right 1
right 1
right 1
right 1
right 1
right 1
right 1
right 1
right 1
right 1
right 1
right 1
right 1
right 1
right 1
right 1
right 1
right 1
right 1
right 1
right 1
right 1
right 1
right 1
right 1
right 1
right 1
road 1
road 1
road 1
road 1
road 1
road 1
road 1
road 1
road 1
road 1
road 1
road 1
road 1
road 1
road 1
road 1
road 1
roar 1
roar 1
robber 1
rocket 1
rocket 1
rocket 1
rocket 1
rouse 1
rural 1
rustic 1
sailor 1
sallow 1
sallow 1
sallow 1
sallow 1
sallow 1
saluted 1
sample 1
sample 1
saving 1
saving 1
schoolmaster 1
schoolmaster 1
scrawl 1
screening 1
screening 1
scribble 1
scummed 1
seeds 1
seedy 1
seedy 1
send 1
send 1
send 1
send 1
send 1
send 1
send 1
send 1
send 1
send 1
send 1
send 1
sentimental 1
separation 1
serves 1
serves 1
services 1
services 1
services 1
services 1
settles 1
settles 1
shall 1
shall 1
shall 1
shall 1
shall 1
shall 1
shall 1
shall 1
shall 1
shall 1
shall 1
shall 1
shall 1
shall 1
shall 1
shall 1
shall 1
shall 1
shall 1
shall 1
shall 1
shall 1
shall 1
shall 1
shall 1
shall 1
shall 1
shall 1
shall 1
shall 1
shall 1
shall 1
shall 1
shall 1
shall 1
shall 1
shall 1
shall 1
shall 1
shall 1
shall 1
shall 1
shall 1
shall 1
shall 1
shall 1
shall 1
shall 1
shall 1
shall 1
shall 1
shall 1
shall 1
shall 1
shall 1
shall 1
shall 1
shall 1
shall 1
shall 1
shall 1
shall 1
shall 1
shall 1
shall 1
shall 1
shall 1
shall 1
shall 1
shall 1
shall 1
shall 1
shall 1
shall 1
shall 1
shall 1
shall 1
shall 1
shall 1
shall 1
shall 1
shall 1
shall 1
shall 1
shall 1
shall 1
shall 1
shall 1
shall 1
shall 1
shall 1
shall 1
shall 1
shall 1
shall 1
shall 1
shall 1
shall 1
shall 1
shall 1
shall 1
shall 1
shall 1
shall 1
shall 1
shall 1
shall 1
shall 1
shall 1
shall 1
shall 1
shall 1
shall 1
shall 1
shall 1
shall 1
shall 1
shall 1
shall 1
shall 1
shall 1
shall 1
shall 1
shall 1
shall 1
shall 1
shall 1
shall 1
shall 1
shall 1
shall 1
shall 1
shall 1
shall 1
shall 1
shall 1
shall 1
shall 1
shall 1
shall 1
shall 1
shall 1
shall 1
shall 1
shall 1
shall 1
shall 1
shall 1
shall 1
shall 1
shall 1
shall 1
shall 1
shall 1
shall 1
shall 1
shall 1
shall 1
shall 1
shall 1
shall 1
shall 1
shall 1
shall 1
shall 1
shall 1
shall 1
shall 1
shall 1
shall 1
shan 1
sheets 1
sheets 1
sheets 1
shook 1
shook 1
shook 1
shook 1
shook 1
shook 1
shook 1
shook 1
shook 1
shook 1
shook 1
shook 1
shook 1
shook 1
shook 1
shook 1
shut 1
shut 1
shut 1
shut 1
shut 1
shut 1
sir 1
sir 1
sir 1
sir 1
sir 1
sir 1
sir 1
sir 1
sir 1
sir 1
sir 1
sir 1
sir 1
sir 1
sir 1
sir 1
sir 1
sir 1
sir 1
sir 1
sir 1
sir 1
sir 1
sir 1
sir 1
sir 1
sir 1
sir 1
sir 1
sir 1
sir 1
sir 1
sir 1
sir 1
sir 1
sir 1
sir 1
sir 1
sir 1
sir 1
sir 1
sir 1
sir 1
sir 1
sir 1
sir 1
sir 1
sir 1
sir 1
sir 1
sir 1
sir 1
sir 1
sir 1
sir 1
sir 1
sir 1
sir 1
sir 1
sir 1
sir 1
sir 1
sir 1
sir 1
sir 1
sir 1
sir 1
sleeps 1
sleeps 1
sleepy 1
sleepy 1
sleepy 1
slippers 1
slippers 1
slippers 1
slit 1
slit 1
slit 1
slitting 1
slop 1
slopes 1
sloping 1
slut 1
smear 1
smiled 1
smiled 1
smiled 1
smiled 1
smiled 1
smiled 1
snuff 1
snuff 1
snuff 1
snuff 1
so 1
so 1
so 1
so 1
so 1
so 1
so 1
so 1
so 1
so 1
so 1
so 1
so 1
so 1
so 1
so 1
so 1
so 1
so 1
so 1
so 1
so 1
so 1
so 1
so 1
so 1
so 1
so 1
so 1
so 1
so 1
so 1
so 1
so 1
so 1
so 1
so 1
so 1
so 1
so 1
so 1
so 1
so 1
so 1
so 1
so 1
so 1
so 1
so 1
so 1
so 1
so 1
so 1
so 1
so 1
so 1
so 1
so 1
so 1
so 1
so 1
so 1
so 1
so 1
so 1
so 1
so 1
so 1
so 1
so 1
so 1
so 1
so 1
so 1
so 1
so 1
so 1
so 1
so 1
so 1
so 1
so 1
so 1
so 1
so 1
so 1
so 1
so 1
so 1
so 1
so 1
so 1
so 1
so 1
so 1
so 1
so 1
so 1
so 1
so 1
so 1
so 1
so 1
so 1
so 1
so 1
so 1
so 1
so 1
so 1
so 1
so 1
so 1
so 1
so 1
so 1
so 1
so 1
so 1
so 1
so 1
so 1
so 1
so 1
so 1
so 1
so 1
so 1
so 1
so 1
so 1
so 1
so 1
so 1
so 1
so 1
so 1
so 1
so 1
so 1
so 1
so 1
so 1
so 1
so 1
so 1
so 1
so 1
so 1
so 1
so 1
so 1
so 1
so 1
so 1
so 1
so 1
so 1
so 1
so 1
so 1
so 1
so 1
so 1
so 1
so 1
so 1
so 1
so 1
so 1
so 1
so 1
so 1
so 1
so 1
so 1
so 1
so 1
so 1
so 1
so 1
so 1
so 1
so 1
so 1
so 1
so 1
so 1
so 1
so 1
so 1
so 1
so 1
so 1
so 1
so 1
so 1
so 1
so 1
so 1
so 1
so 1
so 1
so 1
so 1
so 1
so 1
so 1
so 1
so 1
so 1
so 1
so 1
so 1
so 1
so 1
so 1
so 1
so 1
so 1
so 1
so 1
so 1
so 1
so 1
so 1
so 1
so 1
so 1
so 1
so 1
so 1
so 1
so 1
so 1
so 1
so 1
so 1
so 1
so 1
so 1
so 1
so 1
so 1
so 1
so 1
so 1
so 1
so 1
so 1
so 1
so 1
so 1
so 1
so 1
so 1
so 1
so 1
so 1
so 1
so 1
so 1
so 1
so 1
so 1
so 1
so 1
so 1
so 1
so 1
so 1
so 1
so 1
so 1
so 1
so 1
so 1
so 1
so 1
so 1
so 1
so 1
so 1
so 1
so 1
so 1
so 1
so 1
so 1
so 1
so 1
so 1
so 1
so 1
so 1
so 1
so 1
so 1
so 1
so 1
so 1
so 1
so 1
so 1
so 1
so 1
so 1
so 1
so 1
so 1
so 1
so 1
so 1
so 1
so 1
so 1
so 1
so 1
so 1
so 1
so 1
so 1
so 1
so 1
so 1
so 1
so 1
so 1
so 1
so 1
so 1
so 1
so 1
so 1
so 1
so 1
so 1
so 1
so 1
so 1
so 1
so 1
so 1
so 1
so 1
so 1
so 1
so 1
so 1
so 1
so 1
so 1
so 1
so 1
so 1
so 1
so 1
so 1
so 1
so 1
so 1
so 1
so 1
so 1
so 1
so 1
so 1
so 1
so 1
so 1
so 1
so 1
so 1
so 1
so 1
so 1
so 1
so 1
so 1
so 1
so 1
so 1
so 1
so 1
so 1
so 1
so 1
so 1
so 1
so 1
so 1
so 1
so 1
so 1
so 1
so 1
so 1
so 1
so 1
so 1
so 1
so 1
so 1
so 1
so 1
so 1
so 1
so 1
so 1
so 1
so 1
so 1
so 1
so 1
so 1
soft 1
soft 1
soft 1
soft 1
son 1
son 1
son 1
son 1
son 1
son 1
son 1
son 1
son 1
son 1
son 1
son 1
son 1
son 1
son 1
son 1
son 1
son 1
son 1
son 1
son 1
son 1
son 1
son 1
son 1
son 1
son 1
son 1
son 1
son 1
son 1
son 1
son 1
son 1
son 1
son 1
son 1
son 1
son 1
son 1
son 1
son 1
son 1
son 1
son 1
son 1
son 1
son 1
son 1
son 1
son 1
sooner 1
sooner 1
sooner 1
sooner 1
soothingly 1
sorrow 1
sorrow 1
sorrow 1
sort 1
sort 1
sort 1
sort 1
sort 1
sort 1
sort 1
sort 1
sort 1
sort 1
sort 1
sort 1
sort 1
sort 1
sort 1
sort 1
sort 1
sort 1
sort 1
sort 1
sort 1
sort 1
sort 1
sottish 1
souls 1
spattered 1
speak 1
speak 1
speak 1
speak 1
speak 1
speak 1
speak 1
speak 1
speak 1
speak 1
speak 1
speak 1
speak 1
speak 1
speak 1
speak 1
speak 1
speak 1
speak 1
speak 1
specified 1
specified 1
spectacle 1
spectacle 1
speech 1
speech 1
speech 1
speech 1
speech 1
speech 1
speedy 1
spell 1
spellbound 1
spend 1
spend 1
spend 1
spend 1
spend 1
spend 1
splendour 1
spoils 1
spot 1
spot 1
spot 1
spun 1
squat 1
stairs 1
stairs 1
stairs 1
stairs 1
stairs 1
stairs 1
stairs 1
stairs 1
stairs 1
stairs 1
stairs 1
stairs 1
stairs 1
stairs 1
stall 1
stall 1
stall 1
stand 1
stand 1
stand 1
stand 1
stand 1
stand 1
stand 1
stand 1
stares 1
staring 1
staring 1
staring 1
staring 1
staring 1
staring 1
start 1
start 1
start 1
start 1
start 1
start 1
start 1
start 1
start 1
start 1
start 1
start 1
start 1
start 1
statements 1
statements 1
status 1
status 1
status 1
status 1
status 1
steady 1
stern 1
stooped 1
stooped 1
straightened 1
straightened 1
stream 1
stream 1
stream 1
stream 1
stream 1
stretched 1
stretched 1
stretched 1
stretched 1
stretched 1
stretched 1
stretched 1
stretched 1
stretched 1
strike 1
strike 1
strike 1
strike 1
strike 1
strike 1
strike 1
strike 1
strike 1
strongly 1
strongly 1
strongly 1
strongly 1
strongly 1
succinct 1
suddenly 1
suddenly 1
suddenly 1
suddenly 1
suddenly 1
suddenly 1
suddenly 1
suddenly 1
suddenly 1
suddenly 1
suddenly 1
suddenly 1
suddenly 1
suddenly 1
suddenly 1
suddenly 1
suddenly 1
suddenly 1
suddenly 1
suddenly 1
suddenly 1
suddenly 1
suddenly 1
suddenly 1
suddenly 1
suddenly 1
suddenly 1
suddenly 1
suddenly 1
suddenly 1
suddenly 1
suddenly 1
suddenly 1
suddenly 1
suddenly 1
suddenly 1
suddenly 1
suits 1
suits 1
summonses 1
sundial 1
sundial 1
sundial 1
sundial 1
sundial 1
suspected 1
suspected 1
suspected 1
swarm 1
swarm 1
sweet 1
sweet 1
sweet 1
sweet 1
sweet 1
sweet 1
sweet 1
swimmer 1
swing 1
swing 1
swollen 1
swung 1
swung 1
swung 1
swung 1
taking 1
taking 1
taking 1
taking 1
taking 1
taking 1
taking 1
taking 1
taking 1
taking 1
taking 1
taking 1
taking 1
taking 1
taking 1
taking 1
talk 1
talk 1
talk 1
talk 1
talk 1
talk 1
talk 1
talk 1
talk 1
talk 1
talk 1
talk 1
talk 1
talk 1
talk 1
talk 1
talk 1
talk 1
talk 1
talk 1
tassel 1
tear 1
tear 1
tearing 1
tearing 1
tearing 1
telephone 1
terraced 1
terrified 1
terrified 1
terrified 1
thank 1
thank 1
thank 1
thank 1
thank 1
thank 1
thank 1
their 1
their 1
their 1
their 1
their 1
their 1
their 1
their 1
their 1
their 1
their 1
their 1
their 1
their 1
their 1
their 1
their 1
their 1
their 1
their 1
their 1
their 1
their 1
their 1
their 1
their 1
their 1
their 1
their 1
their 1
their 1
their 1
their 1
their 1
their 1
their 1
their 1
their 1
their 1
their 1
their 1
their 1
their 1
their 1
their 1
their 1
their 1
their 1
their 1
their 1
their 1
their 1
their 1
their 1
their 1
their 1
their 1
their 1
their 1
their 1
their 1
their 1
their 1
their 1
their 1
their 1
their 1
their 1
their 1
their 1
their 1
their 1
their 1
their 1
their 1
their 1
their 1
their 1
their 1
their 1
their 1
their 1
their 1
their 1
their 1
their 1
their 1
their 1
their 1
their 1
their 1
their 1
their 1
their 1
their 1
therefore 1
therefore 1
therefore 1
therefore 1
therefore 1
therefore 1
therefore 1
therefore 1
therefore 1
therefore 1
therefore 1
therefore 1
therefore 1
thieves 1
thieves 1
thieves 1
think 1
think 1
think 1
think 1
think 1
think 1
think 1
think 1
think 1
think 1
think 1
think 1
think 1
think 1
think 1
think 1
think 1
think 1
think 1
think 1
think 1
think 1
think 1
think 1
think 1
think 1
think 1
think 1
think 1
think 1
think 1
think 1
think 1
think 1
think 1
think 1
think 1
think 1
think 1
think 1
think 1
think 1
think 1
think 1
think 1
think 1
think 1
think 1
think 1
think 1
think 1
think 1
think 1
think 1
think 1
think 1
think 1
think 1
think 1
think 1
think 1
think 1
think 1
think 1
think 1
think 1
think 1
think 1
think 1
think 1
think 1
think 1
think 1
think 1
think 1
think 1
think 1
think 1
think 1
think 1
think 1
think 1
think 1
think 1
think 1
think 1
think 1
think 1
think 1
think 1
think 1
think 1
think 1
think 1
think 1
think 1
think 1
think 1
think 1
think 1
think 1
think 1
think 1
think 1
think 1
think 1
think 1
think 1
think 1
think 1
think 1
think 1
think 1
think 1
think 1
think 1
think 1
think 1
think 1
think 1
think 1
think 1
think 1
think 1
think 1
think 1
think 1
think 1
think 1
think 1
think 1
think 1
think 1
think 1
think 1
think 1
think 1
think 1
think 1
think 1
think 1
think 1
think 1
think 1
think 1
think 1
think 1
think 1
think 1
think 1
think 1
think 1
think 1
think 1
think 1
think 1
think 1
think 1
think 1
think 1
think 1
think 1
think 1
think 1
think 1
think 1
think 1
think 1
think 1
think 1
think 1
think 1
thinness 1
thoughtless 1
thousand 1
thousand 1
thousand 1
thousand 1
thousand 1
thousand 1
thousand 1
thread 1
throat 1
throat 1
throat 1
throat 1
throat 1
throat 1
tight 1
times 1
times 1
times 1
times 1
times 1
times 1
times 1
times 1
times 1
times 1
times 1
times 1
times 1
times 1
times 1
times 1
tinted 1
tinted 1
tinted 1
tinted 1
tinted 1
tinted 1
tinted 1
tinted 1
tongue 1
tongue 1
tongue 1
tongue 1
tonnage 1
tons 1
tool 1
tore 1
tore 1
tore 1
tore 1
tore 1
total 1
toy 1
toy 1
traces 1
traces 1
traces 1
traces 1
traces 1
traces 1
traces 1
traces 1
traces 1
traces 1
traces 1
traces 1
transpired 1
transpired 1
travel 1
travel 1
travel 1
travellers 1
tread 1
tread 1
tread 1
treatises 1
treble 1
treble 1
troopers 1
trouser 1
true 1
true 1
true 1
true 1
true 1
true 1
true 1
true 1
true 1
true 1
true 1
true 1
true 1
true 1
true 1
true 1
true 1
true 1
true 1
true 1
true 1
true 1
true 1
true 1
true 1
true 1
true 1
true 1
true 1
twentieth 1
twentieth 1
twilight 1
understand 1
understand 1
understand 1
understand 1
understand 1
understand 1
understand 1
understand 1
understand 1
understand 1
understand 1
understand 1
understand 1
understand 1
understand 1
understand 1
understand 1
understand 1
understand 1
understand 1
understand 1
understand 1
understand 1
understand 1
understand 1
understand 1
understand 1
understand 1
understand 1
understand 1
understand 1
understand 1
understand 1
understand 1
understand 1
understand 1
understand 1
understand 1
understand 1
understand 1
understand 1
understand 1
understand 1
understand 1
understand 1
understand 1
understand 1
understand 1
understand 1
undoing 1
unfettered 1
unforeseen 1
unforeseen 1
unforeseen 1
unforeseen 1
unprecedented 1
unseat 1
unsolved 1
until 1
until 1
until 1
until 1
until 1
until 1
until 1
until 1
until 1
until 1
until 1
until 1
until 1
until 1
until 1
until 1
until 1
until 1
until 1
until 1
until 1
until 1
until 1
until 1
until 1
until 1
until 1
until 1
until 1
until 1
until 1
until 1
until 1
until 1
until 1
until 1
until 1
until 1
until 1
until 1
until 1
until 1
until 1
until 1
until 1
until 1
until 1
until 1
until 1
until 1
until 1
until 1
until 1
until 1
until 1
until 1
until 1
until 1
until 1
until 1
until 1
until 1
until 1
until 1
until 1
until 1
until 1
until 1
until 1
until 1
until 1
until 1
until 1
until 1
uses 1
uses 1
vague 1
vague 1
vague 1
vague 1
vague 1
vague 1
vague 1
vague 1
vague 1
vague 1
vary 1
vehicle 1
vengeance 1
verbs 1
vessel 1
vessel 1
vessel 1
victim 1
victim 1
victim 1
victim 1
victim 1
viewed 1
viewed 1
views 1
views 1
villa 1
villa 1
villa 1
visitor 1
visitor 1
visitor 1
visitor 1
visitor 1
visitor 1
visitor 1
visitor 1
visitor 1
visitor 1
visitor 1
visitor 1
visitor 1
visitor 1
visitor 1
visitor 1
visitor 1
visitor 1
visitor 1
visitor 1
visitor 1
visitor 1
visitor 1
visitor 1
visitor 1
visitor 1
visitor 1
wandered 1
wandered 1
wandered 1
wandered 1
wanting 1
wanting 1
wanting 1
warn 1
warn 1
warning 1
warning 1
warning 1
warning 1
warning 1
warning 1
waves 1
wax 1
wax 1
wears 1
weather 1
weather 1
weather 1
weather 1
weather 1
weather 1
wedding 1
wedding 1
wedding 1
wedding 1
wedding 1
wedding 1
wedding 1
wedding 1
wedding 1
wedding 1
wedding 1
wedding 1
wedding 1
wedding 1
wedding 1
wedding 1
wedding 1
wedding 1
wedding 1
wedding 1
wedding 1
week 1
week 1
week 1
week 1
week 1
week 1
week 1
week 1
week 1
week 1
week 1
week 1
week 1
week 1
week 1
week 1
week 1
week 1
week 1
week 1
week 1
week 1
week 1
week 1
week 1
week 1
week 1
western 1
wherever 1
whipcord 1
whipcord 1
whipcord 1
whiskered 1
who 1
who 1
who 1
who 1
who 1
who 1
who 1
who 1
who 1
who 1
who 1
who 1
who 1
who 1
who 1
who 1
who 1
who 1
who 1
who 1
who 1
who 1
who 1
who 1
who 1
who 1
who 1
who 1
who 1
who 1
who 1
who 1
who 1
who 1
who 1
who 1
who 1
who 1
who 1
who 1
who 1
who 1
who 1
who 1
who 1
who 1
who 1
who 1
who 1
who 1
who 1
who 1
who 1
who 1
who 1
who 1
who 1
who 1
who 1
who 1
who 1
who 1
who 1
who 1
who 1
who 1
who 1
who 1
who 1
who 1
who 1
who 1
who 1
who 1
who 1
who 1
who 1
who 1
who 1
who 1
who 1
who 1
who 1
who 1
who 1
who 1
who 1
who 1
who 1
who 1
who 1
who 1
who 1
who 1
who 1
who 1
who 1
who 1
who 1
who 1
who 1
who 1
who 1
who 1
who 1
who 1
who 1
who 1
who 1
who 1
who 1
who 1
who 1
who 1
who 1
who 1
who 1
who 1
who 1
who 1
who 1
who 1
who 1
who 1
who 1
who 1
who 1
who 1
who 1
who 1
who 1
who 1
who 1
who 1
who 1
who 1
who 1
who 1
who 1
who 1
who 1
who 1
who 1
who 1
who 1
who 1
who 1
who 1
who 1
who 1
who 1
who 1
who 1
who 1
who 1
who 1
who 1
who 1
who 1
who 1
who 1
who 1
who 1
who 1
who 1
who 1
who 1
who 1
who 1
who 1
who 1
who 1
who 1
who 1
who 1
who 1
who 1
who 1
who 1
who 1
who 1
who 1
who 1
who 1
who 1
who 1
who 1
who 1
who 1
who 1
who 1
who 1
who 1
who 1
who 1
who 1
who 1
who 1
who 1
who 1
who 1
who 1
who 1
who 1
who 1
who 1
who 1
who 1
who 1
who 1
who 1
who 1
who 1
who 1
who 1
who 1
who 1
who 1
who 1
who 1
who 1
who 1
who 1
who 1
who 1
who 1
who 1
who 1
who 1
who 1
who 1
who 1
who 1
who 1
who 1
who 1
who 1
who 1
who 1
who 1
who 1
who 1
who 1
who 1
who 1
who 1
who 1
who 1
who 1
who 1
who 1
who 1
who 1
who 1
who 1
who 1
who 1
window 1
window 1
window 1
window 1
window 1
window 1
window 1
window 1
window 1
window 1
window 1
window 1
window 1
window 1
window 1
window 1
window 1
window 1
window 1
window 1
window 1
window 1
window 1
window 1
window 1
window 1
window 1
window 1
window 1
window 1
window 1
window 1
window 1
window 1
window 1
window 1
window 1
window 1
window 1
window 1
window 1
window 1
window 1
window 1
window 1
window 1
window 1
window 1
window 1
window 1
window 1
window 1
window 1
window 1
window 1
window 1
window 1
window 1
window 1
window 1
window 1
window 1
window 1
window 1
window 1
window 1
window 1
window 1
window 1
window 1
window 1
window 1
windowsill 1
withdrawn 1
without 1
without 1
without 1
without 1
without 1
without 1
without 1
without 1
without 1
without 1
without 1
without 1
without 1
without 1
without 1
without 1
without 1
without 1
without 1
without 1
without 1
without 1
without 1
without 1
without 1
without 1
without 1
without 1
without 1
without 1
without 1
without 1
without 1
without 1
without 1
without 1
without 1
without 1
without 1
without 1
without 1
without 1
without 1
without 1
without 1
without 1
without 1
without 1
without 1
without 1
without 1
without 1
without 1
without 1
without 1
without 1
without 1
without 1
without 1
without 1
without 1
without 1
without 1
without 1
without 1
without 1
without 1
without 1
without 1
without 1
without 1
without 1
without 1
without 1
without 1
without 1
without 1
without 1
without 1
woke 1
women 1
women 1
women 1
women 1
women 1
women 1
women 1
works 1
works 1
works 1
works 1
works 1
works 1
works 1
works 1
works 1
works 1
works 1
works 1
works 1
works 1
works 1
works 1
works 1
works 1
works 1
works 1
works 1
works 1
works 1
works 1
works 1
works 1
works 1
works 1
works 1
works 1
works 1
works 1
worse 1
worse 1
worse 1
worse 1
worse 1
wrack 1
writers 1
writhing 1
writhing 1
writhing 1
writing 1
writing 1
writing 1
writing 1
writing 1
writing 1
writing 1
writing 1
writing 1
writing 1
writing 1
writing 1
writing 1
writing 1
writing 1
yell 1
yours 1
yours 1
yours 1
yours 1
yours 1
yours 1
yours 1
yours 1
yours 1
yours 1
yours 1
yours 1
yours 1
yours 1
yours 1
