AK 1
Although 1
Although 1
Can 1
Can 1
Christmas 1
Christmas 1
Christmas 1
Contact 1
EBook 1
EBook 1
EBook 1
Even 1
Even 1
F 1
F 1
F 1
F 1
F 1
F 1
F 1
F 1
F 1
F 1
F 1
HAVE 1
However 1
However 1
However 1
IRS 1
Its 1
Its 1
KIND 1
Language 1
MERCHANTIBILITY 1
Mrs 1
Mrs 1
Mrs 1
Mrs 1
Mrs 1
Mrs 1
Mrs 1
Mrs 1
Mrs 1
Mrs 1
My 1
NOTICE 1
Now 1
Now 1
Now 1
Now 1
Now 1
Now 1
Now 1
Now 1
Now 1
Now 1
Now 1
Now 1
Now 1
OTHER 1
One 1
One 1
One 1
One 1
One 1
One 1
One 1
Other 1
Other 1
Out 1
Quickly 1
Refund 1
Replacement 1
Right 1
START 1
START 1
Some 1
Some 1
States 1
States 1
States 1
States 1
States 1
States 1
States 1
States 1
States 1
States 1
Sunday 1
Thus 1
Title 1
Translated 1
Translated 1
Translated 1
Unnecessary 1
With 1
With 1
With 1
With 1
With 1
Yet 1
ability 1
accuse 1
accuse 1
adult 1
affairs 1
aggrieved 1
alarmed 1
allowed 1
allowed 1
allowed 1
allowed 1
allowed 1
amazed 1
amazed 1
amazed 1
amazed 1
answer 1
answer 1
answer 1
answer 1
apart 1
apart 1
apart 1
approach 1
arc 1
arrange 1
arrange 1
assailed 1
ate 1
ate 1
ate 1
attack 1
attack 1
attackers 1
attempted 1
attention 1
attention 1
attention 1
attention 1
attention 1
attention 1
attention 1
attention 1
attention 1
attention 1
attention 1
attention 1
attention 1
attention 1
awkwardly 1
badly 1
badly 1
banister 1
banister 1
bank 1
bank 1
basis 1
beautifully 1
behalf 1
behalf 1
believe 1
believe 1
believed 1
beside 1
beside 1
beside 1
beside 1
beside 1
big 1
big 1
big 1
blow 1
blow 1
boned 1
bottle 1
boy 1
breakfasts 1
breakfasts 1
breathing 1
breathing 1
brown 1
brown 1
brown 1
brown 1
bucketfuls 1
businessman 1
calmer 1
cap 1
cap 1
cap 1
chuck 1
clapping 1
clearer 1
cold 1
cold 1
cold 1
combed 1
comfort 1
comfortably 1
comply 1
comply 1
comply 1
comply 1
comply 1
comply 1
conclusions 1
conclusions 1
conditions 1
confidence 1
confidence 1
confidence 1
confidence 1
confident 1
contact 1
contact 1
contact 1
contact 1
containing 1
containing 1
continuously 1
contrary 1
contrary 1
contrary 1
controlled 1
cook 1
cooking 1
crack 1
crack 1
cross 1
d 1
d 1
d 1
d 1
d 1
d 1
d 1
d 1
d 1
d 1
d 1
d 1
dare 1
dare 1
dare 1
dared 1
dared 1
day 1
day 1
day 1
day 1
day 1
day 1
day 1
day 1
day 1
day 1
day 1
day 1
day 1
day 1
day 1
day 1
day 1
day 1
day 1
day 1
day 1
day 1
day 1
day 1
day 1
day 1
day 1
day 1
decide 1
decision 1
decision 1
decision 1
decision 1
decisive 1
definite 1
deranged 1
diligence 1
dinner 1
dinner 1
dinner 1
dinner 1
directly 1
directly 1
directly 1
dirty 1
discard 1
dish 1
dish 1
dish 1
dish 1
dish 1
dish 1
dish 1
distributing 1
distributing 1
distributing 1
distributing 1
distributing 1
distributing 1
distributing 1
drawn 1
drawn 1
drew 1
drew 1
drew 1
drew 1
drink 1
duties 1
ease 1
employee 1
endearments 1
enormous 1
enormous 1
enormous 1
enormous 1
enormous 1
entrance 1
entrance 1
entrance 1
entrance 1
even 1
even 1
even 1
even 1
even 1
even 1
even 1
even 1
even 1
even 1
even 1
even 1
even 1
even 1
even 1
even 1
even 1
even 1
even 1
even 1
even 1
even 1
even 1
even 1
even 1
even 1
even 1
even 1
even 1
even 1
even 1
even 1
even 1
even 1
even 1
even 1
even 1
even 1
even 1
even 1
even 1
even 1
even 1
even 1
even 1
even 1
even 1
even 1
even 1
even 1
even 1
even 1
even 1
even 1
even 1
even 1
even 1
even 1
even 1
even 1
even 1
even 1
even 1
even 1
even 1
even 1
even 1
even 1
even 1
even 1
even 1
even 1
even 1
even 1
even 1
even 1
even 1
even 1
even 1
evening 1
evening 1
evening 1
evening 1
evening 1
evening 1
evening 1
evening 1
evening 1
evening 1
evening 1
evening 1
evening 1
evening 1
evening 1
evening 1
evening 1
evening 1
expression 1
expression 1
fashion 1
feed 1
feeding 1
feeling 1
feeling 1
feeling 1
few 1
few 1
few 1
few 1
few 1
few 1
few 1
few 1
few 1
few 1
few 1
few 1
file 1
file 1
file 1
fist 1
fist 1
flowers 1
flown 1
forgotten 1
forgotten 1
forgotten 1
forgotten 1
forgotten 1
forgotten 1
formats 1
formats 1
forwards 1
forwards 1
forwards 1
forwards 1
friend 1
froze 1
froze 1
further 1
further 1
further 1
further 1
gained 1
gazing 1
get 1
get 1
get 1
get 1
get 1
get 1
get 1
get 1
get 1
get 1
get 1
get 1
get 1
get 1
get 1
get 1
get 1
get 1
get 1
get 1
get 1
get 1
get 1
get 1
get 1
get 1
get 1
get 1
get 1
get 1
get 1
get 1
get 1
get 1
get 1
get 1
get 1
get 1
get 1
get 1
get 1
get 1
get 1
get 1
girl 1
guessed 1
hang 1
harder 1
harder 1
harder 1
harder 1
harder 1
hazard 1
head 1
head 1
head 1
head 1
head 1
head 1
head 1
head 1
head 1
head 1
head 1
head 1
head 1
head 1
head 1
head 1
head 1
head 1
head 1
head 1
head 1
head 1
head 1
head 1
head 1
head 1
head 1
head 1
head 1
head 1
head 1
head 1
head 1
head 1
head 1
head 1
head 1
head 1
hear 1
hear 1
hear 1
hear 1
hear 1
hear 1
hear 1
hear 1
hear 1
hear 1
hear 1
hear 1
hear 1
hear 1
heavily 1
heavily 1
heavily 1
helped 1
helped 1
hidden 1
hide 1
high 1
high 1
high 1
high 1
holiday 1
holiday 1
hostile 1
housed 1
however 1
however 1
however 1
however 1
however 1
however 1
however 1
however 1
http 1
http 1
http 1
http 1
http 1
http 1
http 1
http 1
hurry 1
hurry 1
hurry 1
ideas 1
imagination 1
implied 1
inedible 1
inflamed 1
inner 1
inseparably 1
inside 1
inside 1
inside 1
itch 1
itch 1
just 1
just 1
just 1
just 1
just 1
just 1
just 1
just 1
just 1
just 1
just 1
just 1
just 1
just 1
just 1
just 1
just 1
just 1
just 1
just 1
just 1
just 1
just 1
just 1
just 1
just 1
just 1
just 1
just 1
just 1
just 1
just 1
just 1
just 1
just 1
just 1
just 1
just 1
just 1
just 1
just 1
just 1
just 1
just 1
just 1
just 1
kiss 1
kitchen 1
kitchen 1
kitchen 1
kitchen 1
kitchen 1
kitchen 1
kitchen 1
kitchen 1
kitchen 1
kitchen 1
kitchen 1
knock 1
knock 1
knock 1
knows 1
lady 1
lady 1
lady 1
lady 1
lamp 1
largely 1
last 1
last 1
last 1
last 1
last 1
last 1
last 1
last 1
last 1
last 1
last 1
laughed 1
lay 1
lay 1
lay 1
lay 1
lay 1
lay 1
lay 1
lay 1
lay 1
lay 1
lay 1
lay 1
lay 1
lay 1
lay 1
lay 1
lay 1
lay 1
lay 1
lazy 1
legally 1
letter 1
lie 1
lie 1
listened 1
listened 1
live 1
live 1
live 1
live 1
locations 1
locations 1
looked 1
looked 1
looked 1
looked 1
looked 1
looked 1
looked 1
looked 1
looked 1
looked 1
looked 1
looked 1
looked 1
looked 1
looked 1
looked 1
looked 1
looked 1
looked 1
looked 1
looked 1
looked 1
looked 1
looked 1
looked 1
looked 1
looked 1
looked 1
looked 1
loudest 1
lover 1
mention 1
misfortune 1
misfortune 1
misfortune 1
modification 1
moment 1
moment 1
moment 1
moment 1
moment 1
moment 1
moment 1
moment 1
moment 1
moment 1
new 1
new 1
new 1
new 1
new 1
new 1
new 1
new 1
new 1
new 1
new 1
new 1
new 1
new 1
new 1
night 1
night 1
night 1
night 1
night 1
night 1
night 1
night 1
night 1
night 1
noise 1
noise 1
noise 1
noise 1
noise 1
noise 1
noise 1
noise 1
observed 1
obviously 1
obviously 1
obviously 1
obviously 1
occur 1
occur 1
onto 1
onto 1
onto 1
onto 1
onto 1
onto 1
onto 1
onto 1
onto 1
onto 1
onto 1
onto 1
onto 1
onto 1
onto 1
onto 1
onto 1
onto 1
onto 1
onto 1
onto 1
originally 1
our 1
our 1
our 1
our 1
our 1
our 1
our 1
our 1
pages 1
peacefully 1
peacefully 1
peacefully 1
peering 1
photograph 1
picked 1
picked 1
picked 1
pitifully 1
pity 1
places 1
planned 1
please 1
please 1
please 1
please 1
please 1
please 1
posture 1
pouring 1
preserve 1
pride 1
pride 1
produce 1
produced 1
produced 1
profit 1
proofread 1
protrusions 1
proud 1
prove 1
pursue 1
quicker 1
quickly 1
quickly 1
quickly 1
quickly 1
quickly 1
quickly 1
quickly 1
quickly 1
quickly 1
quickly 1
quickly 1
quite 1
quite 1
quite 1
quite 1
quite 1
quite 1
quite 1
quite 1
quite 1
quite 1
quite 1
quite 1
quite 1
quite 1
quite 1
quite 1
quite 1
quite 1
quite 1
quite 1
quite 1
quite 1
quite 1
quite 1
quite 1
quite 1
quite 1
quite 1
quite 1
quite 1
quivering 1
rag 1
raise 1
raise 1
raise 1
rather 1
rather 1
rather 1
rather 1
references 1
references 1
refuse 1
relieved 1
remain 1
remain 1
remain 1
remain 1
remarkable 1
repeated 1
repeated 1
repeated 1
reproach 1
reproach 1
respect 1
respect 1
respect 1
respect 1
responded 1
responsibility 1
responsible 1
round 1
round 1
round 1
round 1
round 1
round 1
round 1
round 1
round 1
round 1
round 1
round 1
round 1
round 1
round 1
round 1
round 1
round 1
round 1
round 1
round 1
round 1
round 1
round 1
round 1
rubbed 1
rubbed 1
rush 1
rush 1
rush 1
rush 1
rush 1
sat 1
sat 1
sat 1
sat 1
sat 1
sat 1
sat 1
sat 1
sat 1
sat 1
sat 1
sat 1
sat 1
sat 1
screamed 1
screamed 1
screamed 1
search 1
seem 1
seem 1
seem 1
seem 1
seeming 1
sense 1
serious 1
serious 1
serious 1
serious 1
serious 1
serious 1
serious 1
shabbier 1
showed 1
showed 1
showed 1
sighs 1
simultaneously 1
sitting 1
sitting 1
sitting 1
six 1
six 1
six 1
slid 1
slid 1
slid 1
sliding 1
slightly 1
slightly 1
slightly 1
slightly 1
slightly 1
slightly 1
slightly 1
slightly 1
slumber 1
smaller 1
smaller 1
smoking 1
someone 1
someone 1
someone 1
someone 1
someone 1
sometimes 1
sometimes 1
sometimes 1
sometimes 1
sometimes 1
sounded 1
sounded 1
space 1
space 1
specific 1
spin 1
step 1
stranger 1
stranger 1
stuff 1
subject 1
subject 1
supported 1
survive 1
sweep 1
swinging 1
thing 1
thing 1
thing 1
thing 1
thing 1
thing 1
thing 1
thing 1
thing 1
thing 1
thing 1
thoughts 1
thoughts 1
thoughts 1
thoughts 1
threat 1
threatened 1
threatened 1
three 1
three 1
three 1
three 1
three 1
three 1
three 1
three 1
three 1
three 1
three 1
three 1
three 1
three 1
three 1
three 1
three 1
three 1
three 1
three 1
three 1
three 1
three 1
three 1
three 1
throwing 1
thus 1
tickle 1
touched 1
touched 1
touched 1
touched 1
trapped 1
trembling 1
trembling 1
tried 1
tried 1
tried 1
tried 1
tried 1
tried 1
tried 1
tried 1
tried 1
tried 1
tried 1
tried 1
trips 1
tug 1
tug 1
twice 1
twice 1
two 1
two 1
two 1
two 1
two 1
two 1
two 1
two 1
two 1
two 1
two 1
two 1
two 1
two 1
two 1
two 1
two 1
two 1
two 1
two 1
two 1
two 1
two 1
two 1
two 1
two 1
uncontrollable 1
underneath 1
unlike 1
unnatural 1
unsure 1
untidiness 1
upwards 1
useless 1
vain 1
variety 1
vertical 1
volunteer 1
walks 1
waste 1
waste 1
waste 1
ways 1
ways 1
web 1
web 1
web 1
went 1
went 1
went 1
went 1
went 1
went 1
went 1
went 1
went 1
went 1
went 1
went 1
went 1
went 1
went 1
went 1
went 1
went 1
went 1
went 1
went 1
went 1
went 1
went 1
went 1
went 1
went 1
went 1
went 1
went 1
went 1
went 1
what 1
what 1
what 1
what 1
what 1
what 1
what 1
what 1
what 1
what 1
what 1
what 1
what 1
what 1
what 1
what 1
what 1
what 1
what 1
what 1
what 1
what 1
what 1
what 1
what 1
what 1
what 1
what 1
what 1
what 1
what 1
what 1
what 1
what 1
what 1
what 1
what 1
what 1
what 1
what 1
what 1
what 1
what 1
what 1
what 1
what 1
what 1
what 1
what 1
what 1
what 1
what 1
what 1
what 1
what 1
what 1
what 1
what 1
what 1
what 1
what 1
what 1
whatsoever 1
whatsoever 1
whatsoever 1
whistled 1
widest 1
widest 1
wild 1
with 1
with 1
with 1
with 1
with 1
with 1
with 1
with 1
with 1
with 1
with 1
with 1
with 1
with 1
with 1
with 1
with 1
with 1
with 1
with 1
with 1
with 1
with 1
with 1
with 1
with 1
with 1
with 1
with 1
with 1
with 1
with 1
with 1
with 1
with 1
with 1
with 1
with 1
with 1
with 1
with 1
with 1
with 1
with 1
with 1
with 1
with 1
with 1
with 1
with 1
with 1
with 1
with 1
with 1
with 1
with 1
with 1
with 1
with 1
with 1
with 1
with 1
with 1
with 1
with 1
with 1
with 1
with 1
with 1
with 1
with 1
with 1
with 1
with 1
with 1
with 1
with 1
with 1
with 1
with 1
with 1
with 1
with 1
with 1
with 1
with 1
with 1
with 1
with 1
with 1
with 1
with 1
with 1
with 1
with 1
with 1
with 1
with 1
with 1
with 1
with 1
with 1
with 1
with 1
with 1
with 1
with 1
with 1
with 1
with 1
with 1
with 1
with 1
with 1
with 1
with 1
with 1
with 1
with 1
with 1
with 1
with 1
with 1
with 1
with 1
with 1
with 1
with 1
with 1
with 1
with 1
with 1
with 1
with 1
with 1
with 1
with 1
with 1
with 1
with 1
with 1
with 1
with 1
with 1
with 1
with 1
with 1
with 1
with 1
with 1
with 1
with 1
with 1
with 1
with 1
with 1
with 1
with 1
with 1
with 1
with 1
with 1
with 1
with 1
with 1
with 1
with 1
with 1
with 1
with 1
with 1
with 1
with 1
with 1
with 1
with 1
with 1
with 1
with 1
with 1
with 1
with 1
with 1
with 1
with 1
with 1
with 1
with 1
with 1
with 1
with 1
with 1
with 1
with 1
with 1
with 1
with 1
with 1
with 1
with 1
with 1
with 1
with 1
with 1
with 1
with 1
with 1
with 1
with 1
with 1
with 1
with 1
with 1
with 1
with 1
with 1
with 1
with 1
with 1
with 1
with 1
with 1
with 1
with 1
with 1
with 1
with 1
with 1
with 1
with 1
with 1
with 1
with 1
with 1
with 1
with 1
with 1
with 1
with 1
with 1
with 1
withdraw 1
won 1
won 1
worked 1
worked 1
